銀蘭祭初日は見事に晴れて、\nみんなの顔も、すごく晴れやかだった。%K%P
银兰祭初日的天气非常晴朗，\n大家的脸洋溢着灿烂的笑容。%K%P
今日のメインイベントは、言うまでもなく、\n{連弾:デュオ}{舞闘:カデンツァ}トーナメントの決勝戦。%K%P
今天的重头戏不必多说，\n是{协力:二重奏}{舞斗:华彩乐}的总决赛。%K%P
それまではノーブルもセンシブルも、\nみんなそれぞれ、思い思いにお祭りを満喫中だ。%K%P
在比赛之前，诺博尔和圣森博尔的大家，\n都在尽情享受着节日。%K%P
そしてオレは、みんなを満喫させる側で――、%K%P
而我呢，正在为他人的欢乐做贡献——%K%P
%LC陽菜・杏奈
%LC阳菜・杏奈
「ようこそ、我が麗しの姫」%K%P
「欢迎光临，我美丽的公主」%K%P
%LC陽菜
%LC阳菜
「さあ、お手をどうぞ。席までご案内します」%K%P
「来，请把手伸给我吧。让我带您到座位上」%K%P
%LCセンシブル学生Ａ
%LC圣森博尔的学生Ａ
「はっ、はひっ……」%K%P
「哈啊~哈咿……❤」%K%P
%LC杏奈
%LC杏奈
「本日は姫のため、お茶とお菓子を用意しました。\n　心ゆくまでご堪能ください」%K%P
「今天为公主准备了茶和点心。\n　请尽情享用」%K%P
%LCセンシブル学生Ｂ
%LC圣森博尔的学生Ｂ
「はわわわわっ……」%K%P
「哇啊啊啊啊……」%K%P
%LC陽菜
%LC阳菜
「姫？　どうかなさいましたか？」%K%P
「公主？　请问有什么能效劳的吗？」%K%P
%LCセンシブル学生Ｂ
%LC圣森博尔的学生Ｂ
「いっ、いえ、お二方とも素敵な騎士様で、\n　恥ずかしながら、卒倒しそうになってしまって」%K%P
「没，没有，两位都是很棒的骑士啊，\n　不好意思，差点激动地晕倒了」%K%P
%LC陽菜
%LC阳菜
「お褒めいただき、恐悦至極に存じます」%K%P
「承蒙您的赞言，在下不胜惶恐」%K%P
%LC陽菜
%LC阳菜
「ですが、卒倒するときはどうか私の腕の中で。\n　でなければ支えることができませんので」%K%P
「不过，晕倒时请依偎在我的臂弯里吧。\n　不然怕贵体摔伤了哦」%K%P
%LCセンシブル学生Ａ
%LC圣森博尔的学生Ａ
「ああっ、トゥンクっ……」%K%P
「啊啊~心动了……❤」%K%P
%LC杏奈
%LC杏奈
「もう、陽菜ちゃんっ。\n　さすがにやりすぎっ……！」%K%P
「真是的，阳菜酱。\n　做过头了吧……！」%K%P
%LC陽菜
%LC阳菜
「でも、こういうお祭りでのサービスは、\n　過剰なほうが受けがいいって、美実様が」%K%P
「但是，"在如此节日里，定要倾力服务哦"，\n　这是美实大人说的」%K%P
%LC杏奈
%LC杏奈
「ぐっ……もおっ、あの人はぁっ」%K%P
「咕……真是的，是那家伙啊！」%K%P
%LC陽菜
%LC阳菜
「けど、そのアドバイスのおかげで、\n　朝から満員御礼でしょ？」%K%P
「不过，多亏了她的提醒，\n　今天一大早就客人爆满了吧？」%K%P
%LC杏奈
%LC杏奈
「そうだけどぉっ……」%K%P
「这倒是的啦……」%K%P
%LC陽菜
%LC阳菜
「拗ねてる杏奈、可愛い」%K%P
「闹别扭的杏奈，真可爱」%K%P
%LC杏奈
%LC杏奈
「ッッ～～～～……！！」%K%P
「咿呀~呜呜呜……！！」%K%P
%LC陽菜
%LC阳菜
「ふふっ。……っと、ほら、\n　新しいお姫様がいらっしゃったよ」%K%P
「呼呼……啊，你看，\n　新的公主大人来了哦」%K%P
%LC杏奈
%LC杏奈
「わっ……んと、凜々しく、凜々しく――」%K%P
「哇……这个，帅气一点，帅气一点——」%K%P
%LC陽菜・杏奈
%LC阳菜・杏奈
「ようこそ、姫。さあ、お手をどうぞ」%K%P
「欢迎光临，来，请把手伸给我吧」%K%P
――と、こんな感じで、\n騎士カフェは朝から大盛況だった。%K%P
——嗯，大概就是这样了，\n骑士咖啡馆从早上开始就生意兴隆。%K%P
お客さんの大半はセンシブルの子たちで、みんな、\n{騎士:ワルキュリア}のエスコートに大興奮＆大好評。%K%P
大部分客人都是圣森博尔的学生，\n大家都对{骑士:Valkyria}的护送服务非常兴奋&好评如潮。%K%P
その評判はあっという間に広まり、\nオレも杏奈ちゃんも、休む暇なく大忙し。%K%P
这个评价瞬间就传开了，于是，\n我和杏奈酱都忙得没有休息的时间了。%K%P
結果、予想よりもかなり早い段階で、\n提供するお茶とお菓子がなくなってしまって。%K%P
结果，我们提供的茶和点心，\n比预想的时间要早很多卖完。%K%P
次を最後のお客さんにして店じまい、という\n段になって現れたのは、思いがけない人物だった。%K%P
在送走最后一位客人，快要打烊的时候，\n来了一个意想不到的人。%K%P
%LC睦月
%LC睦月
「ごきげんよう、陽菜さん」%K%P
「贵安，阳菜同学」%K%P
%LC陽菜
%LC阳菜
「睦月さん……」%K%P
「睦月同学……」%K%P
最後のお客さんは、本物の姫――、\n{歌姫:ディーバ}のつーちゃんだった。%K%P
最后的客人，是真正的公主——\n作为{歌姬:Diva}的睦酱。%K%P
%LC睦月
%LC睦月
「素敵なカフェがあると聞いて、\n　気になって覗きに来てみたんです」%K%P
「听说这里有一家很棒的咖啡馆，\n　我很好奇，就过来看看了」%K%P
%LC睦月
%LC睦月
「そうしたら、運良く滑り込みで、\n　最後のお客さんになれたようで」%K%P
「我很幸运呢，在这个时候进来，\n　成了最后一位客人」%K%P
%LC陽菜
%LC阳菜
「そうだったんだ……じゃなくて、えっと――」%K%P
「这样子啊……啊不对，这个——」%K%P
%LC陽菜
%LC阳菜
「ようこそ、我が麗しの姫」%K%P
「欢迎光临，我美丽的公主」%K%P
%LC睦月
%LC睦月
「くすっ、その格好と挨拶が、\n　このカフェのコンセプトなんですね」%K%P
「呼呼~这样的打扮，以及行礼，\n　看来就是这家咖啡馆的招牌呢」%K%P
%LC陽菜
%LC阳菜
「ご慧眼です。席へご案内しますので、\n　お手をどうぞ、{歌姫:ディーバ}」%K%P
「您独具慧眼呢。让我带您到座位上吧，\n　请把手伸给我吧，{歌姫:Diva}」%K%P
%LC睦月
%LC睦月
「まあ、ありがとうございます」%K%P
「嘛~谢谢你哦」%K%P
恭しく差し出したオレの手に、\n自らの手をそっと乗せるつーちゃん。%K%P
睦酱把自己的手轻轻地，\n搭在了我恭恭敬敬伸出来的手上。%K%P
握るとき、少し緊張してしまう。%K%P
握住的时候，有点紧张。%K%P
%LC睦月
%LC睦月
「ところで、杏奈さんはいないんですか？\n　ご一緒に騎士をされていると聞いたんですが」%K%P
「话说回来，杏奈同学不在吗？\n　我听说她和你一起扮演骑士的」%K%P
%LC陽菜
%LC阳菜
「杏奈ちゃん……ではなくて、えと、\n　騎士杏奈は現在、斥候中で――」%K%P
「杏奈酱……啊不对，那个，\n　骑士杏奈现在，正在探查情报——」%K%P
%LC睦月
%LC睦月
「無理せず普段の口調で構いませんよ」%K%P
「不要勉强，用平常的语气就可以了哦」%K%P
%LC睦月
%LC睦月
「むしろ、いつもの陽菜さんの声のほうが、\n　落ち着くというか……好き、なので」%K%P
「好像，平时阳菜酱称呼她的声音，\n　会更加平静些……是因为喜欢吗」%K%P
%LC陽菜
%LC阳菜
「あ……うん」%K%P
「啊……嗯」%K%P
出し抜けに好きと言われ、思わず固まる。%K%P
突然被说"是不是喜欢"，我不由得僵住了。%K%P
%LC陽菜
%LC阳菜
「杏奈ちゃんは退席中だよ。じき戻ると思う」%K%P
「杏奈酱正在幕后哦。我想很快就会回来的」%K%P
本当はお手洗いに行ったんだけど、\nわざわざ言及するのも、双方に申し訳ない。%K%P
其实她是去上厕所了，但要是冒然说出来，\n对双方都很尴尬。%K%P
%LC睦月
%LC睦月
「そうですか……。\n　では、せっかくなのでお尋ねします」%K%P
「这样啊……\n　那么，难得有机会，我询问一下」%K%P
%LC睦月
%LC睦月
「陽菜さんは杏奈さんのこと、好きですか？」%K%P
「阳菜同学，你喜欢杏奈同学吗？」%K%P
%LC陽菜
%LC阳菜
「え……？　なっ、なに、急に」%K%P
「诶……？　什，什么，突然就」%K%P
%LC睦月
%LC睦月
「杏奈さんとは寮でよくお話をするんですが、\n　最近の彼女は、陽菜さんの事ばかり話すんです」%K%P
「我和杏奈同学经常在宿舍里聊天，\n　最近的她，总是在说阳菜同学的事」%K%P
%LC睦月
%LC睦月
「とくにエンゲージしてからは、\n　あなたのことを語らない日はないほどで」%K%P
「特别是"订婚"之后，\n　几乎没有一天不提到你的」%K%P
%LC睦月
%LC睦月
「彼女と話していると、伝わってくるんです。\n　陽菜さんのことを好きだという気持ちが」%K%P
「和她说话的时候，我就感觉到了，\n　她喜欢阳菜同学的心情」%K%P
%LC睦月
%LC睦月
「それで、陽菜さんのほうはどうなのかなって、\n　気になってしまって」%K%P
「那么，阳菜同学对此是怎么看的呢？\n　我挺在意的呢」%K%P
%LC陽菜
%LC阳菜
「なんだ、そういうこと……」%K%P
「什么嘛，原来是这种事……」%K%P
一瞬ドキッとしたけど、理由を聞いて納得する。%K%P
虽然那一瞬间被吓了一跳，但听了理由就明白了。%K%P
杏奈ちゃんは去年までセンシブルに通っていて、\nつーちゃんとも仲が良かったと言っていたし。%K%P
杏奈酱到去年为止都在圣森博尔就读，\n也说过和睦酱的关系很好。%K%P
ふたりとも寮生だから、放課後や休日に\n話す機会があっても不思議じゃない。%K%P
两个人都是住宿生，放学后和休息日，\n有说话的机会并不奇怪。%K%P
それにしても杏奈ちゃん、\n普段からオレのことを回りに話してるなんて――、%K%P
话说回来，杏奈酱竟然，\n平时都在跟周围的人说我的事——%K%P
……ヤバい。嬉しくて、頬が緩む。%K%P
……糟糕。高兴得脸松弛下来了。%K%P
%LC陽菜
%LC阳菜
「杏奈ちゃんのことは、大好きだよ。\n　私の一番大切な人だから」%K%P
「我最喜欢杏奈酱了哦。\n　他是我最重要的人」%K%P
%LC陽菜
%LC阳菜
「でも、ちょっと意外かも。\n　睦月さんがそういうこと気にするなんて」%K%P
「但是，有点意外呢。\n　睦月同学竟然会在意这种事」%K%P
%LC陽菜
%LC阳菜
「他人のプライバシーとかプライベートとか、\n　あまり詮索しないほうだと思ってたから」%K%P
「我一直觉得你不太会去，\n　追究别人的隐私和私生活呢」%K%P
%LC睦月
%LC睦月
「そう、ですね……。自分でも、\n　私は本来、そういうタイプだと思います」%K%P
「确实，是这样……我自己也觉得，\n　我本来应该是这种类型的」%K%P
%LC睦月
%LC睦月
「でも、どうしてか気になってしまって」%K%P
「但是，不知道为什么特别在意」%K%P
%LC睦月
%LC睦月
「もしかすると、あなたが例の男の子と\n　似ているからかもしれませんね」%K%P
「也许是因为，\n　你和那个男孩子很像吧」%K%P
苦笑気味に微笑むつーちゃんの言葉に、\n少し切なくなり、同時に、ドキっとなってしまう。%K%P
听了睦酱带着苦涩微笑的话，\n我有些难过，同时也感到了震惊。%K%P
%LC睦月
%LC睦月
「ちなみに陽菜さんは、\n　杏奈さんのどこが好きなんですか？」%K%P
「顺便说一下，阳菜同学，\n　你喜欢杏奈的哪一点呢？」%K%P
%LC陽菜
%LC阳菜
「それは、えっと……」%K%P
「这个，怎么说呢……」%K%P
言われてすぐに思い浮かんだのは、頑張る姿。%K%P
被这么一说，我第一个想到的是，她努力的样子。%K%P
他にも、喜怒哀楽、さまざまな表情が浮かぶ。%K%P
还有她的喜怒哀乐，以及各种各样的表情。%K%P
その中にはもちろん、えっちな彼女もいて――、%K%P
当然，其中包括她H的部分——%K%P
%LC陽菜
%LC阳菜
「……一言では、言えないかも」%K%P
「……一言可能难以形容」%K%P
%LC睦月
%LC睦月
「ふふっ、杏奈さんと同じことを言うんですね」%K%P
「呼呼~杏奈同学也说了同样的话呢」%K%P
%LC陽菜
%LC阳菜
「そうなの？」%K%P
「这样吗？」%K%P
%LC睦月
%LC睦月
「はい。陽菜さんの魅力は一言では言えない。\n　許してもらえるなら、いくらでも語りたいって」%K%P
「是啊。她说，阳菜同学的魅力无法用一句话来形容。\n　如果我容许的话，她能滔滔不绝地讲下去呢」%K%P
%LC陽菜
%LC阳菜
「確かに言いそう」%K%P
「哈哈，确实很像她会说的」%K%P
言ってる姿がすぐに想像できて、思わず笑う。%K%P
我立刻想象出了她说话的样子，不由得笑了。%K%P
どこが可愛いとか、どこが好みだとか――、\n好きな人の話って誰かに聞いてほしいもので。%K%P
哪个很可爱啦，喜欢哪里啦——\n对于喜欢的人的话，总会想打听打听的。%K%P
世間ではそれを、惚気話というに違いない。%K%P
世间常有的，打情骂俏、如梦如痴。%K%P
%LC睦月
%LC睦月
「よかったらそのあたりのこと、\n　詳しくお伺いしてもいいですか？」%K%P
「如果可以的话，\n　能详细地问下"那方面"的事吗？」%K%P
%LC陽菜
%LC阳菜
「惚気話が聞きたいってこと？」%K%P
「是想听我们的打情骂俏吗？」%K%P
%LC睦月
%LC睦月
「有り体にいえば、そうなりますね」%K%P
「诚实地说，我确实想听呢」%K%P
%LC陽菜
%LC阳菜
「なら、杏奈ちゃんが戻ってくるまでね。\n　本人に聞かれるのは、少し恥ずかしいから」%K%P
「那么，在杏奈酱回来前聊完吧。\n　要是被她本人撞见了，多少有点不好意思」%K%P
そうしてオレは、つーちゃんと話をした。%K%P
然后，我和睦酱说了聊了一会。%K%P
つーちゃんはつーちゃんで、センシブル時代の\n杏奈ちゃんのエピソードを色々と教えてくれて。%K%P
睦酱的话，告诉了我很多，\n杏奈酱圣森博尔时期的趣事。%K%P
初恋の相手とこんなことを話す日が訪れるなんて、\n夢にも思わなかったけど――、%K%P
我做梦也没想到，会有这样的一天，\n和自己的初恋聊着这些话——%K%P
話していてなにより強く思ったのは、\nオレは杏奈ちゃんが大好きなんだってことだった。%K%P
聊天的过程中，我很喜欢杏奈酱的想法，\n变得愈加浓烈。%K%P
その後、少しして杏奈ちゃんが戻ってきて、\n騎士カフェは無事、早めの店じまい。%K%P
过了一会儿，杏奈酱回来了。\n骑士咖啡馆由于无事可做，就提前打烊了。\n（其实杏奈一直在看着阳菜和睦月聊天）%K%P
接客役のオレと杏奈ちゃんは、みんなに労われ、\n後片付けは免除となり、自由時間を手に入れた。%K%P
负责接待客人的我和杏奈酱，在大家的代劳下，\n免除了接下来收拾工作，获得了些自由时间。%K%P
%LC陽菜
%LC阳菜
「杏奈ちゃん、見たいものとかある？」%K%P
「杏奈酱，有想看的地方嘛？」%K%P
%LC杏奈
%LC杏奈
「……」%K%P
「……」%K%P
%LC陽菜
%LC阳菜
「杏奈ちゃん。杏奈ちゃん？」%K%P
「杏奈酱。杏奈酱？」%K%P
%LC杏奈
%LC杏奈
「あっ、え？　なに？」%K%P
「啊，诶？　什么？」%K%P
%LC陽菜
%LC阳菜
「見たいところある？　って聞いたんだけど……。\n　さすがに疲れちゃった？」%K%P
「"有想看的地方嘛？"　我刚刚说了这个……\n　已经很累了吗？」%K%P
%LC杏奈
%LC杏奈
「ううん、そんなに疲れてないよ。\n　ちょっと考えごとしてただけ」%K%P
「不，没有很累哦。\n　只是想了些事情而已」%K%P
%LC陽菜
%LC阳菜
「考えごと？」%K%P
「想了些事情？」%K%P
%LC杏奈
%LC杏奈
「なんでもない。\n　それより、見たいところ、だよね？」%K%P
「没什么的啦。比起这个，\n　刚刚是说想看的地方，对吧？」%K%P
%LC杏奈
%LC杏奈
「私はとくにないんだけど、陽菜ちゃんは？」%K%P
「我没什么特别想看的，阳菜酱呢？」%K%P
%LC陽菜
%LC阳菜
「実は、私も」%K%P
「其实我也是」%K%P
騎士カフェで忙しくなると思っていたから、\n他の出し物とか、あまりチェックしていなかった。%K%P
原以为骑士咖啡馆的工作会很忙，\n所以就没怎么了解其他的活动。%K%P
%LC陽菜
%LC阳菜
「じゃあ、ちょっと早いけど、\n　テアトルに行こっか」%K%P
「那么，虽然现在有点早，\n　我们去剧院吧」%K%P
%LC陽菜
%LC阳菜
「時間ギリギリだと、前の方のいい席、\n　埋まっちゃってると思うし――」%K%P
「要是压着时间去的话，前排的好座位，\n　估计都会被占了——」%K%P
%LC宗千佳
%LC宗千佳
「陽菜、杏奈っ！」%K%P
「阳菜，杏奈！」%K%P
%LC杏奈
%LC杏奈
「千佳姉……じゃない、先生。\n　どうしたんですか？　そんなに慌てて」%K%P
「千佳姐姐……啊不对，老师。\n　怎么了吗？　这么慌张」%K%P
%LC宗千佳
%LC宗千佳
「おまえたち、このあと予定は？」%K%P
「你们接下来有什么计划吗？」%K%P
%LC陽菜
%LC阳菜
「それなら、これからテアトルに行って、\n　決勝戦の席をとろうかなって」%K%P
「我们现在，想去剧院里，\n　抢个好点的看决赛的座位」%K%P
%LC宗千佳
%LC宗千佳
「ならちょうどいい。\n　すまないが一緒に来てくれ」%K%P
「那可正好赶上了。\n　不好意思，你们随我来吧」%K%P
%LC宗千佳
%LC宗千佳
「急で悪いが、ふたりとも、\n　このあとテアトルで戦ってくれないか」%K%P
「事发突然，所以很对不起，\n　你俩接下来能在剧院里战斗吗」%K%P
……え？%K%P
……诶？%K%P
%LC陽菜・杏奈
%LC阳菜・杏奈
「ええええええっ？！」%K%P
「欸欸欸欸欸欸？！」%K%P
姉さんに連れられてやってきた控え室には、\n決勝を戦う予定の{騎士:ワルキュリア}たちがいた。%K%P
被姐姐带到了休息室里，除了我们，\n还有准备进行决赛的{骑士:Valkyria}们。%K%P
そんな中、入ってすぐ目を引いたのは、\n梨理ちゃんの手首にある真新しいサポーターだ。%K%P
其中，一进门就吸引了我的目光的，\n是梨理酱手腕上新绑的绷带。%K%P
%LC美実
%LC美实
「急にごめんね、ふたりとも」%K%P
「突然把你们叫过来，抱歉二位」%K%P
%LC陽菜
%LC阳菜
「いえ。ここにくる道すがら、\n　だいたいの事情は聞きましたから」%K%P
「不用道歉。来这里的路上，\n　大概的情况我们都听过了」%K%P
姉さんの説明によると、１時間ほど前、\n梨理ちゃんの捻挫が発覚したそうだ。%K%P
姐姐和我们说明过了，大约1小时前，\n她发现梨理酱的手扭伤了。%K%P
発覚した、という表現なのは、\n実際に怪我をしたのが昨日だったから。%K%P
之所以用"发现"这个词，\n是因为实际上是在昨天受伤的。%K%P
昨日、トレーニング中に転んだ梨理ちゃんは、\n手をついたとき捻ってしまったという。%K%P
昨天，在训练中摔倒的梨理酱，\n手在撑起身子时扭到了。%K%P
『怪我をしていると知られたら、\n　決勝戦に出られなくなるかもしれない――』%K%P
『如果被知道受伤了，\n　也许就不能参加决赛了——』%K%P
そう考えた梨理ちゃんは、\n怪我を隠し、決勝戦に出ようとして。%K%P
这样想着的梨理酱，隐瞒了受伤情况，\n想要参加决赛。%K%P
様子がおかしいことを訝しんだ姉さんが\n怪我を見抜き、治療を受けさせたとのことだ。%K%P
但姐姐发现了情况不对，觉得很惊讶，\n就把她送去接受治疗了。%K%P
%LC美実
%LC美实
「まったく、この子ってば無理して」%K%P
「真是的，这孩子太勉强自己了」%K%P
%LC梨理
%LC梨理
「だって」%K%P
「因为」%K%P
%LC美実
%LC美实
「だってじゃないの。梨理が嘘つくから、\n　こんなことになってるんでしょ？」%K%P
「"因为"个啥呀。就因为梨理说谎了，\n　才会变成这样的吧？」%K%P
%LC梨理
%LC梨理
「嘘じゃないし。\n　このぐらい、怪我のうち入らない――」%K%P
「我没有说谎。\n　这种程度的伤，还不至于——」%K%P
%LC美実
%LC美实
「ていっ」%K%P
「我敲！」%K%P
%LC梨理
%LC梨理
「いたっ」%K%P
「好痛」%K%P
%LC美実
%LC美实
「やせ我慢して。軽くペチってしてそれじゃ、\n　クレールや依夜の攻撃なんて受けられないでしょ」%K%P
「这就忍不了了。只是轻轻碰一下都这样，\n　更别提受到克莱尔和依夜的攻击了，对吧」%K%P
%LC梨理
%LC梨理
「でも……私、試合に出たい。\n　今日のために練習してきたのに――」%K%P
「但是……我，想参加比赛。\n　明明是为了今天才一直练习的——」%K%P
%LC陽菜
%LC阳菜
「ダメだよ、梨理ちゃん。無理をしちゃ」%K%P
「不行的哦，梨理酱。不要勉强」%K%P
%LC陽菜
%LC阳菜
「気持ちはわかるけど……そんな状態じゃ、\n　勝っても負けても納得できないでしょ？」%K%P
「你的心情我能理解……但在这种状态下，\n　无论输赢都得不偿失吧？」%K%P
負けたら怪我のせいにしてしまうし、万一勝てても、\n相手に情けをかけられたかもって考えてしまう。%K%P
输了就会归咎于受伤，即便万一赢了，\n也会认为是对方对自己的仁慈。%K%P
どちらにせよ、悔いが増すだけだ。%K%P
不管怎样，只会增加悔恨。%K%P
%LC美実
%LC美实
「陽菜ちゃんの言うことはもっともだし。\n　今回は私たちの不戦敗ってことで、ね？」%K%P
「阳菜酱说得很有道理。\n　所以这次是我们的不战而败，对吧？」%K%P
%LC梨理
%LC梨理
「今回って……お姉ちゃん、３年なのに――」%K%P
「这次……姐姐，已经3年级了——」%K%P
%LC美実
%LC美实
「私は{最優秀騎士:ブリランテ}って名誉より、\n　梨理のほうが大事なの。いい加減わかんなさい」%K%P
「我的话，比起{至高骑士:Brillante}的名誉，\n　还是梨理更重要哦。懂我意思了吧」%K%P
%LC美実
%LC美实
「第一、怪我した妹に無理させたとあっちゃ、\n　それこそ銀蘭の騎士の名折れだってば」%K%P
「最主要的，让受伤的妹妹勉强自己来战斗，\n　这可有损银兰骑士的名声啊」%K%P
%LC依夜
%LC依夜
「私たちと戦いたいなら、きちんと怪我を治して。\n　それから、日を改めて試合をしましょう？」%K%P
「如果你想和我们战斗，就先好好养伤吧。\n　改日我们再比赛一次吧？」%K%P
%LC宗千佳
%LC宗千佳
「そうだな。今回は状況が状況だ。\n　後日、試合が出来るよう取り計らおう」%K%P
「是啊。这次的情况就是这样了。\n　日后，再来比赛一场吧」%K%P
%LC梨理
%LC梨理
「…………わかりました。決勝、辞退します」%K%P
「…………我明白了。决赛，我退出」%K%P
%LC美実
%LC美实
「よしっ、いいこいいこ」%K%P
「很好，乖孩子乖孩子~」%K%P
%LC梨理
%LC梨理
「なっ……もうっ、\n　子供扱いしないでってばっ」%K%P
「什……真是的，\n　别把我当小孩子啊」%K%P
美実様に頭を撫でられた梨理ちゃんが、\n照れくさそうに声をあげて。%K%P
梨理酱被美实大人摸了摸头，\n不好意思地叫出了声。%K%P
そこでやっと、緊迫していた場の空気が和む。%K%P
这时，紧张的气氛终于缓和下来。%K%P
%LC宗千佳
%LC宗千佳
「梨理のほうが片付いたところで、\n　陽菜たちをここへ連れてきた用件だが――」%K%P
「梨理这边刚打点好，\n　然后就把阳菜你们带到这里来了——」%K%P
%LC杏奈
%LC杏奈
「戦ってほしいって言ってましたけど、\n　私たち、美実様たちの代役ってことですか？」%K%P
「虽然说确实希望能战斗啦，\n　但现在我们不就是美实大人她们的替身吗？」%K%P
%LC宗千佳
%LC宗千佳
「厳密に言うと、少し違う」%K%P
「严格来说，有点不一样」%K%P
%LC宗千佳
%LC宗千佳
「陽菜と杏奈のふたりには、それぞれ、\n　依夜とクレールのどちらかと組んでもらう」%K%P
「就这样吧，阳菜和杏奈两人打一场，\n　和依夜和克莱尔两人打一场」%K%P
%LC宗千佳
%LC宗千佳
「これから行うのは、決勝戦を楽しみにしていた\n　学生に楽しんでもらうことが目的の特別試合だ」%K%P
「接下来要进行的决赛，\n　目的是让期待决赛的学生们能够享受其中」%K%P
%LC宗千佳
%LC宗千佳
「であれば、初戦と同じ組み合わせで戦うよりも、\n　変化があったほうが面白みが増すし――」%K%P
「这样的话，和第一场比赛的分组一样，\n　但像这样打破常规，会更有趣些——」%K%P
%LC宗千佳
%LC宗千佳
「なにより、この場にいる全員、\n　自分のパートナーと戦ってみたいだろう？」%K%P
「最重要的是，在场的所有人，\n　都想和自己的搭档打一场吧？」%K%P
不敵すぎるその一言に、\nその場にいた全員の視線が交錯する。%K%P
这句思想超前的话，\n让在场的所有人都互相看了眼。%K%P
%LC依夜
%LC依夜
「私は異存ありません」%K%P
「我没意见」%K%P
%LCクレール
%LC克莱尔
「私も。依夜ちゃんとはもう一度、\n　戦いたいって思っていたし」%K%P
「我也是。我想和依夜酱，\n　再打一场呢」%K%P
%LC陽菜
%LC阳菜
「私たちも……ね？」%K%P
「我们也是……对吧？」%K%P
%LC杏奈
%LC杏奈
「うん。まさか、こんなに早く、\n　再戦の機会が巡ってくるなんて……」%K%P
「嗯。没想到再战的机会，\n　这么快就来了……」%K%P
%LC陽菜
%LC阳菜
「今日は寸止めなしだから」%K%P
「今天可不会"寸止"了哦」%K%P
%LC杏奈
%LC杏奈
「もちろん。全力で戦ってくれないと、\n　本気で拗ねちゃうんだから」%K%P
「当然。不全力战斗的话，\n　我可真的会闹别扭的哦」%K%P
その後、オレたちが準備をしている間に、\n決勝戦を中止する旨が、場内アナウンスされた。%K%P
之后，在我们做准备的时候，\n场内的广播宣布决赛取消。%K%P
みんな、その報せを聞いて落胆していたけど、\n中止の理由が怪我だと判明するやいなや、\n梨理ちゃんを心配する声が、次々とあがって。%K%P
大家听了这个消息都很失望，\n但是当她们得知中止的理由是因为受伤的时候，\n担心梨理酱的声音便多了起来。%K%P
舞台袖にいた梨理ちゃんは、その声を聞いて、\nうつむくように目元を拭っていた。%K%P
站在舞台侧翼的梨理酱，听到这些声音，\n偷偷低下头擦了擦眼睛。%K%P
そして、特別試合開催の発表――。%K%P
然后，公布了特别比赛的消息——%K%P
一足先に壇上に立ったニナさんが参加メンバーの\n発表すると、場内は一気に盛り上がった。%K%P
先一步站在台上的妮娜姐，发布了参加成员的名单，\n场内一下子热烈起来了。%K%P
%LCニナ
%LC妮娜
「じゃあ、特別試合を始める前に……陽菜ちゃん、\n　代表してみんなにご挨拶よろしく」%K%P
「那么，在特别比赛开始之前……阳菜酱，\n　你来作为代表，向大家问个好吧」%K%P
%LC陽菜
%LC阳菜
「えっ……ええっ？！　私がっ？\n　そういうのは依夜様かクレール様じゃ」%K%P
「诶……诶诶？！　我吗？\n　不应该是依夜大人或克莱尔大人吗」%K%P
%LCニナ
%LC妮娜
「いいから。ほら、マイク持って」%K%P
「你就上吧。来，拿着麦克风」%K%P
%LC陽菜
%LC阳菜
「わっ、わわわっ……！？」%K%P
「哇，哇啊啊……！？」%K%P
どうしよう。こんな展開、\nそれこそ聞いてないんだけど――、%K%P
怎么办啊？这样的展开，\n我可没听说哦——%K%P
%LC客席Ａ
%LC观众Ａ
「きゃあーっ！　陽菜様ぁー！\n　明日も絶対、騎士カフェにお伺いしますーっ！」%K%P
「咿呀啊啊啊——！　阳菜大人——！\n　明天我也一定去骑士咖啡馆——！」%K%P
%LC客席Ｂ
%LC观众Ｂ
「私もー！　また姫って呼んでくださいーっ！」%K%P
「我也是！　请再叫我一次公主哦——！」%K%P
%LC客席Ｃ
%LC观众Ｃ
「陽菜さまーっ！　大好きーっ！」%K%P
「阳菜大人——！　最喜欢您了——！」%K%P
%LC客席Ｄ
%LC观众Ｄ
「私もカフェで大ファンになりましたー！\n　お慕いしてますーっ！」%K%P
「我现在也是咖啡馆的超级粉丝！\n　我仰慕您啊啊——！」%K%P
マイクを持ったまま固まっていたら、\n次々に飛んでくる、黄色い声援の数々。%K%P
我拿着麦克风僵在原地，\n只听见她们的声援，一个接一个地飞过来。%K%P
よく見れば、手を振る女の子たちはみんな、\n騎士カフェにやってきてくれた子たちだった。%K%P
仔细一看，朝我挥手的女孩子，\n好像都来过骑士咖啡馆。%K%P
%LC陽菜
%LC阳菜
「えっと……声援、ありがとうございます。\n　いい試合を見せられるように頑張ります」%K%P
「那个……谢谢大家的声援。\n　我会努力让大家看到一场精彩的比赛的」%K%P
%LC客席一同
%LC观众们
%XS20「「きゃああああああーっ！」」%XE%K%P
%XS20「「咿呀啊啊啊啊啊啊啊啊——！」」%XE%K%P
無難な挨拶のあと手を振ったら、\nホールを揺るがすほどの、黄色い大歓声。%K%P
简单的寒暄之后，我朝她们挥了挥手，\n黄色的欢呼声仿佛撼动了整个大厅。%K%P
しかし、声援はそれで終わらなかった。%K%P
但是，声援并没有就此结束。%K%P
%LC睦月
%LC睦月
「陽菜さん、頑張ってください」%K%P
「阳菜同学，要加油啊！」%K%P
声援が鎮まった一瞬を縫うようにして、\nホールに凜と響く声。%K%P
在声援声平息的一瞬间，\n一道凛然的声音响彻了大厅。%K%P
声がするほうを見れば、\nそこには手を振るつーちゃんの姿が――、%K%P
顺着声音传来的方向看去，\n睦酱正在向我挥手——%K%P
%LC客席Ａ
%LC观众Ａ
「うわっ、うわわっ……？！\n　{歌姫:ディーバ}が陽菜様を応援したっ！？」%K%P
「呜哇，呜哇啊……？！\n　{歌姫:Diva}给阳菜大人声援！？」%K%P
%LC客席Ｂ
%LC观众Ｂ
「{歌姫:ディーバ}直々のエールだなんて……。\n　陽菜様、すごい……っ！」%K%P
「{歌姫:Diva}这么直接地为她声援……\n　阳菜大人，好厉害……！」%K%P
今度はざわざわと、地響きのようにどよめくホール。%K%P
大厅里顿时沙沙作响，像地鸣了一样。%K%P
おそらく他意なく手を振ってくれたんだろうけど、\n他でもない{歌姫:ディーバ}の声援、目立たないわけがない。%K%P
她应该也没有别的意思，只是向我挥手吧，\n但不是别人，而是歌姬的声援，不可能不引人注目。%K%P
%LC杏奈
%LC杏奈
「むぅ……。なんで睦月ちゃん、\n　陽菜ちゃんにだけ声援送ったわけ？」%K%P
「姆……为什么睦月酱，\n　只声援阳菜呢？」%K%P
%LC陽菜
%LC陽菜
「なんでって言われても……。\n　私が聞きたいぐらいなんだけど」%K%P
「你问我为什么……\n　我又去问谁呢」%K%P
%LC杏奈
%LC杏奈
「私がお手洗いに行ってる間に、\n　イチャイチャしてたのと関係あるの？」%K%P
「和我去洗手间的时候，\n　你俩打情骂俏有关系吗？」%K%P
%LC陽菜
%LC阳菜
「イチャイチャって……もしかして、\n　騎士カフェで話してたやつのこと？」%K%P
「打情骂俏……难道你是说，\n　在骑士咖啡馆里和她聊天的事吗？」%K%P
%LC杏奈
%LC杏奈
「そう。教室戻ってきたら、二人して、\n　すっごく楽しそうに話してたでしょ？」%K%P
「是啊。当我回到教室的时候，你们两个，\n　聊得很开心吧？」%K%P
%LC杏奈
%LC杏奈
「しかも、私が戻ってきた途端、\n　なんか気まずそうに話やめてたし……」%K%P
「而且我一回来，\n　你们就很尴尬地不说话了……」%K%P
%LC杏奈
%LC杏奈
「なんだかんだ言って、やっぱり陽菜ちゃん、\n　睦月ちゃんのこと好きなんじゃないの？」%K%P
「不管怎么说，果然阳菜酱你，\n　还是喜欢睦月酱的吧？」%K%P
%LC陽菜
%LC阳菜
「違うから。そもそもあれは、\n　イチャイチャしてたんじゃなくて――」%K%P
「不是的啦。而且那本来，\n　就不是在打情骂俏——」%K%P
%LCニナ
%LC妮娜
「はいっ、お喋りはそこまで」%K%P
「好了，先聊到这里吧」%K%P
事情を説明しようと思った矢先、\nニナさんの仕切りで、杏奈ちゃんと離れ離れに。%K%P
我刚想说明情况，就被妮娜姐挡住，\n和杏奈酱分开了。%K%P
その後、審判役の姉さんが場を引き継いで、\nオレと杏奈ちゃんは、少し離れて向き合った。%K%P
之后，担任裁判的姐姐接过了话头，\n我和杏奈酱稍稍分开，相对而视。%K%P
彼女の目が、むすーっと、じとーっと、\nオレのことを不満げに見つめてくる。%K%P
姆~~~盯~~~，\n她一脸不满地盯着我。%K%P
はやいところ事情を説明して誤解を解きたいけど、\n一旦距離が離れてしまうと、なかなか難しい。%K%P
虽然想尽快说明情况消除误会，\n但被这样拉开距离，就很难做了。%K%P
いま杏奈ちゃんに向かって話しかけたら、\nその会話の内容は、ホール中に筒抜け間違いなしだ。%K%P
如果现在对杏奈酱说话，\n对话的内容会被整个大厅的人知道。%K%P
%LCクレール
%LC克莱尔
「大丈夫？　陽菜ちゃん」%K%P
「没事吧？　阳菜酱」%K%P
この試合のパートナーであるクレール様が、\n心配そうに声をかけてきてくれる。%K%P
这次比赛搭档，\n克莱尔大人担心地和我说话。%K%P
さっきの会話の内容は聞こえずとも、\nぎくしゃくした雰囲気を感じ取ったんだろう。%K%P
就算没听到刚才的对话内容，\n也能感觉到气氛不太融洽吧。%K%P
%LC陽菜
%LC阳菜
「大丈夫です。すみません、試合前に。\n　クレール様は依夜様に集中してください」%K%P
「我没事。对不起呢，在比赛前这样子。\n　克莱尔大人还是集中精神在依夜大人身上吧」%K%P
今回の特別試合、みんなの注目はなんといっても、\n{最優秀騎士:ブリランテ}同士の直接対決だ。%K%P
这次的特别比赛，大家最关注的是，\n{至高骑士:Brillante}之间的直接对决。%K%P
{連弾:デュオ}{舞闘:カデンツァ}のルールに則り、\nこの試合では、依夜様とクレール様が飾緒をつける。%K%P
根据{协力:二重奏}{舞斗:华彩乐}的规则，\n在这场比赛中，依夜大人和克莱尔大人将佩戴饰带。%K%P
ふたりの邪魔だけは、しないようにしないと。%K%P
一定不能打扰到这两位的对决。%K%P
%LC宗千佳
%LC宗千佳
「では、これより特別試合を始める。\n　全員、クラージュ起動」%K%P
「那么，特别比赛现在开始。\n　全员，克拉格启动」%K%P
%LC全員
%LC全员
「アン・ガルド！」%K%P
「En　Garde（准备完毕）！」%K%P
千佳姉の声を合図に、光に包まれ、鎧を纏う。%K%P
以千佳姐姐的声音为信号，\n我们被光芒包围，穿上了铠甲。%K%P
同じく鎧を身に纏った陽菜ちゃんは、\n今日も凜々しく、可愛く、誰よりも素敵だった。%K%P
同样身披铠甲的阳菜酱，\n今天也是威风凛凛、可爱无比，比谁都好看。%K%P
強くて優しくて、どこからどう見ても女の子だけど、\n実は男の子で、だからこそ可愛い陽菜ちゃん。%K%P
坚强又温柔，怎么看都是女孩子。\n但其实是男孩子，因此才可爱的阳菜酱。%K%P
そんな陽菜ちゃんだから、\nみんなの注目を集めてしまうのは当然で。%K%P
正因为是这样的阳菜酱，\n所以吸引大家的目光也是理所当然的。%K%P
センシブルに通うお嬢様たちから、\n黄色い声援を集めてしまうのも当然で。%K%P
当然会得到圣森博尔学生们的热烈声援。%K%P
{歌姫:ディーバ}である睦月ちゃんが、\n陽菜ちゃんにだけ声援を送ったのも当然で――、%K%P
身为{歌姫:Diva}的睦月酱，\n只声援阳菜酱也是理所当然的——%K%P
だから、私は不安になってしまう。%K%P
所以，我才会感到不安。%K%P
陽菜ちゃんが私をすごく好きだってことも、\n私が陽菜ちゃんをすごく好きだってことも、\nどっちも本当で、そこに揺らぎなんてないけれど。%K%P
阳菜酱非常喜欢我，\n我也非常喜欢阳菜酱，\n这都是真的，不会动摇。%K%P
それでも、本当に私でいいのかなって、\nそういう気持ちは、どうしても拭いきれない。%K%P
即便如此，"我真的配得上他吗"，\n这种心情怎么也抹不去。%K%P
それはたぶん、泣き虫だった頃の名残。%K%P
这大概就是，爱哭虫时期留下的暗伤吧。%K%P
子供の頃、日向くんに恋をした私が、\n初恋の気持ちとともに抱え込んでしまった弱さだ。%K%P
这是小时候爱上日向君的我，\n和初恋的感情共生而来的"脆弱"。%K%P
泣き虫で弱い自分だからこそ、\n彼が守ってくれたんだって、そう思って。%K%P
正因为我是个软弱的爱哭虫，\n他才会选择保护我。%K%P
完全に切り離すことができないまま、\nずっとずっと隠し持っていた、かつての残滓。%K%P
无法完全分离的、一直隐藏着的，\n曾经爱意之中弥留的残渣。%K%P
でもいい加減、そんな自分とはお別れしたい。%K%P
不过，我还是想和这样的自己告别。%K%P
きっと日向くんは、これから先もイケメンで、\nずっとずっとモテモテだと思う。%K%P
我那时在想，日向君今后一定是个帅哥，\n也会一直都受欢迎的。%K%P
モテモテな日向くんに不満はない。\nだって、魅力があるからこそモテるのだ。%K%P
我对于受欢迎的日向君没有不满。\n正是因为他有魅力才会受欢迎。%K%P
不満があるとすれば、自分のほう。%K%P
如果有不满，那都是对自己的。%K%P
いちいち拗ねてしまう、子供っぽい自分がイヤ。%K%P
讨厌事事闹别扭、孩子气的自己。%K%P
だから今日は、絶対に勝つ。%K%P
所以今天，我一定要赢过（自己）。%K%P
勝って、子供っぽくて弱々な自分と決別する。%K%P
战胜（自己），与孩子气的、软弱的自己诀别。%K%P
私がそんな決意を抱いて勝負に挑んでるなんて、\n陽菜ちゃんは気付いていないだろうけど。%K%P
阳菜酱应该没有注意到，\n我是抱着这样的决心来一决胜负的吧。%K%P
でも、それでいい。%K%P
不过，这样也好。%K%P
私がそんなこと考えてるって知ったら、\n優しい陽菜ちゃんは、手を抜いちゃうかもだし。%K%P
要是知道我在想这种事，\n温柔的阳菜酱，可能会放水的。%K%P
そんな陽菜ちゃんに勝っても、意味がない。%K%P
赢了这样的阳菜酱，没有意义。%K%P
全力の陽菜ちゃんに勝ってこそ、私は変われる。%K%P
只有战胜全力以赴的阳菜酱，我才能改变。%K%P
陽菜ちゃんにふさわしい、女の子になれる。%K%P
这样才能成为，配得上阳菜酱的女孩子。%K%P
そうすればもう、拗ねることもないはずだから。%K%P
这样，我就不会再闹别扭了吧。%K%P
%LC宗千佳
%LC宗千佳
「全員、構えて」%K%P
「全员，请准备」%K%P
千佳姉の声に、みんなそれぞれ武器を構える。%K%P
听到千佳姐姐的声音，大家都举起了武器。%K%P
私のパートナーである依夜様は、\nクレール様との一騎打ちを望んでいる。%K%P
我的搭档依夜大人，希望和克莱尔大人一决胜负。%K%P
おそらくクレール様も、客席にいるみんなも、\n{最優秀騎士:ブリランテ}同士の対決を楽しみにしている。%K%P
恐怕克莱尔大人，以及观众席上的大家，\n都很期待这{至高骑士:Brillante}之间的对决吧。%K%P
つまり、私も陽菜ちゃんと一騎打ち。%K%P
也就是说，我也要和阳菜酱一决高下了。%K%P
控え室で約束したし、\n全力で来てくれることを信じて。%K%P
在休息室里约定过了，\n我相信他会全力以赴。%K%P
初手から、飛び出すっ……！！%K%P
那我的第一招，就是冲刺过去……！！%K%P
%LC宗千佳
%LC宗千佳
「はじめっ！！」%K%P
「开始！！」%K%P
%LC依夜
%LC依夜
「はぁッ……！」%K%P
「哈啊……！」%K%P
%LCクレール
%LC克莱尔
「ええいッ！」%K%P
「嘿诶诶！」%K%P
開幕と同時に、依夜様とクレール様の\nクラージュが激しくぶつかる。%K%P
开幕的瞬间，依夜大人和克莱尔大人，\n直接就激烈对打起来了。%K%P
最高峰の激突にホールにいる全員の視線が集まり、\nオレもつい、そちらに目をやりかけた刹那。%K%P
作为最高峰的激烈打斗，聚集了大厅里所有人的视线，\n我也不知不觉地把目光投过去了一瞬间。%K%P
%LC杏奈
%LC杏奈
「やあああああぁぁっ！！」%K%P
「呀啊啊啊啊啊啊啊！！」%K%P
%LC陽菜
%LC阳菜
「うわっ……！？」%K%P
「呜哇……！？」%K%P
いきなり繰り出された鋭い突きを、\n闘牛士のように、身を捩って避ける。%K%P
面对突如其来的尖锐刺击，\n我像斗牛士一样，扭动身体躲避。%K%P
誰もが{最優秀騎士:ブリランテ}同士の戦いに目を向ける中で、\n唯一、杏奈ちゃんだけは、オレだけを見ていた。%K%P
当所有人都把目光投向{至高骑士:Brillante}之间的战斗时，\n只有杏奈酱，在看着我这边。%K%P
%LC杏奈
%LC杏奈
「陽菜ちゃんの相手は、この私……っ！」%K%P
「阳菜酱的对手，是我……！」%K%P
%LC陽菜
%LC阳菜
「っ……？！　まさか、連携っ……？！」%K%P
「啊……？！　难不成，连击……？！」%K%P
剣と共にこちらに踏み込んだ杏奈ちゃんは、\n今度は盾でもってオレの剣を狙ってきた。%K%P
提剑闯入我这边的杏奈酱，\n这次拿着盾牌对准了我的剑。%K%P
初めから突きがかわされると読んでいなければ、\nこんなにもスムーズに技は繋がらない。%K%P
如果我没在一开始就避开刺击的话，\n技能是不会这么顺利地衔接的。%K%P
おそらく、昨日テストで戦ったときに\n閃いた戦法を、ここぞとばかりに試してきたんだ。%K%P
大概是她昨天在测试时灵光一闪想到的战术，\n所以趁现在试了一下吧。%K%P
%LC杏奈
%LC杏奈
「せぃやぁっ！！」%K%P
「斩啊！！」%K%P
%LC陽菜
%LC阳菜
「ぐッ……！」%K%P
「额啊……！」%K%P
さすがに盾の殴打は重く、手が痺れる。%K%P
盾牌用来殴打确实很沉重，我手都麻了。%K%P
けど、これで杏奈ちゃんの足は止めたから、\nあとはこちらのペースに持ち込めればっ……！%K%P
不过，杏奈酱现在已经停下了脚步，\n接下来就是我的步调了……！%K%P
%LC依夜
%LC依夜
「そこっ！！」%K%P
「在这！！」%K%P
%LCクレール
%LC克莱尔
「まだまだっ！」%K%P
「还不够！」%K%P
杏奈ちゃんの攻撃を受けきった直後、\nすぐ側から聞こえた声に、またもや気取られる。%K%P
刚受到杏奈酱的攻击，\n旁边的声音，也传到了我耳朵里。%K%P
打刀による鋭い攻撃の数々を、\nすべてハルバードで受け止めるクレール様。%K%P
克莱尔大人将打刀这尖锐的攻击，\n全部用斧枪接住了。%K%P
やっぱり、二人ともすごい――、%K%P
果然，这两位都很厉害——%K%P
%LC杏奈
%LC杏奈
%XS20「もうっ、またよそ見してぇっ！\n　陽菜ちゃんの浮気者ぉっ！！」\n%XE%K%P
%XS20「真是的，又朝那边看了！\n　阳菜酱你个花心大萝卜！！」\n%XE%K%P
%LC陽菜
%LC阳菜
「……え？」%K%P
「……诶？」%K%P
いきなりの絶叫に、オレだけでなく、\nクレール様と依夜様もぴたっと動きを止める。%K%P
听到这突如其来的尖叫，不仅是我，\n就连克莱尔大人和依夜大人也停住了动作。%K%P
それだけじゃない。ホールに集まった学生たちも、\nいったい何事かと声の主に視線を向けた。%K%P
不仅如此。聚集在大厅里的学生们，\n也都把视线转向发出声音的人。%K%P
%LC杏奈
%LC杏奈
「依夜様たちの勝負が気になるのはわかるけど、\n　陽菜ちゃんは私と勝負してるんだよっ？」%K%P
「我知道你很在意依夜大人她们的胜负，\n　但是阳菜酱还在和我一决胜负哦？」%K%P
%LC杏奈
%LC杏奈
「なのに、なんでそんなによそ見するのっ！\n　どうして私だけ見てくれないのっ！」%K%P
「既然如此，为什么还要往外看呢！\n　为什么不好好地看着我呢！」%K%P
%LC杏奈
%LC杏奈
「全力で戦ってって約束したでしょっ？」%K%P
「不是约定好了要全力战斗吗？」%K%P
%LC杏奈
%LC杏奈
「それとも、よそ見してても勝てるってこと？\n　私なんてちゃんと見る価値もないってことっ？」%K%P
「还是说，即便不看着我也能赢？\n　难道像我这种人，根本不值得你看吗？」%K%P
%LC陽菜
%LC阳菜
「別に、そんなつもりじゃ――」%K%P
「我不是这个意思——」%K%P
%LC杏奈
%LC杏奈
「なら、ちゃんとこっちを見てっ！\n　私だけをちゃんと見ててっ！！」%K%P
「那么，你就往我这边看啊！\n　你只能好好地看着我！！」%K%P
%LC杏奈
%LC杏奈
「じゃないとこの勝負、意味がない……っ！」%K%P
「否则这胜负，就没有意义了……！」%K%P
%LC陽菜
%LC阳菜
「うわっ、わわわっ……？！」%K%P
「呜哇，哇啊啊……？！」%K%P
絶叫とともに、杏奈ちゃんがオレの剣を払う。%K%P
伴随着怒吼声，杏奈酱挡开了我的剑。%K%P
さらに、踏み込みと共に猛烈なラッシュを――、%K%P
而且，随之进入了猛烈的"嘴炮"——%K%P
%LC杏奈
%LC杏奈
「そもそも陽菜ちゃんは、すごくモテるのっ。\n　まずはその自覚をもってほしいっ！」%K%P
「阳菜酱本来就很受欢迎。\n　首先要有做好这样的觉悟啊！」%K%P
%LC杏奈
%LC杏奈
「今日だって騎士カフェで、お客さんみんなに\n　バッチリ格好いいところ見せちゃうしっ！」%K%P
「今天在骑士咖啡馆，\n　也让客人们看到了你帅气的一面！」%K%P
%LC杏奈
%LC杏奈
「隣に私がいるってわかってるくせに、\n　他の子とイチャイチャするとこ見せつけてっ！」%K%P
「但明明知道我就在不远处，\n　还跟别人打情骂俏！」%K%P
%LC陽菜
%LC阳菜
「あれはそういう企画のカフェだし、\n　来てくれた子も喜んでくれてたでしょっ？」%K%P
「那本来就是你企划的咖啡馆，\n　来的客人不也觉得宾至如归吗？」%K%P
%LC杏奈
%LC杏奈
「そういうサービス精神あるとこも好きだけどぉっ！\n　でも、やっぱりちょっとやりすぎだもんっ！」%K%P
「有这种服务精神的方面，我也很喜欢啊！\n　不过，还是有点过头了！」%K%P
剣技による攻撃は抑えられても、\n言葉の勢いまでは止める事ができない。%K%P
我虽然能招架住她的剑技攻击，\n但是无法阻止她语言的气势。%K%P
というか、みんなの前でこんな話するなんて、\n杏奈ちゃん、いったいどういうつもりなんだ？%K%P
在大家面前说这种话，\n杏奈酱，你到底在想什么啊？%K%P
このままじゃオレたちの関係がバレる……って、\n別に、隠しているわけでもないんだけど――、%K%P
这样下去我们的关系会暴露的……啊，\n不过，我好像也没有隐瞒的必要——%K%P
%LCクレール
%LC克莱尔
「ねぇ、陽菜ちゃんと杏奈ちゃんって、\n　実はお付き合いしてたりするの？」%K%P
「呐，阳菜酱和杏奈酱，\n　其实在交往对吧？」%K%P
%LC陽菜
%LC阳菜
「それは……って、クレール様っ？\n　なんで戦うのやめてるんですかっ……？！」%K%P
「这个啊……额，克莱尔大人？\n　为什么你们不打了……？！」%K%P
%LCクレール
%LC克莱尔
「陽菜ちゃんたちのお話が気になって。\n　ね？　依夜ちゃん」%K%P
「很在意阳菜酱你们的话呀。\n　对吧？　依夜酱」%K%P
%LC依夜
%LC依夜
「うん」%K%P
「嗯」%K%P
%LC陽菜
%LC阳菜
%XS20「えっ……えええええっ！？」%XE%K%P
%XS20「诶……欸欸欸欸欸！？」%XE%K%P
杏奈ちゃんの舌鋒は{最優秀騎士:ブリランテ}を討ち、\nクレール様たちは、いつのまにやら休戦状態。%K%P
杏奈酱的舌锋竟然"征服"了{至高骑士:Brillante}，\n克莱尔大人她们，不知何时处于休战状态了。%K%P
それどころか、二人並んで、\nオレと杏奈ちゃんの戦いを眺めている。%K%P
不仅如此，还并排站着，\n看着我和杏奈酱的战斗。%K%P
なんで？　なんで、こんな状況に――、%K%P
为什么？　为什么会出现这种状况——%K%P
%LC杏奈
%LC杏奈
「どうせ明日の騎士カフェでも、\n　今日よりもっとサービスする気なんでしょ？」%K%P
「反正明天的骑士咖啡馆工作，\n　你也打算比今天服务得更好吧？」%K%P
%LC杏奈
%LC杏奈
「明日も{歌姫:ディーバ}の睦月ちゃんと、\n　イチャイチャしちゃう気なんでしょっ？」%K%P
「明天也要和{歌姫:Diva}睦月酱，\n　谈情说爱对吧？」%K%P
%LC杏奈
%LC杏奈
「今日だって、睦月ちゃんとふたりで、\n　すっごく楽しそうに、お話してたしっ……！」%K%P
「今天你和睦月酱两个人，\n　看来聊得很开心对吧……！」%K%P
%LC陽菜
%LC阳菜
「確かに話してたし、楽しかったけどっ」%K%P
「确实是聊过了，也确实很开心」%K%P
%LC杏奈
%LC杏奈
「ああっ、認めたぁっ！」%K%P
「啊啊，你承认了！」%K%P
%LC陽菜
%LC阳菜
「最後まで聞くっ！　あのとき私たちは、\n　杏奈ちゃんの話をしてたんだからねっ！？」%K%P
「听我说完啦！那个时候的我们，\n　正在聊杏奈酱的事呢！？」%K%P
%LC杏奈
%LC杏奈
「えっ……？　私の……？」%K%P
「诶……？　我的……？」%K%P
%LC陽菜
%LC阳菜
「そうっ。睦月さんが聞きたいっていうから、\n　それで、どこが好きとか、そういう、話を……」%K%P
「对。睦月酱说她想听，\n　问我喜欢，你的，你的哪里……」%K%P
だんだん照れくさくなって、語気が弱まる。%K%P
我越来越不好意思，语气变弱了。%K%P
彼女と二人きりならまだしも、いまこの場には、\n銀蘭の全学生が集まっているんだ。%K%P
如果只有我和她两个人还好，\n可是现在银兰所有学生都聚集在这里。%K%P
そんな衆目の前で、惚気話をしてました、なんて、\n小っ恥ずかしくて今すぐ穴掘って埋まりたい。%K%P
在众人面前，说着这样的调情话什么的，\n真是太丢人了，真想马上挖个坑把自己埋了。%K%P
%LC陽菜
%LC阳菜
「とっ、とにかくっ！　イチャイチャとか\n　してませんっ。全部杏奈ちゃんの思い込みっ！」%K%P
「总，总而言之！　打情骂俏什么的没做过啦，\n　这都是杏奈酱的臆想啦！」%K%P
%LC睦月
%LC睦月
「そうですよ、杏奈さん」%K%P
「是的哦，杏奈同学」%K%P
%LC杏奈
%LC杏奈
「え――」%K%P
「诶——」%K%P
オレと杏奈ちゃんの剣戟＆舌戦の合間に、\nするりと割って入る綺麗な声。%K%P
在我和杏奈酱剑戟相对&舌锋相交的空隙里，\n一道漂亮的声音插了进来。%K%P
その声は真っ暗な客席から、\n天のお告げのように、ホールに響き渡る。%K%P
那声音从漆黑的观众席传来，\n仿佛是上天的旨意一般，响彻大厅。%K%P
%LC睦月
%LC睦月
「私がお願いをして聞かせてもらったんです。\n　だから、イチャイチャはしていません」%K%P
「是我拜托她了解一些事情的。\n　所以，我们没有在打情骂俏哦」%K%P
%LC睦月
%LC睦月
「しているのはむしろ、お二人のほうでしょう？」%K%P
「能做这件事的，应该是你们两位吧？」%K%P
%LC陽菜・杏奈
%LC阳菜・杏奈
「なっ……」%K%P
「什……」%K%P
思いがけない一言に、揃って固まる。%K%P
意想不到的一句话，让大家都僵住了。%K%P
まさにお見合い――剣を手にしたまま、\n時が止まったかのように、動けなくなって。%K%P
我俩正好抵着剑锋——手里握着剑面对面站着，\n仿佛时间停止了一样，动弹不得。%K%P
%LC陽菜
%LC阳菜
「……ごめん。確かにさっきはクレール様たちの\n　戦いが気になって、よそ見しちゃったけど――」%K%P
「……抱歉。刚才确实我很在意克莱尔大人她们的战斗，\n　所以就一直往外看了——」%K%P
%LC陽菜
%LC阳菜
「でも、もうよそ見しないから。\n　杏奈ちゃんだけを、見てるから」%K%P
「不过，我不会再往外看了。\n　因为，我只会看着杏奈酱了啦」%K%P
%LC陽菜
%LC阳菜
「この戦いだけじゃない。これから先も、\n　私は杏奈ちゃんだけを見てるって、約束する」%K%P
「不光是这场战斗。我答应你，\n　今后我也只会看着杏奈酱你了」%K%P
%LC杏奈
%LC杏奈
「陽菜ちゃん……」%K%P
「阳菜酱……」%K%P
%LC陽菜
%LC阳菜
「だから、決着つけよう。\n　杏奈ちゃん、私に勝つんでしょ？」%K%P
「所以，一决胜负吧。\n　杏奈酱，你也想赢我的吧？」%K%P
%LC陽菜
%LC阳菜
「もちろん、私だって負ける気はないけど――」%K%P
「当然，我也不想输——」%K%P
%LC杏奈
%LC杏奈
%XS21「陽菜ちゃぁんっ！」%XE%K%P
%XS21「阳菜酱！」%XE%K%P
声と共に杏奈ちゃんが駆け出す。%K%P
杏奈酱喊出了这一声，向我跑来。%K%P
それはまさに一瞬の隙というやつで、\n気付いた時には、杏奈ちゃんが目の前に。%K%P
仅仅是一瞬间，等我注意到时，\n杏奈酱已经在我眼前了。%K%P
考えるより先に身体が反応したけど、既に遅い。%K%P
身体的反应比我想的还早，但已经晚了。%K%P
仮に反応が間に合っていたとしても、\nその攻撃は、絶対に防げなかっただろう。%K%P
但就算反应及时，\n我也绝对抵挡不了这次攻击。%K%P
なぜなら――、%K%P
因为——%K%P
%LC杏奈
%LC杏奈
「日向くん、大好き……」%K%P
「日向君，最喜欢你了……❤」%K%P
いきなりぎゅっと抱きつかれたかと思えば、\nみんなに聞こえないように、こっそりと告白。%K%P
突然被她抱得紧紧的，为了不让大家听见，\n她悄悄地向我告白。%K%P
そのハグと囁きに、オレはただ呆然となって、\n身体の力が抜けて、立ち尽くして。%K%P
她的拥抱和低语让我呆住了，\n我全身无力地站在了原地。%K%P
気付いた時には、手からクラージュを離していた。%K%P
等我注意到的时候，手上的克拉格早已脱落。%K%P
%LC陽菜
%LC阳菜
「まさか、タックルしてくるなんて……」%K%P
「没想到，是这样的"奇袭"……」%K%P
%LC杏奈
%LC杏奈
「だって、あんなふうに見つめられたら、\n　斬りかかるとか無理だもん」%K%P
「因为，被你那样深情地看着，\n　怎么可能动的起剑呀」%K%P
%LC杏奈
%LC杏奈
「だから、こうするしかないかなって」%K%P
「所以，我只能这么做了」%K%P
%LC陽菜
%LC阳菜
「参りました」%K%P
「败给你了」%K%P
手からクラージュを離した{騎士:ワルキュリア}は、\nその時点で反則負けとなる。%K%P
当克拉格从{骑士:Valkyria}手中脱落时，\n在这一刻就已经犯规判负了。%K%P
抱きつかれた時点でオレの負けだったけど、\nあらためて、それを宣言すると――、%K%P
当她抱住我的时候，我就已经输了，\n连同这失败的信号一起响起的是——%K%P
%LC客席一同
%LC所有观众
%XS21「「「おめでとーっ！！」」」\n「「「お幸せにーっ！！」」」%XE%K%P
%XS21「「「恭喜你们！！」」」\n「「「要幸福啊！！」」」%XE%K%P
客席を埋め尽くす学生たちから、\nそんな声が一斉に、うわーっと巻き起こる。%K%P
观众席上黑压压的学生们，\n不约而同地发出"哇"的一声。%K%P
これまでの展開と杏奈ちゃんの言動は、\n誰がどう見たって、愛の告白に等しくて。%K%P
到现在为止的展开，以及杏奈酱的言行，\n不管是谁、不管怎么看，这都等同于爱的告白。%K%P
オレは、その告白を受け入れたも同然で。%K%P
而我，等同于接受了她的告白。%K%P
歓声が祝福の嵐だとするなら、これはもう、\n学園公認の仲になったのも同じってことで――、%K%P
这欢呼声变成了祝福的风暴，\n看来我们已经成为学园公认的情侣了——%K%P
%LC陽菜
%LC阳菜
「明日の騎士カフェ、大変なことになりそう」%K%P
「明天的骑士咖啡馆，可能会出大事了」%K%P
%LC杏奈
%LC杏奈
「でも、ちゃんとやるんでしょ？\n　陽菜ちゃん、責任感強いもんね」%K%P
「但是，你还是会去做的对吧？\n　阳菜酱，你的责任感真强捏~」%K%P
%LC陽菜
%LC阳菜
「いいの？　拗ねたりしない？」%K%P
「可以吗？　不会又闹别扭吧？」%K%P
%LC杏奈
%LC杏奈
「多少は拗ねるかもだけど……。\n　でも、格好いい陽菜ちゃんも見たいし」%K%P
「虽然多少会闹别扭……。\n　不过，我也想看到帅气的阳菜酱哦」%K%P
%LC陽菜
%LC阳菜
「なら、明日もちゃんと、隣にいてね。\n　私のお隣さんは、杏奈ちゃんでないと」%K%P
「那么，你明天要好好待在我身边捏。\n　我的枕边人（同桌）只能是杏奈酱哦」%K%P
%LC杏奈
%LC杏奈
「うんっ　お隣さんなら任せといて」%K%P
「嗯❤　我会尽我作为"伴侣（同桌）"的责任的」%K%P
%LC杏奈
%LC杏奈
「私、これからもずっとずーっと、\n　陽菜ちゃんの隣にいられるように頑張るっ」%K%P
「今后，我也会一直、一直，\n　在阳菜酱身边努力的」%K%P
決意を示すように、オレの背に回した腕に、\nぎゅっと力を込める杏奈ちゃん。%K%P
杏奈酱像是要表达决心一样，\n紧紧地抓住了我的手臂。%K%P
力強くも優しい腕の輪は、オレたちを結ぶ、\nエンゲージリングのようだった。%K%P
我们有力而温柔抱着，\n就像把我们系在一起的订婚戒指一样。%K%P
