――週明け、月曜日。%K%P
——到了下周一。%K%P
{連弾:デュオ}{舞闘:カデンツァ}トーナメント初戦、第２試合は、\n美実様と梨理ちゃんのペアが勝利していた。%K%P
{协力:二重奏}{舞斗:华彩乐}淘汰赛，第二场比赛，\n美实大人和梨理酱获胜了。%K%P
その結果、銀蘭祭で行われる決勝戦は、\nクレール・依夜ペアと美実・梨理ペアの対決に。%K%P
结果银兰祭的决赛，\n就是克莱尔・依夜对阵美实・梨理的比赛了。%K%P
一方、初戦敗退したオレと杏奈ちゃんは、\n手が空いたのでクラスの出し物を手伝うことに。%K%P
另一方面，初赛被淘汰了的我和杏奈酱，\n因为手头空闲了，就去帮忙准备班级活动了。%K%P
で、その内容というのが――、%K%P
然后，这个的内容是——%K%P
%LC陽菜
%LC阳菜
「騎士カフェ……？」%K%P
「骑士咖啡馆……？」%K%P
%LC杏奈
%LC杏奈
「そっ。簡単に言うと、\n　メイドカフェの騎士バージョン」%K%P
「对。简单来说，\n　就是女仆咖啡馆的"骑士版本"」%K%P
放課後――みんなも残っている教室で、\nどこか自慢げに出し物の内容を説明する杏奈ちゃん。%K%P
放学后——在教室里，大家都留了下来，\n杏奈酱骄傲地说明着活动内容。%K%P
いわく騎士カフェは、お客さんをお姫様に見立てて、\n騎士の格好で接客するコンセプトカフェだそうだ。%K%P
听她所说，骑士咖啡馆是把客人当作公主，\n以骑士的装束接待客人的咖啡馆。%K%P
%LC杏奈
%LC杏奈
「最初は普通の喫茶店をやる予定だったんだけど、\n　それじゃつまらないって話になって」%K%P
「一开始是打算整一家普通的咖啡馆的，\n　但后来觉得这样很无聊」%K%P
%LC杏奈
%LC杏奈
「メイドカフェがあるんだから、騎士カフェも\n　いけるんじゃない？　って私が提案したの」%K%P
「既然有女仆咖啡馆，骑士咖啡馆什么的，\n　也是可以的吧？　这是我提议的哦」%K%P
自慢げだった理由、判明。%K%P
她骄傲的理由，明白了……%K%P
ちなみに、クラスの出し物の内容を、\nオレは今日まで知らなかった。%K%P
顺便一提，直到今天，\n我都不知道班级活动的内容。%K%P
仲間はずれにされていたわけじゃなく、\n指南役補佐としての仕事もあるから大変だろうと、\nクラスのみんなが気をつかってくれていたのだ。%K%P
并不是因为我被排斥了，\n而是班上的同学都很关心我，\n说我还要做指导和助理的工作，一定很辛苦。%K%P
もっとも、銀蘭祭当日まで秘密にしておいて、\nオレを驚かせたいって企みもあったようだけど。%K%P
不过，在银兰祭当天之前一直保密什么的，\n感觉好像是想让我大吃一惊呢。%K%P
%LC陽菜
%LC阳菜
「それで、私はなにをすればいいの？」%K%P
「那么，我该做什么好呢？」%K%P
%LCクラスメートＡ
%LC同学Ａ
「騎士役以外ありえないでしょ」%K%P
「只能扮演骑士了对吧」%K%P
%LCクラスメートＢ
%LC同学Ｂ
「ですわね。陽菜さんが引き受けてくれたら、\n　満員御礼間違いありません」%K%P
「是捏。阳菜同学如果能接受的话，\n　一定会座无虚席的」%K%P
%LCクラスメートＣ
%LC同学Ｃ
「っていうか、私たちがお客になりたいぐらい」%K%P
「甚至，我们都想成为客人了呢」%K%P
%LC陽菜
%LC阳菜
「騎士役ってことは、接客だよね？\n　それっぽい扮装とかするの？」%K%P
「扮演骑士的话，也就是接客吧？\n　那种装扮该怎么做呢?」%K%P
%LC杏奈
%LC杏奈
「もちろん。そのための鎧も、\n　ちゃーんと作ってあるんだよ」%K%P
「当然。为此我还特意，\n　做出了铠甲哦」%K%P
%LC陽菜
%LC陽菜
「え……？　作ったの？　鎧を？」%K%P
「诶……？　做出来了？　铠甲？」%K%P
%LC杏奈
%LC杏奈
「{舞闘:カデンツァ}で着てる鎧は立体映像だから、\n　テアトル以外じゃ着られないでしょ？」%K%P
「{舞斗:华彩乐}中所穿的铠甲是立体投影，\n　所以除了在剧院，其他地方就不能"穿"了吧？」%K%P
%LCクラスメートＡ
%LC同学Ａ
「というわけで、用意した物がこちらになります」%K%P
「所以我们准备的，就在这里了」%K%P
%LC陽菜
%LC阳菜
「わっ、すごい……」%K%P
「哇，厉害哦……」%K%P
クラスメートの子が見せてくれたのは、\nまさしく{騎士:ワルキュリア}の鎧だった。%K%P
同班同学给我展现的，\n正是{骑士:Valkyria}的铠甲。%K%P
そこにある、という存在感に感動して、\n思わず触らせてもらったりして。%K%P
被这真实的存在感感动了，\n我情不自禁地抚摸着它。%K%P
%LC陽菜
%LC阳菜
「これ、みんなで作ったの？」%K%P
「这个，是大家一起做的吗？」%K%P
%LCクラスメートＢ
%LC同学Ｂ
「ええ。といってもノウハウはあるので、\n　そこまで大変ではないんです」%K%P
「对呀。不过咱还是有这本领的，\n　所以也没那么难哦」%K%P
聞けば、歌劇アリアに出演する{騎士:ワルキュリア}たちは、\n舞台衣装として、レプリカの鎧を着るのだそうだ。%K%P
听说，在歌剧咏叹调中出演的{骑士:Valkyria}们，\n她们的舞台服装，就是仿制的铠甲。%K%P
そしてその鎧は、ノーブルの学生たちが、\nみんなで分担して作ることになっているという。%K%P
而那些铠甲，是诺博尔的学生们，\n一起分摊制作的。%K%P
%LC杏奈
%LC杏奈
「ちなみにセンシブルでも同じように、\n　{歌姫:ディーバ}のドレスをみんなで縫うんだよ」%K%P
「顺便一提，圣森博尔那边也一样，\n　一起缝着{歌姫:Diva}的裙子哦」%K%P
%LC杏奈
%LC杏奈
「そうやって、小道具や衣装を分担して作って、\n　学科の垣根を越えてみんなで作り上げる――」%K%P
「就这样，大家分工制作小道具和服装，\n　打破学科之间界限，合作完成——」%K%P
%LC杏奈
%LC杏奈
「だからこそ歌劇アリアは、\n　銀蘭の学生にとって、特別な催しなの」%K%P
「所以对银兰的学生来说，\n　歌剧咏叹调，是特别的活动」%K%P
%LC陽菜
%LC阳菜
「なるほど……」%K%P
「原来如此……」%K%P
細部まで再現された鎧は見事な出来映えで、\n杏奈ちゃんの話ともども、素直に感心してしまう。%K%P
连细节都被再现了的铠甲非常漂亮，\n又听到了杏奈酱所说的，真的很佩服。%K%P
%LC杏奈
%LC杏奈
「じゃ、さっそく試着しよっか」%K%P
「那，就赶快试穿吧」%K%P
%LC陽菜
%LC阳菜
「へ……？　試着……？」%K%P
「诶……？　试穿……？」%K%P
%LC杏奈
%LC杏奈
「こういうのは実際に着てみないと。\n　細かい仕上がり具合とかわからないでしょ？」%K%P
「这种服装不实际穿一下。\n　就不知道细节方面的完成情况吧？」%K%P
%LC杏奈
%LC杏奈
「それに、騎士として接客する以上、\n　相応の役作りも練習しないとだし」%K%P
「而且，既然要作为骑士接待客人，\n　相应的角色塑造也要练习一下哦」%K%P
%LC陽菜
%LC阳菜
「って……まさか、ここで着替えるのっ？」%K%P
「啊……难不成，要在这里换衣服吧？」%K%P
%LC杏奈
%LC杏奈
「大丈夫。それ用に空き教室確保してあるし、\n　私が着替えるの手伝ってあげるから」%K%P
「没关系。为此我们预留了空教室，\n　由我来帮你换衣服啦」%K%P
%LC陽菜
%LC阳菜
「杏奈ちゃんが？」%K%P
「杏奈酱来吗？」%K%P
%LC杏奈
%LC杏奈
「うん。実は私も、騎士役やるの」%K%P
「嗯。其实我也要扮演骑士」%K%P
そうして杏奈ちゃんと一緒に、\n近くの空き教室で着替えることに。%K%P
然后，我和杏奈酱一起，\n去到了附近的空教室换衣服。%K%P
ちなみに用意された鎧のデザインは、\n{舞闘:カデンツァ}で着ているものと、ほぼ同じ。%K%P
顺带一提，这铠甲的设计，\n和{舞斗:华彩乐}时所穿的几乎是一样的。%K%P
なのでインナーとして、フィエルテを着ることに。%K%P
所以作为内部衣装，就是菲尔特了。%K%P
%LC陽菜
%LC阳菜
「これが、ここで……。\n　で、こっちの留め具が……」%K%P
「这个，在这里……\n　额，这个卡扣……」%K%P
%LC杏奈
%LC杏奈
「貸して。私がやってあげる」%K%P
「交给我吧。我来帮你」%K%P
%LC陽菜
%LC阳菜
「ありがとう。じゃあ、お願い」%K%P
「谢谢你。那么，拜托了」%K%P
持っていた甲冑の一部を渡し、\n杏奈ちゃんに背を向ける。%K%P
我把一部分盔甲交给杏奈酱，\n然后背对着她。%K%P
%LC杏奈
%LC杏奈
「実際に着るってなると、結構大変だよね」%K%P
「真要穿起来，还真不容易啊」%K%P
%LC陽菜
%LC阳菜
「ほんと。テアトルだったら、\n　アン・ガルドで一発なんだけど」%K%P
「是啊。在剧院的话，\n　直接说句En Garde（准备完毕）就行了」%K%P
%LC杏奈
%LC杏奈
「でも、こうして少しずつ身につけるのも、\n　雰囲気があってよくない？」%K%P
「不过，像这样一点一点地穿上，\n　这种感觉不也挺好嘛？」%K%P
%LC陽菜
%LC阳菜
「わかる」%K%P
「我知道」%K%P
剣道やフェンシングでも、防具を身につける過程は、\n自然と気持ちが引き締まるものだ。%K%P
在剑道或击剑时也是，穿戴护具的过程中，\n也会让心情自然而然地紧张起来。%K%P
%LC杏奈
%LC杏奈
「あとで私の着替えも手伝ってね」%K%P
「一会儿也帮我换衣服吧」%K%P
%LC陽菜
%LC阳菜
「もちろん」%K%P
「当然啦」%K%P
そうして鎧に着替えて、教室に戻ると。%K%P
我们换好了盔甲，回到教室。%K%P
%LCクラスメート一同
%LC同学们
%XS20「おおおおおおおおーっ……！！」%XE%K%P
%XS20「噢噢噢噢噢噢噢噢噢噢噢……！！」%XE%K%P
入るやいなや、この大歓声。%K%P
一进来，就欢声雷动了。%K%P
%LCクラスメートＡ
%LC同学Ａ
「すごい、すごいすごいっ！\n　ふたりともめっちゃ似合うっ」%K%P
「好棒啊，很棒很棒！\n　你们俩很般配啊！」%K%P
%LCクラスメートＢ
%LC同学Ｂ
「ええ、ええっ。これなら当日は\n　長蛇の列間違いなしですわっ！」%K%P
「嗯嗯~嗯嗯！这样的话，\n　当天一定会大排长龙的！」%K%P
%LCクラスメートＣ
%LC同学Ｃ
「ツーショット撮影サービスとかしたら、\n　みんなに喜ばれるんじゃない？」%K%P
「如果提供双人合影服务的话，\n　大家应该会很高兴吧？」%K%P
%LCクラスメートＤ
%LC同学Ｄ
「いいねっ、そういうのコンカフェぽいっ！」%K%P
「我觉得行，这样感觉很不错！」%K%P
気付けば杏奈ちゃんともども囲まれて、\n上から下まで、めちゃめちゃ観察されて。%K%P
等回过神来，杏奈酱和我都被包围了，\n从上到下，被细致入微地观察着。%K%P
いつも以上に、みんなの圧と熱がすごい。%K%P
大家的热情，比平时大了很多。%K%P
%LCクラスメートＡ
%LC同学Ａ
「ねえねえ陽菜ちゃん、さっそく接客練習しよ？\n　私、お姫様役やってあげるっ」%K%P
「呐呐~阳菜酱，赶紧练习接客吧。\n　我来扮演公主~」%K%P
%LCクラスメートＢ
%LC同学Ｂ
「あっ、ズルいですっ！\n　私もお姫様したいですっ！」%K%P
「啊，太狡猾了！\n　我也要当公主！」%K%P
%LCクラスメートＣ
%LC同学Ｃ
「陽菜ちゃん陽菜ちゃんっ、\n　試しに私のこと、姫って呼んでみて」%K%P
「阳菜酱阳菜酱，\n　试着叫我声公主吧~」%K%P
%LC陽菜
%LC阳菜
「ええっと――」%K%P
「这个——」%K%P
%LC陽菜
%LC阳菜
「ごきげんよう、姫」%K%P
「贵安~公主」%K%P
%LCクラスメート一同
%LC同学们
%XS20「「「きゃああああああああああ？！」」」%XE%K%P
%XS20「「「咿呀啊啊啊啊啊啊啊啊啊啊？！」」」%XE%K%P
%LCクラスメートＣ
%LC同学Ｃ
「ヤバっ……？！　いまくらってきた、\n　鼻血でそうっ……！」%K%P
「糟了……？！　刚才那一下，\n　要流鼻血了……！」%K%P
%LCクラスメートＡ
%LC同学Ａ
「私もっ！　私も姫って呼んで！」%K%P
「我也要！　我也要被叫公主！」%K%P
%LCクラスメートＤ
%LC同学Ｄ
「陽菜ちゃん陽菜ちゃん、私も私もっ！」%K%P
「阳菜酱阳菜酱，我也要我也要！」%K%P
%LC陽菜
%LC阳菜
「ちょっ……み、みんな、\n　いったん落ち着こ？　ね？」%K%P
「等……大，大家，\n　还是冷静一下吧？　呐？」%K%P
%LCクラスメート一同
%LC同学们
%XS20「「「むーりぃーっ！」」」%XE%K%P
%XS20「「「做—不—到—！」」」%XE%K%P
その後、どうにか接客練習を終えて、\n制服に着替えるため、再び空き教室へ。%K%P
之后，好不容易结束了接客练习，\n为了换回制服，我们再次回到空教室。%K%P
結局、クラスメート全員の相手をすることに\nなってしまって、これがなかなかにハードだった。%K%P
结果，要好好接待所有同学，\n这实在是太难了。%K%P
おかげで、窓の外はすっかり夕焼け色だ。%K%P
托她们的福，窗外已然是晚霞之色了。%K%P
%LC陽菜
%LC阳菜
「ふぅ……。今日のみんな、\n　いつにも増してすごかったね」%K%P
「呼……今天的大家，\n　比任何时候的都厉害呢」%K%P
%LC杏奈
%LC杏奈
「むぅ……」%K%P
「姆……」%K%P
%LC陽菜
%LC阳菜
「杏奈ちゃん？　着替えないの？」%K%P
「杏奈酱？　来换衣服吧？」%K%P
%LC杏奈
%LC杏奈
「……ねぇ、陽菜ちゃん。\n　騎士役引き受けるの、辞めない？」%K%P
「……呐，阳菜酱。\n　骑士扮演这事，能辞退吗？」%K%P
%LC陽菜
%LC阳菜
「えっ……私、そんなに下手だった？」%K%P
「诶……我，做的这么不好吗？」%K%P
%LC杏奈
%LC杏奈
「逆っ。上手だから辞めてほしいのっ」%K%P
「正相反。你做得太好了，所以希望你辞职」%K%P
%LC杏奈
%LC杏奈
「接客練習見てて、改めて思ったんだもん。\n　やっぱり陽菜ちゃんは素敵だなって」%K%P
「看了你的接客练习，我不由得感叹。\n　阳菜酱果然很漂亮啊」%K%P
%LC杏奈
%LC杏奈
「陽菜ちゃんに慣れてるクラスの子たちですら、\n　メロメロになっちゃってたし……」%K%P
「就连熟悉阳菜酱的同班同学，\n　也开始为你心动了……」%K%P
%LC杏奈
%LC杏奈
「あれでセンシブルの子たちを相手したら、\n　絶対に大量のガチ恋勢を生み出しちゃうし」%K%P
「如果这样去接待圣森博尔的同学，\n　绝对会发生对你狂恋热潮的」%K%P
%LC杏奈
%LC杏奈
「そういうのは……ちょっと、ヤかなって」%K%P
「这种事……感觉，有点烦」%K%P
%LC陽菜
%LC阳菜
「つまり、ヤキモチ？」%K%P
「也就是，吃醋了？」%K%P
%LC杏奈
%LC杏奈
「……ん」%K%P
「……嗯」%K%P
どこか照れくさそうに、\nそれでも、こくんと頷く杏奈ちゃん。%K%P
杏奈酱有些不好意思地点了点头。%K%P
%LC杏奈
%LC杏奈
「陽菜ちゃんは知らないかもだけど、\n　センシブルの子って、みんなすごく可愛いの」%K%P
「阳菜酱你可能不知道，\n　圣森博尔的女孩子，都很可爱哦」%K%P
%LC杏奈
%LC杏奈
「ノーブルの子たち以上に、可憐で、お嬢様揃いで。\n　それに、みんな{騎士:ワルキュリア}に憧れてて……」%K%P
「她们都是真正的大小姐，比起诺博尔的孩子更可爱。\n　而且，她们都很憧憬骑士……」%K%P
%LC杏奈
%LC杏奈
「そんな子たちにあんな接客披露したら、\n　みんな必ず陽菜ちゃんに惚れちゃうもん」%K%P
「对那些人展现如此待客之道的话，\n　大家一定会爱上阳菜酱的」%K%P
%LC陽菜
%LC阳菜
「あんな接客って――」%K%P
「"如此待客之道"是——」%K%P
%LC陽菜
%LC陽菜
「ようこそおいでくださいました、姫。\n　さあ、お手をどうぞ」%K%P
「欢迎光临此地，我的公主。\n　来，请把手交给我吧」%K%P
%LC陽菜
%LC阳菜
「……っていう、これのこと？」%K%P
「……说的，是这个嘛？」%K%P
%LC杏奈
%LC杏奈
「ッ……そ、そうっ、それっ」%K%P
「呜……是，对，就这个」%K%P
%LC杏奈
%LC杏奈
「ってか、なんでスッとできちゃうのっ？\n　恥ずかしくないのっ？」%K%P
「话说，为什么毫不犹豫地就说出来了呢？\n　你不会害羞吗？」%K%P
%LC陽菜
%LC阳菜
「多少は恥ずかしいけど……。\n　女装に比べれば、全然だし」%K%P
「多少会有点不好意思……\n　但和女装比起来，难度完全不一样」%K%P
男性として女性に優しくする術や作法は、\nフランス留学中、学友が教えてくれた。%K%P
作为男性，温柔对待女性的做法，\n在法国留学时的同学曾教过我。%K%P
ある意味、これも留学の成果ということで。%K%P
从某种意义上来说，这也是留学的成果。%K%P
それに、クラスの出し物を手伝う以上、\n半端な真似は出来ないという責任感もあるし。%K%P
而且，既然说要帮忙做班级活动，\n我就有了一种责任感，不会有半点马虎。%K%P
%LC陽菜
%LC阳菜
「自分的には、こっちが素というか……。\n　女装より楽まであるんだけど」%K%P
「对我来说，这才是我的本色吧……\n　可比女装轻松多了」%K%P
%LC杏奈
%LC杏奈
「うわ、たらしだ……。\n　{騎士:ナイト}じゃなくてホストだ……」%K%P
「呜哇，太棒了吧……\n　你不是{骑士:Valkyria}，是牛郎吧……」\n（牛郎：指在歌舞伎街等地方工作的男性）%K%P
%LC陽菜
%LC阳菜
%XS21「言いぐさっ！」%XE%K%P
%XS21「说啥呢！！」%XE%K%P
%LC杏奈
%LC杏奈
「でもぉ……いまみたいな接客したら、\n　陽菜ちゃんいよいよ大人気になっちゃう」%K%P
「但是……像现在这样接待客人的话，\n　阳菜酱会越来越受欢迎的」%K%P
%LC杏奈
%LC杏奈
「で、可愛い女の子に囲まれたら、\n　陽菜ちゃん、絶対デレデレするし」%K%P
「然后，如果周围都是可爱的女孩子的话，\n　阳菜酱绝对会性奋的」%K%P
%LC陽菜
%LC阳菜
「しません」%K%P
「我不会」%K%P
%LC杏奈
%LC杏奈
「ほんとに？」%K%P
「真的吗？」%K%P
%LC陽菜
%LC阳菜
「ほんとに」%K%P
「真的」%K%P
%LC杏奈
%LC杏奈
「相手が睦月ちゃんでも？」%K%P
「那如果接待睦月酱呢？」%K%P
%LC陽菜
%LC阳菜
「なっ……なんでそこで\n　睦月さんの名前が出てくるのっ」%K%P
「为……为什么会，\n　说出睦月同学的名字？」%K%P
まさかの名前が出てきて、ほんの一瞬、\nドキッとして息を呑んでしまう。%K%P
突然提及这出乎意料的名字，\n一瞬间，我屏住了呼吸。%K%P
%LC杏奈
%LC杏奈
「センシブルの代表格っていったら、\n　やっぱり{歌姫:ディーバ}の睦月ちゃんだし――」%K%P
「说到圣森博尔的代表人物，\n　当然是{歌姫:Diva}睦月酱啦——」%K%P
%LC杏奈
%LC杏奈
「それに陽菜ちゃんだって、編入してすぐ、\n　睦月ちゃんに見惚れてたことあったでしょ？」%K%P
「而且阳菜酱刚入学的时候，\n　也曾被睦月酱迷住过吧？」%K%P
%LC陽菜
%LC阳菜
「あっ……あれは、その……」%K%P
「啊……那个是，这个……」%K%P
%LC杏奈
%LC杏奈
「わ、動揺した」%K%P
「哇，动摇了」%K%P
%LC陽菜
%LC阳菜
「してないからっ。\n　杏奈ちゃんの記憶力に驚いただけっ」%K%P
「我没有啦。\n　只是被杏奈酱的记忆力吓到了」%K%P
本当は、ちょっと動揺しちゃったけど。%K%P
其实，我确实有点动摇了。%K%P
でも、いまオレが一番好きな女の子は、\nつーちゃんじゃなく杏奈ちゃんだ。%K%P
不过，现在我最喜欢的女孩子不是睦酱，\n而是杏奈酱啊。%K%P
それは、自信をもって断言できる。%K%P
所以，我敢自信地断言——%K%P
%LC陽菜
%LC阳菜
「私が好きなのは杏奈ちゃんだけだよ。\n　他の女の子にデレデレなんてしません」%K%P
「我喜欢的只有杏奈酱。\n　不会对其他女孩子谈情说爱的」%K%P
%LC杏奈
%LC杏奈
「なら、今ここでちゅーして」%K%P
「那么，现在在这里亲一个」%K%P
%LC陽菜
%LC阳菜
「いいよ」%K%P
「可以哦」%K%P
%LC杏奈
%LC杏奈
「うわ、即答した。\n　陽菜ちゃん、やっぱホスト――」%K%P
「呜哇，立刻回答了。\n　阳菜酱，果然是牛郎——」%K%P
%LC陽菜
%LC阳菜
「杏奈ちゃん」%K%P
「杏奈酱」%K%P
%LC杏奈
%LC杏奈
「あ……」%K%P
「啊……」%K%P
%LC杏奈
%LC杏奈
「んっ……は、んぅ……」%K%P
「嗯……哈啊~嗯姆……❤」%K%P
そっと抱き寄せて、唇を塞ぐ。%K%P
我轻轻抱住她，吻住了她的嘴唇。%K%P
驚いたのは最初の一瞬だけで、\n杏奈ちゃんはすぐさまキスに応じてくれた。%K%P
吃惊只是一瞬间，\n杏奈酱马上回应了接吻。%K%P
%LC杏奈
%LC杏奈
「んぅ……ん、んむっ……はむ、\n　ちゅっ……はぁ、んっ……んんぅ」%K%P
「嗯嗯……姆~嗯姆……哈姆~\n　啾姆……哈啊，嗯……嗯姆姆~❤」%K%P
しがみつくために回してきた腕に力を込めて、\n唇がより深く重なるように、距離を詰めてくる。%K%P
她紧紧地抓住了我抱过来的手臂，\n将距离拉近，让嘴唇深深地交融在一起。%K%P
そんな彼女の攻勢に圧されて、気付けば、\n教室の床に座るような格好になっていた。%K%P
我被她的攻势压倒，回过神来，\n已经坐在教室的地板上了。%K%P
%LC杏奈
%LC杏奈
「ふはっ……んぅ、びっくりした。\n　いきなりキスしてくるんだもんっ……」%K%P
「呼啊……嗯啊~吓死我了。\n　突然就吻上来了……」%K%P
%LC陽菜
%LC阳菜
「してって言ったの、杏奈ちゃんでしょ？」%K%P
「让我这样做的人，是杏奈酱对吧？」%K%P
%LC杏奈
%LC杏奈
「そうだけどぉ……。\n　もう少し照れたりするかなって」%K%P
「确实是我啦……\n　你就不能害羞一点嘛」%K%P
%LC陽菜
%LC阳菜
「普段だったら、そうかもだけど。\n　ついさっきまで接客練習してたし」%K%P
「如果是平时的话，可能会那样呢。\n　但刚刚才练习完接客嘛」%K%P
%LC杏奈
%LC杏奈
「いまは日向モードってこと？」%K%P
「现在是日向模式吗？」%K%P
%LC陽菜
%LC阳菜
「日向モードって……ふふっ。\n　まあ、確かにそんな感じだけど」%K%P
「日向模式……呼呼。\n　嘛，确实是这种感觉」%K%P
思わず笑ってしまうけど、言い得て妙な表現だ。%K%P
让我忍俊不禁，这说得也太妙了。%K%P
%LC杏奈
%LC杏奈
「ねぇ、なにか囁いて。日向モードで」%K%P
「呐，小声地说些什么吧。在日向模式下」%K%P
%LC陽菜
%LC阳菜
「急に言われても」%K%P
「突然让我说什么的」%K%P
%LC杏奈
%LC杏奈
「さっきみたいのでいいから」%K%P
「就像刚才那句就行」%K%P
%LC陽菜
%LC阳菜
「ん……じゃあ――」%K%P
「嗯……那么——」%K%P
%LC陽菜
%LC阳菜
「好きだよ、杏奈」%K%P
「喜欢你哦，杏奈」%K%P
%LC杏奈
%LC杏奈
「ッ……ぐっ、ズルい、\n　ここで呼び捨ては反則っ」%K%P
「咕……咕呜，太狡猾了，\n　在这里直呼名字犯规了！」%K%P
%LC陽菜
%LC阳菜
「呼び捨て、ダメだった？」%K%P
「直呼名字，不行吗？」%K%P
%LC杏奈
%LC杏奈
「ううん、いい。ゾクゾクしちゃった」%K%P
「不，非常好。让我心痒痒的」%K%P
%LC陽菜
%LC阳菜
「そこは普通、ドキドキでしょ」%K%P
「这样一般都很紧张吧」%K%P
%LC杏奈
%LC杏奈
「だってホント、ゾクっとしたんだもん。\n　声だけで感じちゃうぐらいっ……」%K%P
「因为我真的吓了一跳哦。\n　光听声音就能感觉到吧……❤」%K%P
杏奈ちゃんはさらに抱きつき、\n自らの身体をぐっと押しつけてくる。%K%P
杏奈酱更加紧地抱住了我，\n把自己的身体紧紧地压在了我身上。%K%P
マーキングするように身体がすり寄せられると、\n着ている鎧がぶつかり、音を立てた。%K%P
身体像做标记似的蹭了过来，\n两人的盔甲碰撞着，发出了声音。%K%P
%LC杏奈
%LC杏奈
「ねぇ、このままエッチしよ」%K%P
「呐，就这样做爱吧」%K%P
%LC陽菜
%LC阳菜
「なに言ってるの。\n　人が来たらどうする気？」%K%P
「你在说什么啊？\n　有人来了怎么办？」%K%P
%LC杏奈
%LC杏奈
「大丈夫。ここ、人こないし。\n　だからキスしてって言えたんだもん」%K%P
「没关系。这里，不会有人来的。\n　所以我才说要你亲的哦」%K%P
%LC杏奈
%LC杏奈
「それに、キスでその気にさせたのは、\n　陽菜ちゃんだよ？」%K%P
「而且，接吻后，让我产生这种想法的，\n　是阳菜酱对吧？」%K%P
%LC陽菜
%LC阳菜
「キスしてって言ったのは誰？」%K%P
「那让我吻你的人是谁啊？」%K%P
%LC杏奈
%LC杏奈
「だってしてほしかったんだもん」%K%P
「因为我希望你做啊」%K%P
%LC杏奈
%LC杏奈
「ねっ、お願い……ちゅ、あむっ、れるっ」%K%P
「呐，拜托了……啾~阿姆~咧噜噜~~」%K%P
%LC陽菜
%LC阳菜
「あっ……ん、もぅ……んむ、んむぅっ」%K%P
「啊……嗯~真是的……嗯姆~姆姆姆~」%K%P
我慢も限界とばかりに、\n今度は杏奈ちゃんから唇を重ねてくる。%K%P
忍耐已经到界限了吗，\n这次杏奈酱主动吻上了我。%K%P
抱きつく腕に力がこもると、鎧はさらに音を立てて、\nそれはキスの音と混ざり、静かな教室に響く。%K%P
抱住我的手臂抱的更紧了，盔甲发出了更大的声音，\n和接吻的声音混在了一起，在安静的教室里回响着。%K%P
%LC杏奈
%LC杏奈
「ちゅっ、あむ……はぁ、あむっ、えへ、\n　陽菜ちゃんの唇、おいしっ……」%K%P
「姆，阿姆……哈啊，阿姆~欸嘿~\n　阳菜酱的唇，好好吃……❤」%K%P
%LC陽菜
%LC阳菜
「んっ……なんか、こういうとき……ちゅっ、\n　陽菜って呼ばれるの、変な感じ……」%K%P
「姆嗯……这种，时候了……\n　你叫我"阳菜"，感觉好奇怪哦……」%K%P
%LC杏奈
%LC杏奈
「変って？」%K%P
「奇怪吗？」%K%P
%LC陽菜
%LC阳菜
「だって、初めてのエッチのときは、\n　ずっと日向くんって言ってたでしょ？」%K%P
「因为，第一次做爱的时候，\n　一直叫的是"日向"吧？」%K%P
%LC杏奈
%LC杏奈
「あれは意識してたわけじゃなくて、\n　たまたまっていうか……」%K%P
「那不是刻意的啦，\n　应该说是自然而然吧……」%K%P
%LC杏奈
%LC杏奈
「あのときは私の部屋だったし、\n　昔話とか、したあとだったし……」%K%P
「那时候在我的房间，\n　聊了很久以前的事情嘛……」%K%P
%LC杏奈
%LC杏奈
「だから、日向くんっていう印象が強くて」%K%P
「所以，当时"日向君"给我的印象更强烈哦」%K%P
%LC杏奈
%LC杏奈
「けど、こうして学園内で一緒にいると、\n　陽菜ちゃんのほうが印象が強いから」%K%P
「但是，在学校里和你在一起的话，\n　对"阳菜酱"的印象更深刻啦」%K%P
%LC杏奈
%LC杏奈
「それに、普段から日向くんって呼んじゃうと、\n　油断したとき、ポロっと出ちゃいそうだし」%K%P
「而且，如果平时也叫你"日向君"，\n　一不小心就会说漏嘴哦」%K%P
秘密を共有する者として、杏奈ちゃんなりに、\nいろいろと考えてくれているらしい。%K%P
作为和我共同保密的人，\n杏奈酱她，好像也有自己的想法。%K%P
%LC陽菜
%LC阳菜
「ありがと、杏奈ちゃん。気を配ってくれて」%K%P
「谢谢你，杏奈酱。这么关心我」%K%P
%LC杏奈
%LC杏奈
「えへへ。まあ、どのみち余裕なくなってきたら、\n　日向くんって呼んじゃうとは思うけど……」%K%P
「欸嘿嘿。嘛，反正现在也是独处了，\n　我还是叫你"日向君"吧……」%K%P
%LC陽菜
%LC阳菜
「いいこと聞いちゃった」%K%P
「听到了想听的呢」%K%P
%LC杏奈
%LC杏奈
「えっ？　なに？」%K%P
「诶？　什么？」%K%P
%LC陽菜
%LC阳菜
「呼び方が変わったら、それが杏奈ちゃんの\n　イキそうなサインってことでしょ？」%K%P
「称呼变了这事，那就预示着，\n　杏奈酱会"改变"对吧？」%K%P
%LC杏奈
%LC杏奈
「あっ……べっ、べつにあくまで目安っていうか、\n　そういうことがあるかもってだけだよっ？」%K%P
「啊……说，说到底那只是一种"目标"，\n　不可以这么说吧？」%K%P
%LC杏奈
%LC杏奈
「必ずしもその限りではないというか、\n　賞味期限と消費期限ぐらい違うというかっ」%K%P
「不一定要给自己这种"限制"，\n　就像保质期和消费期限，是不一样对吧」%K%P
%LC陽菜
%LC阳菜
「テンパっちゃうとこ、可愛い」%K%P
「说胡话的样子，很可爱」%K%P
%LC杏奈
%LC杏奈
「ッ～～……！　ぐっ……日向モード禁止ぃ、\n　それだめ、ヤバいんだってばっ……っ」%K%P
「咕~~！　咕……禁止使用日向模式，\n　不能这样，太糟糕了啊……」%K%P
%LC陽菜
%LC阳菜
「けど、ゾクっとするんでしょ？」%K%P
「不过，你一定很紧张吧？」%K%P
%LC杏奈
%LC杏奈
「しすぎてダメなのっ。\n　いま、声だけで軽くイキかけたし……っ」%K%P
「不要说再多了呀。\n　我刚才只是轻轻嘀咕了一句……」%K%P
%LC陽菜
%LC阳菜
「好きだよ、杏奈」%K%P
「喜欢你哦，杏奈」%K%P
%LC杏奈
%LC杏奈
「にゅぐぐぐぅっ……\n　もおっ、こうなったら、こっちからっ……！」%K%P
「喵咕呜呜呜……❤❤\n　真是的，这样的话，我也来……！」%K%P
%LC陽菜
%LC阳菜
「うわっ……？！　ちょっ、待ってっ、\n　そんなにしがみついたらっ……！」%K%P
「呜哇哇……？！　等，等下呀，\n　要是这么紧抓着不放……！」%K%P
%LC杏奈
%LC杏奈
「問答無用の先手必勝っ。\n　あむっ……ちゅぷ、れるっ、りゅむむっ」%K%P
「无须多言，先下手为强。\n　阿姆……啾~咧噜~阿姆姆~~」%K%P
%LC陽菜
%LC陽菜
「んうッ……ふはぁっ、はっ、んぅうッ」%K%P
「嗯哈啊……姆呜呜~哈啊，嗯姆~」%K%P
しがみつく力をさらに強めた杏奈ちゃんが、\nキスによってオレの唇を塞ぐ。%K%P
紧紧抱住我的杏奈酱，\n用吻堵住了我的嘴。%K%P
甲冑がある分、抱き合っているわりに、\n肌が触れあう面積は控えめで。%K%P
因为有盔甲，所以虽然相拥在一起，\n但皮肤接触的面积却很保守。%K%P
だからこそ、深く重なり合った唇の感触が、\nはっきりと脳に染みこんでくる。%K%P
正因为如此，嘴唇重叠交织的触感，\n才能清晰地渗透进我的大脑。%K%P
%LC杏奈
%LC杏奈
「ちゅるる、あむっ……れろ、ちゅっ、はあっ、\n　んふふっ……れろ、れろ、れるるるっ」%K%P
「啾姆~……阿姆~啾，哈啊~\n　嗯嘿嘿❤……咧噜~咧噜~咧噜噜噜~」%K%P
%LC杏奈
%LC杏奈
「こーして、くち、ふさいじゃえば……れろ、\n　ズルいこと、言えない、でしょっ……？」%K%P
「就这样……咕噜~堵住你的嘴……咧噜~\n　也不能，说我~狡猾吧……？」%K%P
%LC陽菜
%LC阳菜
「んんっ……杏奈ちゃんが喋れてる時点で、\n　れろ、ちゅぷ……こっちも全然、喋れるけど？」%K%P
「姆姆嗯……杏奈酱说话的时候，\n　咧噜~啾……可是，好好地说出来了哦？」%K%P
%LC杏奈
%LC杏奈
「あっ……ぐっ、なら本気でっ……！」%K%P
「啊……咕，那是认真的……！」%K%P
%LC陽菜
%LC阳菜
「うん。杏奈の本気、見せて」%K%P
「嗯。杏奈的认真，让我看看」%K%P
%LC杏奈
%LC杏奈
「ぐっ……んもー、ほんとズルぃ……」%K%P
「咕……真是的——真的好狡猾……❤」%K%P
%LC杏奈
%LC杏奈
「なら、いまの私にできる、めいっぱいをぉ……、\n　じゅぷぷぷるぅ、れーる……んぅれるるぅ」%K%P
「那么，现在的我能做的，肯定就是……\n　啾姆姆姆姆~咧ー噜……嗯姆姆~~❤」%K%P
%LC陽菜
%LC陽菜
「あふッ……！？　はぁ、んぅ、んんぅ、\n　んはっ、むぅう……んくくぅッ」%K%P
「咕姆……！？　哈啊~嗯，嗯嗯……\n　哈啊~姆呜呜……嗯咕咕~~」%K%P
闘志に火が点いた杏奈ちゃんの舌が、\nこちらの舌をぐるんと絡め取ってくる。%K%P
燃起斗志后，杏奈酱的舌头，\n把我的舌头缠住了。%K%P
口を開けた状態で舌を封じられると、\n猿ぐつわをかまされたみたく、上手く声が出ない。%K%P
在张着嘴的状态下被封住舌头，\n就像猿猴被咬了舌头一样，发不出声音。%K%P
かわりに二人分の唾液が垂れるけど、\nそれを見逃すような杏奈ちゃんではなくて。%K%P
随后，两个人的唾液便垂了下来，\n但杏奈酱是不会放过我的。%K%P
%LC杏奈
%LC杏奈
「んーむぅ、んんっ……ぢゅぷるる、れろ、\n　んっくぅ……んひっ、だえき、おいしぃ……氈v%K%P
「んーむぅ、んんっ……ぢゅぷるる、れろ、\n　んっくぅ……んひっ、だえき、おいしぃ……氈v%K%P
%LC杏奈
%LC杏奈
「陽菜ちゃんの、もっと……じゅるっ、んッ、\n　もっといっぱい、飲ませてっ……氈v%K%P
「陽菜ちゃんの、もっと……じゅるっ、んッ、\n　もっといっぱい、飲ませてっ……氈v%K%P
%LC杏奈
%LC杏奈
「もっと、もおっとぉ……ぢゅるるっ、\n　ぢゅぷぷぷ、じゅるるぅるるるぅうっ氈v%K%P
「もっと、もおっとぉ……ぢゅるるっ、\n　ぢゅぷぷぷ、じゅるるぅるるるぅうっ氈v%K%P
%LC陽菜
%LC陽菜
「んあっ……？！　はふっ、んぅふんぅっ」%K%P
「んあっ……？！　はふっ、んぅふんぅっ」%K%P
唾液をすすりあげる水音が、口内で反響する。%K%P
唾液をすすりあげる水音が、口内で反響する。%K%P
耳だけじゃなく脳まで震わせる振動に、\n興奮がどんどん募っていく。%K%P
耳だけじゃなく脳まで震わせる振動に、\n興奮がどんどん募っていく。%K%P
%LC杏奈
%LC杏奈
「はっ、はァっ……やっぱ、キス、すごい……。\n　これだけでもイッちゃいそぅっ……氈v%K%P
「はっ、はァっ……やっぱ、キス、すごい……。\n　これだけでもイッちゃいそぅっ……氈v%K%P
%LC杏奈
%LC杏奈
「陽菜ちゃんは？\n　おち○ぽ、おっきくなった？」%K%P
「陽菜ちゃんは？\n　おち○ぽ、おっきくなった？」%K%P
%LC陽菜
%LC陽菜
「おかげさまで、とっくにガチガチ」%K%P
「おかげさまで、とっくにガチガチ」%K%P
%LC杏奈
%LC杏奈
「えへへっ……　あっ、でも、鎧にあたって\n　痛かったりしない？　大丈夫？」%K%P
「えへへっ……　あっ、でも、鎧にあたって\n　痛かったりしない？　大丈夫？」%K%P
%LC陽菜
%LC陽菜
「正直、これ以上勃起しちゃうとヤバいかも」%K%P
「正直、これ以上勃起しちゃうとヤバいかも」%K%P
%LC杏奈
%LC杏奈
「なら、下だけ脱いじゃお？\n　腰回りだけなら、簡単に外せるし」%K%P
「なら、下だけ脱いじゃお？\n　腰回りだけなら、簡単に外せるし」%K%P
そうして、杏奈ちゃんは抱きついたまま、\n手探りで鎧を外してくれて。%K%P
そうして、杏奈ちゃんは抱きついたまま、\n手探りで鎧を外してくれて。%K%P
%LC杏奈
%LC杏奈
「……はい、これでオッケー」%K%P
「……はい、これでオッケー」%K%P
%LC陽菜
%LC陽菜
「手際、よすぎなんだけど」%K%P
「手際、よすぎなんだけど」%K%P
%LC杏奈
%LC杏奈
「まぁね。こんなこともあろうかと、\n　着るとき、ちゃんとチェックしといたし」%K%P
「まぁね。こんなこともあろうかと、\n　着るとき、ちゃんとチェックしといたし」%K%P
%LC陽菜
%LC陽菜
「えっち」%K%P
「えっち」%K%P
%LC杏奈
%LC杏奈
「そうだよ？　私、ドスケベだもん」%K%P
「そうだよ？　私、ドスケベだもん」%K%P
%LC杏奈
%LC杏奈
「だから今日はもう、このまま、一気にぃ――」%K%P
「だから今日はもう、このまま、一気にぃ――」%K%P
抱きついた杏奈ちゃんが、そっと腰を下ろす。%K%P
抱きついた杏奈ちゃんが、そっと腰を下ろす。%K%P
オレの上に座るような体勢になると、\n当然、露出した性器同士が、触れあって――、%K%P
オレの上に座るような体勢になると、\n当然、露出した性器同士が、触れあって――、%K%P
%LC杏奈
%LC杏奈
「くァっ、あァあああっ……　はうっ、\n　これ、すごっ……ぐぅ、んんぅんんッ……」%K%P
「くァっ、あァあああっ……　はうっ、\n　これ、すごっ……ぐぅ、んんぅんんッ……」%K%P
%LC杏奈
%LC杏奈
「はふぅ、はぁ、はぁぁっ……ん、えへへ、\n　しっかり、ぜぇんぶ、入っちゃったぁ……氈v%K%P
「はふぅ、はぁ、はぁぁっ……ん、えへへ、\n　しっかり、ぜぇんぶ、入っちゃったぁ……氈v%K%P
見事に挿入を遂げて、にっこり笑う杏奈ちゃん。%K%P
見事に挿入を遂げて、にっこり笑う杏奈ちゃん。%K%P
こっちが座ってる分、迎え入れやすいとは思うけど、\nそれにしたって、こうもあっさり挿れちゃうなんて。%K%P
こっちが座ってる分、迎え入れやすいとは思うけど、\nそれにしたって、こうもあっさり挿れちゃうなんて。%K%P
%LC杏奈
%LC杏奈
「んっ……ふぅ、ドキドキしたけど、\n　上手くいってよかったぁ……氈v%K%P
「んっ……ふぅ、ドキドキしたけど、\n　上手くいってよかったぁ……氈v%K%P
%LC杏奈
%LC杏奈
「それもこれも、陽菜ちゃんのおち○ぽが、\n　ガチガチに勃起してくれるおかげっ……氈v%K%P
「それもこれも、陽菜ちゃんのおち○ぽが、\n　ガチガチに勃起してくれるおかげっ……氈v%K%P
%LC陽菜
%LC陽菜
「ガチガチなの、杏奈ちゃんのせいだからね？」%K%P
「ガチガチなの、杏奈ちゃんのせいだからね？」%K%P
%LC杏奈
%LC杏奈
「にひひっ　だって大好きなんだもん、\n　陽菜ちゃんも、陽菜ちゃんのおち○ぽも」%K%P
「にひひっ　だって大好きなんだもん、\n　陽菜ちゃんも、陽菜ちゃんのおち○ぽも」%K%P
%LC杏奈
%LC杏奈
「だから、今日も私の膣内でめいっぱい、\n　気持ちよくなってくれたら嬉しい」%K%P
「だから、今日も私の膣内でめいっぱい、\n　気持ちよくなってくれたら嬉しい」%K%P
%LC杏奈
%LC杏奈
「でね、できれば、イクときもいっしょに……」%K%P
「でね、できれば、イクときもいっしょに……」%K%P
%LC陽菜
%LC陽菜
「もちろん」%K%P
「もちろん」%K%P
%LC杏奈
%LC杏奈
「えへへっ……　ねぇ陽菜ちゃん、\n　キス、もっかいしても――」%K%P
「えへへっ……　ねぇ陽菜ちゃん、\n　キス、もっかいしても――」%K%P
%LC陽菜
%LC陽菜
「んむっ、ちゅっ……れーろ、れるっ」%K%P
「んむっ、ちゅっ……れーろ、れるっ」%K%P
%LC杏奈
%LC杏奈
「ひあうっ　はあっ、あっ、んんっ、\n　んふっ、べろちゅー好き、だぁい好き氈v%K%P
「ひあうっ　はあっ、あっ、んんっ、\n　んふっ、べろちゅー好き、だぁい好き氈v%K%P
甘い声を漏らす杏奈ちゃんの唇が、\nふたたび舌に吸いついてくる。%K%P
甘い声を漏らす杏奈ちゃんの唇が、\nふたたび舌に吸いついてくる。%K%P
しかも今度は、結合した下半身を揺すりながら。%K%P
しかも今度は、結合した下半身を揺すりながら。%K%P
%LC杏奈
%LC杏奈
「あふぅ、はあっ……あむっ、ちゅぷぷる、\n　はむはむっ……あーむ、れろろっ」%K%P
「あふぅ、はあっ……あむっ、ちゅぷぷる、\n　はむはむっ……あーむ、れろろっ」%K%P
%LC杏奈
%LC杏奈
「んうっ、はぁ……あぁ、どうしよっ、\n　挿れたばっかなのに、もう気持ちいいっ……」%K%P
「んうっ、はぁ……あぁ、どうしよっ、\n　挿れたばっかなのに、もう気持ちいいっ……」%K%P
%LC陽菜
%LC陽菜
「うんっ……。この前と、全然ちがうっ……」%K%P
「うんっ……。この前と、全然ちがうっ……」%K%P
初エッチのときはお互い緊張もあったから、\nどうしても身構えてしまったけれど。%K%P
初エッチのときはお互い緊張もあったから、\nどうしても身構えてしまったけれど。%K%P
でも、一度それを乗り越えた身体は、\nあのとき味わった快感を、しっかり覚えていて。%K%P
でも、一度それを乗り越えた身体は、\nあのとき味わった快感を、しっかり覚えていて。%K%P
おかげで、身体が素直に動いてくれる。%K%P
おかげで、身体が素直に動いてくれる。%K%P
%LC陽菜
%LC陽菜
「あそこ、痛くない？」%K%P
「あそこ、痛くない？」%K%P
%LC杏奈
%LC杏奈
「へーきっ。昨日はちょっとだけだけ、\n　違和感みたいなの、あったんだけど……」%K%P
「へーきっ。昨日はちょっとだけだけ、\n　違和感みたいなの、あったんだけど……」%K%P
%LC杏奈
%LC杏奈
「でも、今朝はもう、いつも通りだったし。\n　いまなんて、すっごく気持ちいいっ……」%K%P
「でも、今朝はもう、いつも通りだったし。\n　いまなんて、すっごく気持ちいいっ……」%K%P
%LC杏奈
%LC杏奈
「もうね、陽菜ちゃんのおち○ぽ、\n　このままずぅっと挿れてたいぐらいっ氈v%K%P
「もうね、陽菜ちゃんのおち○ぽ、\n　このままずぅっと挿れてたいぐらいっ氈v%K%P
%LC陽菜
%LC陽菜
「わっ……ちょっ、ぎゅって……んあうッ」%K%P
「わっ……ちょっ、ぎゅって……んあうッ」%K%P
想いを体現するように、膣圧が強くなる。%K%P
想いを体現するように、膣圧が強くなる。%K%P
乗っかられて身動きがとりにくいこの体勢だと、\nペニスは彼女に飲み込まれていく一方だ。%K%P
乗っかられて身動きがとりにくいこの体勢だと、\nペニスは彼女に飲み込まれていく一方だ。%K%P
%LC陽菜
%LC陽菜
「んくっ……ふぅ、はぁ、杏奈ちゃん、\n　キスもおま○こも、がっつきすぎっ」%K%P
「んくっ……ふぅ、はぁ、杏奈ちゃん、\n　キスもおま○こも、がっつきすぎっ」%K%P
%LC杏奈
%LC杏奈
「だって、どっちも美味しいんだもんっ氈v%K%P
「だって、どっちも美味しいんだもんっ氈v%K%P
%LC杏奈
%LC杏奈
「ちゅーしながら、腰、ぐりぐりすると、\n　それだけで、快感、ぶわーって……あぁあっ氈v%K%P
「ちゅーしながら、腰、ぐりぐりすると、\n　それだけで、快感、ぶわーって……あぁあっ氈v%K%P
%LC杏奈
%LC杏奈
「あっ、そこいいっ……おち○ぽ、こすれて、\n　はぁっ……あぁ　ああっ　あぁあっ氈v%K%P
「あっ、そこいいっ……おち○ぽ、こすれて、\n　はぁっ……あぁ　ああっ　あぁあっ氈v%K%P
ベリーダンスのように腰を回されると、\nぬるぬるの膣内で、亀頭がぐりぐり攪拌されて。%K%P
ベリーダンスのように腰を回されると、\nぬるぬるの膣内で、亀頭がぐりぐり攪拌されて。%K%P
その快感でペニスがさらに大きくなると、\n触れあう面積が増えて、ますます気持ちいい。%K%P
その快感でペニスがさらに大きくなると、\n触れあう面積が増えて、ますます気持ちいい。%K%P
%LC陽菜
%LC陽菜
「どうしよ、無限に勃起しちゃいそうっ……」%K%P
「どうしよ、無限に勃起しちゃいそうっ……」%K%P
%LC杏奈
%LC杏奈
「そうなったら私のおま○こ、\n　陽菜ちゃんでパンパンになっちゃうっ氈v%K%P
「そうなったら私のおま○こ、\n　陽菜ちゃんでパンパンになっちゃうっ氈v%K%P
%LC陽菜
%LC陽菜
「そのぐらい気持ちいいってこと」%K%P
「そのぐらい気持ちいいってこと」%K%P
%LC杏奈
%LC杏奈
「なら、もっともっと、気持ちよぉー……くッ」%K%P
「なら、もっともっと、気持ちよぉー……くッ」%K%P
%LC陽菜
%LC陽菜
「んひゃうッ氈v%K%P
「んひゃうッ氈v%K%P
掛け声とともに杏奈ちゃんがしがみつくと、\n膣内がぐっと狭くなる。%K%P
掛け声とともに杏奈ちゃんがしがみつくと、\n膣内がぐっと狭くなる。%K%P
ギリギリの挿抜を繰り返す亀頭は、\n突然の締めつけに、ますます膨らんで。%K%P
ギリギリの挿抜を繰り返す亀頭は、\n突然の締めつけに、ますます膨らんで。%K%P
あまりの気持ち良さに、\nのけぞりながら高い声を漏らしてしまう。%K%P
あまりの気持ち良さに、\nのけぞりながら高い声を漏らしてしまう。%K%P
%LC杏奈
%LC杏奈
「あっ……にひひっ　いまの可愛いっ氈v%K%P
「あっ……にひひっ　いまの可愛いっ氈v%K%P
%LC陽菜
%LC陽菜
「か、可愛いって……なんでそうなるのっ」%K%P
「か、可愛いって……なんでそうなるのっ」%K%P
%LC杏奈
%LC杏奈
「だってだって、んひゃうっ　だよっ？\n　そんな声出ちゃうとか、可愛すぎっ……氈v%K%P
「だってだって、んひゃうっ　だよっ？\n　そんな声出ちゃうとか、可愛すぎっ……氈v%K%P
%LC陽菜
%LC陽菜
「くッ……もう、またそうやってぇっ……」%K%P
「くッ……もう、またそうやってぇっ……」%K%P
思えば初エッチ前の手コキの時も、\n声を可愛いと言われて押し切られてしまった。%K%P
思えば初エッチ前の手コキの時も、\n声を可愛いと言われて押し切られてしまった。%K%P
けど、今日こそはっ……！%K%P
けど、今日こそはっ……！%K%P
%LC陽菜
%LC陽菜
「この声でも、まだ可愛い？」%K%P
「この声でも、まだ可愛い？」%K%P
%LC杏奈
%LC杏奈
「っっ……滲　んっ、い、言えるもんっ。\n　陽菜ちゃんの声、すっごい可愛い――」%K%P
「っっ……滲　んっ、い、言えるもんっ。\n　陽菜ちゃんの声、すっごい可愛い――」%K%P
%LC陽菜
%LC陽菜
「杏奈のほうが可愛い」%K%P
「杏奈のほうが可愛い」%K%P
%LC杏奈
%LC杏奈
「あふぅっ　ぐぅ……ズルいよぅ、\n　その声、反則ぅ……はあっ、やぁああっ氈v%K%P
「あふぅっ　ぐぅ……ズルいよぅ、\n　その声、反則ぅ……はあっ、やぁああっ氈v%K%P
%LC陽菜
%LC陽菜
「でも好きでしょ？\n　この声、好きなんだもんね？」%K%P
「でも好きでしょ？\n　この声、好きなんだもんね？」%K%P
%LC杏奈
%LC杏奈
「んんぅッ　や、だめ、その声だめぇ、\n　ほんと、耳とけちゃうからぁ……んやあっ氈v%K%P
「んんぅッ　や、だめ、その声だめぇ、\n　ほんと、耳とけちゃうからぁ……んやあっ氈v%K%P
%LC陽菜
%LC陽菜
「杏奈、大好き。……ちゅっ」%K%P
「杏奈、大好き。……ちゅっ」%K%P
%LC杏奈
%LC杏奈
「ふあうっ　やっ、腰抜けるっ、\n　声だけで、腰、ぬけちゃ……んにゃううっ」%K%P
「ふあうっ　やっ、腰抜けるっ、\n　声だけで、腰、ぬけちゃ……んにゃううっ」%K%P
あまりにも反応が可愛くて調子に乗ったら、\n彼女の身体から、すとんと力が抜ける。%K%P
あまりにも反応が可愛くて調子に乗ったら、\n彼女の身体から、すとんと力が抜ける。%K%P
咄嗟に支えたまでは良かったけど、\n彼女の重みが、全部オレのほうに乗っかって。%K%P
咄嗟に支えたまでは良かったけど、\n彼女の重みが、全部オレのほうに乗っかって。%K%P
結果、ペニスがずぶぶぶっと沈んで――、%K%P
結果、ペニスがずぶぶぶっと沈んで――、%K%P
%LC杏奈
%LC杏奈
「はぅっ、んぁああああああああっ歃n　おち○ぽ、おくにぃ……ぐぅっ、んぅんッ」%K%P
「はぅっ、んぁああああああああっ歃n　おち○ぽ、おくにぃ……ぐぅっ、んぅんッ」%K%P
%LC杏奈
%LC杏奈
「はうっ、先っぽぐりぐりって……きゃうッ、\n　おち○ぽくるっ、奥にくるぅうぅっ氈v%K%P
「はうっ、先っぽぐりぐりって……きゃうッ、\n　おち○ぽくるっ、奥にくるぅうぅっ氈v%K%P
%LC陽菜
%LC陽菜
「ひぐッ……ふッ、くぅううっ……！」%K%P
「ひぐッ……ふッ、くぅううっ……！」%K%P
オレの上から滑り落ちないよう、\n杏奈ちゃんが両手でぎゅっとしがみつく。%K%P
オレの上から滑り落ちないよう、\n杏奈ちゃんが両手でぎゅっとしがみつく。%K%P
同調して、秘裂もますますキツくなる。%K%P
同調して、秘裂もますますキツくなる。%K%P
%LC杏奈
%LC杏奈
「やぅうっ……だめっ、ごめん日向くん、\n　私、これもう、イキそぅッ……」%K%P
「やぅうっ……だめっ、ごめん日向くん、\n　私、これもう、イキそぅッ……」%K%P
%LC杏奈
%LC杏奈
「一緒にイクって約束したのに、\n　私だけ、さき、イッちゃうかもっ……」%K%P
「一緒にイクって約束したのに、\n　私だけ、さき、イッちゃうかもっ……」%K%P
%LC陽菜
%LC陽菜
「いいよ、イッて。すぐに追いつくから」%K%P
「いいよ、イッて。すぐに追いつくから」%K%P
%LC杏奈
%LC杏奈
「んっ……じゃあ、さきイクねっ？\n　日向くんのおち○ぽで、いっぱいイクねっ？」%K%P
「んっ……じゃあ、さきイクねっ？\n　日向くんのおち○ぽで、いっぱいイクねっ？」%K%P
%LC陽菜
%LC陽菜
「うん。オレのち○ぽで、いっぱいイッて」%K%P
「うん。オレのち○ぽで、いっぱいイッて」%K%P
%LC杏奈
%LC杏奈
「んふ、えへへっ　日向くんのおち○ぽで、\n　いっぱいイクっ　いっぱいイッちゃうッ氈v%K%P
「んふ、えへへっ　日向くんのおち○ぽで、\n　いっぱいイクっ　いっぱいイッちゃうッ氈v%K%P
%LC陽菜
%LC陽菜
「杏奈、あーん」%K%P
「杏奈、あーん」%K%P
%LC杏奈
%LC杏奈
「あっ……　あーぅ……んぅ、んんんぅっ」%K%P
「あっ……　あーぅ……んぅ、んんんぅっ」%K%P
口を開けた杏奈ちゃんが嬉しそうに舌を伸ばし、\n今度はオレが、その舌を吸い上げる。%K%P
口を開けた杏奈ちゃんが嬉しそうに舌を伸ばし、\n今度はオレが、その舌を吸い上げる。%K%P
%LC杏奈
%LC杏奈
「あふっ……ベロ、しゅごひっ……んぅう歃n　べろ、ちゅーちゅー……ふおっ、んぉうっ氈v%K%P
「あふっ……ベロ、しゅごひっ……んぅう歃n　べろ、ちゅーちゅー……ふおっ、んぉうっ氈v%K%P
%LC杏奈
%LC杏奈
「やはっ、イッちゃう、べろちゅーとおち○ぽで、\n　イッ……んっ、んぅぐぅうぅううぅッ氈v%K%P
「やはっ、イッちゃう、べろちゅーとおち○ぽで、\n　イッ……んっ、んぅぐぅうぅううぅッ氈v%K%P
%LC杏奈
%LC杏奈
「ふぎゅぅっ……あふッ、くぁああァ……歃n　はっ……あっ、はあっ、あっ、ああぁ氈v%K%P
「ふぎゅぅっ……あふッ、くぁああァ……歃n　はっ……あっ、はあっ、あっ、ああぁ氈v%K%P
%LC陽菜
%LC陽菜
「はあッ……膣内、すごっ……んんッ」%K%P
「はあッ……膣内、すごっ……んんッ」%K%P
絶頂と同時に、彼女の身体がぎゅっと強張る。%K%P
絶頂と同時に、彼女の身体がぎゅっと強張る。%K%P
ペニスを抱きしめる膣だけじゃなく、\nオレを抱きしめる両腕の力もぐっと強くなって。%K%P
ペニスを抱きしめる膣だけじゃなく、\nオレを抱きしめる両腕の力もぐっと強くなって。%K%P
めいっぱいのハグに、出番を待ってた精子が、\n一気に亀頭目掛けて迫り上がって――、%K%P
めいっぱいのハグに、出番を待ってた精子が、\n一気に亀頭目掛けて迫り上がって――、%K%P
%LC陽菜
%LC陽菜
「オレも、イキそっ……出すよ？　いーいっ？」%K%P
「オレも、イキそっ……出すよ？　いーいっ？」%K%P
%LC杏奈
%LC杏奈
「うんっ、出してっ　ちょうだいっ。\n　イキたておま○こで、いっぱいイッてっ？」%K%P
「うんっ、出してっ　ちょうだいっ。\n　イキたておま○こで、いっぱいイッてっ？」%K%P
%LC杏奈
%LC杏奈
「せーし、垂らしちゃだめだよっ？\n　ぜんぶ膣内に注いで、日向くんっ……氈v%K%P
「せーし、垂らしちゃだめだよっ？\n　ぜんぶ膣内に注いで、日向くんっ……氈v%K%P
%LC陽菜
%LC陽菜
「ぅんッ……！　ぐッ……くッ、んぅんんッ！」%K%P
「ぅんッ……！　ぐッ……くッ、んぅんんッ！」%K%P
%LC杏奈
%LC杏奈
「ふああっ、あぁああぁああ……っ歃n　せーし、びゅくびゅく……ぐっ、んぅうッ氈v%K%P
「ふああっ、あぁああぁああ……っ歃n　せーし、びゅくびゅく……ぐっ、んぅうッ氈v%K%P
%LC杏奈
%LC杏奈
「熱いの、びゅびゅーって……あふうっ歃n　これ、このままじゃっ……ぐっ、ぎゅううっ氈v%K%P
「熱いの、びゅびゅーって……あふうっ歃n　これ、このままじゃっ……ぐっ、ぎゅううっ氈v%K%P
%LC陽菜
%LC陽菜
「うあっ……？！　なっ、なにしてっ……！？」%K%P
「うあっ……？！　なっ、なにしてっ……！？」%K%P
%LC杏奈
%LC杏奈
「だって日向くんの精子、\n　おま○こからあふれちゃいそうなんだもんっ」%K%P
「だって日向くんの精子、\n　おま○こからあふれちゃいそうなんだもんっ」%K%P
%LC陽菜
%LC陽菜
「だからって、イッてるときに、\n　ぎゅってしちゃっ……ひぐっ、んあァッ」%K%P
「だからって、イッてるときに、\n　ぎゅってしちゃっ……ひぐっ、んあァッ」%K%P
余さず注ぎ込もうと押し込んだペニスに、\n想定外の圧がいっぺんに襲いかかる。%K%P
余さず注ぎ込もうと押し込んだペニスに、\n想定外の圧がいっぺんに襲いかかる。%K%P
強い刺激に腰が引けそうになるけど、\nそんなことしたら、膣内射精は台無しで。%K%P
強い刺激に腰が引けそうになるけど、\nそんなことしたら、膣内射精は台無しで。%K%P
となったら、方法はひとつ……！%K%P
となったら、方法はひとつ……！%K%P
%LC陽菜
%LC陽菜
「杏奈、もっと、こっちっ……！」%K%P
「杏奈、もっと、こっちっ……！」%K%P
%LC杏奈
%LC杏奈
「ひゃんっ？！　なっ、急にっ……んあッ、\n　あぁ　あっ　あああああああっ……氈v%K%P
「ひゃんっ？！　なっ、急にっ……んあッ、\n　あぁ　あっ　あああああああっ……氈v%K%P
渾身の力で杏奈ちゃんを抱き寄せると、\n腕の中で、彼女の全身がぶるぶるっと震える。%K%P
渾身の力で杏奈ちゃんを抱き寄せると、\n腕の中で、彼女の全身がぶるぶるっと震える。%K%P
精子が溢れないようにオレが選んだ方法は、\n結合部をぴったり密着し、封をすることだった。%K%P
精子が溢れないようにオレが選んだ方法は、\n結合部をぴったり密着し、封をすることだった。%K%P
%LC杏奈
%LC杏奈
「はあっ……あふっ、これ、ひゅごひっ……歃n　子宮に、せーし……びゅくくぅって、ああっ氈v%K%P
「はあっ……あふっ、これ、ひゅごひっ……歃n　子宮に、せーし……びゅくくぅって、ああっ氈v%K%P
%LC陽菜
%LC陽菜
「うんっ……いっぱい、出てるッ……」%K%P
「うんっ……いっぱい、出てるッ……」%K%P
たった１回の射精とは思えないぐらい、\nペニスも玉袋も、どくんどくん脈を打って。%K%P
たった１回の射精とは思えないぐらい、\nペニスも玉袋も、どくんどくん脈を打って。%K%P
そのたび吐き出される精子が、\nぜんぶぜんぶ、杏奈ちゃんの膣内に――、%K%P
そのたび吐き出される精子が、\nぜんぶぜんぶ、杏奈ちゃんの膣内に――、%K%P
%LC杏奈
%LC杏奈
「はぁ……はぁ、あぁ、ああぁ……。\n　んうぅ……日向くん、出し過ぎぃ……氈v%K%P
「はぁ……はぁ、あぁ、ああぁ……。\n　んうぅ……日向くん、出し過ぎぃ……氈v%K%P
%LC陽菜
%LC陽菜
「杏奈ちゃんが、ぎゅってするから……」%K%P
「杏奈ちゃんが、ぎゅってするから……」%K%P
%LC杏奈
%LC杏奈
「だって日向くんのイキ顔、可愛すぎて……。\n　それでつい、愛しくて、ぎゅーって……んふぅ氈v%K%P
「だって日向くんのイキ顔、可愛すぎて……。\n　それでつい、愛しくて、ぎゅーって……んふぅ氈v%K%P
うっとり微笑む杏奈ちゃんに言い返したいけど、\n頭が真っ白すぎて、言葉が浮かんでこない。%K%P
うっとり微笑む杏奈ちゃんに言い返したいけど、\n頭が真っ白すぎて、言葉が浮かんでこない。%K%P
全力射精のあとの余韻は気持ちよくて、\n水漏れするように、全身の力が抜けていく。%K%P
全力射精のあとの余韻は気持ちよくて、\n水漏れするように、全身の力が抜けていく。%K%P
%LC陽菜
%LC陽菜
「腰、大丈夫？」%K%P
「腰、大丈夫？」%K%P
%LC杏奈
%LC杏奈
「うん。いまはもう……ほら、ね？」%K%P
「うん。いまはもう……ほら、ね？」%K%P
両足でオレをぎゅっと挟んで、\n力が戻ったことをアピールする杏奈ちゃん。%K%P
両足でオレをぎゅっと挟んで、\n力が戻ったことをアピールする杏奈ちゃん。%K%P
と、彼女はさらに、足に力を込めた。%K%P
と、彼女はさらに、足に力を込めた。%K%P
%LC杏奈
%LC杏奈
「……ね？　もう１回しよって言ったら、\n　日向くん、できる？」%K%P
「……ね？　もう１回しよって言ったら、\n　日向くん、できる？」%K%P
%LC陽菜
%LC陽菜
「出来なくは、ないけど……。\n　いまのじゃ物足りなかった？」%K%P
「出来なくは、ないけど……。\n　いまのじゃ物足りなかった？」%K%P
%LC杏奈
%LC杏奈
「ううん、そんなことない。気持ち良かったし、\n　精子もたっぷり膣内にもらったし……」%K%P
「ううん、そんなことない。気持ち良かったし、\n　精子もたっぷり膣内にもらったし……」%K%P
%LC杏奈
%LC杏奈
「でも……やっぱり、一緒にイキたいなって」%K%P
「でも……やっぱり、一緒にイキたいなって」%K%P
%LC杏奈
%LC杏奈
「一緒にイクほうが、気持ちいいし……。\n　なにより、すっごく幸せな気持ちになるから」%K%P
「一緒にイクほうが、気持ちいいし……。\n　なにより、すっごく幸せな気持ちになるから」%K%P
%LC陽菜
%LC陽菜
「なら、しよっか。もう一回」%K%P
「なら、しよっか。もう一回」%K%P
%LC杏奈
%LC杏奈
「いいのっ？」%K%P
「いいのっ？」%K%P
%LC陽菜
%LC陽菜
「そのかわり、今度はこっちが動く番ね」%K%P
「そのかわり、今度はこっちが動く番ね」%K%P
%LC杏奈
%LC杏奈
「……え？」%K%P
「……え？」%K%P
%LC杏奈
%LC杏奈
「ほっ、ホントにこの体勢でするのっ？」%K%P
「ほっ、ホントにこの体勢でするのっ？」%K%P
%LC陽菜
%LC陽菜
「するの」%K%P
「するの」%K%P
お尻を突き出した杏奈ちゃんの片足を抱きかかえ、\nそのまま、後ろからぐいっと腰を寄せる。%K%P
お尻を突き出した杏奈ちゃんの片足を抱きかかえ、\nそのまま、後ろからぐいっと腰を寄せる。%K%P
万一に備えて鎧をすべて脱ぐわけにはいかないし、\nかといって、横になったら鎧を傷めてしまう。%K%P
万一に備えて鎧をすべて脱ぐわけにはいかないし、\nかといって、横になったら鎧を傷めてしまう。%K%P
となると、選べる体勢は、あまり多くはなくて。%K%P
となると、選べる体勢は、あまり多くはなくて。%K%P
%LC陽菜
%LC陽菜
「これなら互いの顔も近いし、\n　いっぱい動いてあげられるから」%K%P
「これなら互いの顔も近いし、\n　いっぱい動いてあげられるから」%K%P
%LC杏奈
%LC杏奈
「気持ちは嬉しいけど……、\n　できるだけ、お手柔らかにね？」%K%P
「気持ちは嬉しいけど……、\n　できるだけ、お手柔らかにね？」%K%P
%LC杏奈
%LC杏奈
「でないと、今度こそホントに、\n　腰、抜けちゃいそうだし……」%K%P
「でないと、今度こそホントに、\n　腰、抜けちゃいそうだし……」%K%P
%LC陽菜
%LC陽菜
「そのときは責任をもって、\n　学生寮まで送っていってあげる」%K%P
「そのときは責任をもって、\n　学生寮まで送っていってあげる」%K%P
%LC杏奈
%LC杏奈
「どうやって？」%K%P
「どうやって？」%K%P
%LC陽菜
%LC陽菜
「それは……やっぱり、おんぶとか」%K%P
「それは……やっぱり、おんぶとか」%K%P
%LC杏奈
%LC杏奈
「せっかくだし、お姫様抱っこがいいな」%K%P
「せっかくだし、お姫様抱っこがいいな」%K%P
%LC陽菜
%LC陽菜
「かしこまりました、姫」%K%P
「かしこまりました、姫」%K%P
%LC杏奈
%LC杏奈
「えへへ　じゃあ、腰抜けちゃうぐらい、\n　いっぱいいっぱい激しくして？」%K%P
「えへへ　じゃあ、腰抜けちゃうぐらい、\n　いっぱいいっぱい激しくして？」%K%P
%LC杏奈
%LC杏奈
「せっかくのお姫様抱っこチャンス、\n　逃したくないもん」%K%P
「せっかくのお姫様抱っこチャンス、\n　逃したくないもん」%K%P
%LC陽菜
%LC陽菜
「任せてっ……！　んっ、くっ……！」%K%P
「任せてっ……！　んっ、くっ……！」%K%P
%LC杏奈
%LC杏奈
「ひゃううっ　いきなりっ……くあっ、\n　はあっ、ああああっ、ああっ、はあっ」%K%P
「ひゃううっ　いきなりっ……くあっ、\n　はあっ、ああああっ、ああっ、はあっ」%K%P
ふたりとも身体は出来上がっているから、\n最初から全力で、膣口に亀頭を押し込む。%K%P
ふたりとも身体は出来上がっているから、\n最初から全力で、膣口に亀頭を押し込む。%K%P
割れ目はヌルヌルで、亀頭もヌルヌルで。%K%P
割れ目はヌルヌルで、亀頭もヌルヌルで。%K%P
さっき出した自分の精子を掻き出すように、\nペニスがじゅぶぶぶぅっと埋もれていく。%K%P
さっき出した自分の精子を掻き出すように、\nペニスがじゅぶぶぶぅっと埋もれていく。%K%P
%LC杏奈
%LC杏奈
「はうっ、はあああっ、あっ、ああっ、\n　はぁはぁ……ぐっ、んんっ、んぅんッ」%K%P
「はうっ、はあああっ、あっ、ああっ、\n　はぁはぁ……ぐっ、んんっ、んぅんッ」%K%P
%LC杏奈
%LC杏奈
「んぐっ、はあっ、日向くんのおち○ぽ、\n　さっきより、めっちゃ、激しぃっ……氈v%K%P
「んぐっ、はあっ、日向くんのおち○ぽ、\n　さっきより、めっちゃ、激しぃっ……氈v%K%P
%LC陽菜
%LC陽菜
「さっきは上に乗っかられちゃって、\n　ほとんど動かせなかったから」%K%P
「さっきは上に乗っかられちゃって、\n　ほとんど動かせなかったから」%K%P
%LC陽菜
%LC陽菜
「今度はオレが、杏奈ちゃんを、\n　いっぱい気持ち良くしてあげる番っ……！」%K%P
「今度はオレが、杏奈ちゃんを、\n　いっぱい気持ち良くしてあげる番っ……！」%K%P
%LC杏奈
%LC杏奈
「みゃふうっ　ん、いっぱいしてっ？\n　おま○こ、もっと気持ち良くしてほしいっ」%K%P
「みゃふうっ　ん、いっぱいしてっ？\n　おま○こ、もっと気持ち良くしてほしいっ」%K%P
%LC杏奈
%LC杏奈
「日向くんのおち○ぽ精子で、私の膣内、\n　ドロっドロの、たっぷたぷにぃ……んはあっ氈v%K%P
「日向くんのおち○ぽ精子で、私の膣内、\n　ドロっドロの、たっぷたぷにぃ……んはあっ氈v%K%P
%LC陽菜
%LC陽菜
「そんなになるまで出したら、\n　こっちの腰まで抜けちゃうってば」%K%P
「そんなになるまで出したら、\n　こっちの腰まで抜けちゃうってば」%K%P
%LC杏奈
%LC杏奈
「大丈夫っ。日向くんのおち○ぽ、\n　すっごくすっごくガチガチだもんっ氈v%K%P
「大丈夫っ。日向くんのおち○ぽ、\n　すっごくすっごくガチガチだもんっ氈v%K%P
%LC杏奈
%LC杏奈
「まだ１回しか出してないし、\n　あと１０回ぐらいはイケるでしょ？」%K%P
「まだ１回しか出してないし、\n　あと１０回ぐらいはイケるでしょ？」%K%P
%LC陽菜
%LC陽菜
「無茶言わないのっ」%K%P
「無茶言わないのっ」%K%P
%LC杏奈
%LC杏奈
「えっ、そうなの？　無茶なの？」%K%P
「えっ、そうなの？　無茶なの？」%K%P
%LC陽菜
%LC陽菜
「さすがに１０回は無茶だってば」%K%P
「さすがに１０回は無茶だってば」%K%P
%LC杏奈
%LC杏奈
「でも、手でしこしこしてあげたとき、\n　連続でどぴゅどぴゅしてたよ？」%K%P
「でも、手でしこしこしてあげたとき、\n　連続でどぴゅどぴゅしてたよ？」%K%P
%LC陽菜
%LC陽菜
「あれを基準にしちゃだめっ。\n　あんなのオレだって初めてだったし」%K%P
「あれを基準にしちゃだめっ。\n　あんなのオレだって初めてだったし」%K%P
%LC杏奈
%LC杏奈
「そうなんだ……。私、日向くんとだったら、\n　１０回ぐらい余裕でイケそうなのに……」%K%P
「そうなんだ……。私、日向くんとだったら、\n　１０回ぐらい余裕でイケそうなのに……」%K%P
……え？%K%P
……え？%K%P
%LC陽菜
%LC陽菜
「杏奈ちゃん、いまの――」%K%P
「杏奈ちゃん、いまの――」%K%P
%LC杏奈
%LC杏奈
「うゃっ……？！　あ、え、えと、女の子って\n　男の子に比べてイキやすいっていうしっ……！」%K%P
「うゃっ……？！　あ、え、えと、女の子って\n　男の子に比べてイキやすいっていうしっ……！」%K%P
%LC杏奈
%LC杏奈
「ほら、マルチオーガズムって知らない？\n　連続イキとか聞いたことないっ？」%K%P
「ほら、マルチオーガズムって知らない？\n　連続イキとか聞いたことないっ？」%K%P
%LC陽菜
%LC陽菜
「杏奈ちゃんって、実は耳年増？」%K%P
「杏奈ちゃんって、実は耳年増？」%K%P
%LC杏奈
%LC杏奈
「そっ、そんなコトないヨっ？\n　人並みに興味があるぐらいで……」%K%P
「そっ、そんなコトないヨっ？\n　人並みに興味があるぐらいで……」%K%P
%LC杏奈
%LC杏奈
「日向くんとエッチしたあと、気になって、\n　ちょこっとネットで調べたぐらいだし……」%K%P
「日向くんとエッチしたあと、気になって、\n　ちょこっとネットで調べたぐらいだし……」%K%P
%LC陽菜
%LC陽菜
「杏奈のえっちっ」%K%P
「杏奈のえっちっ」%K%P
%LC杏奈
%LC杏奈
「みゃうっ　やっ、いま、腰ぐいって――」%K%P
「みゃうっ　やっ、いま、腰ぐいって――」%K%P
%LC陽菜
%LC陽菜
「えっちっ。えっち、えっち、えっちっ」%K%P
「えっちっ。えっち、えっち、えっちっ」%K%P
%LC杏奈
%LC杏奈
「くああっ　また、ぐいって……あんっ、\n　不意打ちズルいよぉっ、日向くぅんッ……！」%K%P
「くああっ　また、ぐいって……あんっ、\n　不意打ちズルいよぉっ、日向くぅんッ……！」%K%P
えっちという言葉を掛け声に腰を打ち込んだら、\n杏奈ちゃんの表情がふにゃっと蕩ける。%K%P
えっちという言葉を掛け声に腰を打ち込んだら、\n杏奈ちゃんの表情がふにゃっと蕩ける。%K%P
油断していた彼女の膣内は無防備で、\n鞘に刀を収めるように、するっとペニスが沈む。%K%P
油断していた彼女の膣内は無防備で、\n鞘に刀を収めるように、するっとペニスが沈む。%K%P
火照ったヒダの起伏がカリ首を撫で回して、\n腰を振るだけでも、くらくらするほど気持ちいい。%K%P
火照ったヒダの起伏がカリ首を撫で回して、\n腰を振るだけでも、くらくらするほど気持ちいい。%K%P
%LC杏奈
%LC杏奈
「はふっ、ああああっ、ずんずん、すごい歃n　それ、それっ、しゅごっ……んああぅぅっ氈v%K%P
「はふっ、ああああっ、ずんずん、すごい歃n　それ、それっ、しゅごっ……んああぅぅっ氈v%K%P
%LC杏奈
%LC杏奈
「おち○ぽの、さき、子宮にぃっ……んあうッ、\n　はぁっ、ああっ、ぐっ、はぅ、んんッ」%K%P
「おち○ぽの、さき、子宮にぃっ……んあうッ、\n　はぁっ、ああっ、ぐっ、はぅ、んんッ」%K%P
%LC杏奈
%LC杏奈
「んうっ、そこ、そこいいっ、おくんとこ、\n　ぐりぐり……はうっ、あっ、そこ、あああッ氈v%K%P
「んうっ、そこ、そこいいっ、おくんとこ、\n　ぐりぐり……はうっ、あっ、そこ、あああッ氈v%K%P
杏奈ちゃんの声を頼りに、膣内を掘っていく。%K%P
杏奈ちゃんの声を頼りに、膣内を掘っていく。%K%P
手探りならぬ、亀頭探り。%K%P
手探りならぬ、亀頭探り。%K%P
ただ漫然と腰を振るだけじゃなく、\nペニスの角度が変化するよう、膝を使ってみたり。%K%P
ただ漫然と腰を振るだけじゃなく、\nペニスの角度が変化するよう、膝を使ってみたり。%K%P
そういう工夫をするのが楽しいと感じるのは、\n剣術修行で鍛えられた性分かもしれない。%K%P
そういう工夫をするのが楽しいと感じるのは、\n剣術修行で鍛えられた性分かもしれない。%K%P
%LC杏奈
%LC杏奈
「みゃうっ……おち○ぽ、しゅごいっ歃n　こんなに奥まで、届いちゃうなんてっ……」%K%P
「みゃうっ……おち○ぽ、しゅごいっ歃n　こんなに奥まで、届いちゃうなんてっ……」%K%P
%LC陽菜
%LC陽菜
「後ろからだと、届きやすいのかもっ……」%K%P
「後ろからだと、届きやすいのかもっ……」%K%P
%LC杏奈
%LC杏奈
「んっ、そうかもっ……。\n　動物の交尾も、バックが基本だしっ」%K%P
「んっ、そうかもっ……。\n　動物の交尾も、バックが基本だしっ」%K%P
%LC陽菜
%LC陽菜
「急になに言うのっ」%K%P
「急になに言うのっ」%K%P
%LC杏奈
%LC杏奈
「でもホントのことでしょ？」%K%P
「でもホントのことでしょ？」%K%P
%LC杏奈
%LC杏奈
「それに、初エッチよりも今日の方が、\n　日向くんの腰、激しいしっ……あんっ氈v%K%P
「それに、初エッチよりも今日の方が、\n　日向くんの腰、激しいしっ……あんっ氈v%K%P
%LC杏奈
%LC杏奈
「優しい日向くんも好きだけどっ、\n　激しい日向くんも、大好きっ……氈v%K%P
「優しい日向くんも好きだけどっ、\n　激しい日向くんも、大好きっ……氈v%K%P
%LC陽菜
%LC陽菜
「なら、もっと激しく――」%K%P
「なら、もっと激しく――」%K%P
%LC杏奈
%LC杏奈
「えっ……あ、ちょっ……あぁあああんっ氈v%K%P
「えっ……あ、ちょっ……あぁあああんっ氈v%K%P
床へ組み伏せるぐらいの勢いで腰を突き出すと、\n杏奈ちゃんの全身が大きく跳ねる。%K%P
床へ組み伏せるぐらいの勢いで腰を突き出すと、\n杏奈ちゃんの全身が大きく跳ねる。%K%P
%LC杏奈
%LC杏奈
「やっ、待って待ってっ、日向くんだめ、\n　そんなしちゃ……んやうっ、それ激しっ氈v%K%P
「やっ、待って待ってっ、日向くんだめ、\n　そんなしちゃ……んやうっ、それ激しっ氈v%K%P
%LC陽菜
%LC陽菜
「激しいの、好きなんでしょ？」%K%P
「激しいの、好きなんでしょ？」%K%P
%LC杏奈
%LC杏奈
「んにゃあっ　だからって……んあァあっ、\n　だめっ、すぐイッちゃっ……ああっ、あああっ」%K%P
「んにゃあっ　だからって……んあァあっ、\n　だめっ、すぐイッちゃっ……ああっ、あああっ」%K%P
%LC陽菜
%LC陽菜
「１０回は余裕なんだよね？」%K%P
「１０回は余裕なんだよね？」%K%P
%LC杏奈
%LC杏奈
「あれは、だったらいいなってだけで、\n　ホントに出来るかどうかは、別の話でっ」%K%P
「あれは、だったらいいなってだけで、\n　ホントに出来るかどうかは、別の話でっ」%K%P
%LC陽菜
%LC陽菜
「ならいま試してみる？」%K%P
「ならいま試してみる？」%K%P
%LC杏奈
%LC杏奈
「ひんっ？！　やっ、だめ、だめだよぅっ、\n　そしたらホントに腰抜けちゃうもんっ氈v%K%P
「ひんっ？！　やっ、だめ、だめだよぅっ、\n　そしたらホントに腰抜けちゃうもんっ氈v%K%P
%LC杏奈
%LC杏奈
「あうっ、んきゃうっ、ごめん、ごめんってばっ、\n　許して日向くんっ、許してってばぁっ氈v%K%P
「あうっ、んきゃうっ、ごめん、ごめんってばっ、\n　許して日向くんっ、許してってばぁっ氈v%K%P
駄々っ子のように身悶える杏奈ちゃんの腰が、\nくねくねと左右に揺れて。%K%P
駄々っ子のように身悶える杏奈ちゃんの腰が、\nくねくねと左右に揺れて。%K%P
それは挿抜を繰り返すペニスとベストマッチで、\nさらに動きが加速してしまう。%K%P
それは挿抜を繰り返すペニスとベストマッチで、\nさらに動きが加速してしまう。%K%P
%LC杏奈
%LC杏奈
「あぁああっ、ほんと、ほんとっ……あぐっ、\n　だめ、声でる、おっきな声でちゃうっ」%K%P
「あぁああっ、ほんと、ほんとっ……あぐっ、\n　だめ、声でる、おっきな声でちゃうっ」%K%P
%LC杏奈
%LC杏奈
「いくら人がこない場所でも、\n　声に気付いて、誰か、来ちゃうっ……」%K%P
「いくら人がこない場所でも、\n　声に気付いて、誰か、来ちゃうっ……」%K%P
%LC陽菜
%LC陽菜
「大丈夫、あーんして」%K%P
「大丈夫、あーんして」%K%P
%LC杏奈
%LC杏奈
「あッ、うんっ　あーん氈v%K%P
「あッ、うんっ　あーん氈v%K%P
%LC陽菜
%LC陽菜
「ちゅっ……れる、ぢゅぷるる、れーろっ」%K%P
「ちゅっ……れる、ぢゅぷるる、れーろっ」%K%P
%LC杏奈
%LC杏奈
「あふうッ　んむっ、んぅ、ちゅぷぷ、\n　やはっ……あぁ、日向くん、日向くぅん氈v%K%P
「あふうッ　んむっ、んぅ、ちゅぷぷ、\n　やはっ……あぁ、日向くん、日向くぅん氈v%K%P
そっと囁くと、彼女の口はあっさり開く。%K%P
そっと囁くと、彼女の口はあっさり開く。%K%P
よっぽど気持ちよかったのか、彼女の口内には、\n唾液がたぷたぷに溜まっていて。%K%P
よっぽど気持ちよかったのか、彼女の口内には、\n唾液がたぷたぷに溜まっていて。%K%P
それを、綿菓子を作るみたいに、\nお互いの舌で絡め合って、味わっていく。%K%P
それを、綿菓子を作るみたいに、\nお互いの舌で絡め合って、味わっていく。%K%P
%LC陽菜
%LC陽菜
「ちゅっ、れろ……いざとなったら……んむっ、\n　こうすれば、おっきな声は出ないでしょ？」%K%P
「ちゅっ、れろ……いざとなったら……んむっ、\n　こうすれば、おっきな声は出ないでしょ？」%K%P
%LC杏奈
%LC杏奈
「うんっ　これで、あんひんっ……んくっ、\n　んふぅっ……ちゅぶるる、んむぅ、んんっ氈v%K%P
「うんっ　これで、あんひんっ……んくっ、\n　んふぅっ……ちゅぶるる、んむぅ、んんっ氈v%K%P
%LC陽菜
%LC陽菜
「んぅっ……はふっ、杏奈ちゃんの唾液、\n　とろっとろで、美味しいっ……」%K%P
「んぅっ……はふっ、杏奈ちゃんの唾液、\n　とろっとろで、美味しいっ……」%K%P
%LC杏奈
%LC杏奈
「んむむっ、えへーっ……歃n　はふ、はあっ、んんんぅッ氈v%K%P
「んむむっ、えへーっ……歃n　はふ、はあっ、んんんぅッ氈v%K%P
%LC陽菜
%LC陽菜
「顔も、とろっとして可愛い」%K%P
「顔も、とろっとして可愛い」%K%P
%LC杏奈
%LC杏奈
「はうっ、そんなじっと見ちゃっ……はんっ、\n　だめ、つよいゾクゾク、くるぅ……んんぅッ氈v%K%P
「はうっ、そんなじっと見ちゃっ……はんっ、\n　だめ、つよいゾクゾク、くるぅ……んんぅッ氈v%K%P
覗き込むようにして見つめると、\nトロトロな膣内が、むぎゅっと狭まって。%K%P
覗き込むようにして見つめると、\nトロトロな膣内が、むぎゅっと狭まって。%K%P
顔と、唾液と、膣内と――みっつのトロトロが、\n五感すべてを快感で包み込んでいく。%K%P
顔と、唾液と、膣内と――みっつのトロトロが、\n五感すべてを快感で包み込んでいく。%K%P
%LC陽菜
%LC陽菜
「杏奈、大好き」%K%P
「杏奈、大好き」%K%P
%LC杏奈
%LC杏奈
「んうッッ……歃n　もおっ、それほんとズルい……っ」%K%P
「んうッッ……歃n　もおっ、それほんとズルい……っ」%K%P
%LC陽菜
%LC陽菜
「ならやめる？」%K%P
「ならやめる？」%K%P
%LC杏奈
%LC杏奈
「あうっ……それはそれで、\n　寂しいっていうかっ……」%K%P
「あうっ……それはそれで、\n　寂しいっていうかっ……」%K%P
%LC陽菜
%LC陽菜
「じゃあ、ほどほど？」%K%P
「じゃあ、ほどほど？」%K%P
%LC杏奈
%LC杏奈
「あっ、うんっ　ほどほどにいじめて、\n　いっぱい感じさせてほしいっ……氈v%K%P
「あっ、うんっ　ほどほどにいじめて、\n　いっぱい感じさせてほしいっ……氈v%K%P
%LC杏奈
%LC杏奈
「ワガママだって思うけど、でも、\n　さっきのとか、すっごくゾクゾクしたし」%K%P
「ワガママだって思うけど、でも、\n　さっきのとか、すっごくゾクゾクしたし」%K%P
%LC陽菜
%LC陽菜
「ゾクゾク、好き？」%K%P
「ゾクゾク、好き？」%K%P
%LC杏奈
%LC杏奈
「好きぃ　日向くんのくれるゾクゾク、\n　すっごく気持ちいいんだもんっ……」%K%P
「好きぃ　日向くんのくれるゾクゾク、\n　すっごく気持ちいいんだもんっ……」%K%P
%LC杏奈
%LC杏奈
「だから……ね？　おま○こでも、\n　もっともっと、ゾクゾクしたいっ……氈v%K%P
「だから……ね？　おま○こでも、\n　もっともっと、ゾクゾクしたいっ……氈v%K%P
%LC杏奈
%LC杏奈
「日向くんがいっぱい動いてくれたら、\n　それだけで、私、感じちゃうからっ……」%K%P
「日向くんがいっぱい動いてくれたら、\n　それだけで、私、感じちゃうからっ……」%K%P
%LC陽菜
%LC陽菜
「杏奈ちゃん、可愛い。大好き」%K%P
「杏奈ちゃん、可愛い。大好き」%K%P
%LC杏奈
%LC杏奈
「くあうっ、はっ、あぁあああァ……っ歃n　えへへっ……そっちの声も好きっ」%K%P
「くあうっ、はっ、あぁあああァ……っ歃n　えへへっ……そっちの声も好きっ」%K%P
%LC杏奈
%LC杏奈
「陽菜ちゃんの声も、日向くんの声も、\n　どっちも好き、大好きぃ……　んんぅう氈v%K%P
「陽菜ちゃんの声も、日向くんの声も、\n　どっちも好き、大好きぃ……　んんぅう氈v%K%P
激しいピストンを望むように、\n杏奈ちゃんのお尻がふりふり揺れる。%K%P
激しいピストンを望むように、\n杏奈ちゃんのお尻がふりふり揺れる。%K%P
その可愛さごと、ぐっと彼女を引き寄せる。%K%P
その可愛さごと、ぐっと彼女を引き寄せる。%K%P
%LC杏奈
%LC杏奈
「んあうっ　足、がしって掴んでっ……、\n　日向くんの手、力強くて、男の子っぽい氈v%K%P
「んあうっ　足、がしって掴んでっ……、\n　日向くんの手、力強くて、男の子っぽい氈v%K%P
%LC陽菜
%LC陽菜
「ぽいじゃなくて男の子っ」%K%P
「ぽいじゃなくて男の子っ」%K%P
%LC杏奈
%LC杏奈
「娘って書くほう？」%K%P
「娘って書くほう？」%K%P
%LC陽菜
%LC陽菜
「違いますっ。そんなこと言うと――」%K%P
「違いますっ。そんなこと言うと――」%K%P
%LC杏奈
%LC杏奈
「んやあッ　ふやっ、ああぁああっ歃n　おち○ぽ、じゅぶぶぅーって……んああうッ氈v%K%P
「んやあッ　ふやっ、ああぁああっ歃n　おち○ぽ、じゅぶぶぅーって……んああうッ氈v%K%P
膝を曲げ、ペニスに上向きの角度をつけて、\nヒダを擦るように亀頭を打ち込む。%K%P
膝を曲げ、ペニスに上向きの角度をつけて、\nヒダを擦るように亀頭を打ち込む。%K%P
熱っぽい声が漏れるたび、\n彼女の足腰は、何度も小刻みに震えて。%K%P
熱っぽい声が漏れるたび、\n彼女の足腰は、何度も小刻みに震えて。%K%P
それでもバランスを崩さないあたり、\n体幹の良さに、思わず感心してしまったり。%K%P
それでもバランスを崩さないあたり、\n体幹の良さに、思わず感心してしまったり。%K%P
%LC杏奈
%LC杏奈
「あぁんっ、ごめ、ごめんっ、ごめんなさい、\n　日向くんは、ちゃんと男の子ですっ」%K%P
「あぁんっ、ごめ、ごめんっ、ごめんなさい、\n　日向くんは、ちゃんと男の子ですっ」%K%P
%LC杏奈
%LC杏奈
「可愛くて格好いいっ、正真正銘、\n　でかでかおち○ぽの男の子ですぅっ！」%K%P
「可愛くて格好いいっ、正真正銘、\n　でかでかおち○ぽの男の子ですぅっ！」%K%P
%LC陽菜
%LC陽菜
「ちょっ、声がおっきいっ……！」%K%P
「ちょっ、声がおっきいっ……！」%K%P
%LC杏奈
%LC杏奈
「にひひっ　ねっ？　そういうときは？\n　そういうときは、どーするのっ？」%K%P
「にひひっ　ねっ？　そういうときは？\n　そういうときは、どーするのっ？」%K%P
%LC陽菜
%LC陽菜
「もちろん、こうして――」%K%P
「もちろん、こうして――」%K%P
%LC杏奈
%LC杏奈
「んむぅッ　んぅッ、んんぅんっ滲氈v%K%P
「んむぅッ　んぅッ、んんぅんっ滲氈v%K%P
イラズラっぽくキスを求める杏奈ちゃんの唇を、\nお望み通り、しっかりと塞いで。%K%P
イラズラっぽくキスを求める杏奈ちゃんの唇を、\nお望み通り、しっかりと塞いで。%K%P
それと同時に、射精が近づいてきたペニスを、\nぐぐっと奥のさらに奥へと押しつける。%K%P
それと同時に、射精が近づいてきたペニスを、\nぐぐっと奥のさらに奥へと押しつける。%K%P
%LC杏奈
%LC杏奈
「あむ、ちゅっ……ぷはっ、はぁあああっ、\n　ああっ、おま○こ、しゅっごひっ氈v%K%P
「あむ、ちゅっ……ぷはっ、はぁあああっ、\n　ああっ、おま○こ、しゅっごひっ氈v%K%P
%LC杏奈
%LC杏奈
「んむっ……はぷっ、ふはっ、ああああっ歃n　おくっ、おぐぅ……はあっ、ああっ」%K%P
「んむっ……はぷっ、ふはっ、ああああっ歃n　おくっ、おぐぅ……はあっ、ああっ」%K%P
%LC杏奈
%LC杏奈
「はあっ、ああっ、あああっ、だめっ、\n　やめ、いくッ……あっ、ああっ、らめえッ」%K%P
「はあっ、ああっ、あああっ、だめっ、\n　やめ、いくッ……あっ、ああっ、らめえッ」%K%P
%LC杏奈
%LC杏奈
「日向くん、わたし、もうっ……ああっ、\n　すぐにもイッちゃっ……ひぐっ、はぁあッ」%K%P
「日向くん、わたし、もうっ……ああっ、\n　すぐにもイッちゃっ……ひぐっ、はぁあッ」%K%P
%LC陽菜
%LC陽菜
「こっちも、イキそうッ……」%K%P
「こっちも、イキそうッ……」%K%P
%LC杏奈
%LC杏奈
「あぁああっ　えへっ、んひひっ歃n　今度はちゃーんと、息、ぴったりっ……氈v%K%P
「あぁああっ　えへっ、んひひっ歃n　今度はちゃーんと、息、ぴったりっ……氈v%K%P
嬉しそうに笑う杏奈ちゃんが愛しくて、\n彼女の腰を、ぐいっと手前に引き寄せる。%K%P
嬉しそうに笑う杏奈ちゃんが愛しくて、\n彼女の腰を、ぐいっと手前に引き寄せる。%K%P
その瞬間、強い快感で、目の前が白んだ。%K%P
その瞬間、強い快感で、目の前が白んだ。%K%P
%LC杏奈
%LC杏奈
「くあああッ　そこ、そこ好き、いいっ、\n　日向くっ……んぅッ、はあっ、ああああっ！」%K%P
「くあああッ　そこ、そこ好き、いいっ、\n　日向くっ……んぅッ、はあっ、ああああっ！」%K%P
%LC杏奈
%LC杏奈
「はふっ、ああっ、いくッ、イクよっ？\n　いーい？　イッていーいっ？　いーい？」%K%P
「はふっ、ああっ、いくッ、イクよっ？\n　いーい？　イッていーいっ？　いーい？」%K%P
%LC陽菜
%LC陽菜
「うんッ……オレも、もうっ……！」%K%P
「うんッ……オレも、もうっ……！」%K%P
ずぶぶっ、じゅぶッ……ぐっ、ぐぐぐっ――、%K%P
ずぶぶっ、じゅぶッ……ぐっ、ぐぐぐっ――、%K%P
%LC杏奈
%LC杏奈
「くあっ、あッ、ああっ、ああああっ歃n　イク、んぐぅっ……あぁッ、イクぅぅうッ！」%K%P
「くあっ、あッ、ああっ、ああああっ歃n　イク、んぐぅっ……あぁッ、イクぅぅうッ！」%K%P
%LC杏奈
%LC杏奈
「ああっ……びゅくびゅく、きたぁ……っ歃n　２度目のせーし、イキたて、せーしぃ……氈v%K%P
「ああっ……びゅくびゅく、きたぁ……っ歃n　２度目のせーし、イキたて、せーしぃ……氈v%K%P
%LC杏奈
%LC杏奈
「おま○こいっぱい……はふっ、はああぁ、\n　ああっ……んッ、はあっ、ああああっ……氈v%K%P
「おま○こいっぱい……はふっ、はああぁ、\n　ああっ……んッ、はあっ、ああああっ……氈v%K%P
%LC陽菜
%LC陽菜
「あぁッ……膣内、すごいっ……」%K%P
「あぁッ……膣内、すごいっ……」%K%P
ぴったり密着した彼女のお尻が、\n射精の律動にあわせて、ぷるぷる震えて。%K%P
ぴったり密着した彼女のお尻が、\n射精の律動にあわせて、ぷるぷる震えて。%K%P
そんなお尻の柔らかさに腰を委ね、\n絞り出すように、精子をありったけ注ぎ込む。%K%P
そんなお尻の柔らかさに腰を委ね、\n絞り出すように、精子をありったけ注ぎ込む。%K%P
%LC陽菜
%LC陽菜
「ぐッ、ふぅ……んんっ、はぁはぁ……」%K%P
「ぐッ、ふぅ……んんっ、はぁはぁ……」%K%P
%LC杏奈
%LC杏奈
「あぁ……　射精してる日向くん、\n　やっぱ、すっごく、かわいっ……氈v%K%P
「あぁ……　射精してる日向くん、\n　やっぱ、すっごく、かわいっ……氈v%K%P
%LC杏奈
%LC杏奈
「んー、ちゅっ　……えへっ、ちゅっ、れるっ」%K%P
「んー、ちゅっ　……えへっ、ちゅっ、れるっ」%K%P
%LC陽菜
%LC陽菜
「んうっ？！　わっ、待って……んむっ、\n　れろっ、もおっ……こんなとき、までっ……」%K%P
「んうっ？！　わっ、待って……んむっ、\n　れろっ、もおっ……こんなとき、までっ……」%K%P
%LC杏奈
%LC杏奈
「んひひっ、だからこそ、だよっ……？\n　日向くん……れろっ、隙だらけなんだもんっ」%K%P
「んひひっ、だからこそ、だよっ……？\n　日向くん……れろっ、隙だらけなんだもんっ」%K%P
%LC杏奈
%LC杏奈
「ちゅっ、んー、れろ、れーるぅ……んふふっ、\n　いっぱいペロペロしちゃお……　れろれろ氈v%K%P
「ちゅっ、んー、れろ、れーるぅ……んふふっ、\n　いっぱいペロペロしちゃお……　れろれろ氈v%K%P
%LC陽菜
%LC陽菜
「わぷっ……んむっ、ちょっ、こぉらっ、\n　いまキスは、ダメって……んぅうんっ」%K%P
「わぷっ……んむっ、ちょっ、こぉらっ、\n　いまキスは、ダメって……んぅうんっ」%K%P
さっきまでの仕返しってわけじゃないだろうけど、\nここぞとばかりに杏奈ちゃんは攻めてきて。%K%P
さっきまでの仕返しってわけじゃないだろうけど、\nここぞとばかりに杏奈ちゃんは攻めてきて。%K%P
射精後の余韻に浸る間もなく、\nキスの嵐に、脳が溶かされていく。%K%P
射精後の余韻に浸る間もなく、\nキスの嵐に、脳が溶かされていく。%K%P
%LC杏奈
%LC杏奈
「んー……ぷはっ歃n　はふぅ……ふぅ、はぁ、はぁ……氈v%K%P
「んー……ぷはっ歃n　はふぅ……ふぅ、はぁ、はぁ……氈v%K%P
%LC杏奈
%LC杏奈
「んふぅ……えへへっ、\n　ごちそうさま、日向くん……氈v%K%P
「んふぅ……えへへっ、\n　ごちそうさま、日向くん……氈v%K%P
たっぷり味わって満足した杏奈ちゃんが、\nようやく、唇を解放してくれて。%K%P
たっぷり味わって満足した杏奈ちゃんが、\nようやく、唇を解放してくれて。%K%P
次の瞬間、オレたちはふたり揃って、\nへなへなっと床に座り込んでしまった。%K%P
次の瞬間、オレたちはふたり揃って、\nへなへなっと床に座り込んでしまった。%K%P
幸いというべきか、腰こそ抜けなかったものの、\nオレたちはしばらく、その場から動けなくて。%K%P
幸いというべきか、腰こそ抜けなかったものの、\nオレたちはしばらく、その場から動けなくて。%K%P
後片付けと着替えを終えて空き教室を出る頃には、\n校舎はすっかり静まり返っていた。%K%P
後片付けと着替えを終えて空き教室を出る頃には、\n校舎はすっかり静まり返っていた。%K%P
%LC杏奈
%LC杏奈
「すっかり遅くなっちゃったね」%K%P
「すっかり遅くなっちゃったね」%K%P
%LC陽菜
%LC陽菜
「これ、校舎に閉じ込められたりとか\n　してないよね？」%K%P
「これ、校舎に閉じ込められたりとか\n　してないよね？」%K%P
%LC杏奈
%LC杏奈
「大丈夫だよ。銀蘭祭前は準備を考慮して、\n　いつもより遅い時間まで校舎は開いてるから」%K%P
「大丈夫だよ。銀蘭祭前は準備を考慮して、\n　いつもより遅い時間まで校舎は開いてるから」%K%P
%LC陽菜
%LC陽菜
「まさか……それも見越して、\n　エッチしよって言ってきたの？」%K%P
「まさか……それも見越して、\n　エッチしよって言ってきたの？」%K%P
%LC杏奈
%LC杏奈
「えへへー氈v%K%P
「えへへー氈v%K%P
頷きこそしなかったけど、\nその笑顔は、肯定したも同然だった。%K%P
頷きこそしなかったけど、\nその笑顔は、肯定したも同然だった。%K%P
%LC杏奈
%LC杏奈
「……でも、今日はごめん。\n　ワガママ言って、困らせて」%K%P
「……でも、今日はごめん。\n　ワガママ言って、困らせて」%K%P
%LC陽菜
%LC陽菜
「ワガママっていうと――」%K%P
「ワガママっていうと――」%K%P
キスしてとか、エッチしよとか、そういうのは\nお願いだからワガママの範疇じゃないとして。%K%P
キスしてとか、エッチしよとか、そういうのは\nお願いだからワガママの範疇じゃないとして。%K%P
だとすると、思い当たるのは――、%K%P
だとすると、思い当たるのは――、%K%P
%LC陽菜
%LC陽菜
「騎士役を辞めてって言ったこと？」%K%P
「騎士役を辞めてって言ったこと？」%K%P
%LC杏奈
%LC杏奈
「うん……。今になって、すごく身勝手な理由で、\n　陽菜ちゃんを困らせちゃったなって」%K%P
「うん……。今になって、すごく身勝手な理由で、\n　陽菜ちゃんを困らせちゃったなって」%K%P
%LC陽菜
%LC陽菜
「けど、ヤキモチやいたのは本当なんでしょ？」%K%P
「けど、ヤキモチやいたのは本当なんでしょ？」%K%P
%LC杏奈
%LC杏奈
「うん」%K%P
「うん」%K%P
%LC陽菜
%LC陽菜
「だったら辞退しようか？\n　いまならまだ断りやすいし」%K%P
「だったら辞退しようか？\n　いまならまだ断りやすいし」%K%P
%LC杏奈
%LC杏奈
「だめっ、だめだよっ。\n　私のワガママでそんなこと」%K%P
「だめっ、だめだよっ。\n　私のワガママでそんなこと」%K%P
%LC杏奈
%LC杏奈
「みんな楽しみにしてるし。私だって、\n　銀蘭祭で活躍する陽菜ちゃん見たいもん」%K%P
「みんな楽しみにしてるし。私だって、\n　銀蘭祭で活躍する陽菜ちゃん見たいもん」%K%P
%LC陽菜
%LC陽菜
「本当にいいの？」%K%P
「本当にいいの？」%K%P
%LC杏奈
%LC杏奈
「……うん」%K%P
「……うん」%K%P
ほんの少し迷って、それでも頷く杏奈ちゃん。%K%P
ほんの少し迷って、それでも頷く杏奈ちゃん。%K%P
%LC杏奈
%LC杏奈
「そのかわり、もしまた私が拗ねたら、\n　そのときは今日みたく慰めてね」%K%P
「そのかわり、もしまた私が拗ねたら、\n　そのときは今日みたく慰めてね」%K%P
%LC陽菜
%LC陽菜
「慰めるって……なんか、\n　それだと私のせいみたいに聞こえるけど」%K%P
「慰めるって……なんか、\n　それだと私のせいみたいに聞こえるけど」%K%P
%LC杏奈
%LC杏奈
「そうだよ？　陽菜ちゃんがモテモテだから、\n　私がヤキモキしちゃうんだもん」%K%P
「そうだよ？　陽菜ちゃんがモテモテだから、\n　私がヤキモキしちゃうんだもん」%K%P
%LC杏奈
%LC杏奈
「あーあ、恋人がモテモテだと大変だなぁー」%K%P
「あーあ、恋人がモテモテだと大変だなぁー」%K%P
冗談めかした口調には、\nオレを責めようとする意志は微塵もなくて。%K%P
冗談めかした口調には、\nオレを責めようとする意志は微塵もなくて。%K%P
それこそ、かまってほしくて言っている――、\nそんなあからさまな態度を、可愛いとすら思える。%K%P
それこそ、かまってほしくて言っている――、\nそんなあからさまな態度を、可愛いとすら思える。%K%P
だからこそ、こっちだって。%K%P
だからこそ、こっちだって。%K%P
%LC陽菜
%LC陽菜
「その理屈なら、後で慰めれば、\n　モテまくってもかまわないってことだよね？」%K%P
「その理屈なら、後で慰めれば、\n　モテまくってもかまわないってことだよね？」%K%P
%LC杏奈
%LC杏奈
「……へ？」%K%P
「……へ？」%K%P
%LC陽菜
%LC陽菜
「よーし。本番までに接客スキル磨いて、\n　センシブルの子たちを喜ばせちゃうぞー」%K%P
「よーし。本番までに接客スキル磨いて、\n　センシブルの子たちを喜ばせちゃうぞー」%K%P
%LC杏奈
%LC杏奈
「なっ……ちょっ、ま、待って待って。\n　陽菜ちゃん考えなおそっ？　ねっ？」%K%P
「なっ……ちょっ、ま、待って待って。\n　陽菜ちゃん考えなおそっ？　ねっ？」%K%P
%LC陽菜
%LC陽菜
「銀蘭祭が終わったら、\n　たくさん慰めてあげるからね」%K%P
「銀蘭祭が終わったら、\n　たくさん慰めてあげるからね」%K%P
%LC杏奈
%LC杏奈
「それは嬉し……じゃなくてっ。\n　やりすぎちゃダメだよっ？　ダメだからね？」%K%P
「それは嬉し……じゃなくてっ。\n　やりすぎちゃダメだよっ？　ダメだからね？」%K%P
%LC陽菜
%LC陽菜
「あーあ、モテモテだと大変だなぁー。\n　ラブレターとか一杯もらったらどうしようかなー」%K%P
「あーあ、モテモテだと大変だなぁー。\n　ラブレターとか一杯もらったらどうしようかなー」%K%P
%LC杏奈
%LC杏奈
「あううっ、陽菜ちゃんっ！\n　ごめん、ごめんってばぁっ」　%K%P
「あううっ、陽菜ちゃんっ！\n　ごめん、ごめんってばぁっ」　%K%P
%LC陽菜
%LC陽菜
「ぷっ……くすっ、あははっ」%K%P
「ぷっ……くすっ、あははっ」%K%P
ついにはこっちの腕を掴んで訴えてくる、\nそんな杏奈ちゃんに、いよいよ笑ってしまう。%K%P
ついにはこっちの腕を掴んで訴えてくる、\nそんな杏奈ちゃんに、いよいよ笑ってしまう。%K%P
困らせたり、困らされたり――、\nそんな気安い会話が、すごく心地良い。%K%P
困らせたり、困らされたり――、\nそんな気安い会話が、すごく心地良い。%K%P
こんな関係が成立しているのは、きっと、\nオレが陽菜として杏奈ちゃんと出会えたからだ。%K%P
こんな関係が成立しているのは、きっと、\nオレが陽菜として杏奈ちゃんと出会えたからだ。%K%P
もしも、杏奈ちゃんとの久しぶりの再会が、\n陽菜を経由せず、いきなり日向として、だったら。%K%P
もしも、杏奈ちゃんとの久しぶりの再会が、\n陽菜を経由せず、いきなり日向として、だったら。%K%P
きっと、こんなふうにはならなかった。%K%P
きっと、こんなふうにはならなかった。%K%P
陽菜として出会い、陽菜として仲良くなり、\n日向だとバレたからこそ、今の関係があって。%K%P
陽菜として出会い、陽菜として仲良くなり、\n日向だとバレたからこそ、今の関係があって。%K%P
そう考えると、女装して良かったって、\n心から思えてしまう自分がいる。%K%P
そう考えると、女装して良かったって、\n心から思えてしまう自分がいる。%K%P
可愛い可愛いって連呼されるのは、\n正直、まだまだくすぐったいんだけど。%K%P
可愛い可愛いって連呼されるのは、\n正直、まだまだくすぐったいんだけど。%K%P
