銀蘭祭の出し物――騎士カフェの準備は、\n大きなトラブルもなく、着々と進んでいった。%K%P
银兰祭的表演活动——骑士咖啡馆的准备，\n没有什么大的问题，一直稳步进行着。%K%P
料理が出来る杏奈ちゃんは、接客役以外にも、\n提供するお菓子のメニュー作りも手伝っていて。%K%P
制作料理的杏奈酱，当日除了负责接待客人以外，\n还要帮忙制作菜单上的点心。%K%P
そんな彼女に協力して欲しいと頼まれ、\n試食係として甘いものをたくさん食べたりして。%K%P
没经住她的软磨硬泡，\n我便作为试吃员吃了很多甜食。%K%P
慌ただしくも賑やかで楽しい日々は、\nそれこそ、あっという間に過ぎていった。%K%P
匆忙热闹又快乐的日子，\n一转眼就过去了。%K%P
%LC陽菜
%LC阳菜
「いよいよ明日だね、銀蘭祭初日」%K%P
「终于快要到明天了，银兰祭初日」%K%P
%LC杏奈
%LC杏奈
「だね。みんなすっごい気合いの入りよう」%K%P
「是捏。大家都很有干劲哦」%K%P
銀蘭祭初日を明日に控えた金曜日、\n昼休みの食堂は、いつも以上に活気があった。%K%P
银兰祭初日是周五，\n午休的食堂比平时更加热闹。%K%P
今日は午後の授業がなく、かわりに、\n銀蘭祭準備のための時間が割り当てられている。%K%P
今天下午没有课，取而代之的，\n是银兰祭的准备时间。%K%P
みんな、準備のラストスパートと、\n明日のことで頭がいっぱいなんだろう。%K%P
大家肯定满脑子都是最后的冲刺阶段，\n以及明天的事情吧。%K%P
%LC陽菜
%LC阳菜
「お客さん、来てくれるといいけど」%K%P
「要是客人能来就好了」%K%P
%LC杏奈
%LC杏奈
「そこは大丈夫。\n　なんたって陽菜ちゃんがいるし」%K%P
「这肯定没问题哒。\n　毕竟有阳菜酱在」%K%P
%LC陽菜
%LC阳菜
「期待に応えられるように、\n　精一杯、ご奉仕させてもらいます」%K%P
「"为了不辜负您的期待，\n　我会竭尽全力侍奉您的"」%K%P
%LC杏奈
%LC杏奈
「精をいっぱい、ご奉仕って――」%K%P
「竭尽全力，侍奉您——」%K%P
%LC杏奈
%LC杏奈
「陽菜ちゃんのえっち」%K%P
「阳菜酱真H~」%K%P
%LC陽菜
%LC阳菜
「言うと思いました」%K%P
「我说的是字面意思」%K%P
ある意味、オレが言わせたようなものだけど。%K%P
从某种意义上来说，就像我说的那样。%K%P
%LC陽菜
%LC阳菜
「銀蘭祭が終わって落ち着いたら、\n　杏奈ちゃんにも精一杯ご奉仕するから」%K%P
「银兰祭结束之后，\n　我也会竭尽全力为杏奈酱服务的啦」%K%P
%LC杏奈
%LC杏奈
「やったぁ、約束だよっ？\n　いっぱいしてくれなきゃヤだからね？」%K%P
「太好了，说好了哦？\n　不好好侍奉我可不行捏？」%K%P
%LC陽菜
%LC阳菜
「うん」%K%P
「嗯」%K%P
この１週間、準備などで忙しかったこともあり、\n杏奈ちゃんとふたりで過ごす時間は、ほぼ皆無で。%K%P
这1周因为准备工作很忙，\n几乎没有和杏奈酱两人独处的时间。%K%P
だから、空き教室でエッチした日以来、\nああいったことをする機会は一度もなかった。%K%P
所以，在空教室里做过之后，\n就再也没有机会做那种事了。%K%P
かろうじて、二人きりになったときに、\n周囲を気にしつつ、こっそりキスをするぐらい。%K%P
好不容易两人独处，还要一边在意周围的人，\n一边偷偷地接吻。%K%P
けどそれも、舌を絡めるようなやつじゃなく、\n本当に、軽くチュってする程度のものだった。%K%P
不过，并没有激烈地舌吻，\n真的只是轻啄慢吻而已。%K%P
杏奈ちゃんいわく、歯止めが利かなくなるから、\n激しめのキスは自制しているらしい。%K%P
杏奈酱她说，因为无法控制自己，\n所以才会克制自己，不来激烈的接吻。%K%P
もっとも、その気持ちはオレもわかるから、\nふたり揃って、我慢の日々が続いていた。%K%P
不过，这种心情我也能理解，\n所以两个人一起度过了这段忍耐的日子。%K%P
%LCニナ
%LC妮娜
「ヒナちゃん杏奈ちゃん、ちょっといーい？」%K%P
「阳菜酱，杏奈酱，借用点时间可以吗？」%K%P
%LC杏奈
%LC杏奈
「あっ、学園長」%K%P
「啊，校长~」%K%P
%LC陽菜
%LC阳菜
「どうしたんですか？」%K%P
「发生什么了吗？」%K%P
%LCニナ
%LC妮娜
「ふたりに頼みたい用があるんだけど。\n　放課後、ちょっと手伝ってくれる？」%K%P
「我有件事想拜托你们两个人。\n　放学后，能帮我一下吗？」%K%P
%LC陽菜
%LC阳菜
「クラスの準備があるので、\n　それが終わったあとでよければ」%K%P
「因为要准备上课，如果可以的话，\n　下课之后再帮可以吧」%K%P
%LCニナ
%LC妮娜
「もちろん。それじゃあ手が空いたら、\n　テアトルまで来てくれる？」%K%P
「当然啦。那么有空的话，\n　来一趟剧院好吗？」%K%P
――そうして、放課後。%K%P
——于是，放学后。%K%P
%LC陽菜
%LC阳菜
「フィエルテに着替えたってことは、\n　システム関連のチェックとかですか？」%K%P
「让我换上菲尔特，\n　是做系统相关的检查吗？」%K%P
%LCニナ
%LC妮娜
「さっすがヒナちゃん、その通り。\n　今から二人には、ここで戦ってもらいます」%K%P
「不愧是阳菜酱，就是这样。\n　现在的话，要让你们俩在这里打一场」%K%P
%LC杏奈
%LC杏奈
「私たちだけでいいんですか？\n　{連弾:デュオ}{舞闘:カデンツァ}の確認なら、もう一組必要じゃ」%K%P
「只有我们俩可以吗？\n　要检查{协力:二重奏}{舞斗:华彩乐}的话，还需要一组人哦」%K%P
%LCニナ
%LC妮娜
「今日は二人いれば十分なの。\n　見たいのは、飾緒の挙動だから」%K%P
「今天有两个人就足够了。\n　我想观察的是饰带的反应」%K%P
%LCニナ
%LC妮娜
「とりあえず、ふたりともクラージュを\n　起動してくれる？」%K%P
「总之，两人现在启动克拉格吧？」%K%P
その言葉に、杏奈ちゃんと目配せをしたあと、\nクラージュを胸元に構える。%K%P
听到这句话，我和杏奈酱相视一眼，\n然后把克拉格置于胸前。%K%P
%LC陽菜・杏奈
%LC阳菜・杏奈
「アン・ガルドっ！」%K%P
「En　Garde（准备完毕）！」%K%P
声が重なると、光が全身を包む。%K%P
声音重叠交织，紧接着，光芒包围着全身。%K%P
毎度わくわくする変身タイムを終えると、\n目の前には、鎧姿の杏奈ちゃんが立っていて。%K%P
每次都让人兴奋的变身结束后，\n在我眼前站着的，是穿着铠甲的杏奈酱。%K%P
その胸には、{連弾:デュオ}{舞闘:カデンツァ}の時と同じく、\n飾緒がついていた。%K%P
在她的胸前，和{协力:二重奏}{舞斗:华彩乐}时一样，\n戴着一个饰带。%K%P
もしやと思って自分の胸元を見てみれば、\nそこにも、しっかりと飾緒があった。%K%P
莫非……我看了看自己的胸口，\n发现也戴着饰带。%K%P
%LCニナ
%LC妮娜
「今回は特別に、１対１でも飾緒がある状態で\n　戦えるように設定しておいたから」%K%P
「这次的设定很特别，在1对1的战斗中，\n　佩戴着饰带进行战斗哦」%K%P
%LCニナ
%LC妮娜
「お互い、できるだけ相手の飾緒を狙って。\n　こちらからのオーダーはそれだけ」%K%P
「双方都一样，尽可能地破除对方的"弱点"。\n　我就先只讲这么多了」%K%P
%LC陽菜
%LC阳菜
「審判はいないんですか？」%K%P
「这次没有裁判吗？」%K%P
%LCニナ
%LC妮娜
「あいにくむーちゃんも忙しくて。\n　開始や終了の号令は、私に任せて」%K%P
「很不巧，宗酱她现在很忙。\n　所以开始和结束的号令就交给我吧」%K%P
%LCニナ
%LC妮娜
「飾緒が切れて決着がついたら、テスト終了。\n　決着がつかない場合も、２０分ぐらいで終了ね」%K%P
「当饰带被斩断时，算作测试结束。\n　若始终没有分出胜负，大约过了20分钟也算结束」%K%P
%LC杏奈
%LC杏奈
「大丈夫、決着はつきます。\n　私じゃ陽菜ちゃんには勝てないし」%K%P
「没关系，肯定会分出胜负的。\n　我可赢不了阳菜酱」%K%P
%LC陽菜
%LC阳菜
「やってみないとわからないでしょ？」%K%P
「不试一下怎么知道呢？」%K%P
%LC杏奈
%LC杏奈
「いやいや、わかるってば。\n　弟子が師匠に勝てるわけないもん」%K%P
「不不，懂的都懂。\n　弟子是不可能战胜师傅的啦」%K%P
%LC陽菜
%LC阳菜
「師匠って」%K%P
「师傅什么的」%K%P
%LCニナ
%LC妮娜
「ふふっ、仲睦まじくっていいわね。\n　じゃ、二人とも構えて」%K%P
「嗯呼呼~你们关系和睦真是再好不过了捏。\n　那么，二位请准备」%K%P
ニナさんに促される格好で剣を構えると、\nオレの正面で、杏奈ちゃんも剣と盾を構えた。%K%P
在妮娜姐的催促下，我举起了剑，\n而在我的对面，杏奈酱也举起了剑和盾。%K%P
最初にコーチを頼まれて特訓したときは、\n少なからず隙もあって、頼りなかった構え。%K%P
最初被拜托做特训的时候，\n她还有不少弱点，看起来很不可靠。%K%P
それが今ではとても様になっていて、\n対峙した瞬間、自然と気持ちが引き締まる。%K%P
现在倒是有模有样了，和她对峙的瞬间，\n我心情自然紧张了起来。%K%P
%LCニナ
%LC妮娜
「――はじめっ！」%K%P
「——开始！」%K%P
%LC杏奈
%LC杏奈
「せいやぁッ！！」%K%P
「斩！！」%K%P
%LC陽菜
%LC阳菜
「おわっ……！？」%K%P
「噢哇……！？」%K%P
号令と同時に元気よく振り下ろしてきた剣を、\nしっかりとロングソードで受ける。%K%P
号令刚下，她直接精神饱满地挥来一剑，\n但我用长剑稳稳地接住了。%K%P
威力自体はそれほどでもないけど、\n速さは十分だし、なにより狙いが的確だ。%K%P
虽然这剑威力不大，但速度够快，\n最重要的是瞄的很准。%K%P
――これ、油断したら負けるかも。%K%P
——这次，一不小心就会败北。%K%P
%LC陽菜
%LC阳菜
「遠慮せず、その調子でガンガンきて」%K%P
「不要客气，就这样一直对战吧」%K%P
%LC杏奈
%LC杏奈
「そんなこと言って、\n　カウンター狙うつもりでしょ？」%K%P
「你这么说，\n　是想反击吧？」%K%P
%LC陽菜
%LC阳菜
「そんなもったいないことしないよ」%K%P
「那么浪费的事我不会做的哦」%K%P
%LC杏奈
%LC杏奈
「もったいない？」%K%P
「浪费？」%K%P
%LC陽菜
%LC阳菜
「こんなふうに杏奈ちゃんと戦える機会、\n　次はいつになるかわからないし」%K%P
「像这样和杏奈酱战斗的机会，\n　下次都不知道要到什么时候了」%K%P
指南役補佐代理の役目が終わった後、\n卯花陽菜がどうなるか、まだわからないけれど。%K%P
还不知道代理教辅员生涯结束后，\n"卯花阳菜"会怎么样呢。%K%P
こうしてテアトルで杏奈ちゃんと剣を交える機会は、\nそう易々とは巡ってこないだろう。%K%P
像这样在剧院和杏奈酱对剑的机会，\n恐怕是难得一求了吧。%K%P
もしかするとニナさんはそれがわかっていて、\nオレたち二人に声をかけてくれたのかもしれない。%K%P
说不定妮娜姐是知道这一点，\n所以才让我们两个人对打呢。%K%P
%LC陽菜
%LC阳菜
「だから、めいっぱい挑んできて。\n　こっちも全力で相手するから」%K%P
「所以，尽情地挑战我吧。\n　我也会尽全力对付你的」%K%P
%LC杏奈
%LC杏奈
「陽菜ちゃんが、私に、全力――」%K%P
「阳菜酱，对我，尽全力——」%K%P
%LC杏奈
%LC杏奈
「えへへっ……よぉし、コーチしてもらったお礼、\n　この機会にお返ししちゃうんだからっ！」%K%P
「欸嘿嘿嘿……很~好，作为指导我的回礼，\n　趁这个机会全力奉还！」%K%P
%LC杏奈
%LC杏奈
「えいやっ！」%K%P
「嘿呀！」%K%P
%LC陽菜
%LC阳菜
「まだまだっ」%K%P
「还不够格」%K%P
%LC杏奈
%LC杏奈
「なら……こっちっ！」%K%P
「那么……在这！」%K%P
%LC陽菜
%LC阳菜
「いいよ、いい感じっ」%K%P
「可以哦，这招不错」%K%P
盾を目くらましとして使い、\n死角から仕掛けてきた切り上げを、弾いて防ぐ。%K%P
她用盾牌作为障眼法，\n弹剑格挡后从死角发起了攻击。%K%P
開始の合図から、おそらく数分――、\nオレは杏奈ちゃんの攻めを受け続けていた。%K%P
从开始信号发出到现在，大概过了几分钟——\n期间我一直在受到杏奈酱的攻击。%K%P
%LC杏奈
%LC杏奈
「なら、次は……こうっ！」%K%P
「那么，下一击……在这！」%K%P
%LC陽菜
%LC阳菜
「おっとっ……！」%K%P
「哦哟……！」%K%P
%LC杏奈
%LC杏奈
「これもダメなのっ？」%K%P
「这一击过火了？」%K%P
%LC陽菜
%LC阳菜
「いまのはヒヤッとしたかも」%K%P
「刚才只是被吓了一跳哦」%K%P
%LC杏奈
%LC杏奈
「とかいいつつ、余裕ありすぎっ」%K%P
「话虽如此，但你也太从容了吧」%K%P
%LC陽菜
%LC阳菜
「そんなことないよ。わりとギリギリ」%K%P
「没那回事。招架的很勉强哦」%K%P
その言葉に嘘はなく、\n杏奈ちゃんの成長は目を見張るものがあった。%K%P
这句话并非虚言，\n杏奈酱的成长真令人瞠目结舌。%K%P
一番の要因は、自信がもてたことだろう。%K%P
最大的原因，应该是有了自信吧。%K%P
負けてしまったとはいえ、あのクレール様を、\nあと一歩って所まで追い詰めたのだから。%K%P
虽说当时她输了，但已经把克莱尔大人，\n逼到了仅仅棋差一着的地步。%K%P
もともと上手かった守りに加えて、\n自分から仕掛ける手段も、以前より多彩になって。%K%P
除了原本就擅长防守之外，\n主动进攻的手段也比以前更加丰富。%K%P
伸びしろがあるのは分かっていたけど、\nまさか、ここまでやるようになるなんて――、%K%P
我虽然知道她还有进步的空间，\n但没想到已经如此水平了吗——%K%P
%LC陽菜
%LC阳菜
「じゃあ、そろそろこっちから……！」%K%P
「那么，差不多我也要发力了……！」%K%P
%LC杏奈
%LC杏奈
「させないっ！　まだまだ、攻めるっ！」%K%P
「休想！　我的进攻，还没止步！」%K%P
%LC陽菜
%LC阳菜
「なっ……？！」%K%P
「什……？！」%K%P
盾を前に構え、杏奈ちゃんが踏み込んでくる。%K%P
杏奈酱把盾架在前面，冲了过来。%K%P
胸の飾緒をしっかりガードしながら、\nこっちの間合いの内側に踏み込む気だっ……！？%K%P
一边小心翼翼地保护着胸前的饰带，\n一边试图打入我的内围……！？%K%P
%LC杏奈
%LC杏奈
「盾にはこういう使い方もあるって、\n　教えてくれたよねっ？」%K%P
「盾牌也有这种用法，\n　这是你教会我的吧？」%K%P
%LC陽菜
%LC阳菜
「確かに教えたけどっ……！」%K%P
「我确实是教过……！」%K%P
それにしたってタイミングが絶妙すぎる。%K%P
即便如此，这时机也太绝妙了。%K%P
このままロングソードで迎え撃っても、\n勢いのない振り始めを盾で抑え込まれるだけだ。%K%P
要是就这样用长剑迎击，\n这没有气势的舞剑只会被盾牌压制。%K%P
%LC陽菜
%LC阳菜
「くっ……なら、こっちも奥の手っ……！」%K%P
「咕……那么，我也用绝招……！」%K%P
%LC杏奈
%LC杏奈
「うそっ？！　盾を、柄でっ……？！」%K%P
「骗人的吧？！　盾被，剑柄……？！」%K%P
%LC陽菜
%LC阳菜
「あんまりスマートなやり方じゃないけどっ……！」%K%P
「这倒不是上策的做法哦……！」%K%P
迫ってきた杏奈ちゃんの盾を、\nロングソードの柄頭でもって押し留める。%K%P
杏奈酱逼近过来时，\n我用长剑的柄柄顶住了她的盾牌。%K%P
杏奈ちゃんが驚いているところにもう一発、\n今度は攻め込むための一撃を、ガツンとっ……！%K%P
在杏奈酱惊讶的时候，我又挥出一击，\n这次是进攻的一击……！%K%P
%LC杏奈
%LC杏奈
「ひゃんっ？！」%K%P
「咿呀？！」%K%P
%LC陽菜
%LC阳菜
「これで丸見えっ……！」%K%P
「这下全暴露了……！」%K%P
%LC杏奈
%LC杏奈
「わわっ、やばばッっ……？！」%K%P
「哇哇，糟糕了……？！」%K%P
杏奈ちゃんの体勢が崩れると、\n盾で隠れていた飾緒がはっきり見えた。%K%P
杏奈酱的身体重心不稳而晃动，\n现在能清楚地看到被盾牌遮住的饰带了。%K%P
刹那、考えるより先に身体が動いて、\nロングソードの切っ先が狙いを定める。%K%P
刹那间，我的身体先于思考而动，\n长剑的刀尖直接锁定了目标。%K%P
あれを切れば、オレの勝ち。%K%P
斩断了那个，我就赢了。%K%P
――でも、そうしたら、この試合が終わる。%K%P
——但是那样的话，这场比赛就结束了。。%K%P
%LC杏奈
%LC杏奈
「……え？」%K%P
「……诶？」%K%P
オレの振るった刃が、飾緒を断つ直前で止まる。%K%P
我挥舞着的利刃，在要斩断饰带之前停住了。%K%P
ロングソードを寸止めしたオレを、\n杏奈ちゃんが、戸惑った表情を見つめた。%K%P
杏奈酱看着突然寸止的我，\n露出了不知所措的表情。%K%P
%LC杏奈
%LC杏奈
「陽菜ちゃん、どうして……」%K%P
「阳菜酱，为什么……」%K%P
%LC陽菜
%LC阳菜
「これで決着しちゃうと思ったら、\n　そんなのは、イヤだなって……」%K%P
「一想到这一击后就结束了，\n　我不太喜欢的说……」%K%P
だっていま、すごく楽しい。%K%P
因为我刚刚，已然乐在其中了。%K%P
それを終わらせるなんて、とんでもない。%K%P
这样子就结束了，我无法接受。%K%P
%LC陽菜
%LC阳菜
「……ニナさん。仕切り直して、\n　最初からもう一度勝負してもいいですか？」%K%P
「……妮娜姐。可以重新来过，\n　从头再来一决胜负吗？」%K%P
%LCニナ
%LC妮娜
「もちろん。こちらはお願いしている側だし。\n　好きなように戦ってちょうだい」%K%P
「那肯定。我可是专门请你们来测试的。\n　当然想怎么战斗就怎么战斗啦」%K%P
%LC陽菜
%LC阳菜
「杏奈ちゃんも、それでいい？」%K%P
「杏奈酱，这样可以吗？」%K%P
%LC杏奈
%LC杏奈
「うん」%K%P
「嗯」%K%P
%LC陽菜
%LC阳菜
「ありがとう、杏奈ちゃん」%K%P
「谢谢你，杏奈酱」%K%P
%LC杏奈
%LC杏奈
「お礼を言わなきゃいけないのはこっち。\n　私もいま、すっごく楽しい」%K%P
「我才是必须道谢的那个呢。\n　我刚刚打的也很开心」%K%P
オレの提案を受け入れてくれた杏奈ちゃんは、\n嬉しそうに、にこっと笑って。%K%P
杏奈酱接受了我的提议，\n开心地微笑着。%K%P
%LC杏奈
%LC杏奈
「よぉーし。次こそ……決めるっ！」%K%P
「很~~好。下一次……要一决胜负！」%K%P
自分の頬を両手でぱちんっと叩いた彼女は、\n再び、オレの正面でしっかりと構えをとった。%K%P
她用双手拍了拍自己的脸颊，\n再次稳稳地站在我的面前。%K%P
それからオレと杏奈ちゃんは、夢中で戦った。%K%P
从那之后，我和杏奈酱一直在拼命地战斗。%K%P
気合いを入れ直した杏奈ちゃんの攻めは鋭く、\nそれでも、オレはすべてを防ぎきって。%K%P
重新振气的杏奈酱攻势非常犀利，\n尽管如此，我还是抵挡住了全部攻击。%K%P
結局、勝敗はつかないまま、ニナさんの合図で、\nテスト{舞闘:カデンツァ}は終了した。%K%P
结果没有分出胜负，在妮娜姐的示意下，\n{舞斗:华彩乐}测试结束了。%K%P
テストのあと、着替えるために、\n心地良い疲労感とともに控え室へ。%K%P
测试结束后，我们带着舒适的疲劳感，\n来到休息室换衣服。%K%P
%LC杏奈
%LC杏奈
「はふぅ……疲れたぁ……」%K%P
「哈呜……累死了……」%K%P
%LC陽菜
%LC阳菜
「お疲れさま。はい、タオルどうぞ」%K%P
「辛苦了。来，请拿毛巾」%K%P
%LC杏奈
%LC杏奈
「ありがと」%K%P
「谢谢你」%K%P
%LC陽菜
%LC阳菜
「それにしても、本当に強くなったね。\n　前より攻めも積極的だったし」%K%P
「话说回来，你真的变强了呢。\n　进攻比以前积极多了」%K%P
%LC杏奈
%LC杏奈
「褒めてもらえるのは嬉しいけど。\n　陽菜ちゃん、まだまだ余裕あったでしょ？」%K%P
「被夸奖我很高兴的啦。\n　但是阳菜酱，你还是应对的很从容吧？」%K%P
%LC杏奈
%LC杏奈
「こっちは汗だらだらなのに、\n　そっちは全然汗かいてないし」%K%P
「我都汗如雨下了，\n　你却一点汗都没出」%K%P
%LC陽菜
%LC阳菜
「ちゃんと汗かいてるよ。\n　杏奈ちゃんほどじゃないだけ」%K%P
「我也流汗了哦。\n　只是没有杏奈酱那么多而已」%K%P
%LC杏奈
%LC杏奈
「私が汗っかきってこと？」%K%P
「我出汗很多嘛？」%K%P
%LC陽菜
%LC阳菜
「そんなこと言ってないでしょ。\n　それに私、杏奈ちゃんの汗好きだよ」%K%P
「我可没这么说哦。\n　而且杏奈酱的汗，我也喜欢哟」%K%P
%LC杏奈
%LC杏奈
「え……？　陽菜ちゃんって、汗フェチ……？」%K%P
「诶……？　阳菜酱，有恋汗癖……？」%K%P
%LC陽菜
%LC阳菜
「なんでそうなるのっ。\n　頑張ってる姿が好きってこと」%K%P
「为什么会这么说啊！\n　我只是喜欢你努力的样子而已」%K%P
%LC杏奈
%LC杏奈
「あ……ん……ありがと」%K%P
「啊……嗯……谢谢」%K%P
%LC陽菜
%LC阳菜
「うっ、うん……」%K%P
「唔，嗯……」%K%P
顔を伏せるようにして照れるもんだから、\nこっちまでつられて照れてしまう。%K%P
她低着头害羞起来了，\n搞得我也跟着害羞了。%K%P
杏奈ちゃんって積極的なことが多いから、\nいまみたいな反応は、かなりドキっとする。%K%P
杏奈酱很多时候都很积极，\n像现在这样的反应，我挺吃惊的。%K%P
%LC杏奈
%LC杏奈
「……ねえ、陽菜ちゃん。\n　ちょっと気になったんだけど――」%K%P
「……呐，阳菜酱。\n　我有点在意一件事——」%K%P
%LC杏奈
%LC杏奈
「フィエルテ着てるときって、どうしてるの？」%K%P
「我穿着菲尔特的样子，如何？」%K%P
%LC陽菜
%LC阳菜
「どうしてるって、なにを？」%K%P
「如何什么的，哪方面？」%K%P
%LC杏奈
%LC杏奈
「だから、ナニっていうか、アレっていうか。\n　見た感じ、股間ぜんぜん膨らんでないけど」%K%P
「所以，该怎么说呢，是啥来着。\n　就是看你那里的时候，好像没有谜之凸起呢」%K%P
%LC陽菜
%LC阳菜
「あー……」%K%P
「啊啊……」%K%P
なんで急にそんな質問を？　って思ったけど、\nその理由は、すぐにわかった。%K%P
为什么突然问这个问题呢？\n现在我明白理由了。%K%P
ベンチに座る杏奈ちゃんと、その側に立つオレ。%K%P
杏奈酱坐在长椅上，而我站在她身旁。%K%P
照れて顔を伏せた彼女の視線の先には、\nばっちりオレの股間があった。%K%P
她害羞地低下了头，\n视线瞄着我的胯下。%K%P
%LC陽菜
%LC阳菜
「あそこって、いつも勃起してるわけじゃないし。\n　普段の大きさなら隠しておけるから」%K%P
「那里的话，也不是总勃起的。\n　平时的大小是可以藏起来的啦」%K%P
%LC杏奈
%LC杏奈
「隠すって、どんなふうに？」%K%P
「藏起来，用的什么方法？」%K%P
%LC陽菜
%LC阳菜
「それは、えっと……」%K%P
「这个嘛，额……」%K%P
%LC陽菜
%LC阳菜
「勃起前はそれなりに小さくて柔らかいから、\n　それを、うまく収めておく、というか……」%K%P
「勃起前的这个是又小又软的啦，\n　应该说，很容易……把它"收起来"吧……」%K%P
%LC杏奈
%LC杏奈
「そうなんだ……。\n　普段は小さくて柔らかいんだ……」%K%P
「这样啊……。\n　平时的又小又软呀……」%K%P
%LC陽菜
%LC阳菜
「って、あんまりまじまじ見ないでってば」%K%P
「额，不要一直盯着看啊」%K%P
%LC杏奈
%LC杏奈
「だって気になるんだもん」%K%P
「因为我很在意嘛」%K%P
そう言って、股間を覗き込む杏奈ちゃん。%K%P
这么说着，杏奈酱仍在盯着我的胯下。%K%P
その距離があまりに近いもんだから、\n思わず、股間がビクッと――、%K%P
因为距离太近了，\n胯下不由得顶了一下——%K%P
%LC杏奈
%LC杏奈
「あっ、いまピクンってした」%K%P
「啊，刚刚它顶了一下」%K%P
%LC陽菜
%LC阳菜
「きっ、気のせいじゃない？」%K%P
「是，是你的错觉吧？」%K%P
%LC杏奈
%LC杏奈
「ううん、絶対ビクってしたもん」%K%P
「不对，绝对顶了一下」%K%P
%LC陽菜
%LC阳菜
「してないしてない」%K%P
「没有顶没有顶」%K%P
%LC杏奈
%LC杏奈
「なら、さわって確かめていい？」%K%P
「那就，摸摸确认一下吧？」%K%P
%LC陽菜
%LC阳菜
「なんでそうなるの」%K%P
「为什么要这样做」%K%P
%LC杏奈
%LC杏奈
「陽菜ちゃんのあそこって、\n　エッチするとき、いつもガチガチなんだもん」%K%P
「阳菜酱的那个，\n　每次做爱的时候都是硬邦邦的」%K%P
%LC杏奈
%LC杏奈
「だから、小さくて柔らかいっていうのが、\n　どんな感じなのか、気になるし……」%K%P
「所以我很好奇，又小又软的，\n　到底是什么感觉呢……」%K%P
%LC杏奈
%LC杏奈
「だから、ね？　ちょっとだけ。\n　ほんのちょこっとでいいから」%K%P
「所以，呐？　只摸一下。\n　就只摸一下嘛」%K%P
%LC陽菜
%LC阳菜
「そんなこと言って、\n　絶対ちょっとじゃ終わらないくせに」%K%P
「听你这口气，\n　绝对不是摸一下就完事了的」%K%P
%LC杏奈
%LC杏奈
「うんっ」%K%P
「嗯❤~」%K%P
%LC陽菜
%LC阳菜
「開き直らないのっ」%K%P
「不要明知故犯呀」%K%P
%LC杏奈
%LC杏奈
「いいから見せてっ\n　おち○ぽ、見ーせーてーっ」%K%P
「好了，让我看看❤\n　小肉棒，让↘我→看↓看↗！❤」%K%P
%LC陽菜
%LC阳菜
「わっ……わわっ……！？」%K%P
「哇……哇啊啊……！？」%K%P
いきなり抱きついてきた杏奈ちゃんの勢いに負けて、\n後ろに数歩下がってしまう。%K%P
在气势上输给了突然抱过来的杏奈酱，\n我不由得向后退了几步。%K%P
と、さっきまでオレが立っていた場所に、\nぺたんと女の子座りをする杏奈ちゃんがいた。%K%P
然后，在我刚才站着的地方，\n杏奈酱直接跨坐在了我身上。%K%P
%LC杏奈
%LC杏奈
「えへへ、ベスポジ確保っ」%K%P
「欸嘿嘿，以防万一❤~」%K%P
%LC杏奈
%LC杏奈
「って……わ、ほんとだ……\n　確かにここだけ、こんもりしてる……」%K%P
「诶……哇，真的呢……❤\n　确实只有这里，是软软的呢……❤」%K%P
%LC陽菜
%LC阳菜
「んやぅ……っ」%K%P
「喵呀……咕」%K%P
いきなり股間を撫でられて、腰が跳ねる。%K%P
突然被她摸了下股间，腰直接挺了一下。%K%P
%LC陽菜
%LC阳菜
「もう、杏奈ちゃん……っ」%K%P
「真是的，杏奈酱……」%K%P
%LC杏奈
%LC杏奈
「くすっ　いまの声の感じだと、\n　本当にここにおち○ぽが隠れてるんだ？」%K%P
「嘿嘿❤　听你刚才的声音，\n　这里真的藏着一个肉棒呢」%K%P
フィエルテの股間部分に手を添えて、\nにまにまっと悪戯っぽく笑う杏奈ちゃん。%K%P
杏奈酱用手隔着菲尔特，\n恶趣味地笑着抚摸我的股间。%K%P
彼女の指摘は見事に当たっていて、\nその手のひらの下には、オレのペニスがあった。%K%P
她说的完全正确，\n她的手掌下就是我的肉棒。%K%P
フィエルテ越しに触れてくる彼女の手は、\n直前までの運動のせいか、いつもより温かくて。%K%P
也许是因为刚刚运动过，\n她的手即使隔着菲尔特，也比平时更温暖。%K%P
わずかな汗で湿っている手のひらは、\n吸いつくように、ペニスをまるっと包み込んできた。%K%P
被汗水浸湿的手掌，像是被吸住似的，\n把肉棒握住了。%K%P
%LC杏奈
%LC杏奈
「いつもはおっきなおち○ぽが、\n　普段はこんなにちっちゃいなんて……」%K%P
「之前看到的肉棒明明很大，\n　平时竟然这么小……」%K%P
%LC杏奈
%LC杏奈
「なんか、手品を見てるみたい」%K%P
「感觉，就像在看魔术一样」%K%P
%LC陽菜
%LC阳菜
「そう思うなら、種明かしはしないほうが」%K%P
「如果是这样想的，那最好不要"揭开"真相哦」%K%P
%LC杏奈
%LC杏奈
「だーめっ。ここでやめたら、\n　今夜ぜったい悶々として眠れないし」%K%P
「不—行。如果这样就放弃的话，\n　今晚肯定会闷闷不乐，睡不着觉的」%K%P
%LC杏奈
%LC杏奈
「陽菜ちゃんもそうでしょ？　ここでやめたら、\n　おち○ぽ、あとでうずうずしちゃうよ？」%K%P
「阳菜酱也是这样吧？在这里停下的话，\n　肉棒也很难冷静下来吧？」%K%P
%LC杏奈
%LC杏奈
「ここんとこずっとキスだけで、\n　エッチなこと、全然できなかったし……」%K%P
「最近一直都是在接吻，\n　做爱什么的，完全没有过……」%K%P
%LC杏奈
%LC杏奈
「陽菜ちゃんだって、したいでしょ？\n　私とエッチしたいもんねぇ……？」%K%P
「阳菜酱其实也想做吧？\n　和我做爱什么的……？」%K%P
%LC陽菜
%LC阳菜
「…………うん」%K%P
「…………嗯」%K%P
火照っていく杏奈ちゃんの声に、\n喉を鳴らすようにして頷いてしまう。%K%P
杏奈酱的声音，听起来越发灼热，\n我忍不住地点了点头。%K%P
そんなことないって虚勢を張ろうにも、\n彼女の手のぬくもりには逆らえなかった。%K%P
即使想虚张声势地说自己不想，\n也无法违抗她温暖的手。%K%P
%LC杏奈
%LC杏奈
「えへへっ……　なら、まずは私が、\n　陽菜ちゃんを気持ち良くしてあげる」%K%P
「欸嘿嘿……❤　那么，先要让阳菜酱，心情好起来呢❤」%K%P
そうして、いまにも頬ずりしそうなぐらい、\n彼女はオレの股間に顔を寄せてくる。%K%P
然后，她把脸凑到我的股间，\n仿佛要把脸颊贴上去。%K%P
フィエルテがなければ、絶対に鼻息がかかって\nこそばゆくなる、そのぐらいの近さだ。%K%P
如果没有菲尔特，绝对会因她的鼻息感到不好意思，\n毕竟这么近的距离。%K%P
%LC杏奈
%LC杏奈
「わはっ、ほんとに柔らかい……。\n　勃起前のおち○ぽ、ふにふにしてる……」%K%P
「呜哇，真的好软呢……\n　勃起前的肉棒，软绵绵的……」%K%P
%LC杏奈
%LC杏奈
「ガチガチなのも好きだけど、\n　こっちはこっちで、可愛くて好きかも……」%K%P
「硬邦邦的样子我很喜欢，\n　但现在这个样子，我也很喜欢……❤」%K%P
%LC杏奈
%LC杏奈
「たっくさんなでなでしてあげるから、\n　陽菜ちゃんは、いっぱいおっきくしてね？」%K%P
「我再多抚摸一下哦~\n　阳菜酱，可要好好地变大呢？」%K%P
嬉しそうに動き始めた手は、\nしっかりとペニス全体を撫でていく。%K%P
她开心地动起了手，\n紧紧地揉捏着肉棒的每一处地方。%K%P
杏奈ちゃんはなでなでって言ったけど、\n感覚としては、こねられているような感じだ。%K%P
虽然杏奈酱说是"抚摸"，\n但在感觉上，比起摸更像是"揉捏"。%K%P
%LC陽菜
%LC阳菜
「はうっ、んぅッ……はぁ、あぁっ」%K%P
「哈呜~嗯……哈啊，啊啊~」%K%P
%LC杏奈
%LC杏奈
「あっ、すごい……　ちっちゃくても、\n　ちゃんとビクって反応するんだ……」%K%P
「啊，好厉害……❤　虽然很难察觉，\n　但还是有反应的呢……❤」%K%P
%LC杏奈
%LC杏奈
「ふふっ、早くおっきくなろうねー？\n　なでなでっ　よしよしっ」%K%P
「呼呼~要快点长大哦~？\n　摸呀摸呀❤　好乖好乖❤~」%K%P
%LC陽菜
%LC阳菜
「んうッ……やっ、はぅうっ」%K%P
「嗯唔……喵~呀啊啊~❤」%K%P
%LC杏奈
%LC杏奈
「くすっ、陽菜ちゃんの声も、\n　おち○ぽと同じぐらい可愛いっ……」%K%P
「嗯哼~阳菜酱的声音，\n　和小肉棒一样可爱呢……❤」%K%P
%LC陽菜
%LC阳菜
「んっ……だって、くすぐったくて……」%K%P
「嗯……因为，真的太痒了……」%K%P
%LC杏奈
%LC杏奈
「こそばゆい感じなのかな？\n　だったら、ちょっと強めに……ぎゅーぅ」%K%P
「只是很痒的感觉吗？\n　那么，稍微加大一点力度……啾~~❤」%K%P
%LC陽菜
%LC阳菜
「あっ、んぎっ……ぐッ、んんッ」%K%P
「啊，咿……咕~嗯嗯~~」%K%P
いきなりの強い刺激に、歯を食いしばる。%K%P
面对突如其来的强烈刺激，我咬紧了牙关。%K%P
杏奈ちゃんが握ってきたのは、\n竿ではなく、その下にある玉袋だった。%K%P
杏奈酱现在握住的不是阴茎，\n而是下面的睾丸。%K%P
%LC杏奈
%LC杏奈
「あれ？　なんか、ころころしてる……？」%K%P
「啊咧？　好像，是个圆滚滚的东西……？」%K%P
%LC杏奈
%LC杏奈
「って……あ、ひょっとしてこれ、玉袋？」%K%P
「额……啊，难道这是，睾丸？」%K%P
%LC陽菜
%LC阳菜
「そうっ……。そこ、いわゆる急所だから、\n　あんまり強くされちゃうとっ……んんッ」%K%P
「是呀……这，也就是所谓的关键部位，\n　所以不能太用力哦……咕嗯~」%K%P
%LC杏奈
%LC杏奈
「ごっ、ごめんっ。\n　私、気付かず、ぎゅってしちゃって」%K%P
「抱，抱歉。\n　我没注意到，捏了一下」%K%P
%LC陽菜
%LC阳菜
「わざとじゃないのは、わかってるから。\n　次からは、できるだけ優しく――」%K%P
「我知道你不是故意的啦。\n　但下一次，尽量温柔点——」%K%P
%LC杏奈
%LC杏奈
「うん。優しく、優しく……」%K%P
「嗯。温柔点，温柔点……」%K%P
%LC陽菜
%LC阳菜
「ああっ……んぅ、はぁ、あぁっ……」%K%P
「啊啊……嗯唔~哈啊~啊啊啊……」%K%P
さっきの握り方とは打って変わって、\n小鳥の雛を扱うような、繊細な手つき。%K%P
和刚才的握法完全不同，\n她纤细的手就像对待雏鸟一样摸着。%K%P
期せずして緩急がついた愛撫に、\n腰から下の力が一気に抜けそうになる。%K%P
不缓不急的爱抚，让我腰部的力气，\n仿佛一下子全部消散了。%K%P
%LC杏奈
%LC杏奈
「……どう？　これぐらいなら、平気？」%K%P
「……怎样？　这样的程度，没问题吧？」%K%P
%LC陽菜
%LC阳菜
「うん。杏奈ちゃんの手、気持ちいい……」%K%P
「嗯。杏奈酱的手，好舒服……」%K%P
%LC杏奈
%LC杏奈
「ほっ、よかった……」%K%P
「啊，太好了……❤」%K%P
%LC杏奈
%LC杏奈
「じゃあ、おち○ぽと一緒に、\n　玉袋もいっぱいなでなでしてあげる」%K%P
「那么，连同阴茎一起，\n　把睾丸也抚摸一遍吧」%K%P
%LC杏奈
%LC杏奈
「勃起しちゃったら無理だけど、\n　いまのうちなら、こうすれば――」%K%P
「虽然不应该让你勃起的，\n　但事已至此，还是做完比较好——」%K%P
めいっぱい手を広げた杏奈ちゃんは、宣言通り、\nペニスと玉袋を同時に包み込んできた。%K%P
杏奈酱张开双手，像她所说的那样，\n同时握住了阴茎和睾丸。%K%P
それは勃起前のペニスだからこそ、可能な技で。%K%P
这是让人快速勃起的手技嘛。%K%P
柔らかな竿と睾丸が一緒くたに揉まれると、\nたまに睾丸同士がぶつかって、強い刺激が――、%K%P
柔软的阴茎，和睾丸一起揉着，\n睾丸偶尔会碰撞，产生强烈的刺激——%K%P
%LC陽菜
%LC阳菜
「んぐッ……はっ、んうっ、はあっ、はあっ」%K%P
「嗯咕唔……哈啊~唔~哈啊，哈啊~」%K%P
%LC杏奈
%LC杏奈
「あっ……おち○ぽ、\n　だんだん固くなってきたかも……」%K%P
「啊……肉棒它，\n　好像越来越硬了……」%K%P
%LC杏奈
%LC杏奈
「あんなにやわやわだったのに、\n　なでるたび、膨らんで……」%K%P
「明明一开始那么柔软的，\n　每次抚摸都会膨胀……」%K%P
%LC杏奈
%LC杏奈
「なんかこの感じ、クセになりそう……」%K%P
「这种感觉，让人上瘾……❤」%K%P
%LC杏奈
%LC杏奈
「陽菜ちゃんはどう？　勃起前のおち○ぽ、\n　なでなでされるの、気持ちいーい？」%K%P
「阳菜酱感觉如何？勃起前的肉棒被抚摸着，\n　会很舒服吗？」%K%P
%LC陽菜
%LC阳菜
「んっ……すごい、ドキドキする……」%K%P
「嗯……好厉害，心跳加速了……」%K%P
フィエルテ越しの愛撫は、実にもどかしい。%K%P
隔着菲尔特的爱抚，真令人感到烦躁。%K%P
けど、勃起しかけているペニスにとっては、\nそのもどかしさこそが、なによりのご馳走で。%K%P
但是，对于正在勃起的肉棒来说，\n这种焦躁才是最好的享受。%K%P
杏奈ちゃんの手がペニスをさするたび、\n股間に血が集まっていくのが、はっきり分かる。%K%P
杏奈酱的手每次触摸肉棒，\n我都能清楚地感受到血液聚集到股间。%K%P
%LC杏奈
%LC杏奈
「おち○ぽ、びく、びくって……ふふっ、\n　おーきくなぁれ　おーきくなぁれ」%K%P
「大肉棒，一跳，一跳的……呼呼~\n　快快长大吧❤　快快长大吧❤」%K%P
%LC陽菜
%LC阳菜
「あっ、そこ……気持ちいっ……んうっ」%K%P
「啊啊~这里……好舒服……嗯啊~」%K%P
%LC杏奈
%LC杏奈
「わわっ、一気に膨らんできたっ……」%K%P
「哇哇~一下子膨胀起来了……❤」%K%P
ぱっと見で気付かない程度だった膨らみは、\n杏奈ちゃんの手の中で、ぐんぐん成長して。%K%P
刚刚还没有大幅度膨胀的肉棒，\n现在在杏奈酱的手中不断地"成长"着。%K%P
ついには一目でそれとわかるぐらい、\n勃起したペニスのシルエットが現れた。%K%P
现在终于能一眼看出来，\n肉棒勃起时的样子了。%K%P
%LC杏奈
%LC杏奈
「うわ……。これ、エッロい……」%K%P
「呜哇……这个，好涩哦……」%K%P
%LC杏奈
%LC杏奈
「フィエルテがぴちっとしてるせいで、\n　おち○ぽの形が、くっきり出ちゃってる……」%K%P
「因为菲尔特很像紧身衣的性质，\n　肉棒的形状很明显地显露出来了……」%K%P
杏奈ちゃんが呟くのも無理ないってぐらい、\n勃起したペニスの存在感は圧倒的だった。%K%P
勃起后的肉棒似乎有压倒性的存在感，\n杏奈酱都说不出话了。%K%P
普通の服や下着越しだったら、勃起したとき、\nいわゆるテントを張るような状態になるけど――、%K%P
如果穿着普通的衣服或内衣，\n勃起的时候就会像帐篷一样——%K%P
フィエルテの前垂れ部分を押し上げるペニスは、\nなにかのタワーみたいに、反り返っていて。%K%P
现在的话，肉棒把菲尔特的前摆往上推开，\n就像比萨斜塔一样，向后仰着。%K%P
%LC杏奈
%LC杏奈
「さきっぽが、ぷくっと膨らんでて……。\n　その下は、ちょっとくびれてて……」%K%P
「前端一下子鼓了起来……\n　倒是下面会有点凹陷……」%K%P
%LC杏奈
%LC杏奈
「……あっ、そっか。膣内に挿れたとき、\n　ここが引っかかって気持ちいいんだ……」%K%P
「……啊，对啊。这个插进阴道里的时候，\n　就是用这里摩擦的，很舒服呢……❤」%K%P
%LC杏奈
%LC杏奈
「いつも気持ちよくしてくれてるお礼に、\n　ここは重点的に、なで、なで……」%K%P
「作为一直让我舒服的回礼，\n　这里重点抚摸，摸呀~摸呀……」%K%P
%LC陽菜
%LC阳菜
「んあッ、ぐっ……はっ、ああっ」%K%P
「嗯啊~咕呜……哈啊，啊啊啊~」%K%P
反り返っているペニスの裏筋を、\n杏奈ちゃんの指が、なぞるように撫でる。%K%P
杏奈酱的手指不断抚摸着，\n上翘着的肉棒的后筋。%K%P
彼女の言う、くびれ――カリ首に指が触れると、\nその刺激だけで、腰がびくっと跳ねた。%K%P
如她所说，龟头——手指一碰到龟头的下端，\n那刺激太大了，我不由得猛地挺了下腰。%K%P
%LC杏奈
%LC杏奈
「すごい……。腰、ビクビクしてる……\n　陽菜ちゃんのおち○ぽ、ここが弱いんだ？」%K%P
「好厉害……腰，扭来扭去的……❤\n　阳菜酱的肉棒，弱点就在这里吧？」%K%P
%LC陽菜
%LC阳菜
「そこは誰だって弱いのっ。\n　そういうふうに出来てるんだからっ」%K%P
「这个地方谁都很脆弱啊。\n　这是天生就弱的地方啦」%K%P
%LC杏奈
%LC杏奈
「すりすり、こしょこしょっ」%K%P
「扣呀扣呀~挠呀挠呀~❤」%K%P
%LC陽菜
%LC阳菜
「ひうっ　やっ、だめだってば、\n　そこばっかり、こすちゃっ……んんっ」%K%P
「咿呀❤　喵呀~不行的呀~\n　扣这里什么的，不行……嗯嗯~」%K%P
%LC杏奈
%LC杏奈
「あっ……さきっぽのとこ、湿ってきた」%K%P
「啊……前端的部位，好像湿了」%K%P
%LC陽菜
%LC阳菜
「え……？」%K%P
「诶……？」%K%P
%LC杏奈
%LC杏奈
「ほら……ちょっとわかりにくいけど、\n　お漏らしみたいに、染みちゃってる」%K%P
「你看……虽然我不太理解，\n　这就像，漏尿了一样」%K%P
%LC陽菜
%LC阳菜
「うわっ……」%K%P
「呜哇……」%K%P
確かに亀頭の先端――尿道口のあたりに、\nほんのわずかだけど染みのようなものがある。%K%P
在龟头的前端——尿道口附近，\n确实有一点像污渍一样的痕迹。%K%P
%LC杏奈
%LC杏奈
「フィエルテに染みを作っちゃうとか……、\n　陽菜ちゃんのえっち」%K%P
「把菲尔特都染湿了呀……\n　阳菜酱真H~」%K%P
%LC陽菜
%LC阳菜
「杏奈ちゃんが脱がせてくれないからっ……」%K%P
「还不是因为杏奈酱没有脱下来……」%K%P
%LC杏奈
%LC杏奈
「あー、私のせいにするんだ？」%K%P
「啊—是我的错吗？」%K%P
%LC陽菜
%LC阳菜
「そういう意味じゃなくて、\n　脱いでおけば汚れなかったって意味っ」%K%P
「不是这样的意思，\n　是说如果你脱了，就不会弄脏了」%K%P
%LC陽菜
%LC阳菜
「っていうかこれ、マズいんじゃ……。\n　明日もフィエルテ着なきゃいけないのに」%K%P
「这样说来，糟了呀……\n　明天也要穿菲尔特呀」%K%P
騎士カフェで騎士の扮装をするとき、\n鎧の下にはインナーとしてフィエルテを着る。%K%P
在骑士咖啡店里扮演骑士时，\n在盔甲下穿菲尔特来当作内衣。%K%P
%LC杏奈
%LC杏奈
「それなら大丈夫、あとで洗ってあげるから。\n　自分の分も洗うつもりだったし」%K%P
「这个没关系啦，待会拿去洗就行。\n　我也打算洗自己的呢」%K%P
%LC杏奈
%LC杏奈
「フィエルテはすぐ乾くから、\n　明日には余裕で間に合うよ」%K%P
「菲尔特很快就能干的，\n　到明天时间完全够的」%K%P
%LC杏奈
%LC杏奈
「でなきゃこんなふうに、フィエルテの上から、\n　おち○ぽなでなでなんてしないし」%K%P
「否则，我不会像这样，\n　在菲尔特的上面抚摸大肉棒呢❤」%K%P
%LC陽菜
%LC阳菜
「ほっ、よかった……」%K%P
「哈啊，太好了……」%K%P
%LC杏奈
%LC杏奈
「というわけで、このまま射精していいよ？」%K%P
「所以说，就这样射精也可以哦？」%K%P
%LC陽菜
%LC阳菜
「え……？　このままって……着たままっ？」%K%P
「诶……？　现在射……穿着衣服？」%K%P
%LC杏奈
%LC杏奈
「どうせお洗濯するんだもん。\n　なら、フィエルテにお漏らししちゃお？」%K%P
「反正都要拿去洗的。\n　那直接把精液射在菲尔特身上也可以吧？」%K%P
%LC杏奈
%LC杏奈
「フィエルテがどろどろになっちゃうぐらい、\n　びゅー、びゅーって……ねっ？　ほらほらっ」%K%P
「把菲尔特弄得黏黏糊糊一团糟，\n　biubiu地射上去……呐？　来吧来吧~❤」%K%P
%LC陽菜
%LC阳菜
「やうっ……？！　あっ、ちょっ、待って、\n　今さきっぽはダメって……ぐっ、んあうッ」%K%P
「呀呜……？！　喵啊~等，等等，\n　不能再继续了……咕，嗯啊啊~」%K%P
こちらが安堵した隙をつくように、\n杏奈ちゃんがフィエルテごとペニスを扱く。%K%P
杏奈酱趁我放松下来的间隙，\n突然用手撸着我的肉棒。%K%P
フィエルテの裏地と亀頭がこすれると、\nその快感で、ますますカウパーがあふれてしまう。%K%P
当龟头与菲尔特的内衬摩擦时，\n那种快感让我更加性奋了。%K%P
%LC杏奈
%LC杏奈
「ばっちりお洗濯してあげるから。\n　遠慮しないで、いっぱい出してね」%K%P
「我会给你洗干净的啦。\n　所以不用顾虑，多多地射出来吧」%K%P
%LC陽菜
%LC阳菜
「なんでそんなに洗いたがるのっ」%K%P
「你为什么这么想洗呀」%K%P
%LC杏奈
%LC杏奈
「だって……クセになっちゃったから」%K%P
「因为……我已经上瘾了呀」%K%P
%LC杏奈
%LC杏奈
「私が精子の染みちゃった服を洗うのって、\n　今回が初めてじゃないんだよ？」%K%P
「沾染了精子的衣服，\n　我也不是第一次洗了哦」%K%P
%LC杏奈
%LC杏奈
「前にも、こういうことあったでしょ？」%K%P
「以前不是也有过这样的事吗？」%K%P
%LC陽菜
%LC阳菜
「あ……」%K%P
「啊……」%K%P
……そうだ。最初に杏奈ちゃんの前で射精したとき、\nオレは彼女が用意してくれたパジャマを着ていて。%K%P
……是啊。第一次在杏奈酱面前射精的时候，\n我还穿着她准备的睡衣呢。%K%P
そのパジャマに、どびゅどびゅって――、%K%P
在那件睡衣上，biubiu地射精了——%K%P
%LC杏奈
%LC杏奈
「あのパジャマ、次の日こっそり手洗いしたの」%K%P
「那件睡衣，第二天我偷偷手洗了哦」%K%P
%LC杏奈
%LC杏奈
「クリーニング出すわけにいかないから。\n　ネットで調べて、自分でやったんだけど――」%K%P
「不能送洗衣店。这我在网上查过了，\n　所以就自己洗了——」%K%P
%LC杏奈
%LC杏奈
「洗ってる間、こんなに出してくれたんだ……って\n　思ったら、なんかすごく、キュンとしちゃって」%K%P
「洗的时候，发现射了挺多呢……啊，\n　只是这么想着，我现在就特别心动哦」%K%P
%LC杏奈
%LC杏奈
「今は毎晩、あのパジャマ着て寝てるんだよ？\n　陽菜ちゃんの射精を、思い出しながら」%K%P
「现在每天晚上，都穿着那件睡衣睡觉哦？\n　这样就能回想起阳菜酱的射精呢」%K%P
%LC陽菜
%LC阳菜
「んっ……」%K%P
「嗯啊……」%K%P
とんでもないエピソードを披露されて、\n一気にボルテージが上がってしまう。%K%P
得知了这不得了的小插曲，\n我的情绪一下子高涨了起来。%K%P
洗ったとはいえ、オレが射精したパジャマで、\n毎晩、杏奈ちゃんが寝ているだなんて――、%K%P
虽然洗过了，但杏奈酱她，\n每晚都穿着我射精过的睡衣睡觉——%K%P
%LC杏奈
%LC杏奈
「だから、たっぷり出していいよ？\n　私がちゃーんと手洗いして、綺麗にするから」%K%P
「所以，可以多射一些吗？\n　我会好好地用手洗，把它洗干净的啦」%K%P
%LC杏奈
%LC杏奈
「お泊まりのパジャマのときみたく、\n　今日も精子、びゅびゅっとお漏らししよ？」%K%P
「就像那件的睡衣一样，今天也要，\n　好好地把精子喷漏出来哦？」%K%P
%LC杏奈
%LC杏奈
「いっぱい、どぴゅー、どぴゅーって……ね？\n　えっちな染みを作っちゃお？　陽菜ちゃん」%K%P
「满满的，biu~biu~的……呐？\n　将它染上H的白浊吧？　阳菜酱~❤」%K%P
%LC陽菜
%LC阳菜
「んぐッ……くっ、んんんぅッ……！」%K%P
「嗯~哈啊……咕~嗯哈啊……！」%K%P
パジャマのエピソードが起爆剤になって、\n竿の根元が一気に熱を帯びる。%K%P
睡衣的小插曲像起爆剂一样，\n让我的肉棒一下子热了起来。%K%P
頭の中には、あの夜の事が思い出されて。%K%P
我的脑海中，一直在浮现那晚的情景。%K%P
その時よりも上達した手コキが、\nフィエルテごと、ペニスを扱いてきて――、%K%P
比那时更熟练的手法，\n还穿着菲尔特被她撸着——%K%P
%LC杏奈
%LC杏奈
「ああっ、ビクビクすごいっ……\n　陽菜ちゃん、出る？　もう出ちゃう？」%K%P
「啊啊，一跳一跳的好厉害……❤\n　阳菜酱，要射了？　已经要出来了吗？」%K%P
%LC陽菜
%LC阳菜
「うんっ……。早くて、ごめんっ……」%K%P
「嗯……快要了，对不起……」%K%P
%LC杏奈
%LC杏奈
「ううん、いいよいいよ、出して出してっ。\n　とろっとろ精子、今日もちょうだい」%K%P
「不，可以哦可以哦~射吧射吧。\n　今天也射点热乎乎的精子吧~❤」%K%P
%LC陽菜
%LC阳菜
「ああっ……出るっ……\n　くぅ……あっ、ああああッ……！」%K%P
「啊啊……射了……\n　咕……啊，啊啊啊啊……！」%K%P
%LC杏奈
%LC杏奈
「あっ、ああっ……　陽菜ちゃんの精子、\n　びゅびゅーって……わっ、わわわっ……」%K%P
「啊~啊啊……❤　阳菜酱的精子\n　biubiu~的……啊，哇啊啊……❤」%K%P
%LC陽菜
%LC阳菜
「はうっ……はぁ、ああっ……」%K%P
「哈呜……哈啊，啊啊……」%K%P
射精の瞬間、亀頭がぬるっと熱くなり、\nその熱はじわじわと竿全体へと広がって、%K%P
射精的那一瞬间，龟头变得热乎乎的，\n那热度慢慢扩散到了整个肉棒上。%K%P
同時に、フィエルテにも濃い色の染みが広がった。%K%P
同时，菲尔特也被染上了更深的污渍。%K%P
%LC杏奈
%LC杏奈
「あぁ、おち○ぽ、すごいっ……　\n　精子がどんどん染み出してきてるっ……」%K%P
「啊啊~大肉棒，好棒……❤　\n　精子源源不断地渗了出来……」%K%P
%LC杏奈
%LC杏奈
「それに、これ、匂いが……はうっ、\n　精子の匂いが、すっごい……んうっ」%K%P
「而且，这个的味道……哈呜~\n　精子的味道，好棒……嗯姆~❤」%K%P
目と鼻の先で射精を見守っていた杏奈ちゃんが、\n得物を狙う動物のように、ぺろっと舌なめずり。%K%P
用眼睛和鼻子"感受"着射精的杏奈酱，\n像瞄准猎物的动物一样，舔了舔舌头。%K%P
まさかと思ったときには、\n彼女の手はするするっと動いていて。%K%P
就在我想着接下来的发展的时候，\n她的手已经动了起来。%K%P
%LC杏奈
%LC杏奈
「ああっ……　すごい、おっきい……\n　これが日向くんの、勃起ち○ぽ……」%K%P
「啊啊……❤　好厉害~好大……❤\n　这就是日向君的，勃起的肉棒……❤」%K%P
フィエルテをぐいっとズラした杏奈ちゃんは、\n露出したペニスを見つめて、口を開け、舌を垂らす。%K%P
杏奈酱用力扯开菲尔特，盯着露出来的肉棒，\n张开嘴，垂下了舌头。%K%P
そのエロさたるや、思わず竿が力んで、\n尿道口から精子が垂れてしまうほどだった。%K%P
这也太H了吧，我不由得挺起了肉棒，\n然后，精子从尿道口处垂了下来。%K%P
%LC杏奈
%LC杏奈
「このフィエルテは、あとでお洗濯するとして……。\n　おち○ぽも、綺麗にしないとだよね？」%K%P
「这件菲尔特，待会再洗……\n　大肉棒，也得弄干净才行吧？」%K%P
%LC陽菜
%LC阳菜
「杏奈ちゃん、まさか……」%K%P
「杏奈酱，难不成……」%K%P
%LC杏奈
%LC杏奈
「くすっ、まさかじゃないでしょ？\n　この状況だと、それしかないもんね？」%K%P
「嘻嘻~不用说"难不成"了哦？\n　在这种情况下，只能这样了对吧？」%K%P
%LC杏奈
%LC杏奈
「というわけで……いただきまぁーすっ」%K%P
「事不宜迟……我开动了哦~❤」%K%P
さらに大きく口を開けた杏奈ちゃんは、\nそのまま、オレのペニスを、ぱくっと――、%K%P
杏奈酱把嘴张得更大了，\n就这样，"啾"的一下，把我的肉棒——%K%P
%LC杏奈
%LC杏奈
「あーむぅ　んむっ……れろ、れろっ、\n　ちゅぶるるっ、んぐっ……んぐっ、んぐっ」%K%P
「阿~姆❤　嗯姆……咧噜咧噜~\n　啾姆姆~嗯咕……嗯姆~嗯姆~」%K%P
%LC杏奈
%LC杏奈
「んぅ……これが、ひなたくんの、せーし……\n　どろっとして、んぐっ……おいひっ……」%K%P
「唔……这就是~日向君的，肉棒汁……❤\n　黏糊糊的~嗯咕……好好次……❤」%K%P
%LC杏奈
%LC杏奈
「んぅっ、あむ……あ、まだ、でてくる……\n　さきっぽの割れ目から、とろとろーって……」%K%P
「嗯呜，阿姆……啊，又出来了……❤\n　从前面的沟里，又冒出来了……❤」%K%P
%LC陽菜
%LC阳菜
「あぐっ……くっ、ふあっ、んああァッ」%K%P
「啊呜……咕~呜啊~呜啊啊啊~~」%K%P
尿道口を執拗に舐められて、思わずのけぞる。%K%P
她执拗地舔着我的尿道口，我不由得向后一仰。%K%P
ペニスを舐めて綺麗にするって展開は、\n杏奈ちゃんの言う通り、想像の範疇だったけど。%K%P
把肉棒舔干净的情节，就像杏奈酱说的那样，\n原本是是想象中的范畴。%K%P
まさか、いきなりまるごと頬張ってくるなんて。%K%P
没想到，突然就把整个都塞进嘴里了。%K%P
%LC杏奈
%LC杏奈
「じるるるるっ、ぢゅぷっ……ンふーぅ、\n　れーろ、れるる、れろろろろろっ」%K%P
「啾噜噜噜噜~啾噗……噗噜噜~\n　咧噜~咧噜噜~咧噜噜噜噜~❤」%K%P
%LC杏奈
%LC杏奈
「じゅぶっ……じゅぶぶっ……んんんぅッ、\n　んぐっ……んんっ、ンぐっ……はふぅ」%K%P
「咕噜……啾噗噗……嗯嗯嗯~\n　咕噗……嗯嗯~咳呜……哈姆~❤」%K%P
%LC杏奈
%LC杏奈
「んぐぐ、もごっ……うんっ、\n　これで、きれいになったかも……」%K%P
「嗯姆咕咕~姆咕咕……嗯~\n　这样就，弄干净了……」%K%P
亀頭をねぶる舌の柔らかさに、ペニスが暴れる。%K%P
柔软的舌头在龟头上搅动，我的肉棒要发狂了。%K%P
イッた直後は敏感だってことを差し引いても、\n杏奈ちゃんのおしゃぶりは、気持ちよくて。%K%P
刚说过那里很敏感，杏奈酱便越发吸吮那里，\n非常舒服。%K%P
射精したばかりだってことを忘れて、\n腰を振りたくなるぐらい、気持ちよすぎて。%K%P
实在是太舒服了，舒服到让我忘了才刚射完精，\n不断地扭动着腰。%K%P
%LC陽菜
%LC阳菜
「はふっ、はあ……あっ、ああああっ……」%K%P
「哈呜咿~哈啊……啊~啊啊啊啊……」%K%P
%LC杏奈
%LC杏奈
「んぅ？　ひなたくん、どーかした？」%K%P
「嗯？　日向君，怎么了？」%K%P
%LC陽菜
%LC阳菜
「どうも、こうもっ……杏奈ちゃんが、\n　いきなり、ぱくってするからっ……」%K%P
「还问，怎么了……杏奈酱，\n　突然就含住了……」%K%P
%LC杏奈
%LC杏奈
「だって、溶けかけのアイスみたいに、\n　いまにも垂れちゃいそうだったんだもん」%K%P
「因为，就像融化的冰淇淋一样，\n　不吃马上就会垂下来呢」%K%P
%LC杏奈
%LC杏奈
「そういうときは舐めるより……こーして、\n　ぱくっ　としたほうがいいでしょ？」%K%P
「这种时候与其去舔……像这样，\n　哈姆❤　不是更好吗？」%K%P
%LC陽菜
%LC阳菜
「やっ、だめ、口、もごもごしちゃっ……」%K%P
「呀~不行~嘴巴里，不要动呀……」%K%P
%LC杏奈
%LC杏奈
「あっ……割れ目の中に、まだ残ってる……\n　日向くんの精子、かくれんぼ上手っ……」%K%P
「啊……这缝里，还残留着一些……❤\n　日向君的精子，是捉迷藏高手呢……❤」%K%P
%LC杏奈
%LC杏奈
「これも、ぜーんぶ、私が綺麗にぃ……」%K%P
「这里也要，好好地，让我弄干净……」%K%P
%LC陽菜
%LC阳菜
「待って。できるだけ、そっと――」%K%P
「等等。可以的话，这里——」%K%P
%LC杏奈
%LC杏奈
「ちゅぷッ……んぅ、ぢゅぢゅぢゅーっ」%K%P
「啾姆……嗯呜~啾噜噜噜——❤」%K%P
%LC陽菜
%LC阳菜
「んいっ？！　はぐっ、んぅんううッ……！」%K%P
「喵咿？！　哈呜~嗯咕呜呜……！」%K%P
舌で舐めまわしてくるのかと思って身構えたら、\n尿道口を吸い上げられ、大きな声が漏れる。%K%P
我以为她只是用舌头来舔，刚做好了准备，\n结果尿道口就被吸住了，不由得叫出了很大的声音。%K%P
初めてのフェラチオがイッたあとのお掃除で、\nしかも吸引とか、そんなのズルい。反則すぎる。%K%P
把第一次口交说成是"打扫"，而且一直吸着，\n这样太狡猾、太犯规了。%K%P
%LC杏奈
%LC杏奈
「あっ……おち○ぽ、ビクってした……\n　もしかして、また出ちゃいそう？」%K%P
「啊……大肉棒，又跳了……❤\n　难道说，又要出来了？」%K%P
%LC陽菜
%LC阳菜
「杏奈ちゃんが、吸ったりするからっ……」%K%P
「还不是杏奈酱你一直在吸……」%K%P
%LC杏奈
%LC杏奈
「なら、今度はこのまま、どぴゅってして？\n　私の口に、直接ちょうだい？」%K%P
「那么，这次就这样，噗噗地射出来吧？\n　直接射到我的嘴里吧？」%K%P
%LC杏奈
%LC杏奈
「ホントは、おま○こにも欲しかったけど。\n　イキたての熱いのも、ごっくんしたいし……」%K%P
「其实，我的小穴也很想要。\n　刚射下来的热乎乎的，非常想要……」%K%P
%LC陽菜
%LC阳菜
「なら、あとでおま○こに、出してあげる」%K%P
「那么，待会就射在小穴里吧」%K%P
%LC杏奈
%LC杏奈
「え……ほんとっ？　いいのっ？」%K%P
「诶……真的？　可以吗？」%K%P
%LC陽菜
%LC阳菜
「そうしないと、今夜、眠れないんでしょ？」%K%P
「不然的话，今晚就睡不着了吧？」%K%P
%LC杏奈
%LC杏奈
「あぁ……　うんっ　日向くん大好きっ」%K%P
「啊啊……❤　嗯❤　日向君，最喜欢了~❤」%K%P
%LC杏奈
%LC杏奈
「じゃあ……ちゅ、れろっ……まずはお口に、\n　たっくさん、ちょうだいっ？」%K%P
「那么……啾~咧噜……首先在嘴里，\n　射多一点吧？」%K%P
%LC杏奈
%LC杏奈
「咽の奥まで届くぐらい、びゅびゅーって、\n　いっぱい、いっぱいっ……ちゅっ、ぺろっ」%K%P
「一直伸到喉咙深处，biubiu地射出来，\n　满满的，要满满的……啾~噗噜噜~❤」%K%P
%LC杏奈
%LC杏奈
「どんなにいっぱいだしても、私がぜーんぶ、\n　舐めて綺麗に、して、あげる……れるるるっ」%K%P
「无论射出来多少，我都会舔的，\n　干干净净的……咧噜噜噜~❤」%K%P
ペニスを頬張ったまま微笑むと、\n杏奈ちゃんはさっそく亀頭を舐め上げた。%K%P
杏奈酱微笑着用手扶住肉棒，\n然后立刻舔了舔龟头。%K%P
さっき覚えたばかりのカリ首への刺激も、\nしっかり忘れず、唇をすぼめて圧をかけてくる。%K%P
刚刚学会的对后筋的刺激，也没有忘记做，\n她抿着嘴唇轻轻地啄着。%K%P
%LC陽菜
%LC阳菜
「ああっ……ほんと、すぐ、イキそうっ」%K%P
「啊啊……真的，马上，要去了」%K%P
%LC杏奈
%LC杏奈
「うんっ、イッていいよっ？\n　私の口に、どぴゅって……れるるっ」%K%P
「嗯，可以去哦？\n　在我口中，biu的射出来……咧噜噜~❤」%K%P
%LC杏奈
%LC杏奈
「精子、いっぱい欲しいから……あむっ、\n　弱いとこ、もっと……れるる、れーろぉ」%K%P
「精子，我想要好多好多……阿姆~\n　弱点，再舔一下……咧噜噜~噗噜~❤」%K%P
%LC杏奈
%LC杏奈
「さきっぽと……あと、くびれもっ……ちゅぷ、\n　れろ、んーむっ……ちゅぷ、れりゅるぅッ」%K%P
「像刚才那样……待会，要射更多……啾姆~\n　咧噜~嗯姆……啾姆~咧噜噜噜~❤」%K%P
%LC陽菜
%LC阳菜
「ぐッ……あ、イクっ……！\n　杏奈ちゃん、もっと口、あーんしてっ」%K%P
「咕……啊，去了……！\n　杏奈酱，再多口几下，就要」%K%P
%LC杏奈
%LC杏奈
「んっ……こーお？　これでいーいっ？」%K%P
「嗯……这样？　这样可以吗？」%K%P
%LC陽菜
%LC阳菜
「うんっ……ありがと、杏奈ちゃんっ」%K%P
「嗯……谢谢你，杏奈酱」%K%P
%LC杏奈
%LC杏奈
「ふあうっ　おぐっ……ふっ、んぷううっ」%K%P
「噗呜呜❤　咕呜……噗，嗯嗯嗯~❤」%K%P
こちらのお願いを聞き届けて、\nめいっぱい開けてくれた、可愛い口。%K%P
听了我的请求，\n她可爱的嘴张得更大了。%K%P
そこに、思いっきりペニスを押し込んで。%K%P
然后，把肉棒吃的更加深了。%K%P
%LC陽菜
%LC阳菜
「ああっ、イクっ……ぐっ、んんんぅッ！」%K%P
「啊啊~去了……咕~嗯~嗯嗯嗯~哈啊啊！」%K%P
%LC杏奈
%LC杏奈
「んぐぷぷッ……ぐ、んぅんんッ……！\n　あふッ……んぐぐっ……んぐっ、んぅうっ」%K%P
「嗯咕噗噗……咕，嗯嗯嗯嗯……！\n　啊噗……嗯咕咕咕……嗯咕~咕呜呜呜~~❤」%K%P
%LC杏奈
%LC杏奈
「はふっ……はぁ、しゅごひっ……んぐうっ、\n　どびゅって……ぢゅぶぶ、ぢゅぷるるぅ」%K%P
「哈呜……哈啊~……嗯咕呜~\n　biu的一下……啾噗噗~啾噗噜噜~❤」%K%P
%LC陽菜
%LC阳菜
「ぐぅっ……あふっ、はぁ、ああぁ……」%K%P
「咕呜……啊呜~哈啊，啊啊啊……」%K%P
堪えきれず腰を突き出すと、\n彼女の咽に、亀頭がコツンとぶつかる。%K%P
我忍不住挺起了腰，\n龟头直接顶到了她的喉咙。%K%P
けど、杏奈ちゃんは咽せることなく、\nオレの精子をしっかり飲み下していった。%K%P
可是，杏奈酱并没有被呛到，\n而是把我的精子都吞了下去。%K%P
%LC杏奈
%LC杏奈
「んぐっ……んっ、んんんぅっ……」%K%P
「嗯咕……嗯，嗯嗯嗯嗯……❤」%K%P
%LC杏奈
%LC杏奈
「んふぅー……ふぅ、はぁ……。\n　日向くんの搾りたて、ぜんぶ飲んじゃった……」%K%P
「嗯姆姆……姆~哈啊……\n　这可是从日向君这里榨出来的，要全部喝掉呢……❤」%K%P
%LC陽菜
%LC阳菜
「うん……。杏奈ちゃん、すごい……」%K%P
「唔……杏奈酱，真厉害……」%K%P
思わず拍手したくなるぐらい、\nお掃除フェラからのごっくんコンボは圧巻で。%K%P
让人忍不住拍手叫绝，\n深喉口交连击作为压轴太棒了。%K%P
そんな杏奈ちゃんのエロさにあてられたのか、\n２回出した後でも、ペニスはまだまだ元気だった。%K%P
也许是被杏奈酱的H所感染了，\n射了2次后的肉棒依然活力满满。%K%P
%LC杏奈
%LC杏奈
「このまま、イケそう？　それとも、少し休む？」%K%P
「还要，继续下去吗？　还是说稍微休息一下？」%K%P
%LC陽菜
%LC阳菜
「大丈夫。今日はまだまだ元気みたい」%K%P
「没问题的。今天好像还很有精神」%K%P
%LC杏奈
%LC杏奈
「わぁ……　すっごい、ガッチガチ……\n　もっかいしゃぶりたくなっちゃう……」%K%P
「哇啊……❤　好厉害，还硬邦邦的……❤\n　还想再吃一点……❤」%K%P
%LC陽菜
%LC阳菜
「だーめ。おま○こにも欲しいんでしょ？」%K%P
「不行。小穴不是也想要吗？」%K%P
%LC杏奈
%LC杏奈
「んっ……　じゃあ、今日も後ろから、\n　挿れてもらってもいい？」%K%P
「嗯……❤　那么，今天也可以，\n　从后面插入吗？」%K%P
はにかみながらリクエストしてきた杏奈ちゃんは、\n床に身体を伏せると、お尻を高く持ち上げる。%K%P
杏奈酱害羞地提出了这个要求，\n然后身体伏在地板上，把屁股抬高。%K%P
%LC陽菜
%LC阳菜
「うわ……」%K%P
「哇啊……」%K%P
こちらにお尻を突き出す格好は、\n興奮している気持ちを、さらに昂ぶらせた。%K%P
她屁股撅起来的样子，\n让我激动的心情更上一层楼。%K%P
%LC陽菜
%LC阳菜
「自分からそんな格好するなんて、\n　どこまでえっちになれば気が済むの」%K%P
「自己主动做出这个姿势，\n　有这么饥渴难耐嘛」%K%P
%LC杏奈
%LC杏奈
「だって、後ろから挿れてもらうの、\n　すっごい気持ち良かったんだもんっ……」%K%P
「因为，被你从后面插进来，\n　感觉特别舒服呢……❤」%K%P
うっとりとお尻をふりふりする杏奈ちゃんは、\n慣れてないお預けを堪える犬みたいで。%K%P
入戏般摇着屁股的杏奈酱，\n就像一只喜欢散养的狗狗一样。%K%P
ハッハッと息を弾ませてるところとか、\n我慢できない感じが出ていて、とってもエロい。%K%P
像狗一样"哈哈"喘气的样子，\n表现出了一种无法忍受的感觉，非常的H。%K%P
%LC陽菜
%LC阳菜
「なら、この前みたいに、\n　立ってしたほうがいいんじゃない？」%K%P
「那么，像上次那样，\n　站着做不是更好吗？」%K%P
%LC杏奈
%LC杏奈
「そうしたいんだけど、気持ちよくなったとき、\n　自分の身体、支えられなくなっちゃうから」%K%P
「我也想这么做，可是现在太舒服了，\n　无法支撑自己的身体了」%K%P
%LC杏奈
%LC杏奈
「あと……その、入ってるとこ、見たくて。\n　だから、これが一番かなって……」%K%P
「以及……这个，我想看看插入时的样子。\n　所以，这是最好的方式了……」%K%P
%LC陽菜
%LC阳菜
「いろいろ考えた上で、この格好なんだ？」%K%P
「深思熟虑后，才决定这个姿势的？」%K%P
%LC杏奈
%LC杏奈
「うんっ……　と、いうことで――」%K%P
「嗯……❤　因，因此——」%K%P
%LC杏奈
%LC杏奈
「はいっ……　おま○こ、どうぞっ……」%K%P
「来吧……❤　我的小穴，请用吧……❤」%K%P
自分の秘所に手を伸ばした杏奈ちゃんは、\nフィエルテを器用にズラし、割れ目を指で広げる。%K%P
杏奈酱向着自己的私密处伸出手，\n灵巧地扒开菲尔特，用手指撑开小穴。%K%P
すでに濡れている膣口は広げられたことで、\nクリトリス側に愛液が垂れていって。%K%P
湿漉漉的阴道被扩开了，\n所以爱液顺着阴蒂滴了下来。%K%P
杏奈ちゃんはその愛液を指ですくうと、\nそのまま、クリトリスを軽く撫でた。%K%P
杏奈酱用手指撩起爱液，\n然后，轻轻抚摸着阴蒂。%K%P
%LC杏奈
%LC杏奈
「あふっ、はぁ、ああう、はあっ……\n　私の準備はオッケーだから、いつでも――」%K%P
「啊哈~哈啊~啊啊，哈啊……❤\n　我已经OK了，随时都可以——」%K%P
%LC陽菜
%LC阳菜
「こんなにえっちなの見せられたら、\n　すぐ挿れるに決まってるでしょっ」%K%P
「让我看了如此H的东西，\n　那我肯定会插进去啊」%K%P
%LC杏奈
%LC杏奈
「くァああっ　あふっ、んぁうううぅっ」%K%P
「咕呜啊啊❤　啊额~嗯啊啊啊啊~❤」%K%P
背後から抱きつくような格好で挿入を果たすと、\n焦らずじっくり、少しずつ押し込んでいく。%K%P
从背后抱住她，插进去后，\n我不慌不忙地一点一点推进着。%K%P
そうしないとすぐにイッちゃうぐらい、\n杏奈ちゃんの膣内は、ぬるぬるで気持ちいい。%K%P
杏奈酱的阴道里滑溜溜的，非常舒服，\n不动起来的话马上就会高潮的。%K%P
%LC杏奈
%LC杏奈
「あふ、んああっ　入って、きたぁ……\n　久しぶりの、日向くんの、おち○ぽっ……」%K%P
「啊呜~啊啊啊~❤　进来了……❤\n　久违的，日向君的~大肉棒……❤」%K%P
%LC杏奈
%LC杏奈
「今日もすっごく、おっきくてっ……ああっ、\n　私、日向くんのおち○ぽ、大好きっ……」%K%P
「今天的，也非常的大呢……啊啊~\n　我，最喜欢日向君的，大肉棒了……❤」%K%P
%LC陽菜
%LC阳菜
「オレも、杏奈ちゃんのおま○こ、大好きだよ」%K%P
「我也是，最喜欢，杏奈酱的小穴哦」%K%P
%LC杏奈
%LC杏奈
「んうっ、ほんと？　私のおま○こ、好きっ？」%K%P
「嗯呜，真的吗？　我的小穴，喜欢吗？」%K%P
%LC陽菜
%LC阳菜
「うん。あったかくて気持ちいいし、\n　オレのこと、たくさんぎゅってしてくれるから」%K%P
「嗯。又温暖又舒服，\n　还会揉捏我的肉棒，给我很多的快感呢」%K%P
%LC杏奈
%LC杏奈
「じゃあ、今日もいっぱい、ぎゅーしていい？」%K%P
「那么，今天也满满地，射到里面吧？」%K%P
%LC陽菜
%LC阳菜
「ダメって言ってもするんでしょ？」%K%P
「就算我说不行，也不得不做吧？」%K%P
%LC杏奈
%LC杏奈
「うんっ　むしろ、ダメって言われたほうが、\n　いっぱいしたくなっちゃうっ」%K%P
「嗯❤　这倒是，要是你说了不行，\n　我就会更想让你灌满我呢」%K%P
%LC杏奈
%LC杏奈
「感じすぎて喘ぐ日向くんの声って、\n　聞いてるだけで、ゾクゾクするんだもんっ」%K%P
「日向君因那舒服到喘着气的声音，\n　光是听着就让我性奋呢❤」%K%P
%LC陽菜
%LC阳菜
「オレだって、杏奈ちゃんのえっちな声を聞くと、\n　すっごくゾクゾクする、だからっ……！」%K%P
「我也是，一听到杏奈酱下流的声音，\n　就会非常性奋，所以……！」%K%P
%LC杏奈
%LC杏奈
「んやうッ……はあっ、あああああっ\n　んあうっ、あぁっ、あっ、しゅごっ、ぐうっ」%K%P
「嗯呀……哈啊，啊啊啊啊啊~❤\n　嗯啊~啊啊~啊，这里~咕呜~」%K%P
ペニスが根元まで飲み込まれると、\n杏奈ちゃんのお尻が、ぷるんっと揺れる。%K%P
当肉棒被吞到根部时，\n杏奈酱的屁股摇了起来。%K%P
それと同時に、ぱちんっ、という小気味よい音が鳴り、\n打ち水のように、汗がぱあっと飛び散った。%K%P
与此同时，响起了"啪"的一声清脆声音，\n汗水像洒水一样飞散开来。%K%P
%LC陽菜
%LC阳菜
「わっ……ほんと、汗すっごい……」%K%P
「哇……真的，好多的汗……」%K%P
%LC杏奈
%LC杏奈
「さっきまでぺたんこ座りしてたから、\n　それで、お尻、すっごく蒸れちゃってっ……」%K%P
「刚才一直坐着，\n　所以，屁股那里闷了很多汗……」%K%P
%LC陽菜
%LC阳菜
「杏奈ちゃんのお尻、すっごく柔らかくて、\n　お餅をついてるみたい」%K%P
「杏奈酱的屁股，真的好软啊，\n　就像年糕一样呢」%K%P
%LC杏奈
%LC杏奈
「うやっ？！　わっ、私、お尻おっきい？\n　そんなに、もちもちしてるっ？」%K%P
「唔诶？！　我，我的屁股很大吗？\n　有这么黏糊糊的吗？」%K%P
%LC陽菜
%LC阳菜
「大きいかどうかはわからないけど、\n　もちっとしてて、とっても気持ちいいっ」%K%P
「虽然不知道这算不算大，\n　但是摸起来黏糊糊的，非常舒服哦」%K%P
%LC杏奈
%LC杏奈
「ひゃふんっ、あっ、ああっ、あああっ\n　やあっ、ぱんぱんしちゃっ……ああぁんっ」%K%P
「嗯啊啊~啊，啊啊~啊啊啊~❤\n　呀啊，砰砰地撞着……啊啊啊~❤」%K%P
お尻にしっかり手を添えて腰を振ると、\n互いの肌がぶつかって、ぴたんぱちんと音がなる。%K%P
我把手紧紧贴在她的屁股上，用力动着腰，\n彼此的肌肤碰撞，发出"啪啪"的声音。%K%P
そのたび杏奈ちゃんの汗が飛び散って――、\nこの音、この感触、もっともっと、味わいたい。%K%P
每次撞击，杏奈酱的汗都会飞溅出来——\n这个声音，这个触感，我还想多品味一下。%K%P
%LC杏奈
%LC杏奈
「くあっ、あああああっ　はあっ、ああっ、\n　あっ、ああっ、あんっ、あんっ、ああんっ」%K%P
「咕啊~啊啊啊啊啊❤　哈啊，啊啊~\n　啊，啊啊~啊嗯~哈啊~啊啊啊~」%K%P
%LC杏奈
%LC杏奈
「なんか、今日の日向くん、はげしっ……んうっ、\n　この前より、ずんずん、しゅごひよおっ」%K%P
「感觉，今天的日向君~力气好大……嗯呜~\n　比以前都大力~好厉害~❤」%K%P
%LC陽菜
%LC阳菜
「杏奈ちゃん、もっとしてもいいっ？\n　もっと腰、激しく、してもっ……」%K%P
「杏奈酱，可以再猛烈一点吗？\n　让我的腰，动的更猛些……」%K%P
%LC杏奈
%LC杏奈
「もっ、もっとっ？　もっと激しくなるのっ？」%K%P
「更，更猛？　还能更猛烈？」%K%P
%LC陽菜
%LC陽菜
「うんっ。もっと、したいっ。\n　杏奈ちゃんのおま○こ、めちゃくちゃにしたいっ」%K%P
「嗯。想要，更猛烈些。\n　把杏奈酱的小穴，弄得乱七八糟的」%K%P
%LC杏奈
%LC杏奈
「はうううっ……　ん、いーよっ、\n　いっぱい、おち○ぽ、激しく、してっ」%K%P
「哈呜呜呜……❤　嗯，可以哦~\n　让大肉棒，进攻的，更猛烈些~❤」%K%P
%LC杏奈
%LC杏奈
「そのかわり、いっぱい出してねっ？\n　頭おかしくなるぐらい、びゅびゅーって」%K%P
「相对应的，要射的更多哦？\n　让我大脑变得奇怪起来，biubiu地射出来」%K%P
%LC陽菜
%LC阳菜
「うんっ……！」%K%P
「嗯……！」%K%P
%LC杏奈
%LC杏奈
「くあうっ、おち○ぽ、こんこんっ……んあうっ\n　はうッ、はあっ、ああァっ、くぁああああっ」%K%P
「咕啊~啊啊~大肉棒，砰砰地……嗯啊~❤\n　哈呜~哈啊~啊啊啊~咕啊啊啊啊~❤」%K%P
されるがまま射精してしまった分を取り返すように、\nペニスを何度も何度もピストンする。%K%P
就像要准备射个精光一样，\n我一遍遍地做着猛烈的活塞运动。%K%P
火照った膣内を亀頭で掻き分けるたび、\n愛液があふれて、ペニスがとろっとろに濡れて。%K%P
每次用龟头撞开灼热的阴道，爱液就会溢出来，\n肉棒已经变得湿漉漉的了。%K%P
濡れた分だけ、さらに挿抜が加速していく。%K%P
但是弄得越湿，我插得就越快。%K%P
%LC杏奈
%LC杏奈
「はうっ、日向くんのおち○ぽ、すごいっ\n　奥に、くるっ　ずんずん、くるぅッ」%K%P
「哈呜~日向君的大肉棒，太厉害了~❤\n　在里面~抽插着❤　使劲地抽插着~❤」%K%P
%LC杏奈
%LC杏奈
「だめ、これ、ほんとっ……ああっ、変になる、\n　気持ちよすぎて、おかひくっ……んやあっ」%K%P
「不行了，这个~真的……啊啊~要变奇怪了，\n　太舒服了~变得气怪了……嗯呀啊啊~❤」%K%P
%LC陽菜
%LC阳菜
「オレもっ……おかしく、なりそうっ」%K%P
「我也是……要变得，奇怪了」%K%P
杏奈ちゃんのお尻に腰を打ち付けるたび、\nぴたんっ、ぱちんって音が、大きくなって。%K%P
每次腰撞到杏奈酱的屁股上时，\n"啪啪"的水声就会在脑子里放大。%K%P
そのテンポが早くなればなるほど、気持ちよくて。%K%P
节奏越来越快，感觉越来越性奋。%K%P
その音に鼓舞された亀頭が、さらに奥へ、奥へ――、%K%P
龟头受到这声音的鼓舞，不断向里面冲刺——%K%P
%LC杏奈
%LC杏奈
「んああぅ　やあっ、だめっ、だめえっ、\n　おま○こ溶けるっ、とけひゃう……んううっ」%K%P
「嗯啊啊啊唔❤　呀啊~不行~不行惹~\n　小穴就要，就要融化惹……嗯呜呜~❤」%K%P
%LC杏奈
%LC杏奈
「はあっ、ああっ、いくっ、いっちゃうっ、\n　私イッちゃう、イッちゃうよ、ひなたくんっ」%K%P
「哈啊~啊啊~去了，要去了啊~\n　我要去了~要去了啊日向君~」%K%P
%LC陽菜
%LC阳菜
「オレも、イキそうっ……！」%K%P
「我也要，去了……！」%K%P
挿入してから単純な前後運動しかしてないのに、\nペニスの満足度は、あっという間に満たされて。%K%P
虽然插入后仅仅做了简单的活塞运动，\n但肉棒的满足度很快就达到了顶峰。%K%P
これはいっぱい出るぞっていうのが、\n自分でもわかるぐらい、金玉がざわざわしてる、%K%P
一定会射出来很多的，\n我甚至都不必去想，肯定会很多的。%K%P
%LC陽菜
%LC阳菜
「杏奈ちゃん、いっしょに、いこっ？」%K%P
「杏奈酱，一起去吧？」%K%P
%LC杏奈
%LC杏奈
「うんっ、イクっ　今日もいっしょ\n　ひなたくんと、いっしょ、いっしょにぃっ」%K%P
「啊啊~嗯~去了❤　今天也一起~❤\n　和日向君一起~一起去惹~」%K%P
%LC杏奈
%LC杏奈
「ああっ、あっ、んぐぅうううっ、\n　イクッ、イッちゃ……んぁあアああああッ」%K%P
「啊啊啊~啊啊~嗯呜呜呜呜~~\n　去了~去了……嗯啊啊啊啊啊啊~~~❤」%K%P
%LC杏奈
%LC杏奈
「はうッ、ああッ……やはっ、きたァっ\n　あちゅいの、びゅくびゅく……ふあっ、ふはあっ」%K%P
「哈呜，啊~啊啊……呀哈~做到了❤\n　好好地~biubiu的……呼啊~呼啊啊~~」%K%P
%LC杏奈
%LC杏奈
「んッ……しゅごひっ……ひうっ、ンンッ、\n　なかに、どくどくぅー　って……はぁんっ」%K%P
「嗯唔……好厉害……咿唔~嗯嗯嗯~\n　里面，咕噜咕噜黏糊糊的……哈啊~~」%K%P
精子を搾りとろうと、杏奈ちゃんの膣が、\nペニスごとオレの腰をがっちりとロックする。%K%P
杏奈酱的阴道紧紧地锁住了肉棒，把精子尽数榨出，\n实在是太用力了，我的腰也无法动弹了。%K%P
強い快感に、全身びくびく震えたいのに、\n彼女のおま○こが、それを許してくれなくて。%K%P
强烈的快感让我全身颤抖起来，\n但她的小穴却并没有放过我，一直榨着。%K%P
オレは堪らず、彼女にぎゅっとしがみついた。%K%P
我难以忍受，便紧紧地抱住了她。%K%P
%LC杏奈
%LC杏奈
「うわっ……んふ、んふふ……っ\n　日向くん、ママに甘える子供みたい……」%K%P
「呜哇……呼呼~呼呼呼……❤\n　日向君，像对着妈妈撒娇的孩子一样……❤」%K%P
%LC陽菜
%LC阳菜
「杏奈ちゃんのおま○こが、\n　オレのこと離してくれないからっ……」%K%P
「还不是杏奈酱的小穴，\n　到现在都不松开呢……」%K%P
%LC杏奈
%LC杏奈
「離すわけないでしょ？\n　大好きな日向くんの、おち○ぽだもん」%K%P
「不会松开的哦？\n　这可是我最喜欢的日向君的肉棒~❤」%K%P
%LC杏奈
%LC杏奈
「むしろ、こーして……もっと、\n　ぎゅーって……ぎゅぎゅーってぇっ……」%K%P
「不如说，就这样……更多的~\n　挤压着……挤~压~着……❤」%K%P
%LC陽菜
%LC阳菜
「あっ、だめ、搾っちゃだめっ……！\n　ほんと、おかしくっ……んぐっ、ふあァッ」%K%P
「啊，不行，不能再榨了……！\n　真的，会变奇怪的……嗯咕~噗啊啊额~」%K%P
快感を堪えようと思ってしがみついたはずが、\n見事なカウンターを食らって、腰が砕ける。%K%P
原本是想要享受快感而紧紧抱住了她，\n却遭到了这漂亮的反击，腰要碎了。%K%P
でも、ちゃんと膣内にいっぱい出したし、\nこれで杏奈ちゃんも満足してくれたはず――、%K%P
不过，阴道里已经射了很多了，\n杏奈酱应该也很满足了吧——%K%P
%LC杏奈
%LC杏奈
「ねぇ、日向くん。おかわり、してもいーい？」%K%P
「呐，日向君。可以，再来一次嘛？」%K%P
%LC陽菜
%LC阳菜
「へ……？　おかわり……？」%K%P
「诶……？　还来……？」%K%P
%LC杏奈
%LC杏奈
「うんっ　私、もっと精子、欲しい……」%K%P
「嗯❤　我想要，更多的精子……❤」%K%P
%LC陽菜
%LC阳菜
「でも……オレ、もう――」%K%P
「但是……我已经——」%K%P
%LC杏奈
%LC杏奈
「おーねーがーいっ」%K%P
「求~求~你~了~❤❤」%K%P
%LC陽菜
%LC阳菜
「いッ……？！　あっ、わわっ、待って――」%K%P
「啊~咿……？！　啊，哇哇~等等——」%K%P
%LC杏奈
%LC杏奈
「だーめ、待てないっ。\n　おま○こ、とまんないんだもんっ」%K%P
「不↘要↗，等不及啦。\n　小穴，已经忍不了了❤」%K%P
%LC杏奈
%LC杏奈
「もっともっと、子宮がたぷたぷになるぐらい、\n　どぷどぷぅー　って、精子、ちょうだいっ」%K%P
「更多更多~子宫还能吃更多~\n　biubiu地射出来❤~　精子，快出来~」%K%P
%LC陽菜
%LC阳菜
「んぎぃいっ……？！」%K%P
「嗯，噫噫噫……？！」%K%P
シャットダウンしかけていたペニスが、\n杏奈ちゃんの膣ハグで、まさかの強制再起動。%K%P
本来快要"关机"的肉棒，因为杏奈酱的"阴道拥抱"，\n意外地强制重新启动了。%K%P
頭のほうは無理だ無理だって大慌てなのに、\n身体のほうは、すっかりその気になっていて。%K%P
脑子里慌得喊着"不行不行"的，\n但身体却完全进入了状态。%K%P
大好きな子のリクエストに応えようとする本能に、\n頼もしさを感じてしまう。%K%P
满足自己喜欢的人的要求，\n这种本能会让人感到可靠。%K%P
%LC陽菜
%LC阳菜
「んっ……なら、あと１回だけだよ？」%K%P
「嗯……那么，最多再来1次哦？」%K%P
%LC杏奈
%LC杏奈
「１回あれば充分っ……\n　それで、ぜーんぶ搾っちゃうっ」%K%P
「再来1次就足够了……❤\n　所以，我就榨干了吧」%K%P
自信たっぷりに宣言した杏奈ちゃんは、\n膣圧は維持したまま、腰を振り始める。%K%P
杏奈酱自信满满地说着，保持着阴道的压力，\n开始摆动起腰来。%K%P
%LC杏奈
%LC杏奈
「うーんと、いっぱい、搾れる、ようにっ……\n　おま○こ、いっぱい、ぐーる、ぐーるぅっ」%K%P
「要把~很多的，榨出来呢……❤\n　在小穴里~满满地~咕噜，咕噜的~❤」%K%P
%LC杏奈
%LC杏奈
「はっ、はあっ、んふうっ、これならきっと、\n　おち○ぽも、喜んで、くれる、はず……ぅっ」%K%P
「哈~哈啊~嗯唔唔~这样子，肯定，\n　大肉棒，会喜欢的~哈啊……唔~❤」%K%P
%LC陽菜
%LC阳菜
「あっ、ああっ……これ、ヤバっ……」%K%P
「啊啊~啊啊……这个，糟了……」%K%P
こっちはまったく腰を振っていないのに、\nペニスが扱かれ、快感が流し込まれる。%K%P
虽然我完全没有动腰，但是肉棒却被玩弄，\n快感从根部灌注到了全身。%K%P
それはもはや、セックスというより膣コキで。%K%P
这应该不叫做爱了，而是叫阴道摩擦了。%K%P
杏奈ちゃんが腰をくるんくるん揺するたび、\n射精のカウントダウンが、確実に進行していく。%K%P
杏奈酱每次扭着腰摇晃着屁股，\n我射精的倒计时都会减少一分。%K%P
%LC杏奈
%LC杏奈
「えへっ、気にいってもらえてよかった」%K%P
「嘿嘿~你能舒服真是太好了~❤」%K%P
%LC杏奈
%LC杏奈
「この前のエッチも、私が動いてあげられたら、\n　もっと気持ちいいはずって思ってたんだけど」%K%P
「之前的做爱也是，如果我能动一下的话，\n　应该会更舒服的」%K%P
%LC杏奈
%LC杏奈
「あのときは自分を支えるのに精一杯で、\n　動くどころじゃなかったから」%K%P
「那时候我在竭尽全力地支撑身体，\n　根本顾不上动腰」%K%P
%LC杏奈
%LC杏奈
「でも、この体勢だったら……こうして、ね？\n　私からも、してあげられるしっ……」%K%P
「但是，如果是这个姿势，……像这样，呐？\n　我也可以为你做点事了……❤」%K%P
%LC陽菜
%LC阳菜
「じゃあ、この体位は、そのために――」%K%P
「那么，选择这个体位，就是为了——」%K%P
%LC杏奈
%LC杏奈
「うんっ。あっ、もちろん、後ろからされるのが\n　好きだっていうのもホントだけどっ……」%K%P
「嗯。啊，当然，喜欢被你从背后插入，\n　也是真的哦……❤」%K%P
%LC杏奈
%LC杏奈
「とくに、さっきみたいにズンズン突かれると、\n　もう、もうね、ゾクゾクぅって……んぁああっ」%K%P
「特别是，像刚才那样被你猛顶的时候，\n　真的，真的很~心动的哦……嗯啊啊~❤」%K%P
さっきの激しいピストンを糧にして、\n締まりを増していく杏奈ちゃんの膣内。%K%P
杏奈酱的阴道把刚才激烈的活塞运动作为食粮，\n变得越来越紧实了。%K%P
そこでは、ぬるんぬるんのヒダが亀頭を撫で回し、\n愛液と精液が、どろどろに掻き混ざって。%K%P
在里面，滑溜溜的褶皱爱抚着龟头，\n爱液和精液混杂在了一起。%K%P
射精の衝動が、ぐんぐん膨らんでいく。%K%P
射精的冲动，变得越来越大。%K%P
%LC陽菜
%LC阳菜
「杏奈ちゃんのおかげで、\n　４回目、きちゃいそうっ……」%K%P
「托杏奈酱的福，\n　第4次的，就要来了……」%K%P
%LC杏奈
%LC杏奈
「ほんとっ？」%K%P
「真的？」%K%P
%LC陽菜
%LC阳菜
「うんっ……あと、少しっ……」%K%P
「嗯……很快，就要……」%K%P
尿意を堪える焦燥感にも似た感覚が、\nはやくはやくとオレを急かす。%K%P
一种类似忍受尿意的焦躁感，\n催促着我快点射精。%K%P
そんな気配を彼女も感じ取ったようで、\n杏奈ちゃんはお尻をぴたっと寄せてきた。%K%P
杏奈酱似乎也感觉到了，\n把屁股凑了过来。%K%P
%LC杏奈
%LC杏奈
「あふれないようにくっついたけど、\n　それでも、あふれるぐらい、出してくれる？」%K%P
「为了不溢出来而靠紧了，\n　这样子的话，能不能射的多到溢出来呢？」%K%P
%LC陽菜
%LC阳菜
「もう、無茶言うんだからっ」%K%P
「真是的，别说胡闹的话啦」%K%P
%LC杏奈
%LC杏奈
「えへへっ　だって、日向くんの精子で、\n　おま○こ、いっぱいにしたいんだもん」%K%P
「欸嘿嘿❤　因为，我想用日向君的精子，\n　将我的小穴完全填满呢」%K%P
%LC杏奈
%LC杏奈
「もちろん、イクときはいっしょにっ……\n　おち○ぽとおま○こ、いっしょに……あぁんっ」%K%P
「当然，去的时候要一起哦……❤\n　大肉棒和小穴，要一起……啊啊啊~❤」%K%P
ふりふりと左右に揺れる、柔らかなお尻。%K%P
她左右摇晃着柔软的屁股。%K%P
射精をせがむようなその動きは、\nまさに、おねだりって言葉がぴったりで。%K%P
这种央求射精的动作——\n用"央求"这个词来形容简直太贴切了。%K%P
%LC杏奈
%LC杏奈
「んうっ、はあっ、あっ、ああっ、あああっ\n　また、くるっ……おっきいの、くるぅっ……」%K%P
「嗯呜呜~哈啊~啊~啊啊，啊啊啊~❤\n　又要，去了……大的，要去了……❤」%K%P
%LC陽菜
%LC阳菜
「ありったけ出すから、\n　受け取って、杏奈ちゃんっ……」%K%P
「我全部射进来了哦，\n　尽数收下吧，杏奈酱……」%K%P
%LC杏奈
%LC杏奈
「うんっ　ちょうだい、日向くんっ！」%K%P
「嗯❤　来吧，日向君！」%K%P
%LC杏奈
%LC杏奈
「いっぱい、いっぱい、うーんといっぱいっ、\n　んぐッ……はあっ、いく、いくッんうううッ」%K%P
「满满的~满满的~全部射进来~\n　嗯咕……哈啊~去了~去了啊啊啊啊啊~~~❤」%K%P
%LC杏奈
%LC杏奈
「はふッ……はあっ、あぁ、あああっ……　\n　せーし、びゅびゅって……はあっ、ああぁ」%K%P
「哈啊……哈啊~啊啊~啊啊啊……❤　\n　肉棒汁，全都biubiu的……哈啊~啊啊啊~❤」%K%P
ふたたび杏奈ちゃんの腰にしがみつき、\n惜しまず精子を注ぎ込む。%K%P
我再次抱住杏奈酱的腰，\n毫不吝惜地给她注入所有的精子。%K%P
正直、量も濃さも自信はなかったけど、\nそんな不安を、杏奈ちゃんの膣は吹き飛ばした。%K%P
说实话，我对这次的量和浓度都没有自信，\n但杏奈酱的阴道舒服到驱散了我的不安。%K%P
%LC杏奈
%LC杏奈
「ぐっ……ひぐっ、くううぅ……\n　もっと、もっとぉ……んうッ、んんんッ」%K%P
「咕呜……呼呜~咕呜呜……❤\n　再来点~再来点……嗯呜~嗯嗯嗯~❤」%K%P
%LC陽菜
%LC阳菜
「あっ、だめっ、そんなにしちゃっ……？！」%K%P
「啊，不行啊，这样子会……？！」%K%P
杏奈ちゃんのお尻がぐいっと突き出されて、\n押しくら饅頭のように、こっちの腰が押されて。%K%P
杏奈酱的屁股一下子缩了回来，\n像馒头一样的小穴，从我的腰间拔了出去。%K%P
ペニスがずるっとすっぽ抜けると、\nまだ射精途中だった精子が、彼女の肌に――、%K%P
肉棒也被轻轻地抽了出来，\n射出精子滴落在了她的身子上。%K%P
%LC杏奈
%LC杏奈
「ふあっ、あああっ　膣内だけじゃなく、\n　外にも、びゅびゅーって……はふっ、んあうっ」%K%P
「呜啊~啊啊啊❤　不只是阴道里，\n　外面也biubiu的……哈呜~嗯啊啊~❤」%K%P
お尻を中心に、杏奈ちゃんが白く染まる。%K%P
以屁股为中心，杏奈酱被染上了白浊。%K%P
うぅ、膣内に出すって約束だったのに……。%K%P
唔唔，明明约定好要射进阴道里的……%K%P
%LC陽菜
%LC阳菜
「ごめん、ぜんぶ膣内に出してあげられなくて」%K%P
「对不起，没能把所有精液都射到阴道里」%K%P
%LC杏奈
%LC杏奈
「ううん、いまのは私がお尻をぐいってしたから、\n　おち○ぽが抜けちゃったんだし……」%K%P
「没事的，刚才是我把屁股抽回来，\n　所以肉棒掉出来了……」%K%P
%LC杏奈
%LC杏奈
「それに……こうしてぶっかけられるのも、\n　これはこれで、すっごく興奮しちゃった……」%K%P
「而且……像这样被播撒到身子上，\n　这真的是太令人兴奋了……❤」%K%P
うっとりと目を細める杏奈ちゃんの膣口から、\n溶けたアイスのように、どろっと垂れていく精子。%K%P
杏奈酱陶醉地眯起了眼睛，\n她的阴道口像融化的冰淇淋一样，滴落着溢出的精子。%K%P
すっぽ抜けたときは焦ってしまったけど、\nこういうのも怪我の功名っていうんだろうか。%K%P
她的屁股突然溜走的时候，我很着急，\n但现在看来，算是失而得福吧。%K%P
%LC陽菜
%LC阳菜
「んっ……ヤバい、力が……」%K%P
「嗯……糟糕了，力气都……」%K%P
杏奈ちゃんの満足げな笑みを見たせいか、\n緊張の糸が切れて、身体の力が抜ける。%K%P
也许是看到杏奈酱满足的笑容，\n紧张的那根筋断了，身上的力气也放松下来了。%K%P
すべてを出し尽くしたあとに残ったのは、\n指すら動かすのが億劫なほどの倦怠感。%K%P
竭尽全力射精之后，\n只剩下连手指都懒得动的倦怠感了。%K%P
このままだと精子だけでなく、\n意識まで飛んでいってしまうかも。%K%P
再这样下去，不光是精子，\n连意识也可能被"射"出去。%K%P
%LC陽菜
%LC阳菜
「さすがに、少し休まないとダメみたい……」%K%P
「看来，不休息一下不行了……」%K%P
%LC杏奈
%LC杏奈
「実は、私も……。いまになって、\n　さっきの試合の疲れが出てきちゃった」%K%P
「其实，我也是……做到了现在，\n　刚才比赛时的疲劳感又出来了」%K%P
%LC陽菜
%LC阳菜
「じゃあ……行儀悪いけど、\n　ちょっとだけ横になっちゃう？」%K%P
「那么……虽然可能不太文雅，\n　但我们还是稍微躺一下吧？」%K%P
%LC杏奈
%LC杏奈
「うん」%K%P
「嗯」%K%P
そうして、二人して折り重なるように倒れ込む。%K%P
然后，两人重叠在一起倒了下去。%K%P
ひんやりした床は火照った肌に心地よくて、\nそれはまるで、サウナあとの水風呂みたいだった。%K%P
燥热的皮肤贴在凉凉的地板上很舒服，\n就像蒸完桑拿后，洗冷水浴一样。%K%P
