%LC陽菜
%LC阳菜
「……うん。杏奈ちゃん、かな」%K%P
「……嗯。杏奈酱，就她了」%K%P
呟き、いまは誰も座っていない隣の席を見る。%K%P
我嘀咕着，看了看旁边没有人的座位。%K%P
姉さんが舌を巻くほど急成長した杏奈ちゃん。%K%P
成长得如此之快，\n以至于连姐姐都会惊讶的杏奈酱。%K%P
今回の{連弾:デュオ}{舞闘:カデンツァ}は、\n彼女にさらなる成長をもたらすに違いない。%K%P
这次的{协力:二重奏}{舞斗:华彩乐}，\n毫无疑问将为她带来进一步的成长。%K%P
そんな彼女の躍進を、一番近くで見てみたい。%K%P
这个女孩的突破，我倒是想近距离地看到呢。%K%P
それに、今日まで無事に女装生活が送れたのは、\nお隣さんである彼女の支えがあればこそで。%K%P
此外，直到今天，我能安全度过女装生活，\n都离不开这位同桌女孩的帮助%K%P
なら、今度はオレが支える番――って、\nそれはさすがに、ちょっと驕りすぎだけど。%K%P
那么，这次轮到我来帮助你了——嘛~\n话是这么说，但感觉自己好像不够格呢。%K%P
友達とお昼を食べると言っていた\n杏奈ちゃんを探して食堂へ。%K%P
她说是和朋友一起吃午饭来着，\n于是，我前去食堂寻找杏奈酱%K%P
土曜の午後は比較的空いてる食堂が、\n今日は満員御礼、とても賑やかだ。%K%P
现在是周六下午，一般来说餐厅里不会有人。\n但今天却座无虚席，十分热闹%K%P
ざわざわと聞こえてくる声の話題は、\nどれも銀蘭祭――{連弾:デュオ}{舞闘:カデンツァ}のことばかり。%K%P
虽然很嘈杂，但可以很清楚的听出主题大部分是，\n银兰祭——关于{协力:二重奏}{舞斗:华彩乐}的事。%K%P
どんな組み合わせになるんだろうとか、\n誰と誰がエンゲージするんだろうとか。%K%P
将会有哪些组合呀，\n谁和谁会一起参加呀之类的。%K%P
おそらくはこの盛り上がりも、\nニナさんの計画通りってやつに違いない。%K%P
或许这种激动的氛围\n也在妮娜姐的计划范围内也说不定呢%K%P
えっと、杏奈ちゃんは――、%K%P
啊……杏奈酱她在——%K%P
%LCクラスメートＡ
%LC同学Ａ
「おめでと杏奈っ！\n　うぅ、お母さんは嬉しいよぅ」%K%P
「恭喜你呀杏奈！\n 嗯嗯，你妈妈也会很高兴的哦」%K%P
%LC杏奈
%LC杏奈
「いやいや、お母さんって」%K%P
「哎呀哎呀，妈妈什么的」%K%P
%LCクラスメートＢ
%LC同学Ｂ
「ですが、本当にすごいです。\n　今年から{舞闘:カデンツァ}を始めたというのに」%K%P
「但是，真是太厉害了。\n 今年的{舞斗:华彩乐}也要开始了」%K%P
%LC杏奈
%LC杏奈
「うん。そこは自分でもびっくり」%K%P
「嗯，还是有点小紧张呢」%K%P
賑やかな声を辿って、杏奈ちゃんを発見。%K%P
我循着活泼的声音，找到了杏奈酱。%K%P
どうやらクラスメートの子たちに、\n学年２位になったお祝いをされてるみたいだ。%K%P
看来那两位女同学，\n是来庆祝年级的第2名的杏奈酱的吧。%K%P
%LC陽菜
%LC阳菜
「杏奈ちゃん、ちょっといい？」%K%P
「杏奈酱，能占用一点时间吗？」%K%P
%LC杏奈
%LC杏奈
「あっ、陽菜ちゃん。なに――」%K%P
「啊，阳菜酱。什么——」%K%P
%LCクラスメートＡ
%LC同学Ａ
%XS21「陽菜ちゃん！！　ひょっとしてうちの杏奈と\n　エンゲージしてくれるのっ！？」\n%XE%K%P
%XS21「阳菜酱！！　竟然一个人来找杏奈欸\n你们是要"订婚"吗！？」\n%XE%K%P
%LC杏奈
%LC杏奈
「ちょっ、声が大きいっ！\n　ってかなに勝手なこと言ってるのっ」%K%P
「嘘，太大声了啦！\n 还有你在说什么大瞎话啊」%K%P
%LCクラスメートＡ
%LC同学Ａ
「えー、でもぉ」%K%P
「欸——   但是」%K%P
%LC杏奈
%LC杏奈
「ごめんね、陽菜ちゃん。\n　気にしないで、ほんと」%K%P
「抱歉呢阳菜酱，\n 请不要在意这些」%K%P
%LC陽菜
%LC阳菜
「あっ、うん」%K%P
「啊……嗯」%K%P
と、言われても――、%K%P
嘛，话是这么说――、%K%P
%LC女学生Ａ
%LC女学生Ａ
「まあまあ、聞きました？\n　陽菜さんの本命、杏奈さんみたいよ」%K%P
「嘛嘛~你们听说了吗？\n　阳菜同学的本命之人，是杏奈同学哦」%K%P
%LC女学生Ｂ
%LC女学生Ｂ
「あの二人ってお隣さん同士なんでしょ？\n　なら、お似合いの二人よね」%K%P
「这两位是同桌不是吗？\n  真是般配的两人呢」%K%P
こんな感じで、周囲の子たちの視線は、\nもはやオレと杏奈ちゃんが組むって感じで。%K%P
总感觉，周围人的目光，\n都在说我和杏奈酱是一对呢%K%P
今もし誰かが拍手したら、すぐにも食堂全体が\nスタンディングオベーションしそうな空気だ。%K%P
这种氛围……如果现在有人鼓起掌来，\n恐怕食堂里所有人都会立刻起立鼓掌吧。%K%P
%LC杏奈
%LC杏奈
「それで？　なにかご用？」%K%P
「所以？　是什么事呢？」%K%P
%LC陽菜
%LC阳菜
「実は、ちょっと話したいことがあって」%K%P
「其实，我有些话想和你说」%K%P
%LCクラスメートＡ
%LC同学Ａ
%XS21「きたきたきたァー！！」%XE%K%P
%XS21「来了来了来了！！」%XE%K%P
%LCクラスメートＢ
%LC同学Ｂ
%XS21「きましたわーっ」%XE%K%P
%XS21「要来力——」%XE%K%P
%LC杏奈
%LC杏奈
「こぉらっ、いい加減にするっ」%K%P
「我~说~  适可而止好吧」%K%P
%LC杏奈
%LC杏奈
「もぅ……。ここじゃ話しづらいし、\n　どこか他の所にいかない？」%K%P
「真是的……这里不方便说话，\n　还是去别的地方吧？」%K%P
%LC陽菜
%LC阳菜
「そうだね。そのほうがいいかも」%K%P
「是啊。也许这样比较好」%K%P
%LCクラスメートＢ
%LC同学Ｂ
「陽菜さん。不束者ですが、\n　うちの杏奈をよろしくお願いします」%K%P
「阳菜，虽然小女她不知礼数，\n　但我家的杏奈就拜托你了」%K%P
%LC杏奈
%LC杏奈
%XS21「お母さんかっ」%XE%K%P
%XS21「你是我妈吗」%XE%K%P
%LC杏奈
%LC杏奈
「ごめんね、ほんと。\n　なんかみんな浮かれちゃってて」%K%P
「真的对不起呢。\n　大家都过于兴奋了」%K%P
%LC陽菜
%LC阳菜
「それだけ杏奈ちゃんが\n　好かれてるってことでしょ？」%K%P
「这说明杏奈酱，\n　很受欢迎对吧？」%K%P
%LC杏奈
%LC杏奈
「まぁ、うん。好かれてるとは、思う」%K%P
「嘛，嗯。我也觉得她们很喜欢我」%K%P
%LC杏奈
%LC杏奈
「銀蘭って、ノーブルもセンシブルも、\n　基本的にクラス替えってしないのね」%K%P
「在银兰，不管是诺博尔还是圣森博尔，\n　基本上都不会更换班级」%K%P
%LC杏奈
%LC杏奈
「だから、１年のときのクラスメートと、\n　３年間ずっと一緒に過ごすんだけど――」%K%P
「所以，只要1年级成为同学了，\n　那3年内都会在一起——」%K%P
%LC杏奈
%LC杏奈
「私、転科で２年からノーブルでしょ？\n　だから、みんなとも今年からで」%K%P
「我的话，2年级转科到诺博尔了不是吗？\n　所以是从今年开始认识大家的」%K%P
%LC杏奈
%LC杏奈
「だもんで、末っ子扱いというか、\n　ちょいちょい可愛がられちゃうんだ」%K%P
「所以，我被她们当成"家中幼子”一般对待，\n　总是被她们疼爱呢」%K%P
%LC杏奈
%LC杏奈
「{騎士道:シュバルリィ}で学年２位になったことも、\n　まるで自分のことみたいに喜んでくれて……」%K%P
「我在{骑士道:Chivalry}中得了年级第二，\n　她们就像是自己获得了一样高兴……」%K%P
%LC陽菜
%LC阳菜
「それで、さっきのアレなんだ？」%K%P
「然后，就发生刚才的那事？」%K%P
ウチの子をよろしく、みたいなノリは、\nそういう部分が反映されてるってことだろう。%K%P
"请多关照我家的孩子”，之类的，\n就是反映了这一部分吧。%K%P
%LC杏奈
%LC杏奈
「ああいうの嬉しいんだけど。\n　でも、照れくさくって……」%K%P
「那样子我是很高兴啦。\n　但是，不太好意思……」%K%P
%LC杏奈
%LC杏奈
「って、ごめん。私のことばっかり。\n　それで？　お話ってなに？」%K%P
「啊，抱歉。都在讲自己的事了。\n　所以？　想和我说什么？」%K%P
%LC陽菜
%LC阳菜
「あっ、うん。実は――」%K%P
「啊，嗯，其实是——」%K%P
%LC女学生Ａ
%LC女学生Ａ
「まあ、あれって２年の」%K%P
「嘛，那个是2年级的……」%K%P
%LC女学生Ｂ
%LC女学生Ｂ
「ええ。ふたり一緒ってことは、\n　きっとエンゲージを――」%K%P
「嗯嗯。两个人在一起，也就是说，\n　是要"订婚”了呀——」%K%P
%LC陽菜
%LC阳菜
「ん……」%K%P
「嗯……」%K%P
廊下ですれ違った子たちの会話が聞こえ、\n思わず、出掛かった言葉を飲み込んでしまう。%K%P
在走廊里听到擦肩而过的人的对话，\n不由自主地把刚想说的话咽了回去。%K%P
%LC杏奈
%LC杏奈
「なんか、すごいことになっちゃったよね……」%K%P
「好像，变成了"很厉害”的事情呢……」%K%P
%LC陽菜
%LC阳菜
「うん……」%K%P
「嗯……」%K%P
{連弾:デュオ}{舞闘:カデンツァ}のペアは誰と誰か、\nという注目され方自体は、まだいいとしても――、%K%P
{协力:二重奏}{舞斗:华彩乐}的组合是谁和谁，\n这种被关注的方式，本身还算好——%K%P
%LC陽菜
%LC阳菜
「やっぱり、エンゲージって名前が……ね」%K%P
「果然，"订婚”这个名字……呐」%K%P
%LC杏奈
%LC杏奈
「ね」%K%P
「呐」%K%P
エンゲージって単語から連想するものといえば、\nやっぱり婚約だと思う。%K%P
要说"订婚”这个词让人联想到的，\n就是”婚约"吧。%K%P
これが『パートナー決め』みたいな言い回しなら、\nここまで騒がれることもなかっただろう。%K%P
如果这是类似"决定搭档”的名称，\n也不至于骚动到这种地步……%K%P
この辺も、ニナさんの狙いなのかもしれない。%K%P
这或许，也是妮娜姐的目的。%K%P
%LC杏奈
%LC杏奈
「陽菜ちゃん、よかったら私の部屋にこない？」%K%P
「阳菜酱，可以的话要不来我房间？」%K%P
%LC陽菜
%LC阳菜
「えっ？」%K%P
「诶？」%K%P
%LC杏奈
%LC杏奈
「たぶん、学園中こんな感じだろうし。\n　どこいっても落ち着かないと思うから」%K%P
「大概，整个学院都是这种感觉吧。\n　我觉得无论到哪里都不能静下来」%K%P
%LC杏奈
%LC杏奈
「ならいっそ、私の部屋で、ね？\n　学生寮、すぐそこだし」%K%P
「那就干脆，在我房间吧，呐？\n　学生宿舍就在那里」%K%P
%LC陽菜
%LC阳菜
「いや、でも」%K%P
「不，但是」%K%P
%LC杏奈
%LC杏奈
「遠慮しないで。\n　私の部屋、一人部屋だから」%K%P
「不用顾虑啦。\n　我的房间是单人间啦」%K%P
%LC陽菜
%LC阳菜
「ん……」%K%P
「嗯……」%K%P
遠慮した理由はそこじゃなくて、そもそも、\n女の子の部屋にあがるのは……って部分なんだけど。%K%P
顾虑的理由不是这个啦，只是说，\n去女孩子的房间本身就是……的部分。%K%P
でも、確かにこのままじゃ、どこにいっても、\n周囲の視線が気になって本題を切り出せない。%K%P
不过，确实这样下去无论去哪里，\n都会因为在意周围的视线而无法抛出正题。%K%P
%LC陽菜
%LC阳菜
「……じゃあ、お言葉に甘えて」%K%P
「……那么，恭敬不如从命」%K%P
そんなわけで、学生寮――杏奈ちゃんの部屋へ。%K%P
就这样，一起去到了学生宿舍——杏奈的房间。%K%P
%LC陽菜
%LC阳菜
「おじゃましまーす……」%K%P
「打扰了……」%K%P
遠慮がちに部屋に入ったあと、\n真っ先に感じたのは、甘い匂い。%K%P
小心翼翼地走进房间之后，\n最先感觉到的，是甜甜的味道。%K%P
女の子の部屋は良い匂いがする、なんて言うけど、\n比喩じゃなく、本当に甘い匂いがした。%K%P
人们常说女孩子的房间有好闻的味道，\n这不是比喻，是真的有甜甜的味道。%K%P
%LC杏奈
%LC杏奈
「ささ、座って座って」%K%P
「快，坐吧坐吧」%K%P
%LC陽菜
%LC阳菜
「あっ、うん」%K%P
「啊，嗯」%K%P
%LC杏奈
%LC杏奈
「けど、良かった。\n　ちょうど昨日片付けたところで」%K%P
「不过，太好了呢。\n　昨天刚刚收拾好的说」%K%P
%LC杏奈
%LC杏奈
「でなかったら、部屋にくる？　なんて、\n　あんなに気軽に言えないし」%K%P
「不然的话，"要不要来房间？”之类的话，\n　我可没法那么轻松地说出口呢」%K%P
%LC陽菜
%LC阳菜
「いつもは散らかってるってこと？」%K%P
「平时总是很乱的吗？」%K%P
%LC杏奈
%LC杏奈
「ややっ、そんなこともないんだけどっ……。\n　たまに服とか脱ぎっぱなしにしちゃうから」%K%P
「啊不不，没有那回事的……\n　也就偶尔会把衣服脱下来而已」%K%P
%LC杏奈
%LC杏奈
「陽菜ちゃんは？　そういうことない？」%K%P
「阳菜酱呢？　不会这样吗？」%K%P
%LC陽菜
%LC阳菜
「今の暮らしになってからは、ないかな」%K%P
「变成现在的生活后，没有的说」%K%P
自分が着ていたとは言え、女性物の服が室内に\n脱ぎ散らかっている状況って落ち着かない。%K%P
虽说是自己穿的，但房间里要是乱糟糟的都是女性衣物，\n总会让人心里不踏实的。%K%P
%LC杏奈
%LC杏奈
「そっかぁ……。もし散らかってるなら、\n　お片付けしにいこうと思ったんだけど――」%K%P
「这样啊……如果很乱的话，\n　总会想去收拾一下的——」%K%P
%LC寮生
%LC住宿生
「杏奈ー、いるー？」%K%P
「杏奈—在不—？」%K%P
%LC杏奈
%LC杏奈
「あっ、うんー。いるよー。\n　ちょっと待ってー」%K%P
「啊，嗯—我在哦—\n　等我一会啊—」%K%P
%LC杏奈
%LC杏奈
「なぁに？　また甘味補充？」%K%P
「咋了？　又来补充糖分？」%K%P
%LC寮生
%LC住宿生
「そそっ。ちょっと糖分欲しくって」%K%P
「对呀。想要汲取一点糖分了呢」%K%P
%LC杏奈
%LC杏奈
「クッキーでいい？」%K%P
「曲奇可以不？」%K%P
%LC寮生
%LC住宿生
「うん。……って、あれ？　陽菜ちゃん？」%K%P
「嗯……诶，啊咧？　阳菜酱？」%K%P
%LC陽菜
%LC阳菜
「あっ、はい。お邪魔してます」%K%P
「啊，是我。打扰了」%K%P
%LC寮生
%LC住宿生
「なんでこんなところに陽菜ちゃんが――って、\n　あ、なるほど。そういうことかぁ……」%K%P
「为什么阳菜酱会在这种地方——\n　啊，原来如此。原来是这样啊……」%K%P
%LC杏奈
%LC杏奈
「邪推しないっ。\n　ほら、これ持って帰った帰ったっ」%K%P
「别瞎猜了你。\n　来，拿着这个快走快走」%K%P
%LC寮生
%LC住宿生
「はいはい。――っと、そうだ。\n　杏奈、学年２位おめでと」%K%P
「好好——啊，对了。\n　杏奈，恭喜你得了年级第2」%K%P
%LC杏奈
%LC杏奈
「あっ、うん。……ありがと」%K%P
「啊，嗯……谢谢你」%K%P
%LC寮生
%LC住宿生
「陽菜ちゃんも投票トップおめでとう。\n　私も投票しちゃった」%K%P
「也恭喜阳菜酱获得了投票名额。\n　我也投了票哦」%K%P
%LC陽菜
%LC阳菜
「ありがとう」%K%P
「谢谢你哦」%K%P
%LC寮生
%LC住宿生
「えへへっ。んじゃ、どうぞごゆっくりぃ」%K%P
「欸嘿嘿。那么，两位要慢些来哦~」%K%P
%LC杏奈
%LC杏奈
「うぐぅ……。んもぅ、みんなしてぇ……」%K%P
「咕呜……真是的，大家怎么都……」%K%P
ドアを閉め、杏奈ちゃんが呻く。%K%P
关上门，杏奈酱发出一声呻吟。%K%P
言葉と裏腹に頬が緩んでいるのは、\n不意打ちの祝福が嬉しかったからだろう。%K%P
与话语相反，她的表情很放松，\n大概是突如其来的祝福让她很开心吧。%K%P
%LC陽菜
%LC阳菜
「いまの子、センシブルのお友達？」%K%P
「刚刚的那位，是你圣森博尔的朋友？」%K%P
%LC杏奈
%LC杏奈
「そうだけど。よくわかったね」%K%P
「确实是哦，看来你知道了」%K%P
%LC陽菜
%LC阳菜
「ノーブルに通ってる子の顔は、\n　ほとんど覚えたから」%K%P
「因为诺博尔每个人的脸\n　我几乎都记住了」%K%P
%LC陽菜
%LC阳菜
「見覚えない子は、センシブルかなって」%K%P
「没见过的人，一定就是圣森博尔的吧」%K%P
%LC杏奈
%LC杏奈
「陽菜ちゃんすごい」%K%P
「阳菜酱好厉害」%K%P
%LC陽菜
%LC阳菜
「そうでもないよ。補佐代理として、\n　授業中、ひとりひとりとお話もしたし」%K%P
「不厉害啦。作为代理教辅员，\n　在上课的时候，要和每个人谈话。」%K%P
３学年合わせてかなりの人数がいるのは確かだけど、\n剣術の話を交えたおかげもあって覚えやすかった。%K%P
3个年级加起来确实有很多人，\n不过多亏交流的是剑术的话题，所以很容易记住她们。%K%P
%LC杏奈
%LC杏奈
「さっきの子、クラスは違ったんだけど、\n　合唱部で一緒だったんだ」%K%P
「刚才的人，虽然和我不在一个班级，\n　但是在合唱部是一起的」%K%P
%LC杏奈
%LC杏奈
「もし転科してなかったら、今頃は私も、\n　センシブルで陽菜ちゃんのこと噂してたかも」%K%P
「如果没有转科的话，现在我可能，\n　也会在圣森博尔谈论阳菜酱的事了」%K%P
%LC陽菜
%LC阳菜
「{歌姫:ディーバ}になってたかも、じゃなくて？」%K%P
「不是谈论如何当上{歌姫:Diva}吗？」%K%P
%LC杏奈
%LC杏奈
「いやいやっ、いやいやいやっ。\n　私には無理だよ」%K%P
「不不，啊不不不。\n　我没那么好高骛远哦」%K%P
%LC杏奈
%LC杏奈
「その…………私、歌、ヘタだもん」%K%P
「这个…………我呢，不擅长……唱歌」%K%P
ぽつりと呟いた杏奈ちゃんは、\n照れくさそうに視線を外す。%K%P
杏奈酱小声嘀咕着，\n不好意思地移开了视线。%K%P
%LC杏奈
%LC杏奈
「私が銀蘭に入った理由ってね、\n　歌が上手になりたかったからなんだ」%K%P
「我进到银兰的理由，\n　是想让自己能更好的歌唱」%K%P
%LC杏奈
%LC杏奈
「ここって合唱部が有名だったから。\n　入って練習すれば、上手くなるかなって」%K%P
「因为这里的合唱部非常出名。\n "我进去练习的话，会不会变好呢？”」%K%P
%LC杏奈
%LC杏奈
「結局、歌じゃなく剣を選んで、\n　ノーブルに転科しちゃったんだけど」%K%P
「结果，我没有选择唱歌，\n　而是选择了剑，转科到了诺博尔」%K%P
彼女のその言葉に、幼い頃の記憶が、\nちょっと揺さぶられる感じがした。%K%P
听了她的这句话，\n我小时候的记忆被触动了。%K%P
歌ではなく剣を選んだ――それが、\nオレと似ていたから、かもしれない。%K%P
没有选择唱歌而是选择了剑——这样的话，\n是因为她和我很像吧。%K%P
%LC陽菜
%LC阳菜
「その話、もう少し聞いてもいい？」%K%P
「这件事，可以再听一听吗？」%K%P
%LC杏奈
%LC杏奈
「転科した理由？」%K%P
「转科的理由？」%K%P
%LC陽菜
%LC阳菜
「うん。あっ、でも、\n　嫌なら無理に話さなくても――」%K%P
「嗯。啊，不过，\n　不喜欢的话不用勉强说——」%K%P
%LC杏奈
%LC杏奈
「別にいいよ。ちょっと恥ずかしいけど、\n　他でもない陽菜ちゃんのお願いだし」%K%P
「没关系。虽然有点不好意思，\n　但这可是阳菜酱的请求」%K%P
%LC杏奈
%LC杏奈
「少し長くなるかもだから、\n　お茶とお菓子、用意しちゃうね」%K%P
「讲的时间可能会有点长，\n　所以我先去准备茶和点心吧」%K%P
言って、テキパキと支度する杏奈ちゃん。%K%P
说完，杏奈酱麻利地准备着。%K%P
手慣れてるところからして、\nこういうことが日常的にあるんだろう。%K%P
如此熟练，这样看来，\n这种事情在日常生活中是常有的吧。%K%P
%LC杏奈
%LC杏奈
「これ、さっきの子にもあげたやつだけど。\n　最近の自信作、餡子サンドクッキー」%K%P
「这个，是刚才给那个人的。\n　我最近的自信之作，豆沙馅夹心曲奇——」%K%P
%LC陽菜
%LC阳菜
「自信作ってことは、これ、杏奈ちゃんが？」%K%P
「"自信之作"的话，这个是杏奈酱自己做的？」%K%P
%LC杏奈
%LC杏奈
「うん。私、お菓子作るの好きなんだ。\n　お休みの日とか、よく作ってて」%K%P
「嗯。我喜欢做点心。\n　休息日的时候，经常会做一下」%K%P
%LC杏奈
%LC杏奈
「前は作った分、寮生に配ってたんだけど。\n　あるとき苦情が来ちゃって」%K%P
「以前的话，我会把做好的分给全宿舍吃。\n　不过当时有人来抱怨了」%K%P
%LC陽菜
%LC阳菜
「苦情？」%K%P
「抱怨？」%K%P
%LC杏奈
%LC杏奈
「あると食べるから配るのやめろーって。\n　杏奈のせいで寮生だけ体重が増えたとか言われて」%K%P
「"有的话会找你要吃的不要分发啦！\n　因为杏奈你，只有咱宿舍的体重超标了"」%K%P
%LC杏奈
%LC杏奈
「だから、いまは学園全体にお裾分けしてるの。\n　で、お返しは乙女部まで、ってね」%K%P
「所以，现在我便分发给学院所有人尝了。\n　啊，上次少女部还收到了"回礼"，记得不」%K%P
%LC杏奈
%LC杏奈
「ほら、前に睦月ちゃんがお礼だって、\n　クッキーを持って来てくれたでしょ？」%K%P
「就是，上次睦月酱，\n　不是带了饼干来道谢吗？」%K%P
%LC陽菜
%LC阳菜
「ああ……。あれってそういうことだったんだ」%K%P
「啊啊……原来是这么回事」%K%P
%LC杏奈
%LC杏奈
「美実様もお菓子作るの好きだから。\n　二人して、いろんな所に配って回ってて」%K%P
「美实大人也喜欢做点心。\n　于是我们两个人就到处分发」%K%P
%LC杏奈
%LC杏奈
「それでも余った分は、こんな感じで、\n　欲しい子が来たときのために備蓄してるの」%K%P
「即便如此，我还是留下了一部分，\n　为了有人想要的时候做储备」%K%P
%LC杏奈
%LC杏奈
「というわけで、たくさんあるから。\n　遠慮せず食べて」%K%P
「所以这里存货很多的啦。\n　不要客气，吃吧」%K%P
%LC陽菜
%LC阳菜
「じゃあ、さっそく。いただきます……はむっ」%K%P
「那我就，开动了……阿姆」%K%P
%LC陽菜
%LC阳菜
「はぐ、はぐっ……わ、美味しい」%K%P
「阿姆阿姆……哈，真好吃呀」%K%P
薄く焼かれた生地と餡子がマッチしてるし、\n一緒に出されたほうじ茶が、これまたよく合う。%K%P
饼皮烤得很薄，夹心也恰到好处，\n与一起端上的茶配着吃，挺合适的。%K%P
甘い匂いがする部屋だと思っていたけど、\nまさか、本当に甘味の匂いだったなんて。%K%P
一直以为是房间甘之如饴，\n没想到，真就是"甘之如饴"。%K%P
%LC杏奈
%LC杏奈
「で、えっと……転科した理由、だよね」%K%P
「啊，接下来……转科的理由，对吧」%K%P
%LC杏奈
%LC杏奈
「さっきも言ったとおり、私、\n　歌が上手くなりたくて銀蘭に入学したの」%K%P
「刚刚我说过了，我呢，\n　为了更好地歌唱才入学银兰的」%K%P
%LC杏奈
%LC杏奈
「で、すぐ合唱部に入って……。\n　でも、なかなか上達しなくて……」%K%P
「然后，我马上就加入了合唱部……\n　但是一直没有进步……」%K%P
%LC杏奈
%LC杏奈
「講師の先生――学園長は、\n　根気よく指導してくださったんだけど」%K%P
「虽然作为讲师的老师——校长她，\n　已经很耐心地指导了我……」%K%P
%LC陽菜
%LC阳菜
「え……？　理事長、合唱部の講師なの？」%K%P
「诶……？　理事长，是合唱团的讲师？」%K%P
%LC杏奈
%LC杏奈
「そうだよ。なんたって、\n　アリアンロッドの{歌姫:ディーバ}だもん」%K%P
「对的哦，无论怎么说，\n　她可是阿莉娅-罗德的{歌姫:Diva}呀」%K%P
言われてみれば、{最優秀騎士:ブリランテ}の姉さんが\n{騎士道:シュバルリィ}の指南役をしているぐらいなんだし。%K%P
这么说来，作为{至高骑士:Brillante}的姐姐，\n也成为了{骑士道:Chivalry}的指导员。%K%P
{歌姫:ディーバ}だったニナさんが、\n合唱部で指導をしていてもおかしくない、けど。%K%P
曾经是{歌姫:Diva}的妮娜姐，\n指导合唱部也不奇怪，不过。%K%P
%LC杏奈
%LC杏奈
「ちなみにセンシブルには声楽の授業があるんだけど、\n　学園長、それの特別講師もやってたよ」%K%P
「顺便说一下，圣森博尔是有声乐课的，\n　校长还担任着特别讲师哦」%K%P
%LC陽菜
%LC阳菜
「えええ……」%K%P
「欸欸欸……」%K%P
学園長と理事長の仕事だけじゃなくて、\n{舞闘:カデンツァ}関連に、歌まで教えて――、%K%P
不仅要做校长和理事长的工作，\n还要做{舞斗:华彩乐}相关的工作，连歌唱都要去教——%K%P
そりゃ、それだけ働いてたら、\n家の中でだらっとしちゃうのも無理ないか。%K%P
那这么说来，工作了那么久，\n也难怪在家里会变得精神涣散。%K%P
%LC杏奈
%LC杏奈
「有名な合唱部だけあって、入ってくる子は、\n　みんな上手い子ばっかりで――」%K%P
「不愧是有名的合唱部，\n　进来的同学都很厉害——」%K%P
%LC杏奈
%LC杏奈
「とくに睦月ちゃんは、ホントすごくって……。\n　初めて歌聞いたときは、言葉、出なかったもん」%K%P
「尤其是睦月酱，真的很厉害……\n　第一次听她唱歌的时候，我连话都说不出来」%K%P
%LC杏奈
%LC杏奈
「それで……どうしても、まわりと自分を、\n　比べちゃうことが多くなって……」%K%P
「然后就是……我总会去，\n　拿自己和周围的人比较……」%K%P
%LC杏奈
%LC杏奈
「伸び悩んで、どうしようって思ってたとき、\n　美実様に声をかけられたの」%K%P
「就在我犹豫不决，正想着"怎么办"的时候，\n　美实大人向我搭话了」%K%P
%LC陽菜
%LC阳菜
「美実様に？」%K%P
「美实大人吗？」%K%P
%LC杏奈
%LC杏奈
「うん。中庭でヘコんでたら、\n　なにしてるのー？　って、いつもの調子で」%K%P
「嗯，一个人在中庭里，\n　干什么呢—？　嗯，就平常的语气」%K%P
%LC杏奈
%LC杏奈
「ノーブルの人に声掛けられたのなんて初めてで、\n　私、すっごいあたふたしちゃって……」%K%P
「第一次被诺博尔的人搭讪，\n　我当时还挺紧张的……」%K%P
%LC杏奈
%LC杏奈
「でも、美実様は優しく話を聞いてくれて……。\n　最終的に、ナンパされちゃった」%K%P
「但是，美实大人还是温柔地听完了我的事……\n　最终，我被她"拐走"了」%K%P
%LC陽菜
%LC阳菜
「なっ、ナンパ？」%K%P
「拐，拐走？」%K%P
%LC杏奈
%LC杏奈
「そう。これからテアトルで{舞闘:カデンツァ}やるから、\n　よかったら見においでって」%K%P
「对。"接下来我要去剧院{舞斗:华彩乐}，\n　可以的话就来看看吧"」%K%P
%LC杏奈
%LC杏奈
「その日はちょうど{騎士道:シュバルリィ}の実技試験の日で、\n　美実様はその見学に誘ってくれたの」%K%P
「那天正好是{骑士道:Chivalry}的实战测试，\n　美实大人就邀请我去参观了」%K%P
%LC杏奈
%LC杏奈
「私、{舞闘:カデンツァ}を見るの、その日が初めてで。\n　もうね、すっごいドキドキしちゃって……」%K%P
「那次是我第一次看{舞斗:华彩乐}呢。\n　真是太激动了……」%K%P
%LC杏奈
%LC杏奈
「次の日、今度は自分から美実様にお願いして、\n　トレーニングルームに連れて行ってもらったの」%K%P
「第二天，我主动拜托美实大人，\n　带我去了训练场」%K%P
%LC杏奈
%LC杏奈
「初めてトレーニングルームを見たときの感動は、\n　ほんと、いまでも忘れられない」%K%P
「第一次看到训练场时的感动，\n　真的，至今都忘不了」%K%P
%LC陽菜
%LC阳菜
「思わず立ち尽くしちゃう感じ？」%K%P
「不禁原地呆住的感觉？」%K%P
%LC杏奈
%LC杏奈
「そうそう。まさにそんな感じ」%K%P
「对对，就是那种感觉」%K%P
編入初日、杏奈ちゃんにトレーニングルームまで\n案内してもらったオレは、思わず立ち尽くして。%K%P
入学的第一天，杏奈酱带我到训练室时，\n我也不禁在原地呆住了。%K%P
そんなオレを見た杏奈ちゃんは、\n自分もそんなふうになったって、そう言っていた。%K%P
杏奈酱当时看到我这样时，\n好像也说过自己也"震惊"过的说。%K%P
%LC杏奈
%LC杏奈
「で、そこで千佳姉……あっ、諏訪先生のこと、\n　ちっちゃい頃はそう呼んでたんだけど――」%K%P
「然后，千佳姐姐……啊，\n　我小时候是这么叫诹访老师的——」%K%P
%LC杏奈
%LC杏奈
「ホントに偶然、千佳姉と再会して。\n　興味あるならやってみるかって言ってくれて」%K%P
「真的很偶然，能和千佳姐姐再次相遇。\n　然后她说，如果有兴趣的话可以试试看」%K%P
%LC杏奈
%LC杏奈
「で、やってみたらもう、楽しくって。\n　すっかり{舞闘:カデンツァ}にハマっちゃって」%K%P
「试着打了一次之后，觉得很开心。\n　完全迷上了{舞斗:华彩乐}」%K%P
%LC杏奈
%LC杏奈
「合唱部の練習がない放課後は、ちょくちょく\n　トレーニングルームに顔を出すようになって」%K%P
「放学后，只要没有合唱部的练习，\n　我就经常去训练场」%K%P
%LC杏奈
%LC杏奈
「そうなると、今度は……ね？　やっぱり、\n　テアトルに立ちたいって思うようになって」%K%P
「如此的话，这次……呐？  果然，\n　还是站在剧院里更适合我」%K%P
%LC杏奈
%LC杏奈
「そんなとき千佳姉から、本気でやりたいなら、\n　転科という方法があるぞって言われたの」%K%P
「那时千佳姐姐对我说，如果真的想学的话，\n　有办法，转科就行」%K%P
%LC陽菜
%LC阳菜
「それで、ノーブルに……」%K%P
「然后就，来了诺博尔……」%K%P
%LC杏奈
%LC杏奈
「うん。けどね、\n　すぐに決められたわけじゃなかったんだ」%K%P
「嗯。不过，\n　并不是马上就决定了」%K%P
%LC杏奈
%LC杏奈
「歌が上手くなりたくて銀蘭に入ったのに、\n　それを途中で辞めるのは、逃げ出す気がして――」%K%P
「我是为了更好的歌唱才入学银兰的，\n　可是却想半途而废，总感觉像是逃兵——」%K%P
%LC杏奈
%LC杏奈
「それで、ずっと踏ん切りがつかなくて」%K%P
「所以，我一直无法下定决心」%K%P
%LC杏奈
%LC杏奈
「そんなとき、美実様が相談に乗ってくれて。\n　迷ってる私の背中を押してくれたの」%K%P
「就在那时，美实大人来找我谈心。\n　在我犹豫的时候推了我一把」%K%P
%LC杏奈
%LC杏奈
「『新しく何かを始めたからといって、これまで\n　　続けたことを捨てることにはならない』」%K%P
「『即便开始做一件新的事情，\n　　也不等于放弃了一直以来在做的事情吧』」%K%P
%LC杏奈
%LC杏奈
「『今したいことがあるなら、\n　　今したほうがいい』――って」%K%P
「『如果现在有想做的事，\n　　那现在做完比较好』——就是这样」%K%P
%LC陽菜
%LC阳菜
「美実様が、そんなことを……」%K%P
「美实大人，竟然说了这种话……」%K%P
%LC杏奈
%LC杏奈
「私、それで決心がついて。\n　転科試験を受けることにしたの」%K%P
「我于是下定了决心。\n　决定参加转科考试」%K%P
%LC陽菜
%LC阳菜
「じゃあ、合唱部を辞めて、\n　乙女部に入ったのは――」%K%P
「那么，从合唱部辞退，\n　加入少女部是为了——」%K%P
%LC杏奈
%LC杏奈
「少しでも美実様に恩返ししたくって。\n　部員足りないって嘆いてたから」%K%P
「哪怕是一点点也好，我想报答美实大人。\n　总是听她唉声叹气说部员不够啦」%K%P
%LC杏奈
%LC杏奈
「でもほら、私って１年間まるまるっと\n　{舞闘:カデンツァ}してなかったわけでしょ？」%K%P
「不过你看，我整个1年级，\n　都没有练习过{舞斗:华彩乐}对吧？」%K%P
%LC杏奈
%LC杏奈
「だから、放課後は少しでも練習したくて。\n　それでずっと幽霊部員だったんだ」%K%P
「所以，放学后我总是去稍微练习一下。\n　所以一直都是幽灵部员」%K%P
%LC杏奈
%LC杏奈
「でも美実様は、それでいいよって。乙女部は\n　したいことをする部だからって、言ってくれて」%K%P
「但是美实大人说，这样就可以了。\n　"少女部是随心所欲的部"，她这么说道。」%K%P
%LC陽菜
%LC阳菜
「いい部長さんだね、美実様」%K%P
「真是个好部长啊，美实大人」%K%P
%LC杏奈
%LC杏奈
「うんっ。ほんと、すっごく感謝してる」%K%P
「嗯。真的，非常感谢她」%K%P
%LC杏奈
%LC杏奈
「あれで服を脱がせたりしてこなかったら、\n　心から尊敬できるのになぁ」%K%P
「如果不是因为扒我衣服这事，\n　我还是从心底尊敬她呢」%K%P
%LC陽菜
%LC阳菜
「そういう部分があるからこそ、\n　美実様っぽい気もするけど」%K%P
「正因为有这"部分"，\n　才更像美实大人吧」%K%P
%LC杏奈
%LC杏奈
「ほんとそれ」%K%P
「还真是」%K%P
くすくす笑う杏奈ちゃんには、\n後悔とか、そういった負の感情は見られない。%K%P
在捂着嘴笑着的杏奈酱身上，\n看不到后悔之类的负面感情。%K%P
決断まではたくさん悩んだんだろうけど、\n転科したこと自体に悔いはないって伝わってくる。%K%P
虽然做决定之前有很多烦恼，\n但是对于转科这件事，她没有后悔。%K%P
%LC杏奈
%LC杏奈
「けど、こうやって考えると、\n　私、音痴で良かったかも」%K%P
「不过，这么一想，\n　我五音不全也许不错呢」%K%P
%LC陽菜
%LC阳菜
「どうして？」%K%P
「为什么？」%K%P
%LC杏奈
%LC杏奈
「だって、千佳姉と再会できたのも、陽菜ちゃんや\n　美実様に会えたのも、銀蘭に入ったからで――」%K%P
「因为，我能和千佳姐姐重逢，和阳菜酱，\n　以及美实大人见面，都是因为入学了银兰——」%K%P
%LC杏奈
%LC杏奈
「銀蘭に入ろうと思ったのは、\n　歌が上手になりたかったからだもん」%K%P
「刚开始想要进入银兰，\n　是因为想要更好地歌唱」%K%P
%LC杏奈
%LC杏奈
「まぁ、歌が上手くなりたいって気持ち自体、\n　実のところ、わりと邪な動機なんだけど」%K%P
「嘛，想要更好地歌唱的执念，\n　实际上本来也是比较邪恶的动机呢」%K%P
%LC陽菜
%LC阳菜
「よこしま？」%K%P
「邪恶？」%K%P
%LC杏奈
%LC杏奈
「あ……」%K%P
「啊……」%K%P
聞き返したオレの言葉に、\nしまった……って顔をする杏奈ちゃん。%K%P
听到我问出的话，\n杏奈酱一副……"糟糕了"的表情。%K%P
どうやら、思わず漏れちゃった言葉みたいだ。%K%P
好像，不小心说出心里话了。%K%P
ここはスマートに、聞かなかったふりで――、%K%P
在这种情况，我还是装作没听见——%K%P
%LC杏奈
%LC杏奈
「……私がまだ、ちっちゃな頃の話なんだけど」%K%P
「……那是我小时候的事啦」%K%P
%LC陽菜
%LC阳菜
%XS21「言うのっ？！」%XE%K%P
%XS21「这就说了？！」%XE%K%P
%LC杏奈
%LC杏奈
「やっ、だって、その……」%K%P
「呀，因为，这个……」%K%P
%LC杏奈
%LC杏奈
「誰にも言ったことなかったけど……。\n　でも、ずっと誰かに聞いてほしくって……」%K%P
「我没有对任何人说过……\n　但是，我一直希望有人能听我说」%K%P
%LC陽菜
%LC阳菜
「王様の耳はロバの耳、みたいな？」%K%P
「"国王的耳朵是驴耳朵"，这样的嘛？」\n（"the king's ears are donkey's ears" ，出自伊索寓言，\n　比喻"想说出口但欲言又止的事"）%K%P
%LC杏奈
%LC杏奈
「うん。……いい？　話しても」%K%P
「嗯。……可以吗？　让我说出来」%K%P
%LC陽菜
%LC阳菜
「それは、いいけど……いいの？　私で」%K%P
「这当然可以啦……不过可以吗？　对我说」%K%P
%LC杏奈
%LC杏奈
「うん。陽菜ちゃんがいい」%K%P
「嗯，阳菜酱的话可以」%K%P
%LC陽菜
%LC阳菜
「ん……」%K%P
「嗯……」%K%P
真っ直ぐに言われて、ちょっと、照れる。%K%P
如此坦率的言语，让我有点不好意思了。%K%P
まあ、本人が良いなら……いい、のかな。%K%P
嘛，如果本人愿意的话……我觉得可以吧？%K%P
あっ、でも、女の子同士の内緒話的なやつだと、\n聞いちゃマズいやつもあるかも――、%K%P
啊不过，如果是女孩子之间的秘密的话……\n也有些不能听的事啊——%K%P
って、いまさら断れる雰囲気じゃないんだけど。%K%P
不过，现在的气氛，好像没法拒绝了。%K%P
%LC杏奈
%LC杏奈
「幼稚園に通ってた頃ね、私、おんちおんちーって、\n　よく男子からイジメられちゃってて」%K%P
「上幼儿园的时候，我因为音律不好，\n　经常被男孩子欺负」%K%P
%LC杏奈
%LC杏奈
「でも、ひとりだけ、そんな私を笑わずに、\n　守ってくれる男の子がいたの」%K%P
「但是，有一个男孩子，不会嘲笑那样的我，\n　一直保护着我」%K%P
%LC杏奈
%LC杏奈
「その子、すっごく歌が上手で。\n　からかってくる男子を、歌で撃退しちゃうの」%K%P
「那个人，唱歌唱得非常好。\n　最后用歌声"击退"了来欺负我的男孩子」%K%P
%LC杏奈
%LC杏奈
「綺麗な声で、綺麗な歌を歌ったあと、\n　僕に比べればおまえらだって下手くそだって」%K%P
「用优美的嗓音，唱完优美的歌之后，\n　他说："和我比起来，你们远远不够"」%K%P
%LC陽菜
%LC阳菜
「うわ……。それはまた、生意気な――」%K%P
「呜哇……这还真是狂妄呢——」%K%P
……あれ？　でも、それって――、%K%P
……啊咧？　不过，感觉怎么像——%K%P
%LC杏奈
%LC杏奈
「ふふっ。けどね、\n　本当にその子、歌が上手だったんだよ」%K%P
「嘻嘻。不过呢，\n　那个人唱歌唱的真的很好」%K%P
%LC杏奈
%LC杏奈
「私、その子のこと、好きで……。\n　その子みたいに、なりたくって……」%K%P
「我呢，喜欢上了那个人……\n　想成为像他一样的人……」%K%P
%LC杏奈
%LC杏奈
「それで、歌が上手になりたかったの」%K%P
「所以，我想让自己能更好地歌唱」%K%P
%LC杏奈
%LC杏奈
「まあ、小学校にあがったぐらいで引っ越して以来、\n　その男の子とは、それきり会ってないんだけど」%K%P
「嘛，自从上小学搬家以来，\n　我就再也没见过那个男孩子了」%K%P
つまり、やっぱり、その男の子って――、%K%P
也就是说，果然，那个男孩子是——%K%P
%LC杏奈
%LC杏奈
「元気にしてるかなぁ、日向くん……」%K%P
「你还一切安好吗，日向君……」%K%P
%LC陽菜
%LC阳菜
「ッ……」%K%P
「咕唔……」%K%P
%LC杏奈
%LC杏奈
「陽菜ちゃん？　どうかした？」%K%P
「阳菜酱？　怎么了吗？」%K%P
%LC陽菜
%LC阳菜
「やっ、その……いま、ほら、名前が」%K%P
「啊不，这个……刚才，那个名字」%K%P
%LC杏奈
%LC杏奈
「あっ……うわ、やば、恥ずっ……っ」%K%P
「啊……呜哇，不行，好羞耻……」%K%P
%LC杏奈
%LC杏奈
「言うつもり、なかったんだけどっ……。\n　完全に油断して……わ、わ、わわっ……」%K%P
「本来没有打算说的……\n　完全大意了……呜，呜哇，哇哇哇哇……」%K%P
なんて、染まった頬を両手で押さえる杏奈ちゃん。%K%P
杏奈酱用双手捂着通红的脸颊。%K%P
けど、こっちは頬どころか顔を押さえたい。%K%P
可是，我才是该捂脸的那个才对。%K%P
どんな顔をすればいいかわからない。%K%P
我都不知道摆什么表情好了。%K%P
あるいはオレのことなんて忘れてるかもって、\nそんなことも考えないでもなかったのに。%K%P
"也许她已经忘记我（日向）了"，\n这种事我不是没有想过。%K%P
がっつり覚えてるどころか、\n好きとか、そんな、そんなこと――、%K%P
看来别说是记得一清二楚了，\n还是喜欢的人什么的，这……这种事——%K%P
%LC杏奈
%LC杏奈
「実は、いま話した男の子の名前、\n　日向くんっていうの。空木日向くん」%K%P
「其实，我刚才说的那个男孩子的名字，\n　叫日向君哦。  空木日向君」%K%P
%LC杏奈
%LC杏奈
「陽菜と日向で、響き、似てるし……。\n　驚かせちゃったよね」%K%P
「阳菜（hina）和日向（hinata），发音好像啊……\n　有点惊讶了呢」%K%P
――どうすればいい？　なんて言えばいい？%K%P
——该怎么办？说什么好呢？%K%P
いや、わかる。わかるんだよ？%K%P
不，我知道。我知道的不是吗？%K%P
そうなんだ、とか、すごい偶然だね、とか、\nそれっぽい相づちを打てばいいんだってことぐらい。%K%P
"是吗？""好巧捏！"之类的，\n只要附和一下就行了。%K%P
でも、そんな、この状況で、そんなこと――、%K%P
但是我怎么可能，在这种情况下，说这种话——%K%P
%LC杏奈
%LC杏奈
「ごめんね、陽菜ちゃん」%K%P
「对不起呢，阳菜酱」%K%P
%LC陽菜
%LC阳菜
「えっ？　なっ、なんで――」%K%P
「诶？  为，为什么？」%K%P
%LC杏奈
%LC杏奈
「だって、わざわざ部屋まで来てもらったのに、\n　私ってば自分のことばっかり話しちゃって」%K%P
「因为，特意请你来我的房间，\n　我却总是在聊自己的事」%K%P
%LC陽菜
%LC阳菜
「それは、私がいいよって、言ったからで」%K%P
「那个的话，我说过可以的嘛」%K%P
%LC杏奈
%LC杏奈
「だとしても甘えすぎだよっ。\n　こんな、初恋の話までしちゃうとか……」%K%P
「不过这也太泛泛而谈了对吧。\n　像这样的，连初恋的事都说了……」%K%P
%LC陽菜
%LC阳菜
「っ……」%K%P
「咕呜！……」%K%P
初恋って……！　初恋って……！！%K%P
初恋……！　她说初恋……！！%K%P
ああもう、なにこれこれなにこれっ……！！%K%P
啊啊真是的，这啥呀这啥跟啥呀……！！%K%P
%LC杏奈
%LC杏奈
「私の話はこれぐらいにして。\n　ほら、早く本題に入って」%K%P
「关于我的话题就到此为止啦。\n　好啦，快进入正题吧」%K%P
%LC陽菜
%LC阳菜
「へ？」%K%P
「诶？」%K%P
%LC杏奈
%LC杏奈
「へ？　じゃないようっ。\n　話があるって言ってたでしょ？」%K%P
「"诶"个啥呀你。\n　不是说有话跟我说吗？」%K%P
%LC陽菜
%LC阳菜
「あ――」%K%P
「啊——」%K%P
そう、だった。%K%P
这……样啊。%K%P
オレ、杏奈ちゃんとエンゲージのことで、\n話をしたいと思ってたんだった。%K%P
一开始想和杏奈酱，\n聊聊关于"订婚"的事来着。%K%P
でも、気付いたらなんか、\nいろいろなことが判明して。%K%P
但是，当回过神的时候，\n了解了很多"事情"。%K%P
もはや、それどころじゃないくらい、\n頭の中が、ごちゃごちゃで――、%K%P
我现在已经有点呆滞了，\n脑子里一片混乱——%K%P
%LC杏奈
%LC杏奈
「もしかして、その……みんなが言うように、\n　エンゲージのことに関して、だったり？」%K%P
「莫非是，那个……大家一直在聊的，\n　有关于"订婚"的事，是吗？」%K%P
%LC陽菜
%LC阳菜
「それは、えと……」%K%P
「那个的话，那啥……」%K%P
%LC杏奈
%LC杏奈
「って、さすがにないよね。\n　陽菜ちゃんが私と組むとか、ありえないもん」%K%P
「唉，果然是想多了呢。\n　阳菜酱和我搭档的，不可能的啦」%K%P
%LC杏奈
%LC杏奈
「みんなが囃し立ててくるから、\n　つい、そんな気になっちゃって」%K%P
「大家都这么起哄，\n　不禁往这方面想了」%K%P
%LC陽菜
%LC阳菜
「そんな……そんなことない。\n　杏奈ちゃんさえよければ、私と」%K%P
「怎么会……没那回事。\n　杏奈酱若愿意的话，和我一起吧」%K%P
%LC杏奈
%LC杏奈
「いやいや、ダメっ、ダメだよっ。\n　だって私だよっ？」%K%P
「啊不不不，不行！不行的哦！\n　我可不配哦？」%K%P
%LC杏奈
%LC杏奈
「依夜様たちと比べたら、全然だし……。\n　他の人とエンゲージしたほうが――」%K%P
「跟依夜大人他们比起来，我完全……\n　还是和别人"订婚"更好吧——」%K%P
%LC陽菜
%LC阳菜
「私は、杏奈ちゃんがいい」%K%P
「我，中意杏奈酱」%K%P
直前までの動揺が嘘みたいに、\nその言葉は、すんなりと口をついて出た。%K%P
感觉自己刚刚的动摇是假的一样，\n这句话我竟然很流畅地说了出来。%K%P
きっと、杏奈ちゃんが尻込みしたからだ。%K%P
一定是杏奈酱打了退堂鼓的缘故吧。%K%P
彼女の表情が曇ったことが、許せなかった。%K%P
让她的表情变得阴沉什么的，\n我可不会原谅自己。%K%P
煮え切らない態度で彼女を惑わせて、\nそんな反応をさせてしまった自分が許せなかった。%K%P
因为自己的举棋不定让她困惑什么的……\n她若如此了，我可没法原谅自己。%K%P
%LC陽菜
%LC阳菜
「杏奈ちゃん。実は私、小さな頃、\n　合唱団に入ってたことがあるんだ」%K%P
「杏奈酱。其实我小时候，\n　曾加入过合唱团哦」%K%P
%LC杏奈
%LC杏奈
「陽菜ちゃんが、合唱団……？」%K%P
「阳菜酱你，合唱团……？」%K%P
%LC陽菜
%LC阳菜
「うん。でも、色々あって、辞めて……。\n　それからずっと、剣術を学んで」%K%P
「嗯。但是发生了很多事，然后辞退了……\n　从那以后我一直在学习剑术」%K%P
%LC陽菜
%LC阳菜
「歌を辞めて、剣を選ぶ――。\n　ね？　私たち、似てると思わない？」%K%P
「辞别歌唱的日子，选择负剑前行——\n　呐？ 我们俩，是不是很像？」%K%P
%LC杏奈
%LC杏奈
「あ……」%K%P
「啊……」%K%P
%LC陽菜
%LC阳菜
「もう一度、言うね」%K%P
「那我，再说一次」%K%P
%LC陽菜
%LC阳菜
「私は、杏奈ちゃんと一緒に戦いたい。\n　杏奈ちゃんと、エンゲージしたい」%K%P
「我想和杏奈酱一起战斗。\n　想和杏奈酱，"订婚"」%K%P
%LC杏奈
%LC杏奈
「っ……」%K%P
「啊……」%K%P
%LC杏奈
%LC杏奈
「その……面と向かって言われると、\n　かなり、くるね。エンゲージって言葉……」%K%P
「那个……被当面这么说，\n　相当的……炸裂呢。"订婚"这个词……」%K%P
%LC陽菜
%LC阳菜
「うっ、うん……」%K%P
「唔，嗯……」%K%P
ここまで見据えて名付けていたんだとしたら、\nニナさんって本当に稀代の策士だと思う。%K%P
如果真这么"有远见"地起了这个名字，\n那我觉得妮娜姐真是个绝代谋士。%K%P
%LC陽菜
%LC阳菜
「それで……その、どうかな？\n　私と――」%K%P
「然后……那个，怎么样？\n　能否和我——」%K%P
%LC杏奈
%LC杏奈
「合唱団に入ってたってことは、\n　陽菜ちゃんって、歌、上手いの？」%K%P
「能加入合唱团的话，\n　阳菜酱，你唱歌很好？」%K%P
%LC陽菜
%LC阳菜
「えっ？」%K%P
「诶？」%K%P
%LC杏奈
%LC杏奈
「どうなの？」%K%P
「到底怎样？」%K%P
%LC陽菜
%LC阳菜
「えっと……まあ、たぶん、それなりに」%K%P
「那个……嘛，大概，是这样吧」%K%P
%LC杏奈
%LC杏奈
「なら、歌って？」%K%P
「那，能唱一下不？」%K%P
%LC陽菜
%LC阳菜
「え」%K%P
「诶」%K%P
%LC杏奈
%LC杏奈
「お願い、歌って。\n　陽菜ちゃんの歌、聞かせて？」%K%P
「拜托了，唱吧。\n　让我听听，阳菜酱的歌吧？」%K%P
これって、歌を聞かせてくれたら、\nエンゲージします、ってことなんだろうか。%K%P
这是在说，如果给她唱歌，\n她就会和我"订婚"吗？%K%P
そのぐらいお安いご用って言いたいけど、\n杏奈ちゃん、オレの歌声、覚えていそうだし。%K%P
虽然很想说"小菜一碟"这种话，\n但是杏奈酱，好像还记得我的歌声。%K%P
ここで歌って、もし、ちょっとした癖や特徴から、\nオレが日向かもしれないって勘づかれたら――、%K%P
在这里唱歌，要是因为我的一些习惯和特征，\n被判断出我可能是日向的话——%K%P
%LC陽菜
%LC阳菜
「それじゃあ、えっと――」%K%P
「这样的话，想想啊——」%K%P
%LC陽菜
%LC阳菜
「私と一緒に{最優秀騎士:ブリランテ}になったら、\n　そのとき、歌ってあげるってことで」%K%P
「如果你和我一起成为{至高骑士:Brillante}，\n　那时候，我就唱给你听」%K%P
%LC杏奈
%LC杏奈
「ええーっ？！　そんなの無理っ。\n　それって優勝するってことでしょっ？」%K%P
「欸欸欸——？！　这太过分了吧。\n　那就是要拿冠军才可以吗？」%K%P
%LC杏奈
%LC杏奈
「うぅぅ、陽菜ちゃんのイジワルっ。\n　初めから聞かせてくれるつもりないんでしょっ」%K%P
「呜呜呜，阳菜酱你心眼好坏。\n　你一开始就不打算唱给我听吧」%K%P
%LC陽菜
%LC阳菜
「私、無理だなんて思ってないよ」%K%P
「我并不觉得过分哦」%K%P
%LC杏奈
%LC杏奈
「えっ……」%K%P
「诶……」%K%P
%LC陽菜
%LC阳菜
「杏奈ちゃんが一緒に戦ってくれるなら、\n　優勝できるって、そう思ってる」%K%P
「只要杏奈酱和我一起战斗，\n　我们就能夺冠，我是这么想的哦」%K%P
%LC杏奈
%LC杏奈
「っ……」%K%P
「啊……」%K%P
%LC杏奈
%LC杏奈
「……ズルいよ、陽菜ちゃん。\n　真顔でそういうこと言うの」%K%P
「……太狡猾了，阳菜酱。\n　一本正经地说出这种话」%K%P
%LC陽菜
%LC阳菜
「ズルいとは思わないけど――」%K%P
「我不觉得狡猾呀——\n不过，倒是挺羞耻的……」%K%P
%LC陽菜
%LC阳菜
「……でも、すっごく恥ずかしい」%K%P
「……不过，倒是挺羞耻的」\n（这里游戏语音多念了一遍，音符社制作时的小错误）%K%P
照れた方が負け、なんてよく言うけれど。%K%P
人们常说："害羞使人败北"。%K%P
こういう時こそ照れちゃダメだって、\nそう覚悟を決めて、しっかり彼女を見つめる。%K%P
越是这种时候就越不能害羞——\n做好这样的心理准备，我紧紧地盯着她。%K%P
初恋のこととか、いろいろ、\n思いがけないことを聞いてしまったけど。%K%P
关于"初恋"的事，\n听到时挺出乎我意料的。%K%P
でも、彼女と戦いたいって気持ちは、\nそれでも変わらなくて。%K%P
但是，想和她一起战斗的心情，\n即使如此也不会改变。%K%P
むしろ、強くなったぐらいで。%K%P
甚至，可以说是更强烈了。%K%P
%LC陽菜
%LC阳菜
「お願い、杏奈ちゃん。\n　私とエンゲージしよ？」%K%P
「拜托了，杏奈酱。\n　和我"订婚"吧？」%K%P
%LC杏奈
%LC杏奈
「……私で、いいの？」%K%P
「……我，真的可以吗？」%K%P
%LC陽菜
%LC阳菜
「うん。杏奈ちゃんがいい」%K%P
「嗯，非杏奈酱不可」%K%P
%LC杏奈
%LC杏奈
「そっか……」%K%P
「这样啊……」%K%P
%LC杏奈
%LC杏奈
「ん、えへへ……。こうなったら、\n　なにがなんでも{最優秀騎士:ブリランテ}にならないと」%K%P
「嗯，欸嘿嘿……。这样的话，\n　无论如何都得拿下{至高骑士:Brillante}了」%K%P
%LC杏奈
%LC杏奈
「それで、絶対に陽菜ちゃんに、\n　歌を聞かせてもらうっ」%K%P
「我一定要，让阳菜酱你，\n　好好地唱歌给我听」%K%P
%LC陽菜
%LC阳菜
「それじゃあ――」%K%P
「那么就——」%K%P
%LC杏奈
%LC杏奈
「うんっ！　私、陽菜ちゃんとエンゲージするっ！」%K%P
「嗯！　我决定和阳菜酱"订婚"！」%K%P
