%LC陽菜
%LC陽菜
「やっと、朝……」%K%P
「やっと、朝……」%K%P
雀の声に被っていた布団を押しのけると、\n外は明るくなっていた。%K%P
雀の声に被っていた布団を押しのけると、\n外は明るくなっていた。%K%P
なんの成果も得られない――じゃなくて、\n一睡もできなかった。%K%P
なんの成果も得られない――じゃなくて、\n一睡もできなかった。%K%P
でも、どうにか我慢できた。%K%P
でも、どうにか我慢できた。%K%P
そんな自分が誇らしいような、情けないような。%K%P
そんな自分が誇らしいような、情けないような。%K%P
%LC陽菜
%LC陽菜
「人の気もしらないで……。\n　元気なんだから、もう……」%K%P
「人の気もしらないで……。\n　元気なんだから、もう……」%K%P
一晩中ずっと勃起したままだったあそこは、\n根負けしたのか、ようやく大人しくなってきた。%K%P
一晩中ずっと勃起したままだったあそこは、\n根負けしたのか、ようやく大人しくなってきた。%K%P
それもこれも、夜の自室なんていう環境で、\nあんな画像を見てしまったせい、なんだけど。%K%P
それもこれも、夜の自室なんていう環境で、\nあんな画像を見てしまったせい、なんだけど。%K%P
とはいえ、もし画像を見たのが学園内だったら、\nもっとヤバいことになっていたはずだ。%K%P
とはいえ、もし画像を見たのが学園内だったら、\nもっとヤバいことになっていたはずだ。%K%P
人目がある場所で勃起なんてしたら、\nそれこそ、どんなピンチを招いていたことか。%K%P
人目がある場所で勃起なんてしたら、\nそれこそ、どんなピンチを招いていたことか。%K%P
%LC陽菜
%LC陽菜
「……とりあえず、シャワー浴びよ……」%K%P
「……とりあえず、シャワー浴びよ……」%K%P
布団を被っていたせいで蒸れてかいた汗を、\n煩悩ごと洗い流してスッキリしたい。%K%P
布団を被っていたせいで蒸れてかいた汗を、\n煩悩ごと洗い流してスッキリしたい。%K%P
でないと、朝練にも行けない――、%K%P
でないと、朝練にも行けない――、%K%P
%LC陽菜
%LC陽菜
「……っ」%K%P
「……っ」%K%P
杏奈ちゃんのフィエルテ姿が脳裏を過ぎった途端、\n鎮まりかけていた股間が反応してしまう。%K%P
杏奈ちゃんのフィエルテ姿が脳裏を過ぎった途端、\n鎮まりかけていた股間が反応してしまう。%K%P
こんな状態で杏奈ちゃんに会って、それでも、\nいつも通りにしていられるかは不安だけど――、%K%P
こんな状態で杏奈ちゃんに会って、それでも、\nいつも通りにしていられるかは不安だけど――、%K%P
とにかく少しでも練習したい今、\n彼女を避けるという選択はありえない。%K%P
とにかく少しでも練習したい今、\n彼女を避けるという選択はありえない。%K%P
%LC陽菜
%LC陽菜
「……よしっ」%K%P
「……よしっ」%K%P
頬をぱちんと叩き、気合いを入れる。%K%P
頬をぱちんと叩き、気合いを入れる。%K%P
いま最優先すべきは、\n{連弾:デュオ}{舞闘:カデンツァ}の初戦突破。%K%P
いま最優先すべきは、\n{連弾:デュオ}{舞闘:カデンツァ}の初戦突破。%K%P
それに、いざ会ってしまえば、案外、\n普段通りに接することができるかもしれない。%K%P
それに、いざ会ってしまえば、案外、\n普段通りに接することができるかもしれない。%K%P
オレは日向じゃなく、\n陽菜として、杏奈ちゃんと会うんだから。%K%P
オレは日向じゃなく、\n陽菜として、杏奈ちゃんと会うんだから。%K%P
――そう思っていた時期が私にもありました。%K%P
――そう思っていた時期が私にもありました。%K%P
%LC陽菜
%LC陽菜
「頼むから、変な気は起こさないでね」%K%P
「頼むから、変な気は起こさないでね」%K%P
股間に向かって、思わず声を掛けてしまう。%K%P
股間に向かって、思わず声を掛けてしまう。%K%P
オレのフィエルテは、股間の膨らみを誤魔化すため、\nチャイナドレス風の短い前垂れがついている。%K%P
オレのフィエルテは、股間の膨らみを誤魔化すため、\nチャイナドレス風の短い前垂れがついている。%K%P
けど、完全に勃起してしまったら、\nさすがに隠し通せない。%K%P
けど、完全に勃起してしまったら、\nさすがに隠し通せない。%K%P
だから、勃起ダメ、絶対。%K%P
だから、勃起ダメ、絶対。%K%P
%LC陽菜
%LC陽菜
「にしても、遅いな……」%K%P
「にしても、遅いな……」%K%P
いつもなら、とっくに来てるはずなのに――、%K%P
いつもなら、とっくに来てるはずなのに――、%K%P
%LC杏奈
%LC杏奈
%XS21「陽菜ちゃぁんっ！」%XE%K%P
%XS21「陽菜ちゃぁんっ！」%XE%K%P
%LC陽菜
%LC陽菜
「あっ、おはよう。杏奈ちゃ――」%K%P
「あっ、おはよう。杏奈ちゃ――」%K%P
%LC杏奈
%LC杏奈
「うぇぇぇえええんっ、\n　陽菜ちゃん陽菜ちゃん陽菜ちゃぁぁんっ！！」%K%P
「うぇぇぇえええんっ、\n　陽菜ちゃん陽菜ちゃん陽菜ちゃぁぁんっ！！」%K%P
%LC陽菜
%LC陽菜
「おおっとっ？！」%K%P
「おおっとっ？！」%K%P
トレーニングルームに入ってくるやいなや、\n全力疾走からの見事な飛びつき。%K%P
トレーニングルームに入ってくるやいなや、\n全力疾走からの見事な飛びつき。%K%P
咄嗟に受け止めたけど、\n勢いに押されて、思わず数歩後ずさってしまう。%K%P
咄嗟に受け止めたけど、\n勢いに押されて、思わず数歩後ずさってしまう。%K%P
%LC陽菜
%LC陽菜
「びっくりした……。\n　どうしたの？　いったい」%K%P
「びっくりした……。\n　どうしたの？　いったい」%K%P
%LC杏奈
%LC杏奈
「うぅ、どうしようっ……。\n　私、すっごいやらかしちゃったっ……」%K%P
「うぅ、どうしようっ……。\n　私、すっごいやらかしちゃったっ……」%K%P
%LC陽菜
%LC陽菜
「やらかし？」%K%P
「やらかし？」%K%P
%LC杏奈
%LC杏奈
「あのね、夕べね、例のツーショット写真、\n　日向くんに送ろうとしたの」%K%P
「あのね、夕べね、例のツーショット写真、\n　日向くんに送ろうとしたの」%K%P
%LC杏奈
%LC杏奈
「でも、その……それだけ送ったら、日向くんが、\n　陽菜ちゃんに惚れちゃうかもって思って」%K%P
「でも、その……それだけ送ったら、日向くんが、\n　陽菜ちゃんに惚れちゃうかもって思って」%K%P
%LC杏奈
%LC杏奈
「それでもう１枚、部屋で自撮りして、\n　一緒に送ろうとしたんだけど――」%K%P
「それでもう１枚、部屋で自撮りして、\n　一緒に送ろうとしたんだけど――」%K%P
%LC杏奈
%LC杏奈
「なんか、変なテンションになっちゃって。\n　えっちなのとか、撮っちゃって……」%K%P
「なんか、変なテンションになっちゃって。\n　えっちなのとか、撮っちゃって……」%K%P
%LC杏奈
%LC杏奈
「でもねでもねっ、消そうとしたのっ！\n　さすがにこれは送れないって自分でも思ったし」%K%P
「でもねでもねっ、消そうとしたのっ！\n　さすがにこれは送れないって自分でも思ったし」%K%P
%LC杏奈
%LC杏奈
「けど、送るとき、操作、間違って……。\n　エッチな自撮りも、一緒に送っちゃって……」%K%P
「けど、送るとき、操作、間違って……。\n　エッチな自撮りも、一緒に送っちゃって……」%K%P
%LC陽菜
%LC陽菜
「なんだ、そういうこと……」%K%P
「なんだ、そういうこと……」%K%P
めちゃエロ自撮りの真相、あっさり判明。%K%P
めちゃエロ自撮りの真相、あっさり判明。%K%P
%LC杏奈
%LC杏奈
「そういうことって、どういうこと？」%K%P
「そういうことって、どういうこと？」%K%P
%LC陽菜
%LC陽菜
「あっ……だってほら、杏奈ちゃん、\n　いきなり抱きついてくるんだもん」%K%P
「あっ……だってほら、杏奈ちゃん、\n　いきなり抱きついてくるんだもん」%K%P
%LC陽菜
%LC陽菜
「わけわかんなくて驚いちゃったけど。\n　理由聞いて、そういう事情だったんだなって」%K%P
「わけわかんなくて驚いちゃったけど。\n　理由聞いて、そういう事情だったんだなって」%K%P
%LC杏奈
%LC杏奈
「あうっ……。ごめんね、\n　朝っぱらからいきなり抱きついて」%K%P
「あうっ……。ごめんね、\n　朝っぱらからいきなり抱きついて」%K%P
%LC杏奈
%LC杏奈
「けど私、夕べ、ほんとテンパっちゃって。\n　それで結局、一睡もできなくて……」%K%P
「けど私、夕べ、ほんとテンパっちゃって。\n　それで結局、一睡もできなくて……」%K%P
%LC陽菜
%LC陽菜
「一睡も――」%K%P
「一睡も――」%K%P
いきなりのエロ自撮りに大混乱して、\nオレが眠れない夜を過ごしていたとき。%K%P
いきなりのエロ自撮りに大混乱して、\nオレが眠れない夜を過ごしていたとき。%K%P
杏奈ちゃんも同じように、\n眠れぬ夜を過ごしていただなんて――、%K%P
杏奈ちゃんも同じように、\n眠れぬ夜を過ごしていただなんて――、%K%P
%LC陽菜
%LC陽菜
「ぷっ……くっ、ふふっ」%K%P
「ぷっ……くっ、ふふっ」%K%P
%LC杏奈
%LC杏奈
「ああっ？！　ひどいよ陽菜ちゃんっ、\n　笑うなんてっ！」%K%P
「ああっ？！　ひどいよ陽菜ちゃんっ、\n　笑うなんてっ！」%K%P
%LC陽菜
%LC陽菜
「ごっ、ごめんっ。これは別に、\n　杏奈ちゃんを笑ったわけじゃなくて」%K%P
「ごっ、ごめんっ。これは別に、\n　杏奈ちゃんを笑ったわけじゃなくて」%K%P
%LC陽菜
%LC陽菜
「なんていうか、その……ふふっ」%K%P
「なんていうか、その……ふふっ」%K%P
%LC杏奈
%LC杏奈
「うううっ……！　陽菜ちゃんのいじわるぅっ」%K%P
「うううっ……！　陽菜ちゃんのいじわるぅっ」%K%P
しがみつくオレの背中をぽかぽか叩きつつ、\n杏奈ちゃんが拗ねた声を響かせる。%K%P
しがみつくオレの背中をぽかぽか叩きつつ、\n杏奈ちゃんが拗ねた声を響かせる。%K%P
笑っちゃったのは申し訳ないけど、\nでも、どうしても耐えられなかった。%K%P
笑っちゃったのは申し訳ないけど、\nでも、どうしても耐えられなかった。%K%P
あの自撮り写真が誤送信だとわかった瞬間、\nびっくりするぐらい安堵した、自分自身に。%K%P
あの自撮り写真が誤送信だとわかった瞬間、\nびっくりするぐらい安堵した、自分自身に。%K%P
%LC杏奈
%LC杏奈
「でも、どうしよう……。\n　どうしたらいいと思う？」%K%P
「でも、どうしよう……。\n　どうしたらいいと思う？」%K%P
%LC陽菜
%LC陽菜
「誤送信でしたって、素直に言ったら？」%K%P
「誤送信でしたって、素直に言ったら？」%K%P
%LC杏奈
%LC杏奈
「無理っ。それだと私、エロ自撮りが趣味の\n　ドスケベってことになっちゃうもんっ」%K%P
「無理っ。それだと私、エロ自撮りが趣味の\n　ドスケベってことになっちゃうもんっ」%K%P
%LC陽菜
%LC陽菜
「ドスケベって」%K%P
「ドスケベって」%K%P
%LC杏奈
%LC杏奈
「だってそうでしょ？」%K%P
「だってそうでしょ？」%K%P
%LC杏奈
%LC杏奈
「日向くんに好きだって告白してたんなら、\n　気を引くため、とか言い訳できるけど――」%K%P
「日向くんに好きだって告白してたんなら、\n　気を引くため、とか言い訳できるけど――」%K%P
%LC杏奈
%LC杏奈
「そういうのなしにエロ自撮り撮ってたとか、\n　そんなの痴女だよっ、ビッチだよぉっ」%K%P
「そういうのなしにエロ自撮り撮ってたとか、\n　そんなの痴女だよっ、ビッチだよぉっ」%K%P
%LC陽菜
%LC陽菜
「どうどう、落ち着いて。ちゃんと伝えれば、\n　日向くんもきっとわかってくれるよ」%K%P
「どうどう、落ち着いて。ちゃんと伝えれば、\n　日向くんもきっとわかってくれるよ」%K%P
%LC杏奈
%LC杏奈
「それは……私も、そう思いたいけど……」%K%P
「それは……私も、そう思いたいけど……」%K%P
%LC杏奈
%LC杏奈
「夕べ、間違って画像送ったあと、\n　すぐに既読ついたけど、返事なかったし……」%K%P
「夕べ、間違って画像送ったあと、\n　すぐに既読ついたけど、返事なかったし……」%K%P
%LC杏奈
%LC杏奈
「私、呆れられちゃったかも……」%K%P
「私、呆れられちゃったかも……」%K%P
そうだった……。昨日はスマホを手放して、\nそのまま布団の中に潜っちゃったんだった……。%K%P
そうだった……。昨日はスマホを手放して、\nそのまま布団の中に潜っちゃったんだった……。%K%P
%LC杏奈
%LC杏奈
「うぅ、どうしよう、陽菜ちゃん」%K%P
「うぅ、どうしよう、陽菜ちゃん」%K%P
%LC陽菜
%LC陽菜
「えっと――」%K%P
「えっと――」%K%P
%LC陽菜
%LC陽菜
「……なら、感想を聞いてみたら？」%K%P
「……なら、感想を聞いてみたら？」%K%P
%LC杏奈
%LC杏奈
「感想？」%K%P
「感想？」%K%P
%LC陽菜
%LC陽菜
「例えば、ドキドキした？　とか。\n　大人っぽくなったでしょー？　とか」%K%P
「例えば、ドキドキした？　とか。\n　大人っぽくなったでしょー？　とか」%K%P
%LC陽菜
%LC陽菜
「そういうふうに聞けば、\n　向こうも返事しやすいんじゃない？」%K%P
「そういうふうに聞けば、\n　向こうも返事しやすいんじゃない？」%K%P
%LC陽菜
%LC陽菜
「いきなりえっちな自撮りが送られてきて、\n　反応に困っちゃってるだけかもしれないし」%K%P
「いきなりえっちな自撮りが送られてきて、\n　反応に困っちゃってるだけかもしれないし」%K%P
%LC杏奈
%LC杏奈
「あ……」%K%P
「あ……」%K%P
%LC杏奈
%LC杏奈
「……それなら、できるかも」%K%P
「……それなら、できるかも」%K%P
%LC陽菜
%LC陽菜
「おっ、採用？」%K%P
「おっ、採用？」%K%P
%LC杏奈
%LC杏奈
「うんっ。採用っ！」%K%P
「うんっ。採用っ！」%K%P
%LC杏奈
%LC杏奈
「あとでさっそくメッセージ送ってみる。\n　ドキドキしたー？　って」%K%P
「あとでさっそくメッセージ送ってみる。\n　ドキドキしたー？　って」%K%P
%LC陽菜
%LC陽菜
「うんうん。あんな自撮り見せられたら、\n　男の子なら絶対にドキドキしちゃうと思うし」%K%P
「うんうん。あんな自撮り見せられたら、\n　男の子なら絶対にドキドキしちゃうと思うし」%K%P
%LC杏奈
%LC杏奈
「あんなって……陽菜ちゃん、\n　私の自撮りがどんなのかわかるの？」%K%P
「あんなって……陽菜ちゃん、\n　私の自撮りがどんなのかわかるの？」%K%P
あっ……。%K%P
あっ……。%K%P
%LC杏奈
%LC杏奈
「ひょっとして陽菜ちゃん、私のこと、\n　ドスケベエロビッチだって思ってるっ……？！」%K%P
「ひょっとして陽菜ちゃん、私のこと、\n　ドスケベエロビッチだって思ってるっ……？！」%K%P
%LC陽菜
%LC陽菜
「思ってない思ってないっ！」%K%P
「思ってない思ってないっ！」%K%P
%LC陽菜
%LC陽菜
「いまのは、その……そうっ！\n　杏奈ちゃんの自撮りって意味だから！」%K%P
「いまのは、その……そうっ！\n　杏奈ちゃんの自撮りって意味だから！」%K%P
%LC陽菜
%LC陽菜
「杏奈の自撮りで、杏奈自撮りっ！」%K%P
「杏奈の自撮りで、杏奈自撮りっ！」%K%P
%LC杏奈
%LC杏奈
「おおっ、なるほど」%K%P
「おおっ、なるほど」%K%P
ほっ……。\n杏奈ちゃんが杏奈って名前で助かった……。%K%P
ほっ……。\n杏奈ちゃんが杏奈って名前で助かった……。%K%P
%LC杏奈
%LC杏奈
「ありがと、陽菜ちゃん。\n　朝から変な相談に乗ってくれて」%K%P
「ありがと、陽菜ちゃん。\n　朝から変な相談に乗ってくれて」%K%P
%LC陽菜
%LC陽菜
「応援するって約束でしょ」%K%P
「応援するって約束でしょ」%K%P
%LC杏奈
%LC杏奈
「えへへーっ。\n　陽菜ちゃん、だぁいすき……っ」%K%P
「えへへーっ。\n　陽菜ちゃん、だぁいすき……っ」%K%P
%LC陽菜
%LC陽菜
「んッ……」%K%P
「んッ……」%K%P
唐突に耳をくすぐってきた彼女の声が、\n夕べ、妄想した声とリンクして。%K%P
唐突に耳をくすぐってきた彼女の声が、\n夕べ、妄想した声とリンクして。%K%P
その瞬間、思わず身体が前屈み。%K%P
その瞬間、思わず身体が前屈み。%K%P
%LC杏奈
%LC杏奈
「陽菜ちゃん……？　どしたの？」%K%P
「陽菜ちゃん……？　どしたの？」%K%P
%LC陽菜
%LC陽菜
「うっ、ううん、なんでも……」%K%P
「うっ、ううん、なんでも……」%K%P
フィエルテで勃起ダメ、絶対。%K%P
フィエルテで勃起ダメ、絶対。%K%P
%LC陽菜
%LC陽菜
「とりあえず今朝のトレーニングは、\n　軽めのメニューにしておこうか」%K%P
「とりあえず今朝のトレーニングは、\n　軽めのメニューにしておこうか」%K%P
%LC陽菜
%LC陽菜
「あと、放課後は練習お休みで」%K%P
「あと、放課後は練習お休みで」%K%P
%LC杏奈
%LC杏奈
「ええーっ？」%K%P
「ええーっ？」%K%P
%LC陽菜
%LC陽菜
「杏奈ちゃん、一睡もしてないんでしょ？\n　なら、ちゃんと休まないと」%K%P
「杏奈ちゃん、一睡もしてないんでしょ？\n　なら、ちゃんと休まないと」%K%P
%LC陽菜
%LC陽菜
「寝不足を引きずったまま勝てるほど、\n　依夜様たちは甘い相手じゃないんだから」%K%P
「寝不足を引きずったまま勝てるほど、\n　依夜様たちは甘い相手じゃないんだから」%K%P
明日は土曜日――依夜様たちと戦う日だ。%K%P
明日は土曜日――依夜様たちと戦う日だ。%K%P
%LC杏奈
%LC杏奈
「ごめんね。こんな大事な時に、私……」%K%P
「ごめんね。こんな大事な時に、私……」%K%P
%LC陽菜
%LC陽菜
「気にしないの。もともと今日の放課後は、\n　トレーニングするつもりなかったし」%K%P
「気にしないの。もともと今日の放課後は、\n　トレーニングするつもりなかったし」%K%P
%LC陽菜
%LC陽菜
「今日はしっかり休んで、明日に備えること」%K%P
「今日はしっかり休んで、明日に備えること」%K%P
%LC杏奈
%LC杏奈
「……ん、わかった。ちゃんと休む」%K%P
「……ん、わかった。ちゃんと休む」%K%P
%LC陽菜
%LC陽菜
「うん、いい子。よしよし」%K%P
「うん、いい子。よしよし」%K%P
%LC杏奈
%LC杏奈
「わはっ……えへへー」%K%P
「わはっ……えへへー」%K%P
なんとなく頭を撫でると、\n杏奈ちゃんが嬉しそうに笑う。%K%P
なんとなく頭を撫でると、\n杏奈ちゃんが嬉しそうに笑う。%K%P
面倒見が良くて、気を配れて、\n見た目も中身もしっかり大人なのに。%K%P
面倒見が良くて、気を配れて、\n見た目も中身もしっかり大人なのに。%K%P
ふとしたときに見せる笑顔や反応は、\nこんなにも純粋で、子供っぽくて。%K%P
ふとしたときに見せる笑顔や反応は、\nこんなにも純粋で、子供っぽくて。%K%P
――どうしよう。どんどん、好きになる。%K%P
――どうしよう。どんどん、好きになる。%K%P
その夜、日向のスマホに、\n杏奈ちゃんからメッセージが届いた。%K%P
その夜、日向のスマホに、\n杏奈ちゃんからメッセージが届いた。%K%P
『昨日の自撮り、びっくりした？\n　私、ちゃんと大人っぽくなったでしょ？』%K%P
『昨日の自撮り、びっくりした？\n　私、ちゃんと大人っぽくなったでしょ？』%K%P
『アレ、日向くんだから見せたんだよ？\n　ドキドキしてくれてたら嬉しいな』%K%P
『アレ、日向くんだから見せたんだよ？\n　ドキドキしてくれてたら嬉しいな』%K%P
%LC陽菜
%LC陽菜
「『ドキドキしすぎて大変だったよ』……っと」%K%P
「『ドキドキしすぎて大変だったよ』……っと」%K%P
丸一日、停止していたチャットのログが、\n彼女の言葉を切っ掛けに再び動く。%K%P
丸一日、停止していたチャットのログが、\n彼女の言葉を切っ掛けに再び動く。%K%P
それから杏奈ちゃんは、自撮りと一緒に送信した\nツーショット写真の女の子のことを教えてくれた。%K%P
それから杏奈ちゃんは、自撮りと一緒に送信した\nツーショット写真の女の子のことを教えてくれた。%K%P
それってつまりは、オレのことで。%K%P
それってつまりは、オレのことで。%K%P
すごく可愛いとか、とにかく強いとか、\nベタ褒めしまくるので反応に困ってしまったけど。%K%P
すごく可愛いとか、とにかく強いとか、\nベタ褒めしまくるので反応に困ってしまったけど。%K%P
それからチャットは雑談モードになって、\nちょっと話したあと、不意に、杏奈ちゃんが一言。%K%P
それからチャットは雑談モードになって、\nちょっと話したあと、不意に、杏奈ちゃんが一言。%K%P
『通話してもいい？』%K%P
『通話してもいい？』%K%P
たぶん、ずっとタイミングを図っていた言葉。%K%P
たぶん、ずっとタイミングを図っていた言葉。%K%P
どうして通話したいのか、\nその理由は、聞かなくてもわかった。%K%P
どうして通話したいのか、\nその理由は、聞かなくてもわかった。%K%P
だから、『こっちからかけるね』って、\nすぐにレスポンスを返して。%K%P
だから、『こっちからかけるね』って、\nすぐにレスポンスを返して。%K%P
%LC陽菜
%LC陽菜
「すぅ……はぁ……」%K%P
「すぅ……はぁ……」%K%P
深呼吸のあと、通話アイコンをタップ。%K%P
深呼吸のあと、通話アイコンをタップ。%K%P
%LC日向
%LC日向
「もしもし？」%K%P
「もしもし？」%K%P
%LC杏奈
%LC杏奈
「こっ、こんばんは、日向くん。\n　ごめんね、こんな時間に」%K%P
「こっ、こんばんは、日向くん。\n　ごめんね、こんな時間に」%K%P
%LC日向
%LC日向
「あとは寝るだけだったし。\n　それよりどうしたの？」%K%P
「あとは寝るだけだったし。\n　それよりどうしたの？」%K%P
%LC杏奈
%LC杏奈
「あっ……その、実は、えっと……」%K%P
「あっ……その、実は、えっと……」%K%P
%LC杏奈
%LC杏奈
「……私の自撮り見て、ホントに興奮した？」%K%P
「……私の自撮り見て、ホントに興奮した？」%K%P
%LC日向
%LC日向
「なっ――」%K%P
「なっ――」%K%P
えっ、そっち……？！　%K%P
えっ、そっち……？！　%K%P
オレはてっきり、明日のことで、\nなにか話がしたいんだとばかり――、%K%P
オレはてっきり、明日のことで、\nなにか話がしたいんだとばかり――、%K%P
%LC日向
%LC日向
「うっ、うん。……興奮、した」%K%P
「うっ、うん。……興奮、した」%K%P
%LC杏奈
%LC杏奈
「そ、そっかそっか……。\n　興奮したんだ……えへへ」%K%P
「そ、そっかそっか……。\n　興奮したんだ……えへへ」%K%P
正直に答えたら、彼女の声が喜色に染まる。%K%P
正直に答えたら、彼女の声が喜色に染まる。%K%P
興奮したって回答に喜ばれると、\nなんか、妙にむずむずする。%K%P
興奮したって回答に喜ばれると、\nなんか、妙にむずむずする。%K%P
%LC日向
%LC日向
「それを直接聞くために、わざわざ通話を？」%K%P
「それを直接聞くために、わざわざ通話を？」%K%P
%LC杏奈
%LC杏奈
「そういうわけでも、ないんだけど」%K%P
「そういうわけでも、ないんだけど」%K%P
%LC日向
%LC日向
「本題が別にあるってこと？」%K%P
「本題が別にあるってこと？」%K%P
%LC杏奈
%LC杏奈
「う、うん」%K%P
「う、うん」%K%P
%LC杏奈
%LC杏奈
「その、あのね？　えっと……」%K%P
「その、あのね？　えっと……」%K%P
%LC杏奈
%LC杏奈
「その……」%K%P
「その……」%K%P
――やっぱり、明日のことを話したいっぽい。%K%P
――やっぱり、明日のことを話したいっぽい。%K%P
なら、ここはこっちから。%K%P
なら、ここはこっちから。%K%P
%LC日向
%LC日向
「明日、試合があるんだよね？\n　この前教えてくれた、{舞闘:カデンツァ}の」%K%P
「明日、試合があるんだよね？\n　この前教えてくれた、{舞闘:カデンツァ}の」%K%P
%LC杏奈
%LC杏奈
「えっ……な、なんで知ってるのっ？！\n　超能力っ？！」%K%P
「えっ……な、なんで知ってるのっ？！\n　超能力っ？！」%K%P
%LC日向
%LC日向
「違うよ。姉さんから聞いて、それで」%K%P
「違うよ。姉さんから聞いて、それで」%K%P
%LC杏奈
%LC杏奈
「なんだ、びっくりした……」%K%P
「なんだ、びっくりした……」%K%P
もちろん、姉さんから聞くまでもなく、\n陽菜として知っていることなんだけど。%K%P
もちろん、姉さんから聞くまでもなく、\n陽菜として知っていることなんだけど。%K%P
%LC杏奈
%LC杏奈
「あのね、通話、お願いしたのは、\n　日向くんの声、聞きたかったからなんだ」%K%P
「あのね、通話、お願いしたのは、\n　日向くんの声、聞きたかったからなんだ」%K%P
%LC杏奈
%LC杏奈
「その……頑張れって、言って欲しくて」%K%P
「その……頑張れって、言って欲しくて」%K%P
%LC杏奈
%LC杏奈
「明日の試合に勝つと、前に言った銀蘭祭で、\n　大きなイベントに出られるんだけど……」%K%P
「明日の試合に勝つと、前に言った銀蘭祭で、\n　大きなイベントに出られるんだけど……」%K%P
%LC杏奈
%LC杏奈
「私、それを日向くんに見て欲しいの」%K%P
「私、それを日向くんに見て欲しいの」%K%P
%LC杏奈
%LC杏奈
「だから、その……」%K%P
「だから、その……」%K%P
%LC日向
%LC日向
「頑張れ、杏奈ちゃん」%K%P
「頑張れ、杏奈ちゃん」%K%P
%LC杏奈
%LC杏奈
「あっ――」%K%P
「あっ――」%K%P
%LC杏奈
%LC杏奈
「うんっ！　頑張るっ、超頑張るっ！」%K%P
「うんっ！　頑張るっ、超頑張るっ！」%K%P
%LC杏奈
%LC杏奈
「ありがと日向くんっ！\n　いまので私、フルチャージだよっ」%K%P
「ありがと日向くんっ！\n　いまので私、フルチャージだよっ」%K%P
%LC杏奈
%LC杏奈
「私、めっちゃ頑張るからっ！\n　で、明日またこの時間に、連絡するから」%K%P
「私、めっちゃ頑張るからっ！\n　で、明日またこの時間に、連絡するから」%K%P
%LC杏奈
%LC杏奈
「楽しみに待っててね、日向くんっ！」%K%P
「楽しみに待っててね、日向くんっ！」%K%P
たった一言で、元気に満ちあふれる杏奈ちゃん。%K%P
たった一言で、元気に満ちあふれる杏奈ちゃん。%K%P
その声に、こっちまで元気になってしまう。%K%P
その声に、こっちまで元気になってしまう。%K%P
――明日は、一緒に頑張ろうね。%K%P
――明日は、一緒に頑張ろうね。%K%P
昨日は一睡も出来なかったけど、\n今日はぐっすり眠れそうだ。%K%P
昨日は一睡も出来なかったけど、\n今日はぐっすり眠れそうだ。%K%P
