――週明け、月曜日。%K%P
——新的一周，星期一。%K%P
ニナさんの予告通り、その日の朝礼では、\n{連弾:デュオ}{舞闘:カデンツァ}のエンゲージ投票が行われた。%K%P
正如妮娜姐预告的那样，在这天的早会上，\n举行了{协力:二重奏}{舞斗:华彩乐}的"订婚"投票。%K%P
もちろん、オレは杏奈ちゃんに投票した。%K%P
当然，我投给了杏奈酱。%K%P
で、他の{騎士:ワルキュリア}たちも投票した結果――、%K%P
然后，其他骑士的投票结果是——%K%P
%LCニナ
%LC妮娜
「わはっ、これはすごいっ……！\n　とんでもないことになっちゃったっ！」%K%P
「哇哈，这太厉害了……！\n　发生了不得了的事呢！」%K%P
エンゲージ結果を発表していたニナさんの声が、\n自然と熱を帯びる。%K%P
妮娜姐公布了"订婚"的结果，\n声音自然地带着热情。%K%P
それもそのはず――、%K%P
毕竟确实很炸裂——%K%P
%LCニナ
%LC妮娜
「なんとなんと、依夜ちゃんとクレール、\n　{最優秀騎士:ブリランテ}ペアの誕生ですっ！」%K%P
「竟然竟然！依夜酱和克莱尔一组！\n　{至高骑士:Brillante}组合诞生了！」%K%P
ニナさんの声に、ホールがわあっと沸き立つ。%K%P
妮娜姐的话，让大厅里沸腾起来了。%K%P
歓声に応えるように会釈をする依夜様と、\n控えめに、だけどにこにこ手を振るクレール様。%K%P
依夜大人点头回应着大家的欢呼，\n克莱尔大人则微笑着向大家挥手。%K%P
テスト{舞闘:カデンツァ}で鮮烈な戦いを見せた二人が、\nまさかまさかのエンゲージ。%K%P
在{舞斗:华彩乐}测试中激烈战斗的两人，\n竟然选择"订婚"。%K%P
これはもう、文句なしの優勝候補筆頭だ。%K%P
毫无疑问，已然是头号冠军候选人了。%K%P
%LC美実
%LC美实
「いやはや、こうなっちゃうかぁ……」%K%P
「哎呀哎呀，变成这样了吗……」%K%P
%LC梨理
%LC梨理
「相手にとって不足なし」%K%P
「作为对手足够了」%K%P
%LC美実
%LC美实
「もう、この子はホントに……」%K%P
「真是的，你这孩子……」%K%P
%LC小夜
%LC小夜
「すごいね、千波」%K%P
「太棒了吧，千波」%K%P
%LC千波
%LC千波
「うん、わくわくする」%K%P
「嗯，超兴奋」%K%P
%LC小夜
%LC小夜
「ふふっ、私も」%K%P
「呼呼，我也是」%K%P
%LC杏奈
%LC杏奈
「すごいことになっちゃった……」%K%P
「这下真难顶了……」%K%P
%LC陽菜
%LC阳菜
「だね」%K%P
「对的捏」%K%P
%LC杏奈
%LC杏奈
「あれ？　あんまり驚いてない……？」%K%P
「啊咧？　你好像不怎么吃惊……？」%K%P
%LC陽菜
%LC阳菜
「こうなるんじゃないかって、\n　そんな気はしてたから」%K%P
「"会不会变成这样？"，\n　这事我早就想过了」%K%P
小夜さんと千波ちゃんがエンゲージして、\nオレと杏奈ちゃんがエンゲージ。%K%P
小夜酱和千波酱"订婚"，\n我和杏奈酱"订婚"。%K%P
残る４人の組み合わせを考えたとき、\n椋木姉妹がペアを組むって仮定すると――、%K%P
那还剩下四个人要组合，\n我先假设椋木姐妹组成一组——%K%P
必然、この二人がエンゲージすることになる。%K%P
必然，剩下这两位就会"订婚"。%K%P
%LCニナ
%LC妮娜
「じゃあ、エンゲージに続いて、\n　トーナメントの組み合わせ抽選ね」%K%P
「那么，"订婚"完了之后，\n　就是淘汰赛的分组抽签了呢」%K%P
%LCニナ
%LC妮娜
「ひと組ずつ、抽選札を引いてもらうから。\n　ペアのどちらか一人、こちらに来て」%K%P
「每个小组都要抽一张签哦，\n　每组选一个人过来吧」%K%P
%LC千波
%LC千波
「小夜」%K%P
「小夜」%K%P
%LC小夜
%LC小夜
「うん、行ってくる」%K%P
「嗯，我上吧」%K%P
%LC美実
%LC美实
「梨理、行っておいで」%K%P
「梨理，你上去吧」%K%P
%LC梨理
%LC梨理
「えっ、でも」%K%P
「诶，但是」%K%P
%LC美実
%LC美实
「いいから」%K%P
「这样就好」%K%P
%LC依夜
%LC依夜
「クレール、ここはあなたが」%K%P
「克莱尔，这次就你上吧」%K%P
%LCクレール
%LC克莱尔
「依夜ちゃん、じゃんけんしましょ」%K%P
「依夜酱，来猜个拳吧」%K%P
%LC依夜
%LC依夜
「え」%K%P
「诶」%K%P
%LCクレール
%LC克莱尔
「せーの……じゃんけん、ぽんっ」%K%P
「开~始~……石头，剪刀，布——」%K%P
%LC依夜
%LC依夜
「あっ……」%K%P
「啊……」%K%P
%LCクレール
%LC克莱尔
「じゃあ依夜ちゃん、よろしくね」%K%P
「那依夜酱，拜托你了捏」%K%P
%LC杏奈
%LC杏奈
「ここはもちろん、陽菜ちゃんで――」%K%P
「现在肯定就是，阳菜酱你来——」%K%P
%LC陽菜
%LC阳菜
「私たちもじゃんけんしよっか」%K%P
「我们俩也来猜拳吧」%K%P
%LC杏奈
%LC杏奈
「え？」%K%P
「诶？」%K%P
%LC陽菜
%LC阳菜
「いくよ？　じゃんけん――」%K%P
「来了哦？　石头，剪刀——」%K%P
%LC陽菜・杏奈
%LC阳菜・杏奈
「ぽんっ」\n「ぽんっ？！」%K%P
「布！」\n「布？！」%K%P
%LC杏奈
%LC杏奈
「うわ、勝っちゃったっ……？！」%K%P
「呜哇，我赢了……？！」%K%P
%LC陽菜
%LC阳菜
「というわけで、お願い」%K%P
「所以，拜托你啦」%K%P
%LC杏奈
%LC杏奈
「うっ、うん」%K%P
「唔，嗯」%K%P
そうして代表４人が抽選札を引いた結果、\nトーナメントの組み合わせが決まった。%K%P
就这样4名代表通过抽签，\n决定了淘汰赛的分组。%K%P
で、初戦の相手はというと――、%K%P
那么，第一场的对手是——%K%P
%LC杏奈
%LC杏奈
「ほんっとーにごめんっ」%K%P
「真↗的↘很→对不起！！」%K%P
%LC陽菜
%LC阳菜
「もう。さっきから謝ってばっかりだよ？」%K%P
「真是。从刚才开始就一路在道歉哦」%K%P
%LC杏奈
%LC杏奈
「だって、だっていきなりだよっ？」%K%P
「因为，因为手气真的黑哦」%K%P
%LC杏奈
%LC杏奈
「いきなり、ダブル{最優秀騎士:ブリランテ}なんて……」%K%P
「突然，就要和{至高骑士:Brillante}组打……」%K%P
%LC陽菜
%LC阳菜
「けど、抽選ってそういうものでしょ？」%K%P
「不过，抽签不就是这样吗？」%K%P
というわけで、オレたちの初戦の相手は、\n依夜様とクレール様のペアに決まった。%K%P
是这样的，我们抽到的第一个对手组合，\n是依夜大人和克莱尔大人。%K%P
抽選札を引いた杏奈ちゃんは、\n朝礼が終わってから、ずっとこんな調子で。%K%P
抽到这签的杏奈酱，\n早会结束后一直是这个样子了。%K%P
%LC杏奈
%LC杏奈
「はぅ……。どうしよう、\n　あの二人に勝つなんて無理ぃ……」%K%P
「哈呜……怎么办啊， \n　赢不了那两个人的啊……」%K%P
%LC陽菜
%LC阳菜
「やる前から諦めちゃうの？」%K%P
「还没上就退缩了？」%K%P
%LC杏奈
%LC杏奈
「そうじゃない、けど……」%K%P
「这倒不是，但……」%K%P
%LC杏奈
%LC杏奈
「でも、あまりにも\n　現実が非情すぎるっていうか……」%K%P
「但是，这也太……\n　现实也太残酷了吧……」%K%P
%LC陽菜
%LC阳菜
「私の歌、聞きたくない？」%K%P
「我的歌，不想听了嘛？」%K%P
%LC杏奈
%LC杏奈
「う……」%K%P
「呜……」%K%P
%LC陽菜
%LC阳菜
「私の歌を聞くには？　どうするんだっけ？」%K%P
「怎样才能听我唱歌？　知道该怎么做吧？」%K%P
%LC杏奈
%LC杏奈
「{最優秀騎士:ブリランテ}に、なる……」%K%P
「即便，是{至高骑士:Brillante}……」%K%P
%LC陽菜
%LC阳菜
「{最優秀騎士:ブリランテ}になるには？」%K%P
「即便是{至高骑士:Brillante}，然后呢？」%K%P
%LC杏奈
%LC杏奈
「銀蘭祭の{連弾:デュオ}{舞闘:カデンツァ}で優勝……」%K%P
「也要赢下银兰祭的{协力:二重奏}{舞斗:华彩乐}……」%K%P
%LC陽菜
%LC阳菜
「つまり、誰が相手だったとしても、\n　勝たないといけない――でしょ？」%K%P
「也就是，不管对手是谁，\n　都一定要赢——对吧？」%K%P
%LC杏奈
%LC杏奈
「にゅえええ……」%K%P
「喵呜欸欸欸……」%K%P
%LC杏奈
%LC杏奈
「そう考えると、陽菜ちゃんってば、\n　すっごい無茶ぶりしてくれたよね……」%K%P
「这么一想，阳菜酱你啊，\n　真是太无理取闹了……」%K%P
%LC陽菜
%LC阳菜
「そう？」%K%P
「是吗？」%K%P
%LC杏奈
%LC杏奈
「そうだよぉっ。あの３組相手に優勝とか」%K%P
「是的啊！胜过那3组对手什么的……」%K%P
%LC陽菜
%LC阳菜
「私の歌、聞きたくない？」%K%P
「我的歌，不想听了嘛？」%K%P
%LC杏奈
%LC杏奈
%XS21「聞きたいっ！」%XE%K%P
%XS21「想听啦！」%XE%K%P
%LC陽菜
%LC阳菜
「なら、頑張ろ？」%K%P
「那么，加油咯？」%K%P
%LC杏奈
%LC杏奈
「ぐっ……じゃあせめて、ちょっとだけ。\n　鼻歌とか、口笛とか……ね？　聞かせて？」%K%P
「咕……那么至少，稍微表示下，\n　哼歌啦，吹口哨啦……呐？  让我听听嘛」%K%P
%LC陽菜
%LC阳菜
「いいよ。サービスしちゃう」%K%P
「行呀。算是"小服务"吧」%K%P
%LC杏奈
%LC杏奈
「ホントっ？！」%K%P
「真的？！」%K%P
%LC陽菜
%LC阳菜
「初戦に勝てたらね」%K%P
「初战赢了再说捏」%K%P
%LC杏奈
%LC杏奈
「って、初戦の相手依夜様たちだもんっ！\n　あの二人に勝つとかむーりーぃー」%K%P
「啊？！首战的对手是依夜大人她们啊！\n　打败那两个人做~不~到~啊~~~」%K%P
%LC陽菜
%LC阳菜
「杏奈ちゃん、それ無限ループ」%K%P
「杏奈酱，再这样无限循环了都」%K%P
%LC杏奈
%LC杏奈
「うぅ、だってぇ……」%K%P
「呜呜，但是……」%K%P
%LC陽菜
%LC阳菜
「私は勝つ気でいるんだけどな」%K%P
「我是觉得能赢的呢」%K%P
%LC杏奈
%LC杏奈
「自信あるってこと？」%K%P
「这么有自信？」%K%P
%LC陽菜
%LC阳菜
「それは、まだないけど」%K%P
「这个，我也没把握」%K%P
%LC杏奈
%LC杏奈
「はうーっ」%K%P
「哈呜……」%K%P
%LC陽菜
%LC阳菜
「でも、戦うのは週末でしょ？\n　今日を入れて、あと５日もあるんだよ？」%K%P
「不过，是在周末开战吧？\n　算上今天，还有5天哦」%K%P
%LC陽菜
%LC阳菜
「５日っていったら、実技試験の前、\n　杏奈ちゃんをコーチした期間とほぼ同じ――」%K%P
「5天的话，和实战测试前，\n　指导杏奈酱的时间差不多——」%K%P
%LC杏奈
%LC杏奈
「あ……」%K%P
「啊……」%K%P
%LC陽菜
%LC阳菜
「ね？　なんとかなりそうな気がしない？」%K%P
「呐？　不觉得仍有转机吗？」%K%P
%LC杏奈
%LC杏奈
「……また、コーチしてくれる？」%K%P
「……还会，来指导我吗？」%K%P
%LC陽菜
%LC阳菜
「もちろん」%K%P
「那必须的」%K%P
%LC杏奈
%LC杏奈
「朝練だけじゃなくて、放課後も――」%K%P
「不仅是晨练，放学后也一样——」%K%P
%LC陽菜
%LC阳菜
「うん。だから、ね？\n　私と一緒に頑張ってみない？」%K%P
「嗯。所以，呐？\n　和我一起努力吧？」%K%P
%LC杏奈
%LC杏奈
「……うん。私、頑張る」%K%P
「……嗯，我，会努力的」%K%P
%LC杏奈
%LC杏奈
「そもそもあのメンバー相手なら、\n　負けてもともとって感じだし――」%K%P
「本来对战那个组合，\n　都有"已经输了"的感觉了——」%K%P
%LC杏奈
%LC杏奈
「いや、負けたくないけど。\n　陽菜ちゃんの歌、聞きたいし」%K%P
「不，我不想输。\n　阳菜酱的歌，我想要听」%K%P
%LC杏奈
%LC杏奈
「みんな、すっごく強いけど……。\n　でも、陽菜ちゃんと一緒だったら……ね？」%K%P
「大家，都很厉害……\n　但是，和阳菜酱在一起的话……呐？」%K%P
%LC陽菜
%LC阳菜
「うん。私がついてる」%K%P
「嗯。有我在呢」%K%P
%LC杏奈
%LC杏奈
「えへへ……。なんか、\n　やれそうな気がしてきたかも」%K%P
「欸嘿嘿……突然感觉，\n　自己已经来劲儿了」%K%P
%LC杏奈
%LC杏奈
「よぉしっ！　陽菜ちゃんの歌を聞くために、\n　なんとしてもっ、勝つっ！」%K%P
「很好！　为了能听到阳菜酱的歌，\n　无论如何，我都要赢！！」%K%P
%LC杏奈
%LC杏奈
「だから陽菜ちゃん、土曜日の本番まで、\n　めいっぱい、いろんなこと教えて」%K%P
「所以阳菜酱，在周六正式开战之前，\n　请一定，多多指导我」%K%P
%LC陽菜
%LC阳菜
「喜んで」%K%P
「如你所愿」%K%P
%LC杏奈
%LC杏奈
「ってわけで、ごめんっ！\n　出し物の準備、手伝えないかも」%K%P
「所以，对不起！\n　演出的准备，我不能帮忙了」%K%P
%LCクラスメートＡ
%LC同学Ａ
「そこはいまさら……ねぇ？」%K%P
「事到如今……呐？」%K%P
%LCクラスメートＢ
%LC同学Ｂ
「ええ。むしろ、クラスのことは気にせず、\n　お二人は練習に精を出してくださいな」%K%P
「嗯嗯。倒不如说，不要在意班上的事啦，\n　你们两个就努力练习吧」%K%P
%LCクラスメートＣ
%LC同学Ｃ
「銀蘭祭の{舞闘:カデンツァ}に出場する{騎士:ワルキュリア}は、\n　練習最優先ってのが暗黙の了解だからね」%K%P
「对于要在银兰祭{舞斗:华彩乐}出场的{骑士:Valkyria}，\n　练习是最优先的，这懂的都懂」%K%P
銀蘭祭のメインイベント、{舞闘:カデンツァ}と歌劇アリア。%K%P
银兰祭的主要活动，就是{舞斗:华彩乐}和歌剧咏叹调。%K%P
そのふたつを成功させることこそ、\n出場する学生の最優先事項――ってことらしい。%K%P
竭尽全力去完成这两件事，\n才是参赛学生的优先之事。%K%P
%LCクラスメートＡ
%LC同学Ａ
「それに、銀蘭祭に出場する{騎士:ワルキュリア}を\n　サポートできるのって、名誉なことだし」%K%P
「而且，能支持着出战银兰祭的{骑士:Valkyria}，\n　是一件光荣的事哦」%K%P
%LC杏奈
%LC杏奈
「まぁ、そもそも初戦に勝たないと、\n　肝心の銀蘭祭に出られないんだけど……」%K%P
「嘛，如果首战赢不了的话，\n　就不能参加最关键的银兰祭了……」%K%P
%LCクラスメートＡ
%LC同学Ａ
「あ、そっか。二人の初戦の相手って――」%K%P
「啊，这样啊。你们的第一个对手是——」%K%P
%LCクラスメートＣ
%LC同学Ｃ
「ホント、杏奈っちクジ運ないよねぇ」%K%P
「真的是，杏奈酱你脸真黑啊」%K%P
%LC杏奈
%LC杏奈
「はうっ」%K%P
「呜……」%K%P
%LC陽菜
%LC阳菜
「私は、むしろ望むところって感じだけど」%K%P
「我倒是，觉得挺不错的」%K%P
%LC陽菜
%LC阳菜
「私たちが目指すのは優勝だから。\n　全部勝つ以上、誰が相手でも関係ないよ」%K%P
「我们的目标可是冠军啦。\n　只要全部打赢，对手是谁都无所谓哦」%K%P
%LCクラスメートＡ
%LC同学Ａ
「うわ、陽菜ちゃんおっとこまえ……」%K%P
「呜哇，阳菜酱好有男子气概……」%K%P
%LCクラスメートＢ
%LC同学Ｂ
「ええ……。わたくし、\n　いまちょっとキュンときました……」%K%P
「啊啊……我，\n　现在好像恋爱了……」%K%P
%LC杏奈
%LC杏奈
「ねー？　なんか最近の陽菜ちゃん、\n　めっちゃイケメン度増しちゃってて」%K%P
「呐—？　最近的阳菜酱，\n　帅气值增加了好多呢」%K%P
%LC杏奈
%LC杏奈
「そのうち、オレがついてるぜ？　とか言いそう」%K%P
「"身在其中，则奉陪到底"？　就像在说这句台词」%K%P
%LC陽菜
%LC阳菜
「あはは、オレとかないない」%K%P
「啊哈哈，这可和我不沾边呀」%K%P
なんて言いつつ、心の中ではヒヤヒヤしたり。%K%P
我一边说着，一边提心吊胆着。%K%P
オレがついてるぜ！　――とは言わないまでも、\n似たようなことは思ってる、というか告げたばかり。%K%P
"有我（♂）在呢！"——虽然无法说出口，\n但类似的想法，应该传达给了她%K%P
たぶん、先日の一件で幼少期の記憶が蘇って、\nその頃の気持ちにあてられているんだと思う。%K%P
大概，是前几天那事让我想起了小时候的记忆，\n所以才会有那时候的心情吧。%K%P
杏奈ちゃんをからかってた男子を撃退したこと、\n言われるまで完全に忘れちゃってたもんなぁ……。%K%P
"击退"了嘲笑杏奈酱的男孩子的事，\n她不说我早就忘了……%K%P
%LCクラスメートＡ
%LC同学Ａ
「ともかく、出し物のことは気にしないで。\n　こっちはこっちでやっとくから」%K%P
「总之，不用在意演出准备的事了。\n　这边的事就由这边的人来搞」%K%P
%LCクラスメートＢ
%LC同学Ｂ
「ですわね。おふたりは初戦に向け、\n　みっちり鍛錬なさってくださいな」%K%P
「是啊。两位可是要迎接初战呢，\n　请好好锻炼一下呐」%K%P
%LCクラスメートＣ
%LC同学Ｃ
「うちの杏奈をよろしくね、陽菜ちゃん」%K%P
「我家杏奈就拜托你了，阳菜酱」%K%P
%LC杏奈
%LC杏奈
%XS21「だからお母さんかっ」%XE%K%P
%XS21「所以说你是我妈吗」%XE%K%P
というわけで、みんなのご厚意に甘えて、\n放課後はトレーニングルームへ直行。%K%P
所以，我们接受了大家的好意，\n放学后直接去了训练场。%K%P
%LC杏奈
%LC杏奈
「わはっ、誰もいない。\n　貸し切り貸し切りっ」%K%P
「啊哈，一个人都没有。\n　包场了包场了。」%K%P
%LC陽菜
%LC阳菜
「はしゃいでないでストレッチするよ」%K%P
「别闹腾了，该做伸展运动了哦」%K%P
%LC杏奈
%LC杏奈
「うんっ」%K%P
「嗯」%K%P
銀蘭祭が行われるのは、来週末の土曜と日曜。%K%P
银兰祭将在下周的周六和周日举行。%K%P
それまでの間は、銀蘭祭に出場する{騎士:ワルキュリア}のため、\nトレーニングルームは空けておく決まり――、%K%P
在那之前，为了方便出战银兰祭的{骑士:Valkyria}们，\n学院决定空出训练场。%K%P
というのは建前で、みんな銀蘭祭の準備で忙しく、\n練習してる暇がないってのが実際のところらしい。%K%P
不过这只是表面上的理由，实际上，\n大家都忙着准备银兰祭，根本没有时间练习。%K%P
%LC杏奈
%LC杏奈
「ふぅ、はぁ……陽菜ちゃん、\n　スパルタすぎぃ……」%K%P
「呼……呼，哈啊……阳菜酱你，\n　太斯巴达了吧……」%K%P
%LC陽菜
%LC阳菜
「でも、以前の杏奈ちゃんだったら\n　もっと早くヘバってたと思う」%K%P
「但是，如果是以前的杏奈酱，\n　应该早就溃败了吧」%K%P
%LC陽菜
%LC阳菜
「前よりスタミナついてきたんじゃない？\n　だから、もうちょっとだけ頑張ろ？」%K%P
「是不是比以前更有耐力了？\n　所以，再努力一下吧？」%K%P
%LC杏奈
%LC杏奈
「んもうっ、ほんっと陽菜ちゃんてば、\n　褒め上手なんだからぁっ」%K%P
「真是的，阳菜你呀，\n　真的很会夸人呢」%K%P
%LC杏奈
%LC杏奈
「はぁ、はぁ……もう、だめぇ……」%K%P
「哈啊，哈啊……真的，不行了……」%K%P
%LC陽菜
%LC阳菜
「うん。ちょっと休憩しよっか」%K%P
「嗯。稍微休息一下吧」%K%P
%LC杏奈
%LC杏奈
「ふえぇー……」%K%P
「呼诶诶……」%K%P
休憩と聞き、杏奈ちゃんがごろんと大の字に。%K%P
听到能休息了，杏奈酱"咚"一声躺下，\n摆了个"大"字姿势%K%P
%LC杏奈
%LC杏奈
「けど、私たち以外、誰もこないね」%K%P
「不过，除了我们，谁也没有来呢」%K%P
%LC陽菜
%LC阳菜
「身体を動かすばかりが、\n　トレーニングってわけでもないし」%K%P
「也不是只有活动身体才是训练」%K%P
%LC杏奈
%LC杏奈
「そうなの？」%K%P
「这样吗？」%K%P
%LC陽菜
%LC阳菜
「戦略を練ったりしてるのかも。\n　{連弾:デュオ}{舞闘:カデンツァ}って初めての試みでしょ？」%K%P
「也许是在制定战略。\n　毕竟是第一次尝试{协力:二重奏}{舞斗:华彩乐}吧？」%K%P
%LC杏奈
%LC杏奈
「あっ、そっか……。プリモとセコンド、\n　どっちがどっちやるかとか、決めないとだし」%K%P
「啊，这样啊……谁右翼（primo）谁左翼（secondo），\n　到底谁负责哪个，不决定的话……」\n（二重奏里右翼人叫“Primo”，左翼人叫“Secondo”）%K%P
%LC陽菜
%LC阳菜
「そうそう」%K%P
「对的对的」%K%P
杏奈ちゃんが言ったプリモとセコンドとは、\n{連弾:デュオ}{舞闘:カデンツァ}における役割のことだ。%K%P
杏奈所说的右翼和左翼，\n是指{协力:二重奏}{舞斗:华彩乐}中的定位。%K%P
『相手の鎧を砕いた騎士の勝ち』――それが、\n{舞闘:カデンツァ}における、シンプルな勝利条件。%K%P
『击碎对方铠甲的骑士胜利』——\n这是{舞斗:华彩乐}中最简单的胜利条件。%K%P
けど、{連弾:デュオ}は違う。%K%P
但是，在{协力:二重奏}中不一样。%K%P
ペアのうち、片方の{騎士:ワルキュリア}は、\n胸に『{飾緒:しょくしょ}』と呼ばれる飾り紐をつける。%K%P
一个组里，会在一位{骑士:Valkyria}的胸前，\n系上被称为『{"饰带":领导之证}』的装饰绳。%K%P
この紐が断たれた時点で、そのペアは敗北する。%K%P
当这条绳子断了的时候，那一组就败北了。%K%P
鎧なら、剣がかすったぐらいじゃ壊れないけど、\n飾緒は文字通り紐だから、すごく脆い。%K%P
铠甲的话，剑擦一下是不会破碎的，\n但是"饰带"就像字面意思一样是绳子，所以非常脆弱。%K%P
それこそ、刃が触れただけで切れてしまう。%K%P
这意味着，只要刀刃一碰就会断掉。%K%P
自分たちの飾緒を守りつつ、\nいかにして相手の飾緒を断つか――。%K%P
在保护自己的"饰带"时，\n如何斩断对方的"饰带"呢——%K%P
それが、２対２のチーム戦をするにあたって、\nニナさんと姉さんが考えて導入したルールだった。%K%P
那是在进行2对2团队比赛的时候，\n妮娜姐和姐姐考虑后加的规则。%K%P
で、その飾緒をつける{騎士:ワルキュリア}をプリモ。\nもうひとりのことをセコンドと呼ぶ。%K%P
于是，戴着"饰带"的{骑士:Valkyria}被称为右翼（primo）。\n另一个人则称为左翼（secondo）。%K%P
このネーミングは、\nピアノの連弾から来ているそうだ。%K%P
据说这两个名字，\n出自于钢琴的二重奏。%K%P
{連弾:デュオ}{舞闘:カデンツァ}という名称自体、それが由来だと、\n名付け親であるニナさんが言っていた。%K%P
{协力:二重奏}{舞斗:华彩乐}这个名称本身，就是来源于此。\n负责命名的妮娜姐谈起过。%K%P
音楽用語をよく採用するのは、ニナさんの趣味――、\nではなく、アリアンロッドからの伝統らしい。%K%P
经常使用音乐用语，倒也不是妮娜姐的爱好，\n而是阿莉娅-罗德一直以来的传统。%K%P
言われてみれば{最優秀騎士:ブリランテ}って言葉自体、\n『華やかに、輝かしく』って音楽用語なんだよね。%K%P
话说回来，{至高骑士:Brillante}（brillante）这个词，\n本身就是用来形容『华丽且灿烂』的音乐用语。%K%P
%LC杏奈
%LC杏奈
「陽菜ちゃんは、依夜様とクレール様、\n　どっちがプリモだと思う？」%K%P
「阳菜酱你觉得，依夜大人和克莱尔大人，\n　谁会是右翼呢？」%K%P
%LC陽菜
%LC阳菜
「どっちもある……というか、\n　今朝みたいにじゃんけんで決めそう」%K%P
「谁会是……怎么说呢，\n　大概像今天早上一样猜拳决定吧」%K%P
%LCクレール
%LC克莱尔
「ふふっ、ご名答っ。\n　まさにじゃんけんで決めるつもり」%K%P
「呼呼，答得很好。\n　就是通过猜拳决定哦」%K%P
%LC陽菜
%LC阳菜
「って……クレール様」%K%P
「额……克莱尔大人」%K%P
%LC依夜
%LC依夜
「ごきげんよう。杏奈、陽菜」%K%P
「贵安。杏奈，阳菜」%K%P
%LC杏奈
%LC杏奈
「依夜様もっ？！」%K%P
「依夜大人也在？！」%K%P
%LC陽菜
%LC阳菜
「ご一緒ってことは、今から練習ですか？」%K%P
「两位一起来，是现在来练习的吗？」%K%P
%LCクレール
%LC克莱尔
「うん。本当はもう少し早く、\n　こちらにくるつもりだったんだけど」%K%P
「嗯。其实我们原本打算，\n　再早一点来这里的」%K%P
%LCクレール
%LC克莱尔
「ノーブルとセンシブルだと、\n　なかなか都合を合わせられなくて」%K%P
「在诺博尔和圣森博尔的话，\n　咱俩很难来配合着练」%K%P
%LC杏奈
%LC杏奈
「あー……。学科が違うと大変ですもんね」%K%P
「啊……学科不同可太难了捏」%K%P
杏奈ちゃんがしみじみ頷いたのは、\n両学科を経験していればこそだろう。%K%P
杏奈酱深有感触地点了点头，\n或许是因为她有在两个学科学习的经历吧。%K%P
%LC依夜
%LC依夜
「ふたりも練習？」%K%P
「你们俩也在练习？」%K%P
%LC陽菜
%LC阳菜
「はい。いまは、ちょっと休憩していて」%K%P
「是。现在的话，在稍作休息」%K%P
%LC依夜
%LC依夜
「なら、よければあとで一緒にどう？」%K%P
「那么，可以的话待会一起怎么样？」%K%P
%LC杏奈
%LC杏奈
「えっ、でも」%K%P
「诶，但是」%K%P
%LCクレール
%LC克莱尔
「戦う相手に手の内は見せれない？」%K%P
「不能让对手看到底牌？」%K%P
%LC杏奈
%LC杏奈
「ちっ、違います違いますっ。\n　そもそも見せる手の内もないですしっ」%K%P
「不，不是啦不是啦。\n　咱本来就没有什么可展示的底牌」%K%P
%LC杏奈
%LC杏奈
「というか、戦う予定の相手と、\n　一緒に練習だなんて……いいのかなって」%K%P
「或者说，和准备对战的对手，\n　一起练习什么的……可以吗」%K%P
%LC依夜
%LC依夜
「おかしなことはないと思うけれど」%K%P
「我觉得没什么奇怪的」%K%P
%LCクレール
%LC克莱尔
「そうそう。そんなこといってたら、\n　誰とも練習出来なくなっちゃうでしょ？」%K%P
「对呀对呀。那样说的话，\n　不就不能和他人一起练习了吗？」%K%P
%LCクレール
%LC克莱尔
「それに、みんなで練習したほうが楽しいし」%K%P
「而且，大家一起练习会更开心哦」%K%P
にこっと笑うクレール様と、\nいつもどおり自然体な依夜様。%K%P
克莱尔大人微笑着，\n依夜大人一脸自然。%K%P
一方、杏奈ちゃんはかなり恐縮気味で。%K%P
倒是这边，杏奈酱看起来很惶恐。%K%P
%LC杏奈
%LC杏奈
「ねえねえ、いいのかな……？」%K%P
「呐呐，可以吗……？」%K%P
%LC陽菜
%LC阳菜
「いいんじゃない？\n　せっかくのお誘いなんだし」%K%P
「不是挺好的吗？\n　这可是难得的邀请呢」%K%P
%LC陽菜
%LC阳菜
「それに、私もクレール様に興味あるし」%K%P
「而且，我也对克莱尔大人很感兴趣」%K%P
%LC杏奈
%LC杏奈
「興味って――」%K%P
「感兴趣是——」%K%P
%LC杏奈
%LC杏奈
「……陽菜ちゃんのえっち」%K%P
「……阳菜真H」%K%P
%LC陽菜
%LC阳菜
「えっ……？！　な、なんでそうなるのっ？」%K%P
「诶……？！　为，为什么这么说？」%K%P
%LC杏奈
%LC杏奈
「なんか、なんとなく。\n　おっぱい見ながら言ったし」%K%P
「总觉得，我很肯定。\n　你是一边看着胸部一边说的」%K%P
%LC陽菜
%LC阳菜
「違うからっ」%K%P
「才不是这样啦」%K%P
%LCクレール
%LC克莱尔
「違うの？」%K%P
「不是吗？」%K%P
%LC陽菜
%LC阳菜
「違いますっ」%K%P
「真的不是」%K%P
%LC陽菜
%LC阳菜
「だってほら、前にみんなで練習したときは、\n　クレール様が{最優秀騎士:ブリランテ}だってわかる前で」%K%P
「因为你看，之前大家一起练习的时候，\n　是在知道你是{至高骑士:Brillante}之前」%K%P
%LC陽菜
%LC阳菜
「だから、どんな練習するんだろうって、\n　そういう意味での興味あるってことでっ……！」%K%P
「所以，你的训练是怎样的呢？\n　是说对这个感兴趣的啦……！」%K%P
%LCクレール
%LC克莱尔
「んふふっ、慌てる陽菜ちゃん可愛いっ」%K%P
「嗯呼呼~惊慌失措的阳菜酱好可爱」%K%P
%LC陽菜
%LC阳菜
%XS20「にゅええっ！？」%XE%K%P
%XS20「喵呜诶诶！？」%XE%K%P
またもやおもむろに抱きつく――って、\nフィエルテでそれはダメっ、ダメダメっ……！%K%P
她像之前一样把我抱在胸里——啊，\n这菲尔特……不行，不行不行……！%K%P
%LC陽菜
%LC阳菜
「ちょっ、離してくださいってばっ……！\n　でないとっ……！」%K%P
「等，请放开我……！\n　我就要……！」%K%P
%LCクレール
%LC克莱尔
「でないと？　なぁに？」%K%P
「就要？　什么啊？」%K%P
むにににににっ。%K%P
噗咚~~~~~~%K%P
%LC陽菜
%LC阳菜
「やっ……だ、だから、そのっ……」%K%P
「呀……所，所以，这个……」%K%P
ごめんなさい理由は言えませんっ！%K%P
对不起！我（♂）说不了理由！%K%P
%LC陽菜
%LC阳菜
「ぐっ……かくなる上はっ……！」%K%P
「咕……只能放手一搏了……！」%K%P
前は女装バレを危惧して躊躇ったけど、\nこの状況なら全力でも不自然じゃないはずっ……！%K%P
之前因为担心女装会暴露而踌躇，\n不过现在这样，尽全力也不奇怪吧……！%K%P
クレール様の呼吸のタイミングを計って――、%K%P
计算下克莱尔大人的呼吸时间——%K%P
%LC陽菜
%LC阳菜
「ここッ……！」%K%P
「就是现在……！」%K%P
%LCクレール
%LC克莱尔
「あっ……？！」%K%P
「哇啊……？！」%K%P
%LC依夜
%LC依夜
「確保」%K%P
「锁定了」%K%P
むにんっ。%K%P
噗咚~%K%P
%LC陽菜
%LC阳菜
「ひんっ……？！」%K%P
「咿……？！」%K%P
おっぱいから逃げたと思ったら、\nまた別のおっぱいが……？！%K%P
原以为已经从大胸里逃出来了，\n结果又来了一个……？！%K%P
%LCクレール
%LC克莱尔
「依夜ちゃんナイスキャッチ」%K%P
「依夜酱好配合~」%K%P
%LC陽菜
%LC阳菜
「なにしてるんですか依夜様っ！？」%K%P
「你干什么啊依夜大人！？」%K%P
%LC依夜
%LC依夜
「なにって……こういう練習かと思って」%K%P
「干什么……我想这也是练习」%K%P
%LCクレール
%LC克莱尔
「いいっ、それいいっ。\n　そうしましょそうしましょ」%K%P
「很好，这非常好。\n　就这么玩就这么玩」%K%P
%LC陽菜
%LC阳菜
「え」%K%P
「诶」%K%P
%LC依夜
%LC依夜
「ほら、逃げてみて」%K%P
「来吧，逃开看看」%K%P
ぎゅむむっ。%K%P
噗扭扭~~%K%P
%LC陽菜
%LC阳菜
「ひあうっ」%K%P
「咿呀~」%K%P
クレール様に比べて力はないけど、\nその分、なんかガッチリ極まってるっ……！？%K%P
虽然冲击感没有克莱尔大人的大，\n但有如此"程度"，也很厉害啊……！？%K%P
%LC杏奈
%LC杏奈
「うわ……。なんか、すごい……」%K%P
「呜哇……感觉，好厉害……」%K%P
%LC陽菜
%LC阳菜
「杏奈ちゃん、見てないで助けてっ」%K%P
「杏奈酱，别傻看着快救我啊」%K%P
%LC杏奈
%LC杏奈
「あっ……う、うんっ！」%K%P
「啊……唔，嗯！」%K%P
%LCクレール
%LC克莱尔
「んふふー、そうはさせないわよ。\n　陽菜ちゃんは私たちがいただいたわっ」%K%P
「嗯呵呵~不会让你救的哦。\n　阳菜酱现在是我们的菜了~」%K%P
%LC杏奈
%LC杏奈
「たとえクレール様が相手でも、\n　私の陽菜ちゃんは渡しませんっ！」%K%P
「即使对手是克莱尔大人，\n　我也不会把我的阳菜酱交出去！」%K%P
%LC陽菜
%LC阳菜
%XS20「趣旨ぃー！！」%XE%K%P
%XS20「搞啥呀——！！」%XE%K%P
二人ともノリノリだこれー？！%K%P
这俩都来劲儿了——？！%K%P
%LC依夜
%LC依夜
「陽菜、いいの？　逃げなくて」%K%P
「阳菜，真的好吗？  不打算逃跑」%K%P
%LC陽菜
%LC阳菜
「そっ、そうですね。\n　私が逃げさえすればっ……」%K%P
「确，确实呢。\n　只要我能逃走……」%K%P
よかった、依夜様はさすがに冷静――、%K%P
太好了，依夜大人果然很冷静——%K%P
%LC依夜
%LC依夜
「易々とは逃がさないけれど」%K%P
「不会轻易让你逃的」%K%P
むちっ。%K%P
噗咚~%K%P
%LC陽菜
%LC阳菜
「ふおうっ」%K%P
「咕呜……」%K%P
うわわっ、冷静すぎて、これ、かえって――、%K%P
呜哇哇，她过太冷静了，反而还——%K%P
%LC杏奈
%LC杏奈
「陽菜ちゃん待ってて、いま助けるねっ」%K%P
「阳菜酱你等着，我现在就来救你」%K%P
%LCクレール
%LC克莱尔
「依夜ちゃん、逃がしちゃだめよ。\n　しっかり陽菜ちゃんを抱っこしてて」%K%P
「依夜酱，别让人跑了哦。\n　要好好地抱紧阳菜酱呢」%K%P
%LC依夜
%LC依夜
「任せて」%K%P
「交给我吧」%K%P
%LC陽菜
%LC阳菜
「あっ、だめ、そこだめぇっ」%K%P
「啊，不行，这里不行~~」%K%P
放課後のトレーニングルームに響く、\n子供のヒーローごっこ遊びみたいな賑やかな声。%K%P
放学后的训练场里就这样，\n回荡着如同孩子们玩英雄游戏般的热闹声音。%K%P
%LC陽菜
%LC阳菜
（けど、これはこれで――）%K%P
（但是，像这样子——）%K%P
オレを捕まえている依夜様を意識しながら、\nクレール様と対峙する杏奈ちゃん。%K%P
一边注意着依夜大人抓住的我，\n一边和克莱尔大人对峙的杏奈酱。%K%P
二人を相手にして気を配る練習だって考えたら、\nこの状況、絶好のシチュエーションだ。%K%P
考虑到两个人要一起练习照应彼此，\n现在的状况是绝佳的。%K%P
ひょっとしてクレール様たち、\nこれをわかってて――、%K%P
也许克莱尔大人她们，\n已经意识到了这一点——%K%P
%LCクレール
%LC克莱尔
「んふっ、この前のリベンジよ。\n　今日こそ杏奈ちゃんの下着拝見っ」%K%P
「嗯哼~要完成上次的复仇哦。\n　今天我一定要看到杏奈酱的内衣！」%K%P
%LC杏奈
%LC杏奈
「フィエルテ脱がされたら裸じゃないですかぁっ！」%K%P
「菲尔特被脱掉的话不就裸着了吗！」%K%P
……深い考えは、ないのかもしれない。%K%P
……也许，她们没有什么过多的想法捏。%K%P
でも、今日のこの時間はきっと、\n杏奈ちゃんにとって大きな糧になる……と、思う。%K%P
但是，今天的这段时间，\n对杏奈酱来说一定大有裨益吧……我想。%K%P
なったらいいな。うん。%K%P
要是这样就好了。嗯。%K%P
