２度目の杏奈ちゃんの部屋は、\n前回以上に甘い匂いがした。%K%P
这是我第2次来到杏奈酱的房间，\n这次的味道比上次的更甜了。%K%P
それもそのはず、テーブルの上には\nいくつものお菓子が並べられていて。%K%P
这也难怪呢，\n毕竟桌子上摆着很多点心。%K%P
サプライズ万端な室内を見た瞬間、\n胸がじんと熱くなってしまう。%K%P
看到这"充满惊喜"的房间，\n我的心瞬间温暖了起来。%K%P
%LC杏奈
%LC杏奈
「ちょっと待ってて。\n　いまタオルとか出すね」%K%P
「稍等一下。\n　我现在去把毛巾拿来」%K%P
%LC陽菜
%LC阳菜
「このぐらいなら別に――」%K%P
「这种事其实不用——」%K%P
%LC杏奈
%LC杏奈
「だーめっ」%K%P
「不—行」%K%P
遠慮するオレにぴしゃりと言い切って、\n杏奈ちゃんがクローゼットをさぐる。%K%P
斩钉斩铁地把我的客气话驳回，\n然后，杏奈酱在衣柜里翻找着。%K%P
それというのも、オレが傘を落として、\n二人とも雨に濡れてしまったからだ。%K%P
因为我那时不小心松开了伞，\n结果现在两人都被雨淋湿了。%K%P
傘を落とした理由は、言わずもがな。%K%P
伞掉在地上的理由，不必多说了吧。%K%P
――彼女が、キスをしてきたから。%K%P
——因为她突然吻上来了。%K%P
ほんの少し前まで、杏奈ちゃんにとって陽菜は、\n{連弾:デュオ}{舞闘:カデンツァ}のパートナーで、クラスのお隣さんだった。%K%P
在那之前，对杏奈酱来说，\n阳菜是{协力:二重奏}{舞斗:华彩乐}的搭档，是班上的同桌。%K%P
けど、いまは違う。%K%P
但是现在不一样了。%K%P
互いの気持ちを確かめ合い、\nキスまでした幼馴染みで初恋の男の子。%K%P
现在我是互相确认过心意，\n甚至接吻过的青梅竹马，她的初恋。%K%P
そんな相手を、こんなにもすんなりと\n自分の部屋に招き入れるだなんて――、%K%P
但她竟然能这么轻易地，\n把这样的"我"邀到自己房间——%K%P
%LC杏奈
%LC杏奈
「はい、タオルと着替え」%K%P
「给，毛巾和换的衣服」%K%P
%LC陽菜
%LC阳菜
「きっ、着替えもっ……！？」%K%P
「换，换的衣服也……！？」%K%P
%LC杏奈
%LC杏奈
「制服、けっこう濡れちゃったし。\n　着たままだと身体冷えちゃうよ」%K%P
「你制服湿了不少的说。\n　穿在身上会很冷的哦」%K%P
%LC陽菜
%LC阳菜
「ここで着替えろってこと？」%K%P
「要在这里换衣服吗？」%K%P
%LC杏奈
%LC杏奈
「別にいいでしょ？\n　女の子同士だし」%K%P
「没关系的吧？\n　都是女孩子」%K%P
%LC陽菜
%LC阳菜
「それ、本気で言ってる……？」%K%P
「这个，你认真的吗……？」%K%P
%LC杏奈
%LC杏奈
「もちろん――」%K%P
「那当然——」%K%P
%LC杏奈
%LC杏奈
「って……うあっ、ごめんっ！\n　そっか、だよね、そうだよねっ」%K%P
「啊……呜啊，抱歉！\n　对啊，确实，这种事嘛」%K%P
%LC杏奈
%LC杏奈
「もちろん陽菜ちゃんが日向くんだっていうのは\n　わかってるよ？　わかってるんだよ？」%K%P
「当然，阳菜酱就是日向君这事，\n　我清楚的哦？　真的清楚的哦？」%K%P
%LC杏奈
%LC杏奈
「でも、その姿だと女の子にしか\n　見えないっていうか、思えないっていうかっ」%K%P
「不过，看你的样子，怎么看都，\n　只会让人觉得你是个女孩子吧」%K%P
%LC杏奈
%LC杏奈
「……すぐには、意識が切り換えられなくて」%K%P
「……我没法这么快把思维转过来」%K%P
正直すぎる回答に、かえって困る。%K%P
这过于诚实的回答，反而让我困扰了。%K%P
こういう扱いも、男として見られていない、\nというカテゴリーに入るんだろうか。%K%P
这种"看法"也属于，\n不被当作男性看待的范畴吧。%K%P
とはいえ、そういう認識でいたのなら、\n部屋にすんなりあげてくれたのも納得だけど。%K%P
话虽如此，如果她是这种认知的话，\n我也能理解她为什么会把我邀进房间了。%K%P
%LC杏奈
%LC杏奈
「ともかく、身体拭いて着替えて。\n　私は廊下で着替えちゃうから」%K%P
「总之，你先擦身换好衣服。\n　我去走廊里换」%K%P
%LC陽菜
%LC阳菜
「ダメだよそんなの。\n　だったら私が廊下で――」%K%P
「这种事可不行。\n　还是我去走廊里——」%K%P
%LC杏奈
%LC杏奈
「それこそダメっ。\n　人に見られたらどうするの」%K%P
「你才是不行的吧。\n　被人看见了怎么办？」%K%P
%LC陽菜
%LC阳菜
「う……」%K%P
「呜……」%K%P
そうでした……。%K%P
是哦……%K%P
%LC陽菜
%LC阳菜
「……なら、ここで、一緒に」%K%P
「……那要不在这里，一起」%K%P
%LC杏奈
%LC杏奈
「陽菜ちゃんのえっち。\n　私が脱ぐとこ見たいんだ？」%K%P
「阳菜酱好H。\n　想看我脱衣服是吧？」%K%P
%LC陽菜
%LC阳菜
「違いますっ」%K%P
「才不是啦」%K%P
%LC杏奈
%LC杏奈
「えっ？　見たくないの……？」%K%P
「诶？　不想看吗……？」%K%P
%LC陽菜
%LC阳菜
「なんでショック受けるのっ」%K%P
「为什么你会沮丧呀」%K%P
%LC杏奈
%LC杏奈
「だって、見たくないってことは、\n　私の裸に興味ないのかなって……」%K%P
「因为，不想看的话，\n　不就是对我的裸体不感兴趣嘛……」%K%P
%LC陽菜
%LC阳菜
「それは――」%K%P
「这个嘛——」%K%P
興味あるに決まってる。%K%P
我当然感兴趣啊。%K%P
決まってるけど、それを素直に言うのは――、%K%P
决定了，坦率说出来吧——%K%P
言うのは――、%K%P
说出来——%K%P
%LC陽菜
%LC阳菜
「……あるに決まってるでしょ。\n　好きな子の裸なんだから」%K%P
「……当然是想看的嘛。\n　毕竟是自己喜欢的人的裸体」%K%P
%LC杏奈
%LC杏奈
「えへへっ、よかったっ」%K%P
「欸嘿嘿，太好了」%K%P
落ち込みから一転、笑顔に戻る杏奈ちゃん。%K%P
杏奈酱一改失落，恢复了笑容。%K%P
男から裸を見たいって言われたも同然なのに、\nなんでこんなに喜んじゃうかなぁ、もう。%K%P
像是说"想看男性的裸体"似的，\n为什么她会这么高兴呢，真是的。%K%P
結局、ふたり揃って部屋で着替えることに。%K%P
结果，两个人一起在房间里换衣服。%K%P
とはいえ、さすがに見れないし見せられないから、\nすぐさま杏奈ちゃんには背を向けたけれど。%K%P
话虽如此，但毕竟非礼勿视非礼勿扰，\n所以我马上就背对着杏奈酱了。%K%P
ただ、見えなければ安心安全――なんてことはなく、\nむしろ、これがかなりのドキドキ仕様だった。%K%P
不过，没看见就觉得安心什么的——并不是，\n不如说这是相当令人"雀跃"的事。%K%P
だって、なんの仕切りも目隠しもない。%K%P
因为，这里并没有隔板和眼罩。%K%P
目に映るのは、大好きな女の子の部屋。%K%P
无论看哪里，都是最喜欢的女孩子的房间。%K%P
部屋を満たす甘い匂いに、\n濡れた制服の雨の匂いが微かに混じる。%K%P
充满香甜气味的房间中，\n微微夹杂着淋湿制服的潮湿气味。%K%P
すぐ近くでは、杏奈ちゃんが服を脱いでいて。%K%P
而且在离我很近的地方，杏奈酱正在脱衣服。%K%P
衣擦れの音やわずかに漏れる吐息が、\n静まり返った部屋に、これでもかと響いて――、%K%P
衣服摩擦的声音和轻微的喘息声，\n在寂静的房间里回荡——%K%P
%LC杏奈
%LC杏奈
「ねえ、陽菜ちゃん」%K%P
「呐，阳菜酱」%K%P
%LC陽菜
%LC阳菜
「なっ、なにっ？」%K%P
「什，什么？」%K%P
%LC杏奈
%LC杏奈
「陽菜ちゃんって普段、\n　どんな下着つけてるの？」%K%P
「阳菜酱你平时，\n　穿什么样的内衣？」%K%P
%LC陽菜
%LC阳菜
「もう……。またその話？」%K%P
「真是的……又问这件事？」%K%P
%LC杏奈
%LC杏奈
「やっ、だってほら……男の子、でしょ？\n　下着はどうしてるのかなって気になって」%K%P
「啊不，就是你看……男孩子嘛，对吧？\n　我很想知道穿了什么内衣的哦」%K%P
%LC杏奈
%LC杏奈
「私的には、いま、こそっと振り向いて、\n　この目で確かめてもいいんだけど……」%K%P
「我现在，是不是可以悄悄回个头，\n　用自己的眼睛确认下……」%K%P
%LC陽菜
%LC阳菜
「ダーメ」%K%P
「不—行」%K%P
即却下したものの、笑みが漏れる。%K%P
虽然我马上拒绝了，但还是露出了笑容。%K%P
黙って振り向けばバレないのに、\n申告しちゃうところが杏奈ちゃんらしい。%K%P
默默回头本来就不会被发现，\n却要告诉我一声，这很杏奈酱。%K%P
見られるのは恥ずかしい……けど、\n正直さを讃えて、口頭で教えるぐらいなら。%K%P
被她看到我可就太丢人了……\n但是，如果是直接说出来的话。%K%P
%LC陽菜
%LC阳菜
「下着も、その……女の子モノだよ。\n　だいぶスポーティーなやつだけど」%K%P
「我的内衣，这个……是女孩子的款式哦。\n　虽然是运动方面的款式」%K%P
%LC杏奈
%LC杏奈
「ボックスショーツとか、ボクサーパンツとか？」%K%P
「紧身内衣、平角内裤之类的？」%K%P
%LC陽菜
%LC阳菜
「うん。最初の頃はかなり恥ずかしくて……」%K%P
「嗯。刚开始的时候非常害羞呢……」%K%P
%LC陽菜
%LC阳菜
「って、もちろん今でも恥ずかしいんだよっ？\n　ただ慣れてきたってだけでっ……！」%K%P
「啊，当然现在还是很害羞的哦！\n　只是习惯了而已……！」%K%P
%LC杏奈
%LC杏奈
「素朴な疑問なんだけど……。\n　陽菜ちゃんっていつから女装してるの？」%K%P
「再问个简单的问题……\n　阳菜酱是从什么时候开始女装的？」%K%P
%LC陽菜
%LC阳菜
「いつからって……。\n　１ヶ月ぐらい前からだけど」%K%P
「什么时候啊……\n　从1个月前开始的」%K%P
%LC杏奈
%LC杏奈
「うそぉっ？！」%K%P
「骗人的吧？！」%K%P
%LC陽菜
%LC阳菜
「えっ、なに？　驚くところあった？」%K%P
「诶，什么？　这很令人吃惊嘛？」%K%P
%LC杏奈
%LC杏奈
「だって、そんなに可愛いのに、\n　女装歴たった１ヶ月って……」%K%P
「因为，明明那么可爱，\n　女装经历才1个月……」%K%P
%LC杏奈
%LC杏奈
「あっ、わかった。実はすっごく長いけど、\n　恥ずかしくって誤魔化してるんでしょ？」%K%P
「啊，我知道了。其实很~~长了吧，\n　只不过不好意思，想蒙混过去对吧？」%K%P
%LC陽菜
%LC阳菜
「してませんっ。そもそも私が女装してるのは、\n　これしか方法がなかったからでっ……！」%K%P
「才不是呢。本来我穿女装，\n　就是因为别无办法了嘛……！」%K%P
%LC杏奈
%LC杏奈
「方法って……どういうこと？」%K%P
「办法嘛……怎么一回事？」%K%P
%LC陽菜
%LC阳菜
「……あ」%K%P
「……啊」%K%P
この段階で、ようやく気付いた。%K%P
到了这个时候，我终于意识到了。%K%P
女装していたことは打ち明けたけど、\nその理由は、なにひとつ話してないってことに。%K%P
虽然说了自己穿女装的事，\n但其中的理由并没有说。%K%P
着替えたあと、用意してあったお菓子を食べつつ、\n女装することになった事情を順を追って説明する。%K%P
换好衣服后，一边吃着准备好的点心，\n一边按顺序说明女装的缘由。%K%P
それこそ、留学を終えて日本に戻った日から、\n女装編入するまでの出来事、すべてを話した。%K%P
从留学结束回到日本那天开始，\n到女装入学为止发生的事情，我全都告诉了她。%K%P
%LC杏奈
%LC杏奈
「ふぇー……。それはまた、\n　色々と大変だったんだねぇ……」%K%P
「呜诶诶……那还真是，\n　不容易啊……」%K%P
%LC陽菜
%LC阳菜
「ひょっとして杏奈ちゃん、\n　私が趣味で女装してると思ってた？」%K%P
「难道说杏奈酱你觉得，\n　我穿女装是出于兴趣吗？」%K%P
%LC杏奈
%LC杏奈
「そっ、それは、そのぉ……」%K%P
「这，这个的话，这个……」%K%P
%LC杏奈
%LC杏奈
「……ちょっと、だけ」%K%P
「……还真有点」%K%P
申し訳なさそうに縮こまる杏奈ちゃんだけど、\nそれはそれで凄いことだと思う。%K%P
杏奈酱一脸抱歉地缩成一团，\n但我觉得，她很了不起。%K%P
動機や事情なんてまったく気にせず、\n女装してるオレを受け入れたってことだから。%K%P
她完全不在意动机和原因，\n直接接受了女装的我。%K%P
%LC陽菜
%LC阳菜
「で、いまさらなお願いなんだけど。\n　このこと、他の子たちには内緒に――」%K%P
「不过，事到如今还是拜托你了。\n　这件事，要对其他人保密——」%K%P
%LC杏奈
%LC杏奈
「安心して。誰にも言わないから」%K%P
「放心吧。我不会告诉任何人的啦」%K%P
%LC杏奈
%LC杏奈
「それより、私が秘密を知っちゃったこと、\n　千佳姉や学園長に言っておいたほうがよくない？」%K%P
「与其这样，不如把我知道了秘密的事，\n　告诉给千佳姐姐和校长比较好吧？」%K%P
%LC杏奈
%LC杏奈
「でないと、この前の通話トリックみたく、\n　無駄に気をつかわせちゃうでしょ？」%K%P
「不然的话，就又像之前的"通话诡计"一样，\n　让人白费心思对吧？」%K%P
%LC陽菜
%LC阳菜
「あ、そっか……」%K%P
「啊，是啊……」%K%P
%LC杏奈
%LC杏奈
「善は急げっていうし、\n　スマホで連絡しておいたら？」%K%P
「那赶巧不如赶早，\n　现在手机联系一下怎么样？」%K%P
%LC杏奈
%LC杏奈
「私、その間に陽菜ちゃんの制服、\n　乾燥機で乾かしてきちゃうね」%K%P
「我的话，趁这段时间，\n　把阳菜酱的制服用烘干机吹干吧」%K%P
言うが早いか、杏奈ちゃんはさっそく\n制服を抱えて出ていってしまった。%K%P
我话还没说出口，\n杏奈酱就抱着制服出去了。%K%P
なので、こちらもさっそくスマホを出して。%K%P
这样啊，我赶紧拿出手机。%K%P
こういう場合、\nまずはニナさんに伝えるべきだろう。%K%P
这种情况下，\n应该先告诉妮娜姐。%K%P
いきなり通話したら迷惑かもだから、\nメッセージアプリを起動してっと。%K%P
突然打电话可能会添麻烦，\n还是发短信吧。%K%P
えっと……『大切なお話があります』――だと、\nさすがにちょっと堅苦しいか。%K%P
这个……『我有重要的事要说』——\n感觉，好像有点拘谨啊。%K%P
『ごめんなさい、バレちゃいました』――って、\nこれだとさすがに軽すぎる。%K%P
『对不起，我露馅了』——\n啊，这个口气未免太轻松了。%K%P
『いま通話できますか？』――……うん、\n口頭で説明したいし、これで送信っと。%K%P
『现在可以通话吗?』……嗯，\n我确实想口头说明一下，这就发给她。%K%P
で、もしいま無理そうだったら、\n寮に帰ってから――わわっ、さっそく着信っ？%K%P
啊，如果现在不行的话，那就回到宿舍后——\n哇啊啊，马上来电话了？%K%P
%LCニナ
%LC妮娜
「ヒナちゃん？　どうしたの？」%K%P
「日向酱？　发生什么事了？」%K%P
%LC陽菜
%LC阳菜
「それが、ついさっき杏奈ちゃんに、\n　女装がバレ……いえ、私から話してしまって」%K%P
「这个嘛，就在刚才杏奈酱她，\n　发现我女装了……不，是我主动说的」%K%P
%LCニナ
%LC妮娜
「あらま」%K%P
「啊啦嘛」%K%P
%LC陽菜
%LC阳菜
「あらまって……えっ、それだけですか？」%K%P
「啊啦嘛……诶，只是这样？」%K%P
%LCニナ
%LC妮娜
「だって、自分から話したんでしょう？\n　なら、きっと事情あってのことだろうし」%K%P
「因为，不是你自己主动说的嘛？\n　那肯定是有特殊情况吧」%K%P
%LCニナ
%LC妮娜
「それに、ヒナちゃんの声、落ち着いているから。\n　すでに山場は越えたのかなって」%K%P
「而且，日向酱的声音很平静啦。\n　我想是不是已经跨过了紧要关头了？」%K%P
%LC陽菜
%LC阳菜
「むぅ……」%K%P
「姆……」%K%P
相変わらずの洞察力に、思わず唸ってしまう。%K%P
一如既往的强大洞察力，让人忍不住赞叹。%K%P
%LCニナ
%LC妮娜
「ごめんなさい、ご期待に添う反応じゃなくて」%K%P
「对不起捏~我的反应好像和你的期待有差异」%K%P
%LCニナ
%LC妮娜
「でも、今回の件を頼むって決めた時点で、\n　こういう状況もある程度は想定していたから」%K%P
「不过，决定委托你做这件事的时候，\n　某种程度上我已经预料到这种状况了」%K%P
%LCニナ
%LC妮娜
「それで？　杏奈ちゃんは、なんて？」%K%P
「所以？　杏奈酱她怎么说？」%K%P
%LC陽菜
%LC阳菜
「他の子には秘密にするって約束してくれました。\n　この連絡も、杏奈ちゃんが提案してくれて」%K%P
「她答应我对其他人保密了。\n　这个电话，也是杏奈酱提议打的」%K%P
%LCニナ
%LC妮娜
「そう……。杏奈ちゃんは昔から、\n　そういう配慮が出来ちゃう子なのよね」%K%P
「这样……杏奈酱从很早开始，\n　就是个会照顾别人的孩子呢」%K%P
呟く声に実感がこもっていたのは、\n杏奈ちゃんを知っていればこそだろう。%K%P
她喃喃自语的声音里充满了实感，\n因为她认识杏奈吧。%K%P
１年の頃は学園長に歌唱指導を受けていたって、\n杏奈ちゃん、言っていたもんな。%K%P
杏奈酱说过，1年级的时候，\n校长对她进行了歌唱指导。%K%P
%LCニナ
%LC妮娜
「っと、ちょっと待ってて。\n　仕事用のスマホに連絡入っちゃった」%K%P
「啊，等一下哦。\n　我工作用的手机来电了」%K%P
%LC陽菜
%LC阳菜
「あっ、すみません。忙しいときに」%K%P
「啊，对不起。在忙的时候打扰你了」%K%P
今日は{連弾:デュオ}{舞闘:カデンツァ}もあったし、\nニナさんの立場だとやることも多いのだろう。%K%P
今天举办着{协力:二重奏}{舞斗:华彩乐}，\n站在妮娜姐的立场上，要做的事情很多吧。%K%P
%LC陽菜
%LC阳菜
「じゃあ、詳しい話は寮に帰ってからで――」%K%P
「那么，详细情况回到宿舍再说吧——」%K%P
%LCニナ
%LC妮娜
「あいにくだけど、それ、無理みたい」%K%P
「很不凑巧呢，这个，恐怕不行」%K%P
%LCニナ
%LC妮娜
「ヒナちゃん。\n　今夜は杏奈ちゃんと、ごゆっくり」%K%P
「日向酱。\n　今晚和杏奈酱，要慢慢来哟~」%K%P
%LC陽菜
%LC阳菜
「なっ……ちょっ、なに言ってるんですかっ。\n　ごゆっくりっていったい――」%K%P
「什……等，你到底在说什么啊。\n　什么叫"慢慢来"啊——」%K%P
って、通話切れてる……！？%K%P
啊，挂电话了……！？%K%P
まったくもって、なにがなにやら――、%K%P
真是的，这可咋整啊——%K%P
%LC杏奈
%LC杏奈
「ひっ、陽菜ちゃんっ……！」%K%P
「阳，阳菜酱……！」%K%P
%LC陽菜
%LC阳菜
「あっ、おかえり。\n　ずいぶん早かったね」%K%P
「啊，欢迎回来。\n　这么快就回来了呢」%K%P
%LC杏奈
%LC杏奈
「あっ、うん。いろいろあって」%K%P
「啊，嗯。发生了一些事」%K%P
%LC杏奈
%LC杏奈
「で、その……あのね？」%K%P
「啊，这个……对了捏？」%K%P
%LC杏奈
%LC杏奈
「今日、泊まっていかない……？」%K%P
「今天，能留在我这不……？」%K%P
%LC陽菜
%LC阳菜
「…………はい？」%K%P
「…………啥？」%K%P
――そして、夜。%K%P
——然后，这天晚上。%K%P
彼女の部屋の、ベッドの上。%K%P
在她房间的，床上。%K%P
横になったオレの目の前には、\n同じく横になった、パジャマ姿の杏奈ちゃん。%K%P
躺在我面前的，\n是同样躺着、穿着睡衣的杏奈酱。%K%P
なぜこんなことになっているのかといえば、\nそれはもちろん、ニナさんの企みによるものだ。%K%P
为什么会变成这样呢？\n这当然是妮娜姐的意思了。%K%P
オレがニナさんに事情を説明しようと、\n送信するメッセージの文面を考えていた頃。%K%P
当我想要向妮娜姐说明情况，\n思考发送信息内容的时候。%K%P
濡れた制服を手にランドリーコーナーに出向いた\n杏奈ちゃんは、そこでばったり寮母さんに遭遇した。%K%P
杏奈酱拿着湿漉漉的制服来到洗衣房，\n在那里突然遇到了宿舍阿姨。%K%P
杏奈ちゃんから事情を聞いた寮母さんは、\n寮の乾燥機だと制服が傷んでしまうと説明。%K%P
从杏奈酱那里听说了事情的来龙去脉后，\n宿舍阿姨说宿舍的烘干机会损坏制服。%K%P
さらに、明日は休日だしクリーニングに出すのが\n確実だと言って、オレの制服を預かると言い出した。%K%P
又说明天是休息日，必须送去干洗，\n说着就把我的制服收了起来。%K%P
さらにさらに、仕事ができちゃう寮母さんは、\nそのことをその場で、ニナさんに報告アンド確認。%K%P
而且，工作敬业的宿舍阿姨，\n当场向妮娜姐报告并确认了这件事。%K%P
連絡を受けたニナさんは、それならいっそ、\n今夜一晩、オレを学生寮に泊めてあげてと即レス。%K%P
接到通知的妮娜姐立刻回复说：\n"那就干脆今晚，让阳菜住在学生宿舍吧。"%K%P
オレと通話していたとき、ニナさんに入った\n仕事の連絡とは、この寮母さんのものだったわけだ。%K%P
和我通话的时候，妮娜姐说的工作上的事，\n就是宿舍阿姨在找她。%K%P
で、寮母さん経由でニナさんの提案を知らされた\n杏奈ちゃんは、ダッシュで部屋まで戻ってきて。%K%P
然后，通过宿舍阿姨的转告，\n杏奈酱知道了妮娜姐的提案。%K%P
彼女の期待に満ちた眼差しを、\n無下に出来るはずもなく――、%K%P
她那充满期待的眼神，\n对此我可无法"无动于衷"——%K%P
――こうして、同じベッドに寝ている。%K%P
——就这样，我们睡在了同一张床上。%K%P
%LC杏奈
%LC杏奈
「パジャマ、キツくない？」%K%P
「睡衣，不合身吗？」%K%P
%LC陽菜
%LC阳菜
「大丈夫。ごめんね、借りちゃって」%K%P
「没关系。抱歉呢，借了你的穿」%K%P
%LC杏奈
%LC杏奈
「気にしないで。それ、この前買って、\n　まだ袖通してなかったやつだから」%K%P
「不用在意。这件是上次买的，\n　还没穿过的啦」%K%P
%LC杏奈
%LC杏奈
「もし気に入ったら、\n　そのまま持って帰ってくれても――」%K%P
「如果喜欢的话，\n　可以直接带回去——」%K%P
%LC杏奈
%LC杏奈
「あっ、やっぱダメ。陽菜ちゃんが\n　お泊まりした記念に、とっておきたい」%K%P
「啊，还是算了。我想把阳菜酱穿过的，\n　留下来做个纪念」%K%P
%LC陽菜
%LC阳菜
「とっておいてどうするの」%K%P
「这留着干什么」%K%P
%LC杏奈
%LC杏奈
「それはもちろん――」%K%P
「那当然是——」%K%P
%LC杏奈
%LC杏奈
「……言えないようなこと、したりとか」%K%P
「……这种事情，不该说出来呢」%K%P
鼓膜をくすぐるような囁きに、\n心拍数が一気に跳ね上がる。%K%P
这摩擦耳膜的低语，\n让我心跳加速了。%K%P
もっとも、それはいまに始まったことじゃない。%K%P
当然，不是现在才开始的。%K%P
杏奈ちゃんの部屋に泊まるってなった時点で、\n頭は真っ白になったし、心臓もバクバクだったし。%K%P
听到要在杏奈酱这借宿的时候，\n我大脑一片空白，心脏砰砰直跳。%K%P
正直、夕ご飯は何を食べたとか、\nそのあたりのことを、まったく覚えていない。%K%P
老实说，晚饭吃了什么，\n之类的事情，我完全不记得了。%K%P
%LC陽菜
%LC阳菜
「けど、本当にいいの？」%K%P
「可是，真的可以吗？」%K%P
%LC杏奈
%LC杏奈
「なにが？」%K%P
「什么？」%K%P
%LC陽菜
%LC阳菜
「もちろん、同じベッドに寝るってこと」%K%P
「那当然是，同床共寝这件事呀」%K%P
%LC陽菜
%LC阳菜
「昼間はド忘れしてたみたいだけど、\n　これでも一応、男なわけだし……」%K%P
「白天的时候忘记了我的性别，\n　但我好歹也是个男性呀……」%K%P
%LC杏奈
%LC杏奈
「ぷっ……くすっ、あはっ、うふふっ」%K%P
「呼……咕呼，啊哈，唔呼呼~」%K%P
%LC陽菜
%LC阳菜
「ちょっ……もうっ、なんで笑うのっ」%K%P
「等……真是的，怎么笑了呀」%K%P
%LC杏奈
%LC杏奈
「だって陽菜ちゃん、\n　これでも一応、とか言うんだもん」%K%P
「因为一直在想阳菜酱，\n　会怎么回答这个」%K%P
%LC杏奈
%LC杏奈
「てっきり、オレは男なんだぜ？\n　とか言うのかなって思ってたから、つい」%K%P
「"我肯定是个男人哦"。\n　我还以为你会这么说呢，然后就」%K%P
%LC陽菜
%LC阳菜
「うっ……」%K%P
「呜呜……」%K%P
思いがけない返答に、耳まで熱くなる。%K%P
听到这出乎意料的回答，我的耳朵热了起来。%K%P
%LC杏奈
%LC杏奈
「って、ごめん。笑ったりして」%K%P
「啊，抱歉。不小心笑了」%K%P
%LC杏奈
%LC杏奈
「もちろん、陽菜ちゃんが男の子だってことは、\n　ちゃんとわかってるよ」%K%P
「当然，阳菜酱是男孩子这件事，\n　我是知道的哦」%K%P
%LC杏奈
%LC杏奈
「わかった上で、一緒に寝たかったの」%K%P
「是"明知如此"，还想和你一起睡的哦」%K%P
%LC杏奈
%LC杏奈
「ここまで言えば……さすがにわかるでしょ？」%K%P
「话都说到这份上了……你应该明白了吧？」%K%P
オレの顔を覗き込むように、\n杏奈ちゃんがほんの少し距離を詰める。%K%P
杏奈酱看着我的脸，\n稍微拉近了距离。%K%P
彼女とのキスを経験した身体は、\nそれだけで、そわそわと疼いてしまう。%K%P
这和她接吻过的身体，\n光是靠近她，我就会隐隐发麻。%K%P
%LC杏奈
%LC杏奈
「ねぇ、日向くん」%K%P
「呐，日向君」%K%P
%LC陽菜
%LC阳菜
「なっ、なに？」%K%P
「什，什么？」%K%P
%LC杏奈
%LC杏奈
「日向くん、私のえっちな自撮りを見て、\n　興奮したって言ってたよね？」%K%P
「日向君，你好像说过，\n　看到我的H自拍很兴奋对吧？」%K%P
%LC杏奈
%LC杏奈
「そのとき、勃起した？」%K%P
「那个时候，勃起了吗？」%K%P
%LC陽菜
%LC阳菜
「なっ――」%K%P
「什——」%K%P
なななななななななっ……？！%K%P
什什什什什什什什什……？！%K%P
%LC陽菜
%LC阳菜
「なに言ってんのいきなりっ？」%K%P
「你在说什么啊？」%K%P
%LC杏奈
%LC杏奈
「だって気になるんだもん」%K%P
「因为我很在意嘛」%K%P
%LC杏奈
%LC杏奈
「今日のお昼とか、私がすぐ側で着替えてるのに、\n　あっさり背を向けちゃうし……」%K%P
「今天中午的时候，明明我就在旁边换衣服，\n　你却这么干脆地转过身去……」%K%P
%LC杏奈
%LC杏奈
「今だってふたりきりで、こんなに距離近いのに、\n　ちっとも手を出してこないし……」%K%P
「现在也是，只有我们两个人，距离这么近，\n　你却一直没有对我动手动脚……」%K%P
%LC杏奈
%LC杏奈
「興奮したとか興味あるとか言ってるけど、\n　実は、なんとも思ってないのかも……って」%K%P
「说着"兴奋哦""有兴趣哦"之类的话，\n　其实，可能对我没什么想法吧……」%K%P
%LC陽菜
%LC阳菜
「興奮したし興味もありますっ。\n　その上で我慢してるのっ」%K%P
「既兴奋又感兴趣的啦。\n　只是一直在忍耐哦」%K%P
%LC杏奈
%LC杏奈
「けど……それってつまり、\n　我慢できる程度ってことでしょ？」%K%P
「但是……也就是说，\n　现在还是可以忍受的程度咯？」%K%P
%LC陽菜
%LC阳菜
「なんでそうなるの」%K%P
「为什么会这样想」%K%P
%LC杏奈
%LC杏奈
「だって……私はとっくに、我慢、限界だから」%K%P
「因为……我早就，忍耐，到极限了」%K%P
%LC杏奈
%LC杏奈
「さっきからずっと、日向くんとキスしたくて、\n　それ以上のこともしたくて、たまらなくて――」%K%P
「从刚才开始，我就一直想和日向君接吻，\n　想做更多的事，实在是受不了——」%K%P
%LC杏奈
%LC杏奈
「でも、女の子から誘うのって、\n　それってどうなのかなって思うし……」%K%P
「不过，女孩子主动去勾引，\n　我觉得这种事太……」%K%P
%LC杏奈
%LC杏奈
「だから、できれば日向くんのほうから、\n　がばーっと襲って欲しいなって思ってるのに」%K%P
「所以，如果可以的话，\n　我希望日向君能"啪"一下袭击我」%K%P
%LC杏奈
%LC杏奈
「日向くんってば、そういう気配、\n　全然ないんだも――んッ、んんぅ……ッ」%K%P
「但是日向君的话，好像完全，\n　没有这么想对我姆呜，唔唔唔……」%K%P
なに勝手なこと言ってるんだとか、\nこっちの気も知らないでとか。%K%P
"说的是什么话呢"\n"我的心思都不知道嘛"。%K%P
いろんな言葉が頭の中をぐるぐる回った結果、\n気付いた時には、キスをしていた。%K%P
各种各样的话在我脑海中盘旋，\n但等回过神来，我已经吻过去了。%K%P
%LC陽菜
%LC阳菜
「んっ……ちゅっ、んんっ」%K%P
「嗯……姆呜，嗯嗯」%K%P
%LC杏奈
%LC杏奈
「ふあっ……はぁ、あむっ……んんぅ」%K%P
「呼啊……哈，阿姆……嗯嗯」%K%P
%LC杏奈
%LC杏奈
「ちゅっ……えへ、えへへっ……れろ、\n　ちゅぷっ……んっ、れろ、れるるっ……」%K%P
「阿姆，啾……嘿嘿，欸嘿嘿……啦姆，\n　啾姆……嗯，噗噜，咧噜噜……」%K%P
%LC陽菜
%LC阳菜
「んうッ……！？　ふあっ、んぅんんっ」%K%P
「咕，呜……！？　噗唔，唔唔」%K%P
最初こそひるんだものの、\n杏奈ちゃんはすぐさまオレの唇に吸いついて。%K%P
一开始我还有些胆怯，\n但杏奈酱很快就吸住了我的嘴唇。%K%P
くすっと笑った後は舌まで伸ばしてきて、\nあっという間に攻守が逆転してしまう。%K%P
她扑哧一笑后，连舌头都伸了进来，\n瞬间攻守逆转了。%K%P
絡みつく唾液の音に、脳がじんじん痺れる。%K%P
唾液缠绕的声音，让我的大脑一阵麻痹。%K%P
杏奈ちゃんの唇も舌も、すごく柔らかい。%K%P
杏奈酱的嘴唇和舌头，都很柔软。%K%P
%LC陽菜
%LC阳菜
「はふっ……ふぅ、ふぅ、はあっ……。\n　もう、いきなり、舌、絡めてくるとかっ……」%K%P
「唔哈……呼，呼，哈啊……\n　真是的，太突然了，竟然把舌头缠上来……」%K%P
%LC杏奈
%LC杏奈
「日向くんのよだれ、垂れそうだったから。\n　もったいないなって思ったら、つい」%K%P
「因为日向君的口水都快流下来了。\n　我觉得这样太可惜了，于是就」%K%P
%LC陽菜
%LC阳菜
「つい、って……」%K%P
「于是就，这……」%K%P
照れるどころか嬉しそうな顔で言われると、\nこっちのほうが恥ずかしくなる。%K%P
别说害羞了，她还一脸高兴地这么说，\n反倒是我觉得不好意思了。%K%P
%LC杏奈
%LC杏奈
「日向くん」%K%P
「日向君」%K%P
%LC陽菜
%LC阳菜
「今度はなに？」%K%P
「这次又咋了？」%K%P
%LC杏奈
%LC杏奈
「襲ってくれて、ありがと。……嬉しい」%K%P
「突然袭击了我，谢谢哦……我很开心」%K%P
%LC陽菜
%LC阳菜
「襲われたのにお礼言うとか……。\n　杏奈ちゃん、ドスケベすぎない？」%K%P
「对袭击的人道谢呀……\n　杏奈酱，这么好色嘛？」%K%P
%LC杏奈
%LC杏奈
「どっ、どすっ……！？\n　そこはせめてえっちぐらいにしとこうよっ」%K%P
「好，好色……！？\n　我觉得我只是有点H的程度哦」%K%P
%LC陽菜
%LC阳菜
「自分で言ったんだよ？　ドスケベって」%K%P
「你自己不是说过嘛？　好色~」%K%P
%LC杏奈
%LC杏奈
「あれは陽菜ちゃんが日向くんだって\n　知らなかったから冗談で言えたんだもんっ」%K%P
「那是因为，我不知道阳菜酱是日向君，\n　才开玩笑说的哦」%K%P
%LC杏奈
%LC杏奈
「じゃなきゃ自分からビッチとかドスケベとか\n　エロ自撮りとか痴女とか言えないしっ」%K%P
「否则我不会说碧池、色鬼、\n　H自拍和痴女之类的话啦」%K%P
%LC陽菜
%LC阳菜
「言ってる言ってる」%K%P
「又说了又说了」%K%P
%LC杏奈
%LC杏奈
「ぐぬぬぅーっ……。\n　いいもん、なら有言実行するしっ」%K%P
「咕奴奴……\n　好咯，那就"言出必行"吧」%K%P
%LC陽菜
%LC阳菜
「あっ――……んむっ、んむむぅ」%K%P
「啊……嗯姆，嗯姆姆」%K%P
言うなり、今度は杏奈ちゃんから口づけてくる。%K%P
刚说完，杏奈酱就吻了过来。%K%P
鼻先が軽くぶつかるぐらい勢いがあって、\nその勢いのまま、唇をはむはむと食んでくる。%K%P
她带着一股冲劲，鼻尖轻轻地碰到我后，\n就这样咬住嘴唇吻了下来。%K%P
%LC杏奈
%LC杏奈
「ちゅぷ、ちゅっ……んふっ、れろ、れーるっ、\n　んまっ……ちゅっ、はむっ、れろろっ」%K%P
「姆，唔姆……嗯姆，咧噜，噗噜噜，\n　唔唔……啾，哈姆，咧噜噜」%K%P
%LC陽菜
%LC阳菜
「ふっ、んうッ……はぁ、あむむっ。\n　ちょっ、ズルいってばっ……」%K%P
「姆，嗯哼……哈啊，阿姆姆。\n　等，太狡猾了吧……」%K%P
%LC杏奈
%LC杏奈
「んーむっ……にひっ、どうせ私、\n　ドスケベだもぉん……ちゅぷ、ぢゅるるっ」%K%P
「嗯—姆……呼呼~反正，\n　我是色鬼……啾姆，啾噜噜」%K%P
%LC陽菜
%LC阳菜
「ひうっ……？！　んくっ、んんっ」%K%P
「咿姆……？！　咕呜，姆姆姆」%K%P
囁きながら唾液を吸い上げられ、\n背筋がぞくっと震えてしまう。%K%P
我一边低吟着，一边被迫交换唾液，\n背脊不由得一颤。%K%P
ドスケベと言われて恥じらうかと思ったら、\n開き直ってしまって手に負えない。%K%P
被说成好色应该会害羞的吧，\n没想到她将错就错直接翻脸了。%K%P
今日、初めてキスを経験したばかりなのに、\nその日のうちに舌をこんなにもねっとり絡ませて。%K%P
明明今天才第一次接吻，\n就把舌头弄得这么黏糊糊的。%K%P
きっと、このあと、その先も――、%K%P
肯定，今后也一定会——%K%P
%LC杏奈
%LC杏奈
「……えへへ、日向くんのよだれ、\n　おかわりしちゃった……」%K%P
「姆啊……欸嘿嘿，日向君的口水，\n　吃到了好多……❤」%K%P
%LC杏奈
%LC杏奈
「ねぇ、ドキドキした？　興奮した？」%K%P
「呐，小鹿乱撞了吗？　兴奋了吗？」%K%P
%LC陽菜
%LC阳菜
「するに決まってるよ、こんなの」%K%P
「这种事情，可不由我决定呀」%K%P
%LC杏奈
%LC杏奈
「なら……あそこ、おっきくなった？」%K%P
「那么……你那里，大了吗？」%K%P
%LC陽菜
%LC阳菜
「それならキスとか関係なく、\n　とっくにおっきくなってたから」%K%P
「那和接吻没有关系的，\n　早就变大了啦」%K%P
%LC杏奈
%LC杏奈
「えっち」%K%P
「H~」%K%P
%LC陽菜
%LC阳菜
「どっちが」%K%P
「哪里H了」%K%P
%LC杏奈
%LC杏奈
「ねねっ、日向くんのあそこ、\n　さわってみてもいい？」%K%P
「呐呐，日向君的那个地方，\n　我可以摸摸吗？」%K%P
%LC陽菜
%LC阳菜
「ほら。杏奈ちゃんのほうが、\n　オレよりよっぽど――」%K%P
「你看。比起杏奈酱，\n　我还没那么——」%K%P
%LC杏奈
%LC杏奈
「日向くんも私にさわっていいよ？\n　ね？　さわりっこ、しよ？」%K%P
「日向君也可以摸我的哦？\n　呐？　那我，摸了哦？」%K%P
%LC陽菜
%LC阳菜
「……うん」%K%P
「……嗯」%K%P
言いかけた言葉を飲み込み、頷いてしまう。%K%P
我不由得把说了一半的话咽了回去，\n点了点头。%K%P
欲望に正直って言葉は、\nいまのオレのためにあるんだと思う。%K%P
"要诚实地面对欲望啊！"这句话，\n就是为了现在的我而存在的。%K%P
%LC杏奈
%LC杏奈
「じゃあ、いーい？\n　いっせーのーで――」%K%P
「那，我摸了哦？\n　那开—始—」%K%P
%LC陽菜・杏奈
%LC阳菜・杏奈
「うわっ……」\n「わはっ……」%K%P
「呜哇……」\n「哇哈……」%K%P
杏奈ちゃんのおっぱいに触れると同時に、\n彼女の手が、股間にぴたっと吸いつく。%K%P
在我摸杏奈酱胸部的同时，\n她的手也握住了我双腿间的东西。%K%P
ふたり揃って、声を漏らして――でも、\nお互いの顔から、目が離せない。%K%P
两个人都发出了声音——但是，\n目光无法从对方的脸上移开。%K%P
%LC杏奈
%LC杏奈
「これが、日向くんの、なんだ……。\n　パジャマ越しなのに、存在感すごい……」%K%P
「这是，日向君的，感觉……\n　明明穿着睡衣，存在感却很强呢……」%K%P
%LC陽菜
%LC阳菜
「ちょっ、にぎにぎしないでってばっ」%K%P
「等，别在这动来动去的啊」%K%P
%LC杏奈
%LC杏奈
「無理。にぎにぎしちゃうよ、これは」%K%P
「做不到。你的这个，不也在动吗」%K%P
杏奈ちゃんの手は、物怖じするどころか、\nペニスの形を確かめるように触ってくる。%K%P
杏奈酱的手非但没有胆怯，\n反而像是要确认阴茎的形状一样，揉了起来。%K%P
パジャマ越しなせいか大胆になれるようで、\n這い回る手つきときたら好奇心旺盛すぎる。%K%P
也许是穿了睡衣的缘故，她好像变得更大胆了，\n这揉来揉去的动作，让我觉得她好奇心太旺盛了。%K%P
%LC杏奈
%LC杏奈
「うわ、うわうわうわ……。\n　撫でるたび、びくびくしてる……」%K%P
「呜哇，呜哇呜哇呜哇……\n　每次抚摸，都会一跳一跳的……」%K%P
%LC陽菜
%LC阳菜
「してるんじゃなくて、させられてるのっ……」%K%P
「我也不想呀，但我控制不住呀……」%K%P
%LC杏奈
%LC杏奈
「私の手、気持ち良いってこと？」%K%P
「我的手，让你舒服了吗？」%K%P
%LC陽菜
%LC阳菜
「んっ……」%K%P
「嗯……」%K%P
恥ずかしくても頷いてしまうぐらい、\n杏奈ちゃんの手のひらは、優しくて心地良い。%K%P
我害羞地点了点头，\n杏奈酱的手很温柔、很舒服。%K%P
自分でさわる感覚とは、まるで違う。%K%P
和自己抚摸的感觉完全不同。%K%P
%LC杏奈
%LC杏奈
「ね、私ばっかりじゃズルいし、\n　日向くんもさわって」%K%P
「呐，只有我摸也太狡猾了，\n　日向君也摸摸吧」%K%P
%LC陽菜
%LC阳菜
「うっ、うんっ……」%K%P
「唔，嗯……」%K%P
股間の刺激に翻弄されっぱなしで、\nただ重ねるだけだった手を、そっと動かす。%K%P
确实一直在被玩弄刺激着腹股间呢，\n我把贴在她胸部的手，轻轻地动了动。%K%P
と、パジャマの布地を通して、\n柔らかさと温かさが、指に伝わってきた。%K%P
啊，透过睡衣的布料，\n这份柔软和温暖，传到了我的手指上。%K%P
%LC陽菜
%LC阳菜
「これが、杏奈ちゃんのおっぱい――」%K%P
「这就是，杏奈酱的胸——」%K%P
ふにっという弾力と、むちっとした反発力。%K%P
弹性十足，每次按压都会弹回来。%K%P
ただそっと揉んでいるだけで、\n股間にぐんぐん血が集まっていく。%K%P
只是轻轻揉了一揉，\n血液就聚集在了股间。%K%P
%LC杏奈
%LC杏奈
「ふぅ、はぁ……んっ、んぅっ……」%K%P
「唔，哈啊……嗯，嗯呜……」%K%P
こねるように手を動かしていくと、\nわずかに硬い感触があることに気付いた。%K%P
こねるように手を動かしていくと、\nわずかに硬い感触があることに気付いた。%K%P
ちょこん、という表現がぴったりなそれは、\n優しく揉むたびに、どんどん自己主張してくる。%K%P
ちょこん、という表現がぴったりなそれは、\n優しく揉むたびに、どんどん自己主張してくる。%K%P
%LC杏奈
%LC杏奈
「んっ……もぅ、\n　乳首ばっかりころころして……」%K%P
「んっ……もぅ、\n　乳首ばっかりころころして……」%K%P
%LC陽菜
%LC陽菜
「しちゃうよ、こんなに勃ってたら」%K%P
「しちゃうよ、こんなに勃ってたら」%K%P
%LC杏奈
%LC杏奈
「んふっ、だよね。\n　私もいま、おんなじ気持ち」%K%P
「んふっ、だよね。\n　私もいま、おんなじ気持ち」%K%P
%LC陽菜
%LC陽菜
「あっ……そこっ、くっ、んんっ」%K%P
「あっ……そこっ、くっ、んんっ」%K%P
囁く彼女の指が、パジャマ越しに亀頭を撫でる。%K%P
囁く彼女の指が、パジャマ越しに亀頭を撫でる。%K%P
さわって、さわられて――、\n同時に経験したからこそ、より強く思う。%K%P
さわって、さわられて――、\n同時に経験したからこそ、より強く思う。%K%P
手のひらに伝わる、微かな鼓動とぬくもり。%K%P
手のひらに伝わる、微かな鼓動とぬくもり。%K%P
きっとオレの心臓も、いま、\n彼女と同じぐらいドキドキしていて。%K%P
きっとオレの心臓も、いま、\n彼女と同じぐらいドキドキしていて。%K%P
血が集まってる股間なんて、\nもっともっと、ビクビク脈を打っていて。%K%P
血が集まってる股間なんて、\nもっともっと、ビクビク脈を打っていて。%K%P
そんなペニスを優しく撫でる彼女の手が、\nなんかもう、すっごく愛しい。%K%P
そんなペニスを優しく撫でる彼女の手が、\nなんかもう、すっごく愛しい。%K%P
%LC杏奈
%LC杏奈
「日向くん、おっぱい好き？」%K%P
「日向くん、おっぱい好き？」%K%P
%LC陽菜
%LC陽菜
「なっ、なんで？」%K%P
「なっ、なんで？」%K%P
%LC杏奈
%LC杏奈
「だって、迷わずおっぱいさわってきたから」%K%P
「だって、迷わずおっぱいさわってきたから」%K%P
%LC杏奈
%LC杏奈
「普通、さわりっこって言ったら、\n　同じ場所をさわろうとするものでしょ？」%K%P
「普通、さわりっこって言ったら、\n　同じ場所をさわろうとするものでしょ？」%K%P
%LC陽菜
%LC陽菜
「あ……」%K%P
「あ……」%K%P
%LC杏奈
%LC杏奈
「ひょっとして前々から私のおっぱい、\n　さわってみたいなーって思ったりしてた？」%K%P
「ひょっとして前々から私のおっぱい、\n　さわってみたいなーって思ったりしてた？」%K%P
%LC陽菜
%LC陽菜
「それは……」%K%P
「それは……」%K%P
%LC陽菜
%LC陽菜
「……うん」%K%P
「……うん」%K%P
切っ掛けはフィエルテ姿を見たときか、\nあるいは、乙女部で偶然、下着姿を見たときか。%K%P
切っ掛けはフィエルテ姿を見たときか、\nあるいは、乙女部で偶然、下着姿を見たときか。%K%P
どちらにせよ、オレにとって彼女のおっぱいは、\nリビドーの対象としては充分すぎる存在で。%K%P
どちらにせよ、オレにとって彼女のおっぱいは、\nリビドーの対象としては充分すぎる存在で。%K%P
けど、それを決定的にしたのは、やっぱり――、%K%P
けど、それを決定的にしたのは、やっぱり――、%K%P
%LC陽菜
%LC陽菜
「例の自撮りが送られてきた日は、\n　ホント、大変だったんだから」%K%P
「例の自撮りが送られてきた日は、\n　ホント、大変だったんだから」%K%P
%LC杏奈
%LC杏奈
「大変って？　どのぐらい？」%K%P
「大変って？　どのぐらい？」%K%P
%LC陽菜
%LC陽菜
「それは、だから……あそこが、\n　今みたいな感じになっちゃうぐらい――」%K%P
「それは、だから……あそこが、\n　今みたいな感じになっちゃうぐらい――」%K%P
%LC杏奈
%LC杏奈
「オナニーした？」%K%P
「オナニーした？」%K%P
%LC陽菜
%LC陽菜
「おなっ……？！」%K%P
「おなっ……？！」%K%P
%LC杏奈
%LC杏奈
「した？」%K%P
「した？」%K%P
%LC陽菜
%LC陽菜
「……してない」%K%P
「……してない」%K%P
%LC杏奈
%LC杏奈
「うぅ、やっぱり私、その程度――」%K%P
「うぅ、やっぱり私、その程度――」%K%P
%LC陽菜
%LC陽菜
「しなかったんじゃなくて、\n　できなかったのっ」%K%P
「しなかったんじゃなくて、\n　できなかったのっ」%K%P
%LC陽菜
%LC陽菜
「もし杏奈ちゃんで、その……オナニーしたら、\n　そのあと絶対、意識しちゃうでしょ？」%K%P
「もし杏奈ちゃんで、その……オナニーしたら、\n　そのあと絶対、意識しちゃうでしょ？」%K%P
%LC陽菜
%LC陽菜
「杏奈ちゃんに会うたび、話すたび、\n　オナニーしたこと、思い出すだろうし……」%K%P
「杏奈ちゃんに会うたび、話すたび、\n　オナニーしたこと、思い出すだろうし……」%K%P
%LC陽菜
%LC陽菜
「それで万が一勃起とかしたら、\n　女装がバレちゃうかもしれないし……」%K%P
「それで万が一勃起とかしたら、\n　女装がバレちゃうかもしれないし……」%K%P
%LC杏奈
%LC杏奈
「日向くんのえっち」%K%P
「日向くんのえっち」%K%P
%LC陽菜
%LC陽菜
「うっ」%K%P
「うっ」%K%P
%LC杏奈
%LC杏奈
「えっちえっちえっち」%K%P
「えっちえっちえっち」%K%P
%LC陽菜
%LC陽菜
「あうぅっ……」%K%P
「あうぅっ……」%K%P
流れで吐露したとはいえ、\nまったくもって返す言葉もない。%K%P
流れで吐露したとはいえ、\nまったくもって返す言葉もない。%K%P
%LC杏奈
%LC杏奈
「あっ……くすっ、日向くんのあそこ、\n　えっちって言うたび、ビクってしてる」%K%P
「あっ……くすっ、日向くんのあそこ、\n　えっちって言うたび、ビクってしてる」%K%P
%LC陽菜
%LC陽菜
「まさか、そんな――」%K%P
「まさか、そんな――」%K%P
%LC杏奈
%LC杏奈
「えっち」%K%P
「えっち」%K%P
びくっ。%K%P
びくっ。%K%P
%LC杏奈
%LC杏奈
「えっちえっちえっち」%K%P
「えっちえっちえっち」%K%P
びくびくびくっ。%K%P
びくびくびくっ。%K%P
%LC杏奈
%LC杏奈
「えっちえっちえっちえっちえっち」%K%P
「えっちえっちえっちえっちえっち」%K%P
びくびくびくびくびくっ。%K%P
びくびくびくびくびくっ。%K%P
%LC陽菜
%LC陽菜
「ちょっ……もうっ、\n　人のあそこで遊ばないでってばっ」%K%P
「ちょっ……もうっ、\n　人のあそこで遊ばないでってばっ」%K%P
%LC杏奈
%LC杏奈
「遊んでないよ。気持ち良くしてるの」%K%P
「遊んでないよ。気持ち良くしてるの」%K%P
%LC杏奈
%LC杏奈
「日向くんの、おち○ぽを」%K%P
「日向くんの、おち○ぽを」%K%P
%LC陽菜
%LC陽菜
「ッッ……」%K%P
「ッッ……」%K%P
破壊力抜群の一撃に、全身がぶるっと波打つ。%K%P
破壊力抜群の一撃に、全身がぶるっと波打つ。%K%P
耳にかかる火照った息が、\nまるで心臓までくすぐってくるみたいだ。%K%P
耳にかかる火照った息が、\nまるで心臓までくすぐってくるみたいだ。%K%P
%LC杏奈
%LC杏奈
「はぅ……こういう言葉って、\n　口に出すだけで、ドキドキするね」%K%P
「はぅ……こういう言葉って、\n　口に出すだけで、ドキドキするね」%K%P
%LC陽菜
%LC陽菜
「言われたほうは、もっとドキドキなんだけど」%K%P
「言われたほうは、もっとドキドキなんだけど」%K%P
まさか杏奈ちゃんの口から、\nおち○ぽって単語が出てくるなんて。%K%P
まさか杏奈ちゃんの口から、\nおち○ぽって単語が出てくるなんて。%K%P
%LC陽菜
%LC陽菜
「……ズルいよ、いきなり」%K%P
「……ズルいよ、いきなり」%K%P
%LC杏奈
%LC杏奈
「奥の手は隠してこそって、\n　練習のとき、日向くんも言ってたし」%K%P
「奥の手は隠してこそって、\n　練習のとき、日向くんも言ってたし」%K%P
%LC陽菜
%LC陽菜
「それは{舞闘:カデンツァ}の話で――」%K%P
「それは{舞闘:カデンツァ}の話で――」%K%P
%LC杏奈
%LC杏奈
「日向くんの股間のクラージュ、\n　今夜は私が独り占めっ……氈v%K%P
「日向くんの股間のクラージュ、\n　今夜は私が独り占めっ……氈v%K%P
%LC陽菜
%LC陽菜
「ひぁうぅッ氈v%K%P
「ひぁうぅッ氈v%K%P
えっち連呼で反応しまくりだったペニスを、\nぐぐっと包み込む杏奈ちゃんの手。%K%P
えっち連呼で反応しまくりだったペニスを、\nぐぐっと包み込む杏奈ちゃんの手。%K%P
裏筋をなぞるように指が滑ってきて、\n思わず裏返った声が漏れてしまう。%K%P
裏筋をなぞるように指が滑ってきて、\n思わず裏返った声が漏れてしまう。%K%P
%LC杏奈
%LC杏奈
「むぅ……いまの声、可愛すぎない？」%K%P
「むぅ……いまの声、可愛すぎない？」%K%P
%LC杏奈
%LC杏奈
「歌ってたときもそうだったけど……。\n　日向くんの声帯ってどうなってるの？」%K%P
「歌ってたときもそうだったけど……。\n　日向くんの声帯ってどうなってるの？」%K%P
%LC陽菜
%LC陽菜
「どうって……まあ、小さい頃は、\n　いろいろとトレーニングしてたし」%K%P
「どうって……まあ、小さい頃は、\n　いろいろとトレーニングしてたし」%K%P
%LC杏奈
%LC杏奈
「ねぇ、もっと聞かせて」%K%P
「ねぇ、もっと聞かせて」%K%P
%LC陽菜
%LC陽菜
「歌を、ってこと？　なら今度――」%K%P
「歌を、ってこと？　なら今度――」%K%P
%LC杏奈
%LC杏奈
「じゃなくて。さっきみたいな声」%K%P
「じゃなくて。さっきみたいな声」%K%P
%LC杏奈
%LC杏奈
「私、日向くんの可愛い声、もっと聞きたい」%K%P
「私、日向くんの可愛い声、もっと聞きたい」%K%P
%LC陽菜
%LC陽菜
「って、んやっ……？！　や、ちょっ……んんっ」%K%P
「って、んやっ……？！　や、ちょっ……んんっ」%K%P
ペニスをさすっていた手に力をこめられて、\nまたもや声が裏返ってしまう。%K%P
ペニスをさすっていた手に力をこめられて、\nまたもや声が裏返ってしまう。%K%P
竿全体を包み込むように撫でる速度が、\nだんだん、どんどん、早くなって――、%K%P
竿全体を包み込むように撫でる速度が、\nだんだん、どんどん、早くなって――、%K%P
%LC陽菜
%LC陽菜
「やっ……だめ、だめだってばっ、\n　それ以上されたら、ほんと、声がっ……」%K%P
「やっ……だめ、だめだってばっ、\n　それ以上されたら、ほんと、声がっ……」%K%P
%LC杏奈
%LC杏奈
「聞きたくてしてるの」%K%P
「聞きたくてしてるの」%K%P
%LC陽菜
%LC陽菜
「ひぐっ？！　んやッ、あっ、あああっ」%K%P
「ひぐっ？！　んやッ、あっ、あああっ」%K%P
びくびく跳ねるペニスに、\n真っ向から立ち向かってくる柔らかい手。%K%P
びくびく跳ねるペニスに、\n真っ向から立ち向かってくる柔らかい手。%K%P
握って、撫でて、こすって、また握って。%K%P
握って、撫でて、こすって、また握って。%K%P
声が聞きたいという明確な目標が出来たせいか、\n杏奈ちゃんの愛撫は留まるところを知らない。%K%P
声が聞きたいという明確な目標が出来たせいか、\n杏奈ちゃんの愛撫は留まるところを知らない。%K%P
%LC陽菜
%LC陽菜
「だめっ、ほんと、ダメっ……。\n　それ以上されたら、出ちゃうってばっ」%K%P
「だめっ、ほんと、ダメっ……。\n　それ以上されたら、出ちゃうってばっ」%K%P
%LC杏奈
%LC杏奈
「おっきな声出して平気だよ？\n　この寮、防音しっかりしてるし」%K%P
「おっきな声出して平気だよ？\n　この寮、防音しっかりしてるし」%K%P
%LC陽菜
%LC陽菜
「そういう意味じゃ、なくてっ……」%K%P
「そういう意味じゃ、なくてっ……」%K%P
%LC陽菜
%LC陽菜
「こういうときに出ちゃうモノが、\n　声以外にも、あるでしょっ……？」%K%P
「こういうときに出ちゃうモノが、\n　声以外にも、あるでしょっ……？」%K%P
%LC杏奈
%LC杏奈
「あ……」%K%P
「あ……」%K%P
さすがに察してくれたらしく、\n杏奈ちゃんの表情が羞恥に染まる。%K%P
さすがに察してくれたらしく、\n杏奈ちゃんの表情が羞恥に染まる。%K%P
%LC杏奈
%LC杏奈
「……日向くん、出ちゃうの？」%K%P
「……日向くん、出ちゃうの？」%K%P
%LC陽菜
%LC陽菜
「んっ……」%K%P
「んっ……」%K%P
攻勢ムードから一転、恥ずかしそうに問われて、\nこっちまで恥ずかしくなってしまう。%K%P
攻勢ムードから一転、恥ずかしそうに問われて、\nこっちまで恥ずかしくなってしまう。%K%P
けど、認めないわけにはいかない。%K%P
けど、認めないわけにはいかない。%K%P
杏奈ちゃんに撫でられまくったペニスは、\nいつ暴発しても、おかしくない。%K%P
杏奈ちゃんに撫でられまくったペニスは、\nいつ暴発しても、おかしくない。%K%P
%LC陽菜
%LC陽菜
「杏奈ちゃん、いったん、手、とめて？\n　でないとパジャマ汚しちゃう」%K%P
「杏奈ちゃん、いったん、手、とめて？\n　でないとパジャマ汚しちゃう」%K%P
%LC杏奈
%LC杏奈
「いいよ、汚しちゃっても」%K%P
「いいよ、汚しちゃっても」%K%P
%LC杏奈
%LC杏奈
「さっき言ったでしょ？\n　パジャマ、記念にとっておくって」%K%P
「さっき言ったでしょ？\n　パジャマ、記念にとっておくって」%K%P
%LC杏奈
%LC杏奈
「日向くんが出してくれたパジャマなら、\n　すっごくいい記念になるもん」%K%P
「日向くんが出してくれたパジャマなら、\n　すっごくいい記念になるもん」%K%P
%LC杏奈
%LC杏奈
「だから、このまま……ね？\n　出しちゃっていいよ？」%K%P
「だから、このまま……ね？\n　出しちゃっていいよ？」%K%P
%LC陽菜
%LC陽菜
「ダメだってそんなのっ。\n　記念にとっとくとか何考えてるのっ」%K%P
「ダメだってそんなのっ。\n　記念にとっとくとか何考えてるのっ」%K%P
%LC杏奈
%LC杏奈
「もちろん、ドスケベなこと」%K%P
「もちろん、ドスケベなこと」%K%P
%LC杏奈
%LC杏奈
「私、ドスケベなんでしょ？\n　そう言ったの日向くんだよ？」%K%P
「私、ドスケベなんでしょ？\n　そう言ったの日向くんだよ？」%K%P
%LC陽菜
%LC陽菜
「ごめんなさいオレが悪かったですっ。\n　ドスケベ発言撤回するからっ」%K%P
「ごめんなさいオレが悪かったですっ。\n　ドスケベ発言撤回するからっ」%K%P
%LC杏奈
%LC杏奈
「いいよ、撤回しないで。\n　私も自分のこと、ドスケベだって思うし」%K%P
「いいよ、撤回しないで。\n　私も自分のこと、ドスケベだって思うし」%K%P
%LC杏奈
%LC杏奈
「だって……感じる日向くん見てると、\n　ゾクゾクしちゃうんだもん……氈v%K%P
「だって……感じる日向くん見てると、\n　ゾクゾクしちゃうんだもん……氈v%K%P
%LC陽菜
%LC陽菜
「ッッ……！　ちょっ、まっ……あ、\n　ひぐっ……あ、あ、あああっ」%K%P
「ッッ……！　ちょっ、まっ……あ、\n　ひぐっ……あ、あ、あああっ」%K%P
裏筋をなぞる手つきがさらに加速して、\n腰がびくびく震える。%K%P
裏筋をなぞる手つきがさらに加速して、\n腰がびくびく震える。%K%P
震えすぎて、ベッドが微かにギシギシいってる。%K%P
震えすぎて、ベッドが微かにギシギシいってる。%K%P
さわりっこしよって提案されたときは、正直、\n襲っちゃったらどうしようなんて思ってたのに。%K%P
さわりっこしよって提案されたときは、正直、\n襲っちゃったらどうしようなんて思ってたのに。%K%P
まさか、こんな展開になるなんて――、%K%P
まさか、こんな展開になるなんて――、%K%P
%LC杏奈
%LC杏奈
「日向くん、すごい……。\n　腰までぶるぶるしちゃってる……」%K%P
「日向くん、すごい……。\n　腰までぶるぶるしちゃってる……」%K%P
%LC杏奈
%LC杏奈
「おち○ぽなでなでされるの、\n　そんなに気持ちいーい……？」%K%P
「おち○ぽなでなでされるの、\n　そんなに気持ちいーい……？」%K%P
%LC陽菜
%LC陽菜
「んッ……はぁ、あっ、あ、あああッ！」%K%P
「んッ……はぁ、あっ、あ、あああッ！」%K%P
%LC杏奈
%LC杏奈
「やうっ……？！　あっ、ふぁんッ、\n　きゅうに、もみもみ……ひあっ、ああッ」%K%P
「やうっ……？！　あっ、ふぁんッ、\n　きゅうに、もみもみ……ひあっ、ああッ」%K%P
パジャマを汚しちゃいけないと、\n射精を堪えようとした身体が強張って。%K%P
パジャマを汚しちゃいけないと、\n射精を堪えようとした身体が強張って。%K%P
その結果、おっぱいを強く掴んでしまって、\n彼女がびくっとのけぞった。%K%P
その結果、おっぱいを強く掴んでしまって、\n彼女がびくっとのけぞった。%K%P
%LC陽菜
%LC陽菜
「ごっ、ごめんっ。\n　急にぎゅってしちゃって」%K%P
「ごっ、ごめんっ。\n　急にぎゅってしちゃって」%K%P
%LC杏奈
%LC杏奈
「あぁ……　いまの、力強くって、\n　すっごくゾクってしちゃったっ……氈v%K%P
「あぁ……　いまの、力強くって、\n　すっごくゾクってしちゃったっ……氈v%K%P
%LC陽菜
%LC陽菜
「んっ、もうっ……」%K%P
「んっ、もうっ……」%K%P
やっぱりドスケベだ。ドスケベすぎる。%K%P
やっぱりドスケベだ。ドスケベすぎる。%K%P
%LC杏奈
%LC杏奈
「ね、もっとして？　おっぱい揉んで？\n　日向くんに揉まれるの、私、大好き」%K%P
「ね、もっとして？　おっぱい揉んで？\n　日向くんに揉まれるの、私、大好き」%K%P
%LC杏奈
%LC杏奈
「おっぱいもみもみしながら、\n　腰ふりふりして、いっぱい出そ？」%K%P
「おっぱいもみもみしながら、\n　腰ふりふりして、いっぱい出そ？」%K%P
自らおっぱいを押しつけるように、\n杏奈ちゃんが距離を詰めてくる。%K%P
自らおっぱいを押しつけるように、\n杏奈ちゃんが距離を詰めてくる。%K%P
火照った肌の熱気が近づくと、\n汗の匂いが濃くなって、頭がくらくらする。%K%P
火照った肌の熱気が近づくと、\n汗の匂いが濃くなって、頭がくらくらする。%K%P
%LC陽菜
%LC陽菜
「だめ、ほんとに出ちゃう、からっ……」%K%P
「だめ、ほんとに出ちゃう、からっ……」%K%P
射精条件はとっくに満たされてて、\nいまはどうにか気合いで蓋をしてるのに。%K%P
射精条件はとっくに満たされてて、\nいまはどうにか気合いで蓋をしてるのに。%K%P
彼女のぬくもりと匂いが、\nその蓋を、少しずつこじ開けて――、%K%P
彼女のぬくもりと匂いが、\nその蓋を、少しずつこじ開けて――、%K%P
%LC杏奈
%LC杏奈
「日向くん、出して。お泊まり記念に、\n　私のパジャマに、たくさんちょうだい？」%K%P
「日向くん、出して。お泊まり記念に、\n　私のパジャマに、たくさんちょうだい？」%K%P
%LC杏奈
%LC杏奈
「日向くんの精子、いっぱいちょうだい？」%K%P
「日向くんの精子、いっぱいちょうだい？」%K%P
%LC陽菜
%LC陽菜
「ぐッ……あ、だめッ……！」%K%P
「ぐッ……あ、だめッ……！」%K%P
%LC杏奈
%LC杏奈
「あぁ……すごい、ビクビクって――」%K%P
「あぁ……すごい、ビクビクって――」%K%P
%LC陽菜
%LC陽菜
「ああっ、出る、出ちゃっ……ぐッ、んぐッッ」%K%P
「ああっ、出る、出ちゃっ……ぐッ、んぐッッ」%K%P
%LC杏奈
%LC杏奈
「うわっ……わ、わぁあああっ……。\n　手に、じゅわーって……これ、すごい……氈v%K%P
「うわっ……わ、わぁあああっ……。\n　手に、じゅわーって……これ、すごい……氈v%K%P
%LC陽菜
%LC陽菜
「ひぐっ……ん、やっ、だめ、\n　いま、撫でちゃっ……はっ、ああっ」%K%P
「ひぐっ……ん、やっ、だめ、\n　いま、撫でちゃっ……はっ、ああっ」%K%P
%LC杏奈
%LC杏奈
「でも、なでなですると……ほら、\n　あったかいのが、びゅ、びゅびゅって」%K%P
「でも、なでなですると……ほら、\n　あったかいのが、びゅ、びゅびゅって」%K%P
精子を吐き出してる最中のペニスは、\n言うまでもなく、すっごく敏感なのに。%K%P
精子を吐き出してる最中のペニスは、\n言うまでもなく、すっごく敏感なのに。%K%P
そんな射精中の亀頭を、\n杏奈ちゃんの手のひらが、こすこすっと――、%K%P
そんな射精中の亀頭を、\n杏奈ちゃんの手のひらが、こすこすっと――、%K%P
%LC陽菜
%LC陽菜
「みゃうッ？！　ひくっ、くあぅ……っ」%K%P
「みゃうッ？！　ひくっ、くあぅ……っ」%K%P
何度も跳ねる腰が、ベッドから浮き上がる。%K%P
何度も跳ねる腰が、ベッドから浮き上がる。%K%P
それでも杏奈ちゃんの手はまったく離れず、\nしっかりとくっついて、最後まで射精を見届けた。%K%P
それでも杏奈ちゃんの手はまったく離れず、\nしっかりとくっついて、最後まで射精を見届けた。%K%P
まさか、イッてる最中に撫でられて、\n立て続けに、イッちゃうなんて……。%K%P
まさか、イッてる最中に撫でられて、\n立て続けに、イッちゃうなんて……。%K%P
%LC陽菜
%LC陽菜
「ふぅ、はぁ……はぁ、あぁ……」%K%P
「ふぅ、はぁ……はぁ、あぁ……」%K%P
%LC杏奈
%LC杏奈
「熱いトロトロが、こんなにいっぱい……。\n　これが、日向くんの精子――」%K%P
「熱いトロトロが、こんなにいっぱい……。\n　これが、日向くんの精子――」%K%P
%LC陽菜
%LC陽菜
「しみじみ言わないのっ。\n　……恥ずかしいから」%K%P
「しみじみ言わないのっ。\n　……恥ずかしいから」%K%P
こっちの顔を覗き込もうとした杏奈ちゃんから、\n気恥ずかしくて目を逸らす。%K%P
こっちの顔を覗き込もうとした杏奈ちゃんから、\n気恥ずかしくて目を逸らす。%K%P
すると、逃がさないとばかりに、\n彼女は唇を重ねてきた。%K%P
すると、逃がさないとばかりに、\n彼女は唇を重ねてきた。%K%P
%LC杏奈
%LC杏奈
「あむっ……ちゅぷっ、ちゅぅ……んむぅ、\n　れろっ、ちゅぷちゅぷ……じゅるるっ」%K%P
「あむっ……ちゅぷっ、ちゅぅ……んむぅ、\n　れろっ、ちゅぷちゅぷ……じゅるるっ」%K%P
%LC陽菜
%LC陽菜
「んいっ……くっ、はうっ、んんぅんっ」%K%P
「んいっ……くっ、はうっ、んんぅんっ」%K%P
濡れた唇が重なって、とろけた舌が絡む。%K%P
濡れた唇が重なって、とろけた舌が絡む。%K%P
回数を重ねれば重ねるほど、\nキス自体の心地良さが、ぐんぐん増していく。%K%P
回数を重ねれば重ねるほど、\nキス自体の心地良さが、ぐんぐん増していく。%K%P
%LC杏奈
%LC杏奈
「んっ……ほんと、日向くんの声、えっちすぎ」%K%P
「んっ……ほんと、日向くんの声、えっちすぎ」%K%P
%LC杏奈
%LC杏奈
「聞いてるだけでドキドキして、\n　声だけでイキそうになっちゃった……」%K%P
「聞いてるだけでドキドキして、\n　声だけでイキそうになっちゃった……」%K%P
%LC陽菜
%LC陽菜
「もう……。すぐそうやって、からかって――」%K%P
「もう……。すぐそうやって、からかって――」%K%P
%LC杏奈
%LC杏奈
「からかってないよ。\n　……私のあそこ、すごい濡れちゃってるもん」%K%P
「からかってないよ。\n　……私のあそこ、すごい濡れちゃってるもん」%K%P
%LC杏奈
%LC杏奈
「だから……ね？\n　今度は一緒に、気持ち良くなろ？」%K%P
「だから……ね？\n　今度は一緒に、気持ち良くなろ？」%K%P
%LC陽菜
%LC陽菜
「……うん」%K%P
「……うん」%K%P
汚してしまったパジャマと、\nそれから下着も、一緒に脱いで。%K%P
汚してしまったパジャマと、\nそれから下着も、一緒に脱いで。%K%P
この先の展開に思いを巡らせていた思考は、\nそれを見た瞬間、真っ白になった。%K%P
この先の展開に思いを巡らせていた思考は、\nそれを見た瞬間、真っ白になった。%K%P
%LC陽菜
%LC陽菜
「……可愛い」%K%P
「……可愛い」%K%P
%LC杏奈
%LC杏奈
「あっ……ん、ありがと……」%K%P
「あっ……ん、ありがと……」%K%P
思わず漏れた感想に、杏奈ちゃんが頬を染める。%K%P
思わず漏れた感想に、杏奈ちゃんが頬を染める。%K%P
その反応は、さっきまでの勢いが嘘のように、\nしおらしさと恥じらいが満載で。%K%P
その反応は、さっきまでの勢いが嘘のように、\nしおらしさと恥じらいが満載で。%K%P
緊張感が、これでもかってほどに伝わってくる。%K%P
緊張感が、これでもかってほどに伝わってくる。%K%P
けど、それに呑まれてこっちまで緊張したら、\nかえって彼女を不安にさせてしまうだろうし――、%K%P
けど、それに呑まれてこっちまで緊張したら、\nかえって彼女を不安にさせてしまうだろうし――、%K%P
%LC杏奈
%LC杏奈
「日向くんの、すっごく、おっきい」%K%P
「日向くんの、すっごく、おっきい」%K%P
%LC陽菜
%LC陽菜
「あっ……ん、ありがと……」%K%P
「あっ……ん、ありがと……」%K%P
思わず、彼女とまったく同じ返事をしてしまう。%K%P
思わず、彼女とまったく同じ返事をしてしまう。%K%P
射精したばかりだっていうのに、\nやる気に満ちたペニスは、まだまだ元気で。%K%P
射精したばかりだっていうのに、\nやる気に満ちたペニスは、まだまだ元気で。%K%P
むしろ、杏奈ちゃんに見られたことで、\nさらに膨張してしまった感じすらある。%K%P
むしろ、杏奈ちゃんに見られたことで、\nさらに膨張してしまった感じすらある。%K%P
%LC杏奈
%LC杏奈
「下、脱がせてもらってもいい？」%K%P
「下、脱がせてもらってもいい？」%K%P
%LC陽菜
%LC陽菜
「うん」%K%P
「うん」%K%P
頷いてパジャマのズボンに手をかけた後、\nそっとそっと、ゆっくりと脱がしていくと。%K%P
頷いてパジャマのズボンに手をかけた後、\nそっとそっと、ゆっくりと脱がしていくと。%K%P
%LC陽菜
%LC陽菜
「わ……」%K%P
「わ……」%K%P
現れた下着と、そこにある染みに、声が漏れる。%K%P
現れた下着と、そこにある染みに、声が漏れる。%K%P
%LC杏奈
%LC杏奈
「どう、かな……？　下着、可愛い？」%K%P
「どう、かな……？　下着、可愛い？」%K%P
%LC陽菜
%LC陽菜
「うん、すっごく」%K%P
「うん、すっごく」%K%P
%LC杏奈
%LC杏奈
「よかった……。これ、一番のお気に入りなんだ」%K%P
「よかった……。これ、一番のお気に入りなんだ」%K%P
%LC杏奈
%LC杏奈
「……今日は、準備する時間、あったから」%K%P
「……今日は、準備する時間、あったから」%K%P
恥じらいながらも、こちらをちらちら窺う。%K%P
恥じらいながらも、こちらをちらちら窺う。%K%P
そういえば美実様に脱がされそうになったときは、\n今日のは可愛くないって抵抗していたんだっけ。%K%P
そういえば美実様に脱がされそうになったときは、\n今日のは可愛くないって抵抗していたんだっけ。%K%P
%LC杏奈
%LC杏奈
「これね、さわり心地もすっごくいいんだよ」%K%P
「これね、さわり心地もすっごくいいんだよ」%K%P
%LC陽菜
%LC陽菜
「そっ、そうなんだ」%K%P
「そっ、そうなんだ」%K%P
%LC杏奈
%LC杏奈
「さわり心地も、すっごくいいんだよ？」%K%P
「さわり心地も、すっごくいいんだよ？」%K%P
%LC陽菜
%LC陽菜
「……ひょっとして、さわってほしい？」%K%P
「……ひょっとして、さわってほしい？」%K%P
%LC杏奈
%LC杏奈
「ん……。そのほうが、\n　心の準備的にも、助かるっていうか……」%K%P
「ん……。そのほうが、\n　心の準備的にも、助かるっていうか……」%K%P
%LC陽菜
%LC陽菜
「じゃあ、その……お言葉に甘えて」%K%P
「じゃあ、その……お言葉に甘えて」%K%P
無言で手を伸ばすのも気まずくて、\n興奮を堪えつつ、そっと手を這わせる。%K%P
無言で手を伸ばすのも気まずくて、\n興奮を堪えつつ、そっと手を這わせる。%K%P
女の子のあそこをさわるなんて初めてだけど、\nどうすればいいかは、なんとなくわかった。%K%P
女の子のあそこをさわるなんて初めてだけど、\nどうすればいいかは、なんとなくわかった。%K%P
彼女の下着には、道しるべがあったから。%K%P
彼女の下着には、道しるべがあったから。%K%P
%LC杏奈
%LC杏奈
「ひあっ、あっ……くっ、んぁっ」%K%P
「ひあっ、あっ……くっ、んぁっ」%K%P
染みのある場所に指で触れると、\nそれだけで、彼女がびくっとのけぞる。%K%P
染みのある場所に指で触れると、\nそれだけで、彼女がびくっとのけぞる。%K%P
%LC杏奈
%LC杏奈
「やぅ……日向くんの指、気持ちいい……」%K%P
「やぅ……日向くんの指、気持ちいい……」%K%P
%LC杏奈
%LC杏奈
「好きな人にさわってもらうのって、\n　こんなに気持ちいいんだ……」%K%P
「好きな人にさわってもらうのって、\n　こんなに気持ちいいんだ……」%K%P
%LC陽菜
%LC陽菜
「そうだよ。すごく気持ちいいんだから」%K%P
「そうだよ。すごく気持ちいいんだから」%K%P
さっきの目が眩むような快感も、\n杏奈ちゃんが触れてくれたからこそで。%K%P
さっきの目が眩むような快感も、\n杏奈ちゃんが触れてくれたからこそで。%K%P
だから、今度はオレが――、%K%P
だから、今度はオレが――、%K%P
%LC杏奈
%LC杏奈
「ひゃうっ……はぁ、んぅうっ、\n　はぁはぁ、あぁ、あっ、あぁあっ」%K%P
「ひゃうっ……はぁ、んぅうっ、\n　はぁはぁ、あぁ、あっ、あぁあっ」%K%P
染みに添って指を上下に動かすと、\nそのたび、艶やかな声が聞こえてくる。%K%P
染みに添って指を上下に動かすと、\nそのたび、艶やかな声が聞こえてくる。%K%P
だから、その声がより多く出るほうへと、\n宝探しみたいに指を滑らせていく。%K%P
だから、その声がより多く出るほうへと、\n宝探しみたいに指を滑らせていく。%K%P
%LC杏奈
%LC杏奈
「ひぐッ……あ、そこっ……くああっ氈v%K%P
「ひぐッ……あ、そこっ……くああっ氈v%K%P
声に従って指を上に進ませた結果、\n小さな突起にぶつかった。%K%P
声に従って指を上に進ませた結果、\n小さな突起にぶつかった。%K%P
下着の上からでもわかる、ちょっと硬い感触。%K%P
下着の上からでもわかる、ちょっと硬い感触。%K%P
さっきおっぱいを揉んでいたときに感じた、\n乳首のそれと、よく似ている。%K%P
さっきおっぱいを揉んでいたときに感じた、\n乳首のそれと、よく似ている。%K%P
%LC陽菜
%LC陽菜
「杏奈ちゃんのクリトリス、可愛い」%K%P
「杏奈ちゃんのクリトリス、可愛い」%K%P
%LC杏奈
%LC杏奈
「ひゃうっ？！　な、なんで、知って」%K%P
「ひゃうっ？！　な、なんで、知って」%K%P
%LC陽菜
%LC陽菜
「杏奈ちゃんだっておち○ぽ知ってたでしょ？」%K%P
「杏奈ちゃんだっておち○ぽ知ってたでしょ？」%K%P
%LC杏奈
%LC杏奈
「そっ、そうだけどっ……」%K%P
「そっ、そうだけどっ……」%K%P
%LC陽菜
%LC陽菜
「見るのもさわるのも、\n　これが初めてだけど――」%K%P
「見るのもさわるのも、\n　これが初めてだけど――」%K%P
%LC陽菜
%LC陽菜
「杏奈ちゃんのクリトリスって、\n　まるでちいさなおち○ぽみたい」%K%P
「杏奈ちゃんのクリトリスって、\n　まるでちいさなおち○ぽみたい」%K%P
%LC杏奈
%LC杏奈
「っっ……？！　ひ、日向くんっ、\n　なに言ってるのっ」%K%P
「っっ……？！　ひ、日向くんっ、\n　なに言ってるのっ」%K%P
%LC陽菜
%LC陽菜
「さっきのお返し」%K%P
「さっきのお返し」%K%P
%LC杏奈
%LC杏奈
「倍返しすぎるよおっ」%K%P
「倍返しすぎるよおっ」%K%P
%LC陽菜
%LC陽菜
「ふふっ、よしよし」%K%P
「ふふっ、よしよし」%K%P
%LC杏奈
%LC杏奈
「ふにゃあああああっ氈v%K%P
「ふにゃあああああっ氈v%K%P
照れる杏奈ちゃんのクリトリスを、\n指のお腹をつかって、優しくなでなで。%K%P
照れる杏奈ちゃんのクリトリスを、\n指のお腹をつかって、優しくなでなで。%K%P
反応してびくっと浮き上がる腰は、\nまるで自分から撫でてって懐いてくるみたいだ。%K%P
反応してびくっと浮き上がる腰は、\nまるで自分から撫でてって懐いてくるみたいだ。%K%P
%LC杏奈
%LC杏奈
「ううぅっ……日向くんのえっち、\n　えっちえっちえっちえっちえっちぃーっ」%K%P
「ううぅっ……日向くんのえっち、\n　えっちえっちえっちえっちえっちぃーっ」%K%P
%LC陽菜
%LC陽菜
「なでなで」%K%P
「なでなで」%K%P
%LC杏奈
%LC杏奈
「んみゃあああっ　ズルいっ、\n　ズルだよっ、なでなで反則ぅぅっ」%K%P
「んみゃあああっ　ズルいっ、\n　ズルだよっ、なでなで反則ぅぅっ」%K%P
必死に身を捩る杏奈ちゃんだけど、\n開いた足は閉じられず、ばたばたするしかなくて。%K%P
必死に身を捩る杏奈ちゃんだけど、\n開いた足は閉じられず、ばたばたするしかなくて。%K%P
その様子も含めて、すっごく可愛い。%K%P
その様子も含めて、すっごく可愛い。%K%P
%LC陽菜
%LC陽菜
「さっき杏奈ちゃんが積極的だった理由、\n　ちょっとわかったかも」%K%P
「さっき杏奈ちゃんが積極的だった理由、\n　ちょっとわかったかも」%K%P
%LC陽菜
%LC陽菜
「好きな子が為す術なく感じてるのって、\n　すっごくゾクゾクするね？」%K%P
「好きな子が為す術なく感じてるのって、\n　すっごくゾクゾクするね？」%K%P
主導権を握ることの大切さは、\n剣術を通して骨身に染みていたけど。%K%P
主導権を握ることの大切さは、\n剣術を通して骨身に染みていたけど。%K%P
まさかそれを、エッチの時にも痛感するなんて。%K%P
まさかそれを、エッチの時にも痛感するなんて。%K%P
%LC杏奈
%LC杏奈
「うぅ、そういうことは、\n　気付かなくっていいのにっ……」%K%P
「うぅ、そういうことは、\n　気付かなくっていいのにっ……」%K%P
%LC陽菜
%LC陽菜
「拗ねないの。もう少ししたら、\n　こんなこと言う余裕もなくなっちゃうし」%K%P
「拗ねないの。もう少ししたら、\n　こんなこと言う余裕もなくなっちゃうし」%K%P
%LC杏奈
%LC杏奈
「ん……」%K%P
「ん……」%K%P
オレの言葉で色々と察したようで、\n杏奈ちゃんが小さく喉を鳴らす。%K%P
オレの言葉で色々と察したようで、\n杏奈ちゃんが小さく喉を鳴らす。%K%P
%LC杏奈
%LC杏奈
「……下着も、お願いしていい？」%K%P
「……下着も、お願いしていい？」%K%P
%LC陽菜
%LC陽菜
「うん」%K%P
「うん」%K%P
頷いて腰に手を伸ばすと、\n杏奈ちゃんは控えめにお尻を浮かせてくれた。%K%P
頷いて腰に手を伸ばすと、\n杏奈ちゃんは控えめにお尻を浮かせてくれた。%K%P
なにげない協力が、共同作業めいていて嬉しい。%K%P
なにげない協力が、共同作業めいていて嬉しい。%K%P
%LC杏奈
%LC杏奈
「はぅぅぅ……っ」%K%P
「はぅぅぅ……っ」%K%P
恥辱に満ちた声とともに現れる、\nとっても綺麗で、柔らかそうな秘所。%K%P
恥辱に満ちた声とともに現れる、\nとっても綺麗で、柔らかそうな秘所。%K%P
下着に染みを作るぐらい感じていたそこは、\n部屋の薄明かりを照り返すぐらい、濡れていて。%K%P
下着に染みを作るぐらい感じていたそこは、\n部屋の薄明かりを照り返すぐらい、濡れていて。%K%P
見た瞬間、挿入したいって、強く想った。%K%P
見た瞬間、挿入したいって、強く想った。%K%P
%LC杏奈
%LC杏奈
「うぅ、めっちゃドキドキする……」%K%P
「うぅ、めっちゃドキドキする……」%K%P
%LC陽菜
%LC陽菜
「深呼吸する？」%K%P
「深呼吸する？」%K%P
%LC杏奈
%LC杏奈
「ううん。今回はいい」%K%P
「ううん。今回はいい」%K%P
%LC杏奈
%LC杏奈
「だって、落ち着くわけないもん。\n　好きな人とひとつになるんだから」%K%P
「だって、落ち着くわけないもん。\n　好きな人とひとつになるんだから」%K%P
%LC杏奈
%LC杏奈
「なので、えっと……この緊張ごと、\n　美味しく召し上がっていただければと……」%K%P
「なので、えっと……この緊張ごと、\n　美味しく召し上がっていただければと……」%K%P
%LC陽菜
%LC陽菜
「どっちかっていうと、\n　食べられちゃうのはオレのほうだけど」%K%P
「どっちかっていうと、\n　食べられちゃうのはオレのほうだけど」%K%P
%LC杏奈
%LC杏奈
「あ……くすっ、んふふっ。確かにそうかも」%K%P
「あ……くすっ、んふふっ。確かにそうかも」%K%P
微笑んだ彼女の肩が、ほんの少し下がる。%K%P
微笑んだ彼女の肩が、ほんの少し下がる。%K%P
%LC陽菜
%LC陽菜
「どう？　少しは力、抜けた？」%K%P
「どう？　少しは力、抜けた？」%K%P
%LC杏奈
%LC杏奈
「うん。笑ったおかげで、良い感じ」%K%P
「うん。笑ったおかげで、良い感じ」%K%P
%LC杏奈
%LC杏奈
「と、いうわけで……お願いします」%K%P
「と、いうわけで……お願いします」%K%P
%LC陽菜
%LC陽菜
「こちらこそ」%K%P
「こちらこそ」%K%P
間を置いたら、お互いまた緊張しちゃうから、\n慌てず騒がず……でも、なるべく急いで。%K%P
間を置いたら、お互いまた緊張しちゃうから、\n慌てず騒がず……でも、なるべく急いで。%K%P
反り返るペニスに手を添えたら、\n濡れた膣口へ、しっかりエスコートして――、%K%P
反り返るペニスに手を添えたら、\n濡れた膣口へ、しっかりエスコートして――、%K%P
%LC杏奈
%LC杏奈
「んうッ……！　ぐっ、んんんぅッ……」%K%P
「んうッ……！　ぐっ、んんんぅッ……」%K%P
秘裂を割り開くように押し込んだ亀頭が、\nぬるんっと膣内に吸い込まれていく。%K%P
秘裂を割り開くように押し込んだ亀頭が、\nぬるんっと膣内に吸い込まれていく。%K%P
苦悶の声に、腰が引けそうになる、けど。%K%P
苦悶の声に、腰が引けそうになる、けど。%K%P
%LC杏奈
%LC杏奈
「お願い、そのまま、来てっ……？\n　私の初めて、もらって、日向くんっ」%K%P
「お願い、そのまま、来てっ……？\n　私の初めて、もらって、日向くんっ」%K%P
%LC陽菜
%LC陽菜
「うんっ……！」%K%P
「うんっ……！」%K%P
他でもない彼女のエールに背中を押されて。%K%P
他でもない彼女のエールに背中を押されて。%K%P
網の目にも似た抵抗を突き破った瞬間、\n不思議と全身が、ぞわぞわっと身震いした。%K%P
網の目にも似た抵抗を突き破った瞬間、\n不思議と全身が、ぞわぞわっと身震いした。%K%P
%LC杏奈
%LC杏奈
「ひぐっ……はぁ、はぁ……んぅ、\n　ちゃんと、ぜんぶ、入った……？」%K%P
「ひぐっ……はぁ、はぁ……んぅ、\n　ちゃんと、ぜんぶ、入った……？」%K%P
%LC陽菜
%LC陽菜
「うん。ちゃんと、ぜんぶ、入ってるよ」%K%P
「うん。ちゃんと、ぜんぶ、入ってるよ」%K%P
見下ろせば、挿入したペニスを伝って、\n純潔を示す赤い印が垂れていく。%K%P
見下ろせば、挿入したペニスを伝って、\n純潔を示す赤い印が垂れていく。%K%P
%LC杏奈
%LC杏奈
「はぁ、はぁ……んっ、えへへ……。\n　どうしよ、想像より、めっちゃ痛い」%K%P
「はぁ、はぁ……んっ、えへへ……。\n　どうしよ、想像より、めっちゃ痛い」%K%P
%LC陽菜
%LC陽菜
「なら、いったん――」%K%P
「なら、いったん――」%K%P
%LC杏奈
%LC杏奈
「いいの。痛いってわかってて、\n　それでも、ひとつになりたかったんだもん」%K%P
「いいの。痛いってわかってて、\n　それでも、ひとつになりたかったんだもん」%K%P
%LC杏奈
%LC杏奈
「だからこのぐらい平気だし、むしろ痛みが\n　愛しいっていうか、嬉しいっていうか――」%K%P
「だからこのぐらい平気だし、むしろ痛みが\n　愛しいっていうか、嬉しいっていうか――」%K%P
%LC杏奈
%LC杏奈
「って、私マゾじゃないよっ？\n　痛いのとか好きじゃないからねっ？」%K%P
「って、私マゾじゃないよっ？\n　痛いのとか好きじゃないからねっ？」%K%P
%LC陽菜
%LC陽菜
「知ってる。ちっちゃい頃、\n　注射怖くて泣いてたもんね」%K%P
「知ってる。ちっちゃい頃、\n　注射怖くて泣いてたもんね」%K%P
%LC杏奈
%LC杏奈
「なんでいま言うのっ」%K%P
「なんでいま言うのっ」%K%P
%LC陽菜
%LC陽菜
「いま思い出したから」%K%P
「いま思い出したから」%K%P
%LC杏奈
%LC杏奈
「むぐぐぐぅーっ……」%K%P
「むぐぐぐぅーっ……」%K%P
拗ねた視線でこっちを見上げながら、\n不満を表すように唇を尖らせる。%K%P
拗ねた視線でこっちを見上げながら、\n不満を表すように唇を尖らせる。%K%P
それはもう、これ以上ないチャンスで。%K%P
それはもう、これ以上ないチャンスで。%K%P
%LC陽菜
%LC陽菜
「杏奈ちゃん。……ちゅっ、あむっ」%K%P
「杏奈ちゃん。……ちゅっ、あむっ」%K%P
%LC杏奈
%LC杏奈
「んんぅむッ……　んぅっ、はあっ、\n　んあっ……ちゅっ、んむ、んぅ、はあっ」%K%P
「んんぅむッ……　んぅっ、はあっ、\n　んあっ……ちゅっ、んむ、んぅ、はあっ」%K%P
覆い被さるようにして唇を重ねると、\n腰がより密着して、亀頭が奥へと潜っていく。%K%P
覆い被さるようにして唇を重ねると、\n腰がより密着して、亀頭が奥へと潜っていく。%K%P
ぬるぬるのヒダを掻き分けるたび、\n彼女との繋がりが、どんどん深くなって。%K%P
ぬるぬるのヒダを掻き分けるたび、\n彼女との繋がりが、どんどん深くなって。%K%P
愛しい気持ちも、どんどん増していく。%K%P
愛しい気持ちも、どんどん増していく。%K%P
%LC陽菜
%LC陽菜
「杏奈ちゃん、大好き」%K%P
「杏奈ちゃん、大好き」%K%P
%LC杏奈
%LC杏奈
「ぐッ……んもうっ、\n　不意打ちとか、ズルいっ……」%K%P
「ぐッ……んもうっ、\n　不意打ちとか、ズルいっ……」%K%P
%LC陽菜
%LC陽菜
「奇襲も立派な戦法だから」%K%P
「奇襲も立派な戦法だから」%K%P
%LC杏奈
%LC杏奈
「なら、次はガードするっ。\n　私、守るの得意だもん」%K%P
「なら、次はガードするっ。\n　私、守るの得意だもん」%K%P
%LC陽菜
%LC陽菜
「なら、勝負っ……！」%K%P
「なら、勝負っ……！」%K%P
%LC杏奈
%LC杏奈
「うにゃあっ？！　やっ、まっ……あぁんっ、\n　腰、ずんずんしちゃっ……くあっ、あああっ」%K%P
「うにゃあっ？！　やっ、まっ……あぁんっ、\n　腰、ずんずんしちゃっ……くあっ、あああっ」%K%P
%LC陽菜
%LC陽菜
「どう？　このぐらいなら、痛くない？」%K%P
「どう？　このぐらいなら、痛くない？」%K%P
%LC杏奈
%LC杏奈
「うんっ、へーき……っていうか、\n　動いてもらってるほうが、楽かもっ……」%K%P
「うんっ、へーき……っていうか、\n　動いてもらってるほうが、楽かもっ……」%K%P
%LC杏奈
%LC杏奈
「あそこ、ずんずん、されるとっ、\n　いっぱい、ゾクゾクする……っ」%K%P
「あそこ、ずんずん、されるとっ、\n　いっぱい、ゾクゾクする……っ」%K%P
%LC杏奈
%LC杏奈
「だから、もっと、もっとね、\n　いっぱい日向くん、ちょうだい？」%K%P
「だから、もっと、もっとね、\n　いっぱい日向くん、ちょうだい？」%K%P
%LC陽菜
%LC陽菜
「いいよ。たくさん、あげる……っ！」%K%P
「いいよ。たくさん、あげる……っ！」%K%P
%LC杏奈
%LC杏奈
「くぁうぅっ　しゅごっ……んあう、\n　やあっ、いいっ、きもちいい……っ」%K%P
「くぁうぅっ　しゅごっ……んあう、\n　やあっ、いいっ、きもちいい……っ」%K%P
見つめ合って言葉を交わしながら、\n少しずつ気持ちを高めていく。%K%P
見つめ合って言葉を交わしながら、\n少しずつ気持ちを高めていく。%K%P
破瓜の痛みを消すことはできないけれど、\nそれを上回る快感を、あげられるように――、%K%P
破瓜の痛みを消すことはできないけれど、\nそれを上回る快感を、あげられるように――、%K%P
%LC杏奈
%LC杏奈
「はぁ、ああっ……はあっ、あぁあっ、\n　んぐうっ、んあっ……あっ、んぁうっ氈v%K%P
「はぁ、ああっ……はあっ、あぁあっ、\n　んぐうっ、んあっ……あっ、んぁうっ氈v%K%P
%LC杏奈
%LC杏奈
「はぁ、はぁっ……やあっ、どうしよ、\n　はじめてなのに、すっごい感じてるっ……」%K%P
「はぁ、はぁっ……やあっ、どうしよ、\n　はじめてなのに、すっごい感じてるっ……」%K%P
%LC杏奈
%LC杏奈
「私、ほんとに、ドスケベかもっ……」%K%P
「私、ほんとに、ドスケベかもっ……」%K%P
%LC陽菜
%LC陽菜
「かもじゃなくて、ドスケベでしょ？」%K%P
「かもじゃなくて、ドスケベでしょ？」%K%P
%LC杏奈
%LC杏奈
「んっ……　日向くんがそう言うなら、\n　私、ドスケベでもいいっ……氈v%K%P
「んっ……　日向くんがそう言うなら、\n　私、ドスケベでもいいっ……氈v%K%P
%LC杏奈
%LC杏奈
「だから、もっと……ねっ？\n　ドスケベな彼女に、おち○ぽちょうだい？」%K%P
「だから、もっと……ねっ？\n　ドスケベな彼女に、おち○ぽちょうだい？」%K%P
%LC杏奈
%LC杏奈
「日向くんのえっちなおち○ぽで、\n　おま○こ、いっぱいずんずんしてっ？」%K%P
「日向くんのえっちなおち○ぽで、\n　おま○こ、いっぱいずんずんしてっ？」%K%P
%LC陽菜
%LC陽菜
「なッ……んっ、もうっ、\n　いきなり振り切りすぎっ」%K%P
「なッ……んっ、もうっ、\n　いきなり振り切りすぎっ」%K%P
%LC杏奈
%LC杏奈
「こうでもしないと、勝ち目ないもんっ」%K%P
「こうでもしないと、勝ち目ないもんっ」%K%P
杏奈ちゃんが微笑むと同時に、\n膣内の具合が、がらりと変わる。%K%P
杏奈ちゃんが微笑むと同時に、\n膣内の具合が、がらりと変わる。%K%P
ヒダの密度が増して、愛液が絡みついて、\nペニスが一気に揉みくちゃにされていく。%K%P
ヒダの密度が増して、愛液が絡みついて、\nペニスが一気に揉みくちゃにされていく。%K%P
%LC陽菜
%LC陽菜
「杏奈ちゃんの膣内、\n　いきなり、ぎゅってっ……」%K%P
「杏奈ちゃんの膣内、\n　いきなり、ぎゅってっ……」%K%P
%LC杏奈
%LC杏奈
「日向くんが教えてくれたんだよ？\n　攻めるときは、相手の剣を抑え込めって」%K%P
「日向くんが教えてくれたんだよ？\n　攻めるときは、相手の剣を抑え込めって」%K%P
%LC杏奈
%LC杏奈
「だからこうして、\n　膣内で、ぎゅぅぅーってっ……氈v%K%P
「だからこうして、\n　膣内で、ぎゅぅぅーってっ……氈v%K%P
気付けばペニスは囲まれて、\nわずかに腰を引くことすら出来ない。%K%P
気付けばペニスは囲まれて、\nわずかに腰を引くことすら出来ない。%K%P
先に動いたらやられる――そんな状況に、\n知らず知らず闘志が燃えてしまう。%K%P
先に動いたらやられる――そんな状況に、\n知らず知らず闘志が燃えてしまう。%K%P
%LC陽菜
%LC陽菜
「そっちがその気なら……えいッ！」%K%P
「そっちがその気なら……えいッ！」%K%P
%LC杏奈
%LC杏奈
「きゃうっ！？　んやっ、ああぁあああッ」%K%P
「きゃうっ！？　んやっ、ああぁあああッ」%K%P
懸命に力を込めていた分、\n杏奈ちゃんの膣内は敏感になっていて。%K%P
懸命に力を込めていた分、\n杏奈ちゃんの膣内は敏感になっていて。%K%P
まさかの反撃を受けた杏奈ちゃんの身体は、\n一瞬で、ふにゃんととろけて茹で上がった。%K%P
まさかの反撃を受けた杏奈ちゃんの身体は、\n一瞬で、ふにゃんととろけて茹で上がった。%K%P
%LC杏奈
%LC杏奈
「ふぁう……はぁはぁ、あっ、ああっ……歃n　いまの、すっごい、よかったよぅ……っ氈v%K%P
「ふぁう……はぁはぁ、あっ、ああっ……歃n　いまの、すっごい、よかったよぅ……っ氈v%K%P
%LC陽菜
%LC陽菜
「もっと欲しい？」%K%P
「もっと欲しい？」%K%P
%LC杏奈
%LC杏奈
「うん、欲しいっ」%K%P
「うん、欲しいっ」%K%P
%LC杏奈
%LC杏奈
「日向くん好き、大好きっ、\n　だからもっと日向くん欲しいっ」%K%P
「日向くん好き、大好きっ、\n　だからもっと日向くん欲しいっ」%K%P
%LC杏奈
%LC杏奈
「おま○こ、じゅぽじゅぽっ……はあっ、\n　お願い、もっと攻めて、いっぱい攻めてっ」%K%P
「おま○こ、じゅぽじゅぽっ……はあっ、\n　お願い、もっと攻めて、いっぱい攻めてっ」%K%P
%LC杏奈
%LC杏奈
「あっ、ああっ、はぁっ、そこ、おくっ、\n　おくいいっ、いいの、気持ちいいようっ氈v%K%P
「あっ、ああっ、はぁっ、そこ、おくっ、\n　おくいいっ、いいの、気持ちいいようっ氈v%K%P
杏奈ちゃんの声が熱を帯びるほど、\n膣内はどんどん狭くなって。%K%P
杏奈ちゃんの声が熱を帯びるほど、\n膣内はどんどん狭くなって。%K%P
キツキツな圧は、ほんのちょっとの挿抜でも、\nよだれが垂れるほど気持ちよくて。%K%P
キツキツな圧は、ほんのちょっとの挿抜でも、\nよだれが垂れるほど気持ちよくて。%K%P
３度目の射精が、すぐ、そこまで――、%K%P
３度目の射精が、すぐ、そこまで――、%K%P
%LC陽菜
%LC陽菜
「杏奈ちゃん、オレ、もうッ……」%K%P
「杏奈ちゃん、オレ、もうッ……」%K%P
%LC杏奈
%LC杏奈
「うんっ。私も、もう、限界っ……」%K%P
「うんっ。私も、もう、限界っ……」%K%P
%LC杏奈
%LC杏奈
「さっきからずっと気持ち良くて、\n　いつイッても、おかしくなくてっ……」%K%P
「さっきからずっと気持ち良くて、\n　いつイッても、おかしくなくてっ……」%K%P
%LC杏奈
%LC杏奈
「だから、一緒に……ねっ？　お願いっ」%K%P
「だから、一緒に……ねっ？　お願いっ」%K%P
%LC陽菜
%LC陽菜
「うんっ……！」%K%P
「うんっ……！」%K%P
ありったけの力を竿の根元に集めて、\nいまにも溢れ出そうな精子を押し留める。%K%P
ありったけの力を竿の根元に集めて、\nいまにも溢れ出そうな精子を押し留める。%K%P
大好きな子の願いを叶えるために、\n堪えて、堪えて、堪えて、堪えて――、%K%P
大好きな子の願いを叶えるために、\n堪えて、堪えて、堪えて、堪えて――、%K%P
%LC杏奈
%LC杏奈
「んやあっ、ああっ、あああッ……！　\n　だめ、いく、イッちゃうっ……！」%K%P
「んやあっ、ああっ、あああッ……！　\n　だめ、いく、イッちゃうっ……！」%K%P
%LC陽菜
%LC陽菜
「杏奈ちゃん、いっしょにっ……！」%K%P
「杏奈ちゃん、いっしょにっ……！」%K%P
%LC杏奈
%LC杏奈
「うんっ、いっしょにっ……！」%K%P
「うんっ、いっしょにっ……！」%K%P
%LC杏奈
%LC杏奈
「ひあっ、あっ、ああっ、いくっ、\n　イッちゃっ……あぁああああああっ！」%K%P
「ひあっ、あっ、ああっ、いくっ、\n　イッちゃっ……あぁああああああっ！」%K%P
%LC杏奈
%LC杏奈
「んうッ……んっ、ふぅっ……んぅんッ、\n　膣内で、びゅくって……あっ、あああっ」%K%P
「んうッ……んっ、ふぅっ……んぅんッ、\n　膣内で、びゅくって……あっ、あああっ」%K%P
%LC杏奈
%LC杏奈
「ああっ、あぁ……まだっ……やうっ、\n　日向くんのおち○ぽ、しゅごひっ……氈v%K%P
「ああっ、あぁ……まだっ……やうっ、\n　日向くんのおち○ぽ、しゅごひっ……氈v%K%P
身悶える彼女にぴったりとくっついて、\n玉袋の中身を、もれなくすべて注いでいく。%K%P
身悶える彼女にぴったりとくっついて、\n玉袋の中身を、もれなくすべて注いでいく。%K%P
彼女が欲しがってくれた精子を、\n一滴たりとも、こぼさないように――、%K%P
彼女が欲しがってくれた精子を、\n一滴たりとも、こぼさないように――、%K%P
%LC陽菜
%LC陽菜
「んんっ……ふぅっ、くぅんんッ……」%K%P
「んんっ……ふぅっ、くぅんんッ……」%K%P
精も根も、声も振り絞って、出し尽くして。%K%P
精も根も、声も振り絞って、出し尽くして。%K%P
最後は抱きつくように、彼女の上に倒れ込んだ。%K%P
最後は抱きつくように、彼女の上に倒れ込んだ。%K%P
%LC杏奈
%LC杏奈
「ふぅ、ふぅ……はぁ、あぁ……。\n　おま○こ、すっごくあったかい……氈v%K%P
「ふぅ、ふぅ……はぁ、あぁ……。\n　おま○こ、すっごくあったかい……氈v%K%P
%LC陽菜
%LC陽菜
「うんっ……。おま○こ、あったかい……」%K%P
「うんっ……。おま○こ、あったかい……」%K%P
思わず復唱しちゃうぐらい、\n杏奈ちゃんの膣内は、本当にあったかくて。%K%P
思わず復唱しちゃうぐらい、\n杏奈ちゃんの膣内は、本当にあったかくて。%K%P
それはまるで、陽だまりみたいだった。%K%P
それはまるで、陽だまりみたいだった。%K%P
%LC杏奈
%LC杏奈
「日向くん、気持ちよさそう……」%K%P
「日向くん、気持ちよさそう……」%K%P
%LC陽菜
%LC陽菜
「気持ちよすぎて寝ちゃいそう」%K%P
「気持ちよすぎて寝ちゃいそう」%K%P
%LC杏奈
%LC杏奈
「私はそれでも構わないけど」%K%P
「私はそれでも構わないけど」%K%P
%LC陽菜
%LC陽菜
「だーめ。オレを乗っけたままとか、\n　杏奈ちゃんが疲れちゃうでしょ？」%K%P
「だーめ。オレを乗っけたままとか、\n　杏奈ちゃんが疲れちゃうでしょ？」%K%P
%LC杏奈
%LC杏奈
「日向くん軽いし平気」%K%P
「日向くん軽いし平気」%K%P
%LC杏奈
%LC杏奈
「それに……このまま寝てくれたら、\n　おち○ぽ入ったまんまだし……氈v%K%P
「それに……このまま寝てくれたら、\n　おち○ぽ入ったまんまだし……氈v%K%P
%LC陽菜
%LC陽菜
「おきるっ」%K%P
「おきるっ」%K%P
%LC杏奈
%LC杏奈
「ああっ！？」%K%P
「ああっ！？」%K%P
どうにか身体を起こすと、\n硬さを失いつつあったペニスがするっと抜けて。%K%P
どうにか身体を起こすと、\n硬さを失いつつあったペニスがするっと抜けて。%K%P
膣口から一緒にあふれ出た精子は、\n真っ白じゃなく、わずかに朱色が混じっていた。%K%P
膣口から一緒にあふれ出た精子は、\n真っ白じゃなく、わずかに朱色が混じっていた。%K%P
%LC杏奈
%LC杏奈
「うぅ、日向くんのいじわるぅ……」%K%P
「うぅ、日向くんのいじわるぅ……」%K%P
%LC陽菜
%LC陽菜
「拗ねてもダメ。\n　今夜はちゃんと身体を労ること」%K%P
「拗ねてもダメ。\n　今夜はちゃんと身体を労ること」%K%P
%LC陽菜
%LC陽菜
「だから……そういうのは、また今度ね」%K%P
「だから……そういうのは、また今度ね」%K%P
%LC杏奈
%LC杏奈
「あっ……うんっ氈v%K%P
「あっ……うんっ氈v%K%P
またエッチしよう――とは、\n照れくささもあって、言えなくて。%K%P
またエッチしよう――とは、\n照れくささもあって、言えなくて。%K%P
それでも、また今度って言葉に込めた真意に、\n杏奈ちゃんは気付いてくれたみたいだった。%K%P
それでも、また今度って言葉に込めた真意に、\n杏奈ちゃんは気付いてくれたみたいだった。%K%P
初エッチをどうにか無事に終えたあと、\nへとへとのまま、ベッドにごろんと横になる。%K%P
初エッチをどうにか無事に終えたあと、\nへとへとのまま、ベッドにごろんと横になる。%K%P
けど、おやすみなさいまた明日――なんて、\nすんなりと眠れるはずもなく。%K%P
けど、おやすみなさいまた明日――なんて、\nすんなりと眠れるはずもなく。%K%P
%LC杏奈
%LC杏奈
「んふっ……にひっ、にひひっ……氈v%K%P
「んふっ……にひっ、にひひっ……氈v%K%P
嬉しさ滲みまくりの笑い声と一緒に、\nぱたぱたという音が聞こえてくる。%K%P
嬉しさ滲みまくりの笑い声と一緒に、\nぱたぱたという音が聞こえてくる。%K%P
その正体は、杏奈ちゃんの両足が、\n嬉しそうにバタ足している音だった。%K%P
その正体は、杏奈ちゃんの両足が、\n嬉しそうにバタ足している音だった。%K%P
%LC陽菜
%LC陽菜
「寝なくて大丈夫？」%K%P
「寝なくて大丈夫？」%K%P
%LC杏奈
%LC杏奈
「なんか、気分が高揚しちゃって……。\n　かえって目が冴えてきちゃった」%K%P
「なんか、気分が高揚しちゃって……。\n　かえって目が冴えてきちゃった」%K%P
%LC杏奈
%LC杏奈
「ちっちゃな頃の記憶も、\n　いろいろと甦ったりして――」%K%P
「ちっちゃな頃の記憶も、\n　いろいろと甦ったりして――」%K%P
%LC杏奈
%LC杏奈
「こうやって一緒に寝るの、\n　すっごく久しぶりだなぁ……とか」%K%P
「こうやって一緒に寝るの、\n　すっごく久しぶりだなぁ……とか」%K%P
%LC陽菜
%LC陽菜
「そういえば幼稚園って、\n　お昼寝する時間とかあったよね」%K%P
「そういえば幼稚園って、\n　お昼寝する時間とかあったよね」%K%P
%LC杏奈
%LC杏奈
「私、いっつも日向くんの隣で寝てて」%K%P
「私、いっつも日向くんの隣で寝てて」%K%P
%LC陽菜
%LC陽菜
「気付くと抱きつかれてて」%K%P
「気付くと抱きつかれてて」%K%P
%LC杏奈
%LC杏奈
「くすっ、そうそう」%K%P
「くすっ、そうそう」%K%P
%LC杏奈
%LC杏奈
「そのせいか私、大きくなった今でも、\n　なにか抱っこしてないと寝付き悪いんだ」%K%P
「そのせいか私、大きくなった今でも、\n　なにか抱っこしてないと寝付き悪いんだ」%K%P
%LC陽菜
%LC陽菜
「なら、いまはその枕を抱いて寝てるってこと？」%K%P
「なら、いまはその枕を抱いて寝てるってこと？」%K%P
%LC杏奈
%LC杏奈
「うん。ぼっこ２号」%K%P
「うん。ぼっこ２号」%K%P
%LC陽菜
%LC陽菜
「なにそれ」%K%P
「なにそれ」%K%P
%LC杏奈
%LC杏奈
「枕の名前」%K%P
「枕の名前」%K%P
%LC陽菜
%LC陽菜
「１号は？」%K%P
「１号は？」%K%P
%LC杏奈
%LC杏奈
「家にあるよ。ただ、１０年近く使ってたから、\n　さすがにボロボロになっちゃって」%K%P
「家にあるよ。ただ、１０年近く使ってたから、\n　さすがにボロボロになっちゃって」%K%P
%LC杏奈
%LC杏奈
「寮に入ったときに、これを買ったの。\n　だから２号」%K%P
「寮に入ったときに、これを買ったの。\n　だから２号」%K%P
%LC杏奈
%LC杏奈
「ちなみにぼっこって名前は、\n　日向くんからつけました」%K%P
「ちなみにぼっこって名前は、\n　日向くんからつけました」%K%P
%LC杏奈
%LC杏奈
「日向ぼっこ、で、ぼっこ」%K%P
「日向ぼっこ、で、ぼっこ」%K%P
%LC陽菜
%LC陽菜
「ってことは……１０年間、\n　毎晩抱きしめられてたってこと？」%K%P
「ってことは……１０年間、\n　毎晩抱きしめられてたってこと？」%K%P
%LC杏奈
%LC杏奈
「そういうことっ氈v%K%P
「そういうことっ氈v%K%P
嬉しそうににこにこ笑いながら、\n枕をぎゅっと抱く杏奈ちゃん。%K%P
嬉しそうににこにこ笑いながら、\n枕をぎゅっと抱く杏奈ちゃん。%K%P
と、その顔が、不意に真面目になった。%K%P
と、その顔が、不意に真面目になった。%K%P
%LC杏奈
%LC杏奈
「指南役補佐の先生が復職したら、\n　日向くん、学園を辞めちゃうの？」%K%P
「指南役補佐の先生が復職したら、\n　日向くん、学園を辞めちゃうの？」%K%P
%LC陽菜
%LC陽菜
「一応、その予定だけど――」%K%P
「一応、その予定だけど――」%K%P
%LC陽菜
%LC陽菜
「だた……この学園に居続けたいって気持ちも、\n　今は、けっこう大きくなっちゃってて」%K%P
「だた……この学園に居続けたいって気持ちも、\n　今は、けっこう大きくなっちゃってて」%K%P
%LC杏奈
%LC杏奈
「女装に目覚めちゃった？」%K%P
「女装に目覚めちゃった？」%K%P
%LC陽菜
%LC陽菜
「そうかも」%K%P
「そうかも」%K%P
%LC杏奈
%LC杏奈
「え……えええっ？！\n　私、冗談で言ったのに」%K%P
「え……えええっ？！\n　私、冗談で言ったのに」%K%P
%LC陽菜
%LC陽菜
「わかってる。オレも冗談」%K%P
「わかってる。オレも冗談」%K%P
%LC杏奈
%LC杏奈
「ぐぬぬぅーっ」%K%P
「ぐぬぬぅーっ」%K%P
%LC陽菜
%LC陽菜
「ふふっ。……でも、以前ほど、\n　女装に抵抗がないのも確かで――」%K%P
「ふふっ。……でも、以前ほど、\n　女装に抵抗がないのも確かで――」%K%P
%LC陽菜
%LC陽菜
「この学園に通うために必要なら、\n　続けるのもやぶさかじゃない、というか」%K%P
「この学園に通うために必要なら、\n　続けるのもやぶさかじゃない、というか」%K%P
%LC陽菜
%LC陽菜
「そんなふうに思えるぐらい、\n　この学園を好きになっちゃったみたい」%K%P
「そんなふうに思えるぐらい、\n　この学園を好きになっちゃったみたい」%K%P
%LC杏奈
%LC杏奈
「素敵なお隣さんもいることだし」%K%P
「素敵なお隣さんもいることだし」%K%P
%LC陽菜
%LC陽菜
「だね。頑張り屋さんで可愛くて、\n　とってもとっても愛おしいお隣さんが」%K%P
「だね。頑張り屋さんで可愛くて、\n　とってもとっても愛おしいお隣さんが」%K%P
%LC杏奈
%LC杏奈
「んふっ……にひっ、えへへ氈v%K%P
「んふっ……にひっ、えへへ氈v%K%P
すぐに反応しちゃうとこ、本当に可愛い。%K%P
すぐに反応しちゃうとこ、本当に可愛い。%K%P
%LC杏奈
%LC杏奈
「けど、そういうことなら、\n　一分一秒たりとも無駄にできないね」%K%P
「けど、そういうことなら、\n　一分一秒たりとも無駄にできないね」%K%P
%LC杏奈
%LC杏奈
「今のうちに、もっと色々教わって、\n　少しでも強くならなくちゃ」%K%P
「今のうちに、もっと色々教わって、\n　少しでも強くならなくちゃ」%K%P
%LC杏奈
%LC杏奈
「で、来年こそ銀蘭祭の{舞闘:カデンツァ}に出て、\n　その姿を日向くんに見てもらうんだ」%K%P
「で、来年こそ銀蘭祭の{舞闘:カデンツァ}に出て、\n　その姿を日向くんに見てもらうんだ」%K%P
%LC杏奈
%LC杏奈
「それが私の、新しい目標」%K%P
「それが私の、新しい目標」%K%P
声を弾ませて語る彼女の姿に、\n自然と胸が高鳴ってしまう。%K%P
声を弾ませて語る彼女の姿に、\n自然と胸が高鳴ってしまう。%K%P
雨の中、悔しさで涙を滲ませてから、\nまだ一日と経っていないのに。%K%P
雨の中、悔しさで涙を滲ませてから、\nまだ一日と経っていないのに。%K%P
こんなにも真っ直ぐ、\n前を向くことが出来るだなんて。%K%P
こんなにも真っ直ぐ、\n前を向くことが出来るだなんて。%K%P
%LC陽菜
%LC陽菜
「……すごいね、杏奈ちゃんは」%K%P
「……すごいね、杏奈ちゃんは」%K%P
%LC杏奈
%LC杏奈
「私がすごいとしたら、\n　それはぜんぶ、日向くんのおかげ」%K%P
「私がすごいとしたら、\n　それはぜんぶ、日向くんのおかげ」%K%P
%LC杏奈
%LC杏奈
「不束者だけど……これからも、\n　よろしくお願いします」%K%P
「不束者だけど……これからも、\n　よろしくお願いします」%K%P
%LC陽菜
%LC陽菜
「こちらこそ」%K%P
「こちらこそ」%K%P
相変わらず足をぱたぱたさせながら、\n小さくお辞儀をする杏奈ちゃん。%K%P
相変わらず足をぱたぱたさせながら、\n小さくお辞儀をする杏奈ちゃん。%K%P
なにをしても普通だ、なんて、\n自分のことを評していたけれど――、%K%P
なにをしても普通だ、なんて、\n自分のことを評していたけれど――、%K%P
この魅力は、ちょっと尋常じゃないと思う。%K%P
この魅力は、ちょっと尋常じゃないと思う。%K%P
