――そして、土曜がやってきた。%K%P
――そして、土曜がやってきた。%K%P
%LC杏奈
%LC杏奈
「うぅ、緊張する……」%K%P
「うぅ、緊張する……」%K%P
%LC陽菜
%LC陽菜
「深呼吸する？」%K%P
「深呼吸する？」%K%P
%LC杏奈
%LC杏奈
「するっ。……すぅ、はぁ……」%K%P
「するっ。……すぅ、はぁ……」%K%P
%LC陽菜
%LC陽菜
「どう？　落ち着いた？」%K%P
「どう？　落ち着いた？」%K%P
%LC杏奈
%LC杏奈
「……だめみたい」%K%P
「……だめみたい」%K%P
%LC杏奈
%LC杏奈
「ねえ、陽菜ちゃんは緊張――」%K%P
「ねえ、陽菜ちゃんは緊張――」%K%P
%LC陽菜
%LC陽菜
「してるよ。すっごく」%K%P
「してるよ。すっごく」%K%P
%LC杏奈
%LC杏奈
「陽菜ちゃんでも？」%K%P
「陽菜ちゃんでも？」%K%P
%LC陽菜
%LC陽菜
「もちろん。でも、それ以上に楽しみ」%K%P
「もちろん。でも、それ以上に楽しみ」%K%P
%LC杏奈
%LC杏奈
「だよね。ふたりの{最優秀騎士:ブリランテ}と\n　戦えるんだし」%K%P
「だよね。ふたりの{最優秀騎士:ブリランテ}と\n　戦えるんだし」%K%P
%LC陽菜
%LC陽菜
「それもあるけど。一番の楽しみは、\n　杏奈ちゃんと一緒に戦えることだから」%K%P
「それもあるけど。一番の楽しみは、\n　杏奈ちゃんと一緒に戦えることだから」%K%P
%LC杏奈
%LC杏奈
「陽菜ちゃん……」%K%P
「陽菜ちゃん……」%K%P
%LC杏奈
%LC杏奈
「……私も。陽菜ちゃんと一緒に戦えるの、\n　すっごく光栄だし、すっごく楽しみ」%K%P
「……私も。陽菜ちゃんと一緒に戦えるの、\n　すっごく光栄だし、すっごく楽しみ」%K%P
%LC杏奈
%LC杏奈
「ほんと、ありがとう、陽菜ちゃん。\n　私、陽菜ちゃんとエンゲージできて幸せ」%K%P
「ほんと、ありがとう、陽菜ちゃん。\n　私、陽菜ちゃんとエンゲージできて幸せ」%K%P
%LC陽菜
%LC陽菜
「もう……。それ、\n　いかにも負けフラグっぽんだけど」%K%P
「もう……。それ、\n　いかにも負けフラグっぽんだけど」%K%P
%LC杏奈
%LC杏奈
「はうっ」%K%P
「はうっ」%K%P
%LC杏奈
%LC杏奈
「あっ、なら――」%K%P
「あっ、なら――」%K%P
%LC杏奈
%LC杏奈
「私、この試合が終わったら、\n　日向くんに告白するんだ」%K%P
「私、この試合が終わったら、\n　日向くんに告白するんだ」%K%P
%LC陽菜
%LC陽菜
「もっとそれっぽくしてどうするのっ」%K%P
「もっとそれっぽくしてどうするのっ」%K%P
%LC杏奈
%LC杏奈
「えへへっ。こう言っておけば、\n　勝っても負けても告白できるかなって」%K%P
「えへへっ。こう言っておけば、\n　勝っても負けても告白できるかなって」%K%P
%LC陽菜
%LC陽菜
「でも、負ける気はない――でしょ？」%K%P
「でも、負ける気はない――でしょ？」%K%P
%LC杏奈
%LC杏奈
「うん。勝ちたい」%K%P
「うん。勝ちたい」%K%P
%LC陽菜
%LC陽菜
「なら勝とう。ふたりで」%K%P
「なら勝とう。ふたりで」%K%P
%LC杏奈
%LC杏奈
「うんっ！！」%K%P
「うんっ！！」%K%P
テアトルの客席は、\n制服の女の子たちで満員御礼。%K%P
テアトルの客席は、\n制服の女の子たちで満員御礼。%K%P
そんな客席の照明が落ちると、\n舞台の中央に立つ姉さんが、一歩、前に出た。%K%P
そんな客席の照明が落ちると、\n舞台の中央に立つ姉さんが、一歩、前に出た。%K%P
%LC宗千佳
%LC宗千佳
「これより{連弾:デュオ}{舞闘:カデンツァ}トーナメント、\n　第１試合を始める」%K%P
「これより{連弾:デュオ}{舞闘:カデンツァ}トーナメント、\n　第１試合を始める」%K%P
%LC宗千佳
%LC宗千佳
「陽菜、杏奈。準備はいいか？」%K%P
「陽菜、杏奈。準備はいいか？」%K%P
%LC陽菜・杏奈
%LC陽菜・杏奈
「はいっ」%K%P
「はいっ」%K%P
%LC宗千佳
%LC宗千佳
「依夜、クレール。準備はいいか？」%K%P
「依夜、クレール。準備はいいか？」%K%P
%LC依夜・クレール
%LC依夜・クレール
「はいっ」%K%P
「はいっ」%K%P
%LC宗千佳
%LC宗千佳
「では……全員、クラージュ起動」%K%P
「では……全員、クラージュ起動」%K%P
%LC全員
%LC全員
「アン・ガルド！」%K%P
「アン・ガルド！」%K%P
声が揃うと、光が壇上を満たす。%K%P
声が揃うと、光が壇上を満たす。%K%P
鎧を纏うのは、これで３度目。%K%P
鎧を纏うのは、これで３度目。%K%P
けど、今回はただ鎧を纏うだけじゃない。%K%P
けど、今回はただ鎧を纏うだけじゃない。%K%P
ペアのどちらが飾緒をつけているのか――、\nプリモを務める{騎士:ワルキュリア}が、ここで判明する。%K%P
ペアのどちらが飾緒をつけているのか――、\nプリモを務める{騎士:ワルキュリア}が、ここで判明する。%K%P
もちろん、オレたちのプリモは。%K%P
もちろん、オレたちのプリモは。%K%P
%LC客席Ａ
%LC客席Ａ
「ああっ……！？　陽菜ちゃんたち、\n　杏奈ちゃんがプリモだっ……！？」%K%P
「ああっ……！？　陽菜ちゃんたち、\n　杏奈ちゃんがプリモだっ……！？」%K%P
%LC客席Ｂ
%LC客席Ｂ
「陽菜さんのほうが強いでしょうに、\n　いったい、どうして……？」%K%P
「陽菜さんのほうが強いでしょうに、\n　いったい、どうして……？」%K%P
杏奈ちゃんの胸に飾緒を見つけて、\n客席がざわざわっとどよめく。%K%P
杏奈ちゃんの胸に飾緒を見つけて、\n客席がざわざわっとどよめく。%K%P
対して、依夜様たちは――、%K%P
対して、依夜様たちは――、%K%P
%LCクレール
%LCクレール
「じゃじゃーんっ。\n　こっちのプリモは、わ・た・しっ」%K%P
「じゃじゃーんっ。\n　こっちのプリモは、わ・た・しっ」%K%P
ハルバードへと形を変えたクラージュを\n構えつつ、えっへんと胸を張るクレール様。%K%P
ハルバードへと形を変えたクラージュを\n構えつつ、えっへんと胸を張るクレール様。%K%P
%LCクレール
%LCクレール
「そっちのプリモは杏奈ちゃんなのね」%K%P
「そっちのプリモは杏奈ちゃんなのね」%K%P
%LC依夜
%LC依夜
「みんなは不思議がっているようだけれど。\n　私たちにとっては、予想通り」%K%P
「みんなは不思議がっているようだけれど。\n　私たちにとっては、予想通り」%K%P
%LCクレール
%LCクレール
「杏奈ちゃんが守り、陽菜ちゃんが攻める――。\n　そういうことなんでしょう？」%K%P
「杏奈ちゃんが守り、陽菜ちゃんが攻める――。\n　そういうことなんでしょう？」%K%P
%LC杏奈
%LC杏奈
「陽菜ちゃん……」%K%P
「陽菜ちゃん……」%K%P
言葉と雰囲気だけで、\n杏奈ちゃんが一瞬にして萎縮してしまう。%K%P
言葉と雰囲気だけで、\n杏奈ちゃんが一瞬にして萎縮してしまう。%K%P
風格、オーラ、威圧感――いろいろ表現があるけど、\nこうして対峙すると、やっぱり圧倒的だ。%K%P
風格、オーラ、威圧感――いろいろ表現があるけど、\nこうして対峙すると、やっぱり圧倒的だ。%K%P
さすがは{最優秀騎士:ブリランテ}――、\n勝負が始まる前から、プレッシャーがすごい。%K%P
さすがは{最優秀騎士:ブリランテ}――、\n勝負が始まる前から、プレッシャーがすごい。%K%P
%LC陽菜
%LC陽菜
「大丈夫。練習通りに」%K%P
「大丈夫。練習通りに」%K%P
%LC杏奈
%LC杏奈
「……うん」%K%P
「……うん」%K%P
プリモが杏奈ちゃんだった時点で、\nあっさりとこちらの作戦を見抜いてきた二人。%K%P
プリモが杏奈ちゃんだった時点で、\nあっさりとこちらの作戦を見抜いてきた二人。%K%P
でも、バレること自体、想定のうちだ。%K%P
でも、バレること自体、想定のうちだ。%K%P
問題は、このあと――、%K%P
問題は、このあと――、%K%P
%LC宗千佳
%LC宗千佳
「では、これより{舞闘:カデンツァ}を始める」%K%P
「では、これより{舞闘:カデンツァ}を始める」%K%P
%LC宗千佳
%LC宗千佳
「全員、中央へ」%K%P
「全員、中央へ」%K%P
%LC全員
%LC全員
「はいっ！」%K%P
「はいっ！」%K%P
舞台中央への、数歩の移動――その間に、\nさり気なくクレール様の正面へと移動する。%K%P
舞台中央への、数歩の移動――その間に、\nさり気なくクレール様の正面へと移動する。%K%P
開始の号令前から、勝負は始まっているんだ。%K%P
開始の号令前から、勝負は始まっているんだ。%K%P
%LC宗千佳
%LC宗千佳
「双方、構えて」%K%P
「双方、構えて」%K%P
%LC宗千佳
%LC宗千佳
「――はじめっ！」%K%P
「――はじめっ！」%K%P
%LC陽菜
%LC陽菜
「ふッ……！！」%K%P
「ふッ……！！」%K%P
号令と同時に、一気に飛び出す。%K%P
号令と同時に、一気に飛び出す。%K%P
理想は、相手のプリモ――クレール様との１対１。%K%P
理想は、相手のプリモ――クレール様との１対１。%K%P
ハルバードの威力とリーチは驚異だけど、\n懐に入り込みさえすればッ……！%K%P
ハルバードの威力とリーチは驚異だけど、\n懐に入り込みさえすればッ……！%K%P
%LCクレール
%LCクレール
「当然、そうくるわよね」%K%P
「当然、そうくるわよね」%K%P
%LC陽菜
%LC陽菜
「なっ……！？」%K%P
「なっ……！？」%K%P
届くはずだった切っ先が真横に弾かれる。%K%P
届くはずだった切っ先が真横に弾かれる。%K%P
けど、クレール様は動かなかった。%K%P
けど、クレール様は動かなかった。%K%P
オレの剣を弾いたのは――、%K%P
オレの剣を弾いたのは――、%K%P
%LC依夜
%LC依夜
「させない」%K%P
「させない」%K%P
%LC陽菜
%LC陽菜
「依夜様っ……！」%K%P
「依夜様っ……！」%K%P
目の前に煌めく、一筋の光。%K%P
目の前に煌めく、一筋の光。%K%P
オレの踏み込みよりもさらに早く、\n真横から滑り込んできた依夜様の刃だ。%K%P
オレの踏み込みよりもさらに早く、\n真横から滑り込んできた依夜様の刃だ。%K%P
%LC依夜
%LC依夜
「陽菜は任せて」%K%P
「陽菜は任せて」%K%P
%LCクレール
%LCクレール
「よろしくね、依夜ちゃん」%K%P
「よろしくね、依夜ちゃん」%K%P
クレール様が軽やかに床を蹴ると、\n杏奈ちゃんとの距離が一瞬にして縮まった。%K%P
クレール様が軽やかに床を蹴ると、\n杏奈ちゃんとの距離が一瞬にして縮まった。%K%P
開幕、杏奈ちゃんは後ろに下がったのに、\nそんなの関係ないとばかりに、一足で――、%K%P
開幕、杏奈ちゃんは後ろに下がったのに、\nそんなの関係ないとばかりに、一足で――、%K%P
%LCクレール
%LCクレール
「杏奈ちゃん、勝負っ……！！」%K%P
「杏奈ちゃん、勝負っ……！！」%K%P
重厚な金属音が響き、ホール全体を震わせる。%K%P
重厚な金属音が響き、ホール全体を震わせる。%K%P
踏み込むと同時に放ったクレール様の一撃を、\n杏奈ちゃんが盾で受けとめた音だ。%K%P
踏み込むと同時に放ったクレール様の一撃を、\n杏奈ちゃんが盾で受けとめた音だ。%K%P
%LCクレール
%LCクレール
「全力だったのに……。やるわね、杏奈ちゃん」%K%P
「全力だったのに……。やるわね、杏奈ちゃん」%K%P
%LC杏奈
%LC杏奈
「えへへっ……。\n　腕、すっごい痺れちゃってますけどっ……」%K%P
「えへへっ……。\n　腕、すっごい痺れちゃってますけどっ……」%K%P
%LC杏奈
%LC杏奈
「けど、負けませんっ……！」%K%P
「けど、負けませんっ……！」%K%P
%LCクレール
%LCクレール
「それは、私もっ……！！」%K%P
「それは、私もっ……！！」%K%P
%LC杏奈
%LC杏奈
「んぐっ……！」%K%P
「んぐっ……！」%K%P
受け止められたハルバードに体重をかけ、\nクレール様が杏奈ちゃんへと踏み込んでいく。%K%P
受け止められたハルバードに体重をかけ、\nクレール様が杏奈ちゃんへと踏み込んでいく。%K%P
両手で盾を支えて堪えるけど、それでも、\n杏奈ちゃんはじりじりと押し込まれて――、%K%P
両手で盾を支えて堪えるけど、それでも、\n杏奈ちゃんはじりじりと押し込まれて――、%K%P
%LC陽菜
%LC陽菜
「杏奈ちゃんっ、いまそっちに――」%K%P
「杏奈ちゃんっ、いまそっちに――」%K%P
%LC依夜
%LC依夜
「いかせない」%K%P
「いかせない」%K%P
フォローに向かおうとしたオレの目の前に、\n依夜様が一瞬で回り込む。%K%P
フォローに向かおうとしたオレの目の前に、\n依夜様が一瞬で回り込む。%K%P
完全にオレだけを迎え撃つ構えだ。%K%P
完全にオレだけを迎え撃つ構えだ。%K%P
%LC依夜
%LC依夜
「杏奈が飾緒を守り、\n　陽菜が相手の飾緒を断つ――」%K%P
「杏奈が飾緒を守り、\n　陽菜が相手の飾緒を断つ――」%K%P
%LC依夜
%LC依夜
「シンプルで、いい作戦だと思う」%K%P
「シンプルで、いい作戦だと思う」%K%P
%LC依夜
%LC依夜
「でもそれは、陽菜が相手のプリモと\n　１対１で戦うことが前提条件――」%K%P
「でもそれは、陽菜が相手のプリモと\n　１対１で戦うことが前提条件――」%K%P
%LC依夜
%LC依夜
「だからこそ、あなたの相手は私よ。陽菜」%K%P
「だからこそ、あなたの相手は私よ。陽菜」%K%P
%LC陽菜
%LC陽菜
「くっ……」%K%P
「くっ……」%K%P
苛烈に攻めたてるイメージのある依夜様が、\n中断に構えたまま、微動だにせずオレを見据える。%K%P
苛烈に攻めたてるイメージのある依夜様が、\n中断に構えたまま、微動だにせずオレを見据える。%K%P
隙がない。%K%P
隙がない。%K%P
依夜様のすぐ後ろに杏奈ちゃんがいるのに、\nそこまでの距離が、ものすごく遠く感じる。%K%P
依夜様のすぐ後ろに杏奈ちゃんがいるのに、\nそこまでの距離が、ものすごく遠く感じる。%K%P
%LC杏奈
%LC杏奈
「ぐっ……あっ、あのっ、クレール様っ。\n　私たちの作戦って、バレバレでしたっ？」%K%P
「ぐっ……あっ、あのっ、クレール様っ。\n　私たちの作戦って、バレバレでしたっ？」%K%P
%LCクレール
%LCクレール
「まぁね。ふたりがエンゲージした時点で、\n　そうくるだろうなって思っていたし」%K%P
「まぁね。ふたりがエンゲージした時点で、\n　そうくるだろうなって思っていたし」%K%P
%LC杏奈
%LC杏奈
「エンゲージしたときからっ？」%K%P
「エンゲージしたときからっ？」%K%P
%LCクレール
%LCクレール
「陽菜ちゃんって、\n　褒めて伸ばすのが上手でしょう？」%K%P
「陽菜ちゃんって、\n　褒めて伸ばすのが上手でしょう？」%K%P
%LCクレール
%LCクレール
「なら、杏奈ちゃんの力を最大限活かす、\n　そういう戦法でくるだろうなって」%K%P
「なら、杏奈ちゃんの力を最大限活かす、\n　そういう戦法でくるだろうなって」%K%P
%LC杏奈
%LC杏奈
「そう、そうなんですっ！\n　陽菜ちゃんってば本当に素敵でっ……！」%K%P
「そう、そうなんですっ！\n　陽菜ちゃんってば本当に素敵でっ……！」%K%P
%LC陽菜
%LC陽菜
%XS21「なに話してるのっ！　試合中っ！」%XE%K%P
%XS21「なに話してるのっ！　試合中っ！」%XE%K%P
%LC杏奈
%LC杏奈
「だってぇっ」%K%P
「だってぇっ」%K%P
%LCクレール
%LCクレール
「ふふっ。陽菜ちゃんってば、\n　照れない照れないっ」%K%P
「ふふっ。陽菜ちゃんってば、\n　照れない照れないっ」%K%P
%LC陽菜
%LC陽菜
「ううっ……」%K%P
「ううっ……」%K%P
全学生が見守っている真剣勝負の最中に、\nまさか、こんなふうに褒められるなんて――、%K%P
全学生が見守っている真剣勝負の最中に、\nまさか、こんなふうに褒められるなんて――、%K%P
%LC依夜
%LC依夜
「私も陽菜は教え上手だと思う」%K%P
「私も陽菜は教え上手だと思う」%K%P
%LC陽菜
%LC陽菜
「依夜様までっ！？」%K%P
「依夜様までっ！？」%K%P
%LC依夜
%LC依夜
「ただ、今回ばかりは、\n　それが仇となったようだけど」%K%P
「ただ、今回ばかりは、\n　それが仇となったようだけど」%K%P
%LCクレール
%LCクレール
「そうね。作戦が読みやすかった分、\n　対策も立てやすかったし」%K%P
「そうね。作戦が読みやすかった分、\n　対策も立てやすかったし」%K%P
%LC陽菜
%LC陽菜
「なら、クレール様がプリモなのって、\n　じゃんけんじゃなくて――」%K%P
「なら、クレール様がプリモなのって、\n　じゃんけんじゃなくて――」%K%P
%LCクレール
%LCクレール
「ええ、依夜ちゃんと話しあって決めたの」%K%P
「ええ、依夜ちゃんと話しあって決めたの」%K%P
%LCクレール
%LCクレール
「アリアンロッドには盾を使う子も結構いてね。\n　おかげで私、盾相手は慣れてるからっ……！」%K%P
「アリアンロッドには盾を使う子も結構いてね。\n　おかげで私、盾相手は慣れてるからっ……！」%K%P
%LC杏奈
%LC杏奈
「うぎっ……！　ぐッ、んんッ……！」%K%P
「うぎっ……！　ぐッ、んんッ……！」%K%P
%LC陽菜
%LC陽菜
「杏奈ちゃんっ！！」%K%P
「杏奈ちゃんっ！！」%K%P
苦しそうな声に、反射的に身体が動く。%K%P
苦しそうな声に、反射的に身体が動く。%K%P
けど。%K%P
けど。%K%P
%LC依夜
%LC依夜
「行かせないと言ったはずよ」%K%P
「行かせないと言ったはずよ」%K%P
%LC陽菜
%LC陽菜
「くうっ……！」%K%P
「くうっ……！」%K%P
脇をすり抜けようとしたオレの身体を、\n依夜様の刃がしっかりと封じる。%K%P
脇をすり抜けようとしたオレの身体を、\n依夜様の刃がしっかりと封じる。%K%P
まるで踏み切りの遮断機のように、\n一振りの刀が、オレと杏奈ちゃんを断絶する。%K%P
まるで踏み切りの遮断機のように、\n一振りの刀が、オレと杏奈ちゃんを断絶する。%K%P
%LC依夜
%LC依夜
「クレールが杏奈を崩せば、私たちの勝ち。\n　その前に陽菜が私を倒せば、あなたたちの勝ち」%K%P
「クレールが杏奈を崩せば、私たちの勝ち。\n　その前に陽菜が私を倒せば、あなたたちの勝ち」%K%P
%LC依夜
%LC依夜
「これは、そういう勝負――でしょう？」%K%P
「これは、そういう勝負――でしょう？」%K%P
構えた刀の向こう側で、\n依夜様の相貌がオレを捉える。%K%P
構えた刀の向こう側で、\n依夜様の相貌がオレを捉える。%K%P
落ち着いていて……でも、瞳の奥に、\nすごく情熱的な炎が揺らめいてるのがわかる。%K%P
落ち着いていて……でも、瞳の奥に、\nすごく情熱的な炎が揺らめいてるのがわかる。%K%P
１度は勝っている相手――だけど、\nあのときの依夜様は万全の状態じゃなかった。%K%P
１度は勝っている相手――だけど、\nあのときの依夜様は万全の状態じゃなかった。%K%P
それに、今回は時間制限もある。%K%P
それに、今回は時間制限もある。%K%P
杏奈ちゃんの防御がいかに堅くとも、\nスタミナ切れだけは、どうにもならない。%K%P
杏奈ちゃんの防御がいかに堅くとも、\nスタミナ切れだけは、どうにもならない。%K%P
%LC杏奈
%LC杏奈
「陽菜ちゃんは依夜様に集中っ！」%K%P
「陽菜ちゃんは依夜様に集中っ！」%K%P
%LC杏奈
%LC杏奈
「私、絶対に守ってみせるっ！\n　だから、こっちは任せて……っ！」%K%P
「私、絶対に守ってみせるっ！\n　だから、こっちは任せて……っ！」%K%P
%LC陽菜
%LC陽菜
「うんっ……！！」%K%P
「うんっ……！！」%K%P
杏奈ちゃんの声にクラージュを握り直す。%K%P
杏奈ちゃんの声にクラージュを握り直す。%K%P
いまオレがすべきこと。それは――、%K%P
いまオレがすべきこと。それは――、%K%P
%LC陽菜
%LC陽菜
「依夜様、いきますッ……！！」%K%P
「依夜様、いきますッ……！！」%K%P
%LC依夜
%LC依夜
「うんッ……！」%K%P
「うんッ……！」%K%P
互いの刃がぶつかり、火花が散る。%K%P
互いの刃がぶつかり、火花が散る。%K%P
一刻も早く依夜様を倒さないと、\n杏奈ちゃんがクレール様に押し切られる――。%K%P
一刻も早く依夜様を倒さないと、\n杏奈ちゃんがクレール様に押し切られる――。%K%P
いま、この試合を見ている誰しもが、\nオレは焦っていると思っているに違いない。%K%P
いま、この試合を見ている誰しもが、\nオレは焦っていると思っているに違いない。%K%P
けど、この展開もまだ、想定の範囲。%K%P
けど、この展開もまだ、想定の範囲。%K%P
だからこそ悟られちゃいけない。%K%P
だからこそ悟られちゃいけない。%K%P
オレたちには秘策があるってことを。%K%P
オレたちには秘策があるってことを。%K%P
――それは、朝練で攻撃練習をした時のこと。%K%P
――それは、朝練で攻撃練習をした時のこと。%K%P
%LC杏奈
%LC杏奈
「必殺技……？」%K%P
「必殺技……？」%K%P
%LC陽菜
%LC陽菜
「そう。といっても１回しか使えない、\n　まさに奥の手、なんだけど」%K%P
「そう。といっても１回しか使えない、\n　まさに奥の手、なんだけど」%K%P
%LC陽菜
%LC陽菜
「先生から聞いた話だと、アリアンロッドには\n　盾を扱う子がそれなりにいるんだって」%K%P
「先生から聞いた話だと、アリアンロッドには\n　盾を扱う子がそれなりにいるんだって」%K%P
%LC陽菜
%LC陽菜
「おそらくクレール様は盾相手の経験がある。\n　その上で、{最優秀騎士:ブリランテ}になってる」%K%P
「おそらくクレール様は盾相手の経験がある。\n　その上で、{最優秀騎士:ブリランテ}になってる」%K%P
%LC陽菜
%LC陽菜
「となると、相手のプリモ、\n　クレール様の可能性が高いと思うんだ」%K%P
「となると、相手のプリモ、\n　クレール様の可能性が高いと思うんだ」%K%P
%LC杏奈
%LC杏奈
「どうして？」%K%P
「どうして？」%K%P
%LC陽菜
%LC陽菜
「こっちの作戦って、{プリモ:杏奈ちゃん}が飾緒を守る間に、\n　{セコンド:私}が相手の飾緒を斬る――でしょ？」%K%P
「こっちの作戦って、{プリモ:杏奈ちゃん}が飾緒を守る間に、\n　{セコンド:私}が相手の飾緒を斬る――でしょ？」%K%P
%LC陽菜
%LC陽菜
「この場合、一番簡単で効果的な対抗策って、\n　なんだと思う？」%K%P
「この場合、一番簡単で効果的な対抗策って、\n　なんだと思う？」%K%P
%LC杏奈
%LC杏奈
「んー……？　んー……」%K%P
「んー……？　んー……」%K%P
%LC杏奈
%LC杏奈
「……あっ、セコンドの陽菜ちゃんを、\n　自分たちのプリモとは戦わせないこと？」%K%P
「……あっ、セコンドの陽菜ちゃんを、\n　自分たちのプリモとは戦わせないこと？」%K%P
%LC陽菜
%LC陽菜
「正解」%K%P
「正解」%K%P
%LC杏奈
%LC杏奈
「えへへー」%K%P
「えへへー」%K%P
%LC陽菜
%LC陽菜
「私にはセコンドをぶつけたい。\n　杏奈ちゃんの相手はクレール様がする――」%K%P
「私にはセコンドをぶつけたい。\n　杏奈ちゃんの相手はクレール様がする――」%K%P
%LC陽菜
%LC陽菜
「となると、プリモはクレール様ってことに\n　なるでしょ？」%K%P
「となると、プリモはクレール様ってことに\n　なるでしょ？」%K%P
%LC杏奈
%LC杏奈
「おおー……」%K%P
「おおー……」%K%P
%LC陽菜
%LC陽菜
「で。ここから先は、読みがあたって、\n　相手のプリモがクレール様だった場合の話」%K%P
「で。ここから先は、読みがあたって、\n　相手のプリモがクレール様だった場合の話」%K%P
%LC陽菜
%LC陽菜
「試合が始まったら、杏奈ちゃんは一度後ろに\n　下がって様子を見てほしいんだ」%K%P
「試合が始まったら、杏奈ちゃんは一度後ろに\n　下がって様子を見てほしいんだ」%K%P
%LC陽菜
%LC陽菜
「私は開始と同時に、クレール様を強襲する」%K%P
「私は開始と同時に、クレール様を強襲する」%K%P
%LC陽菜
%LC陽菜
「これがうまくいったら、杏奈ちゃんには\n　依夜様の相手をしてもらいたいんだけど――」%K%P
「これがうまくいったら、杏奈ちゃんには\n　依夜様の相手をしてもらいたいんだけど――」%K%P
%LC陽菜
%LC陽菜
「たぶん、上手くいかない。依夜様に阻まれて、\n　そのまま１対１になると思う」%K%P
「たぶん、上手くいかない。依夜様に阻まれて、\n　そのまま１対１になると思う」%K%P
%LC陽菜
%LC陽菜
「こっちの考え、読まれてるだろうから」%K%P
「こっちの考え、読まれてるだろうから」%K%P
%LC陽菜
%LC陽菜
「もちろん、出し抜ける可能性もゼロじゃないし、\n　それに備えて、依夜様対策も教えるけどね」%K%P
「もちろん、出し抜ける可能性もゼロじゃないし、\n　それに備えて、依夜様対策も教えるけどね」%K%P
%LC杏奈
%LC杏奈
「つまり、陽菜ちゃんの予想だと、\n　私の相手はクレール様になるってこと？」%K%P
「つまり、陽菜ちゃんの予想だと、\n　私の相手はクレール様になるってこと？」%K%P
%LC陽菜
%LC陽菜
「そう。プリモ同士の一騎打ち」%K%P
「そう。プリモ同士の一騎打ち」%K%P
%LC陽菜
%LC陽菜
「そしてもし、本番の試合展開が、\n　私の言った通りになったとしたら――」%K%P
「そしてもし、本番の試合展開が、\n　私の言った通りになったとしたら――」%K%P
%LC陽菜
%LC陽菜
「そのときは杏奈ちゃんの剣で、\n　クレール様の飾緒を狙って欲しい」%K%P
「そのときは杏奈ちゃんの剣で、\n　クレール様の飾緒を狙って欲しい」%K%P
%LC杏奈
%LC杏奈
「ふむふむなるほど――」%K%P
「ふむふむなるほど――」%K%P
%LC杏奈
%LC杏奈
「って……えええっ？！」%K%P
「って……えええっ？！」%K%P
%LC陽菜
%LC陽菜
「もちろん、私も出来る限り、\n　フォローに回るつもり」%K%P
「もちろん、私も出来る限り、\n　フォローに回るつもり」%K%P
%LC陽菜
%LC陽菜
「でも、相手は依夜様だから。\n　すんなりとは行かせてくれないと思う」%K%P
「でも、相手は依夜様だから。\n　すんなりとは行かせてくれないと思う」%K%P
%LC杏奈
%LC杏奈
「じゃあ、さっき言ってた奥の手って――」%K%P
「じゃあ、さっき言ってた奥の手って――」%K%P
%LC陽菜
%LC陽菜
「そう。クレール様を倒すために考えた、\n　とっておきの必殺技」%K%P
「そう。クレール様を倒すために考えた、\n　とっておきの必殺技」%K%P
%LC杏奈
%LC杏奈
「むっ……むりむりっ、無理だよそんなのっ！\n　私が必殺技とかっ……！」%K%P
「むっ……むりむりっ、無理だよそんなのっ！\n　私が必殺技とかっ……！」%K%P
%LC杏奈
%LC杏奈
「そういうのって失敗したら、\n　逆にこっちがやられちゃうんでしょ？」%K%P
「そういうのって失敗したら、\n　逆にこっちがやられちゃうんでしょ？」%K%P
%LC杏奈
%LC杏奈
「プリモの私がやられちゃったら、\n　そこで試合終了だよっ？」%K%P
「プリモの私がやられちゃったら、\n　そこで試合終了だよっ？」%K%P
%LC陽菜
%LC陽菜
「その点は大丈夫――っていうのも、\n　ちょっと変なんだけど」%K%P
「その点は大丈夫――っていうのも、\n　ちょっと変なんだけど」%K%P
%LC陽菜
%LC陽菜
「この奥の手は、負けてないと使えないから」%K%P
「この奥の手は、負けてないと使えないから」%K%P
%LC杏奈
%LC杏奈
「負けてないと、使えない……？」%K%P
「負けてないと、使えない……？」%K%P
%LC陽菜
%LC陽菜
「そう。これはもう絶対負けるってなったとき、\n　１回だけ使える、本当の奥の手」%K%P
「そう。これはもう絶対負けるってなったとき、\n　１回だけ使える、本当の奥の手」%K%P
%LC陽菜
%LC陽菜
「どんなに負けそうになっても、\n　それをひっくり返せる切り札がある――」%K%P
「どんなに負けそうになっても、\n　それをひっくり返せる切り札がある――」%K%P
%LC陽菜
%LC陽菜
「そう思えば、ね？　どんなに劣勢でも、\n　心強い支えになるでしょ？」%K%P
「そう思えば、ね？　どんなに劣勢でも、\n　心強い支えになるでしょ？」%K%P
%LC杏奈
%LC杏奈
「ぐっ……！　ぐっ、くうっ……！」%K%P
「ぐっ……！　ぐっ、くうっ……！」%K%P
クレール様の攻撃はすっごく重たくて、\n盾で受けるたび、腕がじんじん痺れていく。%K%P
クレール様の攻撃はすっごく重たくて、\n盾で受けるたび、腕がじんじん痺れていく。%K%P
剣を握る右手も使って盾を支えて、\nそれでようやく、どうにか踏ん張れる威力。%K%P
剣を握る右手も使って盾を支えて、\nそれでようやく、どうにか踏ん張れる威力。%K%P
本当に、強い。%K%P
本当に、強い。%K%P
%LCクレール
%LCクレール
「これだけ揺さぶっても、\n　飾緒だけは狙わせてくれないなんて――」%K%P
「これだけ揺さぶっても、\n　飾緒だけは狙わせてくれないなんて――」%K%P
%LCクレール
%LCクレール
「杏奈ちゃん、本当に守るのが上手ね」%K%P
「杏奈ちゃん、本当に守るのが上手ね」%K%P
%LC杏奈
%LC杏奈
「これだけは絶対に守るって、\n　陽菜ちゃんと約束したのでっ……！」%K%P
「これだけは絶対に守るって、\n　陽菜ちゃんと約束したのでっ……！」%K%P
踏ん張りながらも下がりつつ、\nクレール様の攻撃をしっかりとガードする。%K%P
踏ん張りながらも下がりつつ、\nクレール様の攻撃をしっかりとガードする。%K%P
飾緒は絶対に守る。%K%P
飾緒は絶対に守る。%K%P
けど、飾緒にばかり気を取られていたら、\n鎧を狙われ、壊されてしまう可能性もある。%K%P
けど、飾緒にばかり気を取られていたら、\n鎧を狙われ、壊されてしまう可能性もある。%K%P
通常の{舞闘:カデンツァ}と同じで、\n鎧を壊された場合も、当然負けになってしまう。%K%P
通常の{舞闘:カデンツァ}と同じで、\n鎧を壊された場合も、当然負けになってしまう。%K%P
だから、どんな攻撃もきっちり盾で受ける。%K%P
だから、どんな攻撃もきっちり盾で受ける。%K%P
ハルバードによる攻撃を、全部、盾で――、%K%P
ハルバードによる攻撃を、全部、盾で――、%K%P
%LC杏奈
%LC杏奈
（これでいいんだよね、陽菜ちゃんっ……！）%K%P
（これでいいんだよね、陽菜ちゃんっ……！）%K%P
陽菜ちゃんが教えてくれた必殺技。%K%P
陽菜ちゃんが教えてくれた必殺技。%K%P
それは、負ける直前に一度だけ出せる奥の手。%K%P
それは、負ける直前に一度だけ出せる奥の手。%K%P
出すためには条件があって、\nそれを満たさないと、出せずに終わる。%K%P
出すためには条件があって、\nそれを満たさないと、出せずに終わる。%K%P
ここまでの試合展開は、びっくりするぐらい、\n陽菜ちゃんの予想通りになった。%K%P
ここまでの試合展開は、びっくりするぐらい、\n陽菜ちゃんの予想通りになった。%K%P
だから、信じる。%K%P
だから、信じる。%K%P
陽菜ちゃんを――そして、\n陽菜ちゃんが信じてくれた、自分を。%K%P
陽菜ちゃんを――そして、\n陽菜ちゃんが信じてくれた、自分を。%K%P
%LC杏奈
%LC杏奈
「ふっ……はあっ……はあっ、はあっ……」%K%P
「ふっ……はあっ……はあっ、はあっ……」%K%P
絶え間ない攻撃を受け続けて、\nだんだん腕が上がらなくなってきた。%K%P
絶え間ない攻撃を受け続けて、\nだんだん腕が上がらなくなってきた。%K%P
横目で確かめる余裕すらないけど、\nさっきからずっと、隣から金属音が聞こえてくる。%K%P
横目で確かめる余裕すらないけど、\nさっきからずっと、隣から金属音が聞こえてくる。%K%P
それは親善試合の日にも聞いた、\n打刀とロングソードがぶつかり合う澄んだ音。%K%P
それは親善試合の日にも聞いた、\n打刀とロングソードがぶつかり合う澄んだ音。%K%P
私のために、陽菜ちゃんが戦う音。%K%P
私のために、陽菜ちゃんが戦う音。%K%P
きっと、あと少しすれば、陽菜ちゃんが\n依夜様を倒して、私を助けにきてくれる。%K%P
きっと、あと少しすれば、陽菜ちゃんが\n依夜様を倒して、私を助けにきてくれる。%K%P
でも、そこまで耐えきるのは、難しい。%K%P
でも、そこまで耐えきるのは、難しい。%K%P
このままだと私はクレール様に負けてしまう。%K%P
このままだと私はクレール様に負けてしまう。%K%P
でも、その瞬間こそが、私たちの勝負っ……！！%K%P
でも、その瞬間こそが、私たちの勝負っ……！！%K%P
%LC杏奈
%LC杏奈
「けど、必殺技って言われても……。\n　私に覚えられるかな」%K%P
「けど、必殺技って言われても……。\n　私に覚えられるかな」%K%P
%LC陽菜
%LC陽菜
「大丈夫、とってもシンプルだから」%K%P
「大丈夫、とってもシンプルだから」%K%P
%LC陽菜
%LC陽菜
「{舞闘:カデンツァ}で使う盾の扱いが、\n　鎧の一部だっていうのは知ってる？」%K%P
「{舞闘:カデンツァ}で使う盾の扱いが、\n　鎧の一部だっていうのは知ってる？」%K%P
%LC杏奈
%LC杏奈
「うん。武器を選ぶとき、説明受けたし」%K%P
「うん。武器を選ぶとき、説明受けたし」%K%P
%LC陽菜
%LC陽菜
「鎧の一部ってことは、\n　盾も強い攻撃を受けたら壊れるってこと」%K%P
「鎧の一部ってことは、\n　盾も強い攻撃を受けたら壊れるってこと」%K%P
%LC陽菜
%LC陽菜
「とはいえ、盾は鎧より頑丈に設定されてる。\n　同じ威力で壊れたら、盾のメリットないしね」%K%P
「とはいえ、盾は鎧より頑丈に設定されてる。\n　同じ威力で壊れたら、盾のメリットないしね」%K%P
%LC陽菜
%LC陽菜
「だから、普通に戦っている限り、\n　壊れる代物じゃないんだけど――」%K%P
「だから、普通に戦っている限り、\n　壊れる代物じゃないんだけど――」%K%P
%LC陽菜
%LC陽菜
「クレール様とハルバードなら、\n　それをやってのけちゃう可能性が高い」%K%P
「クレール様とハルバードなら、\n　それをやってのけちゃう可能性が高い」%K%P
%LC杏奈
%LC杏奈
「陽菜ちゃんが依夜様の刀を折ったみたいに？」%K%P
「陽菜ちゃんが依夜様の刀を折ったみたいに？」%K%P
%LC陽菜
%LC陽菜
「まぁ、うん。それに近いと思って」%K%P
「まぁ、うん。それに近いと思って」%K%P
%LC陽菜
%LC陽菜
「で、{舞闘:カデンツァ}って鎧が壊れるとき、\n　光りながら砕け散るでしょ？」%K%P
「で、{舞闘:カデンツァ}って鎧が壊れるとき、\n　光りながら砕け散るでしょ？」%K%P
%LC杏奈
%LC杏奈
「うん。ぱぁーってなって、キラキラーって」%K%P
「うん。ぱぁーってなって、キラキラーって」%K%P
%LC陽菜
%LC陽菜
「あれ、使えると思うんだ」%K%P
「あれ、使えると思うんだ」%K%P
%LCクレール
%LCクレール
「――そろそろ、決着のときみたいね」%K%P
「――そろそろ、決着のときみたいね」%K%P
%LCクレール
%LCクレール
「杏奈ちゃんの盾、亀裂が入ってる。\n　たぶん、もってあと一撃よ」%K%P
「杏奈ちゃんの盾、亀裂が入ってる。\n　たぶん、もってあと一撃よ」%K%P
%LC杏奈
%LC杏奈
「あ……」%K%P
「あ……」%K%P
クレール様に言われて盾を見ると、\n確かに、そこにはうっすらとヒビが。%K%P
クレール様に言われて盾を見ると、\n確かに、そこにはうっすらとヒビが。%K%P
%LC杏奈
%LC杏奈
（すごい、陽菜ちゃんが言ってた通り……。\n　盾も壊れるようになってるんだ……）%K%P
（すごい、陽菜ちゃんが言ってた通り……。\n　盾も壊れるようになってるんだ……）%K%P
%LC陽菜
%LC陽菜
「杏奈ちゃんっ！」%K%P
「杏奈ちゃんっ！」%K%P
依夜様と戦いながらも、\n陽菜ちゃんが私の名前を呼ぶ。%K%P
依夜様と戦いながらも、\n陽菜ちゃんが私の名前を呼ぶ。%K%P
何も知らない人が聞けば、\n悲痛な叫びに聞こえたかもしれない。%K%P
何も知らない人が聞けば、\n悲痛な叫びに聞こえたかもしれない。%K%P
でもそれは、確かなエール。%K%P
でもそれは、確かなエール。%K%P
私の背中を押してくれる、エールだから。%K%P
私の背中を押してくれる、エールだから。%K%P
%LC杏奈
%LC杏奈
「クレール様、勝負っ……！！」%K%P
「クレール様、勝負っ……！！」%K%P
残ってる力を振り絞ると、\n飾緒を守るように、盾を胸の前方に構えて。%K%P
残ってる力を振り絞ると、\n飾緒を守るように、盾を胸の前方に構えて。%K%P
そのまま、全力突進っ……！%K%P
そのまま、全力突進っ……！%K%P
%LCクレール
%LCクレール
「まさか、捨て身っ……！？」%K%P
「まさか、捨て身っ……！？」%K%P
%LCクレール
%LCクレール
「なら、盾ごと飾緒をッ……！」%K%P
「なら、盾ごと飾緒をッ……！」%K%P
%LC杏奈
%LC杏奈
（きたっ……！）%K%P
（きたっ……！）%K%P
動揺して一瞬遅れたクレール様の攻撃に、\nしっかりと盾を合わせる。%K%P
動揺して一瞬遅れたクレール様の攻撃に、\nしっかりと盾を合わせる。%K%P
次の瞬間、大きな音とともに、私の盾が光り輝く。%K%P
次の瞬間、大きな音とともに、私の盾が光り輝く。%K%P
%LCクレール
%LCクレール
「これで、盾はもう――」%K%P
「これで、盾はもう――」%K%P
%LC杏奈
%LC杏奈
「やああああああッ！！」%K%P
「やああああああッ！！」%K%P
%LCクレール
%LCクレール
「うそっ、剣がっ……！？」%K%P
「うそっ、剣がっ……！？」%K%P
ハルバードに砕かれ、輝きながら散っていく盾。%K%P
ハルバードに砕かれ、輝きながら散っていく盾。%K%P
その光の中から、いきなり現れる私の剣。%K%P
その光の中から、いきなり現れる私の剣。%K%P
これが陽菜ちゃんの授けてくれた奥の手。%K%P
これが陽菜ちゃんの授けてくれた奥の手。%K%P
両手で盾を構えて相手の攻撃を防ぐことで、\n盾にダメージを溜めつつ、その姿を印象づけて。%K%P
両手で盾を構えて相手の攻撃を防ぐことで、\n盾にダメージを溜めつつ、その姿を印象づけて。%K%P
最後の最後、盾の後ろに剣を隠して突進し、\n盾が砕け散るエフェクトを目くらましに、突きを出す。%K%P
最後の最後、盾の後ろに剣を隠して突進し、\n盾が砕け散るエフェクトを目くらましに、突きを出す。%K%P
立体映像の{舞闘:カデンツァ}だからこそ出来る、\n陽菜ちゃん発案の、必殺技――！%K%P
立体映像の{舞闘:カデンツァ}だからこそ出来る、\n陽菜ちゃん発案の、必殺技――！%K%P
%LC杏奈
%LC杏奈
「これでっ……！！」%K%P
「これでっ……！！」%K%P
%LCクレール
%LCクレール
「くッ……！！」%K%P
「くッ……！！」%K%P
クレール様が咄嗟に反応して身を捩る。%K%P
クレール様が咄嗟に反応して身を捩る。%K%P
けど、私のショートソードは、\nすでにハルバードのリーチの内側。%K%P
けど、私のショートソードは、\nすでにハルバードのリーチの内側。%K%P
いくらクレール様でも、これを防ぐ方法は――、%K%P
いくらクレール様でも、これを防ぐ方法は――、%K%P
%LCクレール
%LCクレール
「やらせ――ないッ！！」%K%P
「やらせ――ないッ！！」%K%P
%LC杏奈
%LC杏奈
「うそっ……？！」%K%P
「うそっ……？！」%K%P
剣が、腕が……上に逸れるっ！？%K%P
剣が、腕が……上に逸れるっ！？%K%P
%LCクレール
%LCクレール
「はああああああッ！」%K%P
「はああああああッ！」%K%P
%LC杏奈
%LC杏奈
「やっ、だめえっ！！」%K%P
「やっ、だめえっ！！」%K%P
思わず叫んだときには、\n私の飾緒は、断たれたあとで。%K%P
思わず叫んだときには、\n私の飾緒は、断たれたあとで。%K%P
盾が砕け散った光の残滓に包まれるように、\nそれは、私の目の前で、消えていった。%K%P
盾が砕け散った光の残滓に包まれるように、\nそれは、私の目の前で、消えていった。%K%P
そんな……。勝ったと、思ったのに――、%K%P
そんな……。勝ったと、思ったのに――、%K%P
%LC宗千佳
%LC宗千佳
「――それまでっ！」%K%P
「――それまでっ！」%K%P
%LC杏奈
%LC杏奈
「あ……」%K%P
「あ……」%K%P
千佳姉の声がホールに響く。%K%P
千佳姉の声がホールに響く。%K%P
普段なら決着がつくと沸き立つホールが、\n今日はびっくりするぐらい、静かで――、%K%P
普段なら決着がつくと沸き立つホールが、\n今日はびっくりするぐらい、静かで――、%K%P
%LC陽菜
%LC陽菜
「杏奈ちゃん」%K%P
「杏奈ちゃん」%K%P
%LC杏奈
%LC杏奈
「陽菜、ちゃん……」%K%P
「陽菜、ちゃん……」%K%P
……あ、泣きそう。%K%P
……あ、泣きそう。%K%P
でもだめ。泣いちゃ、だめ。%K%P
でもだめ。泣いちゃ、だめ。%K%P
いま泣いたら、ぜったい、だめだ。%K%P
いま泣いたら、ぜったい、だめだ。%K%P
泣き虫のあの頃に、戻るのだけは――、%K%P
泣き虫のあの頃に、戻るのだけは――、%K%P
%LC杏奈
%LC杏奈
「んっ……えへへ。ごめん、陽菜ちゃん。\n　せっかく必殺技、考えてくれたのに――」%K%P
「んっ……えへへ。ごめん、陽菜ちゃん。\n　せっかく必殺技、考えてくれたのに――」%K%P
%LC杏奈
%LC杏奈
「私、負けちゃった」%K%P
「私、負けちゃった」%K%P
一瞬だけうつむいて唇を噛んだ後、\nすぐに顔をあげ、にこっと微笑む。%K%P
一瞬だけうつむいて唇を噛んだ後、\nすぐに顔をあげ、にこっと微笑む。%K%P
その、直後。%K%P
その、直後。%K%P
%LC客席
%LC客席
「すごいっ……！　すごいすごいすごいっ！\n　なになに最後のっ！　すごい最後のっ！」%K%P
「すごいっ……！　すごいすごいすごいっ！\n　なになに最後のっ！　すごい最後のっ！」%K%P
%LC客席
%LC客席
「ええっ、早すぎて見えませんでしたけど、\n　とにかくすっごい勝負でしたっ！！」%K%P
「ええっ、早すぎて見えませんでしたけど、\n　とにかくすっごい勝負でしたっ！！」%K%P
%LC杏奈
%LC杏奈
「あ……」%K%P
「あ……」%K%P
客席のみんなが、立ち上がって、拍手を――、%K%P
客席のみんなが、立ち上がって、拍手を――、%K%P
%LCクレール
%LCクレール
「我ながら、よく勝てたと思う。\n　強かったわ、杏奈ちゃん」%K%P
「我ながら、よく勝てたと思う。\n　強かったわ、杏奈ちゃん」%K%P
%LC依夜
%LC依夜
「杏奈。今度、私とも戦って」%K%P
「杏奈。今度、私とも戦って」%K%P
%LC杏奈
%LC杏奈
「あ……」%K%P
「あ……」%K%P
%LC杏奈
%LC杏奈
「はいっ……」%K%P
「はいっ……」%K%P
負けちゃった。%K%P
負けちゃった。%K%P
負けちゃったけど――、%K%P
負けちゃったけど――、%K%P
私、精一杯頑張ったよ。日向くん。%K%P
私、精一杯頑張ったよ。日向くん。%K%P
試合が終わったあと、控え室に戻って。%K%P
試合が終わったあと、控え室に戻って。%K%P
真っ先に杏奈ちゃんが知りたがったのが、\nどうして自分が負けたのか、ということだった。%K%P
真っ先に杏奈ちゃんが知りたがったのが、\nどうして自分が負けたのか、ということだった。%K%P
%LC杏奈
%LC杏奈
「最後、剣……っていうか、腕がひとりでに\n　持ち上がって、狙いが逸れちゃったんだけど」%K%P
「最後、剣……っていうか、腕がひとりでに\n　持ち上がって、狙いが逸れちゃったんだけど」%K%P
%LC陽菜
%LC陽菜
「クレール様がハルバードの柄を使って、\n　杏奈ちゃんの腕を下から払い上げたんだよ」%K%P
「クレール様がハルバードの柄を使って、\n　杏奈ちゃんの腕を下から払い上げたんだよ」%K%P
先端が重いハルバードの特性も利用して、\n持ち手を跳ね上げ、強引に割り込ませた感じだった。%K%P
先端が重いハルバードの特性も利用して、\n持ち手を跳ね上げ、強引に割り込ませた感じだった。%K%P
正直、武芸というより曲芸に近いと思う。%K%P
正直、武芸というより曲芸に近いと思う。%K%P
%LC杏奈
%LC杏奈
「そっかぁ……。あのときはホント、\n　何が起こったのかわかんなくって」%K%P
「そっかぁ……。あのときはホント、\n　何が起こったのかわかんなくって」%K%P
%LC杏奈
%LC杏奈
「というか、説明されても、\n　きょとんって感じなんだけど」%K%P
「というか、説明されても、\n　きょとんって感じなんだけど」%K%P
%LC陽菜
%LC陽菜
「無理もないよ。私と依夜様も、\n　思わず顔を見合わせちゃったぐらいだし」%K%P
「無理もないよ。私と依夜様も、\n　思わず顔を見合わせちゃったぐらいだし」%K%P
度肝を抜かれるってのは、\nああいう感覚を言うのかも知れない。%K%P
度肝を抜かれるってのは、\nああいう感覚を言うのかも知れない。%K%P
%LC陽菜
%LC陽菜
「さすがに疲れたでしょ？\n　少し、ここで休んでいく？」%K%P
「さすがに疲れたでしょ？\n　少し、ここで休んでいく？」%K%P
%LC杏奈
%LC杏奈
「あ、えっと……」%K%P
「あ、えっと……」%K%P
%LC杏奈
%LC杏奈
「陽菜ちゃん、このあとの予定は？」%K%P
「陽菜ちゃん、このあとの予定は？」%K%P
%LC陽菜
%LC陽菜
「それなら、第２試合を見学しようかなって」%K%P
「それなら、第２試合を見学しようかなって」%K%P
%LC杏奈
%LC杏奈
「あ、そっか……。そうだよね、\n　もう１試合あるんだもんね」%K%P
「あ、そっか……。そうだよね、\n　もう１試合あるんだもんね」%K%P
%LC陽菜
%LC陽菜
「ひょっとして忘れちゃってた？」%K%P
「ひょっとして忘れちゃってた？」%K%P
%LC杏奈
%LC杏奈
「ん……。余裕なかった……というか、\n　自分の事しか考えてなかったみたい」%K%P
「ん……。余裕なかった……というか、\n　自分の事しか考えてなかったみたい」%K%P
%LC陽菜
%LC陽菜
「なら、杏奈ちゃんはこのあと、\n　どうする予定だったの？」%K%P
「なら、杏奈ちゃんはこのあと、\n　どうする予定だったの？」%K%P
%LC杏奈
%LC杏奈
「それは、その……」%K%P
「それは、その……」%K%P
%LC杏奈
%LC杏奈
「……言えない」%K%P
「……言えない」%K%P
%LC陽菜
%LC陽菜
「言って」%K%P
「言って」%K%P
%LC杏奈
%LC杏奈
「やだ」%K%P
「やだ」%K%P
%LC陽菜
%LC陽菜
「言って」%K%P
「言って」%K%P
%LC杏奈
%LC杏奈
「でもぉ」%K%P
「でもぉ」%K%P
%LC陽菜
%LC陽菜
「言うの」%K%P
「言うの」%K%P
%LC杏奈
%LC杏奈
「んぅ……。実は、その……」%K%P
「んぅ……。実は、その……」%K%P
%LC杏奈
%LC杏奈
「陽菜ちゃんを、部屋に招こうかなって」%K%P
「陽菜ちゃんを、部屋に招こうかなって」%K%P
%LC陽菜
%LC陽菜
「私を？」%K%P
「私を？」%K%P
%LC杏奈
%LC杏奈
「今日の試合、勝つつもりだったから。\n　サプライズ祝勝会しようって思ってて」%K%P
「今日の試合、勝つつもりだったから。\n　サプライズ祝勝会しようって思ってて」%K%P
%LC杏奈
%LC杏奈
「ジュースやお菓子も、用意してて……。\n　陽菜ちゃんを驚かせる予定だったんだけど――」%K%P
「ジュースやお菓子も、用意してて……。\n　陽菜ちゃんを驚かせる予定だったんだけど――」%K%P
%LC杏奈
%LC杏奈
「でも、こんな結果になっちゃったから」%K%P
「でも、こんな結果になっちゃったから」%K%P
%LC陽菜
%LC陽菜
「なら、いまからふたりで残念会しよっか」%K%P
「なら、いまからふたりで残念会しよっか」%K%P
%LC杏奈
%LC杏奈
「いまからって……でも陽菜ちゃん、\n　このあとの試合――」%K%P
「いまからって……でも陽菜ちゃん、\n　このあとの試合――」%K%P
%LC陽菜
%LC陽菜
「見てからテアトルを出たんじゃ、みんなと\n　帰るタイミングが重なっちゃうでしょ？」%K%P
「見てからテアトルを出たんじゃ、みんなと\n　帰るタイミングが重なっちゃうでしょ？」%K%P
%LC陽菜
%LC陽菜
「いまクラスメートに見つかったら、\n　杏奈ちゃん、大変なことになると思うけど」%K%P
「いまクラスメートに見つかったら、\n　杏奈ちゃん、大変なことになると思うけど」%K%P
%LC杏奈
%LC杏奈
「あー……」%K%P
「あー……」%K%P
反応からして、容易に想像できたらしい。%K%P
反応からして、容易に想像できたらしい。%K%P
%LC陽菜
%LC陽菜
「私も杏奈ちゃんとふたりで過ごしたいし。\n　だから、ね？　いますぐ――」%K%P
「私も杏奈ちゃんとふたりで過ごしたいし。\n　だから、ね？　いますぐ――」%K%P
%LC杏奈
%LC杏奈
「待ってて、すぐ着替える。\n　４０秒で支度するっ！」%K%P
「待ってて、すぐ着替える。\n　４０秒で支度するっ！」%K%P
そうして急いでテアトルを出ると、\n外は小雨が降っていた。%K%P
そうして急いでテアトルを出ると、\n外は小雨が降っていた。%K%P
朝の時点で怪しい空模様だったんだけど、\n試合している間に、降り出してしまったらしい。%K%P
朝の時点で怪しい空模様だったんだけど、\n試合している間に、降り出してしまったらしい。%K%P
%LC陽菜
%LC陽菜
「寮、すぐそこだし、走る？」%K%P
「寮、すぐそこだし、走る？」%K%P
%LC杏奈
%LC杏奈
「大丈夫。傘、持ってきてるから」%K%P
「大丈夫。傘、持ってきてるから」%K%P
一本の傘をふたりで使うということは、当然――、%K%P
一本の傘をふたりで使うということは、当然――、%K%P
%LC杏奈
%LC杏奈
「ごめんね。傘、持たせちゃって」%K%P
「ごめんね。傘、持たせちゃって」%K%P
%LC陽菜
%LC陽菜
「あれだけ頑張ったあとだもん。\n　握力、ないんでしょ？」%K%P
「あれだけ頑張ったあとだもん。\n　握力、ないんでしょ？」%K%P
%LC杏奈
%LC杏奈
「ん……。正直、着替えてるときも、\n　手とか指、ぷるぷるしちゃって大変だった」%K%P
「ん……。正直、着替えてるときも、\n　手とか指、ぷるぷるしちゃって大変だった」%K%P
%LC杏奈
%LC杏奈
「けど、嬉しい。久しぶりの相合い傘が、\n　大好きな陽菜ちゃんとで」%K%P
「けど、嬉しい。久しぶりの相合い傘が、\n　大好きな陽菜ちゃんとで」%K%P
%LC陽菜
%LC陽菜
「私も」%K%P
「私も」%K%P
%LC杏奈
%LC杏奈
「陽菜ちゃんも久しぶりなんだ？　相合い傘」%K%P
「陽菜ちゃんも久しぶりなんだ？　相合い傘」%K%P
%LC陽菜
%LC陽菜
「まぁ、うん」%K%P
「まぁ、うん」%K%P
同意したのはそっちじゃなくて、\nその後の言葉に、なんだけど。%K%P
同意したのはそっちじゃなくて、\nその後の言葉に、なんだけど。%K%P
でも、わざわざ訂正するのも、照れくさい。%K%P
でも、わざわざ訂正するのも、照れくさい。%K%P
%LC杏奈
%LC杏奈
「ちっちゃな頃にね、こんなふうに\n　日向くんと相合い傘したことあるんだ」%K%P
「ちっちゃな頃にね、こんなふうに\n　日向くんと相合い傘したことあるんだ」%K%P
%LC陽菜
%LC陽菜
「あ――」%K%P
「あ――」%K%P
%LC陽菜
%LC陽菜
「その……ごめん。今日、勝てなくて」%K%P
「その……ごめん。今日、勝てなくて」%K%P
%LC杏奈
%LC杏奈
「あっ……ちっ、違うよっ？\n　いまのはそういう意味じゃなくてっ」%K%P
「あっ……ちっ、違うよっ？\n　いまのはそういう意味じゃなくてっ」%K%P
%LC杏奈
%LC杏奈
「第一、陽菜ちゃんが謝ることないでしょ？\n　やられちゃったのは私なんだから」%K%P
「第一、陽菜ちゃんが謝ることないでしょ？\n　やられちゃったのは私なんだから」%K%P
%LC陽菜
%LC陽菜
「でも、私がもっと早く依夜様を――」%K%P
「でも、私がもっと早く依夜様を――」%K%P
%LC杏奈
%LC杏奈
%XS21「陽菜ちゃんは悪くないのっ！」%XE%K%P
%XS21「陽菜ちゃんは悪くないのっ！」%XE%K%P
%LC陽菜
%LC陽菜
「っ……」%K%P
「っ……」%K%P
強い口調で言い切られ、息を呑む。%K%P
強い口調で言い切られ、息を呑む。%K%P
気付けば、ふたりとも足が止まっていた。%K%P
気付けば、ふたりとも足が止まっていた。%K%P
傘にあたる雨粒の音が、沈黙を埋める。%K%P
傘にあたる雨粒の音が、沈黙を埋める。%K%P
さっき杏奈ちゃんは、\n日向と相合い傘をしたことがあると言った。%K%P
さっき杏奈ちゃんは、\n日向と相合い傘をしたことがあると言った。%K%P
でもオレは、それを覚えていない。%K%P
でもオレは、それを覚えていない。%K%P
思えば、杏奈ちゃんはオレよりもずっと多く、\n日向と過ごした時間を覚えていてくれて。%K%P
思えば、杏奈ちゃんはオレよりもずっと多く、\n日向と過ごした時間を覚えていてくれて。%K%P
なのにオレは、彼女が泣き虫だったことすら、\n本人に言われるまで忘れてしまっていて――、%K%P
なのにオレは、彼女が泣き虫だったことすら、\n本人に言われるまで忘れてしまっていて――、%K%P
%LC杏奈
%LC杏奈
「……悔しい」%K%P
「……悔しい」%K%P
%LC陽菜
%LC陽菜
「え……？」%K%P
「え……？」%K%P
%LC杏奈
%LC杏奈
「私ね、なにやっても、ぜんぶ普通だったんだ」%K%P
「私ね、なにやっても、ぜんぶ普通だったんだ」%K%P
%LC杏奈
%LC杏奈
「勉強も運動も、得意なこと、なくて。\n　なにをやっても、平凡で……」%K%P
「勉強も運動も、得意なこと、なくて。\n　なにをやっても、平凡で……」%K%P
%LC杏奈
%LC杏奈
「上手になるんだって意気込んだ歌も、\n　練習したわりに、ちっとも上達しなくて……」%K%P
「上手になるんだって意気込んだ歌も、\n　練習したわりに、ちっとも上達しなくて……」%K%P
%LC杏奈
%LC杏奈
「いつのまにか、そういうのに慣れて。\n　ダメでも、悔しいって思うこと、少なくなって」%K%P
「いつのまにか、そういうのに慣れて。\n　ダメでも、悔しいって思うこと、少なくなって」%K%P
%LC杏奈
%LC杏奈
「でも……いま、すっごく悔しい」%K%P
「でも……いま、すっごく悔しい」%K%P
%LC杏奈
%LC杏奈
「陽菜ちゃんにコーチしてもらって、\n　{騎士道:シュバルリィ}の学年２位になれて」%K%P
「陽菜ちゃんにコーチしてもらって、\n　{騎士道:シュバルリィ}の学年２位になれて」%K%P
%LC杏奈
%LC杏奈
「学年代表に選ばれて、\n　陽菜ちゃんとエンゲージして」%K%P
「学年代表に選ばれて、\n　陽菜ちゃんとエンゲージして」%K%P
%LC杏奈
%LC杏奈
「晴れ姿を日向くんに見せるぞって決意して、\n　陽菜ちゃんと一緒に、いっぱい練習して」%K%P
「晴れ姿を日向くんに見せるぞって決意して、\n　陽菜ちゃんと一緒に、いっぱい練習して」%K%P
%LC杏奈
%LC杏奈
「勝ちたい、勝つぞ、勝つんだって、\n　こんなに強く思ったの、はじめてで――」%K%P
「勝ちたい、勝つぞ、勝つんだって、\n　こんなに強く思ったの、はじめてで――」%K%P
%LC杏奈
%LC杏奈
「だから、ほんと……悔しいよぅっ……」%K%P
「だから、ほんと……悔しいよぅっ……」%K%P
%LC杏奈
%LC杏奈
「私、今日、勝ちたかったっ……」%K%P
「私、今日、勝ちたかったっ……」%K%P
%LC杏奈
%LC杏奈
「勝って、銀蘭祭の舞台に立つ私を、\n　日向くんに、見てもらいたかったっ……」%K%P
「勝って、銀蘭祭の舞台に立つ私を、\n　日向くんに、見てもらいたかったっ……」%K%P
%LC杏奈
%LC杏奈
「もう泣き虫じゃないよって……ひぐっ、\n　胸、張って、言いたかったっ……」%K%P
「もう泣き虫じゃないよって……ひぐっ、\n　胸、張って、言いたかったっ……」%K%P
%LC杏奈
%LC杏奈
「それに、それにっ……陽菜ちゃんとも、\n　もっとエンゲージしてたかった」%K%P
「それに、それにっ……陽菜ちゃんとも、\n　もっとエンゲージしてたかった」%K%P
%LC杏奈
%LC杏奈
「朝も、放課後も、練習して……。\n　作戦会議も、いっぱいしてっ……」%K%P
「朝も、放課後も、練習して……。\n　作戦会議も、いっぱいしてっ……」%K%P
%LC杏奈
%LC杏奈
「私、陽菜ちゃんといっしょに、\n　銀蘭祭、出たかったっ……」%K%P
「私、陽菜ちゃんといっしょに、\n　銀蘭祭、出たかったっ……」%K%P
%LC杏奈
%LC杏奈
「陽菜ちゃんの歌、聞きたかったのにっ……」%K%P
「陽菜ちゃんの歌、聞きたかったのにっ……」%K%P
%LC杏奈
%LC杏奈
「んぐっ……うぅ、悔しいっ……。\n　負けたの、悔しいよ、陽菜ちゃんっ……」%K%P
「んぐっ……うぅ、悔しいっ……。\n　負けたの、悔しいよ、陽菜ちゃんっ……」%K%P
次第に声が震えて、嗚咽混じりになって、\nそれが雨音と混じって――記憶が揺さぶられる。%K%P
次第に声が震えて、嗚咽混じりになって、\nそれが雨音と混じって――記憶が揺さぶられる。%K%P
相合い傘をしたって聞いただけじゃ、\nまったく思い出せなかった、昔の記憶。%K%P
相合い傘をしたって聞いただけじゃ、\nまったく思い出せなかった、昔の記憶。%K%P
それが、彼女の涙声を聞いた途端、\nあふれ出そうな勢いで脳裏に甦ってきた。%K%P
それが、彼女の涙声を聞いた途端、\nあふれ出そうな勢いで脳裏に甦ってきた。%K%P
その日も今日みたいに小雨が降っていて。%K%P
その日も今日みたいに小雨が降っていて。%K%P
公園のブランコで、彼女が泣いていて。%K%P
公園のブランコで、彼女が泣いていて。%K%P
涙の理由はわからなかったけど、\n女の子の慰め方なんて知らなかったけど、\nでも、彼女に泣きやんで欲しくて。%K%P
涙の理由はわからなかったけど、\n女の子の慰め方なんて知らなかったけど、\nでも、彼女に泣きやんで欲しくて。%K%P
だから、傘を差し掛けて、歌を歌った。%K%P
だから、傘を差し掛けて、歌を歌った。%K%P
泣いている彼女のために、精一杯、歌を――、%K%P
泣いている彼女のために、精一杯、歌を――、%K%P
%LC陽菜
%LC陽菜
「……私も、悔しい」%K%P
「……私も、悔しい」%K%P
%LC杏奈
%LC杏奈
「ひぐっ……陽菜ちゃんも？　悔しい？」%K%P
「ひぐっ……陽菜ちゃんも？　悔しい？」%K%P
%LC陽菜
%LC陽菜
「うん。すっごく、悔しい」%K%P
「うん。すっごく、悔しい」%K%P
%LC陽菜
%LC陽菜
「杏奈ちゃんは覚えてるのに。\n　私は、ちっとも覚えてなくて」%K%P
「杏奈ちゃんは覚えてるのに。\n　私は、ちっとも覚えてなくて」%K%P
%LC陽菜
%LC陽菜
「相合い傘をしたことも。\n　泣いてたとき、歌ったことも」%K%P
「相合い傘をしたことも。\n　泣いてたとき、歌ったことも」%K%P
%LC陽菜
%LC陽菜
「言われるまで、ずっと忘れてて。\n　いまになって、ようやく思い出して――」%K%P
「言われるまで、ずっと忘れてて。\n　いまになって、ようやく思い出して――」%K%P
%LC陽菜
%LC陽菜
「それが、すっごく悔しい」%K%P
「それが、すっごく悔しい」%K%P
周囲には誰も居なかったけれど、\nそれでも、傘をちょっとだけ低く持つ。%K%P
周囲には誰も居なかったけれど、\nそれでも、傘をちょっとだけ低く持つ。%K%P
まるで、二人して隠れるように。%K%P
まるで、二人して隠れるように。%K%P
%LC陽菜
%LC陽菜
「試合には負けちゃったけど――」%K%P
「試合には負けちゃったけど――」%K%P
%LC陽菜
%LC陽菜
「でも、私にとって杏奈ちゃんは、\n　世界で一番、輝いている存在だから」%K%P
「でも、私にとって杏奈ちゃんは、\n　世界で一番、輝いている存在だから」%K%P
『華やかに、輝かしく』――、\nそれが、ブリランテという言葉の意味ならば。%K%P
『華やかに、輝かしく』――、\nそれが、ブリランテという言葉の意味ならば。%K%P
%LC陽菜
%LC陽菜
「ブリランテになったら、歌を聞かせる――。\n　そういう約束だったもんね」%K%P
「ブリランテになったら、歌を聞かせる――。\n　そういう約束だったもんね」%K%P
%LC陽菜
%LC陽菜
「だから、聞いて。杏奈ちゃん」%K%P
「だから、聞いて。杏奈ちゃん」%K%P
湿った空気を吸い込むように、深呼吸をひとつ。%K%P
湿った空気を吸い込むように、深呼吸をひとつ。%K%P
それから、大きく深く、息を吸って。%K%P
それから、大きく深く、息を吸って。%K%P
%LC陽菜
%LC陽菜
「♪――――、♪――――」%K%P
「♪――――、♪――――」%K%P
%LC杏奈
%LC杏奈
「あ……」%K%P
「あ……」%K%P
歌い出してすぐ、彼女が息を呑む。%K%P
歌い出してすぐ、彼女が息を呑む。%K%P
驚きに見開かれた瞳が、オレを見つめる。%K%P
驚きに見開かれた瞳が、オレを見つめる。%K%P
こうして人前で歌うのは、いつぶりだろう。%K%P
こうして人前で歌うのは、いつぶりだろう。%K%P
子供の頃と変わらない、高い歌声。%K%P
子供の頃と変わらない、高い歌声。%K%P
格好良さとは縁遠い気がして、\nずっと隠してきた、カウンターテナー。%K%P
格好良さとは縁遠い気がして、\nずっと隠してきた、カウンターテナー。%K%P
この声、この歌を聞いたら、きっと杏奈ちゃんは\nオレの正体に気付いてしまうだろうけど――、%K%P
この声、この歌を聞いたら、きっと杏奈ちゃんは\nオレの正体に気付いてしまうだろうけど――、%K%P
でも、いいんだ。%K%P
でも、いいんだ。%K%P
この歌声で、彼女が泣きやんでくれるのなら。%K%P
この歌声で、彼女が泣きやんでくれるのなら。%K%P
この雨空のように重苦しい彼女の心を、\n晴らすことができるのなら。%K%P
この雨空のように重苦しい彼女の心を、\n晴らすことができるのなら。%K%P
弾む胸で、高鳴る鼓動で、歌を紡ごう。%K%P
弾む胸で、高鳴る鼓動で、歌を紡ごう。%K%P
子供の頃、そうしていたように――。%K%P
子供の頃、そうしていたように――。%K%P
%LC陽菜
%LC陽菜
「――……ふぅ」%K%P
「――……ふぅ」%K%P
歌い終えたら、自然と笑みが漏れた。%K%P
歌い終えたら、自然と笑みが漏れた。%K%P
照れくさい、やっちゃった、後戻りできないぞ、\nでもこれでもう誤魔化さなくていい――などなど。%K%P
照れくさい、やっちゃった、後戻りできないぞ、\nでもこれでもう誤魔化さなくていい――などなど。%K%P
様々な感情で、頭がいまにも沸騰しそうだ。%K%P
様々な感情で、頭がいまにも沸騰しそうだ。%K%P
%LC陽菜
%LC陽菜
「その……どうだった？　私の歌」%K%P
「その……どうだった？　私の歌」%K%P
%LC杏奈
%LC杏奈
「どうって……すごく、上手だったけど……」%K%P
「どうって……すごく、上手だったけど……」%K%P
%LC杏奈
%LC杏奈
「っていうか、なんで……？\n　なんで陽菜ちゃんが、その歌知ってるの？」%K%P
「っていうか、なんで……？\n　なんで陽菜ちゃんが、その歌知ってるの？」%K%P
%LC杏奈
%LC杏奈
「私がその歌を好きだってこと、\n　日向くんにしか言ったことないのに……」%K%P
「私がその歌を好きだってこと、\n　日向くんにしか言ったことないのに……」%K%P
%LC陽菜
%LC陽菜
「えっ……と――」%K%P
「えっ……と――」%K%P
――まさか、気付いてらっしゃらない……？%K%P
――まさか、気付いてらっしゃらない……？%K%P
こっちとしては、かなりヒントを出した……というか、\n限りなく正解を教えたつもりなんだけど――、%K%P
こっちとしては、かなりヒントを出した……というか、\n限りなく正解を教えたつもりなんだけど――、%K%P
%LC杏奈
%LC杏奈
「あっ、わかったっ」%K%P
「あっ、わかったっ」%K%P
%LC陽菜
%LC陽菜
「なにっ？」%K%P
「なにっ？」%K%P
%LC杏奈
%LC杏奈
「やっぱり陽菜ちゃん、\n　本当は日向くんと知り合いなんでしょ？」%K%P
「やっぱり陽菜ちゃん、\n　本当は日向くんと知り合いなんでしょ？」%K%P
ええええ……。%K%P
ええええ……。%K%P
%LC杏奈
%LC杏奈
「それで、私の好きな歌とか、\n　こっそり聞いて知ってたんでしょ？」%K%P
「それで、私の好きな歌とか、\n　こっそり聞いて知ってたんでしょ？」%K%P
%LC杏奈
%LC杏奈
「で、私が急に泣いちゃったから、\n　元気づけるために、その歌を――」%K%P
「で、私が急に泣いちゃったから、\n　元気づけるために、その歌を――」%K%P
%LC陽菜
%LC陽菜
「『頑張れ、杏奈ちゃん』」%K%P
「『頑張れ、杏奈ちゃん』」%K%P
%LC杏奈
%LC杏奈
「…………え？」%K%P
「…………え？」%K%P
%LC陽菜
%LC陽菜
「昨日の夜、電話で。\n　オレ、杏奈ちゃんにそう言ったよね」%K%P
「昨日の夜、電話で。\n　オレ、杏奈ちゃんにそう言ったよね」%K%P
%LC杏奈
%LC杏奈
「オレって……うそ……」%K%P
「オレって……うそ……」%K%P
%LC杏奈
%LC杏奈
「うそだよ、そんな……」%K%P
「うそだよ、そんな……」%K%P
%LC陽菜
%LC陽菜
「その反応、やっと気付いてくれた？」%K%P
「その反応、やっと気付いてくれた？」%K%P
%LC杏奈
%LC杏奈
「やっ、だって、でも……」%K%P
「やっ、だって、でも……」%K%P
%LC杏奈
%LC杏奈
「千佳姉のスマホで日向くんと喋ったとき、\n　陽菜ちゃん、私のすぐ近くにいたよね……？」%K%P
「千佳姉のスマホで日向くんと喋ったとき、\n　陽菜ちゃん、私のすぐ近くにいたよね……？」%K%P
%LC陽菜
%LC陽菜
「あれはちょっとしたトリックみたいなもので、\n　姉さんたちが協力してくれてたんだ」%K%P
「あれはちょっとしたトリックみたいなもので、\n　姉さんたちが協力してくれてたんだ」%K%P
%LC陽菜
%LC陽菜
「その証拠に、日向と話している間だけ、\n　陽菜は側にいなかったでしょ？」%K%P
「その証拠に、日向と話している間だけ、\n　陽菜は側にいなかったでしょ？」%K%P
%LC杏奈
%LC杏奈
「それは……確かに、そうだったけど……」%K%P
「それは……確かに、そうだったけど……」%K%P
%LC杏奈
%LC杏奈
「じゃあ、ホントに……？\n　ホントに、日向くん……？」%K%P
「じゃあ、ホントに……？\n　ホントに、日向くん……？」%K%P
%LC陽菜
%LC陽菜
「うん。ごめんね、\n　今までずっと黙ってて――」%K%P
「うん。ごめんね、\n　今までずっと黙ってて――」%K%P
%LC杏奈
%LC杏奈
「ほんとだよっ！　なんで黙ってたのっ！？\n　日向くんのいじわるっ！」%K%P
「ほんとだよっ！　なんで黙ってたのっ！？\n　日向くんのいじわるっ！」%K%P
%LC陽菜
%LC陽菜
「えっ……？　えっと、あの」%K%P
「えっ……？　えっと、あの」%K%P
%LC杏奈
%LC杏奈
「陽菜ちゃんが日向くんだったってことは、\n　ぜんぶ知ってるってことでしょっ？」%K%P
「陽菜ちゃんが日向くんだったってことは、\n　ぜんぶ知ってるってことでしょっ？」%K%P
%LC杏奈
%LC杏奈
「私の気持ちも、告白の計画も、\n　ぜんぶぜんぶ知ってたってことでしょっ？」%K%P
「私の気持ちも、告白の計画も、\n　ぜんぶぜんぶ知ってたってことでしょっ？」%K%P
%LC杏奈
%LC杏奈
「ぜんぶぜんぶ知ってて、それで私のこと、\n　ニヤニヤニヤニヤ眺めてるなんてっ……」%K%P
「ぜんぶぜんぶ知ってて、それで私のこと、\n　ニヤニヤニヤニヤ眺めてるなんてっ……」%K%P
%LC杏奈
%LC杏奈
「そんな、そんなのって……ひどいよっ、\n　オニだよ、アクマだよっ、オニクマだよぉっ！」%K%P
「そんな、そんなのって……ひどいよっ、\n　オニだよ、アクマだよっ、オニクマだよぉっ！」%K%P
%LC杏奈
%LC杏奈
%XS21「日向くんのオニクマっ、オニクマぁっ！」%XE%K%P
%XS21「日向くんのオニクマっ、オニクマぁっ！」%XE%K%P
%LC陽菜
%LC陽菜
「ちがっ……！？　オレはそんなつもりで\n　ずっと黙ってたわけじゃ――」%K%P
「ちがっ……！？　オレはそんなつもりで\n　ずっと黙ってたわけじゃ――」%K%P
%LC杏奈
%LC杏奈
「違わないっ！　だいたい日向くん、\n　ちっちゃな頃からそうだったもんっ！」%K%P
「違わないっ！　だいたい日向くん、\n　ちっちゃな頃からそうだったもんっ！」%K%P
%LC杏奈
%LC杏奈
「昔っから内緒が多くって。\n　私が教えてって言ってもダメって言って」%K%P
「昔っから内緒が多くって。\n　私が教えてって言ってもダメって言って」%K%P
%LC陽菜
%LC陽菜
「あれは杏奈ちゃんのお母さんから、\n　そういうふうに頼まれてたからだよっ」%K%P
「あれは杏奈ちゃんのお母さんから、\n　そういうふうに頼まれてたからだよっ」%K%P
%LC陽菜
%LC陽菜
「杏奈は日向くんの真似をしたがるから、\n　あぶないことは教えないでって言われてたのっ！」%K%P
「杏奈は日向くんの真似をしたがるから、\n　あぶないことは教えないでって言われてたのっ！」%K%P
口をついて出た言葉に、自分でも驚く。%K%P
口をついて出た言葉に、自分でも驚く。%K%P
小さな頃にそんなことがあったなんて、\nいまのいままで、完全に忘れてたのに。%K%P
小さな頃にそんなことがあったなんて、\nいまのいままで、完全に忘れてたのに。%K%P
日向として面と向かって話していると、\n昔の記憶が、どんどんあふれてくる。%K%P
日向として面と向かって話していると、\n昔の記憶が、どんどんあふれてくる。%K%P
というか、気持ちまでどんどん、\n子供の頃に、戻っていくみたいで――、%K%P
というか、気持ちまでどんどん、\n子供の頃に、戻っていくみたいで――、%K%P
%LC陽菜
%LC陽菜
「そもそも杏奈ちゃんも杏奈ちゃんで、\n　オレのこと言えないからね？」%K%P
「そもそも杏奈ちゃんも杏奈ちゃんで、\n　オレのこと言えないからね？」%K%P
%LC陽菜
%LC陽菜
「日向が陽菜に惚れちゃったら困るなんて理由で、\n　エッチな自撮りを送ってきたりとか」%K%P
「日向が陽菜に惚れちゃったら困るなんて理由で、\n　エッチな自撮りを送ってきたりとか」%K%P
%LC杏奈
%LC杏奈
「うにっ！？　あっ、あれはいま関係ないっていうか\n　あの画像消して今消してすぐ消してっ！」%K%P
「うにっ！？　あっ、あれはいま関係ないっていうか\n　あの画像消して今消してすぐ消してっ！」%K%P
%LC陽菜
%LC陽菜
「消しませんっ！　なんならこれから毎晩眺めて、\n　あんなことやこんなことするしっ！」%K%P
「消しませんっ！　なんならこれから毎晩眺めて、\n　あんなことやこんなことするしっ！」%K%P
%LC杏奈
%LC杏奈
「なっ――」%K%P
「なっ――」%K%P
勢い任せに言っちゃった言葉に、\n杏奈ちゃんの顔が真っ赤に染まる。%K%P
勢い任せに言っちゃった言葉に、\n杏奈ちゃんの顔が真っ赤に染まる。%K%P
そういえば昔、杏奈ちゃんとささいなことで、\nこんなふうに口喧嘩したことがあったっけ。%K%P
そういえば昔、杏奈ちゃんとささいなことで、\nこんなふうに口喧嘩したことがあったっけ。%K%P
子供同士の口論だから、\nどうしても屁理屈合戦になっちゃって。%K%P
子供同士の口論だから、\nどうしても屁理屈合戦になっちゃって。%K%P
ちょうど今みたいな感じで、\nあーだこーだと言い合いを繰り広げて――、%K%P
ちょうど今みたいな感じで、\nあーだこーだと言い合いを繰り広げて――、%K%P
……すごく、懐かしい。%K%P
……すごく、懐かしい。%K%P
%LC陽菜
%LC陽菜
「確かに、オレはぜんぶ知ってたけど……。\n　それはそれで、大変だったんだよ」%K%P
「確かに、オレはぜんぶ知ってたけど……。\n　それはそれで、大変だったんだよ」%K%P
%LC陽菜
%LC陽菜
「陽菜と日向、ふたり分、好きだって言われて。\n　ほんと、ずっと大変だったんだから」%K%P
「陽菜と日向、ふたり分、好きだって言われて。\n　ほんと、ずっと大変だったんだから」%K%P
%LC杏奈
%LC杏奈
「大変って……それ、どういう意味？」%K%P
「大変って……それ、どういう意味？」%K%P
%LC杏奈
%LC杏奈
「困ってたってこと？\n　それとも、嬉しかったってこと？」%K%P
「困ってたってこと？\n　それとも、嬉しかったってこと？」%K%P
%LC陽菜
%LC陽菜
「それは……」%K%P
「それは……」%K%P
%LC杏奈
%LC杏奈
「教えて、日向くん」%K%P
「教えて、日向くん」%K%P
%LC杏奈
%LC杏奈
「私はもう、告白しちゃってたんだもん。\n　だから、日向くんの気持ちも、教えて」%K%P
「私はもう、告白しちゃってたんだもん。\n　だから、日向くんの気持ちも、教えて」%K%P
わずかに言い淀んでしまったオレに、\n杏奈ちゃんが優しく笑う。%K%P
わずかに言い淀んでしまったオレに、\n杏奈ちゃんが優しく笑う。%K%P
ついさっきまで昔みたく口喧嘩してたのに、\n急にそんなことを言うんだから、ズルいと思う。%K%P
ついさっきまで昔みたく口喧嘩してたのに、\n急にそんなことを言うんだから、ズルいと思う。%K%P
けど、人のことは言えない。%K%P
けど、人のことは言えない。%K%P
彼女の言う通り、オレもズルかったんだから。%K%P
彼女の言う通り、オレもズルかったんだから。%K%P
%LC陽菜
%LC陽菜
「オレも、杏奈ちゃんのこと、好きだよ」%K%P
「オレも、杏奈ちゃんのこと、好きだよ」%K%P
%LC杏奈
%LC杏奈
「ほんと？」%K%P
「ほんと？」%K%P
%LC陽菜
%LC陽菜
「うん。大好き」%K%P
「うん。大好き」%K%P
%LC杏奈
%LC杏奈
「なら、なんでさっき、言いかけて迷ったの？」%K%P
「なら、なんでさっき、言いかけて迷ったの？」%K%P
%LC陽菜
%LC陽菜
「あれは……幻滅されたかもって、思って」%K%P
「あれは……幻滅されたかもって、思って」%K%P
%LC杏奈
%LC杏奈
「幻滅って……どうして？」%K%P
「幻滅って……どうして？」%K%P
%LC陽菜
%LC陽菜
「だって……女装してた、わけだし。\n　そんなの、いくら好きな相手でも――」%K%P
「だって……女装してた、わけだし。\n　そんなの、いくら好きな相手でも――」%K%P
%LC杏奈
%LC杏奈
「大好き」%K%P
「大好き」%K%P
短い一言のあと、杏奈ちゃんは身を寄せて。%K%P
短い一言のあと、杏奈ちゃんは身を寄せて。%K%P
そのあとの行動に、オレはまったく動けなかった。%K%P
そのあとの行動に、オレはまったく動けなかった。%K%P
驚きのあまり、傘が手から離れて。%K%P
驚きのあまり、傘が手から離れて。%K%P
それが地面に、ぱしゃんと落ちて――。%K%P
それが地面に、ぱしゃんと落ちて――。%K%P
――それでも、彼女の唇は、重なったままで。%K%P
――それでも、彼女の唇は、重なったままで。%K%P
%LC杏奈
%LC杏奈
「ん……」%K%P
「ん……」%K%P
雨に濡れた唇が、さらに寄り添ってくる。%K%P
雨に濡れた唇が、さらに寄り添ってくる。%K%P
どうすればいいのかわからなくて、\nでも、それがキスだってことは、わかっていて。%K%P
どうすればいいのかわからなくて、\nでも、それがキスだってことは、わかっていて。%K%P
頭が真っ白になりかけたとき、\n彼女はゆっくりと、オレから離れた。%K%P
頭が真っ白になりかけたとき、\n彼女はゆっくりと、オレから離れた。%K%P
%LC杏奈
%LC杏奈
「女装ぐらいで、幻滅だなんて――」%K%P
「女装ぐらいで、幻滅だなんて――」%K%P
%LC杏奈
%LC杏奈
「私の初恋は、そんなにやわじゃないよ」%K%P
「私の初恋は、そんなにやわじゃないよ」%K%P
覗き込むようにして、くすりと笑う。%K%P
覗き込むようにして、くすりと笑う。%K%P
悪戯っぽい感じもあるのに、でも、少し照れて。%K%P
悪戯っぽい感じもあるのに、でも、少し照れて。%K%P
自分の言ったことでくすぐったそうに笑うその顔は、\nオレがよく知る、大好きな『お隣さん』だった。%K%P
自分の言ったことでくすぐったそうに笑うその顔は、\nオレがよく知る、大好きな『お隣さん』だった。%K%P
