次の日――火曜も、\n朝と放課後は、めいっぱい練習に費やして。%K%P
次の日――火曜も、\n朝と放課後は、めいっぱい練習に費やして。%K%P
水曜の放課後、\nオレは職員寮に杏奈ちゃんを招いた。%K%P
水曜の放課後、\nオレは職員寮に杏奈ちゃんを招いた。%K%P
%LC陽菜
%LC陽菜
「さ、どうぞ。入って」%K%P
「さ、どうぞ。入って」%K%P
%LC杏奈
%LC杏奈
「おじゃましまーす」%K%P
「おじゃましまーす」%K%P
%LC杏奈
%LC杏奈
「って、わっ、ホントだ。\n　片付いてるね」%K%P
「って、わっ、ホントだ。\n　片付いてるね」%K%P
入るなり、室内をきょろきょろ見回す杏奈ちゃん。%K%P
入るなり、室内をきょろきょろ見回す杏奈ちゃん。%K%P
フィジカルトレーニングも大切だけど、\nやみくもに戦っても勝ち目は薄い。%K%P
フィジカルトレーニングも大切だけど、\nやみくもに戦っても勝ち目は薄い。%K%P
というわけで、本日は作戦会議。%K%P
というわけで、本日は作戦会議。%K%P
その場所にオレの部屋を提供したのは、\n先日、杏奈ちゃんの部屋に招いてもらったお返しだ。%K%P
その場所にオレの部屋を提供したのは、\n先日、杏奈ちゃんの部屋に招いてもらったお返しだ。%K%P
%LC杏奈
%LC杏奈
「けど、学生寮と全然違うね。\n　すっごいしゃれおつぅーな感じ」%K%P
「けど、学生寮と全然違うね。\n　すっごいしゃれおつぅーな感じ」%K%P
%LC陽菜
%LC陽菜
「どっちかというと\n　シェアハウスみたいなものだから」%K%P
「どっちかというと\n　シェアハウスみたいなものだから」%K%P
%LC杏奈
%LC杏奈
「千佳姉も住んでるんだっけ？」%K%P
「千佳姉も住んでるんだっけ？」%K%P
%LC陽菜
%LC陽菜
「うん。あと、理事長も」%K%P
「うん。あと、理事長も」%K%P
今日、こうして杏奈ちゃんを招くことは、\n同居してる二人に伝えて、了解をとってある。%K%P
今日、こうして杏奈ちゃんを招くことは、\n同居してる二人に伝えて、了解をとってある。%K%P
間取りが普通の家だから、部屋へ通すには、\nリビングとか共用スペースも通過するわけで。%K%P
間取りが普通の家だから、部屋へ通すには、\nリビングとか共用スペースも通過するわけで。%K%P
家ではわりと油断してるニナさんの威厳とか、\nそういうのは、出来れば尊重してあげたい。%K%P
家ではわりと油断してるニナさんの威厳とか、\nそういうのは、出来れば尊重してあげたい。%K%P
%LC杏奈
%LC杏奈
「じゃあ、さっそく家捜しを」%K%P
「じゃあ、さっそく家捜しを」%K%P
%LC陽菜
%LC陽菜
「しなくていいから。ほら、座って」%K%P
「しなくていいから。ほら、座って」%K%P
%LC杏奈
%LC杏奈
「えー……陽菜ちゃんの下着ぃ……」%K%P
「えー……陽菜ちゃんの下着ぃ……」%K%P
%LC陽菜
%LC陽菜
「もう、美実様みたいなこと言って」%K%P
「もう、美実様みたいなこと言って」%K%P
ちなみにオレの下着は、理性や都合や色々な感情が\n人生史上最高にせめぎ合った結果、女性モノ、です。%K%P
ちなみにオレの下着は、理性や都合や色々な感情が\n人生史上最高にせめぎ合った結果、女性モノ、です。%K%P
とはいえ、いかにも可愛い系のものじゃなく、\n出来るだけスポーティーかつシンプルなやつだけど。%K%P
とはいえ、いかにも可愛い系のものじゃなく、\n出来るだけスポーティーかつシンプルなやつだけど。%K%P
あと、日向の私物――男物の衣類とかは、\n念のためニナさんが預かってくれている。%K%P
あと、日向の私物――男物の衣類とかは、\n念のためニナさんが預かってくれている。%K%P
なので、万一ここで部屋を漁られても、\n衣類から女装がバレることはない。%K%P
なので、万一ここで部屋を漁られても、\n衣類から女装がバレることはない。%K%P
もちろん、漁られないのが一番だけど。%K%P
もちろん、漁られないのが一番だけど。%K%P
%LC杏奈
%LC杏奈
「でも、作戦会議って具体的にはなにするの？」%K%P
「でも、作戦会議って具体的にはなにするの？」%K%P
%LC陽菜
%LC陽菜
「まずはやっぱり、プリモをどうするか」%K%P
「まずはやっぱり、プリモをどうするか」%K%P
{連弾:デュオ}{舞闘:カデンツァ}のリーダー役――プリモは、\n一発アウトの飾緒を身につけるという大任がある。%K%P
{連弾:デュオ}{舞闘:カデンツァ}のリーダー役――プリモは、\n一発アウトの飾緒を身につけるという大任がある。%K%P
%LC杏奈
%LC杏奈
「依夜様たち、じゃんけんでプリモを決めるって\n　言ってたけど……あれ、ホントかな？」%K%P
「依夜様たち、じゃんけんでプリモを決めるって\n　言ってたけど……あれ、ホントかな？」%K%P
%LC陽菜
%LC陽菜
「たぶんね。ただ、その方が厄介かも」%K%P
「たぶんね。ただ、その方が厄介かも」%K%P
昨日一緒に練習した感じ、依夜様たちのペアは\n思った以上にバランスがとれていた。%K%P
昨日一緒に練習した感じ、依夜様たちのペアは\n思った以上にバランスがとれていた。%K%P
打刀とハルバード――使用武器が異なるから、\n相手の武器との相性をふまえた対応力もあるし。%K%P
打刀とハルバード――使用武器が異なるから、\n相手の武器との相性をふまえた対応力もあるし。%K%P
積極的なクレール様が依夜様をフォローするって\n考えると、連携に関しても、わりと隙がない。%K%P
積極的なクレール様が依夜様をフォローするって\n考えると、連携に関しても、わりと隙がない。%K%P
%LC陽菜
%LC陽菜
「どちらがプリモかわかっていれば、\n　それを見越して作戦が立てられるけど――」%K%P
「どちらがプリモかわかっていれば、\n　それを見越して作戦が立てられるけど――」%K%P
%LC陽菜
%LC陽菜
「じゃんけんだと、完全にランダムだし」%K%P
「じゃんけんだと、完全にランダムだし」%K%P
%LC杏奈
%LC杏奈
「むぅ、そっか……」%K%P
「むぅ、そっか……」%K%P
%LC陽菜
%LC陽菜
「とはいえ、プリモとセコンドの組み合わせは、\n　全部で４通りしかないから」%K%P
「とはいえ、プリモとセコンドの組み合わせは、\n　全部で４通りしかないから」%K%P
%LC陽菜
%LC陽菜
「こっちのプリモが決まれば、その半分。\n　ふたつ分の作戦を立てれば済むってこと」%K%P
「こっちのプリモが決まれば、その半分。\n　ふたつ分の作戦を立てれば済むってこと」%K%P
%LC杏奈
%LC杏奈
「私たちの場合、悩む必要ないよね。\n　プリモは陽菜ちゃんで決まりっ」%K%P
「私たちの場合、悩む必要ないよね。\n　プリモは陽菜ちゃんで決まりっ」%K%P
%LC陽菜
%LC陽菜
「私は杏奈ちゃんがいいと思ってるんだけど」%K%P
「私は杏奈ちゃんがいいと思ってるんだけど」%K%P
%LC杏奈
%LC杏奈
「またまた冗談が上手いんだから」%K%P
「またまた冗談が上手いんだから」%K%P
%LC陽菜
%LC陽菜
「ね、やってみない？」%K%P
「ね、やってみない？」%K%P
%LC杏奈
%LC杏奈
「ハハハ、こやつめー」%K%P
「ハハハ、こやつめー」%K%P
%LC陽菜
%LC陽菜
「どうかな？　杏奈ちゃん」%K%P
「どうかな？　杏奈ちゃん」%K%P
%LC杏奈
%LC杏奈
「って……まさか、本気？\n　陽菜ちゃん、本気で言ってる？」%K%P
「って……まさか、本気？\n　陽菜ちゃん、本気で言ってる？」%K%P
%LC陽菜
%LC陽菜
「もちろん」%K%P
「もちろん」%K%P
%LC杏奈
%LC杏奈
%XS21「いやいや、さすがにそれはダメでしょ」%XE%K%P
%XS21「いやいや、さすがにそれはダメでしょ」%XE%K%P
%LC陽菜
%LC陽菜
「どうして？」%K%P
「どうして？」%K%P
%LC杏奈
%LC杏奈
「陽菜ちゃんを差し置いて私がプリモとか、\n　そんなの、みんなが納得しないってば」%K%P
「陽菜ちゃんを差し置いて私がプリモとか、\n　そんなの、みんなが納得しないってば」%K%P
%LC陽菜
%LC陽菜
「みんなって？」%K%P
「みんなって？」%K%P
%LC杏奈
%LC杏奈
「それはもちろん、陽菜ちゃんの活躍を\n　楽しみにしている、学園の子たちだよ」%K%P
「それはもちろん、陽菜ちゃんの活躍を\n　楽しみにしている、学園の子たちだよ」%K%P
%LC杏奈
%LC杏奈
「陽菜ちゃん、みんなの投票で選ばれたんだよ？\n　もう忘れちゃったの？」%K%P
「陽菜ちゃん、みんなの投票で選ばれたんだよ？\n　もう忘れちゃったの？」%K%P
%LC陽菜
%LC陽菜
「それは覚えてるし、光栄なことだけど――」%K%P
「それは覚えてるし、光栄なことだけど――」%K%P
%LC陽菜
%LC陽菜
「私はみんなを納得させるために、\n　戦うわけじゃないから」%K%P
「私はみんなを納得させるために、\n　戦うわけじゃないから」%K%P
%LC杏奈
%LC杏奈
「っ……」%K%P
「っ……」%K%P
%LC陽菜
%LC陽菜
「もちろん、みんなに楽しんでもらいたい――、\n　素敵な{舞闘:カデンツァ}を見せたいって思ってる」%K%P
「もちろん、みんなに楽しんでもらいたい――、\n　素敵な{舞闘:カデンツァ}を見せたいって思ってる」%K%P
%LC陽菜
%LC陽菜
「けど、なにより私は、杏奈ちゃんと勝ちたい。\n　そのためにもプリモになってほしい」%K%P
「けど、なにより私は、杏奈ちゃんと勝ちたい。\n　そのためにもプリモになってほしい」%K%P
%LC杏奈
%LC杏奈
「こ、根拠を、聞こうか」%K%P
「こ、根拠を、聞こうか」%K%P
%LC陽菜
%LC陽菜
「ひとつ。杏奈ちゃんの盾は、\n　大きなアドバンテージになる」%K%P
「ひとつ。杏奈ちゃんの盾は、\n　大きなアドバンテージになる」%K%P
%LC陽菜
%LC陽菜
「ノーブル全体でも、盾持ちって少なくて。\n　３年にはひとりもいないんだ」%K%P
「ノーブル全体でも、盾持ちって少なくて。\n　３年にはひとりもいないんだ」%K%P
%LC陽菜
%LC陽菜
「クレール様はわからないけど……でも、\n　依夜様はたぶん、戦ったことがないと思う」%K%P
「クレール様はわからないけど……でも、\n　依夜様はたぶん、戦ったことがないと思う」%K%P
%LC陽菜
%LC陽菜
「この前のテスト{舞闘:カデンツァ}のとき、依夜様、\n　初見のハルバードに対して苦戦してたし――」%K%P
「この前のテスト{舞闘:カデンツァ}のとき、依夜様、\n　初見のハルバードに対して苦戦してたし――」%K%P
%LC陽菜
%LC陽菜
「初物が苦手って可能性は、\n　充分に考えられると思うんだ」%K%P
「初物が苦手って可能性は、\n　充分に考えられると思うんだ」%K%P
%LC陽菜
%LC陽菜
「どんな達人だって、\n　多少の得手不得手はあるものだから」%K%P
「どんな達人だって、\n　多少の得手不得手はあるものだから」%K%P
%LC陽菜
%LC陽菜
「もうひとつ。これも盾に関連してるけど、\n　杏奈ちゃんは守るのが上手い」%K%P
「もうひとつ。これも盾に関連してるけど、\n　杏奈ちゃんは守るのが上手い」%K%P
%LC陽菜
%LC陽菜
「本気で守りに徹したら、たとえ{最優秀騎士:ブリランテ}でも、\n　そう簡単には勝てないと思う」%K%P
「本気で守りに徹したら、たとえ{最優秀騎士:ブリランテ}でも、\n　そう簡単には勝てないと思う」%K%P
%LC杏奈
%LC杏奈
「そう言ってくれるのは嬉しいけど……。\n　それだと勝てないよね？　負けないだけで」%K%P
「そう言ってくれるのは嬉しいけど……。\n　それだと勝てないよね？　負けないだけで」%K%P
%LC杏奈
%LC杏奈
「守りに徹するってことは、\n　こっちからは攻撃できないわけだし……」%K%P
「守りに徹するってことは、\n　こっちからは攻撃できないわけだし……」%K%P
%LC杏奈
%LC杏奈
「いままでだって、それで押し切られて、\n　結局は最後に負けちゃってたわけで……」%K%P
「いままでだって、それで押し切られて、\n　結局は最後に負けちゃってたわけで……」%K%P
%LC陽菜
%LC陽菜
「いつもの{舞闘:カデンツァ}なら、そうだけど。\n　でも、今回は{連弾:デュオ}だから」%K%P
「いつもの{舞闘:カデンツァ}なら、そうだけど。\n　でも、今回は{連弾:デュオ}だから」%K%P
%LC陽菜
%LC陽菜
「同じ舞台に、私も居る。でしょ？」%K%P
「同じ舞台に、私も居る。でしょ？」%K%P
%LC杏奈
%LC杏奈
「あ……」%K%P
「あ……」%K%P
%LC陽菜
%LC陽菜
「杏奈ちゃんが飾緒を守る。\n　その間に、私が相手の飾緒を断つ――」%K%P
「杏奈ちゃんが飾緒を守る。\n　その間に、私が相手の飾緒を断つ――」%K%P
%LC陽菜
%LC陽菜
「ね？　悪くない作戦だと思わない？」%K%P
「ね？　悪くない作戦だと思わない？」%K%P
%LC杏奈
%LC杏奈
「……すごいね、陽菜ちゃん」%K%P
「……すごいね、陽菜ちゃん」%K%P
%LC杏奈
%LC杏奈
「なんか、依夜様たち相手に、\n　勝てるかもって気になってきちゃった」%K%P
「なんか、依夜様たち相手に、\n　勝てるかもって気になってきちゃった」%K%P
%LC陽菜
%LC陽菜
「かもじゃなくて、勝つの」%K%P
「かもじゃなくて、勝つの」%K%P
%LC陽菜
%LC陽菜
「そのぐらいの意気込みじゃないと。\n　勝負する前から、気持ちで負けちゃうよ？」%K%P
「そのぐらいの意気込みじゃないと。\n　勝負する前から、気持ちで負けちゃうよ？」%K%P
%LC杏奈
%LC杏奈
「……うん。うん……うんっ」%K%P
「……うん。うん……うんっ」%K%P
%LC杏奈
%LC杏奈
「ねえ、なにか私にできることない？\n　どうすれば私、もっと戦えるかな？」%K%P
「ねえ、なにか私にできることない？\n　どうすれば私、もっと戦えるかな？」%K%P
%LC陽菜
%LC陽菜
「正直言うと、スタミナはもう少し欲しいかも」%K%P
「正直言うと、スタミナはもう少し欲しいかも」%K%P
%LC陽菜
%LC陽菜
「依夜様はもちろんだけど、たぶん、\n　クレール様も持久力はあると思うんだ」%K%P
「依夜様はもちろんだけど、たぶん、\n　クレール様も持久力はあると思うんだ」%K%P
なにせ、森の中を駆け回って戦うアリアで、\n{最優秀騎士:ブリランテ}に選ばれるぐらいの人だし。%K%P
なにせ、森の中を駆け回って戦うアリアで、\n{最優秀騎士:ブリランテ}に選ばれるぐらいの人だし。%K%P
テスト{舞闘:カデンツァ}のときも、あれだけハルバードを\nぶん回しておいて、ほとんど息が乱れていなかった。%K%P
テスト{舞闘:カデンツァ}のときも、あれだけハルバードを\nぶん回しておいて、ほとんど息が乱れていなかった。%K%P
%LC陽菜
%LC陽菜
「せっかくディフェンス力があっても、\n　スタミナが切れたら押し切られちゃうから」%K%P
「せっかくディフェンス力があっても、\n　スタミナが切れたら押し切られちゃうから」%K%P
%LC杏奈
%LC杏奈
「了解っ！　じゃあさっそく、\n　明日から毎朝マラソン１０キロ――」%K%P
「了解っ！　じゃあさっそく、\n　明日から毎朝マラソン１０キロ――」%K%P
%LC陽菜
%LC陽菜
「待って待ってっ。本番まで日が無いし、\n　それじゃかえって疲れちゃうだけだってばっ」%K%P
「待って待ってっ。本番まで日が無いし、\n　それじゃかえって疲れちゃうだけだってばっ」%K%P
%LC陽菜
%LC陽菜
「それよりも試合中のペース配分とか、\n　そういうの、もっとふたりで考えてみよ？」%K%P
「それよりも試合中のペース配分とか、\n　そういうの、もっとふたりで考えてみよ？」%K%P
%LC杏奈
%LC杏奈
「ガッテンっ！」%K%P
「ガッテンっ！」%K%P
そんな感じで、着々と作戦会議を進める。%K%P
そんな感じで、着々と作戦会議を進める。%K%P
とはいえ、あのふたり相手に付け焼き刃の作戦じゃ、\n通じない可能性の方が高いだろう。%K%P
とはいえ、あのふたり相手に付け焼き刃の作戦じゃ、\n通じない可能性の方が高いだろう。%K%P
盾のアドバンテージにしたって、\nどのぐらい効果があるかは未知数だ。%K%P
盾のアドバンテージにしたって、\nどのぐらい効果があるかは未知数だ。%K%P
だから、さっきオレが語った根拠は、\nぶっちゃければ詭弁もいいところ。%K%P
だから、さっきオレが語った根拠は、\nぶっちゃければ詭弁もいいところ。%K%P
けど、今なによりも必要なのは『自信』だ。%K%P
けど、今なによりも必要なのは『自信』だ。%K%P
{最優秀騎士:ブリランテ}ふたりを相手に勝つ――、\nそんな途方もない目標に向き合う精神力。%K%P
{最優秀騎士:ブリランテ}ふたりを相手に勝つ――、\nそんな途方もない目標に向き合う精神力。%K%P
オレの歌を聞きたいって気持ちは、\n確かに、カンフル剤にはなっていると思う。%K%P
オレの歌を聞きたいって気持ちは、\n確かに、カンフル剤にはなっていると思う。%K%P
けど、それだけで勝てるほど、\n{最優秀騎士:ブリランテ}は甘くない。%K%P
けど、それだけで勝てるほど、\n{最優秀騎士:ブリランテ}は甘くない。%K%P
だから、そのためにも今日は気持ち――、\nメンタルのケアとトレーニングを、しっかりと。%K%P
だから、そのためにも今日は気持ち――、\nメンタルのケアとトレーニングを、しっかりと。%K%P
%LC陽菜
%LC陽菜
「……ふぅ。ちょっと休憩する？」%K%P
「……ふぅ。ちょっと休憩する？」%K%P
%LC杏奈
%LC杏奈
「うん……。頭使いすぎて、知恵熱でそう」%K%P
「うん……。頭使いすぎて、知恵熱でそう」%K%P
%LC陽菜
%LC陽菜
「ふふっ。じゃあ、なにか飲み物を――」%K%P
「ふふっ。じゃあ、なにか飲み物を――」%K%P
%LC宗千佳
%LC宗千佳
「陽菜、杏奈。ちょっといいか？」%K%P
「陽菜、杏奈。ちょっといいか？」%K%P
%LC陽菜
%LC陽菜
「あっ、うん」%K%P
「あっ、うん」%K%P
ノックと共に声がしたので応じると、\nすぐにドアが開いて、姉さんが姿を見せた。%K%P
ノックと共に声がしたので応じると、\nすぐにドアが開いて、姉さんが姿を見せた。%K%P
%LC宗千佳
%LC宗千佳
「いまお茶を淹れたんだが、\n　よければふたりもどうかと思ってな」%K%P
「いまお茶を淹れたんだが、\n　よければふたりもどうかと思ってな」%K%P
%LC陽菜
%LC陽菜
「ありがとう。ちょうど今、\n　休憩しようと思ってたところで」%K%P
「ありがとう。ちょうど今、\n　休憩しようと思ってたところで」%K%P
%LC宗千佳
%LC宗千佳
「どうだ？　調子のほうは」%K%P
「どうだ？　調子のほうは」%K%P
%LC杏奈
%LC杏奈
「{最優秀騎士:ブリランテ}対策、バッチリですっ」%K%P
「{最優秀騎士:ブリランテ}対策、バッチリですっ」%K%P
%LC宗千佳
%LC宗千佳
「ふふっ、そうか。それは本番が楽しみだな」%K%P
「ふふっ、そうか。それは本番が楽しみだな」%K%P
%LC宗千佳
%LC宗千佳
「しかし、今回の結果には本気で驚いたぞ。\n　転科したその年に、学年２位になるとは」%K%P
「しかし、今回の結果には本気で驚いたぞ。\n　転科したその年に、学年２位になるとは」%K%P
%LC陽菜
%LC陽菜
「それ、成績をつけた本人が言う？」%K%P
「それ、成績をつけた本人が言う？」%K%P
%LC宗千佳
%LC宗千佳
「公正に判断した結果だからこそ言えることだ」%K%P
「公正に判断した結果だからこそ言えることだ」%K%P
%LC宗千佳
%LC宗千佳
「伸びるだろうとは思っていたが……。\n　まさか、ここまでとはな」%K%P
「伸びるだろうとは思っていたが……。\n　まさか、ここまでとはな」%K%P
%LC杏奈
%LC杏奈
「えへへー。それもこれも、\n　教え上手な陽菜コーチのおかげですっ」%K%P
「えへへー。それもこれも、\n　教え上手な陽菜コーチのおかげですっ」%K%P
%LC宗千佳
%LC宗千佳
「指導が下手ですまなかったな」%K%P
「指導が下手ですまなかったな」%K%P
%LC杏奈
%LC杏奈
「んぎっ？！　ちっ、ちがうってば千佳姉っ。\n　そういう意味じゃなくてっ」%K%P
「んぎっ？！　ちっ、ちがうってば千佳姉っ。\n　そういう意味じゃなくてっ」%K%P
%LC宗千佳
%LC宗千佳
「冗談だ」%K%P
「冗談だ」%K%P
%LC杏奈
%LC杏奈
「うううぅ……。\n　千佳姉の真顔ジョークキツいってばぁ……」%K%P
「うううぅ……。\n　千佳姉の真顔ジョークキツいってばぁ……」%K%P
%LC杏奈
%LC杏奈
「って、うわっ、ごめんなさいっ。\n　私ってば気が緩んで、先生のこと千佳姉って」%K%P
「って、うわっ、ごめんなさいっ。\n　私ってば気が緩んで、先生のこと千佳姉って」%K%P
%LC宗千佳
%LC宗千佳
「気にするな、いまはプライベートだ。\n　杏奈の好きに呼べばいい」%K%P
「気にするな、いまはプライベートだ。\n　杏奈の好きに呼べばいい」%K%P
%LC杏奈
%LC杏奈
「わはっ、やったぁ千佳姉大好きっ」%K%P
「わはっ、やったぁ千佳姉大好きっ」%K%P
%LC宗千佳
%LC宗千佳
「もし学園でそう呼んだら、お灸を据えるが」%K%P
「もし学園でそう呼んだら、お灸を据えるが」%K%P
%LC杏奈
%LC杏奈
「うにっ……」%K%P
「うにっ……」%K%P
%LC宗千佳
%LC宗千佳
「ふふっ、まったく……」%K%P
「ふふっ、まったく……」%K%P
%LC宗千佳
%LC宗千佳
「だが、昔に比べると、\n　杏奈はだいぶ明るくなったな」%K%P
「だが、昔に比べると、\n　杏奈はだいぶ明るくなったな」%K%P
%LC陽菜
%LC陽菜
「えっ？　そうなの？」%K%P
「えっ？　そうなの？」%K%P
%LC宗千佳
%LC宗千佳
「ああ。昔の杏奈は、どちらかといえば――」%K%P
「ああ。昔の杏奈は、どちらかといえば――」%K%P
%LC杏奈
%LC杏奈
「ちょっ、千佳姉っ……！！\n　人の過去を暴露するの禁止っ」%K%P
「ちょっ、千佳姉っ……！！\n　人の過去を暴露するの禁止っ」%K%P
%LC宗千佳
%LC宗千佳
「っと、そうだな。すまない」%K%P
「っと、そうだな。すまない」%K%P
%LC杏奈
%LC杏奈
「んもー……」%K%P
「んもー……」%K%P
そんなやりとりのあと、\n姉さんはすまなそうにオレを見た。%K%P
そんなやりとりのあと、\n姉さんはすまなそうにオレを見た。%K%P
おそらくは、オレが日向だって意識でいて、\nつい昔話をしそうになっちゃったんだろう。%K%P
おそらくは、オレが日向だって意識でいて、\nつい昔話をしそうになっちゃったんだろう。%K%P
けど、杏奈ちゃんって昔から、\nこんな感じの明るい子じゃなかったっけ……？%K%P
けど、杏奈ちゃんって昔から、\nこんな感じの明るい子じゃなかったっけ……？%K%P
%LC陽菜
%LC陽菜
「その……ねえ、先生。杏奈ちゃんって、\n　小さな頃はどんな子だったの？」%K%P
「その……ねえ、先生。杏奈ちゃんって、\n　小さな頃はどんな子だったの？」%K%P
%LC杏奈
%LC杏奈
「ちょっ、陽菜ちゃんまでっ？！」%K%P
「ちょっ、陽菜ちゃんまでっ？！」%K%P
%LC陽菜
%LC陽菜
「ごめん。でも、気になって」%K%P
「ごめん。でも、気になって」%K%P
%LC杏奈
%LC杏奈
「むむむぅ……」%K%P
「むむむぅ……」%K%P
%LC杏奈
%LC杏奈
「……まぁでも、他でもない陽菜ちゃんが、\n　そこまで気にしてくれるなら――」%K%P
「……まぁでも、他でもない陽菜ちゃんが、\n　そこまで気にしてくれるなら――」%K%P
%LC杏奈
%LC杏奈
「んっ、いいよっ。{連弾:デュオ}で共に戦う、\n　パートナーとの親睦を図ることにもなるし」%K%P
「んっ、いいよっ。{連弾:デュオ}で共に戦う、\n　パートナーとの親睦を図ることにもなるし」%K%P
%LC杏奈
%LC杏奈
「そのかわり、陽菜ちゃんの小さい頃のことも、\n　いろいろと教えてよね？　千佳姉」%K%P
「そのかわり、陽菜ちゃんの小さい頃のことも、\n　いろいろと教えてよね？　千佳姉」%K%P
%LC陽菜・宗千佳
%LC陽菜・宗千佳
「……え？」%K%P
「……え？」%K%P
%LC杏奈
%LC杏奈
「だって千佳姉と陽菜ちゃんって、\n　師匠と弟子の関係なんでしょ？」%K%P
「だって千佳姉と陽菜ちゃんって、\n　師匠と弟子の関係なんでしょ？」%K%P
%LC杏奈
%LC杏奈
「なら、千佳姉しか知らないこと、\n　たくさん知ってそうだし……にひひっ」%K%P
「なら、千佳姉しか知らないこと、\n　たくさん知ってそうだし……にひひっ」%K%P
なんて、可愛くも悪戯っぽく笑う杏奈ちゃん。%K%P
なんて、可愛くも悪戯っぽく笑う杏奈ちゃん。%K%P
――なんか、ややこしいことになってきた。%K%P
――なんか、ややこしいことになってきた。%K%P
いくつかの理由によって、卯花陽菜の経歴は、\n空木日向と{ほぼ:・・}同じものになっている。%K%P
いくつかの理由によって、卯花陽菜の経歴は、\n空木日向と{ほぼ:・・}同じものになっている。%K%P
これは編入時にニナさんが決めたことで、\nオレはもちろん、姉さんも承知していることだ。%K%P
これは編入時にニナさんが決めたことで、\nオレはもちろん、姉さんも承知していることだ。%K%P
問題は、日向と杏奈ちゃんが幼馴染みだということ。%K%P
問題は、日向と杏奈ちゃんが幼馴染みだということ。%K%P
小学校にあがるぐらいの頃までだったとはいえ、\n家族ぐるみで付き合いがあった仲なのだ。%K%P
小学校にあがるぐらいの頃までだったとはいえ、\n家族ぐるみで付き合いがあった仲なのだ。%K%P
そんな相手と昔話に花を咲かせた結果、\n陽菜が日向であると勘づかれでもしたら――、%K%P
そんな相手と昔話に花を咲かせた結果、\n陽菜が日向であると勘づかれでもしたら――、%K%P
%LC杏奈
%LC杏奈
「道場には、いくつぐらいから通ってたの？」%K%P
「道場には、いくつぐらいから通ってたの？」%K%P
%LC陽菜
%LC陽菜
「えっと……いくつから、だっけ」%K%P
「えっと……いくつから、だっけ」%K%P
%LC宗千佳
%LC宗千佳
「なっ……？！　そ、そこから私に聞くのか？」%K%P
「なっ……？！　そ、そこから私に聞くのか？」%K%P
%LC陽菜
%LC陽菜
「ほら、小さな頃だから、記憶が曖昧で……」%K%P
「ほら、小さな頃だから、記憶が曖昧で……」%K%P
本当は覚えてるけど、ひとりで先走ると\n齟齬が出ちゃうかも知れない。%K%P
本当は覚えてるけど、ひとりで先走ると\n齟齬が出ちゃうかも知れない。%K%P
ここは出来るだけ、すり合わせないと。%K%P
ここは出来るだけ、すり合わせないと。%K%P
%LC宗千佳
%LC宗千佳
「そっ、そう、だな……」%K%P
「そっ、そう、だな……」%K%P
%LC宗千佳
%LC宗千佳
「陽菜がうちの門下生になったのは……確か、\n　小学校に入った後だったはずだ」%K%P
「陽菜がうちの門下生になったのは……確か、\n　小学校に入った後だったはずだ」%K%P
%LC宗千佳
%LC宗千佳
「それまで陽菜は、\n　違う習い事をしていたからな」%K%P
「それまで陽菜は、\n　違う習い事をしていたからな」%K%P
%LC杏奈
%LC杏奈
「それって合唱団のこと？」%K%P
「それって合唱団のこと？」%K%P
%LC宗千佳
%LC宗千佳
「ンンッ……？！」%K%P
「ンンッ……？！」%K%P
%LC陽菜
%LC陽菜
「そっ、そうそうっ。\n　杏奈ちゃん、よく覚えてたね」%K%P
「そっ、そうそうっ。\n　杏奈ちゃん、よく覚えてたね」%K%P
%LC杏奈
%LC杏奈
「この前聞いたばっかりだもん。\n　さすがに忘れないってば」%K%P
「この前聞いたばっかりだもん。\n　さすがに忘れないってば」%K%P
%LC宗千佳
%LC宗千佳
「そっ、そうか。陽菜、話していたのか」%K%P
「そっ、そうか。陽菜、話していたのか」%K%P
%LC陽菜
%LC陽菜
「うっ、うん。この前、\n　ちょっと昔話する機会があって」%K%P
「うっ、うん。この前、\n　ちょっと昔話する機会があって」%K%P
どうしよう。あの姉さんが、\nかつて見たことがないぐらい動揺してる。%K%P
どうしよう。あの姉さんが、\nかつて見たことがないぐらい動揺してる。%K%P
っていうかオレもめちゃくちゃ動揺して――、%K%P
っていうかオレもめちゃくちゃ動揺して――、%K%P
%LC宗千佳
%LC宗千佳
「おい陽菜っ、一体どこまで話したっ。\n　まさか{女装:アレ}までバラしてないだろうなっ？」%K%P
「おい陽菜っ、一体どこまで話したっ。\n　まさか{女装:アレ}までバラしてないだろうなっ？」%K%P
%LC陽菜
%LC陽菜
「してないしてないっ」%K%P
「してないしてないっ」%K%P
%LC宗千佳
%LC宗千佳
「だが、さすがに合唱団のことはマズいだろう」%K%P
「だが、さすがに合唱団のことはマズいだろう」%K%P
%LC宗千佳
%LC宗千佳
「指南役補佐には不要だからと、\n　その経歴はあえて語らず伏せておいたんだぞ？」%K%P
「指南役補佐には不要だからと、\n　その経歴はあえて語らず伏せておいたんだぞ？」%K%P
%LC宗千佳
%LC宗千佳
「ほかの部分はほとんど同じなんだ。\n　なのに、そんなところまで合致していては……」%K%P
「ほかの部分はほとんど同じなんだ。\n　なのに、そんなところまで合致していては……」%K%P
%LC陽菜
%LC陽菜
「大丈夫。杏奈ちゃんが知ってるのは、\n　剣術を習い始める前の日向なんだから」%K%P
「大丈夫。杏奈ちゃんが知ってるのは、\n　剣術を習い始める前の日向なんだから」%K%P
%LC陽菜
%LC陽菜
「私が姉さんの弟子になったのは、\n　杏奈ちゃんが引っ越したあと、でしょ？」%K%P
「私が姉さんの弟子になったのは、\n　杏奈ちゃんが引っ越したあと、でしょ？」%K%P
%LC陽菜
%LC陽菜
「合唱団に入ってたって部分が同じでも、\n　その後の日向のことを知らなければ――」%K%P
「合唱団に入ってたって部分が同じでも、\n　その後の日向のことを知らなければ――」%K%P
%LC宗千佳
%LC宗千佳
「いや、それが」%K%P
「いや、それが」%K%P
%LC杏奈
%LC杏奈
「ふふっ、千佳姉と陽菜ちゃんって、\n　本当に仲良いんだね」%K%P
「ふふっ、千佳姉と陽菜ちゃんって、\n　本当に仲良いんだね」%K%P
%LC杏奈
%LC杏奈
「そうやって並んで話してると、\n　まるで昔の日向くんと千佳姉みたい」%K%P
「そうやって並んで話してると、\n　まるで昔の日向くんと千佳姉みたい」%K%P
%LC陽菜・宗千佳
%LC陽菜・宗千佳
「ひんっ！？」\n「んなっ！？」%K%P
「ひんっ！？」\n「んなっ！？」%K%P
%LC宗千佳
%LC宗千佳
「なっ、なぜいまここで、\n　日向の名前が出てくる……？」%K%P
「なっ、なぜいまここで、\n　日向の名前が出てくる……？」%K%P
%LC杏奈
%LC杏奈
「あ……その、えっと……」%K%P
「あ……その、えっと……」%K%P
%LC杏奈
%LC杏奈
「実は、陽菜ちゃんには、\n　日向くんのこと、話しちゃって……」%K%P
「実は、陽菜ちゃんには、\n　日向くんのこと、話しちゃって……」%K%P
%LC宗千佳
%LC宗千佳
「どどどどういうことだ陽菜っ……！」%K%P
「どどどどういうことだ陽菜っ……！」%K%P
%LC陽菜
%LC陽菜
「いっ、いや、それが、そのっ――」%K%P
「いっ、いや、それが、そのっ――」%K%P
初恋の人として名前が挙がったからなんて、\nいくらこの状況でも姉さんに言えるわけ――、%K%P
初恋の人として名前が挙がったからなんて、\nいくらこの状況でも姉さんに言えるわけ――、%K%P
%LC杏奈
%LC杏奈
「あのね、この前陽菜ちゃんに話した日向くんって、\n　実は千佳姉の従姉弟なんだよ」%K%P
「あのね、この前陽菜ちゃんに話した日向くんって、\n　実は千佳姉の従姉弟なんだよ」%K%P
%LC杏奈
%LC杏奈
「日向くんも千佳姉の道場で剣術を習ってて、\n　つい最近、海外に留学したんだって」%K%P
「日向くんも千佳姉の道場で剣術を習ってて、\n　つい最近、海外に留学したんだって」%K%P
なっ――――、%K%P
なっ――――、%K%P
%LC陽菜
%LC陽菜
「姉さんっ……！？　なんで杏奈ちゃんに\n　日向のことベラベラ喋ってるのさっ……！？」%K%P
「姉さんっ……！？　なんで杏奈ちゃんに\n　日向のことベラベラ喋ってるのさっ……！？」%K%P
%LC宗千佳
%LC宗千佳
「仕方ないだろうっ。１年前杏奈と再会したとき、\n　いろいろと昔話に花が咲いたんだっ」%K%P
「仕方ないだろうっ。１年前杏奈と再会したとき、\n　いろいろと昔話に花が咲いたんだっ」%K%P
%LC宗千佳
%LC宗千佳
「それで、日向はどうしているか尋ねられたから、\n　近況を添えて教えたまでのことでっ……」%K%P
「それで、日向はどうしているか尋ねられたから、\n　近況を添えて教えたまでのことでっ……」%K%P
%LC陽菜
%LC陽菜
「ぐっ……それなら確かに、仕方ないけどっ……」%K%P
「ぐっ……それなら確かに、仕方ないけどっ……」%K%P
まさかその日向が学園に女装編入してくるだなんて、\n１年前の姉さんは夢にも思わないだろうし。%K%P
まさかその日向が学園に女装編入してくるだなんて、\n１年前の姉さんは夢にも思わないだろうし。%K%P
けど、そうなると、これはもう――、%K%P
けど、そうなると、これはもう――、%K%P
%LC杏奈
%LC杏奈
「……ん？　んんー……？」%K%P
「……ん？　んんー……？」%K%P
%LC陽菜
%LC陽菜
「ど、どうかした……？」%K%P
「ど、どうかした……？」%K%P
%LC杏奈
%LC杏奈
「ねえ？　陽菜ちゃんも銀蘭に編入する前、\n　海外に留学してたんじゃなかったっけ……？」%K%P
「ねえ？　陽菜ちゃんも銀蘭に編入する前、\n　海外に留学してたんじゃなかったっけ……？」%K%P
%LC陽菜
%LC陽菜
「そ、ソウだったカナァ」%K%P
「そ、ソウだったカナァ」%K%P
%LC杏奈
%LC杏奈
「そうだよっ。朝礼で補佐代理の挨拶したとき、\n　千佳姉がそんな感じで紹介してたし――」%K%P
「そうだよっ。朝礼で補佐代理の挨拶したとき、\n　千佳姉がそんな感じで紹介してたし――」%K%P
%LC杏奈
%LC杏奈
「って……あれ？\n　なんかふたり、似すぎてない……？」%K%P
「って……あれ？\n　なんかふたり、似すぎてない……？」%K%P
%LC陽菜
%LC陽菜
「ナンノコトカナ」%K%P
「ナンノコトカナ」%K%P
%LC杏奈
%LC杏奈
「合唱団に入ってて、千佳姉んとこの門下生で、\n　海外に留学して、おまけに名前もそっくりで――」%K%P
「合唱団に入ってて、千佳姉んとこの門下生で、\n　海外に留学して、おまけに名前もそっくりで――」%K%P
%LC杏奈
%LC杏奈
「陽菜ちゃんって……まるで、日向くんみたい」%K%P
「陽菜ちゃんって……まるで、日向くんみたい」%K%P
%LC陽菜
%LC陽菜
「ッッ……」%K%P
「ッッ……」%K%P
心を乱すな、動揺するな――そう思っても、\n彼女の呟きに、つい息を呑んでしまう。%K%P
心を乱すな、動揺するな――そう思っても、\n彼女の呟きに、つい息を呑んでしまう。%K%P
これだけ材料が揃っていたら、名探偵でなくとも、\nその結論に至ってしまうのが道理というものだ。%K%P
これだけ材料が揃っていたら、名探偵でなくとも、\nその結論に至ってしまうのが道理というものだ。%K%P
%LC陽菜
%LC陽菜
「どどどどうしよう姉さん……っ」%K%P
「どどどどうしよう姉さん……っ」%K%P
%LC宗千佳
%LC宗千佳
「どうするもこうするもっ……」%K%P
「どうするもこうするもっ……」%K%P
%LC陽菜
%LC陽菜
「だって、このままじゃ――」%K%P
「だって、このままじゃ――」%K%P
%LC杏奈
%LC杏奈
「――ねえ、陽菜ちゃん」%K%P
「――ねえ、陽菜ちゃん」%K%P
%LC陽菜
%LC陽菜
「ハッ、ハイ」%K%P
「ハッ、ハイ」%K%P
%LC杏奈
%LC杏奈
「もしかして陽菜ちゃんって、ひなた――」%K%P
「もしかして陽菜ちゃんって、ひなた――」%K%P
%LC宗千佳
%LC宗千佳
「っ……？！」%K%P
「っ……？！」%K%P
絶妙すぎるタイミングでの電子音に、\n姉さんの全身がびくっと震える。%K%P
絶妙すぎるタイミングでの電子音に、\n姉さんの全身がびくっと震える。%K%P
%LC陽菜
%LC陽菜
「せ、先生。たぶん、スマホが」%K%P
「せ、先生。たぶん、スマホが」%K%P
%LC宗千佳
%LC宗千佳
「そっ、そうだな。すまないが失礼して――」%K%P
「そっ、そうだな。すまないが失礼して――」%K%P
%LC宗千佳
%LC宗千佳
「な……」%K%P
「な……」%K%P
スマホをチェックした途端、\n姉さんの表情が一変する。%K%P
スマホをチェックした途端、\n姉さんの表情が一変する。%K%P
一体、なにが――、%K%P
一体、なにが――、%K%P
%LC宗千佳
%LC宗千佳
「いっ、いやはや、噂をすれば影がさすというが、\n　偶然とはすごいものだなっ……！」%K%P
「いっ、いやはや、噂をすれば影がさすというが、\n　偶然とはすごいものだなっ……！」%K%P
%LC宗千佳
%LC宗千佳
「まさにいま話題の、日向からメールだ」%K%P
「まさにいま話題の、日向からメールだ」%K%P
%LC陽菜・杏奈
%LC陽菜・杏奈
「はあっ！？」\n「ええっ！？」%K%P
「はあっ！？」\n「ええっ！？」%K%P
%LC陽菜
%LC陽菜
「日向くんからのメールって……、\n　ほっ、ホントに……？」%K%P
「日向くんからのメールって……、\n　ほっ、ホントに……？」%K%P
%LC宗千佳
%LC宗千佳
「嘘をついてどうする」%K%P
「嘘をついてどうする」%K%P
%LC杏奈
%LC杏奈
「千佳姉、見せてっ！！」%K%P
「千佳姉、見せてっ！！」%K%P
%LC宗千佳
%LC宗千佳
「だめだ。プライバシーを侵害する気か？」%K%P
「だめだ。プライバシーを侵害する気か？」%K%P
%LC杏奈
%LC杏奈
「でもっ……！」%K%P
「でもっ……！」%K%P
そう言って、オレをちらっと見る杏奈ちゃん。%K%P
そう言って、オレをちらっと見る杏奈ちゃん。%K%P
彼女がいま何を考えているのか、\n聞かなくたってわかる。%K%P
彼女がいま何を考えているのか、\n聞かなくたってわかる。%K%P
わからないのは、\n姉さんが受け取ったというメールのほうだ。%K%P
わからないのは、\n姉さんが受け取ったというメールのほうだ。%K%P
いったい、なにがどうなって――って、\n今度は着信っ……？%K%P
いったい、なにがどうなって――って、\n今度は着信っ……？%K%P
%LC宗千佳
%LC宗千佳
「もしもし、日向か？」%K%P
「もしもし、日向か？」%K%P
%LC杏奈
%LC杏奈
「日向くんっ！？」%K%P
「日向くんっ！？」%K%P
……え？　えっ？　オレっ……！？%K%P
……え？　えっ？　オレっ……！？%K%P
や、でも、オレはいま、ここに――、%K%P
や、でも、オレはいま、ここに――、%K%P
%LC宗千佳
%LC宗千佳
「おまえから連絡とは珍しい。\n　それで？　なんの用だ？」%K%P
「おまえから連絡とは珍しい。\n　それで？　なんの用だ？」%K%P
%LC宗千佳
%LC宗千佳
「……うん、うん。……ふふっ、そうか。\n　それはまた災難だったな」%K%P
「……うん、うん。……ふふっ、そうか。\n　それはまた災難だったな」%K%P
スマホ越しに『誰か』と会話する姉さん。%K%P
スマホ越しに『誰か』と会話する姉さん。%K%P
オレを助けるための自作自演かとも思ったけど、\n耳を澄ますと、微かに相手の声が聞こえる。%K%P
オレを助けるための自作自演かとも思ったけど、\n耳を澄ますと、微かに相手の声が聞こえる。%K%P
相手、誰だ……？　いったい誰と――、%K%P
相手、誰だ……？　いったい誰と――、%K%P
%LC杏奈
%LC杏奈
「うそうそっ、日向くんがっ……」%K%P
「うそうそっ、日向くんがっ……」%K%P
さっきまでの追求の気配はすっかり失せて、\nそわそわと姉さんのスマホを見つめる杏奈ちゃん。%K%P
さっきまでの追求の気配はすっかり失せて、\nそわそわと姉さんのスマホを見つめる杏奈ちゃん。%K%P
何が起きているのか、まったくわからない。%K%P
何が起きているのか、まったくわからない。%K%P
わからないけど、ともかく助かった、のか……？%K%P
わからないけど、ともかく助かった、のか……？%K%P
%LCニナ
%LCニナ
「ヒナちゃん、ちょっといい？」%K%P
「ヒナちゃん、ちょっといい？」%K%P
ノックのあと、すぐにドアが開いて、\nそこからニナさんが顔を出す。%K%P
ノックのあと、すぐにドアが開いて、\nそこからニナさんが顔を出す。%K%P
%LCニナ
%LCニナ
「ヒナちゃんにお客様よ。\n　リビングまで来てくれる？」%K%P
「ヒナちゃんにお客様よ。\n　リビングまで来てくれる？」%K%P
%LC陽菜
%LC陽菜
「えっ、でも」%K%P
「えっ、でも」%K%P
%LCニナ
%LCニナ
「いいから早く来て。\n　お待たせしちゃ悪いもの」%K%P
「いいから早く来て。\n　お待たせしちゃ悪いもの」%K%P
そう言うと、ニナさんはオレの返事を待たず、\nドアを閉めて行ってしまった。%K%P
そう言うと、ニナさんはオレの返事を待たず、\nドアを閉めて行ってしまった。%K%P
姉さんも通話しながら、オレに頷いて見せる。%K%P
姉さんも通話しながら、オレに頷いて見せる。%K%P
こっちは気にせず行ってこい、ってことだろう。%K%P
こっちは気にせず行ってこい、ってことだろう。%K%P
この場の顛末は気になるけれど……、\n今はとにかく、姉さんに任せる他ない。%K%P
この場の顛末は気になるけれど……、\n今はとにかく、姉さんに任せる他ない。%K%P
慌ててリビングに顔を出すと、\nニナさんがスマホで誰かと通話していた。%K%P
慌ててリビングに顔を出すと、\nニナさんがスマホで誰かと通話していた。%K%P
他には、誰の姿もない。%K%P
他には、誰の姿もない。%K%P
%LC陽菜
%LC陽菜
「あの、お客様は――」%K%P
「あの、お客様は――」%K%P
%LCニナ
%LCニナ
「ヒナちゃん、これ」%K%P
「ヒナちゃん、これ」%K%P
戸惑うオレに、ニナさんがスマホを手渡す。%K%P
戸惑うオレに、ニナさんがスマホを手渡す。%K%P
と、そこから聞こえてきた声は――、%K%P
と、そこから聞こえてきた声は――、%K%P
%LC宗千佳
%LC宗千佳
「そうだな。そのうち時間を作って、\n　そちらに行くとしよう」%K%P
「そうだな。そのうち時間を作って、\n　そちらに行くとしよう」%K%P
%LC陽菜
%LC陽菜
「これ……」%K%P
「これ……」%K%P
間違いない、姉さんの声だ。%K%P
間違いない、姉さんの声だ。%K%P
ってことはさっきの着信、このスマホから――、%K%P
ってことはさっきの着信、このスマホから――、%K%P
%LCニナ
%LCニナ
「事情の説明は、あとで」%K%P
「事情の説明は、あとで」%K%P
%LCニナ
%LCニナ
「といっても、勘のいいヒナちゃんなら、\n　なんとなくわかっているだろうけど」%K%P
「といっても、勘のいいヒナちゃんなら、\n　なんとなくわかっているだろうけど」%K%P
%LC宗千佳
%LC宗千佳
「っと、そうだ。実はいま近くに、\n　日向にとって懐かしい人物がいるんだが――」%K%P
「っと、そうだ。実はいま近くに、\n　日向にとって懐かしい人物がいるんだが――」%K%P
%LC宗千佳
%LC宗千佳
「どうだ？　少し、話してみないか？」%K%P
「どうだ？　少し、話してみないか？」%K%P
――そうか、そういうことか。%K%P
――そうか、そういうことか。%K%P
なら、いまオレがすべきことは――、%K%P
なら、いまオレがすべきことは――、%K%P
%LC日向
%LC日向
「うん。是非頼むよ、姉さん」%K%P
「うん。是非頼むよ、姉さん」%K%P
%LC宗千佳
%LC宗千佳
「わかった。では替わるとしよう」%K%P
「わかった。では替わるとしよう」%K%P
%LC宗千佳
%LC宗千佳
「杏奈。ほら、日向だぞ」%K%P
「杏奈。ほら、日向だぞ」%K%P
%LC杏奈
%LC杏奈
「ちょっ、ちょっと待って千佳姉っ。\n　急に言われても心の準備がっ……！」%K%P
「ちょっ、ちょっと待って千佳姉っ。\n　急に言われても心の準備がっ……！」%K%P
%LC宗千佳
%LC宗千佳
「話すことがないなら、無理には――」%K%P
「話すことがないなら、無理には――」%K%P
%LC杏奈
%LC杏奈
「話すっ！　話すからっ……！」%K%P
「話すっ！　話すからっ……！」%K%P
%LC杏奈
%LC杏奈
「すぅ、はぁ……」%K%P
「すぅ、はぁ……」%K%P
%LC杏奈
%LC杏奈
「も、もしもし？　日向、くん？」%K%P
「も、もしもし？　日向、くん？」%K%P
%LC日向
%LC日向
「うん、そうだけど……。\n　もしかして、杏奈ちゃん？」%K%P
「うん、そうだけど……。\n　もしかして、杏奈ちゃん？」%K%P
%LC杏奈
%LC杏奈
「う、うんっ、そうっ。\n　嬉しい、覚えててくれたんだ？」%K%P
「う、うんっ、そうっ。\n　嬉しい、覚えててくれたんだ？」%K%P
%LC日向
%LC日向
「覚えてるよ。隣の家の、\n　こしあん杏奈ちゃん――でしょ？」%K%P
「覚えてるよ。隣の家の、\n　こしあん杏奈ちゃん――でしょ？」%K%P
%LC杏奈
%LC杏奈
「うんっ……！\n　んふっ、えへへっ、久しぶりだね」%K%P
「うんっ……！\n　んふっ、えへへっ、久しぶりだね」%K%P
%LC日向
%LC日向
「本当に。１０年ぶりぐらい、だっけ？」%K%P
「本当に。１０年ぶりぐらい、だっけ？」%K%P
%LC杏奈
%LC杏奈
「そうだよ。なんか日向くん、\n　声、すごく大人っぽくなってる」%K%P
「そうだよ。なんか日向くん、\n　声、すごく大人っぽくなってる」%K%P
%LC日向
%LC日向
「そういう杏奈ちゃんも。\n　声、とっても大人っぽくなったね」%K%P
「そういう杏奈ちゃんも。\n　声、とっても大人っぽくなったね」%K%P
%LC杏奈
%LC杏奈
「声だけじゃないよ？　他のとこだって、\n　いろいろ大人っぽくなってるんだから」%K%P
「声だけじゃないよ？　他のとこだって、\n　いろいろ大人っぽくなってるんだから」%K%P
%LC日向
%LC日向
「ぶっ」%K%P
「ぶっ」%K%P
唐突にぶっこまれて、思わず噴き出す。%K%P
唐突にぶっこまれて、思わず噴き出す。%K%P
とはいえ、杏奈ちゃんの気持ちを考えると、\nそれも無理からぬことだけど。%K%P
とはいえ、杏奈ちゃんの気持ちを考えると、\nそれも無理からぬことだけど。%K%P
１０年――いや、正確にはもっと久しぶりに、\nこうして初恋の人と話すわけで。%K%P
１０年――いや、正確にはもっと久しぶりに、\nこうして初恋の人と話すわけで。%K%P
舞い上がって変なテンションになるのも、\n仕方ないのかもしれない。%K%P
舞い上がって変なテンションになるのも、\n仕方ないのかもしれない。%K%P
%LC杏奈
%LC杏奈
「日向くん、いま何してるの？\n　まだ留学中？　それとも帰ってきてるの？」%K%P
「日向くん、いま何してるの？\n　まだ留学中？　それとも帰ってきてるの？」%K%P
%LC日向
%LC日向
「オレの留学のこと、知ってるんだ？」%K%P
「オレの留学のこと、知ってるんだ？」%K%P
%LC杏奈
%LC杏奈
「オレ……」%K%P
「オレ……」%K%P
%LC日向
%LC日向
「あ、うん。いつまでも僕のままじゃ、\n　子供っぽいかなって、思って……」%K%P
「あ、うん。いつまでも僕のままじゃ、\n　子供っぽいかなって、思って……」%K%P
男らしく――と言うのが少し照れくさくて、\n理由をちょっとだけ変換してしまう。%K%P
男らしく――と言うのが少し照れくさくて、\n理由をちょっとだけ変換してしまう。%K%P
%LC杏奈
%LC杏奈
「そっかぁ……。なんかいまの一言で\n　１０年経ってるんだなって実感しちゃった」%K%P
「そっかぁ……。なんかいまの一言で\n　１０年経ってるんだなって実感しちゃった」%K%P
%LC杏奈
%LC杏奈
「私の中の日向くんは、ずっとずーっと、\n　僕ってイメージだったから」%K%P
「私の中の日向くんは、ずっとずーっと、\n　僕ってイメージだったから」%K%P
%LC日向
%LC日向
「おかしいかな？」%K%P
「おかしいかな？」%K%P
%LC杏奈
%LC杏奈
「ううん、そんなことない。\n　なんていうか、その――」%K%P
「ううん、そんなことない。\n　なんていうか、その――」%K%P
%LC杏奈
%LC杏奈
「……格好いい」%K%P
「……格好いい」%K%P
%LC日向
%LC日向
「あ……」%K%P
「あ……」%K%P
彼女の一言に、破顔一笑レベルで頬が緩む。%K%P
彼女の一言に、破顔一笑レベルで頬が緩む。%K%P
良かった。これが通話で、ほんと良かった。%K%P
良かった。これが通話で、ほんと良かった。%K%P
でなきゃ、しまりない顔を晒すところ――、%K%P
でなきゃ、しまりない顔を晒すところ――、%K%P
……手遅れでした。はい。%K%P
……手遅れでした。はい。%K%P
%LC日向
%LC日向
「えっと……いまはもう留学から帰ってきてて、\n　親戚の家に厄介になってるんだ」%K%P
「えっと……いまはもう留学から帰ってきてて、\n　親戚の家に厄介になってるんだ」%K%P
%LC日向
%LC日向
「で、春先から、こっちの学園に通う予定」%K%P
「で、春先から、こっちの学園に通う予定」%K%P
これは本来の日向の予定で、姉さんも\n知っていることだから、話して問題ないはずだ。%K%P
これは本来の日向の予定で、姉さんも\n知っていることだから、話して問題ないはずだ。%K%P
場当たりの嘘で誤魔化すより、\n言って問題ないことは、隠さず話してしまおう。%K%P
場当たりの嘘で誤魔化すより、\n言って問題ないことは、隠さず話してしまおう。%K%P
%LC日向
%LC日向
「杏奈ちゃんは？　いま何してるの？」%K%P
「杏奈ちゃんは？　いま何してるの？」%K%P
%LC杏奈
%LC杏奈
「んふふー。いま私、銀蘭学園ってところで、\n　騎士をやってるんだよ？」%K%P
「んふふー。いま私、銀蘭学園ってところで、\n　騎士をやってるんだよ？」%K%P
%LC日向
%LC日向
「騎士……？　どういうこと？」%K%P
「騎士……？　どういうこと？」%K%P
%LC杏奈
%LC杏奈
「えっとね――」%K%P
「えっとね――」%K%P
それから杏奈ちゃんは嬉々として、\nオレと離れ離れになってからのことを語り始めた。%K%P
それから杏奈ちゃんは嬉々として、\nオレと離れ離れになってからのことを語り始めた。%K%P
引っ越したあと、オレの歌に憧れて、\nずっと歌唱練習をしてきたこと。%K%P
引っ越したあと、オレの歌に憧れて、\nずっと歌唱練習をしてきたこと。%K%P
銀蘭学園のセンシブルに入学し、\n合唱部に入ったこと。%K%P
銀蘭学園のセンシブルに入学し、\n合唱部に入ったこと。%K%P
だけど伸び悩んで落ち込んでいたとき、\n学園の先輩の導きで姉さんと再会したこと。%K%P
だけど伸び悩んで落ち込んでいたとき、\n学園の先輩の導きで姉さんと再会したこと。%K%P
{舞闘:カデンツァ}を知り、夢中になり、\n今日までずっと練習を続けてきたこと。%K%P
{舞闘:カデンツァ}を知り、夢中になり、\n今日までずっと練習を続けてきたこと。%K%P
そして、ある学友の助力によって、\n晴れて学年２位という好成績を収めたこと。%K%P
そして、ある学友の助力によって、\n晴れて学年２位という好成績を収めたこと。%K%P
それはすべて、すでに知っていた物語。%K%P
それはすべて、すでに知っていた物語。%K%P
彼女の『お隣さん』として、彼女自身から聞き、\n途中からは、彼女と共に歩んできた物語だった。%K%P
彼女の『お隣さん』として、彼女自身から聞き、\n途中からは、彼女と共に歩んできた物語だった。%K%P
%LC杏奈
%LC杏奈
「私がいま、こうして騎士になれたのは、\n　日向くんのおかげだよ」%K%P
「私がいま、こうして騎士になれたのは、\n　日向くんのおかげだよ」%K%P
%LC日向
%LC日向
「オレは別に、なにも」%K%P
「オレは別に、なにも」%K%P
%LC杏奈
%LC杏奈
「そんなことない。日向くん、\n　いじめられてる私をいつも守ってくれたでしょ？」%K%P
「そんなことない。日向くん、\n　いじめられてる私をいつも守ってくれたでしょ？」%K%P
%LC杏奈
%LC杏奈
「騎士って、日向くんと同じなんだよ。\n　弱いものを守る――それが、騎士だから」%K%P
「騎士って、日向くんと同じなんだよ。\n　弱いものを守る――それが、騎士だから」%K%P
%LC杏奈
%LC杏奈
「私、歌はちっとも上達しなくて。そこは、\n　日向くんと同じようにはなれなかったけど――」%K%P
「私、歌はちっとも上達しなくて。そこは、\n　日向くんと同じようにはなれなかったけど――」%K%P
%LC杏奈
%LC杏奈
「でも、騎士になることで、\n　あのときの日向くんに近づけたと思う」%K%P
「でも、騎士になることで、\n　あのときの日向くんに近づけたと思う」%K%P
%LC杏奈
%LC杏奈
「だからね、いつか、機会があったら。\n　戦う私の姿を、日向くんに見て欲しい」%K%P
「だからね、いつか、機会があったら。\n　戦う私の姿を、日向くんに見て欲しい」%K%P
%LC杏奈
%LC杏奈
「まぁ、その……肝心の鎧姿は、\n　ちょこーっと、センシティブなんだけど……」%K%P
「まぁ、その……肝心の鎧姿は、\n　ちょこーっと、センシティブなんだけど……」%K%P
%LC杏奈
%LC杏奈
「そんな鎧を着れちゃうぐらい、\n　私、明るく強い子になったんだよ」%K%P
「そんな鎧を着れちゃうぐらい、\n　私、明るく強い子になったんだよ」%K%P
%LC杏奈
%LC杏奈
「泣き虫な私は、もういないから。\n　いまの私を、日向くんに見て欲しい」%K%P
「泣き虫な私は、もういないから。\n　いまの私を、日向くんに見て欲しい」%K%P
%LC日向
%LC日向
「あ……」%K%P
「あ……」%K%P
――そうだ……。そうだよ、そうなんだ。%K%P
――そうだ……。そうだよ、そうなんだ。%K%P
昔の杏奈ちゃんは、男子にからかわれるたび、\nひとりで落ち込んで、ひとりで泣いて――。%K%P
昔の杏奈ちゃんは、男子にからかわれるたび、\nひとりで落ち込んで、ひとりで泣いて――。%K%P
僕はそれが心配で、\n彼女を元気づけたくて、いつも歌を歌って。%K%P
僕はそれが心配で、\n彼女を元気づけたくて、いつも歌を歌って。%K%P
だからこそ、あのときも心配になったんだ。%K%P
だからこそ、あのときも心配になったんだ。%K%P
２年の実技試験の日、試合に負けた杏奈ちゃんが、\n黙って控え室に戻っていく、その姿を見て。%K%P
２年の実技試験の日、試合に負けた杏奈ちゃんが、\n黙って控え室に戻っていく、その姿を見て。%K%P
泣いてるんじゃないかって、\n落ち込んでるんじゃないかって、そう思ったのは。%K%P
泣いてるんじゃないかって、\n落ち込んでるんじゃないかって、そう思ったのは。%K%P
それが僕の知ってる、杏奈ちゃんだから――。%K%P
それが僕の知ってる、杏奈ちゃんだから――。%K%P
%LC杏奈
%LC杏奈
「――日向くん？　ねえ、日向くんってば」%K%P
「――日向くん？　ねえ、日向くんってば」%K%P
%LC日向
%LC日向
「あっ……ごっ、ごめん。\n　ちょっと、昔のこと思い出して」%K%P
「あっ……ごっ、ごめん。\n　ちょっと、昔のこと思い出して」%K%P
%LC杏奈
%LC杏奈
「あぅ……自分で言っておいてなんだけど、\n　昔のこと思い出されるの、恥ずかしい……」%K%P
「あぅ……自分で言っておいてなんだけど、\n　昔のこと思い出されるの、恥ずかしい……」%K%P
%LC杏奈
%LC杏奈
「それよりも、ね？　ほんと、\n　いまの私を、ぜひ見て欲しいな」%K%P
「それよりも、ね？　ほんと、\n　いまの私を、ぜひ見て欲しいな」%K%P
%LC日向
%LC日向
「銀蘭って女学園なんでしょ？\n　オレ、男だから。会いには行けないよ」%K%P
「銀蘭って女学園なんでしょ？\n　オレ、男だから。会いには行けないよ」%K%P
%LC杏奈
%LC杏奈
「なら今度、写真とか動画とか、\n　そっちのスマホに送ってもいーい？」%K%P
「なら今度、写真とか動画とか、\n　そっちのスマホに送ってもいーい？」%K%P
%LC日向
%LC日向
「えっ？」%K%P
「えっ？」%K%P
%LC杏奈
%LC杏奈
「これ千佳姉のスマホだし、\n　今すぐには無理だけど……」%K%P
「これ千佳姉のスマホだし、\n　今すぐには無理だけど……」%K%P
%LC杏奈
%LC杏奈
「ねっ、いいよねっ？　連絡先教えてっ？\n　っていうか千佳姉に聞いても良いっ？」%K%P
「ねっ、いいよねっ？　連絡先教えてっ？\n　っていうか千佳姉に聞いても良いっ？」%K%P
%LC日向
%LC日向
「それは、ええっと……」%K%P
「それは、ええっと……」%K%P
このスマホはオレのモノじゃないっていうか\nおそらくはニナさんのものだろうし色々マズい――、%K%P
このスマホはオレのモノじゃないっていうか\nおそらくはニナさんのものだろうし色々マズい――、%K%P
って、あれ……？　ニナさん、\nメモ用紙に、なにか書いてる……？%K%P
って、あれ……？　ニナさん、\nメモ用紙に、なにか書いてる……？%K%P
えっと……『そのスマホ、あげる』って――、%K%P
えっと……『そのスマホ、あげる』って――、%K%P
%LC日向
%LC日向
「いいんですかっ……？」%K%P
「いいんですかっ……？」%K%P
思わずスマホのマイクを手で隠し小声で問うと、\nニナさんはこくこくと頷いた。%K%P
思わずスマホのマイクを手で隠し小声で問うと、\nニナさんはこくこくと頷いた。%K%P
%LC日向
%LC日向
「わかった。なら、杏奈ちゃんの連絡先、\n　姉さんに教えておいてくれる？」%K%P
「わかった。なら、杏奈ちゃんの連絡先、\n　姉さんに教えておいてくれる？」%K%P
%LC日向
%LC日向
「あとで、こっちから連絡する」%K%P
「あとで、こっちから連絡する」%K%P
%LC杏奈
%LC杏奈
「約束だよ？　絶対だよっ？」%K%P
「約束だよ？　絶対だよっ？」%K%P
%LC日向
%LC日向
「うん。それと、実はさっきから、\n　人に呼ばれちゃってて。もう行かないと」%K%P
「うん。それと、実はさっきから、\n　人に呼ばれちゃってて。もう行かないと」%K%P
%LC杏奈
%LC杏奈
「あっ……ごっ、ごめんっ！\n　私、思いっきり長話しちゃってっ……！」%K%P
「あっ……ごっ、ごめんっ！\n　私、思いっきり長話しちゃってっ……！」%K%P
%LC日向
%LC日向
「気にしないで。オレも、懐かしかったから」%K%P
「気にしないで。オレも、懐かしかったから」%K%P
実感が、自然と声にこもる。%K%P
実感が、自然と声にこもる。%K%P
彼女の思い出話もだけど、こんなふうに、\n男で誰かと話すこと自体が、ちょっと懐かしい。%K%P
彼女の思い出話もだけど、こんなふうに、\n男で誰かと話すこと自体が、ちょっと懐かしい。%K%P
って、女装生活始めて、\nまだ１ヶ月も経ってないんだけど。%K%P
って、女装生活始めて、\nまだ１ヶ月も経ってないんだけど。%K%P
%LC日向
%LC日向
「じゃあ、また今度ね」%K%P
「じゃあ、また今度ね」%K%P
%LC杏奈
%LC杏奈
「千佳姉にアプリのＩＤ教えとくから、\n　そこにメッセージちょうだいねっ？」%K%P
「千佳姉にアプリのＩＤ教えとくから、\n　そこにメッセージちょうだいねっ？」%K%P
%LC日向
%LC日向
「わかった。姉さんに替わってくれる？」%K%P
「わかった。姉さんに替わってくれる？」%K%P
%LC杏奈
%LC杏奈
「うんっ。はいっ、千佳姉っ」%K%P
「うんっ。はいっ、千佳姉っ」%K%P
%LC宗千佳
%LC宗千佳
「すまなかったな、日向。\n　思いがけず長話をさせてしまって」%K%P
「すまなかったな、日向。\n　思いがけず長話をさせてしまって」%K%P
%LC日向
%LC日向
「ううん。それじゃあ、また」%K%P
「ううん。それじゃあ、また」%K%P
%LC宗千佳
%LC宗千佳
「ああ、またな」%K%P
「ああ、またな」%K%P
%LC日向
%LC日向
「ふぅ……」%K%P
「ふぅ……」%K%P
通話を終えると、自然と息が漏れた。%K%P
通話を終えると、自然と息が漏れた。%K%P
%LCニナ
%LCニナ
「どうやら、うまくいったみたい――」%K%P
「どうやら、うまくいったみたい――」%K%P
%LC杏奈
%LC杏奈
%XS21「やったぁああああああっ！！\n　日向くんの連絡先げっとぉおおおおっ！！」%XE%K%P
%XS21「やったぁああああああっ！！\n　日向くんの連絡先げっとぉおおおおっ！！」%XE%K%P
%LCニナ
%LCニナ
「くすっ、本当にうまくいったみたいね」%K%P
「くすっ、本当にうまくいったみたいね」%K%P
%LC日向
%LC日向
「はい、ニナさんのおかげで」%K%P
「はい、ニナさんのおかげで」%K%P
オレの部屋から聞こえてきた歓声に、\nニナさんと顔を見合わせ、思わず笑ってしまう。%K%P
オレの部屋から聞こえてきた歓声に、\nニナさんと顔を見合わせ、思わず笑ってしまう。%K%P
%LC日向
%LC日向
「にしても、すごい機転ですね。\n　オレのふりして姉さんに連絡するなんて」%K%P
「にしても、すごい機転ですね。\n　オレのふりして姉さんに連絡するなんて」%K%P
%LCニナ
%LCニナ
「ふたりの様子を見に行ったむーちゃんが\n　なかなか戻らないから、心配になってね」%K%P
「ふたりの様子を見に行ったむーちゃんが\n　なかなか戻らないから、心配になってね」%K%P
%LCニナ
%LCニナ
「それで部屋の前まで行ったら、\n　ドアが少し開いてて、会話が聞こえちゃって」%K%P
「それで部屋の前まで行ったら、\n　ドアが少し開いてて、会話が聞こえちゃって」%K%P
%LCニナ
%LCニナ
「で、これは私の出番っ！　ってことで、\n　そのスマホで連絡したってわけ」%K%P
「で、これは私の出番っ！　ってことで、\n　そのスマホで連絡したってわけ」%K%P
%LC日向
%LC日向
「けど、いいんですか？\n　このスマホ、本当にもらっちゃって」%K%P
「けど、いいんですか？\n　このスマホ、本当にもらっちゃって」%K%P
%LCニナ
%LCニナ
「ええ。だってそれ、こんなこともあろうかと\n　念のため用意しておいたものだから」%K%P
「ええ。だってそれ、こんなこともあろうかと\n　念のため用意しておいたものだから」%K%P
%LCニナ
%LCニナ
「こちらから無茶をお願いしてるんだもの。\n　万が一には備えておかないと」%K%P
「こちらから無茶をお願いしてるんだもの。\n　万が一には備えておかないと」%K%P
%LC日向
%LC日向
「そういうことなら、\n　ありがたく使わせてもらいます」%K%P
「そういうことなら、\n　ありがたく使わせてもらいます」%K%P
%LCニナ
%LCニナ
「んふふっ。さしずめ、\n　杏奈ちゃん専用のホットラインね」%K%P
「んふふっ。さしずめ、\n　杏奈ちゃん専用のホットラインね」%K%P
なんて言って、含み笑いを浮かべるニナさん。%K%P
なんて言って、含み笑いを浮かべるニナさん。%K%P
……変なアプリとか、仕込まれてないといいけど。%K%P
……変なアプリとか、仕込まれてないといいけど。%K%P
%LCニナ
%LCニナ
「安心して。変なものは仕込んでないから」%K%P
「安心して。変なものは仕込んでないから」%K%P
%LC日向
%LC日向
「心を読まないでくださいっ」%K%P
「心を読まないでくださいっ」%K%P
%LCニナ
%LCニナ
「それより、ほら。早く部屋に戻らないと」%K%P
「それより、ほら。早く部屋に戻らないと」%K%P
%LC日向
%LC日向
「っと、そうですね」%K%P
「っと、そうですね」%K%P
%LC陽菜
%LC陽菜
「杏奈ちゃん、お待たせ」%K%P
「杏奈ちゃん、お待たせ」%K%P
%LC杏奈
%LC杏奈
「あっ、おかえりっ。\n　お客様って、もういいの？」%K%P
「あっ、おかえりっ。\n　お客様って、もういいの？」%K%P
%LC陽菜
%LC陽菜
「うん。ごめんね、急に席を外しちゃって」%K%P
「うん。ごめんね、急に席を外しちゃって」%K%P
理由は聞くまでもなく、\n見るからにご機嫌な杏奈ちゃん。%K%P
理由は聞くまでもなく、\n見るからにご機嫌な杏奈ちゃん。%K%P
それに比べて――、%K%P
それに比べて――、%K%P
%LC宗千佳
%LC宗千佳
「では、私はこれで失礼する」%K%P
「では、私はこれで失礼する」%K%P
%LC陽菜
%LC陽菜
「あっ、うん」%K%P
「あっ、うん」%K%P
姉さん、なんだか雰囲気が暗いような。%K%P
姉さん、なんだか雰囲気が暗いような。%K%P
%LC宗千佳
%LC宗千佳
「陽菜」%K%P
「陽菜」%K%P
%LC陽菜
%LC陽菜
「なっ、なに？」%K%P
「なっ、なに？」%K%P
%LC宗千佳
%LC宗千佳
「本当に、すまないと思っている」%K%P
「本当に、すまないと思っている」%K%P
%LC陽菜
%LC陽菜
「え――」%K%P
「え――」%K%P
いきなりの謝罪に驚くオレを残し、\n姉さんは部屋を出ていってしまった。%K%P
いきなりの謝罪に驚くオレを残し、\n姉さんは部屋を出ていってしまった。%K%P
おそらくは、今日のことに関して、\nあらたまっての謝意ってことなんだろうけど。%K%P
おそらくは、今日のことに関して、\nあらたまっての謝意ってことなんだろうけど。%K%P
%LC陽菜
%LC陽菜
「ごめんね、こんな時間まで付き合わせちゃって」%K%P
「ごめんね、こんな時間まで付き合わせちゃって」%K%P
%LC杏奈
%LC杏奈
「ううん。こっちこそ、\n　晩ご飯までご馳走になっちゃって」%K%P
「ううん。こっちこそ、\n　晩ご飯までご馳走になっちゃって」%K%P
作戦会議――だけでなく、\nいろいろあった一日が終わり、日が沈んで。%K%P
作戦会議――だけでなく、\nいろいろあった一日が終わり、日が沈んで。%K%P
夜遅くなったこともあり、短い道のりだけど、\n学生寮まで杏奈ちゃんを送っていくことに。%K%P
夜遅くなったこともあり、短い道のりだけど、\n学生寮まで杏奈ちゃんを送っていくことに。%K%P
ちなみに寮の門限はとっくに過ぎてるんだけど、\nそこはニナさんが学園長パワーで解決してくれた。%K%P
ちなみに寮の門限はとっくに過ぎてるんだけど、\nそこはニナさんが学園長パワーで解決してくれた。%K%P
%LC杏奈
%LC杏奈
「けど、日向くんとまた話せるなんて……。\n　人生なにが起こるかわからないね」%K%P
「けど、日向くんとまた話せるなんて……。\n　人生なにが起こるかわからないね」%K%P
%LC陽菜
%LC陽菜
「ほんとに」%K%P
「ほんとに」%K%P
初めて女装した日よりも、今日のほうが、\nよっぽどハラハラした気がする。%K%P
初めて女装した日よりも、今日のほうが、\nよっぽどハラハラした気がする。%K%P
それでも、なんとか乗り切れた。%K%P
それでも、なんとか乗り切れた。%K%P
%LC杏奈
%LC杏奈
「そういえば、さっきはごめんね。\n　私ってば変なこと言っちゃって」%K%P
「そういえば、さっきはごめんね。\n　私ってば変なこと言っちゃって」%K%P
%LC陽菜
%LC陽菜
「変なこと？」%K%P
「変なこと？」%K%P
%LC杏奈
%LC杏奈
「ほら、日向くんと陽菜ちゃんが、その――」%K%P
「ほら、日向くんと陽菜ちゃんが、その――」%K%P
%LC陽菜
%LC陽菜
「そのことなら気にしてないよ。\n　世の中、似てる人が３人はいるっていうし」%K%P
「そのことなら気にしてないよ。\n　世の中、似てる人が３人はいるっていうし」%K%P
%LC杏奈
%LC杏奈
「陽菜ちゃんって、日向くんとは面識ないの？\n　ふたりとも千佳姉の道場の門下生なんでしょ？」%K%P
「陽菜ちゃんって、日向くんとは面識ないの？\n　ふたりとも千佳姉の道場の門下生なんでしょ？」%K%P
%LC陽菜
%LC陽菜
「あー、うん。道場に通う男の子のほとんどは、\n　先生のお父さんが受け持っていたから」%K%P
「あー、うん。道場に通う男の子のほとんどは、\n　先生のお父さんが受け持っていたから」%K%P
%LC陽菜
%LC陽菜
「あの頃は道場の門下生も多かったし、\n　通ってた曜日も、ズレてたみたいで」%K%P
「あの頃は道場の門下生も多かったし、\n　通ってた曜日も、ズレてたみたいで」%K%P
ヒヤヒヤしながら、そんなふうに答える。%K%P
ヒヤヒヤしながら、そんなふうに答える。%K%P
実際、オレ以外のほとんどの男子は、\n姉さんの父――叔父さんが指導を担当していた。%K%P
実際、オレ以外のほとんどの男子は、\n姉さんの父――叔父さんが指導を担当していた。%K%P
オレが姉さんに剣術を教わっていたのは、\n小さな頃から面倒を見ていた延長って部分が、\nわりと大きかったりする。%K%P
オレが姉さんに剣術を教わっていたのは、\n小さな頃から面倒を見ていた延長って部分が、\nわりと大きかったりする。%K%P
オレが姉さんの強さに憧れていたから、\nというのも、譲れない大きな理由ではある。%K%P
オレが姉さんの強さに憧れていたから、\nというのも、譲れない大きな理由ではある。%K%P
これでもし姉さんが『日向はワシが鍛えた！』とか、\n杏奈ちゃんに言っていたら完全にアウトだったけど。%K%P
これでもし姉さんが『日向はワシが鍛えた！』とか、\n杏奈ちゃんに言っていたら完全にアウトだったけど。%K%P
でも『うちの道場の門下生だった』って\n言い方をしていたみたいで、そこは本当に助かった。%K%P
でも『うちの道場の門下生だった』って\n言い方をしていたみたいで、そこは本当に助かった。%K%P
%LC杏奈
%LC杏奈
「……そっか。面識、ないんだ」%K%P
「……そっか。面識、ないんだ」%K%P
%LC陽菜
%LC陽菜
「なんでホッとしてるの？」%K%P
「なんでホッとしてるの？」%K%P
%LC杏奈
%LC杏奈
「だって、実は陽菜ちゃんが、日向くんを知ってて。\n　そのうえ、もし、好きだったりしたら――」%K%P
「だって、実は陽菜ちゃんが、日向くんを知ってて。\n　そのうえ、もし、好きだったりしたら――」%K%P
%LC杏奈
%LC杏奈
「私と陽菜ちゃんは、\n　恋のライバルってことになっちゃうでしょ？」%K%P
「私と陽菜ちゃんは、\n　恋のライバルってことになっちゃうでしょ？」%K%P
なっ――、%K%P
なっ――、%K%P
%LC陽菜
%LC陽菜
「ない、ないないっ……！\n　それだけは絶対ないからっ」%K%P
「ない、ないないっ……！\n　それだけは絶対ないからっ」%K%P
%LC杏奈
%LC杏奈
「でもぉ」%K%P
「でもぉ」%K%P
%LC陽菜
%LC陽菜
%XS20「ぜっっったいに、ないからっ！！」%XE%K%P
%XS20「ぜっっったいに、ないからっ！！」%XE%K%P
%LC杏奈
%LC杏奈
「うっ、うん」%K%P
「うっ、うん」%K%P
%LC杏奈
%LC杏奈
「……じゃあ、応援してくれる？」%K%P
「……じゃあ、応援してくれる？」%K%P
%LC陽菜
%LC陽菜
「応援？」%K%P
「応援？」%K%P
%LC杏奈
%LC杏奈
「恋の、応援」%K%P
「恋の、応援」%K%P
%LC杏奈
%LC杏奈
「もし依夜様たちに勝って、決勝に進んで、\n　銀蘭祭の舞台に立てることになったら――」%K%P
「もし依夜様たちに勝って、決勝に進んで、\n　銀蘭祭の舞台に立てることになったら――」%K%P
%LC杏奈
%LC杏奈
「私、銀蘭祭に日向くんを招待しようと思う」%K%P
「私、銀蘭祭に日向くんを招待しようと思う」%K%P
%LC陽菜
%LC陽菜
「招待って……銀蘭学園は、男子禁制のはずじゃ」%K%P
「招待って……銀蘭学園は、男子禁制のはずじゃ」%K%P
%LC杏奈
%LC杏奈
「普段はそうだけど。いくつかの行事に限っては、\n　親族なら招待することができるんだよ」%K%P
「普段はそうだけど。いくつかの行事に限っては、\n　親族なら招待することができるんだよ」%K%P
%LC杏奈
%LC杏奈
「例えば、入学式とか、卒業式とか。\n　銀蘭祭も、そのひとつってわけ」%K%P
「例えば、入学式とか、卒業式とか。\n　銀蘭祭も、そのひとつってわけ」%K%P
%LC陽菜
%LC陽菜
「だとしても、日向くんと杏奈ちゃんって、\n　親戚ってわけじゃないでしょ？」%K%P
「だとしても、日向くんと杏奈ちゃんって、\n　親戚ってわけじゃないでしょ？」%K%P
%LC杏奈
%LC杏奈
「私はそうだけど、千佳姉がいるから。\n　ふたりは従姉弟だって話、今日したでしょ？」%K%P
「私はそうだけど、千佳姉がいるから。\n　ふたりは従姉弟だって話、今日したでしょ？」%K%P
%LC杏奈
%LC杏奈
「実は、陽菜ちゃんがお客様と会ってる間に、\n　千佳姉に頼み込んで、お願いしたの」%K%P
「実は、陽菜ちゃんがお客様と会ってる間に、\n　千佳姉に頼み込んで、お願いしたの」%K%P
%LC杏奈
%LC杏奈
「私が依夜様たちに勝てたら、\n　日向くんを銀蘭祭に招待してほしいって」%K%P
「私が依夜様たちに勝てたら、\n　日向くんを銀蘭祭に招待してほしいって」%K%P
%LC宗千佳
%LC宗千佳
「本当に、すまないと思っている」%K%P
「本当に、すまないと思っている」%K%P
思いがけない杏奈ちゃんの一言で、\n妙に暗かった姉さんの姿が脳裏を過ぎる。%K%P
思いがけない杏奈ちゃんの一言で、\n妙に暗かった姉さんの姿が脳裏を過ぎる。%K%P
あの謝罪は、このことに関してだったんだ。%K%P
あの謝罪は、このことに関してだったんだ。%K%P
%LC杏奈
%LC杏奈
「だから、陽菜ちゃん。絶対勝とうね？」%K%P
「だから、陽菜ちゃん。絶対勝とうね？」%K%P
%LC杏奈
%LC杏奈
「勝って、日向くんを呼んで。\n　私のいまの姿を、見てもらって――」%K%P
「勝って、日向くんを呼んで。\n　私のいまの姿を、見てもらって――」%K%P
%LC杏奈
%LC杏奈
「それで、その……良い感じだったら、\n　告白、したいと思いますっ……！」%K%P
「それで、その……良い感じだったら、\n　告白、したいと思いますっ……！」%K%P
ついさっきまで、\n今日はなんて一日なんだと思っていた。%K%P
ついさっきまで、\n今日はなんて一日なんだと思っていた。%K%P
けど、さっきまで出来事は、\nほんのプロローグだったらしい。%K%P
けど、さっきまで出来事は、\nほんのプロローグだったらしい。%K%P
――その夜、私は有頂天だった。%K%P
――その夜、私は有頂天だった。%K%P
%LC杏奈
%LC杏奈
「んふっ、んひ、にひひっ。\n　日向くんの連絡先っ……」%K%P
「んふっ、んひ、にひひっ。\n　日向くんの連絡先っ……」%K%P
我ながらなんて笑い方だって思うけど、\nでも、堪えることができない。%K%P
我ながらなんて笑い方だって思うけど、\nでも、堪えることができない。%K%P
初恋の人。大好きな人。憧れの人。%K%P
初恋の人。大好きな人。憧れの人。%K%P
どんなに言葉を尽くしても足りない、\n泣き虫だった私を替えてくれた恩人。%K%P
どんなに言葉を尽くしても足りない、\n泣き虫だった私を替えてくれた恩人。%K%P
そんな日向くんと、久しぶりに話せた。%K%P
そんな日向くんと、久しぶりに話せた。%K%P
しかも、連絡先までゲットして――、%K%P
しかも、連絡先までゲットして――、%K%P
%LC杏奈
%LC杏奈
「『これからもよろしく』だって……。\n　えへっ、にひっ、くひひっ……」%K%P
「『これからもよろしく』だって……。\n　えへっ、にひっ、くひひっ……」%K%P
約束通り、日向くんは折り返し連絡をくれた。%K%P
約束通り、日向くんは折り返し連絡をくれた。%K%P
チャットアプリのログ画面の一番最初には、\nちょっと素っ気ない、短い挨拶。%K%P
チャットアプリのログ画面の一番最初には、\nちょっと素っ気ない、短い挨拶。%K%P
それを、何度も何度も繰り返し読んでしまう。%K%P
それを、何度も何度も繰り返し読んでしまう。%K%P
声に出して、読んでしまう。%K%P
声に出して、読んでしまう。%K%P
%LC杏奈
%LC杏奈
「っと、既読ついちゃってるし、\n　はやいとこ返事書かないとだよね」%K%P
「っと、既読ついちゃってるし、\n　はやいとこ返事書かないとだよね」%K%P
%LC杏奈
%LC杏奈
「でも、なんて書こう……」%K%P
「でも、なんて書こう……」%K%P
%LC杏奈
%LC杏奈
「くだけすぎるのも、だめだろうし……。\n　でも、堅苦しいのも……」%K%P
「くだけすぎるのも、だめだろうし……。\n　でも、堅苦しいのも……」%K%P
%LC杏奈
%LC杏奈
「……あっ、そうだ。こういうときはまず、\n　『ごきげんよう』……っと」%K%P
「……あっ、そうだ。こういうときはまず、\n　『ごきげんよう』……っと」%K%P
%LC杏奈
%LC杏奈
「……うわ、文字だとなんか、堅いかも……」%K%P
「……うわ、文字だとなんか、堅いかも……」%K%P
書いては消して、書いては消して。%K%P
書いては消して、書いては消して。%K%P
そんなことを繰り返している間に、\nどんどん時間が過ぎていく。%K%P
そんなことを繰り返している間に、\nどんどん時間が過ぎていく。%K%P
でも、そんな時間がたまらなく幸せで。%K%P
でも、そんな時間がたまらなく幸せで。%K%P
幸せすぎて、とろけてしまいそうになる。%K%P
幸せすぎて、とろけてしまいそうになる。%K%P
%LC杏奈
%LC杏奈
「銀蘭祭のことは、\n　まだ言わない方がいいよね……？」%K%P
「銀蘭祭のことは、\n　まだ言わない方がいいよね……？」%K%P
%LC杏奈
%LC杏奈
「出れるかどうかわからないのに約束したんじゃ、\n　もし負けた時、恥ずかしいし……」%K%P
「出れるかどうかわからないのに約束したんじゃ、\n　もし負けた時、恥ずかしいし……」%K%P
%LC杏奈
%LC杏奈
「いや、ここはあえて先に伝えて、\n　覚悟を力に替えるって方法も――」%K%P
「いや、ここはあえて先に伝えて、\n　覚悟を力に替えるって方法も――」%K%P
%LC杏奈
%LC杏奈
「ぐぬぬっ……ああもうっ、\n　こういうときどうすればいいんだかっ……」%K%P
「ぐぬぬっ……ああもうっ、\n　こういうときどうすればいいんだかっ……」%K%P
ベッドに寝転がって、\nスマホと一緒にごろんごろん。%K%P
ベッドに寝転がって、\nスマホと一緒にごろんごろん。%K%P
悩んでる時間すら、とにかく愛しい。%K%P
悩んでる時間すら、とにかく愛しい。%K%P
って、早く返事を書け私っ……！%K%P
って、早く返事を書け私っ……！%K%P
%LC杏奈
%LC杏奈
「……うん。とりあえずは、これで」%K%P
「……うん。とりあえずは、これで」%K%P
小一時間かけて出来上がった文章は、\nとにかく無難の一言で。%K%P
小一時間かけて出来上がった文章は、\nとにかく無難の一言で。%K%P
でも、今の私には、それが精一杯。%K%P
でも、今の私には、それが精一杯。%K%P
%LC杏奈
%LC杏奈
「……大好きだよって、言えたらいいのに」%K%P
「……大好きだよって、言えたらいいのに」%K%P
別に、いまここで告白をしてもいいとは思う。%K%P
別に、いまここで告白をしてもいいとは思う。%K%P
思うけど、できるかどうかは別問題。%K%P
思うけど、できるかどうかは別問題。%K%P
それに、せっかくの晴れ舞台があるんだし。%K%P
それに、せっかくの晴れ舞台があるんだし。%K%P
まあ、立てるかどうか、まだわからないけど――、%K%P
まあ、立てるかどうか、まだわからないけど――、%K%P
%LC杏奈
%LC杏奈
「でも、やるっ。頑張るっ……！！」%K%P
「でも、やるっ。頑張るっ……！！」%K%P
だって、私は一人じゃない。%K%P
だって、私は一人じゃない。%K%P
陽菜ちゃんっていう、\n素敵で無敵なパートナーがいるんだから。%K%P
陽菜ちゃんっていう、\n素敵で無敵なパートナーがいるんだから。%K%P
姉さんから教えてもらった連絡先に、\nニナさんから貰ったスマホでメッセージを送信。%K%P
姉さんから教えてもらった連絡先に、\nニナさんから貰ったスマホでメッセージを送信。%K%P
それにはすぐに既読がついて、\nだけど、そこからなかなか、返事が来なくて。%K%P
それにはすぐに既読がついて、\nだけど、そこからなかなか、返事が来なくて。%K%P
今日はもう返事はこないかなって、\nそう思っていたところに、メッセージが届いた。%K%P
今日はもう返事はこないかなって、\nそう思っていたところに、メッセージが届いた。%K%P
『今日は久しぶりに話せて楽しかった！\n　今度また通話とかしてもいい？』%K%P
『今日は久しぶりに話せて楽しかった！\n　今度また通話とかしてもいい？』%K%P
『それと今度、銀蘭祭ってイベントがあるの。\n　もしよかったら遊びに来てほしいな！』%K%P
『それと今度、銀蘭祭ってイベントがあるの。\n　もしよかったら遊びに来てほしいな！』%K%P
『日向くんを招待してくれるようにって、\n　千佳姉に頼んでおいたから！』%K%P
『日向くんを招待してくれるようにって、\n　千佳姉に頼んでおいたから！』%K%P
なんにも事情を知らなければ、\nただただ微笑ましい、ありふれたメッセージ。%K%P
なんにも事情を知らなければ、\nただただ微笑ましい、ありふれたメッセージ。%K%P
でもオレは、日向であり、陽菜でもあって。%K%P
でもオレは、日向であり、陽菜でもあって。%K%P
彼女が今日、どれだけ楽しそうだったのか、\n目の前で見て知っていたし。%K%P
彼女が今日、どれだけ楽しそうだったのか、\n目の前で見て知っていたし。%K%P
だからこそ、このメッセージに込められた決意も、\nわかってしまう。%K%P
だからこそ、このメッセージに込められた決意も、\nわかってしまう。%K%P
%LC陽菜
%LC陽菜
「……本気だね、杏奈ちゃん」%K%P
「……本気だね、杏奈ちゃん」%K%P
あるいは、初戦に勝って銀蘭祭出場が確定するまで、\nそのことは日向に伏せておくのかとも思ったけど。%K%P
あるいは、初戦に勝って銀蘭祭出場が確定するまで、\nそのことは日向に伏せておくのかとも思ったけど。%K%P
銀蘭祭のことを伝えてきたってことは、\nそれぐらいの覚悟で挑むという決意の表れだろう。%K%P
銀蘭祭のことを伝えてきたってことは、\nそれぐらいの覚悟で挑むという決意の表れだろう。%K%P
{舞闘:カデンツァ}のことを書いてないあたりが、\n微妙に日和ってて、実に杏奈ちゃんらしいけど。%K%P
{舞闘:カデンツァ}のことを書いてないあたりが、\n微妙に日和ってて、実に杏奈ちゃんらしいけど。%K%P
%LC陽菜
%LC陽菜
「けど、困ったよなぁ、これ……」%K%P
「けど、困ったよなぁ、これ……」%K%P
トーナメント初戦――依夜様たちに勝てば、\nオレと杏奈ちゃんは銀蘭祭の舞台に立つことになる。%K%P
トーナメント初戦――依夜様たちに勝てば、\nオレと杏奈ちゃんは銀蘭祭の舞台に立つことになる。%K%P
そして、日向はそれを見に行くことになる。%K%P
そして、日向はそれを見に行くことになる。%K%P
でも、オレはこの世に一人しかいない。%K%P
でも、オレはこの世に一人しかいない。%K%P
分身の術が使えたらよかったんだけど、あいにく、\n教わっているのは忍道じゃなく{騎士道:シュバルリィ}だ。%K%P
分身の術が使えたらよかったんだけど、あいにく、\n教わっているのは忍道じゃなく{騎士道:シュバルリィ}だ。%K%P
とはいえ、回避策はないわけじゃない。%K%P
とはいえ、回避策はないわけじゃない。%K%P
というか、すごく簡単な方法が２つもある。%K%P
というか、すごく簡単な方法が２つもある。%K%P
ひとつは、杏奈ちゃんの招待を断ること。%K%P
ひとつは、杏奈ちゃんの招待を断ること。%K%P
銀蘭祭の日は忙しいから無理だって、\nそう断ってしまえば、なんの問題もない。%K%P
銀蘭祭の日は忙しいから無理だって、\nそう断ってしまえば、なんの問題もない。%K%P
けど――、%K%P
けど――、%K%P
%LC杏奈
%LC杏奈
「泣き虫な私は、もういないから。\n　いまの私を、日向くんに見て欲しい」%K%P
「泣き虫な私は、もういないから。\n　いまの私を、日向くんに見て欲しい」%K%P
あんな言葉を聞いた後で、断れるはずがない。%K%P
あんな言葉を聞いた後で、断れるはずがない。%K%P
ならもうひとつの方法はというと、\nそれは、依夜様たちに負けること。%K%P
ならもうひとつの方法はというと、\nそれは、依夜様たちに負けること。%K%P
{連弾:デュオ}{舞闘:カデンツァ}の決勝に残らなければ、\n銀蘭祭の舞台に立つこともない。%K%P
{連弾:デュオ}{舞闘:カデンツァ}の決勝に残らなければ、\n銀蘭祭の舞台に立つこともない。%K%P
でも、こっちの方法は、もっと嫌だ。%K%P
でも、こっちの方法は、もっと嫌だ。%K%P
わざと負けるだなんて、杏奈ちゃんだけでなく、\n対戦相手の依夜様たちにも失礼極まりない。%K%P
わざと負けるだなんて、杏奈ちゃんだけでなく、\n対戦相手の依夜様たちにも失礼極まりない。%K%P
招待は断れない。%K%P
招待は断れない。%K%P
わざと負けるのもありえない。%K%P
わざと負けるのもありえない。%K%P
%LC陽菜
%LC陽菜
「はぁ……。もう、どうしたらいいんだか……」%K%P
「はぁ……。もう、どうしたらいいんだか……」%K%P
机の引き出しが未来と繋がったりしないかな、\nなんて、そんなことを本気で願っちゃいそうだ。%K%P
机の引き出しが未来と繋がったりしないかな、\nなんて、そんなことを本気で願っちゃいそうだ。%K%P
っと、悩むのは後回しにして、\nいまは杏奈ちゃんに返事をしないと。%K%P
っと、悩むのは後回しにして、\nいまは杏奈ちゃんに返事をしないと。%K%P
%LC陽菜
%LC陽菜
「えっと――」%K%P
「えっと――」%K%P
なんて返事を書けばいいのか、\n絶対に悩むと思ったのに。%K%P
なんて返事を書けばいいのか、\n絶対に悩むと思ったのに。%K%P
でも、その言葉は、スッと頭に浮かんできた。%K%P
でも、その言葉は、スッと頭に浮かんできた。%K%P
%LC陽菜
%LC陽菜
「『応援してるよ』」%K%P
「『応援してるよ』」%K%P
呟き、その言葉を打って、送信する。%K%P
呟き、その言葉を打って、送信する。%K%P
彼女にそう頼まれたから、だけじゃない。%K%P
彼女にそう頼まれたから、だけじゃない。%K%P
陽菜と日向――どちらの立場でも、\nオレは彼女を応援したいから。%K%P
陽菜と日向――どちらの立場でも、\nオレは彼女を応援したいから。%K%P
%LC陽菜
%LC陽菜
「いい感じになったら告白する、かぁ……」%K%P
「いい感じになったら告白する、かぁ……」%K%P
今夜、学生寮へと送っていった別れ際、\n彼女が照れながら呟いた言葉を思い出してしまう。%K%P
今夜、学生寮へと送っていった別れ際、\n彼女が照れながら呟いた言葉を思い出してしまう。%K%P
正直、あのときもそうなったけど、\n思い出すだけで、耳とか頬とか、ちょっと熱い。%K%P
正直、あのときもそうなったけど、\n思い出すだけで、耳とか頬とか、ちょっと熱い。%K%P
――実はもう告白してるんだよ、杏奈ちゃん。%K%P
――実はもう告白してるんだよ、杏奈ちゃん。%K%P
そう。だからこそ、負けられない。%K%P
そう。だからこそ、負けられない。%K%P
彼女の想いに応えるには、依夜様たちに勝って、\n銀蘭祭に出て、良い感じになるしかない。%K%P
彼女の想いに応えるには、依夜様たちに勝って、\n銀蘭祭に出て、良い感じになるしかない。%K%P
そうして、杏奈ちゃんが、告白してくれたら。%K%P
そうして、杏奈ちゃんが、告白してくれたら。%K%P
そのときは、オレも――、%K%P
そのときは、オレも――、%K%P
%LC陽菜
%LC陽菜
「……私利私欲で勝てるかなぁ……」%K%P
「……私利私欲で勝てるかなぁ……」%K%P
耐えきれず漏れた声は、羞恥に染まっていた。%K%P
耐えきれず漏れた声は、羞恥に染まっていた。%K%P
なにかを守る為に、騎士は戦う。%K%P
なにかを守る為に、騎士は戦う。%K%P
いまオレが守りたいのは、\n自分が告白される未来だった。%K%P
いまオレが守りたいのは、\n自分が告白される未来だった。%K%P
