いろいろとあった翌朝、\nオレと杏奈ちゃんはトレーニングルームにいた。%K%P
发生了很多事后，第二天早上，\n我和杏奈酱在训练场集合。%K%P
%LC陽菜
%LC阳菜
「今朝は攻撃練習をしたいと思います」%K%P
「今天早上，我想进行进攻训练」%K%P
%LC杏奈
%LC杏奈
「えっ？　でも私、守りに徹するんじゃ」%K%P
「诶？　但是我不是只用防御吗」%K%P
%LC陽菜
%LC阳菜
「もちろん、それはそうなんだけど。\n　守ってばかりだと勝てないから」%K%P
「当然，确实是这样的。\n　但一味防守是赢不了的啦」%K%P
%LC杏奈
%LC杏奈
「矛盾してない？」%K%P
「不觉得矛盾嘛？」%K%P
%LC陽菜
%LC阳菜
「立場を逆転させて考えてみて」%K%P
「转换立场思考一下」%K%P
%LC陽菜
%LC阳菜
「盾持ちで守りが堅いＡさんと、\n　ロングソードでガンガン攻めるＢさん――」%K%P
「拿着盾牌主防御的A，\n　和拿着剑主攻击的B」%K%P
%LC陽菜
%LC阳菜
「そんなふたり組と戦うってなって、\n　プリモがＡさんだったら、杏奈ちゃんどう思う？」%K%P
「和这样的两个人战斗，\n　如果对方右翼是A，杏奈酱会怎么想？」%K%P
%LC杏奈
%LC杏奈
「それは……Ａさんが飾緒を守ってる間に、\n　Ｂさんが攻める作戦かなぁって――」%K%P
「那应该是……在A守护"饰带"的时候，\n　由B负责进攻的作战方式吧——」%K%P
%LC杏奈
%LC杏奈
「……あ」%K%P
「……啊」%K%P
%LC陽菜
%LC阳菜
「そういうこと。杏奈ちゃんがプリモな時点で、\n　こっちの作戦ってわりとバレバレなんだよね」%K%P
「就是这么回事。杏奈酱是右翼的时候，\n　我们这边的作战计划就暴露了」%K%P
%LC陽菜
%LC阳菜
「で、作戦がバレちゃうと、\n　杏奈ちゃんはかなり不利になっちゃう」%K%P
「如果，作战计划暴露的话，\n　对杏奈酱可相当不利哦」%K%P
%LC陽菜
%LC阳菜
「自分から攻めてこない相手とか、\n　いくらでも対策しようがあるからね」%K%P
「对于不主动进攻的对手，\n　我们确实是有很多对策呢」%K%P
%LC陽菜
%LC阳菜
「それこそ、無理せず持久戦に持ち込んで、\n　スタミナ切れを狙ってもいいわけだし」%K%P
「若是这样的话，就可以保持体力，\n　进行持久战，以达到耗尽对方体力的目的」%K%P
%LC杏奈
%LC杏奈
「むぅ……」%K%P
「姆……」%K%P
%LC陽菜
%LC阳菜
「だからこそ、攻撃の練習」%K%P
「所以现在，要来练习进攻」%K%P
%LC陽菜
%LC阳菜
「杏奈ちゃんにも攻めっ気があるってなったら、\n　相手も警戒しなくちゃいけないでしょ？」%K%P
「如果看到杏奈酱会进攻的话，\n　对方就不得不提高警惕了对吧？」%K%P
%LC陽菜
%LC阳菜
「そうやって杏奈ちゃんがひとりを釘付けにして、\n　その間に、もうひとりを私が倒す――」%K%P
「就这样，杏奈酱制约住一个，\n　在这期间，我打倒另一个——」%K%P
%LC陽菜
%LC阳菜
「とはいえ、これは理想型であって、\n　そんな簡単にはいかないと思うけど」%K%P
「虽说如此，这只是理想情况，\n　我们也不能想的那么简单」%K%P
%LC陽菜
%LC阳菜
「というわけで、攻撃もしっかり練習。\n　いい？　杏奈ちゃん」%K%P
「因此，进攻也要好好练习哦。\n　好吗？   杏奈酱」%K%P
%LC杏奈
%LC杏奈
「ガッテンしょーちっ！」%K%P
「了解明白！」%K%P
%LC杏奈
%LC杏奈
「って、ねえ、もしこの前みたく、\n　依夜様たちが練習に来ちゃったらどうしよう」%K%P
「啊，呐，如果和上次一样，\n　依夜大人她们也来练习了怎么办？」%K%P
%LC杏奈
%LC杏奈
「私が攻撃練習してるのって、\n　秘密にしておいたほうがよかったりしない？」%K%P
「我在练习攻击的事，\n　是不是要保密为好？」%K%P
%LC陽菜
%LC阳菜
「そこは気にしなくて大丈夫。\n　というか、見られた方がいいかも」%K%P
「这一点倒不用在意了。\n　应该说，让她们看到更好」%K%P
%LC陽菜
%LC阳菜
「杏奈ちゃんも攻撃練習してるぞって\n　印象を与えられたら、むしろプラスでしょ？」%K%P
「"杏奈酱也在练习攻击呢"，\n　如果能留下这样的印象，反而更好对吧？」%K%P
%LC杏奈
%LC杏奈
「おおーっ、陽菜ちゃん策士ーっ」%K%P
「哦哦哦，阳菜酱乃真谋士」%K%P
ギリギリまで朝練をこなしてから教室に向かい、\n午前の授業を受けたら、しっかりと昼食を食べて。%K%P
晨练到最后一刻，我们才回到教室，\n上午的课上完后，我们好好地吃了个午饭。%K%P
午後の授業が終わった後は、\nふたたび、ふたりでトレーニングルームへ。%K%P
下午的课结束后，\n我们俩又去了训练场。%K%P
%LC陽菜
%LC阳菜
「依夜様の攻撃の中で杏奈ちゃんが警戒すべきは、\n　なんといっても、素早い突きの連打」%K%P
「依夜大人的攻击中，杏奈酱应该警惕的，\n　是快速的连续攻击」%K%P
%LC杏奈
%LC杏奈
「上段からの攻撃とか、薙ぎ払いは？」%K%P
「要是她上段切击，或者横扫呢？」%K%P
%LC陽菜
%LC阳菜
「そのふたつは、いまの杏奈ちゃんなら、\n　見てからでも反応できると思う」%K%P
「这两招的话，我想现在的杏奈酱，\n　看到了也能做出反应哦」%K%P
%LC杏奈
%LC杏奈
「ほんとっ？」%K%P
「真的吗？」%K%P
%LC陽菜
%LC阳菜
「防ぐだけならね」%K%P
「如果只是防守的话」%K%P
%LC杏奈
%LC杏奈
「あはは、ですよねー」%K%P
「啊哈哈，确实呢——」%K%P
%LC陽菜
%LC阳菜
「けど、突きの連打は本当に早いから気をつけて。\n　距離をとってもすぐに詰められちゃうし」%K%P
「但是，她的连续攻击真的很快，要小心。\n　如果不保持距离，马上就会被近身」%K%P
%LC陽菜
%LC阳菜
「あと、フェイントにも要注意」%K%P
「还有，要注意假动作」%K%P
%LC陽菜
%LC阳菜
「依夜様ってあれでいて、わざと隙を作って、\n　相手を誘い込んだりしてくるから」%K%P
「依夜大人就喜欢这样，\n　故意制造空当，引诱对方攻击」%K%P
%LC杏奈
%LC杏奈
「誘い込む依夜様――って、\n　なんか、ちょっとえっちじゃない？」%K%P
「"诱敌深入"的依夜大人——额，\n　总感觉，非常H呢？」%K%P
%LC陽菜
%LC阳菜
「こーら、真面目に」%K%P
「好↘啦↗，认真点啊！」%K%P
%LC杏奈
%LC杏奈
「えへへ、ごめんごめん」%K%P
「欸嘿嘿，抱歉抱歉」%K%P
%LC陽菜
%LC阳菜
「じゃあ、私が依夜様役をやるから――」%K%P
「那，我来扮演依夜大人啦——」%K%P
%LC杏奈
%LC杏奈
「ディフェンス練習でしょ？\n　いいよ、かかってきなさいっ」%K%P
「防守练习是吧？\n　好啊，放马过来吧」%K%P
けっこうハードめな練習内容なんだけど、\n杏奈ちゃんは弱音を吐かず、笑みを絶やさない。%K%P
虽然是相当辛苦的练习内容，\n但杏奈酱却从不示弱，始终保持着微笑。%K%P
それだけやる気に満ちあふれてるってことだし、\nその原動力は、おそらく、きっと――、%K%P
她就是这么充满干劲，\n那个原动力，不用说一定是——%K%P
%LC杏奈
%LC杏奈
「よぉしっ、告白のためにも頑張るぞっ！」%K%P
「很好！为了告白要努力了啊！」%K%P
%LC陽菜
%LC阳菜
「おっ、おうっ」%K%P
「哦……哦！」%K%P
やっぱりそうだよね。うん。%K%P
果然是这样。嗯。%K%P
%LC杏奈
%LC杏奈
「ふぅ……はぁ、はぁ……」%K%P
「呼……呼呜，哈啊……」%K%P
%LC陽菜
%LC阳菜
「今日は朝練メニューもキツめだったし、\n　少し早いけど終わりにしようか」%K%P
「今天晨练也很严格来着，\n　所以虽然有点早，还是结束吧」%K%P
%LC杏奈
%LC杏奈
「ううんっ、まだやるっ……」%K%P
「不，我还能……」%K%P
%LC陽菜
%LC阳菜
「気持ちはわかるけど、\n　オーバーワークはよくないよ」%K%P
「你的心情我能理解，\n　但是超负荷练习不好哦」%K%P
%LC杏奈
%LC杏奈
「んぅ……わかった……」%K%P
「嗯……知道了……」%K%P
優しく窘めると、ちょっと拗ねつつ、\nそれでも頷いてくれる。%K%P
被温柔地责备后，虽然有点闹别扭，\n但她还是点了点头。%K%P
はやる気持ちと、オレの指導を信じる気持ちが\nせめぎあって、それでも後者が勝ったらしい。%K%P
干劲十足的心情，和相信我指导的心情互相斗争，\n结果最后还是后者赢了。%K%P
我ながら信頼されてるなぁ、陽菜コーチ。%K%P
"相信你哦，我的教练阳菜酱"。%K%P
%LC陽菜
%LC阳菜
「はい、タオルとドリンク」%K%P
「给，毛巾和饮料」%K%P
%LC杏奈
%LC杏奈
「ありがと。……あっ、そうだ。\n　練習に夢中ですっかり忘れてた」%K%P
「谢谢你……啊，对了。\n　只顾着练习，差点忘了」%K%P
%LC杏奈
%LC杏奈
「陽菜ちゃん、一緒に写真撮ろ？」%K%P
「阳菜酱，一起拍个照吧？」%K%P
%LC陽菜
%LC阳菜
「写真？　いま？」%K%P
「拍照？　现在？」%K%P
%LC杏奈
%LC杏奈
「うん。実は、その……この前、\n　日向くんの連絡先を、ゲットしまして……」%K%P
「嗯。其实，那个……前几天，\n　我得到了日向君的联系方式……」%K%P
%LC陽菜
%LC阳菜
「知ってる」%K%P
「我知道呀」%K%P
%LC杏奈
%LC杏奈
「え」%K%P
「诶」%K%P
%LC陽菜
%LC阳菜
「だって、すっごい大声で喜んでたし。\n　声、リビングまで聞こえてきてたから」%K%P
「因为，你当时高兴地发出了很大声音。\n　在客厅里都能听到啦」%K%P
%LC杏奈
%LC杏奈
「っ……だ、だって……。\n　すごい、嬉しかったんだもん……」%K%P
「唔……因，因为……\n　太棒太高兴了……」%K%P
%LC杏奈
%LC杏奈
「とっ、ともかくそれでねっ、日向くんに、\n　写真とか動画を送るって約束してね」%K%P
「总，总之呢我想先把照片和视频，\n　发给日向君看看呢」%K%P
%LC杏奈
%LC杏奈
「だから、一緒に撮ってもらえないかなって……」%K%P
「所以，能不能跟我一起拍……」%K%P
%LC陽菜
%LC阳菜
「いいけど……いいの？　私が一緒で」%K%P
「可以是可以……但是好吗？　让我一起来」%K%P
%LC杏奈
%LC杏奈
「うんっ。っていうか、お願い」%K%P
「嗯。所以，拜托了」%K%P
%LC杏奈
%LC杏奈
「普段は女の子しかいないから、\n　別に気にしてなかったんだけど……」%K%P
「平时身边都是女孩子，\n　所以也没怎么在意……」%K%P
%LC杏奈
%LC杏奈
「この格好、男の子に見せるんだって思ったら、\n　めちゃめちゃ恥ずかしくって……」%K%P
「但一想到这身打扮，单独给男孩子看的话，\n　就觉得很不好意思呢……」%K%P
%LC陽菜
%LC阳菜
「道連れが欲しいってこと？」%K%P
「所以想拉个人一起？」%K%P
%LC杏奈
%LC杏奈
「ん……」%K%P
「嗯……」%K%P
顔を真っ赤にして、小さく頷く杏奈ちゃん。%K%P
杏奈酱满脸通红，微微点了点头。%K%P
その反応に、やっぱフィエルテって攻めすぎだよね、\nなんて、ちょっとホッしてしまったり。%K%P
这个反应，果然菲尔特"攻击力"过头了捏，\n不过感觉，我确实想要她的照片呢。%K%P
%LC杏奈
%LC杏奈
「でもね、それだけじゃないの」%K%P
「不过，不只是这样的哦」%K%P
%LC杏奈
%LC杏奈
「その……陽菜ちゃんのこと、紹介したくて」%K%P
「这个……我想给他介绍下阳菜酱你」%K%P
%LC陽菜
%LC阳菜
「紹介って、日向くんに？」%K%P
「介绍，给日向君？」%K%P
%LC杏奈
%LC杏奈
「うん。頼もしいコーチで、\n　最高のパートナーなんだよって」%K%P
「嗯。你可是我最可靠的教练，\n　最最好的搭档呢」%K%P
%LC杏奈
%LC杏奈
「ね？　だめ、かな……？」%K%P
「呐？　不可以，吗……？」%K%P
%LC陽菜
%LC阳菜
「ん……。まあ、そういうことなら……」%K%P
「嗯……嘛，如果是那样的话……」%K%P
思いがけない言葉に、こっちまで照れてしまう。%K%P
这一句意想不到的话，把我搞得不好意思了。%K%P
%LC陽菜
%LC阳菜
「けど、それならなにも、\n　この格好じゃなくてもいいんじゃない？」%K%P
「不过，这样子的话，\n　不穿成这个样子也没关系吧？」%K%P
%LC杏奈
%LC杏奈
「それは、私もそう思ったんだけど――」%K%P
「那个，我也这么想过的——」%K%P
%LC杏奈
%LC杏奈
「騎士として頑張ってるんだぞってところ、\n　日向くんに見てもらいたくって……」%K%P
「但我想让日向君看到，\n　我作为骑士的努力模样……」%K%P
見せたいではなく、見てもらいたいって言い回しに、\n杏奈ちゃんの隠しきれない恋心を感じてしまう。%K%P
不是想让自己看到，而是想让他看到，\n这句话，让我感受到了杏奈酱隐藏不住的爱慕之心。%K%P
%LC陽菜
%LC阳菜
「……幸せものだね、日向くん」%K%P
「……真是幸福啊，日向君」%K%P
%LC杏奈
%LC杏奈
%XS21「にゅいっ！？　なななななんでっ？」%XE%K%P
%XS21「咿！？　为为为为为什么？」%XE%K%P
%LC陽菜
%LC阳菜
「あっ、その……想われてるんだなぁっていう、\n　素直な感想というか……」%K%P
「啊，这个……只是有感而发啦，\n　是我坦率的感想吧……」%K%P
%LC杏奈
%LC杏奈
「ん……。そっかな？　そう思う？」%K%P
「嗯……这样啊？　这样想的嘛？」%K%P
%LC陽菜
%LC阳菜
「うん」%K%P
「嗯」%K%P
%LC杏奈
%LC杏奈
「くふっ、にひひっ……。\n　陽菜ちゃん大好きっ」%K%P
「哈哈，嘻嘻嘻……\n　阳菜酱最喜欢你啦❤」%K%P
%LC陽菜
%LC阳菜
「わふっ？！」%K%P
「呜哇啊？！」%K%P
%LC陽菜
%LC阳菜
「はぅ、びっくりした……」%K%P
「哈呜，吓我一跳……」%K%P
いきなり抱きついてくるもんだから、\nまったく反応できなくて捕まってしまう。%K%P
突然就来抱住我，\n我还没反应过来就被抱住了。%K%P
%LC陽菜
%LC阳菜
「もう、クレール様みたいなことして……」%K%P
「真是的，就像克莱尔大人一样……」%K%P
%LC杏奈
%LC杏奈
「えへへっ、だって嬉しかったんだもん」%K%P
「欸嘿嘿，因为我很高兴啊」%K%P
%LC杏奈
%LC杏奈
「じゃあ、このまま撮ってもいーい？」%K%P
「那，就这样拍怎么样？」%K%P
%LC陽菜
%LC阳菜
「いいけど、ポーズとかとらなくていいの？\n　その、騎士みたいな感じで、とか」%K%P
「可以是可以，但是不用摆个姿势吗？\n　这个，"更像骑士一样"的感觉？」%K%P
%LC杏奈
%LC杏奈
「こういう日常のワンシーンっぽいほうが、\n　陽菜ちゃんとのラブラブさが伝わるかなって」%K%P
「像这种日常生活中的一个场景，\n　不就能传达出和阳菜酱的亲亲密密的感觉嘛」%K%P
%LC陽菜
%LC阳菜
「ラブラブって……。\n　好きな男の子に送る写真でしょ？」%K%P
「亲亲密密的……\n　这是给你喜欢的男孩子的照片嘛？」%K%P
%LC杏奈
%LC杏奈
「いいのっ。陽菜ちゃんは陽菜ちゃん、\n　日向くんは日向くんで、どっちも好きだから」%K%P
「可以的。阳菜酱是阳菜酱，\n　日向君就是日向君，哪个都喜欢啦」%K%P
%LC陽菜
%LC阳菜
「ん……」%K%P
「嗯……」%K%P
さらっと言われて、身体の芯が熱くなる。%K%P
被她这么一说，我的身体一阵发热。%K%P
杏奈ちゃんが、陽菜のことを好きって言うのは、\n今回が初めてじゃないのに。%K%P
杏奈酱说"喜欢阳菜"，\n已经不是第一次了。%K%P
でも、なんか……なんか、照れくさい。%K%P
但是，总觉得……总觉得不好意思。%K%P
%LC杏奈
%LC杏奈
「んっと、ちょっと待っててね……っと」%K%P
「诶多，稍微等我一下……啊」%K%P
%LC杏奈
%LC杏奈
「はいっ、撮るよー」%K%P
「好，要拍了哦——」%K%P
%LC陽菜
%LC阳菜
「うっ、うん」%K%P
「唔，嗯」%K%P
杏奈ちゃんにとっては、女友達とのツーショット。%K%P
对杏奈酱来说，这是和女性朋友的合照。%K%P
けど、オレにとっては――、%K%P
但是，对我来说——%K%P
%LC杏奈
%LC杏奈
「ほぅら、陽菜ちゃんもスマホ見て」%K%P
「好啦，阳菜酱看镜头」%K%P
%LC陽菜
%LC阳菜
「こっ、こんな感じ？」%K%P
「像，像这样？」%K%P
%LC杏奈
%LC杏奈
「そうそう、できればもっと笑って」%K%P
「对了对了，可以的话笑一笑嘛」%K%P
%LC陽菜
%LC阳菜
「いきなり言われても」%K%P
「即使你这么说」%K%P
%LC杏奈
%LC杏奈
「こういうときは、好きなこと考えるんだよ。\n　思わず笑顔になれちゃうような」%K%P
「这种时候，要想自己喜欢的事。\n　让自己情不自禁露出笑容的事哦」%K%P
%LC陽菜
%LC阳菜
「好きなこと――」%K%P
「喜欢的事——」%K%P
いま、好きなことって言ったら、やっぱり――、%K%P
现在说起喜欢的事，果然是——%K%P
%LC杏奈
%LC杏奈
「おっ、いいよいいよー、その感じっ」%K%P
「啊，很好很好——就这种感觉」%K%P
自撮りモードのスマホ――その液晶画面に映る、\nすぐ隣にいる女の子の顔が、にこにこ笑う。%K%P
现在是自拍模式——手机画面上，\n在我旁边的女孩子，正灿烂地笑着。%K%P
成長した自分を好きな男の子に披露する――、\nそのために、最高の笑顔を浮かべる杏奈ちゃん。%K%P
向喜欢的男孩子展示成长了的自己——\n为此，杏奈酱露出了最棒的笑容。%K%P
……うん、可愛い。ほんと、可愛い。%K%P
……嗯，可爱。真的很可爱。%K%P
%LC陽菜
%LC阳菜
「杏奈ちゃん、いまなに考えてるの？」%K%P
「杏奈酱，你现在在想什么呢？」%K%P
%LC杏奈
%LC杏奈
「ひみつっ」%K%P
「保密」%K%P
%LC陽菜
%LC阳菜
「日向くんのこと？」%K%P
「日向君的事？」%K%P
%LC杏奈
%LC杏奈
「にゅひっ？！」%K%P
「咿咿？！」%K%P
カシャ。%K%P
咔擦。%K%P
%LC杏奈
%LC杏奈
「あっ……も、もおっ、陽菜ちゃんが\n　変なこと言うからシャッター押しちゃったよっ」%K%P
「啊……真，真是的，阳菜酱，\n　说了奇怪的话，我不小心按下了快门了」%K%P
%LC陽菜
%LC阳菜
「よかったね、いいのが撮れて」%K%P
「太好了捏，拍到了好照片」%K%P
%LC杏奈
%LC杏奈
「えええっ？！　だめだめっ、\n　こんな変な顔送れないよおっ」%K%P
「欸欸欸？！　不行不行，\n　这么奇怪的表情怎么可能发啊」%K%P
%LC陽菜
%LC阳菜
「私はすっごく可愛いと思うけど」%K%P
「我觉得挺可爱的哦」%K%P
%LC杏奈
%LC杏奈
「やっ、だめっ。もっといいやつ撮るのっ」%K%P
「不要，不行。再拍个更好的！」%K%P
%LC陽菜
%LC阳菜
「そう言わずに。\n　日向くん、きっと気に入ると思う」%K%P
「别这么说。\n　我想，日向君一定会喜欢的」%K%P
%LC杏奈
%LC杏奈
「ぐっ、むむぅ……」%K%P
「咕，姆姆……」%K%P
%LC杏奈
%LC杏奈
「……まぁ、陽菜ちゃんが\n　そんなに自信満々に言うなら……」%K%P
「……嘛，既然阳菜酱你，\n　都这么自信满满地说了……」%K%P
%LC陽菜
%LC阳菜
「うん。太鼓判」%K%P
「嗯。我打包票哦」%K%P
杏奈ちゃんのスマホの画面に映る、\n撮影したばかりのツーショット。%K%P
杏奈酱的手机屏幕上，出现了刚拍好的二人合照。%K%P
それはまさに、奇跡の１枚って感じの、\n愛らしさあふれる傑作だった。%K%P
那真是一张可爱的杰作啊，\n给人一种"这是奇迹"的感觉。%K%P
――その夜、私は１枚の写真をずっと眺めていた。%K%P
——这天晚上，我一直盯着这张照片。%K%P
%LC杏奈
%LC杏奈
「うーん……」%K%P
「唔嗯嗯……」%K%P
%LC杏奈
%LC杏奈
「……やっぱ、イケてない気がする」%K%P
「……还是觉得不太好」%K%P
スマホに表示されているのは、今日の放課後、\n陽菜ちゃんと撮ったツーショット。%K%P
手机上显示的，\n是今天放学后和阳菜酱拍的合照。。%K%P
陽菜ちゃんの一言でついシャッターを押してしまい、\n目を閉じた状態で映っちゃった１枚だ。%K%P
阳菜酱的一句话让我不小心按下了快门，\n是在闭着眼睛的状态下拍下的。%K%P
陽菜ちゃんは、すごく可愛いって、\nそう言ってくれたけど……。%K%P
阳菜酱说，\n这样的我非常可爱……%K%P
これを日向くんに送るのは、正直ナシだと思う。%K%P
把这个发给日向君，\n说实话不太合适。%K%P
%LC杏奈
%LC杏奈
「ただでさえこの前の電話で、\n　大人っぽくなったとか言っちゃったのに……」%K%P
「记得之前在电话里，\n　他说过自己变成熟了呢……」%K%P
%LC杏奈
%LC杏奈
「これじゃ、ぜんぜん子供っぽい……」%K%P
「这样看来，我完全还像小孩子一样……」%K%P
それに比べて、私の隣ではにかむ陽菜ちゃんは、\nなんかもう、すっごく可愛い。%K%P
相比之下，在我旁边害羞着的阳菜酱，\n比我就可爱多了。%K%P
撮る前は、陽菜ちゃんのほうが緊張してたのに。%K%P
在拍之前，阳菜酱还挺紧张的。%K%P
%LC杏奈
%LC杏奈
「陽菜ちゃん、なに考えてたのかな……」%K%P
「阳菜酱，到底在想什么呢……」%K%P
笑うには好きなことを考えるといいって\nアドバイスした途端、この表情。%K%P
当我建议想着自己喜欢的事情笑时，\n她便露出了这样的表情。%K%P
さぞかし大好きなことを考えていたに違いない。%K%P
一定是在想自己最喜欢的事吧。%K%P
……と、いうか。というか、これは――、%K%P
……也，就是说。或者说这个——%K%P
%LC杏奈
%LC杏奈
「これ、送れなくない……？」%K%P
「这个，还是不发了吧……？」%K%P
私が男子だったら、この写真を見たとき\n真っ先に目が行くのは間違いなく陽菜ちゃんだ。%K%P
如果我是男性的话，看到这张照片时，\n第一个映入眼帘的一定是阳菜酱吧。%K%P
日向くんだって、きっとそうなる。%K%P
日向君也一定会这样吧。%K%P
%LC杏奈
%LC杏奈
「で、杏奈ちゃんより隣の子のほうが可愛いな、\n　なんて思われちゃって――」%K%P
「然后，就会觉得比起杏奈酱，\n　旁边的孩子更可爱——」%K%P
うわ、ありそう。すっごくありそう。%K%P
呜哇，好像是啊。好像真有可能。%K%P
だってこの写真の陽菜ちゃん、まっじで可愛い。%K%P
因为这张照片上的阳菜酱，实在太可爱了。%K%P
女の私ですらヤバってなるんだから、\n男の子からしたら、そりゃ、もう……ね？%K%P
连身为女性的我都觉得把持不住，\n对于男孩子来说，那真是，肯定会……呐？%K%P
%LC杏奈
%LC杏奈
「でも、せっかく一緒に撮ってくれたのに、\n　送らないわけにも……」%K%P
「但是，好不容易一起拍了照，\n　也不能不发啊……」%K%P
日向くんに送る為に撮影するって、\nそう頼んで、撮ってもらった写真なんだし。%K%P
这张照片是为了给日向君拍的，\n所以才拜托她一起了。%K%P
なにか、なにかいい方法は――、%K%P
有什么，有什么好办法吗——%K%P
%LC杏奈
%LC杏奈
「……あっ、そうだっ」%K%P
「……啊，对哦」%K%P
これはこれで送るとして、もう１枚、\n別な写真を撮って送ればいいんだ。%K%P
这个发送之后，\n再拍一张别的照片发过去就行了。%K%P
こっちが変な分、大人っぽい写真を送れば、\nギャップでドキドキさせられるかも。%K%P
如果给他发一张很稀奇的、成熟的照片，\n或许会让他因为反差而心跳加速呢。%K%P
%LC杏奈
%LC杏奈
「おおっ、私ってば冴えてるぅ」%K%P
「哦哦，我真是太聪明了」%K%P
%LC杏奈
%LC杏奈
「そうと決まれば、スマホ、スマホ……」%K%P
「就这么决定了，手机，我手机呢……」%K%P
%LC杏奈
%LC杏奈
「って、手に持ってるんだった。あははっ」%K%P
「啊，在我手上呢。啊哈哈……」%K%P
%LC杏奈
%LC杏奈
「えっと……できるだけ、大人っぽく……」%K%P
「诶多……尽量，像个大人一样……」%K%P
%LC杏奈
%LC杏奈
「……ん、なんか、違う……」%K%P
「……嗯，感觉，不对……」%K%P
%LC杏奈
%LC杏奈
「もっと、せくすぅぃーな、感じで――」%K%P
「要更性~~~感的感觉——」%K%P
%LC杏奈
%LC杏奈
「はぅ……ああもう、色気ないなぁ、私……」%K%P
「哈呜……啊啊真是，我真是"没啥魅力"啊……」%K%P
%LC杏奈
%LC杏奈
「いやいや、諦めたらそこで試合終了っ……」%K%P
「不行不行，放弃的话就被比下去了……」%K%P
%LC杏奈
%LC杏奈
「陽菜ちゃんの可愛さに対抗するためには、\n　私も、もっと攻めないと……」%K%P
「为了"对抗"阳菜酱的可爱，\n　我也得多"进攻"才行……」%K%P
%LC杏奈
%LC杏奈
「……おっ、おおっ……？\n　よしよし、これならいけるかもっ……」%K%P
「……哦，哦哦……？\n　很好很好，这张感觉还行……」%K%P
%LC杏奈
%LC杏奈
「でも、まだまだ……。\n　もっともっと、サービスサービスぅ……」%K%P
「但是，还不够还不够……\n　继续继续，再多点再多点………❤」%K%P
%LC杏奈
%LC杏奈
「日向くんだって、男の子なんだし。\n　えっちなのには弱いよね、きっと……」%K%P
「日向君，也是个男孩子。\n　对H的事，想必很弱吧……」%K%P
%LC杏奈
%LC杏奈
「いっそ脱いじゃう――……いやいや、\n　それはさすがにドン引きされるかも……」%K%P
「干脆脱了吧……不行不行，\n　那到底还是太过了……」%K%P
%LC杏奈
%LC杏奈
「でも、ギリギリのとこ……うん、\n　こう、ドキッとさせちゃうぐらいで――」%K%P
「但是，都最后关头了……嗯，\n　这样，就能吓他一跳了——」%K%P
――――で。%K%P
——于是。%K%P
%LC杏奈
%LC杏奈
「……なにしてたんだろ、私……」%K%P
「……在干什么呢，我……」%K%P
１００枚以上自撮りしたあと、ハッと我に返る。%K%P
自拍了100多张之后，我才回过神来。%K%P
スマホの撮影履歴には、それはもう、\n封印指定するしかない肌色画像がめいっぱい。%K%P
在手机的拍摄记录里，\n都是些只"封印"住指定部位的照片了。%K%P
中には、送ったら日向くんがお巡りさんに\n捕まっちゃうかもしれないレベルのものまで。%K%P
其中甚至还有……发出去的话，\n日向君可能会被警察逮捕的东西。%K%P
%LC杏奈
%LC杏奈
「いくらなんでも、\n　こんなの送れるわけないし……」%K%P
「不管怎么说，\n　这样的不可能发出去呀……」%K%P
未来の自分が頭を抱える前に、消去、消去――。%K%P
在未来的自己感到头疼之前，赶紧删了删了——%K%P
けど、いっぱい撮ったから、\n中にはかなり可愛く撮れたのもあるなぁ……。%K%P
但是，因为拍了很多，\n其中也有拍得很可爱的……%K%P
正直、消すのがちょっともったいない。%K%P
说实话，删掉有点可惜。%K%P
%LC杏奈
%LC杏奈
「とりあえず、露出少なめのやつから１枚……」%K%P
「总之，先从露出少的那张开始……」%K%P
で、その写真と、陽菜ちゃんとツーショット、\n２枚を日向くんに送信――、%K%P
然后，把那张照片连同和阳菜酱的合影，\n2张一起发给日向君——%K%P
%LC杏奈
%LC杏奈
「……あ」%K%P
「……啊」%K%P
%LC杏奈
%LC杏奈
%XS20「にゃああああああああああっ！？」%XE%K%P
%XS20「喵呜啊啊啊啊啊啊啊啊啊！？」%XE%K%P
夜、ベッドでスマホとにらめっこ。%K%P
晚上，我躺在床上盯着手机。%K%P
昨日と同じなら、\nそろそろ杏奈ちゃんから連絡がくるはず。%K%P
和昨天一样的话，\n杏奈酱差不多就会联系我了。%K%P
内容はおそらく、卯花陽菜を紹介するメッセージと、\n今日の放課後、一緒に撮った自撮り写真――。%K%P
内容大概是介绍下卯花阳菜，\n以及今天放学后一起拍的自拍吧——%K%P
%LC陽菜
%LC阳菜
「……なんか、変な感じ」%K%P
「……感觉，有点怪怪的」%K%P
杏奈ちゃんの行動が、手に取るようにわかる。%K%P
杏奈酱的行动，我能一目了然。%K%P
予知能力があったとしたら、\nあるいは、こんな感じかもしれない。%K%P
如果世界上有预知能力的话，\n也许就是这样的感觉吧。%K%P
%LC陽菜
%LC阳菜
「……おっ、きたきた――」%K%P
「……哦，来了来了——」%K%P
って、あれ？　画像が、２枚……？%K%P
诶，啊咧？　照片，有2张……？%K%P
１枚はアレだろうけど、もう１枚は――、%K%P
1张就是下午那个吧，那另1张是——%K%P
%LC陽菜
%LC阳菜
「なっ、な、ななななななっ……」%K%P
「这，这，这这这这这这……」%K%P
%LC陽菜
%LC阳菜
%XS20「なんだこれーっ？！」%XE%K%P
%XS20「这是什么啊？！」%XE%K%P
なんか、なんか、すっごいエッ……いや、\nスケ……じゃない、センシティブなのがっ……！？%K%P
这个，这个，太H了吧……不，\n情趣……啊不不不，太"敏感"的部位了吧……！？%K%P
なにこれなに？　どういう意図？%K%P
这是什么啊？　有什么意图吗？%K%P
{日向:おとこ}にこんなの送ってくるって、\nいったいどういうおつもりですかっ……？！%K%P
你给{日向:男的}发这种东西，\n到底是怎么想的啊……？！%K%P
もしかしてオレが知らないだけで、\nいまどきはこのぐらいの自撮りが普通とか？%K%P
难道是我跟不上时代了吗，\n难道现在这种程度的自拍是很平常的吗？%K%P
オレがフランス留学してる間に、\n日本ってそんなに乱れちゃってたのっ……！？%K%P
我在法国留学的期间，\n日本就变得这么乱了吗……！？%K%P
%LC陽菜
%LC阳菜
「って、待て待て日向、落ち着け日向っ。\n　さすがになにか理由があるはず」%K%P
「啊，等等日向，冷静点日向。\n　这肯定是有什么理由的」%K%P
%LC陽菜
%LC阳菜
「そう、そうだよ。きっとこの写真を送った理由を\n　説明するメッセージが――」%K%P
「对，对啊。她肯定会发个信息给我，\n　解释发这张照片的理由的——」%K%P
%LC陽菜
%LC阳菜
「メッセージが――」%K%P
「打开"信息"——」%K%P
%LC陽菜
%LC阳菜
「……」%K%P
「……」%K%P
%LC陽菜
%LC阳菜
「……こない」%K%P
「……没有」%K%P
待てども待てども、ちっとも来ない。%K%P
等啊等啊，但杳无音信。%K%P
送られてきた自撮りをオレが見たってことは、\n既読がついて、向こうに伝わってるはず。%K%P
发给我的自拍已经看过了，\n也标注了"已读"，对方应该已经知道了才对。%K%P
なのに、向こうからのアクションが、なにもない。%K%P
但是，对方却没有任何消息了。%K%P
%LC陽菜
%LC阳菜
「この自撮り自体がメッセージ、とか……？」%K%P
「这张自拍本身就是信息，吗……？」%K%P
だとしたら難解すぎる。%K%P
这样也太难懂了吧。%K%P
っていうか、既読ついちゃってるんだから、\nなにか反応――レスしないとマズい、よね？%K%P
话说自己看过了这照片，肯定要给反应啊——\n不回复她可就太不正常了，对吧？%K%P
こんな自撮りを見せられたのに、\nなにも反応しないなんて不自然すぎるし。%K%P
给我看了这样的自拍，她却没有任何反应，\n这太不自然了。%K%P
いや、でも、でも……えええっ？%K%P
啊不，但是，但是……欸欸欸？%K%P
これ、なんて返事すればっ……？%K%P
这个，该怎么回答……？%K%P
%LC陽菜
%LC阳菜
「ごちそうさま……？」%K%P
「谢谢款待……？」%K%P
ない。それはない。絶対ない。%K%P
不行。这不行，绝对不行。%K%P
たしかにめちゃくちゃごちそうさまだし、\n正直、こんなの見せられたら――、%K%P
我（♂）确实是受到"款待"了，\n说实话，给我看这种东西——%K%P
%LC陽菜
%LC阳菜
「んッ……」%K%P
「唔嗯……」%K%P
股間がびくっと跳ねる感触があって、\n誰も見ていないのに思わず前屈み。%K%P
股间猛地一跳，虽然没人看到，\n但我不由自主地向前顶了顶。%K%P
まったく知らない女の子の自撮りだったとしても、\n相当破壊力が高い写真なのに。%K%P
即使是完全不认识的女孩子的自拍，\n这照片的破坏力也是相当高的。%K%P
よく知ってる女の子の、こんな写真――、%K%P
这还是我熟悉的女孩子的照片——%K%P
%LC陽菜
%LC阳菜
「もぅっ、なに考えてんだよ、\n　杏奈ちゃんはっ……！」%K%P
「真是的，你在想什么啊，\n　杏奈酱啊……！」%K%P
小さな頃は泣き虫だった、幼馴染みの『お隣さん』。%K%P
小时候爱哭鬼，青梅竹马时的『邻居』。%K%P
それが、編入したクラスの『お隣さん』として\n再会して、お世話になって、一緒に過ごして。%K%P
而且，作为班上的『邻居（同桌）』再次相遇，\n承蒙她照顾，一起度过了这段时光。%K%P
{連弾:デュオ}{舞闘:カデンツァ}のパートナーとして\nエンゲージしてからは、本当にずっと一緒で。%K%P
作为{协力:二重奏}{舞斗:华彩乐}的搭档，\n"订婚"之后，真的就一直在一起了。%K%P
そんな気になる女の子の、こんな写真を、\n他でもない本人から見せられたりなんかしたら――、%K%P
我心仪的女孩的照片，\n不是别人，而是她本人给我看的话——%K%P
%LC陽菜
%LC陽菜
「んっ……はぁ、はぁ……」%K%P
「嗯……哈啊，呼啊……」%K%P
スマホを持つ手が震える。%K%P
拿着手机的手颤抖着。%K%P
――やっちゃいなよ、オナニー。%P
——就这样决定了，自慰吧。%P
%LC陽菜
%LC阳菜
「なっ……」%K%P
「什……」%K%P
それはいわゆる、悪魔の囁き。%K%P
这就是传说中，恶魔的低语吗。%K%P
女装生活でずっと押し込めていた衝動が、\nここぞとばかりに湧き上がってくる。%K%P
女装生活中一直压抑着的冲动，\n一下子涌了上来。%K%P
ずっとずっと我慢していた、男子の本能。%K%P
我一直在忍耐着的，男人的本能。%K%P
――この写真でヌいたら気持ちいいよ？　%P
——用这张照片来做，会很舒服的哦？　%P
なっ、なにバカなこと言ってんだよっ……！%K%P
你，你在说什么傻话……！%K%P
――本人が送ってきたんだよ？　そういう意味だって。%P
——这可是本人发来的哦？不就是那个意思嘛。%P
杏奈ちゃんがそんなことするはずないだろっ。%K%P
杏奈酱是不会做那种事的吧。%K%P
これはきっと、なにかの手違いでっ……！%K%P
这其中，一定是出了什么差错……！%K%P
――普通、間違いならすぐに画像消すでしょ？%P
——一般来说，如果发错了不是会马上删除吗？%P
そっ、それはそうかもだけどっ、\n杏奈ちゃん、けっこうドジなとこあるしっ……！%K%P
是啊，那倒也有可能，\n杏奈酱，也有可能一时兴起……！%K%P
――いいから、ほら。スッキリしちゃお？　ね？%P
——来做吧，你看。会让你很爽的哦？ 呐？%P
%LC陽菜
%LC阳菜
「くっ……！　ああもうっ……！！」%K%P
「咕……！　啊啊真是的……！！」%K%P
頭を振ってスマホの電源を切ると、\nそのままベッドに潜り込む。%K%P
我摇了摇头，关掉手机，\n就这样钻到床上。%K%P
頭の中でふたりの自分が葛藤するなんて、\nそんなの、あまりにもベタすぎる。%K%P
两个"自己"在脑子里打架，\n这也太纠结了。%K%P
%LC陽菜
%LC阳菜
「いいっ、もう寝るっ！　そうするっ！」%K%P
「算了，睡觉吧！　就这么干！」%K%P
自分に言い聞かせるように声を出し、\n布団をかぶって目をぎゅっと閉じた、その途端。%K%P
像是在说给自己听似的，\n我盖上被子，闭上眼睛，\n但就在那一瞬间……%K%P
%LC陽菜
%LC阳菜
「っ……」%K%P
「呜呜……」%K%P
脳裏に焼き付いてしまったそれが、\nさっきよりも圧倒的な質感で蘇る。%K%P
烙印在脑海里的那个画面，\n以更强烈的质感浮现在眼前。%K%P
だってオレは知ってるから。%K%P
因为我是知道的。%K%P
彼女の声も、匂いも、体温も。%K%P
她的声音，她的气味，她的体温。%K%P
練習で疲れたときに漏らす、\nちょっと乱れた息遣いも。%K%P
她练习累了的时候，\n就会发出的稍微混乱的呼吸。%K%P
ずっと一緒にいて見てきた彼女のすべてが、\nさっきの画像に、どんどん勝手に情報を付与して。%K%P
与她一路走过的景色，\n都在刚才的照片上，变了一副模样。%K%P
%LC杏奈
%LC杏奈
『日向くん、だぁいすき……』%K%P
『日向君，最喜欢你了……❤』%K%P
%LC陽菜
%LC阳菜
「っ……」%K%P
「呜哇……」%K%P
しまいには、こんな囁きまで聞かせてきて。%K%P
幻想到最后，她甚至对我说这个。%K%P
%LC陽菜
%LC阳菜
「ぐっ……寝るっ、寝るぞっ、\n　なんとしても寝てやるぅぅっ……！」%K%P
「咕……睡觉了，睡觉去了，\n　无论如何我都要睡死过去……！」%K%P
かぶった布団の中に木霊する、決意表明。%K%P
对着蒙在被子里内心的鬼，表明决心。%K%P
今夜は、長い戦いになるかもしれない。%K%P
今晚可能会是一场漫长的战斗啦。%K%P
