杏奈ちゃんと同居生活を開始して、約１ヶ月。%K%P
和杏奈酱的同居生活，过了大约1个月。%K%P
いきなりぶっちゃけてしまうと、\n最初の頃は、毎日のようにエッチをしていた。%K%P
突然说这个可能难为情，\n刚开始的几天，我们每天都在做爱。%K%P
夜になれば、恋人と密室にふたりきり――、\nそうなったらもう、歯止めが利くわけもなく。%K%P
一到晚上，就和自己的恋人共处一室——\n这样的话，怎么把持得住呀。%K%P
部屋にはベッドがふたつあるにも関わらず、\n毎晩どちらかしか使わない、そんな生活だった。%K%P
虽然房间里有两张床，\n但每天晚上只使用其中一张。%K%P
そのうち、授業やトレーニングで疲れた日は、\nキスまでで抑える日が、ちらほら出てきて。%K%P
在上课或者训练累了的几天，\n偶尔会用接吻来抑制情感。%K%P
でも、そういう日が挟まった翌日は、\n決まってエッチの内容が激しくなって。%K%P
但是，抑制情感后的第二天，\n做爱的内容一定会变得很激烈。%K%P
次第に、しない日も混ざるようになった結果、\n週に何度か、ぐらいに落ち着いたのが、つい最近。%K%P
渐渐的，不做爱的日子也多了起来，\n于是最近，我们每周就只做几次了。%K%P
ただ、無理に我慢しているわけじゃないので、\n毎日しちゃう日が続くことも、もちろんあって。%K%P
不过，也不是勉强自己忍耐啦，\n当然也有每天都做的时候。%K%P
そんな中で、自然と出来上がったのが、\n『したくなったら日向くん』というルールだった。%K%P
在这样的情况下，自然而然形成了一种，\n『想上日向君就上』的奇怪规则。%K%P
――土曜、夜遅く。%K%P
——周六的深夜。%K%P
翌日が日曜ということもあって、\n土曜の夜は、夜更かしをする寮生も多い。%K%P
因为第二天是周日，所以周六晚上，\n很多住宿生都喜欢熬夜。%K%P
消灯時間が過ぎたあと、こっそり部屋を抜け出し、\n友達の部屋に遊びに行く子もいるみたいだ。%K%P
过了熄灯时间后，好像也会有人偷偷溜出房间，\n去朋友的房间里玩。%K%P
%LC杏奈
%LC杏奈
「ねえ、そろそろお風呂行こ？」%K%P
「呐，差不多该去洗澡了吧？」%K%P
%LC陽菜
%LC阳菜
「ちょっと待って。すぐ支度するね」%K%P
「等我一下。我马上准备」%K%P
学生寮のお風呂は循環装置がついていて、\n就寝時間以外なら、いつでも入る事ができる。%K%P
学生宿舍的浴室安装了循环装置，\n只要没到就寝时间，随时都可以去泡澡。%K%P
夕食前後のピークタイムは混んでいるけど、\n他の時間は、わりといつでも空いていた。%K%P
虽然晚饭前后的高峰时间人会很多，\n但其他时间总是会空下来。%K%P
そんな中、オレと杏奈ちゃんは、\nいつも消灯前に入浴している。%K%P
所以，在这样的情况下，\n我和杏奈酱总是在熄灯前洗澡。%K%P
杏奈ちゃんが寮母さんにお願いして、\n消灯後まで入れるようにしてもらったのだ。%K%P
杏奈酱已经拜托了宿舍阿姨，\n让我们在熄灯后再进去。%K%P
たまーに他の寮生が入ってきたりもするけど、\nそれも、滅多にはないことで。%K%P
偶尔也会有其他的住宿生进来，\n但那是很少发生的事。%K%P
おかげで、いつもゆっくり入浴することができた。%K%P
托她的福，我每次都能悠闲地泡澡。%K%P
%LC陽菜
%LC阳菜
「お待たせ、杏奈ちゃん」%K%P
「久等了，杏奈酱」%K%P
%LC杏奈
%LC杏奈
「うん。……ところで、日向くん。\n　このあと、なんだけど……」%K%P
「嗯……对了，日向君。\n　过一会后，能做吗……」%K%P
そう言って、こちらを上目使いで窺う杏奈ちゃん。%K%P
说着，杏奈酱抬眼看着我。%K%P
これこそ、『したくなったら日向くん』のサイン。%K%P
果然，『想上日向君就上』是吧。%K%P
杏奈ちゃんがオレを日向くんって呼ぶときは、\nエッチがしたくなっちゃった、という合図だった。%K%P
杏奈酱叫我"日向君"时，\n就是想要涩涩的信号了。%K%P
ちなみに、オレのほうがしたくなった場合は、\n日向の声で囁けばオッケーなんだけど――、%K%P
顺带一提，如果是我想做的时候，\n直接用"日向的声音"低语就可以了——%K%P
エッチの誘いは、いつも杏奈ちゃんからだった。%K%P
但每次的做爱邀请，都是杏奈酱发出的。%K%P
%LC陽菜
%LC阳菜
「このタイミングってことは、\n　今日は、お風呂でしたいの？」%K%P
「这个时机说这个，\n　今天，不是想泡澡吗？」%K%P
%LC杏奈
%LC杏奈
「うん。今日、放課後のトレーニングで、\n　かなり汗かいちゃったでしょ？」%K%P
「嗯。今天放学后的训练，\n　你出了很多汗吧？」%K%P
%LC杏奈
%LC杏奈
「だから、その汗、流してあげたいなって」%K%P
「所以，我也想为你流些"汗水"」%K%P
%LC杏奈
%LC杏奈
「あと……今日ね、\n　無性にぎゅーってしたい気分」%K%P
「然后……今天呢，\n　非常想和你亲热亲热」%K%P
%LC杏奈
%LC杏奈
「日向くんの頭を、こーして、\n　おっぱいでぎゅーって……ね？　どう？」%K%P
「把日向君的头，像这样，\n　用胸部亲热一下……呐？　怎样？」%K%P
自らをハグするような仕草を見せられて、\nその腕の中にいる自分を想像して――、%K%P
她做着把我抱在她怀里的动作，\n想象着我在她的臂膀里——%K%P
%LC陽菜
%LC阳菜
「……誘い方、ズルいんだから」%K%P
「……勾引我，太狡猾了啦」%K%P
拗ねるように呟くと、\n杏奈ちゃんはくすっと笑った。%K%P
我闹别扭似的嘀咕着，\n杏奈酱哧哧地笑了。%K%P
夜遅い学生寮の浴場に、\nオレと杏奈ちゃんのふたりきり。%K%P
深夜的学生宿舍浴场，\n只有我和杏奈酱两个人。%K%P
ただし、万一に備えて、\nウィッグはしっかりとつけたまま。%K%P
不过，为了以防万一，\n假发还是要戴好的。%K%P
逆に言うと、それ以外は無防備――それが、\n杏奈ちゃんと入浴するときのスタイルだった。%K%P
反过来说，除此之外都没有防备——\n这就是我和杏奈酱一起洗澡时的样子。%K%P
%LC杏奈
%LC杏奈
「じゃあ、さっそく……ぎゅー」%K%P
「那么，赶紧的吧……我贴~~❤」%K%P
頭を抱きかかえられると、\n当然のように、目の前にはおっぱいが。%K%P
我被她抱着头，她的胸部，\n理所当然地出现在了我面前。%K%P
%LC杏奈
%LC杏奈
「日向くん、あーん」%K%P
「日向君，啊~❤」%K%P
%LC陽菜
%LC阳菜
「あーむっ……れろ、ちゅっ」%K%P
「阿~姆……咧噜~啾~」%K%P
%LC杏奈
%LC杏奈
「んはっ……はあっ、あっ、んあうっ」%K%P
「嗯啊……哈啊，啊~嗯啊~❤」%K%P
差し出されたおっぱいにしゃぶりつくと、\n杏奈ちゃんが嬉しそうに身悶える。%K%P
我吸了吸杏奈酱凑过来的乳房，\n杏奈酱高兴地扭动着身体。%K%P
彼女の乳首はすでに勃っていて、\n口に含んだ瞬間、こちらの舌にあたってきて。%K%P
她的乳头已经起勃起了，\n含在嘴里的瞬间就碰到了我的舌头。%K%P
ほどよく固くて可愛いぽっちは、\n吸いつくたび、唇の間でぷるっと震えた。%K%P
又硬又可爱的乳头，每吸一口，\n就会在我的嘴里抖一抖。%K%P
%LC杏奈
%LC杏奈
「はふぅ、ん……くふふっ　日向くんってば、\n　すっかりおしゃぶり上手になっちゃって……」%K%P
「哈呜，嗯……呼呼呼❤　日向君你呀，\n　已经很擅长吸乳头了呢……❤」%K%P
%LC陽菜
%LC阳菜
「んむ、ちゅっ……杏奈ちゃんがいっつも、\n　ちゅーちゅーしてって言うから……んむむっ」%K%P
「嗯姆~啾……还不是杏奈酱你，\n　一直想让我吸呀吸的……嗯姆啾~」%K%P
%LC杏奈
%LC杏奈
「日向くんにちゅーちゅーされるの、\n　すっごく気持ちいいんだもんっ……」%K%P
「日向君来吸的时候，\n　真的好舒服呢……❤」%K%P
%LC杏奈
%LC杏奈
「それに、こーしたほうが、\n　おち○ぽ洗いやすくなるしっ……」%K%P
「而且这样的话，\n　更容易帮你洗肉棒哦……❤」%K%P
むくっと勃起してきたオレのペニスを、\n杏奈ちゃんが優しく握る。%K%P
杏奈酱温柔地握住我勃起的肉棒。%K%P
手つきはすっかり慣れたもので、\nオレの敏感な箇所を、余さず包み込んできた。%K%P
她的手法已经很熟练了，\n毫不留情地握住了我敏感的部位。%K%P
%LC杏奈
%LC杏奈
「おち○ぽ、今日も元気いっぱいっ……」%K%P
「嘿嘿~大肉棒，今天也很精神呢……❤」%K%P
%LC杏奈
%LC杏奈
「ねねっ、日向くんのおち○ぽのこと、\n　ヒナち○ぽって呼んでもいーい？」%K%P
「呐呐，既然是日向君的肉棒，\n　那我可以叫它"小日向"吗？」%K%P
%LC陽菜
%LC阳菜
「んっ……なに、急に」%K%P
「嗯……怎么，突然就」%K%P
%LC杏奈
%LC杏奈
「愛称つけたら、もっと可愛いかなって。\n　どう？　ヒナち○ぽ」%K%P
「起个爱称的话，听起来更可爱吧。\n　怎样？　小日向~」%K%P
%LC陽菜
%LC阳菜
「どうって言われても……。\n　いままで通り、普通でいいと思うけど」%K%P
「不管怎么说……\n　我觉得和以前一样，正常点就可以了」%K%P
%LC杏奈
%LC杏奈
「むぅ……。可愛いと思うんだけどなぁ……」%K%P
「姆姆……我觉得很可爱呀……」%K%P
ちょっと不満げに竿をしごく杏奈ちゃんは、\nそれから、股間をじーっと見つめて。%K%P
杏奈酱有点不满地撸着肉棒，\n然后一直盯着我的股间。%K%P
%LC杏奈
%LC杏奈
「なら、本人に聞いてみるね？」%K%P
「那么，还是问问它"本人"吧？」%K%P
%LC杏奈
%LC杏奈
「おち○ぽさん、おち○ぽさんっ。\n　ヒナち○ぽって呼び方、どうですかー？」%K%P
「大肉棒~大肉棒呀~\n　叫你"小日向"，意下如何呀—？」%K%P
%LC陽菜
%LC阳菜
「って、ちょっ、んんうッ……！？」%K%P
「额，等，唔咿咿呀……！？」%K%P
股間に向かって呼びかけながら、\nおもむろにペニスを撫で回す杏奈ちゃん。%K%P
杏奈酱对着我的股间低语着，\n慢慢地来回撸着肉棒。%K%P
湿った手のひらが亀頭の突端で滑ると、\nそれだけで腰がびくっと跳ねてしまう。%K%P
湿漉漉的手掌在龟头的最前端一滑，\n我的腰便猛地一挺。%K%P
%LC杏奈
%LC杏奈
「ほら。おち○ぽも、いいねって頷いてるよ？」%K%P
「你看。大肉棒也同意了，说着"可以呀"地点头了哦？」%K%P
%LC陽菜
%LC阳菜
「杏奈ちゃんが撫で回したからでしょっ」%K%P
「这是因为杏奈酱一直在撸的原因吧」%K%P
%LC杏奈
%LC杏奈
「なら、なでなでせずに聞いて、それでも頷いたら、\n　これからはヒナち○ぽって呼んでもいーい？」%K%P
「那么我不摸了，但如果它听着也"点头"的话，\n　从今以后我就叫它"小日向"，可以吗？」%K%P
%LC陽菜
%LC阳菜
「それなら、まあ……」%K%P
「这样的话，嘛……」%K%P
食い下がる杏奈ちゃんに負けて、思わず譲歩。%K%P
咬紧牙关吧，这可不能让步输给杏奈酱。%K%P
%LC杏奈
%LC杏奈
「よしっ、それじゃあ――」%K%P
「很好，那我就——」%K%P
%LC杏奈
%LC杏奈
「おち○ぽさん、おち○ぽさん\n　ヒナち○ぽって呼んでもいいですか？」%K%P
「大肉棒~大肉棒~❤\n　我可以叫你"小日向"吗？」%K%P
%LC杏奈
%LC杏奈
「ね？　いいよね？　ヒナち○ぽって呼んでも、\n　いーよねー？　……ふぅー」%K%P
「呐？　可以的吧？　叫你"小日向"，\n　可以的吧—？　……呼~❤」%K%P
%LC陽菜
%LC阳菜
「はッ……ぐッ、んんッ……」%K%P
「哈呜……咕~唔唔唔……」%K%P
――びくっ　びくびくっ%K%P
——跳动❤　跳动跳动❤~%K%P
%LC杏奈
%LC杏奈
「あっ……んふふっ　ほらほら、\n　撫でてないけど、びくってしたよ？」%K%P
「啊……嘻嘻~❤　你看你看，\n　我还没摸呢，它也跳了哦？」%K%P
%LC陽菜
%LC阳菜
「吐息とか反則だからっ」%K%P
「呼气已经犯规啦」%K%P
頭を抱き寄せて囁いてくるとか、\nそんなの、耐えられるはずがない。%K%P
抱着我的头低语着，\n这种事我怎么能忍得住呢。%K%P
%LC杏奈
%LC杏奈
「なでなでしないって約束は守ったでしょ？」%K%P
「我遵守了不摸它的约定吧？」%K%P
%LC陽菜
%LC阳菜
「そうだけど」%K%P
「确实是」%K%P
%LC杏奈
%LC杏奈
「それじゃあ今日から、このおち○ぽは、\n　ヒナち○ぽってことでっ」%K%P
「那么从今天开始，这个肉棒，\n　就叫"小日向"了哦❤」%K%P
%LC杏奈
%LC杏奈
「よろしくね、ヒナち○ぽちゃん。\n　今日も私が綺麗にしてあげるっ……」%K%P
「请多关照捏，小日向酱。\n　今天也要给你弄干净呢……❤」%K%P
%LC陽菜
%LC阳菜
「あっ、急に……はぐっ、はううッ」%K%P
「啊，突然就……啊呜~哈呜呜~」%K%P
にこにこしながら、しこしこしてくる杏奈ちゃん。%K%P
杏奈酱揉呀揉呀~搓呀搓呀~%K%P
いきなり手コキを再開するもんだから、\n無防備だった竿に、どばっと快感が流れ込んで。%K%P
因为突然重新开始手交，毫无防备的肉棒，\n一下子被快感涌入了。%K%P
咄嗟に堪えると、上体がぐっと前に傾いた。%K%P
我实在忍不住了，上身一下子向前倾了倾。%K%P
%LC杏奈
%LC杏奈
「ひゃうっ……　んもぉ、日向くんってば、\n　急に甘えてきたりしてぇ……」%K%P
「咿啊唔……❤　真是的，日向君啊，\n　突然就撒起娇来了……❤」%K%P
%LC杏奈
%LC杏奈
「焦らなくても、誰もこないんだし。\n　もっとじっくり、ちゅーしていいよ？」%K%P
「不用着急哦，谁也不会来的。\n　可以再慢慢地吸一会哦？」%K%P
%LC陽菜
%LC阳菜
「んっ……なら、お言葉に甘えて――」%K%P
「嗯……那么，恭敬不如从命了——」%K%P
%LC陽菜
%LC阳菜
「ちゅむむ、あむむ……れろ、れりゅる、\n　んむッ……ちゅぢぅっ、ぢゅぷるるっ」%K%P
「啾姆姆~阿姆姆……咧噜~咻噜噜~\n　嗯姆……啾啾~啾姆姆~啾噜噜~」%K%P
%LC杏奈
%LC杏奈
「ふいっ、んあうっ　やあっ、強いっ……\n　そんなに吸われたらイッちゃうっ……」%K%P
「哈咿❤　呀啊~太猛烈了……❤\n　这样子吸我要去了……❤」%K%P
%LC杏奈
%LC杏奈
「ただでさえ最近、日向くんに開発されて、\n　イキやすくなっちゃってるのにっ……」%K%P
「本来最，最近，就被日向君开发过了，\n　现在变得很容易去了……❤」%K%P
%LC陽菜
%LC阳菜
「けふっ……？！」%K%P
「咳呜……？！」%K%P
とんでもない発言に、思わず咽せる。%K%P
听了这逆天发言，我不由得呛了一下。%K%P
%LC陽菜
%LC阳菜
「いきなりなんてこと言うのっ」%K%P
「你突然，在说什么呢！」%K%P
%LC杏奈
%LC杏奈
「だって、ホントのことだし」%K%P
「因为，实话实说嘛」%K%P
%LC杏奈
%LC杏奈
「日向くんと一緒に暮らすようになって、\n　私、すっごく感じやすくなったんだよ？」%K%P
「和日向君一起生活后，\n　我变得很容易起性欲了哦？」%K%P
%LC陽菜
%LC阳菜
「オレのせいにしないの。\n　杏奈ちゃんはもとからえっちでしょ？」%K%P
「这哪能怪我呀。\n　是杏奈酱你本来就H吧？」%K%P
%LC杏奈
%LC杏奈
「それは否定できないけど……」%K%P
「这一点无法否认呢……」%K%P
%LC杏奈
%LC杏奈
「でも、おち○ぽ大好きになったのは、\n　間違いなく日向くんのせいだからね？」%K%P
「但是，我之所以喜欢上大肉棒，\n　肯定是因为日向君呢」%K%P
%LC杏奈
%LC杏奈
「勃起前の、ふにふにやわやわち○ぽとか、\n　ほんと、すっごく可愛いし……」%K%P
「勃起前的大肉棒，软绵绵的、弹弹的，\n　真的非常可爱……❤」%K%P
%LC杏奈
%LC杏奈
「おっきくなったらなったで、ぷっくり亀頭から、\n　とろとろカウパー垂らしちゃうし……」%K%P
「每次勃起一跳一跳时，龟头那里，\n　总会滴下来让我垂涎欲滴的东西呢……❤」%K%P
%LC杏奈
%LC杏奈
「ほんと、ヒナち○ぽ可愛い、大好き……っ」%K%P
「真的，小阳菜好可爱，最喜欢了……❤」%K%P
%LC陽菜
%LC阳菜
「あっ、そこっ……んぐっ、んぅうッ」%K%P
「啊~这里……嗯咕~嗯唔唔~~」%K%P
カリ首を執拗にくすぐられ、尿道口がひくつく。%K%P
她执拗地挠着龟头，搞得我尿道口一阵痉挛。%K%P
一点集中の快感でたまらず腰が震えると、\n杏奈ちゃんは、そんなオレをじっと見つめた。%K%P
专注于一点的快感让我腰部颤抖着，\n而杏奈酱，目不转睛地盯着我。%K%P
%LC杏奈
%LC杏奈
「ヒナち○ぽもだけど、\n　感じてる日向くんは、もっともっと好き」%K%P
「我虽然喜欢小日向，\n　但感觉我更~更~更~喜欢日向君呢」%K%P
%LC杏奈
%LC杏奈
「とくに、イクときの声と顔は……んうぅ、\n　思い出すだけで……はぁ、あぁ、ああっ……」%K%P
「特别是，高潮时的声音和表情……嗯呜呜~\n　只是想起来就……哈啊~啊啊~啊啊啊……❤」%K%P
うっとり呟く杏奈ちゃんの手のひらが、\n少しずつペースをあげていく。%K%P
杏奈酱出神地嘟囔着，\n手交的速度一点点地加快。%K%P
染み出るカウパーを塗りたくるように、\n亀頭ばかりを丹念に、くるんくるんと撫で回す。%K%P
就像想抹去污渍一样，\n仔细地来回抚摩龟头。%K%P
%LC杏奈
%LC杏奈
「どう？　亀頭なでなで、気持ちいい？\n　ヒナち○ぽ、とろけちゃいそう？」%K%P
「怎样？　这样抚摸龟头，舒服嘛？\n　小日向它，好像要融化了哦？」%K%P
%LC陽菜
%LC阳菜
「うんっ……これ、とろけそうっ……」%K%P
「嗯……这个，要融化了……」%K%P
半ば実力行使で分からされた感じだけど、\n実際に気持ちいいから逆らえない。%K%P
有种半推半就的感觉，不过，\n因为太舒服了，我没法违抗。%K%P
腰はひくひく震えるし、口もだらしなく開いて、\nだんだん力が入らなくなってきた。%K%P
腰不停地在颤抖，嘴巴也在一张一合的吸着，\n我渐渐使不上劲了。%K%P
%LC杏奈
%LC杏奈
「日向くん？　お口、お留守だよ？\n　おっぱいちゅーちゅーしなくていいの？」%K%P
「日向君？　嘴巴，没在吸了哦？\n　不喜欢吸我的胸嘛？」%K%P
%LC陽菜
%LC阳菜
「あっ……んむっ、ちゅっ……れるるっ」%K%P
「啊……嗯姆~啾……咧噜噜」%K%P
%LC杏奈
%LC杏奈
「んぅうぅッ……　はぅ……あぁ、んぅんっ\n　舐め方、さっきよりもやらしいっ……」%K%P
「嗯唔唔唔……❤　哈啊……啊啊~嗯嗯~❤\n　舔得比刚才还厉害了……❤」%K%P
%LC杏奈
%LC杏奈
「余裕なくなってきたっぽいし、\n　そろそろ、射精したくなってきちゃった？」%K%P
「好像不够时间了呢，\n　差不多，想射精了对吧？」%K%P
%LC陽菜
%LC阳菜
「んっ……あと、ちょっとっ……」%K%P
「嗯……那个，等一下……」%K%P
手コキ開始からあまり時間は経ってないけど、\n精巣は着々と発射準備を進めていく。%K%P
手交到现在还没过多久，\n精巢就已经在有条不紊地为射精做准备了。%K%P
%LC杏奈
%LC杏奈
「たっぷり出して欲しいけど、\n　出し過ぎちゃうのもだめだよ？」%K%P
「虽然想要你多射点，\n　但也不能射太多哦？」%K%P
%LC杏奈
%LC杏奈
「あとでおま○こに{膣内射精:なかだし}する分、\n　ちゃんと残しておいてね？」%K%P
「之后还要在{阴道里射精:内射}呢，\n　要好好留出来一部分捏？」%K%P
杏奈ちゃんとのエッチは、\n１回出して終わりってことが、まずない。%K%P
和杏奈酱做爱，\n不可能1次就结束的。%K%P
最低でも２回。多いときだと、一晩で二桁。%K%P
最少也要2次。多的时候，一晚上都有两位数。%K%P
そんなペースがずっと続いた結果、\nオレの身体は、だんだんと順応していって。%K%P
这样的节奏持续了很久，\n结果我的身体竟然渐渐适应了。%K%P
今では１度射精したくらいじゃ萎えたりしない、\nまったくもって欲張りなち○ぽになってしまった。%K%P
现在只射精1次不会萎缩，\n完全变成了贪婪的肉棒呢。%K%P
%LC陽菜
%LC阳菜
「残しておいてほしいなら、オレがイッてる間、\n　しこしこしちゃダメだよ？」%K%P
「想让我留下来一部分的话，那在我去的时候，\n　你可不能接着撸哦？」%K%P
%LC陽菜
%LC阳菜
「あれやられると、気持ち良すぎて、\n　おかしくなっちゃうんだから」%K%P
「要是被这么玩弄，心情过好的话，\n　我会变得很奇怪的」%K%P
%LC杏奈
%LC杏奈
「わかってはいるんだけど……。\n　連続でイクとこ見るの、好きなんだもん」%K%P
「虽然我知道的啦……\n　但我喜欢看你的连续高潮哦~」%K%P
%LC陽菜
%LC阳菜
「もぅ……」%K%P
「真是的……」%K%P
%LC杏奈
%LC杏奈
「だから、先にお詫び。私のおっぱい、\n　好きなだけちゅーちゅーしていいよ？」%K%P
「所以，作为"预支"的道歉。我的胸部，\n　你想怎么吸就怎么吸哦？」%K%P
%LC杏奈
%LC杏奈
「乳首がふやけちゃうぐらい、\n　たっぷり、ちゅーちゅー　って――」%K%P
「乳头都鼓起来了呢，\n　好好的，啾啾地吸着吧❤——」%K%P
%LC陽菜
%LC阳菜
「ちゅぷぷ、んぐっ……じゅぷぷぷっ」%K%P
「啾噗噗~嗯咕……啾姆姆姆~~」%K%P
%LC杏奈
%LC杏奈
「くああァ　はうっ、ふうっ、はぁぁんっ\n　ちゅーちゅー日向くん、可愛いっ……」%K%P
「咕啊啊啊❤　哈呜~呼啊~哈啊啊~❤\n　啾啾吸着的日向君，好可爱……❤」%K%P
当てつけるように乳首を強く舌でねぶると、\n杏奈ちゃんが嬉しそうに背を逸らす。%K%P
我用舌头用力舔了舔她的乳头，\n杏奈酱舒服地贴近了身子。%K%P
瞬間、ぷるんっと乳房が弾んで。%K%P
瞬间，她的乳房弹了一下。%K%P
気付いた時には、目の前の柔らかな膨らみに、\n顔面から突っ込むようにして顔をうずめていた。%K%P
当我回过神来的时候，\n自己的脸已经埋在了眼前柔软肉山里。%K%P
%LC杏奈
%LC杏奈
「おっぱいに、顔、ぐりぐりって……んふっ、\n　まるで、お腹を空かせてる赤ちゃんみたい……」%K%P
「胸部，和脸，蹭呀蹭的……嗯哼~\n　简直就像饿着肚子的婴儿一样呢……」%K%P
%LC杏奈
%LC杏奈
「もっとも、いまミルクが欲しいのは、\n　私のほうなんだけどっ……」%K%P
「不过呢，现在想要牛奶的人，\n　好像是我呢……❤」%K%P
%LC杏奈
%LC杏奈
「特濃ミルクが出るように……先っぽいっぱい、\n　なーで、なーで……いいこ、いいこっ」%K%P
「射出来的特浓牛奶……像以前一样多多的，\n　摸呀~摸呀……好孩子~好孩子~❤」%K%P
頭と亀頭、二箇所を同時に撫でながら、\n杏奈ちゃんはペニスを射精へ導いていく。%K%P
杏奈酱同时抚摸着我的头和龟头，\n引导着我的肉棒射精。%K%P
抱っこされた体勢も相まって力がほどよく抜けると、\n彼女の手は、さらに優しくペニスを追い詰めた。%K%P
力道适当地放松后，她继续抱着我，\n她的手更加温柔地握着肉棒。%K%P
%LC杏奈
%LC杏奈
「にぎにぎ、しこしこっ……\n　にぃぎにぃぎ……しこしこしこっ」%K%P
「揉呀揉呀~撸呀撸呀……❤\n　揉呀~揉呀……撸呀撸呀撸呀~~❤」%K%P
%LC陽菜
%LC阳菜
「はうっ……急に、早くっ……」%K%P
「哈呜……突然就，好快……」%K%P
%LC杏奈
%LC杏奈
「ふふっ、もっと早くしちゃうよ？　\n　しこしこ、しこしこ、しこしこしこっ」%K%P
「呼呼~再加快点速度哦？　\n　撸呀撸呀~撸呀撸呀~撸呀撸呀撸呀~❤」%K%P
%LC陽菜
%LC阳菜
「ああっ、それだめ、よすぎっ……！」%K%P
「啊啊~这样不行，太快了……！」%K%P
手コキがぐんぐん加速すると、\n脈打つペニスの突端に、快感が集まって――、%K%P
手交"咚咚"地加速起来了，\n快感慢慢集中在肉棒的顶端——%K%P
%LC陽菜
%LC阳菜
「杏奈ちゃん、出るっ、イッちゃうっ……！」%K%P
「杏奈酱~出来惹~我要去了……！」%K%P
%LC杏奈
%LC杏奈
「いいよ、このまま出してっ？\n　ヒナち○ぽミルク、いっぱい出そっ？」%K%P
「可以哦，就这样射出来吧？\n　小日向的牛奶，满满地射出来吧」%K%P
%LC杏奈
%LC杏奈
「このまま一気に、びゅびゅーって――、\n　出して出してっ、出して出して出して出してっ」%K%P
「就这样一鼓作气，biubiu的——\n　射出来射出来~射出来射出来射出来射出来~❤」%K%P
%LC陽菜
%LC阳菜
「ああっ、いくッ……はぐッ、んんんぅううッ！」%K%P
「啊啊，去了……哈咕~嗯嗯嗯唔唔唔！」%K%P
%LC杏奈
%LC杏奈
「あああぁ……　精子、びゅびゅーって……、\n　ほら、すごいよ？　噴水みたいっ……」%K%P
「啊啊啊啊……❤　精子，biubiu的……\n　你看，很棒吧？　像喷水一样呢……❤」%K%P
噴き出す精子をうっとり眺めたのも束の間、\n杏奈ちゃんの手が再び動く。%K%P
我出神地望着喷出的精子，但是那一瞬间，\n杏奈酱的手又动了起来。%K%P
やっぱり我慢できなかったんだ、なんて思いつつ、\n出来るだけ耐えようと、竿に力を込めた直後。%K%P
果然还是忍不住了嘛，我一边想着，\n一边尽可能地忍耐着，但就在肉棒用力的时候。%K%P
杏奈ちゃんの手は、するするっと、\nペニスの根元の、さらにその下へと伸びる。%K%P
杏奈酱的手，\n飞快地伸向肉棒的根部。%K%P
%LC陽菜
%LC阳菜
「えっ……？　な、なんで、そっち？」%K%P
「诶……？　为，为什么，握这里？」%K%P
彼女が握ってきたのは、\n精子を送り出したばかりの玉袋だった。%K%P
她握着的，是刚把精子送出去的睾丸。%K%P
%LC杏奈
%LC杏奈
「イクとき、ぶるぶるしてるのが見えて……。\n　それで、なでなでしたくなっちゃった」%K%P
「你去的时候，就看见这里在摇晃了……\n　于是，我也想抚摸下它呢」%K%P
%LC陽菜
%LC阳菜
「わっ、わっ、わわッ……」%K%P
「哇，哇，哇啊啊……」%K%P
陰嚢をそっと持ち上げた杏奈ちゃんは、\n赤ちゃんをあやすように、優しく揺さぶる。%K%P
杏奈酱轻轻握起睾丸袋，\n像哄婴儿一样，温柔地摇晃着。%K%P
玉袋の中で睾丸がころころ転がると、\nすぐ近くのお尻の穴が、ひゅんと引き締まった。%K%P
睾丸在袋子里滚来滚去的，\n紧挨着的菊花一下子绷紧了。%K%P
%LC杏奈
%LC杏奈
「……思ったより、ずしっとしてる。\n　まだまだ中に、精子が入ってる感じ……」%K%P
「……比想象中的，还要安静呢。\n　感觉里面还有精子哦……❤」%K%P
%LC陽菜
%LC阳菜
「前にも言ったけど、そこは――」%K%P
「之前也说过了呀，这里是——」%K%P
%LC杏奈
%LC杏奈
「男の子の急所、でしょ？　覚えてるよ」%K%P
「男孩子的要害，对吧？　我记得的哦」%K%P
%LC杏奈
%LC杏奈
「でも、私もあの頃よりは上手になってるし……。\n　いまなら、気持ち良くしてあげられると思う」%K%P
「不过，我的手法现在比那时候更熟练了……\n　现在的话，应该可以让你心情舒畅吧」%K%P
%LC杏奈
%LC杏奈
「だから、ちょっとだけ……さわってもいい？」%K%P
「所以，只需要用点力……这样摸可以嘛？」%K%P
%LC陽菜
%LC阳菜
「いいよ、杏奈の好きにして」%K%P
「可以哦，按杏奈喜欢的来」%K%P
%LC杏奈
%LC杏奈
「んッ……もぅ、相変わらずさらっと言うしっ。\n　ドキドキしちゃうってば、この、このこのっ」%K%P
「嗯……真是的，突然说的这么率直。\n　我都心动起来了，你真的是，真的真的——」%K%P
%LC陽菜
%LC阳菜
「んにゃあっ？！　やふッ、あうぅうッ」%K%P
「喵呜呜呜？！　呀呜~啊呜呜呜~~」%K%P
拗ねた彼女の手の上で、お手玉のように弾む玉袋。%K%P
在闹别扭的她手上，睾丸像弹珠一样弹跳着。%K%P
けど、上手になったという言葉は伊達じゃなく、\n揉むような愛撫は、痺れるぐらい心地いい。%K%P
不过，"手法更熟练了"并不是开玩笑，\n她的揉搓和爱抚，让我感觉舒服得几乎麻痹了。%K%P
%LC杏奈
%LC杏奈
「どう？　玉袋、気持ちいい？」%K%P
「怎样？　睾丸舒服嘛？」%K%P
%LC陽菜
%LC阳菜
「んっ、ヤバいかも……。腰、砕けそうっ……」%K%P
「嗯，糟糕了呀……腰要动断了……」%K%P
弱みや主導権は『握る』っていうけど、\nいままさに、どちらも彼女の手の中で。%K%P
俗话说要『掌握』弱点和主导权，\n现在无论哪一个，都掌握在她的手中了。%K%P
スリルと興奮が、さらに竿を固くする。%K%P
刺激和兴奋，让我的肉棒变得更加硬了。%K%P
%LC杏奈
%LC杏奈
「いま私がぎゅーってしたら、\n　日向くん、ホントに女の子になっちゃうね」%K%P
「现在我要是"啾"的握碎了的话，\n　日向君，就真的变成女孩子了呢」%K%P
%LC陽菜
%LC阳菜
%XS21「怖いこと言わないのっ」%XE%K%P
%XS21「不要说这么可怕的话啦」%XE%K%P
%LC杏奈
%LC杏奈
「くすっ、冗談だよ、冗談。\n　そんなこと絶対にしないもん」%K%P
「嘻嘻~开玩笑啦开玩笑~\n　我绝对不会做这种事的」%K%P
%LC杏奈
%LC杏奈
「日向くんは、おち○ぽあってこそだし」%K%P
「正因为有了这肉棒，才能是日向君呀」%K%P
%LC杏奈
%LC杏奈
「可愛いとこも、格好いいとこも、強いとこも。\n　イキ顔も、声も、おち○ぽも、精子も――」%K%P
「可爱的地方呀、帅气的地方呀、坚强的地方呀，\n　以及高潮的脸、声音、肉棒，还有精子——」%K%P
%LC杏奈
%LC杏奈
「ぜんぶぜーんぶ、だぁい好きっ……」%K%P
「全部全~~~部，最~~喜欢了……❤」%K%P
%LC陽菜
%LC阳菜
「んぐっ……あっ、あ、ああああッ……」%K%P
「嗯咕……啊，啊~啊啊啊啊……」%K%P
愛しさをたっぷり詰め込んだ手のひらが、\n陰嚢をこねるように揉みほぐす。%K%P
她充满爱意的手，\n揉捏一般地揉着睾丸。%K%P
睾丸と指が擦れるたびに切なさが募って、\nそれが、すぐ上にあるペニスへと流れ込んで。%K%P
每当睾丸和手指摩擦，痛感就会变得强烈，\n然后流到肉棒上。%K%P
しゃくるように跳ねたペニスの先からは、\nさっきの精子とカウパーが、じわっと滲む。%K%P
刚刚的精子，连同先走汁，\n从弹跳着的肉棒前端慢慢渗了出来。%K%P
%LC杏奈
%LC杏奈
「さわってないのに、おち○ぽ、びくって……。\n　これ、カウントダウン始まってるの？」%K%P
「明明没碰呢，大肉棒，还在跳……\n　已经开始射精倒计时了？」%K%P
%LC陽菜
%LC阳菜
「というか、いつでもイケそうっ……」%K%P
「应该说，随时都可以去吧……」%K%P
%LC陽菜
%LC阳菜
「ただ、直接ち○ぽに刺激がないと、\n　一線を越えないっていうか、もどかしくて」%K%P
「但是，肉棒没有直接受到刺激的话，\n　就无法越过那条线，真是令人焦急」%K%P
どんなときでも、射精を引き寄せるトリガーは、\nペニス自身への快感が基本だった。%K%P
无论什么时候，引起射精的触发要素，\n基本是肉棒自身得到的快感。%K%P
それがないと、どうにも切っ掛けが掴めない。%K%P
没有那种快感的话，就怎么也达不到"目标"。%K%P
%LC杏奈
%LC杏奈
「なら、このまま私が、\n　玉袋を揉み揉みしてあげる」%K%P
「那么，我还是继续揉揉你的睾丸吧」%K%P
%LC杏奈
%LC杏奈
「だから日向くんは、\n　自分でおち○ぽさわっちゃダメだよ？」%K%P
「所以日向君，\n　你可不能自己动手撸哦？」%K%P
%LC杏奈
%LC杏奈
「私ね、たまーにだけど、\n　さわらずにイッちゃうことがあって……」%K%P
「我呢，曾经也有一次，\n　没有直接触摸就高潮的经历……」%K%P
%LC杏奈
%LC杏奈
「それがね、もう、すっごく気持ちいいの」%K%P
「那一次呢，真的非常舒服哦」%K%P
%LC杏奈
%LC杏奈
「あの快感を、日向くんにも、\n　味わって欲しいから――」%K%P
「我希望日向君，\n　也能体会那种快感啦——」%K%P
%LC杏奈
%LC杏奈
「たっぷたぷのたまたまを……私の指で、\n　くに、くに……もみ、もみ……」%K%P
「让你噗撸噗撸地爽起来……用我的手指，\n　扣呀~扣呀……戳呀~戳呀……❤」%K%P
%LC陽菜
%LC阳菜
「あっ……はうっ、はあっ、くぅうッ」%K%P
「啊啊……哈啊~哈啊~咕呜呜~」%K%P
囁く声の妖艶さが増すと、\n玉袋を揉む手つきも、ぐっとやらしくなって。%K%P
她低语的声音更加妖艳了，\n揉睾丸的动作也更加出色。%K%P
まるで焦らしプレイのように、\nもどかしさばかりが募って、腰が震え出す。%K%P
就像玩着忍耐play一样，\n我只能感到焦躁，腰都开始颤抖了。%K%P
%LC陽菜
%LC阳菜
「杏奈ちゃん、それ、だめっ……。\n　ち○ぽ、おかしくなりそうっ……」%K%P
「杏奈酱，这样子，不行的……\n　肉棒，快要变奇怪了……」%K%P
%LC杏奈
%LC杏奈
「もうちょっとだけ我慢して。\n　我慢した分、ぜったい気持ちいいから」%K%P
「再忍耐一下呢。\n　忍耐完之后，绝对会很舒服啦」%K%P
%LC杏奈
%LC杏奈
「たぶん、あともう、少しで……」%K%P
「大概，再过一会儿……」%K%P
%LC杏奈
%LC杏奈
「……ほら、おしっこの穴、見て。\n　いまにも出そうだよ？　日向くんの精子」%K%P
「……你看，你的尿道口，看到了。\n　马上就会射出来哦，日向君的精子」%K%P
%LC陽菜
%LC阳菜
「あっ、あぁ、ああああッ……」%K%P
「啊，啊啊~啊啊啊啊……」%K%P
絶え間ない睾丸への刺激で、\n精巣は限界を迎え、いよいよ決壊して。%K%P
她持续不断地刺激睾丸，\n睾丸终于迎来了极限，彻底崩溃了。%K%P
そこに満ちていた快感が\n尿道口に向かって殺到――って、%K%P
那里累积的、满到溢出的快感，\n涌向了尿道口——%K%P
%LC陽菜
%LC阳菜
「だめ、これ、ほんと……あぁあッ」%K%P
「不行，这个真的……啊~啊啊啊~」%K%P
%LC杏奈
%LC杏奈
「大丈夫、すっごく気持ちいいから。\n　逆らわずに、そのまま、どぴゅってしよ？」%K%P
「没关系，这可是非常舒服的啦。\n　不要反抗它，就这样射出来吧？」%K%P
%LC杏奈
%LC杏奈
「濃いのいっぱい、どぴゅぅーって……ねっ？\n　ヒナち○ぽミルク、どぴゅどぴゅーって……」%K%P
「浓浓的满满的，biubiu地……呐？\n　小日向的牛奶，biubiu地射……❤」%K%P
%LC陽菜
%LC阳菜
「んぅっ、あ、いく、いぐっ……ふうッ、\n　ああっ、あっ、あああああああぁあああッ！」%K%P
「嗯额，啊~去了，去了……呜呜~\n　啊啊~啊~啊啊啊啊啊啊啊啊啊啊啊啊啊！」%K%P
%LC陽菜
%LC阳菜
「くあっ、あっ……はあっ、ああっ、\n　やっ、はっ、ああっ、ああっ、ああああっ」%K%P
「咕啊，哈啊……哈啊~啊啊~\n　呀，哈~啊啊~啊啊~啊啊啊啊~~」%K%P
一瞬だけど、たぶん、意識が飛んだ。%K%P
只是一瞬间，我的意识飞了。%K%P
どばっと溢れ出したザーメンみたいに、\n視界が真っ白になって、腰も砕けて。%K%P
随着"扑通"一声溢出来的精液，\n我的眼前一片空白，腰也动碎了。%K%P
それでもオレのペニスは、間歇泉みたいに、\nびゅ、びゅびゅって、精子を出し続けて。%K%P
尽管如此，我的肉棒像间歇泉一样，\nbiu~biubiu地射出精子。%K%P
気持ち良すぎて悶えるしかないオレを、\n杏奈ちゃんは聖母のように抱いていてくれた。%K%P
实在是太舒服了，我慢慢挣扎着，\n而杏奈酱像圣母一样抱着我。%K%P
%LC陽菜
%LC阳菜
「はぁ、ふぅ……いまの、ヤバかった……」%K%P
「哈啊~呼……刚刚的，太糟糕了啊……」%K%P
%LC杏奈
%LC杏奈
「ヤバいぐらい気持ち良かった？」%K%P
「说着糟糕，其实很舒服吧？」%K%P
%LC陽菜
%LC阳菜
「よすぎて出し切っちゃったかも……」%K%P
「也许太舒服了，已经射尽了……」%K%P
%LC杏奈
%LC杏奈
「でも、日向くんのおち○ぽだもん。\n　ちょっと休めば、元気になるでしょ？」%K%P
「但是，日向君的大肉棒的话，\n　稍微休息一下就会有精神的吧？」%K%P
%LC陽菜
%LC阳菜
「さすがに、今回は自信ないかも……」%K%P
「果然，这次没啥"自信"了哦……」%K%P
射精って、回数じゃなく濃さだと思う。%K%P
射精不在于次数，而在于浓度。%K%P
とくにさっきのような焦らされた１回って、\n気持ち良さに比例して、倦怠感も半端ない。%K%P
特别是像刚才那样射了那么浓的1发，\n与舒畅成正比的倦怠感，已经很大了。%K%P
%LC陽菜
%LC阳菜
「とにかく、湯船に――」%K%P
「感觉，要"沉船"了——」\n（沉船：在浴池里泡久了，会昏过去的）%K%P
立ち上がろうとしたけど、\n見事に力が入らない。%K%P
我想要站起来，\n却完全使不上劲。%K%P
%LC杏奈
%LC杏奈
「無理して転ぶと危ないよ。\n　とりあえず、少し横になったら？」%K%P
「勉强自己后摔倒很危险哦。\n　总之先躺一会儿吧？」%K%P
%LC陽菜
%LC阳菜
「そんなこと言って。\n　乗っかりたいんでしょ？」%K%P
「你说出这种话，\n　只想上垒吧？」%K%P
%LC杏奈
%LC杏奈
「うんっ」%K%P
「嗯❤」%K%P
というわけで、横になったわけだけど――、%K%P
于是乎，我躺了下来——%K%P
%LC杏奈
%LC杏奈
「うわ、すごい……\n　日向くんの、ぷっくり勃ってる……」%K%P
「呜哇，好厉害……❤\n　日向君的，好好地勃起来了……❤」%K%P
%LC陽菜
%LC阳菜
「勃ってるって、そんなはず――」%K%P
「勃起不是很正常嘛——」%K%P
%LC杏奈
%LC杏奈
「おち○ぽじゃなくて、乳首のこと」%K%P
「不是说肉棒，而是乳头哦」%K%P
%LC杏奈
%LC杏奈
「ほら、ね？　日向くんの乳首、ぷくって」%K%P
「你看，呐？　日向君的乳头，勃起了」%K%P
%LC陽菜
%LC阳菜
「って、こらっ、なにしてるのっ」%K%P
「额，不是，你干什么呢」%K%P
言われて胸元を見れば、杏奈ちゃんの指が、\nオレの乳首をしっかりと捉えていた。%K%P
听了杏奈酱的话，我看了看胸口，\n只见她的手指紧紧捏住了我的乳头。%K%P
%LC杏奈
%LC杏奈
「たっぷり吸ってくれたお礼に、\n　日向くんの乳首、気持ちよくしようかなって」%K%P
「作为你吸了这么久的回礼，\n　我想好好地让日向君的乳头舒服起来呢」%K%P
%LC陽菜
%LC阳菜
「しなくていいから」%K%P
「不用回礼也可以啦」%K%P
%LC杏奈
%LC杏奈
「でも、きっと気持ちいいよ？\n　私、乳首いじるの慣れてるから」%K%P
「但是，会很舒服的哦？\n　我揉乳头已经很熟练了」%K%P
%LC陽菜
%LC阳菜
「慣れてるって……」%K%P
「很熟练了……」%K%P
%LC杏奈
%LC杏奈
「感じやすいし、気持ちよくって。\n　一人でするときは、いつも自分で……ね？」%K%P
「感觉非常好、非常舒服哦。\n　之前一个人的时候，总是自己在做……呐？」%K%P
オレの胸を確かめるように撫でながら、\n杏奈ちゃんがくすっと笑う。%K%P
杏奈酱像是在确认似的摸着我的胸部，\n一边轻抚着，一边扑哧一笑。%K%P
%LC杏奈
%LC杏奈
「そういう意味では日向くんだって、\n　おち○ぽの扱い、慣れてるでしょ？」%K%P
「从这个意义上来说，\n　日向君也习惯了所谓的手冲吧？」%K%P
%LC陽菜
%LC阳菜
「誤解を招く言い方しないのっ」%K%P
「不要说令人误解的话啊」%K%P
言わんとすることはわかるけど、\nもう少し表現を選んでほしい。%K%P
我知道她想说什么，\n但希望她能换个表达方式。%K%P
けど、杏奈ちゃんって自分でするとき、\nおっぱい弄るんだ……。%K%P
不过，杏奈酱自己做的时候，\n会玩自己的胸部啊……%K%P
%LC杏奈
%LC杏奈
「私ね、日向くんの胸、\n　実はすっごい好きなんだよ」%K%P
「我呢，其实很喜欢日向君的胸哦」%K%P
%LC陽菜
%LC阳菜
「男の胸板としてってこと？」%K%P
「喜欢男人的"钢板"？」%K%P
%LC杏奈
%LC杏奈
「それも、あるけど。\n　おっぱいとして見ても、可愛いなって」%K%P
「这部分也是有的啦。\n　但你的大胸，很可爱呢」%K%P
%LC陽菜
%LC阳菜
「……は？」%K%P
「……哈？」%K%P
%LC杏奈
%LC杏奈
「だから、おっぱい。\n　陽菜ちゃんの、おっぱい」%K%P
「所以我说，大胸。\n　阳菜酱的大胸」%K%P
%LC杏奈
%LC杏奈
「とくに乳首は、ちっちゃっくて……。\n　いじりがいがありそうだなぁって……」%K%P
「尤其乳头，啾啾的……\n　好像有点想玩弄了呢……❤」%K%P
%LC杏奈
%LC杏奈
「でも、日向くんっていっつも、\n　乳首さわろうとすると逃げちゃうし」%K%P
「但是，日向君总是这样，\n　我一想摸乳头就会逃开」%K%P
%LC陽菜
%LC陽菜
「そっ、そうだったカナ……？」%K%P
「是，是这样吗……？」%K%P
%LC杏奈
%LC杏奈
「そうだよー。さわろうとしても、\n　くすぐったいからダメとか言って」%K%P
「是的哦——就算我想闹，\n　你也说痒痒的不行」%K%P
%LC杏奈
%LC杏奈
「でも……この状況なら、\n　さすがに逃げられないと思うし――」%K%P
「不过……这种状态下，\n　我想你是逃不掉了呢——」%K%P
%LC杏奈
%LC杏奈
「えいっ」%K%P
「嘿❤！」%K%P
%LC陽菜
%LC阳菜
「みゃふぅっ」%K%P
「喵呜❤~」%K%P
不意打ち同然に乳首を摘ままれて、\n自分でもわかるぐらい変な声が漏れた。%K%P
突然被人掐住乳头，\n我发出连自己都觉得奇怪的声音。%K%P
%LC陽菜
%LC阳菜
「ちょっ、杏奈ちゃんっ……！」%K%P
「等，杏奈酱……！」%K%P
%LC杏奈
%LC杏奈
「なぁに？　可愛い声を出しちゃった日向くん？」%K%P
「什~么~？　发出可爱声音的日向君？」%K%P
%LC陽菜
%LC阳菜
「うぐぐっ……」%K%P
「咕奴奴……」%K%P
文字通りマウントをとった状態で、\n悪戯っぽい笑みを浮かべる杏奈ちゃん。%K%P
杏奈酱字面意思地骑在我身上，\n露出了恶作剧的笑容。%K%P
その指が、オレの乳首の突端に触れてくる。%K%P
她的手指，碰到了我的乳头。%K%P
%LC杏奈
%LC杏奈
「おち○ぽがはやく元気になるように、\n　乳首、たっぷりいじってあげるねっ？」%K%P
「为了肉棒能快点精神起来。\n　乳头，我要开始摸了哦？」%K%P
%LC杏奈
%LC杏奈
「まずは、先っぽだけを集中して、\n　指のお腹で、こすこす、なでなでっ……」%K%P
「首先，集中力量在乳尖，\n　像这样用指腹，点呀点呀~按呀按呀……❤」%K%P
%LC陽菜
%LC阳菜
「くっ……は、んんっ」%K%P
「咕呜……哈呜~咿嗯~~」%K%P
%LC杏奈
%LC杏奈
「声、我慢しちゃだーめ。\n　出した方が気持ちいいよ？」%K%P
「声音，不要忍~着~哦。\n　叫出来比较舒服哦？」%K%P
%LC陽菜
%LC阳菜
「これは、くすぐったいだけ、でっ、\n　べつに、感じてる、わけ、じゃっ……」%K%P
「我这只是，很痒而已，额~\n　没有，别的感觉……啊……」%K%P
%LC杏奈
%LC杏奈
「なら、ホントにくすぐってあげる。\n　こしょこしょ、こしょこしょこしょっ」%K%P
「那么，我动点真格了哦。\n　挠啊挠啊~挠啊挠啊挠啊~❤」%K%P
%LC陽菜
%LC阳菜
「あ、だめっ……ひぐっ、ぐっ、あぅあっ」%K%P
「啊啊~不行……咿呜~咕~啊呜啊~~」%K%P
絶妙なフェザータッチに、思わずのけぞる。%K%P
绝妙的如同羽毛扫过的触感，让我不禁打起退堂鼓。%K%P
得意と豪語するだけあって、本当に上手い。%K%P
难怪她会这么得意地自夸，是真的很厉害。%K%P
%LC杏奈
%LC杏奈
「くすっ　乳首、どんどん固くなって、\n　おマメさんみたいになってる……」%K%P
「嘻嘻❤　乳头，越来越硬了呢，\n　变得像豆子一样了……❤」%K%P
%LC杏奈
%LC杏奈
「やっぱり日向くんって、\n　乳首、感じやすかったんだね？」%K%P
「果然啊日向君，\n　你的乳头很敏感对吧？」%K%P
%LC陽菜
%LC阳菜
「なっ、なに、やっぱりってっ……」%K%P
「什，什么啊，"果然"什么的……」%K%P
%LC杏奈
%LC杏奈
「エッチのとき、日向くんの乳首、\n　いっつも勃ってたから」%K%P
「做爱的时候，日向君的乳头，总是勃起来的」%K%P
%LC杏奈
%LC杏奈
「それで、もしかしたら弱いのかなって」%K%P
「这样看来，这里不就是很弱嘛」%K%P
%LC杏奈
%LC杏奈
「というわけで……今度はちょっと強めに、\n　指で、くにくにぃ……っと」%K%P
「所以呀……这次稍微加强一点，\n　手指这样……转呀转呀……」%K%P
%LC陽菜
%LC阳菜
「はぐっ……やっ、んうっ……」%K%P
「哈呜……呀~喵……」%K%P
杏奈ちゃんの指につままれた乳首が、\n声にあわせて、優しく転がされていく。%K%P
被杏奈酱手指按住的乳头，\n随着她的话音，被温柔地滚动着。%K%P
無理に堪えようとすればするほど、\n結んだ唇の隙間から、声が漏れてしまう。%K%P
越是让自己使劲忍耐，\n声音就越是会从紧闭的嘴唇间发出来。%K%P
ヤバい。なんか、どんどん気持ちよくなる。%K%P
糟糕。总觉得心情越来越舒畅了。%K%P
杏奈ちゃんが上手いのもあるけど、\n乳首を弄られてる状況に、ドキドキしてる。%K%P
杏奈酱做的十分熟练，主要是，\n这种被玩弄乳头的状况，让我心跳加速。%K%P
%LC杏奈
%LC杏奈
「日向くんの心臓、ドキドキしてる」%K%P
「日向君的心脏，怦怦直跳呢」%K%P
%LC陽菜
%LC阳菜
「だって、こんなの始めてだしっ……」%K%P
「因为，这是我第一次啊……」%K%P
%LC杏奈
%LC杏奈
「私も。すごく、ドキドキしてきちゃった」%K%P
「我也是。感觉非常的激动呢」%K%P
%LC杏奈
%LC杏奈
「なんか、女の子とエッチしてるみたい」%K%P
「就好像，在和女孩子做爱一样」%K%P
%LC陽菜
%LC阳菜
「なっ……なに言ってるのっ。\n　ち○ぽの上にまたがっておいてっ」%K%P
「说……说什么呢你。\n　你可是坐在我肉棒上面啊」%K%P
%LC杏奈
%LC杏奈
「そのおち○ぽも、お休み中だし。\n　こうして、すりすりしても……ほら、ね？」%K%P
「这个肉棒还在休息中嘛。\n　像这样，一颤一颤的呢……你看，呐？」%K%P
杏奈ちゃんが膣口を押し当てても、\nペニスは無反応で、横になったまま。%K%P
杏奈酱用阴道口抵住肉棒，\n肉棒没有任何反应，就这样躺着。%K%P
いつもなら、今ので飛び起きただろうけど……、\nさっきの射精はよっぽど堪えたらしい。%K%P
平时的话，肯定会跳起来的……\n看来刚才的射精太勉强了。%K%P
%LC杏奈
%LC杏奈
「私、日向くんと同じぐらい、\n　陽菜ちゃんのことも好きで――」%K%P
「我呢，不论是日向君，\n　还是阳菜酱，我都喜欢哦——」%K%P
%LC杏奈
%LC杏奈
「だから、陽菜ちゃんともエッチしたいなって、\n　こっそり思ったりしたんだけど……」%K%P
「所以，"我也想和阳菜酱做爱啊"，\n　我曾偷偷地想过哦……」%K%P
%LC杏奈
%LC杏奈
「おち○ぽなしでエッチしたら、陽菜ちゃんと\n　エッチしたことになったりしないかな？」%K%P
「在没有肉棒的情况下，和阳菜酱做爱，\n　不就没法做下去了嘛？」%K%P
%LC陽菜
%LC阳菜
「どういう理屈なの、それはっ」%K%P
「这是什么道理啊」%K%P
%LC杏奈
%LC杏奈
「自分で言ってても、よくわかんないけど。\n　……でも、そういうのも、いいかなぁって」%K%P
「我自己说也说不太明白哦。\n　……不过，这样我觉得也行」%K%P
%LC杏奈
%LC杏奈
「というわけで……今から私が、\n　陽菜ちゃんの乳首を気持ち良くするね」%K%P
「所以……从现在开始，\n　我要让阳菜酱的乳头舒服起来」%K%P
%LC杏奈
%LC杏奈
「だから、陽菜ちゃんは、陽菜ちゃんとして――、\n　女の子として、めいっぱい感じて？」%K%P
「所以，阳菜酱你……作为阳菜——\n　作为一个女孩子，感觉一下如何？」%K%P
%LC陽菜
%LC阳菜
「んっ……」%K%P
「嗯……」%K%P
エッチをしたくなったときは、日向くん――、\nそれが、同居して出来上がったルールなのに。%K%P
想要做爱的时候，就叫我"日向君"——\n这是在同居之后的规则。%K%P
ここに来て陽菜ちゃん呼びを連呼されて、\nなんとも言えない感覚に、身体の芯が火照る。%K%P
来到这里却不断地叫我"阳菜酱"，\n一种难以言喻的感觉涌上心头，让我浑身发热。%K%P
組み伏せられているという状況もあわさって、\n無性に恥ずかしくて、身を捩ってしまう。%K%P
再加上现在被她压倒在地，\n我羞愧得把身体扭了过来。%K%P
%LC杏奈
%LC杏奈
「私、乳首のさきっぽとか根元を、\n　ツメでこりこりするの好きなんだけど……」%K%P
「我的话，喜欢用指甲\n　摩擦乳头的前端和根部呢……」%K%P
%LC杏奈
%LC杏奈
「同じこと、陽菜ちゃんにもしてあげる」%K%P
「同样的，阳菜酱也来试试吧」%K%P
%LC陽菜
%LC阳菜
「やっ……んうッ……はっ、やっ、んんッ」%K%P
「呀……嗯呜……哈啊~喵啊~嗯嗯~」%K%P
宣言通り、乳首の突端をツメが擦る。%K%P
就像她说的那样，指甲擦着乳头的尖端。%K%P
頼りない先っぽを丹念にいじられると、\nくすぐったさの中に、快感が芽吹いてきて。%K%P
不争气的乳尖被细心地玩弄着，\n在这痒痒的感觉中，萌生出了一种快感。%K%P
杏奈ちゃん、ほんとに、上手いっ……。%K%P
杏奈酱，真的很擅长这事啊……%K%P
%LC陽菜
%LC阳菜
「やうっ、はあっ、ああっ、あ、ああっ……」%K%P
「呀呜~哈啊~啊啊~啊~啊啊……❤」%K%P
%LC杏奈
%LC杏奈
「くすっ、すっごいえっちな声……\n　陽菜ちゃんの乳首、敏感で可愛いっ……」%K%P
「嘿嘿~好棒的涩涩声音……❤\n　阳菜酱的乳头，又敏感又可爱……❤」%K%P
%LC杏奈
%LC杏奈
「もっと気持ち良くなるように、\n　特別プレゼントを……んぅーぅ」%K%P
「为了让你的心情更舒畅些，\n　给你个特别的礼物哦……嗯姆~❤」%K%P
口を開け、唾液を垂らした杏奈ちゃんは、\nそれを指先で絡め取る。%K%P
杏奈酱张着嘴，流出了些唾液，用指尖把唾液挑起来。%K%P
なにするかわかるよね？　って感じで微笑むと、\n彼女の濡れた指先が、乳首を、くにっと――、%K%P
"你知道要做什么的吧？"　像是说着这句话，\n她微笑着将湿润的指尖，"啪"地压在乳头上——%K%P
%LC陽菜
%LC阳菜
「はぅ……くっ、んんぅっ……」%K%P
「哈呜……咕~嗯嗯嗯……」%K%P
%LC杏奈
%LC杏奈
「指を濡らすと、滑るようになるから。\n　こそばゆい感じが減って気持ちいいでしょ？」%K%P
「手指湿湿的，就会摸起来滑滑的了。\n　这样害羞的感觉就会减少，很舒服吧？」%K%P
%LC杏奈
%LC杏奈
「あとは、こんなふうに息を……ふぅー」%K%P
「之后，像这样吐口气……呼~~❤」%K%P
%LC陽菜
%LC阳菜
「ひやッ、んぅんッ……！」%K%P
「咿呀~~唔咿咿……！」%K%P
濡れた箇所に息が掛かり、こそばゆくて悶える。%K%P
她在被润湿的地方呼气，我不好意思地扭动起来。%K%P
やばい、どんどん開発されてくっ……。%K%P
不妙啊，我正在被不断开发着……%K%P
%LC杏奈
%LC杏奈
「陽菜ちゃんの感じ方、可愛い……\n　女の子よりも女の子かも……」%K%P
「阳菜酱的反应，好可爱……❤\n　比女孩子还女孩子呢……❤」%K%P
%LC陽菜
%LC阳菜
「そんなことないよっ。\n　オレより杏奈ちゃんのほうが――」%K%P
「没这种事好吧。\n　杏奈酱比我（ore）可爱多了——」%K%P
%LC杏奈
%LC杏奈
「陽菜ちゃん。オレじゃなくて、わ・た・し」%K%P
「阳菜酱。不能说ore哦，而是Wa・Ta・Shi」%K%P
%LC杏奈
%LC杏奈
「いまは日向くんじゃなくて、陽菜ちゃんでしょ？\n　女の子のときは、わ・た・し」%K%P
「现在你不是日向君，是阳菜酱吧？\n　女孩子应该用的是，Wa・Ta・Shi~」%K%P
%LC陽菜
%LC阳菜
「でも」%K%P
「但是」%K%P
%LC杏奈
%LC杏奈
「でももすもももないの。\n　いいから、私。ねっ？　陽菜ちゃんっ」%K%P
「"但是"什么的就别说了。\n　乖乖的，说WaTaShi。好吗？　阳菜酱」%K%P
%LC陽菜
%LC阳菜
「きゃうっ　はぁ、あ、ふみゃうっ……」%K%P
「咿呀啊❤　哈啊，啊~呜喵……❤」%K%P
水を得た魚のように、\n杏奈ちゃんが乳首を攻め立てる。%K%P
杏奈酱如鱼得水地，\n攻击着我的乳头。%K%P
フィギュアスケートの演技みたいに、\n彼女の指が、乳輪や乳頭の上で、くるくると――、%K%P
就像花样滑冰表演一样，\n她的手指在我的乳晕和乳头上旋转着——%K%P
%LC陽菜
%LC阳菜
「んくくっ……はぁはぁ、あっ、ああっ」%K%P
「咕呼呼……哈啊哈啊~啊，啊啊~❤」%K%P
%LC杏奈
%LC杏奈
「ね？　乳首、気持ちいいでしょ？\n　くりくりされると、びくびくするでしょ？」%K%P
「呐？　乳头，感觉很舒服吧？\n　变得硬硬的、一颤一颤的了对吧？」%K%P
%LC陽菜
%LC阳菜
「んっ、いいっ……乳首、気持ち、いっ……」%K%P
「嗯呜~好舒服……乳头，感觉，好舒服……」%K%P
%LC杏奈
%LC杏奈
「くすっ、そうそう\n　いっぱい感じて、いっぱい喘いで」%K%P
「嘻嘻~就是这样~❤\n　更多地感受吧~更多地娇喘吧~」%K%P
%LC杏奈
%LC杏奈
「私、陽菜ちゃんのえっちな声、\n　もっともっと、たくさん聞きたいっ……」%K%P
「阳菜酱H的声音，\n　多来点多来点~我要听更多……❤」%K%P
%LC陽菜
%LC阳菜
「やっ、ああっ……ちょっ、だめ、\n　ほんとだめ、だめだよ、杏奈ちゃんっ」%K%P
「呀啊~啊啊……等等，不行了~\n　真的不行~不行了啊~杏奈酱」%K%P
%LC杏奈
%LC杏奈
「くふふっ　そんな反応されたら、\n　もっといっぱい、くりくり、くにくにっ」%K%P
「嘻嘻嘻❤　如果只是这种反应的话，\n　还得再好好地玩弄呢，捏呀捏呀~揉呀揉呀~❤」%K%P
%LC陽菜
%LC阳菜
「んうッ……くあ、あっ、はあっ、らめっ、\n　しょこ、らめっ、らめにゃひぃっ……」%K%P
「嗯呜……咕呜~啊~哈啊~唔行了~\n　介里~不行喵~不行喵呜欸欸欸……」%K%P
口内に唾液が溜まって、うまいこと舌が回らない。%K%P
我的嘴里积满了唾液，说话都不利索了。%K%P
怪しい呂律で抗う声は、本人が聞いても、\nとろけて感じる女の子そのものだった。%K%P
这含混不清的声音，就连我自己听了，\n也觉得简直就是个沉沦了的女孩子。%K%P
%LC陽菜
%LC阳菜
「あひっ……はあっ、あ、ああっ、\n　うそ、乳首だけで、こんなにっ……」%K%P
「啊咿……哈啊~啊~啊啊~\n　骗人~乳头怎么会，这么的……」%K%P
%LC杏奈
%LC杏奈
「陽菜ちゃん、イッちゃうの？\n　乳首で感じて、女の子みたいにイッちゃうの？」%K%P
「阳菜酱，要去了嘛？\n　要被玩弄着乳头，像女孩子一样去了吗？」%K%P
%LC陽菜
%LC阳菜
「イクって、でも、まだ、あそこがっ……」%K%P
「去了什么的，但是，我那里还……」%K%P
自分の股間を目視で確かめると、\nペニスは未だ、ふにゃんと柔らかいまま。%K%P
我看了看自己的股间，\n肉棒还是软绵绵的。%K%P
なのに、玉袋がじんじん疼く。%K%P
但为什么，睾丸在隐隐作痛。%K%P
射精したいって、精子を出したいって、\nどんどんどんどん、熱を帯びて――、%K%P
好想射精，好想把精子喷泻出来，\n咚咚~咚咚~那里越来越热——%K%P
%LC陽菜
%LC阳菜
「んうッ……なに、これっ……。\n　勃起してないのに、精子、出そうっ……」%K%P
「嗯呜……这是什么……\n　明明没有勃起，精子却，要出来了……」%K%P
%LC杏奈
%LC杏奈
「うん、すごい……　ヒナち○ぽ、\n　ちっちゃいまま、ぷるぷるしてるっ……」%K%P
「嗯，很厉害……❤　小阳菜它，\n　还是小小的，但发出了"噗撸噗撸"的声音了呢……❤」%K%P
%LC杏奈
%LC杏奈
「勃起してないのに、ぶるぶるぅって……、\n　まるで大人のオモチャみたいっ……」%K%P
「明明没有勃起，却发出噗撸噗撸声……\n　简直就像情趣玩具一样……❤」%K%P
%LC陽菜
%LC阳菜
「なっ……もおっ、なに言って……あっ、だめ、\n　いま腰振っちゃっ……はうっ、あ、ああっ」%K%P
「什……真是的，说什么……啊~不行，\n　刚才你的腰动了……哈呜~啊，啊啊~~」%K%P
%LC杏奈
%LC杏奈
「だって、ヒナち○ぽ、ちょうど良い感じに、\n　おま○こにあたってるんだもん……っ」%K%P
「因为，小日向它感觉非常舒服，\n　想进到小穴里吧……❤」%K%P
%LC杏奈
%LC杏奈
「びくびくぅ、びくびくぅって……はぁんっ、\n　ああっ、ヒナち○ぽ、しゅっごいっ……」%K%P
「一跳一跳，一跳一跳的……哈嗯~\n　啊啊~小日向，豪厉害……❤」%K%P
%LC陽菜
%LC陽菜
「あうっ……だめ、だめだよっ、\n　ずりずりしちゃ、やっ……あうッ、くああっ」%K%P
「啊呜，喵……不行，不行了啊~\n　摩擦那里什么的，呀……啊呜~咕啊呜呜~」%K%P
乳首いじりの快感で目を覚ましたのか、\n再起動したペニスが、すぐさま勃起を試みる。%K%P
可能是被玩弄乳头的快感"吵醒"了吧，\n重新启动的肉棒，马上开始勃起了。%K%P
けど、まだまだエネルギー不足みたいで、\n杏奈ちゃんの秘所を押しのけるほどパワーはなくて。%K%P
但是，好像还是能量不足呢，\n没有推开杏奈酱的私处的力量。%K%P
彼女の膣口に密着したまま、\nぷるぷる震えるぐらいしか出来なくて。%K%P
现在它只能紧贴着阴道口，\n"噗撸噗撸"地颤抖着。%K%P
その様子は本当に、大人のオモチャみたいで――、%K%P
这样子真的很像情趣玩具——%K%P
%LC陽菜
%LC阳菜
「やうっ、んっ……はぁ、はああっ\n　杏奈ちゃん、私、イクっ、イッちゃうっ」%K%P
「咿呀唔，嗯……哈啊~哈啊啊啊~❤\n　杏奈酱，我要，去，去了~」%K%P
%LC杏奈
%LC杏奈
「うんっ……私も、これ、イキそっ……\n　ぷるぷるち○ぽ、しゅごひ……はっ、ああっ」%K%P
「嗯……我也是，这里，要去了……❤\n　噗撸噗撸的肉棒，太厉害了……哈啊~啊啊~」%K%P
%LC杏奈
%LC杏奈
「陽菜ちゃんのえちえち声とあわさって、\n　おま○こ、じんじんっ……はぅっ、あああっ」%K%P
「和阳菜酱H的色情声音重叠在一起，\n　小穴，已经……哈呜~啊啊啊~❤」%K%P
乳首を指でコリコリしながら、\n杏奈ちゃんが腰をスライドさせてくる。%K%P
杏奈酱一边用手指摩擦着我的乳头，\n一边扭动着腰。%K%P
ロデオマシンに乗ってるような腰の振動が、\n半勃起のち○ぽに、ぜんぶ、ぜんぶ――、%K%P
我的腰颤抖着，就像坐到了音响上一样，\n半勃起的肉棒，已经，已经要——%K%P
%LC杏奈
%LC杏奈
「陽菜ちゃん、いこっ？　いっしょにいこっ？\n　ふたり、いっしょっ……はぁ、あああああっ」%K%P
「阳菜酱，去吧？　一起去吧？\n　两个人，一起……哈啊~啊啊啊啊~❤」%K%P
%LC陽菜
%LC陽菜
「やうっ、んぅあッ　やあっ、そんなにち○ぽ、\n　ぐりぐりしちゃっ……あっ、イぐ、いぐぅッ！」%K%P
「呀呜~嗯啊啊~❤　呀啊~我的肉棒~\n　咕噜咕噜的……啊~去了~去了！」%K%P
%LC陽菜
%LC阳菜
「ひぐっ、くっ……あぁああああっ　はあっ、\n　んあうっ……はあっ、はぁ、あああぁ……」%K%P
「哼嗯~咕……啊啊啊啊啊啊❤　哈啊~\n　嗯啊呜……哈啊~哈啊~啊啊啊啊……❤」%K%P
%LC杏奈
%LC杏奈
「んぅうッ……はぁ、あっ、ああっ……\n　陽菜ちゃん、せーし、出てる……」%K%P
「嗯呜呜呜……哈啊，啊，啊啊……❤\n　阳菜酱的，肉棒汁，出来惹……❤」%K%P
%LC杏奈
%LC杏奈
「勃起してないのに……ふにふにち○ぽから、\n　白いの、ぴゅるるぅって……かわいい……」%K%P
「即使没有勃起……仍然噗撸噗撸的肉棒，\n　把这白色的，biubiu地射出来了……好可爱……❤」%K%P
%LC陽菜
%LC阳菜
「あぁ……ほんとに、出てる……。\n　ち○ぽ、ぼっきして、ないのに……」%K%P
「啊啊……真的，射出来了……。\n　肉棒，明明，没有勃起呀……」%K%P
反り返る形で押し倒されているペニスから、\n申し訳なさそうに、ちょろちょろ溢れる白濁液。%K%P
倒向一边软趴趴的肉棒，像在道歉一样，\n一边"点头哈腰"，一边溢出白浊液。%K%P
おへそあたりに散らばった精子は、\nじんわり熱くて、その温度が心地良い。%K%P
射在肚脐附近的精子好热呀，\n这种温度，好舒服~~%K%P
%LC陽菜
%LC阳菜
「ふぅ……はぁ、あ、あぁ……どうしよ、\n　なんか、変なイキかた、しちゃった……」%K%P
「呼……哈啊~啊，啊啊……怎么办哦，\n　感觉，这次去的，好奇怪……」%K%P
%LC杏奈
%LC杏奈
「私も……　おち○ぽ挿れてないのに、\n　おま○こ、すっごい気持ち良かった……」%K%P
「我也是……❤　明明大肉棒没有插进来，\n　小穴，就已经舒服到去了……❤」%K%P
%LC杏奈
%LC杏奈
「はぁ、はぁ……ふふっ、でも、新発見だね。\n　おち○ぽ、勃起しなくてもイッちゃうなんて」%K%P
「哈啊，呵啊……呼呼~不过，有新发现了呢。\n　大肉棒，没有勃起也能射精」%K%P
%LC陽菜
%LC阳菜
「んっ……頭もち○ぽも、おかしくなりそう……」%K%P
「嗯……大脑和肉棒，都变得奇怪了……」%K%P
%LC杏奈
%LC杏奈
「私も……　陽菜ちゃん成分ましまし、\n　勃起ち○ぽ抜きエッチ、クセになりそう……」%K%P
「我也是……❤　我的"阳菜酱成分"，\n　已经对"把勃起的肉棒拔出来"的感觉上瘾了……❤」%K%P
%LC陽菜
%LC阳菜
「変な名前つけないのっ」%K%P
「不要随便起怪名字啊」%K%P
%LC杏奈
%LC杏奈
「だって、すっごい気持ちいいんだもん」%K%P
「因为，实在是太舒服了嘛」%K%P
%LC杏奈
%LC杏奈
「今日のこと、ちゃーんと覚えておいて、\n　また今度、かならず２回目を――」%K%P
「今天的事，我可好好记下来了，\n　不过这次，才做了2次呢——」%K%P
うっとりしていた杏奈ちゃんが、\n不意に黙り込み、それから腰を浮かせる。%K%P
出神的杏奈酱突然沉默了，\n然后站了起来。%K%P
%LC杏奈
%LC杏奈
「いまの射精で、寝た子が起きたみたい。\n　……ほら、おっきくなってきてる」%K%P
「刚才的射精，看样子睡着的孩子醒了呢。\n　……你看，越来越大了哦~❤」%K%P
%LC陽菜
%LC阳菜
「あぁ……」%K%P
「啊啊……」%K%P
ついさっき、射精の瞬間には、\nたしかに勃起してなかったのに。%K%P
刚才射精的那一瞬间，\n确实没有勃起。%K%P
抑え込んでいた割れ目が退くと、\n待ってましたとばかりに、ペニスが立ち上がる。%K%P
压住它的阴蒂离开之后，\n肉棒立刻迫不及待地立了起来。%K%P
%LC杏奈
%LC杏奈
「こんなに元気いっぱいなら、\n　ちゃんとお迎えしてあげないとっ……」%K%P
「这么有精神的孩子，\n　不好好迎接可不行呢……❤」%K%P
%LC陽菜
%LC阳菜
「まさか、このまま――」%K%P
「难不成，要接着来——」%K%P
%LC杏奈
%LC杏奈
「うんっ　今度は陽菜ち○ぽガチガチ、\n　おま○こたぷたぷ生ミルクたっぷり乗せっ……」%K%P
「嗯❤　这次小阳菜变得硬邦邦的。\n　小穴可以吃到好多生牛奶了呢……❤」%K%P
%LC陽菜
%LC阳菜
「やぅッ……はあっ、ああああっ」%K%P
「呀呜……哈，啊~啊啊啊啊~」%K%P
杏奈ちゃんが腰が降ろすと、\n彼女の割れ目に亀頭が食べられていく。%K%P
杏奈酱直接坐了下来，\n龟头便被她的蜜穴吃掉了。%K%P
%LC杏奈
%LC杏奈
「くううぅッ……ふぅ、あ、あああああっ\n　はふっ、おち○ぽ、いつもより熱いっ……」%K%P
「咕呜呜呜呜……呼，啊~啊啊啊啊啊~❤\n　哈呜~大肉棒，一如既往的热呢……」%K%P
%LC杏奈
%LC杏奈
「挿れただけで、膣内、じゅわーって……はあっ、\n　だめ、イクッ……また、んんんんぅッ」%K%P
「插进阴道里面，"啾噗"的……哈啊~\n　不行，要去了……又要~嗯嗯嗯嗯~❤」%K%P
ペニスを受け入れた直後、\n杏奈ちゃんの全身が、びくっと跳ねる。%K%P
吞掉肉棒之后，\n杏奈酱全身猛地一跳。%K%P
%LC杏奈
%LC杏奈
「はふっ……はぁ、はぁ……　えへへ、\n　挿れただけで、イッっちゃった……」%K%P
「哈嗯……哈啊~哈啊……❤　欸嘿嘿，\n　一插进去，就去了呢……❤」%K%P
%LC杏奈
%LC杏奈
「でも、まだまだ、これからっ……。\n　今日もいっぱい、おち○ぽ、ぎゅーするね？」%K%P
「不过，现在才，刚刚开始呢……\n　这次大肉棒，也要好好地biu出来捏？」%K%P
%LC杏奈
%LC杏奈
「とろけ顔、いっぱい見れるようにぃ……、\n　いっぱい、いっぱい……ふぐっ、んううっ」%K%P
「你高潮的脸，希望能看到更多……\n　更多的，更多的……咕呜~唔哼哼~~❤」%K%P
深呼吸ぐらいのゆったりしたペースで、\nお尻を持ち上げ、そっと降ろす杏奈ちゃん。%K%P
杏奈酱深呼吸着，带着舒缓的节奏，\n抬起臀部，再轻轻放下。%K%P
緩やかなピストンに応えるペニスは、\nこれ以上ないぐらい、好調な滑り出しだった。%K%P
配合着正在平缓活塞运动的肉棒，\n这样的H开始再好不过了。%K%P
%LC杏奈
%LC杏奈
「ふぅ……ぐぅ、んんぅ、はぁ、ああぁ……\n　はふっ……ぐっ、はあっ、あぁ、あああっ」%K%P
「呼……咕呜~嗯嗯，哈啊，啊啊啊……❤\n　哈呜……咕，哈啊~啊啊，啊啊啊~」%K%P
%LC杏奈
%LC杏奈
「今日のおち○ぽ、すごいっ……。\n　いつもより、奥に、届いてるっ……」%K%P
「今天的大肉棒，好厉害……\n　比以往都要，插得更深……❤」%K%P
%LC杏奈
%LC杏奈
「はぁあっ……はうっ、そこ、いいっ……\n　もっと、ぐりぐり……はうっ、ああんっ」%K%P
「哈啊啊……哈呜，这里~舒服……❤\n　再来点，动起来呀……哈呜~啊啊嗯~~」%K%P
ペニスが完全に埋没するまで密着したかと思えば、\nカリ首が見えるぐらい、ギリギリまで腰を浮かせる。%K%P
我的肉棒完全被她那里"吃"了进去，\n然后又勉强地被"吐"了出来，每次往复都很深。%K%P
杏奈ちゃんの挿抜マネジメントは完璧すぎで、\nオレは彼女を見上げているだけだった。%K%P
杏奈酱的插拔运动做的太完美了，\n我只能什么都不做地仰视她。%K%P
%LC陽菜
%LC阳菜
「ごめんね、ぜんぶ、任せちゃってっ……」%K%P
「对不起呢，全都交给你了……」%K%P
%LC杏奈
%LC杏奈
「ううん。私、動くの好きだし――」%K%P
「不不。我喜欢自己动哦——」%K%P
%LC杏奈
%LC杏奈
「それにいま、陽菜ちゃんを犯してるみたいで、\n　かなりゾクゾクしちゃってるしっ……」%K%P
「而且现在好像是我在侵犯阳菜酱，\n　心里小鹿乱撞呢……❤」%K%P
%LC陽菜
%LC阳菜
「もう、またそういうこと言ってっ……」%K%P
「真是的，又说这种话……」%K%P
%LC杏奈
%LC杏奈
「でもいま、陽菜ちゃんって、\n　身体に力、ぜんぜん入らないんでしょ？」%K%P
「可是现在的阳菜酱，\n　身体完全没了力气吧？」%K%P
%LC杏奈
%LC杏奈
「もしも私が悪い子だったら、このまま拘束して、\n　朝までおち○ぽいじり倒しちゃうかもだよ？」%K%P
「如果我是坏人，可就这样直接把你拘束起来，\n　一直玩弄大肉棒到早上了哟？」%K%P
%LC陽菜
%LC阳菜
「ッッ……」%K%P
「呜呜……」%K%P
朝までコースを想像した途端、\n全身がぞくっと震える。%K%P
一想到做爱到早上的情形，\n我不由得全身颤抖。%K%P
けど、それすら杏奈ちゃんの戦略で。%K%P
不过，这也是杏奈酱的"战略"。%K%P
%LC杏奈
%LC杏奈
「あッ……くッ、んんんんぅっ\n　すごい……いま、びくって跳ねたっ」%K%P
「啊额……咕~嗯嗯嗯嗯嗯~❤\n　好厉害……刚刚，突然跳了一下~❤」%K%P
%LC杏奈
%LC杏奈
「いちばん奥、コンコンする感じで……はうっ、\n　おち○ぽ、すっかり元気になってるっ……」%K%P
「在最里面，"哐哐"撞着的感觉……哈呜~\n　大肉棒，已经完全恢复精神了……❤」%K%P
%LC陽菜
%LC阳菜
「ぜんぶ、杏奈ちゃんのおかげ。\n　ち○ぽの感覚も、だいぶ戻ってきたし……」%K%P
「这一切，都是因为杏奈酱啦。\n　肉棒，感觉恢复得差不多了……」%K%P
もとよりへばっていた身体は、\nさっきの射精で完全にノックアウト。%K%P
刚才的射精完全击倒了原本就虚弱不堪的身体。%K%P
でも、そんな中でペニスだけが、\nいつも以上の敏感さで大きくなっていく。%K%P
但是，在这样的情况下，\n肉棒变得比平时更敏感，变得更大了。%K%P
それこそ、残っているエネルギーをすべて、\n海綿体に注いでるんじゃないかってぐらいに。%K%P
简直就像是，把剩下的能量全部注入海绵体了。%K%P
%LC杏奈
%LC杏奈
「んうッ、あふっ、あ……んぐうっ、\n　今日のおち○ぽも、きもちいっ……」%K%P
「嗯呜~啊呜~啊……嗯咕呜~\n　今天的大肉棒也~好舒服……❤」%K%P
%LC杏奈
%LC杏奈
「何度エッチしても、いつもいっつも、\n　そのときが、いっちばん、気持ちよくて――」%K%P
「不管做过多少次，每次都、每次都是，\n　这种时候，都感觉非常舒服——」%K%P
%LC杏奈
%LC杏奈
「ほんと、陽菜ちゃんのおち○ぽ、\n　だいだい、だぁーい、すきぃぃぃっ」%K%P
「真的，阳菜酱的大肉棒，\n　最最，最~喜~~欢~~了~~❤❤」%K%P
じゅぶぶっ、ぐにゅ……にゅぷぷるるるるッ……！%K%P
啾噗噗，咕噜噜……啾噗噗噜噜噜噜……！%K%P
%LC陽菜
%LC阳菜
「うにゃあッ　あふっ、はぁ、ああぅッ」%K%P
「嗯喵啊啊啊❤　啊呜，哈啊~啊啊啊啊~~❤」%K%P
杏奈ちゃんが言い切ると同時に腰が落ちて、\n狭い膣内を、亀頭が一気に駆け上がる。%K%P
杏奈酱这么说着，一屁股坐了下来，\n龟头一下子从狭窄的阴道里冲到顶了。%K%P
%LC陽菜
%LC阳菜
「いっ……いまの、なにっ？」%K%P
「刚……刚刚的，是什么？」%K%P
%LC杏奈
%LC杏奈
「いつか陽菜ちゃんを押し倒す日が来たら、\n　試そうと思ってた、私のとっておきっ……」%K%P
「我想着总有一天要把阳菜酱推倒的，\n　一直都想试一试，我的留手招……❤」%K%P
%LC杏奈
%LC杏奈
「どうだった？　きもちよかった？」%K%P
「怎么样？　感觉舒服吗？」%K%P
%LC陽菜
%LC阳菜
「よすぎてっ……はうっ、ぐっ、んぅうっ」%K%P
「舒服过头了……哈呜~咕~额呜呜~~」%K%P
%LC杏奈
%LC杏奈
「イキそう？　イッちゃいそう？」%K%P
「去了吗？　要去了吗？」%K%P
%LC陽菜
%LC阳菜
「うんッ……これ、もう、イクっ……」%K%P
「嗯……这个，又要~去了……」%K%P
%LC杏奈
%LC杏奈
「私も、いまので、また……んあっ、\n　はあっ、あっ……んうっ、んああっ」%K%P
「我也是，现在很快，就要……嗯啊~\n　哈啊~啊……嗯呜~嗯啊啊~❤」%K%P
杏奈ちゃんのとっておきは破壊力抜群で、\n遠いと思っていた絶頂が、すぐそこにあって。%K%P
杏奈酱的留手招破坏力超群，\n原以为还差得远的绝顶，已经在眼前了。%K%P
杏奈ちゃん自身も、すぐそこにいてくれて。%K%P
杏奈酱自己也要绝顶了。%K%P
%LC杏奈
%LC杏奈
「陽菜ちゃん、出してっ？　\n　私のおま○こに、どぴゅってしてっ？」%K%P
「阳菜酱，射出来吧？　\n　在我的小穴里，biu地射出来吧？」%K%P
%LC杏奈
%LC杏奈
「最後にもっかい、さっきのするから、\n　子宮いっぱい、陽菜ちゃんをちょうだいっ」%K%P
「要做到最后，像刚才一样，\n　将阳菜酱的精子射满子宫吧❤」%K%P
%LC陽菜
%LC阳菜
「も、もっかいって……だめ、待って、\n　そんなことされたら、ホントにおかしく――」%K%P
「太，太快了……不行~等等，\n　这样子做的话，真的变奇怪了——」%K%P
%LC杏奈
%LC杏奈
「だめ、待ってあげないっ……\n　私といっしょに、おかしくなっちゃおっ？」%K%P
「不行，我等不了了……❤\n　就和我一起，变得奇怪吧？」%K%P
%LC杏奈
%LC杏奈
「私と一緒に、せーので…………えいっ」%K%P
「和我一起，准~备…………嘿❤！」%K%P
%LC陽菜
%LC阳菜
「ひぐッ……ぐぅっ、んぁあああぅッ！」%K%P
「咿唔……咕呜~嗯啊啊啊啊啊啊！」%K%P
%LC杏奈
%LC杏奈
「ひぐッ……あっ、ふうぅッ　これ、しゅごひ\n　奥に、びゅくびゅく……くあっ、ああっ」%K%P
「咿咿咿……啊，呼咕咕❤　这个~好厉害❤\n　在里面，biubiu的……咕啊~啊啊~❤」%K%P
%LC杏奈
%LC杏奈
「でも、もっと……はあっ、もっともっと、\n　陽菜ちゃんの、もっと、もっとっ……」%K%P
「不过，还要……哈啊~还要还要~\n　阳菜酱的~再来点~再来点……❤」%K%P
%LC陽菜
%LC阳菜
「うそっ……まだ、ぎゅって……んんッ」%K%P
「骗人吧……又，夹紧了……嗯嗯~」%K%P
%LC杏奈
%LC杏奈
「んぅ……おち○ぽミルク、いっぱい……っ\n　おま○こ、いっぱい……あぁ、はぁぁ……っ」%K%P
「嗯呜呜……大肉棒牛奶，好多……❤\n　在小穴里~好多……啊啊~哈啊啊……❤」%K%P
亀頭を捕らえた膣奥が、精子を吸い上げる。%K%P
吸住龟头的阴道深处，正在不断地吸取精子。%K%P
うごめくヒダはポンプのように、\n尿道内に残る精子すら搾りあげていった。%K%P
蠕动的褶皱像水泵一样，\n把尿道内残留的精子都榨走了。%K%P
%LC杏奈
%LC杏奈
「あぁ……めいっぱい、ぎゅってしたのに、\n　隙間から、精子、あふれてきちゃった……」%K%P
「啊啊……明明，夹得很紧了，\n　精子还是，从缝隙里，溢出来了……」%K%P
%LC杏奈
%LC杏奈
「４回目で、この量って……ヒナち○ぽ、\n　ほんと、しゅっごい……んふぅ」%K%P
「射了4回了，这个量……小日向，\n　真的，好厉害……嗯，唔唔~❤」%K%P
%LC陽菜
%LC阳菜
「すごいのは、オレじゃなくて……はぁはぁ、\n　杏奈ちゃんのほう、なんだってばっ……」%K%P
「厉害的人，不是我啊……哈啊~哈啊~\n　应该是，杏奈酱你呀……」%K%P
貪るように息を吸うと、胸がわずかに上下する。%K%P
我贪婪地吸着气，胸口微微地上下起伏。%K%P
でも、他の部分はぴくりとも動かない。%K%P
但是，其他地方都没力气动了。%K%P
現実味がない、どこかぼやけた感覚の中で、\n腰に掛かる彼女の重さが、すごく愛しくて心強い。%K%P
在这种不真实的、模糊的感觉中，\n她压在我腰上的重量，真是可爱、令人安心啊。%K%P
%LC杏奈
%LC杏奈
「はふぅ、はぁ、はぁ……。\n　今日のエッチ、一生、忘れないと思うっ……」%K%P
「哈~哈啊~哈啊~……\n　今天的H，我想，一生都忘不了了……」%K%P
%LC杏奈
%LC杏奈
「だから、記念に、もういっかいだけ――」%K%P
「所以，作为纪念，再来一次吧——」%K%P
%LC陽菜
%LC阳菜
「えっ……？　うそ、でしょ？　冗談だよね……？」%K%P
「诶……？　骗人的，对吧？　只是开玩笑对吧……？」%K%P
%LC杏奈
%LC杏奈
「うん、冗談っ……\n　私もいまので、腰、抜けちゃったし……」%K%P
「嗯，开玩笑……❤\n　我现在，腰已经瘫软了……❤」%K%P
%LC陽菜
%LC阳菜
「んもー……」%K%P
「真是的……」%K%P
%LC杏奈
%LC杏奈
「くすっ、んふふっ\n　ごめんね、陽菜ちゃん」%K%P
「呼呼~呼呼呼~❤\n　抱歉捏，阳菜酱」%K%P
本気でドキッとしてしまったのは、きっと、\n杏奈ちゃんならあるいはって思えたからだ。%K%P
真正能让我怦然心动的，\n一定只有杏奈酱的话了吧。%K%P
彼女は本当にえっちすぎて、\nそのポテンシャルは、未だに底が見えない。%K%P
她真的是太H了呢，\n她的H潜力，我到现在还看不到底。%K%P
%LC杏奈
%LC杏奈
「乗っかってるままだと、つらいでしょ？\n　いま、どくから。ちょっと待って」%K%P
「一直坐着你，很辛苦吧？\n　我现在起来。等我一下」%K%P
%LC陽菜
%LC阳菜
「腰抜けてるんでしょ？　無理しないで。\n　私の上で寝ちゃっていいよ」%K%P
「你腰都软了吧？　不用勉强自己。\n　在我身上睡着都可以哦」%K%P
%LC杏奈
%LC杏奈
「でも」%K%P
「但是」%K%P
%LC陽菜
%LC阳菜
「いいから。……おいで、杏奈」%K%P
「可以的啦……来吧，杏奈」%K%P
%LC杏奈
%LC杏奈
「はぅんっ」%K%P
「哈呜❤❤」%K%P
日向モードの効果は今日も健在で、\n杏奈ちゃんは、こちらにふわっと倒れ込む。%K%P
日向模式的效果现在也很显著啊，\n杏奈酱直接倒在了我怀里。%K%P
汗ばんだ肌同士がぴたっとくっつくと、\n彼女は嬉しそうに微笑んで、頬をすり寄せた。%K%P
我们汗津津的皮肤紧紧贴在了一起，\n她高兴地微笑着，把脸颊贴了过来。%K%P
%LC杏奈
%LC杏奈
「日向くんも、陽菜ちゃんも。\n　私、どっちも大好きだよ」%K%P
「不论是日向君，还是阳菜酱。\n　我呢，都喜欢哦」%K%P
%LC杏奈
%LC杏奈
「だから……これからもたまーに、\n　陽菜ちゃんとも、エッチさせてね？」%K%P
「所以……今后我还要，\n　与你和阳菜酱一起做爱，好吗？」%K%P
%LC陽菜
%LC阳菜
「うん。私も、杏奈ちゃん大好き」%K%P
「嗯。我也最喜欢杏奈酱了」%K%P
%LC杏奈
%LC杏奈
「んふぅー……　ほんと好き、大好きっ」%K%P
「嗯呼呼……❤　真的好喜欢，最喜欢你了❤」%K%P
囁きに囁きで応えると、\n杏奈ちゃんがオレを強く抱きしめる。%K%P
我低声回应了爱意，\n杏奈酱紧紧地抱住了我。%K%P
その笑顔は、今日もキラキラと輝いていて。%K%P
这个笑容，今天也在闪闪发光。%K%P
やっぱり彼女は、\nオレにとってのブリランテだった。%K%P
果然她就是，\n我心目中的至高珍物（Brillante）呢。%K%P
