あの特別試合のあと、オレと杏奈ちゃんは、\n銀蘭学園で時の人となった。%K%P
那场特别比赛之后，我和杏奈酱，\n在银兰学院成为当时的话题人物。%K%P
おかげで、銀蘭祭２日目の騎士カフェも大盛況。%K%P
因此，银兰祭第2天的骑士咖啡馆，也客满为患。%K%P
懸念されていた歌劇アリアも、\n梨理ちゃんの怪我が手だったこともあって、\n出演者の変更はなく、無事に上演された。%K%P
令人担心的歌剧咏叹调，\n也因为梨理酱的手受伤，\n演出者没有再变更，平安无事地上演了。%K%P
１０年ぶりに聞くつーちゃんの歌声は、\n{歌姫:ディーバ}の名に相応しい素晴らしいものだった。%K%P
时隔10年再次听到睦酱的歌声，\n嗯，她真的不负{歌姫:Diva}之名。%K%P
そうして、銀蘭祭が終わったあと、\nゆるやかに穏やかに、時は流れて――。%K%P
于是，银兰祭结束后，\n时间慢慢地、平静地流逝着——%K%P
ついに、その日はやってきた。%K%P
那一天，终于来了。%K%P
%LC陽菜
%LC阳菜
「……うん。忘れ物なし」%K%P
「……嗯。没有落下的东西」%K%P
%LC陽菜
%LC阳菜
「ニナさん、そろそろ行きます」%K%P
「妮娜姐，我差不多该走了哦」%K%P
%LCニナ
%LC妮娜
「本当にお見送りしなくていいの？」%K%P
「真的不用我们送吗？」%K%P
%LC陽菜
%LC阳菜
「大丈夫です。\n　今日までお世話になりました」%K%P
「不用麻烦了。\n　到今天为止，都承蒙你关照了」%K%P
%LCニナ
%LC妮娜
「それはこっちの台詞。\n　陽菜ちゃんのおかげで色々と助かったもの」%K%P
「这应该是我的台词。\n　多亏了阳菜酱呢，帮了我很多忙」%K%P
深々と頭を下げたオレに、\nニナさんが、ちょっと寂しげに微笑む。%K%P
对着深深低下头的我，\n妮娜姐略带寂寞地微笑着。%K%P
先週、銀蘭学園に二人の職員が復職した。%K%P
上周，银兰学院的两位职员复职了。%K%P
鶴谷先生と、鴨居先生――二人とも、\nオレが代理を務めていた、本来の指南役補佐だ。%K%P
鹤谷老师和鸭居老师——这两位，\n就是原先的代理教辅员。%K%P
その二人が戻ってきたということは、\n補佐代理を続ける必要がなくなったということで。%K%P
这两位回来了，那就意味着，\n我不再需要继续代理她们的工作了。%K%P
職員ではなくなったオレは、\n職員寮を出て行かなくてはならなくなった。%K%P
不再是职员的我，\n必须要搬出职员宿舍。%K%P
さいわい、姉さんの両親――叔父さんたちは、\n武者修行を終えて、いまは日本で暮らしている。%K%P
不用担心，姐姐的父母——姨父他们，\n已经完成了武者修行，现在住在日本。%K%P
だから、叔父さんの家に下宿するという道も、\nあるにはあったんだけど――、%K%P
所以，寄宿在姨父家这条路，\n也是行得通的——%K%P
オレが選んだのは、その道ではなかった。%K%P
但我选择的不是这条路。%K%P
%LC宗千佳
%LC宗千佳
「陽菜がいなくなると寂しくなるな」%K%P
「阳菜不在了，会挺寂寞的呢」%K%P
%LC陽菜
%LC阳菜
「しめっぽくなる必要ないでしょ？\n　これからも会うんだし」%K%P
「没必要这么煽情吧？\n　今后还会见面的」%K%P
%LC宗千佳
%LC宗千佳
「ふふっ、それもそうか」%K%P
「呼呼，确实是呢」%K%P
%LC陽菜
%LC阳菜
「じゃあ、私はこれで」%K%P
「那么，我先告辞了」%K%P
%LCニナ
%LC妮娜
「ヒナちゃんさえよければ、\n　たまには遊びに来てね」%K%P
「如果日向酱愿意的话，\n　偶尔也来玩玩哦」%K%P
%LC陽菜
%LC阳菜
「はい。では、ごきげんよう」%K%P
「好。那么，愿贵体安康」%K%P
すっかり馴染んだ挨拶で職員寮をあとにすると、\nキャリーカートと共に歩き出す。%K%P
带着熟悉的招呼，我离开了职员宿舍，\n拉着手提箱走了出来。%K%P
いまから向かうのは、新たな住居。%K%P
现在要去的是，新的住处。%K%P
といっても、徒歩数分の場所なんだけど。%K%P
不过也就是步行几分钟能到的地方。%K%P
%LC杏奈
%LC杏奈
「陽菜ちゃんっ」%K%P
「阳菜酱」%K%P
%LC陽菜
%LC阳菜
「杏奈ちゃん……。\n　部屋で待ってるはずじゃ」%K%P
「杏奈酱……\n　不应该在房间里等着嘛」%K%P
%LC杏奈
%LC杏奈
「待ちきれなくて迎えに来ちゃった。\n　それ荷物だよね？　持ってあげよっか？」%K%P
「等不及了就来接你了嘛。\n　那是你的行李吧？　我帮你拿吧？」%K%P
%LC陽菜
%LC阳菜
「大丈夫、大した量じゃないから」%K%P
「没关系，装的东西不多啦」%K%P
%LC陽菜
%LC阳菜
「それより、ごめんね。\n　今回は無理なお願いをしちゃって」%K%P
「比起这个，对不起呢。\n　这次提出了这么无理的请求」%K%P
%LC杏奈
%LC杏奈
「ううんっ、むしろ願ったり叶ったり。\n　ほらっ、早く早くっ」%K%P
「不不，倒不如说我的愿望实现了呢。\n　好啦，快点快点~」%K%P
%LC陽菜
%LC阳菜
「わわっ、ちょっ、引っ張らないでってばっ」%K%P
「哇哇，等，别拉着我跑呀」%K%P
%LC杏奈
%LC杏奈
「ささっ、どうぞ。入って入って」%K%P
「来来，请吧。请进请进~」%K%P
%LC陽菜
%LC阳菜
「お邪魔します」%K%P
「我打扰了」%K%P
%LC杏奈
%LC杏奈
「もう、陽菜ちゃん？　違うでしょ？\n　ただいま、でしょ？」%K%P
「真是的，阳菜酱？　说错了吧？\n　是"我回来了"，对吧？」%K%P
%LC杏奈
%LC杏奈
「今日からここは、\n　陽菜ちゃんの部屋でもあるんだから」%K%P
「从今天开始，\n　这里也是阳菜酱的房间了」%K%P
%LC陽菜
%LC阳菜
「あっ、うん。……ただいま、杏奈ちゃん」%K%P
「啊，嗯……我回来了，杏奈酱」%K%P
%LC杏奈
%LC杏奈
「おかえりなさいっ」%K%P
「欢迎回来！」%K%P
――そう。オレの新たな住まいは、学生寮。%K%P
——没错。我的新住所，是学生宿舍。%K%P
オレはここで、引き続き卯花陽菜として、\n女装生活を続けることを選んだ。%K%P
我选择留在这里，继续以卯花阳菜的身份，\n过着女装生活。%K%P
今度の期限は、来年春――、\nつまり、銀蘭学園を卒業するまでだ。%K%P
这次将住到明年春天——\n也就是从银兰学院毕业为止。%K%P
%LC杏奈
%LC杏奈
「どう？　その紅茶、美味しい？」%K%P
「怎么样？　这红茶好喝吧？」%K%P
%LC陽菜
%LC阳菜
「うん。こっちのお菓子も美味しい」%K%P
「嗯。这个点心也很美味」%K%P
%LC杏奈
%LC杏奈
「よかった。それ、新作なんだよ。\n　今日の為に作ったんだから」%K%P
「太好了。这可是我的新作。\n　专门为了今天而做的啦」%K%P
%LC杏奈
%LC杏奈
「お菓子もいっぱい用意してあるし。\n　ほらほら、食べて食べて」%K%P
「点心准备了很多哦。\n　好啦好啦，吃吧吃吧~」%K%P
%LC陽菜
%LC阳菜
「あんまり食べると太っちゃうってば」%K%P
「吃太多会胖的吧」%K%P
%LC杏奈
%LC杏奈
「なに言ってるの。\n　陽菜ちゃん太る体質じゃないでしょ？」%K%P
「你在说什么呀。\n　阳菜酱不是容易胖的体质吧？」%K%P
%LC陽菜
%LC阳菜
「だからって、これはさすがに……。\n　そもそもこの量、多すぎじゃない？」%K%P
「所以说，这个份量……\n　这个份量也太多了吧？」%K%P
%LC杏奈
%LC杏奈
「楽しみで作り過ぎちゃったんだもん」%K%P
「因为太高兴了所以做多了」%K%P
照れながらも笑う杏奈ちゃんが可愛い。%K%P
一边害羞一边笑着的杏奈酱，很可爱。%K%P
%LC杏奈
%LC杏奈
「でも、まさか陽菜ちゃんが、\n　学生として銀蘭に残るだなんて思わなかった」%K%P
「但是，真的没有想到，\n　阳菜酱会以学生的身份留在银兰」%K%P
%LC杏奈
%LC杏奈
「てっきり、補佐代理のお務めが終わったら、\n　この学園を辞めちゃうと思ってたから」%K%P
「本来以为，你结束代理教辅员的工作后，\n　就会离开这个学园的」%K%P
%LC陽菜
%LC阳菜
「私も最初は、そのつもりだったんだけど。\n　でも、この場所でやりたいことができたから」%K%P
「我一开始也是这么打算的。\n　但是，我更想在这里做我想做的事情」%K%P
%LC杏奈
%LC杏奈
「{最優秀騎士:ブリランテ}になりたい、とか？」%K%P
「成为{至高骑士:Brillante}，之类的？」%K%P
%LC陽菜
%LC阳菜
「それもあるけど。一番は、\n　杏奈ちゃんと一緒にいたいなって」%K%P
「也有那个原因啦。但最重要的是，\n　我想和杏奈酱待在一起」%K%P
%LC陽菜
%LC阳菜
「日本に帰国してから、ずっと一緒だったし。\n　今さら離れるとか、考えられなくて」%K%P
「回到日本后，我们就一直在一起。\n　事到如今，我都不愿意离开你了」%K%P
%LC陽菜
%LC阳菜
「ただ、こうして学生寮で暮らすかどうかは、\n　最後まで迷ってたんだけどね」%K%P
「只是，到底要不要住在学生宿舍里，\n　对于这事我一直在犹豫呢」%K%P
%LC杏奈
%LC杏奈
「なんで？」%K%P
「为什么？」%K%P
%LC陽菜
%LC阳菜
「職員寮での生活は、ニナさんも姉さんも\n　女装のことを知ってたから、気兼ねなかったし」%K%P
「在职员宿舍里生活，妮娜姐和姐姐，\n　都知道我女装的事，所以没有顾虑」%K%P
%LC陽菜
%LC阳菜
「その点、学生寮だと、杏奈ちゃん以外には\n　女装のことを隠したまま生活するわけだから」%K%P
「这一点上，如果在学生宿舍的话，\n　除了杏奈酱以外，必须要瞒着其他人女装生活了」%K%P
%LC陽菜
%LC阳菜
「絶対に苦労は増えるし、\n　杏奈ちゃんにも負担をかけちゃうでしょ？」%K%P
「肯定会徒增操劳，\n　也会给杏奈酱增加负担吧？」%K%P
%LC杏奈
%LC杏奈
「もう、水くさいこと言って。\n　ばっちりフォローするから任せといて」%K%P
「真是的，就爱说令人担忧的话。\n　我会及时跟进你的啦，放心交给我吧」%K%P
%LC杏奈
%LC杏奈
「お風呂の入浴時間とかも、\n　他の子と重ならないようにしておいたし」%K%P
「洗澡的时间也是，\n　不会和其他人重叠的啦」%K%P
%LC陽菜
%LC阳菜
「ありがとう。ほんと、大助かり」%K%P
「谢谢你。真的帮大忙了」%K%P
%LC杏奈
%LC杏奈
「まあ、他の子と一緒じゃないってだけで、\n　私とは一緒に入るんだけどね」%K%P
「嘛，只是不和别人一起进去，\n　而是和我一起进去呢」%K%P
%LC陽菜
%LC阳菜
「……へ？　え、なんで？」%K%P
「……诶？　额，为啥呀？」%K%P
%LC杏奈
%LC杏奈
「なんでって、お風呂って裸で入るんだよ？\n　そんな危ない場所に一人で行かせられないもん」%K%P
「你问为什么，洗澡要光着身子啊？\n　不能让你一个人去那么危险的地方」%K%P
%LC陽菜
%LC阳菜
「杏奈ちゃんと一緒に入るほうが、\n　よっぽどバレそうな気がするんだけど」%K%P
「我觉得和杏奈酱一起进去，\n　更容易暴露吧」%K%P
杏奈ちゃんと一緒に入浴して、\n勃起しないという未来が一切見えない。%K%P
和杏奈酱一起洗澡，\n完全不可能不勃起呀。%K%P
%LC杏奈
%LC杏奈
「大丈夫っ。万一のときは、\n　私が抱きついて隠してあげるから」%K%P
「没关系。万一发生了啥事，\n　我会抱着你把你藏起来的啦」%K%P
%LC陽菜
%LC阳菜
「そんなことしたら余計におっきくなるでしょ」%K%P
「那样的话，那里会变得更大吧」%K%P
%LC杏奈
%LC杏奈
「そしたら挿れて隠せばいいし」%K%P
「你可以插进来藏着嘛」%K%P
%LC陽菜
%LC阳菜
%XS21「なんでそういうこと思いつくのっ」%XE%K%P
%XS21「你在想什么东西啊」%XE%K%P
%LC杏奈
%LC杏奈
「だって私、ドスケベだもん。……んふふっ」%K%P
「因为我啊，可是色鬼哦……呼呼呼~❤」%K%P
%LC陽菜
%LC阳菜
「もう……」%K%P
「真是的……」%K%P
こっちを見つめて微笑む杏奈ちゃんに、\nかなわないなって気持ちで、肩をすくめる。%K%P
看着对我微笑的杏奈酱，\n我无奈地耸了耸肩。%K%P
はたして彼女と一緒に暮らして、\n卒業まで女装がバレずに過ごせるかどうか――、\nそれはまだ、わからないけれど。%K%P
到底能不能和她一起生活，\n直到毕业女装都不被发现——\n这个谁知道呢。%K%P
願わくば、銀蘭学園を卒業したあとも、\nこうして彼女と一緒に暮らせる日々が来ますように。%K%P
我希望，从银兰学院毕业后，\n也能像这样和她一起生活。%K%P
