クレールと無事に仲直り……というか、\nお付き合いすることになり、一夜が明けた。%K%P
クレールと無事に仲直り……というか、\nお付き合いすることになり、一夜が明けた。%K%P
明日はいよいよ、\n{連弾:デュオ}{舞闘:カデンツァ}のトーナメント初戦。%K%P
明日はいよいよ、\n{連弾:デュオ}{舞闘:カデンツァ}のトーナメント初戦。%K%P
いろいろあって練習不足は否めないけど、\n出来る限りのことをして、明日に備えよう。%K%P
いろいろあって練習不足は否めないけど、\n出来る限りのことをして、明日に備えよう。%K%P
というわけで、放課後になってすぐ、\nトレーニングルームへとやってきたんだけど。%K%P
というわけで、放課後になってすぐ、\nトレーニングルームへとやってきたんだけど。%K%P
一番乗りかと思っていたら、先客の姿が。%K%P
一番乗りかと思っていたら、先客の姿が。%K%P
%LC梨理
%LC梨理
「あっ、センセ」%K%P
「あっ、センセ」%K%P
%LC陽菜
%LC陽菜
「ごきげんよう、梨理ちゃん。\n　調子はどう？」%K%P
「ごきげんよう、梨理ちゃん。\n　調子はどう？」%K%P
%LC梨理
%LC梨理
「別に普通ですけど。\n　センセはトレーニングですか？」%K%P
「別に普通ですけど。\n　センセはトレーニングですか？」%K%P
%LC陽菜
%LC陽菜
「明日はいよいよ本番だから。\n　クレールと練習しておこうと思って」%K%P
「明日はいよいよ本番だから。\n　クレールと練習しておこうと思って」%K%P
%LC陽菜
%LC陽菜
「梨理ちゃんは依夜様と一緒じゃないの？」%K%P
「梨理ちゃんは依夜様と一緒じゃないの？」%K%P
%LC梨理
%LC梨理
「依夜様なら、もう帰りました。\n　今日は祭事があるそうで」%K%P
「依夜様なら、もう帰りました。\n　今日は祭事があるそうで」%K%P
%LC梨理
%LC梨理
「私は明日に備えて、フィエルテとクラージュの\n　チェックがしたくて寄っただけです」%K%P
「私は明日に備えて、フィエルテとクラージュの\n　チェックがしたくて寄っただけです」%K%P
%LC陽菜
%LC陽菜
「祭事って……あ、そっか。\n　依夜様の家、神社なんだっけ」%K%P
「祭事って……あ、そっか。\n　依夜様の家、神社なんだっけ」%K%P
%LC陽菜
%LC陽菜
「そういえば梨理ちゃん、\n　依夜様の家にお泊まりしたんでしょ？」%K%P
「そういえば梨理ちゃん、\n　依夜様の家にお泊まりしたんでしょ？」%K%P
%LC梨理
%LC梨理
「なんでそれを……って、\n　ああ、さてはお姉ちゃんですか」%K%P
「なんでそれを……って、\n　ああ、さてはお姉ちゃんですか」%K%P
%LC陽菜
%LC陽菜
「うん。昨日、教えてもらって。\n　どうだった？　お泊まり」%K%P
「うん。昨日、教えてもらって。\n　どうだった？　お泊まり」%K%P
%LC梨理
%LC梨理
「どうと言われても……。\n　本当に、ただ泊まっただけですし」%K%P
「どうと言われても……。\n　本当に、ただ泊まっただけですし」%K%P
%LC梨理
%LC梨理
「まあ、依夜様の手料理は美味しかったですし、\n　お風呂も広くて、快適でしたけど……」%K%P
「まあ、依夜様の手料理は美味しかったですし、\n　お風呂も広くて、快適でしたけど……」%K%P
%LC陽菜
%LC陽菜
「依夜様と仲良くなれた？」%K%P
「依夜様と仲良くなれた？」%K%P
%LC梨理
%LC梨理
「……まあ、それなりには」%K%P
「……まあ、それなりには」%K%P
%LC陽菜
%LC陽菜
「そっか。よかったね」%K%P
「そっか。よかったね」%K%P
%LC梨理
%LC梨理
「む……なんです？　よかったね、って」%K%P
「む……なんです？　よかったね、って」%K%P
%LC陽菜
%LC陽菜
「あ、えっと……誤解を恐れず言うと、梨理ちゃん、\n　依夜様のことが苦手なのかなって思ってたから」%K%P
「あ、えっと……誤解を恐れず言うと、梨理ちゃん、\n　依夜様のことが苦手なのかなって思ってたから」%K%P
%LC梨理
%LC梨理
「別に、苦手というわけじゃ……。\n　いろいろと思うところがあるだけで」%K%P
「別に、苦手というわけじゃ……。\n　いろいろと思うところがあるだけで」%K%P
%LC梨理
%LC梨理
「それより、センセこそどうなんです？\n　クレール様とうまくいってないって噂ですけど」%K%P
「それより、センセこそどうなんです？\n　クレール様とうまくいってないって噂ですけど」%K%P
%LCクレール
%LCクレール
「それならもう大丈夫よ。\n　あなたのお姉様のおかげでね」%K%P
「それならもう大丈夫よ。\n　あなたのお姉様のおかげでね」%K%P
%LC陽菜
%LC陽菜
「クレール……。いつからいたの？」%K%P
「クレール……。いつからいたの？」%K%P
%LCクレール
%LCクレール
「ついさっき。珍しい組み合わせだから、\n　思わずこっそり眺めちゃった」%K%P
「ついさっき。珍しい組み合わせだから、\n　思わずこっそり眺めちゃった」%K%P
%LCクレール
%LCクレール
「というわけで、ごきげんよう。梨理ちゃん」%K%P
「というわけで、ごきげんよう。梨理ちゃん」%K%P
%LC梨理
%LC梨理
「うっ……はい、ごきげんよう」%K%P
「うっ……はい、ごきげんよう」%K%P
%LCクレール
%LCクレール
「あっ……そんな、逃げなくても。\n　ひょっとして私、警戒されてる？」%K%P
「あっ……そんな、逃げなくても。\n　ひょっとして私、警戒されてる？」%K%P
%LC梨理
%LC梨理
「隙を見せると抱きつかれそうなので」%K%P
「隙を見せると抱きつかれそうなので」%K%P
そういえば梨理ちゃん、前にクレールのこと、\n距離感バグってるって言っていたっけ。%K%P
そういえば梨理ちゃん、前にクレールのこと、\n距離感バグってるって言っていたっけ。%K%P
%LCクレール
%LCクレール
「くすっ。安心して、梨理ちゃん。\n　もういきなりハグなんてしないから」%K%P
「くすっ。安心して、梨理ちゃん。\n　もういきなりハグなんてしないから」%K%P
%LCクレール
%LCクレール
「私の身体は、陽菜ちゃんだけのものになったの」%K%P
「私の身体は、陽菜ちゃんだけのものになったの」%K%P
%LC梨理
%LC梨理
「はぁ。なら、いいんですけど――」%K%P
「はぁ。なら、いいんですけど――」%K%P
%LC梨理
%LC梨理
「んなッ……？！　な、なんですかっ？\n　その、陽菜ちゃんのものっていうのはっ？！」%K%P
「んなッ……？！　な、なんですかっ？\n　その、陽菜ちゃんのものっていうのはっ？！」%K%P
%LCクレール
%LCクレール
「そのままの意味だけど？」%K%P
「そのままの意味だけど？」%K%P
%LC陽菜
%LC陽菜
「ちょっ、クレールっ！？\n　いきなりなに言ってるのっ！」%K%P
「ちょっ、クレールっ！？\n　いきなりなに言ってるのっ！」%K%P
%LCクレール
%LCクレール
「なにって、エンゲージした相手とは、\n　そのぐらい強く結びついてるって意味よ？」%K%P
「なにって、エンゲージした相手とは、\n　そのぐらい強く結びついてるって意味よ？」%K%P
%LCクレール
%LCクレール
「他のペア……例えば、杏奈ちゃんと美実も、\n　抱き合うぐらいは普通にしているでしょ？」%K%P
「他のペア……例えば、杏奈ちゃんと美実も、\n　抱き合うぐらいは普通にしているでしょ？」%K%P
%LC陽菜
%LC陽菜
「それは……まあ、そうだけど……」%K%P
「それは……まあ、そうだけど……」%K%P
%LCクレール
%LCクレール
「くすっ。もしかして陽菜ちゃん、\n　もっと違う意味だと思っちゃった？」%K%P
「くすっ。もしかして陽菜ちゃん、\n　もっと違う意味だと思っちゃった？」%K%P
%LC陽菜
%LC陽菜
「うぐっ……」%K%P
「うぐっ……」%K%P
%LCクレール
%LCクレール
「んふ、うふふっ氈@あーもう可愛いっ歃n　陽菜ちゃん大好きっ氈v%K%P
「んふ、うふふっ氈@あーもう可愛いっ歃n　陽菜ちゃん大好きっ氈v%K%P
%LC陽菜
%LC陽菜
「うわっ……？！　わわっ、ちょっとぉっ！？」%K%P
「うわっ……？！　わわっ、ちょっとぉっ！？」%K%P
気付いた時にはクレールが抱きついていて、\nそのまま、コアラみたいにしがみついてくる。%K%P
気付いた時にはクレールが抱きついていて、\nそのまま、コアラみたいにしがみついてくる。%K%P
相変わらず彼女のおっぱいは圧倒的で、\nその包容力には為す術がない。%K%P
相変わらず彼女のおっぱいは圧倒的で、\nその包容力には為す術がない。%K%P
いや、クレールの場合、抱擁力というべきかも。%K%P
いや、クレールの場合、抱擁力というべきかも。%K%P
%LC梨理
%LC梨理
「なんだ、ホントに仲良いんだ……。\n　心配してたのがバカみたい……」%K%P
「なんだ、ホントに仲良いんだ……。\n　心配してたのがバカみたい……」%K%P
%LCクレール
%LCクレール
「心配って……ほんとっ？　梨理ちゃん、\n　私たちのこと心配してくれてたのっ？」%K%P
「心配って……ほんとっ？　梨理ちゃん、\n　私たちのこと心配してくれてたのっ？」%K%P
%LC梨理
%LC梨理
「べっ、別に心配ってほどじゃっ……！\n　二人の仲とか、どうでもいいですしっ……」%K%P
「べっ、別に心配ってほどじゃっ……！\n　二人の仲とか、どうでもいいですしっ……」%K%P
%LC梨理
%LC梨理
「ただ、対戦相手が万全じゃないとか、\n　そういうの、やっぱイヤじゃないですかっ」%K%P
「ただ、対戦相手が万全じゃないとか、\n　そういうの、やっぱイヤじゃないですかっ」%K%P
%LC梨理
%LC梨理
「本調子じゃない相手に勝っても、\n　ちっとも嬉しくないですしっ……」%K%P
「本調子じゃない相手に勝っても、\n　ちっとも嬉しくないですしっ……」%K%P
%LCクレール
%LCクレール
「うふふっ、ツンツンな梨理ちゃんも可愛いっ氈v%K%P
「うふふっ、ツンツンな梨理ちゃんも可愛いっ氈v%K%P
%LC梨理
%LC梨理
「うぐっ、ぐぬぬぅーっ……」%K%P
「うぐっ、ぐぬぬぅーっ……」%K%P
%LC陽菜
%LC陽菜
「もう、クレール。からかっちゃダメ」%K%P
「もう、クレール。からかっちゃダメ」%K%P
%LCクレール
%LCクレール
「だって可愛いんだもの」%K%P
「だって可愛いんだもの」%K%P
%LC陽菜
%LC陽菜
「それには同意するけど――」%K%P
「それには同意するけど――」%K%P
って、これと似たやりとりが、\n編入直後にもあったような気がする。%K%P
って、これと似たやりとりが、\n編入直後にもあったような気がする。%K%P
あのときは確か、美実様がオレをからかって、\nそれをクレールが注意してくれたんだっけ。%K%P
あのときは確か、美実様がオレをからかって、\nそれをクレールが注意してくれたんだっけ。%K%P
些細な会話を覚えていたことに自分でも驚くけど、\nそれぐらい印象的だったってことかもしれない。%K%P
些細な会話を覚えていたことに自分でも驚くけど、\nそれぐらい印象的だったってことかもしれない。%K%P
思えばあれが、クレールとの２度目の遭遇――、\n彼女の名前を知った瞬間でもあるわけだから。%K%P
思えばあれが、クレールとの２度目の遭遇――、\n彼女の名前を知った瞬間でもあるわけだから。%K%P
%LC梨理
%LC梨理
「じゃあ私、これで失礼します」%K%P
「じゃあ私、これで失礼します」%K%P
%LCクレール
%LCクレール
「ええっ？　梨理ちゃん、練習していかないの？」%K%P
「ええっ？　梨理ちゃん、練習していかないの？」%K%P
%LC陽菜
%LC陽菜
「今日はクラージュとフィエルテの確認のために\n　立ち寄っただけなんだって」%K%P
「今日はクラージュとフィエルテの確認のために\n　立ち寄っただけなんだって」%K%P
%LCクレール
%LCクレール
「そう。なら、お楽しみは本番までお預けね」%K%P
「そう。なら、お楽しみは本番までお預けね」%K%P
%LC梨理
%LC梨理
「っと、そうだ。\n　帰る前に、ひとついいですか？」%K%P
「っと、そうだ。\n　帰る前に、ひとついいですか？」%K%P
%LC梨理
%LC梨理
「センセたち、どっちがプリモをやるか、\n　すでに決めてるんですか？」%K%P
「センセたち、どっちがプリモをやるか、\n　すでに決めてるんですか？」%K%P
%LC陽菜
%LC陽菜
「それなら、まだ決めてないけど」%K%P
「それなら、まだ決めてないけど」%K%P
%LC梨理
%LC梨理
「そうですか……」%K%P
「そうですか……」%K%P
{連弾:デュオ}{舞闘:カデンツァ}では、ペアのどちらかが\nリーダー役のプリモを務めなくてはいけない。%K%P
{連弾:デュオ}{舞闘:カデンツァ}では、ペアのどちらかが\nリーダー役のプリモを務めなくてはいけない。%K%P
プリモは胸に飾緒という飾り紐をつける決まりで、\nこれを斬られると、即敗北という特別ルールがある。%K%P
プリモは胸に飾緒という飾り紐をつける決まりで、\nこれを斬られると、即敗北という特別ルールがある。%K%P
%LC陽菜
%LC陽菜
「梨理ちゃんたちのペアは、\n　依夜様がプリモをやるんでしょ？」%K%P
「梨理ちゃんたちのペアは、\n　依夜様がプリモをやるんでしょ？」%K%P
%LC梨理
%LC梨理
「はい。……私には、任せられないって」%K%P
「はい。……私には、任せられないって」%K%P
%LCクレール
%LCクレール
「そう。なんとも依夜ちゃんらしいわね」%K%P
「そう。なんとも依夜ちゃんらしいわね」%K%P
%LC梨理
%LC梨理
「わかってます。\n　私じゃ力不足ってことですよね」%K%P
「わかってます。\n　私じゃ力不足ってことですよね」%K%P
%LCクレール
%LCクレール
「違うわ。梨理ちゃんにプリモを任せないのは、\n　依夜ちゃんなりの優しさなのよ」%K%P
「違うわ。梨理ちゃんにプリモを任せないのは、\n　依夜ちゃんなりの優しさなのよ」%K%P
%LC陽菜
%LC陽菜
「万が一負けたとき、梨理ちゃんのせいだって、\n　周囲が梨理ちゃんを責めてしまわないようにね」%K%P
「万が一負けたとき、梨理ちゃんのせいだって、\n　周囲が梨理ちゃんを責めてしまわないようにね」%K%P
%LCクレール
%LCクレール
「そういうこと。さっすが陽菜ちゃん」%K%P
「そういうこと。さっすが陽菜ちゃん」%K%P
%LC梨理
%LC梨理
「でも……依夜様、そんなことは一言も」%K%P
「でも……依夜様、そんなことは一言も」%K%P
%LC陽菜
%LC陽菜
「依夜様は、気持ちを言葉にするのが苦手だから」%K%P
「依夜様は、気持ちを言葉にするのが苦手だから」%K%P
ラブレターの一件で聞いた言葉は、\n今でも覚えているぐらい印象的だった。%K%P
ラブレターの一件で聞いた言葉は、\n今でも覚えているぐらい印象的だった。%K%P
%LC陽菜
%LC陽菜
「ちなみに梨理ちゃんは、私たちのどちらと\n　戦いたいとか、そういう希望はあるの？」%K%P
「ちなみに梨理ちゃんは、私たちのどちらと\n　戦いたいとか、そういう希望はあるの？」%K%P
%LC梨理
%LC梨理
「私は……出来れば、センセがいいです」%K%P
「私は……出来れば、センセがいいです」%K%P
%LC梨理
%LC梨理
「本当は依夜様と戦いたかったんですけど。\n　ペアになった以上、それは無理なので」%K%P
「本当は依夜様と戦いたかったんですけど。\n　ペアになった以上、それは無理なので」%K%P
%LC陽菜
%LC陽菜
「なら、依夜様に勝った私と戦って、\n　それで実力を証明したい……ってところ？」%K%P
「なら、依夜様に勝った私と戦って、\n　それで実力を証明したい……ってところ？」%K%P
%LC梨理
%LC梨理
「はい」%K%P
「はい」%K%P
%LCクレール
%LCクレール
「そういうことなら、明日の試合、\n　私がプリモをしましょうか」%K%P
「そういうことなら、明日の試合、\n　私がプリモをしましょうか」%K%P
%LCクレール
%LCクレール
「プリモ同士で一騎打ちって図式になれば、\n　陽菜ちゃんと梨理ちゃんは普通に戦えるでしょ？」%K%P
「プリモ同士で一騎打ちって図式になれば、\n　陽菜ちゃんと梨理ちゃんは普通に戦えるでしょ？」%K%P
斬られれば一発アウトの飾緒があるプリモの場合、\n普段の{舞闘:カデンツァ}とは違う戦い方が求められる。%K%P
斬られれば一発アウトの飾緒があるプリモの場合、\n普段の{舞闘:カデンツァ}とは違う戦い方が求められる。%K%P
でも、それがないセコンド同士の戦いであれば、\n普段と同じく、勝敗は相手の鎧を砕くかどうかだ。%K%P
でも、それがないセコンド同士の戦いであれば、\n普段と同じく、勝敗は相手の鎧を砕くかどうかだ。%K%P
%LCクレール
%LCクレール
「私も、テスト{舞闘:カデンツァ}のときの決着を、\n　つけておきたいなって思っていたし」%K%P
「私も、テスト{舞闘:カデンツァ}のときの決着を、\n　つけておきたいなって思っていたし」%K%P
%LCクレール
%LCクレール
「依夜ちゃんなら、私との一騎打ちって提案にも、\n　きっと応じてくれると思うから」%K%P
「依夜ちゃんなら、私との一騎打ちって提案にも、\n　きっと応じてくれると思うから」%K%P
%LC梨理
%LC梨理
「でも……それだとセンセたちが、\n　こっちの都合に合わせてくれすぎな気が……」%K%P
「でも……それだとセンセたちが、\n　こっちの都合に合わせてくれすぎな気が……」%K%P
%LCクレール
%LCクレール
「いいんじゃない？　そういうのも」%K%P
「いいんじゃない？　そういうのも」%K%P
%LC陽菜
%LC陽菜
「私も梨理ちゃんとは戦ってみたいし、\n　依夜様とクレールの勝負も見てみたいから」%K%P
「私も梨理ちゃんとは戦ってみたいし、\n　依夜様とクレールの勝負も見てみたいから」%K%P
%LC梨理
%LC梨理
「……わかりました。なら、それで。\n　あとで依夜様にも連絡しておきます」%K%P
「……わかりました。なら、それで。\n　あとで依夜様にも連絡しておきます」%K%P
%LCクレール
%LCクレール
「わっ、すごいっ。梨理ちゃん、\n　依夜ちゃんと連絡先交換したの？」%K%P
「わっ、すごいっ。梨理ちゃん、\n　依夜ちゃんと連絡先交換したの？」%K%P
%LC梨理
%LC梨理
「んっ……なにかあったときのためって、\n　そう言われて、仕方なく……」%K%P
「んっ……なにかあったときのためって、\n　そう言われて、仕方なく……」%K%P
%LC梨理
%LC梨理
「とっ、とにかく私はこれで失礼しますっ。\n　センセ、明日は覚悟してくださいっ。ではっ」%K%P
「とっ、とにかく私はこれで失礼しますっ。\n　センセ、明日は覚悟してくださいっ。ではっ」%K%P
どことなく照れた感じで慌てた梨理ちゃんは、\nそれだけ言うと、そそくさと行ってしまった。%K%P
どことなく照れた感じで慌てた梨理ちゃんは、\nそれだけ言うと、そそくさと行ってしまった。%K%P
%LCクレール
%LCクレール
「梨理ちゃん、ちょっと雰囲気変わったわね。\n　これもエンゲージの効果かしら」%K%P
「梨理ちゃん、ちょっと雰囲気変わったわね。\n　これもエンゲージの効果かしら」%K%P
%LC陽菜
%LC陽菜
「そうかも。私たちだって……ね？\n　いろいろとあったわけだし」%K%P
「そうかも。私たちだって……ね？\n　いろいろとあったわけだし」%K%P
%LCクレール
%LCクレール
「ふふっ、そうね」%K%P
「ふふっ、そうね」%K%P
%LC陽菜
%LC陽菜
「ところで、本当によかったの？\n　プリモ、責任重大だよ？」%K%P
「ところで、本当によかったの？\n　プリモ、責任重大だよ？」%K%P
%LCクレール
%LCクレール
「もちろん。というか、ごめんなさい。\n　私がやる、なんて勝手に言い出して」%K%P
「もちろん。というか、ごめんなさい。\n　私がやる、なんて勝手に言い出して」%K%P
%LC陽菜
%LC陽菜
「それは全然気にしてない……というか、\n　どっちがやるか、決めなくちゃいけなかったし」%K%P
「それは全然気にしてない……というか、\n　どっちがやるか、決めなくちゃいけなかったし」%K%P
作戦を立てる上で重要な要素なんだけど、お互い、\nそこにはこだわりがなかった、というか。%K%P
作戦を立てる上で重要な要素なんだけど、お互い、\nそこにはこだわりがなかった、というか。%K%P
どちらがプリモを務めたとしても、きっと、\n大差はなかったはず……というのが正直なところだ。%K%P
どちらがプリモを務めたとしても、きっと、\n大差はなかったはず……というのが正直なところだ。%K%P
%LCクレール
%LCクレール
「私たちの場合、どっちでもいい、みたいな感じで、\n　じゃんけんとかで決めそうだったものね」%K%P
「私たちの場合、どっちでもいい、みたいな感じで、\n　じゃんけんとかで決めそうだったものね」%K%P
%LC陽菜
%LC陽菜
「うん。だから、明確な理由で決められて、\n　良かったなって思う」%K%P
「うん。だから、明確な理由で決められて、\n　良かったなって思う」%K%P
%LC陽菜
%LC陽菜
「おかげで、梨理ちゃんと戦えそうだし」%K%P
「おかげで、梨理ちゃんと戦えそうだし」%K%P
%LCクレール
%LCクレール
「なぁに？　陽菜ちゃんって、\n　梨理ちゃんにそんなに興味があったの？」%K%P
「なぁに？　陽菜ちゃんって、\n　梨理ちゃんにそんなに興味があったの？」%K%P
%LC陽菜
%LC陽菜
「授業や試験で動きを見ていて、\n　一度戦ってみたいなって思っていたから」%K%P
「授業や試験で動きを見ていて、\n　一度戦ってみたいなって思っていたから」%K%P
%LCクレール
%LCクレール
「むぅ。……なんか、ちょっとズルい」%K%P
「むぅ。……なんか、ちょっとズルい」%K%P
%LC陽菜
%LC陽菜
「ズルいって……どうして？」%K%P
「ズルいって……どうして？」%K%P
%LCクレール
%LCクレール
「だって……私に対してはそういうこと、\n　言ってくれたことないんだもの」%K%P
「だって……私に対してはそういうこと、\n　言ってくれたことないんだもの」%K%P
%LC陽菜
%LC陽菜
「別に、クレールとの勝負に興味がないとか、\n　そういうことじゃないんだよ？」%K%P
「別に、クレールとの勝負に興味がないとか、\n　そういうことじゃないんだよ？」%K%P
%LC陽菜
%LC陽菜
「ただ、クレールが{騎士:ワルキュリア}だって知ったのは、\n　テスト{舞闘:カデンツァ}のときだったでしょ？」%K%P
「ただ、クレールが{騎士:ワルキュリア}だって知ったのは、\n　テスト{舞闘:カデンツァ}のときだったでしょ？」%K%P
%LC陽菜
%LC陽菜
「あのときも、共に戦うって感じだったし……。\n　意識的に、味方ってイメージが強いんだと思う」%K%P
「あのときも、共に戦うって感じだったし……。\n　意識的に、味方ってイメージが強いんだと思う」%K%P
テスト{舞闘:カデンツァ}の時から隣に居て、\nそのあとエンゲージをして、パートナーになって。%K%P
テスト{舞闘:カデンツァ}の時から隣に居て、\nそのあとエンゲージをして、パートナーになって。%K%P
そのせいか、他の{騎士:ワルキュリア}に比べると、\n彼女と戦う自分の姿は、想像しにくい、というか。%K%P
そのせいか、他の{騎士:ワルキュリア}に比べると、\n彼女と戦う自分の姿は、想像しにくい、というか。%K%P
%LCクレール
%LCクレール
「あーあ、こんなことなら、\n　陽菜ちゃんとエンゲージしなければよかったかも」%K%P
「あーあ、こんなことなら、\n　陽菜ちゃんとエンゲージしなければよかったかも」%K%P
%LC陽菜
%LC陽菜
「え……ええっ？　なんでっ？」%K%P
「え……ええっ？　なんでっ？」%K%P
%LCクレール
%LCクレール
「だって、パートナーになった{騎士:ワルキュリア}とは、\n　対決することができないんだもん」%K%P
「だって、パートナーになった{騎士:ワルキュリア}とは、\n　対決することができないんだもん」%K%P
%LC陽菜
%LC陽菜
「ああ……なんだ、そういう……」%K%P
「ああ……なんだ、そういう……」%K%P
思えば美実様も、私と戦いたいって理由で、\n私とはエンゲージしないって宣言したんだっけ。%K%P
思えば美実様も、私と戦いたいって理由で、\n私とはエンゲージしないって宣言したんだっけ。%K%P
%LC陽菜
%LC陽菜
「まあ、確かにテアトルでは戦えないけど。\n　その分、こうして一緒にトレーニングできるし」%K%P
「まあ、確かにテアトルでは戦えないけど。\n　その分、こうして一緒にトレーニングできるし」%K%P
%LC陽菜
%LC陽菜
「なにより、私はクレールがパートナーで\n　とっても嬉しいし、心強いって思うよ？」%K%P
「なにより、私はクレールがパートナーで\n　とっても嬉しいし、心強いって思うよ？」%K%P
%LC陽菜
%LC陽菜
「それでも、エンゲージしなければよかった？」%K%P
「それでも、エンゲージしなければよかった？」%K%P
%LCクレール
%LCクレール
「うぅ……そんなふうに言われたら、拗ねた私が、\n　器量のちっちゃい子みたいじゃないっ」%K%P
「うぅ……そんなふうに言われたら、拗ねた私が、\n　器量のちっちゃい子みたいじゃないっ」%K%P
%LC陽菜
%LC陽菜
「けど、ぜんぶ本当のことだよ？\n　私はクレールがパートナーで良かったなって」%K%P
「けど、ぜんぶ本当のことだよ？\n　私はクレールがパートナーで良かったなって」%K%P
%LCクレール
%LCクレール
「それは、私だって……んふっ、えへへっ。\n　ああもうっ、ホントに陽菜ちゃん大好きっ氈v%K%P
「それは、私だって……んふっ、えへへっ。\n　ああもうっ、ホントに陽菜ちゃん大好きっ氈v%K%P
%LC陽菜
%LC陽菜
「うにゃあっ？！　ちょっ、クレール……って、\n　待って待って、どこさわってるのぉっ？！」%K%P
「うにゃあっ？！　ちょっ、クレール……って、\n　待って待って、どこさわってるのぉっ？！」%K%P
%LCクレール
%LCクレール
「陽菜ちゃんご自慢のクラージュ、\n　今日はまだアン・ガルドしてないなーって」%K%P
「陽菜ちゃんご自慢のクラージュ、\n　今日はまだアン・ガルドしてないなーって」%K%P
%LC陽菜
%LC陽菜
「クレールぅっ！！」%K%P
「クレールぅっ！！」%K%P
%LCクレール
%LCクレール
「うふっ、んふふっ氈@さっ、陽菜ちゃん。\n　明日のために練習しましょ、そうしましょ？」%K%P
「うふっ、んふふっ氈@さっ、陽菜ちゃん。\n　明日のために練習しましょ、そうしましょ？」%K%P
%LC陽菜
%LC陽菜
「なら、まずはあそこから手を離して……って、\n　んやっ……ちょっ、ふにゃあっ氈v%K%P
「なら、まずはあそこから手を離して……って、\n　んやっ……ちょっ、ふにゃあっ氈v%K%P
%LCクレール
%LCクレール
「ほらほら、はやく私から逃げないと、\n　大変なことになっちゃうわよっ？」%K%P
「ほらほら、はやく私から逃げないと、\n　大変なことになっちゃうわよっ？」%K%P
%LC陽菜
%LC陽菜
「くっ……そっちがその気なら、\n　私だって……せいっ！」%K%P
「くっ……そっちがその気なら、\n　私だって……せいっ！」%K%P
%LCクレール
%LCクレール
「なんのっ」%K%P
「なんのっ」%K%P
%LC陽菜
%LC陽菜
「くっ……なら、こうしてっ……！！」%K%P
「くっ……なら、こうしてっ……！！」%K%P
%LCクレール
%LCクレール
「ふふっ、まだまだっ」%K%P
「ふふっ、まだまだっ」%K%P
ハグからのじゃれあいが、\nだんだん本格的なトレーニングに変わっていく。%K%P
ハグからのじゃれあいが、\nだんだん本格的なトレーニングに変わっていく。%K%P
そこにはもう、ぎこちなさや気まずさはなくて。%K%P
そこにはもう、ぎこちなさや気まずさはなくて。%K%P
オレはクレールと、日が傾くまで、\nトレーニングルームでたっぷりと汗を流した。%K%P
オレはクレールと、日が傾くまで、\nトレーニングルームでたっぷりと汗を流した。%K%P
