銀蘭祭初日、オレはクレールの策略により、\nメイド服で学園中を歩き回ることになった。%K%P
銀蘭祭初日、オレはクレールの策略により、\nメイド服で学園中を歩き回ることになった。%K%P
行く先々で声を掛けられ、写真撮影され、\nメイド姿のまま出し物を見学するハメになって。%K%P
行く先々で声を掛けられ、写真撮影され、\nメイド姿のまま出し物を見学するハメになって。%K%P
恥ずかしかったけど、クレールも喜んでくれたし、\nオレも次第に慣れて――いけたらよかったんだけど。%K%P
恥ずかしかったけど、クレールも喜んでくれたし、\nオレも次第に慣れて――いけたらよかったんだけど。%K%P
同年代の女の子たちに囲まれて、黄色い声で\n可愛いと連呼されたら落ち着けるはずもなかった。%K%P
同年代の女の子たちに囲まれて、黄色い声で\n可愛いと連呼されたら落ち着けるはずもなかった。%K%P
そうして、学園中の注目を集めてしまったあと、\n乙女部の部室へと戻ってきた。%K%P
そうして、学園中の注目を集めてしまったあと、\n乙女部の部室へと戻ってきた。%K%P
銀蘭祭ということで、どこもかしこも混雑していて、\n落ち着いて着替える場所がここしかなかったのだ。%K%P
銀蘭祭ということで、どこもかしこも混雑していて、\n落ち着いて着替える場所がここしかなかったのだ。%K%P
乙女部は部員全員が{連弾:デュオ}{舞闘:カデンツァ}に出場という\n快挙を成し遂げたため、出し物の用意は特になくて。%K%P
乙女部は部員全員が{連弾:デュオ}{舞闘:カデンツァ}に出場という\n快挙を成し遂げたため、出し物の用意は特になくて。%K%P
それもあって、部室はいつも通り静かで、\n他の学生が訪れる、ということもなかった。%K%P
それもあって、部室はいつも通り静かで、\n他の学生が訪れる、ということもなかった。%K%P
人がくる心配がない、ということは――、%K%P
人がくる心配がない、ということは――、%K%P
%LC陽菜
%LC陽菜
「く、クレールっ……？！　なにしてるのっ」%K%P
「く、クレールっ……？！　なにしてるのっ」%K%P
%LCクレール
%LCクレール
「もちろん、えっちなことだけど？」%K%P
「もちろん、えっちなことだけど？」%K%P
%LC陽菜
%LC陽菜
「それは見ればわかるってばっ。\n　私が聞いてるのは、なんでってことっ」%K%P
「それは見ればわかるってばっ。\n　私が聞いてるのは、なんでってことっ」%K%P
着替えるために{ホワイトブリム:装飾カチューシャ}を外した直後、\nクレールはオレを押し倒してきた。%K%P
着替えるために{ホワイトブリム:装飾カチューシャ}を外した直後、\nクレールはオレを押し倒してきた。%K%P
素早くこちらのスカートをまくりあげ、\n下着を脱がし、さらには自ら胸をはだけさせて。%K%P
素早くこちらのスカートをまくりあげ、\n下着を脱がし、さらには自ら胸をはだけさせて。%K%P
あっという間の早業で、オレのち○ぽを、\n大きなおっぱいで優しく包み込んでしまう。%K%P
あっという間の早業で、オレのち○ぽを、\n大きなおっぱいで優しく包み込んでしまう。%K%P
%LC陽菜
%LC陽菜
「まさか……初めからこれが目的で、\n　メイド服を用意してたんじゃ……」%K%P
「まさか……初めからこれが目的で、\n　メイド服を用意してたんじゃ……」%K%P
%LCクレール
%LCクレール
「それは、まぁ……そういう魂胆が、\n　まったくなかったわけじゃないけど……」%K%P
「それは、まぁ……そういう魂胆が、\n　まったくなかったわけじゃないけど……」%K%P
%LCクレール
%LCクレール
「でも……よりにもよって陽菜ちゃんが、\n　みんなの前でち○ぽを固くしちゃうんだもの」%K%P
「でも……よりにもよって陽菜ちゃんが、\n　みんなの前でち○ぽを固くしちゃうんだもの」%K%P
%LC陽菜
%LC陽菜
「なっ……しっ、してないしてないっ。\n　私、そんなことしてないよっ」%K%P
「なっ……しっ、してないしてないっ。\n　私、そんなことしてないよっ」%K%P
%LCクレール
%LCクレール
「陽菜ちゃん、途中からずーっと、\n　股間を両手で押さえていたでしょ？」%K%P
「陽菜ちゃん、途中からずーっと、\n　股間を両手で押さえていたでしょ？」%K%P
%LC陽菜
%LC陽菜
「あッ……あれは、ほら、メイドって、\n　ああいう感じのポーズでいるかなーって……」%K%P
「あッ……あれは、ほら、メイドって、\n　ああいう感じのポーズでいるかなーって……」%K%P
%LCクレール
%LCクレール
「くすっ、確かにそうね。\n　楚々とした陽菜ちゃん、とても可愛かったし」%K%P
「くすっ、確かにそうね。\n　楚々とした陽菜ちゃん、とても可愛かったし」%K%P
%LCクレール
%LCクレール
「でも……私の鼻に、そんな嘘が通じると思う？」%K%P
「でも……私の鼻に、そんな嘘が通じると思う？」%K%P
%LCクレール
%LCクレール
「陽菜ちゃんが勃起しているかどうか、\n　私にはお見通しだってこと、忘れちゃった？」%K%P
「陽菜ちゃんが勃起しているかどうか、\n　私にはお見通しだってこと、忘れちゃった？」%K%P
%LC陽菜
%LC陽菜
「あ……」%K%P
「あ……」%K%P
ズルい。ほんと、ズルい。%K%P
ズルい。ほんと、ズルい。%K%P
%LCクレール
%LCクレール
「たくさんの子に可愛いって言われて、\n　ドキドキして……それで勃起したんでしょ？」%K%P
「たくさんの子に可愛いって言われて、\n　ドキドキして……それで勃起したんでしょ？」%K%P
%LCクレール
%LCクレール
「メイド姿の写真をいろんな子に撮られて、\n　それで、いけない気持ちになっちゃったのよね？」%K%P
「メイド姿の写真をいろんな子に撮られて、\n　それで、いけない気持ちになっちゃったのよね？」%K%P
%LC陽菜
%LC陽菜
「んっ……だ、だって、こんな格好が、\n　記録に残るかと思ったらっ……」%K%P
「んっ……だ、だって、こんな格好が、\n　記録に残るかと思ったらっ……」%K%P
%LCクレール
%LCクレール
「恥ずかしさで言うなら、メイド服より、\n　フィエルテのほうがずっと上だと思うけど」%K%P
「恥ずかしさで言うなら、メイド服より、\n　フィエルテのほうがずっと上だと思うけど」%K%P
%LC陽菜
%LC陽菜
「あれはいいのっ。{舞闘:カデンツァ}に必要なものだし、\n　見せるために着てるわけじゃないしっ……」%K%P
「あれはいいのっ。{舞闘:カデンツァ}に必要なものだし、\n　見せるために着てるわけじゃないしっ……」%K%P
%LC陽菜
%LC陽菜
「でも、今日のコレは……」%K%P
「でも、今日のコレは……」%K%P
{歌姫:ディーバ}のドレスを試着したときに感じた\n気恥ずかしさと、理由はまったく同じ。%K%P
{歌姫:ディーバ}のドレスを試着したときに感じた\n気恥ずかしさと、理由はまったく同じ。%K%P
必要以上に女の子然とした格好をすると、\nどうしても恥ずかしくなってしまう。%K%P
必要以上に女の子然とした格好をすると、\nどうしても恥ずかしくなってしまう。%K%P
%LC陽菜
%LC陽菜
「……私だって、興奮する気はなかったんだよ？」%K%P
「……私だって、興奮する気はなかったんだよ？」%K%P
%LC陽菜
%LC陽菜
「でも、みんなに見られて、ドキドキして……」%K%P
「でも、みんなに見られて、ドキドキして……」%K%P
%LC陽菜
%LC陽菜
「それで……気付いたらって、感じで……」%K%P
「それで……気付いたらって、感じで……」%K%P
%LCクレール
%LCクレール
「くすっ　陽菜ちゃんは本当に、\n　スリルや背徳感で興奮しちゃうのね」%K%P
「くすっ　陽菜ちゃんは本当に、\n　スリルや背徳感で興奮しちゃうのね」%K%P
%LC陽菜
%LC陽菜
「はぅっ……」%K%P
「はぅっ……」%K%P
クレールに見つめられ、頬が熱くなる。%K%P
クレールに見つめられ、頬が熱くなる。%K%P
自分自身、そういう性癖だって自覚はないけど、\nこうも続くと意識せざるを得ない。%K%P
自分自身、そういう性癖だって自覚はないけど、\nこうも続くと意識せざるを得ない。%K%P
クレールと付き合うことにより、\n発露したというか、開発されたというか。%K%P
クレールと付き合うことにより、\n発露したというか、開発されたというか。%K%P
というか、クレールってエッチするとき、\nこういう共用スペースが多すぎるんだってば……！%K%P
というか、クレールってエッチするとき、\nこういう共用スペースが多すぎるんだってば……！%K%P
%LCクレール
%LCクレール
「ともかく、ち○ぽがこんな状態じゃ、\n　制服に着替えられないでしょ？」%K%P
「ともかく、ち○ぽがこんな状態じゃ、\n　制服に着替えられないでしょ？」%K%P
%LCクレール
%LCクレール
「メイド服のスカートはふわっとしてるから、\n　いくらでも誤魔化しようはあるけど――」%K%P
「メイド服のスカートはふわっとしてるから、\n　いくらでも誤魔化しようはあるけど――」%K%P
%LCクレール
%LCクレール
「制服はそういうわけにはいかないんだから。\n　このままじゃ、男の子だってバレちゃうもの」%K%P
「制服はそういうわけにはいかないんだから。\n　このままじゃ、男の子だってバレちゃうもの」%K%P
%LCクレール
%LCクレール
「だから……ね？　お着替えの前に、\n　ヌキヌキして、すっきりしておきましょ？」%K%P
「だから……ね？　お着替えの前に、\n　ヌキヌキして、すっきりしておきましょ？」%K%P
%LC陽菜
%LC陽菜
「もっともらしいこと言ってるけど、\n　クレール、エッチしたいだけだよね？」%K%P
「もっともらしいこと言ってるけど、\n　クレール、エッチしたいだけだよね？」%K%P
%LCクレール
%LCクレール
「ふふっ、もっちろん歃n　そうに決まっているでしょ？」%K%P
「ふふっ、もっちろん歃n　そうに決まっているでしょ？」%K%P
%LCクレール
%LCクレール
「だって……メイド服を着た陽菜ちゃんが\n　可愛すぎて、私も悶々としちゃってたし……氈v%K%P
「だって……メイド服を着た陽菜ちゃんが\n　可愛すぎて、私も悶々としちゃってたし……氈v%K%P
%LC陽菜
%LC陽菜
「あッ……」%K%P
「あッ……」%K%P
こちらをじーっと見つめたクレールは、\n身を乗り出し、おっぱいを押しつける。%K%P
こちらをじーっと見つめたクレールは、\n身を乗り出し、おっぱいを押しつける。%K%P
ふわふわなおっぱいに飲み込まれたペニスが、\n谷間の中で、むずむず、うずうず。%K%P
ふわふわなおっぱいに飲み込まれたペニスが、\n谷間の中で、むずむず、うずうず。%K%P
柔らかさと温かさに血液が集って、\nさらに硬さが増していく。%K%P
柔らかさと温かさに血液が集って、\nさらに硬さが増していく。%K%P
%LCクレール
%LCクレール
「んふっ……　陽菜ちゃんのち○ぽ、\n　びくびく震えて、すっごく可愛いっ……氈v%K%P
「んふっ……　陽菜ちゃんのち○ぽ、\n　びくびく震えて、すっごく可愛いっ……氈v%K%P
%LCクレール
%LCクレール
「おっぱいの間で、ひくひく、ぷるぷる……歃n　本当におっぱいが好きなんだからっ……氈v%K%P
「おっぱいの間で、ひくひく、ぷるぷる……歃n　本当におっぱいが好きなんだからっ……氈v%K%P
%LCクレール
%LCクレール
「今日もたくさん抱っこしちゃうから、\n　気持ちよくなってね？　ち○ぽちゃん氈v%K%P
「今日もたくさん抱っこしちゃうから、\n　気持ちよくなってね？　ち○ぽちゃん氈v%K%P
%LC陽菜
%LC陽菜
「やうっ……はっ、ああっ」%K%P
「やうっ……はっ、ああっ」%K%P
オレにではなくペニスに声をかけ、\nクレールはおっぱいをぐぐっと寄せる。%K%P
オレにではなくペニスに声をかけ、\nクレールはおっぱいをぐぐっと寄せる。%K%P
おっぱいの両脇に添えた手でもって、\n狭間の肉棒に、じわじわと圧をかけてきた。%K%P
おっぱいの両脇に添えた手でもって、\n狭間の肉棒に、じわじわと圧をかけてきた。%K%P
%LC陽菜
%LC陽菜
「んくッ……クレールのおっぱい、\n　ぎゅっぎゅっ、って……これ、すごいっ……」%K%P
「んくッ……クレールのおっぱい、\n　ぎゅっぎゅっ、って……これ、すごいっ……」%K%P
%LCクレール
%LCクレール
「ふふっ、でしょでしょ？　私のおっぱいは、\n　陽菜ちゃんのためにあるんだもの氈v%K%P
「ふふっ、でしょでしょ？　私のおっぱいは、\n　陽菜ちゃんのためにあるんだもの氈v%K%P
%LCクレール
%LCクレール
「甘えんぼな陽菜ちゃんにちゅーちゅーされたり、\n　逆に、こうしてち○ぽをぐりぐりしたり……氈v%K%P
「甘えんぼな陽菜ちゃんにちゅーちゅーされたり、\n　逆に、こうしてち○ぽをぐりぐりしたり……氈v%K%P
%LC陽菜
%LC陽菜
「はぐっ、はあっ、ああっ……」%K%P
「はぐっ、はあっ、ああっ……」%K%P
たぷたぷ揺れるおっぱいの谷間で、\n挟まれた亀頭が、ちらちらと見え隠れ。%K%P
たぷたぷ揺れるおっぱいの谷間で、\n挟まれた亀頭が、ちらちらと見え隠れ。%K%P
まるで、おっぱいの波間で溺れてるみたいだ。%K%P
まるで、おっぱいの波間で溺れてるみたいだ。%K%P
%LCクレール
%LCクレール
「ほら、見える？　ち○ぽの先っぽから、\n　カウパーが……もう、こんなに……氈v%K%P
「ほら、見える？　ち○ぽの先っぽから、\n　カウパーが……もう、こんなに……氈v%K%P
%LC陽菜
%LC陽菜
「うわっ、ほんと……」%K%P
「うわっ、ほんと……」%K%P
大きく反り返ったペニスの亀頭から、\nクレールの言う通り、透明な汁が垂れていく。%K%P
大きく反り返ったペニスの亀頭から、\nクレールの言う通り、透明な汁が垂れていく。%K%P
オレの嗅覚だと、なんの匂いもしないけど、\nでも、クレールにとっては――、%K%P
オレの嗅覚だと、なんの匂いもしないけど、\nでも、クレールにとっては――、%K%P
%LCクレール
%LCクレール
「すぅー、はぁー……ふふっ、えっちな匂いっ歃n　これだけでも、身体、熱くなっちゃう……氈v%K%P
「すぅー、はぁー……ふふっ、えっちな匂いっ歃n　これだけでも、身体、熱くなっちゃう……氈v%K%P
%LCクレール
%LCクレール
「んふぅ……んっ、ふふっ、うふふっ。\n　カウパーまみれのち○ぽ、おいしそう……氈v%K%P
「んふぅ……んっ、ふふっ、うふふっ。\n　カウパーまみれのち○ぽ、おいしそう……氈v%K%P
%LC陽菜
%LC陽菜
「んくっ……あぁ、あああっ……」%K%P
「んくっ……あぁ、あああっ……」%K%P
谷間からぴょこっと出ている亀頭を見つめ、\nクレールがぺろっと舌なめずり。%K%P
谷間からぴょこっと出ている亀頭を見つめ、\nクレールがぺろっと舌なめずり。%K%P
その仕草に先日のフェラチオを思い出してしまい、\n股間の根元からお尻までが、一気にきゅんとなった。%K%P
その仕草に先日のフェラチオを思い出してしまい、\n股間の根元からお尻までが、一気にきゅんとなった。%K%P
%LCクレール
%LCクレール
「あっ……陽菜ちゃんいま、この前の\n　おしゃぶりのこと、思い出したでしょ？」%K%P
「あっ……陽菜ちゃんいま、この前の\n　おしゃぶりのこと、思い出したでしょ？」%K%P
%LC陽菜
%LC陽菜
「なっ……なんで、そんなことまで……」%K%P
「なっ……なんで、そんなことまで……」%K%P
%LCクレール
%LCクレール
「だって、私も思い出しちゃってたから」%K%P
「だって、私も思い出しちゃってたから」%K%P
%LCクレール
%LCクレール
「私の口の中にミルクをいっぱい出してくれた、\n　可愛い可愛い、ち○ぽのことっ……氈v%K%P
「私の口の中にミルクをいっぱい出してくれた、\n　可愛い可愛い、ち○ぽのことっ……氈v%K%P
%LCクレール
%LCクレール
「あのときも、たくさん、びくびくして……、\n　あっ……そうそうっ。この感じ、この感じっ氈v%K%P
「あのときも、たくさん、びくびくして……、\n　あっ……そうそうっ。この感じ、この感じっ氈v%K%P
%LC陽菜
%LC陽菜
「あっ、やっ……んっ、んんッ」%K%P
「あっ、やっ……んっ、んんッ」%K%P
ぶるっと身悶えるペニスを、\nクレールのおっぱいが優しくしごく。%K%P
ぶるっと身悶えるペニスを、\nクレールのおっぱいが優しくしごく。%K%P
どんなに圧がかかっても柔らかいおっぱいの狭間は、\n人をダメにする心地良さだった。%K%P
どんなに圧がかかっても柔らかいおっぱいの狭間は、\n人をダメにする心地良さだった。%K%P
%LCクレール
%LCクレール
「こうしていると、陽菜ちゃんのち○ぽが、\n　だんだん赤ちゃんに思えてきたかも……氈v%K%P
「こうしていると、陽菜ちゃんのち○ぽが、\n　だんだん赤ちゃんに思えてきたかも……氈v%K%P
%LC陽菜
%LC陽菜
「赤ちゃんって……」%K%P
「赤ちゃんって……」%K%P
%LCクレール
%LCクレール
「だってほら、すごく甘えんぼさんだし、\n　ミルクが大好きだし、すぐに大きくなるし」%K%P
「だってほら、すごく甘えんぼさんだし、\n　ミルクが大好きだし、すぐに大きくなるし」%K%P
それは確かに、息子、なんて言ったりもするけど。%K%P
それは確かに、息子、なんて言ったりもするけど。%K%P
普段はちゃんと隠れてくれるいい子なのに、\nえっちなことになると、途端に主張が激しくなって。%K%P
普段はちゃんと隠れてくれるいい子なのに、\nえっちなことになると、途端に主張が激しくなって。%K%P
こっちの言うことを聞かずにオレを困らせたり、\nやりたい放題したあと、満足して静かになって――、%K%P
こっちの言うことを聞かずにオレを困らせたり、\nやりたい放題したあと、満足して静かになって――、%K%P
……あ、ホントに赤ちゃんだこれ。%K%P
……あ、ホントに赤ちゃんだこれ。%K%P
%LCクレール
%LCクレール
「ほら、見て？　陽菜ちゃんのち○ぽ、\n　自分からおっぱいにすりよってきてる氈v%K%P
「ほら、見て？　陽菜ちゃんのち○ぽ、\n　自分からおっぱいにすりよってきてる氈v%K%P
%LCクレール
%LCクレール
「ふふっ、今日も甘えんぼさんでちゅねー？\n　よーちよーち、いーこいーこっ氈v%K%P
「ふふっ、今日も甘えんぼさんでちゅねー？\n　よーちよーち、いーこいーこっ氈v%K%P
%LC陽菜
%LC陽菜
「あっ、ちょっ……くあっ、はぅうっ」%K%P
「あっ、ちょっ……くあっ、はぅうっ」%K%P
挟んだペニスがびくっと跳ねるたび、\nクレールはにこっと嬉しそうに笑う。%K%P
挟んだペニスがびくっと跳ねるたび、\nクレールはにこっと嬉しそうに笑う。%K%P
おっぱいを揺すってペニスを扱く手つきなんて、\n完全に、赤ちゃんをあやすときのそれだった。%K%P
おっぱいを揺すってペニスを扱く手つきなんて、\n完全に、赤ちゃんをあやすときのそれだった。%K%P
%LCクレール
%LCクレール
「今日もいっぱい、よちよちしてあげるから。\n　めいっぱい気持ちよくなっていいでちゅよー？」%K%P
「今日もいっぱい、よちよちしてあげるから。\n　めいっぱい気持ちよくなっていいでちゅよー？」%K%P
%LCクレール
%LCクレール
「いっぱい気持ちよぉくなったら、\n　濃いのをどぴゅってしまちょうねー氈v%K%P
「いっぱい気持ちよぉくなったら、\n　濃いのをどぴゅってしまちょうねー氈v%K%P
%LC陽菜
%LC陽菜
「やうッ、んぐっ……あっ、ああっ」%K%P
「やうッ、んぐっ……あっ、ああっ」%K%P
喜色満面、ち○ぽではしゃぐクレールは、\n普段よりも幼く見えるぐらい、にっこにこで。%K%P
喜色満面、ち○ぽではしゃぐクレールは、\n普段よりも幼く見えるぐらい、にっこにこで。%K%P
そんな表情とは対照的すぎる立派なおっぱいが、\nペニスを抱き込み、揉みくちゃにしていく。%K%P
そんな表情とは対照的すぎる立派なおっぱいが、\nペニスを抱き込み、揉みくちゃにしていく。%K%P
%LC陽菜
%LC陽菜
「はうっ、んッ……クレールって、\n　ほんと、えっちなんだからっ……」%K%P
「はうっ、んッ……クレールって、\n　ほんと、えっちなんだからっ……」%K%P
%LCクレール
%LCクレール
「うふふっ、褒められちゃった氈v%K%P
「うふふっ、褒められちゃった氈v%K%P
%LCクレール
%LCクレール
「でも、私がえっちなのは、\n　陽菜ちゃんがえっちだからよ？」%K%P
「でも、私がえっちなのは、\n　陽菜ちゃんがえっちだからよ？」%K%P
%LCクレール
%LCクレール
「こんなにおっきなち○ぽを隠し持ってるのに、\n　メイド服で、可愛くおめかしをして……」%K%P
「こんなにおっきなち○ぽを隠し持ってるのに、\n　メイド服で、可愛くおめかしをして……」%K%P
%LCクレール
%LCクレール
「そんな姿をみんなに見られる興奮で、\n　ガッチガチに勃起しちゃうんだからっ……氈v%K%P
「そんな姿をみんなに見られる興奮で、\n　ガッチガチに勃起しちゃうんだからっ……氈v%K%P
%LC陽菜
%LC陽菜
「これを着せたのクレールでしょっ」%K%P
「これを着せたのクレールでしょっ」%K%P
%LCクレール
%LCクレール
「うんっ　だって似合うと思ったし、\n　実際、とっても似合ってるしっ……氈v%K%P
「うんっ　だって似合うと思ったし、\n　実際、とっても似合ってるしっ……氈v%K%P
%LCクレール
%LCクレール
「でも……似合っちゃうからこそ。\n　陽菜ちゃんは、すっごくえっちなのよ？」%K%P
「でも……似合っちゃうからこそ。\n　陽菜ちゃんは、すっごくえっちなのよ？」%K%P
%LCクレール
%LCクレール
「淑やかな衣服に身を包んでいても、\n　長いスカートをめくると……そこには、\n　こぉんなにやらしい、ち○ぽがあって……」%K%P
「淑やかな衣服に身を包んでいても、\n　長いスカートをめくると……そこには、\n　こぉんなにやらしい、ち○ぽがあって……」%K%P
%LCクレール
%LCクレール
「ね？　陽菜ちゃんのほうが、えっちでしょ？\n　私よりも、ずっとえっちなんだからっ氈v%K%P
「ね？　陽菜ちゃんのほうが、えっちでしょ？\n　私よりも、ずっとえっちなんだからっ氈v%K%P
%LCクレール
%LCクレール
「陽菜ちゃんのえっち　ち○ぽのえっちっ歃n　えっちっ、えっちっ、えっちえっちえっちっ氈v%K%P
「陽菜ちゃんのえっち　ち○ぽのえっちっ歃n　えっちっ、えっちっ、えっちえっちえっちっ氈v%K%P
%LC陽菜
%LC陽菜
「ひやっ、あっ、ああっ、だめっ、\n　むぎゅむぎゅっ……はうっ、はっ、ああっ」%K%P
「ひやっ、あっ、ああっ、だめっ、\n　むぎゅむぎゅっ……はうっ、はっ、ああっ」%K%P
おっぱいを揺らすリズムに合わせ、\nクレールが楽しそうに連呼する。%K%P
おっぱいを揺らすリズムに合わせ、\nクレールが楽しそうに連呼する。%K%P
ち○ぽを包み込む快感に思わずのけぞり、\n天井を見上げてしまった、その刹那――、%K%P
ち○ぽを包み込む快感に思わずのけぞり、\n天井を見上げてしまった、その刹那――、%K%P
%LCクレール
%LCクレール
「あーむっ氈v%K%P
「あーむっ氈v%K%P
%LC陽菜
%LC陽菜
「くにゃぁうッ氈v%K%P
「くにゃぁうッ氈v%K%P
未知の刺激に襲来され、さらに大きくのけぞる。%K%P
未知の刺激に襲来され、さらに大きくのけぞる。%K%P
いっ、いま、確かにオレの乳首がっ……。%K%P
いっ、いま、確かにオレの乳首がっ……。%K%P
%LCクレール
%LCクレール
「ちゅっ、れろっ、ちゅーむっ氈v%K%P
「ちゅっ、れろっ、ちゅーむっ氈v%K%P
%LC陽菜
%LC陽菜
「く、クレール、なに、してっ……」%K%P
「く、クレール、なに、してっ……」%K%P
%LCクレール
%LCクレール
「こんなに可愛いメイドさんなら、もしかしたら、\n　ミルクが出るかなぁって……ちゅっ、れろっ氈v%K%P
「こんなに可愛いメイドさんなら、もしかしたら、\n　ミルクが出るかなぁって……ちゅっ、れろっ氈v%K%P
%LC陽菜
%LC陽菜
「はぐっ……んっくぅ、はっ、ああっ氈v%K%P
「はぐっ……んっくぅ、はっ、ああっ氈v%K%P
たっぷりの唾液を塗布しながら、\nついばみ、吸い上げ、転がして。%K%P
たっぷりの唾液を塗布しながら、\nついばみ、吸い上げ、転がして。%K%P
ちょっと勃起してきたところを、すかさず、\n舌でれろっと、押しつぶすように強く舐める。%K%P
ちょっと勃起してきたところを、すかさず、\n舌でれろっと、押しつぶすように強く舐める。%K%P
%LC陽菜
%LC陽菜
「んうッ……　クレールが、おっぱい……、\n　オレの、おっぱい、ぺろぺろっ……んぁあっ氈v%K%P
「んうッ……　クレールが、おっぱい……、\n　オレの、おっぱい、ぺろぺろっ……んぁあっ氈v%K%P
%LCクレール
%LCクレール
「くすっ、そうよ？　陽菜ちゃんのおっぱい歃n　私、ずーっと舐めてみたかったのっ氈v%K%P
「くすっ、そうよ？　陽菜ちゃんのおっぱい歃n　私、ずーっと舐めてみたかったのっ氈v%K%P
%LCクレール
%LCクレール
「思っていた通り、とっても美味しくて……、\n　この味、クセになりそうっ　ちゅぷぷっ氈v%K%P
「思っていた通り、とっても美味しくて……、\n　この味、クセになりそうっ　ちゅぷぷっ氈v%K%P
%LC陽菜
%LC陽菜
「はぐっ、んんっ……くあっ、はっ、ああっ氈v%K%P
「はぐっ、んんっ……くあっ、はっ、ああっ氈v%K%P
%LCクレール
%LCクレール
「うふふっ　ち○ぽと同じで、\n　乳首もぷくっと勃ってきちゃったっ氈v%K%P
「うふふっ　ち○ぽと同じで、\n　乳首もぷくっと勃ってきちゃったっ氈v%K%P
%LCクレール
%LCクレール
「これ、もっとちゅーちゅーしたら、ホントに\n　お乳がぴゅっぴゅって出ちゃうかもっ……氈v%K%P
「これ、もっとちゅーちゅーしたら、ホントに\n　お乳がぴゅっぴゅって出ちゃうかもっ……氈v%K%P
%LC陽菜
%LC陽菜
「んやッ……でないっ、でないからっ。\n　そっちからは、なんにもでないってばっ」%K%P
「んやッ……でないっ、でないからっ。\n　そっちからは、なんにもでないってばっ」%K%P
%LCクレール
%LCクレール
「ふふっ、そうね。残念だけど、\n　陽菜ちゃんはまだ、ママじゃないし――」%K%P
「ふふっ、そうね。残念だけど、\n　陽菜ちゃんはまだ、ママじゃないし――」%K%P
%LC陽菜
%LC陽菜
「まだってなにっ、なれないからねっ！？」%K%P
「まだってなにっ、なれないからねっ！？」%K%P
%LCクレール
%LCクレール
「こんなに可愛い女の子になれたのよ？\n　もしかしたら……ね？　ちゅっ、ちゅむっ氈v%K%P
「こんなに可愛い女の子になれたのよ？\n　もしかしたら……ね？　ちゅっ、ちゅむっ氈v%K%P
%LC陽菜
%LC陽菜
「んぐッ……はっ、ひあっ、あああっ氈v%K%P
「んぐッ……はっ、ひあっ、あああっ氈v%K%P
乳首が舐められるたび、脳内で火花が散る。%K%P
乳首が舐められるたび、脳内で火花が散る。%K%P
未経験の刺激だけに、頭も身体も、\nどう対処していいのか、まったくわからなくて。%K%P
未経験の刺激だけに、頭も身体も、\nどう対処していいのか、まったくわからなくて。%K%P
でも、気持ちいいのは確かだから、\n声は出ちゃうし、カウパーだって――、%K%P
でも、気持ちいいのは確かだから、\n声は出ちゃうし、カウパーだって――、%K%P
%LCクレール
%LCクレール
「くすっ、お乳はでなかったけど、その分、\n　カウパーが、こんなにいっぱい……氈v%K%P
「くすっ、お乳はでなかったけど、その分、\n　カウパーが、こんなにいっぱい……氈v%K%P
%LCクレール
%LCクレール
「ここによだれを、ちょこっと……れーぅ氈v%K%P
「ここによだれを、ちょこっと……れーぅ氈v%K%P
%LC陽菜
%LC陽菜
「うあっ……あ、ああっ……」%K%P
「うあっ……あ、ああっ……」%K%P
添い寝しながら授乳してくれたときのように、\nクレールが自らのおっぱいに唾液を垂らす。%K%P
添い寝しながら授乳してくれたときのように、\nクレールが自らのおっぱいに唾液を垂らす。%K%P
%LCクレール
%LCクレール
「これだけ濡らせば、もっともっと……、\n　強く、激しく、えっちに……ぎゅぎゅー氈v%K%P
「これだけ濡らせば、もっともっと……、\n　強く、激しく、えっちに……ぎゅぎゅー氈v%K%P
%LC陽菜
%LC陽菜
「いッ……！？　はうっ、くっ、んぅうっ」%K%P
「いッ……！？　はうっ、くっ、んぅうっ」%K%P
乳首を舐めるのに夢中になっていたせいで、\nいつのまにかお休みしていたパイズリ。%K%P
乳首を舐めるのに夢中になっていたせいで、\nいつのまにかお休みしていたパイズリ。%K%P
再び動き出したそれは、圧も滑りも音も、\nすべてが別物になっていた。%K%P
再び動き出したそれは、圧も滑りも音も、\nすべてが別物になっていた。%K%P
%LCクレール
%LCクレール
「上下に……むにっ、むにっ……歃n　挟んで……ぎゅっぽ、ぎゅっぽっ……氈v%K%P
「上下に……むにっ、むにっ……歃n　挟んで……ぎゅっぽ、ぎゅっぽっ……氈v%K%P
%LCクレール
%LCクレール
「ち○ぽがすくすく育つように……、\n　ぬるぬるおっぱいで、いーこ、いーこっ氈v%K%P
「ち○ぽがすくすく育つように……、\n　ぬるぬるおっぱいで、いーこ、いーこっ氈v%K%P
楽しげな声に合わせ、おっぱいが大きく弾む。%K%P
楽しげな声に合わせ、おっぱいが大きく弾む。%K%P
唾液とカウパーのおかげで滑りがよくなって、\n増していく快感に、さらにカウパーが溢れて。%K%P
唾液とカウパーのおかげで滑りがよくなって、\n増していく快感に、さらにカウパーが溢れて。%K%P
ぬちっ、ぬちっ、という水音が漏れる胸の谷間は、\n熱と蜜で蒸れて、いまにも湯気が出そうだ。%K%P
ぬちっ、ぬちっ、という水音が漏れる胸の谷間は、\n熱と蜜で蒸れて、いまにも湯気が出そうだ。%K%P
%LCクレール
%LCクレール
「うふふっ、どう？　陽菜ちゃん。\n　メイドさんのおっぱい、気持ちいい？」%K%P
「うふふっ、どう？　陽菜ちゃん。\n　メイドさんのおっぱい、気持ちいい？」%K%P
%LC陽菜
%LC陽菜
「うんっ……すっごくっ……」%K%P
「うんっ……すっごくっ……」%K%P
のし掛かるおっぱいの圧で、\n下半身はまったく身動きが取れない。%K%P
のし掛かるおっぱいの圧で、\n下半身はまったく身動きが取れない。%K%P
それでも、強い快感を流し込まれると、\n釣り上げられた魚みたいに腰が跳ねる。%K%P
それでも、強い快感を流し込まれると、\n釣り上げられた魚みたいに腰が跳ねる。%K%P
それはクレールを持ち上げるほど力があって、\nオレの腰は、彼女の身体ごと何度も反り返った。%K%P
それはクレールを持ち上げるほど力があって、\nオレの腰は、彼女の身体ごと何度も反り返った。%K%P
%LCクレール
%LCクレール
「わはっ　さっすが男の子、力持ちっ歃n　ち○ぽだけで私を持ち上げちゃうなんて」%K%P
「わはっ　さっすが男の子、力持ちっ歃n　ち○ぽだけで私を持ち上げちゃうなんて」%K%P
%LCクレール
%LCクレール
「でも、私だって負けないんだから。\n　いっせーのでぇ……ぎゅぅううっー氈v%K%P
「でも、私だって負けないんだから。\n　いっせーのでぇ……ぎゅぅううっー氈v%K%P
%LC陽菜
%LC陽菜
「んやあっ？！　はあっ、あッ、んぁああァ氈v%K%P
「んやあっ？！　はあっ、あッ、んぁああァ氈v%K%P
掛け声とともにおっぱいが襲ってきて、\n声も背中も、一緒になってのけぞってしまう。%K%P
掛け声とともにおっぱいが襲ってきて、\n声も背中も、一緒になってのけぞってしまう。%K%P
掛け声のおかげで身構える猶予があったのに、\nそれでも抗えないぐらい、圧力がすごいっ……！%K%P
掛け声のおかげで身構える猶予があったのに、\nそれでも抗えないぐらい、圧力がすごいっ……！%K%P
%LCクレール
%LCクレール
「あぁ……いまの声、やらしぃ……歃n　陽菜ちゃん、そんなにえっちな声がでちゃうの？」%K%P
「あぁ……いまの声、やらしぃ……歃n　陽菜ちゃん、そんなにえっちな声がでちゃうの？」%K%P
%LC陽菜
%LC陽菜
「いっ、いまのは、クレールがっ――」%K%P
「いっ、いまのは、クレールがっ――」%K%P
%LCクレール
%LCクレール
「ぎゅぅぅぅー氈v%K%P
「ぎゅぅぅぅー氈v%K%P
%LC陽菜
%LC陽菜
「んみゃあっ氈v%K%P
「んみゃあっ氈v%K%P
%LCクレール
%LCクレール
「ぎゅっ、ぎゅっ氈v%K%P
「ぎゅっ、ぎゅっ氈v%K%P
%LC陽菜
%LC陽菜
「ひゃっ、みゃぅっ氈v%K%P
「ひゃっ、みゃぅっ氈v%K%P
%LCクレール
%LCクレール
「むぎゅぎゅぅぅぅぅー氈v%K%P
「むぎゅぎゅぅぅぅぅー氈v%K%P
%LC陽菜
%LC陽菜
「ふぅぁあああああっ氈v%K%P
「ふぅぁあああああっ氈v%K%P
%LCクレール
%LCクレール
「すごいすごいっ　おっぱいに合わせて、\n　陽菜ちゃんの声が、どんどん可愛くっ……氈v%K%P
「すごいすごいっ　おっぱいに合わせて、\n　陽菜ちゃんの声が、どんどん可愛くっ……氈v%K%P
%LC陽菜
%LC陽菜
「ちょっ……もおっ、なにしてるのっ。\n　ち○ぽで遊んじゃだめぇっ」%K%P
「ちょっ……もおっ、なにしてるのっ。\n　ち○ぽで遊んじゃだめぇっ」%K%P
%LCクレール
%LCクレール
「遊ぶだなんて、とんでもないわ。\n　これは陽菜ちゃんを可愛くする研究なのよ？」%K%P
「遊ぶだなんて、とんでもないわ。\n　これは陽菜ちゃんを可愛くする研究なのよ？」%K%P
%LCクレール
%LCクレール
「声が可愛くなるほど、お顔も一緒に、\n　どんどんえっちにとろけていくしっ……氈v%K%P
「声が可愛くなるほど、お顔も一緒に、\n　どんどんえっちにとろけていくしっ……氈v%K%P
%LC陽菜
%LC陽菜
「ッ……」%K%P
「ッ……」%K%P
身を乗り出し、クレールがオレの顔を覗き込む。%K%P
身を乗り出し、クレールがオレの顔を覗き込む。%K%P
キスをするのは無理だけど、\n互いの息遣いは聞こえる、絶妙な距離だ。%K%P
キスをするのは無理だけど、\n互いの息遣いは聞こえる、絶妙な距離だ。%K%P
%LCクレール
%LCクレール
「私、陽菜ちゃんのイクときの顔、大好きよ。\n　とっても気持ちよさそうなんだもの」%K%P
「私、陽菜ちゃんのイクときの顔、大好きよ。\n　とっても気持ちよさそうなんだもの」%K%P
%LCクレール
%LCクレール
「この前は、目隠しで見られなかったけど……。\n　今日はこの距離で、じっくり見させて？」%K%P
「この前は、目隠しで見られなかったけど……。\n　今日はこの距離で、じっくり見させて？」%K%P
%LCクレール
%LCクレール
「私ね、陽菜ちゃんのイキ顔を見ると、\n　それだけで……はぁ、はぁ……んぅっ氈v%K%P
「私ね、陽菜ちゃんのイキ顔を見ると、\n　それだけで……はぁ、はぁ……んぅっ氈v%K%P
声が火照ると、彼女の身体も熱を帯びる。%K%P
声が火照ると、彼女の身体も熱を帯びる。%K%P
ペニスだってかなり熱いはずなのに、\n包み込むおっぱいは、それ以上に熱くなって。%K%P
ペニスだってかなり熱いはずなのに、\n包み込むおっぱいは、それ以上に熱くなって。%K%P
たっぷりの圧と熱にくるまれていると、\nその心地良さに、玉袋や腰が、うずうずと――、%K%P
たっぷりの圧と熱にくるまれていると、\nその心地良さに、玉袋や腰が、うずうずと――、%K%P
%LC陽菜
%LC陽菜
「んくッ……ぐっ……くっ、んうッ」%K%P
「んくッ……ぐっ……くっ、んうッ」%K%P
%LCクレール
%LCクレール
「あっ……ち○ぽ、うずうずしてる……歃n　陽菜ちゃん、腰を動かしたいの？」%K%P
「あっ……ち○ぽ、うずうずしてる……歃n　陽菜ちゃん、腰を動かしたいの？」%K%P
%LC陽菜
%LC陽菜
「なっ……なんで、そんなことまで……」%K%P
「なっ……なんで、そんなことまで……」%K%P
%LCクレール
%LCクレール
「シャワー室のときも、ロッカーの中でも。\n　陽菜ちゃん、いつもそうしていたでしょ？」%K%P
「シャワー室のときも、ロッカーの中でも。\n　陽菜ちゃん、いつもそうしていたでしょ？」%K%P
%LCクレール
%LCクレール
「射精が近づいてくると、腰を振って、\n　たくさん精子を出そうって頑張っちゃう――」%K%P
「射精が近づいてくると、腰を振って、\n　たくさん精子を出そうって頑張っちゃう――」%K%P
%LCクレール
%LCクレール
「それが、陽菜ちゃんのち○ぽのクセだから氈v%K%P
「それが、陽菜ちゃんのち○ぽのクセだから氈v%K%P
%LC陽菜
%LC陽菜
「あうぅっ……」%K%P
「あうぅっ……」%K%P
さらっと指摘されて、思わず目を伏せる。%K%P
さらっと指摘されて、思わず目を伏せる。%K%P
いったい彼女は、どれだけオレのことを、\nオレよりも理解しているんだろう。%K%P
いったい彼女は、どれだけオレのことを、\nオレよりも理解しているんだろう。%K%P
%LC陽菜
%LC陽菜
「クレールとエッチしてると、全部お見通しって\n　感じがして、すっごく恥ずかしんだけど……」%K%P
「クレールとエッチしてると、全部お見通しって\n　感じがして、すっごく恥ずかしんだけど……」%K%P
%LCクレール
%LCクレール
「そんなことないわよ？　私だって、\n　まだまだ知らないことは多いんだから」%K%P
「そんなことないわよ？　私だって、\n　まだまだ知らないことは多いんだから」%K%P
%LCクレール
%LCクレール
「でも、だからこそ。もっともっと、\n　陽菜ちゃんのことを知りたいって思うの」%K%P
「でも、だからこそ。もっともっと、\n　陽菜ちゃんのことを知りたいって思うの」%K%P
%LCクレール
%LCクレール
「例えば……メイド服を着せられた陽菜ちゃんは、\n　どんなイキ顔をしちゃうのか、とか……氈v%K%P
「例えば……メイド服を着せられた陽菜ちゃんは、\n　どんなイキ顔をしちゃうのか、とか……氈v%K%P
%LC陽菜
%LC陽菜
「やっ、ああッ……　んうっ、はぁ、ああっ」%K%P
「やっ、ああッ……　んうっ、はぁ、ああっ」%K%P
声もおっぱいも弾ませたクレールは、\nち○ぽ包囲網をどんどん狭めていく。%K%P
声もおっぱいも弾ませたクレールは、\nち○ぽ包囲網をどんどん狭めていく。%K%P
挟まれ、揉まれ、しごかれたペニスには、\nこれ以上ないぐらい、快感が溜まって――、%K%P
挟まれ、揉まれ、しごかれたペニスには、\nこれ以上ないぐらい、快感が溜まって――、%K%P
%LCクレール
%LCクレール
「いいのよ、陽菜ちゃん。我慢しないで？\n　ち○ぽ、ずんずんしましょ？」%K%P
「いいのよ、陽菜ちゃん。我慢しないで？\n　ち○ぽ、ずんずんしましょ？」%K%P
%LCクレール
%LCクレール
「そのほうが、私も嬉しいし……ね？\n　おっぱい目掛けて、ち○ぽ、ずんずんっ氈v%K%P
「そのほうが、私も嬉しいし……ね？\n　おっぱい目掛けて、ち○ぽ、ずんずんっ氈v%K%P
%LC陽菜
%LC陽菜
「うっ、うんっ……」%K%P
「うっ、うんっ……」%K%P
腰が動くって指摘されたあと、恥ずかしくて、\n無意識に堪えてしまった前後運動。%K%P
腰が動くって指摘されたあと、恥ずかしくて、\n無意識に堪えてしまった前後運動。%K%P
でも、どうしても我慢出来なくて、\n彼女に言われるまま、思い切って、ぐいっと――、%K%P
でも、どうしても我慢出来なくて、\n彼女に言われるまま、思い切って、ぐいっと――、%K%P
%LC陽菜
%LC陽菜
「あああッ……はぅ、あっ、すごいっ……」%K%P
「あああッ……はぅ、あっ、すごいっ……」%K%P
%LCクレール
%LCクレール
「うんっ　陽菜ちゃん、すごいっ……歃n　ち○ぽ、ずぶぶぶぅぅーって……んぁあっ氈v%K%P
「うんっ　陽菜ちゃん、すごいっ……歃n　ち○ぽ、ずぶぶぶぅぅーって……んぁあっ氈v%K%P
たぷたぷ揺れるふたつの膨らみは、\nペニスをすっぽり包み込む。%K%P
たぷたぷ揺れるふたつの膨らみは、\nペニスをすっぽり包み込む。%K%P
亀頭から根元まで、すべてクレールの胸の内。%K%P
亀頭から根元まで、すべてクレールの胸の内。%K%P
汗とカウパーでぬるぬるな谷間からは、\nオレでもわかるぐらい、やらしい匂いが漂って。%K%P
汗とカウパーでぬるぬるな谷間からは、\nオレでもわかるぐらい、やらしい匂いが漂って。%K%P
%LCクレール
%LCクレール
「陽菜ちゃん、そろそろ出そう？」%K%P
「陽菜ちゃん、そろそろ出そう？」%K%P
%LC陽菜
%LC陽菜
「んっ……けど、このまま出すと、\n　せっかくのメイド服に、精子がっ……」%K%P
「んっ……けど、このまま出すと、\n　せっかくのメイド服に、精子がっ……」%K%P
%LCクレール
%LCクレール
「いいのよ、気にせず出しちゃっても。\n　このメイド服は、私が作った物なんだし」%K%P
「いいのよ、気にせず出しちゃっても。\n　このメイド服は、私が作った物なんだし」%K%P
%LCクレール
%LCクレール
「だから、このまま……ねっ？\n　いっぱいちょうだい、陽菜ちゃんっ氈v%K%P
「だから、このまま……ねっ？\n　いっぱいちょうだい、陽菜ちゃんっ氈v%K%P
%LC陽菜
%LC陽菜
「うんっ……！」%K%P
「うんっ……！」%K%P
気がかりがなくなったことで、\n身も心も、一気にラストスパート。%K%P
気がかりがなくなったことで、\n身も心も、一気にラストスパート。%K%P
狭間に突き入れたペニスを挿抜する腰の動きは、\nもはやパイズリじゃなく、完全にセックスのそれで。%K%P
狭間に突き入れたペニスを挿抜する腰の動きは、\nもはやパイズリじゃなく、完全にセックスのそれで。%K%P
夢中で腰を振ると、限界はすぐにやってきた。%K%P
夢中で腰を振ると、限界はすぐにやってきた。%K%P
%LC陽菜
%LC陽菜
「んぐッ……はぁ、あっ、出るっ……！\n　イクよっ、クレールッ……！」%K%P
「んぐッ……はぁ、あっ、出るっ……！\n　イクよっ、クレールッ……！」%K%P
%LCクレール
%LCクレール
「うんっ、出して出してっ歃n　ち○ぽミルク、たっぷりちょうだいっ氈v%K%P
「うんっ、出して出してっ歃n　ち○ぽミルク、たっぷりちょうだいっ氈v%K%P
%LCクレール
%LCクレール
「おっぱいいっぱい、びゅびゅびゅーって……、\n　ちょうだい？　ちょうだい、陽菜ちゃんっ氈v%K%P
「おっぱいいっぱい、びゅびゅびゅーって……、\n　ちょうだい？　ちょうだい、陽菜ちゃんっ氈v%K%P
%LC陽菜
%LC陽菜
「んっ……クレールに、いっぱい……ッ！\n　ぐッ、くぅ……んくぅううぅううッ……！！」%K%P
「んっ……クレールに、いっぱい……ッ！\n　ぐッ、くぅ……んくぅううぅううッ……！！」%K%P
%LCクレール
%LCクレール
「ひゃっ、んやうっ　ふわっ、はっ……ああっ、\n　こんなに……ああっ、まだっ……あぁああっ氈v%K%P
「ひゃっ、んやうっ　ふわっ、はっ……ああっ、\n　こんなに……ああっ、まだっ……あぁああっ氈v%K%P
%LCクレール
%LCクレール
「陽菜ちゃんのミルク、すごいっ……歃n　おっぱいだけじゃなく、顔にまでっ……氈v%K%P
「陽菜ちゃんのミルク、すごいっ……歃n　おっぱいだけじゃなく、顔にまでっ……氈v%K%P
絶頂の瞬間、胸にぐっと押しつけるつもりが、\nあまりの快感に、ペニスが大きく反り返って。%K%P
絶頂の瞬間、胸にぐっと押しつけるつもりが、\nあまりの快感に、ペニスが大きく反り返って。%K%P
結果、オレの精子はおっぱいだけじゃなく、\n彼女の顔や髪や、自分の身体にまで飛び散った。%K%P
結果、オレの精子はおっぱいだけじゃなく、\n彼女の顔や髪や、自分の身体にまで飛び散った。%K%P
%LCクレール
%LCクレール
「顔にまで、かけてくれちゃうだなんて……。\n　これ、どうぞ召し上がれってことよね？」%K%P
「顔にまで、かけてくれちゃうだなんて……。\n　これ、どうぞ召し上がれってことよね？」%K%P
%LCクレール
%LCクレール
「ふふっ、ありがと、陽菜ちゃん歃n　いただきまぁーすっ……　れーるぅ氈v%K%P
「ふふっ、ありがと、陽菜ちゃん歃n　いただきまぁーすっ……　れーるぅ氈v%K%P
%LC陽菜
%LC陽菜
「ああっ……」%K%P
「ああっ……」%K%P
口元についた精子をぺろっと舐めるクレールに、\nこっちもつられて生唾を飲む。%K%P
口元についた精子をぺろっと舐めるクレールに、\nこっちもつられて生唾を飲む。%K%P
けど、彼女は精子をすぐには飲み干さず、\n飴玉を味わうように、口の中で何度も転がした。%K%P
けど、彼女は精子をすぐには飲み干さず、\n飴玉を味わうように、口の中で何度も転がした。%K%P
口をもごもご動かすクレールの瞳が、\nだんだんと、妖艶な輝きを宿して――、%K%P
口をもごもご動かすクレールの瞳が、\nだんだんと、妖艶な輝きを宿して――、%K%P
%LCクレール
%LCクレール
「んぅ……はぁ、ふぅ……んふ、んふふっ歃n　今日もすっごく、えっちなお味っ……氈v%K%P
「んぅ……はぁ、ふぅ……んふ、んふふっ歃n　今日もすっごく、えっちなお味っ……氈v%K%P
%LCクレール
%LCクレール
「ねぇ、これ、おま○こにもちょうだい？\n　いいでしょ？　陽菜ちゃんっ……氈v%K%P
「ねぇ、これ、おま○こにもちょうだい？\n　いいでしょ？　陽菜ちゃんっ……氈v%K%P
%LC陽菜
%LC陽菜
「じゃあ……挿れるよ？　いーい？」%K%P
「じゃあ……挿れるよ？　いーい？」%K%P
%LCクレール
%LCクレール
「うんっ　ふふっ、はやくはやくっ……歃n　焦らさず、はや……――くッぅうぅうぅうッ氈v%K%P
「うんっ　ふふっ、はやくはやくっ……歃n　焦らさず、はや……――くッぅうぅうぅうッ氈v%K%P
お尻を揺らすクレールの膣内に、\nペニスをぐっと突き入れる。%K%P
お尻を揺らすクレールの膣内に、\nペニスをぐっと突き入れる。%K%P
瞬間、お尻の揺れはぴたっと止まって、\n愛らしい声が部室に響いた。%K%P
瞬間、お尻の揺れはぴたっと止まって、\n愛らしい声が部室に響いた。%K%P
%LCクレール
%LCクレール
「ふぁうッ……はぁ、あっ、あああっ……歃n　陽菜ちゃんのち○ぽ、おっきいっ……氈v%K%P
「ふぁうッ……はぁ、あっ、あああっ……歃n　陽菜ちゃんのち○ぽ、おっきいっ……氈v%K%P
%LCクレール
%LCクレール
「おっきすぎて、膣内、いっぱい……んはあっ、\n　はあっ、ああっ、んぐぅ……んぁあああっ氈v%K%P
「おっきすぎて、膣内、いっぱい……んはあっ、\n　はあっ、ああっ、んぐぅ……んぁあああっ氈v%K%P
ペニスを受け入れたクレールが、\nこっちの動きに合わせ、背筋を逸らす。%K%P
ペニスを受け入れたクレールが、\nこっちの動きに合わせ、背筋を逸らす。%K%P
後退るようにお尻を押しつけてくる彼女を、\n両手を使って、しっかり抱きとめると――、%K%P
後退るようにお尻を押しつけてくる彼女を、\n両手を使って、しっかり抱きとめると――、%K%P
%LC陽菜
%LC陽菜
「わっ、すごっ……」%K%P
「わっ、すごっ……」%K%P
手の中に感じる、焼きたてのパンみたいな、\nあったかくてふかふかとした感触。%K%P
手の中に感じる、焼きたてのパンみたいな、\nあったかくてふかふかとした感触。%K%P
四つん這いに近い体勢も手伝って、\nクレールのおっぱいは、いつも以上の重量感で。%K%P
四つん這いに近い体勢も手伝って、\nクレールのおっぱいは、いつも以上の重量感で。%K%P
手に余るって表現が似合い過ぎる膨らみは、\n揉もうと思わなくても、指が勝手に食い込んだ。%K%P
手に余るって表現が似合い過ぎる膨らみは、\n揉もうと思わなくても、指が勝手に食い込んだ。%K%P
%LCクレール
%LCクレール
「やっ、あんっ　んもぅ、こんなときまで、\n　おっぱいをもみもみしてくるなんてっ……氈v%K%P
「やっ、あんっ　んもぅ、こんなときまで、\n　おっぱいをもみもみしてくるなんてっ……氈v%K%P
%LC陽菜
%LC陽菜
「これは、たまたまっ……」%K%P
「これは、たまたまっ……」%K%P
%LCクレール
%LCクレール
「いいのよ？　誤魔化さなくても。\n　陽菜ちゃんはおっぱいが大好きでちゅもんねー？」%K%P
「いいのよ？　誤魔化さなくても。\n　陽菜ちゃんはおっぱいが大好きでちゅもんねー？」%K%P
%LC陽菜
%LC陽菜
「むぅっ……もう、またそうやってっ……」%K%P
「むぅっ……もう、またそうやってっ……」%K%P
%LCクレール
%LCクレール
「ふふっ　ほらほら陽菜ちゃん、もみもみして？\n　私のおっぱい、もみもみしましょ？」%K%P
「ふふっ　ほらほら陽菜ちゃん、もみもみして？\n　私のおっぱい、もみもみしましょ？」%K%P
%LCクレール
%LCクレール
「そうすれば、興奮した陽菜ちゃんのち○ぽは、\n　もっともっと、大きくなって――」%K%P
「そうすれば、興奮した陽菜ちゃんのち○ぽは、\n　もっともっと、大きくなって――」%K%P
%LCクレール
%LCクレール
「大きくなったら、私のおま○こも、\n　ますます気持ちよくなっちゃうでしょ？」%K%P
「大きくなったら、私のおま○こも、\n　ますます気持ちよくなっちゃうでしょ？」%K%P
%LCクレール
%LCクレール
「だから、ね？　たくさん揉んでっ？\n　私のためにも、もみもみしましょ？」%K%P
「だから、ね？　たくさん揉んでっ？\n　私のためにも、もみもみしましょ？」%K%P
ただ単におっぱいを揉んでって促されたら、\nあるいは、拗ねて反抗したかもしれない。%K%P
ただ単におっぱいを揉んでって促されたら、\nあるいは、拗ねて反抗したかもしれない。%K%P
けど、ギブアンドテイクだよって説明されると、\nそれなら……なんて、素直に従ってしまう。%K%P
けど、ギブアンドテイクだよって説明されると、\nそれなら……なんて、素直に従ってしまう。%K%P
こういうところ、世話好きなクレールらしくて\nすっごく好ましいし、憧れてしまう。%K%P
こういうところ、世話好きなクレールらしくて\nすっごく好ましいし、憧れてしまう。%K%P
%LC陽菜
%LC陽菜
「ん……じゃあ、いーい？」%K%P
「ん……じゃあ、いーい？」%K%P
%LCクレール
%LCクレール
「うんっ　おっぱいも、おま○こも……、\n　今日も私のこと、たっくさん好きにして？」%K%P
「うんっ　おっぱいも、おま○こも……、\n　今日も私のこと、たっくさん好きにして？」%K%P
%LC陽菜
%LC陽菜
「もう、すぐそういうこと言って……。\n　ひどいことされちゃったらどうする気？」%K%P
「もう、すぐそういうこと言って……。\n　ひどいことされちゃったらどうする気？」%K%P
%LCクレール
%LCクレール
「大丈夫、陽菜ちゃんは優しいから。\n　ひどいことはしないって、わかってるもの」%K%P
「大丈夫、陽菜ちゃんは優しいから。\n　ひどいことはしないって、わかってるもの」%K%P
%LCクレール
%LCクレール
「どちらかと言うと、私のほうが、\n　ひどいことをしちゃってるものね？」%K%P
「どちらかと言うと、私のほうが、\n　ひどいことをしちゃってるものね？」%K%P
%LC陽菜
%LC陽菜
「むぅぅ……わかってるなら、\n　ちょっとぐらいは控えなさいッ……！」%K%P
「むぅぅ……わかってるなら、\n　ちょっとぐらいは控えなさいッ……！」%K%P
%LCクレール
%LCクレール
「うニャううううぅっ氈v%K%P
「うニャううううぅっ氈v%K%P
拗ねながらめいっぱい打ち込んだ一撃に、\nクレールの全身がぶるっと震える。%K%P
拗ねながらめいっぱい打ち込んだ一撃に、\nクレールの全身がぶるっと震える。%K%P
おっぱいだけでなく、肩や腰や、\nなによりお尻が、ぷるんっと波打って――、%K%P
おっぱいだけでなく、肩や腰や、\nなによりお尻が、ぷるんっと波打って――、%K%P
%LCクレール
%LCクレール
「ああっ、はぅうっ　やぅっ、ぐぅッ、\n　あっ、ああっ、はぁはぁっ、んぅ、あぁあッ氈v%K%P
「ああっ、はぅうっ　やぅっ、ぐぅッ、\n　あっ、ああっ、はぁはぁっ、んぅ、あぁあッ氈v%K%P
%LC陽菜
%LC陽菜
「ぐっ……ふぅっ、はあっ、あぁッ……！」%K%P
「ぐっ……ふぅっ、はあっ、あぁッ……！」%K%P
身悶えるクレールに合わせて、\n腰がどんどん早くなる。%K%P
身悶えるクレールに合わせて、\n腰がどんどん早くなる。%K%P
思えば、これまでクレールとのエッチで、\nこんなに激しく腰を使ったことはなかった。%K%P
思えば、これまでクレールとのエッチで、\nこんなに激しく腰を使ったことはなかった。%K%P
いつ人が来てもおかしくない状況だったり、\n狭い空間だったり、組み伏せられていたり、\nどれもこれも、全力を出せる状況じゃなかった。%K%P
いつ人が来てもおかしくない状況だったり、\n狭い空間だったり、組み伏せられていたり、\nどれもこれも、全力を出せる状況じゃなかった。%K%P
でも、今回はそういう制約がない。%K%P
でも、今回はそういう制約がない。%K%P
これなら思いっきり、クレールを――、%K%P
これなら思いっきり、クレールを――、%K%P
%LC陽菜
%LC陽菜
「クレール、ちょっとだけ、覚悟してね？」%K%P
「クレール、ちょっとだけ、覚悟してね？」%K%P
%LCクレール
%LCクレール
「んっ……えっ？　覚悟って――」%K%P
「んっ……えっ？　覚悟って――」%K%P
%LC陽菜
%LC陽菜
「こんな格好してても、\n　オレはちゃんと、男だって、ことっ……！！」%K%P
「こんな格好してても、\n　オレはちゃんと、男だって、ことっ……！！」%K%P
%LCクレール
%LCクレール
「んァあああっ？！　ひうッ、はぁあっ、\n　やあっ、はぅッ、くぅ、んんぅううッ氈v%K%P
「んァあああっ？！　ひうッ、はぁあっ、\n　やあっ、はぅッ、くぅ、んんぅううッ氈v%K%P
両手に力を込めて彼女を引き寄せると同時に、\n腰を、ぐんッ！　と思いっきり突き出す。%K%P
両手に力を込めて彼女を引き寄せると同時に、\n腰を、ぐんッ！　と思いっきり突き出す。%K%P
直後、部室にはクレールの可愛い嬌声と、\n互いの肌がぶつかりあう、ぱちんっという音が。%K%P
直後、部室にはクレールの可愛い嬌声と、\n互いの肌がぶつかりあう、ぱちんっという音が。%K%P
%LCクレール
%LCクレール
「んやっ、なっ、なに？　いまのなにっ？\n　いきなり、ち○ぽが、ずぶずぶってッ……？！」%K%P
「んやっ、なっ、なに？　いまのなにっ？\n　いきなり、ち○ぽが、ずぶずぶってッ……？！」%K%P
%LC陽菜
%LC陽菜
「好きにしていいって言ったの、\n　クレールでしょっ？」%K%P
「好きにしていいって言ったの、\n　クレールでしょっ？」%K%P
%LCクレール
%LCクレール
「言ったけどっ……でも、こんなっ……あァッ、\n　こんなに、強くっ……んあうっ、んぅうっ氈v%K%P
「言ったけどっ……でも、こんなっ……あァッ、\n　こんなに、強くっ……んあうっ、んぅうっ氈v%K%P
%LC陽菜
%LC陽菜
「んっ、そうだよっ。\n　今日のオレは、力強いのっ……！」%K%P
「んっ、そうだよっ。\n　今日のオレは、力強いのっ……！」%K%P
%LCクレール
%LCクレール
「あっ、ああっ　あっ、やっ、うそっ、\n　奥にっ……んあっ、はっ、んぁあぅうっ氈v%K%P
「あっ、ああっ　あっ、やっ、うそっ、\n　奥にっ……んあっ、はっ、んぁあぅうっ氈v%K%P
%LCクレール
%LCクレール
「ち○ぽっ、はあっ、ち○ぽ、しゅごひっ歃n　陽菜ちゃんのち○ぽ、ぐりぐりっ……ふぁあっ氈v%K%P
「ち○ぽっ、はあっ、ち○ぽ、しゅごひっ歃n　陽菜ちゃんのち○ぽ、ぐりぐりっ……ふぁあっ氈v%K%P
%LCクレール
%LCクレール
「あふっ、はぐっ、あッ、んぁあっ歃n　だめっ、これだめっ……あっ、ああっ氈v%K%P
「あふっ、はぐっ、あッ、んぁあっ歃n　だめっ、これだめっ……あっ、ああっ氈v%K%P
腰を振るたび、クレールの呂律が怪しくなる。%K%P
腰を振るたび、クレールの呂律が怪しくなる。%K%P
わたわたする声はいつもより可愛くて、\n余裕がなくなる様に、ゾクゾクして。%K%P
わたわたする声はいつもより可愛くて、\n余裕がなくなる様に、ゾクゾクして。%K%P
いつもオレをリードしてくれるクレールが、\nこんなに乱れて、感じてくれるなんてっ……！%K%P
いつもオレをリードしてくれるクレールが、\nこんなに乱れて、感じてくれるなんてっ……！%K%P
%LCクレール
%LCクレール
「んぐっ、はぁっ、だめっ、陽菜ちゃんだめ、\n　こんなに激しいの、聞いて、ないっ氈v%K%P
「んぐっ、はぁっ、だめっ、陽菜ちゃんだめ、\n　こんなに激しいの、聞いて、ないっ氈v%K%P
%LCクレール
%LCクレール
「ち○ぽで、おま○こ、おかしく……んやうっ、\n　気持ちよすぎて……これ、んあッ、あァあっ氈v%K%P
「ち○ぽで、おま○こ、おかしく……んやうっ、\n　気持ちよすぎて……これ、んあッ、あァあっ氈v%K%P
%LC陽菜
%LC陽菜
「うんっ……おま○こ、すごいっ。\n　ち○ぽまで、溶けちゃいそうっ……！」%K%P
「うんっ……おま○こ、すごいっ。\n　ち○ぽまで、溶けちゃいそうっ……！」%K%P
挿抜のたび膣口から垂れる蜜が、\n竿を伝って、オレの股間まで濡らしていく。%K%P
挿抜のたび膣口から垂れる蜜が、\n竿を伝って、オレの股間まで濡らしていく。%K%P
クレールの膣内は、いつも以上に、\nぬるぬるの、アツアツの、キツキツで。%K%P
クレールの膣内は、いつも以上に、\nぬるぬるの、アツアツの、キツキツで。%K%P
腰を振るたび気持ち良さがあふれて、\n頭の中が、えっちなことで、いっぱいに――、%K%P
腰を振るたび気持ち良さがあふれて、\n頭の中が、えっちなことで、いっぱいに――、%K%P
%LC陽菜
%LC陽菜
「はあっ、はあっ……クレール、いくよっ？\n　オレもう、イッちゃうからねっ？」%K%P
「はあっ、はあっ……クレール、いくよっ？\n　オレもう、イッちゃうからねっ？」%K%P
%LCクレール
%LCクレール
「やんっ、いじわる、陽菜ちゃんいじわるっ、\n　いつも一緒にイッてくれるのにぃっ……！」%K%P
「やんっ、いじわる、陽菜ちゃんいじわるっ、\n　いつも一緒にイッてくれるのにぃっ……！」%K%P
%LC陽菜
%LC陽菜
「待ってあげられないぐらい気持ちいいのっ。\n　それぐらい、クレールのおま○こがすごいのっ」%K%P
「待ってあげられないぐらい気持ちいいのっ。\n　それぐらい、クレールのおま○こがすごいのっ」%K%P
%LCクレール
%LCクレール
「んんぅうッ……滲　ズルいわ陽菜ちゃん、\n　そんなこと、急にっ……やあっ、んああっ氈v%K%P
「んんぅうッ……滲　ズルいわ陽菜ちゃん、\n　そんなこと、急にっ……やあっ、んああっ氈v%K%P
%LCクレール
%LCクレール
「でも、陽菜ちゃんがその気なら、\n　私だってっ……んぐッ、ぐぅううッ！」%K%P
「でも、陽菜ちゃんがその気なら、\n　私だってっ……んぐッ、ぐぅううッ！」%K%P
%LC陽菜
%LC陽菜
「んいッ……？！　なっ、え、うそっ……？！」%K%P
「んいッ……？！　なっ、え、うそっ……？！」%K%P
気持ち良すぎて射精待ったなしだからこそ、\n先にイクって宣言したのに。%K%P
気持ち良すぎて射精待ったなしだからこそ、\n先にイクって宣言したのに。%K%P
クレールの膣口が、ぎゅうぎゅう締めつけてきて、\n溢れ出しそうな精子を、寸前で堰き止めて――、%K%P
クレールの膣口が、ぎゅうぎゅう締めつけてきて、\n溢れ出しそうな精子を、寸前で堰き止めて――、%K%P
%LC陽菜
%LC陽菜
「クレール、ぎゅってしすぎっ……！\n　そんなにされたら、出なくなっちゃうっ」%K%P
「クレール、ぎゅってしすぎっ……！\n　そんなにされたら、出なくなっちゃうっ」%K%P
%LCクレール
%LCクレール
「私だけおいて先にイッちゃうとか、\n　陽菜ちゃんがイジワルを言うからでしょっ？」%K%P
「私だけおいて先にイッちゃうとか、\n　陽菜ちゃんがイジワルを言うからでしょっ？」%K%P
%LCクレール
%LCクレール
「だったら私も本気で……んぐっ、\n　ぎゅぅッ、ぎゅぅッ、ぎゅうぅううッ氈v%K%P
「だったら私も本気で……んぐっ、\n　ぎゅぅッ、ぎゅぅッ、ぎゅうぅううッ氈v%K%P
%LC陽菜
%LC陽菜
「あぐッ……ぐっ、はあっ、あああっ……！」%K%P
「あぐッ……ぐっ、はあっ、あああっ……！」%K%P
自らお尻を押しつけてきたクレールの膣口が、\n巾着みたいに、ぎゅぎゅっと締まって。%K%P
自らお尻を押しつけてきたクレールの膣口が、\n巾着みたいに、ぎゅぎゅっと締まって。%K%P
膣内に閉じ込められたペニスは、射精どころか、\n挿抜すら、ままならなくなってしまって。%K%P
膣内に閉じ込められたペニスは、射精どころか、\n挿抜すら、ままならなくなってしまって。%K%P
%LC陽菜
%LC陽菜
「はうっ、はあっ、だめっ、クレールだめっ、\n　ぎゅってしちゃっ……ああっ、んはあっ」%K%P
「はうっ、はあっ、だめっ、クレールだめっ、\n　ぎゅってしちゃっ……ああっ、んはあっ」%K%P
%LCクレール
%LCクレール
「ああっ、陽菜ちゃんっ歃n　切ない声も、とっても可愛いっ氈v%K%P
「ああっ、陽菜ちゃんっ歃n　切ない声も、とっても可愛いっ氈v%K%P
イキたいのにイケないもどかしさに、\n腰も脳も、あっという間にテンパってしまう。%K%P
イキたいのにイケないもどかしさに、\n腰も脳も、あっという間にテンパってしまう。%K%P
あと少しでイケるのに、その少しが遠い。%K%P
あと少しでイケるのに、その少しが遠い。%K%P
遠くて、切なくて、とにかく射精したくて――、%K%P
遠くて、切なくて、とにかく射精したくて――、%K%P
%LC陽菜
%LC陽菜
「はあっ、はあっ、お願いクレールっ、\n　イカせてっ？　ち○ぽ、イカせてっ？」%K%P
「はあっ、はあっ、お願いクレールっ、\n　イカせてっ？　ち○ぽ、イカせてっ？」%K%P
%LC陽菜
%LC陽菜
「これからは先にイクとか言わないから、\n　クレールと一緒にイクって約束するからっ」%K%P
「これからは先にイクとか言わないから、\n　クレールと一緒にイクって約束するからっ」%K%P
%LC陽菜
%LC陽菜
「だから、だからっ……ああっ、ああっ、\n　お願いクレール、お願いっ……！」%K%P
「だから、だからっ……ああっ、ああっ、\n　お願いクレール、お願いっ……！」%K%P
%LCクレール
%LCクレール
「んぅぅぅぅっ……歃n　もうっ、陽菜ちゃんズルいっ……！」%K%P
「んぅぅぅぅっ……歃n　もうっ、陽菜ちゃんズルいっ……！」%K%P
%LCクレール
%LCクレール
「そんなに必死にお願いされたら、\n　ひぐッ……はぁ、ああっ、あぁあっ氈v%K%P
「そんなに必死にお願いされたら、\n　ひぐッ……はぁ、ああっ、あぁあっ氈v%K%P
クレールの全身がぶるっと震えた直後、\nあれだけキツかった膣口が、ふわっと解けて。%K%P
クレールの全身がぶるっと震えた直後、\nあれだけキツかった膣口が、ふわっと解けて。%K%P
がっちり包囲されていた亀頭が、\n一気に奥まで、ずぶずぶっと沈んでいく。%K%P
がっちり包囲されていた亀頭が、\n一気に奥まで、ずぶずぶっと沈んでいく。%K%P
%LC陽菜
%LC陽菜
「んぅッ……クレールいいっ？\n　出しちゃっていーいっ？」%K%P
「んぅッ……クレールいいっ？\n　出しちゃっていーいっ？」%K%P
%LCクレール
%LCクレール
「うんっ　さっきの陽菜ちゃんのおねだりで、\n　おま○こも子宮も、とろけちゃったからっ氈v%K%P
「うんっ　さっきの陽菜ちゃんのおねだりで、\n　おま○こも子宮も、とろけちゃったからっ氈v%K%P
%LCクレール
%LCクレール
「お願い、陽菜ちゃんっ。あなたの精子で、\n　私のおま○こ、たぷたぷにしてっ？」%K%P
「お願い、陽菜ちゃんっ。あなたの精子で、\n　私のおま○こ、たぷたぷにしてっ？」%K%P
%LCクレール
%LCクレール
「陽菜ちゃんの匂いが染みついちゃうぐらい、\n　濃厚なミルク、膣内にちょうだいっ氈v%K%P
「陽菜ちゃんの匂いが染みついちゃうぐらい、\n　濃厚なミルク、膣内にちょうだいっ氈v%K%P
%LC陽菜
%LC陽菜
「ぅんッ……！」%K%P
「ぅんッ……！」%K%P
声とも吐息ともつかない返事のあと、\n全身の力を、とにかく腰に集める。%K%P
声とも吐息ともつかない返事のあと、\n全身の力を、とにかく腰に集める。%K%P
射精のあとで気を失っても構わないから、\nとにかく、クレールに、いっぱいっ……！！%K%P
射精のあとで気を失っても構わないから、\nとにかく、クレールに、いっぱいっ……！！%K%P
%LC陽菜
%LC陽菜
「ああッ、はあっ、あっ、ああッ……！\n　クレールっ……クレール、クレールぅっ！」%K%P
「ああッ、はあっ、あっ、ああッ……！\n　クレールっ……クレール、クレールぅっ！」%K%P
%LCクレール
%LCクレール
「陽菜ちゃんっ、陽菜ちゃん、陽菜ちゃんっ歃n　きてっ、出してっ、いっぱいちょうだいっ氈v%K%P
「陽菜ちゃんっ、陽菜ちゃん、陽菜ちゃんっ歃n　きてっ、出してっ、いっぱいちょうだいっ氈v%K%P
%LCクレール
%LCクレール
「陽菜ちゃんのち○ぽミルクでっ、\n　おま○こ、いっぱいっ……くっ、んぅッ！」%K%P
「陽菜ちゃんのち○ぽミルクでっ、\n　おま○こ、いっぱいっ……くっ、んぅッ！」%K%P
%LC陽菜
%LC陽菜
「くぅっ……ああっ、クレールぅ……ッ！」%K%P
「くぅっ……ああっ、クレールぅ……ッ！」%K%P
%LCクレール
%LCクレール
「はあっ、陽菜ちゃん、陽菜ちゃぁんっ歃n　んぐッぅ……はぁあッ、ああぁあぁああっ氈v%K%P
「はあっ、陽菜ちゃん、陽菜ちゃぁんっ歃n　んぐッぅ……はぁあッ、ああぁあぁああっ氈v%K%P
%LCクレール
%LCクレール
「あっ、あああっ　びゅくって……んうっ、\n　しゅごっ……くあっ、はぅ、ぐんぅんんっ氈v%K%P
「あっ、あああっ　びゅくって……んうっ、\n　しゅごっ……くあっ、はぅ、ぐんぅんんっ氈v%K%P
%LCクレール
%LCクレール
「陽菜ちゃんの、熱いの、いっぱいっ……歃n　おま○こ、いっぱい……はふっ、はぁああっ氈v%K%P
「陽菜ちゃんの、熱いの、いっぱいっ……歃n　おま○こ、いっぱい……はふっ、はぁああっ氈v%K%P
%LC陽菜
%LC陽菜
「ぐッ……まだ、まだ、もっとッ……！」%K%P
「ぐッ……まだ、まだ、もっとッ……！」%K%P
少しでも多く精子を吐き出そうと、\n本能が腰を押し出し、亀頭が子宮口を求める。%K%P
少しでも多く精子を吐き出そうと、\n本能が腰を押し出し、亀頭が子宮口を求める。%K%P
いつもなら、強い快感に翻弄されて、\nただただ射精の終わりを待つことも多いけど。%K%P
いつもなら、強い快感に翻弄されて、\nただただ射精の終わりを待つことも多いけど。%K%P
今日のオレは、そんなの待ちきれなくて。%K%P
今日のオレは、そんなの待ちきれなくて。%K%P
%LC陽菜
%LC陽菜
「はぁ、はあっ……もっかいイクよっ？\n　受け取って、クレールっ……！」%K%P
「はぁ、はあっ……もっかいイクよっ？\n　受け取って、クレールっ……！」%K%P
%LCクレール
%LCクレール
「にゃっ、んうぅッ？！　うそ、待って、\n　私、まだっ……あっ、ああっ、ああああっ氈v%K%P
「にゃっ、んうぅッ？！　うそ、待って、\n　私、まだっ……あっ、ああっ、ああああっ氈v%K%P
思ってもない展開だったらしく、\nクレールが驚きを隠さず身悶える。%K%P
思ってもない展開だったらしく、\nクレールが驚きを隠さず身悶える。%K%P
そんな彼女をぎゅっと抱きしめ、\n全身の力を注ぎ込んで、もう一度っ……！%K%P
そんな彼女をぎゅっと抱きしめ、\n全身の力を注ぎ込んで、もう一度っ……！%K%P
%LC陽菜
%LC陽菜
「うそじゃなくて、ホントっ……！\n　もっかい、膣内に、出すからッ……！」%K%P
「うそじゃなくて、ホントっ……！\n　もっかい、膣内に、出すからッ……！」%K%P
%LCクレール
%LCクレール
「やっ、だめよ陽菜ちゃんっ、\n　そんなのだめっ、おかしくなっちゃうっ」%K%P
「やっ、だめよ陽菜ちゃんっ、\n　そんなのだめっ、おかしくなっちゃうっ」%K%P
%LCクレール
%LCクレール
「いっかいだけでも気持ちいいのにっ、\n　続けてなんて……あっ、あっ、あああっ氈v%K%P
「いっかいだけでも気持ちいいのにっ、\n　続けてなんて……あっ、あっ、あああっ氈v%K%P
%LC陽菜
%LC陽菜
「いいよっ、おかしくなってっ。\n　えっちなクレール、もっと見せてっ？」%K%P
「いいよっ、おかしくなってっ。\n　えっちなクレール、もっと見せてっ？」%K%P
%LC陽菜
%LC陽菜
「オレ、えっちなクレール、好きだからっ！」%K%P
「オレ、えっちなクレール、好きだからっ！」%K%P
%LCクレール
%LCクレール
「なっ……くぅぅ、陽菜ちゃんズルいっ、\n　そんなこと言われたら、私、わたしっ……！」%K%P
「なっ……くぅぅ、陽菜ちゃんズルいっ、\n　そんなこと言われたら、私、わたしっ……！」%K%P
%LCクレール
%LCクレール
「ああっ、だめっ、イクっ、イッちゃうっ、\n　ひぐッ……はっ、ああっ、いくぅうううッ！」%K%P
「ああっ、だめっ、イクっ、イッちゃうっ、\n　ひぐッ……はっ、ああっ、いくぅうううッ！」%K%P
%LCクレール
%LCクレール
「ふっ、はあっ……あ、ああっ、あああっ歃n　びゅるるるぅって……んぅ、はぁ、あああっ氈v%K%P
「ふっ、はあっ……あ、ああっ、あああっ歃n　びゅるるるぅって……んぅ、はぁ、あああっ氈v%K%P
%LCクレール
%LCクレール
「はあっ、ああっ　すごい、量っ……歃n　どぷどぷぅって、子宮にっ……ふあっ、ああっ氈v%K%P
「はあっ、ああっ　すごい、量っ……歃n　どぷどぷぅって、子宮にっ……ふあっ、ああっ氈v%K%P
%LC陽菜
%LC陽菜
「ぐッ……んんっ、どうしよこれ、\n　ぜんぜん、とまんなっ……あっ、ああっ」%K%P
「ぐッ……んんっ、どうしよこれ、\n　ぜんぜん、とまんなっ……あっ、ああっ」%K%P
それは、これまでで一番気持ちいい射精だった。%K%P
それは、これまでで一番気持ちいい射精だった。%K%P
溢れ出る精子の勢いはすごくて、\n出口になってる尿道口が、少し痛いぐらいで。%K%P
溢れ出る精子の勢いはすごくて、\n出口になってる尿道口が、少し痛いぐらいで。%K%P
でも、その痛さすら心地いいから、\nゾクゾクして、精子がますます溢れ出て。%K%P
でも、その痛さすら心地いいから、\nゾクゾクして、精子がますます溢れ出て。%K%P
%LC陽菜
%LC陽菜
「ああっ、あっ、クレールっ……んぅ、\n　はぁ、あっ……はぁ、あああっ……氈v%K%P
「ああっ、あっ、クレールっ……んぅ、\n　はぁ、あっ……はぁ、あああっ……氈v%K%P
堪えようとしても無理で、口は開いちゃって、\nよだれがぽたぽた垂れて、でも射精は終わらない。%K%P
堪えようとしても無理で、口は開いちゃって、\nよだれがぽたぽた垂れて、でも射精は終わらない。%K%P
強すぎる快感にだんだん不安になって、\n思わず、クレールにしがみつくと。%K%P
強すぎる快感にだんだん不安になって、\n思わず、クレールにしがみつくと。%K%P
%LCクレール
%LCクレール
「んっ……大丈夫よ、陽菜ちゃん。\n　ぜんぶ、私が受け止めてあげる」%K%P
「んっ……大丈夫よ、陽菜ちゃん。\n　ぜんぶ、私が受け止めてあげる」%K%P
%LCクレール
%LCクレール
「私のこと、いっぱいぎゅーしていいから。\n　しがみついたまま、ぜんぶ出しちゃいましょ？」%K%P
「私のこと、いっぱいぎゅーしていいから。\n　しがみついたまま、ぜんぶ出しちゃいましょ？」%K%P
%LCクレール
%LCクレール
「おま○こで、優しく抱っこするから……ね？\n　ぜんぶ、ぜんぶ、私の、なかに……氈v%K%P
「おま○こで、優しく抱っこするから……ね？\n　ぜんぶ、ぜんぶ、私の、なかに……氈v%K%P
%LC陽菜
%LC陽菜
「あぁ……あぁ、ああっ……」%K%P
「あぁ……あぁ、ああっ……」%K%P
優しい声に、自然と力が抜ける。%K%P
優しい声に、自然と力が抜ける。%K%P
強張っていた全身が弛緩すると、\nそれだけで、不安は消えてしまった。%K%P
強張っていた全身が弛緩すると、\nそれだけで、不安は消えてしまった。%K%P
%LC陽菜
%LC陽菜
「ふぅ……ふぅ、はぁ……はぁ……」%K%P
「ふぅ……ふぅ、はぁ……はぁ……」%K%P
%LCクレール
%LCクレール
「陽菜ちゃん、落ち着いた？」%K%P
「陽菜ちゃん、落ち着いた？」%K%P
%LC陽菜
%LC陽菜
「うん……。ありがと、クレール……」%K%P
「うん……。ありがと、クレール……」%K%P
%LCクレール
%LCクレール
「くすっ　どういたしまして、ご主人様」%K%P
「くすっ　どういたしまして、ご主人様」%K%P
%LC陽菜
%LC陽菜
「なっ……なんで急に、メイド？」%K%P
「なっ……なんで急に、メイド？」%K%P
%LCクレール
%LCクレール
「せっかくメイド服を着たのに、\n　それっぽいこと言ってなかったと思って」%K%P
「せっかくメイド服を着たのに、\n　それっぽいこと言ってなかったと思って」%K%P
%LCクレール
%LCクレール
「あっ、でも……いまの陽菜ちゃんが相手なら、\n　ご主人様じゃなく、お嬢様って言わないとよね」%K%P
「あっ、でも……いまの陽菜ちゃんが相手なら、\n　ご主人様じゃなく、お嬢様って言わないとよね」%K%P
%LCクレール
%LCクレール
「だから、ええと……」%K%P
「だから、ええと……」%K%P
%LCクレール
%LCクレール
「いかがでした？　お嬢様。お可愛いち○ぽから\n　たくさん射精して、すっきりできましたか？」%K%P
「いかがでした？　お嬢様。お可愛いち○ぽから\n　たくさん射精して、すっきりできましたか？」%K%P
%LC陽菜
%LC陽菜
「今はこっちもメイドだからっ。\n　というか、お可愛いち○ぽってなにっ」%K%P
「今はこっちもメイドだからっ。\n　というか、お可愛いち○ぽってなにっ」%K%P
%LCクレール
%LCクレール
「もちろん、いま私のおま○こに入ってる、\n　いまにも抜けちゃいそうなち○ぽだけど？」%K%P
「もちろん、いま私のおま○こに入ってる、\n　いまにも抜けちゃいそうなち○ぽだけど？」%K%P
%LC陽菜
%LC陽菜
「うぐっ……はうぅ……」%K%P
「うぐっ……はうぅ……」%K%P
%LCクレール
%LCクレール
「くすっ、うふふっ氈v%K%P
「くすっ、うふふっ氈v%K%P
呻くオレの声に、クレールが笑う。%K%P
呻くオレの声に、クレールが笑う。%K%P
立て続けの射精が利いたようで、\nガチガチだったペニスは、風前の灯火。%K%P
立て続けの射精が利いたようで、\nガチガチだったペニスは、風前の灯火。%K%P
クレールの膣内で大人しくなったペニスは、\n彼女が言うとおり、お可愛いことこの上なかった。%K%P
クレールの膣内で大人しくなったペニスは、\n彼女が言うとおり、お可愛いことこの上なかった。%K%P
