%LC陽菜
%LC陽菜
「……はぁ」%K%P
「……はぁ」%K%P
学園から職員寮に戻り、部屋で着替えていたら、\n大きな溜め息が漏れた。%K%P
学園から職員寮に戻り、部屋で着替えていたら、\n大きな溜め息が漏れた。%K%P
鏡を見ながら想うのは、クレール様のこと。%K%P
鏡を見ながら想うのは、クレール様のこと。%K%P
彼女がわざわざ教室まで会いに来てくれたのが、\nおとといの朝。%K%P
彼女がわざわざ教室まで会いに来てくれたのが、\nおとといの朝。%K%P
結局、あれから一度も彼女と会っていない。%K%P
結局、あれから一度も彼女と会っていない。%K%P
焦らず待つ、という彼女の言葉に甘えてしまい、\n踏ん切りがつかないまま２日が過ぎてしまった。%K%P
焦らず待つ、という彼女の言葉に甘えてしまい、\n踏ん切りがつかないまま２日が過ぎてしまった。%K%P
%LC陽菜
%LC陽菜
「そんなとこだけ甘えても、仕方ないのに……」%K%P
「そんなとこだけ甘えても、仕方ないのに……」%K%P
トーナメント初戦まで、あと３日。%K%P
トーナメント初戦まで、あと３日。%K%P
今日はもう寮に帰ってきてしまったから、\n実質、あと２日しか残されていない。%K%P
今日はもう寮に帰ってきてしまったから、\n実質、あと２日しか残されていない。%K%P
いい加減、なんとかしなくちゃって思うけど……、\n時間が経てば経つほど、気後れして動けなくなる。%K%P
いい加減、なんとかしなくちゃって思うけど……、\n時間が経てば経つほど、気後れして動けなくなる。%K%P
会いたい気持ちはあるのに。%K%P
会いたい気持ちはあるのに。%K%P
会ったらどうすればいいのか、わからない。%K%P
会ったらどうすればいいのか、わからない。%K%P
%LC陽菜
%LC陽菜
「……けど、練習はしておかないと」%K%P
「……けど、練習はしておかないと」%K%P
自分ひとりで戦うならぶっつけ本番でもいいけど、\n{連弾:デュオ}{舞闘:カデンツァ}は２対２のチーム戦だ。%K%P
自分ひとりで戦うならぶっつけ本番でもいいけど、\n{連弾:デュオ}{舞闘:カデンツァ}は２対２のチーム戦だ。%K%P
どれだけ個々が強くとも、チームワークで劣れば、\nあっさり負けてしまうかもしれない。%K%P
どれだけ個々が強くとも、チームワークで劣れば、\nあっさり負けてしまうかもしれない。%K%P
そうならないためにも、\nパートナーのことはよく知っておくべきだ。%K%P
そうならないためにも、\nパートナーのことはよく知っておくべきだ。%K%P
例えば、依夜様の打刀を苦にしないクレール様も、\n突剣だけは苦手、なんてことがあるかもしれない。%K%P
例えば、依夜様の打刀を苦にしないクレール様も、\n突剣だけは苦手、なんてことがあるかもしれない。%K%P
その場合、依夜様の相手をクレール様に任せて、\nオレが梨理ちゃんを受け持つほうが勝率は高くなる。%K%P
その場合、依夜様の相手をクレール様に任せて、\nオレが梨理ちゃんを受け持つほうが勝率は高くなる。%K%P
エンゲージしてすぐ、美実様たちが作戦会議を\nしていたのも、そのあたりを踏まえてのことだろう。%K%P
エンゲージしてすぐ、美実様たちが作戦会議を\nしていたのも、そのあたりを踏まえてのことだろう。%K%P
自分たちが出来ることを把握しておかないと、\n作戦を立てることすらままならない。%K%P
自分たちが出来ることを把握しておかないと、\n作戦を立てることすらままならない。%K%P
でも、オレとクレール様は、\nその段階にすら至っていない。%K%P
でも、オレとクレール様は、\nその段階にすら至っていない。%K%P
だから、一刻も早くクレール様に会って、\nいろいろと相談しなくちゃって思うのに。%K%P
だから、一刻も早くクレール様に会って、\nいろいろと相談しなくちゃって思うのに。%K%P
彼女に会って、また気まずくなったらと思うと、\nどうしても会いに行く勇気が出なかった。%K%P
彼女に会って、また気まずくなったらと思うと、\nどうしても会いに行く勇気が出なかった。%K%P
――会いたいのに、会うのが怖い。%K%P
――会いたいのに、会うのが怖い。%K%P
そのジレンマに思い悩む間に、\n時間だけが、どんどん過ぎていく――。%K%P
そのジレンマに思い悩む間に、\n時間だけが、どんどん過ぎていく――。%K%P
%LCニナ
%LCニナ
「日向くん、そこにお座んなさい。\n　お話があります」%K%P
「日向くん、そこにお座んなさい。\n　お話があります」%K%P
夕食後、お風呂に入ろうとしたら、\nニナさんがリビングの畳を指さしてそう言った。%K%P
夕食後、お風呂に入ろうとしたら、\nニナさんがリビングの畳を指さしてそう言った。%K%P
日向くんって呼ばれるのは久しぶりで、\nだからすぐ、ただ事じゃないってわかった。%K%P
日向くんって呼ばれるのは久しぶりで、\nだからすぐ、ただ事じゃないってわかった。%K%P
%LCニナ
%LCニナ
「この前も似たようなことを聞いたと思うけど。\n　クレールと上手くいってるの？」%K%P
「この前も似たようなことを聞いたと思うけど。\n　クレールと上手くいってるの？」%K%P
%LC陽菜
%LC陽菜
「ん……」%K%P
「ん……」%K%P
昨日の朝は、歯切れは悪くとも頷けた。%K%P
昨日の朝は、歯切れは悪くとも頷けた。%K%P
でも、今日はそれすら危うい。%K%P
でも、今日はそれすら危うい。%K%P
%LCニナ
%LCニナ
「そう……。やっぱりそうなのね」%K%P
「そう……。やっぱりそうなのね」%K%P
%LCニナ
%LCニナ
「クレールがあなたを心配してたの。\n　寮でなにか変わった様子はないかって」%K%P
「クレールがあなたを心配してたの。\n　寮でなにか変わった様子はないかって」%K%P
%LCニナ
%LCニナ
「あの子が心配性なのはいつものことだけど、\n　それにしても妙だなって思って」%K%P
「あの子が心配性なのはいつものことだけど、\n　それにしても妙だなって思って」%K%P
%LCニナ
%LCニナ
「だって、あなたたちはエンゲージしてるんだもの。\n　なにかあれば、相手に直接聞けばいいでしょ？」%K%P
「だって、あなたたちはエンゲージしてるんだもの。\n　なにかあれば、相手に直接聞けばいいでしょ？」%K%P
%LCニナ
%LCニナ
「それで、気になってクレールに問い返したら、\n　昨日の朝からヒナちゃんと会ってないって」%K%P
「それで、気になってクレールに問い返したら、\n　昨日の朝からヒナちゃんと会ってないって」%K%P
%LCニナ
%LCニナ
「ヒナちゃん。クレールと何かあったの？」%K%P
「ヒナちゃん。クレールと何かあったの？」%K%P
%LC陽菜
%LC陽菜
「直接、どうこうってことはないんです。\n　でも、なにもないってわけでも、なくて……」%K%P
「直接、どうこうってことはないんです。\n　でも、なにもないってわけでも、なくて……」%K%P
%LCニナ
%LCニナ
「そう……」%K%P
「そう……」%K%P
曖昧なオレの返答に、ニナさんは小さく頷く。%K%P
曖昧なオレの返答に、ニナさんは小さく頷く。%K%P
%LCニナ
%LCニナ
「ないとは思うけど、一応聞かせて。\n　クレールのこと、嫌いになった？」%K%P
「ないとは思うけど、一応聞かせて。\n　クレールのこと、嫌いになった？」%K%P
%LC陽菜
%LC陽菜
「そんなことありませんっ。\n　嫌いになるだなんて、そんな……」%K%P
「そんなことありませんっ。\n　嫌いになるだなんて、そんな……」%K%P
%LC陽菜
%LC陽菜
「……ただ、クレール様と話していると、\n　どうしても、ざわざわする、というか……」%K%P
「……ただ、クレール様と話していると、\n　どうしても、ざわざわする、というか……」%K%P
%LCニナ
%LCニナ
「ざわざわ……？　胸騒ぎってこと？」%K%P
「ざわざわ……？　胸騒ぎってこと？」%K%P
%LC陽菜
%LC陽菜
「ん……。顔とか、真っ直ぐ見られなくて」%K%P
「ん……。顔とか、真っ直ぐ見られなくて」%K%P
%LCニナ
%LCニナ
「でも、前は普通に話していたでしょ？\n　テスト{舞闘:カデンツァ}のときとか」%K%P
「でも、前は普通に話していたでしょ？\n　テスト{舞闘:カデンツァ}のときとか」%K%P
%LC陽菜
%LC陽菜
「はい。その頃はまだ、平気でした」%K%P
「はい。その頃はまだ、平気でした」%K%P
%LCニナ
%LCニナ
「なら、胸騒ぎはいつから？」%K%P
「なら、胸騒ぎはいつから？」%K%P
%LC陽菜
%LC陽菜
「いつってなると……、\n　たぶん、エンゲージの前後ぐらいから」%K%P
「いつってなると……、\n　たぶん、エンゲージの前後ぐらいから」%K%P
%LCニナ
%LCニナ
「なにか切っ掛けがあったの？」%K%P
「なにか切っ掛けがあったの？」%K%P
%LC陽菜
%LC陽菜
「切っ掛け――」%K%P
「切っ掛け――」%K%P
その言葉で思い出すのは、\nどうしたって、乙女部の部室での――、%K%P
その言葉で思い出すのは、\nどうしたって、乙女部の部室での――、%K%P
でも、それをニナさんには言えないし、\nクレール様には、もっと言えない。%K%P
でも、それをニナさんには言えないし、\nクレール様には、もっと言えない。%K%P
あなたをオカズにオナニーしちゃったから、\n気まずくなってしまうんです、なんて。%K%P
あなたをオカズにオナニーしちゃったから、\n気まずくなってしまうんです、なんて。%K%P
%LCニナ
%LCニナ
「心当たりはあるけど、人には言えない――、\n　といったところみたいね」%K%P
「心当たりはあるけど、人には言えない――、\n　といったところみたいね」%K%P
%LC陽菜
%LC陽菜
「ん……」%K%P
「ん……」%K%P
ニナさんの指摘に、またもや呻く。%K%P
ニナさんの指摘に、またもや呻く。%K%P
ニナさんが鋭いのか、オレが分かりやすいのか。%K%P
ニナさんが鋭いのか、オレが分かりやすいのか。%K%P
……たぶん、後者なんだろうけど。%K%P
……たぶん、後者なんだろうけど。%K%P
%LCニナ
%LCニナ
「安心して。言えないことは誰しもあるし、\n　そのあたりは根掘り葉掘りしないから」%K%P
「安心して。言えないことは誰しもあるし、\n　そのあたりは根掘り葉掘りしないから」%K%P
%LCニナ
%LCニナ
「そもそも、思春期の多感な男の子が、\n　乙女の園で女装生活を送っているわけだもの」%K%P
「そもそも、思春期の多感な男の子が、\n　乙女の園で女装生活を送っているわけだもの」%K%P
%LCニナ
%LCニナ
「なんにもないってことのほうが珍しいだろうし。\n　言えないような苦労も、ね？　あるんでしょ？」%K%P
「なんにもないってことのほうが珍しいだろうし。\n　言えないような苦労も、ね？　あるんでしょ？」%K%P
%LC陽菜
%LC陽菜
「べっ、べつに……そんな、ことは……」%K%P
「べっ、べつに……そんな、ことは……」%K%P
%LCニナ
%LCニナ
「あらら、照れちゃった。ってことは、\n　ひょっとしてヒナちゃん、クレールのこと――」%K%P
「あらら、照れちゃった。ってことは、\n　ひょっとしてヒナちゃん、クレールのこと――」%K%P
%LC宗千佳
%LC宗千佳
「こら。根掘り葉掘りしないんじゃなかったのか」%K%P
「こら。根掘り葉掘りしないんじゃなかったのか」%K%P
%LCニナ
%LCニナ
「だって気になるんだもん。\n　他でもないクレールのことだし」%K%P
「だって気になるんだもん。\n　他でもないクレールのことだし」%K%P
%LCニナ
%LCニナ
「あの子のことは小さな頃からよく知ってて、\n　私にとっては妹みたいなものなのよ？」%K%P
「あの子のことは小さな頃からよく知ってて、\n　私にとっては妹みたいなものなのよ？」%K%P
%LCニナ
%LCニナ
「それに、むーちゃんだって気になるでしょ？\n　ヒナちゃんは従弟なんだし」%K%P
「それに、むーちゃんだって気になるでしょ？\n　ヒナちゃんは従弟なんだし」%K%P
%LC宗千佳
%LC宗千佳
「まったくならない、とは言わないが」%K%P
「まったくならない、とは言わないが」%K%P
%LCニナ
%LCニナ
「ほらっ！　ほらほらほらっ！」%K%P
「ほらっ！　ほらほらほらっ！」%K%P
%LC宗千佳
%LC宗千佳
「落ち着け。\n　問題は、聞き出してどうするか、だ」%K%P
「落ち着け。\n　問題は、聞き出してどうするか、だ」%K%P
%LC宗千佳
%LC宗千佳
「聞き出すと言うことは、関わると言うことだ」%K%P
「聞き出すと言うことは、関わると言うことだ」%K%P
%LC宗千佳
%LC宗千佳
「それは、相手に少なからず影響を与える」%K%P
「それは、相手に少なからず影響を与える」%K%P
%LC宗千佳
%LC宗千佳
「確かにいま、陽菜とクレールの間には、\n　ちょっとした問題が発生しているんだろう」%K%P
「確かにいま、陽菜とクレールの間には、\n　ちょっとした問題が発生しているんだろう」%K%P
%LC宗千佳
%LC宗千佳
「だが、そこに率先して首をつっこんでどうする。\n　事態をよりややこしくするだけかもしれないぞ？」%K%P
「だが、そこに率先して首をつっこんでどうする。\n　事態をよりややこしくするだけかもしれないぞ？」%K%P
%LCニナ
%LCニナ
「だからこそ、ヒナちゃんにアドバイスを」%K%P
「だからこそ、ヒナちゃんにアドバイスを」%K%P
%LC宗千佳
%LC宗千佳
「そういうのは求められたときにすればいい。\n　ニナのそれはお節介と言うんだ」%K%P
「そういうのは求められたときにすればいい。\n　ニナのそれはお節介と言うんだ」%K%P
%LCニナ
%LCニナ
「でもぉ……」%K%P
「でもぉ……」%K%P
%LC宗千佳
%LC宗千佳
「陽菜。アドバイスが欲しいか？」%K%P
「陽菜。アドバイスが欲しいか？」%K%P
%LC陽菜
%LC陽菜
「……ううん。自分でなんとかしてみる」%K%P
「……ううん。自分でなんとかしてみる」%K%P
%LC宗千佳
%LC宗千佳
「だ、そうだぞ？」%K%P
「だ、そうだぞ？」%K%P
%LCニナ
%LCニナ
「むぅー……もおっ、むぅーちゃぁんっ！」%K%P
「むぅー……もおっ、むぅーちゃぁんっ！」%K%P
%LC宗千佳
%LC宗千佳
「大方、困っている陽菜を助けて、普段の恩義を\n　少しでも返せればと思ったんだろう？」%K%P
「大方、困っている陽菜を助けて、普段の恩義を\n　少しでも返せればと思ったんだろう？」%K%P
%LCニナ
%LCニナ
「うっ……」%K%P
「うっ……」%K%P
%LC宗千佳
%LC宗千佳
「ふふ、わかりやすいヤツだな、本当に」%K%P
「ふふ、わかりやすいヤツだな、本当に」%K%P
%LC宗千佳
%LC宗千佳
「だが、別にそこまで気負わずとも、\n　陽菜はニナに感謝していると思うぞ？」%K%P
「だが、別にそこまで気負わずとも、\n　陽菜はニナに感謝していると思うぞ？」%K%P
%LCニナ
%LCニナ
「でも……私、無茶ばっかり頼んでいるし」%K%P
「でも……私、無茶ばっかり頼んでいるし」%K%P
%LC宗千佳
%LC宗千佳
「だとしても、それをこなすかどうかは、\n　陽菜が自身で決めてきたことだ」%K%P
「だとしても、それをこなすかどうかは、\n　陽菜が自身で決めてきたことだ」%K%P
%LC宗千佳
%LC宗千佳
「そうだろう？　陽菜」%K%P
「そうだろう？　陽菜」%K%P
%LC陽菜
%LC陽菜
「うん」%K%P
「うん」%K%P
ここ２日、オレは自分のことばかり考えてた。%K%P
ここ２日、オレは自分のことばかり考えてた。%K%P
会いたいけど会いに行くのが怖い――、\nそのジレンマに、ただただ悩むばかりだった。%K%P
会いたいけど会いに行くのが怖い――、\nそのジレンマに、ただただ悩むばかりだった。%K%P
でも、それはクレール様も同じだった。%K%P
でも、それはクレール様も同じだった。%K%P
おそらく彼女は、焦らず待つと言ってしまった手前、\nオレに会いたくても会いに来られないんだろう。%K%P
おそらく彼女は、焦らず待つと言ってしまった手前、\nオレに会いたくても会いに来られないんだろう。%K%P
だから、なかなか顔を見せないオレを心配して、\nこっちの様子をニナさんに尋ねたりした。%K%P
だから、なかなか顔を見せないオレを心配して、\nこっちの様子をニナさんに尋ねたりした。%K%P
もし、この推測が当たっていたとしたら、\nオレも彼女も、同じ状況で臆していたことになる。%K%P
もし、この推測が当たっていたとしたら、\nオレも彼女も、同じ状況で臆していたことになる。%K%P
このデッドロックは、自分の手で解決しないと。%K%P
このデッドロックは、自分の手で解決しないと。%K%P
%LC陽菜
%LC陽菜
「……ニナさん」%K%P
「……ニナさん」%K%P
%LCニナ
%LCニナ
「なにっ？　なになにっ？」%K%P
「なにっ？　なになにっ？」%K%P
%LC陽菜
%LC陽菜
「心配してくれて、ありがとうございました。\n　でも、自分でなんとかしてみます」%K%P
「心配してくれて、ありがとうございました。\n　でも、自分でなんとかしてみます」%K%P
%LCニナ
%LCニナ
「……うん。ごめんね、お役に立てなくて」%K%P
「……うん。ごめんね、お役に立てなくて」%K%P
%LC陽菜
%LC陽菜
「いえ、そんなことないです。\n　すっごく助かりました」%K%P
「いえ、そんなことないです。\n　すっごく助かりました」%K%P
%LCニナ
%LCニナ
「ほんとっ？」%K%P
「ほんとっ？」%K%P
%LC陽菜
%LC陽菜
「はい。すっごく感謝です」%K%P
「はい。すっごく感謝です」%K%P
%LC陽菜
%LC陽菜
「姉さんも、ありがとう」%K%P
「姉さんも、ありがとう」%K%P
%LC宗千佳
%LC宗千佳
「礼など不要……というのも、さすがに無粋か。\n　受け取っておこう」%K%P
「礼など不要……というのも、さすがに無粋か。\n　受け取っておこう」%K%P
%LC宗千佳
%LC宗千佳
「頭を空っぽにして挑め、とは言わないが。\n　考えすぎるのはあまりよくないと思うぞ」%K%P
「頭を空っぽにして挑め、とは言わないが。\n　考えすぎるのはあまりよくないと思うぞ」%K%P
%LC宗千佳
%LC宗千佳
「おまえは昔から、理詰めで挑むより、\n　出たとこ勝負のほうが強かったからな」%K%P
「おまえは昔から、理詰めで挑むより、\n　出たとこ勝負のほうが強かったからな」%K%P
%LCニナ
%LCニナ
「ああー？！　むーちゃんズルいっ、\n　アドバイスしてるぅっ！」%K%P
「ああー？！　むーちゃんズルいっ、\n　アドバイスしてるぅっ！」%K%P
%LC宗千佳
%LC宗千佳
「ん？　いまのは剣術の話だが？」%K%P
「ん？　いまのは剣術の話だが？」%K%P
%LCニナ
%LCニナ
「うそっ！　ぜったいアドバイスだもんっ。\n　いまのコイバナ的なやつでしょ？」%K%P
「うそっ！　ぜったいアドバイスだもんっ。\n　いまのコイバナ的なやつでしょ？」%K%P
%LC宗千佳
%LC宗千佳
「コイバナ……。そうなのか？　陽菜」%K%P
「コイバナ……。そうなのか？　陽菜」%K%P
%LC陽菜
%LC陽菜
「なっ……なんでオレに聞くのっ」%K%P
「なっ……なんでオレに聞くのっ」%K%P
%LCニナ
%LCニナ
「あっ、オレって言ったっ。やっぱりヒナちゃん、\n　男の子としてクレールのこと――」%K%P
「あっ、オレって言ったっ。やっぱりヒナちゃん、\n　男の子としてクレールのこと――」%K%P
%LC宗千佳
%LC宗千佳
「こら、話をふりだしに戻すな」%K%P
「こら、話をふりだしに戻すな」%K%P
%LCニナ
%LCニナ
「うみゃっ？！」%K%P
「うみゃっ？！」%K%P
%LCニナ
%LCニナ
「うぐぐっ、むーちゃんっ！　頭はだめっ。\n　二人の大切な思い出を忘れたらどうするのっ」%K%P
「うぐぐっ、むーちゃんっ！　頭はだめっ。\n　二人の大切な思い出を忘れたらどうするのっ」%K%P
%LC宗千佳
%LC宗千佳
「この程度で忘れてしまうような、\n　柔な思い出でもないだろう？」%K%P
「この程度で忘れてしまうような、\n　柔な思い出でもないだろう？」%K%P
%LCニナ
%LCニナ
「それはそうだけどぉ……」%K%P
「それはそうだけどぉ……」%K%P
%LC陽菜
%LC陽菜
「ふっ……くす、ふふっ」%K%P
「ふっ……くす、ふふっ」%K%P
優しくチョップされて拗ねるニナさんと、\nそんな彼女のあしらい方を心得ている姉さん。%K%P
優しくチョップされて拗ねるニナさんと、\nそんな彼女のあしらい方を心得ている姉さん。%K%P
ふたりの信頼関係が心地良くて、思わず笑う。%K%P
ふたりの信頼関係が心地良くて、思わず笑う。%K%P
そういえば、声を出して笑ったのって、\nずいぶんと久しぶりな気がする。%K%P
そういえば、声を出して笑ったのって、\nずいぶんと久しぶりな気がする。%K%P
%LC陽菜
%LC陽菜
「じゃあ、私はお風呂に――」%K%P
「じゃあ、私はお風呂に――」%K%P
%LC陽菜
%LC陽菜
「っと、そうだ。ニナさん、クレール様の連絡先、\n　教えてもらっていいですか？」%K%P
「っと、そうだ。ニナさん、クレール様の連絡先、\n　教えてもらっていいですか？」%K%P
%LC陽菜
%LC陽菜
「すぅ……はぁ……すぅ……はぁ……」%K%P
「すぅ……はぁ……すぅ……はぁ……」%K%P
%LC陽菜
%LC陽菜
「――よしっ」%K%P
「――よしっ」%K%P
深呼吸のあと、気合いを入れて、\n通話ボタンをタップする。%K%P
深呼吸のあと、気合いを入れて、\n通話ボタンをタップする。%K%P
呼び出し音が数回鳴ったあと――、%K%P
呼び出し音が数回鳴ったあと――、%K%P
%LCクレール
%LCクレール
「ボンジュー、ごきげんよう。どちら様？」%K%P
「ボンジュー、ごきげんよう。どちら様？」%K%P
%LC陽菜
%LC陽菜
「あっ、陽菜です。卯花陽菜――」%K%P
「あっ、陽菜です。卯花陽菜――」%K%P
%LCクレール
%LCクレール
「陽菜ちゃん……？　えっ、うそ、本物っ？」%K%P
「陽菜ちゃん……？　えっ、うそ、本物っ？」%K%P
%LC陽菜
%LC陽菜
「本物です。理事長――ニナさんに、\n　クレール様のスマホの番号を教えてもらって」%K%P
「本物です。理事長――ニナさんに、\n　クレール様のスマホの番号を教えてもらって」%K%P
%LCクレール
%LCクレール
「なんだ、そういうことだったのね……。\n　知らない番号だから警戒しちゃって」%K%P
「なんだ、そういうことだったのね……。\n　知らない番号だから警戒しちゃって」%K%P
%LCクレール
%LCクレール
「それで、どうしたの？　こんな時間に」%K%P
「それで、どうしたの？　こんな時間に」%K%P
%LC陽菜
%LC陽菜
「その……明日、なんですけど。\n　一緒に練習できたらと思って」%K%P
「その……明日、なんですけど。\n　一緒に練習できたらと思って」%K%P
%LCクレール
%LCクレール
「ほんとっ？」%K%P
「ほんとっ？」%K%P
%LC陽菜
%LC陽菜
「はい。お待たせしてしまって、\n　本当にすみません」%K%P
「はい。お待たせしてしまって、\n　本当にすみません」%K%P
%LCクレール
%LCクレール
「いいのいいの、気にしないで。\n　焦らず待つって言ったのは私だもの」%K%P
「いいのいいの、気にしないで。\n　焦らず待つって言ったのは私だもの」%K%P
%LCクレール
%LCクレール
「ひょっとして、それを伝えるために、\n　わざわざ電話を？」%K%P
「ひょっとして、それを伝えるために、\n　わざわざ電話を？」%K%P
%LC陽菜
%LC陽菜
「少しでも早いほうがいいと思って」%K%P
「少しでも早いほうがいいと思って」%K%P
%LCクレール
%LCクレール
「まあ、まあまあまあっ……。\n　ありがとう、陽菜ちゃん。とっても嬉しい」%K%P
「まあ、まあまあまあっ……。\n　ありがとう、陽菜ちゃん。とっても嬉しい」%K%P
%LCクレール
%LCクレール
「それで？　練習は放課後？　それとも朝練？\n　よかったらお昼も一緒に食べちゃう？」%K%P
「それで？　練習は放課後？　それとも朝練？\n　よかったらお昼も一緒に食べちゃう？」%K%P
%LC陽菜
%LC陽菜
「じゃあ、お昼を一緒に食べて、そのとき、\n　放課後の練習について話し合いませんか？」%K%P
「じゃあ、お昼を一緒に食べて、そのとき、\n　放課後の練習について話し合いませんか？」%K%P
%LC陽菜
%LC陽菜
「朝練もしたいですけど、朝は時間も短くて、\n　いきなりだとバタバタしちゃうと思うので」%K%P
「朝練もしたいですけど、朝は時間も短くて、\n　いきなりだとバタバタしちゃうと思うので」%K%P
%LCクレール
%LCクレール
「それもそうね。じゃあ、お昼を食べて、\n　そのとき、色々お話をする、っと……」%K%P
「それもそうね。じゃあ、お昼を食べて、\n　そのとき、色々お話をする、っと……」%K%P
%LCクレール
%LCクレール
「うふっ、んふふっ。どうしよう、嬉しい。\n　陽菜ちゃんから連絡してくれるだなんて」%K%P
「うふっ、んふふっ。どうしよう、嬉しい。\n　陽菜ちゃんから連絡してくれるだなんて」%K%P
%LC陽菜
%LC陽菜
「実は……今日、ニナさんから聞いたんです。\n　クレール様が私を心配していたって」%K%P
「実は……今日、ニナさんから聞いたんです。\n　クレール様が私を心配していたって」%K%P
%LCクレール
%LCクレール
「えっ、うそっ。ニナ、言っちゃったのっ？\n　うぅぅ、本人には内緒って言ったのにっ……」%K%P
「えっ、うそっ。ニナ、言っちゃったのっ？\n　うぅぅ、本人には内緒って言ったのにっ……」%K%P
%LC陽菜
%LC陽菜
「ニナさんは悪くありません。\n　悪いのは、クレール様に心配をかけた私です」%K%P
「ニナさんは悪くありません。\n　悪いのは、クレール様に心配をかけた私です」%K%P
%LCクレール
%LCクレール
「もう、模範解答しちゃって……」%K%P
「もう、模範解答しちゃって……」%K%P
%LCクレール
%LCクレール
「ねえ、ニナ、他になにか言ってなかった？\n　例えば、昔の私はどうこう、みたいな」%K%P
「ねえ、ニナ、他になにか言ってなかった？\n　例えば、昔の私はどうこう、みたいな」%K%P
%LC陽菜
%LC陽菜
「それは……ほんの、ちょっとだけ」%K%P
「それは……ほんの、ちょっとだけ」%K%P
%LCクレール
%LCクレール
「んもぅー……。ほんとニナはそういうところ、\n　昔っから変わらないんだからっ……」%K%P
「んもぅー……。ほんとニナはそういうところ、\n　昔っから変わらないんだからっ……」%K%P
%LC陽菜
%LC陽菜
「けど、悪いことは言ってなかったですよ。\n　というか、良いことばかりでした」%K%P
「けど、悪いことは言ってなかったですよ。\n　というか、良いことばかりでした」%K%P
%LC陽菜
%LC陽菜
「聞いていて思いました。\n　クレール様とニナさん、本当に仲良しなんだって」%K%P
「聞いていて思いました。\n　クレール様とニナさん、本当に仲良しなんだって」%K%P
%LCクレール
%LCクレール
「まぁね。なんといっても、\n　恋心を抱いていた時期もあるぐらいだし」%K%P
「まぁね。なんといっても、\n　恋心を抱いていた時期もあるぐらいだし」%K%P
%LCクレール
%LCクレール
「もっとも、それは恋ではなく憧れ――、\n　というのは、前に話したとおりなんだけど」%K%P
「もっとも、それは恋ではなく憧れ――、\n　というのは、前に話したとおりなんだけど」%K%P
%LCクレール
%LCクレール
「それに、今は……っと、いけないいけない。\n　いまのは何でもないの。忘れて」%K%P
「それに、今は……っと、いけないいけない。\n　いまのは何でもないの。忘れて」%K%P
%LC陽菜
%LC陽菜
「はい」%K%P
「はい」%K%P
%LCクレール
%LCクレール
「え……ええっ？　そこはもうちょっと、\n　根掘り葉掘りしたがるところじゃないの？」%K%P
「え……ええっ？　そこはもうちょっと、\n　根掘り葉掘りしたがるところじゃないの？」%K%P
%LC陽菜
%LC陽菜
「似たようなこと、ニナさんも言ってましたよ？」%K%P
「似たようなこと、ニナさんも言ってましたよ？」%K%P
%LCクレール
%LCクレール
「うぐぐっ……」%K%P
「うぐぐっ……」%K%P
%LC陽菜
%LC陽菜
「くすっ。……じゃあ、今日はこれで」%K%P
「くすっ。……じゃあ、今日はこれで」%K%P
%LCクレール
%LCクレール
「うん。連絡してくれてありがとう」%K%P
「うん。連絡してくれてありがとう」%K%P
%LC陽菜
%LC陽菜
「いえ、こっちこそ急にかけてしまって、\n　すみませんでした」%K%P
「いえ、こっちこそ急にかけてしまって、\n　すみませんでした」%K%P
%LCクレール
%LCクレール
「いいのいいの。連絡なんて、\n　だいたいは急なものなんだから」%K%P
「いいのいいの。連絡なんて、\n　だいたいは急なものなんだから」%K%P
%LCクレール
%LCクレール
「それじゃあね、陽菜ちゃん。\n　また明日。ごきげんよう」%K%P
「それじゃあね、陽菜ちゃん。\n　また明日。ごきげんよう」%K%P
%LC陽菜
%LC陽菜
「はい。ごきげんよう」%K%P
「はい。ごきげんよう」%K%P
通話を終えると、ほっとして力が抜ける。%K%P
通話を終えると、ほっとして力が抜ける。%K%P
%LC陽菜
%LC陽菜
「よかった……。普通に話せて……」%K%P
「よかった……。普通に話せて……」%K%P
掛ける前はすごく緊張していたけど、\n終わってみれば、いつも通り話せたと思う。%K%P
掛ける前はすごく緊張していたけど、\n終わってみれば、いつも通り話せたと思う。%K%P
電話だと相手の顔が見えないから、\nそのおかげも大きかったんだろう。%K%P
電話だと相手の顔が見えないから、\nそのおかげも大きかったんだろう。%K%P
とはいえ、約束は取り付けた。%K%P
とはいえ、約束は取り付けた。%K%P
%LC陽菜
%LC陽菜
「これで、あとは会うだけ――」%K%P
「これで、あとは会うだけ――」%K%P
スマホを手放し、ベッドに寝転ぶ。%K%P
スマホを手放し、ベッドに寝転ぶ。%K%P
いざ本人を前にしたら、\nまた上手く話せないかもしれない。%K%P
いざ本人を前にしたら、\nまた上手く話せないかもしれない。%K%P
どうしたいのか、自分でも不明瞭だけど、\nそれでも会わないことには始まらない。%K%P
どうしたいのか、自分でも不明瞭だけど、\nそれでも会わないことには始まらない。%K%P
臆していても、なにも進展はしない。%K%P
臆していても、なにも進展はしない。%K%P
姉さんも言っていたじゃないか。\nオレは出たとこ勝負に強いんだって。%K%P
姉さんも言っていたじゃないか。\nオレは出たとこ勝負に強いんだって。%K%P
