%LC陽菜
%LC陽菜
「はぅー……」%K%P
「はぅー……」%K%P
呻きながらベッドから抜け出し、鏡を見る。%K%P
呻きながらベッドから抜け出し、鏡を見る。%K%P
そこに映っていたのは、ひどい顔だった。%K%P
そこに映っていたのは、ひどい顔だった。%K%P
%LC陽菜
%LC陽菜
「おはよう……」%K%P
「おはよう……」%K%P
%LC宗千佳
%LC宗千佳
「ああ、おはよう――っと、\n　今朝はまた、ずいぶんと酷い顔だな」%K%P
「ああ、おはよう――っと、\n　今朝はまた、ずいぶんと酷い顔だな」%K%P
%LC宗千佳
%LC宗千佳
「どうした？　眠れなかったのか？」%K%P
「どうした？　眠れなかったのか？」%K%P
%LC陽菜
%LC陽菜
「うん、ちょっと……」%K%P
「うん、ちょっと……」%K%P
%LC宗千佳
%LC宗千佳
「そうか。とりあえず顔を洗ってこい」%K%P
「そうか。とりあえず顔を洗ってこい」%K%P
%LC宗千佳
%LC宗千佳
「しかし、陽菜が寝不足とは珍しい。\n　寝付きはいいほうだと思っていたが」%K%P
「しかし、陽菜が寝不足とは珍しい。\n　寝付きはいいほうだと思っていたが」%K%P
%LC陽菜
%LC陽菜
「まあ、その……いろいろあって」%K%P
「まあ、その……いろいろあって」%K%P
%LC宗千佳
%LC宗千佳
「クレールか」%K%P
「クレールか」%K%P
%LC陽菜
%LC陽菜
「っ……」%K%P
「っ……」%K%P
%LC宗千佳
%LC宗千佳
「ふふ、図星か」%K%P
「ふふ、図星か」%K%P
%LC陽菜
%LC陽菜
「……なんでわかったの？」%K%P
「……なんでわかったの？」%K%P
%LC宗千佳
%LC宗千佳
「昨日エンゲージがあって、今朝のこれだ。\n　他にこれといって思い当たる節もないしな」%K%P
「昨日エンゲージがあって、今朝のこれだ。\n　他にこれといって思い当たる節もないしな」%K%P
%LC宗千佳
%LC宗千佳
「とはいえ、あのクレールが陽菜を寝不足に\n　させるほど悩ませるとは思えないんだが」%K%P
「とはいえ、あのクレールが陽菜を寝不足に\n　させるほど悩ませるとは思えないんだが」%K%P
%LC陽菜
%LC陽菜
「姉さんはクレール様のこと、\n　昔から知ってるんだよね？」%K%P
「姉さんはクレール様のこと、\n　昔から知ってるんだよね？」%K%P
%LC宗千佳
%LC宗千佳
「そうだな。前にも言ったと思うが、\n　ニナの紹介で、小さな頃から面識がある」%K%P
「そうだな。前にも言ったと思うが、\n　ニナの紹介で、小さな頃から面識がある」%K%P
%LC陽菜
%LC陽菜
「クレール様ってどんな人？」%K%P
「クレール様ってどんな人？」%K%P
%LC宗千佳
%LC宗千佳
「どんなって……エンゲージしたんだろう？\n　本人に聞いた方が早いと思うが」%K%P
「どんなって……エンゲージしたんだろう？\n　本人に聞いた方が早いと思うが」%K%P
%LC宗千佳
%LC宗千佳
「それとも、本人に聞けないようなことを\n　知りたいとでも？」%K%P
「それとも、本人に聞けないようなことを\n　知りたいとでも？」%K%P
%LC陽菜
%LC陽菜
「そんなつもりはないけど……ただ、\n　姉さんはどんなふうに思ってるのかなって」%K%P
「そんなつもりはないけど……ただ、\n　姉さんはどんなふうに思ってるのかなって」%K%P
%LC宗千佳
%LC宗千佳
「{騎士:ワルキュリア}としての実力云々の話か？\n　それとも、クレール個人の印象についてか？」%K%P
「{騎士:ワルキュリア}としての実力云々の話か？\n　それとも、クレール個人の印象についてか？」%K%P
%LC陽菜
%LC陽菜
「できれば、両方」%K%P
「できれば、両方」%K%P
%LC宗千佳
%LC宗千佳
「どちらかだけ、と言ったら？」%K%P
「どちらかだけ、と言ったら？」%K%P
%LC陽菜
%LC陽菜
「…………後者」%K%P
「…………後者」%K%P
%LC宗千佳
%LC宗千佳
「なら、寝不足になった原因は、\n　そのあたりにある、というわけだな」%K%P
「なら、寝不足になった原因は、\n　そのあたりにある、というわけだな」%K%P
少し悩んでから答えると、姉さんが不敵に笑う。%K%P
少し悩んでから答えると、姉さんが不敵に笑う。%K%P
%LCニナ
%LCニナ
「なぁになぁに？　どしたの、ヒナちゃん。\n　クレールと揉めごとでも起こしちゃった？」%K%P
「なぁになぁに？　どしたの、ヒナちゃん。\n　クレールと揉めごとでも起こしちゃった？」%K%P
%LC陽菜
%LC陽菜
「揉めごとというか、揉み――」%K%P
「揉めごとというか、揉み――」%K%P
%LCニナ
%LCニナ
「もみ？」%K%P
「もみ？」%K%P
%LC陽菜
%LC陽菜
「いっ、いえ、なんでも」%K%P
「いっ、いえ、なんでも」%K%P
あぶないあぶない。寝不足のせいか、\n変な口の滑り方をするところだった。%K%P
あぶないあぶない。寝不足のせいか、\n変な口の滑り方をするところだった。%K%P
%LC陽菜
%LC陽菜
「おはようございます、ニナさん。\n　眠そうですけど大丈夫ですか？」%K%P
「おはようございます、ニナさん。\n　眠そうですけど大丈夫ですか？」%K%P
%LCニナ
%LCニナ
「大丈夫。テアトルのチェックとかあって、\n　ちょっと徹夜しちゃっただけだから」%K%P
「大丈夫。テアトルのチェックとかあって、\n　ちょっと徹夜しちゃっただけだから」%K%P
%LCニナ
%LCニナ
「それより、クレールとは上手くやれてる？」%K%P
「それより、クレールとは上手くやれてる？」%K%P
%LC陽菜
%LC陽菜
「ええ、まあ……」%K%P
「ええ、まあ……」%K%P
どうしても歯切れが悪くなってしまうけど、\nけして険悪な雰囲気というわけじゃない。%K%P
どうしても歯切れが悪くなってしまうけど、\nけして険悪な雰囲気というわけじゃない。%K%P
ただ、オレのほうが意識しすぎちゃって、\n以前のように接することが難しいってだけだ。%K%P
ただ、オレのほうが意識しすぎちゃって、\n以前のように接することが難しいってだけだ。%K%P
%LCニナ
%LCニナ
「もしなにか困ったことがあるのなら、\n　素直にそのまま伝えたほうがいいわよ」%K%P
「もしなにか困ったことがあるのなら、\n　素直にそのまま伝えたほうがいいわよ」%K%P
%LCニナ
%LCニナ
「留学先こそセンシブルだけど、あの子って、\n　騎士道精神が服を着ているようなものだから」%K%P
「留学先こそセンシブルだけど、あの子って、\n　騎士道精神が服を着ているようなものだから」%K%P
%LCニナ
%LCニナ
「他者を第一に考えるし、博愛主義だし、\n　なにより人に奉仕をするのが大好きだし――」%K%P
「他者を第一に考えるし、博愛主義だし、\n　なにより人に奉仕をするのが大好きだし――」%K%P
%LCニナ
%LCニナ
「って、こうして考えると、騎士というより、\n　シスターっぽい感じもするけど……ふふっ」%K%P
「って、こうして考えると、騎士というより、\n　シスターっぽい感じもするけど……ふふっ」%K%P
%LCニナ
%LCニナ
「ともかく、あの子は自分よりも他者優先――、\n　人を喜ばせたり元気にするのが好きだから」%K%P
「ともかく、あの子は自分よりも他者優先――、\n　人を喜ばせたり元気にするのが好きだから」%K%P
%LCニナ
%LCニナ
「もし、クレールのことで悩みがあるなら、\n　変に隠そうとせず、本人に相談してみたら？」%K%P
「もし、クレールのことで悩みがあるなら、\n　変に隠そうとせず、本人に相談してみたら？」%K%P
%LCニナ
%LCニナ
「自分が相手の悩みの種になっているほうが、\n　クレールにとっては、よほどつらいはずだもの」%K%P
「自分が相手の悩みの種になっているほうが、\n　クレールにとっては、よほどつらいはずだもの」%K%P
%LC陽菜
%LC陽菜
「……はい」%K%P
「……はい」%K%P
ニナさんの柔らかい口調に、自然と頷く。%K%P
ニナさんの柔らかい口調に、自然と頷く。%K%P
いつもは賑やかで明るい人だけに、\n諭すような口調で語られると、つい聞き入ってしまう。%K%P
いつもは賑やかで明るい人だけに、\n諭すような口調で語られると、つい聞き入ってしまう。%K%P
%LCニナ
%LCニナ
「まあでも、年頃の健全な男の子からしてみたら、\n　クレールみたいな子はドキドキしちゃうわよね」%K%P
「まあでも、年頃の健全な男の子からしてみたら、\n　クレールみたいな子はドキドキしちゃうわよね」%K%P
%LCニナ
%LCニナ
「あのおっぱいでいきなりハグしてくるし。\n　ヒナちゃんも色々困ることが多いんじゃない？」%K%P
「あのおっぱいでいきなりハグしてくるし。\n　ヒナちゃんも色々困ることが多いんじゃない？」%K%P
%LC陽菜
%LC陽菜
「んぶっ！？」%K%P
「んぶっ！？」%K%P
%LC宗千佳
%LC宗千佳
「ニナ」%K%P
「ニナ」%K%P
%LCニナ
%LCニナ
「ひゃんっ」%K%P
「ひゃんっ」%K%P
朝食を運んできた姉さんのチョップが、\nニナさんの頭を的確に捉える。%K%P
朝食を運んできた姉さんのチョップが、\nニナさんの頭を的確に捉える。%K%P
%LCニナ
%LCニナ
「はぅー、むーちゃんひどいっ」%K%P
「はぅー、むーちゃんひどいっ」%K%P
%LC宗千佳
%LC宗千佳
「年頃の健全な男子をからかった罰だ」%K%P
「年頃の健全な男子をからかった罰だ」%K%P
%LC宗千佳
%LC宗千佳
「とはいえ、その前の意見には、\n　私も同意するがな」%K%P
「とはいえ、その前の意見には、\n　私も同意するがな」%K%P
%LC宗千佳
%LC宗千佳
「クレールは人から頼られるのを苦にしない。\n　むしろ、頼られることを好むほうだろう」%K%P
「クレールは人から頼られるのを苦にしない。\n　むしろ、頼られることを好むほうだろう」%K%P
%LCニナ
%LCニナ
「そうそう。あの子、甘えられるの好きだもの。\n　いざってときは、思い切って甘えてみて」%K%P
「そうそう。あの子、甘えられるの好きだもの。\n　いざってときは、思い切って甘えてみて」%K%P
朝、いつもより早く教室に着くと、\nまだ誰も来ていなかった。%K%P
朝、いつもより早く教室に着くと、\nまだ誰も来ていなかった。%K%P
%LC陽菜
%LC陽菜
「……はぁ」%K%P
「……はぁ」%K%P
自分の席に座ると、自然と溜め息が漏れる。%K%P
自分の席に座ると、自然と溜め息が漏れる。%K%P
%LC陽菜
%LC陽菜
「甘えてみてって言われても……」%K%P
「甘えてみてって言われても……」%K%P
職員寮を出てからずっと、\n朝の会話を何度も頭の中で繰り返していた。%K%P
職員寮を出てからずっと、\n朝の会話を何度も頭の中で繰り返していた。%K%P
ニナさんの話はもっともだし、\nオレだって、出来ることならそうしたい。%K%P
ニナさんの話はもっともだし、\nオレだって、出来ることならそうしたい。%K%P
けど、なんて言えばいいんだろう。%K%P
けど、なんて言えばいいんだろう。%K%P
おっぱいが気になって練習に集中出来ません――、\nなんて、クレール様本人に言えるはずもない。%K%P
おっぱいが気になって練習に集中出来ません――、\nなんて、クレール様本人に言えるはずもない。%K%P
仮に、勇気を出してそれを伝えたとして、\nクレール様がどう思うかっていう問題もある。%K%P
仮に、勇気を出してそれを伝えたとして、\nクレール様がどう思うかっていう問題もある。%K%P
笑って済ませてくれるならいいけど、\n変態扱いでもされたら立ち直れそうにない。%K%P
笑って済ませてくれるならいいけど、\n変態扱いでもされたら立ち直れそうにない。%K%P
%LC陽菜
%LC陽菜
「……はぁ」%K%P
「……はぁ」%K%P
そもそも、なんでこんなにドキドキするんだろう。%K%P
そもそも、なんでこんなにドキドキするんだろう。%K%P
指南役補佐代理の務めもあったから、\n学生たちのフィエルテ姿は、たくさん見てきた。%K%P
指南役補佐代理の務めもあったから、\n学生たちのフィエルテ姿は、たくさん見てきた。%K%P
最初こそドキドキしたけど、次第に慣れて、\n今では普通に接することが出来るようになったのに。%K%P
最初こそドキドキしたけど、次第に慣れて、\n今では普通に接することが出来るようになったのに。%K%P
クレール様のフィエルテ姿だけは、特別で。%K%P
クレール様のフィエルテ姿だけは、特別で。%K%P
彼女だけが特別ってなると、ニナさんの言う通り、\nドキドキする理由はおっぱいのせいってことに――、%K%P
彼女だけが特別ってなると、ニナさんの言う通り、\nドキドキする理由はおっぱいのせいってことに――、%K%P
%LC陽菜
%LC陽菜
「……んッ……」%K%P
「……んッ……」%K%P
思い出しただけで心拍数が上がって、\n誰も見ていないと知りつつ、内股になる。%K%P
思い出しただけで心拍数が上がって、\n誰も見ていないと知りつつ、内股になる。%K%P
本人を前にしてドキドキするならともかく、\n思い出しただけで反応するとか、かなりマズい。%K%P
本人を前にしてドキドキするならともかく、\n思い出しただけで反応するとか、かなりマズい。%K%P
だって、本番当日はテアトルの壇上で、\nフィエルテを着て戦わなくちゃいけないのだ。%K%P
だって、本番当日はテアトルの壇上で、\nフィエルテを着て戦わなくちゃいけないのだ。%K%P
そのときパートナーであるクレール様は、\n当然、オレの隣にフィエルテを着て居るわけで。%K%P
そのときパートナーであるクレール様は、\n当然、オレの隣にフィエルテを着て居るわけで。%K%P
学生たちが注目する中、万が一にも勃起したら、\nそれこそ最悪の展開だってあり得る。%K%P
学生たちが注目する中、万が一にも勃起したら、\nそれこそ最悪の展開だってあり得る。%K%P
かといって、いまさら棄権なんて出来ないし、\nとなるとオレに出来ることは――、%K%P
かといって、いまさら棄権なんて出来ないし、\nとなるとオレに出来ることは――、%K%P
%LC陽菜
%LC陽菜
「……慣れるしかない、か」%K%P
「……慣れるしかない、か」%K%P
それが一番確実だってことはわかっているけど、\nはたして、今のオレに出来るかどうか――、%K%P
それが一番確実だってことはわかっているけど、\nはたして、今のオレに出来るかどうか――、%K%P
……いや、やるしかない。やるしかないんだ。%K%P
……いや、やるしかない。やるしかないんだ。%K%P
%LCクレール
%LCクレール
「陽菜ちゃん」%K%P
「陽菜ちゃん」%K%P
…………え？%K%P
…………え？%K%P
%LC陽菜
%LC陽菜
「なっ……なんでここに、クレール様が……」%K%P
「なっ……なんでここに、クレール様が……」%K%P
%LCクレール
%LCクレール
「昨日、様子がおかしかったら。\n　気になって様子を見に来てみたの」%K%P
「昨日、様子がおかしかったら。\n　気になって様子を見に来てみたの」%K%P
%LCクレール
%LCクレール
「陽菜ちゃんだって私の教室まで来てくれたし、\n　私がこちらに来るのも、おかしくはないでしょ？」%K%P
「陽菜ちゃんだって私の教室まで来てくれたし、\n　私がこちらに来るのも、おかしくはないでしょ？」%K%P
まさかの本人登場で、完全に固まってしまう。%K%P
まさかの本人登場で、完全に固まってしまう。%K%P
せめて心の準備が出来ていれば、とも思うけど、\nそれで状況が好転していたとは思えない。%K%P
せめて心の準備が出来ていれば、とも思うけど、\nそれで状況が好転していたとは思えない。%K%P
どうしよう。また、クレール様とふたりきりだ。%K%P
どうしよう。また、クレール様とふたりきりだ。%K%P
って、わ、わわっ、こっちにくるっ……？！%K%P
って、わ、わわっ、こっちにくるっ……？！%K%P
%LCクレール
%LCクレール
「ごきげんよう、陽菜ちゃん」%K%P
「ごきげんよう、陽菜ちゃん」%K%P
%LC陽菜
%LC陽菜
「はっ、はい。ごきげんよう」%K%P
「はっ、はい。ごきげんよう」%K%P
ただ挨拶をするだけで、身体が強張る。%K%P
ただ挨拶をするだけで、身体が強張る。%K%P
クレール様を意識しすぎる余り、\n以前はどうやって接していたのかもあやふやだ。%K%P
クレール様を意識しすぎる余り、\n以前はどうやって接していたのかもあやふやだ。%K%P
昨日は、どうやって話していたっけ……？%K%P
昨日は、どうやって話していたっけ……？%K%P
その前は……？　エンゲージの約束をしたときは、\nもっと自然に話せていたはず――、%K%P
その前は……？　エンゲージの約束をしたときは、\nもっと自然に話せていたはず――、%K%P
%LCクレール
%LCクレール
「むぅ……顔色が少し優れないみたいだけど、\n　昨日、あんまり眠れなかったとか？」%K%P
「むぅ……顔色が少し優れないみたいだけど、\n　昨日、あんまり眠れなかったとか？」%K%P
%LC陽菜
%LC陽菜
「えっ、ええ。少し……」%K%P
「えっ、ええ。少し……」%K%P
こちらの顔色を窺うように顔が近づいてきて、\nふんわりと良い匂いが漂う。%K%P
こちらの顔色を窺うように顔が近づいてきて、\nふんわりと良い匂いが漂う。%K%P
あっ……これ、だめかも。%K%P
あっ……これ、だめかも。%K%P
もはやフィエルテ姿とか関係なく、\n彼女の匂いだけで、こんなにドキドキして――、%K%P
もはやフィエルテ姿とか関係なく、\n彼女の匂いだけで、こんなにドキドキして――、%K%P
%LCクレール
%LCクレール
「陽菜ちゃん？　大丈夫？」%K%P
「陽菜ちゃん？　大丈夫？」%K%P
%LC陽菜
%LC陽菜
「……え？」%K%P
「……え？」%K%P
%LCクレール
%LCクレール
「いま、ちょっとぼんやりしていたでしょ？\n　立ちくらみとか、そういうのじゃない？」%K%P
「いま、ちょっとぼんやりしていたでしょ？\n　立ちくらみとか、そういうのじゃない？」%K%P
%LC陽菜
%LC陽菜
「んっ……大丈夫、です。今のは、その……、\n　クレール様に、見とれてしまって……」%K%P
「んっ……大丈夫、です。今のは、その……、\n　クレール様に、見とれてしまって……」%K%P
%LCクレール
%LCクレール
「もう、上手なんだから」%K%P
「もう、上手なんだから」%K%P
思い切って素直に白状したら、\n誤魔化したと思われたようで、クレール様が笑う。%K%P
思い切って素直に白状したら、\n誤魔化したと思われたようで、クレール様が笑う。%K%P
これはこれで助かったとも言えるけど、\nなんていうか……少し、もどかしい。%K%P
これはこれで助かったとも言えるけど、\nなんていうか……少し、もどかしい。%K%P
%LCクレール
%LCクレール
「でも、寝不足なのは本当なんでしょう？\n　だったら、あまり無理をしちゃダメよ」%K%P
「でも、寝不足なのは本当なんでしょう？\n　だったら、あまり無理をしちゃダメよ」%K%P
%LCクレール
%LCクレール
「陽菜ちゃんは学生として学ぶだけじゃなく、\n　先生としても働いているんだから」%K%P
「陽菜ちゃんは学生として学ぶだけじゃなく、\n　先生としても働いているんだから」%K%P
%LCクレール
%LCクレール
「しかも今は、{騎士:ワルキュリア}として、\n　トーナメントにも出なくちゃいけなくて――」%K%P
「しかも今は、{騎士:ワルキュリア}として、\n　トーナメントにも出なくちゃいけなくて――」%K%P
%LCクレール
%LCクレール
「だからせめて、エンゲージした私には、\n　些細なことでも頼ってちょうだい」%K%P
「だからせめて、エンゲージした私には、\n　些細なことでも頼ってちょうだい」%K%P
%LC陽菜
%LC陽菜
「はい。……すみません、心配をかけて」%K%P
「はい。……すみません、心配をかけて」%K%P
オレを慈しむ瞳と、優しい言葉。%K%P
オレを慈しむ瞳と、優しい言葉。%K%P
本来であれば嬉しいはずなのに、\n申し訳ない気持ちでいっぱいになってしまう。%K%P
本来であれば嬉しいはずなのに、\n申し訳ない気持ちでいっぱいになってしまう。%K%P
こんなにもドギマギしてしまうのは、\n間違いなく、先日の自慰の影響だろう。%K%P
こんなにもドギマギしてしまうのは、\n間違いなく、先日の自慰の影響だろう。%K%P
彼女でオナニーをしたことが、こんなにも、\n自分の気持ちに変化を与えることになるなんて。%K%P
彼女でオナニーをしたことが、こんなにも、\n自分の気持ちに変化を与えることになるなんて。%K%P
%LCクレール
%LCクレール
「放課後、一緒に練習したかったんだけど……。\n　今日は無理しないほうがよさそうね」%K%P
「放課後、一緒に練習したかったんだけど……。\n　今日は無理しないほうがよさそうね」%K%P
%LC陽菜
%LC陽菜
「いえ、大丈夫です。やれます」%K%P
「いえ、大丈夫です。やれます」%K%P
%LCクレール
%LCクレール
「だーめ。お休みはちゃんととらないと。\n　陽菜ちゃんだったら、わかるでしょう？」%K%P
「だーめ。お休みはちゃんととらないと。\n　陽菜ちゃんだったら、わかるでしょう？」%K%P
%LC陽菜
%LC陽菜
「……はい」%K%P
「……はい」%K%P
確かに、この状態で練習しても、\n満足いく成果が出せるとは思えない。%K%P
確かに、この状態で練習しても、\n満足いく成果が出せるとは思えない。%K%P
それどころか、クレール様に迷惑をかけて、\n余計にぎくしゃくしてしまう可能性すらある。%K%P
それどころか、クレール様に迷惑をかけて、\n余計にぎくしゃくしてしまう可能性すらある。%K%P
%LCクレール
%LCクレール
「じゃあ、今日はこれで失礼するわね」%K%P
「じゃあ、今日はこれで失礼するわね」%K%P
%LCクレール
%LCクレール
「もう少しお話ししていたいけど……長居すると、\n　陽菜ちゃんと離れがたくなっちゃうから」%K%P
「もう少しお話ししていたいけど……長居すると、\n　陽菜ちゃんと離れがたくなっちゃうから」%K%P
%LC陽菜
%LC陽菜
「ん……」%K%P
「ん……」%K%P
言葉のひとつひとつが、くすぐったい。%K%P
言葉のひとつひとつが、くすぐったい。%K%P
こんなの、いままで感じたことがない。%K%P
こんなの、いままで感じたことがない。%K%P
%LCクレール
%LCクレール
「あと、あまりしつこく会いに来るのも、\n　急かしているようで申し訳ないし――」%K%P
「あと、あまりしつこく会いに来るのも、\n　急かしているようで申し訳ないし――」%K%P
%LCクレール
%LCクレール
「陽菜ちゃんが元気になって練習したくなったら、\n　そのときあらためて、声をかけてきて」%K%P
「陽菜ちゃんが元気になって練習したくなったら、\n　そのときあらためて、声をかけてきて」%K%P
%LC陽菜
%LC陽菜
「それは、もちろん」%K%P
「それは、もちろん」%K%P
%LCクレール
%LCクレール
「そう、よかった。じゃあ、またね。\n　ごきげんよう、陽菜ちゃん」%K%P
「そう、よかった。じゃあ、またね。\n　ごきげんよう、陽菜ちゃん」%K%P
%LCクレール
%LCクレール
「本番まで、あまり日はないけれど……。\n　焦らず待っているから、気負わないでね」%K%P
「本番まで、あまり日はないけれど……。\n　焦らず待っているから、気負わないでね」%K%P
%LC陽菜
%LC陽菜
「はい。……ごきげんよう、クレール様」%K%P
「はい。……ごきげんよう、クレール様」%K%P
後ろ姿を見送り、彼女が教室を出たところで、\nすとんと力なく椅子に腰掛ける。%K%P
後ろ姿を見送り、彼女が教室を出たところで、\nすとんと力なく椅子に腰掛ける。%K%P
ニナさんは甘えてみるといいって言ったけど、\nいざ試そうとすると、これがすごく難しい。%K%P
ニナさんは甘えてみるといいって言ったけど、\nいざ試そうとすると、これがすごく難しい。%K%P
というか、フィエルテ姿じゃなくても\nドキドキするとか……どうすればいいんだろう。%K%P
というか、フィエルテ姿じゃなくても\nドキドキするとか……どうすればいいんだろう。%K%P
放課後、乙女部の部室へ足を運ぶと、\nそこには誰もいなかった。%K%P
放課後、乙女部の部室へ足を運ぶと、\nそこには誰もいなかった。%K%P
美実や杏奈ちゃんがいるかもと思ったのだけど、\nおそらく二人で練習をしてたりするんだろう。%K%P
美実や杏奈ちゃんがいるかもと思ったのだけど、\nおそらく二人で練習をしてたりするんだろう。%K%P
あるいは、どちらかの部屋にパートナーを招いて、\n親睦会を兼ねた作戦会議をしている、とか――、%K%P
あるいは、どちらかの部屋にパートナーを招いて、\n親睦会を兼ねた作戦会議をしている、とか――、%K%P
%LCクレール
%LCクレール
「……いいな、羨ましい」%K%P
「……いいな、羨ましい」%K%P
その光景を想像して、ちょっと拗ねる。%K%P
その光景を想像して、ちょっと拗ねる。%K%P
私だって、陽菜ちゃんとそういうことがしたい。%K%P
私だって、陽菜ちゃんとそういうことがしたい。%K%P
でも……今の様子だと、ちょっと難しそうだ。%K%P
でも……今の様子だと、ちょっと難しそうだ。%K%P
――ここ数日、陽菜ちゃんの様子がおかしい。%K%P
――ここ数日、陽菜ちゃんの様子がおかしい。%K%P
ただ、その理由はなんとなくわかっている。%K%P
ただ、その理由はなんとなくわかっている。%K%P
なんとなく、という言葉がくっつくのは、\nそれがあくまで、私の推察に過ぎないからだ。%K%P
なんとなく、という言葉がくっつくのは、\nそれがあくまで、私の推察に過ぎないからだ。%K%P
だって――私は、男の子ではないから。%K%P
だって――私は、男の子ではないから。%K%P
あの日――{歌姫:ディーバ}のドレスを試着した陽菜ちゃんは、\n教室にハンカチを置き忘れてしまって。%K%P
あの日――{歌姫:ディーバ}のドレスを試着した陽菜ちゃんは、\n教室にハンカチを置き忘れてしまって。%K%P
それに気付いた私は、ハンカチを届けようと\n陽菜ちゃんを探し回り、この部室へと辿り着いた。%K%P
それに気付いた私は、ハンカチを届けようと\n陽菜ちゃんを探し回り、この部室へと辿り着いた。%K%P
言い訳がましくなるけど、\n最初から覗こうと思ってたわけじゃない。%K%P
言い訳がましくなるけど、\n最初から覗こうと思ってたわけじゃない。%K%P
ただ、陽菜ちゃんを驚かせたくて……それで、\n部室のドアを少しだけ開けて、室内を確かめた。%K%P
ただ、陽菜ちゃんを驚かせたくて……それで、\n部室のドアを少しだけ開けて、室内を確かめた。%K%P
ドアの隙間から中を覗いたとき、\nまず見えたのは、陽菜ちゃんの斜め後ろ姿。%K%P
ドアの隙間から中を覗いたとき、\nまず見えたのは、陽菜ちゃんの斜め後ろ姿。%K%P
最初は、何をしているのかわからなかった。%K%P
最初は、何をしているのかわからなかった。%K%P
でも、ただならぬ雰囲気と……それから、\n嗅いだことのない匂いに、胸がざわっとして。%K%P
でも、ただならぬ雰囲気と……それから、\n嗅いだことのない匂いに、胸がざわっとして。%K%P
それで、声を潜めて、その姿を見守って。%K%P
それで、声を潜めて、その姿を見守って。%K%P
ターニングポイントは、陽菜ちゃんの声だった。%K%P
ターニングポイントは、陽菜ちゃんの声だった。%K%P
はぁはぁという吐息の混じった声は、\n聞いているだけでも、すごくドキドキして。%K%P
はぁはぁという吐息の混じった声は、\n聞いているだけでも、すごくドキドキして。%K%P
もしかしてオナニーをしてるんじゃ……って、\nそう思った矢先、すごい爆弾発言が飛び出した。%K%P
もしかしてオナニーをしてるんじゃ……って、\nそう思った矢先、すごい爆弾発言が飛び出した。%K%P
%LC陽菜
%LC陽菜
「ぐっ……はううッ……はっ、ああっ、はあっ、\n　すごっ……ち○ぽ、きもちいっ……」%K%P
「ぐっ……はううッ……はっ、ああっ、はあっ、\n　すごっ……ち○ぽ、きもちいっ……」%K%P
%LC陽菜
%LC陽菜
「はふッ……はぁ、はぁっ、ああっ、\n　クレール様のおっぱい、気持ちいっ……」%K%P
「はふッ……はぁ、はぁっ、ああっ、\n　クレール様のおっぱい、気持ちいっ……」%K%P
%LCクレール
%LCクレール
「んぅ……」%K%P
「んぅ……」%K%P
鮮明に覚えている声を思い返すと、\n身体の芯が熱くなってしまう。%K%P
鮮明に覚えている声を思い返すと、\n身体の芯が熱くなってしまう。%K%P
それぐらい、あの声はいやらしかった。%K%P
それぐらい、あの声はいやらしかった。%K%P
%LCクレール
%LCクレール
「……確か、この辺りで――」%K%P
「……確か、この辺りで――」%K%P
ドアとの位置関係を確かめながら、\nあの日、陽菜ちゃんがいた位置に座ってみる。%K%P
ドアとの位置関係を確かめながら、\nあの日、陽菜ちゃんがいた位置に座ってみる。%K%P
それから、ポーズも真似てみて――、%K%P
それから、ポーズも真似てみて――、%K%P
%LCクレール
%LCクレール
「あぁ……」%K%P
「あぁ……」%K%P
すべて見えていたわけじゃないから、\nまったく同じ、とはいえないかもしれない。%K%P
すべて見えていたわけじゃないから、\nまったく同じ、とはいえないかもしれない。%K%P
でも、陽菜ちゃんのポーズを真似る私の右手は、\n股間のあたりで、何かを握る形をとっていた。%K%P
でも、陽菜ちゃんのポーズを真似る私の右手は、\n股間のあたりで、何かを握る形をとっていた。%K%P
それは本来、女の子にはあるはずのないもの。%K%P
それは本来、女の子にはあるはずのないもの。%K%P
陽菜ちゃん自身が、うわずった声で、\nち○ぽって呼んでいたもの。%K%P
陽菜ちゃん自身が、うわずった声で、\nち○ぽって呼んでいたもの。%K%P
%LCクレール
%LCクレール
「陽菜ちゃんが、男の子だったなんて……」%K%P
「陽菜ちゃんが、男の子だったなんて……」%K%P
しかも陽菜ちゃんは、自慰の最中、\n私の名前を熱っぽい声で漏らしていた。%K%P
しかも陽菜ちゃんは、自慰の最中、\n私の名前を熱っぽい声で漏らしていた。%K%P
私のおっぱいが、気持ちいい、って――、%K%P
私のおっぱいが、気持ちいい、って――、%K%P
%LCクレール
%LCクレール
「んっ……はぁ、んんっ……」%K%P
「んっ……はぁ、んんっ……」%K%P
ポーズを真似たまま声を思い出したら、\nさっきよりも一段と身体の奥が疼いてしまう。%K%P
ポーズを真似たまま声を思い出したら、\nさっきよりも一段と身体の奥が疼いてしまう。%K%P
あの日の光景が、脳裏にありありと甦る。%K%P
あの日の光景が、脳裏にありありと甦る。%K%P
陽菜ちゃんの自慰を目撃してから、\n私はそのことばかりを思い返して過ごしてきた。%K%P
陽菜ちゃんの自慰を目撃してから、\n私はそのことばかりを思い返して過ごしてきた。%K%P
私のおっぱいを想いながら自慰をしていた、\nとってもとっても可愛い、陽菜ちゃんのことを。%K%P
私のおっぱいを想いながら自慰をしていた、\nとってもとっても可愛い、陽菜ちゃんのことを。%K%P
エンゲージ投票のとき、ぼんやりしていたのも、\nそのことをずっと思い出していたからだ。%K%P
エンゲージ投票のとき、ぼんやりしていたのも、\nそのことをずっと思い出していたからだ。%K%P
みんながエンゲージの結果発表で盛り上がる中、\n私はじっと、陽菜ちゃんを見つめていた。%K%P
みんながエンゲージの結果発表で盛り上がる中、\n私はじっと、陽菜ちゃんを見つめていた。%K%P
この子は本当は男の子で、私をオカズに、\nこっそりオナニーをしちゃう子なんだって。%K%P
この子は本当は男の子で、私をオカズに、\nこっそりオナニーをしちゃう子なんだって。%K%P
トレーニングルームでストレッチしていた時も、\n気付かれないよう、じっと陽菜ちゃんを観察した。%K%P
トレーニングルームでストレッチしていた時も、\n気付かれないよう、じっと陽菜ちゃんを観察した。%K%P
やけに内股を気にする素振りを見たときは、\nやっぱり男の子なんだって、思わず感動したぐらい。%K%P
やけに内股を気にする素振りを見たときは、\nやっぱり男の子なんだって、思わず感動したぐらい。%K%P
陽菜ちゃんは、間違いなく、男の子。%K%P
陽菜ちゃんは、間違いなく、男の子。%K%P
どうして女装をしているのか――、\nその動機までは、私にはわからないけれど。%K%P
どうして女装をしているのか――、\nその動機までは、私にはわからないけれど。%K%P
%LCクレール
%LCクレール
「んっ……はぁ、んんっ……」%K%P
「んっ……はぁ、んんっ……」%K%P
陽菜ちゃんのポーズを真似ていたはずの手が、\nいつのまにか、制服の上から胸をまさぐっていた。%K%P
陽菜ちゃんのポーズを真似ていたはずの手が、\nいつのまにか、制服の上から胸をまさぐっていた。%K%P
陽菜ちゃんが気持ちいいと言ってくれたおっぱいを、\nさぐるように、もぞもぞと――、%K%P
陽菜ちゃんが気持ちいいと言ってくれたおっぱいを、\nさぐるように、もぞもぞと――、%K%P
%LCクレール
%LCクレール
「はぁ、んぅんっ……はぁはぁ、ああっ……」%K%P
「はぁ、んぅんっ……はぁはぁ、ああっ……」%K%P
声を堪えようと思ったけど、うまくいかない。%K%P
声を堪えようと思ったけど、うまくいかない。%K%P
それどころか、ちらちらと、\n部室のドアを気にしてしまう。%K%P
それどころか、ちらちらと、\n部室のドアを気にしてしまう。%K%P
もしいま、陽菜ちゃんが入ってきたら。%K%P
もしいま、陽菜ちゃんが入ってきたら。%K%P
こんな姿を、見られてしまったら。%K%P
こんな姿を、見られてしまったら。%K%P
%LCクレール
%LCクレール
「んくっ……あんっ、はあっ、あああっ」%K%P
「んくっ……あんっ、はあっ、あああっ」%K%P
いけないとわかっているのに、手をとめられない。%K%P
いけないとわかっているのに、手をとめられない。%K%P
いけないからこそ、ますます声が出てしまう。%K%P
いけないからこそ、ますます声が出てしまう。%K%P
あの日の陽菜ちゃんも、こんな気持ちで、\n自慰に耽っていたんだろうか。%K%P
あの日の陽菜ちゃんも、こんな気持ちで、\n自慰に耽っていたんだろうか。%K%P
いけないことをしているというスリルと背徳感で、\nどんどん興奮して、とまらなくなって。%K%P
いけないことをしているというスリルと背徳感で、\nどんどん興奮して、とまらなくなって。%K%P
そんなときに思い描いてくれたのが、\n他でもない、私のおっぱいだなんて――、%K%P
そんなときに思い描いてくれたのが、\n他でもない、私のおっぱいだなんて――、%K%P
%LCクレール
%LCクレール
「あっ、ああっ……　やうっ、だめ、\n　陽菜ちゃん、そんなに、吸っちゃっ……氈v%K%P
「あっ、ああっ……　やうっ、だめ、\n　陽菜ちゃん、そんなに、吸っちゃっ……氈v%K%P
気付いたときには、想像の中の陽菜ちゃんが、\n私のおっぱいにしゃぶりついていた。%K%P
気付いたときには、想像の中の陽菜ちゃんが、\n私のおっぱいにしゃぶりついていた。%K%P
ああ、どうしよう。\n私いま、すごくいけないことをしてる。%K%P
ああ、どうしよう。\n私いま、すごくいけないことをしてる。%K%P
でもそれは、\nあの日の陽菜ちゃんもしていたことで。%K%P
でもそれは、\nあの日の陽菜ちゃんもしていたことで。%K%P
だから、このまま続ければ、わかるかもしれない。%K%P
だから、このまま続ければ、わかるかもしれない。%K%P
私の名前を呼びながら自慰に耽っていた、\n陽菜ちゃんの気持ちを、理解できるかも――、%K%P
私の名前を呼びながら自慰に耽っていた、\n陽菜ちゃんの気持ちを、理解できるかも――、%K%P
%LCクレール
%LCクレール
「んんッ……　はぁ、あっ、はあっ……氈v%K%P
「んんッ……　はぁ、あっ、はあっ……氈v%K%P
私は陽菜ちゃんと、もっと仲良くなりたい。%K%P
私は陽菜ちゃんと、もっと仲良くなりたい。%K%P
そのためにできる事があるなら、\nどんな些細なことでも、したいと思う。%K%P
そのためにできる事があるなら、\nどんな些細なことでも、したいと思う。%K%P
だって……陽菜ちゃんのことが、大好きだから。%K%P
だって……陽菜ちゃんのことが、大好きだから。%K%P
