%LC陽菜
%LC陽菜
「ん……ふぁ……」%K%P
「ん……ふぁ……」%K%P
土曜――{連弾:デュオ}{舞闘:カデンツァ}トーナメント初戦当日、\nオレはアラームが鳴るより先に目を覚ました。%K%P
土曜――{連弾:デュオ}{舞闘:カデンツァ}トーナメント初戦当日、\nオレはアラームが鳴るより先に目を覚ました。%K%P
あくびしつつも身体を起こし、ぐっと背伸び。%K%P
あくびしつつも身体を起こし、ぐっと背伸び。%K%P
%LC陽菜
%LC陽菜
「んうっ……くぅぅぅぅ……」%K%P
「んうっ……くぅぅぅぅ……」%K%P
――ぽとっ。%K%P
――ぽとっ。%K%P
%LC陽菜
%LC陽菜
「……へ？」%K%P
「……へ？」%K%P
なにか落ちた……というか、\n頭が少し軽くなって、もしやと思い周囲を確認。%K%P
なにか落ちた……というか、\n頭が少し軽くなって、もしやと思い周囲を確認。%K%P
と、そこには女装生活の相棒であるウィッグが、\n頭から外れて、落ちてしまっていた。%K%P
と、そこには女装生活の相棒であるウィッグが、\n頭から外れて、落ちてしまっていた。%K%P
%LCニナ
%LCニナ
「ウィッグが外れちゃった？」%K%P
「ウィッグが外れちゃった？」%K%P
%LC陽菜
%LC陽菜
「はい。起きて背伸びをしたら、ぽろって」%K%P
「はい。起きて背伸びをしたら、ぽろって」%K%P
朝食を食べつつ、\nニナさんにさっきの出来事を報告。%K%P
朝食を食べつつ、\nニナさんにさっきの出来事を報告。%K%P
女装生活を始めて以来、オレは念のため、\n四六時中ウィッグをつけたまま暮らしてきた。%K%P
女装生活を始めて以来、オレは念のため、\n四六時中ウィッグをつけたまま暮らしてきた。%K%P
入浴中はもちろん、寝るときも基本つけたまま。%K%P
入浴中はもちろん、寝るときも基本つけたまま。%K%P
その分、取り扱いは大変なんだけど、\n何事も慣れるもので、いまはさほど苦じゃない。%K%P
その分、取り扱いは大変なんだけど、\n何事も慣れるもので、いまはさほど苦じゃない。%K%P
%LC陽菜
%LC陽菜
「こんなこと、これまで一度もなかったので。\n　一応話しておいたほうがいいと思って」%K%P
「こんなこと、これまで一度もなかったので。\n　一応話しておいたほうがいいと思って」%K%P
%LCニナ
%LCニナ
「そう……。この前ウィッグを交換したから、\n　そのせいかもしれないわね」%K%P
「そう……。この前ウィッグを交換したから、\n　そのせいかもしれないわね」%K%P
先日、ウィッグにレモンの蜂蜜漬けが\nぺとっとくっついてしまう事件があった。%K%P
先日、ウィッグにレモンの蜂蜜漬けが\nぺとっとくっついてしまう事件があった。%K%P
その夜、ニナさんに事情を話して点検してもらい、\n予備のウィッグに交換してもらったばかりなのだ。%K%P
その夜、ニナさんに事情を話して点検してもらい、\n予備のウィッグに交換してもらったばかりなのだ。%K%P
%LCニナ
%LCニナ
「ヒナちゃんのウィッグは、激しく動いても\n　ズレない工夫がしてある特注品なんだけど――」%K%P
「ヒナちゃんのウィッグは、激しく動いても\n　ズレない工夫がしてある特注品なんだけど――」%K%P
%LCニナ
%LCニナ
「ひとつひとつ、職人さんの手作りだから。\n　見た目が同じでも、微妙な差異があるのよね」%K%P
「ひとつひとつ、職人さんの手作りだから。\n　見た目が同じでも、微妙な差異があるのよね」%K%P
%LCニナ
%LCニナ
「昨日、クレールとトレーニングしたんでしょ？\n　そのときはズレたりしなかったの？」%K%P
「昨日、クレールとトレーニングしたんでしょ？\n　そのときはズレたりしなかったの？」%K%P
%LC陽菜
%LC陽菜
「はい。そのときは、なんとも」%K%P
「はい。そのときは、なんとも」%K%P
%LCニナ
%LCニナ
「なら、今日の試合も大丈夫だとは思うけど……。\n　これを食べ終わったら、念のため見てみましょ」%K%P
「なら、今日の試合も大丈夫だとは思うけど……。\n　これを食べ終わったら、念のため見てみましょ」%K%P
%LC陽菜
%LC陽菜
「ありがとうございます。\n　今日は、全力を出したいので」%K%P
「ありがとうございます。\n　今日は、全力を出したいので」%K%P
懸念を抱えたまま戦って全力が出せないでは、\n対戦相手の梨理ちゃんや、観客に申し訳がないし。%K%P
懸念を抱えたまま戦って全力が出せないでは、\n対戦相手の梨理ちゃんや、観客に申し訳がないし。%K%P
なにより、自分自身、悔いが残るもんね。%K%P
なにより、自分自身、悔いが残るもんね。%K%P
――そうして、放課後。%K%P
――そうして、放課後。%K%P
%LC依夜
%LC依夜
「梨理、準備はできた？」%K%P
「梨理、準備はできた？」%K%P
%LC梨理
%LC梨理
「待って下さい。あと、少し……」%K%P
「待って下さい。あと、少し……」%K%P
%LC依夜
%LC依夜
「時間はあるし、焦らずゆっくりでいいわ」%K%P
「時間はあるし、焦らずゆっくりでいいわ」%K%P
%LC梨理
%LC梨理
「いえ、急ぎます。待たせたくないので」%K%P
「いえ、急ぎます。待たせたくないので」%K%P
%LC依夜
%LC依夜
「ううん、ゆっくりでいいの。\n　焦ってもミスをするだけだから」%K%P
「ううん、ゆっくりでいいの。\n　焦ってもミスをするだけだから」%K%P
%LC依夜
%LC依夜
「私では頼り甲斐はないかもしれないけれど。\n　なにかあれば、なんでも言って」%K%P
「私では頼り甲斐はないかもしれないけれど。\n　なにかあれば、なんでも言って」%K%P
%LC梨理
%LC梨理
「……ん、はい」%K%P
「……ん、はい」%K%P
第一試合に出場する４人の{騎士:ワルキュリア}は、\nすでにフィエルテに着替えて待機中。%K%P
第一試合に出場する４人の{騎士:ワルキュリア}は、\nすでにフィエルテに着替えて待機中。%K%P
それぞれ、最後のチェックに余念がない。%K%P
それぞれ、最後のチェックに余念がない。%K%P
%LC梨理
%LC梨理
「……準備、できました」%K%P
「……準備、できました」%K%P
%LC依夜
%LC依夜
「忘れ物はない？　クラージュは持った？」%K%P
「忘れ物はない？　クラージュは持った？」%K%P
%LC梨理
%LC梨理
「持ちましたっ。子供じゃないんですからっ」%K%P
「持ちましたっ。子供じゃないんですからっ」%K%P
%LC依夜
%LC依夜
「美実が言っていたの。梨理はそそっかしいから、\n　そういうところはとくに気遣ってあげてって」%K%P
「美実が言っていたの。梨理はそそっかしいから、\n　そういうところはとくに気遣ってあげてって」%K%P
%LC梨理
%LC梨理
「うぐっ……もぅ、お姉ちゃんはっ」%K%P
「うぐっ……もぅ、お姉ちゃんはっ」%K%P
%LC梨理
%LC梨理
「ご覧の通り、まったく問題ないので。\n　いつでも行けます」%K%P
「ご覧の通り、まったく問題ないので。\n　いつでも行けます」%K%P
%LC依夜
%LC依夜
「うん。今日は頑張りましょう、梨理」%K%P
「うん。今日は頑張りましょう、梨理」%K%P
%LC梨理
%LC梨理
「ん……はい。頑張ります」%K%P
「ん……はい。頑張ります」%K%P
%LC陽菜・クレール
%LC陽菜・クレール
「おー……」%K%P
「おー……」%K%P
%LC梨理
%LC梨理
「なっ……そこっ、なんですか、おーって」%K%P
「なっ……そこっ、なんですか、おーって」%K%P
%LCクレール
%LCクレール
「だって……ねぇ？」%K%P
「だって……ねぇ？」%K%P
%LC陽菜
%LC陽菜
「うん。ずいぶん仲良くなったなって」%K%P
「うん。ずいぶん仲良くなったなって」%K%P
エンゲージした日はピリピリした空気だったのに、\n今はそういうこともない。%K%P
エンゲージした日はピリピリした空気だったのに、\n今はそういうこともない。%K%P
一番変わったのは、依夜様の雰囲気だろうか。%K%P
一番変わったのは、依夜様の雰囲気だろうか。%K%P
前は梨理ちゃんとの接し方に戸惑っていたけど、\n今は完全に、世話を焼く先輩といったポジションだ。%K%P
前は梨理ちゃんとの接し方に戸惑っていたけど、\n今は完全に、世話を焼く先輩といったポジションだ。%K%P
おそらく、美実様がアドバイスしたんだろう。%K%P
おそらく、美実様がアドバイスしたんだろう。%K%P
%LC依夜
%LC依夜
「それじゃあ、陽菜、クレール。\n　私たちは先に行っているから」%K%P
「それじゃあ、陽菜、クレール。\n　私たちは先に行っているから」%K%P
%LCクレール
%LCクレール
「うん。私たちもすぐに行くわ」%K%P
「うん。私たちもすぐに行くわ」%K%P
%LC陽菜
%LC陽菜
「梨理ちゃん、今日はよろしく」%K%P
「梨理ちゃん、今日はよろしく」%K%P
%LC梨理
%LC梨理
「はい。センセには負けません」%K%P
「はい。センセには負けません」%K%P
%LC依夜
%LC依夜
「クレール。この前の決着をつけましょう」%K%P
「クレール。この前の決着をつけましょう」%K%P
%LCクレール
%LCクレール
「もちろん。いい試合にしましょうね」%K%P
「もちろん。いい試合にしましょうね」%K%P
そうして依夜様たちが出ていくと、\n控え室には、オレとクレールのふたりきり。%K%P
そうして依夜様たちが出ていくと、\n控え室には、オレとクレールのふたりきり。%K%P
%LCクレール
%LCクレール
「それで、陽菜ちゃん。準備はできた？」%K%P
「それで、陽菜ちゃん。準備はできた？」%K%P
%LC陽菜
%LC陽菜
「うん。たぶん、これで大丈夫」%K%P
「うん。たぶん、これで大丈夫」%K%P
%LCクレール
%LCクレール
「髪をやけに気にしているようだけど、\n　なにかあったの？」%K%P
「髪をやけに気にしているようだけど、\n　なにかあったの？」%K%P
%LC陽菜
%LC陽菜
「それが、実は――」%K%P
「それが、実は――」%K%P
今朝、寝起きにウィッグがズレて落ちた、\nということを伝えると、クレールが怪訝な顔に。%K%P
今朝、寝起きにウィッグがズレて落ちた、\nということを伝えると、クレールが怪訝な顔に。%K%P
%LCクレール
%LCクレール
「それ、大丈夫なの？」%K%P
「それ、大丈夫なの？」%K%P
%LC陽菜
%LC陽菜
「念のため、ニナさんに見て貰ったから」%K%P
「念のため、ニナさんに見て貰ったから」%K%P
%LCクレール
%LCクレール
「そう。なら、いいんだけど……」%K%P
「そう。なら、いいんだけど……」%K%P
%LC陽菜
%LC陽菜
「私のことより、試合に集中しないと。\n　依夜様は甘い相手じゃないんだから」%K%P
「私のことより、試合に集中しないと。\n　依夜様は甘い相手じゃないんだから」%K%P
%LCクレール
%LCクレール
「そうね。アリアンロッドで戦ったどの子より、\n　依夜ちゃんのほうが手強いのは確実だもの」%K%P
「そうね。アリアンロッドで戦ったどの子より、\n　依夜ちゃんのほうが手強いのは確実だもの」%K%P
%LCクレール
%LCクレール
「本当は、もっと陽菜ちゃんと練習して、\n　依夜ちゃん対策を教わるつもりだったんだけど」%K%P
「本当は、もっと陽菜ちゃんと練習して、\n　依夜ちゃん対策を教わるつもりだったんだけど」%K%P
%LC陽菜
%LC陽菜
「練習時間が少なかった分、私とクレールは、\n　チームワークを強化出来たってことで」%K%P
「練習時間が少なかった分、私とクレールは、\n　チームワークを強化出来たってことで」%K%P
%LCクレール
%LCクレール
「ふふっ、そうね。陽菜ちゃんとは本当の意味で、\n　一心同体になっちゃった仲だもの」%K%P
「ふふっ、そうね。陽菜ちゃんとは本当の意味で、\n　一心同体になっちゃった仲だもの」%K%P
%LC陽菜
%LC陽菜
「ん……」%K%P
「ん……」%K%P
二人きりとはいえ、臆面なく言われると、\nやっぱりちょっと照れくさい。%K%P
二人きりとはいえ、臆面なく言われると、\nやっぱりちょっと照れくさい。%K%P
でも、こういうストレートな愛情表現って、\n照れくささ以上に、嬉しいもので――、%K%P
でも、こういうストレートな愛情表現って、\n照れくささ以上に、嬉しいもので――、%K%P
%LC陽菜
%LC陽菜
「……じゃあ、そろそろ私たちも」%K%P
「……じゃあ、そろそろ私たちも」%K%P
%LCクレール
%LCクレール
「そうね。……っと、その前に。\n　陽菜ちゃん、ちょっとこっち来て」%K%P
「そうね。……っと、その前に。\n　陽菜ちゃん、ちょっとこっち来て」%K%P
%LC陽菜
%LC陽菜
「ん？　なに？」%K%P
「ん？　なに？」%K%P
%LCクレール
%LCクレール
「いいから、こっち」%K%P
「いいから、こっち」%K%P
%LCクレール
%LCクレール
「で……えいっ氈v%K%P
「で……えいっ氈v%K%P
%LC陽菜
%LC陽菜
「わっ……」%K%P
「わっ……」%K%P
言われるまま近づいたら、クレールは自らの頬を、\nオレの唇に向かってぴたっとくっつけてきた。%K%P
言われるまま近づいたら、クレールは自らの頬を、\nオレの唇に向かってぴたっとくっつけてきた。%K%P
彼女の柔らかな頬の感触が、唇に伝わってくる。%K%P
彼女の柔らかな頬の感触が、唇に伝わってくる。%K%P
%LCクレール
%LCクレール
「うふふっ　勝利の女神のキスも貰ったし、\n　これで準備は完璧ね」%K%P
「うふふっ　勝利の女神のキスも貰ったし、\n　これで準備は完璧ね」%K%P
%LC陽菜
%LC陽菜
「女神って……普通、逆だと思うんだけど」%K%P
「女神って……普通、逆だと思うんだけど」%K%P
%LCクレール
%LCクレール
「陽菜ちゃん以上に女神な女の子なんて、\n　この学園には居ないでしょ？　違う？」%K%P
「陽菜ちゃん以上に女神な女の子なんて、\n　この学園には居ないでしょ？　違う？」%K%P
ドヤって感じで、胸を張るクレール。%K%P
ドヤって感じで、胸を張るクレール。%K%P
オレが男だと知っていて、その上で言い切るあたり、\nなんとも彼女らしくって思わず脱力してしまう。%K%P
オレが男だと知っていて、その上で言い切るあたり、\nなんとも彼女らしくって思わず脱力してしまう。%K%P
%LC陽菜
%LC陽菜
「……なら、クレールも。私にちょうだい」%K%P
「……なら、クレールも。私にちょうだい」%K%P
%LCクレール
%LCクレール
「もちろん。せーのっ……んー、ちゅっ氈v%K%P
「もちろん。せーのっ……んー、ちゅっ氈v%K%P
%LC陽菜
%LC陽菜
「んっ……ありがとう」%K%P
「んっ……ありがとう」%K%P
互いの頬に口づけて、気持ちを鼓舞する。%K%P
互いの頬に口づけて、気持ちを鼓舞する。%K%P
――よしっ、勝つぞっ！%K%P
――よしっ、勝つぞっ！%K%P
試合を控えたテアトルのホールは、満員御礼。\n場内すべての視線が、壇上へと注がれていた。%K%P
試合を控えたテアトルのホールは、満員御礼。\n場内すべての視線が、壇上へと注がれていた。%K%P
そこに集いしは、４人の{騎士:ワルキュリア}――、\nそして、審判を務める姉さんだ。%K%P
そこに集いしは、４人の{騎士:ワルキュリア}――、\nそして、審判を務める姉さんだ。%K%P
%LC宗千佳
%LC宗千佳
「これより{連弾:デュオ}{舞闘:カデンツァ}トーナメント、\n　第１試合を始める」%K%P
「これより{連弾:デュオ}{舞闘:カデンツァ}トーナメント、\n　第１試合を始める」%K%P
%LC宗千佳
%LC宗千佳
「クレール、陽菜。準備はいいか？」%K%P
「クレール、陽菜。準備はいいか？」%K%P
%LC陽菜・クレール
%LC陽菜・クレール
「はいっ」%K%P
「はいっ」%K%P
%LC宗千佳
%LC宗千佳
「依夜、梨理。そちらはどうだ？」%K%P
「依夜、梨理。そちらはどうだ？」%K%P
%LC依夜・梨理
%LC依夜・梨理
「いけます」%K%P
「いけます」%K%P
%LC宗千佳
%LC宗千佳
「では……全員、クラージュ起動」%K%P
「では……全員、クラージュ起動」%K%P
%LC全員
%LC全員
「アン・ガルド！」%K%P
「アン・ガルド！」%K%P
掛け声によって天から注がれる光が、\n{騎士:ワルキュリア}たちに武装を与える。%K%P
掛け声によって天から注がれる光が、\n{騎士:ワルキュリア}たちに武装を与える。%K%P
手には武器を、身体には甲冑を――それは、\n何度経験しても魔法のような体験だ。%K%P
手には武器を、身体には甲冑を――それは、\n何度経験しても魔法のような体験だ。%K%P
そして、今日はここからが、またちょっと特別で。%K%P
そして、今日はここからが、またちょっと特別で。%K%P
騎士の姿となった瞬間、お互いのプリモ――、\nペアのリーダーがどちらなのか、明らかになる。%K%P
騎士の姿となった瞬間、お互いのプリモ――、\nペアのリーダーがどちらなのか、明らかになる。%K%P
%LC客席Ａ
%LC客席Ａ
「おおっ、プリモはクレール様と依夜様だっ！」%K%P
「おおっ、プリモはクレール様と依夜様だっ！」%K%P
%LC客席Ｂ
%LC客席Ｂ
「きたきた、待ってましたっ！\n　まさに宿命！　{最優秀騎士:ブリランテ}対決っ！」%K%P
「きたきた、待ってましたっ！\n　まさに宿命！　{最優秀騎士:ブリランテ}対決っ！」%K%P
%LC客席Ｃ
%LC客席Ｃ
「いやいや、陽菜ちゃんと梨理ちゃんの対決も、\n　要注目のカードでしょっ！」%K%P
「いやいや、陽菜ちゃんと梨理ちゃんの対決も、\n　要注目のカードでしょっ！」%K%P
%LC客席Ｄ
%LC客席Ｄ
「ああっ、これぞ約束された名勝負っ！」%K%P
「ああっ、これぞ約束された名勝負っ！」%K%P
やはりと言うべきか、客席の注目は、\n{最優秀騎士:ブリランテ}同士の対決に集まっていた。%K%P
やはりと言うべきか、客席の注目は、\n{最優秀騎士:ブリランテ}同士の対決に集まっていた。%K%P
実際、依夜様もクレールも互いを見つめ合って、\nこれ以上ないくらい意識しあっている。%K%P
実際、依夜様もクレールも互いを見つめ合って、\nこれ以上ないくらい意識しあっている。%K%P
その一方で、梨理ちゃんも、\n程よい緊張感と共にオレを見据えてきた。%K%P
その一方で、梨理ちゃんも、\n程よい緊張感と共にオレを見据えてきた。%K%P
%LC宗千佳
%LC宗千佳
「では、これより{舞闘:カデンツァ}を始める」%K%P
「では、これより{舞闘:カデンツァ}を始める」%K%P
%LC宗千佳
%LC宗千佳
「全員、中央へ」%K%P
「全員、中央へ」%K%P
%LC全員
%LC全員
「はいっ！」%K%P
「はいっ！」%K%P
姉さんの声により、それぞれが向き合う。%K%P
姉さんの声により、それぞれが向き合う。%K%P
会場内に満ちた期待に応えるように、\n依夜様とクレール、梨理ちゃんとオレが対峙した。%K%P
会場内に満ちた期待に応えるように、\n依夜様とクレール、梨理ちゃんとオレが対峙した。%K%P
%LCクレール
%LCクレール
「素敵な勝負にしましょうね」%K%P
「素敵な勝負にしましょうね」%K%P
%LC依夜
%LC依夜
「この前のようにはいかないから」%K%P
「この前のようにはいかないから」%K%P
%LC陽菜
%LC陽菜
「負けないよ、梨理ちゃん」%K%P
「負けないよ、梨理ちゃん」%K%P
%LC梨理
%LC梨理
「その言葉、そっくりお返しします」%K%P
「その言葉、そっくりお返しします」%K%P
美実様がいかにも曲者って感じなら、\n妹の梨理ちゃんは、手にした剣同様、実直そのもの。%K%P
美実様がいかにも曲者って感じなら、\n妹の梨理ちゃんは、手にした剣同様、実直そのもの。%K%P
姉さんの号令がかかれば、それこそ矢のように、\nこちらに踏み込んでくるのは間違いない。%K%P
姉さんの号令がかかれば、それこそ矢のように、\nこちらに踏み込んでくるのは間違いない。%K%P
%LC宗千佳
%LC宗千佳
「双方、構えて」%K%P
「双方、構えて」%K%P
%LC宗千佳
%LC宗千佳
「――はじめっ！」%K%P
「――はじめっ！」%K%P
%LC梨理
%LC梨理
「やぁあああああああっ！！」%K%P
「やぁあああああああっ！！」%K%P
やっぱりきたッ……！　素早い突きっ……！%K%P
やっぱりきたッ……！　素早い突きっ……！%K%P
%LC陽菜
%LC陽菜
「くっ……！」%K%P
「くっ……！」%K%P
%LC梨理
%LC梨理
「まだっ……！」%K%P
「まだっ……！」%K%P
一撃目を弾かれた梨理ちゃんは、\n体勢を崩すことなく、さらに踏み込んでくる。%K%P
一撃目を弾かれた梨理ちゃんは、\n体勢を崩すことなく、さらに踏み込んでくる。%K%P
こっちに弾かれることも計算尽くらしく、\n反動を利用し、斜め下から切り上げてきた。%K%P
こっちに弾かれることも計算尽くらしく、\n反動を利用し、斜め下から切り上げてきた。%K%P
%LC陽菜
%LC陽菜
「ふっ……！」%K%P
「ふっ……！」%K%P
後退しながらどうにか避ける、けど。%K%P
後退しながらどうにか避ける、けど。%K%P
%LC梨理
%LC梨理
「まだまだっ……！」%K%P
「まだまだっ……！」%K%P
%LC陽菜
%LC陽菜
「いっ……！？」%K%P
「いっ……！？」%K%P
空振った剣の勢いを活かして、\nそのままぐるんと腕を回し、同じ軌道でもう一撃。%K%P
空振った剣の勢いを活かして、\nそのままぐるんと腕を回し、同じ軌道でもう一撃。%K%P
その動きは、フェンシングというより、\n新体操のリボンの演技を見ているようだった。%K%P
その動きは、フェンシングというより、\n新体操のリボンの演技を見ているようだった。%K%P
%LC陽菜
%LC陽菜
「なら、こっちもっ……！」%K%P
「なら、こっちもっ……！」%K%P
都合３回目の攻撃もステップで避けた後、\n後ろに下げた足で踏ん張って、剣を突き出す。%K%P
都合３回目の攻撃もステップで避けた後、\n後ろに下げた足で踏ん張って、剣を突き出す。%K%P
狙うは、梨理ちゃんの手元。%K%P
狙うは、梨理ちゃんの手元。%K%P
ぐるんと大きく回転する剣は、\n先端こそ早さと威力があるものの、根元は弱い。%K%P
ぐるんと大きく回転する剣は、\n先端こそ早さと威力があるものの、根元は弱い。%K%P
なら、そこを止めて、鍔迫り合いにっ……！%K%P
なら、そこを止めて、鍔迫り合いにっ……！%K%P
%LC梨理
%LC梨理
「なっ……うそっ？！」%K%P
「なっ……うそっ？！」%K%P
%LC陽菜
%LC陽菜
「よしっ……！」%K%P
「よしっ……！」%K%P
狙い通り、梨理ちゃんの動きを止めたら、\n身体ごとぶつけるように、思い切って前へ出る。%K%P
狙い通り、梨理ちゃんの動きを止めたら、\n身体ごとぶつけるように、思い切って前へ出る。%K%P
踏み込んでいた梨理ちゃんは勢いが止められず、\nこちらの目論見通り、鍔迫り合いの格好へ。%K%P
踏み込んでいた梨理ちゃんは勢いが止められず、\nこちらの目論見通り、鍔迫り合いの格好へ。%K%P
%LC梨理
%LC梨理
「ぐっ……さすがセンセ、やりますねっ」%K%P
「ぐっ……さすがセンセ、やりますねっ」%K%P
%LC陽菜
%LC陽菜
「梨理ちゃんもねっ？\n　長所を活かした良い攻撃だったよっ」%K%P
「梨理ちゃんもねっ？\n　長所を活かした良い攻撃だったよっ」%K%P
顔がぐっと近づき、自然と互いを讃え合う。%K%P
顔がぐっと近づき、自然と互いを讃え合う。%K%P
授業や試験の時にも見せていたフットワークを\n冒頭から存分に活かして攻めてきた梨理ちゃん。%K%P
授業や試験の時にも見せていたフットワークを\n冒頭から存分に活かして攻めてきた梨理ちゃん。%K%P
攻撃の威力自体はさほどでもないけれど、\nその分、手数と精度はかなりのものだ。%K%P
攻撃の威力自体はさほどでもないけれど、\nその分、手数と精度はかなりのものだ。%K%P
依夜様やクレールが一撃必殺だとするなら、\n梨理ちゃんは、一発必中を重ねるタイプだろう。%K%P
依夜様やクレールが一撃必殺だとするなら、\n梨理ちゃんは、一発必中を重ねるタイプだろう。%K%P
このあたり、ポイント制であるフェンシングが\n剣術の礎になってるって部分が大きそうだ。%K%P
このあたり、ポイント制であるフェンシングが\n剣術の礎になってるって部分が大きそうだ。%K%P
%LC梨理
%LC梨理
「センセにはずっと、ゲームで負けた借り、\n　返したいって思ってたんですっ……！」%K%P
「センセにはずっと、ゲームで負けた借り、\n　返したいって思ってたんですっ……！」%K%P
%LC陽菜
%LC陽菜
「ゲームって……フェンシングみたいな、\n　相手にタッチするアレのことっ？」%K%P
「ゲームって……フェンシングみたいな、\n　相手にタッチするアレのことっ？」%K%P
%LC梨理
%LC梨理
「ですっ！　あのときはよくも、私のおっぱいを\n　思いっきり揉み揉みしてくれてぇっ……！」%K%P
「ですっ！　あのときはよくも、私のおっぱいを\n　思いっきり揉み揉みしてくれてぇっ……！」%K%P
%LC陽菜
%LC陽菜
「んわあっ！？　わーわーわーっ！？」%K%P
「んわあっ！？　わーわーわーっ！？」%K%P
梨理ちゃんがとんでもないことを言い出したので、\n思わず声を上げてそれを掻き消す。%K%P
梨理ちゃんがとんでもないことを言い出したので、\n思わず声を上げてそれを掻き消す。%K%P
%LC陽菜
%LC陽菜
「みんなが見てる前でなんてこと言うのっ！」%K%P
「みんなが見てる前でなんてこと言うのっ！」%K%P
%LC梨理
%LC梨理
「大丈夫ですっ、私たちの会話とか、\n　誰も聞いてなさそうなんでっ」%K%P
「大丈夫ですっ、私たちの会話とか、\n　誰も聞いてなさそうなんでっ」%K%P
%LC陽菜
%LC陽菜
「それはそうかもしれないけどっ！」%K%P
「それはそうかもしれないけどっ！」%K%P
そんな会話に続いて、ちらっと隣を見る。%K%P
そんな会話に続いて、ちらっと隣を見る。%K%P
そこでは、凄まじい攻防が繰り広げられていた。%K%P
そこでは、凄まじい攻防が繰り広げられていた。%K%P
%LC依夜
%LC依夜
「せいッ……！」%K%P
「せいッ……！」%K%P
%LCクレール
%LCクレール
「くッ……！」%K%P
「くッ……！」%K%P
素早い踏み込みから、狙い澄ました一閃。%K%P
素早い踏み込みから、狙い澄ました一閃。%K%P
依夜ちゃんの繰り出す攻撃は、\nすべて、私のハルバード目掛けて飛んできた。%K%P
依夜ちゃんの繰り出す攻撃は、\nすべて、私のハルバード目掛けて飛んできた。%K%P
弾き返すと、今度は回り込んで、横から一撃。%K%P
弾き返すと、今度は回り込んで、横から一撃。%K%P
ぐるんっとハルバードを振り回して牽制すると、\n彼女は無理に攻め込まず、一旦下がる。%K%P
ぐるんっとハルバードを振り回して牽制すると、\n彼女は無理に攻め込まず、一旦下がる。%K%P
テスト{舞闘:カデンツァ}の時とは、明らかに違う動き。%K%P
テスト{舞闘:カデンツァ}の時とは、明らかに違う動き。%K%P
初対決では翻弄されていたハルバードの間合いを、\n今日の彼女は、完全に見切っているように思えた。%K%P
初対決では翻弄されていたハルバードの間合いを、\n今日の彼女は、完全に見切っているように思えた。%K%P
%LCクレール
%LCクレール
「かなり対策を練ってきたみたいね」%K%P
「かなり対策を練ってきたみたいね」%K%P
%LC依夜
%LC依夜
「前回は手も足も出なかったから。\n　先生に色々と教わったの」%K%P
「前回は手も足も出なかったから。\n　先生に色々と教わったの」%K%P
%LCクレール
%LCクレール
「先生って……うそっ、宗千佳ズルいっ！？」%K%P
「先生って……うそっ、宗千佳ズルいっ！？」%K%P
%LC宗千佳
%LC宗千佳
「……」%K%P
「……」%K%P
%LCクレール
%LCクレール
「宗千佳ぁっ！　ズルっ、いじわるっ！」%K%P
「宗千佳ぁっ！　ズルっ、いじわるっ！」%K%P
%LC宗千佳
%LC宗千佳
「{騎士:ワルキュリア}同士の会話は構わないが、\n　審判に話しかけるヤツがあるか」%K%P
「{騎士:ワルキュリア}同士の会話は構わないが、\n　審判に話しかけるヤツがあるか」%K%P
%LC宗千佳
%LC宗千佳
「言っておくが、私は聞かれたことを答えたまでだ。\n　主にハルバードという武器の特徴や戦術をな」%K%P
「言っておくが、私は聞かれたことを答えたまでだ。\n　主にハルバードという武器の特徴や戦術をな」%K%P
%LCクレール
%LCクレール
「ハルバードって時点で私対策じゃないっ。\n　エコよ、エコっ！　エコひいきっ！」%K%P
「ハルバードって時点で私対策じゃないっ。\n　エコよ、エコっ！　エコひいきっ！」%K%P
%LC宗千佳
%LC宗千佳
「本当に贔屓するのであれば、私が直接、\n　ハルバードを使って稽古をつけていたと思うぞ？」%K%P
「本当に贔屓するのであれば、私が直接、\n　ハルバードを使って稽古をつけていたと思うぞ？」%K%P
%LCクレール
%LCクレール
「うぐぐぅっ……」%K%P
「うぐぐぅっ……」%K%P
思わず呻くけど、宗千佳は公平な人だから、\n本当に最低限のことしか教えていないんだろう。%K%P
思わず呻くけど、宗千佳は公平な人だから、\n本当に最低限のことしか教えていないんだろう。%K%P
つまり、ここまで対策を整えたのは、\n依夜ちゃんが努力を重ねた結果に他ならない。%K%P
つまり、ここまで対策を整えたのは、\n依夜ちゃんが努力を重ねた結果に他ならない。%K%P
%LCクレール
%LCクレール
「に、しても……依夜ちゃん、\n　以前とは動きがまるで別人ね」%K%P
「に、しても……依夜ちゃん、\n　以前とは動きがまるで別人ね」%K%P
%LCクレール
%LCクレール
「太刀筋が途切れず、常に繋がって……、\n　なにかの舞を踊っているみたい」%K%P
「太刀筋が途切れず、常に繋がって……、\n　なにかの舞を踊っているみたい」%K%P
テスト{舞闘:カデンツァ}のときの依夜ちゃんは、\n一撃必殺を重視した、攻撃特化の戦法だった。%K%P
テスト{舞闘:カデンツァ}のときの依夜ちゃんは、\n一撃必殺を重視した、攻撃特化の戦法だった。%K%P
だけど今日は、軽やかにしなやかに、\nダンスを踊るように私を攻めてくる。%K%P
だけど今日は、軽やかにしなやかに、\nダンスを踊るように私を攻めてくる。%K%P
手数を重視し、私にハルバードを振らせない――、\n機先を制して主導権を握る作戦かもしれない。%K%P
手数を重視し、私にハルバードを振らせない――、\n機先を制して主導権を握る作戦かもしれない。%K%P
%LC依夜
%LC依夜
「クレールの戦いは、踊るようだったから。\n　舞には舞で対抗しようと思ったの」%K%P
「クレールの戦いは、踊るようだったから。\n　舞には舞で対抗しようと思ったの」%K%P
%LC依夜
%LC依夜
「私も、舞には心得があるからッ……！」%K%P
「私も、舞には心得があるからッ……！」%K%P
%LCクレール
%LCクレール
「くぅっ……！」%K%P
「くぅっ……！」%K%P
その場でくるりと回ったあと、\n遠心力をつけた薙ぎ払いがハルバードを捕らえる。%K%P
その場でくるりと回ったあと、\n遠心力をつけた薙ぎ払いがハルバードを捕らえる。%K%P
見た目はすごく軽そうな攻撃だけど、\n受けると、しっかりと重い。%K%P
見た目はすごく軽そうな攻撃だけど、\n受けると、しっかりと重い。%K%P
そもそも依夜ちゃんの攻撃は、\n私の飾緒をまるで狙っていないような……。%K%P
そもそも依夜ちゃんの攻撃は、\n私の飾緒をまるで狙っていないような……。%K%P
%LCクレール
%LCクレール
「依夜ちゃん、飾緒は狙わないの？」%K%P
「依夜ちゃん、飾緒は狙わないの？」%K%P
%LC依夜
%LC依夜
「勝負を一瞬で決めるつもりはないから。\n　そんなことをしては、梨理に悪いでしょう？」%K%P
「勝負を一瞬で決めるつもりはないから。\n　そんなことをしては、梨理に悪いでしょう？」%K%P
%LCクレール
%LCクレール
「くぅっ……もうっ、言ってくれちゃってっ。\n　その気になれば、一瞬で勝てるってことっ？」%K%P
「くぅっ……もうっ、言ってくれちゃってっ。\n　その気になれば、一瞬で勝てるってことっ？」%K%P
%LC依夜
%LC依夜
「違うわ。そういう意味では、なくて……」%K%P
「違うわ。そういう意味では、なくて……」%K%P
%LC依夜
%LC依夜
「クレール、隣を見て。接戦でしょう？」%K%P
「クレール、隣を見て。接戦でしょう？」%K%P
その言葉に隣を見れば、\n確かに、梨理ちゃんがかなり健闘していた。%K%P
その言葉に隣を見れば、\n確かに、梨理ちゃんがかなり健闘していた。%K%P
あの陽菜ちゃん相手に、一歩も引かない。%K%P
あの陽菜ちゃん相手に、一歩も引かない。%K%P
迷いのない動きは、依夜ちゃん同様、\n相手への対策をしっかり立てている感じで――、%K%P
迷いのない動きは、依夜ちゃん同様、\n相手への対策をしっかり立てている感じで――、%K%P
%LCクレール
%LCクレール
「ひょっとして……梨理ちゃんを鍛えたの？\n　依夜ちゃんが、自ら？」%K%P
「ひょっとして……梨理ちゃんを鍛えたの？\n　依夜ちゃんが、自ら？」%K%P
%LC依夜
%LC依夜
「うん。私は陽菜と戦った経験もあるし、\n　同じ師のもとで学んだ、いわば同門――」%K%P
「うん。私は陽菜と戦った経験もあるし、\n　同じ師のもとで学んだ、いわば同門――」%K%P
%LC依夜
%LC依夜
「だから、私なりに考えて、梨理に託したの。\n　陽菜に勝つための術を」%K%P
「だから、私なりに考えて、梨理に託したの。\n　陽菜に勝つための術を」%K%P
%LC依夜
%LC依夜
「そのための、お泊まりだもの」%K%P
「そのための、お泊まりだもの」%K%P
%LCクレール
%LCクレール
「もうっ、すっかり仲良くなっちゃってっ……！」%K%P
「もうっ、すっかり仲良くなっちゃってっ……！」%K%P
%LCクレール
%LCクレール
「でも、仲の良さなら、こっちが上っ……！\n　私だって依夜ちゃん対策を教わったんだからっ」%K%P
「でも、仲の良さなら、こっちが上っ……！\n　私だって依夜ちゃん対策を教わったんだからっ」%K%P
昨日、梨理ちゃんが帰った後のトレーニングルームで、\n陽菜ちゃんから色々と直伝してもらったのだ。%K%P
昨日、梨理ちゃんが帰った後のトレーニングルームで、\n陽菜ちゃんから色々と直伝してもらったのだ。%K%P
だからこそ、負けられない。%K%P
だからこそ、負けられない。%K%P
私が依夜ちゃんに負けるってことは、\n陽菜ちゃんの教えが負けるってことになる。%K%P
私が依夜ちゃんに負けるってことは、\n陽菜ちゃんの教えが負けるってことになる。%K%P
%LCクレール
%LCクレール
「せーのぉっ……えええぇいッ！」%K%P
「せーのぉっ……えええぇいッ！」%K%P
%LC依夜
%LC依夜
「くっ……！！」%K%P
「くっ……！！」%K%P
ハルバードを思いっきり振り回すと、\nその余波で、依夜ちゃんの髪が舞い上がる。%K%P
ハルバードを思いっきり振り回すと、\nその余波で、依夜ちゃんの髪が舞い上がる。%K%P
遠心力を利用し、重さの増した一撃で、\n依夜ちゃんの鎧を砕く――それが、私の作戦。%K%P
遠心力を利用し、重さの増した一撃で、\n依夜ちゃんの鎧を砕く――それが、私の作戦。%K%P
なんだったら、以前陽菜ちゃんがやったように、\n彼女の刀を折るぐらいの芸当を――って、%K%P
なんだったら、以前陽菜ちゃんがやったように、\n彼女の刀を折るぐらいの芸当を――って、%K%P
%LCクレール
%LCクレール
「あっ……あああっ……！？」%K%P
「あっ……あああっ……！？」%K%P
陽菜ちゃんを意識し、ちらっと隣を見た瞬間、\n私はさーっと血の気が引くのを感じた。%K%P
陽菜ちゃんを意識し、ちらっと隣を見た瞬間、\n私はさーっと血の気が引くのを感じた。%K%P
ほんのわずかだけど、ウィッグがズレかけている。%K%P
ほんのわずかだけど、ウィッグがズレかけている。%K%P
%LCクレール
%LCクレール
（うそっ、しっかり留めたのにっ……！）%K%P
（うそっ、しっかり留めたのにっ……！）%K%P
試合前の控え室で、陽菜ちゃんと一緒に、\nちゃんと念入りにチェックしたのに。%K%P
試合前の控え室で、陽菜ちゃんと一緒に、\nちゃんと念入りにチェックしたのに。%K%P
依夜ちゃんの指導を受けた梨理ちゃんの攻めが、\nそれほどまでに苛烈だってことだろうか。%K%P
依夜ちゃんの指導を受けた梨理ちゃんの攻めが、\nそれほどまでに苛烈だってことだろうか。%K%P
いや、いまは原因なんてどうでもいい。%K%P
いや、いまは原因なんてどうでもいい。%K%P
こうなったら一刻も早く依夜ちゃんに勝って、\n試合を終わらせるしかっ……！%K%P
こうなったら一刻も早く依夜ちゃんに勝って、\n試合を終わらせるしかっ……！%K%P
%LCクレール
%LCクレール
「依夜ちゃん、勝負っ……！」%K%P
「依夜ちゃん、勝負っ……！」%K%P
できれば着実に攻めたかったけど、\nもはや一刻の猶予もない。%K%P
できれば着実に攻めたかったけど、\nもはや一刻の猶予もない。%K%P
とにかく、速攻で終わらせないとっ……！！%K%P
とにかく、速攻で終わらせないとっ……！！%K%P
%LC梨理
%LC梨理
「やぁああああああッ！！」%K%P
「やぁああああああッ！！」%K%P
%LC陽菜
%LC陽菜
「くっ……！！」%K%P
「くっ……！！」%K%P
梨理ちゃんの突きをなんとか弾くと、\n踏ん張った足がよろけそうになった。%K%P
梨理ちゃんの突きをなんとか弾くと、\n踏ん張った足がよろけそうになった。%K%P
フットワークを駆使した梨理ちゃんの攻めは激しく、\n気付けば防戦一方になっている。%K%P
フットワークを駆使した梨理ちゃんの攻めは激しく、\n気付けば防戦一方になっている。%K%P
さっき、ちらっと隣の会話が耳に入ったけど、\n梨理ちゃんはしっかりオレ対策をしてきたらしい。%K%P
さっき、ちらっと隣の会話が耳に入ったけど、\n梨理ちゃんはしっかりオレ対策をしてきたらしい。%K%P
どうりで、先手先手を打たれるわけだ。%K%P
どうりで、先手先手を打たれるわけだ。%K%P
依夜様もオレも、師匠は姉さん――、\nおそらく、剣術の基礎は似通っている部分が多い。%K%P
依夜様もオレも、師匠は姉さん――、\nおそらく、剣術の基礎は似通っている部分が多い。%K%P
そんな依夜様が対策を伝授したのなら、\nこれはもう、手強いなんてもんじゃない。%K%P
そんな依夜様が対策を伝授したのなら、\nこれはもう、手強いなんてもんじゃない。%K%P
もちろん、そういったコツや感覚は、普通、\n一朝一夕で身につくようなものじゃないんだけど。%K%P
もちろん、そういったコツや感覚は、普通、\n一朝一夕で身につくようなものじゃないんだけど。%K%P
どうやら梨理ちゃんは、それをやってのけたらしい。%K%P
どうやら梨理ちゃんは、それをやってのけたらしい。%K%P
%LC梨理
%LC梨理
「センセ、そろそろ、覚悟、いいですかっ？」%K%P
「センセ、そろそろ、覚悟、いいですかっ？」%K%P
%LC陽菜
%LC陽菜
「そうだね、そろそろ、決めないとっ……」%K%P
「そうだね、そろそろ、決めないとっ……」%K%P
梨理ちゃんもオレも、呼吸が乱れ始めてる。%K%P
梨理ちゃんもオレも、呼吸が乱れ始めてる。%K%P
体力面はもちろん、精神的にも余裕がない。%K%P
体力面はもちろん、精神的にも余裕がない。%K%P
おそらく、次の一撃で勝負が決まる――、%K%P
おそらく、次の一撃で勝負が決まる――、%K%P
%LCクレール
%LCクレール
「せぇぃやあああああああああっ！」%K%P
「せぇぃやあああああああああっ！」%K%P
%LC陽菜
%LC陽菜
「わっ……」%K%P
「わっ……」%K%P
突如聞こえた声に、対峙していることも忘れ、\n梨理ちゃんと揃って隣に目をやってしまう。%K%P
突如聞こえた声に、対峙していることも忘れ、\n梨理ちゃんと揃って隣に目をやってしまう。%K%P
そこには、突撃を敢行するクレールと、\n迎え撃つ依夜様が、まさに激突するところで。%K%P
そこには、突撃を敢行するクレールと、\n迎え撃つ依夜様が、まさに激突するところで。%K%P
%LCクレール
%LCクレール
「いっけぇえええええええッ！」%K%P
「いっけぇえええええええッ！」%K%P
%LC依夜
%LC依夜
「させないッ……！」%K%P
「させないッ……！」%K%P
%LC陽菜
%LC陽菜
「ああっ……！？」%K%P
「ああっ……！？」%K%P
クレールの攻撃は、どう見ても攻め急いだもので、\n依夜様ほどの実力者が、それを見逃すはずもなく。%K%P
クレールの攻撃は、どう見ても攻め急いだもので、\n依夜様ほどの実力者が、それを見逃すはずもなく。%K%P
突っ込んでくるクレールに対し、\n依夜様は、自らの刀を腰へと収めた。%K%P
突っ込んでくるクレールに対し、\n依夜様は、自らの刀を腰へと収めた。%K%P
クラージュに鞘はない。けれどその刹那、\nオレの目には、ないはずの鞘がはっきりと見えた。%K%P
クラージュに鞘はない。けれどその刹那、\nオレの目には、ないはずの鞘がはっきりと見えた。%K%P
%LC陽菜
%LC陽菜
「まさか、手を鞘代わりに、居合いを……」%K%P
「まさか、手を鞘代わりに、居合いを……」%K%P
いつもは両手で刀を構える依夜様が、\nその一瞬だけ、片手でクラージュを構える。%K%P
いつもは両手で刀を構える依夜様が、\nその一瞬だけ、片手でクラージュを構える。%K%P
呆然と呟いた通り、クラージュに添えた手を\n鞘の代わりにして、居合い――抜刀したのだ。%K%P
呆然と呟いた通り、クラージュに添えた手を\n鞘の代わりにして、居合い――抜刀したのだ。%K%P
その一撃は、すれ違いざまに、\nクレールの胸の飾緒を、しっかりと捉えて。%K%P
その一撃は、すれ違いざまに、\nクレールの胸の飾緒を、しっかりと捉えて。%K%P
%LCクレール
%LCクレール
「ああっ……？！」%K%P
「ああっ……？！」%K%P
クレールの短い悲鳴が聞こえた直後、\n依夜様の一閃により断たれた飾緒は、光に包まれた。%K%P
クレールの短い悲鳴が聞こえた直後、\n依夜様の一閃により断たれた飾緒は、光に包まれた。%K%P
%LC梨理
%LC梨理
「依夜様、すごい……」%K%P
「依夜様、すごい……」%K%P
あまりにも突然かつ一瞬の幕切れに、\n観客はもちろん、オレや梨理ちゃんも動けなくて。%K%P
あまりにも突然かつ一瞬の幕切れに、\n観客はもちろん、オレや梨理ちゃんも動けなくて。%K%P
%LC宗千佳
%LC宗千佳
「――それまでっ！」%K%P
「――それまでっ！」%K%P
姉さんの声がホールに響き渡った瞬間、\n魔法が解けたかのように、会場がどっと沸いた。%K%P
姉さんの声がホールに響き渡った瞬間、\n魔法が解けたかのように、会場がどっと沸いた。%K%P
%LC客席Ａ
%LC客席Ａ
「なっ……なに、いまのなにっ！？\n　つまらぬ物を斬ってしまった的なやつ？！」%K%P
「なっ……なに、いまのなにっ！？\n　つまらぬ物を斬ってしまった的なやつ？！」%K%P
%LC客席Ｂ
%LC客席Ｂ
「テアトルって立体映像だけだよねっ？\n　ＶＦＸとか実装されてないよね？！」%K%P
「テアトルって立体映像だけだよねっ？\n　ＶＦＸとか実装されてないよね？！」%K%P
%LC客席Ｃ
%LC客席Ｃ
「立体映像も、ある種ＶＦＸみたいなもんだけど。\n　にしたって……依夜様、すごすぎ……」%K%P
「立体映像も、ある種ＶＦＸみたいなもんだけど。\n　にしたって……依夜様、すごすぎ……」%K%P
一気にドカンと盛り上がる、客席の学生たち。%K%P
一気にドカンと盛り上がる、客席の学生たち。%K%P
場内すべてが惜しみない拍手を壇上へ贈る中、\n飾緒を失ったクレールが、オレの隣に――、%K%P
場内すべてが惜しみない拍手を壇上へ贈る中、\n飾緒を失ったクレールが、オレの隣に――、%K%P
%LCクレール
%LCクレール
「ごめんね、陽菜ちゃん。……負けちゃった」%K%P
「ごめんね、陽菜ちゃん。……負けちゃった」%K%P
%LC陽菜
%LC陽菜
「あ……」%K%P
「あ……」%K%P
あきらかに気落ちしているクレールの声が、\n胸をぎゅっと締めつける。%K%P
あきらかに気落ちしているクレールの声が、\n胸をぎゅっと締めつける。%K%P
それは、彼女が大好きなハグよりも強く、\nオレの心をぎゅっと捕らえて、離さなかった。%K%P
それは、彼女が大好きなハグよりも強く、\nオレの心をぎゅっと捕らえて、離さなかった。%K%P
試合が終わったあと、控え室に戻ってきても、\nクレールはずっと落ち込んだままで。%K%P
試合が終わったあと、控え室に戻ってきても、\nクレールはずっと落ち込んだままで。%K%P
そんな雰囲気を察してか、依夜様と梨理ちゃんは、\nオレたちを二人きりにしてくれた。%K%P
そんな雰囲気を察してか、依夜様と梨理ちゃんは、\nオレたちを二人きりにしてくれた。%K%P
%LC陽菜
%LC陽菜
「クレール、大丈夫？」%K%P
「クレール、大丈夫？」%K%P
%LCクレール
%LCクレール
「うん。……それより、本当にごめんなさい。\n　私のせいで、負けてしまって」%K%P
「うん。……それより、本当にごめんなさい。\n　私のせいで、負けてしまって」%K%P
%LC陽菜
%LC陽菜
「それは、別に……。決着の一撃は、\n　完全に依夜様お見事って感じだったし」%K%P
「それは、別に……。決着の一撃は、\n　完全に依夜様お見事って感じだったし」%K%P
%LC陽菜
%LC陽菜
「ただ……最後の捨て身みたいな突撃は、\n　クレールらしくないとは思ったけど」%K%P
「ただ……最後の捨て身みたいな突撃は、\n　クレールらしくないとは思ったけど」%K%P
%LCクレール
%LCクレール
「あっ、あれは、そのっ……、\n　一世一代の大勝負っていうかっ……」%K%P
「あっ、あれは、そのっ……、\n　一世一代の大勝負っていうかっ……」%K%P
気になっていたことを言及すると、\n途端にわたわたと慌てるクレール。%K%P
気になっていたことを言及すると、\n途端にわたわたと慌てるクレール。%K%P
歯切れの悪い物言いといい、\n露骨に目を合わせてくれない感じといい――、%K%P
歯切れの悪い物言いといい、\n露骨に目を合わせてくれない感じといい――、%K%P
%LC陽菜
%LC陽菜
「……なにか、隠してるでしょ？」%K%P
「……なにか、隠してるでしょ？」%K%P
%LCクレール
%LCクレール
「べっ、べつにっ？　なにもないけど？\n　本当よ？　本当に、なにもないから」%K%P
「べっ、べつにっ？　なにもないけど？\n　本当よ？　本当に、なにもないから」%K%P
%LC陽菜
%LC陽菜
「むぅー……」%K%P
「むぅー……」%K%P
%LCクレール
%LCクレール
「ホントよ？　ホントに、なにも……」%K%P
「ホントよ？　ホントに、なにも……」%K%P
ちらちらっ。%K%P
ちらちらっ。%K%P
%LC陽菜
%LC陽菜
「……ん？　私の髪に、なにかついてる？」%K%P
「……ん？　私の髪に、なにかついてる？」%K%P
%LCクレール
%LCクレール
「ちっ、ちがっ……？！　なにもないないっ。\n　ほんとになんでもないからっ」%K%P
「ちっ、ちがっ……？！　なにもないないっ。\n　ほんとになんでもないからっ」%K%P
%LC陽菜
%LC陽菜
「でも、さっきからやけに、私の髪を――」%K%P
「でも、さっきからやけに、私の髪を――」%K%P
気になって、近くの鏡で確かめてみる。%K%P
気になって、近くの鏡で確かめてみる。%K%P
と、よーくよーく見てみれば、\nほんの少しだけど、ウィッグが――、%K%P
と、よーくよーく見てみれば、\nほんの少しだけど、ウィッグが――、%K%P
%LC陽菜
%LC陽菜
「……少し、ズレてる……」%K%P
「……少し、ズレてる……」%K%P
%LCクレール
%LCクレール
「うぅぅ……」%K%P
「うぅぅ……」%K%P
呟いた瞬間、見るからにしゅんとするクレール。%K%P
呟いた瞬間、見るからにしゅんとするクレール。%K%P
その反応を見て、すぐにピンときた。%K%P
その反応を見て、すぐにピンときた。%K%P
%LC陽菜
%LC陽菜
「もしかしてこれ、試合中から……？\n　クレール、これに気付いてたってこと？」%K%P
「もしかしてこれ、試合中から……？\n　クレール、これに気付いてたってこと？」%K%P
%LCクレール
%LCクレール
「……うん」%K%P
「……うん」%K%P
%LC陽菜
%LC陽菜
「じゃあ……このままだと外れるかもと思って、\n　それでクレールは、決着を急いで――」%K%P
「じゃあ……このままだと外れるかもと思って、\n　それでクレールは、決着を急いで――」%K%P
一か八かの勝負に出た結果、負けてしまった。%K%P
一か八かの勝負に出た結果、負けてしまった。%K%P
%LC陽菜
%LC陽菜
「……つまり、負けたのは、私のせい……」%K%P
「……つまり、負けたのは、私のせい……」%K%P
%LCクレール
%LCクレール
「違うわっ。確かにウィッグがズレてるのを見て、\n　勝負を焦ってしまったのは事実だけどっ……」%K%P
「違うわっ。確かにウィッグがズレてるのを見て、\n　勝負を焦ってしまったのは事実だけどっ……」%K%P
%LCクレール
%LCクレール
「でも、依夜ちゃんに負けたのは、\n　私の実力不足が原因でしょっ？」%K%P
「でも、依夜ちゃんに負けたのは、\n　私の実力不足が原因でしょっ？」%K%P
%LCクレール
%LCクレール
「私が勝っていれば、問題なかったんだもの。\n　陽菜ちゃんのせいってことには――」%K%P
「私が勝っていれば、問題なかったんだもの。\n　陽菜ちゃんのせいってことには――」%K%P
%LC陽菜
%LC陽菜
「もし立場が逆だったら、\n　クレール、その言葉で納得できる？」%K%P
「もし立場が逆だったら、\n　クレール、その言葉で納得できる？」%K%P
%LCクレール
%LCクレール
「それはっ……」%K%P
「それはっ……」%K%P
%LCクレール
%LCクレール
「……ズルいわ、陽菜ちゃん」%K%P
「……ズルいわ、陽菜ちゃん」%K%P
%LC陽菜
%LC陽菜
「ごめん。いまのは、さすがに意地悪だよね」%K%P
「ごめん。いまのは、さすがに意地悪だよね」%K%P
自分の不甲斐なさに苛立ってしまい、\n棘のある物言いになったことに、すぐさま謝る。%K%P
自分の不甲斐なさに苛立ってしまい、\n棘のある物言いになったことに、すぐさま謝る。%K%P
けど、あれだけ気をつけていたのに……、\nそれでも、こんなことになってしまうなんて。%K%P
けど、あれだけ気をつけていたのに……、\nそれでも、こんなことになってしまうなんて。%K%P
%LCクレール
%LCクレール
「確かに負けてしまったけど……でもね、\n　私、この結果自体に、後悔はないの」%K%P
「確かに負けてしまったけど……でもね、\n　私、この結果自体に、後悔はないの」%K%P
%LCクレール
%LCクレール
「依夜ちゃんに勝つことはできなかったけど、\n　陽菜ちゃんの秘めごとを守れたんだもの」%K%P
「依夜ちゃんに勝つことはできなかったけど、\n　陽菜ちゃんの秘めごとを守れたんだもの」%K%P
%LCクレール
%LCクレール
「{騎士:ワルキュリア}はいつだって、\n　勝つためではなく、守る為に戦うんだから」%K%P
「{騎士:ワルキュリア}はいつだって、\n　勝つためではなく、守る為に戦うんだから」%K%P
%LC陽菜
%LC陽菜
「……もう、綺麗にまとめちゃって」%K%P
「……もう、綺麗にまとめちゃって」%K%P
%LCクレール
%LCクレール
「でも、本当のことでしょ？」%K%P
「でも、本当のことでしょ？」%K%P
肩の力が抜けるように笑みが漏れると、\nつられたのか、クレールも同じように笑う。%K%P
肩の力が抜けるように笑みが漏れると、\nつられたのか、クレールも同じように笑う。%K%P
%LC陽菜
%LC陽菜
「けど……やっぱり、悔しい。\n　私がもっとしっかりしていれば……」%K%P
「けど……やっぱり、悔しい。\n　私がもっとしっかりしていれば……」%K%P
全力を出し切って負けたのであれば、\n悔いが残ることはなかっただろう。%K%P
全力を出し切って負けたのであれば、\n悔いが残ることはなかっただろう。%K%P
どんなに言っても仕方がないことではあるけど、\nオレのせいだ、という気持ちは拭いきれない。%K%P
どんなに言っても仕方がないことではあるけど、\nオレのせいだ、という気持ちは拭いきれない。%K%P
%LC陽菜
%LC陽菜
「……ごめんね、本当に」%K%P
「……ごめんね、本当に」%K%P
%LCクレール
%LCクレール
「もう、陽菜ちゃん。それ以上はだめよ。\n　堂々巡りになっちゃうでしょ？」%K%P
「もう、陽菜ちゃん。それ以上はだめよ。\n　堂々巡りになっちゃうでしょ？」%K%P
%LCクレール
%LCクレール
「こうなりそうでイヤだったから、ウィッグのこと、\n　言わずに誤魔化そうとしていたんだし」%K%P
「こうなりそうでイヤだったから、ウィッグのこと、\n　言わずに誤魔化そうとしていたんだし」%K%P
%LC陽菜
%LC陽菜
「けど――」%K%P
「けど――」%K%P
%LCクレール
%LCクレール
「けどもデモもストもないの。えいっ！」%K%P
「けどもデモもストもないの。えいっ！」%K%P
%LC陽菜
%LC陽菜
「んっ……」%K%P
「んっ……」%K%P
これ以上は問答無用とばかりに、\nクレールが真正面から抱きしめてくれる。%K%P
これ以上は問答無用とばかりに、\nクレールが真正面から抱きしめてくれる。%K%P
激戦のあとだから、お互いの体温は高くて、\nフィエルテはしっとりと汗で湿っていて。%K%P
激戦のあとだから、お互いの体温は高くて、\nフィエルテはしっとりと汗で湿っていて。%K%P
クレールの体温と柔らかさと匂いが、\n波状攻撃となって、全身の血液が、股間に――、%K%P
クレールの体温と柔らかさと匂いが、\n波状攻撃となって、全身の血液が、股間に――、%K%P
%LCクレール
%LCクレール
「あっ……氈v%K%P
「あっ……氈v%K%P
オレが気付くとほぼ同時に、\nクレールが嬉しそうな声を漏らす。%K%P
オレが気付くとほぼ同時に、\nクレールが嬉しそうな声を漏らす。%K%P
ハグされているから自分で股間は見えないけど、\n勃起してるっていうのは、感覚で分かった。%K%P
ハグされているから自分で股間は見えないけど、\n勃起してるっていうのは、感覚で分かった。%K%P
なぜなら、起き上がった息子が、\nクレールのお腹とぶつかって擦れていたから。%K%P
なぜなら、起き上がった息子が、\nクレールのお腹とぶつかって擦れていたから。%K%P
%LCクレール
%LCクレール
「ふふっ、陽菜ちゃんのえっち。\n　こんなときに勃起しちゃうだなんて」%K%P
「ふふっ、陽菜ちゃんのえっち。\n　こんなときに勃起しちゃうだなんて」%K%P
%LC陽菜
%LC陽菜
「自分でもそう思うけど……、\n　クレールの汗の匂いに、反応しちゃって」%K%P
「自分でもそう思うけど……、\n　クレールの汗の匂いに、反応しちゃって」%K%P
%LCクレール
%LCクレール
「うふっ、そうでしょそうでしょ？\n　匂いって記憶と密接に結びつくものなのよ」%K%P
「うふっ、そうでしょそうでしょ？\n　匂いって記憶と密接に結びつくものなのよ」%K%P
%LCクレール
%LCクレール
「私だって、陽菜ちゃんの汗の匂いを嗅ぐと、\n　とってもドキドキしちゃうし……」%K%P
「私だって、陽菜ちゃんの汗の匂いを嗅ぐと、\n　とってもドキドキしちゃうし……」%K%P
%LCクレール
%LCクレール
「まあ、今ではもっとえっちな匂いも、\n　よーく知ってるわけだけどっ……ふふっ」%K%P
「まあ、今ではもっとえっちな匂いも、\n　よーく知ってるわけだけどっ……ふふっ」%K%P
%LC陽菜
%LC陽菜
「もう、クレールっ。そういうのは、\n　ちゃんと二人きりになれる場所で――」%K%P
「もう、クレールっ。そういうのは、\n　ちゃんと二人きりになれる場所で――」%K%P
%LC美実
%LC美実
「いやぁー、いい勝負だったねぇ」%K%P
「いやぁー、いい勝負だったねぇ」%K%P
%LC杏奈
%LC杏奈
「ですね。でも、美実様と決勝に行けるなんて、\n　ほんと夢みたいですっ」%K%P
「ですね。でも、美実様と決勝に行けるなんて、\n　ほんと夢みたいですっ」%K%P
%LC陽菜
%LC陽菜
「なっ……」%K%P
「なっ……」%K%P
あまりにも完璧すぎるフラグ回収に、\n股間どころか全身がガチガチに固まってしまう。%K%P
あまりにも完璧すぎるフラグ回収に、\n股間どころか全身がガチガチに固まってしまう。%K%P
どうしよう、いまこの股間を見られたら、\nクレールが負けてまで守ってくれた秘密がっ……。%K%P
どうしよう、いまこの股間を見られたら、\nクレールが負けてまで守ってくれた秘密がっ……。%K%P
%LCクレール
%LCクレール
「陽菜ちゃん、こっち」%K%P
「陽菜ちゃん、こっち」%K%P
%LC陽菜
%LC陽菜
「あっ……」%K%P
「あっ……」%K%P
フィエルテの前を抑え込もうとしたオレの手を、\nクレールがちょっと強引に引っ張って。%K%P
フィエルテの前を抑え込もうとしたオレの手を、\nクレールがちょっと強引に引っ張って。%K%P
――次の瞬間、オレたちは狭い空間の中にいた。%K%P
――次の瞬間、オレたちは狭い空間の中にいた。%K%P
クレールに連れ込まれたのは、すぐ近くの、\nオレが使用しているロッカーの中だった。%K%P
クレールに連れ込まれたのは、すぐ近くの、\nオレが使用しているロッカーの中だった。%K%P
%LC陽菜
%LC陽菜
「あっ、ウィッグが……」%K%P
「あっ、ウィッグが……」%K%P
パタンとロッカーが閉まった直後、\nウィッグがネットごと、ずるっと落ちてしまう。%K%P
パタンとロッカーが閉まった直後、\nウィッグがネットごと、ずるっと落ちてしまう。%K%P
たぶん、毛先が扉に引っかかってしまったんだ。%K%P
たぶん、毛先が扉に引っかかってしまったんだ。%K%P
%LCクレール
%LCクレール
「陽菜ちゃん、しー」%K%P
「陽菜ちゃん、しー」%K%P
%LC陽菜
%LC陽菜
「んっ……」%K%P
「んっ……」%K%P
クレールに超小声で諫められて、口を噤む。%K%P
クレールに超小声で諫められて、口を噤む。%K%P
咄嗟にロッカーへと隠れちゃったわけだけど、\nもし見つかったら、色々とヤバい。%K%P
咄嗟にロッカーへと隠れちゃったわけだけど、\nもし見つかったら、色々とヤバい。%K%P
勃起しかけた股間だけでもマズいのに、\nこの頭を見られたら、それこそ女装バレ不可避だ。%K%P
勃起しかけた股間だけでもマズいのに、\nこの頭を見られたら、それこそ女装バレ不可避だ。%K%P
もちろんクレールもそれはわかっているようで、\n息を潜めて、ドアの向こうを窺っている。%K%P
もちろんクレールもそれはわかっているようで、\n息を潜めて、ドアの向こうを窺っている。%K%P
%LC杏奈
%LC杏奈
「ふぃー……にしても、すっごい汗……」%K%P
「ふぃー……にしても、すっごい汗……」%K%P
%LC美実
%LC美実
「小夜ちんも千波ちんも強かったからねぇ」%K%P
「小夜ちんも千波ちんも強かったからねぇ」%K%P
%LC杏奈
%LC杏奈
「通気性いいフィエルテですら、\n　汗ムレムレで、むわーって感じです」%K%P
「通気性いいフィエルテですら、\n　汗ムレムレで、むわーって感じです」%K%P
%LC陽菜
%LC陽菜
（うぅ、こっちも、ムレムレ、すごいっ……）%K%P
（うぅ、こっちも、ムレムレ、すごいっ……）%K%P
もともと人が入ることを想定してない空間に、\n二人一緒になって身体をねじ込んだのだ。%K%P
もともと人が入ることを想定してない空間に、\n二人一緒になって身体をねじ込んだのだ。%K%P
向き合っている体勢と相まって、\n彼女の体温と汗が、五感を支配していく。%K%P
向き合っている体勢と相まって、\n彼女の体温と汗が、五感を支配していく。%K%P
おっぱいなんて、むにゅーって感じで……って、\nウィッグだけじゃなくフィエルテもズレてるしっ。%K%P
おっぱいなんて、むにゅーって感じで……って、\nウィッグだけじゃなくフィエルテもズレてるしっ。%K%P
おまけに勃起しかけてたペニスが、\nクレールの太ももに、ぐりぐりこすれてっ……。%K%P
おまけに勃起しかけてたペニスが、\nクレールの太ももに、ぐりぐりこすれてっ……。%K%P
%LCクレール
%LCクレール
「やっ……陽菜ちゃん、動いちゃだめっ……」%K%P
「やっ……陽菜ちゃん、動いちゃだめっ……」%K%P
%LC陽菜
%LC陽菜
「ごめんっ……でも、これっ……」%K%P
「ごめんっ……でも、これっ……」%K%P
声というより吐息に近い声量で会話しながら、\nもじもじと身体を捩る。%K%P
声というより吐息に近い声量で会話しながら、\nもじもじと身体を捩る。%K%P
どうにかペニスの位置を変えたいけど、\n満員電車以上の密着度では、到底不可能だ。%K%P
どうにかペニスの位置を変えたいけど、\n満員電車以上の密着度では、到底不可能だ。%K%P
でもまだフィエルテ内に収まってくれてるし、\nこれなら、まだなんとかっ……。%K%P
でもまだフィエルテ内に収まってくれてるし、\nこれなら、まだなんとかっ……。%K%P
%LCクレール
%LCクレール
「はぁ、やっ、陽菜ちゃん、動かないでっ……。\n　動くと、あそこが、こすれてっ……」%K%P
「はぁ、やっ、陽菜ちゃん、動かないでっ……。\n　動くと、あそこが、こすれてっ……」%K%P
%LC陽菜
%LC陽菜
「んっ……だって、ここ、狭くてっ……」%K%P
「んっ……だって、ここ、狭くてっ……」%K%P
%LCクレール
%LCクレール
「わかってるけど、ぐりぐりって……やんっ歃n　はぁはぁ、あっ、ああぁぁ……氈v%K%P
「わかってるけど、ぐりぐりって……やんっ歃n　はぁはぁ、あっ、ああぁぁ……氈v%K%P
%LC陽菜
%LC陽菜
「クレール、だめだってばっ……！\n　そんなにえっちな声出したらっ……」%K%P
「クレール、だめだってばっ……！\n　そんなにえっちな声出したらっ……」%K%P
%LCクレール
%LCクレール
「でも、だって……ち○ぽが……あんっ、\n　お腹のあたりで、こすれて……ああんっ」%K%P
「でも、だって……ち○ぽが……あんっ、\n　お腹のあたりで、こすれて……ああんっ」%K%P
%LC陽菜
%LC陽菜
「くッ……なら、腰を引けばっ……」%K%P
「くッ……なら、腰を引けばっ……」%K%P
%LCクレール
%LCクレール
「あっ、ダメよっ。そんなことしたらっ……」%K%P
「あっ、ダメよっ。そんなことしたらっ……」%K%P
%LC陽菜
%LC陽菜
「あっ……ああっ……？！」%K%P
「あっ……ああっ……？！」%K%P
どうにか腰を引いた途端、ペニスが反り返る。%K%P
どうにか腰を引いた途端、ペニスが反り返る。%K%P
密着していたから押さえつけられていたモノが、\nスペースが出来たせいで完全に勃起したのだ。%K%P
密着していたから押さえつけられていたモノが、\nスペースが出来たせいで完全に勃起したのだ。%K%P
っていうか、その勢いでフィエルテを押しのけ、\nお外に出ちゃったようなっ……！？%K%P
っていうか、その勢いでフィエルテを押しのけ、\nお外に出ちゃったようなっ……！？%K%P
%LCクレール
%LCクレール
「あぁ……ち○ぽの、匂いっ……歃n　陽菜ちゃんのち○ぽ、出ちゃってるっ……」%K%P
「あぁ……ち○ぽの、匂いっ……歃n　陽菜ちゃんのち○ぽ、出ちゃってるっ……」%K%P
やっぱり出ちゃってたっ……！！%K%P
やっぱり出ちゃってたっ……！！%K%P
%LC陽菜
%LC陽菜
（あうっ……どうしよう、このままだとっ……）%K%P
（あうっ……どうしよう、このままだとっ……）%K%P
剥き出しになった亀頭と、\nクレールの着ているフィエルテが擦れる。%K%P
剥き出しになった亀頭と、\nクレールの着ているフィエルテが擦れる。%K%P
いま、お互いの股間の高さはほとんど同じだから、\n勃起した亀頭は、当然、クレールの秘裂に――、%K%P
いま、お互いの股間の高さはほとんど同じだから、\n勃起した亀頭は、当然、クレールの秘裂に――、%K%P
%LCクレール
%LCクレール
「んぅッ……　陽菜ちゃん、だめっ……歃n　おま○こ、すりすり、しちゃっ……氈v%K%P
「んぅッ……　陽菜ちゃん、だめっ……歃n　おま○こ、すりすり、しちゃっ……氈v%K%P
%LC陽菜
%LC陽菜
「そうは言っても、この狭さじゃっ……」%K%P
「そうは言っても、この狭さじゃっ……」%K%P
完全にフィエルテから露出したペニスは、\nクレールの秘所に狙いを定め、連続アタック。%K%P
完全にフィエルテから露出したペニスは、\nクレールの秘所に狙いを定め、連続アタック。%K%P
このままだと、クレールのフィエルテに、\nぶっかけ射精しちゃうかもっ……。%K%P
このままだと、クレールのフィエルテに、\nぶっかけ射精しちゃうかもっ……。%K%P
%LC美実
%LC美実
「しっかし、こんだけ汗かくと、\n　シャワーよりもお風呂に入りたいよねぇ」%K%P
「しっかし、こんだけ汗かくと、\n　シャワーよりもお風呂に入りたいよねぇ」%K%P
%LC杏奈
%LC杏奈
「あっ、なら学生寮寄ってきます？\n　寮母さんに言えば、浴場入れてもらえるかも」%K%P
「あっ、なら学生寮寄ってきます？\n　寮母さんに言えば、浴場入れてもらえるかも」%K%P
%LC美実
%LC美実
「おっ、ホントっ？　いやー、さすが、\n　器とおっぱいがおっきな後輩は違うねぇ」%K%P
「おっ、ホントっ？　いやー、さすが、\n　器とおっぱいがおっきな後輩は違うねぇ」%K%P
%LC杏奈
%LC杏奈
「ちょっ、美実様っ……やっ、きゃんっ」%K%P
「ちょっ、美実様っ……やっ、きゃんっ」%K%P
%LC陽菜
%LC陽菜
（わっ、うわわっ……）%K%P
（わっ、うわわっ……）%K%P
ロッカーの薄い板一枚を挟んだ向こうでは、\n美実様と杏奈ちゃんが、なにやらイチャイチャ。%K%P
ロッカーの薄い板一枚を挟んだ向こうでは、\n美実様と杏奈ちゃんが、なにやらイチャイチャ。%K%P
音しか聞こえてないしセーフ……と思いきや、\n光が差し込む隙間から、外の様子が――、%K%P
音しか聞こえてないしセーフ……と思いきや、\n光が差し込む隙間から、外の様子が――、%K%P
%LC陽菜
%LC陽菜
「おおっ……」%K%P
「おおっ……」%K%P
外れたウィッグが引っかかったことで、\n扉が完全に閉まらなかったらしい。%K%P
外れたウィッグが引っかかったことで、\n扉が完全に閉まらなかったらしい。%K%P
それにより生まれた隙間から、\nなにやらえっちな光景が見えた、次の瞬間。%K%P
それにより生まれた隙間から、\nなにやらえっちな光景が見えた、次の瞬間。%K%P
%LCクレール
%LCクレール
「もおっ、陽菜ちゃん……っ！」%K%P
「もおっ、陽菜ちゃん……っ！」%K%P
むぎゅ、ぎゅぎゅぎゅっ%K%P
むぎゅ、ぎゅぎゅぎゅっ%K%P
%LC陽菜
%LC陽菜
「んみゅっ……！？」%K%P
「んみゅっ……！？」%K%P
いきなりペニスに強烈な圧がかかり、\n耐えきれず声を出してしまう。%K%P
いきなりペニスに強烈な圧がかかり、\n耐えきれず声を出してしまう。%K%P
股間はまったく見えないけど、ひょっとしてこれ、\n勃起ペニスが、クレールの太ももの間に……！？%K%P
股間はまったく見えないけど、ひょっとしてこれ、\n勃起ペニスが、クレールの太ももの間に……！？%K%P
%LC陽菜
%LC陽菜
「くっ、クレール、だめだってばっ……！\n　そんなことされたら、声がっ……！」%K%P
「くっ、クレール、だめだってばっ……！\n　そんなことされたら、声がっ……！」%K%P
%LCクレール
%LCクレール
「陽菜ちゃんこそなにしてるのっ」%K%P
「陽菜ちゃんこそなにしてるのっ」%K%P
%LCクレール
%LCクレール
「ロッカーに隠れて着替えを盗み見なんて、\n　変態さんのすることなんだからっ」%K%P
「ロッカーに隠れて着替えを盗み見なんて、\n　変態さんのすることなんだからっ」%K%P
%LC陽菜
%LC陽菜
「ここに連れ込んだのクレールだし、\n　そもそも勝手に見えちゃったんだってばっ」%K%P
「ここに連れ込んだのクレールだし、\n　そもそも勝手に見えちゃったんだってばっ」%K%P
%LCクレール
%LCクレール
「なら、おおっ……っていう声はなにっ？」%K%P
「なら、おおっ……っていう声はなにっ？」%K%P
%LC陽菜
%LC陽菜
「あれは、えっと……」%K%P
「あれは、えっと……」%K%P
%LCクレール
%LCクレール
「ほらっ……！　二人が着替え終わるまで、\n　陽菜ちゃんは目も口も閉じてなさいっ」%K%P
「ほらっ……！　二人が着替え終わるまで、\n　陽菜ちゃんは目も口も閉じてなさいっ」%K%P
%LC陽菜
%LC陽菜
「んぅッ……？！　ん、んぅッ」%K%P
「んぅッ……？！　ん、んぅッ」%K%P
もともと近かった彼女の柔らかな唇が、\nオレの唇をしっかりと塞ぐ――だけじゃなくて。%K%P
もともと近かった彼女の柔らかな唇が、\nオレの唇をしっかりと塞ぐ――だけじゃなくて。%K%P
%LCクレール
%LCクレール
「んぅ……あむ、ちゅっ、はぁ、れろっ」%K%P
「んぅ……あむ、ちゅっ、はぁ、れろっ」%K%P
%LC陽菜
%LC陽菜
「やっ……クレール、なに、してっ……んまっ、\n　舌絡めたら……あむっ、口塞ぐ、意味がっ……」%K%P
「やっ……クレール、なに、してっ……んまっ、\n　舌絡めたら……あむっ、口塞ぐ、意味がっ……」%K%P
%LCクレール
%LCクレール
「れろ、ちゅっ……んぅ、だって、我慢、\n　できなくて……れろ、れるれる、れろっ氈v%K%P
「れろ、ちゅっ……んぅ、だって、我慢、\n　できなくて……れろ、れるれる、れろっ氈v%K%P
%LCクレール
%LCクレール
「はぁ、あぁ　陽菜ちゃんっ……れろ、ちゅっ、\n　あーむっ、ちゅぷぷ、じゅる、ぺろぺろっ氈v%K%P
「はぁ、あぁ　陽菜ちゃんっ……れろ、ちゅっ、\n　あーむっ、ちゅぷぷ、じゅる、ぺろぺろっ氈v%K%P
密着状態から絡みつくクレールの舌が、\n意識ごと刈り取るように、オレの口内を味わう。%K%P
密着状態から絡みつくクレールの舌が、\n意識ごと刈り取るように、オレの口内を味わう。%K%P
おまけにペニスを挟んでいる太ももが、\nもじもじと上下に動き始めて――、%K%P
おまけにペニスを挟んでいる太ももが、\nもじもじと上下に動き始めて――、%K%P
%LC陽菜
%LC陽菜
「ひぐッ……ふぅ、はぁ、んまっ、あふっ」%K%P
「ひぐッ……ふぅ、はぁ、んまっ、あふっ」%K%P
ディープキスと素股のコンボは凄まじく、\n試合で疲労していた足腰が、あっさり砕ける。%K%P
ディープキスと素股のコンボは凄まじく、\n試合で疲労していた足腰が、あっさり砕ける。%K%P
本来なら膝から崩れ落ちているところだけど、\nロッカー内という空間が、オレを支えてくれた。%K%P
本来なら膝から崩れ落ちているところだけど、\nロッカー内という空間が、オレを支えてくれた。%K%P
でも、助けられたかというと、そうではなくて。%K%P
でも、助けられたかというと、そうではなくて。%K%P
むしろ、狭い密室内で、逃げ場のない快感が、\n上からも下からも、オレを包み込んで――、%K%P
むしろ、狭い密室内で、逃げ場のない快感が、\n上からも下からも、オレを包み込んで――、%K%P
%LC陽菜
%LC陽菜
「あふっ、はぁッ……あっ、ぐっ、んぅッ」%K%P
「あふっ、はぁッ……あっ、ぐっ、んぅッ」%K%P
%LC美実
%LC美実
「……ん？　なんだろう、今の……声？」%K%P
「……ん？　なんだろう、今の……声？」%K%P
ひんっ……？！　ヤバいっ、ヤバいヤバい……！%K%P
ひんっ……？！　ヤバいっ、ヤバいヤバい……！%K%P
%LC美実
%LC美実
「ねえ杏奈、いまなにか言った？」%K%P
「ねえ杏奈、いまなにか言った？」%K%P
%LC杏奈
%LC杏奈
「いえ、なんにも」%K%P
「いえ、なんにも」%K%P
%LC美実
%LC美実
「んー？　でも、いま確かに……」%K%P
「んー？　でも、いま確かに……」%K%P
%LC陽菜
%LC陽菜
「んーんっ、んんっ、んんんっ……」%K%P
「んーんっ、んんっ、んんんっ……」%K%P
扉の向こうの会話に冷や汗がダラダラだけど、\nこんな時に限って、キスが完璧で言葉が出ない。%K%P
扉の向こうの会話に冷や汗がダラダラだけど、\nこんな時に限って、キスが完璧で言葉が出ない。%K%P
けど、さしものクレールも、\nこの状況ならキスを加減してくれるはず――、%K%P
けど、さしものクレールも、\nこの状況ならキスを加減してくれるはず――、%K%P
%LCクレール
%LCクレール
「ちゅっ……はぁ、れろっ、んむっ歃n　れるれるっ……あーむ、ちゅむるるっ氈v%K%P
「ちゅっ……はぁ、れろっ、んむっ歃n　れるれるっ……あーむ、ちゅむるるっ氈v%K%P
うそっ、やめないのっ……？！%K%P
うそっ、やめないのっ……？！%K%P
%LC陽菜
%LC陽菜
「んむ……く、くれーりゅ……や、らめっ……」%K%P
「んむ……く、くれーりゅ……や、らめっ……」%K%P
%LCクレール
%LCクレール
「んっ……わかってる、けどっ……だめなの、\n　はぁはぁ……身体が、勝手にっ……あむっ」%K%P
「んっ……わかってる、けどっ……だめなの、\n　はぁはぁ……身体が、勝手にっ……あむっ」%K%P
%LCクレール
%LCクレール
「陽菜ちゃんの唾液、美味しくて……あぁ、はあっ、\n　あぁ、陽菜ちゃんっ　ちゅっ、れろ、れるっ氈v%K%P
「陽菜ちゃんの唾液、美味しくて……あぁ、はあっ、\n　あぁ、陽菜ちゃんっ　ちゅっ、れろ、れるっ氈v%K%P
%LC陽菜
%LC陽菜
「あふッ……んぅ、はっ、んんぅっ」%K%P
「あふッ……んぅ、はっ、んんぅっ」%K%P
後頭部がロッカーに押しつけられてしまうぐらい、\nクレールのキスが激しくなる。%K%P
後頭部がロッカーに押しつけられてしまうぐらい、\nクレールのキスが激しくなる。%K%P
これはもうダメかもって観念しかけたけれど、\n結果的には、それが功を奏した。%K%P
これはもうダメかもって観念しかけたけれど、\n結果的には、それが功を奏した。%K%P
唇同士が密着したおかげで、吐息も唾液の水音も、\nさっきより外に漏れなくなったのだ。%K%P
唇同士が密着したおかげで、吐息も唾液の水音も、\nさっきより外に漏れなくなったのだ。%K%P
%LC美実
%LC美実
「……ごめん、空耳だったみたい」%K%P
「……ごめん、空耳だったみたい」%K%P
%LC杏奈
%LC杏奈
「それじゃ、パパッと着替えて、\n　すぐに学生寮に向かいましょーっ」%K%P
「それじゃ、パパッと着替えて、\n　すぐに学生寮に向かいましょーっ」%K%P
%LC美実
%LC美実
「おーっ」%K%P
「おーっ」%K%P
クレールの舌に翻弄される脳裏に、\nうっすらぼんやり、そんな会話が聞こえてきて。%K%P
クレールの舌に翻弄される脳裏に、\nうっすらぼんやり、そんな会話が聞こえてきて。%K%P
杏奈ちゃんたちがすぐ近くにいるのに、クレールと\nキスをしてるって事実に、背徳感と興奮が増して。%K%P
杏奈ちゃんたちがすぐ近くにいるのに、クレールと\nキスをしてるって事実に、背徳感と興奮が増して。%K%P
頭の中がぐちゃぐちゃになればなるほど、\nち○ぽが、どんどんガチガチに固くなって――、%K%P
頭の中がぐちゃぐちゃになればなるほど、\nち○ぽが、どんどんガチガチに固くなって――、%K%P
ああ、だめだ……これ、意識がっ……。%K%P
ああ、だめだ……これ、意識がっ……。%K%P
%LCクレール
%LCクレール
「れるっ、ちゅっ……んむむっ……ふはぁっ」%K%P
「れるっ、ちゅっ……んむむっ……ふはぁっ」%K%P
%LCクレール
%LCクレール
「ふぅ、はぁ……陽菜ちゃん、\n　もう声を出して大丈夫よ」%K%P
「ふぅ、はぁ……陽菜ちゃん、\n　もう声を出して大丈夫よ」%K%P
%LCクレール
%LCクレール
「ふたりとも着替え終えて、\n　出て行っちゃったから――」%K%P
「ふたりとも着替え終えて、\n　出て行っちゃったから――」%K%P
%LCクレール
%LCクレール
「って……陽菜ちゃん？　大丈夫？」%K%P
「って……陽菜ちゃん？　大丈夫？」%K%P
%LC陽菜
%LC陽菜
「んっ……ちょっと、だめかも……」%K%P
「んっ……ちょっと、だめかも……」%K%P
ぼんやりしていた頭にクレールの声が響いて、\nそこでようやく我に返る。%K%P
ぼんやりしていた頭にクレールの声が響いて、\nそこでようやく我に返る。%K%P
正直、気を失わずに耐えた自分を褒めてあげたい。%K%P
正直、気を失わずに耐えた自分を褒めてあげたい。%K%P
%LC陽菜
%LC陽菜
「はぁ、はぁ……クレール、もういいの？\n　もう、出ても、大丈夫……？」%K%P
「はぁ、はぁ……クレール、もういいの？\n　もう、出ても、大丈夫……？」%K%P
%LCクレール
%LCクレール
「ええ、外には誰もいないから。\n　声も精子も、好きなだけ出して大丈夫よ」%K%P
「ええ、外には誰もいないから。\n　声も精子も、好きなだけ出して大丈夫よ」%K%P
%LC陽菜
%LC陽菜
「そうじゃなくて、ロッカーの外に――」%K%P
「そうじゃなくて、ロッカーの外に――」%K%P
%LCクレール
%LCクレール
「待って。先にち○ぽをすっきりさせないと。\n　おっきなままじゃ、外を歩けないでしょ？」%K%P
「待って。先にち○ぽをすっきりさせないと。\n　おっきなままじゃ、外を歩けないでしょ？」%K%P
%LC陽菜
%LC陽菜
「あ、そっか……」%K%P
「あ、そっか……」%K%P
確かに、こんなにガチガチに勃起してたんじゃ、\n制服に着替えてもスカートが膨らんでしまう。%K%P
確かに、こんなにガチガチに勃起してたんじゃ、\n制服に着替えてもスカートが膨らんでしまう。%K%P
――と、そんなふうに納得しちゃうぐらい、\nそのときのオレは、意識がふわふわしていた。%K%P
――と、そんなふうに納得しちゃうぐらい、\nそのときのオレは、意識がふわふわしていた。%K%P
%LCクレール
%LCクレール
「また誰かくるかもしれないし。\n　このまま、ここで射精しちゃいましょ？」%K%P
「また誰かくるかもしれないし。\n　このまま、ここで射精しちゃいましょ？」%K%P
%LC陽菜
%LC陽菜
「んっ……でも、ここ狭いし、\n　足にも腰にも、もう力がっ……」%K%P
「んっ……でも、ここ狭いし、\n　足にも腰にも、もう力がっ……」%K%P
%LCクレール
%LCクレール
「大丈夫よ。陽菜ちゃんは、私に身を委ねて。\n　そうすれば、後は私がしてあげる」%K%P
「大丈夫よ。陽菜ちゃんは、私に身を委ねて。\n　そうすれば、後は私がしてあげる」%K%P
%LCクレール
%LCクレール
「だから、陽菜ちゃんの精子、\n　今日も私に出してくれる？」%K%P
「だから、陽菜ちゃんの精子、\n　今日も私に出してくれる？」%K%P
%LC陽菜
%LC陽菜
「んっ……」%K%P
「んっ……」%K%P
クレールなら大丈夫という絶対の安心感に、\nすんなりと頷いた、その直後。%K%P
クレールなら大丈夫という絶対の安心感に、\nすんなりと頷いた、その直後。%K%P
%LCクレール
%LCクレール
「ありがとう、陽菜ちゃん。大好きっ氈v%K%P
「ありがとう、陽菜ちゃん。大好きっ氈v%K%P
%LC陽菜
%LC陽菜
「いっ……ひにゃッ、くっ、うやうッ」%K%P
「いっ……ひにゃッ、くっ、うやうッ」%K%P
彼女の内股を貫き、お尻側に突き出ていた亀頭が、\nいきなりぬるるんっと撫でまわされる。%K%P
彼女の内股を貫き、お尻側に突き出ていた亀頭が、\nいきなりぬるるんっと撫でまわされる。%K%P
あまりにも強すぎる快感に、\nぼんやりしていた意識が一発で覚醒した。%K%P
あまりにも強すぎる快感に、\nぼんやりしていた意識が一発で覚醒した。%K%P
%LC陽菜
%LC陽菜
「んくっ……クレール、いま、なにをっ……」%K%P
「んくっ……クレール、いま、なにをっ……」%K%P
%LCクレール
%LCクレール
「陽菜ちゃんのち○ぽ、なでなでしたのよ」%K%P
「陽菜ちゃんのち○ぽ、なでなでしたのよ」%K%P
%LCクレール
%LCクレール
「太ももの間から顔を出してる可愛い亀頭を、\n　私の指で……くーる、くーるっ氈v%K%P
「太ももの間から顔を出してる可愛い亀頭を、\n　私の指で……くーる、くーるっ氈v%K%P
%LC陽菜
%LC陽菜
「んあっ……？！　はっ、やっ、んううッ」%K%P
「んあっ……？！　はっ、やっ、んううッ」%K%P
太ももで固定された亀頭の表面を、\nクレールの指がつつーっと滑っていく。%K%P
太ももで固定された亀頭の表面を、\nクレールの指がつつーっと滑っていく。%K%P
まるでソフトクリームを作るみたいに、\n突端からカリ首まで、渦巻き状に撫でられて。%K%P
まるでソフトクリームを作るみたいに、\n突端からカリ首まで、渦巻き状に撫でられて。%K%P
ただでさえおかしくなっていた腰が、\n未曾有の快感に、がくがく震えてとまらない。%K%P
ただでさえおかしくなっていた腰が、\n未曾有の快感に、がくがく震えてとまらない。%K%P
%LC陽菜
%LC陽菜
「待ってっ……お願い、それ、待ってっ……」%K%P
「待ってっ……お願い、それ、待ってっ……」%K%P
%LCクレール
%LCクレール
「くるくるするの、ダメだった？\n　陽菜ちゃん、こういうのは苦手？」%K%P
「くるくるするの、ダメだった？\n　陽菜ちゃん、こういうのは苦手？」%K%P
%LC陽菜
%LC陽菜
「んっ……ちが、くてっ……その逆で、\n　気持ちよすぎて、おかしくなるからっ……」%K%P
「んっ……ちが、くてっ……その逆で、\n　気持ちよすぎて、おかしくなるからっ……」%K%P
%LC陽菜
%LC陽菜
「ね、待って？　お願い、クレール……っ」%K%P
「ね、待って？　お願い、クレール……っ」%K%P
%LCクレール
%LCクレール
「あぁぁ……　ふふっ、んふふっ歃n　んもう、ホントに可愛いんだからっ氈v%K%P
「あぁぁ……　ふふっ、んふふっ歃n　んもう、ホントに可愛いんだからっ氈v%K%P
%LCクレール
%LCクレール
「そんなに気持ちがいいなら、\n　もっともっと、してあげないとっ……氈v%K%P
「そんなに気持ちがいいなら、\n　もっともっと、してあげないとっ……氈v%K%P
%LC陽菜
%LC陽菜
「んなっ……？！　クレール聞いてたっ？\n　ダメって言ったよねっ？　ねっ？」%K%P
「んなっ……？！　クレール聞いてたっ？\n　ダメって言ったよねっ？　ねっ？」%K%P
%LCクレール
%LCクレール
「うんっ　だからこそ、陽菜ちゃんのこと、\n　もっともっとダメにしてあげるっ氈v%K%P
「うんっ　だからこそ、陽菜ちゃんのこと、\n　もっともっとダメにしてあげるっ氈v%K%P
%LCクレール
%LCクレール
「濃いのがたっぷり出るように……ち○ぽ、\n　うーんと気持ちよくしてあげちゃうっ氈v%K%P
「濃いのがたっぷり出るように……ち○ぽ、\n　うーんと気持ちよくしてあげちゃうっ氈v%K%P
%LC陽菜
%LC陽菜
「はうっ……やっ、だめだよっ、\n　ほんとにいっぱい出ちゃうからっ」%K%P
「はうっ……やっ、だめだよっ、\n　ほんとにいっぱい出ちゃうからっ」%K%P
%LCクレール
%LCクレール
「いいのよ、いっぱい出して。\n　陽菜ちゃんの精子、たっぷりちょうだい？」%K%P
「いいのよ、いっぱい出して。\n　陽菜ちゃんの精子、たっぷりちょうだい？」%K%P
%LC陽菜
%LC陽菜
「けど、このまま出したら、フィエルテがっ……」%K%P
「けど、このまま出したら、フィエルテがっ……」%K%P
%LCクレール
%LCクレール
「それは気にしなくていいの。\n　洗えば済むことなんだから」%K%P
「それは気にしなくていいの。\n　洗えば済むことなんだから」%K%P
%LCクレール
%LCクレール
「それよりも……ほら、陽菜ちゃん？\n　濃いのたっぷり、どぴゅってしましょ？」%K%P
「それよりも……ほら、陽菜ちゃん？\n　濃いのたっぷり、どぴゅってしましょ？」%K%P
%LCクレール
%LCクレール
「私ね、陽菜ちゃんの精子の匂いを思い出すと、\n　それだけで……はぁ、はぁ……あああっ氈v%K%P
「私ね、陽菜ちゃんの精子の匂いを思い出すと、\n　それだけで……はぁ、はぁ……あああっ氈v%K%P
うっとりと息を吐いたクレールの指先が、\nトントンと、尿道口を何度もタップする。%K%P
うっとりと息を吐いたクレールの指先が、\nトントンと、尿道口を何度もタップする。%K%P
とっくにカウパーが垂れていたようで、\nぴちゃぴちゃという水音がロッカー内に響く。%K%P
とっくにカウパーが垂れていたようで、\nぴちゃぴちゃという水音がロッカー内に響く。%K%P
%LCクレール
%LCクレール
「すぅー、はぁー……あぁ、えっちな匂い……歃n　陽菜ちゃんのカウパー、まるで媚薬ね……氈v%K%P
「すぅー、はぁー……あぁ、えっちな匂い……歃n　陽菜ちゃんのカウパー、まるで媚薬ね……氈v%K%P
%LCクレール
%LCクレール
「この匂いが、だんだん濃くなると……最後に、\n　どぴゅーっ　って精子が出ちゃうのっ……氈v%K%P
「この匂いが、だんだん濃くなると……最後に、\n　どぴゅーっ　って精子が出ちゃうのっ……氈v%K%P
嬉しそうに語ったクレールの腰が、\nゆっくりゆっくり、前後に揺れる。%K%P
嬉しそうに語ったクレールの腰が、\nゆっくりゆっくり、前後に揺れる。%K%P
狭いロッカー内、スライド幅は数センチだけど、\nたったそれだけでも破壊力は抜群だった。%K%P
狭いロッカー内、スライド幅は数センチだけど、\nたったそれだけでも破壊力は抜群だった。%K%P
%LCクレール
%LCクレール
「はあっ、はあっ……うふっ、ち○ぽ可愛いっ歃n　太ももの間で、じたばたしてるっ……氈v%K%P
「はあっ、はあっ……うふっ、ち○ぽ可愛いっ歃n　太ももの間で、じたばたしてるっ……氈v%K%P
%LC陽菜
%LC陽菜
「あうっ……だってクレールが、\n　ぎゅっぎゅって、してくるからっ……」%K%P
「あうっ……だってクレールが、\n　ぎゅっぎゅって、してくるからっ……」%K%P
柔らかさと弾力を兼ね備えたクレールの内股は、\n正直、膣内よりもキツいぐらいだった。%K%P
柔らかさと弾力を兼ね備えたクレールの内股は、\n正直、膣内よりもキツいぐらいだった。%K%P
膣との一番の違いは、貫通している、ということ。%K%P
膣との一番の違いは、貫通している、ということ。%K%P
内股の向こう側に辿り着いた亀頭は、\nクレールの手により、熱烈に歓迎されていく。%K%P
内股の向こう側に辿り着いた亀頭は、\nクレールの手により、熱烈に歓迎されていく。%K%P
突端を撫でまわす愛撫と、竿への締めつけ。%K%P
突端を撫でまわす愛撫と、竿への締めつけ。%K%P
キツさと開放感が一体化した快感に、\n身体は火照って、ロッカーがどんどん蒸れていく。%K%P
キツさと開放感が一体化した快感に、\n身体は火照って、ロッカーがどんどん蒸れていく。%K%P
%LCクレール
%LCクレール
「精子がたくさん出るように……ぬるぬるの指で、\n　なでなで、くるくる、こしょこしょこしょっ氈v%K%P
「精子がたくさん出るように……ぬるぬるの指で、\n　なでなで、くるくる、こしょこしょこしょっ氈v%K%P
%LC陽菜
%LC陽菜
「はぐっ……はぁっ、それ、しゅごひっ、\n　ひうぅッ……はぁぁ、あああっ」%K%P
「はぐっ……はぁっ、それ、しゅごひっ、\n　ひうぅッ……はぁぁ、あああっ」%K%P
クレールの指先は、撫でまわすだけでなく、\nくすぐったり、挟んできたり、変幻自在で。%K%P
クレールの指先は、撫でまわすだけでなく、\nくすぐったり、挟んできたり、変幻自在で。%K%P
それこそ{舞闘:カデンツァ}の立ち回りのように、\nオレのペニスを射精へと追い込んでいく。%K%P
それこそ{舞闘:カデンツァ}の立ち回りのように、\nオレのペニスを射精へと追い込んでいく。%K%P
%LC陽菜
%LC陽菜
「あうっ……だめっ、もう、出そうっ……」%K%P
「あうっ……だめっ、もう、出そうっ……」%K%P
%LCクレール
%LCクレール
「なら、今日もぎゅーってするから、\n　陽菜ちゃんの濃いの、いっぱい出してね」%K%P
「なら、今日もぎゅーってするから、\n　陽菜ちゃんの濃いの、いっぱい出してね」%K%P
%LCクレール
%LCクレール
「私が責任をもって後片付けするから。\n　陽菜ちゃんは気にせず、どぴゅってして？」%K%P
「私が責任をもって後片付けするから。\n　陽菜ちゃんは気にせず、どぴゅってして？」%K%P
%LCクレール
%LCクレール
「そうして、このロッカーの中を、\n　陽菜ちゃんの匂いでいっぱいにしましょ？」%K%P
「そうして、このロッカーの中を、\n　陽菜ちゃんの匂いでいっぱいにしましょ？」%K%P
%LC陽菜
%LC陽菜
「んっ……するっ、いっぱいにっ……ああッ」%K%P
「んっ……するっ、いっぱいにっ……ああッ」%K%P
ロッカー内は火照った身体と汗のせいで、\nちょっとしたサウナみたいに、蒸し暑くて。%K%P
ロッカー内は火照った身体と汗のせいで、\nちょっとしたサウナみたいに、蒸し暑くて。%K%P
そんな中で、クレールの熱と匂いと柔らかさが、\n朦朧とした思考に、どんどん染みていく。%K%P
そんな中で、クレールの熱と匂いと柔らかさが、\n朦朧とした思考に、どんどん染みていく。%K%P
柔らかい。いい匂い。気持ち良い。%K%P
柔らかい。いい匂い。気持ち良い。%K%P
そのみっつが頭の中をぐるぐる回って、\nどんどんどんどん、カウントダウンが進んで――、%K%P
そのみっつが頭の中をぐるぐる回って、\nどんどんどんどん、カウントダウンが進んで――、%K%P
%LC陽菜
%LC陽菜
「クレール、いい？　イッてもいいっ？」%K%P
「クレール、いい？　イッてもいいっ？」%K%P
%LCクレール
%LCクレール
「いつでもっ　このまま私のお尻と指に、\n　陽菜ちゃんの精子、いっぱいちょうだいっ？」%K%P
「いつでもっ　このまま私のお尻と指に、\n　陽菜ちゃんの精子、いっぱいちょうだいっ？」%K%P
%LCクレール
%LCクレール
「たっぷり出して、すっきりしましょ？」%K%P
「たっぷり出して、すっきりしましょ？」%K%P
%LC陽菜
%LC陽菜
「うんっ……ひぐっ、んうっ……はあっ、\n　あ、イクっ……ぐっ、くぅ、んぐぐぐぅッ！」%K%P
「うんっ……ひぐっ、んうっ……はあっ、\n　あ、イクっ……ぐっ、くぅ、んぐぐぐぅッ！」%K%P
%LCクレール
%LCクレール
「んあっ、あぁあっ……　手にいっぱい、\n　びゅびゅーって……あぁ、精子、すごいっ氈v%K%P
「んあっ、あぁあっ……　手にいっぱい、\n　びゅびゅーって……あぁ、精子、すごいっ氈v%K%P
%LCクレール
%LCクレール
「ち○ぽも、びくっ、びくって……やふぅっ、\n　熱いの、どんどん、あふれてくるっ……氈v%K%P
「ち○ぽも、びくっ、びくって……やふぅっ、\n　熱いの、どんどん、あふれてくるっ……氈v%K%P
%LC陽菜
%LC陽菜
「んぐっ……くぅ、くぅんんッ」%K%P
「んぐっ……くぅ、くぅんんッ」%K%P
ぼんやりとした意識で迎えた射精の快感は、\nまるで落雷のような激しさで。%K%P
ぼんやりとした意識で迎えた射精の快感は、\nまるで落雷のような激しさで。%K%P
気持ち良さに抗えずのけぞった結果、\nオレは後頭部をロッカーに軽くぶつけてしまった。%K%P
気持ち良さに抗えずのけぞった結果、\nオレは後頭部をロッカーに軽くぶつけてしまった。%K%P
%LC陽菜
%LC陽菜
「はぅっ……いたた……」%K%P
「はぅっ……いたた……」%K%P
そこまで痛みはなかったけど、\nおかげで、朦朧としかけた意識が、再び冴えて。%K%P
そこまで痛みはなかったけど、\nおかげで、朦朧としかけた意識が、再び冴えて。%K%P
そんなオレの目に飛び込んできたのが、\nとびっきりえっちな顔をしたお姉さんだった。%K%P
そんなオレの目に飛び込んできたのが、\nとびっきりえっちな顔をしたお姉さんだった。%K%P
%LCクレール
%LCクレール
「はふぅ……　ふぅ、はぁ……あぁ……歃n　やっぱり、陽菜ちゃんの精子、すごい……氈v%K%P
「はふぅ……　ふぅ、はぁ……あぁ……歃n　やっぱり、陽菜ちゃんの精子、すごい……氈v%K%P
%LCクレール
%LCクレール
「この前より、匂い、濃くて……すぅ、はぁ、\n　あぁ、これだけで、おま○こ感じちゃうっ……氈v%K%P
「この前より、匂い、濃くて……すぅ、はぁ、\n　あぁ、これだけで、おま○こ感じちゃうっ……氈v%K%P
%LC陽菜
%LC陽菜
「うわ……ほんと、熱い……」%K%P
「うわ……ほんと、熱い……」%K%P
内股に挟まれているペニスのすぐ上には、\nフィエルテに覆われた彼女の秘裂があった。%K%P
内股に挟まれているペニスのすぐ上には、\nフィエルテに覆われた彼女の秘裂があった。%K%P
布越しでも熱が伝わってくる膣口からは、\n染み出るように、愛液がとろっと垂れていて。%K%P
布越しでも熱が伝わってくる膣口からは、\n染み出るように、愛液がとろっと垂れていて。%K%P
汗と精子と愛液の匂いが混ざり合った空間は、\nただ居るだけで、頭がおかしくなりそうで。%K%P
汗と精子と愛液の匂いが混ざり合った空間は、\nただ居るだけで、頭がおかしくなりそうで。%K%P
たっぷり射精したペニスなんて、\n鎮まるどころか、ますます、固く――、%K%P
たっぷり射精したペニスなんて、\n鎮まるどころか、ますます、固く――、%K%P
%LCクレール
%LCクレール
「んぅ、あぁ……　陽菜ちゃんのち○ぽ、\n　こんなに出しても、まだ、ガチガチ……氈v%K%P
「んぅ、あぁ……　陽菜ちゃんのち○ぽ、\n　こんなに出しても、まだ、ガチガチ……氈v%K%P
%LCクレール
%LCクレール
「なにより、この大きさ……。\n　初エッチのときより、おっきいかも……氈v%K%P
「なにより、この大きさ……。\n　初エッチのときより、おっきいかも……氈v%K%P
%LC陽菜
%LC陽菜
「なんか、ぜんぜん萎えなくて……」%K%P
「なんか、ぜんぜん萎えなくて……」%K%P
%LCクレール
%LCクレール
「シャワー室に、ロッカーの中……。ひょっとして\n　陽菜ちゃん、こういう場所でするのが好きとか？」%K%P
「シャワー室に、ロッカーの中……。ひょっとして\n　陽菜ちゃん、こういう場所でするのが好きとか？」%K%P
%LC陽菜
%LC陽菜
「そっ、そんなことないよっ。\n　単に、ドキドキしてるだけでっ……」%K%P
「そっ、そんなことないよっ。\n　単に、ドキドキしてるだけでっ……」%K%P
%LCクレール
%LCクレール
「ふふっ、そうよね。部室でオナニーしたのも、\n　ドキドキしちゃったから、だものね？」%K%P
「ふふっ、そうよね。部室でオナニーしたのも、\n　ドキドキしちゃったから、だものね？」%K%P
%LC陽菜
%LC陽菜
「んッ……もう、クレールっ……！」%K%P
「んッ……もう、クレールっ……！」%K%P
%LCクレール
%LCクレール
「くすっ、んふふっ　……でもね、私もいま、\n　すっごくすっごく、興奮しちゃってるのっ……」%K%P
「くすっ、んふふっ　……でもね、私もいま、\n　すっごくすっごく、興奮しちゃってるのっ……」%K%P
%LCクレール
%LCクレール
「こんなに狭い場所で、陽菜ちゃんと二人きりで、\n　陽菜ちゃんのえっちな匂いが、いっぱいで……」%K%P
「こんなに狭い場所で、陽菜ちゃんと二人きりで、\n　陽菜ちゃんのえっちな匂いが、いっぱいで……」%K%P
%LCクレール
%LCクレール
「ねぇ、陽菜ちゃん？　今度は私も一緒に、\n　気持ちよくなってもいーい？」%K%P
「ねぇ、陽菜ちゃん？　今度は私も一緒に、\n　気持ちよくなってもいーい？」%K%P
%LC陽菜
%LC陽菜
「うんっ。クレールも、一緒にっ……」%K%P
「うんっ。クレールも、一緒にっ……」%K%P
%LCクレール
%LCクレール
「ああっ……　陽菜ちゃん、大好きっ……氈v%K%P
「ああっ……　陽菜ちゃん、大好きっ……氈v%K%P
クレールの手が、再び亀頭を撫でまわす。%K%P
クレールの手が、再び亀頭を撫でまわす。%K%P
しかも今度は、さっきオレが射精した精子を、\nその手にまとわりつけた状態で――、%K%P
しかも今度は、さっきオレが射精した精子を、\nその手にまとわりつけた状態で――、%K%P
%LCクレール
%LCクレール
「すぅ、はぁ……ふふっ、精子の匂いって、\n　空気と触れあうと、濃くなるみたいっ……氈v%K%P
「すぅ、はぁ……ふふっ、精子の匂いって、\n　空気と触れあうと、濃くなるみたいっ……氈v%K%P
%LCクレール
%LCクレール
「もともとえっちな陽菜ちゃんのち○ぽが、\n　ますます、えっちな匂いになっちゃった……氈v%K%P
「もともとえっちな陽菜ちゃんのち○ぽが、\n　ますます、えっちな匂いになっちゃった……氈v%K%P
クレールの指が亀頭を撫でれば撫でるほど、\n彼女の言う通り、精子の匂いが濃くなっていく。%K%P
クレールの指が亀頭を撫でれば撫でるほど、\n彼女の言う通り、精子の匂いが濃くなっていく。%K%P
%LC陽菜
%LC陽菜
「んッ……クレール、キスしていい？」%K%P
「んッ……クレール、キスしていい？」%K%P
%LCクレール
%LCクレール
「いいに決まっているでしょ。……ん、ちゅっ」%K%P
「いいに決まっているでしょ。……ん、ちゅっ」%K%P
%LC陽菜
%LC陽菜
「んむむっ……あむ、ちゅっ、ちゅぷぷっ」%K%P
「んむむっ……あむ、ちゅっ、ちゅぷぷっ」%K%P
%LCクレール
%LCクレール
「ふあうっ　はぁ、あむっ、ちゅぷ、\n　んぐっ……れろろろっ、んーむぅっ氈v%K%P
「ふあうっ　はぁ、あむっ、ちゅぷ、\n　んぐっ……れろろろっ、んーむぅっ氈v%K%P
%LC陽菜
%LC陽菜
「んぐッ……はぁはぁ、あむっ、ちゅぷっ、\n　れろれろっ……んぐっ、れろ、んまっ」%K%P
「んぐッ……はぁはぁ、あむっ、ちゅぷっ、\n　れろれろっ……んぐっ、れろ、んまっ」%K%P
いつも以上に汗をかいているせいか、\n咽が渇き、潤いを求めてキスをせがむ。%K%P
いつも以上に汗をかいているせいか、\n咽が渇き、潤いを求めてキスをせがむ。%K%P
舌を絡めたら、じわっと唾液が口内にあふれて、\nそれを飲み干すと、ちょっと力が戻ってきた。%K%P
舌を絡めたら、じわっと唾液が口内にあふれて、\nそれを飲み干すと、ちょっと力が戻ってきた。%K%P
%LCクレール
%LCクレール
「ふぅ、はぁ……こんなに汗をかいたら、\n　咽が渇いちゃうのも当然よね」%K%P
「ふぅ、はぁ……こんなに汗をかいたら、\n　咽が渇いちゃうのも当然よね」%K%P
%LC陽菜
%LC陽菜
「クレールは、大丈夫？」%K%P
「クレールは、大丈夫？」%K%P
%LCクレール
%LCクレール
「うん。いまのキスで、私も補充できたから」%K%P
「うん。いまのキスで、私も補充できたから」%K%P
%LC陽菜
%LC陽菜
「あとで一緒に、冷たい水、飲もうね」%K%P
「あとで一緒に、冷たい水、飲もうね」%K%P
%LCクレール
%LCクレール
「うんっ。でも、その前にっ……えいっ氈v%K%P
「うんっ。でも、その前にっ……えいっ氈v%K%P
%LC陽菜
%LC陽菜
「あっ、くっ……はぁ、あああっ」%K%P
「あっ、くっ……はぁ、あああっ」%K%P
%LCクレール
%LCクレール
「んふふっ、陽菜ちゃんの感じてる顔、\n　やっぱり可愛いっ……　んー、ちゅっ氈v%K%P
「んふふっ、陽菜ちゃんの感じてる顔、\n　やっぱり可愛いっ……　んー、ちゅっ氈v%K%P
%LC陽菜
%LC陽菜
「んもうっ……はぁ、くっ、んんッ氈v%K%P
「んもうっ……はぁ、くっ、んんッ氈v%K%P
好きな時に好きなだけキスができる距離で、\n見つめ合ったまま、少しずつ登り詰めていく。%K%P
好きな時に好きなだけキスができる距離で、\n見つめ合ったまま、少しずつ登り詰めていく。%K%P
クレールの表情が、どんどん蕩けて。%K%P
クレールの表情が、どんどん蕩けて。%K%P
オレのち○ぽも、どんどん蕩けて――、%K%P
オレのち○ぽも、どんどん蕩けて――、%K%P
%LCクレール
%LCクレール
「んぅ、はあっ……あぁ、いいっ……歃n　ち○ぽ、こすれるの、気持ちいいっ……氈v%K%P
「んぅ、はあっ……あぁ、いいっ……歃n　ち○ぽ、こすれるの、気持ちいいっ……氈v%K%P
%LCクレール
%LCクレール
「これ、もっとしっかり、おま○こにっ……」%K%P
「これ、もっとしっかり、おま○こにっ……」%K%P
もどかしそうに腰を振ったクレールは、\nオレのち○ぽを、ぐいっと指先でリフトアップ。%K%P
もどかしそうに腰を振ったクレールは、\nオレのち○ぽを、ぐいっと指先でリフトアップ。%K%P
良い具合にペニスが反り返ると、\nペニスと膣口のカーブが、ぴったり重なった。%K%P
良い具合にペニスが反り返ると、\nペニスと膣口のカーブが、ぴったり重なった。%K%P
%LCクレール
%LCクレール
「あぁ、んふふっ……歃n　ち○ぽとおま○こ、形がぴったり……氈v%K%P
「あぁ、んふふっ……歃n　ち○ぽとおま○こ、形がぴったり……氈v%K%P
クレールの手でペニスに塗り広げられた精子が、\nそのまま、フィエルテにも広がっていく。%K%P
クレールの手でペニスに塗り広げられた精子が、\nそのまま、フィエルテにも広がっていく。%K%P
汗や水のようにすんなりと染みこまない分、\n布地の表面で留まった精子は、少しずつ泡立って。%K%P
汗や水のようにすんなりと染みこまない分、\n布地の表面で留まった精子は、少しずつ泡立って。%K%P
当然、匂いもさらに、濃くなって――、%K%P
当然、匂いもさらに、濃くなって――、%K%P
%LCクレール
%LCクレール
「ふぅ、ああっ……これ、好きっ……歃n　匂いだけで、おま○こ、イッちゃうっ……氈v%K%P
「ふぅ、ああっ……これ、好きっ……歃n　匂いだけで、おま○こ、イッちゃうっ……氈v%K%P
%LC陽菜
%LC陽菜
「うんっ……ち○ぽも、もう、イキそうっ……」%K%P
「うんっ……ち○ぽも、もう、イキそうっ……」%K%P
%LCクレール
%LCクレール
「ふふっ　２度目もいっぱい出してね。\n　それこそ、私が真っ白になっちゃうぐらい」%K%P
「ふふっ　２度目もいっぱい出してね。\n　それこそ、私が真っ白になっちゃうぐらい」%K%P
%LC陽菜
%LC陽菜
「それは、さすがにっ……」%K%P
「それは、さすがにっ……」%K%P
%LCクレール
%LCクレール
「なら、さっきみたく、手とお尻に……ね？\n　それぐらいなら、いいでしょ？」%K%P
「なら、さっきみたく、手とお尻に……ね？\n　それぐらいなら、いいでしょ？」%K%P
%LC陽菜
%LC陽菜
「んっ……それぐらい、ならっ……」%K%P
「んっ……それぐらい、ならっ……」%K%P
%LCクレール
%LCクレール
「んふっ、嬉しいっ歃n　なら、私もお手伝いを……えいっ氈v%K%P
「んふっ、嬉しいっ歃n　なら、私もお手伝いを……えいっ氈v%K%P
%LC陽菜
%LC陽菜
「んやうっ？！　あっ……ぐっ、んああッ」%K%P
「んやうっ？！　あっ……ぐっ、んああッ」%K%P
不意にクレールが腰をくゆらせてきて、\n太ももの間で、ペニスがぐるんぐるん回る。%K%P
不意にクレールが腰をくゆらせてきて、\n太ももの間で、ペニスがぐるんぐるん回る。%K%P
火起こし棒みたいに両サイドから錐揉みされると、\n留まっていた熱が、亀頭までぶわーっと――、%K%P
火起こし棒みたいに両サイドから錐揉みされると、\n留まっていた熱が、亀頭までぶわーっと――、%K%P
%LC陽菜
%LC陽菜
「んうッ……イクよ、クレールっ」%K%P
「んうッ……イクよ、クレールっ」%K%P
%LCクレール
%LCクレール
「きて、陽菜ちゃんっ　私もっ……はうっ、\n　んあッ、くっ……あっ、ああっ……氈v%K%P
「きて、陽菜ちゃんっ　私もっ……はうっ、\n　んあッ、くっ……あっ、ああっ……氈v%K%P
%LCクレール
%LCクレール
「陽菜ちゃんのち○ぽと、匂いで……っ、\n　んッ……あっ、イクッ、んくぅうううッ……！」%K%P
「陽菜ちゃんのち○ぽと、匂いで……っ、\n　んッ……あっ、イクッ、んくぅうううッ……！」%K%P
%LCクレール
%LCクレール
「ひゃうッ……ぐッ……くあっ、あぁ……歃n　また、精子、びゅくくって……」%K%P
「ひゃうッ……ぐッ……くあっ、あぁ……歃n　また、精子、びゅくくって……」%K%P
%LCクレール
%LCクレール
「はんっ……ああっ、出てる、出てるっ……歃n　元気に、いっぱいっ……あぁ、ああっ氈v%K%P
「はんっ……ああっ、出てる、出てるっ……歃n　元気に、いっぱいっ……あぁ、ああっ氈v%K%P
太ももの間でペニスが脈打つと、\n水鉄砲みたいに、精子がびゅびゅっと飛び散る。%K%P
太ももの間でペニスが脈打つと、\n水鉄砲みたいに、精子がびゅびゅっと飛び散る。%K%P
でも、まだ足りない。%K%P
でも、まだ足りない。%K%P
もっと、もっともっと――、%K%P
もっと、もっともっと――、%K%P
%LC陽菜
%LC陽菜
「んっ……お願い、クレール、\n　太もも、もっと、ぎゅーってしてっ？」%K%P
「んっ……お願い、クレール、\n　太もも、もっと、ぎゅーってしてっ？」%K%P
%LCクレール
%LCクレール
「ぎゅーって……こう？　これでいい？」%K%P
「ぎゅーって……こう？　これでいい？」%K%P
%LC陽菜
%LC陽菜
「んッ……！　はぁ、んンぅうッ……！」%K%P
「んッ……！　はぁ、んンぅうッ……！」%K%P
%LCクレール
%LCクレール
「わはっ　陽菜ちゃん、すごいっ……歃n　まだ、ち○ぽに、こんなに残ってっ……氈v%K%P
「わはっ　陽菜ちゃん、すごいっ……歃n　まだ、ち○ぽに、こんなに残ってっ……氈v%K%P
%LCクレール
%LCクレール
「あぁ……すごい、すごいわ陽菜ちゃん。\n　ほんとに、手もお尻も、真っ白にっ……氈v%K%P
「あぁ……すごい、すごいわ陽菜ちゃん。\n　ほんとに、手もお尻も、真っ白にっ……氈v%K%P
感嘆するクレールの手やお尻に、\n二の矢のように、精子が再び飛び散って。%K%P
感嘆するクレールの手やお尻に、\n二の矢のように、精子が再び飛び散って。%K%P
すべて出し切ると、精子と熱と匂いで、\nロッカー内はますますエロい空間になっていた。%K%P
すべて出し切ると、精子と熱と匂いで、\nロッカー内はますますエロい空間になっていた。%K%P
%LC陽菜
%LC陽菜
「はふっ……はぁ、はぁ……もう、だめ……」%K%P
「はふっ……はぁ、はぁ……もう、だめ……」%K%P
%LCクレール
%LCクレール
「陽菜ちゃん、いまの、どうやったの？」%K%P
「陽菜ちゃん、いまの、どうやったの？」%K%P
%LC陽菜
%LC陽菜
「イクとき、クレールの太ももが、ぎゅってなって。\n　精子が、堰き止められた感じがしたから……」%K%P
「イクとき、クレールの太ももが、ぎゅってなって。\n　精子が、堰き止められた感じがしたから……」%K%P
%LC陽菜
%LC陽菜
「搾ってもらえば、その分、\n　ちゃんと外に出るかなって……」%K%P
「搾ってもらえば、その分、\n　ちゃんと外に出るかなって……」%K%P
正直、こんなに上手くいくとは思わなかったけど。%K%P
正直、こんなに上手くいくとは思わなかったけど。%K%P
%LCクレール
%LCクレール
「そういうことだったのね……。\n　てっきり、連続で射精したのかと思っちゃった」%K%P
「そういうことだったのね……。\n　てっきり、連続で射精したのかと思っちゃった」%K%P
%LC陽菜
%LC陽菜
「それはさすがに、無理だってば……」%K%P
「それはさすがに、無理だってば……」%K%P
%LC陽菜
%LC陽菜
「んっ……っていうか、いまのでも、\n　けっこう、ギリギリっぽい、感じで――」%K%P
「んっ……っていうか、いまのでも、\n　けっこう、ギリギリっぽい、感じで――」%K%P
……あっ、マズい。いま、くらってきた。%K%P
……あっ、マズい。いま、くらってきた。%K%P
湯あたりとか立ちくらみに似てる感じだし、\nとにかく、一刻も早く、ロッカーの外へ――、%K%P
湯あたりとか立ちくらみに似てる感じだし、\nとにかく、一刻も早く、ロッカーの外へ――、%K%P
%LC陽菜
%LC陽菜
「あっ……」%K%P
「あっ……」%K%P
扉を開けると、ひんやりとした空気にほっとして、\nそのまま床に倒れ込んでしまう。%K%P
扉を開けると、ひんやりとした空気にほっとして、\nそのまま床に倒れ込んでしまう。%K%P
そういえば足腰の力、入らないんだった。%K%P
そういえば足腰の力、入らないんだった。%K%P
%LCクレール
%LCクレール
「うそっ……陽菜ちゃんっ？\n　しっかりして、陽菜ちゃんっ」%K%P
「うそっ……陽菜ちゃんっ？\n　しっかりして、陽菜ちゃんっ」%K%P
%LC陽菜
%LC陽菜
「んっ、大丈夫っ……。\n　ちょっと、のぼせた、だけ……」%K%P
「んっ、大丈夫っ……。\n　ちょっと、のぼせた、だけ……」%K%P
ロッカーでのぼせるというのも変な話だけど、\nこれほど的確な表現も、そうないと思う。%K%P
ロッカーでのぼせるというのも変な話だけど、\nこれほど的確な表現も、そうないと思う。%K%P
二人きりの密室は、それぐらい熱気に満ちていたし、\n実際、オレの身体は、湯気が出そうなぐらい熱くて。%K%P
二人きりの密室は、それぐらい熱気に満ちていたし、\n実際、オレの身体は、湯気が出そうなぐらい熱くて。%K%P
%LC陽菜
%LC陽菜
「ごめん。ちょっと、休んでいい……？」%K%P
「ごめん。ちょっと、休んでいい……？」%K%P
%LCクレール
%LCクレール
「もちろん。後は私に任せて、\n　陽菜ちゃんはゆっくりしていて」%K%P
「もちろん。後は私に任せて、\n　陽菜ちゃんはゆっくりしていて」%K%P
%LC陽菜
%LC陽菜
「うん……。あり、がと……」%K%P
「うん……。あり、がと……」%K%P
言い終えたらいよいよ安堵してしまって、\n今度は意識が、すとんと崩れ落ちた。%K%P
言い終えたらいよいよ安堵してしまって、\n今度は意識が、すとんと崩れ落ちた。%K%P
