――目を覚ますと、見知った天井が見えた。%K%P
――目を覚ますと、見知った天井が見えた。%K%P
%LC陽菜
%LC陽菜
「あれ……ここって……」%K%P
「あれ……ここって……」%K%P
帰国してからずっと寝起きしていた場所、\n銀蘭学園、職員寮の自室。%K%P
帰国してからずっと寝起きしていた場所、\n銀蘭学園、職員寮の自室。%K%P
ここで寝ていること自体は、おかしくない。%K%P
ここで寝ていること自体は、おかしくない。%K%P
けど、どうしてここで寝てるんだっけ……？%K%P
けど、どうしてここで寝てるんだっけ……？%K%P
%LC陽菜
%LC陽菜
「えっと……今日は試合があって、\n　負けたあと、それから……」%K%P
「えっと……今日は試合があって、\n　負けたあと、それから……」%K%P
%LC陽菜
%LC陽菜
「…………あぅ、うぅぅ……」%K%P
「…………あぅ、うぅぅ……」%K%P
記憶をたぐり寄せたら、クレールのえっちな\n笑みが浮かんで、寝ぼけ頭が一発で冴える。%K%P
記憶をたぐり寄せたら、クレールのえっちな\n笑みが浮かんで、寝ぼけ頭が一発で冴える。%K%P
そうだ……。オレ、クレールとエッチしたあと、\nロッカーから出てすぐ気を失ったんだった。%K%P
そうだ……。オレ、クレールとエッチしたあと、\nロッカーから出てすぐ気を失ったんだった。%K%P
ってことは、あのあとクレールが、\nオレをここまで運んでくれたってこと……？%K%P
ってことは、あのあとクレールが、\nオレをここまで運んでくれたってこと……？%K%P
%LCクレール
%LCクレール
「あっ、陽菜ちゃん。目が覚めたのね。\n　気分はどう？　頭とか、くらくらしてない？」%K%P
「あっ、陽菜ちゃん。目が覚めたのね。\n　気分はどう？　頭とか、くらくらしてない？」%K%P
%LC陽菜
%LC陽菜
「クレー……ル？」%K%P
「クレー……ル？」%K%P
名前を呼ぼうとしたけど、思わず疑問系に。%K%P
名前を呼ぼうとしたけど、思わず疑問系に。%K%P
%LC陽菜
%LC陽菜
「その格好、どうしたの？」%K%P
「その格好、どうしたの？」%K%P
%LCクレール
%LCクレール
「ああ……この服は寮から持ってきたの。\n　お泊まりだし、ラフな格好がいいと思って」%K%P
「ああ……この服は寮から持ってきたの。\n　お泊まりだし、ラフな格好がいいと思って」%K%P
%LC陽菜
%LC陽菜
「お泊まり……？　って、まさか、ここに？」%K%P
「お泊まり……？　って、まさか、ここに？」%K%P
%LCクレール
%LCクレール
「そうよ。明日、日曜でしょ？\n　それで、思い切ってニナに頼んだの」%K%P
「そうよ。明日、日曜でしょ？\n　それで、思い切ってニナに頼んだの」%K%P
%LCクレール
%LCクレール
「泊まる部屋は、もちろんここ」%K%P
「泊まる部屋は、もちろんここ」%K%P
%LC陽菜
%LC陽菜
「ここって……えっ、本気？」%K%P
「ここって……えっ、本気？」%K%P
%LCクレール
%LCクレール
「もちろんっ。陽菜ちゃんと別々に寝るなんて、\n　お泊まりする意味がないもの」%K%P
「もちろんっ。陽菜ちゃんと別々に寝るなんて、\n　お泊まりする意味がないもの」%K%P
%LCクレール
%LCクレール
「それとも陽菜ちゃん、私と寝たくないの？\n　同じベッドで、おやすみしたくない？」%K%P
「それとも陽菜ちゃん、私と寝たくないの？\n　同じベッドで、おやすみしたくない？」%K%P
%LC陽菜
%LC陽菜
「そんなことないけど……。\n　ニナさん、それをオッケーしたの？」%K%P
「そんなことないけど……。\n　ニナさん、それをオッケーしたの？」%K%P
同じ部屋、しかも同じベッドでの宿泊なんて、\nいくらなんでも女装バレのリスクが高すぎる――と、\nニナさんであれば考えるはずだ。%K%P
同じ部屋、しかも同じベッドでの宿泊なんて、\nいくらなんでも女装バレのリスクが高すぎる――と、\nニナさんであれば考えるはずだ。%K%P
%LCクレール
%LCクレール
「実は、そのことなんだけど……」%K%P
「実は、そのことなんだけど……」%K%P
%LCクレール
%LCクレール
「ごめんなさいっ！　陽菜ちゃんとのこと、\n　ニナにぜんぶ話しちゃったっ」%K%P
「ごめんなさいっ！　陽菜ちゃんとのこと、\n　ニナにぜんぶ話しちゃったっ」%K%P
%LC陽菜
%LC陽菜
「ぜんぶって……え、うそっ、ぜんぶっ？！」%K%P
「ぜんぶって……え、うそっ、ぜんぶっ？！」%K%P
%LCクレール
%LCクレール
「あっ、もちろんアレやコレな部分に関しては、\n　言わないよう気をつけたわよっ？　ほんとよ？」%K%P
「あっ、もちろんアレやコレな部分に関しては、\n　言わないよう気をつけたわよっ？　ほんとよ？」%K%P
%LCクレール
%LCクレール
「でもほら、女装に気付いた経緯が経緯でしょ？\n　それに、ニナもあれで勘は鋭いほうだから」%K%P
「でもほら、女装に気付いた経緯が経緯でしょ？\n　それに、ニナもあれで勘は鋭いほうだから」%K%P
%LCクレール
%LCクレール
「たぶん、色々察してるんじゃないかなぁ……って」%K%P
「たぶん、色々察してるんじゃないかなぁ……って」%K%P
%LC陽菜
%LC陽菜
「あぅ……」%K%P
「あぅ……」%K%P
思わず頭を抱えてしまうけど、\nこればかりはクレールを責められない。%K%P
思わず頭を抱えてしまうけど、\nこればかりはクレールを責められない。%K%P
そもそも彼女がオレの女装に気づいた切っ掛けが、\n部室でオナニーするオレを目撃したからなのだ。%K%P
そもそも彼女がオレの女装に気づいた切っ掛けが、\n部室でオナニーするオレを目撃したからなのだ。%K%P
その後、クレールはオレを庇ってくれて、\n結果、シャワーを一緒に浴びることになって。%K%P
その後、クレールはオレを庇ってくれて、\n結果、シャワーを一緒に浴びることになって。%K%P
既に男だと気付いていたと告げられたあと、\n『色々』あった結果、お付き合いすることになった。%K%P
既に男だと気付いていたと告げられたあと、\n『色々』あった結果、お付き合いすることになった。%K%P
この『色々』を伏せた上で説明するのは、\n相当骨が折れたに違いない。%K%P
この『色々』を伏せた上で説明するのは、\n相当骨が折れたに違いない。%K%P
%LC陽菜
%LC陽菜
「……ごめんね、クレール。\n　ニナさんに話すの、大変だったでしょ？」%K%P
「……ごめんね、クレール。\n　ニナさんに話すの、大変だったでしょ？」%K%P
%LCクレール
%LCクレール
「そうでもないわ。付き合い自体長いから、\n　言わなくてもわかってくれる部分もあったし」%K%P
「そうでもないわ。付き合い自体長いから、\n　言わなくてもわかってくれる部分もあったし」%K%P
%LCクレール
%LCクレール
「あと、細かいニュアンスは、\n　フランス語で話したりとか」%K%P
「あと、細かいニュアンスは、\n　フランス語で話したりとか」%K%P
%LC陽菜
%LC陽菜
「あ、そっか」%K%P
「あ、そっか」%K%P
日本語が流暢だから失念しがちだけど、\nクレールもニナさんもフランス人なんだった。%K%P
日本語が流暢だから失念しがちだけど、\nクレールもニナさんもフランス人なんだった。%K%P
%LC陽菜
%LC陽菜
「なら、私をここまで運んでくれたのも、\n　クレールってこと？」%K%P
「なら、私をここまで運んでくれたのも、\n　クレールってこと？」%K%P
%LCクレール
%LCクレール
「そうよ。ロッカーの後片付けをしたあと、\n　服を着せてあげて、おんぶして、ここまで」%K%P
「そうよ。ロッカーの後片付けをしたあと、\n　服を着せてあげて、おんぶして、ここまで」%K%P
%LCクレール
%LCクレール
「そうしたら、ニナに出迎えられちゃって。\n　さすがに事情を話すしかなかった、というわけ」%K%P
「そうしたら、ニナに出迎えられちゃって。\n　さすがに事情を話すしかなかった、というわけ」%K%P
%LC陽菜
%LC陽菜
「うわ……。ほんと、ごめん……」%K%P
「うわ……。ほんと、ごめん……」%K%P
%LCクレール
%LCクレール
「気にしないで。いつか話そうと思っていたし、\n　そのいつかが、今日だったってだけの話よ」%K%P
「気にしないで。いつか話そうと思っていたし、\n　そのいつかが、今日だったってだけの話よ」%K%P
%LCクレール
%LCクレール
「それに、おんぶやお着替えに関しても、\n　してあげるの大好きだし、慣れてもいるし」%K%P
「それに、おんぶやお着替えに関しても、\n　してあげるの大好きだし、慣れてもいるし」%K%P
%LC陽菜
%LC陽菜
「慣れてる……？」%K%P
「慣れてる……？」%K%P
%LCクレール
%LCクレール
「そういえば言ってなかったんだっけ。\n　私、妹がいるの。陽菜ちゃんより少し年下の」%K%P
「そういえば言ってなかったんだっけ。\n　私、妹がいるの。陽菜ちゃんより少し年下の」%K%P
%LCクレール
%LCクレール
「昔から、その子の面倒を見ていたから。\n　それで慣れている、というわけ」%K%P
「昔から、その子の面倒を見ていたから。\n　それで慣れている、というわけ」%K%P
%LCクレール
%LCクレール
「今頃はきっと、留学した私の分まで、\n　両親に愛されまくっているはずよ」%K%P
「今頃はきっと、留学した私の分まで、\n　両親に愛されまくっているはずよ」%K%P
%LC陽菜
%LC陽菜
「そっか。それで……」%K%P
「そっか。それで……」%K%P
包容力の塊すぎると思っていたけど、\n妹がいると聞いて納得しかない。%K%P
包容力の塊すぎると思っていたけど、\n妹がいると聞いて納得しかない。%K%P
%LC陽菜
%LC陽菜
「なら、梨理ちゃんをかまっちゃうのも、\n　そういう部分が影響してたりとか？」%K%P
「なら、梨理ちゃんをかまっちゃうのも、\n　そういう部分が影響してたりとか？」%K%P
%LCクレール
%LCクレール
「そうね。梨理ちゃんを見てると、\n　実に妹っぽくて、可愛いなぁって思うし」%K%P
「そうね。梨理ちゃんを見てると、\n　実に妹っぽくて、可愛いなぁって思うし」%K%P
%LCクレール
%LCクレール
「それに、妹としてのシンパシーもあるから」%K%P
「それに、妹としてのシンパシーもあるから」%K%P
%LC陽菜
%LC陽菜
「シンパシーって……普通、逆じゃない？\n　クレール、お姉さんなんでしょ？」%K%P
「シンパシーって……普通、逆じゃない？\n　クレール、お姉さんなんでしょ？」%K%P
%LCクレール
%LCクレール
「くすっ。それがね、実は私、姉もいるの」%K%P
「くすっ。それがね、実は私、姉もいるの」%K%P
%LCクレール
%LCクレール
「私は次女で、三姉妹の真ん中。\n　姉でもあり妹でもあるってこと」%K%P
「私は次女で、三姉妹の真ん中。\n　姉でもあり妹でもあるってこと」%K%P
%LC陽菜
%LC陽菜
「なにそれ強い」%K%P
「なにそれ強い」%K%P
%LCクレール
%LCクレール
「うふふっ。とにかく、そういうわけだから。\n　おんぶも着替えも、お手の物というわけ」%K%P
「うふふっ。とにかく、そういうわけだから。\n　おんぶも着替えも、お手の物というわけ」%K%P
%LCクレール
%LCクレール
「とはいえ、男の子をお着替えさせるのは、\n　さすがに初めての経験だったけど」%K%P
「とはいえ、男の子をお着替えさせるのは、\n　さすがに初めての経験だったけど」%K%P
%LC陽菜
%LC陽菜
「んっ……」%K%P
「んっ……」%K%P
すでに裸を見せ合っている関係とはいえ、\n無防備な全裸となると、どうしても恥ずかしい。%K%P
すでに裸を見せ合っている関係とはいえ、\n無防備な全裸となると、どうしても恥ずかしい。%K%P
なによりオレの場合、着用してる衣服や下着は、\n女性物なわけだし――、%K%P
なによりオレの場合、着用してる衣服や下着は、\n女性物なわけだし――、%K%P
%LC陽菜
%LC陽菜
「……あの、ひょっとして、下着も……？」%K%P
「……あの、ひょっとして、下着も……？」%K%P
%LCクレール
%LCクレール
「もちろんっ。ちゃーんと身体を拭いて、\n　服も下着も、私が着せてあげたのよ？」%K%P
「もちろんっ。ちゃーんと身体を拭いて、\n　服も下着も、私が着せてあげたのよ？」%K%P
照れるオレとは対照的に、\nクレールは誇らしげに胸を張る。%K%P
照れるオレとは対照的に、\nクレールは誇らしげに胸を張る。%K%P
きっと、彼女にとって誰かの服を着替えさせるのは、\n特別な行為ではなく、当たり前のことなんだろう。%K%P
きっと、彼女にとって誰かの服を着替えさせるのは、\n特別な行為ではなく、当たり前のことなんだろう。%K%P
それこそ、妹の面倒を見る感覚の延長で、\nはいはいお着替えしましょうねー、みたいな。%K%P
それこそ、妹の面倒を見る感覚の延長で、\nはいはいお着替えしましょうねー、みたいな。%K%P
そういう部分も含めて、さすがクレールというか。%K%P
そういう部分も含めて、さすがクレールというか。%K%P
もしオレがクレールを着替えさせるってなったら、\nとてもじゃないけど、上手く出来る気がしない。%K%P
もしオレがクレールを着替えさせるってなったら、\nとてもじゃないけど、上手く出来る気がしない。%K%P
%LCクレール
%LCクレール
「さてっ、お話はこれぐらいにして。\n　陽菜ちゃん、食欲はある？」%K%P
「さてっ、お話はこれぐらいにして。\n　陽菜ちゃん、食欲はある？」%K%P
%LC陽菜
%LC陽菜
「うん。実は、かなり……」%K%P
「うん。実は、かなり……」%K%P
試合でエネルギーを使ったし、\nそのあと、エッチなこともしたし。%K%P
試合でエネルギーを使ったし、\nそのあと、エッチなこともしたし。%K%P
恥ずかしいから言えないけど、\n今にもぐーぐー鳴りそうだったりする。%K%P
恥ずかしいから言えないけど、\n今にもぐーぐー鳴りそうだったりする。%K%P
%LCクレール
%LCクレール
「実は今日の夕食、お泊まりのお礼も兼ねて、\n　私が作らせてもらうことになったの」%K%P
「実は今日の夕食、お泊まりのお礼も兼ねて、\n　私が作らせてもらうことになったの」%K%P
%LCクレール
%LCクレール
「それで、なにかリクエストはあるかなって」%K%P
「それで、なにかリクエストはあるかなって」%K%P
%LC陽菜
%LC陽菜
「あっ、なら、クレールの得意料理が食べたい」%K%P
「あっ、なら、クレールの得意料理が食べたい」%K%P
%LCクレール
%LCクレール
「まあっ。ふふっ、急に元気になって。\n　陽菜ちゃん、そんなにお腹が空いてたの？」%K%P
「まあっ。ふふっ、急に元気になって。\n　陽菜ちゃん、そんなにお腹が空いてたの？」%K%P
%LC陽菜
%LC陽菜
「それもあるけど、前に食べたクレールのお弁当、\n　すっごく美味しかったから」%K%P
「それもあるけど、前に食べたクレールのお弁当、\n　すっごく美味しかったから」%K%P
みんなで杏奈ちゃんのコーチをしたとき、\nクレールは気合い漲るお弁当を作ってくれた。%K%P
みんなで杏奈ちゃんのコーチをしたとき、\nクレールは気合い漲るお弁当を作ってくれた。%K%P
あの味をまた楽しめるなんて、僥倖すぎる。%K%P
あの味をまた楽しめるなんて、僥倖すぎる。%K%P
%LCクレール
%LCクレール
「んもう、嬉しいこと言ってくれて。\n　なら、気合い入れて頑張っちゃうわね」%K%P
「んもう、嬉しいこと言ってくれて。\n　なら、気合い入れて頑張っちゃうわね」%K%P
%LCクレール
%LCクレール
「出来上がったら呼びにくるから、\n　陽菜ちゃんはそれまで、ゆっくり休んでて」%K%P
「出来上がったら呼びにくるから、\n　陽菜ちゃんはそれまで、ゆっくり休んでて」%K%P
そうしてクレールが作ってくれたのは、\nタルティフレットというチーズ料理だった。%K%P
そうしてクレールが作ってくれたのは、\nタルティフレットというチーズ料理だった。%K%P
ざっくり言ってしまえばグラタンのような料理で、\nいわく、クレールのお母さんの故郷の味らしい。%K%P
ざっくり言ってしまえばグラタンのような料理で、\nいわく、クレールのお母さんの故郷の味らしい。%K%P
クレールの実家では定番メニューのひとつで、\n留学時代の姉さんも、ご馳走になったのだそうだ。%K%P
クレールの実家では定番メニューのひとつで、\n留学時代の姉さんも、ご馳走になったのだそうだ。%K%P
当然、ニナさんもその味を知っていたから、\n食卓の話題は自然と、フランスの話になった。%K%P
当然、ニナさんもその味を知っていたから、\n食卓の話題は自然と、フランスの話になった。%K%P
とくに姉さんの留学時代の話に花が咲いて、\n聞いたことのないエピソードも、色々飛び出して。%K%P
とくに姉さんの留学時代の話に花が咲いて、\n聞いたことのないエピソードも、色々飛び出して。%K%P
楽しそうに話すみんなを眺めながら、\nオレはタルティフレットをじっくり味わった。%K%P
楽しそうに話すみんなを眺めながら、\nオレはタルティフレットをじっくり味わった。%K%P
――で、夕食後。%K%P
――で、夕食後。%K%P
%LCクレール
%LCクレール
「ええっ？　お風呂、一緒に入らないのっ？」%K%P
「ええっ？　お風呂、一緒に入らないのっ？」%K%P
%LC陽菜
%LC陽菜
「むしろなんで入れると思ったのっ！」%K%P
「むしろなんで入れると思ったのっ！」%K%P
%LCクレール
%LCクレール
「思うわよっ。私はもう陽菜ちゃんの秘密を\n　知っているんだからっ」%K%P
「思うわよっ。私はもう陽菜ちゃんの秘密を\n　知っているんだからっ」%K%P
%LCクレール
%LCクレール
「女装がバレちゃう心配はないんだし、\n　一緒にお風呂に入るぐらい、いいでしょ？」%K%P
「女装がバレちゃう心配はないんだし、\n　一緒にお風呂に入るぐらい、いいでしょ？」%K%P
%LC陽菜
%LC陽菜
「よくないですっ！」%K%P
「よくないですっ！」%K%P
%LCニナ
%LCニナ
「えー、入ってあげればいいのにー。\n　ヒナちゃんのケチぃー」%K%P
「えー、入ってあげればいいのにー。\n　ヒナちゃんのケチぃー」%K%P
%LCクレール
%LCクレール
「そうだそうだー」%K%P
「そうだそうだー」%K%P
%LC陽菜
%LC陽菜
「二人ともなに言ってるのさっ。\n　普通に考えて入れるわけないでしょっ」%K%P
「二人ともなに言ってるのさっ。\n　普通に考えて入れるわけないでしょっ」%K%P
%LCクレール
%LCクレール
「私たちお付き合いしてるのに？\n　それでもダメなの？」%K%P
「私たちお付き合いしてるのに？\n　それでもダメなの？」%K%P
%LC陽菜
%LC陽菜
「それとこれとは話が別なのっ」%K%P
「それとこれとは話が別なのっ」%K%P
正直、オレだってクレールと入りたい。%K%P
正直、オレだってクレールと入りたい。%K%P
けど、そんなことをしたら、\nあとでニナさんや姉さんになにを言われるか――、%K%P
けど、そんなことをしたら、\nあとでニナさんや姉さんになにを言われるか――、%K%P
%LC宗千佳
%LC宗千佳
「諦めろ、クレール」%K%P
「諦めろ、クレール」%K%P
%LCクレール
%LCクレール
「でも」%K%P
「でも」%K%P
%LC宗千佳
%LC宗千佳
「この状況で二人で入浴しようものなら、\n　後で私たちにからかわれるに決まってる――、\n　と、陽菜は考えているんだろう」%K%P
「この状況で二人で入浴しようものなら、\n　後で私たちにからかわれるに決まってる――、\n　と、陽菜は考えているんだろう」%K%P
%LC陽菜
%LC陽菜
「ううっ……」%K%P
「ううっ……」%K%P
こういう時まで思考を見通すの、勘弁してほしい。%K%P
こういう時まで思考を見通すの、勘弁してほしい。%K%P
%LC宗千佳
%LC宗千佳
「焦らずとも、付き合い始めたのであれば、\n　そういう機会はこの先いくらでもある」%K%P
「焦らずとも、付き合い始めたのであれば、\n　そういう機会はこの先いくらでもある」%K%P
%LC宗千佳
%LC宗千佳
「今日のところは、陽菜の平穏のために、\n　引き下がるのが得策だと思うぞ？」%K%P
「今日のところは、陽菜の平穏のために、\n　引き下がるのが得策だと思うぞ？」%K%P
%LCクレール
%LCクレール
「むぅー……」%K%P
「むぅー……」%K%P
唇を尖らせつつも納得はしたようで、\nクレールはそれ以上、何も言わなかった。%K%P
唇を尖らせつつも納得はしたようで、\nクレールはそれ以上、何も言わなかった。%K%P
不満げなクレールの顔も、すごく可愛い。%K%P
不満げなクレールの顔も、すごく可愛い。%K%P
結局、クレールには先に入浴してもらい、\nオレはその後、ひとりでお風呂に入る事に。%K%P
結局、クレールには先に入浴してもらい、\nオレはその後、ひとりでお風呂に入る事に。%K%P
一人で湯船につかりながら考えるのは、\nやっぱりクレールのことだった。%K%P
一人で湯船につかりながら考えるのは、\nやっぱりクレールのことだった。%K%P
入浴前、リビングで風呂上がりのクレールと\nすれ違ったけど、すごく良い匂いがした。%K%P
入浴前、リビングで風呂上がりのクレールと\nすれ違ったけど、すごく良い匂いがした。%K%P
そのとき、彼女があくびをしていたから、\n無理せず横になっていてって勧めておいた。%K%P
そのとき、彼女があくびをしていたから、\n無理せず横になっていてって勧めておいた。%K%P
だから今頃は、ベッドで横になって、\nオレが部屋に戻るのを待っているはず。%K%P
だから今頃は、ベッドで横になって、\nオレが部屋に戻るのを待っているはず。%K%P
%LC陽菜
%LC陽菜
「素直に寝かせてくれるといいけど……」%K%P
「素直に寝かせてくれるといいけど……」%K%P
明日は日曜で授業もないから、\n寝坊をしても咎められる心配はない。%K%P
明日は日曜で授業もないから、\n寝坊をしても咎められる心配はない。%K%P
となったら、あのクレールのことだし、\n一晩中……なんて、言ってくるかも――、%K%P
となったら、あのクレールのことだし、\n一晩中……なんて、言ってくるかも――、%K%P
%LC陽菜
%LC陽菜
「……うぅ……ホントにもぅ……」%K%P
「……うぅ……ホントにもぅ……」%K%P
この後のことを色々と考えてしまい、\n自分の妄想力に、呆れて溜め息が漏れた。%K%P
この後のことを色々と考えてしまい、\n自分の妄想力に、呆れて溜め息が漏れた。%K%P
クレールとエッチをしてからというもの、\n日に日に性欲が強くなってる気がする。%K%P
クレールとエッチをしてからというもの、\n日に日に性欲が強くなってる気がする。%K%P
今日だって、ロッカーに連れ込まれたあと、\n我慢できたのは最初の一瞬だけだった。%K%P
今日だって、ロッカーに連れ込まれたあと、\n我慢できたのは最初の一瞬だけだった。%K%P
そのあとは、完全に流されてしまったし。%K%P
そのあとは、完全に流されてしまったし。%K%P
%LC陽菜
%LC陽菜
「はぁ……。ダメだなぁ、オレ……」%K%P
「はぁ……。ダメだなぁ、オレ……」%K%P
それなりに意志は強い方だと思っていたけど、\nクレールが相手だと、どうにも弱い。%K%P
それなりに意志は強い方だと思っていたけど、\nクレールが相手だと、どうにも弱い。%K%P
それこそ、部屋に戻ってクレールにねだられたら、\nなんでも言うことを聞いてしまう気がする。%K%P
それこそ、部屋に戻ってクレールにねだられたら、\nなんでも言うことを聞いてしまう気がする。%K%P
%LC陽菜
%LC陽菜
「……とりあえず、よく洗おう。うん」%K%P
「……とりあえず、よく洗おう。うん」%K%P
今日は汗まみれでエッチしちゃったから、\n寝るときぐらいは、そんなことがないように。%K%P
今日は汗まみれでエッチしちゃったから、\n寝るときぐらいは、そんなことがないように。%K%P
オレはいつもより念入りに、身体を洗った。%K%P
オレはいつもより念入りに、身体を洗った。%K%P
――で、ドキドキしながら部屋に戻ると。%K%P
――で、ドキドキしながら部屋に戻ると。%K%P
%LCクレール
%LCクレール
「……すぅ……すぅ……」%K%P
「……すぅ……すぅ……」%K%P
ひとつしかないベッドに潜り込んだクレールは、\n気持ち良さそうに寝息を立てていた。%K%P
ひとつしかないベッドに潜り込んだクレールは、\n気持ち良さそうに寝息を立てていた。%K%P
オレを驚かせるための寝たふりかも……？\nなんて思ったけど、そんなこともなくて。%K%P
オレを驚かせるための寝たふりかも……？\nなんて思ったけど、そんなこともなくて。%K%P
しっかりぐっすり、彼女は夢の中だった。%K%P
しっかりぐっすり、彼女は夢の中だった。%K%P
きっと、連日のトレーニングや試合の疲れが、\n今になって一気に出ちゃったんだろう。%K%P
きっと、連日のトレーニングや試合の疲れが、\n今になって一気に出ちゃったんだろう。%K%P
お風呂でエッチなことばかり考えていた自分が、\nちょっと……いや、かなり恥ずかしい。%K%P
お風呂でエッチなことばかり考えていた自分が、\nちょっと……いや、かなり恥ずかしい。%K%P
%LC陽菜
%LC陽菜
「……おやすみ、クレール」%K%P
「……おやすみ、クレール」%K%P
起こさないよう、そっと声をかけてから、\n出来るだけ静かにベッドに潜り込む。%K%P
起こさないよう、そっと声をかけてから、\n出来るだけ静かにベッドに潜り込む。%K%P
いつもは室温と変わらないベッドが、\nその日は入った瞬間から、温かくて。%K%P
いつもは室温と変わらないベッドが、\nその日は入った瞬間から、温かくて。%K%P
なにより、クレールのいい匂いがした。%K%P
なにより、クレールのいい匂いがした。%K%P
%LC陽菜
%LC陽菜
「ん……いい夢、見れそう……」%K%P
「ん……いい夢、見れそう……」%K%P
横向きに寝るクレールと向き合って目を閉じる。%K%P
横向きに寝るクレールと向き合って目を閉じる。%K%P
眠気は、すぐにやってきた。%K%P
眠気は、すぐにやってきた。%K%P
それは、すごく心地良い夢だった。%K%P
それは、すごく心地良い夢だった。%K%P
%LC陽菜
%LC陽菜
「んむっ……ちゅっ、あむっ……」%K%P
「んむっ……ちゅっ、あむっ……」%K%P
口の中に、柔らかいけどほどよく固い、\n不思議な感触の、突起みたいな何かがあって。%K%P
口の中に、柔らかいけどほどよく固い、\n不思議な感触の、突起みたいな何かがあって。%K%P
舐めると、それは、ぷるんっと揺れた。%K%P
舐めると、それは、ぷるんっと揺れた。%K%P
その感覚がすごく気に入って、\nだから立て続けに、何度も、ちゅーちゅー。%K%P
その感覚がすごく気に入って、\nだから立て続けに、何度も、ちゅーちゅー。%K%P
%LC陽菜
%LC陽菜
「ちゅっ、ちゅーっ……れろ、ちゅぷぷっ」%K%P
「ちゅっ、ちゅーっ……れろ、ちゅぷぷっ」%K%P
%LC？？？
%LC？？？
「ふぅ……はぁ、はぁ……んんっ……」%K%P
「ふぅ……はぁ、はぁ……んんっ……」%K%P
それこそ無我夢中でしゃぶりついていたら、\n不意に、とってもドキっとする吐息が聞こえた。%K%P
それこそ無我夢中でしゃぶりついていたら、\n不意に、とってもドキっとする吐息が聞こえた。%K%P
%LC？？？
%LC？？？
「んうっ……くすっ、可愛いっ……氈v%K%P
「んうっ……くすっ、可愛いっ……氈v%K%P
%LC陽菜
%LC陽菜
「んむっ……かわ、いい……？」%K%P
「んむっ……かわ、いい……？」%K%P
%LC？？？
%LC？？？
「ええ。とっても可愛いわ、陽菜ちゃん」%K%P
「ええ。とっても可愛いわ、陽菜ちゃん」%K%P
%LC陽菜
%LC陽菜
「ん……かわ、いい……えへへ……」%K%P
「ん……かわ、いい……えへへ……」%K%P
可愛いって言われるのは苦手なはずなのに、\nその声に言われると、イヤじゃなくて。%K%P
可愛いって言われるのは苦手なはずなのに、\nその声に言われると、イヤじゃなくて。%K%P
むしろ、すごくドキドキして。%K%P
むしろ、すごくドキドキして。%K%P
もっと言って欲しいって、思うぐらいで。%K%P
もっと言って欲しいって、思うぐらいで。%K%P
%LC？？？
%LC？？？
「ふぅ、はぁ……陽菜ちゃん、もっと……」%K%P
「ふぅ、はぁ……陽菜ちゃん、もっと……」%K%P
%LC陽菜
%LC陽菜
「もっと……？　もっと、なに……？」%K%P
「もっと……？　もっと、なに……？」%K%P
%LCクレール
%LCクレール
「もっと、甘えて？　私に、もっとっ……氈v%K%P
「もっと、甘えて？　私に、もっとっ……氈v%K%P
火照った息と甘い囁きが、耳朶をくすぐる。%K%P
火照った息と甘い囁きが、耳朶をくすぐる。%K%P
だから、それに誘われるように、目を開けると。%K%P
だから、それに誘われるように、目を開けると。%K%P
%LC陽菜
%LC陽菜
「あ……」%K%P
「あ……」%K%P
飛び込んできた{光景:おっぱい}に、息を呑む。%K%P
飛び込んできた{光景:おっぱい}に、息を呑む。%K%P
そこは確かに自分の部屋のベッドの上だったけど、\nそれ以外は、あまりにも夢っぽい、というか。%K%P
そこは確かに自分の部屋のベッドの上だったけど、\nそれ以外は、あまりにも夢っぽい、というか。%K%P
クレールのおっぱいがドーンと目の前にあるなんて、\nあまりにも都合がいい、というか。%K%P
クレールのおっぱいがドーンと目の前にあるなんて、\nあまりにも都合がいい、というか。%K%P
お風呂で悶々とした気持ちを抱いたまま部屋に戻り、\nだけど、なんにも出来ず寝入った自分が、\nいかにも夢の中で思い描きそうな状況すぎて。%K%P
お風呂で悶々とした気持ちを抱いたまま部屋に戻り、\nだけど、なんにも出来ず寝入った自分が、\nいかにも夢の中で思い描きそうな状況すぎて。%K%P
やっぱり夢なんだって、そう思ってしまった。%K%P
やっぱり夢なんだって、そう思ってしまった。%K%P
%LC陽菜
%LC陽菜
「ん……クレールぅ……」%K%P
「ん……クレールぅ……」%K%P
%LCクレール
%LCクレール
「なぁに？　陽菜ちゃん」%K%P
「なぁに？　陽菜ちゃん」%K%P
%LC陽菜
%LC陽菜
「クレール、大好き……」%K%P
「クレール、大好き……」%K%P
%LCクレール
%LCクレール
「私も大好きよ、陽菜ちゃん」%K%P
「私も大好きよ、陽菜ちゃん」%K%P
%LCクレール
%LCクレール
「それより、おっぱいはもういいの？」%K%P
「それより、おっぱいはもういいの？」%K%P
%LC陽菜
%LC陽菜
「おっぱい……？」%K%P
「おっぱい……？」%K%P
%LCクレール
%LCクレール
「陽菜ちゃんが自分から甘えてきたんでしょ？\n　私のおっぱいに、顔を、ぐりぐりーって」%K%P
「陽菜ちゃんが自分から甘えてきたんでしょ？\n　私のおっぱいに、顔を、ぐりぐりーって」%K%P
%LC陽菜
%LC陽菜
「ぐりぐりー……」%K%P
「ぐりぐりー……」%K%P
%LCクレール
%LCクレール
「そう。ぐりぐりーって」%K%P
「そう。ぐりぐりーって」%K%P
%LCクレール
%LCクレール
「最初はパジャマの上からだったけど、\n　すぐに、これ脱いでって、私にせがんで」%K%P
「最初はパジャマの上からだったけど、\n　すぐに、これ脱いでって、私にせがんで」%K%P
%LCクレール
%LCクレール
「だから、こうして前をあけて……。\n　そしたら、手で揉み揉みし始めて……」%K%P
「だから、こうして前をあけて……。\n　そしたら、手で揉み揉みし始めて……」%K%P
%LCクレール
%LCクレール
「いまなんて、お乳を飲む赤ちゃんみたいに、\n　ちゅーちゅーって、乳首にしゃぶりついて」%K%P
「いまなんて、お乳を飲む赤ちゃんみたいに、\n　ちゅーちゅーって、乳首にしゃぶりついて」%K%P
%LC陽菜
%LC陽菜
「あ……んぐッ」%K%P
「あ……んぐッ」%K%P
言われてそれに気付き、生唾を飲む。%K%P
言われてそれに気付き、生唾を飲む。%K%P
おっきなおっきな胸の膨らみの突端にある、\n愛らしくもいやらしい、ぷっくりとした突起。%K%P
おっきなおっきな胸の膨らみの突端にある、\n愛らしくもいやらしい、ぷっくりとした突起。%K%P
それがいま、オレの口のすぐ側にあった。%K%P
それがいま、オレの口のすぐ側にあった。%K%P
思えば、シャワールームで初めて見たときは、\n美味しそうって思ったのに、舐められなくて。%K%P
思えば、シャワールームで初めて見たときは、\n美味しそうって思ったのに、舐められなくて。%K%P
今日だって、ロッカーの中に一緒に入ったとき、\nあまりにも近くて遠かった、クレールの乳首。%K%P
今日だって、ロッカーの中に一緒に入ったとき、\nあまりにも近くて遠かった、クレールの乳首。%K%P
それが、こんな目と鼻の先にあるなんて……、\n夢ってほんと、ご都合主義の塊だ。%K%P
それが、こんな目と鼻の先にあるなんて……、\n夢ってほんと、ご都合主義の塊だ。%K%P
けど、いつ覚めるか分からないのが夢だし、\nだったら、後悔のないようにっ……。%K%P
けど、いつ覚めるか分からないのが夢だし、\nだったら、後悔のないようにっ……。%K%P
%LC陽菜
%LC陽菜
「あーむっ……れろっ、ちゅっ、ちゅぷっ」%K%P
「あーむっ……れろっ、ちゅっ、ちゅぷっ」%K%P
%LCクレール
%LCクレール
「はぁ、んん……っ　ふぅ、はぁ……んんっ」%K%P
「はぁ、んん……っ　ふぅ、はぁ……んんっ」%K%P
添えた手も一緒に動かしながら、\nめいっぱい、おっぱいにしゃぶりつく。%K%P
添えた手も一緒に動かしながら、\nめいっぱい、おっぱいにしゃぶりつく。%K%P
手で揉みながら乳首に吸いつくと、\n乳搾りをしてるみたいで、すごくワクワクする。%K%P
手で揉みながら乳首に吸いつくと、\n乳搾りをしてるみたいで、すごくワクワクする。%K%P
%LC陽菜
%LC陽菜
「んむっ、ふぅ……んぐっ、れるれる、\n　はふっ……クレールのおっぱい、おいしい……」%K%P
「んむっ、ふぅ……んぐっ、れるれる、\n　はふっ……クレールのおっぱい、おいしい……」%K%P
%LCクレール
%LCクレール
「やうっ、はぁ……んッ、んぅううッ歃n　陽菜ちゃん、さっきより、激しっ……氈v%K%P
「やうっ、はぁ……んッ、んぅううッ歃n　陽菜ちゃん、さっきより、激しっ……氈v%K%P
%LC陽菜
%LC陽菜
「んっ……だって、おいしいからっ……」%K%P
「んっ……だって、おいしいからっ……」%K%P
舌で乳首を転がすように舐めると、\nクレールの声が、ぐっと艶やかになる。%K%P
舌で乳首を転がすように舐めると、\nクレールの声が、ぐっと艶やかになる。%K%P
我ながらリアルな夢だけど、\nだからこそ、不満な点がひとつ。%K%P
我ながらリアルな夢だけど、\nだからこそ、不満な点がひとつ。%K%P
%LC陽菜
%LC陽菜
「むぅ……あとはおっぱいが出たら、\n　完璧なんだけど……」%K%P
「むぅ……あとはおっぱいが出たら、\n　完璧なんだけど……」%K%P
%LCクレール
%LCクレール
「おっぱいって、母乳のこと？\n　陽菜ちゃん、私のミルクが飲みたいの？」%K%P
「おっぱいって、母乳のこと？\n　陽菜ちゃん、私のミルクが飲みたいの？」%K%P
%LC陽菜
%LC陽菜
「んっ……そうすれば、クレールのおっぱい、\n　もっとおいしいのになって……」%K%P
「んっ……そうすれば、クレールのおっぱい、\n　もっとおいしいのになって……」%K%P
%LCクレール
%LCクレール
「んぅ……それは私だって、\n　出来れば出してあげたいけど……」%K%P
「んぅ……それは私だって、\n　出来れば出してあげたいけど……」%K%P
%LCクレール
%LCクレール
「でも、あれは本当のママにならないと……」%K%P
「でも、あれは本当のママにならないと……」%K%P
%LC陽菜
%LC陽菜
「それはわかってるけど……。\n　でもこれ、夢なわけだし……」%K%P
「それはわかってるけど……。\n　でもこれ、夢なわけだし……」%K%P
%LCクレール
%LCクレール
「夢……？」%K%P
「夢……？」%K%P
%LC陽菜
%LC陽菜
「うん。だって、そうでしょ？　目が覚めたら、\n　目の前にクレールのおっぱいがあって……」%K%P
「うん。だって、そうでしょ？　目が覚めたら、\n　目の前にクレールのおっぱいがあって……」%K%P
%LC陽菜
%LC陽菜
「しかも、それをしゃぶってる、なんて……。\n　そんなの、どう考えても夢としか――」%K%P
「しかも、それをしゃぶってる、なんて……。\n　そんなの、どう考えても夢としか――」%K%P
……って、あれ？　なんかいま、変だったぞ？%K%P
……って、あれ？　なんかいま、変だったぞ？%K%P
オレいま、目が覚めたらって、自分で――、%K%P
オレいま、目が覚めたらって、自分で――、%K%P
%LCクレール
%LCクレール
「あぁ……んふ、くすっ。ええ、そうよ。\n　これは陽菜ちゃんが見てる夢の中なの」%K%P
「あぁ……んふ、くすっ。ええ、そうよ。\n　これは陽菜ちゃんが見てる夢の中なの」%K%P
%LCクレール
%LCクレール
「だから、もっともっと甘えていいのよ。\n　たっぷり私に甘えましょ？　陽菜ちゃん氈v%K%P
「だから、もっともっと甘えていいのよ。\n　たっぷり私に甘えましょ？　陽菜ちゃん氈v%K%P
%LC陽菜
%LC陽菜
「あっ……わっ、んむむっ……！？」%K%P
「あっ……わっ、んむむっ……！？」%K%P
イラズラっぽい声で囁いたクレールが、\nおっぱいをむぎゅーっと押しつけてくる。%K%P
イラズラっぽい声で囁いたクレールが、\nおっぱいをむぎゅーっと押しつけてくる。%K%P
口どころか鼻も塞がれ、耐えきれず身じろぐと、\nベッドが軋み、シーツやパジャマが衣擦れた。%K%P
口どころか鼻も塞がれ、耐えきれず身じろぐと、\nベッドが軋み、シーツやパジャマが衣擦れた。%K%P
幸せな息苦しさにジタバタしていると、\nまどろんでいた意識が、一気に覚醒して――、%K%P
幸せな息苦しさにジタバタしていると、\nまどろんでいた意識が、一気に覚醒して――、%K%P
もしかしなくても、これ……夢じゃ、ないっ！？%K%P
もしかしなくても、これ……夢じゃ、ないっ！？%K%P
%LC陽菜
%LC陽菜
「くっ、クレール、待って、待って待ってっ」%K%P
「くっ、クレール、待って、待って待ってっ」%K%P
%LCクレール
%LCクレール
「ん？　なぁに？　夢の中の陽菜ちゃん」%K%P
「ん？　なぁに？　夢の中の陽菜ちゃん」%K%P
%LC陽菜
%LC陽菜
「ぐっ……」%K%P
「ぐっ……」%K%P
立て続けに夢の中って強調してくるクレールに、\n思わず呻かずにはいられない。%K%P
立て続けに夢の中って強調してくるクレールに、\n思わず呻かずにはいられない。%K%P
これはもう、疑う余地が微塵もない。%K%P
これはもう、疑う余地が微塵もない。%K%P
%LC陽菜
%LC陽菜
「もうっ……クレール、わかってるんだよ？\n　これ、本当は夢じゃないんでしょ？」%K%P
「もうっ……クレール、わかってるんだよ？\n　これ、本当は夢じゃないんでしょ？」%K%P
%LCクレール
%LCクレール
「いいえ、夢よ。これは夢。\n　……私にとっては、夢みたいな出来事」%K%P
「いいえ、夢よ。これは夢。\n　……私にとっては、夢みたいな出来事」%K%P
%LCクレール
%LCクレール
「あの陽菜ちゃんが、赤ちゃんみたいに、\n　私のおっぱいに甘えてくるだなんて……氈v%K%P
「あの陽菜ちゃんが、赤ちゃんみたいに、\n　私のおっぱいに甘えてくるだなんて……氈v%K%P
%LC陽菜
%LC陽菜
「あうッ……ちっ、違うんだってばっ……！\n　さっきのは、夢だと思ったから、それでっ……」%K%P
「あうッ……ちっ、違うんだってばっ……！\n　さっきのは、夢だと思ったから、それでっ……」%K%P
%LCクレール
%LCクレール
「んふっ、そうね。陽菜ちゃんは夢の中で、\n　私のお乳が飲みたかったんでちゅよねー？」%K%P
「んふっ、そうね。陽菜ちゃんは夢の中で、\n　私のお乳が飲みたかったんでちゅよねー？」%K%P
%LC陽菜
%LC陽菜
「んッ……あっ、あっ、あああっ……」%K%P
「んッ……あっ、あっ、あああっ……」%K%P
その一言に、これまでの会話が脳裏を駆け巡り、\n頬から耳までが一瞬にして熱くなった。%K%P
その一言に、これまでの会話が脳裏を駆け巡り、\n頬から耳までが一瞬にして熱くなった。%K%P
よりにもよって、クレールのお乳が飲みたいとか、\nオレってばなんだってそんなことをっ……！%K%P
よりにもよって、クレールのお乳が飲みたいとか、\nオレってばなんだってそんなことをっ……！%K%P
%LC陽菜
%LC陽菜
「お願い、クレール、聞いてっ？\n　これは、その、えっとっ……」%K%P
「お願い、クレール、聞いてっ？\n　これは、その、えっとっ……」%K%P
%LCクレール
%LCクレール
「お風呂から戻ったら私が先に寝ていたから、\n　エッチ出来なくて、悶々としちゃったのよね？」%K%P
「お風呂から戻ったら私が先に寝ていたから、\n　エッチ出来なくて、悶々としちゃったのよね？」%K%P
%LCクレール
%LCクレール
「それで、寝ぼけて夢を見てると勘違いして、\n　赤ちゃんみたいに甘えちゃったんでしょう？」%K%P
「それで、寝ぼけて夢を見てると勘違いして、\n　赤ちゃんみたいに甘えちゃったんでしょう？」%K%P
%LC陽菜
%LC陽菜
「…………うん」%K%P
「…………うん」%K%P
弁明の余地がないぐらい言い当てられて、\nベッドに横になったまま、こくんと頷く。%K%P
弁明の余地がないぐらい言い当てられて、\nベッドに横になったまま、こくんと頷く。%K%P
こんなにいたたまれない気持ちになったのは、\n生まれて初めてだ。%K%P
こんなにいたたまれない気持ちになったのは、\n生まれて初めてだ。%K%P
%LC陽菜
%LC陽菜
「……ねえ、最初に言ったこと、ほんと？\n　クレールのおっぱいに、ぐりぐりしたって」%K%P
「……ねえ、最初に言ったこと、ほんと？\n　クレールのおっぱいに、ぐりぐりしたって」%K%P
%LCクレール
%LCクレール
「うん。寝ぼけていたんだと思うけど、\n　本当に、赤ちゃんみたいに擦り寄ってきたの」%K%P
「うん。寝ぼけていたんだと思うけど、\n　本当に、赤ちゃんみたいに擦り寄ってきたの」%K%P
%LCクレール
%LCクレール
「私はそれで目が覚めたんだけど……。\n　実は私も、最初は夢かなって思っていたの」%K%P
「私はそれで目が覚めたんだけど……。\n　実は私も、最初は夢かなって思っていたの」%K%P
%LCクレール
%LCクレール
「陽菜ちゃんがこんなに甘えてくるなんて、\n　いくらなんでも、都合が良すぎるって」%K%P
「陽菜ちゃんがこんなに甘えてくるなんて、\n　いくらなんでも、都合が良すぎるって」%K%P
%LCクレール
%LCクレール
「でも、陽菜ちゃんがおっぱいをしゃぶったとき、\n　よだれの音と感触に、ゾクッてして……」%K%P
「でも、陽菜ちゃんがおっぱいをしゃぶったとき、\n　よだれの音と感触に、ゾクッてして……」%K%P
%LCクレール
%LCクレール
「それで、あっ、これって現実なんだ……って。\n　本当に陽菜ちゃんが甘えてくれてるんだって」%K%P
「それで、あっ、これって現実なんだ……って。\n　本当に陽菜ちゃんが甘えてくれてるんだって」%K%P
%LCクレール
%LCクレール
「それに気付いたとき、すっごく嬉しくて……。\n　だから、されるがままになっていたの」%K%P
「それに気付いたとき、すっごく嬉しくて……。\n　だから、されるがままになっていたの」%K%P
%LCクレール
%LCクレール
「そうしたら、陽菜ちゃんってば急に、\n　お乳が飲みたい、なんて言い出すんだもの」%K%P
「そうしたら、陽菜ちゃんってば急に、\n　お乳が飲みたい、なんて言い出すんだもの」%K%P
%LC陽菜
%LC陽菜
「あっ、やっ、だから、あれは、ね？\n　その……あの、あの、あのそのっ……」%K%P
「あっ、やっ、だから、あれは、ね？\n　その……あの、あの、あのそのっ……」%K%P
%LC陽菜
%LC陽菜
「……おっぱい、欲しく、なっちゃって……」%K%P
「……おっぱい、欲しく、なっちゃって……」%K%P
恥ずかしさでジタバタしちゃうけど、\n言い訳なんて出来るはずもなく、認めるしかない。%K%P
恥ずかしさでジタバタしちゃうけど、\n言い訳なんて出来るはずもなく、認めるしかない。%K%P
だってあれは、オレの本心だったわけだから。%K%P
だってあれは、オレの本心だったわけだから。%K%P
%LC陽菜
%LC陽菜
「……とにかく、ごめん。\n　ぐっすり寝てたのに、起こしちゃって」%K%P
「……とにかく、ごめん。\n　ぐっすり寝てたのに、起こしちゃって」%K%P
%LCクレール
%LCクレール
「気にしないで、おあいこだもの。\n　私だって、あなたを起こしちゃったわけだし」%K%P
「気にしないで、おあいこだもの。\n　私だって、あなたを起こしちゃったわけだし」%K%P
%LC陽菜
%LC陽菜
「こっちが起きたのは、\n　クレールのせいってわけじゃ……」%K%P
「こっちが起きたのは、\n　クレールのせいってわけじゃ……」%K%P
%LCクレール
%LCクレール
「そっちじゃなくて。ち○ぽのこと」%K%P
「そっちじゃなくて。ち○ぽのこと」%K%P
%LCクレール
%LCクレール
「陽菜ちゃん、いま、あそこがすっごく\n　おっきくなっちゃってるでしょ？」%K%P
「陽菜ちゃん、いま、あそこがすっごく\n　おっきくなっちゃってるでしょ？」%K%P
%LC陽菜
%LC陽菜
「あ……」%K%P
「あ……」%K%P
目の前のおっぱいのインパクトが強すぎて、\nすっかり息子のことを忘れていた。%K%P
目の前のおっぱいのインパクトが強すぎて、\nすっかり息子のことを忘れていた。%K%P
けど、この状況なら確かに――、%K%P
けど、この状況なら確かに――、%K%P
%LC陽菜
%LC陽菜
「うわ……」%K%P
「うわ……」%K%P
股間に手を伸ばしてみたら、\n思っていたよりも手前で、ペニスとぶつかる。%K%P
股間に手を伸ばしてみたら、\n思っていたよりも手前で、ペニスとぶつかる。%K%P
その硬さと大きさに驚く――というか、\nオレ、なんにも履いてないんだけどっ……！？%K%P
その硬さと大きさに驚く――というか、\nオレ、なんにも履いてないんだけどっ……！？%K%P
%LCクレール
%LCクレール
「たぶん、だけど……今までで一番、\n　おっきくなっているんじゃない？」%K%P
「たぶん、だけど……今までで一番、\n　おっきくなっているんじゃない？」%K%P
%LC陽菜
%LC陽菜
「んッ……なんで、わかるの……？」%K%P
「んッ……なんで、わかるの……？」%K%P
%LCクレール
%LCクレール
「だって、匂いがすごく濃いから」%K%P
「だって、匂いがすごく濃いから」%K%P
%LCクレール
%LCクレール
「陽菜ちゃんが興奮して勃起するとね、\n　微かだけど、独特の匂いがするの」%K%P
「陽菜ちゃんが興奮して勃起するとね、\n　微かだけど、独特の匂いがするの」%K%P
%LCクレール
%LCクレール
「その匂いは、陽菜ちゃんの興奮具合……つまり、\n　ち○ぽの大きさに比例して、濃くなるらしくて」%K%P
「その匂いは、陽菜ちゃんの興奮具合……つまり、\n　ち○ぽの大きさに比例して、濃くなるらしくて」%K%P
%LCクレール
%LCクレール
「いまはとくに、匂いが濃いから。\n　すごく大きくなってるんだろうな……って」%K%P
「いまはとくに、匂いが濃いから。\n　すごく大きくなってるんだろうな……って」%K%P
%LC陽菜
%LC陽菜
「匂いだけで、そこまで……」%K%P
「匂いだけで、そこまで……」%K%P
%LCクレール
%LCクレール
「匂いや香りって、すごく奥が深いのよ？\n　ストレスで体臭が変わったりもするし――」%K%P
「匂いや香りって、すごく奥が深いのよ？\n　ストレスで体臭が変わったりもするし――」%K%P
%LCクレール
%LCクレール
「遺伝子的に相性がいい人同士は、互いの匂いに\n　惹かれ合うって研究結果だってあるんだから」%K%P
「遺伝子的に相性がいい人同士は、互いの匂いに\n　惹かれ合うって研究結果だってあるんだから」%K%P
%LCクレール
%LCクレール
「私は陽菜ちゃんの匂いが大好きだけど、\n　陽菜ちゃんだって、私の匂い、好きでしょ？」%K%P
「私は陽菜ちゃんの匂いが大好きだけど、\n　陽菜ちゃんだって、私の匂い、好きでしょ？」%K%P
%LC陽菜
%LC陽菜
「……うん」%K%P
「……うん」%K%P
これ以上ない説得力に、頷くしかない。%K%P
これ以上ない説得力に、頷くしかない。%K%P
だって今日だけでも、オレは何度となく、\nクレールの匂いに、ドキドキして、興奮して。%K%P
だって今日だけでも、オレは何度となく、\nクレールの匂いに、ドキドキして、興奮して。%K%P
最初にクレールでオナニーしたときだって、\nおっぱいと匂いを思い出して、それで――、%K%P
最初にクレールでオナニーしたときだって、\nおっぱいと匂いを思い出して、それで――、%K%P
%LCクレール
%LCクレール
「ねぇ、陽菜ちゃん。せっかくだし、\n　このままオナニーしてみない？」%K%P
「ねぇ、陽菜ちゃん。せっかくだし、\n　このままオナニーしてみない？」%K%P
%LC陽菜
%LC陽菜
「へ……？　えっ、な、なんで？」%K%P
「へ……？　えっ、な、なんで？」%K%P
%LCクレール
%LCクレール
「陽菜ちゃん、前に私でオナニーしたでしょ？\n　乙女部の部室で、隠れてこっそり」%K%P
「陽菜ちゃん、前に私でオナニーしたでしょ？\n　乙女部の部室で、隠れてこっそり」%K%P
%LCクレール
%LCクレール
「あのとき、私のおっぱいが気持ちいいって、\n　そういうふうに言っていたじゃない？」%K%P
「あのとき、私のおっぱいが気持ちいいって、\n　そういうふうに言っていたじゃない？」%K%P
%LCクレール
%LCクレール
「あれをいま、叶えてあげる」%K%P
「あれをいま、叶えてあげる」%K%P
%LC陽菜
%LC陽菜
「叶えるって……まさか――」%K%P
「叶えるって……まさか――」%K%P
%LCクレール
%LCクレール
「そっ　本当におっぱいをおしゃぶりしながら、\n　ち○ぽをしこしこして射精しちゃうの」%K%P
「そっ　本当におっぱいをおしゃぶりしながら、\n　ち○ぽをしこしこして射精しちゃうの」%K%P
%LCクレール
%LCクレール
「本当は、私がしこしこしてあげたいけど、\n　それだとオナニーにならないし……」%K%P
「本当は、私がしこしこしてあげたいけど、\n　それだとオナニーにならないし……」%K%P
%LCクレール
%LCクレール
「それに私、陽菜ちゃんがオナニーするところ、\n　もう一度見てみたかったの。んふふっ氈v%K%P
「それに私、陽菜ちゃんがオナニーするところ、\n　もう一度見てみたかったの。んふふっ氈v%K%P
%LC陽菜
%LC陽菜
「っ……」%K%P
「っ……」%K%P
目が合ったクレールが、えっちに笑う。%K%P
目が合ったクレールが、えっちに笑う。%K%P
それだけで、背筋も股間もぞくっとした。%K%P
それだけで、背筋も股間もぞくっとした。%K%P
%LCクレール
%LCクレール
「ほぅら、陽菜ちゃん？　オナニーしましょ？\n　だぁい好きなおっぱいで、しこしこしましょ氈v%K%P
「ほぅら、陽菜ちゃん？　オナニーしましょ？\n　だぁい好きなおっぱいで、しこしこしましょ氈v%K%P
%LC陽菜
%LC陽菜
「んッ……あっ、んむっ」%K%P
「んッ……あっ、んむっ」%K%P
こちらに身を乗り出したクレールが、\n自らの乳首を、ぷるんっと押し当ててくる。%K%P
こちらに身を乗り出したクレールが、\n自らの乳首を、ぷるんっと押し当ててくる。%K%P
据え膳すぎる状況に、口は勝手に開いて、\nペニスを握る手も、自然と動きだして――、%K%P
据え膳すぎる状況に、口は勝手に開いて、\nペニスを握る手も、自然と動きだして――、%K%P
%LC陽菜
%LC陽菜
「んむっ……れるっ、んぅんッ……」%K%P
「んむっ……れるっ、んぅんッ……」%K%P
%LCクレール
%LCクレール
「んぅ、はぁ、あぁ……んふぅ歃n　そうそう、いっぱいしこしこしまちょうねー氈v%K%P
「んぅ、はぁ、あぁ……んふぅ歃n　そうそう、いっぱいしこしこしまちょうねー氈v%K%P
%LCクレール
%LCクレール
「おっぱいちゅーちゅーしながら、\n　おっきち○ぽ、しこしこ、しこしこっ氈v%K%P
「おっぱいちゅーちゅーしながら、\n　おっきち○ぽ、しこしこ、しこしこっ氈v%K%P
%LC陽菜
%LC陽菜
「はぅっ……あむっ、ちゅっ、あむむっ」%K%P
「はぅっ……あむっ、ちゅっ、あむむっ」%K%P
%LCクレール
%LCクレール
「んあうっ……　んふふっ、陽菜ちゃん、\n　おっぱいちゅーちゅー上手でちゅねーっ氈v%K%P
「んあうっ……　んふふっ、陽菜ちゃん、\n　おっぱいちゅーちゅー上手でちゅねーっ氈v%K%P
%LCクレール
%LCクレール
「私の……ううん、ママのおっぱい、\n　もっとちゅーちゅーしていいでちゅよー？」%K%P
「私の……ううん、ママのおっぱい、\n　もっとちゅーちゅーしていいでちゅよー？」%K%P
%LCクレール
%LCクレール
「ほらっ　おっぱい、ちゅーちゅーっ歃n　おち○ぽ、しこしこっ氈v%K%P
「ほらっ　おっぱい、ちゅーちゅーっ歃n　おち○ぽ、しこしこっ氈v%K%P
%LCクレール
%LCクレール
「うーんといっぱい気持ちよぉくなって、\n　精子をいっぱいどぴゅってしまちょうねー？」%K%P
「うーんといっぱい気持ちよぉくなって、\n　精子をいっぱいどぴゅってしまちょうねー？」%K%P
ノリノリで織り交ぜてきた幼児言葉に、\n羞恥心が焚きつけられて、手がとまりかける。%K%P
ノリノリで織り交ぜてきた幼児言葉に、\n羞恥心が焚きつけられて、手がとまりかける。%K%P
けど、お乳を飲みたいってせがんだ事を思うと、\n恥ずかしがるのも、今さらって感じで。%K%P
けど、お乳を飲みたいってせがんだ事を思うと、\n恥ずかしがるのも、今さらって感じで。%K%P
むしろ、繰り返し囁かれていると、\n気持ちはどんどん、幼い頃へ遡っていく。%K%P
むしろ、繰り返し囁かれていると、\n気持ちはどんどん、幼い頃へ遡っていく。%K%P
それこそ、まだ剣術を習う前――、\n自分のことを、僕って言っていた時代まで。%K%P
それこそ、まだ剣術を習う前――、\n自分のことを、僕って言っていた時代まで。%K%P
%LCクレール
%LCクレール
「んぅ、はぁ……どう？　陽菜ちゃん。\n　おしゃぶりしこしこ、気持ちいーい？」%K%P
「んぅ、はぁ……どう？　陽菜ちゃん。\n　おしゃぶりしこしこ、気持ちいーい？」%K%P
%LC陽菜
%LC陽菜
「んっ……きもち、いいっ……。\n　僕、クレール、大好きっ……」%K%P
「んっ……きもち、いいっ……。\n　僕、クレール、大好きっ……」%K%P
%LCクレール
%LCクレール
「ああぁ、んぅぅぅぅっ……滲歃n　陽菜ちゃん可愛いっ　いい子いい子っ氈v%K%P
「ああぁ、んぅぅぅぅっ……滲歃n　陽菜ちゃん可愛いっ　いい子いい子っ氈v%K%P
%LC陽菜
%LC陽菜
「んむっ？！　ちょっ、く、クレール、\n　ぎゅってしちゃ……んむむっ……？！」%K%P
「んむっ？！　ちょっ、く、クレール、\n　ぎゅってしちゃ……んむむっ……？！」%K%P
%LCクレール
%LCクレール
「わっ……わわっ、ごめんなさいっ。\n　私ったら、思わず、むぎゅってっ……」%K%P
「わっ……わわっ、ごめんなさいっ。\n　私ったら、思わず、むぎゅってっ……」%K%P
%LCクレール
%LCクレール
「でもでも、いまのは陽菜ちゃんがズルいのよ？\n　急に僕とか、そんなの反則すぎるんだからっ」%K%P
「でもでも、いまのは陽菜ちゃんがズルいのよ？\n　急に僕とか、そんなの反則すぎるんだからっ」%K%P
%LC陽菜
%LC陽菜
「それならクレールだって、\n　さっきから赤ちゃん言葉使ってるしっ……」%K%P
「それならクレールだって、\n　さっきから赤ちゃん言葉使ってるしっ……」%K%P
%LCクレール
%LCクレール
「こういうのは形から入った方がいいの。\n　ねー？　ぼーくーちゃん？　んふふっ氈v%K%P
「こういうのは形から入った方がいいの。\n　ねー？　ぼーくーちゃん？　んふふっ氈v%K%P
%LC陽菜
%LC陽菜
「あうぅっ……」%K%P
「あうぅっ……」%K%P
%LCクレール
%LCクレール
「そんなに照れることないでしょ？\n　僕っていう陽菜ちゃんも、可愛くて素敵よ」%K%P
「そんなに照れることないでしょ？\n　僕っていう陽菜ちゃんも、可愛くて素敵よ」%K%P
%LCクレール
%LCクレール
「ほぅら、僕ちゃん？　ちゅーちゅーしまちょ？\n　お手々もお口も、お留守になってまちゅよー？」%K%P
「ほぅら、僕ちゃん？　ちゅーちゅーしまちょ？\n　お手々もお口も、お留守になってまちゅよー？」%K%P
%LC陽菜
%LC陽菜
「ぐぅっ……もうっ……あーむぅッ」%K%P
「ぐぅっ……もうっ……あーむぅッ」%K%P
%LCクレール
%LCクレール
「んああっ　やっ、そんなに強く……あんっ、\n　陽菜ちゃんっ……それ、はげしっ」%K%P
「んああっ　やっ、そんなに強く……あんっ、\n　陽菜ちゃんっ……それ、はげしっ」%K%P
%LC陽菜
%LC陽菜
「んむっ、んむっ、んむむッ」%K%P
「んむっ、んむっ、んむむッ」%K%P
照れくさい気持ちと拗ねる想いを織り交ぜて、\nそれを晴らすように、思いっきりしゃぶりつく。%K%P
照れくさい気持ちと拗ねる想いを織り交ぜて、\nそれを晴らすように、思いっきりしゃぶりつく。%K%P
こうなったら、とことんやってやる。%K%P
こうなったら、とことんやってやる。%K%P
とことん甘えて、とことん気持ちよくなって、\nクレールの望み通り、たっぷり出してやるっ……！%K%P
とことん甘えて、とことん気持ちよくなって、\nクレールの望み通り、たっぷり出してやるっ……！%K%P
%LCクレール
%LCクレール
「んはぁ、はぁっ……んふ、んふふっ歃n　甘えんぼ陽菜ちゃん、すっごく可愛いっ……氈v%K%P
「んはぁ、はぁっ……んふ、んふふっ歃n　甘えんぼ陽菜ちゃん、すっごく可愛いっ……氈v%K%P
%LCクレール
%LCクレール
「私のおっぱい、ちゅー、ちゅーって……くすっ、\n　どうでちゅかー？　おっぱい、おいちーい？」%K%P
「私のおっぱい、ちゅー、ちゅーって……くすっ、\n　どうでちゅかー？　おっぱい、おいちーい？」%K%P
%LC陽菜
%LC陽菜
「ッ……ん、はぁ、おいちっ……」%K%P
「ッ……ん、はぁ、おいちっ……」%K%P
%LCクレール
%LCクレール
「うふっ　きちんとお返事できるなんて、\n　陽菜ちゃん、とってもいい子でちゅねー氈v%K%P
「うふっ　きちんとお返事できるなんて、\n　陽菜ちゃん、とってもいい子でちゅねー氈v%K%P
%LCクレール
%LCクレール
「いい子いい子な陽菜ちゃんには、\n　クレールママが、ご褒美をあげまちゅ氈v%K%P
「いい子いい子な陽菜ちゃんには、\n　クレールママが、ご褒美をあげまちゅ氈v%K%P
%LCクレール
%LCクレール
「お乳は出ないけど……代わりに、唾液を、\n　こーやって……れろーっと……氈v%K%P
「お乳は出ないけど……代わりに、唾液を、\n　こーやって……れろーっと……氈v%K%P
%LC陽菜
%LC陽菜
「うあっ……あ、ああっ……」%K%P
「うあっ……あ、ああっ……」%K%P
口をもごもごさせたクレールが、\nそのまま舌を伸ばし、唾液を垂らす。%K%P
口をもごもごさせたクレールが、\nそのまま舌を伸ばし、唾液を垂らす。%K%P
それは彼女の乳首に垂れると、\nそれをしゃぶっている、オレの口の中に――、%K%P
それは彼女の乳首に垂れると、\nそれをしゃぶっている、オレの口の中に――、%K%P
%LC陽菜
%LC陽菜
「んくっ……んぅ、はあっ、あああっ……」%K%P
「んくっ……んぅ、はあっ、あああっ……」%K%P
蒸し暑いロッカーの中で、\n渇く喉を潤してくれたクレールの唾液。%K%P
蒸し暑いロッカーの中で、\n渇く喉を潤してくれたクレールの唾液。%K%P
それが今度は、母乳の代わりになるなんて。%K%P
それが今度は、母乳の代わりになるなんて。%K%P
%LC陽菜
%LC陽菜
「はぁ、ああっ……んむっ、んっ、\n　すごっ……これ、おいひっ……んむっ」%K%P
「はぁ、ああっ……んむっ、んっ、\n　すごっ……これ、おいひっ……んむっ」%K%P
色は透明で、ミルクとは似ても似つかないのに、\n不思議とそれは、すっごく美味しくて。%K%P
色は透明で、ミルクとは似ても似つかないのに、\n不思議とそれは、すっごく美味しくて。%K%P
%LC陽菜
%LC陽菜
「んっ……クレール、もっと……ねっ？\n　ご褒美、もっとっ……んむっ、ちゅぷっ」%K%P
「んっ……クレール、もっと……ねっ？\n　ご褒美、もっとっ……んむっ、ちゅぷっ」%K%P
%LCクレール
%LCクレール
「ふふっ、素直になったら、\n　途端に欲張りさんなんだから」%K%P
「ふふっ、素直になったら、\n　途端に欲張りさんなんだから」%K%P
%LC陽菜
%LC陽菜
「だって、ほんと、美味しくて……んむっ、\n　はぁ……れろっ、ちゅっ……」%K%P
「だって、ほんと、美味しくて……んむっ、\n　はぁ……れろっ、ちゅっ……」%K%P
とろっとろの唾液から、ほんのり甘さを感じる。%K%P
とろっとろの唾液から、ほんのり甘さを感じる。%K%P
それはきっと、クレールの唾液だから。%K%P
それはきっと、クレールの唾液だから。%K%P
甘やかすのがお手の物な彼女だから、\nきっと、唾液も甘く感じるんだろうなって。%K%P
甘やかすのがお手の物な彼女だから、\nきっと、唾液も甘く感じるんだろうなって。%K%P
%LC陽菜
%LC陽菜
「んぐっ……はぁ、んむっ、んんッ」%K%P
「んぐっ……はぁ、んむっ、んんッ」%K%P
%LCクレール
%LCクレール
「んはっ、はあっ……陽菜ちゃん、もっと、\n　たくさん、ちゅー、ちゅー……はあっ氈v%K%P
「んはっ、はあっ……陽菜ちゃん、もっと、\n　たくさん、ちゅー、ちゅー……はあっ氈v%K%P
%LCクレール
%LCクレール
「いっぱい、お乳、あげちゃうから……んぅ、\n　もっともっと、しこしこ……ふうっ、はあっ氈v%K%P
「いっぱい、お乳、あげちゃうから……んぅ、\n　もっともっと、しこしこ……ふうっ、はあっ氈v%K%P
クレールの特製ミルクは、\n僕の身体を、内側からとろかせていく。%K%P
クレールの特製ミルクは、\n僕の身体を、内側からとろかせていく。%K%P
火照った息が濡れた乳首にかかると、\nクレールが身悶えて、おっぱいがたぷたぷ揺れる。%K%P
火照った息が濡れた乳首にかかると、\nクレールが身悶えて、おっぱいがたぷたぷ揺れる。%K%P
オカズが目の前で甘やかしてくれるという、\n贅沢すぎるオナニーは、すっごく気持ちよくて。%K%P
オカズが目の前で甘やかしてくれるという、\n贅沢すぎるオナニーは、すっごく気持ちよくて。%K%P
しゃぶりつく舌も、ペニスをしごく手も、\nどんどん、どんどん早く――、%K%P
しゃぶりつく舌も、ペニスをしごく手も、\nどんどん、どんどん早く――、%K%P
%LC陽菜
%LC陽菜
「んっ……ぐっ、そろそろ、出そうっ……。\n　クレール、イッてもいいっ？」%K%P
「んっ……ぐっ、そろそろ、出そうっ……。\n　クレール、イッてもいいっ？」%K%P
%LCクレール
%LCクレール
「もちろんっ　我慢しないで、たっぷり出して？」%K%P
「もちろんっ　我慢しないで、たっぷり出して？」%K%P
%LCクレール
%LCクレール
「ママのミルクをちゅーちゅーした分、\n　今度は陽菜ちゃんが、ミルクをちょうだい？」%K%P
「ママのミルクをちゅーちゅーした分、\n　今度は陽菜ちゃんが、ミルクをちょうだい？」%K%P
%LCクレール
%LCクレール
「陽菜ちゃんのち○ぽミルク、\n　ママにいっぱい、ぴゅっぴゅっしまちょ？」%K%P
「陽菜ちゃんのち○ぽミルク、\n　ママにいっぱい、ぴゅっぴゅっしまちょ？」%K%P
最後までママを貫いたクレールが、\n不意に、僕の頭をぽんぽんと撫でる。%K%P
最後までママを貫いたクレールが、\n不意に、僕の頭をぽんぽんと撫でる。%K%P
%LCクレール
%LCクレール
「本当は、ち○ぽをなでなでしたいけど……。\n　そうすると、オナニーじゃなくなっちゃうから」%K%P
「本当は、ち○ぽをなでなでしたいけど……。\n　そうすると、オナニーじゃなくなっちゃうから」%K%P
%LCクレール
%LCクレール
「さぁ、陽菜ちゃん？　ママにちょうだい？\n　陽菜ちゃんのち○ぽミルク、たくさん出して？」%K%P
「さぁ、陽菜ちゃん？　ママにちょうだい？\n　陽菜ちゃんのち○ぽミルク、たくさん出して？」%K%P
%LCクレール
%LCクレール
「ぷるぷる震えてるち○ぽから、せーしミルク、\n　ぴゅぴゅーって……ねっ、陽菜ちゃんっ氈v%K%P
「ぷるぷる震えてるち○ぽから、せーしミルク、\n　ぴゅぴゅーって……ねっ、陽菜ちゃんっ氈v%K%P
%LC陽菜
%LC陽菜
「んッ……はぁ、あっ……ああっ、\n　いくッ……ぐぅ、くっ、んんんぅッ……！」%K%P
「んッ……はぁ、あっ……ああっ、\n　いくッ……ぐぅ、くっ、んんんぅッ……！」%K%P
%LCクレール
%LCクレール
「わはっ……　びゅるるぅって……あんっ、\n　これ、いっぱい、あっ、あっ、ああっ氈v%K%P
「わはっ……　びゅるるぅって……あんっ、\n　これ、いっぱい、あっ、あっ、ああっ氈v%K%P
%LCクレール
%LCクレール
「陽菜ちゃんのとろんとろんなち○ぽミルクが、\n　手やママに、いっぱい……あぁ、あああっ……氈v%K%P
「陽菜ちゃんのとろんとろんなち○ぽミルクが、\n　手やママに、いっぱい……あぁ、あああっ……氈v%K%P
%LC陽菜
%LC陽菜
「んッ……あっ、あっ、んぐッ……！」%K%P
「んッ……あっ、あっ、んぐッ……！」%K%P
射精の瞬間、腰がぐっと前に出て、\n突き出した亀頭から、真っ白な精子が溢れ出る。%K%P
射精の瞬間、腰がぐっと前に出て、\n突き出した亀頭から、真っ白な精子が溢れ出る。%K%P
クレールが熱っぽく語ってくれたとおり、\nそれは僕の手や彼女の身体に、たっぷり飛び散った。%K%P
クレールが熱っぽく語ってくれたとおり、\nそれは僕の手や彼女の身体に、たっぷり飛び散った。%K%P
%LC陽菜
%LC陽菜
「はぁ、あぁ……すごい、出ちゃった……」%K%P
「はぁ、あぁ……すごい、出ちゃった……」%K%P
出し尽くし、それをぼんやりと眺めていると、\nすぐに精子の匂いが立ちこめて。%K%P
出し尽くし、それをぼんやりと眺めていると、\nすぐに精子の匂いが立ちこめて。%K%P
精子の匂いがしたってことは、当然――、%K%P
精子の匂いがしたってことは、当然――、%K%P
%LCクレール
%LCクレール
「すぅー、はぁー……んふっ、んふふっ歃n　ひぃーなぁーちゃーんっ……滲氈v%K%P
「すぅー、はぁー……んふっ、んふふっ歃n　ひぃーなぁーちゃーんっ……滲氈v%K%P
%LC陽菜
%LC陽菜
「あ……」%K%P
「あ……」%K%P
溶かした飴を連想しちゃうぐらい、\nその声は、甘くてとろっとろで。%K%P
溶かした飴を連想しちゃうぐらい、\nその声は、甘くてとろっとろで。%K%P
%LCクレール
%LCクレール
「ねぇ、陽菜ちゃん。もし、まだ元気なら――」%K%P
「ねぇ、陽菜ちゃん。もし、まだ元気なら――」%K%P
%LC陽菜
%LC陽菜
「いいよ。今度はクレールが、僕を好きにして」%K%P
「いいよ。今度はクレールが、僕を好きにして」%K%P
%LC陽菜
%LC陽菜
「今日はいっぱい甘えちゃったから……。\n　クレールも、僕に好きなだけ甘えて」%K%P
「今日はいっぱい甘えちゃったから……。\n　クレールも、僕に好きなだけ甘えて」%K%P
%LCクレール
%LCクレール
「ああっ、陽菜ちゃんっ……滲滲氈v%K%P
「ああっ、陽菜ちゃんっ……滲滲氈v%K%P
嬉々として声を上げたクレールは、\nベッドから跳ね起き、すぐさま反転、急降下して。%K%P
嬉々として声を上げたクレールは、\nベッドから跳ね起き、すぐさま反転、急降下して。%K%P
%LCクレール
%LCクレール
「えへへっ　一度でいいから、こうして\n　陽菜ちゃんを組み伏せてみたかったの……っ氈v%K%P
「えへへっ　一度でいいから、こうして\n　陽菜ちゃんを組み伏せてみたかったの……っ氈v%K%P
喜色満面なクレールは、\n上体を前に倒して、こっちの顔を覗き込む。%K%P
喜色満面なクレールは、\n上体を前に倒して、こっちの顔を覗き込む。%K%P
%LCクレール
%LCクレール
「それじゃあ、陽菜ちゃんのち○ぽを、\n　私の膣内にごあんなぁーいっ……氈v%K%P
「それじゃあ、陽菜ちゃんのち○ぽを、\n　私の膣内にごあんなぁーいっ……氈v%K%P
%LC陽菜
%LC陽菜
「んあっ、ふっ、んぅんッ……」%K%P
「んあっ、ふっ、んぅんッ……」%K%P
クレールがそっと腰を下ろすと、\nペニスがぬるるっと膣に飲み込まれていく。%K%P
クレールがそっと腰を下ろすと、\nペニスがぬるるっと膣に飲み込まれていく。%K%P
すでにたっぷりの愛液で満ちている膣内は、\nすぐさま侵入してきた竿をハグッと抱きしめた。%K%P
すでにたっぷりの愛液で満ちている膣内は、\nすぐさま侵入してきた竿をハグッと抱きしめた。%K%P
%LCクレール
%LCクレール
「んんぅ……ふあっ、はぁ、ああああっ歃n　最初から、ぜんぶ入っちゃったっ……氈v%K%P
「んんぅ……ふあっ、はぁ、ああああっ歃n　最初から、ぜんぶ入っちゃったっ……氈v%K%P
%LC陽菜
%LC陽菜
「んっ……膣内、今日も熱いっ……」%K%P
「んっ……膣内、今日も熱いっ……」%K%P
%LCクレール
%LCクレール
「陽菜ちゃんが可愛く甘えてくれたおかげで、\n　挿れる前から、ずっと感じちゃってたから」%K%P
「陽菜ちゃんが可愛く甘えてくれたおかげで、\n　挿れる前から、ずっと感じちゃってたから」%K%P
%LCクレール
%LCクレール
「でね、挿れたら、もっと、感じてっ……はんっ、\n　んぅ、はふっ……くッ、んんぅううっ」%K%P
「でね、挿れたら、もっと、感じてっ……はんっ、\n　んぅ、はふっ……くッ、んんぅううっ」%K%P
%LC陽菜
%LC陽菜
「んくっ……すごい、さらに、ぎゅってっ……」%K%P
「んくっ……すごい、さらに、ぎゅってっ……」%K%P
%LCクレール
%LCクレール
「んふっ　今日もいっぱいハグしちゃうから。\n　陽菜ちゃんも一緒に、気持ち良くなりましょ？」%K%P
「んふっ　今日もいっぱいハグしちゃうから。\n　陽菜ちゃんも一緒に、気持ち良くなりましょ？」%K%P
%LCクレール
%LCクレール
「陽菜ちゃんのち○ぽはいつだって元気だもの、\n　さっきの射精じゃ、物足りないでしょ？」%K%P
「陽菜ちゃんのち○ぽはいつだって元気だもの、\n　さっきの射精じゃ、物足りないでしょ？」%K%P
%LC陽菜
%LC陽菜
「もおっ、僕のち○ぽをなんだと思ってるのっ」%K%P
「もおっ、僕のち○ぽをなんだと思ってるのっ」%K%P
%LCクレール
%LCクレール
「とってもとってもとっても大好きっ氈v%K%P
「とってもとってもとっても大好きっ氈v%K%P
%LC陽菜
%LC陽菜
「はうっ……」%K%P
「はうっ……」%K%P
%LCクレール
%LCクレール
「それに……今日は、ち○ぽも……はんっ、\n　とっても、甘え上手みたいっ……氈v%K%P
「それに……今日は、ち○ぽも……はんっ、\n　とっても、甘え上手みたいっ……氈v%K%P
%LCクレール
%LCクレール
「おま○この中で、あっちに、こっちに、\n　亀頭が、すりすり、すりよってきてっ……」%K%P
「おま○この中で、あっちに、こっちに、\n　亀頭が、すりすり、すりよってきてっ……」%K%P
%LCクレール
%LCクレール
「はぁ、ああっ……ん、これ、すごいっ、\n　ぐりぐり、きもちいっ……あんっ氈v%K%P
「はぁ、ああっ……ん、これ、すごいっ、\n　ぐりぐり、きもちいっ……あんっ氈v%K%P
クレールがうっとり漏らしたように、\n僕の竿は、彼女の膣内でヒダに懐きまくり。%K%P
クレールがうっとり漏らしたように、\n僕の竿は、彼女の膣内でヒダに懐きまくり。%K%P
ぬるぬるのヒダと擦れるたびに、膣口から、\nちぷちぷぬぷぬぷ、やらしい音が聞こえてくる。%K%P
ぬるぬるのヒダと擦れるたびに、膣口から、\nちぷちぷぬぷぬぷ、やらしい音が聞こえてくる。%K%P
けど、僕はなにもしていない。%K%P
けど、僕はなにもしていない。%K%P
亀頭とヒダが仲良く擦れ合っているのは、\nクレールの腰がくねくね揺れているからだ。%K%P
亀頭とヒダが仲良く擦れ合っているのは、\nクレールの腰がくねくね揺れているからだ。%K%P
%LCクレール
%LCクレール
「はんっ、はぁ……　陽菜ちゃんのち○ぽ、\n　私の膣内で、ますます、おっきくっ……氈v%K%P
「はんっ、はぁ……　陽菜ちゃんのち○ぽ、\n　私の膣内で、ますます、おっきくっ……氈v%K%P
%LCクレール
%LCクレール
「たくさん、ぎゅぎゅーってしてるのに、\n　びくびく跳ねて、元気、いっぱいっ……滲氈v%K%P
「たくさん、ぎゅぎゅーってしてるのに、\n　びくびく跳ねて、元気、いっぱいっ……滲氈v%K%P
%LC陽菜
%LC陽菜
「んっ……それを言うなら、\n　クレールのおっぱいだってっ……」%K%P
「んっ……それを言うなら、\n　クレールのおっぱいだってっ……」%K%P
円を描くように揺れる腰にあわせて、\nおっぱいもいっしょに、ぷるん、たぷん。%K%P
円を描くように揺れる腰にあわせて、\nおっぱいもいっしょに、ぷるん、たぷん。%K%P
前傾姿勢もあいまって、存在感が圧倒的すぎて、\nどうしても目が奪われてしまう。%K%P
前傾姿勢もあいまって、存在感が圧倒的すぎて、\nどうしても目が奪われてしまう。%K%P
%LCクレール
%LCクレール
「あっ……くすっ、陽菜ちゃんったら、\n　ほんとにおっぱいが大好きなんだから」%K%P
「あっ……くすっ、陽菜ちゃんったら、\n　ほんとにおっぱいが大好きなんだから」%K%P
%LCクレール
%LCクレール
「あんなにいっぱいちゅーちゅーしたのに、\n　まだまだ甘え足りないんでちゅか？」%K%P
「あんなにいっぱいちゅーちゅーしたのに、\n　まだまだ甘え足りないんでちゅか？」%K%P
%LC陽菜
%LC陽菜
「なッ……もうっ、赤ちゃん言葉は、\n　さっきので終わったんじゃないの？」%K%P
「なッ……もうっ、赤ちゃん言葉は、\n　さっきので終わったんじゃないの？」%K%P
%LCクレール
%LCクレール
「でも、陽菜ちゃんだって自分のこと、\n　さっきからずっと僕って言ってるわよ？」%K%P
「でも、陽菜ちゃんだって自分のこと、\n　さっきからずっと僕って言ってるわよ？」%K%P
%LCクレール
%LCクレール
「それって、まだまだ甘えたいからでしょう？」%K%P
「それって、まだまだ甘えたいからでしょう？」%K%P
%LC陽菜
%LC陽菜
「あ……」%K%P
「あ……」%K%P
指摘された瞬間、かあっと顔が熱くなった。%K%P
指摘された瞬間、かあっと顔が熱くなった。%K%P
１０年近く、ずっとオレで通していたのに。%K%P
１０年近く、ずっとオレで通していたのに。%K%P
それが、こんなにあっさり戻っちゃうなんてっ……。%K%P
それが、こんなにあっさり戻っちゃうなんてっ……。%K%P
%LCクレール
%LCクレール
「くすっ　陽菜ちゃん、お顔、真っ赤よ？」%K%P
「くすっ　陽菜ちゃん、お顔、真っ赤よ？」%K%P
%LC陽菜
%LC陽菜
「んぐっ……な、なんでもないっ。\n　なんでもないからっ」%K%P
「んぐっ……な、なんでもないっ。\n　なんでもないからっ」%K%P
%LCクレール
%LCクレール
「ふふっ、誤魔化そうとしてもだーめ」%K%P
「ふふっ、誤魔化そうとしてもだーめ」%K%P
%LCクレール
%LCクレール
「まだまだ甘えたいかどうか……身体に聞けば、\n　すぐにわかっちゃうんだからっ……氈v%K%P
「まだまだ甘えたいかどうか……身体に聞けば、\n　すぐにわかっちゃうんだからっ……氈v%K%P
%LC陽菜
%LC陽菜
「やっ……あ、うにゃあっ？！　あっ、んうッ」%K%P
「やっ……あ、うにゃあっ？！　あっ、んうッ」%K%P
ゆったり動いていたクレールの腰が、\nいきなりぐりっと密着してくる。%K%P
ゆったり動いていたクレールの腰が、\nいきなりぐりっと密着してくる。%K%P
ペニスはハグされたままだから、\n当然、絡みついたヒダごと、ずぶぶっと――、%K%P
ペニスはハグされたままだから、\n当然、絡みついたヒダごと、ずぶぶっと――、%K%P
%LC陽菜
%LC陽菜
「はあっ　あぅっ……ああっ、あああっ、\n　すごっ……んくっ、はぁ、ああっ、いいっ」%K%P
「はあっ　あぅっ……ああっ、あああっ、\n　すごっ……んくっ、はぁ、ああっ、いいっ」%K%P
%LC陽菜
%LC陽菜
「やっ、だめっ……だめだってば、それっ、\n　よすぎて、おかひくっ……ふあう、ああッ氈v%K%P
「やっ、だめっ……だめだってば、それっ、\n　よすぎて、おかひくっ……ふあう、ああッ氈v%K%P
%LCクレール
%LCクレール
「陽菜ちゃんは、まだまだ甘えたいでちゅか？」%K%P
「陽菜ちゃんは、まだまだ甘えたいでちゅか？」%K%P
%LC陽菜
%LC陽菜
「んッ……だっていまは、\n　クレールが、甘える番でっ……」%K%P
「んッ……だっていまは、\n　クレールが、甘える番でっ……」%K%P
%LCクレール
%LCクレール
「あ、ま、え、た、い、で、ちゅっ……かっ氈v%K%P
「あ、ま、え、た、い、で、ちゅっ……かっ氈v%K%P
%LC陽菜
%LC陽菜
「ひにゃうっ、にゃあ、んやぁはあっ氈v%K%P
「ひにゃうっ、にゃあ、んやぁはあっ氈v%K%P
言葉のリズムに合わせて上下する腰が、\nとんでもない快感をガンガン注ぎ込んでくる。%K%P
言葉のリズムに合わせて上下する腰が、\nとんでもない快感をガンガン注ぎ込んでくる。%K%P
挿入から一貫してゆっくりだったから、\nいきなりのペースアップに完全に翻弄されて。%K%P
挿入から一貫してゆっくりだったから、\nいきなりのペースアップに完全に翻弄されて。%K%P
縋るようにシーツをぎゅっと掴むけど、\nその程度で抗えるはずもなく、頭が真っ白に。%K%P
縋るようにシーツをぎゅっと掴むけど、\nその程度で抗えるはずもなく、頭が真っ白に。%K%P
%LC陽菜
%LC陽菜
「くれっ……あ、んぐっ、クレール、だめっ、\n　甘えるっ、甘えるから、それ待ってっ」%K%P
「くれっ……あ、んぐっ、クレール、だめっ、\n　甘えるっ、甘えるから、それ待ってっ」%K%P
%LC陽菜
%LC陽菜
「でないと、ち○ぽがっ……あっ、いくッ、\n　ああっ、出るっ、出ちゃっ……ぐっ、くうッ」%K%P
「でないと、ち○ぽがっ……あっ、いくッ、\n　ああっ、出るっ、出ちゃっ……ぐっ、くうッ」%K%P
%LCクレール
%LCクレール
「でも、好きにしていいって、\n　そう言ってくれたのは陽菜ちゃんよ？」%K%P
「でも、好きにしていいって、\n　そう言ってくれたのは陽菜ちゃんよ？」%K%P
%LCクレール
%LCクレール
「好きにしていいってことは……陽菜ちゃんのこと、\n　めちゃくちゃにしてもいいんでしょっ？」%K%P
「好きにしていいってことは……陽菜ちゃんのこと、\n　めちゃくちゃにしてもいいんでしょっ？」%K%P
%LC陽菜
%LC陽菜
「んやッ……あ、ああっ……」%K%P
「んやッ……あ、ああっ……」%K%P
覗き込むクレールの笑みの妖艶さときたら、\nサキュバスって単語が思い浮かんだほどで。%K%P
覗き込むクレールの笑みの妖艶さときたら、\nサキュバスって単語が思い浮かんだほどで。%K%P
だとしたら、これはやっぱり夢の中で、\nクレールにえっちな夢を見せられているのかも――、%K%P
だとしたら、これはやっぱり夢の中で、\nクレールにえっちな夢を見せられているのかも――、%K%P
%LCクレール
%LCクレール
「んふふっ……　ほらほら陽菜ちゃん？\n　イキたくなったら、いつでもイッていいのよ」%K%P
「んふふっ……　ほらほら陽菜ちゃん？\n　イキたくなったら、いつでもイッていいのよ」%K%P
%LCクレール
%LCクレール
「私のおま○こは、いつでもどこでも、\n　あなたの精子を欲しがっているんだものっ氈v%K%P
「私のおま○こは、いつでもどこでも、\n　あなたの精子を欲しがっているんだものっ氈v%K%P
%LCクレール
%LCクレール
「まずは身体から素直になって、\n　おま○こいっぱい、どぴゅってしましょ？」%K%P
「まずは身体から素直になって、\n　おま○こいっぱい、どぴゅってしましょ？」%K%P
%LCクレール
%LCクレール
「我慢しないで、びゅびゅーって……ね？\n　おま○この奥にぃ……ぐっ、ふっ、えいっ氈v%K%P
「我慢しないで、びゅびゅーって……ね？\n　おま○この奥にぃ……ぐっ、ふっ、えいっ氈v%K%P
%LC陽菜
%LC陽菜
「やうっ？！　あっ、いく、いぐぅッ……！」%K%P
「やうっ？！　あっ、いく、いぐぅッ……！」%K%P
%LCクレール
%LCクレール
「うんっ　来て来てっ？　いっぱい来てっ？\n　ち○ぽミルク、いっぱいちょうだいっ？」%K%P
「うんっ　来て来てっ？　いっぱい来てっ？\n　ち○ぽミルク、いっぱいちょうだいっ？」%K%P
%LCクレール
%LCクレール
「私のおま○こ、今日も陽菜ちゃんの精子で、\n　とろっとろにぃ……んくっ、んんぅううぅッ！」%K%P
「私のおま○こ、今日も陽菜ちゃんの精子で、\n　とろっとろにぃ……んくっ、んんぅううぅッ！」%K%P
%LCクレール
%LCクレール
「ふあっ、ああああっ　んうッ、あっ、\n　びゅくびゅく……んぅ、はあっ、ああっ氈v%K%P
「ふあっ、ああああっ　んうッ、あっ、\n　びゅくびゅく……んぅ、はあっ、ああっ氈v%K%P
%LCクレール
%LCクレール
「膣内いっぱいに、せーし……んぅうっ、\n　ホントにいっぱい、もらっちゃったっ……氈v%K%P
「膣内いっぱいに、せーし……んぅうっ、\n　ホントにいっぱい、もらっちゃったっ……氈v%K%P
火照った息を吐き出すクレールの身体が、\nびくっ、びくっと、何度も小刻みに震える。%K%P
火照った息を吐き出すクレールの身体が、\nびくっ、びくっと、何度も小刻みに震える。%K%P
それに合わせて律動する彼女の膣が、\n吐き出した精子を、もれなく搾りとっていった。%K%P
それに合わせて律動する彼女の膣が、\n吐き出した精子を、もれなく搾りとっていった。%K%P
%LCクレール
%LCクレール
「ふはっ、はぁ、はぅ……んんっ、\n　今日の陽菜ちゃん、ほんと、すごいっ……」%K%P
「ふはっ、はぁ、はぅ……んんっ、\n　今日の陽菜ちゃん、ほんと、すごいっ……」%K%P
%LCクレール
%LCクレール
「精子が溢れる、びゅるるうぅーって音が、\n　頭の中にまで、響いてきちゃった……氈v%K%P
「精子が溢れる、びゅるるうぅーって音が、\n　頭の中にまで、響いてきちゃった……氈v%K%P
僕を覗き込んだクレールが、うっとり笑う。%K%P
僕を覗き込んだクレールが、うっとり笑う。%K%P
それはさすがに大げさだって告げたいけど、\nクレールが言うなら、本当かもしれない。%K%P
それはさすがに大げさだって告げたいけど、\nクレールが言うなら、本当かもしれない。%K%P
そんなふうに思えてしまうぐらい、\nクレールのエッチの才覚は、尋常じゃなかった。%K%P
そんなふうに思えてしまうぐらい、\nクレールのエッチの才覚は、尋常じゃなかった。%K%P
立て続けの射精は消耗も激しくて、\nそのあと、オレはしばらく動けなかった。%K%P
立て続けの射精は消耗も激しくて、\nそのあと、オレはしばらく動けなかった。%K%P
そしてそれは、クレールも同じみたいで。%K%P
そしてそれは、クレールも同じみたいで。%K%P
%LCクレール
%LCクレール
「はぅ……こんなにくたくたになったの、\n　初めてハルバードを振り回した時以来かも……」%K%P
「はぅ……こんなにくたくたになったの、\n　初めてハルバードを振り回した時以来かも……」%K%P
ベッドに寝そべったクレールが、\n繋いだオレの手を、にぎにぎして遊ぶ。%K%P
ベッドに寝そべったクレールが、\n繋いだオレの手を、にぎにぎして遊ぶ。%K%P
自分の部屋で過ごすみたいにくつろぐ様子が、\n気を許している証みたいで、すごく心地いい。%K%P
自分の部屋で過ごすみたいにくつろぐ様子が、\n気を許している証みたいで、すごく心地いい。%K%P
ちなみに、オレの下半身が最初から脱げていたのは、\nやっぱりクレールが脱がしたから、だった。%K%P
ちなみに、オレの下半身が最初から脱げていたのは、\nやっぱりクレールが脱がしたから、だった。%K%P
ただ、その原因はオレにある。%K%P
ただ、その原因はオレにある。%K%P
寝ぼけてクレールに脱いでってせがんだオレは、\nそのとき、自分も脱ぐからって言ったそうだ。\n（完全に覚えてないけど）%K%P
寝ぼけてクレールに脱いでってせがんだオレは、\nそのとき、自分も脱ぐからって言ったそうだ。\n（完全に覚えてないけど）%K%P
クレールはその発言を受けて、\nオレの部屋着の下を、するっと脱がせて。%K%P
クレールはその発言を受けて、\nオレの部屋着の下を、するっと脱がせて。%K%P
下を脱いだあとのオレの行動は、\nさっきまでの通り、というわけで――。%K%P
下を脱いだあとのオレの行動は、\nさっきまでの通り、というわけで――。%K%P
%LCクレール
%LCクレール
「陽菜ちゃんも、さすがに疲れちゃったでしょ？」%K%P
「陽菜ちゃんも、さすがに疲れちゃったでしょ？」%K%P
%LC陽菜
%LC陽菜
「うん……。明日はできれば、\n　部屋でゆっくり過ごしたいかも」%K%P
「うん……。明日はできれば、\n　部屋でゆっくり過ごしたいかも」%K%P
%LCクレール
%LCクレール
「なら、私も付き合うわ。明日はこんなふうに、\n　ベッドでごろごろして過ごしましょ？」%K%P
「なら、私も付き合うわ。明日はこんなふうに、\n　ベッドでごろごろして過ごしましょ？」%K%P
%LC陽菜
%LC陽菜
「それ、余計に疲れる展開になったりしない？」%K%P
「それ、余計に疲れる展開になったりしない？」%K%P
%LCクレール
%LCクレール
「それは……ないとは言い切れないけど」%K%P
「それは……ないとは言い切れないけど」%K%P
%LC陽菜
%LC陽菜
「もう……」%K%P
「もう……」%K%P
%LCクレール
%LCクレール
「ふふっ、大丈夫よ。\n　陽菜ちゃんが勃起を我慢してくれれば」%K%P
「ふふっ、大丈夫よ。\n　陽菜ちゃんが勃起を我慢してくれれば」%K%P
%LCクレール
%LCクレール
「えっちな匂いさえ嗅がなければ、\n　私が発情しちゃうこともないだろうし」%K%P
「えっちな匂いさえ嗅がなければ、\n　私が発情しちゃうこともないだろうし」%K%P
%LC陽菜
%LC陽菜
「それが難しいから困ってるんだけど……」%K%P
「それが難しいから困ってるんだけど……」%K%P
%LC陽菜
%LC陽菜
「オレだって、クレールの匂いを嗅ぐと、\n　すっごくドキドキしちゃうわけだし……」%K%P
「オレだって、クレールの匂いを嗅ぐと、\n　すっごくドキドキしちゃうわけだし……」%K%P
%LCクレール
%LCクレール
「オレ……？　陽菜ちゃんって、\n　自分のこと、オレっていうの？」%K%P
「オレ……？　陽菜ちゃんって、\n　自分のこと、オレっていうの？」%K%P
%LC陽菜
%LC陽菜
「あっ、うん。もちろん女装してるときは、\n　使わないように気をつけてるけど」%K%P
「あっ、うん。もちろん女装してるときは、\n　使わないように気をつけてるけど」%K%P
%LC陽菜
%LC陽菜
「いまはクレールしかいないから。\n　気が緩んじゃって、それで、つい……」%K%P
「いまはクレールしかいないから。\n　気が緩んじゃって、それで、つい……」%K%P
%LCクレール
%LCクレール
「でも……陽菜ちゃんさっき、\n　自分のこと、僕って言ってたわよね？」%K%P
「でも……陽菜ちゃんさっき、\n　自分のこと、僕って言ってたわよね？」%K%P
%LC陽菜
%LC陽菜
「ああ……。小さな頃は、僕って言ってたから。\n　……色々あって、変えちゃったんだけど」%K%P
「ああ……。小さな頃は、僕って言ってたから。\n　……色々あって、変えちゃったんだけど」%K%P
%LCクレール
%LCクレール
「色々……」%K%P
「色々……」%K%P
意図せず含みのある言い方になってしまい、\nクレールが、ちょっと気にした様子で繰り返す。%K%P
意図せず含みのある言い方になってしまい、\nクレールが、ちょっと気にした様子で繰り返す。%K%P
『僕』から『オレ』に、変えた理由――、\nそれを彼女に説明する必要はないかもしれない。%K%P
『僕』から『オレ』に、変えた理由――、\nそれを彼女に説明する必要はないかもしれない。%K%P
けど、説明せずに隠しておく理由もないし。%K%P
けど、説明せずに隠しておく理由もないし。%K%P
%LC陽菜
%LC陽菜
「……エンゲージする前、クレール、\n　オレに初恋の話をしてくれたでしょ？」%K%P
「……エンゲージする前、クレール、\n　オレに初恋の話をしてくれたでしょ？」%K%P
%LC陽菜
%LC陽菜
「オレにも、そういう初恋があって……」%K%P
「オレにも、そういう初恋があって……」%K%P
%LC陽菜
%LC陽菜
「まあ、オレの場合は、告白して、\n　そのまま振られちゃったんだけど……」%K%P
「まあ、オレの場合は、告白して、\n　そのまま振られちゃったんだけど……」%K%P
%LC陽菜
%LC陽菜
「そのときの振られた理由が、\n　可愛いから、だったんだ」%K%P
「そのときの振られた理由が、\n　可愛いから、だったんだ」%K%P
%LC陽菜
%LC陽菜
「それで、男らしくなりたくて……。\n　僕って言うのをやめて、オレに変えて……」%K%P
「それで、男らしくなりたくて……。\n　僕って言うのをやめて、オレに変えて……」%K%P
%LCクレール
%LCクレール
「そういうことだったのね……。\n　なら、剣術を始めた理由も？」%K%P
「そういうことだったのね……。\n　なら、剣術を始めた理由も？」%K%P
%LC陽菜
%LC陽菜
「うん。最初は、男らしくなるため。\n　すぐに剣術自体にのめりこんじゃったけど――」%K%P
「うん。最初は、男らしくなるため。\n　すぐに剣術自体にのめりこんじゃったけど――」%K%P
それからオレは、まだ話せていなかった、\n自分の過去のことについて色々と話した。%K%P
それからオレは、まだ話せていなかった、\n自分の過去のことについて色々と話した。%K%P
初恋の相手がつーちゃん――睦月さんだってことは、\nさすがに言えなかったけれど。%K%P
初恋の相手がつーちゃん――睦月さんだってことは、\nさすがに言えなかったけれど。%K%P
オレの話を聞き終えたクレールは、\nどこか神妙そうに、一旦、目を伏せて。%K%P
オレの話を聞き終えたクレールは、\nどこか神妙そうに、一旦、目を伏せて。%K%P
%LCクレール
%LCクレール
「それじゃあ……私から可愛いって言われるの、\n　イヤだった？」%K%P
「それじゃあ……私から可愛いって言われるの、\n　イヤだった？」%K%P
%LC陽菜
%LC陽菜
「初めは、ちょっと……。イヤっていうか、\n　またかーって感じだったけど」%K%P
「初めは、ちょっと……。イヤっていうか、\n　またかーって感じだったけど」%K%P
%LC陽菜
%LC陽菜
「でも、いまはちっともイヤじゃないし、\n　言われてドキッとすることもあるよ」%K%P
「でも、いまはちっともイヤじゃないし、\n　言われてドキッとすることもあるよ」%K%P
%LC陽菜
%LC陽菜
「だから、気にしないでね？　クレール」%K%P
「だから、気にしないでね？　クレール」%K%P
%LCクレール
%LCクレール
「んッ……。もう、陽菜ちゃんって、\n　たまにすっごく男前なんだからっ……」%K%P
「んッ……。もう、陽菜ちゃんって、\n　たまにすっごく男前なんだからっ……」%K%P
%LC陽菜
%LC陽菜
「なにその、たまにすっごく、って」%K%P
「なにその、たまにすっごく、って」%K%P
%LCクレール
%LCクレール
「だって、そうとしか言えないんだもの。\n　ふとしたとき、男の子っていうか……」%K%P
「だって、そうとしか言えないんだもの。\n　ふとしたとき、男の子っていうか……」%K%P
%LCクレール
%LCクレール
「今日だって、そういうところ、いくつもあって。\n　そのたびにドキッとしていたし……」%K%P
「今日だって、そういうところ、いくつもあって。\n　そのたびにドキッとしていたし……」%K%P
%LCクレール
%LCクレール
「でも、やっぱり可愛いから。\n　結局は抱きついちゃうんだけど……氈v%K%P
「でも、やっぱり可愛いから。\n　結局は抱きついちゃうんだけど……氈v%K%P
繋いだ手をにぎにぎしながら、クレールが笑う。%K%P
繋いだ手をにぎにぎしながら、クレールが笑う。%K%P
その手はすごくあったかくて、\n握っているだけで、すごくほっとしてしまう。%K%P
その手はすごくあったかくて、\n握っているだけで、すごくほっとしてしまう。%K%P
思えば、今日はクレールに甘えっぱなしだった。%K%P
思えば、今日はクレールに甘えっぱなしだった。%K%P
試合では女装バレの危機から救われたし、\nそのあとの控え室でも、助けてもらって。%K%P
試合では女装バレの危機から救われたし、\nそのあとの控え室でも、助けてもらって。%K%P
エッチのあと、後片付けをしただけでなく、\n気を失ったオレを、おんぶで寮まで運んでくれて。%K%P
エッチのあと、後片付けをしただけでなく、\n気を失ったオレを、おんぶで寮まで運んでくれて。%K%P
おまけに、手料理までご馳走になって――、%K%P
おまけに、手料理までご馳走になって――、%K%P
%LCクレール
%LCクレール
「ん……？　どうしたの、陽菜ちゃん。\n　眉を寄せて、難しい顔をしちゃって」%K%P
「ん……？　どうしたの、陽菜ちゃん。\n　眉を寄せて、難しい顔をしちゃって」%K%P
%LC陽菜
%LC陽菜
「……もっと、男らしくなりたいと思って」%K%P
「……もっと、男らしくなりたいと思って」%K%P
%LCクレール
%LCクレール
「陽菜ちゃんは今でも男の子だと思うけど？」%K%P
「陽菜ちゃんは今でも男の子だと思うけど？」%K%P
%LC陽菜
%LC陽菜
「そんなことないよ。今日なんて、\n　クレールに甘えてばかりだったし……」%K%P
「そんなことないよ。今日なんて、\n　クレールに甘えてばかりだったし……」%K%P
%LCクレール
%LCクレール
「それのどこがいけないの？」%K%P
「それのどこがいけないの？」%K%P
%LCクレール
%LCクレール
「私は、素直に甘えてくれるほうが嬉しい。\n　やせ我慢されるより、弱音を吐いてくれたほうが、\n　ちゃんと寄り添ってあげられるから」%K%P
「私は、素直に甘えてくれるほうが嬉しい。\n　やせ我慢されるより、弱音を吐いてくれたほうが、\n　ちゃんと寄り添ってあげられるから」%K%P
%LCクレール
%LCクレール
「そういう意味で、今日の陽菜ちゃんは、\n　すっごくすっごく男の子だったわよ？」%K%P
「そういう意味で、今日の陽菜ちゃんは、\n　すっごくすっごく男の子だったわよ？」%K%P
%LC陽菜
%LC陽菜
「ん……」%K%P
「ん……」%K%P
%LCクレール
%LCクレール
「ふふっ、んふふっ歃n　陽菜ちゃん、大好きっ氈v%K%P
「ふふっ、んふふっ歃n　陽菜ちゃん、大好きっ氈v%K%P
照れて呻くオレを見て、クレールが笑う。%K%P
照れて呻くオレを見て、クレールが笑う。%K%P
困らされているのに、それがイヤじゃなくて、\nむしろ、くすぐったくて、心地良くて。%K%P
困らされているのに、それがイヤじゃなくて、\nむしろ、くすぐったくて、心地良くて。%K%P
ほんと、クレールって、すごい。%K%P
ほんと、クレールって、すごい。%K%P
