思いがけないアクシデントを乗り切り、\n少しそわそわしながら、週末を過ごして。%K%P
思いがけないアクシデントを乗り切り、\n少しそわそわしながら、週末を過ごして。%K%P
月曜の朝――８名の{騎士:ワルキュルア}は、\n再びテアトルの壇上に集まった。%K%P
月曜の朝――８名の{騎士:ワルキュルア}は、\n再びテアトルの壇上に集まった。%K%P
{連弾:デュオ}{舞闘:カデンツァ}のペア決め――、\nエンゲージ投票は、最後に波乱が待っていた。%K%P
{連弾:デュオ}{舞闘:カデンツァ}のペア決め――、\nエンゲージ投票は、最後に波乱が待っていた。%K%P
小夜さんと千波ちゃんは宣言通りにペアとなり、\nオレとクレール様も、無事にエンゲージ。%K%P
小夜さんと千波ちゃんは宣言通りにペアとなり、\nオレとクレール様も、無事にエンゲージ。%K%P
残り４人の組み合わせから、誰もが梨理ちゃんと\n美実様が姉妹でエンゲージするだろうと思っていた。%K%P
残り４人の組み合わせから、誰もが梨理ちゃんと\n美実様が姉妹でエンゲージするだろうと思っていた。%K%P
しかし――、%K%P
しかし――、%K%P
%LCニナ
%LCニナ
「なんとなんと、美実ちゃんと杏奈ちゃんが、\n　相思相愛でエンゲージ決定っ！」%K%P
「なんとなんと、美実ちゃんと杏奈ちゃんが、\n　相思相愛でエンゲージ決定っ！」%K%P
%LCニナ
%LCニナ
「この結果、最後の一組は、\n　依夜ちゃんと梨理ちゃんのペアとなりましたっ！」%K%P
「この結果、最後の一組は、\n　依夜ちゃんと梨理ちゃんのペアとなりましたっ！」%K%P
ニナさんの発表に、ざわつくホール内。%K%P
ニナさんの発表に、ざわつくホール内。%K%P
美実様と杏奈ちゃんが互いに投票していたため、\nこのふたりがペアを組むこととなったのだ。%K%P
美実様と杏奈ちゃんが互いに投票していたため、\nこのふたりがペアを組むこととなったのだ。%K%P
他３組が確定したことで、残った２人――、\n依夜様と梨理ちゃんが、ペアを組むことに。%K%P
他３組が確定したことで、残った２人――、\n依夜様と梨理ちゃんが、ペアを組むことに。%K%P
%LC依夜
%LC依夜
「よろしく、梨理」%K%P
「よろしく、梨理」%K%P
%LC梨理
%LC梨理
「ん……よろしく、です」%K%P
「ん……よろしく、です」%K%P
依夜様に挨拶された梨理ちゃんは、\nどことなく困った様子で、それだけ答えて。%K%P
依夜様に挨拶された梨理ちゃんは、\nどことなく困った様子で、それだけ答えて。%K%P
それからすぐ、姉である美実様を、\n恨めしそうにジトーっと見つめていた。%K%P
それからすぐ、姉である美実様を、\n恨めしそうにジトーっと見つめていた。%K%P
%LCニナ
%LCニナ
「それじゃ、ペアも出揃ったことだし、\n　続いてトーナメントの組み合わせ抽選ね」%K%P
「それじゃ、ペアも出揃ったことだし、\n　続いてトーナメントの組み合わせ抽選ね」%K%P
%LCニナ
%LCニナ
「それぞれに１つずつクジをひいてもらうから。\n　ペアごとに代表者を決めて、こちらに来て」%K%P
「それぞれに１つずつクジをひいてもらうから。\n　ペアごとに代表者を決めて、こちらに来て」%K%P
%LC千波
%LC千波
「小夜、任せていい？」%K%P
「小夜、任せていい？」%K%P
%LC小夜
%LC小夜
「もちろん」%K%P
「もちろん」%K%P
%LC陽菜
%LC陽菜
「私たちはどうしますか？」%K%P
「私たちはどうしますか？」%K%P
%LCクレール
%LCクレール
「……」%K%P
「……」%K%P
%LC陽菜
%LC陽菜
「あの、クレール様……？」%K%P
「あの、クレール様……？」%K%P
%LCクレール
%LCクレール
「えっ……？　あ、えっと――」%K%P
「えっ……？　あ、えっと――」%K%P
%LC陽菜
%LC陽菜
「トーナメントのクジ、どっちが引きますか？」%K%P
「トーナメントのクジ、どっちが引きますか？」%K%P
%LCクレール
%LCクレール
「あっ、えっと……それじゃあ、\n　陽菜ちゃんにお願いしてもいい？」%K%P
「あっ、えっと……それじゃあ、\n　陽菜ちゃんにお願いしてもいい？」%K%P
%LC陽菜
%LC陽菜
「わかりました」%K%P
「わかりました」%K%P
%LC美実
%LC美実
「杏奈、やっておしまいっ」%K%P
「杏奈、やっておしまいっ」%K%P
%LC杏奈
%LC杏奈
「えええっ？！　私ですかっ？」%K%P
「えええっ？！　私ですかっ？」%K%P
%LC美実
%LC美実
「どのペアと当たっても楽しそうだし。\n　ってわけで、気楽にお願いね？」%K%P
「どのペアと当たっても楽しそうだし。\n　ってわけで、気楽にお願いね？」%K%P
%LC杏奈
%LC杏奈
「はっ、はいっ」%K%P
「はっ、はいっ」%K%P
%LC依夜
%LC依夜
「梨理はクジを引きたい？」%K%P
「梨理はクジを引きたい？」%K%P
%LC梨理
%LC梨理
「私は別に、どっちでも……」%K%P
「私は別に、どっちでも……」%K%P
%LC依夜
%LC依夜
「そう。なら、私が引いてくるわ。\n　これ以上、迷惑はかけたくないもの」%K%P
「そう。なら、私が引いてくるわ。\n　これ以上、迷惑はかけたくないもの」%K%P
%LC梨理
%LC梨理
「迷惑……？　それ、どういう意味ですか？」%K%P
「迷惑……？　それ、どういう意味ですか？」%K%P
%LC依夜
%LC依夜
「言葉通りの意味よ。それと、覚えておいて。\n　どんな結果になっても、あなたに責任はないと」%K%P
「言葉通りの意味よ。それと、覚えておいて。\n　どんな結果になっても、あなたに責任はないと」%K%P
%LC梨理
%LC梨理
「む……」%K%P
「む……」%K%P
そうして、各ペアの代表者が抽選札を引いた結果、\nトーナメントの組み合わせが決定した。%K%P
そうして、各ペアの代表者が抽選札を引いた結果、\nトーナメントの組み合わせが決定した。%K%P
オレとクレール様の出番は、第一試合――、\n対戦相手は、依夜様と梨理ちゃんのペアだ。%K%P
オレとクレール様の出番は、第一試合――、\n対戦相手は、依夜様と梨理ちゃんのペアだ。%K%P
%LC依夜
%LC依夜
「陽菜とまた戦えるだなんて、とても楽しみ」%K%P
「陽菜とまた戦えるだなんて、とても楽しみ」%K%P
%LC陽菜
%LC陽菜
「私もです」%K%P
「私もです」%K%P
%LC梨理
%LC梨理
「センセが相手でも、手加減しませんから」%K%P
「センセが相手でも、手加減しませんから」%K%P
%LC陽菜
%LC陽菜
「もちろん。全力でかかってきてね」%K%P
「もちろん。全力でかかってきてね」%K%P
%LC梨理
%LC梨理
「当然です。……じゃあ、私はこれで」%K%P
「当然です。……じゃあ、私はこれで」%K%P
%LC依夜
%LC依夜
「あ……」%K%P
「あ……」%K%P
朝礼が終わり、他のペアが一緒に校舎へと戻る中、\n梨理ちゃんはそれだけ言うと一人で行ってしまった。%K%P
朝礼が終わり、他のペアが一緒に校舎へと戻る中、\n梨理ちゃんはそれだけ言うと一人で行ってしまった。%K%P
%LC依夜
%LC依夜
「やっぱり、私がパートナーだと、\n　やりづらいのかしら」%K%P
「やっぱり、私がパートナーだと、\n　やりづらいのかしら」%K%P
%LC陽菜
%LC陽菜
「やりづらいって……どうしてですか？\n　むしろ、頼もしいと思いますけど」%K%P
「やりづらいって……どうしてですか？\n　むしろ、頼もしいと思いますけど」%K%P
%LC美実
%LC美実
「そりゃ、単純に戦力として考えたらね」%K%P
「そりゃ、単純に戦力として考えたらね」%K%P
%LC美実
%LC美実
「でも、ペアを組むってことは、\n　そればっかりでもないでしょ？」%K%P
「でも、ペアを組むってことは、\n　そればっかりでもないでしょ？」%K%P
%LC陽菜
%LC陽菜
「それ、どういう意味ですか？」%K%P
「それ、どういう意味ですか？」%K%P
%LC美実
%LC美実
「依夜は２年連続{最優秀騎士:ブリランテ}なわけで、\n　当然、周囲から３年連続を期待されているわけ」%K%P
「依夜は２年連続{最優秀騎士:ブリランテ}なわけで、\n　当然、周囲から３年連続を期待されているわけ」%K%P
%LC美実
%LC美実
「そんな依夜と組んでもし負けたら、パートナーの\n　せいだ――とも、言われかねないわけだし」%K%P
「そんな依夜と組んでもし負けたら、パートナーの\n　せいだ――とも、言われかねないわけだし」%K%P
%LC美実
%LC美実
「まっ、銀蘭に通ってる子に限って、そんな陰口を\n　叩くような真似、しないとは思うけど――」%K%P
「まっ、銀蘭に通ってる子に限って、そんな陰口を\n　叩くような真似、しないとは思うけど――」%K%P
%LC美実
%LC美実
「可能性は、ゼロじゃないし。なにより、\n　梨理本人がそれを気にするかもしれない……」%K%P
「可能性は、ゼロじゃないし。なにより、\n　梨理本人がそれを気にするかもしれない……」%K%P
%LC美実
%LC美実
「――と、依夜は思ってるわけ。でしょ？」%K%P
「――と、依夜は思ってるわけ。でしょ？」%K%P
%LC依夜
%LC依夜
「うん」%K%P
「うん」%K%P
美実様の立て板に水な説明に、頷く依夜様。%K%P
美実様の立て板に水な説明に、頷く依夜様。%K%P
梨理ちゃんとエンゲージが決まった依夜様が\n気後れしてるように見えたのは、そういう訳か。%K%P
梨理ちゃんとエンゲージが決まった依夜様が\n気後れしてるように見えたのは、そういう訳か。%K%P
%LC美実
%LC美実
「とはいえ、梨理がピリピリしてるのは、\n　まったく違う理由だと思うけどね」%K%P
「とはいえ、梨理がピリピリしてるのは、\n　まったく違う理由だと思うけどね」%K%P
%LC陽菜
%LC陽菜
「美実様、なにか知ってるんですか？」%K%P
「美実様、なにか知ってるんですか？」%K%P
%LC美実
%LC美実
「まっ、色々と。なんたって姉妹だし」%K%P
「まっ、色々と。なんたって姉妹だし」%K%P
%LC陽菜
%LC陽菜
「って、そうだ、そうですよ。美実様、なんで\n　梨理ちゃんとエンゲージしなかったんですか？」%K%P
「って、そうだ、そうですよ。美実様、なんで\n　梨理ちゃんとエンゲージしなかったんですか？」%K%P
%LC美実
%LC美実
「そう言われても……ねぇ？　姉妹だからって、\n　ペア組まなきゃいけないわけでもないでしょ？」%K%P
「そう言われても……ねぇ？　姉妹だからって、\n　ペア組まなきゃいけないわけでもないでしょ？」%K%P
%LC陽菜
%LC陽菜
「それはそうですけど……」%K%P
「それはそうですけど……」%K%P
姉妹だしエンゲージするはず、というのは、\n美実様の言う通り、こちらの勝手な思い込みだ。%K%P
姉妹だしエンゲージするはず、というのは、\n美実様の言う通り、こちらの勝手な思い込みだ。%K%P
%LC美実
%LC美実
「昨日、学園の外で偶然杏奈と会ってね。\n　そのとき意気投合して、ペア組むことにしたの」%K%P
「昨日、学園の外で偶然杏奈と会ってね。\n　そのとき意気投合して、ペア組むことにしたの」%K%P
%LC陽菜
%LC陽菜
「学園の外？」%K%P
「学園の外？」%K%P
%LC杏奈
%LC杏奈
「近所のショッピングモールに行ったら、\n　ほんとにたまたま、美実様と遭遇しちゃって」%K%P
「近所のショッピングモールに行ったら、\n　ほんとにたまたま、美実様と遭遇しちゃって」%K%P
%LC杏奈
%LC杏奈
「で、一緒に買い物をしながら話すうち、\n　昔話に花が咲いて、エンゲージしようって」%K%P
「で、一緒に買い物をしながら話すうち、\n　昔話に花が咲いて、エンゲージしようって」%K%P
%LC陽菜
%LC陽菜
「そうだったんだ」%K%P
「そうだったんだ」%K%P
%LC杏奈
%LC杏奈
「けど……なんか、すみません。私のせいで、\n　梨理ちゃんと気まずい感じになっちゃって」%K%P
「けど……なんか、すみません。私のせいで、\n　梨理ちゃんと気まずい感じになっちゃって」%K%P
%LC美実
%LC美実
「杏奈がヘコむ必要ないでしょ？\n　私は私の意志で、杏奈に投票したんだし」%K%P
「杏奈がヘコむ必要ないでしょ？\n　私は私の意志で、杏奈に投票したんだし」%K%P
%LC杏奈
%LC杏奈
「それはすごく嬉しいですし、\n　ペアになれたことも、光栄なんですけど……」%K%P
「それはすごく嬉しいですし、\n　ペアになれたことも、光栄なんですけど……」%K%P
%LC杏奈
%LC杏奈
「本当に、私で良かったのかなぁ……なんて」%K%P
「本当に、私で良かったのかなぁ……なんて」%K%P
%LC美実
%LC美実
「よきよき。というか、杏奈と組めるなんて、\n　それはそれですっごく素敵なことだし」%K%P
「よきよき。というか、杏奈と組めるなんて、\n　それはそれですっごく素敵なことだし」%K%P
%LC美実
%LC美実
「それこそ、去年のこととか考えると、\n　万感胸に迫る！　って感じだもん」%K%P
「それこそ、去年のこととか考えると、\n　万感胸に迫る！　って感じだもん」%K%P
%LC杏奈
%LC杏奈
「あっ、はいっ。それに関しては激しく同意で」%K%P
「あっ、はいっ。それに関しては激しく同意で」%K%P
ちょっと落ち込みかけていた杏奈ちゃんの表情が、\n美実様の発言でパァッと明るさを取り戻す。%K%P
ちょっと落ち込みかけていた杏奈ちゃんの表情が、\n美実様の発言でパァッと明るさを取り戻す。%K%P
オレにはさっぱりわからないけど、二人には二人の、\nエンゲージに至る理由や事情があるってことだろう。%K%P
オレにはさっぱりわからないけど、二人には二人の、\nエンゲージに至る理由や事情があるってことだろう。%K%P
%LC美実
%LC美実
「それに、もし私が投票してなかったら、\n　杏奈は依夜と組むことになってたと思うよ？」%K%P
「それに、もし私が投票してなかったら、\n　杏奈は依夜と組むことになってたと思うよ？」%K%P
%LC杏奈
%LC杏奈
「うわ、それはそれで重圧凄そう――って、\n　すすすすみませんっ、依夜様本人の前で……！」%K%P
「うわ、それはそれで重圧凄そう――って、\n　すすすすみませんっ、依夜様本人の前で……！」%K%P
%LC依夜
%LC依夜
「気にしないで。それが普通の反応だと思う」%K%P
「気にしないで。それが普通の反応だと思う」%K%P
%LC美実
%LC美実
「まっ、梨理のことは心配してないけどね。\n　依夜ってこれでいてお母さん気質だし」%K%P
「まっ、梨理のことは心配してないけどね。\n　依夜ってこれでいてお母さん気質だし」%K%P
%LC陽菜
%LC陽菜
「お母さん……？」%K%P
「お母さん……？」%K%P
%LC美実
%LC美実
「そっ。これを機に梨理が依夜に懐いてくれたら、\n　私としては万々歳なんだけど」%K%P
「そっ。これを機に梨理が依夜に懐いてくれたら、\n　私としては万々歳なんだけど」%K%P
%LC依夜
%LC依夜
「お母さんというのは、よく分からないけれど……。\n　でも、私に出来ることはしてみるつもり」%K%P
「お母さんというのは、よく分からないけれど……。\n　でも、私に出来ることはしてみるつもり」%K%P
%LC依夜
%LC依夜
「それじゃあ、私も教室に戻るわ。\n　陽菜、クレール。本番では、よろしく」%K%P
「それじゃあ、私も教室に戻るわ。\n　陽菜、クレール。本番では、よろしく」%K%P
%LC陽菜
%LC陽菜
「あっ、はい――」%K%P
「あっ、はい――」%K%P
そうして依夜様たちが校舎へと戻っていく中、\nオレとクレール様だけが中庭に残った。%K%P
そうして依夜様たちが校舎へと戻っていく中、\nオレとクレール様だけが中庭に残った。%K%P
というのも、唯一センシブルであるクレール様は、\n戻り先の校舎がオレたちノーブルとは違うからだ。%K%P
というのも、唯一センシブルであるクレール様は、\n戻り先の校舎がオレたちノーブルとは違うからだ。%K%P
エンゲージしたばかりだし、出来ればもう少し、\nクレール様と一緒にいたいところだけど――、%K%P
エンゲージしたばかりだし、出来ればもう少し、\nクレール様と一緒にいたいところだけど――、%K%P
%LC陽菜
%LC陽菜
「クレール様。もしよければ、\n　もう少し先までご一緒してもいいですか？」%K%P
「クレール様。もしよければ、\n　もう少し先までご一緒してもいいですか？」%K%P
%LCクレール
%LCクレール
「……」%K%P
「……」%K%P
%LC陽菜
%LC陽菜
「クレール様……？　あの、クレール様っ」%K%P
「クレール様……？　あの、クレール様っ」%K%P
%LCクレール
%LCクレール
「えっ……あっ、えと、なに？」%K%P
「えっ……あっ、えと、なに？」%K%P
%LC陽菜
%LC陽菜
「センシブルの校舎へ戻りますよね？\n　途中まで、ご一緒できればと思ったんですけど」%K%P
「センシブルの校舎へ戻りますよね？\n　途中まで、ご一緒できればと思ったんですけど」%K%P
%LCクレール
%LCクレール
「あっ……うん、そうね。でも、陽菜ちゃんだって\n　自分の教室に戻らないといけないでしょう？」%K%P
「あっ……うん、そうね。でも、陽菜ちゃんだって\n　自分の教室に戻らないといけないでしょう？」%K%P
%LCクレール
%LCクレール
「センシブルの校舎に陽菜ちゃんがくると\n　騒ぎになるだろうし、ここで別れましょう」%K%P
「センシブルの校舎に陽菜ちゃんがくると\n　騒ぎになるだろうし、ここで別れましょう」%K%P
%LC陽菜
%LC陽菜
「ん……」%K%P
「ん……」%K%P
……なんか、おかしい。%K%P
……なんか、おかしい。%K%P
いつもだったら、こちらの提案に喜んで、\nハグをしてきそうなものだけど。%K%P
いつもだったら、こちらの提案に喜んで、\nハグをしてきそうなものだけど。%K%P
%LC陽菜
%LC陽菜
「あの……差し出がましいかもしれませんが、\n　クレール様、なにかあったんですか？」%K%P
「あの……差し出がましいかもしれませんが、\n　クレール様、なにかあったんですか？」%K%P
いつも賑やかな人なのに、今朝はずっと静かで、\nさっきだって、まるで会話に加わってこなかった。%K%P
いつも賑やかな人なのに、今朝はずっと静かで、\nさっきだって、まるで会話に加わってこなかった。%K%P
エンゲージ投票の最中も、ぼんやりとして、\n話しかけてもすぐに気付かないことがあったし。%K%P
エンゲージ投票の最中も、ぼんやりとして、\n話しかけてもすぐに気付かないことがあったし。%K%P
%LC陽菜
%LC陽菜
「ひょっとして、私とエンゲージしたこと、\n　後悔していたりとか……」%K%P
「ひょっとして、私とエンゲージしたこと、\n　後悔していたりとか……」%K%P
%LCクレール
%LCクレール
「なっ……ないないっ、それはないからっ。\n　そんなことあるわけないでしょう？」%K%P
「なっ……ないないっ、それはないからっ。\n　そんなことあるわけないでしょう？」%K%P
%LCクレール
%LCクレール
「今朝は、その……ちょっと考え事というか。\n　いろいろあって、少し寝不足だっただけ」%K%P
「今朝は、その……ちょっと考え事というか。\n　いろいろあって、少し寝不足だっただけ」%K%P
%LCクレール
%LCクレール
「陽菜ちゃんはなにも気にしなくていいの。\n　本当に、なんにも気にしないで大丈夫だから」%K%P
「陽菜ちゃんはなにも気にしなくていいの。\n　本当に、なんにも気にしないで大丈夫だから」%K%P
%LC陽菜
%LC陽菜
「はっ、はぁ……」%K%P
「はっ、はぁ……」%K%P
ぼんやりしていたかと思えば、\nいきなり早口でまくしたてられて、少し戸惑う。%K%P
ぼんやりしていたかと思えば、\nいきなり早口でまくしたてられて、少し戸惑う。%K%P
とはいえ、オレに心配をかけまいという、\nクレール様の気持ちはしっかりと伝わってきた。%K%P
とはいえ、オレに心配をかけまいという、\nクレール様の気持ちはしっかりと伝わってきた。%K%P
%LC陽菜
%LC陽菜
「わかりました。では、今朝はここで」%K%P
「わかりました。では、今朝はここで」%K%P
%LCクレール
%LCクレール
「うん。ごめんなさいね、本当に。\n　でも心配しないで。私は大丈夫だから」%K%P
「うん。ごめんなさいね、本当に。\n　でも心配しないで。私は大丈夫だから」%K%P
幾度も大丈夫と繰り返したあと、\nクレール様は小走りで行ってしまった。%K%P
幾度も大丈夫と繰り返したあと、\nクレール様は小走りで行ってしまった。%K%P
――その日の放課後。%K%P
――その日の放課後。%K%P
%LC美実
%LC美実
「やっほー、杏奈っ。迎えに来たよっ」%K%P
「やっほー、杏奈っ。迎えに来たよっ」%K%P
%LC杏奈
%LC杏奈
「美実様っ？！　わわっ、すみませんっ、\n　言ってくれれば私が迎えに行ったのに」%K%P
「美実様っ？！　わわっ、すみませんっ、\n　言ってくれれば私が迎えに行ったのに」%K%P
%LC美実
%LC美実
「いいのいいの。カップルになった以上、\n　私たちはただの先輩後輩じゃないんだし」%K%P
「いいのいいの。カップルになった以上、\n　私たちはただの先輩後輩じゃないんだし」%K%P
%LC杏奈
%LC杏奈
「カップルって」%K%P
「カップルって」%K%P
%LC美実
%LC美実
「エンゲージの名が示す通り、今後は仲睦まじく、\n　イチャイチャしながら本番に備えるってことで」%K%P
「エンゲージの名が示す通り、今後は仲睦まじく、\n　イチャイチャしながら本番に備えるってことで」%K%P
%LC杏奈
%LC杏奈
「やっ、ちょっ、どこさわってるんですかぁっ」%K%P
「やっ、ちょっ、どこさわってるんですかぁっ」%K%P
%LC美実
%LC美実
「ふふふ、よいではないかよいではないかー」%K%P
「ふふふ、よいではないかよいではないかー」%K%P
%LC杏奈
%LC杏奈
「よくないですっ、みんなの見てる前でっ！」%K%P
「よくないですっ、みんなの見てる前でっ！」%K%P
%LC美実
%LC美実
「へぇー？　見てないならいいんだ？\n　じゃ、部室行こっか？　いいよね？　杏奈」%K%P
「へぇー？　見てないならいいんだ？\n　じゃ、部室行こっか？　いいよね？　杏奈」%K%P
%LC杏奈
%LC杏奈
「うくっ……？！　ちょっ、陽菜ちゃんっ、\n　見てないで助けて、お隣さんでしょー！？」%K%P
「うくっ……？！　ちょっ、陽菜ちゃんっ、\n　見てないで助けて、お隣さんでしょー！？」%K%P
%LC陽菜
%LC陽菜
「ごめん。思わず圧倒されちゃって」%K%P
「ごめん。思わず圧倒されちゃって」%K%P
%LCクラスメートＡ
%LCクラスメートＡ
「美実様。元気だけが取り柄の子ですけど、\n　杏奈のこと、よろしくお願いします」%K%P
「美実様。元気だけが取り柄の子ですけど、\n　杏奈のこと、よろしくお願いします」%K%P
%LCクラスメートＢ
%LCクラスメートＢ
「美実様のお力で、うちの杏奈さんを、\n　是非、歌劇アリアに出演させてあげてください」%K%P
「美実様のお力で、うちの杏奈さんを、\n　是非、歌劇アリアに出演させてあげてください」%K%P
%LC美実
%LC美実
「おっけおっけ、任せといて」%K%P
「おっけおっけ、任せといて」%K%P
%LC美実
%LC美実
「と、いうことで。さっそくだけど、\n　部室に行って作戦会議しよ？　二人きりで」%K%P
「と、いうことで。さっそくだけど、\n　部室に行って作戦会議しよ？　二人きりで」%K%P
%LC杏奈
%LC杏奈
「あっ、あの、でも私、これから銀蘭祭の\n　出し物のことで、クラスのみんなと相談が――」%K%P
「あっ、あの、でも私、これから銀蘭祭の\n　出し物のことで、クラスのみんなと相談が――」%K%P
%LCクラスメートＡ
%LCクラスメートＡ
「なに言ってるの。トーナメントに出る{騎士:ワルキュルア}は、\n　そういうの免除だって知ってるくせに」%K%P
「なに言ってるの。トーナメントに出る{騎士:ワルキュルア}は、\n　そういうの免除だって知ってるくせに」%K%P
%LCクラスメートＢ
%LCクラスメートＢ
「せっかくの美実様のご厚意ですもの。\n　おふたりで作戦会議してらしてください」%K%P
「せっかくの美実様のご厚意ですもの。\n　おふたりで作戦会議してらしてください」%K%P
%LC美実
%LC美実
「はいっ！　というわけで、\n　可愛い{騎士:ワルキュルア}一名様ごあんなーいっ」%K%P
「はいっ！　というわけで、\n　可愛い{騎士:ワルキュルア}一名様ごあんなーいっ」%K%P
%LC杏奈
%LC杏奈
%XS21「にゅえええええええええ？！」%XE%K%P
%XS21「にゅえええええええええ？！」%XE%K%P
%LC陽菜
%LC陽菜
「行っちゃった……」%K%P
「行っちゃった……」%K%P
とはいえ、いざってとき真面目なのが美実様だし、\n変なことにはならないだろう。……たぶん。%K%P
とはいえ、いざってとき真面目なのが美実様だし、\n変なことにはならないだろう。……たぶん。%K%P
%LCクラスメートＣ
%LCクラスメートＣ
「ねねっ、陽菜ちゃんも、\n　クレール様のところに行ってきたら？」%K%P
「ねねっ、陽菜ちゃんも、\n　クレール様のところに行ってきたら？」%K%P
%LC陽菜
%LC陽菜
「けど、これからクラスのみんなで、\n　銀蘭祭の出し物について相談するんでしょ？」%K%P
「けど、これからクラスのみんなで、\n　銀蘭祭の出し物について相談するんでしょ？」%K%P
%LCクラスメートＡ
%LCクラスメートＡ
「それなら大丈夫。さっき杏奈にも言ったけど、\n　陽菜ちゃんたちは手伝わなくても平気だから」%K%P
「それなら大丈夫。さっき杏奈にも言ったけど、\n　陽菜ちゃんたちは手伝わなくても平気だから」%K%P
%LCクラスメートＢ
%LCクラスメートＢ
「トーナメントに出場する{騎士:ワルキュルア}は、\n　そちらを最優先するのが暗黙の決まりなんです」%K%P
「トーナメントに出場する{騎士:ワルキュルア}は、\n　そちらを最優先するのが暗黙の決まりなんです」%K%P
%LC陽菜
%LC陽菜
「それだと、みんなの負担が増えちゃうんじゃ」%K%P
「それだと、みんなの負担が増えちゃうんじゃ」%K%P
%LCクラスメートＣ
%LCクラスメートＣ
「いいのいいの。代表に選ばれた{騎士:ワルキュルア}の\n　フォローが出来るのって、名誉なことだし」%K%P
「いいのいいの。代表に選ばれた{騎士:ワルキュルア}の\n　フォローが出来るのって、名誉なことだし」%K%P
%LCクラスメートＢ
%LCクラスメートＢ
「私たちを慮るのであれば、素敵な{舞闘:カデンツァ}を\n　披露することに、全力を注いでくださいな」%K%P
「私たちを慮るのであれば、素敵な{舞闘:カデンツァ}を\n　披露することに、全力を注いでくださいな」%K%P
%LCクラスメートＡ
%LCクラスメートＡ
「そういうこと。だから、出し物のことは気にせず、\n　陽菜ちゃんもクレール様と親睦を深めてきて」%K%P
「そういうこと。だから、出し物のことは気にせず、\n　陽菜ちゃんもクレール様と親睦を深めてきて」%K%P
%LCクラスメートＣ
%LCクラスメートＣ
「週末の試合、楽しみにしてるからねっ！」%K%P
「週末の試合、楽しみにしてるからねっ！」%K%P
そうして、みんなに見送られて教室の外へ。%K%P
そうして、みんなに見送られて教室の外へ。%K%P
さっきの美実様ほど積極的にはなれないけれど、\nクレール様と親睦を深めたいという気持ちはある。%K%P
さっきの美実様ほど積極的にはなれないけれど、\nクレール様と親睦を深めたいという気持ちはある。%K%P
{連弾:デュオ}{舞闘:カデンツァ}という形式は、\n他の競技でいうなら、ダブルスのようなものだ。%K%P
{連弾:デュオ}{舞闘:カデンツァ}という形式は、\n他の競技でいうなら、ダブルスのようなものだ。%K%P
必然、チームワークは重要になるだろうし、\nそれこそ、作戦会議をやっておいて損はない。%K%P
必然、チームワークは重要になるだろうし、\nそれこそ、作戦会議をやっておいて損はない。%K%P
それに、本人は大丈夫だって言っていたけど、\n今朝のクレール様の様子、やっぱり気になるし。%K%P
それに、本人は大丈夫だって言っていたけど、\n今朝のクレール様の様子、やっぱり気になるし。%K%P
となったら、いざ、クレール様のもとへ。%K%P
となったら、いざ、クレール様のもとへ。%K%P
２度目の訪問となるセンシブルの校舎には、\n前回と違って、たくさんの学生が残っていた。%K%P
２度目の訪問となるセンシブルの校舎には、\n前回と違って、たくさんの学生が残っていた。%K%P
ノーブルと同じように、どこのクラスでも、\n銀蘭祭に向け、着々と準備を進めているようだ。%K%P
ノーブルと同じように、どこのクラスでも、\n銀蘭祭に向け、着々と準備を進めているようだ。%K%P
前回の反省を踏まえて、今回はきちんと、\nクレール様の教室までの最短ルートを調べてきた。%K%P
前回の反省を踏まえて、今回はきちんと、\nクレール様の教室までの最短ルートを調べてきた。%K%P
見つかってしまうと騒ぎになるかもなので、\nなるべく目立たないように、こそこそっと――、%K%P
見つかってしまうと騒ぎになるかもなので、\nなるべく目立たないように、こそこそっと――、%K%P
よしっ、到着っ。%K%P
よしっ、到着っ。%K%P
あとは肝心のクレール様がいてくれれば――、%K%P
あとは肝心のクレール様がいてくれれば――、%K%P
%LC陽菜
%LC陽菜
「失礼します、ノーブル２年の卯花陽菜です。\n　こちらにクレール様は――」%K%P
「失礼します、ノーブル２年の卯花陽菜です。\n　こちらにクレール様は――」%K%P
%LC女学生Ａ
%LC女学生Ａ
「まあ見てっ、陽菜ちゃんよっ！」%K%P
「まあ見てっ、陽菜ちゃんよっ！」%K%P
%LC女学生Ｂ
%LC女学生Ｂ
「あらあら本当っ、噂をすればというやつねっ！」%K%P
「あらあら本当っ、噂をすればというやつねっ！」%K%P
%LC陽菜
%LC陽菜
「え……？　えっ、あ、あのっ……？！」%K%P
「え……？　えっ、あ、あのっ……？！」%K%P
ノックして教室内を覗き込んだら、\n一瞬にして１０人近い上級生に囲まれてしまった。%K%P
ノックして教室内を覗き込んだら、\n一瞬にして１０人近い上級生に囲まれてしまった。%K%P
%LC女学生Ａ
%LC女学生Ａ
「私たち、ちょうどいま、\n　陽菜ちゃんの話をしていたところなのよ」%K%P
「私たち、ちょうどいま、\n　陽菜ちゃんの話をしていたところなのよ」%K%P
%LC陽菜
%LC陽菜
「私の、ですか？　それってやっぱり、\n　クレール様とエンゲージした件で――」%K%P
「私の、ですか？　それってやっぱり、\n　クレール様とエンゲージした件で――」%K%P
%LC女学生Ｂ
%LC女学生Ｂ
「それもだけれど、メインはこちら。\n　ほら、これをご覧になって」%K%P
「それもだけれど、メインはこちら。\n　ほら、これをご覧になって」%K%P
%LC陽菜
%LC陽菜
「これ、{歌姫:ディーバ}のドレス――」%K%P
「これ、{歌姫:ディーバ}のドレス――」%K%P
%LC女学生Ａ
%LC女学生Ａ
「まあまあ、陽菜ちゃん、よくご存じね。\n　ノーブルの子はまだ見ていないはずなのに」%K%P
「まあまあ、陽菜ちゃん、よくご存じね。\n　ノーブルの子はまだ見ていないはずなのに」%K%P
%LC陽菜
%LC陽菜
「あっ、えと……実は先日、クレール様が\n　縫っていたところを、たまたま拝見したんです」%K%P
「あっ、えと……実は先日、クレール様が\n　縫っていたところを、たまたま拝見したんです」%K%P
%LC陽菜
%LC陽菜
「ひょっとして、ノーブルの学生は、\n　本番まで見ちゃいけなかったんですか？」%K%P
「ひょっとして、ノーブルの学生は、\n　本番まで見ちゃいけなかったんですか？」%K%P
%LC女学生Ｂ
%LC女学生Ｂ
「いいえ、そんなことはないわ。\n　本番の楽しみと驚きが減ってしまうけれどね」%K%P
「いいえ、そんなことはないわ。\n　本番の楽しみと驚きが減ってしまうけれどね」%K%P
%LC女学生Ｃ
%LC女学生Ｃ
「そういえば陽菜さん、先ほどクレールの所在を\n　気になさっていたようだけど――」%K%P
「そういえば陽菜さん、先ほどクレールの所在を\n　気になさっていたようだけど――」%K%P
%LC陽菜
%LC陽菜
「はい。私、クレール様に\n　会いに来たんですけど……」%K%P
「はい。私、クレール様に\n　会いに来たんですけど……」%K%P
囲んでいる学生の隙間から見渡したけど、\n教室内にクレール様は見当たらなかった。%K%P
囲んでいる学生の隙間から見渡したけど、\n教室内にクレール様は見当たらなかった。%K%P
もしクレール様がいたのなら、先陣切って、\nオレを取り囲む輪に加わっていたことだろう。%K%P
もしクレール様がいたのなら、先陣切って、\nオレを取り囲む輪に加わっていたことだろう。%K%P
%LC女学生Ａ
%LC女学生Ａ
「あいにく、クレールは退席中よ。\n　鞄もあるし、じき戻るとは思うけれど」%K%P
「あいにく、クレールは退席中よ。\n　鞄もあるし、じき戻るとは思うけれど」%K%P
%LC女学生Ｂ
%LC女学生Ｂ
「確か、学園長に用があると言っていたわ」%K%P
「確か、学園長に用があると言っていたわ」%K%P
%LC陽菜
%LC陽菜
「そうだったんですね。\n　なら、学園長室に行ってみます」%K%P
「そうだったんですね。\n　なら、学園長室に行ってみます」%K%P
%LC女学生Ａ
%LC女学生Ａ
「行き違いになってしまうかもしれないし、\n　よかったら、ここで待っていたら？」%K%P
「行き違いになってしまうかもしれないし、\n　よかったら、ここで待っていたら？」%K%P
%LC女学生Ｂ
%LC女学生Ｂ
「ええ、ええ。それがいいわ。そうすべきよ」%K%P
「ええ、ええ。それがいいわ。そうすべきよ」%K%P
%LC陽菜
%LC陽菜
「そうは言っても、ご迷惑では……」%K%P
「そうは言っても、ご迷惑では……」%K%P
%LC女学生Ｃ
%LC女学生Ｃ
「ぜんぜんっ。ちっとも迷惑なんかじゃないわ。\n　ねぇ？　みなさん」%K%P
「ぜんぜんっ。ちっとも迷惑なんかじゃないわ。\n　ねぇ？　みなさん」%K%P
%LCクラス一同
%LCクラス一同
%XS21「「「もちろんですともっ！」」」%XE%K%P
%XS21「「「もちろんですともっ！」」」%XE%K%P
%LC陽菜
%LC陽菜
「あは、あはは……」%K%P
「あは、あはは……」%K%P
うちのクラスも息ぴったりなとこがあるけど、\n学科や学年が違っても、そういうのって同じらしい。%K%P
うちのクラスも息ぴったりなとこがあるけど、\n学科や学年が違っても、そういうのって同じらしい。%K%P
とはいえ、確かに行き違うのは困るし、\nここで待たせてもらったほうが確実そうだ。%K%P
とはいえ、確かに行き違うのは困るし、\nここで待たせてもらったほうが確実そうだ。%K%P
ただ、先日は４人相手に圧倒されてしまった\nセンシブルのお姉様が、ここには２０人近くいる。%K%P
ただ、先日は４人相手に圧倒されてしまった\nセンシブルのお姉様が、ここには２０人近くいる。%K%P
何事も起きないといいんだけど――、%K%P
何事も起きないといいんだけど――、%K%P
%LC女学生Ｄ
%LC女学生Ｄ
「じー……」%K%P
「じー……」%K%P
%LC陽菜
%LC陽菜
「あの……なにか、私についてますか？」%K%P
「あの……なにか、私についてますか？」%K%P
%LC女学生Ｄ
%LC女学生Ｄ
「……そっくり」%K%P
「……そっくり」%K%P
%LC陽菜
%LC陽菜
「はい？」%K%P
「はい？」%K%P
%LC女学生Ｄ
%LC女学生Ｄ
「今年の{歌姫:ディーバ}――睦月さんと、\n　陽菜さんの体型、やっぱりよく似てる」%K%P
「今年の{歌姫:ディーバ}――睦月さんと、\n　陽菜さんの体型、やっぱりよく似てる」%K%P
%LC女学生Ｂ
%LC女学生Ｂ
「そうよねそうよね。さっきまで私たち、\n　その話題で盛り上がっていたところなの」%K%P
「そうよねそうよね。さっきまで私たち、\n　その話題で盛り上がっていたところなの」%K%P
%LC陽菜
%LC陽菜
「ああ……。それ、クレール様にも言われました。\n　で、{歌姫:ディーバ}のドレスの試着を頼まれて――」%K%P
「ああ……。それ、クレール様にも言われました。\n　で、{歌姫:ディーバ}のドレスの試着を頼まれて――」%K%P
%LCクラス一同
%LCクラス一同
%XS21「えええええええええええ！？」%XE%K%P
%XS21「えええええええええええ！？」%XE%K%P
%LC女学生Ｄ
%LC女学生Ｄ
「試着って……陽菜さんが？　このドレスを？\n　試着なさったの？」%K%P
「試着って……陽菜さんが？　このドレスを？\n　試着なさったの？」%K%P
%LC陽菜
%LC陽菜
「ええ、まあ……。\n　クレール様に、どうしてもって頼まれて」%K%P
「ええ、まあ……。\n　クレール様に、どうしてもって頼まれて」%K%P
%LC女学生Ａ
%LC女学生Ａ
「ズルいっ！！　そんなことがあったなんて、\n　クレール一言も言ってくれなかったしっ！」%K%P
「ズルいっ！！　そんなことがあったなんて、\n　クレール一言も言ってくれなかったしっ！」%K%P
%LC女学生Ｂ
%LC女学生Ｂ
「そういえばクレール、ドレスに関して、\n　やけに具体的な修正案を出していたけれど――」%K%P
「そういえばクレール、ドレスに関して、\n　やけに具体的な修正案を出していたけれど――」%K%P
%LC陽菜
%LC陽菜
「私が試着したときに、メモをとっていたので、\n　おそらくは、それじゃないかと」%K%P
「私が試着したときに、メモをとっていたので、\n　おそらくは、それじゃないかと」%K%P
%LC女学生Ａ
%LC女学生Ａ
%XS21「ズルいっ！！」%XE%K%P
%XS21「ズルいっ！！」%XE%K%P
%LC女学生Ｄ
%LC女学生Ｄ
「ねえ、陽菜さん。よかったら今ここで、\n　もう一度ドレスを試着してくださらない？」%K%P
「ねえ、陽菜さん。よかったら今ここで、\n　もう一度ドレスを試着してくださらない？」%K%P
%LC陽菜
%LC陽菜
「……え？」%K%P
「……え？」%K%P
%LC女学生Ｃ
%LC女学生Ｃ
「いいっ！　それいいっ！　ぜひ着替えて、\n　私たちにも可憐な姿を披露してくださいなっ」%K%P
「いいっ！　それいいっ！　ぜひ着替えて、\n　私たちにも可憐な姿を披露してくださいなっ」%K%P
%LC陽菜
%LC陽菜
「それはちょっと、困るというか。\n　今日は、時間もあまりないですし……」%K%P
「それはちょっと、困るというか。\n　今日は、時間もあまりないですし……」%K%P
%LC女学生Ｄ
%LC女学生Ｄ
「大丈夫よ、陽菜さん。私たちセンシブルは、\n　授業で着付けの心得を修めているから」%K%P
「大丈夫よ、陽菜さん。私たちセンシブルは、\n　授業で着付けの心得を修めているから」%K%P
%LC女学生Ｄ
%LC女学生Ｄ
「ここにいる全員でかかれば、\n　４０秒と掛からず着替えさせてみせるわ」%K%P
「ここにいる全員でかかれば、\n　４０秒と掛からず着替えさせてみせるわ」%K%P
%LC陽菜
%LC陽菜
「あうっ」%K%P
「あうっ」%K%P
具体的な理由があったほうがいいと思い、\n時間を口実に断ったら、まさかの展開に。%K%P
具体的な理由があったほうがいいと思い、\n時間を口実に断ったら、まさかの展開に。%K%P
この人数によってたかって脱がされたら、\n絶対に、あっちゃいけない膨らみに気付かれる。%K%P
この人数によってたかって脱がされたら、\n絶対に、あっちゃいけない膨らみに気付かれる。%K%P
ひとまず逃げ――ようにも、いつの間にか、\nぐるっと囲まれていて、まさに四面楚歌。%K%P
ひとまず逃げ――ようにも、いつの間にか、\nぐるっと囲まれていて、まさに四面楚歌。%K%P
%LC女学生Ａ
%LC女学生Ａ
「さあ、陽菜さん。お覚悟、よろしくて？」%K%P
「さあ、陽菜さん。お覚悟、よろしくて？」%K%P
%LC女学生Ｂ
%LC女学生Ｂ
「安心なさって、痛くしませんから」%K%P
「安心なさって、痛くしませんから」%K%P
手をわきわきさせつつ、にじり寄るお姉様方。%K%P
手をわきわきさせつつ、にじり寄るお姉様方。%K%P
そのプレッシャーたるや、\nこの場の全員が美実様みたいなものだった。%K%P
そのプレッシャーたるや、\nこの場の全員が美実様みたいなものだった。%K%P
どうしよう、どうしようどうしよう。\nこんなところで女装がバレたら、大変な騒ぎに――、%K%P
どうしよう、どうしようどうしよう。\nこんなところで女装がバレたら、大変な騒ぎに――、%K%P
%LCクレール
%LCクレール
「みんな、なにを騒いでいるの？」%K%P
「みんな、なにを騒いでいるの？」%K%P
%LC陽菜
%LC陽菜
「クレール様っ……？！」%K%P
「クレール様っ……？！」%K%P
%LCクレール
%LCクレール
「陽菜ちゃん……。どうしてここに？」%K%P
「陽菜ちゃん……。どうしてここに？」%K%P
%LC女学生Ａ
%LC女学生Ａ
「クレールに会いに来たそうよ。でも、\n　その件は少し後回しにしてもらっていい？」%K%P
「クレールに会いに来たそうよ。でも、\n　その件は少し後回しにしてもらっていい？」%K%P
%LC女学生Ａ
%LC女学生Ａ
「今からこの{歌姫:ディーバ}のドレスを、\n　陽菜ちゃんに着せてあげるところなのっ！」%K%P
「今からこの{歌姫:ディーバ}のドレスを、\n　陽菜ちゃんに着せてあげるところなのっ！」%K%P
%LCクレール
%LCクレール
「{歌姫:ディーバ}のドレスを、陽菜ちゃんに――」%K%P
「{歌姫:ディーバ}のドレスを、陽菜ちゃんに――」%K%P
――あ、終わった。詰んだ。詰みました。%K%P
――あ、終わった。詰んだ。詰みました。%K%P
オレが知る限り、クレール様ってこういうとき、\n率先して脱がせようとしてくるタイプだ。%K%P
オレが知る限り、クレール様ってこういうとき、\n率先して脱がせようとしてくるタイプだ。%K%P
普通の学生なら逃げようもあったけど、\nクレール様が相手じゃ、かなり厳しい。%K%P
普通の学生なら逃げようもあったけど、\nクレール様が相手じゃ、かなり厳しい。%K%P
って、わわっ、クレール様がこっちに――、%K%P
って、わわっ、クレール様がこっちに――、%K%P
%LCクレール
%LCクレール
「もう、ダメでしょう、みんな。\n　陽菜ちゃんが怯えているじゃないの」%K%P
「もう、ダメでしょう、みんな。\n　陽菜ちゃんが怯えているじゃないの」%K%P
%LC陽菜
%LC陽菜
「……え？」%K%P
「……え？」%K%P
いよいよダメだと諦めかけた次の瞬間、\nオレはクレール様にハグされていた。%K%P
いよいよダメだと諦めかけた次の瞬間、\nオレはクレール様にハグされていた。%K%P
身体の自由を奪うような感じじゃなく、\n回りからオレを守るような、優しい抱擁だった。%K%P
身体の自由を奪うような感じじゃなく、\n回りからオレを守るような、優しい抱擁だった。%K%P
%LCクレール
%LCクレール
「陽菜ちゃん、確認させて。\n　ドレスを着ること、承諾したの？」%K%P
「陽菜ちゃん、確認させて。\n　ドレスを着ること、承諾したの？」%K%P
%LC陽菜
%LC陽菜
「してません。ちゃんとお断りしました」%K%P
「してません。ちゃんとお断りしました」%K%P
%LCクレール
%LCクレール
「こう言ってるけど？　みんな、どうなの？」%K%P
「こう言ってるけど？　みんな、どうなの？」%K%P
%LC女学生Ａ
%LC女学生Ａ
「それは……確かに、断られたけど……」%K%P
「それは……確かに、断られたけど……」%K%P
%LC女学生Ｃ
%LC女学生Ｃ
「でも、陽菜さん自身が、クレールに頼まれて、\n　試着をしたってお話をしてくれたのよ？」%K%P
「でも、陽菜さん自身が、クレールに頼まれて、\n　試着をしたってお話をしてくれたのよ？」%K%P
%LCクレール
%LCクレール
「確かに私は試着をお願いしたし、\n　陽菜ちゃんもドレスを着てくれたけど――」%K%P
「確かに私は試着をお願いしたし、\n　陽菜ちゃんもドレスを着てくれたけど――」%K%P
%LCクレール
%LCクレール
「でもね、それはお互いに合意した上での話よ。\n　強引に着替えさせるなんて真似はしてないわ」%K%P
「でもね、それはお互いに合意した上での話よ。\n　強引に着替えさせるなんて真似はしてないわ」%K%P
%LCクレール
%LCクレール
「まったく、よってたかって、こんなことをして。\n　みんな、陽菜ちゃんに嫌われても知らないわよ？」%K%P
「まったく、よってたかって、こんなことをして。\n　みんな、陽菜ちゃんに嫌われても知らないわよ？」%K%P
%LC女学生一同
%LC女学生一同
「ん……」%K%P
「ん……」%K%P
クレール様の言葉に、見事に意気消沈し、\n困った様子で顔を見合わせるお姉様たち。%K%P
クレール様の言葉に、見事に意気消沈し、\n困った様子で顔を見合わせるお姉様たち。%K%P
……これ、ひょっとして、助かった感じ……？%K%P
……これ、ひょっとして、助かった感じ……？%K%P
%LCクレール
%LCクレール
「陽菜ちゃん」%K%P
「陽菜ちゃん」%K%P
%LC陽菜
%LC陽菜
「はっ、はい」%K%P
「はっ、はい」%K%P
%LCクレール
%LCクレール
「ごめんなさい。怖い思いをさせてしまって」%K%P
「ごめんなさい。怖い思いをさせてしまって」%K%P
%LCクレール
%LCクレール
「みんな、あなたのことが大好きだから。\n　突然の来訪に浮き足立ってしまったんだと思うわ」%K%P
「みんな、あなたのことが大好きだから。\n　突然の来訪に浮き足立ってしまったんだと思うわ」%K%P
%LC女学生Ａ
%LC女学生Ａ
「ごめんなさい、陽菜ちゃん。クレールの言う通り、\n　私たち、つい取り乱してしまって……」%K%P
「ごめんなさい、陽菜ちゃん。クレールの言う通り、\n　私たち、つい取り乱してしまって……」%K%P
%LC陽菜
%LC陽菜
「いえ。こちらこそ、断ってしまってすみません」%K%P
「いえ。こちらこそ、断ってしまってすみません」%K%P
%LC陽菜
%LC陽菜
「ただ、その……この前着てみたら、\n　思っていた以上に、恥ずかしかったので」%K%P
「ただ、その……この前着てみたら、\n　思っていた以上に、恥ずかしかったので」%K%P
人前では着替えられない、とは言えないので、\nそれっぽい理由を付け足して誤魔化す。%K%P
人前では着替えられない、とは言えないので、\nそれっぽい理由を付け足して誤魔化す。%K%P
実際、{歌姫:ディーバ}のドレスを着てみて、\nすごく恥ずかしかったのは本当のことだ。%K%P
実際、{歌姫:ディーバ}のドレスを着てみて、\nすごく恥ずかしかったのは本当のことだ。%K%P
あれならフィエルテのほうがよっぽどマシ――って、\nそれはそれで、ちょっとマズい感覚かもだけど。%K%P
あれならフィエルテのほうがよっぽどマシ――って、\nそれはそれで、ちょっとマズい感覚かもだけど。%K%P
%LCクレール
%LCクレール
「それで？　会いに来たって言っていたけど、\n　陽菜ちゃん、私に何かご用？」%K%P
「それで？　会いに来たって言っていたけど、\n　陽菜ちゃん、私に何かご用？」%K%P
%LC陽菜
%LC陽菜
「ええと……エンゲージしたわけですし、\n　一緒に練習でも、どうかなって」%K%P
「ええと……エンゲージしたわけですし、\n　一緒に練習でも、どうかなって」%K%P
本当は親睦を深めにやってきたわけだけど、\nそのまま言うのも、ちょっと照れくさい。%K%P
本当は親睦を深めにやってきたわけだけど、\nそのまま言うのも、ちょっと照れくさい。%K%P
とはいえ、一緒にトレーニングをすれば、\n自然と仲良くなれるはずだ。%K%P
とはいえ、一緒にトレーニングをすれば、\n自然と仲良くなれるはずだ。%K%P
%LCクレール
%LCクレール
「そう。じゃあ、これから一緒に、\n　トレーニングルームに行きましょうか」%K%P
「そう。じゃあ、これから一緒に、\n　トレーニングルームに行きましょうか」%K%P
%LC陽菜
%LC陽菜
「ありがとうございます」%K%P
「ありがとうございます」%K%P
%LCクレール
%LCクレール
「もう、他人行儀なんだから。エンゲージしたんだし、\n　もう少し砕けた感じでも構わないのに」%K%P
「もう、他人行儀なんだから。エンゲージしたんだし、\n　もう少し砕けた感じでも構わないのに」%K%P
%LC陽菜
%LC陽菜
「お気持ちはありがたいんですが、\n　いきなりは、ちょっと……」%K%P
「お気持ちはありがたいんですが、\n　いきなりは、ちょっと……」%K%P
%LCクレール
%LCクレール
「ふふっ、そうね。なら、そのうちに」%K%P
「ふふっ、そうね。なら、そのうちに」%K%P
ということで、\nやってきましたトレーニングルーム。%K%P
ということで、\nやってきましたトレーニングルーム。%K%P
普段なら放課後は賑わっているこの場所も、\n今日は閑散としていて、オレたち以外に人影はない。%K%P
普段なら放課後は賑わっているこの場所も、\n今日は閑散としていて、オレたち以外に人影はない。%K%P
銀蘭祭まで、あと２週間――本番までの期間中は、\nノーブルもセンシブルも、みんな準備で大忙し。%K%P
銀蘭祭まで、あと２週間――本番までの期間中は、\nノーブルもセンシブルも、みんな準備で大忙し。%K%P
そのため、いまこの場所へ足を運ぶのは、\nトーナメントに出場する{騎士:ワルキュルア}だけらしい。%K%P
そのため、いまこの場所へ足を運ぶのは、\nトーナメントに出場する{騎士:ワルキュルア}だけらしい。%K%P
クラスの子も言っていたけど、選ばれた{騎士:ワルキュルア}は、\n素晴らしい{舞闘:カデンツァ}を披露するのが、\n銀蘭祭における、なによりも大切な役目だからだ。%K%P
クラスの子も言っていたけど、選ばれた{騎士:ワルキュルア}は、\n素晴らしい{舞闘:カデンツァ}を披露するのが、\n銀蘭祭における、なによりも大切な役目だからだ。%K%P
%LC陽菜
%LC陽菜
「急なお誘いでしたけど、クレール様、\n　フィエルテとクラージュは携帯してますか？」%K%P
「急なお誘いでしたけど、クレール様、\n　フィエルテとクラージュは携帯してますか？」%K%P
%LCクレール
%LCクレール
「うん。かさばらないから楽でいいわよね」%K%P
「うん。かさばらないから楽でいいわよね」%K%P
%LC陽菜
%LC陽菜
「ほんと、そうなんですよね」%K%P
「ほんと、そうなんですよね」%K%P
しみじみ頷いてしまったけど、\n実際、フェンシングや剣道だとこうはいかない。%K%P
しみじみ頷いてしまったけど、\n実際、フェンシングや剣道だとこうはいかない。%K%P
どちらの道具もかさばるし、メンテも大変だ。%K%P
どちらの道具もかさばるし、メンテも大変だ。%K%P
対して{騎士道:シュバルリィ}の{舞闘:カデンツァ}は、\n本当に、気軽に道具を持ち運ぶことができる。%K%P
対して{騎士道:シュバルリィ}の{舞闘:カデンツァ}は、\n本当に、気軽に道具を持ち運ぶことができる。%K%P
最大の魅力は立体映像かもしれないけど、他の所も、\n色々と考えられてるんだよね、{舞闘:カデンツァ}って。%K%P
最大の魅力は立体映像かもしれないけど、他の所も、\n色々と考えられてるんだよね、{舞闘:カデンツァ}って。%K%P
%LCクレール
%LCクレール
「それで、どこで着替えればいいの？」%K%P
「それで、どこで着替えればいいの？」%K%P
%LC陽菜
%LC陽菜
「あっ、そっか。クレール様、\n　ここを利用するのは初めてなんですよね」%K%P
「あっ、そっか。クレール様、\n　ここを利用するのは初めてなんですよね」%K%P
%LCクレール
%LCクレール
「そうよ。杏奈ちゃんを応援しにきたときは、\n　私はただの留学生だったから」%K%P
「そうよ。杏奈ちゃんを応援しにきたときは、\n　私はただの留学生だったから」%K%P
%LC陽菜
%LC陽菜
「あのときはクレール様が{最優秀騎士:ブリランテ}だなんて、\n　夢にも思ってませんでした」%K%P
「あのときはクレール様が{最優秀騎士:ブリランテ}だなんて、\n　夢にも思ってませんでした」%K%P
杏奈ちゃんの練習にみんなで付き合ったのが、\nかなり昔の出来事に思えてしまう。%K%P
杏奈ちゃんの練習にみんなで付き合ったのが、\nかなり昔の出来事に思えてしまう。%K%P
あれから、まだそれほど経っていないんだけど。%K%P
あれから、まだそれほど経っていないんだけど。%K%P
%LC陽菜
%LC陽菜
「隣に更衣室があるんです。\n　シャワーもあって快適ですよ」%K%P
「隣に更衣室があるんです。\n　シャワーもあって快適ですよ」%K%P
%LC陽菜
%LC陽菜
「私も着替えますし、案内しますね」%K%P
「私も着替えますし、案内しますね」%K%P
%LCクレール
%LCクレール
「って……ひょっとして陽菜ちゃん、\n　私と一緒に着替えるの？」%K%P
「って……ひょっとして陽菜ちゃん、\n　私と一緒に着替えるの？」%K%P
%LC陽菜
%LC陽菜
「一緒と言えば一緒ですけど、\n　更衣スペースは個室になってますから」%K%P
「一緒と言えば一緒ですけど、\n　更衣スペースは個室になってますから」%K%P
でないと、{騎士道:シュバルリィ}の授業のたび、\nオレが大変なことになってしまう。%K%P
でないと、{騎士道:シュバルリィ}の授業のたび、\nオレが大変なことになってしまう。%K%P
%LCクレール
%LCクレール
「ほっ……なんだ、そうなのね。よかった」%K%P
「ほっ……なんだ、そうなのね。よかった」%K%P
%LC陽菜
%LC陽菜
「よかったって……もしかしてクレール様も、\n　人前で着替えるの恥ずかしいんですか？」%K%P
「よかったって……もしかしてクレール様も、\n　人前で着替えるの恥ずかしいんですか？」%K%P
%LCクレール
%LCクレール
「違うわ、私は陽菜ちゃんを心配したの。\n　人前で着替えるの、恥ずかしがっていたから」%K%P
「違うわ、私は陽菜ちゃんを心配したの。\n　人前で着替えるの、恥ずかしがっていたから」%K%P
%LC陽菜
%LC陽菜
「ああ……。{歌姫:ディーバ}のドレスを\n　試着したときのこと、ですよね」%K%P
「ああ……。{歌姫:ディーバ}のドレスを\n　試着したときのこと、ですよね」%K%P
%LCクレール
%LCクレール
「それもだけど、ほら。\n　以前に、乙女部の部室で――」%K%P
「それもだけど、ほら。\n　以前に、乙女部の部室で――」%K%P
%LCクレール
%LCクレール
「あー……ん、んぅ……」%K%P
「あー……ん、んぅ……」%K%P
%LC陽菜
%LC陽菜
「クレール様……？　どうしたんですか？」%K%P
「クレール様……？　どうしたんですか？」%K%P
%LCクレール
%LCクレール
「えっ、あっ、その、なんでもないの。\n　ちょっと……色々と思い出しちゃって」%K%P
「えっ、あっ、その、なんでもないの。\n　ちょっと……色々と思い出しちゃって」%K%P
%LC陽菜
%LC陽菜
「思い出すって……ああ、アレですか」%K%P
「思い出すって……ああ、アレですか」%K%P
%LCクレール
%LCクレール
「アレっ？！」%K%P
「アレっ？！」%K%P
%LC陽菜
%LC陽菜
「私の下着を確かめようと、みんなで結託して、\n　服を脱がせようとしてきたときのことでしょ？」%K%P
「私の下着を確かめようと、みんなで結託して、\n　服を脱がせようとしてきたときのことでしょ？」%K%P
この流れで、乙女部の部室での出来事といえば、\nそれぐらいしか思い当たることがない。%K%P
この流れで、乙女部の部室での出来事といえば、\nそれぐらいしか思い当たることがない。%K%P
%LC陽菜
%LC陽菜
「睦月さんが来てくれたから助かりましたけど。\n　彼女がいなかったら、どうなっていたことか……」%K%P
「睦月さんが来てくれたから助かりましたけど。\n　彼女がいなかったら、どうなっていたことか……」%K%P
%LCクレール
%LCクレール
「そうよねぇ。あれは間一髪だったもの」%K%P
「そうよねぇ。あれは間一髪だったもの」%K%P
%LC陽菜
%LC陽菜
「ええ、本当に――」%K%P
「ええ、本当に――」%K%P
…………ん？%K%P
…………ん？%K%P
%LC陽菜
%LC陽菜
「あの、クレール様的には、睦月さんが\n　こなかったほうが良かったんじゃないですか？」%K%P
「あの、クレール様的には、睦月さんが\n　こなかったほうが良かったんじゃないですか？」%K%P
%LC陽菜
%LC陽菜
「そうすれば、私を脱がせられたわけですし」%K%P
「そうすれば、私を脱がせられたわけですし」%K%P
%LCクレール
%LCクレール
「あっ、あの時はほら、ちょっとした戯れというか、\n　本気で脱がせようなんて思ってなかったわけで」%K%P
「あっ、あの時はほら、ちょっとした戯れというか、\n　本気で脱がせようなんて思ってなかったわけで」%K%P
%LCクレール
%LCクレール
「今日だって、絶対に着替えを覗いたりしないから。\n　陽菜ちゃんは安心してお着替えしてね」%K%P
「今日だって、絶対に着替えを覗いたりしないから。\n　陽菜ちゃんは安心してお着替えしてね」%K%P
%LC陽菜
%LC陽菜
「そこまで念押しされると、\n　かえって不安なんですけど……」%K%P
「そこまで念押しされると、\n　かえって不安なんですけど……」%K%P
%LCクレール
%LCクレール
「えっ……ええええっ？　じゃあ、\n　覗いちゃうぞっ？　とか、言った方がいい？」%K%P
「えっ……ええええっ？　じゃあ、\n　覗いちゃうぞっ？　とか、言った方がいい？」%K%P
%LC陽菜
%LC陽菜
「いやいや、覗かないでいいですっ。\n　そういうのは美実様だけで充分ですからっ」%K%P
「いやいや、覗かないでいいですっ。\n　そういうのは美実様だけで充分ですからっ」%K%P
クレール様が変なことを言うものだから、\n少しそわそわしつつも、フィエルテに着替えて。%K%P
クレール様が変なことを言うものだから、\n少しそわそわしつつも、フィエルテに着替えて。%K%P
トレーニングルームに戻ってみれば、\n既に着替えを終えたクレール様が待っていた。%K%P
トレーニングルームに戻ってみれば、\n既に着替えを終えたクレール様が待っていた。%K%P
%LC陽菜
%LC陽菜
「わ……」%K%P
「わ……」%K%P
テスト{舞闘:カデンツァ}のときも目を奪われたけど、あらためて見ると……ほんと、おっきい。%K%P
テスト{舞闘:カデンツァ}のときも目を奪われたけど、あらためて見ると……ほんと、おっきい。%K%P
というか、この前はあのおっぱいにハグされて、\nそのあと我慢できず、乙女部の部室で――、%K%P
というか、この前はあのおっぱいにハグされて、\nそのあと我慢できず、乙女部の部室で――、%K%P
%LCクレール
%LCクレール
「もう、陽菜ちゃん？　さっきから、\n　私のおっぱいばかり見ているでしょう？」%K%P
「もう、陽菜ちゃん？　さっきから、\n　私のおっぱいばかり見ているでしょう？」%K%P
%LC陽菜
%LC陽菜
「いッ……あっ、ご、ごめんなさいっ……！\n　その、どうしても目がいってしまってっ……」%K%P
「いッ……あっ、ご、ごめんなさいっ……！\n　その、どうしても目がいってしまってっ……」%K%P
自分でも呆れるぐらいガン見していたので、\n誤魔化せるわけもないと、素直に認めて謝る。%K%P
自分でも呆れるぐらいガン見していたので、\n誤魔化せるわけもないと、素直に認めて謝る。%K%P
%LC陽菜
%LC陽菜
「本当にすみません。\n　今後はじろじろ見ないよう気をつけます」%K%P
「本当にすみません。\n　今後はじろじろ見ないよう気をつけます」%K%P
%LCクレール
%LCクレール
「あっ、いいのいいの。気にしないで。\n　別に責めてるわけじゃないから」%K%P
「あっ、いいのいいの。気にしないで。\n　別に責めてるわけじゃないから」%K%P
%LCクレール
%LCクレール
「女の子同士だもの、見るぐらいは別に……ね？\n　美実なんて、隙あらば揉んできたりするし」%K%P
「女の子同士だもの、見るぐらいは別に……ね？\n　美実なんて、隙あらば揉んできたりするし」%K%P
%LC陽菜
%LC陽菜
「揉む――」%K%P
「揉む――」%K%P
って、だめだめっ、想像しちゃだめっ。%K%P
って、だめだめっ、想像しちゃだめっ。%K%P
一応オレのフィエルテには前垂れがついてるけど、\n息子が膨らんだら、隠しきれるはずがない。%K%P
一応オレのフィエルテには前垂れがついてるけど、\n息子が膨らんだら、隠しきれるはずがない。%K%P
%LC陽菜
%LC陽菜
「ええっと……トレーニング、ですよね。\n　クレール様、なにかしたいことはありますか？」%K%P
「ええっと……トレーニング、ですよね。\n　クレール様、なにかしたいことはありますか？」%K%P
%LCクレール
%LCクレール
「私、{舞闘:カデンツァ}に関しては初心者だから。\n　指南役補佐代理の陽菜ちゃんに従うわ」%K%P
「私、{舞闘:カデンツァ}に関しては初心者だから。\n　指南役補佐代理の陽菜ちゃんに従うわ」%K%P
%LCクレール
%LCクレール
「なんでも言って。なんでもするから」%K%P
「なんでも言って。なんでもするから」%K%P
%LC陽菜
%LC陽菜
「なっ、なんでもっ……？」%K%P
「なっ、なんでもっ……？」%K%P
%LCクレール
%LCクレール
「あっ……違う違うっ。なんでもって言うのは、\n　そのぐらいの気持ちでいるってことだから」%K%P
「あっ……違う違うっ。なんでもって言うのは、\n　そのぐらいの気持ちでいるってことだから」%K%P
%LCクレール
%LCクレール
「たとえば、いまここで全裸になれ、とか、\n　そういうこと言われても従わないからっ」%K%P
「たとえば、いまここで全裸になれ、とか、\n　そういうこと言われても従わないからっ」%K%P
%LC陽菜
%LC陽菜
%XS21「そんなこと言いませんからっ」%XE%K%P
%XS21「そんなこと言いませんからっ」%XE%K%P
思わず強めに言い返してしまったけど、\n例えが具体的だったせいで、危うく想像しかけた。%K%P
思わず強めに言い返してしまったけど、\n例えが具体的だったせいで、危うく想像しかけた。%K%P
いまこの場で、クレール様が全裸に、なんて――、%K%P
いまこの場で、クレール様が全裸に、なんて――、%K%P
いやいやいやっ、ないない、ないからっ。%K%P
いやいやいやっ、ないない、ないからっ。%K%P
%LC陽菜
%LC陽菜
「えっと……じゃあ、まず無難にストレッチから」%K%P
「えっと……じゃあ、まず無難にストレッチから」%K%P
%LCクレール
%LCクレール
「それって、二人一組で？」%K%P
「それって、二人一組で？」%K%P
%LC陽菜
%LC陽菜
「はい。いつも{騎士道:シュバルリィ}の授業で\n　やっているものがあるので、それを」%K%P
「はい。いつも{騎士道:シュバルリィ}の授業で\n　やっているものがあるので、それを」%K%P
%LCクレール
%LCクレール
「教えて教えて」%K%P
「教えて教えて」%K%P
%LC陽菜
%LC陽菜
「ではまず、手を繋いで――」%K%P
「ではまず、手を繋いで――」%K%P
むにっ。%K%P
むにっ。%K%P
%LC陽菜
%LC陽菜
「わ……クレール様の手、柔らかい……」%K%P
「わ……クレール様の手、柔らかい……」%K%P
剣術が強い人の手は、マメがあったり、\n皮が厚くて固い、なんてことも少なくないのに。%K%P
剣術が強い人の手は、マメがあったり、\n皮が厚くて固い、なんてことも少なくないのに。%K%P
クレール様の手は、ふにっとしていて心地良い。%K%P
クレール様の手は、ふにっとしていて心地良い。%K%P
%LCクレール
%LCクレール
「そういう陽菜ちゃんの手は……、\n　けっこう、ガッチリしてるのね」%K%P
「そういう陽菜ちゃんの手は……、\n　けっこう、ガッチリしてるのね」%K%P
%LC陽菜
%LC陽菜
「ずっと剣を握ってきたので」%K%P
「ずっと剣を握ってきたので」%K%P
%LCクレール
%LCクレール
「陽菜ちゃんの努力の証ということね。\n　そう思うと、とっても愛しい」%K%P
「陽菜ちゃんの努力の証ということね。\n　そう思うと、とっても愛しい」%K%P
%LC陽菜
%LC陽菜
「あ……」%K%P
「あ……」%K%P
クレール様の手が、オレの手を優しく握る。%K%P
クレール様の手が、オレの手を優しく握る。%K%P
たったそれだけのことなのに、\nすごくドキドキしてしまう。%K%P
たったそれだけのことなのに、\nすごくドキドキしてしまう。%K%P
%LCクレール
%LCクレール
「手を繋いだあとは、どうするの？」%K%P
「手を繋いだあとは、どうするの？」%K%P
%LC陽菜
%LC陽菜
「あっ、はいっ。同じ方向を向いて、\n　腕を伸ばすように、軽く引っ張って――」%K%P
「あっ、はいっ。同じ方向を向いて、\n　腕を伸ばすように、軽く引っ張って――」%K%P
%LC陽菜
%LC陽菜
「――と、だいたい、こんな感じです」%K%P
「――と、だいたい、こんな感じです」%K%P
%LCクレール
%LCクレール
「ありがとう、陽菜ちゃん。\n　おかげで身体もほぐれて良い感じ」%K%P
「ありがとう、陽菜ちゃん。\n　おかげで身体もほぐれて良い感じ」%K%P
%LC陽菜
%LC陽菜
「ん……」%K%P
「ん……」%K%P
ストレッチを終えると、火照った息が漏れた。%K%P
ストレッチを終えると、火照った息が漏れた。%K%P
クレール様は身体がほぐれたみたいだけど、\nオレのほうは、かえって身体の一部が固くなった。%K%P
クレール様は身体がほぐれたみたいだけど、\nオレのほうは、かえって身体の一部が固くなった。%K%P
ペアストレッチは互いの身体をさわりあうので、\n当然、タッチしたりされたりの応酬で。%K%P
ペアストレッチは互いの身体をさわりあうので、\n当然、タッチしたりされたりの応酬で。%K%P
意識しないよう心がけても、柔らかいし温かいし、\n何より良い匂いがして、どうしても――、%K%P
意識しないよう心がけても、柔らかいし温かいし、\n何より良い匂いがして、どうしても――、%K%P
%LCクレール
%LCクレール
「それで？　次はなにをするの？」%K%P
「それで？　次はなにをするの？」%K%P
%LC陽菜
%LC陽菜
「えっ、ええと……」%K%P
「えっ、ええと……」%K%P
練習メニューはいろいろと思いつくけど、\nどれもこれも、互いの距離が近いものばかり。%K%P
練習メニューはいろいろと思いつくけど、\nどれもこれも、互いの距離が近いものばかり。%K%P
ただのストレッチで固くなってしまうんだから、\nこれ以上接触しようものなら絶対に勃起してしまう。%K%P
ただのストレッチで固くなってしまうんだから、\nこれ以上接触しようものなら絶対に勃起してしまう。%K%P
かといって、ストレッチだけして終了、\nというわけにもいかないし――、%K%P
かといって、ストレッチだけして終了、\nというわけにもいかないし――、%K%P
%LCクレール
%LCクレール
「陽菜ちゃん？　どうかした？」%K%P
「陽菜ちゃん？　どうかした？」%K%P
%LC陽菜
%LC陽菜
「あっ……えと、その、いい練習メニューが、\n　なかなか思いつかなくて……」%K%P
「あっ……えと、その、いい練習メニューが、\n　なかなか思いつかなくて……」%K%P
%LCクレール
%LCクレール
「無理もないわ。私たちがするのは、\n　{連弾:デュオ}{舞闘:カデンツァ}なんだもの」%K%P
「無理もないわ。私たちがするのは、\n　{連弾:デュオ}{舞闘:カデンツァ}なんだもの」%K%P
%LCクレール
%LCクレール
「１対１でも大変なのに、ペアで戦うんだから。\n　練習方法を考えるのも一苦労よね」%K%P
「１対１でも大変なのに、ペアで戦うんだから。\n　練習方法を考えるのも一苦労よね」%K%P
%LC陽菜
%LC陽菜
「あっ、そっか……。そうですよね」%K%P
「あっ、そっか……。そうですよね」%K%P
クレール様の返答に、少し気が楽になる。%K%P
クレール様の返答に、少し気が楽になる。%K%P
確かに、２対２で戦う{連弾:デュオ}{舞闘:カデンツァ}は、\n通常の{舞闘:カデンツァ}とは色々と勝手が違う。%K%P
確かに、２対２で戦う{連弾:デュオ}{舞闘:カデンツァ}は、\n通常の{舞闘:カデンツァ}とは色々と勝手が違う。%K%P
中でも、一番大きな違いがリーダーの有無だ。%K%P
中でも、一番大きな違いがリーダーの有無だ。%K%P
{連弾:デュオ}{舞闘:カデンツァ}では、ペアのうち片方が、\nプリモと呼ばれるリーダー役を担当する。%K%P
{連弾:デュオ}{舞闘:カデンツァ}では、ペアのうち片方が、\nプリモと呼ばれるリーダー役を担当する。%K%P
プリモは、胸に『{飾緒:しょくしょ}』と呼ばれる飾り紐を\nつけていて、これが斬られたら即敗北というルールだ。%K%P
プリモは、胸に『{飾緒:しょくしょ}』と呼ばれる飾り紐を\nつけていて、これが斬られたら即敗北というルールだ。%K%P
ペアのうち、どちらがプリモを担当するか。\nそして、どのように相手の飾緒を狙っていくか――、%K%P
ペアのうち、どちらがプリモを担当するか。\nそして、どのように相手の飾緒を狙っていくか――、%K%P
それが{連弾:デュオ}{舞闘:カデンツァ}の重要な要素であり、\nペアごとの特色や作戦が色濃く出る部分だろう。%K%P
それが{連弾:デュオ}{舞闘:カデンツァ}の重要な要素であり、\nペアごとの特色や作戦が色濃く出る部分だろう。%K%P
%LCクレール
%LCクレール
「ねえ、陽菜ちゃん。私、思ったんだけど――」%K%P
「ねえ、陽菜ちゃん。私、思ったんだけど――」%K%P
%LC陽菜
%LC陽菜
「ッ……」%K%P
「ッ……」%K%P
不意にクレール様がオレの顔を覗き込んできて、\nどどん、と胸の谷間が目の前に。%K%P
不意にクレール様がオレの顔を覗き込んできて、\nどどん、と胸の谷間が目の前に。%K%P
慌てて回れ右――は、さすがに不自然なので、\n平気なふりをしつつ、ちょっとだけ目を逸らす。%K%P
慌てて回れ右――は、さすがに不自然なので、\n平気なふりをしつつ、ちょっとだけ目を逸らす。%K%P
制服姿は見慣れているし平気なんだけど、\nフィエルテ姿となると、どうしても刺激が強い。%K%P
制服姿は見慣れているし平気なんだけど、\nフィエルテ姿となると、どうしても刺激が強い。%K%P
広い場所とはいえ、区切られた空間にふたりきり、\nというのも、股間的にも心情的にもよろしくない。%K%P
広い場所とはいえ、区切られた空間にふたりきり、\nというのも、股間的にも心情的にもよろしくない。%K%P
これじゃあ親睦を深めるどころか、\n余計に意識して、ぎくしゃくするばかり――、%K%P
これじゃあ親睦を深めるどころか、\n余計に意識して、ぎくしゃくするばかり――、%K%P
%LCクレール
%LCクレール
「陽菜ちゃん？　顔、少し赤いけど……大丈夫？」%K%P
「陽菜ちゃん？　顔、少し赤いけど……大丈夫？」%K%P
%LC陽菜
%LC陽菜
「はっ、はい。大丈夫です。\n　ストレッチで血行が良くなったのかもっ……」%K%P
「はっ、はい。大丈夫です。\n　ストレッチで血行が良くなったのかもっ……」%K%P
真面目に{舞闘:カデンツァ}のことを考えたかと思えば、\nクレール様の胸の谷間にどぎまぎしたり。%K%P
真面目に{舞闘:カデンツァ}のことを考えたかと思えば、\nクレール様の胸の谷間にどぎまぎしたり。%K%P
思考回路が反復横跳びすぎて、頭から煙が出そうだ。%K%P
思考回路が反復横跳びすぎて、頭から煙が出そうだ。%K%P
%LC陽菜
%LC陽菜
「はぁ……」%K%P
「はぁ……」%K%P
その日の夜、食事と入浴を終えたオレは、\n部屋に戻ると顔面からベッドに突っ伏した。%K%P
その日の夜、食事と入浴を終えたオレは、\n部屋に戻ると顔面からベッドに突っ伏した。%K%P
%LC陽菜
%LC陽菜
「……これから、どうしよう……」%K%P
「……これから、どうしよう……」%K%P
せっかくクレール様とエンゲージしたのに、\n彼女を意識しすぎて、ろくに練習出来なかった。%K%P
せっかくクレール様とエンゲージしたのに、\n彼女を意識しすぎて、ろくに練習出来なかった。%K%P
フィエルテ姿で目の前にこられると、\nいろんな意味でガチガチになってしまうせいだ。%K%P
フィエルテ姿で目の前にこられると、\nいろんな意味でガチガチになってしまうせいだ。%K%P
けど、{舞闘:カデンツァ}の練習をするってことは、\n必然的にフィエルテを着用するってことで。%K%P
けど、{舞闘:カデンツァ}の練習をするってことは、\n必然的にフィエルテを着用するってことで。%K%P
そのたびにガチガチになっていたんじゃ、\n練習どころか、男だとバレてしまう可能性もある。%K%P
そのたびにガチガチになっていたんじゃ、\n練習どころか、男だとバレてしまう可能性もある。%K%P
このままじゃ、まったく練習できないまま、\nトーナメントの初戦を迎えてしまうかも――、%K%P
このままじゃ、まったく練習できないまま、\nトーナメントの初戦を迎えてしまうかも――、%K%P
%LC陽菜
%LC陽菜
「{歌姫:ディーバ}のドレスを試着したときは、\n　色々とお話できたんだけど……」%K%P
「{歌姫:ディーバ}のドレスを試着したときは、\n　色々とお話できたんだけど……」%K%P
恥ずかしい思いもしたけれど、結果的に、\nあの出来事がエンゲージを後押ししてくれた。%K%P
恥ずかしい思いもしたけれど、結果的に、\nあの出来事がエンゲージを後押ししてくれた。%K%P
クレール様が銀蘭に留学している理由や、\nそれにまつわる、大切な思い出話まで聞いたのに。%K%P
クレール様が銀蘭に留学している理由や、\nそれにまつわる、大切な思い出話まで聞いたのに。%K%P
今日は、話が盛り上がるどころか、\n別な所が勝手に盛り上がりそうになるばかりで。%K%P
今日は、話が盛り上がるどころか、\n別な所が勝手に盛り上がりそうになるばかりで。%K%P
%LC陽菜
%LC陽菜
「はぅ……。ほんと、コイツのせいで……」%K%P
「はぅ……。ほんと、コイツのせいで……」%K%P
ちょっと恨めしげに呟きながら寝返り、\n仰向けになって股間を見る。%K%P
ちょっと恨めしげに呟きながら寝返り、\n仰向けになって股間を見る。%K%P
思えば、クレール様と一緒にいるときって、\nコイツの挙動に気を配るハメになることが多い。%K%P
思えば、クレール様と一緒にいるときって、\nコイツの挙動に気を配るハメになることが多い。%K%P
この前なんて、学園内でオナニーを――、%K%P
この前なんて、学園内でオナニーを――、%K%P
%LC陽菜
%LC陽菜
「んっ……」%K%P
「んっ……」%K%P
思い出すと、息子がびくっと反応して、\n服の股間部分が、ほんの少しだけど膨らんだ。%K%P
思い出すと、息子がびくっと反応して、\n服の股間部分が、ほんの少しだけど膨らんだ。%K%P
%LC陽菜
%LC陽菜
「まったく、こっちの気も知らないで……」%K%P
「まったく、こっちの気も知らないで……」%K%P
自分の身体の一部なんだから、気も知らないとか、\nそんなこと言ったってどうしようもないんだけど。%K%P
自分の身体の一部なんだから、気も知らないとか、\nそんなこと言ったってどうしようもないんだけど。%K%P
でも、こと男性器に関しては、\n気持ちを汲んでくれないことが多すぎる。%K%P
でも、こと男性器に関しては、\n気持ちを汲んでくれないことが多すぎる。%K%P
理性を保とうとしても邪魔してくるし、\n勝手に勃起して困らせてくるし。%K%P
理性を保とうとしても邪魔してくるし、\n勝手に勃起して困らせてくるし。%K%P
そのくせ、握ってしごくと、\nすっごくすっごく、気持ちよくて――、%K%P
そのくせ、握ってしごくと、\nすっごくすっごく、気持ちよくて――、%K%P
%LC陽菜
%LC陽菜
「ぐっ……だめ、だめだめっ。\n　ここで負けたら絶対クセになるっ……」%K%P
「ぐっ……だめ、だめだめっ。\n　ここで負けたら絶対クセになるっ……」%K%P
この前のオナニーは、あくまで緊急措置なんだ。%K%P
この前のオナニーは、あくまで緊急措置なんだ。%K%P
確かに、射精すれば性欲はある程度収まるし、\nケアって意味では、そのほうが適切かもしれない。%K%P
確かに、射精すれば性欲はある程度収まるし、\nケアって意味では、そのほうが適切かもしれない。%K%P
けど、女装生活を始めてずっと我慢できていた――、\nというか、意識しないで過ごせていたんだから。%K%P
けど、女装生活を始めてずっと我慢できていた――、\nというか、意識しないで過ごせていたんだから。%K%P
いまになってそれを変えるのは、少し怖い。%K%P
いまになってそれを変えるのは、少し怖い。%K%P
実際、今日どぎまぎした原因の大半は、\nクレール様をオカズにオナニーしちゃったからだ。%K%P
実際、今日どぎまぎした原因の大半は、\nクレール様をオカズにオナニーしちゃったからだ。%K%P
エンゲージしてくれた大切なパートナーを、\nそういう意識で見続けるのは、よくない――、%K%P
エンゲージしてくれた大切なパートナーを、\nそういう意識で見続けるのは、よくない――、%K%P
%LC陽菜
%LC陽菜
「って……ホントにコイツはぁっ……」%K%P
「って……ホントにコイツはぁっ……」%K%P
クレール様のことを考えていたら、\n股間の膨らみがすっかりテントになっていた。%K%P
クレール様のことを考えていたら、\n股間の膨らみがすっかりテントになっていた。%K%P
いまなら誰も見てない……っていうか、\n自分の部屋だし、誰に気兼ねする必要もない。%K%P
いまなら誰も見てない……っていうか、\n自分の部屋だし、誰に気兼ねする必要もない。%K%P
でも、それだけはダメだ！　って考えた刹那、\nすぐさまそれを破るわけにもいかない。%K%P
でも、それだけはダメだ！　って考えた刹那、\nすぐさまそれを破るわけにもいかない。%K%P
そんなの、意志薄弱すぎる。%K%P
そんなの、意志薄弱すぎる。%K%P
%LC陽菜
%LC陽菜
「いいっ……！　もう寝るっ、寝る寝るっ！」%K%P
「いいっ……！　もう寝るっ、寝る寝るっ！」%K%P
勝手に勃起した息子を罰するように、\n思い切ってふたたび寝返り、うつ伏せに。%K%P
勝手に勃起した息子を罰するように、\n思い切ってふたたび寝返り、うつ伏せに。%K%P
当然、勃起したペニスが痛いけど、\nそれはそれとして、かまわず枕に顔をうずめる。%K%P
当然、勃起したペニスが痛いけど、\nそれはそれとして、かまわず枕に顔をうずめる。%K%P
ニナさんの用意してくれた枕は高級で、\nオレの顔を、柔らかく優しく受け止めてくれた。%K%P
ニナさんの用意してくれた枕は高級で、\nオレの顔を、柔らかく優しく受け止めてくれた。%K%P
でも、クレール様のおっぱいは、\nもっともっと、ふかふかで、あったかくて――、%K%P
でも、クレール様のおっぱいは、\nもっともっと、ふかふかで、あったかくて――、%K%P
%LC陽菜
%LC陽菜
「……はぅ……」%K%P
「……はぅ……」%K%P
結局、股間だけじゃなく、頭の中でも、\nクレール様のことばかり考えている自分に気付く。%K%P
結局、股間だけじゃなく、頭の中でも、\nクレール様のことばかり考えている自分に気付く。%K%P
学園のみんなが期待してくれているのだし、\n相手は依夜様と梨理ちゃんのペアだし、\nトーナメント初戦では、良い試合を披露したい。%K%P
学園のみんなが期待してくれているのだし、\n相手は依夜様と梨理ちゃんのペアだし、\nトーナメント初戦では、良い試合を披露したい。%K%P
そのためにも、もっとクレール様と仲良くなって、\n一緒に戦うための練習をしたいんだけど。%K%P
そのためにも、もっとクレール様と仲良くなって、\n一緒に戦うための練習をしたいんだけど。%K%P
練習をするとなったら、今日のように、\nフィエルテ姿のクレール様と向き合うわけで。%K%P
練習をするとなったら、今日のように、\nフィエルテ姿のクレール様と向き合うわけで。%K%P
%LC陽菜
%LC陽菜
「……はぅぅぅぅ……」%K%P
「……はぅぅぅぅ……」%K%P
またもや大きな溜め息が漏れて、\nそれを掻き消すように、さらに枕に顔をうずめた。%K%P
またもや大きな溜め息が漏れて、\nそれを掻き消すように、さらに枕に顔をうずめた。%K%P
いっそ、このまま寝て目が覚めたら、\n本当に女の子になっていればいいのに。%K%P
いっそ、このまま寝て目が覚めたら、\n本当に女の子になっていればいいのに。%K%P
そうしたら、なんにも気兼ねすることなく、\nクレール様ともっと仲良くできるんだけど。%K%P
そうしたら、なんにも気兼ねすることなく、\nクレール様ともっと仲良くできるんだけど。%K%P
