――果たして、オレは再び留学することになった。%K%P
――果たして、オレは再び留学することになった。%K%P
しかも留学先は、あのアリアンロッド女学院。%K%P
しかも留学先は、あのアリアンロッド女学院。%K%P
留学の申請や手続きに関しては、\n本当に、ニナさんがすべて一人でやってしまった。%K%P
留学の申請や手続きに関しては、\n本当に、ニナさんがすべて一人でやってしまった。%K%P
しかも、オレの両親にも連絡して、\nなんやかんやうまいことやってしまったという。%K%P
しかも、オレの両親にも連絡して、\nなんやかんやうまいことやってしまったという。%K%P
どんな魔法を使ったかはわからないけれど、\nまさか両親も、こんなことになってるだなんて、\n夢にも思っていないだろう。%K%P
どんな魔法を使ったかはわからないけれど、\nまさか両親も、こんなことになってるだなんて、\n夢にも思っていないだろう。%K%P
だって、オレ自身が信じられないんだから。%K%P
だって、オレ自身が信じられないんだから。%K%P
とはいえ、なんだかんだで、\n留学そのものにはワクワクしている自分がいた。%K%P
とはいえ、なんだかんだで、\n留学そのものにはワクワクしている自分がいた。%K%P
姉さんの体験談を聞き、自分も行くぞと思った矢先、\n女学院だと知って絶望を味わった、憧れの学び舎。%K%P
姉さんの体験談を聞き、自分も行くぞと思った矢先、\n女学院だと知って絶望を味わった、憧れの学び舎。%K%P
そんなアリアンロッド女学院に、\n女装しつつとはいえ、留学できる日がくるだなんて。%K%P
そんなアリアンロッド女学院に、\n女装しつつとはいえ、留学できる日がくるだなんて。%K%P
性別を理由に留学を諦めた在りし日のオレが聞いたら、\nアゴを外して腰を抜かしておしっこ漏らすかも。%K%P
性別を理由に留学を諦めた在りし日のオレが聞いたら、\nアゴを外して腰を抜かしておしっこ漏らすかも。%K%P
%LCクレール
%LCクレール
「ふふっ、陽菜ちゃんとデートっ歃n　陽菜ちゃんとデート」%K%P
「ふふっ、陽菜ちゃんとデートっ歃n　陽菜ちゃんとデート」%K%P
%LC陽菜
%LC陽菜
「デートじゃなくて、\n　出国前の買い物だからね？」%K%P
「デートじゃなくて、\n　出国前の買い物だからね？」%K%P
%LCクレール
%LCクレール
「もうっ、わかってないんだから。\n　二人で出掛けたら、それはデートなのっ」%K%P
「もうっ、わかってないんだから。\n　二人で出掛けたら、それはデートなのっ」%K%P
なんて、うきうきした様子を隠さずに、\nクレールはこっちの腕にしがみついてくる。%K%P
なんて、うきうきした様子を隠さずに、\nクレールはこっちの腕にしがみついてくる。%K%P
腕を組むっていうより、\n大きなコアラがしがみついているような感じだ。%K%P
腕を組むっていうより、\n大きなコアラがしがみついているような感じだ。%K%P
%LCクレール
%LCクレール
「留学中は基本、お休みの日も学生寮だったから。\n　あまり買い物とかしなかったのよね」%K%P
「留学中は基本、お休みの日も学生寮だったから。\n　あまり買い物とかしなかったのよね」%K%P
%LCクレール
%LCクレール
「だから、こういうところに来るの、新鮮で」%K%P
「だから、こういうところに来るの、新鮮で」%K%P
%LC陽菜
%LC陽菜
「日用雑貨とかは？　どうしてたの？」%K%P
「日用雑貨とかは？　どうしてたの？」%K%P
%LCクレール
%LCクレール
「なにか足りないモノがあっても、\n　みんながどうぞどうぞって貸してくれて」%K%P
「なにか足りないモノがあっても、\n　みんながどうぞどうぞって貸してくれて」%K%P
%LCクレール
%LCクレール
「それでも困った事があると、ニナに聞けば、\n　だいたい解決してくれちゃったから」%K%P
「それでも困った事があると、ニナに聞けば、\n　だいたい解決してくれちゃったから」%K%P
%LC陽菜
%LC陽菜
「さすが銀蘭、騎士道精神の塊すぎる」%K%P
「さすが銀蘭、騎士道精神の塊すぎる」%K%P
%LCクレール
%LCクレール
「ふふっ、そうね。ひとりはみんなのために、\n　みんなはひとりのために――」%K%P
「ふふっ、そうね。ひとりはみんなのために、\n　みんなはひとりのために――」%K%P
%LCクレール
%LCクレール
「そして、私は……陽菜ちゃんのためにっ」%K%P
「そして、私は……陽菜ちゃんのためにっ」%K%P
%LC陽菜
%LC陽菜
「わわっ……？！　ちょっ、危ないってばっ」%K%P
「わわっ……？！　ちょっ、危ないってばっ」%K%P
しがみついていた腕をぐっと引っ張るから、\n二の腕が、クレールの胸の谷間にすぽっと埋まる。%K%P
しがみついていた腕をぐっと引っ張るから、\n二の腕が、クレールの胸の谷間にすぽっと埋まる。%K%P
バランスは崩すし、感触はふかふかだしで、\nふたつの意味で非常に危ない。%K%P
バランスは崩すし、感触はふかふかだしで、\nふたつの意味で非常に危ない。%K%P
%LC陽菜
%LC陽菜
「ほらっ、周りの人も見てるからっ……！」%K%P
「ほらっ、周りの人も見てるからっ……！」%K%P
%LCクレール
%LCクレール
「別に、見られて困るようなこと――」%K%P
「別に、見られて困るようなこと――」%K%P
%LCクレール
%LCクレール
「っと、そうね。陽菜ちゃんのためにも、\n　しゃんとしないといけないわよね」%K%P
「っと、そうね。陽菜ちゃんのためにも、\n　しゃんとしないといけないわよね」%K%P
明らかにオレの股間をチェックしたあと、\nクレールはスッと姿勢を正す。%K%P
明らかにオレの股間をチェックしたあと、\nクレールはスッと姿勢を正す。%K%P
%LCクレール
%LCクレール
「ねえ、家族へのお土産を買いにいってもいい？」%K%P
「ねえ、家族へのお土産を買いにいってもいい？」%K%P
%LC陽菜
%LC陽菜
「もちろん。でも、なにを買うの？」%K%P
「もちろん。でも、なにを買うの？」%K%P
%LCクレール
%LCクレール
「前に日本のお菓子を送ってあげたんだけど、\n　姉と妹が、それを奪い合ったらしくって」%K%P
「前に日本のお菓子を送ってあげたんだけど、\n　姉と妹が、それを奪い合ったらしくって」%K%P
%LCクレール
%LCクレール
「帰国するときは喧嘩しないよう、\n　たくさん買って帰ろうと思っていたの」%K%P
「帰国するときは喧嘩しないよう、\n　たくさん買って帰ろうと思っていたの」%K%P
そうして出立前の買い物兼、クレールの日本留学の、\n最後の思い出作りを楽しんで。%K%P
そうして出立前の買い物兼、クレールの日本留学の、\n最後の思い出作りを楽しんで。%K%P
空港について手続きを済ませた後、\nオレは数ヶ月ぶりに、国際線に搭乗した。%K%P
空港について手続きを済ませた後、\nオレは数ヶ月ぶりに、国際線に搭乗した。%K%P
%LCクレール
%LCクレール
「ふぁ、んんっ……ねえ陽菜ちゃん、\n　離陸したら、寄り掛かって寝てもいい？」%K%P
「ふぁ、んんっ……ねえ陽菜ちゃん、\n　離陸したら、寄り掛かって寝てもいい？」%K%P
%LC陽菜
%LC陽菜
「うん。寝ておいた方が、時差で困らないし」%K%P
「うん。寝ておいた方が、時差で困らないし」%K%P
%LCクレール
%LCクレール
「さっすが陽菜ちゃん、海外慣れしてるのね」%K%P
「さっすが陽菜ちゃん、海外慣れしてるのね」%K%P
%LC陽菜
%LC陽菜
「そんなことないよ。初めて留学したとき、\n　緊張して、いろいろ調べちゃっただけで」%K%P
「そんなことないよ。初めて留学したとき、\n　緊張して、いろいろ調べちゃっただけで」%K%P
%LCクレール
%LCクレール
「じゃあ、２度目は余裕？」%K%P
「じゃあ、２度目は余裕？」%K%P
%LC陽菜
%LC陽菜
「１度目に比べれば……って言いたいけど。\n　さすがに、これだと……ね？」%K%P
「１度目に比べれば……って言いたいけど。\n　さすがに、これだと……ね？」%K%P
窓に映る自分の姿は、ばっちりしっかり女の子。%K%P
窓に映る自分の姿は、ばっちりしっかり女の子。%K%P
前回、こうして飛行機に搭乗したときは、\n確かに空木日向の格好をしていたんだけど。%K%P
前回、こうして飛行機に搭乗したときは、\n確かに空木日向の格好をしていたんだけど。%K%P
%LCクレール
%LCクレール
「次に日本に帰ってくるときは、\n　いったいどんな格好になってるのかしら」%K%P
「次に日本に帰ってくるときは、\n　いったいどんな格好になってるのかしら」%K%P
%LC陽菜
%LC陽菜
「さすがに、こっちじゃないと思いたいけど……」%K%P
「さすがに、こっちじゃないと思いたいけど……」%K%P
アリアンロッド女学院への留学期間は、\nひとまず短期ということになっている。%K%P
アリアンロッド女学院への留学期間は、\nひとまず短期ということになっている。%K%P
ひとまず、とついているのが曲者で、\n場合によっては延長の可能性があるのだ。%K%P
ひとまず、とついているのが曲者で、\n場合によっては延長の可能性があるのだ。%K%P
ちなみに、飛行機に乗る時点で女装しているのは、\n杏奈ちゃんたちが見送りに来てくれたから。%K%P
ちなみに、飛行機に乗る時点で女装しているのは、\n杏奈ちゃんたちが見送りに来てくれたから。%K%P
おかげで出国審査のとき、\nパスポートを見た係員がすごく驚いてたけど。%K%P
おかげで出国審査のとき、\nパスポートを見た係員がすごく驚いてたけど。%K%P
%LCクレール
%LCクレール
「そういえば、さっき連絡したら、\n　姉と妹が空港まで迎えに来てくれるって」%K%P
「そういえば、さっき連絡したら、\n　姉と妹が空港まで迎えに来てくれるって」%K%P
%LC陽菜
%LC陽菜
「迎えにって……ひょっとして私、\n　この姿でクレールの家族と会うの？」%K%P
「迎えにって……ひょっとして私、\n　この姿でクレールの家族と会うの？」%K%P
%LCクレール
%LCクレール
「なにか問題でも？」%K%P
「なにか問題でも？」%K%P
%LC陽菜
%LC陽菜
「いや、だって……私のこと、\n　恋人だって紹介してあるんでしょ？」%K%P
「いや、だって……私のこと、\n　恋人だって紹介してあるんでしょ？」%K%P
%LCクレール
%LCクレール
「うん。学園にいるときに出会って、\n　エンゲージをした相手だって」%K%P
「うん。学園にいるときに出会って、\n　エンゲージをした相手だって」%K%P
%LC陽菜
%LC陽菜
「それ、激しく誤解を招くような……」%K%P
「それ、激しく誤解を招くような……」%K%P
%LCクレール
%LCクレール
「でも、私の留学先って女学園だったのよ？\n　そこで恋人が出来たって時点で……ね？」%K%P
「でも、私の留学先って女学園だったのよ？\n　そこで恋人が出来たって時点で……ね？」%K%P
%LC陽菜
%LC陽菜
「あー……」%K%P
「あー……」%K%P
%LCクレール
%LCクレール
「しかもしかも、その恋人を、\n　こうして実質お持ち帰りしちゃうわけだし」%K%P
「しかもしかも、その恋人を、\n　こうして実質お持ち帰りしちゃうわけだし」%K%P
%LC陽菜
%LC陽菜
「はい……」%K%P
「はい……」%K%P
なんかもう、いろいろ感覚がバグりそうになる。%K%P
なんかもう、いろいろ感覚がバグりそうになる。%K%P
オレ、男だよね？　向こうの空港についたら、\n女になってたりしないよね？%K%P
オレ、男だよね？　向こうの空港についたら、\n女になってたりしないよね？%K%P
%LCクレール
%LCクレール
「大丈夫よ、陽菜ちゃん。なにがあっても、\n　あなたには私がついているんだから」%K%P
「大丈夫よ、陽菜ちゃん。なにがあっても、\n　あなたには私がついているんだから」%K%P
%LCクレール
%LCクレール
「これからもいっぱい甘えて、いっぱい頼って。\n　お礼にたくさん愛しちゃうっ」%K%P
「これからもいっぱい甘えて、いっぱい頼って。\n　お礼にたくさん愛しちゃうっ」%K%P
%LC陽菜
%LC陽菜
「……うん。留学先でも、よろしくね」%K%P
「……うん。留学先でも、よろしくね」%K%P
熱烈な愛の告白は、くすぐったくて頼もしい。%K%P
熱烈な愛の告白は、くすぐったくて頼もしい。%K%P
実際、彼女が一緒に居てくれるからこそ、\n女装留学、なんて無茶を決意できたわけで。%K%P
実際、彼女が一緒に居てくれるからこそ、\n女装留学、なんて無茶を決意できたわけで。%K%P
アリアンロッド女学院で、\nはたしてなにが待ち受けているか――、%K%P
アリアンロッド女学院で、\nはたしてなにが待ち受けているか――、%K%P
それはまだわからないけれど、目標は高く大きく、\n{最優秀騎士:ブリランテ}を目指すってことで、ひとつ。%K%P
それはまだわからないけれど、目標は高く大きく、\n{最優秀騎士:ブリランテ}を目指すってことで、ひとつ。%K%P
