クレールに背を向け合ってフィエルテを脱いだ後、\nそそくさとタオルで前を隠す。%K%P
クレールに背を向け合ってフィエルテを脱いだ後、\nそそくさとタオルで前を隠す。%K%P
%LCクレール
%LCクレール
「脱いだ？」%K%P
「脱いだ？」%K%P
%LC陽菜
%LC陽菜
「うっ、うん」%K%P
「うっ、うん」%K%P
%LCクレール
%LCクレール
「なら、私についてきて」%K%P
「なら、私についてきて」%K%P
そうして、言われるままシャワールーム内へ。%K%P
そうして、言われるままシャワールーム内へ。%K%P
シャワー室は仕切りで区切られたブース形式で、\nその内のひとつに、クレールはオレを連れ込んだ。%K%P
シャワー室は仕切りで区切られたブース形式で、\nその内のひとつに、クレールはオレを連れ込んだ。%K%P
%LC陽菜
%LC陽菜
「あの、クレール……」%K%P
「あの、クレール……」%K%P
%LCクレール
%LCクレール
「だめよ、まだ後ろに隠れていて。\n　もうすぐ――」%K%P
「だめよ、まだ後ろに隠れていて。\n　もうすぐ――」%K%P
%LC美実
%LC美実
「陽菜ちゃーん、クレール、どこー？」%K%P
「陽菜ちゃーん、クレール、どこー？」%K%P
%LCクレール
%LCクレール
「こっちよ、美実」%K%P
「こっちよ、美実」%K%P
%LC陽菜
%LC陽菜
「っ……」%K%P
「っ……」%K%P
てっきり隠れてやりすごすと思っていたから、\nクレール自ら声をあげたことに驚いてしまう。%K%P
てっきり隠れてやりすごすと思っていたから、\nクレール自ら声をあげたことに驚いてしまう。%K%P
けど、オレたちがシャワーを浴びていることは、\n名探偵でなくともわかりきっていることで。%K%P
けど、オレたちがシャワーを浴びていることは、\n名探偵でなくともわかりきっていることで。%K%P
%LC美実
%LC美実
「おっ、マジで一緒に入ってる。\n　ホントに仲良いねぇ」%K%P
「おっ、マジで一緒に入ってる。\n　ホントに仲良いねぇ」%K%P
%LCクレール
%LCクレール
「美実ひとりだけ？　杏奈ちゃんは？」%K%P
「美実ひとりだけ？　杏奈ちゃんは？」%K%P
%LC美実
%LC美実
「さっき寮生の友達が呼びに来て。\n　急用みたいで、そのまま行っちゃった」%K%P
「さっき寮生の友達が呼びに来て。\n　急用みたいで、そのまま行っちゃった」%K%P
%LCクレール
%LCクレール
「あとからこっちにくるってこと？」%K%P
「あとからこっちにくるってこと？」%K%P
%LC美実
%LC美実
「そのまま寮に戻ったほうが早いから、\n　向こうのお風呂に入るって言ってたよ」%K%P
「そのまま寮に戻ったほうが早いから、\n　向こうのお風呂に入るって言ってたよ」%K%P
%LC美実
%LC美実
「フィエルテ着たまま行っちゃったし、\n　よっぽど急ぎだったんじゃないかな」%K%P
「フィエルテ着たまま行っちゃったし、\n　よっぽど急ぎだったんじゃないかな」%K%P
%LC美実
%LC美実
「それより……陽菜ちゃん、どしたの？\n　そんなに顔を伏せちゃって」%K%P
「それより……陽菜ちゃん、どしたの？\n　そんなに顔を伏せちゃって」%K%P
%LCクレール
%LCクレール
「人と入った経験があまりないらしくて、\n　恥ずかしいみたい」%K%P
「人と入った経験があまりないらしくて、\n　恥ずかしいみたい」%K%P
%LCクレール
%LCクレール
「だから、あまりじろじろ見てあげないで」%K%P
「だから、あまりじろじろ見てあげないで」%K%P
%LC美実
%LC美実
「なら、ここはクレールに任せますか。\n　さすがに３人で入るには狭すぎるし」%K%P
「なら、ここはクレールに任せますか。\n　さすがに３人で入るには狭すぎるし」%K%P
%LC美実
%LC美実
「じゃ、私はささっと浴びてきちゃうね」%K%P
「じゃ、私はささっと浴びてきちゃうね」%K%P
そうして美実様の気配が遠ざかっていくと、\n少し離れたブースから、水音と鼻歌が聞こえ始めた。%K%P
そうして美実様の気配が遠ざかっていくと、\n少し離れたブースから、水音と鼻歌が聞こえ始めた。%K%P
%LCクレール
%LCクレール
「ふぅ……まずは一安心ね」%K%P
「ふぅ……まずは一安心ね」%K%P
%LCクレール
%LCクレール
「美実、シャワーは手短に済ませるほうだから、\n　すぐに出ていくと思うけど……」%K%P
「美実、シャワーは手短に済ませるほうだから、\n　すぐに出ていくと思うけど……」%K%P
ブースの外に気を配るクレールの姿は、\nまるで張り込みをする刑事みたいだ。%K%P
ブースの外に気を配るクレールの姿は、\nまるで張り込みをする刑事みたいだ。%K%P
一方オレはというと、そんな彼女の後ろで、\n出来るだけ目立たないように縮こまっていた。%K%P
一方オレはというと、そんな彼女の後ろで、\n出来るだけ目立たないように縮こまっていた。%K%P
%LC陽菜
%LC陽菜
「あの、クレール……？\n　これは、その、ええっと……」%K%P
「あの、クレール……？\n　これは、その、ええっと……」%K%P
聞きたいことが多すぎて、\n我ながら情けないぐらいテンパってしまう。%K%P
聞きたいことが多すぎて、\n我ながら情けないぐらいテンパってしまう。%K%P
%LCクレール
%LCクレール
「そんなに慌てなくても大丈夫よ。\n　……ちゃんと、わかっているから」%K%P
「そんなに慌てなくても大丈夫よ。\n　……ちゃんと、わかっているから」%K%P
%LCクレール
%LCクレール
「陽菜ちゃん、本当は男の子なんでしょう？」%K%P
「陽菜ちゃん、本当は男の子なんでしょう？」%K%P
%LC陽菜
%LC陽菜
「ッ……」%K%P
「ッ……」%K%P
こそっと小声で言われ、心臓が跳ねる。%K%P
こそっと小声で言われ、心臓が跳ねる。%K%P
脱衣所での意味深な台詞で、もしやと思っていたけど、\nはっきり言われると衝撃が凄まじい。%K%P
脱衣所での意味深な台詞で、もしやと思っていたけど、\nはっきり言われると衝撃が凄まじい。%K%P
けど、そうなるとさらに疑問が増える。%K%P
けど、そうなるとさらに疑問が増える。%K%P
%LC陽菜
%LC陽菜
「いったい、いつから……」%K%P
「いったい、いつから……」%K%P
%LCクレール
%LCクレール
「しー。美実が出ていくまで、\n　余計なことは喋らないほうがいいわ」%K%P
「しー。美実が出ていくまで、\n　余計なことは喋らないほうがいいわ」%K%P
%LCクレール
%LCクレール
「陽菜ちゃん、秘密がバレたら困るんでしょ？\n　もし美実に聞こえたら大変だもの」%K%P
「陽菜ちゃん、秘密がバレたら困るんでしょ？\n　もし美実に聞こえたら大変だもの」%K%P
%LC陽菜
%LC陽菜
「んっ……」%K%P
「んっ……」%K%P
もっともな指摘に、慌てて口を噤む。%K%P
もっともな指摘に、慌てて口を噤む。%K%P
ということは、クレールはオレを守るために、\nここまでしてくれてるってことになるけど――、%K%P
ということは、クレールはオレを守るために、\nここまでしてくれてるってことになるけど――、%K%P
%LCクレール
%LCクレール
「いろいろ気になることはあると思うけど、\n　詳しくは、このピンチを乗り越えたあとでね」%K%P
「いろいろ気になることはあると思うけど、\n　詳しくは、このピンチを乗り越えたあとでね」%K%P
%LCクレール
%LCクレール
「それより、お湯を出してくれる？」%K%P
「それより、お湯を出してくれる？」%K%P
%LCクレール
%LCクレール
「このままだと身体も冷えちゃうし。\n　水音で、多少は声も紛れると思うから」%K%P
「このままだと身体も冷えちゃうし。\n　水音で、多少は声も紛れると思うから」%K%P
%LC陽菜
%LC陽菜
「うっ、うん」%K%P
「うっ、うん」%K%P
確かにその通りだと思い、\nシャワーのコックを捻ってお湯を出す。%K%P
確かにその通りだと思い、\nシャワーのコックを捻ってお湯を出す。%K%P
出てきたお湯の湯気で目の前が白くなると、\n視界が多少ぼやけて、ちょっと安心できた。%K%P
出てきたお湯の湯気で目の前が白くなると、\n視界が多少ぼやけて、ちょっと安心できた。%K%P
だって、いま目の前には裸のクレールがいて、\n彼女の背中が、オレからは丸見えで。%K%P
だって、いま目の前には裸のクレールがいて、\n彼女の背中が、オレからは丸見えで。%K%P
普段、どうしても胸にばかり目がいってしまうけど、\nそもそも肌が綺麗だし、背中やお尻だって――、%K%P
普段、どうしても胸にばかり目がいってしまうけど、\nそもそも肌が綺麗だし、背中やお尻だって――、%K%P
%LCクレール
%LCクレール
「陽菜ちゃん」%K%P
「陽菜ちゃん」%K%P
%LC陽菜
%LC陽菜
「はっ、はひっ……？！　ななななにっ？」%K%P
「はっ、はひっ……？！　ななななにっ？」%K%P
%LCクレール
%LCクレール
「くすっ、そんなに緊張しなくても」%K%P
「くすっ、そんなに緊張しなくても」%K%P
%LCクレール
%LCクレール
「それとも……私の裸、じろじろ見てたとか」%K%P
「それとも……私の裸、じろじろ見てたとか」%K%P
%LC陽菜
%LC陽菜
「あっ……ごっ、ごめん。目、閉じるね」%K%P
「あっ……ごっ、ごめん。目、閉じるね」%K%P
%LCクレール
%LCクレール
「もう、極端なんだから。\n　目を閉じたらなにも出来ないでしょ？」%K%P
「もう、極端なんだから。\n　目を閉じたらなにも出来ないでしょ？」%K%P
%LCクレール
%LCクレール
「シャワーで身体が温まったら、\n　陽菜ちゃんは先に髪と身体を洗っていて」%K%P
「シャワーで身体が温まったら、\n　陽菜ちゃんは先に髪と身体を洗っていて」%K%P
%LCクレール
%LCクレール
「とくに身体は、たっぷりの泡で、念入りに。\n　そうすれば、多少は誤魔化せるでしょ？」%K%P
「とくに身体は、たっぷりの泡で、念入りに。\n　そうすれば、多少は誤魔化せるでしょ？」%K%P
%LC陽菜
%LC陽菜
「うっ、うん……」%K%P
「うっ、うん……」%K%P
もはや頷くことしかできなくて、\n言われるまま、素直にシャンプーを手に取る。%K%P
もはや頷くことしかできなくて、\n言われるまま、素直にシャンプーを手に取る。%K%P
普段は着用したままウィッグを洗ったりしないけど、\n今は状況が状況だし、致し方ない。%K%P
普段は着用したままウィッグを洗ったりしないけど、\n今は状況が状況だし、致し方ない。%K%P
レモンが貼りついた箇所は、一応洗っておいて、\nあとでニナさんにどうするか相談しよう。%K%P
レモンが貼りついた箇所は、一応洗っておいて、\nあとでニナさんにどうするか相談しよう。%K%P
で、髪が終わったら、あとは身体を――、%K%P
で、髪が終わったら、あとは身体を――、%K%P
%LC陽菜
%LC陽菜
「う、わ……」%K%P
「う、わ……」%K%P
%LCクレール
%LCクレール
「陽菜ちゃん？　どうかした？」%K%P
「陽菜ちゃん？　どうかした？」%K%P
%LC陽菜
%LC陽菜
「なっ、なんでもないっ」%K%P
「なっ、なんでもないっ」%K%P
緊急事態すぎてすっかり意識の外だったけど、\n気付けば、息子がすっかりガチガチだった。%K%P
緊急事態すぎてすっかり意識の外だったけど、\n気付けば、息子がすっかりガチガチだった。%K%P
二人で入るにはやや手狭なシャワーブースだと、\nこの勃起した竿は、かなり邪魔なことに――、%K%P
二人で入るにはやや手狭なシャワーブースだと、\nこの勃起した竿は、かなり邪魔なことに――、%K%P
%LCクレール
%LCクレール
「ひゃんっ」%K%P
「ひゃんっ」%K%P
%LC陽菜
%LC陽菜
「あっ……ご、ごめんっ」%K%P
「あっ……ご、ごめんっ」%K%P
うわっ、言ってる側から、\n亀頭がクレールのお尻に当たっちゃったっ……？！%K%P
うわっ、言ってる側から、\n亀頭がクレールのお尻に当たっちゃったっ……？！%K%P
%LCクレール
%LCクレール
「いまの……陽菜ちゃんの手？\n　私のお尻、さわっちゃった？」%K%P
「いまの……陽菜ちゃんの手？\n　私のお尻、さわっちゃった？」%K%P
%LC陽菜
%LC陽菜
「やっ、ち、ちがうよっ？　いまのは――」%K%P
「やっ、ち、ちがうよっ？　いまのは――」%K%P
%LC陽菜
%LC陽菜
「いま、のは……」%K%P
「いま、のは……」%K%P
どうしよう、言えるわけない。%K%P
どうしよう、言えるわけない。%K%P
勃起したペニスの先がぶつかった、なんて、\nいくらなんでも言えるはずが――、%K%P
勃起したペニスの先がぶつかった、なんて、\nいくらなんでも言えるはずが――、%K%P
%LCクレール
%LCクレール
「手じゃないってことは……もしかして、あそこ？\n　陽菜ちゃん、いま、おっきくなってるの？」%K%P
「手じゃないってことは……もしかして、あそこ？\n　陽菜ちゃん、いま、おっきくなってるの？」%K%P
%LC陽菜
%LC陽菜
「っ……」%K%P
「っ……」%K%P
言えないと思っていたことをずばり言われて、\nまたもや心臓がびくっと跳ねる。%K%P
言えないと思っていたことをずばり言われて、\nまたもや心臓がびくっと跳ねる。%K%P
けど、クレールはオレが男だとわかっているわけで、\nここで下手に誤魔化すのもっ……。%K%P
けど、クレールはオレが男だとわかっているわけで、\nここで下手に誤魔化すのもっ……。%K%P
%LC陽菜
%LC陽菜
「…………うっ、うん。……ごめん」%K%P
「…………うっ、うん。……ごめん」%K%P
%LCクレール
%LCクレール
「謝らないで。ここ、狭いもの。\n　ぶつかっちゃうのは仕方ないわ」%K%P
「謝らないで。ここ、狭いもの。\n　ぶつかっちゃうのは仕方ないわ」%K%P
%LCクレール
%LCクレール
「ただ、できればあと少しだけ我慢して。\n　そうしたら、私が――」%K%P
「ただ、できればあと少しだけ我慢して。\n　そうしたら、私が――」%K%P
%LC美実
%LC美実
「クレールっ、陽菜ちゃんっ」%K%P
「クレールっ、陽菜ちゃんっ」%K%P
%LC陽菜
%LC陽菜
「ッ……？！」%K%P
「ッ……？！」%K%P
いつのまにシャワーを浴び終えていたのか、\n再び聞こえた美実様の声に、またもや身体が強張る。%K%P
いつのまにシャワーを浴び終えていたのか、\n再び聞こえた美実様の声に、またもや身体が強張る。%K%P
思わず背筋が伸びると、引き気味な腰が前にでて、\n亀頭が、またしてもクレールのお尻に――、%K%P
思わず背筋が伸びると、引き気味な腰が前にでて、\n亀頭が、またしてもクレールのお尻に――、%K%P
%LCクレール
%LCクレール
「みやんっ」%K%P
「みやんっ」%K%P
%LC美実
%LC美実
「みやん？　って、どしたの？　クレール」%K%P
「みやん？　って、どしたの？　クレール」%K%P
%LCクレール
%LCクレール
「いま、陽菜ちゃんが急に洗ってきてっ……、\n　それで思わず、声が……きゃっ、やうんっ」%K%P
「いま、陽菜ちゃんが急に洗ってきてっ……、\n　それで思わず、声が……きゃっ、やうんっ」%K%P
%LC陽菜
%LC陽菜
「あっ……ごっ、ごめんクレールっ」%K%P
「あっ……ごっ、ごめんクレールっ」%K%P
またもやペニスがお尻と衝突してしまい、\nクレールがくすぐったそうに身を捩る。%K%P
またもやペニスがお尻と衝突してしまい、\nクレールがくすぐったそうに身を捩る。%K%P
クレールから離れたほうがいいんだろうけど、\nそうしたら美実様に息子を見られるかもしれない。%K%P
クレールから離れたほうがいいんだろうけど、\nそうしたら美実様に息子を見られるかもしれない。%K%P
ここで美実様に男だとバレたら、\nそれこそ一大事になってしまう。%K%P
ここで美実様に男だとバレたら、\nそれこそ一大事になってしまう。%K%P
けど、勃起したペニスを、クレールのお尻に\nこすりつけるなんて真似をするわけにはっ……。%K%P
けど、勃起したペニスを、クレールのお尻に\nこすりつけるなんて真似をするわけにはっ……。%K%P
%LCクレール
%LCクレール
「大丈夫よ。続けて、陽菜ちゃん。\n　それと、洗うときは、こっちを使って」%K%P
「大丈夫よ。続けて、陽菜ちゃん。\n　それと、洗うときは、こっちを使って」%K%P
こちらに背を向けたままのクレールの手が、\nするするっと伸びてきて、オレのペニスを――、%K%P
こちらに背を向けたままのクレールの手が、\nするするっと伸びてきて、オレのペニスを――、%K%P
にぎっ%K%P
にぎっ%K%P
%LC陽菜
%LC陽菜
「ふあっ……」%K%P
「ふあっ……」%K%P
後ろ手に竿を握られ、声が漏れる。%K%P
後ろ手に竿を握られ、声が漏れる。%K%P
%LCクレール
%LCクレール
「陽菜ちゃんのスポンジは、大きくて固いから。\n　お尻をこするときは、出来るだけ優しく……ね？」%K%P
「陽菜ちゃんのスポンジは、大きくて固いから。\n　お尻をこするときは、出来るだけ優しく……ね？」%K%P
%LC陽菜
%LC陽菜
「こ、これでお尻をこするって……。\n　でも、そんなことしたらっ……」%K%P
「こ、これでお尻をこするって……。\n　でも、そんなことしたらっ……」%K%P
%LCクレール
%LCクレール
「私がいいって言ってるんだから。\n　ほら、もっとこっちに押しつけて――」%K%P
「私がいいって言ってるんだから。\n　ほら、もっとこっちに押しつけて――」%K%P
%LC陽菜
%LC陽菜
「あっ、あ、あああっ……」%K%P
「あっ、あ、あああっ……」%K%P
クレールが軽くお尻を突き出すと、\n中央の割れ目に、ペニスがするんっと収まる。%K%P
クレールが軽くお尻を突き出すと、\n中央の割れ目に、ペニスがするんっと収まる。%K%P
%LCクレール
%LCクレール
「あっ……　そう、上手よ、陽菜ちゃんっ……。\n　もっと押しつけちゃっても大丈夫だから」%K%P
「あっ……　そう、上手よ、陽菜ちゃんっ……。\n　もっと押しつけちゃっても大丈夫だから」%K%P
%LC陽菜
%LC陽菜
「う、うんっ……はっ、んんっ……」%K%P
「う、うんっ……はっ、んんっ……」%K%P
ペニスを優しくたぐり寄せたクレールは、\nそれを美実様から隠すように、お尻の谷間へと導く。%K%P
ペニスを優しくたぐり寄せたクレールは、\nそれを美実様から隠すように、お尻の谷間へと導く。%K%P
泡まみれの谷間でペニスがこすれると、\nとんでもない快感が、腰から脳天へと駆け抜けた。%K%P
泡まみれの谷間でペニスがこすれると、\nとんでもない快感が、腰から脳天へと駆け抜けた。%K%P
%LC陽菜
%LC陽菜
「あふっ……んっ、くうっ……」%K%P
「あふっ……んっ、くうっ……」%K%P
いきなりの展開に脳の処理がおっつかないまま、\n快感だけがどんどん増していく。%K%P
いきなりの展開に脳の処理がおっつかないまま、\n快感だけがどんどん増していく。%K%P
腰や膝だけじゃなく、ペニスまでびくびく震えて、\nもはや美実様に見られちゃうどころの騒ぎじゃない。%K%P
腰や膝だけじゃなく、ペニスまでびくびく震えて、\nもはや美実様に見られちゃうどころの騒ぎじゃない。%K%P
%LC美実
%LC美実
「なんか……陽菜ちゃんの声、やらしくない？」%K%P
「なんか……陽菜ちゃんの声、やらしくない？」%K%P
%LC陽菜
%LC陽菜
「ひうっ……？！　や、これは、そのっ……。\n　クレールの肌、すべすべで、気持ちよくて……」%K%P
「ひうっ……？！　や、これは、そのっ……。\n　クレールの肌、すべすべで、気持ちよくて……」%K%P
%LCクレール
%LCクレール
「ふふっ、嬉しい。ありがと、陽菜ちゃんっ」%K%P
「ふふっ、嬉しい。ありがと、陽菜ちゃんっ」%K%P
ぎゅっ、ぎゅぎゅっ%K%P
ぎゅっ、ぎゅぎゅっ%K%P
%LC陽菜
%LC陽菜
「ふにゃうっ」%K%P
「ふにゃうっ」%K%P
ペニスを握る手に力を込められて、\n膝から崩れそうになるのを、必死に堪えた。%K%P
ペニスを握る手に力を込められて、\n膝から崩れそうになるのを、必死に堪えた。%K%P
もしここで崩れ落ちようものなら、\nガチガチに勃起したペニスが丸見えになる。%K%P
もしここで崩れ落ちようものなら、\nガチガチに勃起したペニスが丸見えになる。%K%P
耐えなきゃ、耐えなきゃ耐えなきゃっ……！%K%P
耐えなきゃ、耐えなきゃ耐えなきゃっ……！%K%P
%LCクレール
%LCクレール
「というわけで。私たち、まだ時間がかかるから」%K%P
「というわけで。私たち、まだ時間がかかるから」%K%P
%LC美実
%LC美実
「はいはい、邪魔者は退散します。\n　あとはお二人でごゆっくり」%K%P
「はいはい、邪魔者は退散します。\n　あとはお二人でごゆっくり」%K%P
%LC美実
%LC美実
「ん……でも、よかった。\n　二人が元気になってくれて」%K%P
「ん……でも、よかった。\n　二人が元気になってくれて」%K%P
%LC美実
%LC美実
「やっぱクレールと陽菜ちゃんは、\n　イチャイチャしててくれないとね」%K%P
「やっぱクレールと陽菜ちゃんは、\n　イチャイチャしててくれないとね」%K%P
%LCクレール
%LCクレール
「美実……」%K%P
「美実……」%K%P
%LC美実
%LC美実
「ふふっ。んじゃ、お先ーっ」%K%P
「ふふっ。んじゃ、お先ーっ」%K%P
%LC陽菜
%LC陽菜
「あっ……」%K%P
「あっ……」%K%P
せめて挨拶をしようと顔を上げたものの、\n美実様はすでにいなかった。%K%P
せめて挨拶をしようと顔を上げたものの、\n美実様はすでにいなかった。%K%P
%LCクレール
%LCクレール
「……やっぱり今日の合同練習、\n　私たちを気遣ってくれたみたいね」%K%P
「……やっぱり今日の合同練習、\n　私たちを気遣ってくれたみたいね」%K%P
%LC陽菜
%LC陽菜
「うん……」%K%P
「うん……」%K%P
裏を返せば、美実様たちに心配をかけるぐらい、\nここ数日、オレたちはぎくしゃくしていたんだろう。%K%P
裏を返せば、美実様たちに心配をかけるぐらい、\nここ数日、オレたちはぎくしゃくしていたんだろう。%K%P
実際、杏奈ちゃんと美実様がいなかったら、\nどうなっていたことか――って、いやいやいやっ。%K%P
実際、杏奈ちゃんと美実様がいなかったら、\nどうなっていたことか――って、いやいやいやっ。%K%P
そもそも現在進行形で大変なんですがっ……！？%K%P
そもそも現在進行形で大変なんですがっ……！？%K%P
%LCクレール
%LCクレール
「ねえ、陽菜ちゃん」%K%P
「ねえ、陽菜ちゃん」%K%P
%LC陽菜
%LC陽菜
「はっ、はいっ」%K%P
「はっ、はいっ」%K%P
%LCクレール
%LCクレール
「どうにかピンチは乗り越えたわけだけど……。\n　コレ、どうしてほしい？」%K%P
「どうにかピンチは乗り越えたわけだけど……。\n　コレ、どうしてほしい？」%K%P
%LC陽菜
%LC陽菜
「コレって……はぅっ、んんッ」%K%P
「コレって……はぅっ、んんッ」%K%P
クレールがお尻をくいっと動かすと、\n割れ目に挟まったペニスがびくっと跳ねる。%K%P
クレールがお尻をくいっと動かすと、\n割れ目に挟まったペニスがびくっと跳ねる。%K%P
適度な圧で挟まれたペニスが泡で滑って、\n上下にスライドした快感で、またもや声が漏れる。%K%P
適度な圧で挟まれたペニスが泡で滑って、\n上下にスライドした快感で、またもや声が漏れる。%K%P
%LCクレール
%LCクレール
「このまま何事もなかったように、身体を洗って、\n　はい、おしまい――でも、いいんだけど……」%K%P
「このまま何事もなかったように、身体を洗って、\n　はい、おしまい――でも、いいんだけど……」%K%P
%LCクレール
%LCクレール
「それだと陽菜ちゃん、今夜とか、\n　悶々として眠れなくなっちゃうでしょ？」%K%P
「それだと陽菜ちゃん、今夜とか、\n　悶々として眠れなくなっちゃうでしょ？」%K%P
%LC陽菜
%LC陽菜
「急に、そんなこと言われても……」%K%P
「急に、そんなこと言われても……」%K%P
%LCクレール
%LCクレール
「だから、つまり、寝る前に……その、ね？\n　思い出して、オナニーとか、しちゃうかなって」%K%P
「だから、つまり、寝る前に……その、ね？\n　思い出して、オナニーとか、しちゃうかなって」%K%P
%LC陽菜
%LC陽菜
「おっ、おなにーっ……！？」%K%P
「おっ、おなにーっ……！？」%K%P
%LCクレール
%LCクレール
「しー、しーっ……！\n　まだ美実がいるかもだからっ……！」%K%P
「しー、しーっ……！\n　まだ美実がいるかもだからっ……！」%K%P
%LC陽菜
%LC陽菜
「あっ、わわっ……！？」%K%P
「あっ、わわっ……！？」%K%P
クレールの言葉に、慌てて声のボリュームを絞る。%K%P
クレールの言葉に、慌てて声のボリュームを絞る。%K%P
それから少し息を潜めて様子を窺ったけど、\nシャワールームのドアが開くようなことはなかった。%K%P
それから少し息を潜めて様子を窺ったけど、\nシャワールームのドアが開くようなことはなかった。%K%P
%LCクレール
%LCクレール
「ほっ……。どうやら大丈夫みたい」%K%P
「ほっ……。どうやら大丈夫みたい」%K%P
%LCクレール
%LCクレール
「もう、陽菜ちゃんってば、\n　こんなときまでドキドキさせて……」%K%P
「もう、陽菜ちゃんってば、\n　こんなときまでドキドキさせて……」%K%P
%LC陽菜
%LC陽菜
「ん……だって、クレールが急に、その……」%K%P
「ん……だって、クレールが急に、その……」%K%P
%LCクレール
%LCクレール
「オナニー？」%K%P
「オナニー？」%K%P
%LC陽菜
%LC陽菜
「そうっ。いきなり言われたら、\n　誰だって驚くってばっ」%K%P
「そうっ。いきなり言われたら、\n　誰だって驚くってばっ」%K%P
%LCクレール
%LCクレール
「そうよね、私だって驚いたもの。\n　陽菜ちゃんがしてるのを見たときは」%K%P
「そうよね、私だって驚いたもの。\n　陽菜ちゃんがしてるのを見たときは」%K%P
――――え？%K%P
――――え？%K%P
%LC陽菜
%LC陽菜
「えっ……え、え、あのっ……」%K%P
「えっ……え、え、あのっ……」%K%P
%LCクレール
%LCクレール
「してたでしょ？　オナニー。\n　乙女部の部室で、こっそりと」%K%P
「してたでしょ？　オナニー。\n　乙女部の部室で、こっそりと」%K%P
%LCクレール
%LCクレール
「それも……私のおっぱい気持ちいいって、\n　そんなことも言ってたわよね？」%K%P
「それも……私のおっぱい気持ちいいって、\n　そんなことも言ってたわよね？」%K%P
%LC陽菜
%LC陽菜
「っっっ……！？」%K%P
「っっっ……！？」%K%P
まさかの指摘に、頭の中が真っ白に。%K%P
まさかの指摘に、頭の中が真っ白に。%K%P
青天の霹靂とはよく言ったもので、\nそれこそ頭の中に雷が落ちたみたいだった。%K%P
青天の霹靂とはよく言ったもので、\nそれこそ頭の中に雷が落ちたみたいだった。%K%P
つまり、クレールがオレを男だって知ったのは、\nあのオナニーを目撃してたからで――、%K%P
つまり、クレールがオレを男だって知ったのは、\nあのオナニーを目撃してたからで――、%K%P
%LC陽菜
%LC陽菜
「あっ、あ、あれは、そのっ……\n　ちがっ……やっ、あ、あううっ……」%K%P
「あっ、あ、あれは、そのっ……\n　ちがっ……やっ、あ、あううっ……」%K%P
%LCクレール
%LCクレール
「落ち着いて、陽菜ちゃん」%K%P
「落ち着いて、陽菜ちゃん」%K%P
%LCクレール
%LCクレール
「あなたの秘密は誰にも言ってないし、\n　誰にも言うつもりはないから」%K%P
「あなたの秘密は誰にも言ってないし、\n　誰にも言うつもりはないから」%K%P
%LC陽菜
%LC陽菜
「え……？」%K%P
「え……？」%K%P
%LCクレール
%LCクレール
「あなたがどうして女の子の姿をしているか、\n　それはすごく、気になるけれど……」%K%P
「あなたがどうして女の子の姿をしているか、\n　それはすごく、気になるけれど……」%K%P
%LCクレール
%LCクレール
「陽菜ちゃんは、とっても優しい子だもの。\n　きっと、誰かのため、なんでしょう？」%K%P
「陽菜ちゃんは、とっても優しい子だもの。\n　きっと、誰かのため、なんでしょう？」%K%P
こんな状況にあって、それでも、\n普段と変わらないクレールの穏やかな声。%K%P
こんな状況にあって、それでも、\n普段と変わらないクレールの穏やかな声。%K%P
宥めるような語り口も相まって、\n聞いているだけで、心が落ち着いていく。%K%P
宥めるような語り口も相まって、\n聞いているだけで、心が落ち着いていく。%K%P
%LC陽菜
%LC陽菜
「……あの、クレール」%K%P
「……あの、クレール」%K%P
%LCクレール
%LCクレール
「なに？」%K%P
「なに？」%K%P
%LC陽菜
%LC陽菜
「女装してる訳を話すって言ったら、\n　聞いてくれる……？」%K%P
「女装してる訳を話すって言ったら、\n　聞いてくれる……？」%K%P
%LCクレール
%LCクレール
「もちろん。でも、その前に――」%K%P
「もちろん。でも、その前に――」%K%P
%LCクレール
%LCクレール
「こっちをどうするか、決めないと」%K%P
「こっちをどうするか、決めないと」%K%P
%LC陽菜
%LC陽菜
「あっ……」%K%P
「あっ……」%K%P
オナニーを目撃されていたという衝撃の事実で、\nすっかり忘れていた、ガチガチのペニス。%K%P
オナニーを目撃されていたという衝撃の事実で、\nすっかり忘れていた、ガチガチのペニス。%K%P
気持ちのほうは多少落ち着いても、\n息子のほうは、変わらずガチガチのままだった。%K%P
気持ちのほうは多少落ち着いても、\n息子のほうは、変わらずガチガチのままだった。%K%P
%LCクレール
%LCクレール
「陽菜ちゃんさえ、よかったら……なんだけど。\n　このまま射精しちゃうっていうのは、どう？」%K%P
「陽菜ちゃんさえ、よかったら……なんだけど。\n　このまま射精しちゃうっていうのは、どう？」%K%P
%LC陽菜
%LC陽菜
「……へ？」%K%P
「……へ？」%K%P
%LCクレール
%LCクレール
「ほら、さっきも言ったでしょう？\n　このままだと悶々としちゃうはずって」%K%P
「ほら、さっきも言ったでしょう？\n　このままだと悶々としちゃうはずって」%K%P
%LCクレール
%LCクレール
「こうなった原因は、私にもあるわけで……。\n　だから、その責任をとるべき、というか……」%K%P
「こうなった原因は、私にもあるわけで……。\n　だから、その責任をとるべき、というか……」%K%P
%LC陽菜
%LC陽菜
「責任って……クレールは私を守る為に、\n　ここまでしてくれたんでしょ？」%K%P
「責任って……クレールは私を守る為に、\n　ここまでしてくれたんでしょ？」%K%P
%LC陽菜
%LC陽菜
「なのに、こっちが勝手に、勃起したわけで……」%K%P
「なのに、こっちが勝手に、勃起したわけで……」%K%P
%LCクレール
%LCクレール
「でも、こういう状況で勃起しちゃうのは、\n　男の子にとって、当たり前のことでしょ？」%K%P
「でも、こういう状況で勃起しちゃうのは、\n　男の子にとって、当たり前のことでしょ？」%K%P
%LCクレール
%LCクレール
「と、いうか……私も、こうなるかもって期待して、\n　あなたをシャワー室に連れ込んだんだし……」%K%P
「と、いうか……私も、こうなるかもって期待して、\n　あなたをシャワー室に連れ込んだんだし……」%K%P
%LC陽菜
%LC陽菜
「それ、どういう――」%K%P
「それ、どういう――」%K%P
%LCクレール
%LCクレール
「あっ、ん、えと……。実は、その……私もね、\n　陽菜ちゃんで、オナニーしたことがあるの」%K%P
「あっ、ん、えと……。実は、その……私もね、\n　陽菜ちゃんで、オナニーしたことがあるの」%K%P
%LC陽菜
%LC陽菜
「……へ？　いま、なんて……」%K%P
「……へ？　いま、なんて……」%K%P
%LCクレール
%LCクレール
「あなたのオナニーしてる姿を思い出して、\n　乙女部の部室で、オナニーしたことがあるの」%K%P
「あなたのオナニーしてる姿を思い出して、\n　乙女部の部室で、オナニーしたことがあるの」%K%P
%LC陽菜
%LC陽菜
「うそ……」%K%P
「うそ……」%K%P
クレールがオレでオナニーした、なんて……。%K%P
クレールがオレでオナニーした、なんて……。%K%P
オナニーを見られたってだけでも衝撃なのに、\nまさか、それ以上の驚きがあるなんて。%K%P
オナニーを見られたってだけでも衝撃なのに、\nまさか、それ以上の驚きがあるなんて。%K%P
%LCクレール
%LCクレール
「嘘じゃないわ。本当に、\n　陽菜ちゃんでオナニーしたんだから」%K%P
「嘘じゃないわ。本当に、\n　陽菜ちゃんでオナニーしたんだから」%K%P
%LCクレール
%LCクレール
「いまだって、そのことを思い出して……。\n　実はすっごく興奮してるのよ？」%K%P
「いまだって、そのことを思い出して……。\n　実はすっごく興奮してるのよ？」%K%P
%LCクレール
%LCクレール
「あなたのあそこが、お尻にあたった瞬間から、\n　ずっと……堪えるの、大変でっ……んんっ」%K%P
「あなたのあそこが、お尻にあたった瞬間から、\n　ずっと……堪えるの、大変でっ……んんっ」%K%P
%LC陽菜
%LC陽菜
「あ、ああっ……」%K%P
「あ、ああっ……」%K%P
クレールの声が熱を帯びると、\n彼女のお尻がこちらに擦り寄ってくる。%K%P
クレールの声が熱を帯びると、\n彼女のお尻がこちらに擦り寄ってくる。%K%P
狭いブース内に逃げ場はなく、\n押し込まれたペニスが、どんどん反り返っていく。%K%P
狭いブース内に逃げ場はなく、\n押し込まれたペニスが、どんどん反り返っていく。%K%P
%LCクレール
%LCクレール
「だから……ね？　お願い、陽菜ちゃん。\n　いまここで、私でオナニーして？」%K%P
「だから……ね？　お願い、陽菜ちゃん。\n　いまここで、私でオナニーして？」%K%P
%LC陽菜
%LC陽菜
「な、なに言ってるのっ。\n　そんなこと、できるわけっ……」%K%P
「な、なに言ってるのっ。\n　そんなこと、できるわけっ……」%K%P
%LCクレール
%LCクレール
「どうして？　この前は私のおっぱいを想って、\n　あんなに気持ちよさそうにしてたでしょ？」%K%P
「どうして？　この前は私のおっぱいを想って、\n　あんなに気持ちよさそうにしてたでしょ？」%K%P
%LCクレール
%LCクレール
「今日は思い出すまでもなく、\n　あなたの目の前に……ほら、ね？」%K%P
「今日は思い出すまでもなく、\n　あなたの目の前に……ほら、ね？」%K%P
%LC陽菜
%LC陽菜
「んくっ……」%K%P
「んくっ……」%K%P
クレールがお尻を振ってくると、\nあわせて揺れるペニスから快感が溢れ出る。%K%P
クレールがお尻を振ってくると、\nあわせて揺れるペニスから快感が溢れ出る。%K%P
どうにか自慰をせずに済ませたいけど、\n目の前の光景が圧倒的で、覆せる気がしない。%K%P
どうにか自慰をせずに済ませたいけど、\n目の前の光景が圧倒的で、覆せる気がしない。%K%P
%LCクレール
%LCクレール
「あっ……もしかして陽菜ちゃん、\n　お尻よりも、おっぱいのほうが好き？」%K%P
「あっ……もしかして陽菜ちゃん、\n　お尻よりも、おっぱいのほうが好き？」%K%P
%LC陽菜
%LC陽菜
「えっ……？」%K%P
「えっ……？」%K%P
%LCクレール
%LCクレール
「だって、オナニーしていたときも、\n　おっぱい気持ちいいって言っていたし」%K%P
「だって、オナニーしていたときも、\n　おっぱい気持ちいいって言っていたし」%K%P
%LCクレール
%LCクレール
「なら、お尻よりも、おっぱいのほうが――」%K%P
「なら、お尻よりも、おっぱいのほうが――」%K%P
%LC陽菜
%LC陽菜
「ま、待って待って、お尻でいいっ。\n　お尻でいいからっ」%K%P
「ま、待って待って、お尻でいいっ。\n　お尻でいいからっ」%K%P
クレールが身を捩って振り向きかけたので、\n咄嗟に腰を押しつけ、それを制する。%K%P
クレールが身を捩って振り向きかけたので、\n咄嗟に腰を押しつけ、それを制する。%K%P
%LC陽菜
%LC陽菜
「いまクレールに振り向かれたら、\n　本当にどうにかなっちゃうからっ……」%K%P
「いまクレールに振り向かれたら、\n　本当にどうにかなっちゃうからっ……」%K%P
こんな状態で、それでも会話が出来ているのは、\nクレールがオレに背を向けているからだ。%K%P
こんな状態で、それでも会話が出来ているのは、\nクレールがオレに背を向けているからだ。%K%P
夕べの電話と同じ――相手の顔が見えないから、\nどうにか話せているだけ。%K%P
夕べの電話と同じ――相手の顔が見えないから、\nどうにか話せているだけ。%K%P
なのに、いま振り向かれて顔を見られたら、\n絶対に平静を保てなくなる。%K%P
なのに、いま振り向かれて顔を見られたら、\n絶対に平静を保てなくなる。%K%P
%LC陽菜
%LC陽菜
「……オナニーしたら、許してくれる？」%K%P
「……オナニーしたら、許してくれる？」%K%P
%LCクレール
%LCクレール
「なっ……許すとか許さないとか、\n　私は別に、そういうつもりじゃなくてっ……」%K%P
「なっ……許すとか許さないとか、\n　私は別に、そういうつもりじゃなくてっ……」%K%P
%LCクレール
%LCクレール
「ただ、このまま何もせず終わったら、\n　あとで陽菜ちゃんが、大変だと思って……」%K%P
「ただ、このまま何もせず終わったら、\n　あとで陽菜ちゃんが、大変だと思って……」%K%P
%LC陽菜
%LC陽菜
「……うん。大変だと思う」%K%P
「……うん。大変だと思う」%K%P
女装がバレていたことも含めて、このあと、\nクレールとは色々と話さなきゃいけない。%K%P
女装がバレていたことも含めて、このあと、\nクレールとは色々と話さなきゃいけない。%K%P
けど、それはそれとして、クレールの言う通り、\n何もせずに終えた後、我慢できるとは思えなかった。%K%P
けど、それはそれとして、クレールの言う通り、\n何もせずに終えた後、我慢できるとは思えなかった。%K%P
だって、オレはすでに一度、クレールで自慰をして、\nその気持ち良さを知ってしまっているから。%K%P
だって、オレはすでに一度、クレールで自慰をして、\nその気持ち良さを知ってしまっているから。%K%P
こんな鮮烈な光景を脳裏に焼き付けられて、\nその上で、自慰の快感に抗える自信なんてない。%K%P
こんな鮮烈な光景を脳裏に焼き付けられて、\nその上で、自慰の快感に抗える自信なんてない。%K%P
なら、クレールも承知してくれている以上、\nいまここで、すっきりしておいたほうが――、%K%P
なら、クレールも承知してくれている以上、\nいまここで、すっきりしておいたほうが――、%K%P
%LCクレール
%LCクレール
「陽菜ちゃん、あまり考えすぎないで」%K%P
「陽菜ちゃん、あまり考えすぎないで」%K%P
%LCクレール
%LCクレール
「あなたがいま勃起して困っているのは、\n　目の前のえっちな人が、全部いけないの」%K%P
「あなたがいま勃起して困っているのは、\n　目の前のえっちな人が、全部いけないの」%K%P
%LC陽菜
%LC陽菜
「えっちって……クレールは、私のために」%K%P
「えっちって……クレールは、私のために」%K%P
%LCクレール
%LCクレール
「でも、あなたの秘密を守るだけなら、\n　他にも方法があったかもしれないでしょ？」%K%P
「でも、あなたの秘密を守るだけなら、\n　他にも方法があったかもしれないでしょ？」%K%P
%LCクレール
%LCクレール
「なのに、わざわざこんな方法を選んだのは、\n　私が陽菜ちゃんの裸を見たかったから――」%K%P
「なのに、わざわざこんな方法を選んだのは、\n　私が陽菜ちゃんの裸を見たかったから――」%K%P
%LCクレール
%LCクレール
「もっと言うと……私ね、陽菜ちゃんのあそこに、\n　すっごくすっごく、興味があるのっ……」%K%P
「もっと言うと……私ね、陽菜ちゃんのあそこに、\n　すっごくすっごく、興味があるのっ……」%K%P
%LC陽菜
%LC陽菜
「んっ……」%K%P
「んっ……」%K%P
くすりと笑ったクレールは、\n再び、オレのペニスをぎゅっと握る。%K%P
くすりと笑ったクレールは、\n再び、オレのペニスをぎゅっと握る。%K%P
その雰囲気はあまりにも妖艶で、\n声だけで、背筋がぞくっと震えてしまう。%K%P
その雰囲気はあまりにも妖艶で、\n声だけで、背筋がぞくっと震えてしまう。%K%P
%LCクレール
%LCクレール
「あっ……　ふふっ、陽菜ちゃんのあそこ、\n　さっきよりもおっきくなってる……」%K%P
「あっ……　ふふっ、陽菜ちゃんのあそこ、\n　さっきよりもおっきくなってる……」%K%P
%LC陽菜
%LC陽菜
「く、クレール、あのっ……」%K%P
「く、クレール、あのっ……」%K%P
%LCクレール
%LCクレール
「ねえ、陽菜ちゃんはあそこのこと、\n　なんて呼んでいるの？」%K%P
「ねえ、陽菜ちゃんはあそこのこと、\n　なんて呼んでいるの？」%K%P
%LC陽菜
%LC陽菜
「えっ……なんて、って……」%K%P
「えっ……なんて、って……」%K%P
%LCクレール
%LCクレール
「おち○ちんっていうのは知ってるんだけど。\n　ほかにも、なにかあるのかなって」%K%P
「おち○ちんっていうのは知ってるんだけど。\n　ほかにも、なにかあるのかなって」%K%P
%LC陽菜
%LC陽菜
「あ、えと……ち○ぽ、とかは、言うかも」%K%P
「あ、えと……ち○ぽ、とかは、言うかも」%K%P
%LCクレール
%LCクレール
「わはっ、ち○ぽっ　くすっ、可愛い響き。\n　なら、これからはち○ぽって呼ぶわね」%K%P
「わはっ、ち○ぽっ　くすっ、可愛い響き。\n　なら、これからはち○ぽって呼ぶわね」%K%P
%LC陽菜
%LC陽菜
「これからはって……わ、わわわっ」%K%P
「これからはって……わ、わわわっ」%K%P
楽しそうに笑ったクレールのお尻が、\nぐりぐりと、オレのち○ぽを侵略してくる。%K%P
楽しそうに笑ったクレールのお尻が、\nぐりぐりと、オレのち○ぽを侵略してくる。%K%P
優しく握っている手との合わせ技で、\n裏筋から亀頭まで、ぐりぐり、擦れてっ……。%K%P
優しく握っている手との合わせ技で、\n裏筋から亀頭まで、ぐりぐり、擦れてっ……。%K%P
%LC陽菜
%LC陽菜
「はぁ、くっ……はぁ、あっ、ああっ……」%K%P
「はぁ、くっ……はぁ、あっ、ああっ……」%K%P
%LCクレール
%LCクレール
「あぁ……すごい、びくびくぅっ　って。\n　陽菜ちゃんのち○ぽ、元気いっぱいっ……」%K%P
「あぁ……すごい、びくびくぅっ　って。\n　陽菜ちゃんのち○ぽ、元気いっぱいっ……」%K%P
%LC陽菜
%LC陽菜
「やっ、ま、待って、待って待ってっ……！\n　そんなにされたら、ホントにっ……」%K%P
「やっ、ま、待って、待って待ってっ……！\n　そんなにされたら、ホントにっ……」%K%P
%LCクレール
%LCクレール
「出ちゃう？」%K%P
「出ちゃう？」%K%P
%LC陽菜
%LC陽菜
「ッッ……」%K%P
「ッッ……」%K%P
こちらが言い淀んだことをあっさり口にして、\nクレールはさらにお尻を押し当てる。%K%P
こちらが言い淀んだことをあっさり口にして、\nクレールはさらにお尻を押し当てる。%K%P
柔らかなお尻の圧と弾力で、\nペニスがどんどん揉みくちゃにされて――、%K%P
柔らかなお尻の圧と弾力で、\nペニスがどんどん揉みくちゃにされて――、%K%P
%LC陽菜
%LC陽菜
「ぐっ、だめ、ほんと、イッちゃうッ……」%K%P
「ぐっ、だめ、ほんと、イッちゃうッ……」%K%P
頭の中はまだまだ混乱しているのに、\n身体は妬ましいぐらい、素直にそれを受け入れる。%K%P
頭の中はまだまだ混乱しているのに、\n身体は妬ましいぐらい、素直にそれを受け入れる。%K%P
快感に満ちたペニスが射精をせがむと、\nその切望が、口をつくように勝手に声になった。%K%P
快感に満ちたペニスが射精をせがむと、\nその切望が、口をつくように勝手に声になった。%K%P
%LCクレール
%LCクレール
「いいわよ、陽菜ちゃん。このまま出して」%K%P
「いいわよ、陽菜ちゃん。このまま出して」%K%P
%LC陽菜
%LC陽菜
「んっ……で、でもっ……」%K%P
「んっ……で、でもっ……」%K%P
%LCクレール
%LCクレール
「言ったでしょ？　悶々としている陽菜ちゃんを、\n　そのままにはしておけないって」%K%P
「言ったでしょ？　悶々としている陽菜ちゃんを、\n　そのままにはしておけないって」%K%P
%LCクレール
%LCクレール
「陽菜ちゃんを困らせるえっちなリビドーは、\n　汗と一緒に、ここで流しちゃいましょ？」%K%P
「陽菜ちゃんを困らせるえっちなリビドーは、\n　汗と一緒に、ここで流しちゃいましょ？」%K%P
%LCクレール
%LCクレール
「そうすれば、この前みたいに、\n　こっそりオナニーすることもないだろうし」%K%P
「そうすれば、この前みたいに、\n　こっそりオナニーすることもないだろうし」%K%P
%LC陽菜
%LC陽菜
「んっ……」%K%P
「んっ……」%K%P
オナニーという単語が出てくるたび、\n部室での自慰の記憶が、脳裏をかすめる。%K%P
オナニーという単語が出てくるたび、\n部室での自慰の記憶が、脳裏をかすめる。%K%P
あのとき夢中でペニスをしごいていたオレを、\nクレールが覗き見ていたなんて。%K%P
あのとき夢中でペニスをしごいていたオレを、\nクレールが覗き見ていたなんて。%K%P
女装したまま、ち○ぽをしこしこしているところを、\nよりにもよって、クレールに――、%K%P
女装したまま、ち○ぽをしこしこしているところを、\nよりにもよって、クレールに――、%K%P
%LC陽菜
%LC陽菜
「はぁ、あっ……ぐっ、はあっ、ああっ」%K%P
「はぁ、あっ……ぐっ、はあっ、ああっ」%K%P
%LCクレール
%LCクレール
「ああっ……　ち○ぽ、すごいっ……歃n　びくびく、いっぱいっ……はあっ、ああっ」%K%P
「ああっ……　ち○ぽ、すごいっ……歃n　びくびく、いっぱいっ……はあっ、ああっ」%K%P
%LC陽菜
%LC陽菜
「いっ、いいの？　ホントに、出してもっ……」%K%P
「いっ、いいの？　ホントに、出してもっ……」%K%P
%LCクレール
%LCクレール
「うんっ、いっぱい出して？　いっぱいかけて？\n　私、ずっと、こうしてほしかったんだもの」%K%P
「うんっ、いっぱい出して？　いっぱいかけて？\n　私、ずっと、こうしてほしかったんだもの」%K%P
%LCクレール
%LCクレール
「あなたのオナニーを見たときから……ううん、\n　あなたの精子の匂いを、知ったときからっ……」%K%P
「あなたのオナニーを見たときから……ううん、\n　あなたの精子の匂いを、知ったときからっ……」%K%P
%LCクレール
%LCクレール
「あなたの精子が、欲しくて、欲しくてっ……歃n　はあっ、ああっ……ちょうだい、陽菜ちゃんっ」%K%P
「あなたの精子が、欲しくて、欲しくてっ……歃n　はあっ、ああっ……ちょうだい、陽菜ちゃんっ」%K%P
%LCクレール
%LCクレール
「あなたの精子を、私に、いっぱいっ……。\n　出してっ、出してっ、陽菜ちゃんっ滲」%K%P
「あなたの精子を、私に、いっぱいっ……。\n　出してっ、出してっ、陽菜ちゃんっ滲」%K%P
%LC陽菜
%LC陽菜
「んぐッ……！　ああっ、クレールぅっ……！」%K%P
「んぐッ……！　ああっ、クレールぅっ……！」%K%P
%LCクレール
%LCクレール
「あっ、ああっ……　すごい、びゅびゅって、\n　熱いのが、いっぱいっ……ひゃっ、んやぅっ」%K%P
「あっ、ああっ……　すごい、びゅびゅって、\n　熱いのが、いっぱいっ……ひゃっ、んやぅっ」%K%P
%LCクレール
%LCクレール
「ち○ぽ、びくってするたび……ああっ、\n　熱いのが、どんどん、びゅびゅーって……」%K%P
「ち○ぽ、びくってするたび……ああっ、\n　熱いのが、どんどん、びゅびゅーって……」%K%P
%LC陽菜
%LC陽菜
「ひぐっ……はあっ、くっ、あああっ……」%K%P
「ひぐっ……はあっ、くっ、あああっ……」%K%P
射精の瞬間、腰がぶるぶる震えて、\nクレールの手の中でペニスが大きく跳ね回る。%K%P
射精の瞬間、腰がぶるぶる震えて、\nクレールの手の中でペニスが大きく跳ね回る。%K%P
それがちょうどペニスを搾る形になって、\n思っていた以上に、精子がクレールに飛び散った。%K%P
それがちょうどペニスを搾る形になって、\n思っていた以上に、精子がクレールに飛び散った。%K%P
%LCクレール
%LCクレール
「はぁ、あぁ……すぅー、ふぅぅうう……歃n　あぁ……そう、そうよ、これ、この匂いっ……」%K%P
「はぁ、あぁ……すぅー、ふぅぅうう……歃n　あぁ……そう、そうよ、これ、この匂いっ……」%K%P
%LCクレール
%LCクレール
「私、ずっと、これが欲しくて……はぁ、ああっ」%K%P
「私、ずっと、これが欲しくて……はぁ、ああっ」%K%P
%LC陽菜
%LC陽菜
「やうっ……ちょっ、く、ああっ……」%K%P
「やうっ……ちょっ、く、ああっ……」%K%P
深く呼吸したクレールの手が、\n精子まみれのペニスを、こねるように撫でまわす。%K%P
深く呼吸したクレールの手が、\n精子まみれのペニスを、こねるように撫でまわす。%K%P
あっという間に真っ白になった手の中で、\nクレールは、オレの精子を愛おしげに揉み込んだ。%K%P
あっという間に真っ白になった手の中で、\nクレールは、オレの精子を愛おしげに揉み込んだ。%K%P
%LC陽菜
%LC陽菜
「あっ、あの、クレール……？」%K%P
「あっ、あの、クレール……？」%K%P
%LCクレール
%LCクレール
「ん……？　なぁに、陽菜ちゃん」%K%P
「ん……？　なぁに、陽菜ちゃん」%K%P
%LC陽菜
%LC陽菜
「お尻や手に、精子がいっぱいついちゃって……。\n　これ、洗い流した方がいいと思うんだけど」%K%P
「お尻や手に、精子がいっぱいついちゃって……。\n　これ、洗い流した方がいいと思うんだけど」%K%P
%LCクレール
%LCクレール
「やっ、だめよっ。そんな勿体ないっ」%K%P
「やっ、だめよっ。そんな勿体ないっ」%K%P
%LC陽菜
%LC陽菜
「……え？」%K%P
「……え？」%K%P
%LCクレール
%LCクレール
「あっ……ん、えと……その……」%K%P
「あっ……ん、えと……その……」%K%P
%LCクレール
%LCクレール
「……私ね、陽菜ちゃんの精子の匂いが、\n　すっごく気に入っちゃったみたいで……」%K%P
「……私ね、陽菜ちゃんの精子の匂いが、\n　すっごく気に入っちゃったみたいで……」%K%P
%LCクレール
%LCクレール
「あの日以来、もう一度嗅いでみたいなって、\n　ずーっと思っていたの」%K%P
「あの日以来、もう一度嗅いでみたいなって、\n　ずーっと思っていたの」%K%P
%LCクレール
%LCクレール
「だから、だから、その……すぅ、はぁ……あぁ、\n　だめ、この匂い、ホントにぃ……んぅんッ」%K%P
「だから、だから、その……すぅ、はぁ……あぁ、\n　だめ、この匂い、ホントにぃ……んぅんッ」%K%P
%LC陽菜
%LC陽菜
「クレール……？　大丈夫？」%K%P
「クレール……？　大丈夫？」%K%P
%LCクレール
%LCクレール
「んっ、だめ、大丈夫じゃ、ないみたいっ……」%K%P
「んっ、だめ、大丈夫じゃ、ないみたいっ……」%K%P
%LCクレール
%LCクレール
「陽菜ちゃんの精子、思ってたより、すごい……歃n　これ、匂いだけで……どんどん、やらしくっ……」%K%P
「陽菜ちゃんの精子、思ってたより、すごい……歃n　これ、匂いだけで……どんどん、やらしくっ……」%K%P
%LCクレール
%LCクレール
「ねぇ、陽菜ちゃん、お願いっ……歃n　今度は私を、気持ち良くっ……」%K%P
「ねぇ、陽菜ちゃん、お願いっ……歃n　今度は私を、気持ち良くっ……」%K%P
%LC陽菜
%LC陽菜
「あっ、だめ、こっち向いちゃっ……！？」%K%P
「あっ、だめ、こっち向いちゃっ……！？」%K%P
%LCクレール
%LCクレール
「んふふっ　せーの……えいっ」%K%P
「んふふっ　せーの……えいっ」%K%P
濡れた床の上でくるりとターンしたクレールが、\nオレをぐいっと引き寄せる。%K%P
濡れた床の上でくるりとターンしたクレールが、\nオレをぐいっと引き寄せる。%K%P
目の前に現れたのは、ふたつの大きすぎる膨らみ。%K%P
目の前に現れたのは、ふたつの大きすぎる膨らみ。%K%P
それはもう、どどーんっ！　って感じで、\n問答無用の破壊力に、脳も股間も打ち砕かれた。%K%P
それはもう、どどーんっ！　って感じで、\n問答無用の破壊力に、脳も股間も打ち砕かれた。%K%P
%LCクレール
%LCクレール
「んふっ、うふふっ……歃n　陽菜ちゃんのち○ぽ、みーちゃった」%K%P
「んふっ、うふふっ……歃n　陽菜ちゃんのち○ぽ、みーちゃった」%K%P
%LC陽菜
%LC陽菜
「うわっ、わわわっ……」%K%P
「うわっ、わわわっ……」%K%P
%LCクレール
%LCクレール
「あっ、だーめっ。いまさら隠さないのっ」%K%P
「あっ、だーめっ。いまさら隠さないのっ」%K%P
咄嗟に両手で股間を押さえようとしたら、\nいち早くクレールに制されてしまう。%K%P
咄嗟に両手で股間を押さえようとしたら、\nいち早くクレールに制されてしまう。%K%P
%LC陽菜
%LC陽菜
「クレール、だめだって、こんなのっ……」%K%P
「クレール、だめだって、こんなのっ……」%K%P
%LCクレール
%LCクレール
「こんなのって？　どんなの？　どんなこと？」%K%P
「こんなのって？　どんなの？　どんなこと？」%K%P
%LC陽菜
%LC陽菜
「それはっ……」%K%P
「それはっ……」%K%P
たっぷり射精したはずなのに、\nペニスは物足りないとばかりに固いままで。%K%P
たっぷり射精したはずなのに、\nペニスは物足りないとばかりに固いままで。%K%P
その突端は、振り向いたクレールの割れ目に、\nいまにも入りそうなぐらい寄り添って――、%K%P
その突端は、振り向いたクレールの割れ目に、\nいまにも入りそうなぐらい寄り添って――、%K%P
%LC陽菜
%LC陽菜
「んッ……」%K%P
「んッ……」%K%P
湯気の向こうに見える秘裂に、自然と咽が鳴った。%K%P
湯気の向こうに見える秘裂に、自然と咽が鳴った。%K%P
膣口と触れあっている亀頭が、かなり熱い。%K%P
膣口と触れあっている亀頭が、かなり熱い。%K%P
これ以上ないぐらい興奮しているオレよりも、\nクレールのほうが、肌が火照っているなんて――、%K%P
これ以上ないぐらい興奮しているオレよりも、\nクレールのほうが、肌が火照っているなんて――、%K%P
%LCクレール
%LCクレール
「陽菜ちゃん、こっちも見て」%K%P
「陽菜ちゃん、こっちも見て」%K%P
%LC陽菜
%LC陽菜
「あっ……ご、ごめんっ」%K%P
「あっ……ご、ごめんっ」%K%P
さすがに股間を凝視するなんて不躾だったと、\n反省しながらパッと顔をあげた瞬間――、%K%P
さすがに股間を凝視するなんて不躾だったと、\n反省しながらパッと顔をあげた瞬間――、%K%P
%LCクレール
%LCクレール
「ん……ちゅっ」%K%P
「ん……ちゅっ」%K%P
%LC陽菜
%LC陽菜
「あっ……」%K%P
「あっ……」%K%P
唇に、ちょこんと柔らかいものが触れて、\nその感触に思わず固まってしまう。%K%P
唇に、ちょこんと柔らかいものが触れて、\nその感触に思わず固まってしまう。%K%P
%LC陽菜
%LC陽菜
「クレール、いまの……」%K%P
「クレール、いまの……」%K%P
%LCクレール
%LCクレール
「んっ……キス、しちゃった……歃n　唇にしたの、初めて……」%K%P
「んっ……キス、しちゃった……歃n　唇にしたの、初めて……」%K%P
%LC陽菜
%LC陽菜
「初めてって……」%K%P
「初めてって……」%K%P
%LCクレール
%LCクレール
「今日はたくさん恥をかかせちゃったから。\n　せめてもの、お詫びにと思って……」%K%P
「今日はたくさん恥をかかせちゃったから。\n　せめてもの、お詫びにと思って……」%K%P
%LC陽菜
%LC陽菜
「お詫び、とか……だめだよ、そんなっ……。\n　初めてのキスは、大切な人とじゃないと……」%K%P
「お詫び、とか……だめだよ、そんなっ……。\n　初めてのキスは、大切な人とじゃないと……」%K%P
%LC陽菜
%LC陽菜
「いや、初めて以外でも、\n　キスは好きな人とすべきなんだけどっ……」%K%P
「いや、初めて以外でも、\n　キスは好きな人とすべきなんだけどっ……」%K%P
%LCクレール
%LCクレール
「ふふっ、そうね。私もそう思う」%K%P
「ふふっ、そうね。私もそう思う」%K%P
%LCクレール
%LCクレール
「でも……だからこそ、\n　私は陽菜ちゃんにキスしたの」%K%P
「でも……だからこそ、\n　私は陽菜ちゃんにキスしたの」%K%P
%LC陽菜
%LC陽菜
「え……」%K%P
「え……」%K%P
%LCクレール
%LCクレール
「好きよ、陽菜ちゃん。……大好き」%K%P
「好きよ、陽菜ちゃん。……大好き」%K%P
%LC陽菜
%LC陽菜
「っ……」%K%P
「っ……」%K%P
あっさりと告げられて、かえって息を呑む。%K%P
あっさりと告げられて、かえって息を呑む。%K%P
おそらく驚きに染まったであろうオレの顔を見て、\nクレールは、ちょっと困った感じで笑った。%K%P
おそらく驚きに染まったであろうオレの顔を見て、\nクレールは、ちょっと困った感じで笑った。%K%P
%LCクレール
%LCクレール
「こんな状況で告白なんて、ズルいと思うけど……、\n　伝えないままで誤解されちゃうのも困るから」%K%P
「こんな状況で告白なんて、ズルいと思うけど……、\n　伝えないままで誤解されちゃうのも困るから」%K%P
%LCクレール
%LCクレール
「キスも、その先も……陽菜ちゃんのことが\n　好きだからこそ、私はしたいって思ってるの」%K%P
「キスも、その先も……陽菜ちゃんのことが\n　好きだからこそ、私はしたいって思ってるの」%K%P
%LCクレール
%LCクレール
「陽菜ちゃんは？　……私のこと、好き？」%K%P
「陽菜ちゃんは？　……私のこと、好き？」%K%P
いつも積極的なクレールが、\n呟いたあと、恥ずかしそうに目を逸らす。%K%P
いつも積極的なクレールが、\n呟いたあと、恥ずかしそうに目を逸らす。%K%P
かと思えば、こちらをちらちらっと窺ってきて、\nそんなところが、実にクレールらしくて。%K%P
かと思えば、こちらをちらちらっと窺ってきて、\nそんなところが、実にクレールらしくて。%K%P
そんな部分も含めて、オレは――、%K%P
そんな部分も含めて、オレは――、%K%P
%LC陽菜
%LC陽菜
「……好き、だよ。クレールのこと」%K%P
「……好き、だよ。クレールのこと」%K%P
%LCクレール
%LCクレール
「ほんとっ？」%K%P
「ほんとっ？」%K%P
%LC陽菜
%LC陽菜
「うん。……そもそも、好きじゃないなら、\n　オナニーのとき、思い出したりしないし……」%K%P
「うん。……そもそも、好きじゃないなら、\n　オナニーのとき、思い出したりしないし……」%K%P
%LCクレール
%LCクレール
「ああっ……　嬉しい、陽菜ちゃんっ……」%K%P
「ああっ……　嬉しい、陽菜ちゃんっ……」%K%P
はしゃいだクレールが腰をすり寄せてきて、\n密着していた亀頭が、割れ目の中へ、ぬるっと――、%K%P
はしゃいだクレールが腰をすり寄せてきて、\n密着していた亀頭が、割れ目の中へ、ぬるっと――、%K%P
%LCクレール
%LCクレール
「くぅぅぅぅぅうんんぅッ……」%K%P
「くぅぅぅぅぅうんんぅッ……」%K%P
%LC陽菜
%LC陽菜
「わっ、わわっ……？！」%K%P
「わっ、わわっ……？！」%K%P
心構えがないままに挿入を果たしてしまい、\n快感よりも驚きで声を上げてしまう。%K%P
心構えがないままに挿入を果たしてしまい、\n快感よりも驚きで声を上げてしまう。%K%P
その驚きが収まらないうちに、\n亀頭が、わずかな抵抗に押し留められた。%K%P
その驚きが収まらないうちに、\n亀頭が、わずかな抵抗に押し留められた。%K%P
%LC陽菜
%LC陽菜
「あっ、あの、クレールっ……」%K%P
「あっ、あの、クレールっ……」%K%P
%LCクレール
%LCクレール
「大丈夫だから、そのまま、腰を前にっ……」%K%P
「大丈夫だから、そのまま、腰を前にっ……」%K%P
%LC陽菜
%LC陽菜
「うっ、うんっ……」%K%P
「うっ、うんっ……」%K%P
クレールを信じ、さらに亀頭を押し込むと、\n薄膜を貫くような感触が、確かにあって。%K%P
クレールを信じ、さらに亀頭を押し込むと、\n薄膜を貫くような感触が、確かにあって。%K%P
%LCクレール
%LCクレール
「はぐっ……んくっ、ぐぅっ……んんッ、はあっ」%K%P
「はぐっ……んくっ、ぐぅっ……んんッ、はあっ」%K%P
いつも笑みを絶やさないクレールも、\nその瞬間だけは、眉を寄せて声を堪える。%K%P
いつも笑みを絶やさないクレールも、\nその瞬間だけは、眉を寄せて声を堪える。%K%P
直後、割り開かれた膣口からは、\n赤い印が、ペニスを伝って幾筋も――、%K%P
直後、割り開かれた膣口からは、\n赤い印が、ペニスを伝って幾筋も――、%K%P
%LC陽菜
%LC陽菜
「あっ、あっ、あああっ……」%K%P
「あっ、あっ、あああっ……」%K%P
%LCクレール
%LCクレール
「陽菜ちゃん、大丈夫？　痛くない？」%K%P
「陽菜ちゃん、大丈夫？　痛くない？」%K%P
%LC陽菜
%LC陽菜
「平気……って、そういうのは普通、\n　こっちが聞くことじゃっ……」%K%P
「平気……って、そういうのは普通、\n　こっちが聞くことじゃっ……」%K%P
%LCクレール
%LCクレール
「んっ……ふふっ、そうねっ。\n　でも、私なら、大丈夫だからっ……」%K%P
「んっ……ふふっ、そうねっ。\n　でも、私なら、大丈夫だからっ……」%K%P
%LCクレール
%LCクレール
「思っていたより、痛くないし……。\n　むしろ、気持ちよくて驚いてるぐらいっ……」%K%P
「思っていたより、痛くないし……。\n　むしろ、気持ちよくて驚いてるぐらいっ……」%K%P
%LCクレール
%LCクレール
「きっと、精子の匂いで興奮して、\n　あそこがとろとろだったおかげねっ……」%K%P
「きっと、精子の匂いで興奮して、\n　あそこがとろとろだったおかげねっ……」%K%P
%LC陽菜
%LC陽菜
「うっ、うんっ……。ホントに、とろとろっ……」%K%P
「うっ、うんっ……。ホントに、とろとろっ……」%K%P
初キス告白即挿入という急転直下な展開に、\n思考回路がちっとも追いつかない。%K%P
初キス告白即挿入という急転直下な展開に、\n思考回路がちっとも追いつかない。%K%P
それでも、ペニスにまとわりつく愛液の感触が、\nはっきりしっかり脳内に刻まれる。%K%P
それでも、ペニスにまとわりつく愛液の感触が、\nはっきりしっかり脳内に刻まれる。%K%P
それぐらい、クレールの膣内は気持ちよくて。%K%P
それぐらい、クレールの膣内は気持ちよくて。%K%P
%LCクレール
%LCクレール
「んくッ……あっ、そこっ……ぐっ、んんっ、\n　ああっ、気持ちいっ……はぁ、ああっ」%K%P
「んくッ……あっ、そこっ……ぐっ、んんっ、\n　ああっ、気持ちいっ……はぁ、ああっ」%K%P
%LCクレール
%LCクレール
「陽菜ちゃんっ、もっと、こっち……はあっ、\n　私の、近くにっ……きてっ？　ねっ？」%K%P
「陽菜ちゃんっ、もっと、こっち……はあっ、\n　私の、近くにっ……きてっ？　ねっ？」%K%P
%LC陽菜
%LC陽菜
「んっ……クレールの、近くにっ……」%K%P
「んっ……クレールの、近くにっ……」%K%P
いきなりのことに戸惑うばかりのオレを、\nクレールが優しく導いてくれる。%K%P
いきなりのことに戸惑うばかりのオレを、\nクレールが優しく導いてくれる。%K%P
彼女に身を委ねれば大丈夫っていう安心感は、\nそれほどまでに圧倒的だった。%K%P
彼女に身を委ねれば大丈夫っていう安心感は、\nそれほどまでに圧倒的だった。%K%P
%LCクレール
%LCクレール
「はふっ、はぁはぁっ……あっ、ああっ、\n　んぅ……くっ、ふぅ、ふぅう……んああっ」%K%P
「はふっ、はぁはぁっ……あっ、ああっ、\n　んぅ……くっ、ふぅ、ふぅう……んああっ」%K%P
%LCクレール
%LCクレール
「んふっ……ふふっ、うふふっ歃n　陽菜ちゃんと、ひとつに、なっちゃったっ……」%K%P
「んふっ……ふふっ、うふふっ歃n　陽菜ちゃんと、ひとつに、なっちゃったっ……」%K%P
%LCクレール
%LCクレール
「どう？　陽菜ちゃん、気持ちいい？」%K%P
「どう？　陽菜ちゃん、気持ちいい？」%K%P
%LC陽菜
%LC陽菜
「うっ、うんっ。それは、もちろんっ……」%K%P
「うっ、うんっ。それは、もちろんっ……」%K%P
%LCクレール
%LCクレール
「ふふっ、よかったっ……歃n　私だけ気持ちいいんじゃ、不公平だもの」%K%P
「ふふっ、よかったっ……歃n　私だけ気持ちいいんじゃ、不公平だもの」%K%P
%LC陽菜
%LC陽菜
「クレールも気持ちいいの？」%K%P
「クレールも気持ちいいの？」%K%P
%LCクレール
%LCクレール
「うんっ……　あそこだけじゃなくて、\n　全身、どこもかしこも、気持ちよくてっ……」%K%P
「うんっ……　あそこだけじゃなくて、\n　全身、どこもかしこも、気持ちよくてっ……」%K%P
%LCクレール
%LCクレール
「とくに、乳首なんて……ほら、見える？\n　こんなに勃起しちゃってるっ……」%K%P
「とくに、乳首なんて……ほら、見える？\n　こんなに勃起しちゃってるっ……」%K%P
%LC陽菜
%LC陽菜
「ぐっ……んぐっ……」%K%P
「ぐっ……んぐっ……」%K%P
クレールの声に彼女のおっぱいを見れば、\n確かに、乳首がぷっくりと立ち上がっていた。%K%P
クレールの声に彼女のおっぱいを見れば、\n確かに、乳首がぷっくりと立ち上がっていた。%K%P
その瞬間に思い浮かんだのは、\n美味しそうっていう、味への期待で。%K%P
その瞬間に思い浮かんだのは、\n美味しそうっていう、味への期待で。%K%P
%LCクレール
%LCクレール
「あっ……うふふっ、陽菜ちゃん、\n　いま、ごくんってしたでしょっ……？」%K%P
「あっ……うふふっ、陽菜ちゃん、\n　いま、ごくんってしたでしょっ……？」%K%P
%LC陽菜
%LC陽菜
「はうっ……い、いまのは、そのっ……」%K%P
「はうっ……い、いまのは、そのっ……」%K%P
%LCクレール
%LCクレール
「私のおっぱい、おしゃぶりしたい？」%K%P
「私のおっぱい、おしゃぶりしたい？」%K%P
%LC陽菜
%LC陽菜
「んっ……したい、けどっ……」%K%P
「んっ……したい、けどっ……」%K%P
いかにクレールのおっぱいが大きくとも、\nこの体勢だと、さすがに乳首まで口は届かない。%K%P
いかにクレールのおっぱいが大きくとも、\nこの体勢だと、さすがに乳首まで口は届かない。%K%P
%LCクレール
%LCクレール
「いまは、ちょっと無理だけど……、\n　いつか好きなだけ、おしゃぶりさせてあげる」%K%P
「いまは、ちょっと無理だけど……、\n　いつか好きなだけ、おしゃぶりさせてあげる」%K%P
%LC陽菜
%LC陽菜
「いつかって……」%K%P
「いつかって……」%K%P
%LCクレール
%LCクレール
「だって、こんなにも気持ちいいんだもの。\n　今日だけ、なんて……もったいないでしょう？」%K%P
「だって、こんなにも気持ちいいんだもの。\n　今日だけ、なんて……もったいないでしょう？」%K%P
%LCクレール
%LCクレール
「だから……今日はひとまず、\n　これでっ……んー、ちゅっ、れーるっ」%K%P
「だから……今日はひとまず、\n　これでっ……んー、ちゅっ、れーるっ」%K%P
%LC陽菜
%LC陽菜
「んぷっ……あふっ、んぅんっ」%K%P
「んぷっ……あふっ、んぅんっ」%K%P
挿入を遂げて距離が詰まっていた唇同士が、\nファーストキスよりもしっかりと重なる。%K%P
挿入を遂げて距離が詰まっていた唇同士が、\nファーストキスよりもしっかりと重なる。%K%P
彼女の唇の柔らかさに感動していたら、\nさらに柔らかいものが、口内に滑り込んできた。%K%P
彼女の唇の柔らかさに感動していたら、\nさらに柔らかいものが、口内に滑り込んできた。%K%P
%LCクレール
%LCクレール
「れろっ、れるるっ……んむ、ちゅっ、れるっ、\n　れるれるっ……はむっ、あむあむっ」%K%P
「れろっ、れるるっ……んむ、ちゅっ、れるっ、\n　れるれるっ……はむっ、あむあむっ」%K%P
%LC陽菜
%LC陽菜
「ふはっ……んむっ、れろっ、ちゅっ」%K%P
「ふはっ……んむっ、れろっ、ちゅっ」%K%P
%LCクレール
%LCクレール
「んぅぅう……っ　陽菜ちゃん、\n　私の舌、もっと、ちゅーちゅーして？」%K%P
「んぅぅう……っ　陽菜ちゃん、\n　私の舌、もっと、ちゅーちゅーして？」%K%P
%LCクレール
%LCクレール
「キャンディを舐めるように、\n　舌、伸ばしてっ……ぺろ、れろって……」%K%P
「キャンディを舐めるように、\n　舌、伸ばしてっ……ぺろ、れろって……」%K%P
%LC陽菜
%LC陽菜
「んっ……うんっ、ちゅっ、ちゅぷぷっ」%K%P
「んっ……うんっ、ちゅっ、ちゅぷぷっ」%K%P
%LCクレール
%LCクレール
「ふあうっ　はふっ、そうっ……んぅっ、\n　んふふっ、陽菜ちゃん、じょうずっ……」%K%P
「ふあうっ　はふっ、そうっ……んぅっ、\n　んふふっ、陽菜ちゃん、じょうずっ……」%K%P
%LCクレール
%LCクレール
「あふっ、はあっ……れろ、れろれろっ、\n　んむぅ……ぐっ、んんっ、あむむっ……」%K%P
「あふっ、はあっ……れろ、れろれろっ、\n　んむぅ……ぐっ、んんっ、あむむっ……」%K%P
いきなりの舌乱入にテンパってしまうけど、\nクレールがすぐに的確なアドバイスをしてくれて。%K%P
いきなりの舌乱入にテンパってしまうけど、\nクレールがすぐに的確なアドバイスをしてくれて。%K%P
言われるまま彼女の舌にしゃぶりついたら、\n息継ぎが楽になって、しっかりキスに集中できた。%K%P
言われるまま彼女の舌にしゃぶりついたら、\n息継ぎが楽になって、しっかりキスに集中できた。%K%P
%LC陽菜
%LC陽菜
「んむっ……ふはっ……これ、\n　クレールは苦しくないのっ……？」%K%P
「んむっ……ふはっ……これ、\n　クレールは苦しくないのっ……？」%K%P
%LCクレール
%LCクレール
「ぜんぜんっ　ちゅーちゅーされると、\n　それだけで、気持ちよくなっちゃうっ……」%K%P
「ぜんぜんっ　ちゅーちゅーされると、\n　それだけで、気持ちよくなっちゃうっ……」%K%P
%LCクレール
%LCクレール
「だから、このまま……あむっ、れろっ、\n　キスしたまま、ち○ぽも……奥に、ねっ？」%K%P
「だから、このまま……あむっ、れろっ、\n　キスしたまま、ち○ぽも……奥に、ねっ？」%K%P
%LCクレール
%LCクレール
「最後は陽菜ちゃんの力でっ……はあっ、\n　私の膣内に、ち○ぽを、ぜんぶっ……」%K%P
「最後は陽菜ちゃんの力でっ……はあっ、\n　私の膣内に、ち○ぽを、ぜんぶっ……」%K%P
%LCクレール
%LCクレール
「上も、下も……どっちも陽菜ちゃんで、\n　私のこと、いっぱいに……れろ、ちゅむむっ」%K%P
「上も、下も……どっちも陽菜ちゃんで、\n　私のこと、いっぱいに……れろ、ちゅむむっ」%K%P
%LC陽菜
%LC陽菜
「んッ……やって、みるっ……」%K%P
「んッ……やって、みるっ……」%K%P
シャワー室に入ってからここまでずっと、\nオレをフォローし、リードしてくれたクレール。%K%P
シャワー室に入ってからここまでずっと、\nオレをフォローし、リードしてくれたクレール。%K%P
そんな彼女の願いに応じたくて、\n震える腰を、どうにか、ぐぐっと、前に――、%K%P
そんな彼女の願いに応じたくて、\n震える腰を、どうにか、ぐぐっと、前に――、%K%P
%LCクレール
%LCクレール
「くあっ……はぁ、あっ、あああっ歃n　おくっ、きたぁぁぁっ……」%K%P
「くあっ……はぁ、あっ、あああっ歃n　おくっ、きたぁぁぁっ……」%K%P
%LCクレール
%LCクレール
「陽菜ちゃんのち○ぽが、おくっ……んうッ、\n　はぁ、ああっ、あっ、ああああっ……」%K%P
「陽菜ちゃんのち○ぽが、おくっ……んうッ、\n　はぁ、ああっ、あっ、ああああっ……」%K%P
%LCクレール
%LCクレール
「んぅ、はぁはぁっ……ち○ぽ、おっきいっ……歃n　陽菜ちゃんが、膣内に、いっぱいっ……」%K%P
「んぅ、はぁはぁっ……ち○ぽ、おっきいっ……歃n　陽菜ちゃんが、膣内に、いっぱいっ……」%K%P
壁に背を預けるクレールの身体が震えると、\nぷるんとおっぱいが弾んで、汗や水滴が飛び散る。%K%P
壁に背を預けるクレールの身体が震えると、\nぷるんとおっぱいが弾んで、汗や水滴が飛び散る。%K%P
いつもならその胸に目が釘付けになっただろうけど、\nいまはなにより、クレールの蕩けた表情が愛しい。%K%P
いつもならその胸に目が釘付けになっただろうけど、\nいまはなにより、クレールの蕩けた表情が愛しい。%K%P
%LCクレール
%LCクレール
「ねえっ、陽菜ちゃんはっ……？\n　陽菜ちゃんも、いっぱいになってるっ？」%K%P
「ねえっ、陽菜ちゃんはっ……？\n　陽菜ちゃんも、いっぱいになってるっ？」%K%P
%LC陽菜
%LC陽菜
「うんっ。頭の中、クレールでいっぱいっ……」%K%P
「うんっ。頭の中、クレールでいっぱいっ……」%K%P
%LCクレール
%LCクレール
「ああああっ……　んふふっ、嬉しいっ……歃n　あーむっ、ちゅっ、れろろ、れるるっ」%K%P
「ああああっ……　んふふっ、嬉しいっ……歃n　あーむっ、ちゅっ、れろろ、れるるっ」%K%P
%LC陽菜
%LC陽菜
「わふっ……んむっ、はっ、あふっ、んむむっ」%K%P
「わふっ……んむっ、はっ、あふっ、んむむっ」%K%P
流し込まれる快感で真っ白になっていく脳裏には、\nずっとずっと、クレールがいてくれて。%K%P
流し込まれる快感で真っ白になっていく脳裏には、\nずっとずっと、クレールがいてくれて。%K%P
身も心も包み込まれるような感覚に、\n身体の芯が、どんどん熱く痺れていく。%K%P
身も心も包み込まれるような感覚に、\n身体の芯が、どんどん熱く痺れていく。%K%P
%LC陽菜
%LC陽菜
「あふっ……はぁはぁ……どうしよっ、\n　頭、気持ちよすぎて、変になりそうっ……」%K%P
「あふっ……はぁはぁ……どうしよっ、\n　頭、気持ちよすぎて、変になりそうっ……」%K%P
%LC陽菜
%LC陽菜
「まるで、サウナの中に、いるみたいっ……」%K%P
「まるで、サウナの中に、いるみたいっ……」%K%P
%LCクレール
%LCクレール
「ふふっ、そうねっ　私も陽菜ちゃんのち○ぽで、\n　あそこが、いまにも、とろけそうっ……」%K%P
「ふふっ、そうねっ　私も陽菜ちゃんのち○ぽで、\n　あそこが、いまにも、とろけそうっ……」%K%P
%LCクレール
%LCクレール
「陽菜ちゃんでするオナニーも気持ちよかったけど、\n　陽菜ちゃんとするエッチは、それ以上っ……」%K%P
「陽菜ちゃんでするオナニーも気持ちよかったけど、\n　陽菜ちゃんとするエッチは、それ以上っ……」%K%P
%LCクレール
%LCクレール
「ねぇ、陽菜ちゃんは？　オナニーとエッチ、\n　どっちが好き？　どっちのほうが気持ちいいっ？」%K%P
「ねぇ、陽菜ちゃんは？　オナニーとエッチ、\n　どっちが好き？　どっちのほうが気持ちいいっ？」%K%P
%LC陽菜
%LC陽菜
「それは、もちろん……エッチの、ほうが……」%K%P
「それは、もちろん……エッチの、ほうが……」%K%P
%LCクレール
%LCクレール
「聞こえないわ。もっと、はっきり」%K%P
「聞こえないわ。もっと、はっきり」%K%P
%LC陽菜
%LC陽菜
「エッチのほうが、気持ちいいっ……！」%K%P
「エッチのほうが、気持ちいいっ……！」%K%P
%LCクレール
%LCクレール
「んふふっ滲　陽菜ちゃん、大好きっ」%K%P
「んふふっ滲　陽菜ちゃん、大好きっ」%K%P
%LC陽菜
%LC陽菜
「うみゃあっ？！　ああっ、あっ……んんッ」%K%P
「うみゃあっ？！　ああっ、あっ……んんッ」%K%P
喜色満面、にこっと笑ったクレールの膣内が、\nペニスをぐぐぐっと抱きしめてくる。%K%P
喜色満面、にこっと笑ったクレールの膣内が、\nペニスをぐぐぐっと抱きしめてくる。%K%P
ハグが大好きな彼女らしいヒダの抱擁に、\n竿の表面が、ぐりぐり撫でられて――、%K%P
ハグが大好きな彼女らしいヒダの抱擁に、\n竿の表面が、ぐりぐり撫でられて――、%K%P
%LC陽菜
%LC陽菜
「ひぐッ……ああっ、クレールだめっ、\n　そんなにぎゅってされたら、またっ……」%K%P
「ひぐッ……ああっ、クレールだめっ、\n　そんなにぎゅってされたら、またっ……」%K%P
%LCクレール
%LCクレール
「またイッちゃう？　射精しちゃうっ？」%K%P
「またイッちゃう？　射精しちゃうっ？」%K%P
%LC陽菜
%LC陽菜
「うんッ……出る、出ちゃうっ……！」%K%P
「うんッ……出る、出ちゃうっ……！」%K%P
%LCクレール
%LCクレール
「なら、このまま膣内に出して？\n　陽菜ちゃんの精子、私にちょうだい？」%K%P
「なら、このまま膣内に出して？\n　陽菜ちゃんの精子、私にちょうだい？」%K%P
%LC陽菜
%LC陽菜
「けど、そうしたら、クレールがっ……」%K%P
「けど、そうしたら、クレールがっ……」%K%P
%LCクレール
%LCクレール
「大丈夫よ、陽菜ちゃん。\n　私もちゃーんと、気持ちよくなってるからっ」%K%P
「大丈夫よ、陽菜ちゃん。\n　私もちゃーんと、気持ちよくなってるからっ」%K%P
%LCクレール
%LCクレール
「陽菜ちゃんのち○ぽのおかげで……はんっ、\n　ね、わかる？　おま○こ、ひくひくって――」%K%P
「陽菜ちゃんのち○ぽのおかげで……はんっ、\n　ね、わかる？　おま○こ、ひくひくって――」%K%P
%LC陽菜
%LC陽菜
「ああっ、ほんとにっ……」%K%P
「ああっ、ほんとにっ……」%K%P
ペニスに意識を集中すると、\n彼女のヒダが小刻みに震えているのが分かる。%K%P
ペニスに意識を集中すると、\n彼女のヒダが小刻みに震えているのが分かる。%K%P
細かな起伏は振動しながら竿を取り囲んで、\nそれ自体でも、しっかり快感を生み出して――、%K%P
細かな起伏は振動しながら竿を取り囲んで、\nそれ自体でも、しっかり快感を生み出して――、%K%P
%LC陽菜
%LC陽菜
「はうっ、ああっ……クレールのおま○こ、\n　いっぱいひくひくして、すごいっ……」%K%P
「はうっ、ああっ……クレールのおま○こ、\n　いっぱいひくひくして、すごいっ……」%K%P
%LCクレール
%LCクレール
「陽菜ちゃんのち○ぽだって、こんなに、\n　ぶるっ、ぶるって……はんっ、あああっ」%K%P
「陽菜ちゃんのち○ぽだって、こんなに、\n　ぶるっ、ぶるって……はんっ、あああっ」%K%P
%LCクレール
%LCクレール
「やあっ、あぁンっ　奥、こすれて……んくっ、\n　あああっ、私も、これ、もうっ……！」%K%P
「やあっ、あぁンっ　奥、こすれて……んくっ、\n　あああっ、私も、これ、もうっ……！」%K%P
%LC陽菜
%LC陽菜
「ああっ、クレールっ……！」%K%P
「ああっ、クレールっ……！」%K%P
力を振り絞って腰を突き出すと、\n彼女の膣が、ぎゅっとペニスを抱きしめる。%K%P
力を振り絞って腰を突き出すと、\n彼女の膣が、ぎゅっとペニスを抱きしめる。%K%P
その包容力に射精のトリガーが引かれると、\n待ちわびていた精子が、一気に駆け上がって――、%K%P
その包容力に射精のトリガーが引かれると、\n待ちわびていた精子が、一気に駆け上がって――、%K%P
%LCクレール
%LCクレール
「陽菜ちゃん、きてっ、だしてっ？\n　私のおま○こに、精子、いっぱいっ……！」%K%P
「陽菜ちゃん、きてっ、だしてっ？\n　私のおま○こに、精子、いっぱいっ……！」%K%P
%LCクレール
%LCクレール
「私も、もう、イク、からっ……だからっ、\n　最後は、陽菜ちゃんと、一緒にっ……！」%K%P
「私も、もう、イク、からっ……だからっ、\n　最後は、陽菜ちゃんと、一緒にっ……！」%K%P
%LC陽菜
%LC陽菜
「うんっ、イクよっ、クレールッ……！」%K%P
「うんっ、イクよっ、クレールッ……！」%K%P
%LCクレール
%LCクレール
「あっ、ああっ　陽菜ちゃん、陽菜ちゃんっ、\n　陽菜ちゃん、陽菜ちゃぁッ……んぅ、ああっ」%K%P
「あっ、ああっ　陽菜ちゃん、陽菜ちゃんっ、\n　陽菜ちゃん、陽菜ちゃぁッ……んぅ、ああっ」%K%P
%LCクレール
%LCクレール
「あっ、イクッ……ぐっ、ああっ、イクぅッ、\n　ああっ、ああっ、陽菜ちゃぁあぁぁんんぅッ！」%K%P
「あっ、イクッ……ぐっ、ああっ、イクぅッ、\n　ああっ、ああっ、陽菜ちゃぁあぁぁんんぅッ！」%K%P
%LCクレール
%LCクレール
「ひぐッ……はっ、ああああっ歃n　はふっ、はあぁっ……あ、ああああっ……」%K%P
「ひぐッ……はっ、ああああっ歃n　はふっ、はあぁっ……あ、ああああっ……」%K%P
%LCクレール
%LCクレール
「んはっ……あぁ、出てる、出てるっ……歃n　ち○ぽから、せーし、いっぱいっ……」%K%P
「んはっ……あぁ、出てる、出てるっ……歃n　ち○ぽから、せーし、いっぱいっ……」%K%P
%LCクレール
%LCクレール
「大好きな陽菜ちゃんの、大好きな精子が、\n　私のおま○こに……あっ、あ、あああっ……」%K%P
「大好きな陽菜ちゃんの、大好きな精子が、\n　私のおま○こに……あっ、あ、あああっ……」%K%P
%LC陽菜
%LC陽菜
「んぐッ……うっ、うんっ、出てるっ……」%K%P
「んぐッ……うっ、うんっ、出てるっ……」%K%P
思わずクレールの声に頷いてしまうぐらい、\n大量の精子が、どくっ、どくっと噴き出して。%K%P
思わずクレールの声に頷いてしまうぐらい、\n大量の精子が、どくっ、どくっと噴き出して。%K%P
それは彼女の膣内には収まりきらず、\n染み出るように、膣口の隙間から溢れて出た。%K%P
それは彼女の膣内には収まりきらず、\n染み出るように、膣口の隙間から溢れて出た。%K%P
%LC陽菜
%LC陽菜
「くっ……んぅ、もう、足がっ……」%K%P
「くっ……んぅ、もう、足がっ……」%K%P
すべてを出し切った安堵から力が抜けて、\n崩れ落ちそうになった身体を、どうにか支える。%K%P
すべてを出し切った安堵から力が抜けて、\n崩れ落ちそうになった身体を、どうにか支える。%K%P
と、その拍子に、ペニスがずるっと抜け落ちた。%K%P
と、その拍子に、ペニスがずるっと抜け落ちた。%K%P
%LCクレール
%LCクレール
「あふっ……はぁ、あっ、んふうっ……歃n　はぅ……ち○ぽ、抜けちゃった……」%K%P
「あふっ……はぁ、あっ、んふうっ……歃n　はぅ……ち○ぽ、抜けちゃった……」%K%P
%LC陽菜
%LC陽菜
「ごめん、身体を支えるので、精一杯で……」%K%P
「ごめん、身体を支えるので、精一杯で……」%K%P
%LCクレール
%LCクレール
「んっ……しょうがないわ。ついさっきまで、\n　トレーニングしていたんだもの」%K%P
「んっ……しょうがないわ。ついさっきまで、\n　トレーニングしていたんだもの」%K%P
%LCクレール
%LCクレール
「なのに、こんなに出してくれて……。\n　ありがとう、陽菜ちゃんっ……」%K%P
「なのに、こんなに出してくれて……。\n　ありがとう、陽菜ちゃんっ……」%K%P
ペニスが抜けたあとの膣口からは、\nまるで蜂蜜みたいに、精子が垂れて――、%K%P
ペニスが抜けたあとの膣口からは、\nまるで蜂蜜みたいに、精子が垂れて――、%K%P
%LCクレール
%LCクレール
「んっ……すぅー……んはァー……あぁぁ、\n　また、陽菜ちゃんの、濃厚な匂いっ……」%K%P
「んっ……すぅー……んはァー……あぁぁ、\n　また、陽菜ちゃんの、濃厚な匂いっ……」%K%P
%LCクレール
%LCクレール
「エッチが終わったあとの匂いが、\n　一番、やらしい気持ちになるなんて……」%K%P
「エッチが終わったあとの匂いが、\n　一番、やらしい気持ちになるなんて……」%K%P
%LCクレール
%LCクレール
「陽菜ちゃんの精子は、本当に罪作りね……」%K%P
「陽菜ちゃんの精子は、本当に罪作りね……」%K%P
鼻を利かせたクレールが、うっとり微笑む。%K%P
鼻を利かせたクレールが、うっとり微笑む。%K%P
オレからすれば、微笑むクレールのほうが、\nよっぽど罪作りな存在だった。%K%P
オレからすれば、微笑むクレールのほうが、\nよっぽど罪作りな存在だった。%K%P
エッチが終わった後、どうにかこうにか、\nお互いの身体を洗って、エッチの後片付けもして。%K%P
エッチが終わった後、どうにかこうにか、\nお互いの身体を洗って、エッチの後片付けもして。%K%P
それでも、初めてのエッチの興奮は抜けなくて、\n二人とも身体がずっと火照ったままで。%K%P
それでも、初めてのエッチの興奮は抜けなくて、\n二人とも身体がずっと火照ったままで。%K%P
それを少し冷ますために、オレとクレールは、\nタオルを巻いた状態で、更衣室のベンチに――、%K%P
それを少し冷ますために、オレとクレールは、\nタオルを巻いた状態で、更衣室のベンチに――、%K%P
%LCクレール
%LCクレール
「ひぃーなぁーちゃんっ」%K%P
「ひぃーなぁーちゃんっ」%K%P
%LC陽菜
%LC陽菜
「うわっ……？！」%K%P
「うわっ……？！」%K%P
ベンチに腰掛けた途端、\nクレールががばっと抱きついてくる。%K%P
ベンチに腰掛けた途端、\nクレールががばっと抱きついてくる。%K%P
タオルを巻いていても、背中にはしっかりと、\n彼女のおっぱいの感触が伝わってきた。%K%P
タオルを巻いていても、背中にはしっかりと、\n彼女のおっぱいの感触が伝わってきた。%K%P
%LCクレール
%LCクレール
「ふふっ、どう？　ドキドキする？」%K%P
「ふふっ、どう？　ドキドキする？」%K%P
%LC陽菜
%LC陽菜
「する、けど……でも、前よりは平気。\n　あんな体験をしちゃった後だし……」%K%P
「する、けど……でも、前よりは平気。\n　あんな体験をしちゃった後だし……」%K%P
%LCクレール
%LCクレール
「んっ……そうね。私も、まさかこんな形で、\n　初エッチをするなんて思わなかったし……」%K%P
「んっ……そうね。私も、まさかこんな形で、\n　初エッチをするなんて思わなかったし……」%K%P
%LCクレール
%LCクレール
「しかもその相手が、留学先で知り合った、\n　こんなに可愛い男の子だなんて……ふふっ」%K%P
「しかもその相手が、留学先で知り合った、\n　こんなに可愛い男の子だなんて……ふふっ」%K%P
%LC陽菜
%LC陽菜
「んぅ……」%K%P
「んぅ……」%K%P
%LCクレール
%LCクレール
「陽菜ちゃん？　どうしたの？」%K%P
「陽菜ちゃん？　どうしたの？」%K%P
%LC陽菜
%LC陽菜
「その……女装してるときに、男の子って\n　ハッキリ断言されると、逆に恥ずかしくて」%K%P
「その……女装してるときに、男の子って\n　ハッキリ断言されると、逆に恥ずかしくて」%K%P
%LCクレール
%LCクレール
「あっ……ごめんなさい。\n　私、無神経だったわよね」%K%P
「あっ……ごめんなさい。\n　私、無神経だったわよね」%K%P
%LCクレール
%LCクレール
「陽菜ちゃんがどうして女装しているのか、\n　事情や理由も、よく知らないのに……」%K%P
「陽菜ちゃんがどうして女装しているのか、\n　事情や理由も、よく知らないのに……」%K%P
%LC陽菜
%LC陽菜
「そのことなんだけど――」%K%P
「そのことなんだけど――」%K%P
この学園にやってきた顛末や女装の理由を、\nなるべく簡潔にまとめて、クレールに伝える。%K%P
この学園にやってきた顛末や女装の理由を、\nなるべく簡潔にまとめて、クレールに伝える。%K%P
%LCクレール
%LCクレール
「そうだったの……。最初に会ったときは、\n　まだ女装していなかったのね」%K%P
「そうだったの……。最初に会ったときは、\n　まだ女装していなかったのね」%K%P
%LC陽菜
%LC陽菜
「うん。……そんなに、女の子に見えた？」%K%P
「うん。……そんなに、女の子に見えた？」%K%P
%LCクレール
%LCクレール
「疑わないぐらいには」%K%P
「疑わないぐらいには」%K%P
%LC陽菜
%LC陽菜
「あぅ……」%K%P
「あぅ……」%K%P
%LCクレール
%LCクレール
「うふふっ。……でも、そう。陽菜ちゃんは\n　人助けをするため、女装していたのね」%K%P
「うふふっ。……でも、そう。陽菜ちゃんは\n　人助けをするため、女装していたのね」%K%P
%LC陽菜
%LC陽菜
「まあ、衣食住のためでもあるんだけど……」%K%P
「まあ、衣食住のためでもあるんだけど……」%K%P
%LCクレール
%LCクレール
「どちらにしても、素敵なことよ。\n　普通はなかなか出来ないことだもの」%K%P
「どちらにしても、素敵なことよ。\n　普通はなかなか出来ないことだもの」%K%P
%LC陽菜
%LC陽菜
「……ん」%K%P
「……ん」%K%P
理由や事情を話したとはいえ、女装していたことを\n真っ直ぐに褒められ、なんとも面映ゆくなる。%K%P
理由や事情を話したとはいえ、女装していたことを\n真っ直ぐに褒められ、なんとも面映ゆくなる。%K%P
%LC陽菜
%LC陽菜
「あっ、そうだ。私からも、ひとつ聞かせて。\n　どうしてクレールは、私を助けてくれたの？」%K%P
「あっ、そうだ。私からも、ひとつ聞かせて。\n　どうしてクレールは、私を助けてくれたの？」%K%P
さっきの美実様の件だけじゃなく、それ以前にも、\n彼女はオレを助けてくれたことがある。%K%P
さっきの美実様の件だけじゃなく、それ以前にも、\n彼女はオレを助けてくれたことがある。%K%P
エンゲージした日に彼女の教室へ行ったとき、\n囲まれて強制着替えさせられそうになった時だ。%K%P
エンゲージした日に彼女の教室へ行ったとき、\n囲まれて強制着替えさせられそうになった時だ。%K%P
%LC陽菜
%LC陽菜
「クレールは、私がオナニーしてる姿を見て、\n　卯花陽菜は男だってことに気付いたんだよね？」%K%P
「クレールは、私がオナニーしてる姿を見て、\n　卯花陽菜は男だってことに気付いたんだよね？」%K%P
%LCクレール
%LCクレール
「そうね。正確には、盗み見た、だけど」%K%P
「そうね。正確には、盗み見た、だけど」%K%P
%LC陽菜
%LC陽菜
「なら、その時点で卯花陽菜は、女学園に潜入して、\n　自慰行為に耽っていた変態ってことでしょ？」%K%P
「なら、その時点で卯花陽菜は、女学園に潜入して、\n　自慰行為に耽っていた変態ってことでしょ？」%K%P
%LC陽菜
%LC陽菜
「普通は、それを学園側に報告したりとか……、\n　もしくは、私を問い詰めたりするんじゃない？」%K%P
「普通は、それを学園側に報告したりとか……、\n　もしくは、私を問い詰めたりするんじゃない？」%K%P
%LCクレール
%LCクレール
「もちろん、それも考えたわ。とくに、\n　オナニーを目撃したあと、エンゲージするまでは」%K%P
「もちろん、それも考えたわ。とくに、\n　オナニーを目撃したあと、エンゲージするまでは」%K%P
%LCクレール
%LCクレール
「ほら、エンゲージ投票のとき、\n　私、ぼんやりしていたでしょ？」%K%P
「ほら、エンゲージ投票のとき、\n　私、ぼんやりしていたでしょ？」%K%P
%LCクレール
%LCクレール
「あのときは、これからどうしようって、\n　そればかりを考えていたの」%K%P
「あのときは、これからどうしようって、\n　そればかりを考えていたの」%K%P
%LCクレール
%LCクレール
「それで、色々と考えた結果、その日の放課後、\n　それとなくニナに探りを入れにいったの」%K%P
「それで、色々と考えた結果、その日の放課後、\n　それとなくニナに探りを入れにいったの」%K%P
%LC陽菜
%LC陽菜
「ニナさんに？」%K%P
「ニナさんに？」%K%P
%LCクレール
%LCクレール
「そもそもあなたを銀蘭に連れてきたのは、\n　他でもないニナだったわけだから」%K%P
「そもそもあなたを銀蘭に連れてきたのは、\n　他でもないニナだったわけだから」%K%P
%LCクレール
%LCクレール
「彼女なら、なにか知っているかもと思って」%K%P
「彼女なら、なにか知っているかもと思って」%K%P
そういえばエンゲージした日の放課後、\nクレールの教室に行ったら、彼女は不在で。%K%P
そういえばエンゲージした日の放課後、\nクレールの教室に行ったら、彼女は不在で。%K%P
不在の理由は学園長に用があるからだって、\nそんなふうに説明された覚えがある。%K%P
不在の理由は学園長に用があるからだって、\nそんなふうに説明された覚えがある。%K%P
%LCクレール
%LCクレール
「私、ニナに聞いたの。陽菜ちゃんのことで、\n　なんか隠していることはないか？　って」%K%P
「私、ニナに聞いたの。陽菜ちゃんのことで、\n　なんか隠していることはないか？　って」%K%P
%LCクレール
%LCクレール
「そしたらニナ、あるに決まってるでしょ？　って。\n　それはもう、堂々と言い切られちゃって」%K%P
「そしたらニナ、あるに決まってるでしょ？　って。\n　それはもう、堂々と言い切られちゃって」%K%P
%LCクレール
%LCクレール
「たぶん、そのときニナも勘づいたんだと思う。\n　私が、陽菜ちゃんの秘密を知ったことに」%K%P
「たぶん、そのときニナも勘づいたんだと思う。\n　私が、陽菜ちゃんの秘密を知ったことに」%K%P
%LC陽菜
%LC陽菜
「そんな……。ニナさん、そんなことは一言も」%K%P
「そんな……。ニナさん、そんなことは一言も」%K%P
%LCクレール
%LCクレール
「当然よ。そんなことを言えば、\n　陽菜ちゃん、私を警戒したでしょ？」%K%P
「当然よ。そんなことを言えば、\n　陽菜ちゃん、私を警戒したでしょ？」%K%P
%LC陽菜
%LC陽菜
「あ、そっか……」%K%P
「あ、そっか……」%K%P
クレールに男だとバレたみたい、とか、\nクレールが女装だと疑っているかも、とか。%K%P
クレールに男だとバレたみたい、とか、\nクレールが女装だと疑っているかも、とか。%K%P
そういう情報を聞かされてしまったら、\nクレールに対する態度が、確実に変わってしまう。%K%P
そういう情報を聞かされてしまったら、\nクレールに対する態度が、確実に変わってしまう。%K%P
警戒すべき相手が普通の学生なら、\nそれでもよかったかもしれない。%K%P
警戒すべき相手が普通の学生なら、\nそれでもよかったかもしれない。%K%P
でも、オレとクレールはエンゲージした直後で、\n銀蘭祭に向けて、すごく大切な時期だった。%K%P
でも、オレとクレールはエンゲージした直後で、\n銀蘭祭に向けて、すごく大切な時期だった。%K%P
%LCクレール
%LCクレール
「ニナはニナで、色々と気遣って、\n　私にも声を掛けてきてくれたけど……」%K%P
「ニナはニナで、色々と気遣って、\n　私にも声を掛けてきてくれたけど……」%K%P
%LCクレール
%LCクレール
「でも、最終的に、肝心な部分に関しては、\n　私たちに委ねることにしたんだと思う」%K%P
「でも、最終的に、肝心な部分に関しては、\n　私たちに委ねることにしたんだと思う」%K%P
%LCクレール
%LCクレール
「陽菜ちゃんにも、心当たりがあるんじゃない？」%K%P
「陽菜ちゃんにも、心当たりがあるんじゃない？」%K%P
%LC陽菜
%LC陽菜
「……うん」%K%P
「……うん」%K%P
クレールとの関係がぎくしゃくした後、\nニナさんは何度も声をかけてきてくれた。%K%P
クレールとの関係がぎくしゃくした後、\nニナさんは何度も声をかけてきてくれた。%K%P
ニナさんはニナさんの立場で、オレたちの顛末を、\nやきもきしながら見守っていたに違いない。%K%P
ニナさんはニナさんの立場で、オレたちの顛末を、\nやきもきしながら見守っていたに違いない。%K%P
%LC陽菜
%LC陽菜
「このこと、ニナさんに言ったほうがいいのかな」%K%P
「このこと、ニナさんに言ったほうがいいのかな」%K%P
%LCクレール
%LCクレール
「私に女装がバレちゃったこと？\n　それとも、エッチしちゃいましたって？」%K%P
「私に女装がバレちゃったこと？\n　それとも、エッチしちゃいましたって？」%K%P
%LC陽菜
%LC陽菜
「もちろん前者っ！　エッチしたとか、\n　そんなの言えるはずないしっ……」%K%P
「もちろん前者っ！　エッチしたとか、\n　そんなの言えるはずないしっ……」%K%P
%LCクレール
%LCクレール
「ふふっ、冗談よ、冗談。\n　さすがに、私でも恥ずかしいし」%K%P
「ふふっ、冗談よ、冗談。\n　さすがに、私でも恥ずかしいし」%K%P
%LCクレール
%LCクレール
「でも……そうね。今すぐでなくとも、\n　しかるべき時に話したいわね」%K%P
「でも……そうね。今すぐでなくとも、\n　しかるべき時に話したいわね」%K%P
%LCクレール
%LCクレール
「陽菜ちゃんと、お付き合いしていますって」%K%P
「陽菜ちゃんと、お付き合いしていますって」%K%P
%LC陽菜
%LC陽菜
「お付き合い……」%K%P
「お付き合い……」%K%P
%LCクレール
%LCクレール
「告白して、キスして、エッチしたんだもの。\n　私たち、恋人同士でしょ？」%K%P
「告白して、キスして、エッチしたんだもの。\n　私たち、恋人同士でしょ？」%K%P
%LC陽菜
%LC陽菜
「……うん」%K%P
「……うん」%K%P
お付き合いという言葉に現実味がなくて、\n思わず、呟くように聞き返してしまう。%K%P
お付き合いという言葉に現実味がなくて、\n思わず、呟くように聞き返してしまう。%K%P
そんな反応を見越していたのか、\nクレールは慌てることなく、くすっと微笑んだ。%K%P
そんな反応を見越していたのか、\nクレールは慌てることなく、くすっと微笑んだ。%K%P
%LCクレール
%LCクレール
「だから……陽菜ちゃん？　これからは、\n　こっそりオナニーなんてしちゃダメよ？」%K%P
「だから……陽菜ちゃん？　これからは、\n　こっそりオナニーなんてしちゃダメよ？」%K%P
%LCクレール
%LCクレール
「悶々としたら、いつでも私に頼って。\n　そうしたら、すっきりさせてあげるから」%K%P
「悶々としたら、いつでも私に頼って。\n　そうしたら、すっきりさせてあげるから」%K%P
%LC陽菜
%LC陽菜
「なっ……だめだよ、そんなのっ」%K%P
「なっ……だめだよ、そんなのっ」%K%P
%LCクレール
%LCクレール
「どうして？」%K%P
「どうして？」%K%P
%LC陽菜
%LC陽菜
「悶々としたら頼むとか……そんなの、\n　身体が目当ての付き合いみたいっていうか」%K%P
「悶々としたら頼むとか……そんなの、\n　身体が目当ての付き合いみたいっていうか」%K%P
%LCクレール
%LCクレール
「くすっ、うふふっ。ああもう可愛いっ滲歃n　陽菜ちゃんってプラトニックなのねっ」%K%P
「くすっ、うふふっ。ああもう可愛いっ滲歃n　陽菜ちゃんってプラトニックなのねっ」%K%P
%LC陽菜
%LC陽菜
「わわっ……！？」%K%P
「わわっ……！？」%K%P
もともと抱きついていたクレールが、\nさらにぎゅぎゅっとしがみついてくる。%K%P
もともと抱きついていたクレールが、\nさらにぎゅぎゅっとしがみついてくる。%K%P
%LCクレール
%LCクレール
「でも……私はもう、知ってるのよ？\n　そんな陽菜ちゃんが、オナニーしてたこと」%K%P
「でも……私はもう、知ってるのよ？\n　そんな陽菜ちゃんが、オナニーしてたこと」%K%P
%LCクレール
%LCクレール
「私のおっぱいが気持ちいいって言いながら、\n　ち○ぽをしこしこしごいていたことを……」%K%P
「私のおっぱいが気持ちいいって言いながら、\n　ち○ぽをしこしこしごいていたことを……」%K%P
%LC陽菜
%LC陽菜
「んぐっ……」%K%P
「んぐっ……」%K%P
%LCクレール
%LCクレール
「そもそも、身体目当てって、\n　別にいけないことじゃないでしょ？」%K%P
「そもそも、身体目当てって、\n　別にいけないことじゃないでしょ？」%K%P
%LCクレール
%LCクレール
「私、陽菜ちゃんのち○ぽ、大好きだもの」%K%P
「私、陽菜ちゃんのち○ぽ、大好きだもの」%K%P
%LC陽菜
%LC陽菜
「なっ……」%K%P
「なっ……」%K%P
%LCクレール
%LCクレール
「私は、陽菜ちゃんの身体も目当てだから。\n　いっぱいハグしたいし、エッチもしたい」%K%P
「私は、陽菜ちゃんの身体も目当てだから。\n　いっぱいハグしたいし、エッチもしたい」%K%P
%LCクレール
%LCクレール
「陽菜ちゃんは？　私にハグ、されたくない？\n　私のおっぱい、しゃぶりたくない？」%K%P
「陽菜ちゃんは？　私にハグ、されたくない？\n　私のおっぱい、しゃぶりたくない？」%K%P
%LC陽菜
%LC陽菜
%XS17「それは…………したい、けど……」%XE%K%P
%XS17「それは…………したい、けど……」%XE%K%P
%LCクレール
%LCクレール
「聞こえません。もう一回」%K%P
「聞こえません。もう一回」%K%P
%LC陽菜
%LC陽菜
%XS21「したいですっ……！」%XE%K%P
%XS21「したいですっ……！」%XE%K%P
%LCクレール
%LCクレール
「うふふっ、そうそう。\n　素直な陽菜ちゃんが、一番可愛い」%K%P
「うふふっ、そうそう。\n　素直な陽菜ちゃんが、一番可愛い」%K%P
%LC陽菜
%LC陽菜
「はぅっ……」%K%P
「はぅっ……」%K%P
回した腕に力を込めたクレールは、\nオレの髪に頬をすり寄せ、くんくんと匂いを嗅ぐ。%K%P
回した腕に力を込めたクレールは、\nオレの髪に頬をすり寄せ、くんくんと匂いを嗅ぐ。%K%P
%LCクレール
%LCクレール
「んっ……今日は一緒にシャワーを浴びたから、\n　私も陽菜ちゃんも、おんなじ匂いね……」%K%P
「んっ……今日は一緒にシャワーを浴びたから、\n　私も陽菜ちゃんも、おんなじ匂いね……」%K%P
%LCクレール
%LCクレール
「またこうして、同じ匂いになれるように……。\n　私で興奮してね？　陽菜ちゃん……っ」%K%P
「またこうして、同じ匂いになれるように……。\n　私で興奮してね？　陽菜ちゃん……っ」%K%P
とんでもないことをさらっと告げたクレールは、\nそれからしばらく、オレを離してくれなかった。%K%P
とんでもないことをさらっと告げたクレールは、\nそれからしばらく、オレを離してくれなかった。%K%P
