翌朝、いつもの時間に教室へ向かうと。%K%P
翌朝、いつもの時間に教室へ向かうと。%K%P
%LC杏奈
%LC杏奈
「あっ、陽菜ちゃんっ。ごきげんよう。\n　ちょっと相談があるんだけど――」%K%P
「あっ、陽菜ちゃんっ。ごきげんよう。\n　ちょっと相談があるんだけど――」%K%P
%LC陽菜
%LC陽菜
「――合同練習？」%K%P
「――合同練習？」%K%P
%LC杏奈
%LC杏奈
「ほら、{連弾:デュオ}{舞闘:カデンツァ}って特殊でしょ？\n　だから、本番の雰囲気を掴んでおきたいなって」%K%P
「ほら、{連弾:デュオ}{舞闘:カデンツァ}って特殊でしょ？\n　だから、本番の雰囲気を掴んでおきたいなって」%K%P
%LC杏奈
%LC杏奈
「で、美実様と相談した結果、他のペアと一緒に\n　本番を想定した練習が出来ないかなって」%K%P
「で、美実様と相談した結果、他のペアと一緒に\n　本番を想定した練習が出来ないかなって」%K%P
%LC陽菜
%LC陽菜
「リハーサルがしたいってこと？」%K%P
「リハーサルがしたいってこと？」%K%P
%LC杏奈
%LC杏奈
「まさにそれっ。ね？　どう？」%K%P
「まさにそれっ。ね？　どう？」%K%P
%LC陽菜
%LC陽菜
「……うん、いいと思う。\n　というか、ありがたいかも」%K%P
「……うん、いいと思う。\n　というか、ありがたいかも」%K%P
いきなりの申し出ではあるけど、\nこちらにとってもメリットが大きい提案だ。%K%P
いきなりの申し出ではあるけど、\nこちらにとってもメリットが大きい提案だ。%K%P
杏奈ちゃんたちと合同練習ってことになれば、\nクレール様とふたりきりで緊張することもない。%K%P
杏奈ちゃんたちと合同練習ってことになれば、\nクレール様とふたりきりで緊張することもない。%K%P
%LC陽菜
%LC陽菜
「とはいえ、クレール様の意見も聞いてみないと」%K%P
「とはいえ、クレール様の意見も聞いてみないと」%K%P
%LC杏奈
%LC杏奈
「あっ、そっか。そうだよね」%K%P
「あっ、そっか。そうだよね」%K%P
%LC杏奈
%LC杏奈
「ちなみに……陽菜ちゃんとクレール様って、\n　いま、どんな感じなの？」%K%P
「ちなみに……陽菜ちゃんとクレール様って、\n　いま、どんな感じなの？」%K%P
%LC陽菜
%LC陽菜
「……？　どんな感じって？」%K%P
「……？　どんな感じって？」%K%P
%LC杏奈
%LC杏奈
「ほら、その……エンゲージしてるわりに、\n　一緒にいるとこ、あんまり見かけないから」%K%P
「ほら、その……エンゲージしてるわりに、\n　一緒にいるとこ、あんまり見かけないから」%K%P
%LC陽菜
%LC陽菜
「あー……うん。ちょっと、色々とあって……」%K%P
「あー……うん。ちょっと、色々とあって……」%K%P
%LC陽菜
%LC陽菜
「けど、今日は一緒にお昼を食べる約束をしてて。\n　それに、放課後は一緒に練習もする予定」%K%P
「けど、今日は一緒にお昼を食べる約束をしてて。\n　それに、放課後は一緒に練習もする予定」%K%P
%LC杏奈
%LC杏奈
「そうなんだ、よかった……。\n　なにかあったのかなって、ちょっと心配で」%K%P
「そうなんだ、よかった……。\n　なにかあったのかなって、ちょっと心配で」%K%P
%LC陽菜
%LC陽菜
「ごめんね、心配かけて」%K%P
「ごめんね、心配かけて」%K%P
%LC杏奈
%LC杏奈
「いいのいいの。勝手に心配してただけだし」%K%P
「いいのいいの。勝手に心配してただけだし」%K%P
%LC杏奈
%LC杏奈
「じゃあ、今日のお昼、みんなで食べよ？\n　そのほうが合同練習の話もしやすいし」%K%P
「じゃあ、今日のお昼、みんなで食べよ？\n　そのほうが合同練習の話もしやすいし」%K%P
――というわけで、お昼休み。%K%P
――というわけで、お昼休み。%K%P
食堂に向かうと、\n既にクレール様が美実様に掴まっていた。%K%P
食堂に向かうと、\n既にクレール様が美実様に掴まっていた。%K%P
%LCクレール
%LCクレール
「あっ、陽菜ちゃん……」%K%P
「あっ、陽菜ちゃん……」%K%P
%LC陽菜
%LC陽菜
「クレール様……。ご、ごきげんよう」%K%P
「クレール様……。ご、ごきげんよう」%K%P
%LCクレール
%LCクレール
「えっ、ええ、ごきげんよう」%K%P
「えっ、ええ、ごきげんよう」%K%P
%LCクレール
%LCクレール
「……なんだか、すごく久しぶりに感じるわね」%K%P
「……なんだか、すごく久しぶりに感じるわね」%K%P
%LC陽菜
%LC陽菜
「そっ、そうですね。ええっと……」%K%P
「そっ、そうですね。ええっと……」%K%P
%LC美実
%LC美実
「こーら、なに付き合い出したばっかの\n　恋人同士みたいな雰囲気だしてんのっ」%K%P
「こーら、なに付き合い出したばっかの\n　恋人同士みたいな雰囲気だしてんのっ」%K%P
%LC陽菜・クレール
%LC陽菜・クレール
「こっ、恋人っ……？！」%K%P
「こっ、恋人っ……？！」%K%P
%LC美実
%LC美実
「おっ、ハモった。ふふっ、\n　その様子だと大丈夫そうだねぇ」%K%P
「おっ、ハモった。ふふっ、\n　その様子だと大丈夫そうだねぇ」%K%P
%LC陽菜・クレール
%LC陽菜・クレール
「はぅ……」%K%P
「はぅ……」%K%P
異口同音に慌てた後、目を伏せ照れる。%K%P
異口同音に慌てた後、目を伏せ照れる。%K%P
そこまでの動作がほとんど同じだったから、\n思わず、クレール様と顔を見合わせてしまった。%K%P
そこまでの動作がほとんど同じだったから、\n思わず、クレール様と顔を見合わせてしまった。%K%P
%LCクレール
%LCクレール
「夕べは連絡をくれてありがとう。\n　どう？　元気だった？」%K%P
「夕べは連絡をくれてありがとう。\n　どう？　元気だった？」%K%P
%LC陽菜
%LC陽菜
「はい。クレール様もお変わりなさそうで、\n　安心しました」%K%P
「はい。クレール様もお変わりなさそうで、\n　安心しました」%K%P
最初こそドギマギしてしまったけど、\nそれ以上に、こうして話せることが嬉しい。%K%P
最初こそドギマギしてしまったけど、\nそれ以上に、こうして話せることが嬉しい。%K%P
いきなり二人きりだとこうは行かなかったかもだし、\n杏奈ちゃんと美実様には感謝しかない。%K%P
いきなり二人きりだとこうは行かなかったかもだし、\n杏奈ちゃんと美実様には感謝しかない。%K%P
%LC杏奈
%LC杏奈
「今日けっこう混んでるから、\n　４人で座れそうなとこ埋まっちゃってますね」%K%P
「今日けっこう混んでるから、\n　４人で座れそうなとこ埋まっちゃってますね」%K%P
%LC美実
%LC美実
「あらら。じゃ、どっかでのんびり食べよっか」%K%P
「あらら。じゃ、どっかでのんびり食べよっか」%K%P
その後、中庭などを見て回ったけど、\nめぼしい場所には、すでに先客がいて。%K%P
その後、中庭などを見て回ったけど、\nめぼしい場所には、すでに先客がいて。%K%P
確実に空いている、ということで、\n乙女部の部室へとやってきたわけだけど――、%K%P
確実に空いている、ということで、\n乙女部の部室へとやってきたわけだけど――、%K%P
%LC陽菜
%LC陽菜
「ん……」%K%P
「ん……」%K%P
%LC美実
%LC美実
「陽菜ちゃん、どしたの？　そわそわして」%K%P
「陽菜ちゃん、どしたの？　そわそわして」%K%P
%LC陽菜
%LC陽菜
「いっ、いえ、なんでも……」%K%P
「いっ、いえ、なんでも……」%K%P
部室の一角――先日、自慰をした場所を見ると、\nどうしても気になってしまう。%K%P
部室の一角――先日、自慰をした場所を見ると、\nどうしても気になってしまう。%K%P
痕跡はちゃんと消したとはいえ、あそこで\nオナニーをした、という記憶までは消えない。%K%P
痕跡はちゃんと消したとはいえ、あそこで\nオナニーをした、という記憶までは消えない。%K%P
%LC美実
%LC美実
「じゃ、適当に座ってご飯食べつつ、\n　放課後のことでも話そっか」%K%P
「じゃ、適当に座ってご飯食べつつ、\n　放課後のことでも話そっか」%K%P
%LC杏奈
%LC杏奈
「あっ、私、お茶いれます」%K%P
「あっ、私、お茶いれます」%K%P
%LC美実
%LC美実
「っと、そうだ。今日いいお茶もらったんだよね。\n　少し待ってて、教室に取りに行ってくる」%K%P
「っと、そうだ。今日いいお茶もらったんだよね。\n　少し待ってて、教室に取りに行ってくる」%K%P
%LC杏奈
%LC杏奈
「なら、私もご一緒します」%K%P
「なら、私もご一緒します」%K%P
%LC美実
%LC美実
「いいって。ここで待ってなさい」%K%P
「いいって。ここで待ってなさい」%K%P
%LC杏奈
%LC杏奈
「なに言ってるんですか、美実様。\n　エンゲージしてるのに水くさい」%K%P
「なに言ってるんですか、美実様。\n　エンゲージしてるのに水くさい」%K%P
%LC美実
%LC美実
「うぅ、この子ってば泣かせるねぇ。\n　んじゃ、ちょっくら行きましょっか」%K%P
「うぅ、この子ってば泣かせるねぇ。\n　んじゃ、ちょっくら行きましょっか」%K%P
%LC杏奈
%LC杏奈
「はいっ」%K%P
「はいっ」%K%P
%LC美実
%LC美実
「じゃ、ちょっと行ってくるね。\n　後は若いお二人でごゆっくりー」%K%P
「じゃ、ちょっと行ってくるね。\n　後は若いお二人でごゆっくりー」%K%P
%LC陽菜
%LC陽菜
「あ……」%K%P
「あ……」%K%P
呼び止める間もなく美実様たちが退出して、\nクレール様とふたりきりに。%K%P
呼び止める間もなく美実様たちが退出して、\nクレール様とふたりきりに。%K%P
少し芝居がかった物言いと良い、連携の良さといい、\n仕組まれていた気がしないでもない。%K%P
少し芝居がかった物言いと良い、連携の良さといい、\n仕組まれていた気がしないでもない。%K%P
けど、これでクレール様と二人きり。%K%P
けど、これでクレール様と二人きり。%K%P
数日前にオナニーしてしまった場所で、\nオカズにしてしまった相手と――、%K%P
数日前にオナニーしてしまった場所で、\nオカズにしてしまった相手と――、%K%P
%LCクレール
%LCクレール
「……」%K%P
「……」%K%P
%LC陽菜
%LC陽菜
「……」%K%P
「……」%K%P
%LCクレール
%LCクレール
「…………」%K%P
「…………」%K%P
%LC陽菜
%LC陽菜
「…………」%K%P
「…………」%K%P
二人きりになった途端、沈黙に支配される部室。%K%P
二人きりになった途端、沈黙に支配される部室。%K%P
なにか喋ったほうがいいんだろうけど、\nどんな話題を持ち出せばいいのかわからない。%K%P
なにか喋ったほうがいいんだろうけど、\nどんな話題を持ち出せばいいのかわからない。%K%P
とはいえ、ここでまた気まずくなったら、\n放課後の練習に影響が出るかもしれないし……。%K%P
とはいえ、ここでまた気まずくなったら、\n放課後の練習に影響が出るかもしれないし……。%K%P
……よしっ。とにかく話をしよう、うん。%K%P
……よしっ。とにかく話をしよう、うん。%K%P
%LC陽菜・クレール
%LC陽菜・クレール
「あのっ……」\n「あのっ……」%K%P
「あのっ……」\n「あのっ……」%K%P
%LCクレール
%LCクレール
「あっ、陽菜ちゃん、お先にどうぞ」%K%P
「あっ、陽菜ちゃん、お先にどうぞ」%K%P
%LC陽菜
%LC陽菜
「いえ、クレール様から」%K%P
「いえ、クレール様から」%K%P
%LCクレール
%LCクレール
「私は大したことじゃないもの。\n　陽菜ちゃんからお話して？」%K%P
「私は大したことじゃないもの。\n　陽菜ちゃんからお話して？」%K%P
%LC陽菜
%LC陽菜
「私も本当に大したことない、というか、\n　なにを話そうか、思いついてなくて……」%K%P
「私も本当に大したことない、というか、\n　なにを話そうか、思いついてなくて……」%K%P
%LC陽菜
%LC陽菜
「それで、今日は良い天気ですね、みたいな\n　他愛ない話をしようかなって……」%K%P
「それで、今日は良い天気ですね、みたいな\n　他愛ない話をしようかなって……」%K%P
%LCクレール
%LCクレール
「実は、私も似たような感じで……」%K%P
「実は、私も似たような感じで……」%K%P
%LC陽菜
%LC陽菜
「ん……」%K%P
「ん……」%K%P
なんとも間が悪く、再び会話が途切れる。%K%P
なんとも間が悪く、再び会話が途切れる。%K%P
夕べの電話では気負わず話せたのに……、\n本人を前にすると、こんなにも緊張してしまう。%K%P
夕べの電話では気負わず話せたのに……、\n本人を前にすると、こんなにも緊張してしまう。%K%P
%LCクレール
%LCクレール
「……なんだか変な感じね。\n　夕べの電話では、普通に話せていたのに」%K%P
「……なんだか変な感じね。\n　夕べの電話では、普通に話せていたのに」%K%P
%LC陽菜
%LC陽菜
「あっ……私もいま、同じ事を考えていて」%K%P
「あっ……私もいま、同じ事を考えていて」%K%P
%LCクレール
%LCクレール
「いっそ、背中合わせになってみる？\n　顔を見なければ、普通に話せるかも」%K%P
「いっそ、背中合わせになってみる？\n　顔を見なければ、普通に話せるかも」%K%P
%LC陽菜
%LC陽菜
「そんな……もったいないです。\n　せっかくこうして目の前にいるのに」%K%P
「そんな……もったいないです。\n　せっかくこうして目の前にいるのに」%K%P
%LCクレール
%LCクレール
「それもそうよね。\n　私ったら、変なこと言って……」%K%P
「それもそうよね。\n　私ったら、変なこと言って……」%K%P
%LCクレール
%LCクレール
「んっと……あっ、そうだ」%K%P
「んっと……あっ、そうだ」%K%P
%LCクレール
%LCクレール
「ねえ、陽菜ちゃん。ハグしてもいい？」%K%P
「ねえ、陽菜ちゃん。ハグしてもいい？」%K%P
%LC陽菜
%LC陽菜
「ハグって……あのハグですか？　ぎゅってする？」%K%P
「ハグって……あのハグですか？　ぎゅってする？」%K%P
%LCクレール
%LCクレール
「そう。最近してなかったでしょ？」%K%P
「そう。最近してなかったでしょ？」%K%P
%LCクレール
%LCクレール
「留学していたから知ってると思うけど。\n　ハグって私の国では挨拶なの」%K%P
「留学していたから知ってると思うけど。\n　ハグって私の国では挨拶なの」%K%P
%LCクレール
%LCクレール
「思えば、陽菜ちゃんとの最初の出会いも、\n　間違いのハグからスタートしたでしょう？」%K%P
「思えば、陽菜ちゃんとの最初の出会いも、\n　間違いのハグからスタートしたでしょう？」%K%P
%LCクレール
%LCクレール
「だから、仕切り直しって意味で……ね？\n　どう？　悪くないと思うんだけど」%K%P
「だから、仕切り直しって意味で……ね？\n　どう？　悪くないと思うんだけど」%K%P
%LC陽菜
%LC陽菜
「ん……」%K%P
「ん……」%K%P
ハグするってことは当然、\nあのおっぱいにぎゅってされちゃうわけで。%K%P
ハグするってことは当然、\nあのおっぱいにぎゅってされちゃうわけで。%K%P
そんなことされたら、絶対に勃起しちゃう――、%K%P
そんなことされたら、絶対に勃起しちゃう――、%K%P
……いや、いやいや。弱腰になってどうする。%K%P
……いや、いやいや。弱腰になってどうする。%K%P
放課後になれば、フィエルテ姿のクレール様と、\n一緒に練習しなきゃいけないんだ。%K%P
放課後になれば、フィエルテ姿のクレール様と、\n一緒に練習しなきゃいけないんだ。%K%P
制服姿のハグで動じていたら、\nフィエルテ姿を耐えるなんて夢のまた夢。%K%P
制服姿のハグで動じていたら、\nフィエルテ姿を耐えるなんて夢のまた夢。%K%P
むしろ、これを乗り越えるぐらいでないと、\nこの先が思いやられる一方だ。%K%P
むしろ、これを乗り越えるぐらいでないと、\nこの先が思いやられる一方だ。%K%P
%LC陽菜
%LC陽菜
「……わかりました、お願いします」%K%P
「……わかりました、お願いします」%K%P
%LCクレール
%LCクレール
「よかった。それじゃあ、\n　今日は先に陽菜ちゃんからぎゅってして？」%K%P
「よかった。それじゃあ、\n　今日は先に陽菜ちゃんからぎゅってして？」%K%P
%LC陽菜
%LC陽菜
「えっ？　わ、私から、ですかっ？」%K%P
「えっ？　わ、私から、ですかっ？」%K%P
%LCクレール
%LCクレール
「うん。留学中、他の子としなかった？」%K%P
「うん。留学中、他の子としなかった？」%K%P
%LC陽菜
%LC陽菜
「それは、ないことも、ないですけど……」%K%P
「それは、ないことも、ないですけど……」%K%P
%LCクレール
%LCクレール
「じゃあ……はい。こっちに来て」%K%P
「じゃあ……はい。こっちに来て」%K%P
%LC陽菜
%LC陽菜
「わ……」%K%P
「わ……」%K%P
両手を広げるポーズをとられて、思わず身構える。%K%P
両手を広げるポーズをとられて、思わず身構える。%K%P
あそこに飛び込むってことは、\nすなわち、おっぱいに飛び込むってことで……。%K%P
あそこに飛び込むってことは、\nすなわち、おっぱいに飛び込むってことで……。%K%P
%LCクレール
%LCクレール
「ほらほら、おいでおいで」%K%P
「ほらほら、おいでおいで」%K%P
%LC陽菜
%LC陽菜
「じゃ、じゃあ……ぎゅっと」%K%P
「じゃ、じゃあ……ぎゅっと」%K%P
%LCクレール
%LCクレール
「んっ……」%K%P
「んっ……」%K%P
%LC陽菜
%LC陽菜
「ふわっ……」%K%P
「ふわっ……」%K%P
遠慮がちにクレール様に抱きつくと、\nすぐさま、彼女の腕がオレを抱きしめる。%K%P
遠慮がちにクレール様に抱きつくと、\nすぐさま、彼女の腕がオレを抱きしめる。%K%P
%LCクレール
%LCクレール
「いつもは、めいっぱいぎゅってしちゃうけど……。\n　今日はちゃんと力加減してるから」%K%P
「いつもは、めいっぱいぎゅってしちゃうけど……。\n　今日はちゃんと力加減してるから」%K%P
%LCクレール
%LCクレール
「どう？　これなら苦しくないでしょう？」%K%P
「どう？　これなら苦しくないでしょう？」%K%P
%LC陽菜
%LC陽菜
「……うん」%K%P
「……うん」%K%P
抱きつくと、それだけで全身の力が抜けていく。%K%P
抱きつくと、それだけで全身の力が抜けていく。%K%P
クレール様の匂い、すごく、懐かしい。%K%P
クレール様の匂い、すごく、懐かしい。%K%P
%LC陽菜
%LC陽菜
「……今まで、本当にごめんなさい。\n　ずっと、クレール様の前でどぎまぎして」%K%P
「……今まで、本当にごめんなさい。\n　ずっと、クレール様の前でどぎまぎして」%K%P
%LCクレール
%LCクレール
「いいのよ。私にも至らないところが\n　あったんだと思う」%K%P
「いいのよ。私にも至らないところが\n　あったんだと思う」%K%P
%LC陽菜
%LC陽菜
「そんなことないです。\n　もとはといえば、私が――」%K%P
「そんなことないです。\n　もとはといえば、私が――」%K%P
%LCクレール
%LCクレール
「私が？　なぁに？」%K%P
「私が？　なぁに？」%K%P
%LC陽菜
%LC陽菜
「あっ、いえ、なんでもっ……」%K%P
「あっ、いえ、なんでもっ……」%K%P
ハグの心地良さと安心感で、オナニーしたことを\n吐露しそうになり、慌てて誤魔化す。%K%P
ハグの心地良さと安心感で、オナニーしたことを\n吐露しそうになり、慌てて誤魔化す。%K%P
ある意味、女装よりバレたらマズいことなのに、\nそれを思わず口走りそうになるだなんて――、%K%P
ある意味、女装よりバレたらマズいことなのに、\nそれを思わず口走りそうになるだなんて――、%K%P
おそるべし、クレール様のハグの威力。%K%P
おそるべし、クレール様のハグの威力。%K%P
%LCクレール
%LCクレール
「ともかく、もう大丈夫そうね」%K%P
「ともかく、もう大丈夫そうね」%K%P
%LC陽菜
%LC陽菜
「はい。……ありがとうございます」%K%P
「はい。……ありがとうございます」%K%P
もちろん、おっぱいは柔らかいし、ドキドキする。%K%P
もちろん、おっぱいは柔らかいし、ドキドキする。%K%P
けど、それ以上に、気持ちが安らぐ。%K%P
けど、それ以上に、気持ちが安らぐ。%K%P
えっちなことを考えてしまう邪な本能ごと、\n浄化されていってるような感じだ。%K%P
えっちなことを考えてしまう邪な本能ごと、\n浄化されていってるような感じだ。%K%P
%LCクレール
%LCクレール
「ねえ？　前にも少し言ったことだけど、\n　そろそろ頃合いじゃないかしら」%K%P
「ねえ？　前にも少し言ったことだけど、\n　そろそろ頃合いじゃないかしら」%K%P
%LC陽菜
%LC陽菜
「頃合い……？」%K%P
「頃合い……？」%K%P
%LCクレール
%LCクレール
「口調と……できれば、私の呼び方も。\n　もう少し気さくにしてもらえたらなって」%K%P
「口調と……できれば、私の呼び方も。\n　もう少し気さくにしてもらえたらなって」%K%P
%LCクレール
%LCクレール
「そうすれば、気持ちからも距離が縮まって、\n　もっと、ぎこちなさもとれると思うの」%K%P
「そうすれば、気持ちからも距離が縮まって、\n　もっと、ぎこちなさもとれると思うの」%K%P
そういえばエンゲージのあと、他人行儀だし、\nもう少し砕けた感じでって言われたことがあった。%K%P
そういえばエンゲージのあと、他人行儀だし、\nもう少し砕けた感じでって言われたことがあった。%K%P
あのときはいきなりの提案ってこともあり、\n照れもあって素直に頷けなかったけれど。%K%P
あのときはいきなりの提案ってこともあり、\n照れもあって素直に頷けなかったけれど。%K%P
クレール様の言うことも一理あるし、\n切り換えるタイミングとしては、絶好だろう。%K%P
クレール様の言うことも一理あるし、\n切り換えるタイミングとしては、絶好だろう。%K%P
%LC陽菜
%LC陽菜
「じゃあ、えっと……クレール」%K%P
「じゃあ、えっと……クレール」%K%P
%LCクレール
%LCクレール
「んんぅーっ……　いい、いい感じっ歃n　トレビアンよ、陽菜ちゃんっ」%K%P
「んんぅーっ……　いい、いい感じっ歃n　トレビアンよ、陽菜ちゃんっ」%K%P
%LC陽菜
%LC陽菜
「ん……」%K%P
「ん……」%K%P
心の底から喜びが伝わってる笑顔に、\nこちらまで嬉しくなってしまう。%K%P
心の底から喜びが伝わってる笑顔に、\nこちらまで嬉しくなってしまう。%K%P
こんなに喜んでもらえるのなら、\n照れずに、もっと早く呼べばよかった。%K%P
こんなに喜んでもらえるのなら、\n照れずに、もっと早く呼べばよかった。%K%P
そうすれば、心の距離も多少は変わっていて、\nぎくしゃくすることもなかったかもしれない。%K%P
そうすれば、心の距離も多少は変わっていて、\nぎくしゃくすることもなかったかもしれない。%K%P
%LC陽菜
%LC陽菜
「あの……ところで、クレール。\n　いつまでこうしてるつもり？」%K%P
「あの……ところで、クレール。\n　いつまでこうしてるつもり？」%K%P
%LCクレール
%LCクレール
「っと、そうね。\n　美実たちも戻ってきてるようだし」%K%P
「っと、そうね。\n　美実たちも戻ってきてるようだし」%K%P
%LC陽菜
%LC陽菜
「……へ？」%K%P
「……へ？」%K%P
%LCクレール
%LCクレール
「ふたりとも、そろそろ入ってきたら？」%K%P
「ふたりとも、そろそろ入ってきたら？」%K%P
%LC美実
%LC美実
「むぅ、バレてたか……。\n　気配は消したつもりだったのに」%K%P
「むぅ、バレてたか……。\n　気配は消したつもりだったのに」%K%P
%LC杏奈
%LC杏奈
「私はとめたんだよっ？\n　覗き見なんて良くないですって」%K%P
「私はとめたんだよっ？\n　覗き見なんて良くないですって」%K%P
%LC陽菜
%LC陽菜
「覗き見って……。二人とも、いつから――」%K%P
「覗き見って……。二人とも、いつから――」%K%P
%LC美実
%LC美実
「えっと……クレールママしゅきしゅきー歃n　ってあたりから？」%K%P
「えっと……クレールママしゅきしゅきー歃n　ってあたりから？」%K%P
%LC陽菜
%LC陽菜
「そんなことしてませんっ！」%K%P
「そんなことしてませんっ！」%K%P
%LCクレール
%LCクレール
「する？」%K%P
「する？」%K%P
%LC陽菜
%LC陽菜
「クレールっ？！」%K%P
「クレールっ？！」%K%P
%LC美実
%LC美実
「あははっ。でもま、\n　雰囲気的にはそんな感じだったけど」%K%P
「あははっ。でもま、\n　雰囲気的にはそんな感じだったけど」%K%P
%LC杏奈
%LC杏奈
「確かにコレは、優しいママと、\n　それに甘える子供みたいな感じですよね」%K%P
「確かにコレは、優しいママと、\n　それに甘える子供みたいな感じですよね」%K%P
%LC陽菜
%LC陽菜
「えっ……って……わ、わわっ」%K%P
「えっ……って……わ、わわっ」%K%P
ふたりの視線でハグされたままなことに気付き、\n慌ててクレールから離れる。%K%P
ふたりの視線でハグされたままなことに気付き、\n慌ててクレールから離れる。%K%P
%LCクレール
%LCクレール
「もうっ、二人が余計なこと言うから。\n　せっかく陽菜ちゃんが懐いてくれたのに」%K%P
「もうっ、二人が余計なこと言うから。\n　せっかく陽菜ちゃんが懐いてくれたのに」%K%P
%LC美実
%LC美実
「まあまあ、続きはまた今度ってことで。\n　それよりお昼ご飯食べよ？」%K%P
「まあまあ、続きはまた今度ってことで。\n　それよりお昼ご飯食べよ？」%K%P
%LC杏奈
%LC杏奈
「ですね。ちゃんとお茶も持ってきたので」%K%P
「ですね。ちゃんとお茶も持ってきたので」%K%P
%LCクレール
%LCクレール
「和紅茶でしょう？」%K%P
「和紅茶でしょう？」%K%P
%LC杏奈
%LC杏奈
「えっ、なんでわかったんですか？」%K%P
「えっ、なんでわかったんですか？」%K%P
%LCクレール
%LCクレール
「ふふっ、内緒」%K%P
「ふふっ、内緒」%K%P
%LC美実
%LC美実
「クレールって昔っからそういうとこあるよね。\n　やけに勘が鋭いっていうか」%K%P
「クレールって昔っからそういうとこあるよね。\n　やけに勘が鋭いっていうか」%K%P
%LCクレール
%LCクレール
「昔からって言うけど、\n　私が銀蘭に来て、２ヶ月ぐらいよ？」%K%P
「昔からって言うけど、\n　私が銀蘭に来て、２ヶ月ぐらいよ？」%K%P
%LC美実
%LC美実
「それだけ居れば充分だってば。\n　陽菜ちゃんなんて、まだその半分だし」%K%P
「それだけ居れば充分だってば。\n　陽菜ちゃんなんて、まだその半分だし」%K%P
%LC陽菜
%LC陽菜
「そういえば、クレールはいつまで日本にいるの？」%K%P
「そういえば、クレールはいつまで日本にいるの？」%K%P
%LCクレール
%LCクレール
「留学期間ってことよね？\n　それなら、あと１ヶ月ないぐらい」%K%P
「留学期間ってことよね？\n　それなら、あと１ヶ月ないぐらい」%K%P
%LCクレール
%LCクレール
「銀蘭祭が終わって少ししたら、\n　フランスに帰国する予定よ」%K%P
「銀蘭祭が終わって少ししたら、\n　フランスに帰国する予定よ」%K%P
%LC陽菜
%LC陽菜
「なら、銀蘭祭が素敵な思い出になるように、\n　私、精一杯頑張るから」%K%P
「なら、銀蘭祭が素敵な思い出になるように、\n　私、精一杯頑張るから」%K%P
%LCクレール
%LCクレール
「陽菜ちゃん……。ありがとう。\n　二人で良い思い出を作りましょうね」%K%P
「陽菜ちゃん……。ありがとう。\n　二人で良い思い出を作りましょうね」%K%P
%LC陽菜
%LC陽菜
「うん」%K%P
「うん」%K%P
%LC美実
%LC美実
「むぅ……なんか羨ましい……。\n　ねねっ、陽菜ちゃん。私とも思い出を――」%K%P
「むぅ……なんか羨ましい……。\n　ねねっ、陽菜ちゃん。私とも思い出を――」%K%P
%LC陽菜
%LC陽菜
「美実様とはエンゲージしてませんから」%K%P
「美実様とはエンゲージしてませんから」%K%P
%LC美実
%LC美実
「ええー、陽菜ちゃんのいじわるー」%K%P
「ええー、陽菜ちゃんのいじわるー」%K%P
%LCクレール
%LCクレール
「くすっ、うふふっ」%K%P
「くすっ、うふふっ」%K%P
和やかな雰囲気に包まれながら、気付けば、\nオレとクレールは並んで食事を食べていた。%K%P
和やかな雰囲気に包まれながら、気付けば、\nオレとクレールは並んで食事を食べていた。%K%P
口調を変えるってなったときはドキドキしたけど、\nおかげで緊張も抜けたし、距離も縮まった気がする。%K%P
口調を変えるってなったときはドキドキしたけど、\nおかげで緊張も抜けたし、距離も縮まった気がする。%K%P
気になっていた帰国のタイミングも聞けたし、\n是が非でも、トーナメント初戦突破を目指さないと。%K%P
気になっていた帰国のタイミングも聞けたし、\n是が非でも、トーナメント初戦突破を目指さないと。%K%P
昼食でわだかまりがなくなったこともあって、\n放課後は臆することなくトレーニングルームへ。%K%P
昼食でわだかまりがなくなったこともあって、\n放課後は臆することなくトレーニングルームへ。%K%P
フィエルテ姿のクレールはやっぱり目の毒だけど、\nそれでも、先日よりはどぎまぎせずにすんだ。%K%P
フィエルテ姿のクレールはやっぱり目の毒だけど、\nそれでも、先日よりはどぎまぎせずにすんだ。%K%P
お昼休みのハグと口調の変化によって、\n気持ちがほぐれたおかげだろう。%K%P
お昼休みのハグと口調の変化によって、\n気持ちがほぐれたおかげだろう。%K%P
%LC陽菜
%LC陽菜
「踏み込むときは、もう少し、\n　相手に盾を意識させたほうがいいと思う」%K%P
「踏み込むときは、もう少し、\n　相手に盾を意識させたほうがいいと思う」%K%P
%LC杏奈
%LC杏奈
「こう？　こんな感じ？」%K%P
「こう？　こんな感じ？」%K%P
%LC陽菜
%LC陽菜
「そう。そのほうが、相手にプレッシャーを\n　かけられるし、盾を活かせるから」%K%P
「そう。そのほうが、相手にプレッシャーを\n　かけられるし、盾を活かせるから」%K%P
%LC杏奈
%LC杏奈
「ふむふむ……。よしっ、\n　美実様、もう一本お願いしますっ」%K%P
「ふむふむ……。よしっ、\n　美実様、もう一本お願いしますっ」%K%P
%LC美実
%LC美実
「よしこーいっ」%K%P
「よしこーいっ」%K%P
%LC陽菜
%LC陽菜
「ごめん、待たせちゃって」%K%P
「ごめん、待たせちゃって」%K%P
%LCクレール
%LCクレール
「いいのいいの、気にしないで」%K%P
「いいのいいの、気にしないで」%K%P
%LCクレール
%LCクレール
「にしても、陽菜ちゃんって、\n　人に教えるのが上手なのね」%K%P
「にしても、陽菜ちゃんって、\n　人に教えるのが上手なのね」%K%P
%LC陽菜
%LC陽菜
「そのあたりは、先生のおかげかも」%K%P
「そのあたりは、先生のおかげかも」%K%P
%LCクレール
%LCクレール
「先生って宗千佳のこと？」%K%P
「先生って宗千佳のこと？」%K%P
%LC陽菜
%LC陽菜
「うん。私は先生に鍛えられたから。\n　指導方法も、ベースは先生を真似ているし」%K%P
「うん。私は先生に鍛えられたから。\n　指導方法も、ベースは先生を真似ているし」%K%P
%LCクレール
%LCクレール
「宗千佳って、どんな先生なの？」%K%P
「宗千佳って、どんな先生なの？」%K%P
%LC陽菜
%LC陽菜
「どんなって……厳しいとか、優しいとか？」%K%P
「どんなって……厳しいとか、優しいとか？」%K%P
%LCクレール
%LCクレール
「そう。私、宗千佳は留学中の印象が強くて。\n　先生と言われてもピンとこないから」%K%P
「そう。私、宗千佳は留学中の印象が強くて。\n　先生と言われてもピンとこないから」%K%P
%LC陽菜
%LC陽菜
「うぅーん……」%K%P
「うぅーん……」%K%P
%LC陽菜
%LC陽菜
「……鏡みたいな人かも」%K%P
「……鏡みたいな人かも」%K%P
%LCクレール
%LCクレール
「鏡？」%K%P
「鏡？」%K%P
%LC陽菜
%LC陽菜
「真面目な人には真面目に、緩い人には緩く、\n　厳しい人には厳しく、優しい人には優しく――」%K%P
「真面目な人には真面目に、緩い人には緩く、\n　厳しい人には厳しく、優しい人には優しく――」%K%P
%LC陽菜
%LC陽菜
「相手の意気込みや熱意を汲み取って、\n　それに見合う指導が出来る人……だと思う」%K%P
「相手の意気込みや熱意を汲み取って、\n　それに見合う指導が出来る人……だと思う」%K%P
%LCクレール
%LCクレール
「なるほど、それで鏡……。面白い表現ね」%K%P
「なるほど、それで鏡……。面白い表現ね」%K%P
%LC陽菜
%LC陽菜
「なら、クレールから見た先生の印象は？\n　アリアで戦う姿、見たことあるんでしょ？」%K%P
「なら、クレールから見た先生の印象は？\n　アリアで戦う姿、見たことあるんでしょ？」%K%P
%LCクレール
%LCクレール
「そうね……。宗千佳は、凜々しくて、勇ましくて。\n　なにより、とんでもなく強かった」%K%P
「そうね……。宗千佳は、凜々しくて、勇ましくて。\n　なにより、とんでもなく強かった」%K%P
%LCクレール
%LCクレール
「彼女が作った数々の伝説は、\n　アリアンロッド女学院では語り草だもの」%K%P
「彼女が作った数々の伝説は、\n　アリアンロッド女学院では語り草だもの」%K%P
%LC陽菜
%LC陽菜
「数々の伝説……？」%K%P
「数々の伝説……？」%K%P
%LCクレール
%LCクレール
「一撃で３人の鎧を同時に砕いたとか、\n　森で素振りしたら周囲の木々をなぎ倒したとか」%K%P
「一撃で３人の鎧を同時に砕いたとか、\n　森で素振りしたら周囲の木々をなぎ倒したとか」%K%P
%LCクレール
%LCクレール
「剣を抜かずに素手で相手を倒したとか、\n　早業過ぎて、相手が敗北に気付かなかったとか」%K%P
「剣を抜かずに素手で相手を倒したとか、\n　早業過ぎて、相手が敗北に気付かなかったとか」%K%P
%LC陽菜
%LC陽菜
「それって、もはや七不思議なんじゃ……」%K%P
「それって、もはや七不思議なんじゃ……」%K%P
ただ、誇張されていると言い切れないあたりが、\n姉さんの凄まじいところではあるんだけど。%K%P
ただ、誇張されていると言い切れないあたりが、\n姉さんの凄まじいところではあるんだけど。%K%P
%LCクレール
%LCクレール
「それだけ敬愛されていたということね。\n　とても努力家で、常に鍛錬していたそうよ」%K%P
「それだけ敬愛されていたということね。\n　とても努力家で、常に鍛錬していたそうよ」%K%P
%LCクレール
%LCクレール
「私もそんな宗千佳に倣って、努力を重ねて、\n　{最優秀騎士:ブリランテ}になれたようなものだし」%K%P
「私もそんな宗千佳に倣って、努力を重ねて、\n　{最優秀騎士:ブリランテ}になれたようなものだし」%K%P
%LCクレール
%LCクレール
「ほら、私ってアリアンロッドに入学してから、\n　{騎士:ワルキュルア}として鍛錬を始めたでしょ？」%K%P
「ほら、私ってアリアンロッドに入学してから、\n　{騎士:ワルキュルア}として鍛錬を始めたでしょ？」%K%P
%LCクレール
%LCクレール
「だから、人より努力しないといけないなって。\n　誰よりも多くトレーニングしていたの」%K%P
「だから、人より努力しないといけないなって。\n　誰よりも多くトレーニングしていたの」%K%P
%LCクレール
%LCクレール
「とはいえ、剣術の経験者じゃなかったから。\n　独学というか、自己流みたいなものだけどね」%K%P
「とはいえ、剣術の経験者じゃなかったから。\n　独学というか、自己流みたいなものだけどね」%K%P
%LC陽菜
%LC陽菜
「それって、どんな？」%K%P
「それって、どんな？」%K%P
%LCクレール
%LCクレール
「なになに？　興味ある？」%K%P
「なになに？　興味ある？」%K%P
%LC陽菜
%LC陽菜
「うん」%K%P
「うん」%K%P
独学で強くなったというのは驚きの事実だけど、\nだからこそ、そこに強さの秘訣があるのかも。%K%P
独学で強くなったというのは驚きの事実だけど、\nだからこそ、そこに強さの秘訣があるのかも。%K%P
%LCクレール
%LCクレール
「単純よ。いつもハルバードを振り回してたの。\n　それこそ手が空いている時は、四六時中ずっと」%K%P
「単純よ。いつもハルバードを振り回してたの。\n　それこそ手が空いている時は、四六時中ずっと」%K%P
%LC陽菜
%LC陽菜
「素振りってこと？」%K%P
「素振りってこと？」%K%P
%LCクレール
%LCクレール
「というより、ダンスに近いかも。\n　バトントワリングのように、ぐるぐるーって」%K%P
「というより、ダンスに近いかも。\n　バトントワリングのように、ぐるぐるーって」%K%P
%LC陽菜
%LC陽菜
「ぐるぐるー？」%K%P
「ぐるぐるー？」%K%P
%LCクレール
%LCクレール
「そっ。ぐるぐるーっ」%K%P
「そっ。ぐるぐるーっ」%K%P
言いながら、身振り手振りをくわえるクレール。%K%P
言いながら、身振り手振りをくわえるクレール。%K%P
そういえばテスト{舞闘:カデンツァ}のときも、\nまるで踊っているようだって感想を抱いた気がする。%K%P
そういえばテスト{舞闘:カデンツァ}のときも、\nまるで踊っているようだって感想を抱いた気がする。%K%P
%LCクレール
%LCクレール
「で、それをずっと続けていたら、だんだんと、\n　ハルバードを手足のように扱えるようになって」%K%P
「で、それをずっと続けていたら、だんだんと、\n　ハルバードを手足のように扱えるようになって」%K%P
%LCクレール
%LCクレール
「２年の終わり頃には、学院内の強い子たちと、\n　互角以上に戦えるようになっていた感じね」%K%P
「２年の終わり頃には、学院内の強い子たちと、\n　互角以上に戦えるようになっていた感じね」%K%P
%LC陽菜
%LC陽菜
「素振りだけで、こんなに強く……」%K%P
「素振りだけで、こんなに強く……」%K%P
とはいえ素振りは基礎中の基礎だし、\nそれ自体、とても大切な事だ。%K%P
とはいえ素振りは基礎中の基礎だし、\nそれ自体、とても大切な事だ。%K%P
ハルバード自体の重さによって、\n筋力トレーニングも兼ねていたってところか。%K%P
ハルバード自体の重さによって、\n筋力トレーニングも兼ねていたってところか。%K%P
%LCクレール
%LCクレール
「以前、スポーツ経験はあまりないって話をしたと\n　思うけど、ダンスに関しては多少心得があるの」%K%P
「以前、スポーツ経験はあまりないって話をしたと\n　思うけど、ダンスに関しては多少心得があるの」%K%P
%LCクレール
%LCクレール
「宗千佳が言うには、その下地が上手いこと、\n　ハルバードって武器と噛み合ったんだろうって」%K%P
「宗千佳が言うには、その下地が上手いこと、\n　ハルバードって武器と噛み合ったんだろうって」%K%P
%LC陽菜
%LC陽菜
「なるほど……」%K%P
「なるほど……」%K%P
ダンスと武芸が結びつくって発想はなかったけど、\n姉さんが言うのであれば間違いない。%K%P
ダンスと武芸が結びつくって発想はなかったけど、\n姉さんが言うのであれば間違いない。%K%P
%LCクレール
%LCクレール
「だから私、他の武器の扱いはからっきしダメでね。\n　もし普通の剣で戦ったら、すっごく弱いと思う」%K%P
「だから私、他の武器の扱いはからっきしダメでね。\n　もし普通の剣で戦ったら、すっごく弱いと思う」%K%P
%LC陽菜
%LC陽菜
「じゃあ、クレールのハルバードは、\n　構えや型も我流なの？」%K%P
「じゃあ、クレールのハルバードは、\n　構えや型も我流なの？」%K%P
%LCクレール
%LCクレール
「そうよ。だからこそアリアンロッドでは、\n　クレールは戦いにくいって、よく言われたわ」%K%P
「そうよ。だからこそアリアンロッドでは、\n　クレールは戦いにくいって、よく言われたわ」%K%P
%LCクレール
%LCクレール
「私にはセオリーが通じないらしくって」%K%P
「私にはセオリーが通じないらしくって」%K%P
確かに、テスト{舞闘:カデンツァ}のときも、\n依夜様はすごく攻めづらそうだった。%K%P
確かに、テスト{舞闘:カデンツァ}のときも、\n依夜様はすごく攻めづらそうだった。%K%P
どんな武術であろうと、定石というものがある。%K%P
どんな武術であろうと、定石というものがある。%K%P
クレールの強さは、そういう定石が通用しない、\n型破りなところも要因としては大きそうだ。%K%P
クレールの強さは、そういう定石が通用しない、\n型破りなところも要因としては大きそうだ。%K%P
%LC陽菜
%LC陽菜
「……すごいね、クレール」%K%P
「……すごいね、クレール」%K%P
%LCクレール
%LCクレール
「えへへっ、ありがとう。\n　陽菜ちゃんに褒められるなんて嬉しい」%K%P
「えへへっ、ありがとう。\n　陽菜ちゃんに褒められるなんて嬉しい」%K%P
%LCクレール
%LCクレール
「さて、お話はこれぐらいにして、\n　私たちも身体を動かしていきましょうか」%K%P
「さて、お話はこれぐらいにして、\n　私たちも身体を動かしていきましょうか」%K%P
その後、杏奈ちゃんたちと２対２の模擬戦なども\nおこなったりして、時間は過ぎていって。%K%P
その後、杏奈ちゃんたちと２対２の模擬戦なども\nおこなったりして、時間は過ぎていって。%K%P
最後はクールダウン――静的ストレッチしながら、\n自然とみんなで雑談をする雰囲気になった。%K%P
最後はクールダウン――静的ストレッチしながら、\n自然とみんなで雑談をする雰囲気になった。%K%P
%LC陽菜
%LC陽菜
「そういえば美実様、\n　梨理ちゃんの様子はどうですか？」%K%P
「そういえば美実様、\n　梨理ちゃんの様子はどうですか？」%K%P
%LC美実
%LC美実
「おっ、なに？　対戦相手のリサーチ？」%K%P
「おっ、なに？　対戦相手のリサーチ？」%K%P
%LC陽菜
%LC陽菜
「そういうわけじゃなくて。\n　依夜様とどうなったのか、気になって」%K%P
「そういうわけじゃなくて。\n　依夜様とどうなったのか、気になって」%K%P
オレたちとは原因が異なるだろうけど、\nあの二人も、ちょっとぎくしゃくしていたし。%K%P
オレたちとは原因が異なるだろうけど、\nあの二人も、ちょっとぎくしゃくしていたし。%K%P
%LC美実
%LC美実
「梨理、今頃は依夜んちについた頃だと思うよ。\n　今日は依夜の家でお泊まり会だから」%K%P
「梨理、今頃は依夜んちについた頃だと思うよ。\n　今日は依夜の家でお泊まり会だから」%K%P
%LCクレール
%LCクレール
「梨理ちゃんが？　依夜ちゃんの家に？」%K%P
「梨理ちゃんが？　依夜ちゃんの家に？」%K%P
%LC美実
%LC美実
「そう。梨理と仲良くなりたいって、\n　依夜から相談されてね」%K%P
「そう。梨理と仲良くなりたいって、\n　依夜から相談されてね」%K%P
%LC美実
%LC美実
「ならお泊まりでもしたら？　って提案したら、\n　依夜がそれを実行に移したってわけ」%K%P
「ならお泊まりでもしたら？　って提案したら、\n　依夜がそれを実行に移したってわけ」%K%P
%LC陽菜
%LC陽菜
「それ、大丈夫なんですか……？」%K%P
「それ、大丈夫なんですか……？」%K%P
梨理ちゃんは依夜様をかなり意識しているし、\nその感情次第では、よくない結果になる気も――、%K%P
梨理ちゃんは依夜様をかなり意識しているし、\nその感情次第では、よくない結果になる気も――、%K%P
%LC美実
%LC美実
「大丈夫、なんたって依夜だもん。\n　責任感強いし、面倒見もいいからね」%K%P
「大丈夫、なんたって依夜だもん。\n　責任感強いし、面倒見もいいからね」%K%P
%LC陽菜
%LC陽菜
「それはわかりますけど」%K%P
「それはわかりますけど」%K%P
貰った手紙すべてに返事を出していたり、\n依夜様のそういった面は疑うべくもない。%K%P
貰った手紙すべてに返事を出していたり、\n依夜様のそういった面は疑うべくもない。%K%P
%LC美実
%LC美実
「もともと依夜と梨理は相性いいと思うんだよね。\n　ただ、仲良くなる機会がなかっただけで」%K%P
「もともと依夜と梨理は相性いいと思うんだよね。\n　ただ、仲良くなる機会がなかっただけで」%K%P
%LC美実
%LC美実
「だから、今回のエンゲージを切っ掛けに、\n　二人が仲良くなってくれたらなって」%K%P
「だから、今回のエンゲージを切っ掛けに、\n　二人が仲良くなってくれたらなって」%K%P
%LC美実
%LC美実
「梨理って気難しそうに見えるけど、\n　意地っ張りなだけで、案外チョロいから」%K%P
「梨理って気難しそうに見えるけど、\n　意地っ張りなだけで、案外チョロいから」%K%P
%LC杏奈
%LC杏奈
「いい話だったのに、最後ので台無しに……」%K%P
「いい話だったのに、最後ので台無しに……」%K%P
%LC美実
%LC美実
「あははっ。まっ、そういうわけだから。\n　あっさり懐柔されちゃってたりするかもよ？」%K%P
「あははっ。まっ、そういうわけだから。\n　あっさり懐柔されちゃってたりするかもよ？」%K%P
%LCクレール
%LCクレール
「でも、いいわね、お泊まり。楽しそう」%K%P
「でも、いいわね、お泊まり。楽しそう」%K%P
%LC美実
%LC美実
「なら、クレールたちもしてみたら？\n　一晩中一緒にいれば仲も深まると思うよ？」%K%P
「なら、クレールたちもしてみたら？\n　一晩中一緒にいれば仲も深まると思うよ？」%K%P
%LCクレール
%LCクレール
「一晩中……」%K%P
「一晩中……」%K%P
%LC美実
%LC美実
「で、同じベッドで寝たりとか」%K%P
「で、同じベッドで寝たりとか」%K%P
%LC陽菜
%LC陽菜
「同衾は、さすがに、ちょっと……」%K%P
「同衾は、さすがに、ちょっと……」%K%P
%LCクレール
%LCクレール
「そっ、そうね。一緒は、さすがに……」%K%P
「そっ、そうね。一緒は、さすがに……」%K%P
%LC美実
%LC美実
「おっ、揃って照れた。なんかいいね」%K%P
「おっ、揃って照れた。なんかいいね」%K%P
%LC杏奈
%LC杏奈
「いいですねぇ」%K%P
「いいですねぇ」%K%P
%LC陽菜
%LC陽菜
「もぅ、二人して……」%K%P
「もぅ、二人して……」%K%P
夫婦や恋人は似るというけど、エンゲージ以後、\n杏奈ちゃんは確実に美実様の影響を受けてると思う。%K%P
夫婦や恋人は似るというけど、エンゲージ以後、\n杏奈ちゃんは確実に美実様の影響を受けてると思う。%K%P
%LC杏奈
%LC杏奈
「って、そうだ、忘れてたっ。\n　私、レモンの蜂蜜漬けを持ってきてたんですっ」%K%P
「って、そうだ、忘れてたっ。\n　私、レモンの蜂蜜漬けを持ってきてたんですっ」%K%P
言うやいなや、杏奈ちゃんは自分の荷物から、\n小さな容器を取り出してもってきた。%K%P
言うやいなや、杏奈ちゃんは自分の荷物から、\n小さな容器を取り出してもってきた。%K%P
%LC杏奈
%LC杏奈
「休憩中に食べて貰おうと思ってたのに……。\n　トレーニングが楽しくて、つい忘れちゃって」%K%P
「休憩中に食べて貰おうと思ってたのに……。\n　トレーニングが楽しくて、つい忘れちゃって」%K%P
%LC美実
%LC美実
「なら、いまちょうだい。\n　こういうのに遅いってことはないでしょ？」%K%P
「なら、いまちょうだい。\n　こういうのに遅いってことはないでしょ？」%K%P
%LC杏奈
%LC杏奈
「美実様……」%K%P
「美実様……」%K%P
%LC美実
%LC美実
「ついでに、あーんしてもらっちゃおうかな」%K%P
「ついでに、あーんしてもらっちゃおうかな」%K%P
%LC杏奈
%LC杏奈
「んもー、しょうがないですねぇ、美実様は」%K%P
「んもー、しょうがないですねぇ、美実様は」%K%P
なんて言いつつ、杏奈ちゃんはノリよく、\n取り出したレモンの蜂蜜漬けを、美実様の口へ。%K%P
なんて言いつつ、杏奈ちゃんはノリよく、\n取り出したレモンの蜂蜜漬けを、美実様の口へ。%K%P
%LC美実
%LC美実
「……んぅーっ歃n　甘みと酸味が、疲れた身体に染みわたるぅ」%K%P
「……んぅーっ歃n　甘みと酸味が、疲れた身体に染みわたるぅ」%K%P
%LC杏奈
%LC杏奈
「えへへっ。いっぱい作ってきたんで、\n　陽菜ちゃんとクレール様も、よければ」%K%P
「えへへっ。いっぱい作ってきたんで、\n　陽菜ちゃんとクレール様も、よければ」%K%P
%LC美実
%LC美実
「せっかくだし、クレールたちもあーんしたら？」%K%P
「せっかくだし、クレールたちもあーんしたら？」%K%P
%LC陽菜
%LC陽菜
「いっ、いいですよ、そんなっ」%K%P
「いっ、いいですよ、そんなっ」%K%P
%LCクレール
%LCクレール
「えっ、だめなの？　あーんしちゃだめ？」%K%P
「えっ、だめなの？　あーんしちゃだめ？」%K%P
%LC陽菜
%LC陽菜
「う……えっと……」%K%P
「う……えっと……」%K%P
%LCクレール
%LCクレール
「お願い、陽菜ちゃん」%K%P
「お願い、陽菜ちゃん」%K%P
%LC陽菜
%LC陽菜
「……じゃあ、一口だけ」%K%P
「……じゃあ、一口だけ」%K%P
まじまじっと見つめられ、観念して頷く。%K%P
まじまじっと見つめられ、観念して頷く。%K%P
%LCクレール
%LCクレール
「ふふっ、ありがと。ではではさっそく」%K%P
「ふふっ、ありがと。ではではさっそく」%K%P
杏奈ちゃんから容器を受け取ったクレールが、\nレモンのスライスを一枚、こっちの口元へ。%K%P
杏奈ちゃんから容器を受け取ったクレールが、\nレモンのスライスを一枚、こっちの口元へ。%K%P
%LCクレール
%LCクレール
「はい、陽菜ちゃん。あーん」%K%P
「はい、陽菜ちゃん。あーん」%K%P
%LC陽菜
%LC陽菜
「あ、あーん……」%K%P
「あ、あーん……」%K%P
%LCクレール
%LCクレール
「もっとお口開けて？\n　でないと入らないから」%K%P
「もっとお口開けて？\n　でないと入らないから」%K%P
%LC陽菜
%LC陽菜
「んっ……あーんっ」%K%P
「んっ……あーんっ」%K%P
照れたせいかリテイクをもらってしまい、\nちょっと自棄気味に、思い切って口を開けると。%K%P
照れたせいかリテイクをもらってしまい、\nちょっと自棄気味に、思い切って口を開けると。%K%P
%LCクレール
%LCクレール
「はい、どうぞ」%K%P
「はい、どうぞ」%K%P
%LC陽菜
%LC陽菜
「んっ……んむ、んんっ……わ、おいし」%K%P
「んっ……んむ、んんっ……わ、おいし」%K%P
口に入ってきたそれは、美実様の言う通り、\n甘みと酸味が疲れた身体にじわっと染みた。%K%P
口に入ってきたそれは、美実様の言う通り、\n甘みと酸味が疲れた身体にじわっと染みた。%K%P
%LCクレール
%LCクレール
「じゃあ、今度は私の番。\n　はい、陽菜ちゃん」%K%P
「じゃあ、今度は私の番。\n　はい、陽菜ちゃん」%K%P
%LC陽菜
%LC陽菜
「え」%K%P
「え」%K%P
ごくごく自然に容器を手渡され、\n思わず受け取ってしまう。%K%P
ごくごく自然に容器を手渡され、\n思わず受け取ってしまう。%K%P
と、クレールは自らこちらに近寄って、\nツバメの雛鳥みたいに口を開けてきた。%K%P
と、クレールは自らこちらに近寄って、\nツバメの雛鳥みたいに口を開けてきた。%K%P
%LCクレール
%LCクレール
「さっ、私にもちょうだい」%K%P
「さっ、私にもちょうだい」%K%P
%LC陽菜
%LC陽菜
「え、ええっと……」%K%P
「え、ええっと……」%K%P
%LCクレール
%LCクレール
「ほらほら、あーん」%K%P
「ほらほら、あーん」%K%P
%LC陽菜
%LC陽菜
「んっ……」%K%P
「んっ……」%K%P
これ、あーんしないと解放されないやつだ。%K%P
これ、あーんしないと解放されないやつだ。%K%P
けど、こうして積極的に接してくれる感じ、\nぎくしゃくする以前に戻ったみたいで嬉しい。%K%P
けど、こうして積極的に接してくれる感じ、\nぎくしゃくする以前に戻ったみたいで嬉しい。%K%P
依夜様も梨理ちゃんと打ち解けようとしてるんだし、\nオレだって、このぐらい出来るようでないと。うん。%K%P
依夜様も梨理ちゃんと打ち解けようとしてるんだし、\nオレだって、このぐらい出来るようでないと。うん。%K%P
%LC陽菜
%LC陽菜
「じゃあ……はい、クレール」%K%P
「じゃあ……はい、クレール」%K%P
%LCクレール
%LCクレール
「あむっ……ん、おいしっ。\n　さっすが陽菜ちゃん、あーんが上手ね」%K%P
「あむっ……ん、おいしっ。\n　さっすが陽菜ちゃん、あーんが上手ね」%K%P
%LC陽菜
%LC陽菜
「こういうこと、初めてしたんですけど……」%K%P
「こういうこと、初めてしたんですけど……」%K%P
%LCクレール
%LCクレール
「ふふっ、陽菜ちゃんの初めて、貰っちゃった」%K%P
「ふふっ、陽菜ちゃんの初めて、貰っちゃった」%K%P
%LC陽菜
%LC陽菜
「ん……」%K%P
「ん……」%K%P
屈託なく見つめられ、少し頬が熱くなる。%K%P
屈託なく見つめられ、少し頬が熱くなる。%K%P
いまの言葉、別の意味に聞こえたんだけど、\nオレに邪念があるからとかじゃないよね？　ね？%K%P
いまの言葉、別の意味に聞こえたんだけど、\nオレに邪念があるからとかじゃないよね？　ね？%K%P
%LCクレール
%LCクレール
「ね、陽菜ちゃん。おかわりちょうだい」%K%P
「ね、陽菜ちゃん。おかわりちょうだい」%K%P
%LC陽菜
%LC陽菜
「えっ、でも」%K%P
「えっ、でも」%K%P
%LC杏奈
%LC杏奈
「遠慮しないでいいよ。いっぱいあるし」%K%P
「遠慮しないでいいよ。いっぱいあるし」%K%P
%LC陽菜
%LC陽菜
「うっ、うん。……じゃあ、もう一口――」%K%P
「うっ、うん。……じゃあ、もう一口――」%K%P
杏奈ちゃんに返そうとした容器を持ち直し、\nレモンをひとつ、摘まみ上げたときだった。%K%P
杏奈ちゃんに返そうとした容器を持ち直し、\nレモンをひとつ、摘まみ上げたときだった。%K%P
汗で滑った容器が、つるんっと手から逃げて――、%K%P
汗で滑った容器が、つるんっと手から逃げて――、%K%P
%LC陽菜
%LC陽菜
「わわっ……！？」%K%P
「わわっ……！？」%K%P
%LCクレール
%LCクレール
「きゃっ？！」%K%P
「きゃっ？！」%K%P
クレールの悲鳴が聞こえた後、視界が真っ暗に。%K%P
クレールの悲鳴が聞こえた後、視界が真っ暗に。%K%P
この展開、ひょっとして――、%K%P
この展開、ひょっとして――、%K%P
%LCクレール
%LCクレール
「陽菜ちゃん？　大丈夫？」%K%P
「陽菜ちゃん？　大丈夫？」%K%P
%LC陽菜
%LC陽菜
「はっ、はい……」%K%P
「はっ、はい……」%K%P
恐る恐る目を開けると、やっぱりというか、\nオレはクレールのおっぱいにダイブしていて。%K%P
恐る恐る目を開けると、やっぱりというか、\nオレはクレールのおっぱいにダイブしていて。%K%P
そんな彼女の手には、オレの手から\n滑り落ちた容器が、しっかりとキャッチされていた。%K%P
そんな彼女の手には、オレの手から\n滑り落ちた容器が、しっかりとキャッチされていた。%K%P
%LCクレール
%LCクレール
「ごめんね、陽菜ちゃん。\n　容器はキャッチできたんだけど……」%K%P
「ごめんね、陽菜ちゃん。\n　容器はキャッチできたんだけど……」%K%P
%LC陽菜
%LC陽菜
「あ……」%K%P
「あ……」%K%P
クレールにあげようとオレが摘まんだ分が、\n髪の毛――ウィッグに、ぺたっと貼りついていた。%K%P
クレールにあげようとオレが摘まんだ分が、\n髪の毛――ウィッグに、ぺたっと貼りついていた。%K%P
%LC杏奈
%LC杏奈
「うわ、大変っ。陽菜ちゃん、\n　シャワー浴びにいこっ？　ねっ？」%K%P
「うわ、大変っ。陽菜ちゃん、\n　シャワー浴びにいこっ？　ねっ？」%K%P
%LC陽菜
%LC陽菜
「これぐらい平気だってば。\n　ちゃんと拭いておくし」%K%P
「これぐらい平気だってば。\n　ちゃんと拭いておくし」%K%P
%LC杏奈
%LC杏奈
「だめだよ、蜂蜜だもん。洗う方が早いってば。\n　っていうか私が洗ってあげる」%K%P
「だめだよ、蜂蜜だもん。洗う方が早いってば。\n　っていうか私が洗ってあげる」%K%P
%LC陽菜
%LC陽菜
「いっ、いいよいいよ、自分のせいだし」%K%P
「いっ、いいよいいよ、自分のせいだし」%K%P
一緒にシャワーを浴びるだけでも危ないのに、\nウィッグに触られるなんて、もってのほかだ。%K%P
一緒にシャワーを浴びるだけでも危ないのに、\nウィッグに触られるなんて、もってのほかだ。%K%P
ここはなんとしても、やり過ごさないと――、%K%P
ここはなんとしても、やり過ごさないと――、%K%P
%LCクレール
%LCクレール
「杏奈ちゃん。はいこれ、返すわね。\n　とっても美味しかったわ。ありがとう」%K%P
「杏奈ちゃん。はいこれ、返すわね。\n　とっても美味しかったわ。ありがとう」%K%P
%LC杏奈
%LC杏奈
「あっ、はい」%K%P
「あっ、はい」%K%P
%LCクレール
%LCクレール
「それと、陽菜ちゃんのことは私に任せて」%K%P
「それと、陽菜ちゃんのことは私に任せて」%K%P
%LCクレール
%LCクレール
「せっかくパートナーの役に立てる機会なんだもの。\n　それを私から奪わないで。ね？」%K%P
「せっかくパートナーの役に立てる機会なんだもの。\n　それを私から奪わないで。ね？」%K%P
%LC杏奈
%LC杏奈
「そう言われてしまうと……」%K%P
「そう言われてしまうと……」%K%P
クレールの発言に、杏奈ちゃんが引き下がる。%K%P
クレールの発言に、杏奈ちゃんが引き下がる。%K%P
ほっ、よかった。これで一安心――、%K%P
ほっ、よかった。これで一安心――、%K%P
%LCクレール
%LCクレール
「じゃあ陽菜ちゃん、\n　一緒にシャワーを浴びに行きましょう？」%K%P
「じゃあ陽菜ちゃん、\n　一緒にシャワーを浴びに行きましょう？」%K%P
%LC陽菜
%LC陽菜
「……え？　一緒に……？」%K%P
「……え？　一緒に……？」%K%P
%LCクレール
%LCクレール
「そうよ。私が洗ってあげる」%K%P
「そうよ。私が洗ってあげる」%K%P
%LC陽菜
%LC陽菜
「いっ……や、え、あ、でもっ……」%K%P
「いっ……や、え、あ、でもっ……」%K%P
%LCクレール
%LCクレール
「遠慮しないの。じゃあ、悪いけど、\n　私たちは先にシャワーを浴びにいくから」%K%P
「遠慮しないの。じゃあ、悪いけど、\n　私たちは先にシャワーを浴びにいくから」%K%P
%LC美実
%LC美実
「どうぞどうぞ。私たちもここ片付けて、\n　すぐに行くから」%K%P
「どうぞどうぞ。私たちもここ片付けて、\n　すぐに行くから」%K%P
%LCクレール
%LCクレール
「ほら、陽菜ちゃん」%K%P
「ほら、陽菜ちゃん」%K%P
%LC陽菜
%LC陽菜
「わわわっ……？！」%K%P
「わわわっ……？！」%K%P
クレールに手を引っ張られる格好で、\nすぐ隣にある更衣室内のシャワー室へ。%K%P
クレールに手を引っ張られる格好で、\nすぐ隣にある更衣室内のシャワー室へ。%K%P
%LCクレール
%LCクレール
「さっ、脱いで。陽菜ちゃん」%K%P
「さっ、脱いで。陽菜ちゃん」%K%P
%LC陽菜
%LC陽菜
「……むり、です……」%K%P
「……むり、です……」%K%P
%LCクレール
%LCクレール
「ダメよ、早く脱ぐの。でないと、\n　美実たちがこっちに来ちゃうんだから」%K%P
「ダメよ、早く脱ぐの。でないと、\n　美実たちがこっちに来ちゃうんだから」%K%P
%LCクレール
%LCクレール
「陽菜ちゃんは、裸を見られたら困るでしょ？」%K%P
「陽菜ちゃんは、裸を見られたら困るでしょ？」%K%P
%LC陽菜
%LC陽菜
「え……」%K%P
「え……」%K%P
いまの言い方、ひょっとして――、%K%P
いまの言い方、ひょっとして――、%K%P
%LC陽菜
%LC陽菜
「まさか、クレール――」%K%P
「まさか、クレール――」%K%P
%LCクレール
%LCクレール
「説明は後。とにかく今はフィエルテを脱いで。\n　そうしたら、私の後についてきて」%K%P
「説明は後。とにかく今はフィエルテを脱いで。\n　そうしたら、私の後についてきて」%K%P
%LCクレール
%LCクレール
「同じシャワースペースに入ってしまえば、\n　あとは私がなんとかするから」%K%P
「同じシャワースペースに入ってしまえば、\n　あとは私がなんとかするから」%K%P
%LCクレール
%LCクレール
「もちろん、私も裸になるけど……そこは、ね？\n　こちらも覚悟の上だから、気にしないで」%K%P
「もちろん、私も裸になるけど……そこは、ね？\n　こちらも覚悟の上だから、気にしないで」%K%P
