心残りな結末で終わったとはいえ、\n久しぶりの{舞闘:カデンツァ}に心躍った週末が過ぎて。%K%P
心残りな結末で終わったとはいえ、\n久しぶりの{舞闘:カデンツァ}に心躍った週末が過ぎて。%K%P
週が明けたら、思いがけないことになっていた。%K%P
週が明けたら、思いがけないことになっていた。%K%P
%LC女学生
%LC女学生
「にゅえええええええええっ……。\n　どうしよう、宿題忘れちゃったよぉおっ」%K%P
「にゅえええええええええっ……。\n　どうしよう、宿題忘れちゃったよぉおっ」%K%P
%LC女学生
%LC女学生
「にゅえええええええっ！？\n　今日のビーフシチュー美味しすぎるぅっ」%K%P
「にゅえええええええっ！？\n　今日のビーフシチュー美味しすぎるぅっ」%K%P
%LC女学生
%LC女学生
「にゅええええええええっ！\n　これで、どうだぁぁああっ！」%K%P
「にゅええええええええっ！\n　これで、どうだぁぁああっ！」%K%P
%LC陽菜
%LC陽菜
「にゅえええええ……」%K%P
「にゅえええええ……」%K%P
朝、机に突っ伏しながら、思わず呻く。%K%P
朝、机に突っ伏しながら、思わず呻く。%K%P
先日のテスト{舞闘:カデンツァ}のとき、\n思わず発してしまった、あの変な悲鳴。%K%P
先日のテスト{舞闘:カデンツァ}のとき、\n思わず発してしまった、あの変な悲鳴。%K%P
どうやらあれが、一部の女の子の間で\n流行ってしまっているようで。%K%P
どうやらあれが、一部の女の子の間で\n流行ってしまっているようで。%K%P
%LC杏奈
%LC杏奈
「おっ、元祖にゅえーだ」%K%P
「おっ、元祖にゅえーだ」%K%P
%LC陽菜
%LC陽菜
「はうっ」%K%P
「はうっ」%K%P
%LC杏奈
%LC杏奈
「ふふっ、そんなにヘコまなくても。\n　こういう流行りってたまにあるし」%K%P
「ふふっ、そんなにヘコまなくても。\n　こういう流行りってたまにあるし」%K%P
%LC杏奈
%LC杏奈
「けど、ホントに陽菜ちゃん、\n　すっごい人気だよね」%K%P
「けど、ホントに陽菜ちゃん、\n　すっごい人気だよね」%K%P
%LC杏奈
%LC杏奈
「口癖が真似されてるのだって、\n　みんな陽菜ちゃんに憧れてるからだろうし」%K%P
「口癖が真似されてるのだって、\n　みんな陽菜ちゃんに憧れてるからだろうし」%K%P
%LC陽菜
%LC陽菜
「口癖じゃないんだけどね……」%K%P
「口癖じゃないんだけどね……」%K%P
真似するならせめてもっと別なところを、\nとは思うけど、具体的な代案は浮かばない。%K%P
真似するならせめてもっと別なところを、\nとは思うけど、具体的な代案は浮かばない。%K%P
%LC杏奈
%LC杏奈
「心配しなくても、すぐ落ち着くと思うよ」%K%P
「心配しなくても、すぐ落ち着くと思うよ」%K%P
%LC陽菜
%LC陽菜
「そうだね……。そうする――」%K%P
「そうだね……。そうする――」%K%P
なんて呟いて、授業の支度をしようと、\n机の中に手を入れたときだった。%K%P
なんて呟いて、授業の支度をしようと、\n机の中に手を入れたときだった。%K%P
指先にコツンと、覚えのない感触が。%K%P
指先にコツンと、覚えのない感触が。%K%P
どうやら紙っぽい？　なんて思いつつ、\nそれを取り出してみると――、%K%P
どうやら紙っぽい？　なんて思いつつ、\nそれを取り出してみると――、%K%P
%LC陽菜
%LC陽菜
「わ……」%K%P
「わ……」%K%P
%LC杏奈
%LC杏奈
「ん？　どうかした？」%K%P
「ん？　どうかした？」%K%P
%LC陽菜
%LC陽菜
「うっ、ううん、なんでも」%K%P
「うっ、ううん、なんでも」%K%P
思わず首を振りながら、\n取り出したものを、咄嗟に戻す。%K%P
思わず首を振りながら、\n取り出したものを、咄嗟に戻す。%K%P
いま、ちらっと見えたのって、ひょっとして。%K%P
いま、ちらっと見えたのって、ひょっとして。%K%P
次の休み時間、机の中に入っていた物を\nこっそり持ち出し、そそくさと教室を出た。%K%P
次の休み時間、机の中に入っていた物を\nこっそり持ち出し、そそくさと教室を出た。%K%P
できるだけ人がこなくて、落ち着ける場所――。%K%P
できるだけ人がこなくて、落ち着ける場所――。%K%P
%LC陽菜
%LC陽菜
「……よし、ここなら」%K%P
「……よし、ここなら」%K%P
美実様たちがいたらどうしようかと思ったけど、\nいなかったので一安心。%K%P
美実様たちがいたらどうしようかと思ったけど、\nいなかったので一安心。%K%P
それから、持ってきた物を取り出す。%K%P
それから、持ってきた物を取り出す。%K%P
机の中に入っていた物――それは、手紙だった。%K%P
机の中に入っていた物――それは、手紙だった。%K%P
可愛らしい封筒には、\n『陽菜さまへ』って書いてある。%K%P
可愛らしい封筒には、\n『陽菜さまへ』って書いてある。%K%P
机の中に入っていた時点で当然ではあるけど、\nこれはつまり、オレ宛ての手紙ってことで。%K%P
机の中に入っていた時点で当然ではあるけど、\nこれはつまり、オレ宛ての手紙ってことで。%K%P
%LC陽菜
%LC陽菜
「こういうのでありそうなのは、\n　まぁ、ラブレター、なんだろうけど……」%K%P
「こういうのでありそうなのは、\n　まぁ、ラブレター、なんだろうけど……」%K%P
%LC陽菜
%LC陽菜
「でもここ、女学園なわけだし。\n　そういうのは、ね。さすがにね」%K%P
「でもここ、女学園なわけだし。\n　そういうのは、ね。さすがにね」%K%P
そわそわする自分に言い聞かせるように、\n思ったことを口に出してしまう。%K%P
そわそわする自分に言い聞かせるように、\n思ったことを口に出してしまう。%K%P
そして、手紙を持ったまま固まる。%K%P
そして、手紙を持ったまま固まる。%K%P
なんか、開ける勇気が出ない。%K%P
なんか、開ける勇気が出ない。%K%P
いやいや、あるいはラブレターじゃなくて、\nなにか急を要する私信かもしれないわけだし。%K%P
いやいや、あるいはラブレターじゃなくて、\nなにか急を要する私信かもしれないわけだし。%K%P
……よっ、よしっ！　開けるぞっ……！%K%P
……よっ、よしっ！　開けるぞっ……！%K%P
%LC陽菜
%LC陽菜
「ええっと……」%K%P
「ええっと……」%K%P
――大好きな陽菜さまへ。%P
――大好きな陽菜さまへ。%P
%LC陽菜
%LC陽菜
「にゅええええぇ……」%K%P
「にゅええええぇ……」%K%P
思わずリフレイン。%K%P
思わずリフレイン。%K%P
オレ宛ての手紙は、どこをどう読んでも、\nラブレターに違いないだろう内容だった。%K%P
オレ宛ての手紙は、どこをどう読んでも、\nラブレターに違いないだろう内容だった。%K%P
%LC陽菜
%LC陽菜
「本当にあるんだ……。\n　女の子同士で、こういうの……」%K%P
「本当にあるんだ……。\n　女の子同士で、こういうの……」%K%P
話としては聞くことも多いし、留学中には、\n実際にそういった関係の子たちを見たりもした。%K%P
話としては聞くことも多いし、留学中には、\n実際にそういった関係の子たちを見たりもした。%K%P
けど、いざこうして自分の身に起こってしまうと、\nそれはそれで、また違う、というか。%K%P
けど、いざこうして自分の身に起こってしまうと、\nそれはそれで、また違う、というか。%K%P
っていうか、本当は女の子じゃない以上、\nどういう扱いになるのか、複雑ではあるんだけど。%K%P
っていうか、本当は女の子じゃない以上、\nどういう扱いになるのか、複雑ではあるんだけど。%K%P
ともかく、受け取って中身を見たからには、\n責任をもって応対してあげないと――、%K%P
ともかく、受け取って中身を見たからには、\n責任をもって応対してあげないと――、%K%P
%LC陽菜
%LC陽菜
「……あれ。これ、名前が……」%K%P
「……あれ。これ、名前が……」%K%P
封筒も便せんも、何度も確かめたけど、\n肝心の差し出し人の名前が見当たらない。%K%P
封筒も便せんも、何度も確かめたけど、\n肝心の差し出し人の名前が見当たらない。%K%P
そのラブレターは、匿名だった。%K%P
そのラブレターは、匿名だった。%K%P
%LC杏奈
%LC杏奈
「あっ、陽菜ちゃんお帰り。大丈夫？」%K%P
「あっ、陽菜ちゃんお帰り。大丈夫？」%K%P
%LC陽菜
%LC陽菜
「えっ？　なっ、なにが？」%K%P
「えっ？　なっ、なにが？」%K%P
%LC杏奈
%LC杏奈
「だって、休み時間の途端いなくなるし。\n　なかなか帰ってこないし」%K%P
「だって、休み時間の途端いなくなるし。\n　なかなか帰ってこないし」%K%P
%LC杏奈
%LC杏奈
「帰ってきたと思ったら、深刻な顔してるし」%K%P
「帰ってきたと思ったら、深刻な顔してるし」%K%P
%LC陽菜
%LC陽菜
「あっ、うん。大丈夫だよ。\n　朝ご飯、少し食べ過ぎちゃったみたい」%K%P
「あっ、うん。大丈夫だよ。\n　朝ご飯、少し食べ過ぎちゃったみたい」%K%P
%LC陽菜
%LC陽菜
「ごめんね、心配かけて」%K%P
「ごめんね、心配かけて」%K%P
そう伝えて席に座り、念のため机の中を確かめる。%K%P
そう伝えて席に座り、念のため机の中を確かめる。%K%P
……ほっ。どうやら手紙はあの１通だけみたいだ。%K%P
……ほっ。どうやら手紙はあの１通だけみたいだ。%K%P
%LC杏奈
%LC杏奈
「陽菜ちゃん」%K%P
「陽菜ちゃん」%K%P
%LC陽菜
%LC陽菜
「なっ、なに？」%K%P
「なっ、なに？」%K%P
%LC杏奈
%LC杏奈
「補佐代理とかあるし、色々大変だと思うけど。\n　なにかあったら、お隣さんを頼ってね」%K%P
「補佐代理とかあるし、色々大変だと思うけど。\n　なにかあったら、お隣さんを頼ってね」%K%P
%LC杏奈
%LC杏奈
「この前のコーチのお礼もしたいし。\n　私、なんでもしちゃうから」%K%P
「この前のコーチのお礼もしたいし。\n　私、なんでもしちゃうから」%K%P
%LC陽菜
%LC陽菜
「ありがとう、杏奈ちゃん」%K%P
「ありがとう、杏奈ちゃん」%K%P
お礼を告げたあと、出掛かった言葉を飲み込む。%K%P
お礼を告げたあと、出掛かった言葉を飲み込む。%K%P
匿名のラブレターを貰っちゃったんだけど、\nどうしたらいいと思う？%K%P
匿名のラブレターを貰っちゃったんだけど、\nどうしたらいいと思う？%K%P
なんて、聞けないよね、さすがに。%K%P
なんて、聞けないよね、さすがに。%K%P
その日の昼食は、食堂を避けて、\n久しぶりに中庭へとやってきた。%K%P
その日の昼食は、食堂を避けて、\n久しぶりに中庭へとやってきた。%K%P
――この中に、あの手紙を書いた子がいるかも。%K%P
――この中に、あの手紙を書いた子がいるかも。%K%P
食堂でご飯を食べる女の子たちを見ていたら、\nそんなふうに思えて、気恥ずかしくなったのだ。%K%P
食堂でご飯を食べる女の子たちを見ていたら、\nそんなふうに思えて、気恥ずかしくなったのだ。%K%P
%LC陽菜
%LC陽菜
「はぁ……」%K%P
「はぁ……」%K%P
サンドイッチの包装を剥きながら、\nあらためて、ラブレターのことを考える。%K%P
サンドイッチの包装を剥きながら、\nあらためて、ラブレターのことを考える。%K%P
ただ好意を伝えてきただけの手紙だったら、\nここまで思い悩むこともなかったんだけど――、%K%P
ただ好意を伝えてきただけの手紙だったら、\nここまで思い悩むこともなかったんだけど――、%K%P
手紙の最後には、日時と場所を指定して、\n待っていますという一文が添えられていた。%K%P
手紙の最後には、日時と場所を指定して、\n待っていますという一文が添えられていた。%K%P
日時は、明日の放課後。\n場所は、ノーブル側校舎の空き教室。%K%P
日時は、明日の放課後。\n場所は、ノーブル側校舎の空き教室。%K%P
普通なら甘酸っぱい展開を想像するんだろうけど、\nオレの場合、どうしても別の可能性を考えてしまう。%K%P
普通なら甘酸っぱい展開を想像するんだろうけど、\nオレの場合、どうしても別の可能性を考えてしまう。%K%P
例えば、卯花陽菜は女装かもしれないと疑いをもち、\nそれを確かめようとしている子がいる、とか。%K%P
例えば、卯花陽菜は女装かもしれないと疑いをもち、\nそれを確かめようとしている子がいる、とか。%K%P
知らないうちに隠し撮りされた写真があって、\nそれを拡散されたくなければ……的な展開とか。%K%P
知らないうちに隠し撮りされた写真があって、\nそれを拡散されたくなければ……的な展開とか。%K%P
『告白』ではなく『告発』というパターン。%K%P
『告白』ではなく『告発』というパターン。%K%P
そういう可能性も、ゼロじゃない。%K%P
そういう可能性も、ゼロじゃない。%K%P
%LC睦月
%LC睦月
「陽菜さん、ごきげんよう」%K%P
「陽菜さん、ごきげんよう」%K%P
%LC陽菜
%LC陽菜
「ひんっ？！」%K%P
「ひんっ？！」%K%P
%LC陽菜
%LC陽菜
「って、なんだ……。睦月さん」%K%P
「って、なんだ……。睦月さん」%K%P
%LC睦月
%LC睦月
「すみません。\n　驚かせてしまったみたいで」%K%P
「すみません。\n　驚かせてしまったみたいで」%K%P
%LC睦月
%LC睦月
「よかったらお昼、\n　ご一緒してもよろしいですか？」%K%P
「よかったらお昼、\n　ご一緒してもよろしいですか？」%K%P
%LC陽菜
%LC陽菜
「もちろん。どうぞ」%K%P
「もちろん。どうぞ」%K%P
%LC睦月
%LC睦月
「ありがとうございます」%K%P
「ありがとうございます」%K%P
少し横にズレて隣を勧めると、\nつーちゃんはオレと並んでベンチに座った。%K%P
少し横にズレて隣を勧めると、\nつーちゃんはオレと並んでベンチに座った。%K%P
%LC睦月
%LC睦月
「神妙な顔をされてましたけれど、\n　なにかお悩みごとですか？」%K%P
「神妙な顔をされてましたけれど、\n　なにかお悩みごとですか？」%K%P
%LC陽菜
%LC陽菜
「あっ……うん。ちょっと」%K%P
「あっ……うん。ちょっと」%K%P
%LC睦月
%LC睦月
「もしや、にゅえーの件ですか？」%K%P
「もしや、にゅえーの件ですか？」%K%P
%LC陽菜
%LC陽菜
「あはは……。ひょっとしてアレ、\n　センシブルでも流行ってたりする？」%K%P
「あはは……。ひょっとしてアレ、\n　センシブルでも流行ってたりする？」%K%P
%LC睦月
%LC睦月
「１年の子がよく使ってますよ。\n　感心して頷くときとか」%K%P
「１年の子がよく使ってますよ。\n　感心して頷くときとか」%K%P
%LC陽菜
%LC陽菜
「にゅえー……みたいな？」%K%P
「にゅえー……みたいな？」%K%P
%LC睦月
%LC睦月
「ふふっ。まさにそんな感じです」%K%P
「ふふっ。まさにそんな感じです」%K%P
悲鳴、驚愕、落胆、掛け声――、\nいろいろ耳にしたけど、そんなものまであるとは。%K%P
悲鳴、驚愕、落胆、掛け声――、\nいろいろ耳にしたけど、そんなものまであるとは。%K%P
%LC女学生
%LC女学生
「あのっ、睦月様っ！\n　お食事中のところすみませんっ」%K%P
「あのっ、睦月様っ！\n　お食事中のところすみませんっ」%K%P
%LC女学生
%LC女学生
「これ、睦月様を想って、したためました。\n　受け取っていただけますか？」%K%P
「これ、睦月様を想って、したためました。\n　受け取っていただけますか？」%K%P
%LC睦月
%LC睦月
「ええ、もちろん。\n　ありがとうございます」%K%P
「ええ、もちろん。\n　ありがとうございます」%K%P
%LC女学生
%LC女学生
「やった、渡しちゃったっ……。\n　では、失礼します。ごきげんようっ」%K%P
「やった、渡しちゃったっ……。\n　では、失礼します。ごきげんようっ」%K%P
いきなり女の子がやってきたと思ったら、\n短いやりとりのあと、手紙を渡して去って行く。%K%P
いきなり女の子がやってきたと思ったら、\n短いやりとりのあと、手紙を渡して去って行く。%K%P
あまりにもタイムリーな出来事すぎて、\n一連の出来事を、ただただ見守ってしまった。%K%P
あまりにもタイムリーな出来事すぎて、\n一連の出来事を、ただただ見守ってしまった。%K%P
%LC陽菜
%LC陽菜
「その手紙って、ひょっとして」%K%P
「その手紙って、ひょっとして」%K%P
%LC睦月
%LC睦月
「はい。おそらく、恋文かと」%K%P
「はい。おそらく、恋文かと」%K%P
%LC陽菜
%LC陽菜
「そっ、そうなんだ……」%K%P
「そっ、そうなんだ……」%K%P
あっさり返されて、\nかえってこっちが動揺してしまう。%K%P
あっさり返されて、\nかえってこっちが動揺してしまう。%K%P
ひょっとして銀蘭学園って、\nこういうことがよくある、とか……？%K%P
ひょっとして銀蘭学園って、\nこういうことがよくある、とか……？%K%P
敬称や挨拶に慣習が残ってるぐらいだし、\n手紙のやりとりが一般的でもおかしくない。%K%P
敬称や挨拶に慣習が残ってるぐらいだし、\n手紙のやりとりが一般的でもおかしくない。%K%P
だとしたら、オレが貰った手紙も、\n特別なことじゃないのかも――、%K%P
だとしたら、オレが貰った手紙も、\n特別なことじゃないのかも――、%K%P
%LC陽菜
%LC陽菜
「ねえ、銀蘭ってそういう風習があるの？\n　好きな相手に手紙を渡す、的な」%K%P
「ねえ、銀蘭ってそういう風習があるの？\n　好きな相手に手紙を渡す、的な」%K%P
%LC睦月
%LC睦月
「そういうことはないと思います。\n　少なくとも、私は聞いたことがありません」%K%P
「そういうことはないと思います。\n　少なくとも、私は聞いたことがありません」%K%P
%LC睦月
%LC睦月
「たまたま私が、\n　こういった手紙をいただく機会が多いだけで」%K%P
「たまたま私が、\n　こういった手紙をいただく機会が多いだけで」%K%P
%LC陽菜
%LC陽菜
「多いんだ……」%K%P
「多いんだ……」%K%P
一縷の望みだった慣習の可能性、撃沈。%K%P
一縷の望みだった慣習の可能性、撃沈。%K%P
とはいえ照れずに言い切っちゃうぐらいだから、\nつーちゃん、本当に貰う機会が多いんだろう。%K%P
とはいえ照れずに言い切っちゃうぐらいだから、\nつーちゃん、本当に貰う機会が多いんだろう。%K%P
ある意味、いまのオレにとっては先達も同じ――、%K%P
ある意味、いまのオレにとっては先達も同じ――、%K%P
%LC陽菜
%LC陽菜
「その、不躾な質問だけど……。\n　そういう手紙って、貰った後はどうするの？」%K%P
「その、不躾な質問だけど……。\n　そういう手紙って、貰った後はどうするの？」%K%P
%LC睦月
%LC睦月
「もちろん、読みます。\n　そのあとは内容次第ですが」%K%P
「もちろん、読みます。\n　そのあとは内容次第ですが」%K%P
%LC睦月
%LC睦月
「好意を伝えるだけの手紙であれば、\n　お礼の手紙を返します」%K%P
「好意を伝えるだけの手紙であれば、\n　お礼の手紙を返します」%K%P
%LC睦月
%LC睦月
「ですが、交際を希望されている場合は、\n　お断りの手紙を書きます」%K%P
「ですが、交際を希望されている場合は、\n　お断りの手紙を書きます」%K%P
%LC睦月
%LC睦月
「私は、誰ともお付き合いする気はないので」%K%P
「私は、誰ともお付き合いする気はないので」%K%P
%LC陽菜
%LC陽菜
「誰ともって、誰とも？」%K%P
「誰ともって、誰とも？」%K%P
%LC睦月
%LC睦月
「ええ、誰とも」%K%P
「ええ、誰とも」%K%P
変な聞き方になってしまったけれど、\nそれでも、つーちゃんはハッキリと頷く。%K%P
変な聞き方になってしまったけれど、\nそれでも、つーちゃんはハッキリと頷く。%K%P
ようは、女の子同士だから断るのではなく、\n交際自体するつもりがない、ってことだ。%K%P
ようは、女の子同士だから断るのではなく、\n交際自体するつもりがない、ってことだ。%K%P
%LC睦月
%LC睦月
「誤解がないように言っておくと、\n　告白をされること自体は嬉しいんです」%K%P
「誤解がないように言っておくと、\n　告白をされること自体は嬉しいんです」%K%P
%LC睦月
%LC睦月
「それは、私には真似することの出来ない、\n　尊い行為だと思っていますから」%K%P
「それは、私には真似することの出来ない、\n　尊い行為だと思っていますから」%K%P
%LC睦月
%LC睦月
「だから、返事を書くんです。\n　人を好きになることを、嫌にならないように」%K%P
「だから、返事を書くんです。\n　人を好きになることを、嫌にならないように」%K%P
そう呟いたつーちゃんは、\n受け取った手紙を、大切そうにしまって。%K%P
そう呟いたつーちゃんは、\n受け取った手紙を、大切そうにしまって。%K%P
不意に、思いがけないことを言った。%K%P
不意に、思いがけないことを言った。%K%P
%LC睦月
%LC睦月
「私がまだ小さかった頃。同い年の男の子から、\n　ある日、急に告白されたことがあるんです」%K%P
「私がまだ小さかった頃。同い年の男の子から、\n　ある日、急に告白されたことがあるんです」%K%P
%LC睦月
%LC睦月
「あの頃の私は、いま以上に子供で……。\n　いきなりの告白に、ただただ驚いてしまって」%K%P
「あの頃の私は、いま以上に子供で……。\n　いきなりの告白に、ただただ驚いてしまって」%K%P
%LC睦月
%LC睦月
「それで、その男の子に思わず、\n　ひどいことを言ってしまったんです」%K%P
「それで、その男の子に思わず、\n　ひどいことを言ってしまったんです」%K%P
%LC睦月
%LC睦月
「事の重大さに気付いたときには、\n　その男の子とはもう、会えなくなっていて」%K%P
「事の重大さに気付いたときには、\n　その男の子とはもう、会えなくなっていて」%K%P
%LC睦月
%LC睦月
「だから、決めたんです」%K%P
「だから、決めたんです」%K%P
%LC睦月
%LC睦月
「たとえ応えられない好意であっても、\n　けっして蔑ろにはしないと」%K%P
「たとえ応えられない好意であっても、\n　けっして蔑ろにはしないと」%K%P
%LC睦月
%LC睦月
「好きという想いを、壊さないために」%K%P
「好きという想いを、壊さないために」%K%P
穏やかに……でも、どこか悔いるように、\n視線を伏せたまま呟く。%K%P
穏やかに……でも、どこか悔いるように、\n視線を伏せたまま呟く。%K%P
まさかつーちゃん、オレの正体に気付いて――、%K%P
まさかつーちゃん、オレの正体に気付いて――、%K%P
%LC陽菜
%LC陽菜
「……どうして、そんな話を、私に？」%K%P
「……どうして、そんな話を、私に？」%K%P
%LC睦月
%LC睦月
「それは……」%K%P
「それは……」%K%P
%LC睦月
%LC睦月
「……どうしてでしょう。\n　自分でも、よくわかりません」%K%P
「……どうしてでしょう。\n　自分でも、よくわかりません」%K%P
%LC睦月
%LC睦月
「もしかすると、その男の子と陽菜さんが、\n　どことなく似ているからかも――」%K%P
「もしかすると、その男の子と陽菜さんが、\n　どことなく似ているからかも――」%K%P
%LC睦月
%LC睦月
「って、ごめんなさい。\n　こんなことを言われても困りますよね」%K%P
「って、ごめんなさい。\n　こんなことを言われても困りますよね」%K%P
%LC睦月
%LC睦月
「男の子に似ている、だなんて……。\n　陽菜さんは、とっても可愛い女の子なのに」%K%P
「男の子に似ている、だなんて……。\n　陽菜さんは、とっても可愛い女の子なのに」%K%P
そう呟き、苦笑するつーちゃん。%K%P
そう呟き、苦笑するつーちゃん。%K%P
似ているって言われたときは、\n正直、かなりドキっとしたけれど。%K%P
似ているって言われたときは、\n正直、かなりドキっとしたけれど。%K%P
でも、続く言葉と態度で、つーちゃんは\nオレの正体に気付いていないと確信した。%K%P
でも、続く言葉と態度で、つーちゃんは\nオレの正体に気付いていないと確信した。%K%P
もし彼女がオレの正体に気付いているなら、\n今の話の流れで、オレを可愛いだなんて言わない。%K%P
もし彼女がオレの正体に気付いているなら、\n今の話の流れで、オレを可愛いだなんて言わない。%K%P
その言葉で傷つけたと思っている相手に対して、\n可愛いだなんて、言えるはずがない。%K%P
その言葉で傷つけたと思っている相手に対して、\n可愛いだなんて、言えるはずがない。%K%P
%LC陽菜
%LC陽菜
「その男の子との間になにがあったのか、\n　私には、わからないけど……」%K%P
「その男の子との間になにがあったのか、\n　私には、わからないけど……」%K%P
%LC陽菜
%LC陽菜
「でも、睦月さんが思っているほど、\n　相手の子はショックを受けてないかもだよ」%K%P
「でも、睦月さんが思っているほど、\n　相手の子はショックを受けてないかもだよ」%K%P
%LC陽菜
%LC陽菜
「むしろ、それが切っ掛けになって、\n　強く逞しく、元気に暮らしてるかも」%K%P
「むしろ、それが切っ掛けになって、\n　強く逞しく、元気に暮らしてるかも」%K%P
%LC睦月
%LC睦月
「どうして、そう思うんですか？」%K%P
「どうして、そう思うんですか？」%K%P
%LC陽菜
%LC陽菜
「その男の子と私は、\n　どことなく似てるんでしょ？」%K%P
「その男の子と私は、\n　どことなく似てるんでしょ？」%K%P
%LC陽菜
%LC陽菜
「なら、そういうこともあるんじゃないかなって」%K%P
「なら、そういうこともあるんじゃないかなって」%K%P
%LC睦月
%LC睦月
「陽菜さん……」%K%P
「陽菜さん……」%K%P
正体を打ち明けるわけにはいかない。%K%P
正体を打ち明けるわけにはいかない。%K%P
けど、少しでも空木日向の想いを伝えたくて。%K%P
けど、少しでも空木日向の想いを伝えたくて。%K%P
誤魔化しながら伝えた本音に、\n彼女は肩の力を抜くようにして微笑んだ。%K%P
誤魔化しながら伝えた本音に、\n彼女は肩の力を抜くようにして微笑んだ。%K%P
――そうして、放課後。%K%P
――そうして、放課後。%K%P
%LC陽菜
%LC陽菜
「……うん。明日、ちゃんと会おう」%K%P
「……うん。明日、ちゃんと会おう」%K%P
あらためてラブレターを読み返したあと、\n声に出すことで、しっかりと決意を固める。%K%P
あらためてラブレターを読み返したあと、\n声に出すことで、しっかりと決意を固める。%K%P
女装がバレている可能性があるにせよ、\nともかく、会ってみないと何も始まらない。%K%P
女装がバレている可能性があるにせよ、\nともかく、会ってみないと何も始まらない。%K%P
そんなふうに考えをまとめることが出来たのも、\n昼休み、つーちゃんと話せたからだ。%K%P
そんなふうに考えをまとめることが出来たのも、\n昼休み、つーちゃんと話せたからだ。%K%P
自分も彼女のように、\n相手の気持ちにしっかりと応えようって。%K%P
自分も彼女のように、\n相手の気持ちにしっかりと応えようって。%K%P
%LC梨理
%LC梨理
「あれ、センセ」%K%P
「あれ、センセ」%K%P
ノックなくドアが開いたので、\n部員の誰かだと思ったら梨理ちゃんだった。%K%P
ノックなくドアが開いたので、\n部員の誰かだと思ったら梨理ちゃんだった。%K%P
%LC梨理
%LC梨理
「センセ、おひとりですか？」%K%P
「センセ、おひとりですか？」%K%P
%LC陽菜
%LC陽菜
「うん。ごきげんよう、梨理ちゃん。\n　乙女部になにかご用？」%K%P
「うん。ごきげんよう、梨理ちゃん。\n　乙女部になにかご用？」%K%P
%LC梨理
%LC梨理
「用がないと来ちゃダメなんです？」%K%P
「用がないと来ちゃダメなんです？」%K%P
%LC陽菜
%LC陽菜
「そんなことは……っと、ちょっと待ってね。\n　いまお茶とか用意するから」%K%P
「そんなことは……っと、ちょっと待ってね。\n　いまお茶とか用意するから」%K%P
いざってとき来賓を歓待できるように、\n美実様からお茶とお菓子の場所は教わってる。%K%P
いざってとき来賓を歓待できるように、\n美実様からお茶とお菓子の場所は教わってる。%K%P
%LC梨理
%LC梨理
「近くを通ったついでに覗きに来ただけなので。\n　おかまいなく」%K%P
「近くを通ったついでに覗きに来ただけなので。\n　おかまいなく」%K%P
%LC陽菜
%LC陽菜
「そう言わずに。仮入部だけど部員だし、\n　お客様のおもてなしぐらいは――」%K%P
「そう言わずに。仮入部だけど部員だし、\n　お客様のおもてなしぐらいは――」%K%P
%LC梨理
%LC梨理
「私もここの部員ですけど」%K%P
「私もここの部員ですけど」%K%P
%LC陽菜
%LC陽菜
「えっ……？　そうなの？」%K%P
「えっ……？　そうなの？」%K%P
%LC梨理
%LC梨理
「入学してすぐ、部員が足りないって\n　お姉ちゃんが泣いて頼むので、仕方なく」%K%P
「入学してすぐ、部員が足りないって\n　お姉ちゃんが泣いて頼むので、仕方なく」%K%P
そういえば乙女部の部員は４人だって、\n杏奈ちゃんが最初に言っていた。%K%P
そういえば乙女部の部員は４人だって、\n杏奈ちゃんが最初に言っていた。%K%P
まだ会っていなかった４人目って、\n実は梨理ちゃんだったのか。%K%P
まだ会っていなかった４人目って、\n実は梨理ちゃんだったのか。%K%P
%LC梨理
%LC梨理
「で？　センセこそ、\n　ひとりでナニしてたんです？」%K%P
「で？　センセこそ、\n　ひとりでナニしてたんです？」%K%P
%LC陽菜
%LC陽菜
「とくには、なにも……。\n　しいて言うなら考え事だけど」%K%P
「とくには、なにも……。\n　しいて言うなら考え事だけど」%K%P
%LC梨理
%LC梨理
「つまりサボタージュと」%K%P
「つまりサボタージュと」%K%P
%LC陽菜
%LC陽菜
「なんでそうなるの」%K%P
「なんでそうなるの」%K%P
%LC梨理
%LC梨理
「センセって放課後は大抵トレーニングルームに\n　居るようなイメージなので」%K%P
「センセって放課後は大抵トレーニングルームに\n　居るようなイメージなので」%K%P
%LC梨理
%LC梨理
「暇なら今からでも行ってきたらどうです？\n　センセなら引く手{数多:あまた}でしょうし」%K%P
「暇なら今からでも行ってきたらどうです？\n　センセなら引く手{数多:あまた}でしょうし」%K%P
%LC陽菜
%LC陽菜
「それなら喜んで行くんだけど。\n　あいにく、今はそうでもないんだ」%K%P
「それなら喜んで行くんだけど。\n　あいにく、今はそうでもないんだ」%K%P
%LC陽菜
%LC陽菜
「{騎士道:シュバルリィ}の実技試験が終わって、\n　みんなの{舞闘:カデンツァ}熱も落ち着いたし――」%K%P
「{騎士道:シュバルリィ}の実技試験が終わって、\n　みんなの{舞闘:カデンツァ}熱も落ち着いたし――」%K%P
%LC陽菜
%LC陽菜
「もうじき銀蘭祭でしょ？\n　いまはみんな、そっちのほうがメインみたい」%K%P
「もうじき銀蘭祭でしょ？\n　いまはみんな、そっちのほうがメインみたい」%K%P
指南役である姉さんも、今週いっぱいは\nトレーニングルームに顔を出さないそうだ。%K%P
指南役である姉さんも、今週いっぱいは\nトレーニングルームに顔を出さないそうだ。%K%P
実際、ここにくる前に覗いてきたけど、\nトレーニングルームは開店休業状態だった。%K%P
実際、ここにくる前に覗いてきたけど、\nトレーニングルームは開店休業状態だった。%K%P
ちょっと変則的ではあるけど、\nこれもある意味、試験休みかもしれない。%K%P
ちょっと変則的ではあるけど、\nこれもある意味、試験休みかもしれない。%K%P
%LC梨理
%LC梨理
「そんなことになってたんですね」%K%P
「そんなことになってたんですね」%K%P
%LC梨理
%LC梨理
「私、放課後の事情には明るくないので。\n　いつも朝に練習してますし」%K%P
「私、放課後の事情には明るくないので。\n　いつも朝に練習してますし」%K%P
%LC陽菜
%LC陽菜
「いつもってことは、今朝も？」%K%P
「いつもってことは、今朝も？」%K%P
%LC梨理
%LC梨理
「習慣ですから」%K%P
「習慣ですから」%K%P
%LC陽菜
%LC陽菜
「本当に熱心だね」%K%P
「本当に熱心だね」%K%P
練習でも授業でも、梨理ちゃんはいつも真摯に\n{舞闘:カデンツァ}と向き合っている。%K%P
練習でも授業でも、梨理ちゃんはいつも真摯に\n{舞闘:カデンツァ}と向き合っている。%K%P
それこそ、少し心配になってしまうぐらいに。%K%P
それこそ、少し心配になってしまうぐらいに。%K%P
%LC梨理
%LC梨理
「このぐらい、普通だと思いますけど」%K%P
「このぐらい、普通だと思いますけど」%K%P
%LC梨理
%LC梨理
「{舞闘:カデンツァ}は授業の一環だし。\n　ノーブルって、そういう学科なわけで」%K%P
「{舞闘:カデンツァ}は授業の一環だし。\n　ノーブルって、そういう学科なわけで」%K%P
%LC陽菜
%LC陽菜
「それはそうなんだけど」%K%P
「それはそうなんだけど」%K%P
{舞闘:カデンツァ}が絡むとストイックさを感じさせる子だけど、\n努力するって感覚自体は希薄なのかもしれない。%K%P
{舞闘:カデンツァ}が絡むとストイックさを感じさせる子だけど、\n努力するって感覚自体は希薄なのかもしれない。%K%P
姉さんの道場の門下生や留学時代の友人にも、\nそういう人はいた。%K%P
姉さんの道場の門下生や留学時代の友人にも、\nそういう人はいた。%K%P
強くなるためなら努力は厭わない、ではなく、\nそもそも努力という概念がない、みたいな。%K%P
強くなるためなら努力は厭わない、ではなく、\nそもそも努力という概念がない、みたいな。%K%P
他の人が苦にするようなトレーニングでも、\nごく当たり前にこなしてしまう――。%K%P
他の人が苦にするようなトレーニングでも、\nごく当たり前にこなしてしまう――。%K%P
そういう人は、大抵強い。%K%P
そういう人は、大抵強い。%K%P
%LC梨理
%LC梨理
「ところで、ずっと気になってたんですけど」%K%P
「ところで、ずっと気になってたんですけど」%K%P
%LC梨理
%LC梨理
「その手紙、なんですか？」%K%P
「その手紙、なんですか？」%K%P
%LC陽菜
%LC陽菜
「あ――」%K%P
「あ――」%K%P
梨理ちゃんが急に来たってこともあって、\n例の手紙、しまわずに出しっぱなしだった。%K%P
梨理ちゃんが急に来たってこともあって、\n例の手紙、しまわずに出しっぱなしだった。%K%P
幸い、封筒の表は下にしていたから、\nオレ宛てのラブレターだとはバレてないはず――、%K%P
幸い、封筒の表は下にしていたから、\nオレ宛てのラブレターだとはバレてないはず――、%K%P
%LC梨理
%LC梨理
「封筒の感じからして、ラブレターですか？」%K%P
「封筒の感じからして、ラブレターですか？」%K%P
%LC陽菜
%LC陽菜
「えっ、と……」%K%P
「えっ、と……」%K%P
まさかの的中に内心焦る。%K%P
まさかの的中に内心焦る。%K%P
どうしよう。違うって言うのは簡単だけど、\nそれは手紙の差し出し人に申し訳ないし――、%K%P
どうしよう。違うって言うのは簡単だけど、\nそれは手紙の差し出し人に申し訳ないし――、%K%P
って、待てよ？　否定する必要、なくない……？%K%P
って、待てよ？　否定する必要、なくない……？%K%P
女装のことがあって、なにかバレそうになると、\nつい誤魔化さなきゃって思うようになっていたけど。%K%P
女装のことがあって、なにかバレそうになると、\nつい誤魔化さなきゃって思うようになっていたけど。%K%P
ラブレターを貰ったこと自体は、\n別に隠す必要はないはずだ。%K%P
ラブレターを貰ったこと自体は、\n別に隠す必要はないはずだ。%K%P
つーちゃんだって、堂々としていたし。%K%P
つーちゃんだって、堂々としていたし。%K%P
%LC陽菜
%LC陽菜
「……まあ、うん。……ラブレター、だけど」%K%P
「……まあ、うん。……ラブレター、だけど」%K%P
%LC梨理
%LC梨理
「ふっ、ふぅーん」%K%P
「ふっ、ふぅーん」%K%P
%LC陽菜
%LC陽菜
「ふぅーんって……えっ、それだけ？」%K%P
「ふぅーんって……えっ、それだけ？」%K%P
%LC梨理
%LC梨理
「べつに、それだけですけど」%K%P
「べつに、それだけですけど」%K%P
なんて言って、梨理ちゃんは視線を外す。%K%P
なんて言って、梨理ちゃんは視線を外す。%K%P
彼女のことだから、囃し立てたりだとか、\nオレをからかってくると思っていたんだけど。%K%P
彼女のことだから、囃し立てたりだとか、\nオレをからかってくると思っていたんだけど。%K%P
%LC梨理
%LC梨理
「……」%K%P
「……」%K%P
%LC陽菜
%LC陽菜
「……」%K%P
「……」%K%P
うぅ、なんか急に、気まずい……。%K%P
うぅ、なんか急に、気まずい……。%K%P
っていうか、さっきから梨理ちゃん、\n何度もちらちら手紙を横目で見てるし。%K%P
っていうか、さっきから梨理ちゃん、\n何度もちらちら手紙を横目で見てるし。%K%P
ひょっとして、興味あるのかな……？%K%P
ひょっとして、興味あるのかな……？%K%P
女の子は色恋沙汰が好きっていうし、\nまったく無関心ってことはないだろうし。%K%P
女の子は色恋沙汰が好きっていうし、\nまったく無関心ってことはないだろうし。%K%P
……よし。この沈黙が続くぐらいなら――、%K%P
……よし。この沈黙が続くぐらいなら――、%K%P
%LC陽菜
%LC陽菜
「梨理ちゃんは、ラブレター貰ったことある？」%K%P
「梨理ちゃんは、ラブレター貰ったことある？」%K%P
%LC梨理
%LC梨理
「は……？　なんです、急に」%K%P
「は……？　なんです、急に」%K%P
%LC陽菜
%LC陽菜
「ちょっと気になって」%K%P
「ちょっと気になって」%K%P
%LC梨理
%LC梨理
「それは……」%K%P
「それは……」%K%P
%LC梨理
%LC梨理
%XS16「……ないです、けど……」%XE%K%P
%XS16「……ないです、けど……」%XE%K%P
%LC陽菜
%LC陽菜
「えっ？　なに？」%K%P
「えっ？　なに？」%K%P
%LC梨理
%LC梨理
%XS21「ないって言ったんですっ」%XE%K%P
%XS21「ないって言ったんですっ」%XE%K%P
%LC梨理
%LC梨理
「そもそも私、ラブレター貰うような、\n　そういうタイプじゃないですから」%K%P
「そもそも私、ラブレター貰うような、\n　そういうタイプじゃないですから」%K%P
%LC梨理
%LC梨理
「まあ、お姉ちゃんはそういうの、\n　けっこう貰ってるみたいですけど……」%K%P
「まあ、お姉ちゃんはそういうの、\n　けっこう貰ってるみたいですけど……」%K%P
%LC陽菜
%LC陽菜
「あー……。確かに……」%K%P
「あー……。確かに……」%K%P
実際、この前のテスト{舞闘:カデンツァ}のときも、\nたくさんの声援を貰っていたっけ。%K%P
実際、この前のテスト{舞闘:カデンツァ}のときも、\nたくさんの声援を貰っていたっけ。%K%P
印象としては、依夜様は下級生にファンが多く、\n美実様は同級生に支持されている感じだ。%K%P
印象としては、依夜様は下級生にファンが多く、\n美実様は同級生に支持されている感じだ。%K%P
となると――、%K%P
となると――、%K%P
%LC陽菜
%LC陽菜
「梨理ちゃん、上級生に人気ありそうだよね」%K%P
「梨理ちゃん、上級生に人気ありそうだよね」%K%P
実際、庇護したくなるというか、\n母性本能を刺激するタイプではあると思う。%K%P
実際、庇護したくなるというか、\n母性本能を刺激するタイプではあると思う。%K%P
しっかりしているように見えて、\nちょっと危なっかしい、というか。%K%P
しっかりしているように見えて、\nちょっと危なっかしい、というか。%K%P
もっというと、放っておけない、みたいな。%K%P
もっというと、放っておけない、みたいな。%K%P
%LC梨理
%LC梨理
「上級生からどうこう言われたことないです」%K%P
「上級生からどうこう言われたことないです」%K%P
%LC陽菜
%LC陽菜
「けど、この前の日曜の練習で、\n　クレール様にすっごく面倒見られてなかった？」%K%P
「けど、この前の日曜の練習で、\n　クレール様にすっごく面倒見られてなかった？」%K%P
%LC梨理
%LC梨理
「あれはクレール様がおかしいだけです」%K%P
「あれはクレール様がおかしいだけです」%K%P
%LC陽菜
%LC陽菜
「おかしいって」%K%P
「おかしいって」%K%P
%LC梨理
%LC梨理
「あの人、距離感バグってるんで。\n　すぐにハグとかしてくるし」%K%P
「あの人、距離感バグってるんで。\n　すぐにハグとかしてくるし」%K%P
%LC陽菜
%LC陽菜
「それに関しては、お国柄なところもあるし」%K%P
「それに関しては、お国柄なところもあるし」%K%P
フランスでは挨拶としてのハグは普通で、\n親しい間柄であれば、ビズっていうキスもする。%K%P
フランスでは挨拶としてのハグは普通で、\n親しい間柄であれば、ビズっていうキスもする。%K%P
親愛をふれあいによって表現することが、\nごく当たり前な環境なのだ。%K%P
親愛をふれあいによって表現することが、\nごく当たり前な環境なのだ。%K%P
とはいえ、本当に嫌がる相手にはしないのが、\nハグやビズのマナーでもある。%K%P
とはいえ、本当に嫌がる相手にはしないのが、\nハグやビズのマナーでもある。%K%P
クレール様が梨理ちゃんに抱きつくのは、\n嫌がられていないって確信しているからだろう。%K%P
クレール様が梨理ちゃんに抱きつくのは、\n嫌がられていないって確信しているからだろう。%K%P
実際、梨理ちゃんも嫌だとは言っていないし。%K%P
実際、梨理ちゃんも嫌だとは言っていないし。%K%P
%LC梨理
%LC梨理
「そもそも上級生うんぬんっていうなら、\n　センセのほうがモテると思いますけど」%K%P
「そもそも上級生うんぬんっていうなら、\n　センセのほうがモテると思いますけど」%K%P
%LC陽菜
%LC陽菜
「私が？」%K%P
「私が？」%K%P
%LC梨理
%LC梨理
「可愛いし」%K%P
「可愛いし」%K%P
%LC陽菜
%LC陽菜
「かっ、可愛い……？」%K%P
「かっ、可愛い……？」%K%P
%LC梨理
%LC梨理
「はい、普通に」%K%P
「はい、普通に」%K%P
からかった感じで言うのではなく、\nあっさりと言われて、なおショック。%K%P
からかった感じで言うのではなく、\nあっさりと言われて、なおショック。%K%P
確かに、ニナさんや上級生から、\n可愛いって言われることは、ままあるけど。%K%P
確かに、ニナさんや上級生から、\n可愛いって言われることは、ままあるけど。%K%P
年下の女の子から、\nこんなに真顔で、可愛いって……。%K%P
年下の女の子から、\nこんなに真顔で、可愛いって……。%K%P
%LC梨理
%LC梨理
「ともかく、私はそういうのと無縁なんで」%K%P
「ともかく、私はそういうのと無縁なんで」%K%P
%LC梨理
%LC梨理
「私なんかが可愛いとか、そんなこと……まあ、\n　お姉ちゃんやクレール様は言ってきますけど」%K%P
「私なんかが可愛いとか、そんなこと……まあ、\n　お姉ちゃんやクレール様は言ってきますけど」%K%P
%LC梨理
%LC梨理
「でも、可愛げないって思われることのほうが、\n　圧倒的に多かったはずなんで」%K%P
「でも、可愛げないって思われることのほうが、\n　圧倒的に多かったはずなんで」%K%P
%LC陽菜
%LC陽菜
「そんなことないでしょ。\n　梨理ちゃん、可愛いよ」%K%P
「そんなことないでしょ。\n　梨理ちゃん、可愛いよ」%K%P
%LC梨理
%LC梨理
「な――」%K%P
「な――」%K%P
%LC梨理
%LC梨理
「ぐっ……んもー、\n　センセってばなんです急に」%K%P
「ぐっ……んもー、\n　センセってばなんです急に」%K%P
%LC梨理
%LC梨理
「お世辞とか言ってもなにも――あっ、もしかして\n　ここでサボってたことへの口止め料ですか？」%K%P
「お世辞とか言ってもなにも――あっ、もしかして\n　ここでサボってたことへの口止め料ですか？」%K%P
%LC陽菜
%LC陽菜
「違うから。そういうんじゃなくて、\n　素直に思ったことを言っただけ」%K%P
「違うから。そういうんじゃなくて、\n　素直に思ったことを言っただけ」%K%P
%LC陽菜
%LC陽菜
「梨理ちゃんは可愛いよ」%K%P
「梨理ちゃんは可愛いよ」%K%P
%LC梨理
%LC梨理
「っ……」%K%P
「っ……」%K%P
たぶん、直前に可愛いと言われて、\n言い返したい気持ちがあったんだと思う。%K%P
たぶん、直前に可愛いと言われて、\n言い返したい気持ちがあったんだと思う。%K%P
それに、自分を卑下するのって、好きじゃない。%K%P
それに、自分を卑下するのって、好きじゃない。%K%P
私なんか、とか。自分なんて、とか。%K%P
私なんか、とか。自分なんて、とか。%K%P
そういうことは、あまり言って欲しくなかった。%K%P
そういうことは、あまり言って欲しくなかった。%K%P
%LC梨理
%LC梨理
「はぁ……。センセって、あたおかですね。\n　私が可愛いとか、なに言ってるんだか」%K%P
「はぁ……。センセって、あたおかですね。\n　私が可愛いとか、なに言ってるんだか」%K%P
%LC陽菜
%LC陽菜
「本気で言ったんだけど」%K%P
「本気で言ったんだけど」%K%P
%LC梨理
%LC梨理
「うわ、手遅れ」%K%P
「うわ、手遅れ」%K%P
%LC陽菜
%LC陽菜
「なら、もし私がラブレターを渡したら、\n　梨理ちゃん、どうする？」%K%P
「なら、もし私がラブレターを渡したら、\n　梨理ちゃん、どうする？」%K%P
%LC梨理
%LC梨理
「は……？」%K%P
「は……？」%K%P
%LC陽菜
%LC陽菜
「だから、ラブレター。\n　私があげるって言ったら、どうする？」%K%P
「だから、ラブレター。\n　私があげるって言ったら、どうする？」%K%P
別にラブレターである必要はなかったんだけど、\n手元にあったし、話題の入り口だったし。%K%P
別にラブレターである必要はなかったんだけど、\n手元にあったし、話題の入り口だったし。%K%P
あまりにも梨理ちゃんが意固地になるもんだから、\nつい、こっちも対抗意識が涌いてしまった。%K%P
あまりにも梨理ちゃんが意固地になるもんだから、\nつい、こっちも対抗意識が涌いてしまった。%K%P
%LC梨理
%LC梨理
「もう、さっきから変なことばっかり……」%K%P
「もう、さっきから変なことばっかり……」%K%P
%LC梨理
%LC梨理
「貰ったことある？　って聞いたと思ったら、\n　今度は、あげる、とか言い出して……」%K%P
「貰ったことある？　って聞いたと思ったら、\n　今度は、あげる、とか言い出して……」%K%P
%LC梨理
%LC梨理
「センセ、目的はなんですか？\n　なんでそんなこと聞くんです？」%K%P
「センセ、目的はなんですか？\n　なんでそんなこと聞くんです？」%K%P
%LC陽菜
%LC陽菜
「それは――」%K%P
「それは――」%K%P
%LC陽菜
%LC陽菜
「梨理ちゃんの気持ちが知りたいから、かな」%K%P
「梨理ちゃんの気持ちが知りたいから、かな」%K%P
沈黙が気まずかったっていうのもあるけど、\n梨理ちゃんの気持ち――意見が聞きたかった。%K%P
沈黙が気まずかったっていうのもあるけど、\n梨理ちゃんの気持ち――意見が聞きたかった。%K%P
昼休みにつーちゃんから手紙の話を聞けて、\nおかげで、とても気持ちが前向きになったし。%K%P
昼休みにつーちゃんから手紙の話を聞けて、\nおかげで、とても気持ちが前向きになったし。%K%P
参考までに、他の子はどんな感じだろうって、\nそういう意図があっての質問だった。%K%P
参考までに、他の子はどんな感じだろうって、\nそういう意図があっての質問だった。%K%P
%LC陽菜
%LC陽菜
「ねぇ、教えて？　梨理ちゃんの気持ち」%K%P
「ねぇ、教えて？　梨理ちゃんの気持ち」%K%P
%LC陽菜
%LC陽菜
「私からラブレターを貰ったら、どうする？」%K%P
「私からラブレターを貰ったら、どうする？」%K%P
%LC梨理
%LC梨理
「お、教えてって……そんな、\n　急にそんなこと言われても――」%K%P
「お、教えてって……そんな、\n　急にそんなこと言われても――」%K%P
%LC梨理
%LC梨理
「あっ……まさか、さっきの手紙って、\n　私に渡すために用意してた、とか……？」%K%P
「あっ……まさか、さっきの手紙って、\n　私に渡すために用意してた、とか……？」%K%P
%LC梨理
%LC梨理
「最初から、そのつもりで……？\n　だから、急に変なこと言って……」%K%P
「最初から、そのつもりで……？\n　だから、急に変なこと言って……」%K%P
%LC陽菜
%LC陽菜
「あの、梨理ちゃん……？\n　そのつもりって、どのつもり――」%K%P
「あの、梨理ちゃん……？\n　そのつもりって、どのつもり――」%K%P
%LC梨理
%LC梨理
%XS21「困りますっ！！」%XE%K%P
%XS21「困りますっ！！」%XE%K%P
%LC陽菜
%LC陽菜
「え」%K%P
「え」%K%P
%LC梨理
%LC梨理
「だから困りますっ！\n　そういうの困るんでっ！」%K%P
「だから困りますっ！\n　そういうの困るんでっ！」%K%P
%LC陽菜
%LC陽菜
「そういうのって、ラブレター？」%K%P
「そういうのって、ラブレター？」%K%P
%LC梨理
%LC梨理
「ですっ！！」%K%P
「ですっ！！」%K%P
%LC梨理
%LC梨理
「センセからの告白、とか……。\n　それはさすがに、ちょっと……」%K%P
「センセからの告白、とか……。\n　それはさすがに、ちょっと……」%K%P
%LC梨理
%LC梨理
「だいたい教師と生徒な上に女同士って\n　禁断要素ぶっこみすぎじゃないですか」%K%P
「だいたい教師と生徒な上に女同士って\n　禁断要素ぶっこみすぎじゃないですか」%K%P
%LC梨理
%LC梨理
「困りますホント。\n　そういうのホント困るんで」%K%P
「困りますホント。\n　そういうのホント困るんで」%K%P
%LC陽菜
%LC陽菜
「ちょっ……ま、待って待って。\n　これはあくまで例え話っていうか」%K%P
「ちょっ……ま、待って待って。\n　これはあくまで例え話っていうか」%K%P
%LC梨理
%LC梨理
「すみません失礼しますごきげんようっ！！」%K%P
「すみません失礼しますごきげんようっ！！」%K%P
%LC陽菜
%LC陽菜
「ホントに待って！？」%K%P
「ホントに待って！？」%K%P
呼び止めようと思ったときには、\n部室から梨理ちゃんの姿が消えていた。%K%P
呼び止めようと思ったときには、\n部室から梨理ちゃんの姿が消えていた。%K%P
さすがは学園内屈指の瞬発力――なんて、\nそんなふうに感心してしまうぐらい速かった。%K%P
さすがは学園内屈指の瞬発力――なんて、\nそんなふうに感心してしまうぐらい速かった。%K%P
けど、どうしよう……。\nあきらかに勘違いさせちゃったっぽい。%K%P
けど、どうしよう……。\nあきらかに勘違いさせちゃったっぽい。%K%P
こういう場合は無理に追いかけるより、\n誰かに協力してもらったほうが――、%K%P
こういう場合は無理に追いかけるより、\n誰かに協力してもらったほうが――、%K%P
%LC美実
%LC美実
「よっす、陽菜ちゃん」%K%P
「よっす、陽菜ちゃん」%K%P
%LC陽菜
%LC陽菜
「うわっ」%K%P
「うわっ」%K%P
%LC美実
%LC美実
「うわっ、はないでしょ？\n　人をお化けみたいに」%K%P
「うわっ、はないでしょ？\n　人をお化けみたいに」%K%P
%LC美実
%LC美実
「っていうか、そこはにゅえーじゃないの？」%K%P
「っていうか、そこはにゅえーじゃないの？」%K%P
%LC陽菜
%LC陽菜
「それはもういいですからっ」%K%P
「それはもういいですからっ」%K%P
%LC陽菜
%LC陽菜
「それよりも――」%K%P
「それよりも――」%K%P
%LC美実
%LC美実
「――なるほど。いいよ、諸々了解。\n　家に帰ったら私から梨理に言っとくね」%K%P
「――なるほど。いいよ、諸々了解。\n　家に帰ったら私から梨理に言っとくね」%K%P
部室にやってきた美実様に経緯を話したら、\nあっさり梨理ちゃんとの仲介を引き受けてくれた。%K%P
部室にやってきた美実様に経緯を話したら、\nあっさり梨理ちゃんとの仲介を引き受けてくれた。%K%P
梨理ちゃんに関しては、これで大丈夫だろう。%K%P
梨理ちゃんに関しては、これで大丈夫だろう。%K%P
%LC美実
%LC美実
「けどすごいね。編入して１ヶ月経ってないのに\n　ラブレターもらっちゃうだなんて」%K%P
「けどすごいね。編入して１ヶ月経ってないのに\n　ラブレターもらっちゃうだなんて」%K%P
%LC美実
%LC美実
「で？　陽菜ちゃん、どうするの？」%K%P
「で？　陽菜ちゃん、どうするの？」%K%P
%LC陽菜
%LC陽菜
「告白されたらってことですか？」%K%P
「告白されたらってことですか？」%K%P
%LC美実
%LC美実
「もちろん。明日、会うんでしょ？」%K%P
「もちろん。明日、会うんでしょ？」%K%P
%LC陽菜
%LC陽菜
「そのつもりです」%K%P
「そのつもりです」%K%P
%LC美実
%LC美実
「なら、その場で慌てないように、\n　いろいろ考えておいたほうがいいよ」%K%P
「なら、その場で慌てないように、\n　いろいろ考えておいたほうがいいよ」%K%P
%LC美実
%LC美実
「剣術での返し技とおんなじ。\n　これにはこうっ、って決めとくと迷わないし」%K%P
「剣術での返し技とおんなじ。\n　これにはこうっ、って決めとくと迷わないし」%K%P
%LC陽菜
%LC陽菜
「あ、そっか……。そうですね」%K%P
「あ、そっか……。そうですね」%K%P
言われてみれば、会うことは決めたけど、\nその先については考えてなかった。%K%P
言われてみれば、会うことは決めたけど、\nその先については考えてなかった。%K%P
とりあえず、絶対に揺るぎないこととしては――、%K%P
とりあえず、絶対に揺るぎないこととしては――、%K%P
%LC陽菜
%LC陽菜
「もし告白されたら、お断りします」%K%P
「もし告白されたら、お断りします」%K%P
%LC美実
%LC美実
「相手がすっごい好みの子でも？」%K%P
「相手がすっごい好みの子でも？」%K%P
%LC陽菜
%LC陽菜
「はい」%K%P
「はい」%K%P
%LC美実
%LC美実
「私でも？」%K%P
「私でも？」%K%P
%LC陽菜
%LC陽菜
「それはもう、迷いなく」%K%P
「それはもう、迷いなく」%K%P
%LC美実
%LC美実
「わっ、ひどい」%K%P
「わっ、ひどい」%K%P
なんて言いつつ、くすっと笑う。%K%P
なんて言いつつ、くすっと笑う。%K%P
美実様って不思議とこういう話がしやすいから、\n本当に助かってしまう。%K%P
美実様って不思議とこういう話がしやすいから、\n本当に助かってしまう。%K%P
%LC美実
%LC美実
「でも、ハナっから断るって決めつけて\n　会わなくてもいいんじゃない？」%K%P
「でも、ハナっから断るって決めつけて\n　会わなくてもいいんじゃない？」%K%P
%LC美実
%LC美実
「会ってから考えても遅くないんだし。\n　なんなら、お試しで付き合っても――」%K%P
「会ってから考えても遅くないんだし。\n　なんなら、お試しで付き合っても――」%K%P
%LCクレール
%LCクレール
「ごきげんようっ。\n　二人して、なんのお話？」%K%P
「ごきげんようっ。\n　二人して、なんのお話？」%K%P
で、クレール様にも経緯を説明すると。%K%P
で、クレール様にも経緯を説明すると。%K%P
%LCクレール
%LCクレール
「ふふっ、陽菜ちゃんってばモテモテね」%K%P
「ふふっ、陽菜ちゃんってばモテモテね」%K%P
%LC陽菜
%LC陽菜
「モテモテって……。\n　それはさすがに大げさな気が」%K%P
「モテモテって……。\n　それはさすがに大げさな気が」%K%P
%LCクレール
%LCクレール
「そんなことないの。私のクラスにも、\n　陽菜ちゃんのファンだって子は多いのよ？」%K%P
「そんなことないの。私のクラスにも、\n　陽菜ちゃんのファンだって子は多いのよ？」%K%P
%LC陽菜
%LC陽菜
「センシブルに、ですか？」%K%P
「センシブルに、ですか？」%K%P
%LCクレール
%LCクレール
「学科が違う分、想いが募るみたい。\n　ロミオとジュリエットみたいなものかも」%K%P
「学科が違う分、想いが募るみたい。\n　ロミオとジュリエットみたいなものかも」%K%P
%LCクレール
%LCクレール
「いまセンシブルの校舎に陽菜ちゃんが来たら、\n　大変なことになるんじゃないかしら」%K%P
「いまセンシブルの校舎に陽菜ちゃんが来たら、\n　大変なことになるんじゃないかしら」%K%P
%LCクレール
%LCクレール
「それこそ、マントンのレモン祭りぐらい、\n　わーって人が集まったりしちゃうかも」%K%P
「それこそ、マントンのレモン祭りぐらい、\n　わーって人が集まったりしちゃうかも」%K%P
%LC陽菜
%LC陽菜
「いやいやいや」%K%P
「いやいやいや」%K%P
%LCクレール
%LCクレール
「でも、誰であっても断るってことは――」%K%P
「でも、誰であっても断るってことは――」%K%P
%LCクレール
%LCクレール
「陽菜ちゃん、実は恋人がいるの？」%K%P
「陽菜ちゃん、実は恋人がいるの？」%K%P
%LC陽菜
%LC陽菜
「え？」%K%P
「え？」%K%P
%LCクレール
%LCクレール
「相手が誰であっても断る理由っていったら、\n　そういうことになるんじゃない？」%K%P
「相手が誰であっても断る理由っていったら、\n　そういうことになるんじゃない？」%K%P
%LCクレール
%LCクレール
「もしくは、好きな人――。\n　いま、絶賛片想い中とか」%K%P
「もしくは、好きな人――。\n　いま、絶賛片想い中とか」%K%P
%LC陽菜
%LC陽菜
「ん……」%K%P
「ん……」%K%P
片想い――その言葉で脳裏に浮かんだのは、\n他でもない、つーちゃんの顔だった。%K%P
片想い――その言葉で脳裏に浮かんだのは、\n他でもない、つーちゃんの顔だった。%K%P
けど、その顔はいまの彼女のものではなく、\nかつて一緒に歌っていた、幼いときのもので。%K%P
けど、その顔はいまの彼女のものではなく、\nかつて一緒に歌っていた、幼いときのもので。%K%P
つまり、いまのオレにとって、いまの彼女は、\nそういった感情の対象じゃないってことなんだろう。%K%P
つまり、いまのオレにとって、いまの彼女は、\nそういった感情の対象じゃないってことなんだろう。%K%P
%LC陽菜
%LC陽菜
「……恋人は、いないです。\n　好きな人も、いまは、とくには」%K%P
「……恋人は、いないです。\n　好きな人も、いまは、とくには」%K%P
%LC美実
%LC美実
「まあ、聞きましてクレールさん。\n　いまは、ですって」%K%P
「まあ、聞きましてクレールさん。\n　いまは、ですって」%K%P
%LCクレール
%LCクレール
「ええ、聞きましてよ美実さん。\n　いまは、ですって」%K%P
「ええ、聞きましてよ美実さん。\n　いまは、ですって」%K%P
%LC陽菜
%LC陽菜
「もおーっ、なんなんですか二人してっ」%K%P
「もおーっ、なんなんですか二人してっ」%K%P
%LC杏奈
%LC杏奈
「おつかれさまでーすっ。\n　小腹空いたんで来ちゃいましたー」%K%P
「おつかれさまでーすっ。\n　小腹空いたんで来ちゃいましたー」%K%P
%LC美実
%LC美実
「おっ、いいところに」%K%P
「おっ、いいところに」%K%P
%LCクレール
%LCクレール
「ねえ杏奈ちゃん。\n　ラブレター貰ったら、どうする？」%K%P
「ねえ杏奈ちゃん。\n　ラブレター貰ったら、どうする？」%K%P
%LC杏奈
%LC杏奈
「ふぇ？」%K%P
「ふぇ？」%K%P
――というわけで、説明再三。%K%P
――というわけで、説明再三。%K%P
%LC杏奈
%LC杏奈
「あー、なるほど……。\n　それで今朝、様子がおかしかったんだ？」%K%P
「あー、なるほど……。\n　それで今朝、様子がおかしかったんだ？」%K%P
%LC陽菜
%LC陽菜
「うん。ごめんね、黙ってて」%K%P
「うん。ごめんね、黙ってて」%K%P
%LC杏奈
%LC杏奈
「別に謝らなくても……。\n　陽菜ちゃんの気持ち、わかるし」%K%P
「別に謝らなくても……。\n　陽菜ちゃんの気持ち、わかるし」%K%P
%LC杏奈
%LC杏奈
「私だって、女の子からラブレター貰ったら、\n　どうしようってなっちゃうもん」%K%P
「私だって、女の子からラブレター貰ったら、\n　どうしようってなっちゃうもん」%K%P
%LC杏奈
%LC杏奈
「気持ちは嬉しいけど……。\n　女の子同士は、ね……？」%K%P
「気持ちは嬉しいけど……。\n　女の子同士は、ね……？」%K%P
%LC美実
%LC美実
「おっ、ここにきて新鮮なアンサー」%K%P
「おっ、ここにきて新鮮なアンサー」%K%P
%LC杏奈
%LC杏奈
「えっ……ええっ？\n　美実様、イケちゃうんですか……？」%K%P
「えっ……ええっ？\n　美実様、イケちゃうんですか……？」%K%P
%LC美実
%LC美実
「ぜんぜんイケちゃう」%K%P
「ぜんぜんイケちゃう」%K%P
%LCクレール
%LCクレール
「私も」%K%P
「私も」%K%P
%LC杏奈
%LC杏奈
「え……あ、え、ええっ？\n　いやいや、でもでもでもっ」%K%P
「え……あ、え、ええっ？\n　いやいや、でもでもでもっ」%K%P
%LC杏奈
%LC杏奈
「女の子同士、ですよ……？」%K%P
「女の子同士、ですよ……？」%K%P
%LC美実
%LC美実
「なにか問題でも？」%K%P
「なにか問題でも？」%K%P
%LCクレール
%LCクレール
「恋愛感情には性別も次元も関係ないって、\n　私の知り合いも言っていたし」%K%P
「恋愛感情には性別も次元も関係ないって、\n　私の知り合いも言っていたし」%K%P
%LC美実
%LC美実
「まあ、人によって基準は違うから。\n　どれが普通、みたいな話は意味ないけどね」%K%P
「まあ、人によって基準は違うから。\n　どれが普通、みたいな話は意味ないけどね」%K%P
%LC美実
%LC美実
「しいて言うなら、人を好きになるときって、\n　まあ、いろいろあるわけでしょ？　好みが」%K%P
「しいて言うなら、人を好きになるときって、\n　まあ、いろいろあるわけでしょ？　好みが」%K%P
%LC美実
%LC美実
「顔とか性格とか声とか喋り方とか趣味とか\n　価値観とか笑い方とか食べ物の好き嫌いとか――」%K%P
「顔とか性格とか声とか喋り方とか趣味とか\n　価値観とか笑い方とか食べ物の好き嫌いとか――」%K%P
%LC美実
%LC美実
「私の場合は、そういう好みの中にすら、\n　性別ってフィルターがないだけなんだと思う」%K%P
「私の場合は、そういう好みの中にすら、\n　性別ってフィルターがないだけなんだと思う」%K%P
%LC美実
%LC美実
「もし、すっっっごい好みの子がいたとして。\n　実は女の子でしたーって、後日わかったとして」%K%P
「もし、すっっっごい好みの子がいたとして。\n　実は女の子でしたーって、後日わかったとして」%K%P
%LC美実
%LC美実
「そこで諦められるようなら、私は最初から、\n　その子を好きになったりしないからね」%K%P
「そこで諦められるようなら、私は最初から、\n　その子を好きになったりしないからね」%K%P
%LC杏奈
%LC杏奈
「すごい、強い……」%K%P
「すごい、強い……」%K%P
%LC陽菜
%LC陽菜
「うん……」%K%P
「うん……」%K%P
こういうことをさらっと言えてしまうのも、\n美実様の魅力のひとつに違いない。%K%P
こういうことをさらっと言えてしまうのも、\n美実様の魅力のひとつに違いない。%K%P
%LC杏奈
%LC杏奈
「ねぇ？　ちなみに、陽菜ちゃんは……？」%K%P
「ねぇ？　ちなみに、陽菜ちゃんは……？」%K%P
%LC陽菜
%LC陽菜
「えっ、私？」%K%P
「えっ、私？」%K%P
%LC杏奈
%LC杏奈
「うん。その、参考までに……」%K%P
「うん。その、参考までに……」%K%P
%LC陽菜
%LC陽菜
「私は――」%K%P
「私は――」%K%P
%LC陽菜
%LC陽菜
「……女の子、好き、だけど」%K%P
「……女の子、好き、だけど」%K%P
一瞬の間に、かなり脳みそがフル回転して、\n迷った末に出てきたのは、そんな答え。%K%P
一瞬の間に、かなり脳みそがフル回転して、\n迷った末に出てきたのは、そんな答え。%K%P
もし今、自分が本当に女の子になったとして、\n中身がなにひとつ変わらないのだとしたら。%K%P
もし今、自分が本当に女の子になったとして、\n中身がなにひとつ変わらないのだとしたら。%K%P
オレは女の子になっても、\n女の子を好きになる気がする。%K%P
オレは女の子になっても、\n女の子を好きになる気がする。%K%P
%LC杏奈
%LC杏奈
「そっか……。陽菜ちゃんも、なんだ……」%K%P
「そっか……。陽菜ちゃんも、なんだ……」%K%P
%LC美実
%LC美実
「おっ？　陽菜ちゃん『も』ってことは？」%K%P
「おっ？　陽菜ちゃん『も』ってことは？」%K%P
%LC杏奈
%LC杏奈
「ちっ、ちがいますからっ！\n　今のはそういう『も』じゃなくてっ」%K%P
「ちっ、ちがいますからっ！\n　今のはそういう『も』じゃなくてっ」%K%P
%LCクレール
%LCクレール
「でも杏奈ちゃんって、陽菜ちゃんのこと、\n　すっごく気に掛けてるんでしょう？」%K%P
「でも杏奈ちゃんって、陽菜ちゃんのこと、\n　すっごく気に掛けてるんでしょう？」%K%P
%LC杏奈
%LC杏奈
「え？」%K%P
「え？」%K%P
%LCクレール
%LCクレール
「トイレから中々戻ってこないな？　とか。\n　戻ってきたら様子がおかしいぞ？　とか」%K%P
「トイレから中々戻ってこないな？　とか。\n　戻ってきたら様子がおかしいぞ？　とか」%K%P
%LC杏奈
%LC杏奈
「あっ、あれはお隣さんだからであって、\n　別にそういう気持ちがあるわけじゃっ……！」%K%P
「あっ、あれはお隣さんだからであって、\n　別にそういう気持ちがあるわけじゃっ……！」%K%P
%LC陽菜
%LC陽菜
「そっか、ないんだ……」%K%P
「そっか、ないんだ……」%K%P
%LC杏奈
%LC杏奈
「えっ……えええっ？！　陽菜ちゃんっ！？」%K%P
「えっ……えええっ？！　陽菜ちゃんっ！？」%K%P
%LC陽菜
%LC陽菜
「くっ、ふふっ……ごめんね。\n　いまのはちょっとした冗談」%K%P
「くっ、ふふっ……ごめんね。\n　いまのはちょっとした冗談」%K%P
%LC杏奈
%LC杏奈
「にゅえええええええぇ……」%K%P
「にゅえええええええぇ……」%K%P
わたわたする杏奈ちゃんを見ていたら、\n我慢できなくて、つい意地悪をしてしまった。%K%P
わたわたする杏奈ちゃんを見ていたら、\n我慢できなくて、つい意地悪をしてしまった。%K%P
まるで子供みたいだって内心苦笑しながら、\n杏奈ちゃんだから言えたのかも、と思う。%K%P
まるで子供みたいだって内心苦笑しながら、\n杏奈ちゃんだから言えたのかも、と思う。%K%P
おぼろげな記憶では、小さな頃はこんな感じで、\n一緒に遊んでいたような気もする。%K%P
おぼろげな記憶では、小さな頃はこんな感じで、\n一緒に遊んでいたような気もする。%K%P
もっとも今は、一方通行の幼馴染みなんだけど。%K%P
もっとも今は、一方通行の幼馴染みなんだけど。%K%P
部室で少し談笑したあと、解散になって。%K%P
部室で少し談笑したあと、解散になって。%K%P
念のため、帰る前に教室に寄って、\n机の中を確認しておこう――。%K%P
念のため、帰る前に教室に寄って、\n机の中を確認しておこう――。%K%P
そう思って歩いていたら、\nオレは思いがけないものを拾った。%K%P
そう思って歩いていたら、\nオレは思いがけないものを拾った。%K%P
手紙――それも、オレ宛てのラブレターで\n使われていたものと、まったく同じ封筒の。%K%P
手紙――それも、オレ宛てのラブレターで\n使われていたものと、まったく同じ封筒の。%K%P
しかも、そこに書かれていた宛名は――、%K%P
しかも、そこに書かれていた宛名は――、%K%P
%LC陽菜
%LC陽菜
「失礼しまーす……」%K%P
「失礼しまーす……」%K%P
遠慮がちに声をかけつつ、３年の教室を覗く。%K%P
遠慮がちに声をかけつつ、３年の教室を覗く。%K%P
日が傾いた教室には人の気配がなくて、\n誰もいないみたいだった。%K%P
日が傾いた教室には人の気配がなくて、\n誰もいないみたいだった。%K%P
宛名の相手に直接渡せるなら、\nそれが一番だったんだけど……困ったな。%K%P
宛名の相手に直接渡せるなら、\nそれが一番だったんだけど……困ったな。%K%P
せめて、どの席に座っているかわかれば、\n机の中に入れておくことも出来たんだけど……。%K%P
せめて、どの席に座っているかわかれば、\n机の中に入れておくことも出来たんだけど……。%K%P
って、それだとなんだか、\nオレがラブレターを出しにきたような――、%K%P
って、それだとなんだか、\nオレがラブレターを出しにきたような――、%K%P
%LC？？？
%LC？？？
「誰かいるの？」%K%P
「誰かいるの？」%K%P
%LC陽菜
%LC陽菜
「ひんっ！？」%K%P
「ひんっ！？」%K%P
いきなり声がして、びくっと跳ねる。%K%P
いきなり声がして、びくっと跳ねる。%K%P
あれ……？　でも、人なんてどこにも――、%K%P
あれ……？　でも、人なんてどこにも――、%K%P
%LC？？？
%LC？？？
「申し訳ないのだけど、少し手伝ってもらえる？」%K%P
「申し訳ないのだけど、少し手伝ってもらえる？」%K%P
%LC陽菜
%LC陽菜
「あっ、はい。依夜様」%K%P
「あっ、はい。依夜様」%K%P
さっきはいきなりで驚いたけど、\nよく聞けば、覚えのある声と口調だった。%K%P
さっきはいきなりで驚いたけど、\nよく聞けば、覚えのある声と口調だった。%K%P
けど、やっぱりその姿は見えない――、%K%P
けど、やっぱりその姿は見えない――、%K%P
%LC依夜
%LC依夜
「こっちよ」%K%P
「こっちよ」%K%P
探している気配が伝わったのか、\n教室の後方から、招くように声がして。%K%P
探している気配が伝わったのか、\n教室の後方から、招くように声がして。%K%P
ちょっとだけ恐る恐る近づいてみると。%K%P
ちょっとだけ恐る恐る近づいてみると。%K%P
%LC陽菜
%LC陽菜
「わ……」%K%P
「わ……」%K%P
堪えきれず、声が漏れた。%K%P
堪えきれず、声が漏れた。%K%P
だって、机の向こうを覗き込んだら、\nあまりにも無防備なお尻が、こう、どーんって。%K%P
だって、机の向こうを覗き込んだら、\nあまりにも無防備なお尻が、こう、どーんって。%K%P
%LC依夜
%LC依夜
「陽菜……。どうしてここに？\n　何をしているの？」%K%P
「陽菜……。どうしてここに？\n　何をしているの？」%K%P
%LC陽菜
%LC陽菜
「依夜様こそ、なにゆえそのような格好を\n　されてらっしゃったりするのでございます……？」%K%P
「依夜様こそ、なにゆえそのような格好を\n　されてらっしゃったりするのでございます……？」%K%P
%LC依夜
%LC依夜
「この隙間にペンを落としてしまって。\n　拾おうとしてるのだけど、届かなくて」%K%P
「この隙間にペンを落としてしまって。\n　拾おうとしてるのだけど、届かなくて」%K%P
驚き過ぎて丁寧語がバグったオレに、\nしっかり事情を説明してくれる依夜様。%K%P
驚き過ぎて丁寧語がバグったオレに、\nしっかり事情を説明してくれる依夜様。%K%P
お尻に気取られて全体を見てなかったけど、\n確かに依夜様の姿勢は、物を拾うときのそれだ。%K%P
お尻に気取られて全体を見てなかったけど、\n確かに依夜様の姿勢は、物を拾うときのそれだ。%K%P
%LC依夜
%LC依夜
「それで、悪いのだけど。押してくれる？」%K%P
「それで、悪いのだけど。押してくれる？」%K%P
%LC陽菜
%LC陽菜
「おす……？」%K%P
「おす……？」%K%P
%LC依夜
%LC依夜
「あと少しで届きそうなの。\n　でも、その少しが、どうにも遠くて」%K%P
「あと少しで届きそうなの。\n　でも、その少しが、どうにも遠くて」%K%P
%LC依夜
%LC依夜
「だから、押して欲しいの。私を」%K%P
「だから、押して欲しいの。私を」%K%P
%LC陽菜
%LC陽菜
「押すって……でも、どうやって」%K%P
「押すって……でも、どうやって」%K%P
%LC依夜
%LC依夜
「お尻でいいわ。押しやすいだろうから」%K%P
「お尻でいいわ。押しやすいだろうから」%K%P
なんて言ったあと、お尻が少し持ち上がる。%K%P
なんて言ったあと、お尻が少し持ち上がる。%K%P
なるべく見ないよう視界から外していたのに、\nそんなことされたら、綺麗な丸みが――、%K%P
なるべく見ないよう視界から外していたのに、\nそんなことされたら、綺麗な丸みが――、%K%P
%LC陽菜
%LC陽菜
「ま、待ってください。\n　お尻を押すなんて、そんな」%K%P
「ま、待ってください。\n　お尻を押すなんて、そんな」%K%P
%LC依夜
%LC依夜
「私なら平気。だから、ね？　お願い」%K%P
「私なら平気。だから、ね？　お願い」%K%P
%LC陽菜
%LC陽菜
「んっ……」%K%P
「んっ……」%K%P
お尻を突き出した上に、平気とかお願いとか、\nそんなのまったく違う意味にしか聞こえなくて。%K%P
お尻を突き出した上に、平気とかお願いとか、\nそんなのまったく違う意味にしか聞こえなくて。%K%P
足とお尻を包み込むストッキングの色とは対照的に、\nこっちの頭の中はどんどん真っ白に――、%K%P
足とお尻を包み込むストッキングの色とは対照的に、\nこっちの頭の中はどんどん真っ白に――、%K%P
%LC依夜
%LC依夜
「陽菜、早く」%K%P
「陽菜、早く」%K%P
%LC陽菜
%LC陽菜
「は、はいっ。では、失礼してっ……」%K%P
「は、はいっ。では、失礼してっ……」%K%P
手の甲で押すべき？　なんて考えたけど、\nかえって失礼だろうし、素直に手のひらで――、%K%P
手の甲で押すべき？　なんて考えたけど、\nかえって失礼だろうし、素直に手のひらで――、%K%P
むにゅりんっ。%K%P
むにゅりんっ。%K%P
%LC陽菜
%LC陽菜
「うわっ……」%K%P
「うわっ……」%K%P
依夜様のお尻、すごい。%K%P
依夜様のお尻、すごい。%K%P
どのぐらいすごいかって、男子の邪な気持ちを\nあっさり吹っ飛ばしちゃうぐらいにすごい。%K%P
どのぐらいすごいかって、男子の邪な気持ちを\nあっさり吹っ飛ばしちゃうぐらいにすごい。%K%P
柔らかくも引き締まった弾力に、手が吸いつく。%K%P
柔らかくも引き締まった弾力に、手が吸いつく。%K%P
これって、大臀筋、中臀筋、小臀筋が\nバランス良く鍛えられているからなんだろうか。%K%P
これって、大臀筋、中臀筋、小臀筋が\nバランス良く鍛えられているからなんだろうか。%K%P
でも、どうやって鍛えたら、こんな感じに――、%K%P
でも、どうやって鍛えたら、こんな感じに――、%K%P
%LC依夜
%LC依夜
「んうっ……」%K%P
「んうっ……」%K%P
えっ……？　い、いまの声、なんか――、%K%P
えっ……？　い、いまの声、なんか――、%K%P
%LC依夜
%LC依夜
「私、押してとは頼んだけれど、\n　揉んでほしいとは、一言も……ひあっ」%K%P
「私、押してとは頼んだけれど、\n　揉んでほしいとは、一言も……ひあっ」%K%P
%LC陽菜
%LC陽菜
「あっ……すすすすすみませんっ！\n　ほんとごめんなさい、ついっ……！」%K%P
「あっ……すすすすすみませんっ！\n　ほんとごめんなさい、ついっ……！」%K%P
%LC依夜
%LC依夜
「謝らなくていいから、早く――」%K%P
「謝らなくていいから、早く――」%K%P
%LC陽菜
%LC陽菜
「押します押しますっ！\n　いま押しますすぐ押します絶対押しますっ」%K%P
「押します押しますっ！\n　いま押しますすぐ押します絶対押しますっ」%K%P
%LC依夜
%LC依夜
「んやうっ」%K%P
「んやうっ」%K%P
%LC陽菜
%LC陽菜
「わわわわわわっ」%K%P
「わわわわわわっ」%K%P
出来るだけソフトに押すつもりが、\n慌てすぎた結果、ぐいっと押してしまって。%K%P
出来るだけソフトに押すつもりが、\n慌てすぎた結果、ぐいっと押してしまって。%K%P
艶っぽい吐息とテンパった声が、\n静かな教室に思いっきり響き渡ってしまった。%K%P
艶っぽい吐息とテンパった声が、\n静かな教室に思いっきり響き渡ってしまった。%K%P
%LC依夜
%LC依夜
「ありがとう、陽菜。助かったわ」%K%P
「ありがとう、陽菜。助かったわ」%K%P
%LC陽菜
%LC陽菜
「いえ、こちらこそありがとうございます」%K%P
「いえ、こちらこそありがとうございます」%K%P
%LC依夜
%LC依夜
「……？　どうして陽菜がお礼を言うの？」%K%P
「……？　どうして陽菜がお礼を言うの？」%K%P
%LC陽菜
%LC陽菜
「あっ……あはは、どうしてでしょう……」%K%P
「あっ……あはは、どうしてでしょう……」%K%P
無事にペンを拾えた依夜様からお礼を言われて、\n思わずお礼を返してしまう。%K%P
無事にペンを拾えた依夜様からお礼を言われて、\n思わずお礼を返してしまう。%K%P
どうしよう。手に残ったお尻の感触が、\nまったく消えてくれない。%K%P
どうしよう。手に残ったお尻の感触が、\nまったく消えてくれない。%K%P
こんなの、寮に持ち帰ったりしたら――、%K%P
こんなの、寮に持ち帰ったりしたら――、%K%P
%LC依夜
%LC依夜
「それで？　陽菜、どうしてここに？」%K%P
「それで？　陽菜、どうしてここに？」%K%P
%LC陽菜
%LC陽菜
「っと、そうでした。\n　これを依夜様に届けにきたんでした」%K%P
「っと、そうでした。\n　これを依夜様に届けにきたんでした」%K%P
%LC依夜
%LC依夜
「手紙……？　陽菜が書いたの？」%K%P
「手紙……？　陽菜が書いたの？」%K%P
%LC陽菜
%LC陽菜
「違います違いますっ。\n　さっき拾ったんです」%K%P
「違います違いますっ。\n　さっき拾ったんです」%K%P
%LC陽菜
%LC陽菜
「差し出し人の名前が書いてなかったので。\n　依夜様に届けるのが一番かと思って」%K%P
「差し出し人の名前が書いてなかったので。\n　依夜様に届けるのが一番かと思って」%K%P
封筒の表に書かれた宛名を見せながら、\n慌てて説明を付け足す。%K%P
封筒の表に書かれた宛名を見せながら、\n慌てて説明を付け足す。%K%P
っていうか、よく考えたら危なかった。%K%P
っていうか、よく考えたら危なかった。%K%P
もしオレが依夜様の席を知っていて、\nこの手紙を机に入れて帰っていたとして。%K%P
もしオレが依夜様の席を知っていて、\nこの手紙を机に入れて帰っていたとして。%K%P
万一、それを誰かに見られていたら、\nあらぬ誤解や噂が流れちゃうところだった。%K%P
万一、それを誰かに見られていたら、\nあらぬ誤解や噂が流れちゃうところだった。%K%P
%LC依夜
%LC依夜
「どこで拾ったの？」%K%P
「どこで拾ったの？」%K%P
%LC陽菜
%LC陽菜
「２年の廊下です」%K%P
「２年の廊下です」%K%P
%LC依夜
%LC依夜
「そう……。なら、書いた子は２年かも」%K%P
「そう……。なら、書いた子は２年かも」%K%P
受け取った封筒の裏表を確認した依夜様は、\nその場で開封し、中を確かめる。%K%P
受け取った封筒の裏表を確認した依夜様は、\nその場で開封し、中を確かめる。%K%P
出てきたのは、封筒と揃いの便せん。%K%P
出てきたのは、封筒と揃いの便せん。%K%P
オレ宛の手紙もそうだったから、おそらく\nそういうレターセットが売られているんだろう。%K%P
オレ宛の手紙もそうだったから、おそらく\nそういうレターセットが売られているんだろう。%K%P
%LC依夜
%LC依夜
「……うん。確かに受け取ったわ」%K%P
「……うん。確かに受け取ったわ」%K%P
便せんに目を通した依夜様は、\n小さく頷き、それを封筒へと戻す。%K%P
便せんに目を通した依夜様は、\n小さく頷き、それを封筒へと戻す。%K%P
正直、どんな内容なのか、すっごい気になる。%K%P
正直、どんな内容なのか、すっごい気になる。%K%P
けど、それを尋ねるのは、さすがに……。%K%P
けど、それを尋ねるのは、さすがに……。%K%P
%LC依夜
%LC依夜
「陽菜？　どうかした？」%K%P
「陽菜？　どうかした？」%K%P
%LC陽菜
%LC陽菜
「いえ、なんでも」%K%P
「いえ、なんでも」%K%P
%LC依夜
%LC依夜
「なんでもないことないでしょう？\n　さっきからずっと神妙な顔をして」%K%P
「なんでもないことないでしょう？\n　さっきからずっと神妙な顔をして」%K%P
%LC依夜
%LC依夜
「なにかあるなら言って。\n　無理なら無理って断るから」%K%P
「なにかあるなら言って。\n　無理なら無理って断るから」%K%P
%LC陽菜
%LC陽菜
「ん……。それなら――」%K%P
「ん……。それなら――」%K%P
%LC陽菜
%LC陽菜
「依夜様、失礼を承知でお尋ねします。\n　その手紙って、ラブレターですか？」%K%P
「依夜様、失礼を承知でお尋ねします。\n　その手紙って、ラブレターですか？」%K%P
%LC依夜
%LC依夜
「そうかもしれないけど、違うかもしれない」%K%P
「そうかもしれないけど、違うかもしれない」%K%P
%LC陽菜
%LC陽菜
「どういうことですか？」%K%P
「どういうことですか？」%K%P
%LC依夜
%LC依夜
「好きとは書いてあるけれど、\n　付き合いたい、といった文言がないから」%K%P
「好きとは書いてあるけれど、\n　付き合いたい、といった文言がないから」%K%P
%LC陽菜
%LC陽菜
「好きって書いてあるなら、\n　それはもう、ラブレターなんじゃ……？」%K%P
「好きって書いてあるなら、\n　それはもう、ラブレターなんじゃ……？」%K%P
%LC依夜
%LC依夜
「そうとも言い切れないの。\n　こういった手紙は、毎日のように貰うから」%K%P
「そうとも言い切れないの。\n　こういった手紙は、毎日のように貰うから」%K%P
%LC陽菜
%LC陽菜
「毎日……？」%K%P
「毎日……？」%K%P
%LC依夜
%LC依夜
「うん。ほら、ここに」%K%P
「うん。ほら、ここに」%K%P
依夜様が指さした机の上には、\nざっと数えて１０通近い手紙があった。%K%P
依夜様が指さした机の上には、\nざっと数えて１０通近い手紙があった。%K%P
%LC陽菜
%LC陽菜
「これ全部、依夜様宛ての……？」%K%P
「これ全部、依夜様宛ての……？」%K%P
%LC依夜
%LC依夜
「そう。これは今日もらった分」%K%P
「そう。これは今日もらった分」%K%P
%LC陽菜
%LC陽菜
「今日って……じゃあこれ、\n　１日分ってことですか……っ？」%K%P
「今日って……じゃあこれ、\n　１日分ってことですか……っ？」%K%P
%LC依夜
%LC依夜
「この前、{舞闘:カデンツァ}のテストをしたでしょう？\n　そのときの感想を手紙でくれる子が多くて」%K%P
「この前、{舞闘:カデンツァ}のテストをしたでしょう？\n　そのときの感想を手紙でくれる子が多くて」%K%P
%LC依夜
%LC依夜
「さすがに、いつもはもっと少ないから」%K%P
「さすがに、いつもはもっと少ないから」%K%P
%LC陽菜
%LC陽菜
「それにしたってすごいです」%K%P
「それにしたってすごいです」%K%P
人気があるのは知っていたけど、\nこれほどだったなんて――、%K%P
人気があるのは知っていたけど、\nこれほどだったなんて――、%K%P
……って、そうか。そういうことか。%K%P
……って、そうか。そういうことか。%K%P
%LC陽菜
%LC陽菜
「つまりこの手紙は、\n　依夜様宛てのファンレターなんですね」%K%P
「つまりこの手紙は、\n　依夜様宛てのファンレターなんですね」%K%P
%LC依夜
%LC依夜
「自分でそう言ってしまうのは、\n　おこがましい気もするのだけど……」%K%P
「自分でそう言ってしまうのは、\n　おこがましい気もするのだけど……」%K%P
%LC依夜
%LC依夜
「その表現が、一番近いと思う」%K%P
「その表現が、一番近いと思う」%K%P
有名人や著名人に向けて、\n自分の想いや感謝を伝える手紙――ファンレター。%K%P
有名人や著名人に向けて、\n自分の想いや感謝を伝える手紙――ファンレター。%K%P
確かにそれなら、好きって言葉が出てきた上で、\n交際うんぬんの話がなくてもおかしくはない。%K%P
確かにそれなら、好きって言葉が出てきた上で、\n交際うんぬんの話がなくてもおかしくはない。%K%P
%LC陽菜
%LC陽菜
「けど、こんなに貰うと大変じゃないですか？」%K%P
「けど、こんなに貰うと大変じゃないですか？」%K%P
%LC依夜
%LC依夜
「そうね。今日はとくに多かったから、\n　なかなか書き終わらなくて、こんな時間に」%K%P
「そうね。今日はとくに多かったから、\n　なかなか書き終わらなくて、こんな時間に」%K%P
%LC陽菜
%LC陽菜
「書き終わらない、って……依夜様、\n　ファンレターに返事を出すんですか？」%K%P
「書き終わらない、って……依夜様、\n　ファンレターに返事を出すんですか？」%K%P
%LC依夜
%LC依夜
「うん」%K%P
「うん」%K%P
%LC陽菜
%LC陽菜
「これ、全部に？」%K%P
「これ、全部に？」%K%P
%LC依夜
%LC依夜
「そうだけど」%K%P
「そうだけど」%K%P
それがなにか？　って感じで、\nきょっとんと首を傾げる依夜様。%K%P
それがなにか？　って感じで、\nきょっとんと首を傾げる依夜様。%K%P
%LC依夜
%LC依夜
「初めて手紙を貰ったときから、\n　ずっとそうしてきたから」%K%P
「初めて手紙を貰ったときから、\n　ずっとそうしてきたから」%K%P
%LC依夜
%LC依夜
「私、自分の考えや気持ちを言葉にするとき、\n　どうしても時間がかかってしまうの」%K%P
「私、自分の考えや気持ちを言葉にするとき、\n　どうしても時間がかかってしまうの」%K%P
%LC依夜
%LC依夜
「自分の気持ちを言葉にするのが、\n　あまり、得意なほうではなくて……」%K%P
「自分の気持ちを言葉にするのが、\n　あまり、得意なほうではなくて……」%K%P
%LC依夜
%LC依夜
「でも、手紙なら時間をかけて、\n　言葉を選ぶことができるでしょう？」%K%P
「でも、手紙なら時間をかけて、\n　言葉を選ぶことができるでしょう？」%K%P
%LC依夜
%LC依夜
「だから、手紙は好き。\n　貰うのも、あげるのも」%K%P
「だから、手紙は好き。\n　貰うのも、あげるのも」%K%P
%LC依夜
%LC依夜
「さっき陽菜が届けてくれた手紙にも、\n　もちろん、返事を書くつもりよ」%K%P
「さっき陽菜が届けてくれた手紙にも、\n　もちろん、返事を書くつもりよ」%K%P
%LC陽菜
%LC陽菜
「でも、さっきの手紙には、\n　差し出し人の名前がなかったはずじゃ」%K%P
「でも、さっきの手紙には、\n　差し出し人の名前がなかったはずじゃ」%K%P
%LC依夜
%LC依夜
「明日の放課後に、会ってお話がしたいって。\n　場所と時間が書いてあったから」%K%P
「明日の放課後に、会ってお話がしたいって。\n　場所と時間が書いてあったから」%K%P
%LC依夜
%LC依夜
「そのとき、手紙を渡すつもり」%K%P
「そのとき、手紙を渡すつもり」%K%P
%LC陽菜
%LC陽菜
「明日の放課後に、会って話を――」%K%P
「明日の放課後に、会って話を――」%K%P
オレが受け取った手紙と、まったく同じだ。%K%P
オレが受け取った手紙と、まったく同じだ。%K%P
ってことは、オレと依夜様に手紙を出したのは、\n同じ子だってことだろうか。%K%P
ってことは、オレと依夜様に手紙を出したのは、\n同じ子だってことだろうか。%K%P
でも、封筒の宛名の筆跡は、\n同じようには見えなかったし――。%K%P
でも、封筒の宛名の筆跡は、\n同じようには見えなかったし――。%K%P
%LC美実
%LC美実
「おっ、いたいた。\n　良かった、まだ帰ってなくて」%K%P
「おっ、いたいた。\n　良かった、まだ帰ってなくて」%K%P
%LC陽菜
%LC陽菜
「美実様……。どうしたんですか？」%K%P
「美実様……。どうしたんですか？」%K%P
%LC美実
%LC美実
「ちょっと伝えたい事ができて。\n　それで陽菜ちゃんを探してたんだよ」%K%P
「ちょっと伝えたい事ができて。\n　それで陽菜ちゃんを探してたんだよ」%K%P
%LC美実
%LC美実
「ほらこれ。見覚えあるでしょ？」%K%P
「ほらこれ。見覚えあるでしょ？」%K%P
そう言って美実様が見せてきたのは、\nいまさっき依夜様に届けたものと同じ封筒だった。%K%P
そう言って美実様が見せてきたのは、\nいまさっき依夜様に届けたものと同じ封筒だった。%K%P
