最初の一撃を受けた直後、\n剣を握る手が、わずかに痺れる。%K%P
在受到第一次攻击后，\n握着剑的手感到微微的麻木%K%P
その瞬間、オレは間違いなく高揚していた。%K%P
在那瞬间，我无疑亢奋起来了%K%P
相手の剣を押し返すと同時に、一歩下がる。%K%P
挡住对手剑的同时，立刻后撤步%K%P
想像以上に生々しい衝撃に感嘆する間もなく、\n押し返したはずの剣が再びオレを襲う。%K%P
还没来得及惊叹于那比我想象的还要强大的震感，\n那被我击退的剑又再次向我袭来\n。%K%P
胸元を狙って飛んでくる切っ先は、\n放たれた矢のように、早く、鋭い。%K%P
那飞速刺向胸口的剑锋就像射出的箭一样，\n快速，锋利。%K%P
咄嗟にそれを弾いて、再び下がる。%K%P
我很快地闪开这锋芒，使它落空下压%K%P
距離をとって仕切り直し――そう思って、\n今度はかなり大きく下がったのに。%K%P
我立刻拉开距离——心想，这一击，\n让它下压了不少。%K%P
正確無比、鋭い突きがオレを逃がさない。%K%P
这个判断是准确的，不然这突刺我无法逃脱。%K%P
間合いを切らせるものかとばかりに、\n強い踏み込みと共に、切っ先が迫ってくる。%K%P
如同中流击水一般，\n对方迈着结实的步伐，提剑而上%K%P
相手の剣を捌くたび響く、剣戟の音。%K%P
双方的剑互相碰撞，剑戟之声不绝于耳。%K%P
その音に、胸がますます高鳴る。%K%P
这声音，使我心潮澎湃。%K%P
迷いない太刀筋と、それを可能にする身体能力。%K%P
不惑之剑术，加之足以操纵剑术的身体。%K%P
なにより、初めて対戦する相手であろうと、\n一切の手心を加えるつもりのない気概。%K%P
最重要的是，对方是我的第一个对手，\n我应该竭尽全力。%K%P
戦う前から予想はしていたけど、\n目の前の『騎士』は、かなり手強い。%K%P
虽然在战斗前就预料到了，但眼前的“骑士”\n却强大的出乎意料。%K%P
おそらくはこの１年、\n留学先で戦った誰よりも。%K%P
可能比我过去一年，\n打过的任何人都要强。%K%P
けど、オレだってっ……！%K%P
但是，对手是我……！%K%P
%LC日向
%LC日向
「ッ……！」%K%P
「额……！」%K%P
思わず張り上げかけた声を、咄嗟に呑む。%K%P
我压下了即将不由自主地提高的声音。%K%P
いつもなら、こういうときは声を上げ、\n己を鼓舞するのがお約束なんだけど――、%K%P
通常来讲，我都会在在这种时候，\n大声呼喊来激励自己―——%K%P
いまそんなことをしたら、バレてしまう。%K%P
但若现在这样做，肯定会被抓住破绽。%K%P
だって、いまのオレは――、%K%P
那么，现在的我就应该——%K%P
初めて女の子を意識したのは、\n物心ついて、ちょっと経った頃だった。%K%P
我第一次注意到的女孩\n是能记事后见到的，很久以前的事了。%K%P
両親の勧めで、ある習い事をしていた僕は、\nそこで一人の女の子と仲良くなった。%K%P
在父母的安排下，我上了学，\n和那里的一个女孩成为了朋友。%K%P
僕は彼女を『つーちゃん』と呼び、\n彼女は僕を『ひなちゃん』と呼んでいた。%K%P
我称呼她为『睦酱』\n她称呼我为『日向酱』。%K%P
きっと、一目惚れだったと思う。%K%P
那真的是，一见钟情呀%K%P
容姿、内面、仕草、声、喋り方。%K%P
外表、内心、手势、声音、说话方式。%K%P
どれもが好ましくて、気付けば僕は、\n彼女のことばかり考えるようになっていた。%K%P
我钟意她的一切，我在不知不觉中，\n无时无刻地想着她。%K%P
その気持ちは、日々、膨らんでいって。%K%P
这种感觉，日复一日，逐渐增长。%K%P
出会ってからしばらく経ったある日、\n僕は思い切って、彼女に想いを打ち明けた。%K%P
有一天，在我们见面之后，\n我鼓起勇气，倾诉了我的感受。%K%P
『僕、つーちゃんと結婚したい』%K%P
『我，想和睦酱结婚！』%K%P
いまにして思えば、\nなんと小っ恥ずかしい告白だろう。%K%P
现在想想，多么尴尬的表白呀。%K%P
恋人という関係を知らず、仲の良い男女といえば、\n自分の両親しか思い浮かばなかった幼少期。%K%P
小时候不知道恋人的关系，一想到彼此亲近的男人和女人，\n我只能想到自己的父母。%K%P
幼い僕にとって、結婚というワードは、\n自分の気持ちを伝える精一杯の言葉だった。%K%P
对年幼的我来说，“结婚”这一词，\n是我所能传达的至高爱意的词。%K%P
けれどその告白は、実らずに終わる。%K%P
然而这个表白，以遗憾告终。%K%P
『ひなちゃん、私よりずっと可愛いもん。\n　結婚なんてできないよ』%P
『日向酱一直都比我更可爱呀，\n结婚什么的是不可能的啦』%P
そう呟いた彼女のどこか困った顔は、\nいまでもよく覚えている。%K%P
她嘟囔着这句话时脸上不安的表情，\n我至今记忆犹新。%K%P
そして、可愛いと思っていた女の子に、\n私よりずっと可愛いと言われた、その衝撃も。%K%P
以及，被我认为可爱的女孩子，\n说了句“我比她可爱”的话，这冲击太大了。%K%P
だから僕――いや、オレは、変わろうと決めた。%K%P
所以我（僕）――不，我（オレ）呢，决定改变自己。%K%P
『男らしく、格好よくなるんだ』って。%K%P
『像个男人，变得阳刚起来』。%K%P
%LCアナウンス
%LC广播
「――まもなく当機は最終着陸態勢に入ります。\n　シートベルトをしっかりとお締めになり――」%K%P
「――很快，飞机将准备最后着陆。\n　系好安全带，然后——」%K%P
いつのまにか物思いに耽っていたようで、\n機内アナウンスで我に返る。%K%P
刚才我似乎陷入了沉思，\n直到广播的声音响起才把我拉回来。%K%P
視線はずっと窓の外――ではなく、\n窓ガラスに映る、自分の顔を見つめていた。%K%P
视线看向窗外——或者说，\n看向窗外倒映着的，自己的脸庞。%K%P
オレ、{空木:うつぎ}{日向:ひなた}は、１年間の留学を終えて、\n日本へと向かう飛行機の中にいた。%K%P
我叫{空木:うつぎ}{日向:ひなた}，在国外学习一年后，\n坐上了回日本的飞机。%K%P
留学中は１度も帰国しなかったから、\n日本の土を踏むのは久しぶりだ。%K%P
我在国外留学期间从未回过祖国，\n所以已经很久没有踏上日本的土地了。%K%P
%LC日向
%LC日向
「これが懐かしいってやつなのかな……」%K%P
「这就是所谓的怀旧之情吗……」%K%P
窓の外の景色に、胸がざわつく。%K%P
窗外的风景，让我心感激动。%K%P
自分が郷愁を抱くなんて意外だったけど、\nだからこそ、思い出してしまったのかもしれない。%K%P
我惊讶于我的怀恋之情，但这或许，\n是我无法忘记这片土地的原因。%K%P
１０年以上前の、初恋のことを。%K%P
10多年前，我的初恋之地啊。%K%P
%LC日向
%LC日向
「少しは精悍な顔つきに\n　なってるといいんだけど……」%K%P
「真希望你的脸上有一种，\n不怒自威的表情呀……」%K%P
窓に映る自分を見て、そんなことを呟く。%K%P
我看着窗中的倒影，喃喃自语。%K%P
留学の目的は、強くなること。%K%P
出国留学的目的，是变得更强大。%K%P
つまり、男らしく、格好よくなること。%K%P
换句话说，要更加阳刚，更加壮硕。%K%P
それが果たされたかどうか、\n正直、自分ではよくわからないけれど――、%K%P
但现在来看的结果嘛，\n老实说，我不确定它是否实现了——%K%P
でも、多少はマシになったと思う。%K%P
但是，我认为我至少有进步。%K%P
日本を発ってからこの１年、\n身長が１ミリも伸びなかったこと以外は。%K%P
此外，离开日本的过去一年里，\n我的身高没有增加一毫米。%K%P
諸々の手続きをすませ、空港を出る。%K%P
完成各项手续，我便离开了机场。%K%P
休日の昼前ということもあって、\nけっこう人が多い。%K%P
由于是在假期中午，所以人非常多。%K%P
予定では、姉さんが迎えに来ている\nはずなんだけど――、%K%P
按照约定的，姐姐应该来接我，\n但是都这个点了——、%K%P
待ち合わせ場所に、\nそれらしい人影は見あたらなかった。%K%P
在集合的地点，\n没有看到那个熟悉的身影。%K%P
%LC日向
%LC日向
「珍しいな、遅刻なんて……」%K%P
「真稀奇啊，竟然迟到了……」%K%P
姉さんは真面目を絵に描いたような人で、\n約束を違えるような真似はしない。%K%P
我的姐姐是一个做事认真的人，\n她不会去故意违背承诺的。%K%P
ちなみに、姉さんと呼んではいるけど、\n実の姉じゃなく、伯母の娘――つまり従姉妹だ。%K%P
顺便说一句，虽然我叫她姐姐，\n但她不是我亲姐姐，而是姑姑的女儿——也就是我的表姐。%K%P
家が近所で、年が離れていることもあって、\n物心つく前から色々と面倒を見てもらっていた。%K%P
由于家住在附近，而且因为年龄差异，\n从我记事起，我就一直受到了很多照顾。%K%P
姉さんの家は剣術道場をやっていて、\n姉さん自身も武芸全般に精通している。%K%P
姐姐的家里经营剑术道场，\n所以她自己武艺样样精通。%K%P
男らしくなると誓ったオレを鍛えてくれた、\nある意味、師匠も同然の存在だ。%K%P
当我发誓要更加男人时，她便与我进行训练，\n从某种意义上说，她也是我的师傅。%K%P
%LC日向
%LC日向
「空港ついたけど、いまどこ――っと……」%K%P
「我下到机场了，姐姐你现在在哪里……」%K%P
スマホのメッセージアプリを使い、\n姉さんに連絡を入れたけど、既読はつかない。%K%P
我用手机上的电子邮件联系了我姐姐，\n但许久都没标记为已读。%K%P
念のためメールやら着信履歴を調べたものの、\n遅れるとか、それっぽい連絡は入っていなかった。%K%P
以防万一，我检查了我的电子邮件和通话记录，\n但我没有收到任何关于“我要迟到”\n或类似的事情的联系。%K%P
%LC日向
%LC日向
「さて、どうしたもんか……」%K%P
「那么，怎么办好呢……」%K%P
予定では、空港で合流したあと、\nそのまま姉さんの家に向かうはずだった。%K%P
计划是在机场集合，\n然后直接前往我姐姐家。%K%P
オレの両親は現在、海外で暮らしている。%K%P
我的父母，目前住在国外。%K%P
仕事の拠点が海外ってこともあって、\nオレの留学を機に移住してしまったのだ。%K%P
由于工作地点在海外，所以我在国外学习时\n搬到了那边。%K%P
つまり今、日本にはオレの家がない。%K%P
换句话说，我现在在日本没有家。%K%P
だもんで、今日からしばらくの間、\n姉さんの家で下宿する予定だったんだけど――、%K%P
所以，接下来的一段时间，\n我打算在我姐姐家住――、%K%P
%LC日向
%LC日向
「……反応、ないな」%K%P
「……完全，没回复呢」%K%P
少し待ってみたけど、\n送ったメッセージは未読のまま。%K%P
我等了一会儿，\n但我发送的消息仍未阅读。%K%P
仕方ない。こうなったら、\n姉さんの家に直接行ってみるか。%K%P
没办法。 这种情况，不如直接去姐姐家。%K%P
行き違いにならないよう、\n念のため、メッセージを送って――、%K%P
以防万一，我发了条消息，\n以免她困扰――、%K%P
……ん、これでよし。%K%P
……嗯，这样就可以了。%K%P
あとは、地図アプリで姉さんの家を\n目的地に設定して……と。%K%P
之后，使用地图应用将姐姐家\n设置为目的地……嗯？%K%P
%LC？？？
%LC？？？
「むーちゃん、そこにはもう住んでないわよ」%K%P
「宗酱，不再住在那里了哦」%K%P
%LC日向
%LC日向
「……へっ？」%K%P
「……诶？」%K%P
いきなりの声に振り向くと、\n見知らぬ女性がオレの手元を覗き込んでいた。%K%P
当我听到突如其来的声音转过身来时，\n我看到一个陌生的女人向我招手。%K%P
%LC？？？
%LC？？？
「ごめんなさい、驚かせるような真似をして。\n　それと、スマホを覗き込んじゃったことも」%K%P
「非常抱歉，真是令人惊讶的相似呢。\n另外，我刚刚瞧了下你的手机」%K%P
%LC？？？
%LC？？？
「ごきげんよう。初めまして、空木日向くん」%K%P
「贵安，初次见面呢，空木日向君」%K%P
ぺこりとお辞儀をしたあと、にこっと笑う。%K%P
她微微鞠躬后，对着我微笑着。%K%P
空港って場所柄のせいか違和感は薄いけど、\nあきらかに日本人とは異なる容姿。%K%P
虽然我不会因为在机场而感到违和，\n但她的外表与日本人明显不同。%K%P
それでいて流暢すぎる日本語に……なにより、\nどうしてオレの名前を知っているのか。%K%P
然而，她的日语太流利了……最重要的是，\n你怎么知道我的名字？。%K%P
この人、いったい――、%K%P
这位，到底是――、%K%P
%LC？？？
%LC？？？
「あうっ、いけない、またやっちゃった……。\n　こういうときは、まず自己紹介よね」%K%P
「啊不对，我怎么又……在这种情况下，\n首先要做的是自我介绍才对」%K%P
%LCニナ
%LC妮娜
「んっ……こほん。私はあなたの従姉妹、\n　{諏訪:すわ}{宗千佳:むねちか}さんの友人で、ニナっていうの」%K%P
「嗯……咳咳，我是你的表姐\n　{諏訪:すわ}{宗千佳:むねちか}的朋友，叫妮娜哦」%K%P
%LC日向
%LC日向
「姉さんの、友人？」%K%P
「姐姐的，朋友？」%K%P
%LCニナ
%LC妮娜
「ええ。とっても親しい、ね」%K%P
「嗯嗯~非常亲近的，那种捏~」%K%P
訝しがるオレの気配を感じ取ったようで、\n教育番組のお姉さんみたいに微笑むニナさん。%K%P
似乎察觉到了我的怀疑，\n妮娜笑得像个教育节目中的姐姐。%K%P
%LCニナ
%LC妮娜
「むーちゃん、今日は急用で来られなくなって。\n　だから、私があなたを迎えにきたの」%K%P
「宗酱她，因为有紧急情况，所以今天不能来。\n于是乎， 就让我来接你了哦」%K%P
%LC日向
%LC日向
「むーちゃん」%K%P
「宗酱……」%K%P
%LCニナ
%LC妮娜
「ええ、むーちゃん。可愛いでしょ？」%K%P
「嗯嗯，宗酱哦。可爱吧？」%K%P
あの姉さんをそんなふうに呼ぶなんて……、\nこの人、本当に親しい間柄っぽい……？%K%P
我简直不敢相信她这样称呼姐姐……\n但这个人似乎真的很亲近姐姐……？%K%P
%LCニナ
%LC妮娜
「あなたのことは、\n　むーちゃんから色々と聞いてるわ」%K%P
「你的事，我都从宗酱那听过了哦」%K%P
%LCニナ
%LC妮娜
「親戚に、小さな頃から剣術を教えてきた、\n　強い男の子がいるってね」%K%P
「是她的亲戚，从小她教你剑术 \n　一个坚强的男孩子捏」%K%P
%LC日向
%LC日向
「ん……」%K%P
「嗯……」%K%P
姉さんがオレを強いと評していたと知り、\n喜びと照れくささで、ちょっと頬が緩む。%K%P
听到姐姐形容我坚强时，\n我的脸颊因喜悦和尴尬而放松了一点。%K%P
我ながらチョロすぎるけど……、\nこの人のこと、ひとまず信用してみよう。%K%P
虽然我还是有些不解……\n但我暂时相信了这个人。%K%P
%LCニナ
%LC妮娜
「さっ、行きましょ？\n　向こうに車を停めてあるの」%K%P
「那么，我们走吧？\n  车停在那边哦」%K%P
ニナさんに連れられてやってきた駐車場には、\n菱形のエンブレムがついた黄色い車が。%K%P
妮娜带着我来到停车场里，\n看见了那辆菱形车标的黄色汽车。%K%P
%LC日向
%LC日向
「これってフランスの」%K%P
「这是法国的？」%K%P
%LCニナ
%LC妮娜
「まあ。車、詳しいの？」%K%P
「嘛~你对车，很了解？」%K%P
%LC日向
%LC日向
「いえ、そういうわけじゃ――」%K%P
「不，不怎么——」%K%P
%LCニナ
%LC妮娜
「っと、そっか。向こうで見掛けたのね？\n　あなたの留学先、この車の生まれ故郷だし」%K%P
「啊，这样吗。你出国时看到了呀？\n　你的留学目的地，就是是这辆车的故乡呢。」%K%P
ニナさんの言う通り、\nオレの留学先はフランスだった。%K%P
妮娜说的是对的\n我的留学地确实在法国。%K%P
主に西洋剣術――他にも色々学ぶため、\n１年間、海の向こうで生活していた。%K%P
主要学习西方剑术――以及许多其他东西，\n我在大洋彼岸生活了1年。%K%P
おそらく、そのあたりの事情に関しても、\n姉さんから聞いて知っているんだろう。%K%P
也许，这周围的情况，\n我可以从姐姐那里知道。%K%P
%LC日向
%LC日向
「そういえば姉さん、\n　どうしてこられなくなったんですか？」%K%P
「说起来姐姐她，\n 为什么不能过来呢？」%K%P
%LCニナ
%LC妮娜
「どうしても外せない用が出来てね。\n　病気とか怪我じゃないから安心して」%K%P
「或许是由不能错过的事捏。\n　当然不是因为疾病或受伤啦，放心吧」%K%P
%LC日向
%LC日向
「そうですか……。良かった」%K%P
「这样啊……那就好」%K%P
考えないでもなかった不安要素が否定されて、\nほっと胸をなで下ろす。%K%P
所焦虑的事被打消了，\n我松了一口气，抚摸着胸膛。%K%P
けど、約束絶対守るウーマンな姉さんが、\n代理を立てるほどの用って、いったい――、%K%P
然而，一个绝对信守诺言的姐姐，\n会让别人帮忙，这到底——%K%P
%LCニナ
%LC妮娜
「あれこれ考えなくても大丈夫。\n　答えはすぐにわかるから」%K%P
「你不必担心什么啦　\n 因为你马上就会知道答案呢」%K%P
%LC日向
%LC日向
「えっ……？　あの」%K%P
「欸……？　那啥」%K%P
%LCニナ
%LC妮娜
「心を読んだわけじゃないわよ？\n　ヒナちゃん、顔に出やすいんだもの」%K%P
「我可没有读心术哦\n　日向酱的想法，都写在脸上了呢」%K%P
%LC日向
%LC日向
「ひっ、ヒナちゃん？」%K%P
「日……日向酱？」%K%P
%LCニナ
%LC妮娜
「そっ、ヒナちゃん。\n　ね？　そう呼んでもいーい？」%K%P
「对，日向酱。\n　呐？　这样称呼可以吗？」%K%P
%LC日向
%LC日向
「ええ、まあ……」%K%P
「啊啊，嘛……」%K%P
%LCニナ
%LC妮娜
「あっ……ひょっとして嫌だった？　なら――」%K%P
「啊……这样称呼你讨厌吗？　那么――」%K%P
%LC日向
%LC日向
「いえ、かまいません。\n　{留学先:むこう}でも『ヒナ』って呼ばれてたので」%K%P
「不，不用在意的。\n　我在{留学时:むこう}也被称为Hina呢」%K%P
%LC日向
%LC日向
「ただ、ちゃんづけとなると、\n　少しくすぐったい、というか……」%K%P
「不过，被酱来称呼什么的，\n　有点心痒痒的，就这样……」%K%P
%LC日向
%LC日向
「そんなふうに呼ばれるの、\n　子供の頃以来なので」%K%P
「上次被这么称呼的时候\n　还是个小孩子呢」%K%P
%LCニナ
%LC妮娜
「あら。私から見れば、\n　ヒナちゃんはまだまだお子様よ？」%K%P
「啊~啦~ 在我看来呢，\n　日向酱还是个孩子哦~」%K%P
%LC日向
%LC日向
「お子様……」%K%P
「孩子吗……」%K%P
%LCニナ
%LCニナ
「そっ。まさに、雛鳥ヒナちゃんっ！\n　なぁんて……くすっ、うふふっ」%K%P
「是呀。就像个雏鸟一样的日向酱！\n　什么的~ 嘿嘿，嗯哼~\n（雏鸟的发音为“hinatori”，和“日向”相似）」%K%P
%LC日向
%LC日向
「むぅ……」%K%P
「咕呜呜……」%K%P
唐突な駄洒落に――ではなく、\n可愛いと言われたことに呻いてしまう。%K%P
突然的双关语呢——但说实话，\n被说自己可爱还是让我叹了口气。%K%P
『格好いい』を目指すオレからすると、\n『可愛い』ってワードは褒め言葉じゃない。%K%P
在我看来我应该是『阳刚』的\n『可爱』对我可不是称赞呀。%K%P
とはいえ、こういう評価をされること自体は、\nそれなりに慣れっこだったりする。%K%P
但是，被这样评价的我，\n也早就见惯不惯了。%K%P
留学したての頃なんて、年齢はおろか、\n性別を勘違いされたこともあったぐらいだ。%K%P
当我出国留学时，我的性别就被弄错了，\n更不用说我的年龄了。%K%P
思えば幼い頃から……って、この回想は\n機内でやったばかりだし、やめておこう。うん。%K%P
在我小时候时……欸打住，\n这个回忆在飞机上就温习过了，所以打住吧，嗯。%K%P
%LCニナ
%LC妮娜
「さ、どうぞ。よければ助手席に」%K%P
「对了，请吧。后座空间挺大的」%K%P
%LCニナ
%LC妮娜
「むーちゃんの所まで少し時間がかかるから。\n　もし眠かったら、寝ててもいいわよ」%K%P
「宗酱的家还要一会时间才到。\n　如果你困了，你可以躺下睡觉哦」%K%P
%LCニナ
%LC妮娜
「ハンドルを握ると人格が変わるっ！\n　なんてこともないから安心してね」%K%P
「当你开车时，你的人格就会改变！\n　放心吧，不会有这种事的捏」%K%P
宣言通り、ニナさんは実に安全運転だった。%K%P
正如她所说的那样，妮娜开车非常稳当。%K%P
飛行機ではあまり寝れなかったこともあって、\n心地良い揺れに、つい、うつらうつら。%K%P
我在飞机上睡得不多，\n在车上轻微的摇晃，很舒服。咕~哈啊哈啊~~~%K%P
久しぶりの日本の景色を楽しむ、なんて風情もなく、\n気付けばオレはすっかり寝入っていた。%K%P
久违的再次享受日本景色让我心身愉悦，\n不知不觉中，我完全睡着了。%K%P
%LCニナ
%LC妮娜
「ヒナちゃん、ヒナちゃん。ついたわよ」%K%P
「日向酱，日~向~酱~。我们到了哦」%K%P
%LC日向
%LC日向
「ん……」%K%P
「嗯~嗯……」%K%P
優しい声に目を覚まし、外を見る。%K%P
我在温柔的声音中醒来了，看向外边。%K%P
と、そこにあったのは、\n一軒家でもなければ、マンションでもなく――、%K%P
啊，怎么说呢，\n这不是一栋楼房，也不是公寓――、%K%P
目を疑うとは、まさにこのこと。%K%P
我有点不相信自己的眼睛了。%K%P
目覚めたオレが目にしたのは、趣のある、\n歴史と風格を纏ったレンガ造りの建物だった。%K%P
当我清醒点时，我看到的是一幢古色古香的，\n既有历史又有风格的建筑，。%K%P
%LCニナ
%LC妮娜
「ようこそ、私の学園へ」%K%P
「欢迎来到，我的学校」%K%P
%LC日向
%LC日向
「私の学園……って、えっ？　私の？　学園？」%K%P
「我的学……校，诶诶？　我的？　学校？」%K%P
%LCニナ
%LC妮娜
「そうよ。ここはあなたのような若者を、\n　教え導き、才覚を磨くための学び舎――」%K%P
「对的哦。这里就是你要教导学弟学妹们的地方，\n　言传身教、知行合一的地方——」%K%P
%LCニナ
%LC妮娜
「あらためて自己紹介するわね。\n　私はこの銀蘭学園の学園長、ニナ・クリオーネ」%K%P
「容我再次自我介绍。\n　我是这个银兰学院的校长，妮娜·科里奥内」%K%P
ハンドルを握ったまま、\n少しかしこまった表情で微笑むニナさん。%K%P
妮娜握着方向盘，\n脸上带着微笑。%K%P
彼女の発言を裏付けるように、\n車はすんなり守衛室を顔パスで通過したのだった。%K%P
仿佛是为了证实她所说的，\n警卫室那边直接让我们的车子进入校园。%K%P
%LCニナ
%LC妮娜
「長い道のり、お疲れさま。\n　寝顔、とっても眼福だったわ」%K%P
「真是一段很长的路呢，辛苦你啦。\n　你的睡颜，可让我大饱眼福了呢」%K%P
%LC日向
%LC日向
「すみません。本当に熟睡しちゃって」%K%P
「抱歉，我竟然真的昏睡过去什么的……」%K%P
%LCニナ
%LC妮娜
「いいのいいの。\n　おかげで運転技術に自信が持てたし」%K%P
「没关系啦没关系。\n　我对自己的驾驶技术可是很有自信啦。」%K%P
駐車場に停めた車から降りると、\nあらためて、建物の瀟洒さに息を呑む。%K%P
当我从在停车场从车里下来后，\n我再次被这座建筑的优雅震惊。%K%P
留学先のスクールも見事な校舎だったけど、\nここも、それに勝るとも劣らない造りだ。%K%P
我出国留学的学校也是一个很棒的学校，\n但是，这个学校也丝毫不逊色。%K%P
%LC日向
%LC日向
「けど、なんでこんな所に姉さんが……」%K%P
「可是，为什么姐姐在这个地方……」%K%P
%LCニナ
%LC妮娜
「それについては私が説明するより、\n　本人に聞くのが一番だと思うの」%K%P
「我认为最好还是问她本人哦，\n我可解释不清楚呢」%K%P
%LCニナ
%LC妮娜
「というわけで、テアトルに向かいましょ」%K%P
「这样说来，那我们一起去{剧场:theater}看看吧」%K%P
%LC日向
%LC日向
「テアトル、って……。\n　学園内に劇場があるんですか？」%K%P
「Theater，吗……\n　学校里有剧院啊？」%K%P
%LCニナ
%LC妮娜
「ええ。ただ、ここのは普通のそれに比べて、\n　いろいろ変わった仕掛けがあるんだけど――」%K%P
「对呀。不过呢，与通常的剧院相比，\n　这里有很多有别于外边的特点哦——」%K%P
%LCニナ
%LC妮娜
「っと、そうそう。案内する前に、\n　これを被っておいてもらえる？」%K%P
「啊，差不多了。在带你四处走走之前，\n　你可以戴上这个吗？」%K%P
そう言ってニナさんが渡してきたのは、\nつばが広めなキャスケット帽だった。%K%P
妮娜这么说着，\n递给我一顶宽檐的侦探帽。%K%P
%LC日向
%LC日向
「これを、オレが？」%K%P
「这个吗，让我戴着？」%K%P
%LCニナ
%LC妮娜
「ぜひ」%K%P
「请务必」%K%P
%LC日向
%LC日向
「でも、こんな可愛いのは、ちょっと……」%K%P
「但是，这个怎么说呢，有点可爱……」%K%P
%LCニナ
%LC妮娜
「そう言わずに」%K%P
「不要这么说哦~」%K%P
%LC日向
%LC日向
「むぅ……。まあ、帽子ぐらいなら……」%K%P
「嗯……好吧，不过是一顶帽子嘛……」%K%P
車のサイドミラーで確かめながら、\n言われたとおりに帽子を被ってみる。%K%P
对着汽车的后视镜，\n我听从妮娜的话戴好帽子。%K%P
%LC日向
%LC日向
「っと……こんな感じ、ですけど」%K%P
「那么……大概就是，这样子了」%K%P
%LCニナ
%LCニナ
「トレビアンっ氈@とっても可愛いっ氈v%K%P
「非常好（Très bien）♥！太可爱了呀♥」 %K%P
%LC日向
%LC日向
「ぬぬぬっ……」%K%P
「咕呜呜呜……」%K%P
またもや可愛いと言われて、再び呻く。%K%P
又被说可爱了，我不禁又叹了口气。%K%P
けど、こうも真っ直ぐ言われると、\nそんなことないです、とも言いにくい。%K%P
但是，都被如此直截了当地夸赞时，\n很难说自己不是那样的。%K%P
%LC日向
%LC日向
「でも、なんでこんなの被るんですか？」%K%P
「但是，我为什么要戴上这个呢？」%K%P
%LCニナ
%LC妮娜
「念のためよ、念のため。\n　あっ、できればもう少し深めに――」%K%P
「以防万一啦，以防万一。\n　啊，还可以再戴紧一点——」%K%P
%LC日向
%LC日向
「あ……」%K%P
「啊……」%K%P
覗き込むようにオレを見つめたニナさんが、\n帽子に手を添えて、軽く直してくれた。%K%P
妮娜凑近过来，静静地看着我，\n然后把手放在我的帽子上，轻轻地压紧了一下。%K%P
綺麗な顔が急に近づいたので、少し照れる。%K%P
如此美丽的脸突然靠近，让我有些羞涩。%K%P
%LCニナ
%LC妮娜
「……ヒナちゃん？　どうかした？」%K%P
「嗯？……日向酱？　怎么了吗？」%K%P
%LC日向
%LC日向
「いえ、その……海外の人は、\n　やっぱり距離感が近いなと思って」%K%P
「不，那个……在国外居住久了，\n　感觉被突然靠近的感觉很……」%K%P
%LCニナ
%LC妮娜
「可愛い顔を間近で見たくって、つい」%K%P
「我只想近距离看看你可爱的脸，呢~」%K%P
%LC日向
%LC日向
「なっ……」%K%P
「什……」%K%P
留学先でも思ったことだけど、外国の人って、\nさり気なく距離を詰めるのが上手い。%K%P
出国留学的时思考过，外国人似乎，\n都很擅长拉近距离。%K%P
もし留学先で馴染んでなかったら、\nいまので顔が真っ赤になっていたかも。%K%P
估计我在国外时还没习惯这种亲昵，\n我现在的脸可能已经红了。%K%P
%LCニナ
%LC妮娜
「けど、ヒナちゃんって髪を伸ばしてるのね。\n　なにか理由があるの？」%K%P
「对了，日向酱留的头发很长呢。\n　是有什么理由吗？」%K%P
%LC日向
%LC日向
「これは……まあ、その、色々と」%K%P
「这个嘛……嘛，这个……理由很多呢」%K%P
髪が長くとも女の子だと思われないぐらい、\n格好いい男になってみせる――、%K%P
我认为即便留着长发，也不会被认为是女孩。\n而是一个好看的男人――、%K%P
伸ばし始めた切っ掛けは、そんな決意からだった。%K%P
正是出于这样的决意，我开始留了长发。%K%P
%LC日向
%LC日向
「留学先で何度か切ろうとしたんですけど、\n　もったいないって引き留められちゃって」%K%P
「出国留学时，我曾多次想去剪掉，\n但都被人制止了，说不如留着好」%K%P
%LCニナ
%LC妮娜
「お友達に？」%K%P
「被朋友吗？」%K%P
%LC日向
%LC日向
「いえ、美容師さんに」%K%P
「不，是理发师制止的」%K%P
%LCニナ
%LC妮娜
「まぁ……ふふっ。\n　確かに、これはそうなるでしょうね」%K%P
「嘛……哈哈。\n　确实哦，理发师制止的对」%K%P
%LC日向
%LC日向
「なので、留学終わりを機に、\n　日本に帰ったら切ろうと思っていて」%K%P
「所以，留学结束后，在飞机上，\n 我都考虑回日本时把头发剪了。」%K%P
%LCニナ
%LC妮娜
「まあ、もったいない」%K%P
「嘛，不如留着好」%K%P
%LC日向
%LC日向
「もう、ニナさんまで……」%K%P
「真实的，妮娜姐也这么说……」%K%P
とはいえ、なんだかんだ長い付き合いだし、\n自分もちょっと愛着があったりするんだけど。%K%P
不过话说回来，这头发也陪伴我很久了，\n我也有点依恋它。%K%P
%LCニナ
%LC妮娜
「んっと……そうね。この後ろ髪、\n　帽子の中にいれちゃいましょう」%K%P
「嗯嗯……对了。后马尾的话，\n　可以从帽子后面放出来」%K%P
そう言うと、ニナさんは慣れた手つきで\nオレの後ろ髪を帽子にイン。%K%P
当说这句话时，妮娜把手伸进了帽子里，\n整理着我的后发。%K%P
%LC日向
%LC日向
「……あ、なんか軽いかも」%K%P
「……啊，好像变轻了许多」%K%P
%LCニナ
%LC妮娜
「髪の重みが頭の上にくることで、\n　重心のバランスが変わったせいじゃない？」%K%P
「因为原先头发的重量在头顶上，\n现在重心的平衡发生了变化不是吗？」%K%P
%LC日向
%LC日向
「なるほど」%K%P
「原来如此」%K%P
%LCニナ
%LC妮娜
「うふふっ。じゃあ、行きましょうか」%K%P
「唔噗噗~ 那么，我们走吧」%K%P
どことなくご機嫌なニナさんの案内で、\n校舎脇を通り抜け、中庭らしき場所へ出た。%K%P
妮娜姐似乎心情不错，在她带领下，\n我们穿过教学楼的一侧，来到了一个似乎是庭院的地方。%K%P
気になったのは、まったく人に会わないこと。%K%P
有点奇怪的是，我们没有遇到任何人。%K%P
いくら今日が休日とはいえ、\n誰ともすれ違わないってのは妙な感じだ。%K%P
虽然今天是休息日，\n但没有遇见任何人，这种感觉很微妙。%K%P
%LCニナ
%LC妮娜
「向こうに見える建物がテアトルよ」%K%P
「那边的建筑物就是剧院了哦」%K%P
バスガイドみたいにニナさんが示した建物は、\nその名の通り、劇場みたいな建物だった。%K%P
妮娜像巴士导游一样，给我指出了一个建筑，\n顾名思义，是一座看起来像剧院的建筑。%K%P
%LCニナ
%LC妮娜
「ここは歴史ある名門校なんだけど、\n　テアトル内の設備はとても新しいのよ」%K%P
「虽然我们学校是一所历史悠久的名校，\n但剧院的设施是非常新的哦。」%K%P
%LCニナ
%LC妮娜
「私の赴任に合わせて、\n　まるっとリノベーションしているから」%K%P
「在我上任之后， \n　可是把它完全翻新了一遍呢」%K%P
%LC日向
%LC日向
「赴任に合わせて？」%K%P
「在上任之后？」%K%P
%LCニナ
%LC妮娜
「そっ。実は私、理事長もしてるから」%K%P
「是呀。 其实呢，我也是董事会主席」%K%P
%LC日向
%LC日向
「え」%K%P
「欸？」%K%P
学園長で理事長って――、%K%P
学校校长兼董事会主席——%K%P
%LC日向
%LC日向
「つまり、ここで一番偉い人……？」%K%P
「也就是说，这里职位最高的人……？」%K%P
%LCニナ
%LC妮娜
「んふふっ、そうね。\n　ゲームで言うならラスボスね」%K%P
「哈哈哈，对的哦。\n　就像游戏中的最终BOSS捏」%K%P
なんて、屈託なく笑うニナさん。%K%P
说着，妮娜姐漫不经心地笑了。。%K%P
そんな人が、\nどうしてオレをわざわざ迎えに……？%K%P
这样的人，为什么还要费心来接我呀？……？%K%P
%LC日向
%LC日向
「あの、ニナさん」%K%P
「那个，妮娜姐」%K%P
%LCニナ
%LC妮娜
「っと、ちょっと失礼」%K%P
「啊，抱歉失陪一下」%K%P
不意に電子音が流れたのでなにかと思えば、\nニナさんがスマホを取り出した。%K%P
突然一阵电话声传出，\n妮娜拿出了智能手机。%K%P
%LCニナ
%LC妮娜
「なっ……んもう、あの人はいつも……」%K%P
「啊……怎么可以，这个人总是这样……」%K%P
%LCニナ
%LC妮娜
「ごめんなさい、急に呼ばれちゃった。\n　ちょっとだけここで待っててくれる？」%K%P
「对不起，我突然有急事要过去。\n　你能在这里等我一会儿吗？」%K%P
%LC日向
%LC日向
「迷惑でなければ、オレも一緒に」%K%P
「如果不在意的话，我可以和你一起过去」%K%P
%LCニナ
%LC妮娜
「そうしたいのは山々なんだけど。\n　いまはまだ、あなたを連れてはいけないの」%K%P
「那边情况有点特殊呢。\n　所以现在，我不能带你一起去呢」%K%P
%LCニナ
%LC妮娜
「本当にごめんね。すぐ戻るから」%K%P
「真的很抱歉呢。 我会马上回来的」%K%P
%LC日向
%LC日向
「わかりました」%K%P
「我知道了」%K%P
オレが頷くやいなや、\nニナさんは小走りで校舎のほうへ。%K%P
我微微点头，\n妮娜姐就小跑着向教学楼奔去了。%K%P
けど『いまはまだ』って言い方、\nちょっと引っかかる。%K%P
但那句“所以现在”的话，有点让我深思。。%K%P
%LC日向
%LC日向
「……とりあえず、座って待つか」%K%P
「……无论如何，先坐下来等着吧」%K%P
ちょうど近くにベンチもあるし、そこで――、%K%P
附近有个长凳来着，啊在这――%K%P
%LC？？？
%LC？？？
「ニーナっ！」%K%P
「妮~娜~！」%K%P
%LC日向
%LC日向
「へぶうっ？！」%K%P
「咕呜？！」%K%P
いきなり――本当にいきなり、\n目の前が真っ暗になって呻いてしまう。%K%P
突然——真的太突然了——\n我顿时眼前一黑，不由得叫出声来。%K%P
すごく柔らかくて、良い匂いのする何かが、\nオレの顔面をみっちりと覆ってっ……むぐぐっ。%K%P
不知道是什么柔软，又如此好闻的东西，\n把我的脸覆盖了……唔姆姆%K%P
な、なんだ、これっ……？　なにが起きて――、%K%P
这，这是，什么……？　发生什么事了——%K%P
%LC日向
%LC日向
「んむぅ、んー、んんっ……！！」%K%P
「嗯姆，咕，嗯嗯嗯……！！」%K%P
%LC？？？
%LC？？？
「……あら？　ニナ、なんだかいつもと――」%K%P
「……啊啦？　妮娜，你这反应不像以往——」%K%P
%LC？？？
%LC？？？
「って、やだっ！？　ニナじゃないっ？！」%K%P
「呀，什么！？　不是妮娜啊？！」%K%P
%LC日向
%LC日向
「むー、むー、むぅー」%K%P
「呜— 呜—— 咕呜呜——」%K%P
%LC？？？
%LC？？？
「あっ、えとっ、そのっ、ごめんなさいっ！」%K%P
「啊，那什么，这个，对不起！」%K%P
%LC日向
%LC日向
「ぷはあっ！」%K%P
「噗哈啊啊！」%K%P
%LC日向
%LC日向
「はぁ、はぁ……いったいなにが――」%K%P
「哈啊，哈啊……到底，是什么啊——」%K%P
%LC日向
%LC日向
「って、きゅわあっ！？」%K%P
「欸，哇啊啊啊！？」%K%P
暗転していた視界が明るくなった直後、\n柔らかくて良い匂いの正体を知る。%K%P
在视线由暗转亮后，\n我终于知道了那柔软好闻的东西是什么。%K%P
さっきのむにゅんって感触、\nひょっとしなくても、お、おぱ、おぱぱ――、%K%P
那差点被吸入的触感，\n虽然不想说出来，那是xi，xiong，胸部啊啊――、%K%P
%LC？？？
%LC？？？
「大丈夫っ？」%K%P
「没事吧？」%K%P
%LC日向
%LC日向
「はっ、はひっ！　こちらはぜんぜん、\n　ちっともまったく大丈夫れひゅぅっ」%K%P
「啊，是！　我完全没问题的，\n　真的完全梅闷提的哦…」%K%P
%LC？？？
%LC？？？
「本当にごめんなさい。\n　私ったら、いきなり抱きついちゃって」%K%P
「真的非常抱歉。\n　我刚刚，突然抱住了你」%K%P
%LC？？？
%LC？？？
「あなたの帽子が学園長の物と似ていたから。\n　それで、驚かせようと思って、つい……」%K%P
「你的帽子和校长的帽子实在太像了。\n　所以，我想让你大吃一惊，只是这样而已……」%K%P
%LC日向
%LC日向
「そっ、そうだったんですね。\n　いやほんとびっくりしちゃいました」%K%P
「哦哦，原来是这样吗。\n　刚刚真是吓了我一跳」%K%P
うわずってしまった声が元に戻らなくて、\n恥ずかしさと焦りで、さらにあたふた。%K%P
我现在甚至做不到让自己声音正常一点，\n因为太羞耻太焦躁了。%K%P
そんな慌てふためくオレを見て、\n抱きついてきた女性はくすっと笑った。%K%P
看到我这么慌张，\n拥抱我的女性咯咯笑了起来。。%K%P
その笑顔がすごく上品だったから、\n思わず見惚れてしまう。%K%P
她的笑容是如此优雅，\n以至于让我的思绪变得恍惚。%K%P
容姿や雰囲気からして、彼女もニナさんと同様、\n日本人ではないことは明らかだった。%K%P
从她的外表和气氛来看，很明显，\n她和妮娜一样，不是日本人。%K%P
%LC？？？
%LC？？？
「……？　私の顔に、なにかついてる？」%K%P
「……？　我的脸上，有什么东西吗？」%K%P
%LC日向
%LC日向
「いえ。素敵な笑顔だったので、\n　思わず見とれてしまって」%K%P
「不， 是因为你的笑颜太好看了，\n所以我忍不住驻留视线了」%K%P
%LC？？？
%LC？？？
「まあまあ、ありがとう」%K%P
「嘛嘛~谢谢你哦~」%K%P
咄嗟の返答がお気に召したようで、\n今度は楽しそうに、くすくすと微笑む。%K%P
她似乎很喜欢我的称赞，这次她又开心地咯咯笑了起来。%K%P
剣術修行が主な目的だった留学だけど、\nこういった対応力も、それなりに身についた。%K%P
虽然出国留学的主要目的是练剑术，\n但我也在一定程度上，习得了这样的反应力。%K%P
個人差はあるけど、向こうの人たちは\n女性をスマートにエスコートするのが上手い。%K%P
可能是人性差异吧，在海外的的人们，\n都很擅长巧妙地迎合女性。%K%P
そういう所作も男らしさのひとつだと、\n向こうで出来た友人は誇らしげに語っていた。%K%P
这种行为也是男子气概的一部分！\n我在那边认识的一位朋友曾自豪地说过。%K%P
男らしいと言われたら、覚えるしかない。%K%P
当自夸有男子气概时，估计不会使人信服。%K%P
だもんで、それなり程度ではあるけど、\nこんな感じで女性と接するコミュ力は身についた。%K%P
但对于我来说，在某种程度上，\n我确信自己已经掌握了以这种方式与女性互动的沟通技巧。%K%P
女性の胸に顔をうずめた場合の対処法までは、\nさすがに学ぶ機会がなかったけど。%K%P
不过对于脸被埋在女性的胸口里该怎么办，\n这种事我也没机会去学呀。%K%P
%LC？？？
%LC？？？
「あなた、うちの学生ではないようだけど……。\n　こんな所でどうしたの？　まさか、迷子？」%K%P
「你好像不是我们这的学生呢…… \n　在这里做什么呢？　难道是，迷路的孩子？」%K%P
%LC日向
%LC日向
「えっと……人を待っていたんです。\n　すぐに戻るから、ここで待つように言われて」%K%P
「那个……我其实是在等人哦。\n　说是很快就会回来，让我在这里等着」%K%P
%LC？？？
%LC？？？
「そう。なら、助けは必要なさそうね」%K%P
「这样啊。 那么，我就不多事了呢」%K%P
%LC日向
%LC日向
「はい。お気遣い、ありがとうございます」%K%P
「好的。对于你的关心，我深表感谢」%K%P
%LC？？？
%LC？？？
「気にしないで。困っている人を助けるのは、\n　ここの学生にとって当たり前のことだから」%K%P
「不用在意的，帮助有需要的人，\n也是这里学生的修行之一。」%K%P
言われてみれば、着てる服が制服っぽい。%K%P
这么说来，她穿的衣服确实像制服。%K%P
ということは、留学生かな？%K%P
难道是，留学生吗？%K%P
……いや、ニナさんが学園長となると、\n外国人学校という可能性も捨てきれないか。%K%P
……啊不，妮娜姐都是学校的校长了，那不能排除它是一所外国学校的可能性。%K%P
%LC？？？
%LC？？？
「ちなみに誰を待っていたの？」%K%P
「顺便问一下，你在等谁呢？」%K%P
%LC日向
%LC日向
「ニナさんです。学園長の」%K%P
「是妮娜姐，这里的校长」%K%P
少し迷ったけど、口止めはされていないし、\n彼女もその名を出していたので正直に話す。%K%P
虽然有点犹豫，但我还是对她诚实相告，\n毕竟她还提到了这个名字，还是实话说更好。%K%P
誤魔化した結果、怪しまれて通報とかされたら、\nそれこそニナさんに迷惑をかけちゃうもんな。%K%P
如果欺骗他人，让自己变得可疑并被通告了，\n或许会给妮娜姐带来麻烦。%K%P
%LC日向
%LC日向
「それと、この帽子はさっき、\n　ニナさんに貸してもらいました」%K%P
「还有呢，这个帽子呀，\n　是刚刚妮娜姐借给我的」%K%P
結果、勘違いが発生して、さっきのような\nハプニングが起こってしまったわけだけど。%K%P
结果，就这样被误会，\n发生了刚刚的事情。%K%P
%LC？？？
%LC？？？
「なるほど。それで……」%K%P
「原来如此，那么……」%K%P
%LC？？？
%LC？？？
「実はさっきね、誤って抱きついたとき、\n　あなたから学園長の匂いがしていて」%K%P
「其实在刚才，我不小心抱了你，\n 是因为从你身上闻到校长的气味。」%K%P
%LC？？？
%LC？？？
「不思議に思っていたのだけど、\n　そういうことなら納得ね」%K%P
「虽然听起来不可思议，\n  但我确实可以，闻的出来哦」%K%P
%LC日向
%LC日向
「匂い……」%K%P
「味道吗……」%K%P
まあ、あんなにぎゅってされたんだし、\n帽子の匂いぐらいなら、分かる距離――、%K%P
嘛，在刚刚那种情况下，\n 如果是帽子的味道，在那么近的距离――、%K%P
って、さっきの思い出しちゃダメダメっ！\n余計なとこが男らしくなっちゃうからっ！%K%P
啊啊，那种事不要想起来呀！\n光是想想都会让自己燥热起来呀！%K%P
%LC？？？
%LC？？？
「つまり、あなたは学園長のお知り合い？」%K%P
「也就是说，你是认识校长的对吧？」%K%P
%LC日向
%LC日向
「知り合いと言っていいかどうか……。\n　実は今日、初めて会ったばかりで」%K%P
「我不知道这算不算是“认识”……  \n　事实上，今天我才和她见面。」%K%P
%LC？？？
%LC？？？
「まあ、そうなの？\n　なにやら事情がありそうね」%K%P
「嘛啊，这样吗？\n　看来是发生了什么事情呢」%K%P
%LC？？？
%LC？？？
「ぜひともお話を聞きたいところだけど……。\n　あいにく、用があって行かなくちゃいけないの」%K%P
「虽然我很想再听听你多说一些的……  \n　但不好意思，我呢，还有些事要去处理」%K%P
%LC？？？
%LC？？？
「もし、ご縁があってまた会えたら、\n　そのときお話を聞かせてちょうだいな」%K%P
「如果，我们还能有缘再次见面的话，\n　那时，我会好好地听听你的故事呢。」%K%P
%LC日向
%LC日向
「はい、喜んで」%K%P
「好的，我很乐意」%K%P
%LC？？？
%LC？？？
「ありがとう。じゃあね、ごきげんよう」%K%P
「谢谢你，那么我告辞了，贵安哦」%K%P
出会いが突風なら別れはそよ風みたいで、\n思わず立ち去る背中を目で追ってしまう。%K%P
相遇如急风，离别如微风，\n我不由得注目着逐渐远去的背影。%K%P
%LC日向
%LC日向
「……不思議な人だったな」%K%P
「……真是不可思议的人啊」%K%P
大人びているのに無垢というか、\n警戒感というものを感じさせない、というか。%K%P
虽然看起来像大人了，\n但她似乎并不对他人警戒或惊慌。%K%P
剣術の試合で言うなら、構えずとも隙がなく、\n気付けば懐に入り込まれてしまう感じ、みたいな。%K%P
用剑术的比试来说，就像破绽一样，\n一旦看到了，就尽在掌握中，的感觉呢。%K%P
にしても、ニナさんといい、いまの人といい、\n日本に帰ってきたのに会うのは外国の人ばかり。%K%P
说起来，妮娜姐也好，其他的人也好，\n回到日本后好像只见过外国人。%K%P
しかも、どちらもすごく日本語が上手で。%K%P
而且，她们的日语都说得很好。%K%P
ひょっとしてこの学園、\n日本語を教える専門校だったりとか？%K%P
也许这所学校，是一所专门教日语的学校也说不定呢？%K%P
%LCニナ
%LC妮娜
「はぁっ、はぁっ……ヒナちゃーん」%K%P
「哈啊，哈啊……日向酱~~~」%K%P
%LC日向
%LC日向
「あっ、ニナさん。って、大丈夫ですか？」%K%P
「啊，妮娜姐。额，没事吧？」%K%P
%LCニナ
%LC妮娜
「うん、久しぶりに全力で走ったから、\n　ちょっと、疲れちゃって……ふぅ、はぁ」%K%P
「唔嗯~好久都没有这么跑动了，\n　有点，累呀……呼~哈啊~」%K%P
駆け寄るなり膝に手をつくと、呼吸を整える。%K%P
她把手支撑到膝盖上，并调整着呼吸。%K%P
どうやらニナさん、体力はあまりないらしい。%K%P
显然呢，妮娜姐的体力不算太多。%K%P
%LCニナ
%LC妮娜
「ねえ、私がいない間に、\n　変わったことはなかった？」%K%P
「呐，在我离开的这段时间里\n　有发生什么事吗？」%K%P
%LC日向
%LC日向
「とくには……。いまさっき、\n　ここの学生っぽい人に会ったぐらいで」%K%P
「事情吗……。就在刚才，\n　我在这里遇到了一个看起来像学生的人」%K%P
%LCニナ
%LC妮娜
「えっ……あ、会っちゃったのっ？！」%K%P
「欸？……见，见面了吗？！」%K%P
%LC日向
%LC日向
「はい」%K%P
「啊是的」%K%P
%LCニナ
%LC妮娜
「相手の名前はっ？　どこの誰さんっ？\n　ヒナちゃん、名乗っちゃったりしたっ？」%K%P
「对方的名字是什么？　是哪里的哪位？\n　日向酱，你有说出自己的名字吗？」%K%P
%LC日向
%LC日向
「いえ。それが、お互い名乗らず仕舞いで――」%K%P
「不，那个，我们并没有互报姓名什么的——」%K%P
で、さっきの経緯を手短に伝えると。%K%P
然后，我简单说明了一下刚刚发生的事。%K%P
%LCニナ
%LC妮娜
「うーん、まずい子に会っちゃったなぁ……」%K%P
「呜，看来遇到了位难办的孩子呢……」%K%P
%LC日向
%LC日向
「まずい子って……ニナさん、\n　今の話だけで誰だかわかるんですか？」%K%P
「难办的孩子……妮娜姐，\n　听你这么说你知道是谁了？」%K%P
%LCニナ
%LC妮娜
「まぁね。いまの話に該当する子、\n　ここには一人しかいないから」%K%P
「算是啦。从你刚刚描述的孩子来看，\n　也就只有那一位啦」%K%P
%LCニナ
%LC妮娜
「でも、怪しまれなかったってことは、\n　帽子の効果があったってことよね……」%K%P
「不过，也不算奇怪了呢，\n　看来这顶帽子很有效果捏……」%K%P
%LC日向
%LC日向
「ひょっとしてこの帽子、ニナさんの関係者だって\n　証明するために貸してくれたんですか？」%K%P
「妮娜姐借给我这顶帽子，是为了证明，\n我和妮娜姐你有关系吗？」%K%P
%LCニナ
%LC妮娜
「えっ、まあ、うん、そんなところ。\n　ちゃんと役立ったみたいで良かった」%K%P
「欸，嘛啊~嗯嗯，就是这样哦。\n　我很高兴它能有用的说」%K%P
%LCニナ
%LC妮娜
「じゃ、急いでテアトルに行きましょ？\n　早く行かないと終わっちゃうから」%K%P
「那么，我们赶紧去剧院吧？　如果你不快点去的话，好戏就结束了」%K%P
%LC日向
%LC日向
「終わるって、なにが――わわっ……！？」%K%P
「结束了？什么呀——哇啊啊……！？」%K%P
ニナさんに手を引っ張られる格好で、\n半ば強引にテアトルの中へ。%K%P
妮娜拉住我的手，我就这样被半推半地进了剧院。%K%P
建物内部は本当に劇場のようで、\n入ってすぐのロビーには立派な階段もあった。%K%P
建筑内部和外边的剧院没有差别，\n进入大厅后，有一个宏伟的楼梯连接。%K%P
%LCニナ
%LC妮娜
「上からのほうが見やすいと思うから、\n　２階へ行きましょ」%K%P
「我觉得上去观看会更好呢，\n  我们去二楼吧」%K%P
言われるまま２階へ上がり、ドアを開ける。%K%P
听妮娜姐的话，我们上了二楼，门打开了。%K%P
それからホール内に入ろうとして、\n聞こえてきた音に、自然と足が止まった。%K%P
当我进入大厅时，\n一阵声音让我停下了脚步。%K%P
ときに規則正しく、ときに不規則に響く。%K%P
时而规律，时而无章。%K%P
この音は、まさしく剣戟の――、%K%P
这声音，正是对剑的声音――%K%P
%LC日向
%LC日向
「わ……」%K%P
「哇啊……」%K%P
眼下の光景に目を奪われ、息が止まる。%K%P
下面的场景吸引了我的目光，我不由得屏住呼吸。%K%P
舞台ような壇上で、対峙する二人の少女。%K%P
在舞台上，两个少女正在对峙。%K%P
身に纏う鎧が{艶:あで}やかならば、\n手にした剣も、実に絢爛で――、%K%P
身上的盔甲{绚烂:耀眼}无比\n手上的剑，如此华丽――、%K%P
って、剣……？　鎧に、剣……？！%K%P
等等，剑……？　披甲，还提着剑……？！%K%P
%LC？？？
%LC？？？
「はぁッ……！」%K%P
「喝啊……！」%K%P
唖然とするオレの意識を割くように、\n声と共に、ひとりの少女が剣を振り下ろす。%K%P
仿佛是为了拉回我被镇住的意识，\n少女喝声，同时挥舞着她的剑。%K%P
鎧の色に負けない艶やかな黒髪がなびくと、\n刀身の煌めきが、きらきらと映り込んだ。%K%P
她那乌黑的秀发飘动着，和盔甲的颜色一样耀眼，\n剑刃的光芒不断射出。%K%P
まるで、夜空を駆ける流星みたいに。%K%P
就像，划破夜空的流星一般。%K%P
%LC？？？
%LC？？？
「なんのっ……！」%K%P
「怎么会……！」%K%P
流れ星のように迫り来る一撃を、\nもう一人の子が、剣を振るって弾く。%K%P
如流星一样快速的一击，\n被另一个挥舞着剑的少女击退了。%K%P
鎧も髪色も、どちらも明るくて、\n黒髪の子とは対照的な雰囲気だ。%K%P
她的盔甲和头发的颜色都是浅色的，与黑发的少女形成了鲜明的对比。%K%P
でも、違うのはそれだけじゃない。%K%P
但是，这并不是唯一的区别。%K%P
黒髪の子が振るう剣は打刀のような形状だけど、\n明るい髪色の子の剣は、完全にレイピア。%K%P
黑发少女挥舞的剑的形状更像是武士刀，\n而浅发孩子挥舞的剑则完全是西洋剑。%K%P
戦い方も、黒髪の子が剣道に近いのに対し、\nもう一人の子は、ほぼフェンシングのスタイル。%K%P
在战斗方面，黑发少女是日本剑道的打法，而另一个孩子则是西方击剑的风格。%K%P
これってつまり、異種格闘技ならぬ、異種剣技――。%K%P
换句话说，这是不同的剑，不同剑术之间的较量――%K%P
%LC？？？
%LC？？？
「ふッ……！」%K%P
「哼……！」%K%P
幾度も剣を弾かれようが体勢を崩すことなく、\n黒髪の子はしっかりと打ち込んでいく。%K%P
无论剑被击退多少次，黑发少女都没失去主动权，\n黑发少女始终在稳当地出击。%K%P
そのたび響く剣戟の音に、心拍数が跳ね上がる。%K%P
这不断回荡的剑术声，让我心跳加速。%K%P
剣道の竹刀同士がぶつかる音とも、\nフェンシングの試合で耳にする金属音とも違う。%K%P
既不像剑道中竹剑相互碰撞的声音，\n也不像在击剑比赛中听到的金属声。%K%P
映画やゲームで聞くような、\n甲高く、澄んだ余韻の残る金属の音色。%K%P
更像在电影和游戏中听到的音调，\n一种高亢、清晰、挥之不去的金属音调。%K%P
……って、待てよ？　それってつまり、\nあの二人が手にしているのは――、%K%P
……诶，等等？   难道说，这两位手中的是――%K%P
%LC日向
%LC日向
「あっ、あの、ニナさんっ。\n　あれっ、あれはいったいっ……！？」%K%P
「啊，那个，妮娜姐。\n　那边的，到底是……！？」%K%P
%LCニナ
%LC妮娜
「ご覧の通り、騎士と騎士との真剣勝負よ。\n　その名も『{舞闘:カデンツァ}』」%K%P
「如你所见，这是一场骑士与骑士之间的真剑战斗。\n　名字叫『{舞斗:华彩乐章}』」%K%P
%LC日向
%LC日向
「カデンツァ――」%K%P
「华彩乐吗——」%K%P
その単語をオレは知っていた。%K%P
这个单词我还是知道的。%K%P
協奏曲などの楽曲終止符前に、ソリストが\n即興演奏を披露する部分――それが、カデンツァ。%K%P
在协奏曲作品结束之前，\n独奏者的即兴创作――这便是，华彩乐章。%K%P
つまり、音楽用語だ。%K%P
换句话说，这是一个音乐术语。%K%P
%LCニナ
%LC妮娜
「ヒナちゃんは、カデンツァって言葉の意味、\n　知ってる？」%K%P
「日向酱，对“华彩乐章”这一词的含义\n　了解过了吗？」%K%P
%LC日向
%LC日向
「ええ、まあ、なんとなく」%K%P
「是的，嘛~但不知道其内在」%K%P
誤魔化す必要なんてないはずなのに、\nつい、曖昧に濁してしまう。%K%P
我应该没有理解错意思，\n但是，它如何体现就有点模糊不清了。%K%P
%LC日向
%LC日向
「それよりニナさん、さっきから響いてる\n　この音って、金属音なんじゃ」%K%P
「另外妮娜姐，\n那一直回荡的声音，是一种金属碰撞的声音吧。」%K%P
%LCニナ
%LC妮娜
「そう聞こえるわね」%K%P
「你没有听错哦」%K%P
%LC日向
%LC日向
「なら、あの剣は本物ってことに――」%K%P
「也就是，那些剑都是真的了——」%K%P
%LCニナ
%LC妮娜
「そうね。そうかも」%K%P
「是的捏，就是这样」%K%P
%LC日向
%LC日向
「そうかもって……じゃあ」%K%P
「什么叫就是这样啊……那这么说的话」%K%P
続けようとした言葉を打ち消すように、\n一際高い金属音がホールに響く。%K%P
好像是为了打住我想说的话一样，\n又一个尖锐的金属声在大厅里回荡。%K%P
右から胴への薙ぎ払いを試みた黒髪の子の刀が、\n大きく上側へと弾かれた音だった。%K%P
那是黑发少女试图从右翼劈砍躯干，\n但被向上挡开的声音。%K%P
%LC？？？
%LC？？？
「くぅッ……」%K%P
「咳啊……」%K%P
安定していた黒髪の子の上体が、微かに揺らぐ。%K%P
原本一直沉静的黑发少女，现在上半身开始微微晃动了。%K%P
牽制ではなく決めにいく一撃だったのだろう、\n全力の攻撃を捌かれて、バランスが崩れたんだ。%K%P
我想刚才她的进攻是必杀技，\n但被格挡开来，全力攻击一落空，就失去了平衡。%K%P
%LC？？？
%LC？？？
「いただきッ……！」%K%P
「岂能错过……！」%K%P
相手の剣を上に弾いた明るい髪色の子は、\n冷静に、けれど素早く身体ごと剣を引いた。%K%P
那个淡发少女，冷静地弹开对手的剑后，立刻抽身回剑反击。%K%P
身体そのものがフェンシングの剣のように\n柔らかくしなり、力を溜め込む。%K%P
她身体像剑一样轻柔舞动，\n似水轻柔，又暗藏钧力。%K%P
直後、床を蹴った彼女は、\n相手の胸元へ真っ直ぐ突きを繰り出した。%K%P
紧接着，她猛蹬地板，\n直直地向着对手的胸膛突刺过去。%K%P
決まった――そう確信した直後、\nオレは信じられないものを見た。%K%P
胜负已决——就在我暗想的时候，\n我看到了不敢相信的一幕。%K%P
黒髪の子が、消えた。%K%P
黑发少女，消失了。%K%P
%LC？？？
%LC？？？
「なっ……？！」%K%P
「什……？！」%K%P
オレの心中を代弁するような驚愕の声と共に、\n明るい髪色の子のレイピアが虚空を突く。%K%P
我心中不由得惊叹一声，\n看着浅发少女的剑刺到虚空中%K%P
いや、虚空じゃない。%K%P
不，不是虚空。%K%P
そこには夜空があった。%K%P
她所触及的，是一片夜空！%K%P
ホールに足を踏み入れ、壇上を見たとき、\n真っ先にオレの目を奪った漆黒の夜空。%K%P
我不由得上前看去，注视着舞台，\n只见映入我眼帘的是一片漆黑夜空。%K%P
レイピアが貫いたのは、\nふわりと舞う黒髪だけだった。%K%P
剑唯一刺穿的，\n是那一头轻轻飘动的黑发。%K%P
%LC日向
%LC日向
「うそ……」%K%P
「骗人的吧……」%K%P
驚きのあまり、自然と声が漏れる。%K%P
我太震惊了，声音不由自主地漏了出来。%K%P
消えたと思った黒髪の子は、\nレイピアの真下にいた。%K%P
那个黑发少女，我还以为她消失了，\n结果还在对手的剑下。%K%P
自分の胸元を狙ってきた鋭い突きを、\n彼女は、素早く伏せることで凌いだのだ。%K%P
当剑锋即将袭向自己的胸口时，\n那个少女，迅速地俯身避其锋芒。%K%P
崩れ落ちるように――それこそ、\n消えたと錯覚するほどのスピードで。%K%P
如同山崩一般——动如迅雷，\n让人以为她消失了一般。%K%P
確かに、さっきの突きを防ぐとなったら、\n弾かれたばかりの刀では間に合わなかっただろう。%K%P
不过说实在的，如果只是阻止突刺，\n估计她当时也可以做到格挡开来。%K%P
けど、だからといって伏せるだなんて。%K%P
像这样，俯下身去躲避真的好吗。%K%P
だいたい、伏せるという発想自体、\nどうかしている。%K%P
一般来说，俯下身去的抵挡之法，\n 可是下下策呀。%K%P
胸元を狙った突きに対して屈めば、\n当然、相手の切っ先に顔を晒すリスクを負う。%K%P
如果你俯身来对付刺向胸口的剑，\n那也会冒着将脸暴露在对手内围的风险。%K%P
仮に剣が本物じゃなかったとしても、\n顔に直撃したら怪我ではすまないはずだ。%K%P
即使那把剑不是真的，\n直接撞向她的脸，肯定会受伤的。%K%P
もしこれがフェンシングの試合なら、\n危険行為として反則をとられてもおかしくない。%K%P
如果这是一场击剑比赛，\n被认为是危险的犯规也说不定呢。%K%P
だというのに、あの子はそれを迷わず実行した。%K%P
但那位少女，毫不犹豫地就这样做了。%K%P
伏せて避ける以外に手がなかったとしても、\nそんな決断を瞬時に下せるなんて――、%K%P
心无他念地立刻俯身，\n在瞬间做出这样的决定――%K%P
%LC？？？
%LC？？？
「これで……ッ」%K%P
「此事已成……」%K%P
静かに呟き、黒髪の子が構え直す。%K%P
小声说了一句，黑发少女重新站稳身姿。%K%P
クラウチングスタートを思わせる低い姿勢は\nそのままに、弾かれた刀身をたぐり寄せる。%K%P
伏剑式起手，让身体保持低姿态不变，\n然后，将被震开的刀重新摆正。%K%P
その切っ先はアナログ時計の針のように\n半円を描くと、ぴたりと止まった。%K%P
刀尖就像时钟的指针一样，\n画了一个半圆，然后停住。%K%P
刀を脇に構えて、切っ先を後ろに下げる――、\n五行の構えでいうところの、脇構え。%K%P
将刀横侧一旁，将刀锋朝上——\n这就是五行姿态中所谓的侧姿。%K%P
あまりにも綺麗な刀の軌跡は、子供の頃、\nテレビの時代劇で見た円月殺法みたいだった。%K%P
刀的轨迹如此美丽，她的样子，\n就像小时候在电视历史剧中看到的圆月杀法一样。%K%P
黒髪の夜空に、今度は月が浮かぶ。%K%P
如今黑发之夜空中，月将破水华而出！%K%P
輝きを宿した刀身が、横一文字に相手の胴を薙ぐ。%K%P
蕴含光辉的剑刃，横切斩击对手的躯干！%K%P
それはしっかりと相手の胴を両断――、%K%P
刀坚定地斩断了对手的躯干――%K%P
って、両断……？！！！！%K%P
等等，斩成两段了啊啊啊啊……？！！！！%K%P
%LC日向
%LC日向
「わっ、わわわっ……！？」%K%P
「哇，呜哇哇哇哇……！？」%K%P
黒髪の子の刀は、確実に相手の胴を捉えていた。%K%P
黑发少女的剑，肯定已经砍中了对方的躯干。%K%P
そりゃもう見間違えるのが無理ってぐらい、\nバッサリと胴に刃が食い込み、鎧が砕けてっ……！？%K%P
这不可能又是我看错了啊，刀刃砰的一声斩进了躯干，连盔甲都碎了……！？%K%P
%LC日向
%LC日向
「にににニナさんアレアレアレっ……！」%K%P
「妮妮妮妮娜姐，那个那个那个……！」%K%P
%LCニナ
%LC妮娜
「大丈夫よ、ヒナちゃん。落ち着いて」%K%P
「没事的啦日向酱~   冷静冷静~」%K%P
%LC日向
%LC日向
「でっ、でも、でもでもでもっ……！」%K%P
「但，但是，但是但是但是……！」%K%P
あんなにズバッと切り裂かれて、\n大丈夫なはずが――……って、あれ……？%K%P
那个人都被一刀两断了，怎么还说没事呀——\n……欸，等等……？%K%P
血が、まったく出てない……？%K%P
血呢，根本没出血……？%K%P
それどころか、切られたはずの女の子が、\n何事もなかったように両足で立ってる……？%K%P
而且，本该被砍断的女孩却仍然站立，\n仿佛什么都没发生过……？%K%P
いったい、何が起きて――、%K%P
这到底，是怎么回事呀――、%K%P
%LC？？？
%LC？？？
「それまでっ！」%K%P
「到此为止！」%K%P
声が響き渡った直後、ホールが明るくなる。%K%P
一个声音响起后，大厅立即明亮了起来。%K%P
同時に、オレの背筋がピンと伸びていた。%K%P
与此同时，我的背部猛地挺直了。%K%P
いまの声って――、%K%P
刚刚的声音是――、%K%P
%LCニナ
%LC妮娜
「ヒナちゃん。ほら、あそこ」%K%P
「日向酱。 看，就在那里哦」%K%P
ニナさんに言われて壇上を注視すると、\n戦っていた二人の他にも人がいたことに気付く。%K%P
当妮娜让我看舞台的另一边，除了两人战斗之外，还有其他人在观看。%K%P
さっきの声、あの姿――間違いない、姉さんだ。%K%P
刚才的声音，那个身影——毫无疑问，是我的姐姐。%K%P
%LC日向
%LC日向
「あ……」%K%P
「啊……」%K%P
オレが気付くと同時に、\n姉さんがこちらを見て微笑む。%K%P
当我注意到她时，姐姐她看着我笑了。%K%P
距離はそこそこ遠いのに……って、\nオレから見える以上、向こうからも見えて当然か。%K%P
即使距离很远……不过， \n我能看到姐姐，姐姐自然能看到我。。%K%P
いや、いまはそれよりも。%K%P
不，现在先不思考这个。%K%P
%LC日向
%LC日向
「ニナさん。いま、確かに黒髪の子の刀が、\n　相手の胴をバッサリ斬ったと思うんですけど」%K%P
「妮娜姐。 刚刚，那个黑发少女的剑，\n   确实斩断了对手的躯干对吧」%K%P
%LCニナ
%LC妮娜
「そうね、見事にズバッと」%K%P
「对捏，观感太精彩（Zubat）了」%K%P
%LC日向
%LC日向
「やられた子の鎧、\n　砕け散ったように見えたんですが」%K%P
「那个被砍中的少女的盔甲，\n  看起来也已经碎掉了。」%K%P
%LCニナ
%LC妮娜
「見えたわね」%K%P
「看到了捏」%K%P
%LC日向
%LC日向
「じゃあ、なんで――」%K%P
「所以，为什么呀——」%K%P
%LCニナ
%LC妮娜
「その答えが知りたいなら、ついてきて」%K%P
「想知道答案吗，跟我来吧」%K%P
そうして今度は、オレの手を引くことなく、\nニナさんは歩き出した。%K%P
这一次，妮娜姐没有拉着我的手，\n 转身就走了。%K%P
まるで、オレなら間違いなくついてくるって、\n確信しているみたいに。%K%P
就好像，她十分确定我会跟着她一样。%K%P
ニナさんに案内されてやってきたのは、\nロッカーが並ぶ控え室らしき場所だった。%K%P
跟着妮娜姐来到一个看起来像准备室的地方，\n里面摆满了储物柜。%K%P
そこでオレを待っていたのは――、%K%P
在那里等着我的是――、%K%P
%LC宗千佳
%LC宗千佳
「おかえり、日向」%K%P
「欢迎回家，日向」%K%P
凜々しい風貌で優しく微笑む女性こそ、\nオレの剣術の師匠でもある姉さん――諏訪宗千佳。%K%P
一个相貌端庄，笑容温柔的女人在等我，\n是我的姐姐，也是我的剑术师父——诹访宗千佳。%K%P
予定では空港で待ち合わせるはずが、\nまさか、こんな形での再会になるだなんて。%K%P
原计划是在机场见面的，\n没想到，会是在这种地方重逢。%K%P
%LC日向
%LC日向
「……ただいま、姉さん」%K%P
「……我回来了，姐姐」%K%P
%LC宗千佳
%LC宗千佳
「どうした？　随分としおらしいな」%K%P
「怎么了？   怎么那么生疏了」%K%P
%LC日向
%LC日向
「純粋に懐かしんでるだけだってば。\n　こうして会うの、１年ぶりだし」%K%P
「只是非常怀念你呢。\n　距离上一次见面，已经一年了呢」%K%P
%LC宗千佳
%LC宗千佳
「見たところ背丈も変わりないし、\n　あまり１年ぶりという実感はないが」%K%P
「看起来你身高没变化呢，\n  都没让我有过去了1年的实感」%K%P
%LC日向
%LC日向
「ぐっ……」%K%P
「咕呜呜……」%K%P
からかう口調が妙に優しくて、\n普段なら言い返せるのに、つい呻いてしまう。%K%P
虽然调侃的语气非常温柔，\n但我还是忍不住叹了一声，没法反驳呀。%K%P
留学中は１度も日本に帰らなかったから、\nさっきも言った通り、顔を合わせるのは１年ぶり。%K%P
我在国外学习期间从未回过日本，所以正如我所说，\n这是我们一年来的第一次见面。%K%P
宗千佳姉さんのことを、オレは尊敬している。%K%P
对于宗千佳姐姐，我非常尊敬她。%K%P
見た目通り、基本的に厳しい人だけど、\nなんだかんだ世話焼きだし、面倒見も良いし。%K%P
虽然看起来，她是一个严格克己的人，\n但对于其他人的事，她也非常关心。%K%P
何より、強い。%K%P
最重要的是，姐姐很强。%K%P
剣術は言うに及ばず格闘技にも精通していて、\n肉体面はもちろん、精神面も強靱な人だ。%K%P
他精通武术和剑术，\n精神层面和身体层面，都很强大。%K%P
留学前、本気の姉さんに稽古をつけてもらったけど、\nそのときは３分と保たなかった。%K%P
出国留学前，这么个认真的姐姐和我对阵，\n 别想了，我可坚持不了3分钟以上。%K%P
格が違う、というやつなのだ。%K%P
那可真是，无法想象。%K%P
%LC宗千佳
%LC宗千佳
「背丈は変わりないが、顔つきは多少大人びたか。\n　その様子だと、良き学びを得たな」%K%P
「身高没有多少变化，但脸却变得成熟了几分呢。\n　这样子，看来在国外修行的不错。」%K%P
%LC日向
%LC日向
「ほんと、色々あったよ。\n　聞いてもらいたい話もたくさんあるし」%K%P
「真的是，发生了很多事呢。 \n  不过姐姐这边的事，我倒是想听一下呢」%K%P
%LC宗千佳
%LC宗千佳
「そうか……。ともかく、\n　息災でなにより……だな、うん」%K%P
「这样啊……无论如何，\n　倒还真的挺麻烦……的说，嗯……」%K%P
%LC日向
%LC日向
「なに、その言い方。\n　まるで、元気なのが残念みたいに」%K%P
「是什么呀，听你说完，\n　好像……我来到这好像让你为难了」%K%P
%LC宗千佳
%LC宗千佳
「いや、けして残念というわけでは\n　ないんだが……」　%K%P
「不不，也不是说你来了就不好了\n  没这回事……」　%K%P
言葉を濁し、姉さんが視線を逸らす。%K%P
说辞含糊不清呢，姐姐她移开了视线。%K%P
その先に居たのはニナさんだった。%K%P
妮娜姐这时站了出来。%K%P
%LCニナ
%LCニナ
「じゃあ、そろそろ本題タイムね」%K%P
「那么，是时候进入主题了。」%K%P
%LC日向
%LC日向
「本題って……あっ、そっか。さっきの」%K%P
「主题，吗……啊，这样啊，那刚刚的」%K%P
%LCニナ
%LC妮娜
「だけでなく。どうしてむーちゃんが、\n　ここにいるのか、とか――」%K%P
「以及，为什么宗酱她，\n  会来到这里的原因」%K%P
%LCニナ
%LC妮娜
「ヒナちゃんをこの学園まで連れてきた、\n　本当の理由についても話さないと」%K%P
「以及把日向酱你带到这所学校，\n  我要告诉你真正的原因」%K%P
%LC日向
%LC日向
「本当の理由って……ニナさんは代理として、\n　オレを迎えに来てくれただけなんじゃ」%K%P
「真正的理由吗……难道不是妮娜姐受委托，\n　去把我接到这的吗」%K%P
%LCニナ
%LC妮娜
「表向きはね」%K%P
「这只是其一哦」%K%P
%LC日向
%LC日向
「表向き？」%K%P
「只是其一？」%K%P
%LCニナ
%LC妮娜
「だって、本当の理由をそのまま伝えたら、\n　絶対に断られるって、むーちゃんが――」%K%P
「因为，要是说出真正的原因，\n　肯定会被你拒绝的，宗酱你说对吧——」%K%P
%LC宗千佳
%LC宗千佳
「こらっ、誤解を招く言い方はやめろっ。\n　それだと私が首謀者のようじゃないかっ」%K%P
「喂，别说这些令人误解的话好吗，\n　搞得好像我才是主谋的人一样」%K%P
%LC宗千佳
%LC宗千佳
「そもそもだ、人前でむーちゃんはよせと、\n　あれほど注意しておいただろうっ」%K%P
「还有啊，在别人面前别叫我“宗酱”，\n   你倒是给我注意一点呀」%K%P
%LCニナ
%LC妮娜
「自分の名前は仰々しいから愛称で呼んでって、\n　そう言ってきたのはむーちゃんなのに……」%K%P
「“要是仰慕我就用爱称来叫我吧”， \n  这句话可是宗酱你说的呀……」%K%P
%LC宗千佳
%LC宗千佳
「１０年以上前の話をいま持ち出すなっ」%K%P
「不要再提起10年前我说的蠢话了！」%K%P
%LCニナ
%LC妮娜
「なら、明日からは二人っきりのときも、\n　宗千佳先生って呼んだほうがいいの？」%K%P
「那么，从明天开始当我们独处时，\n  我可以叫你宗千佳老师吗？」%K%P
%LC宗千佳
%LC宗千佳
「それは……」%K%P
「这这这……」%K%P
%LCニナ
%LC妮娜
「んふふっ。そういう嘘がつけないとこ、\n　だぁい好きっ」%K%P
「唔噗噗~这样来我可不能说谎话呢，\n　我呀，最喜欢你了♥」%K%P
%LC宗千佳
%LC宗千佳
「ぐぬぬっ……」%K%P
「……咕奴奴」%K%P
%LC日向
%LC日向
「あのぉ……」%K%P
「那个……」%K%P
%LCニナ
%LC妮娜
「っと、ごめんなさい。\n　主賓をほったらかしにしちゃって」%K%P
「啊，抱歉哦。\n　让我们的贵宾在旁边看戏了」%K%P
%LC日向
%LC日向
「いえ。それは、別に」%K%P
「啊不，这个嘛，没关系」%K%P
話がいきなり明後日の方へすっ飛んでったけど、\n姉さんのぐぬぬ顔で帳消しみたいなものだ。%K%P
话题突然跳跃了\n 姐姐“咕奴奴”的脸也逐渐恢复了平常样子。%K%P
実直、真面目、質実剛健――そんな姉さんが、\nあんな顔をするなんて……初めて見たかも。%K%P
正直、认真、刚正不阿——这样的姐姐、\n竟然也有那样的表情……真是第一次见呢。%K%P
%LC日向
%LC日向
「ニナさんって本当に、\n　姉さんと親しい仲だったんですね」%K%P
「妮娜姐真的，和姐姐是十分亲密的朋友呢」%K%P
%LCニナ
%LC妮娜
「ええ。むーちゃんが留学してたことは、\n　ヒナちゃんも知っているでしょ？」%K%P
「是呀，宗酱也曾出国留学过，\n　这件事日向酱知道吗？」%K%P
%LC日向
%LC日向
「はい。よく話を聞かせてもらいました」%K%P
「是的。 之前在姐姐那里听过」%K%P
オレが留学を決意したのだって、\n姉さんの経験談に憧れた部分が大きい。%K%P
我之所以决定出国留学，很大程度上是因为我想追随姐姐的步伐。%K%P
ヨーロッパにある、アリアンロッド女学院。%K%P
听说是在欧洲的，阿莉娅-罗德女子学院。%K%P
歌姫と騎士を育成するという学び舎に、\n姉さんは３年間、卒業まで留学していた。%K%P
在这个训练歌姬和骑士的学校里\n姐姐在这学习了三年，直到毕业。%K%P
%LCニナ
%LC妮娜
「私とむーちゃんは、そのときの同級生――」%K%P
「我和宗酱呢，是那时候的同级生哦——」%K%P
%LCニナ
%LC妮娜
「もっというと、\n　むーちゃんは私の騎士だったの」%K%P
「更重要的是，\n　宗酱是我的骑士呢」%K%P
%LC日向
%LC日向
「私の騎士……ってことはつまり、\n　ニナさん{歌姫:ディーバ}なんですかっ……？！」%K%P
「我的骑士……啊，那这么说的话\n　妮娜姐难道是{歌姫:Diva}吗……？！」%K%P
%LCニナ
%LC妮娜
「うん」%K%P
「嗯！」%K%P
オレの質問を、にっこり肯定するニナさん。%K%P
对于我的问题，妮娜姐微笑着肯定了。%K%P
アリアンロッド女学院では、年に一度、\n現地の伝承をもとにした祭典が催される。%K%P
在阿莉娅-罗德女子学院里，有着一年一次\n举办以当地民俗为基础的节日。%K%P
それが、{歌姫救出譚:プリンチペッサ・プレギエーラ}――通称、アリア。%K%P
那便是，{歌姫拯救传:principessa・preghiera}——俗称，咏叹调（Aria）。%K%P
選ばれた騎士たちが歌姫を助け出すため、\n広大な森を舞台に戦いを繰り広げるという祭典だ。%K%P
被选中的骑士在广阔森林中战斗去营救歌姬，\n这是一个在森林中进行战斗的庆典。%K%P
留学していた姉さんは、\n騎士として、その祭典に２度出場。%K%P
我姐姐在留学时，\n  曾作为骑士参加了两次节日。%K%P
結果、２年連続で最優秀騎士に選ばれ、\nちょっとしたブシドー旋風を巻き起こしたという。%K%P
结果，她连续两年被评为最佳骑士，\n据说她还引起了学习武士道的热潮。%K%P
子供の頃、姉さんからその話を聞いたオレは、\n自分も留学して騎士になると息巻いたものだった。%K%P
当我还是个孩子的时候，就从姐姐那里听说了这件事，\n因此受到启发，想出国留学并成为一名骑士。%K%P
もっとも、アリアンロッドは名前が示すように\n女学院なので、男のオレが通えるはずもなく。%K%P
但是嘛，阿莉娅-罗德学院是女子学院\n都女子学院了，我一个男人怎么可能进去呀。%K%P
結局、オレが留学先として選んだのは、\nフェンシングと馬術が盛んな男子校だった。%K%P
最后，我选择在一所男校留学，\n那里的击剑和马术运动很受欢迎。%K%P
%LCニナ
%LC妮娜
「私、母校のアリアンロッドが大好きで。\n　むーちゃんの母国である、日本も大好きで」%K%P
「我呢，非常喜欢我的母校阿莉娅-罗德。\n　也非常喜欢宗酱的祖国，日本。」%K%P
%LCニナ
%LC妮娜
「だから、いつか日本にアリアンロッドのような\n　学び舎を創設したいと思っていたの」%K%P
「所以，我想有朝一日在日本创建一所，\n   像阿莉娅-罗德女子学院这样的学校」%K%P
%LCニナ
%LC妮娜
「とはいえ、それはなかなか難しくて……」%K%P
「但是，要想做到是相当困难的呢……」%K%P
%LCニナ
%LC妮娜
「そこで、すでにある学園の理事長になって、\n　新たに学科を作ることにした、というわけ」%K%P
「因此，我决定成为一所现有学校的校长，\n  并创建一个新学科，就是这样啦」%K%P
%LCニナ
%LC妮娜
「そうして設立したのが、\n　騎士育成科――通称、ノーブル」%K%P
「于是就建立了这么一个学科，\n　骑士育成科——通称：诺博尔（Noble，法语“高贵的”）」%K%P
%LCニナ
%LC妮娜
「ノーブルでは{騎士道:シュバルリィ}という授業を通じて、\n　騎士の心得や在り方を教えているの」%K%P
「诺博尔是为了教导{骑士道:Chivalry}而成立，\n　教导学生如何成为一名骑士的学科」%K%P
%LCニナ
%LC妮娜
「さっき{舞闘:カデンツァ}をしていたのは、\n　ノーブルで学んでいる子たちよ」%K%P
「刚才在{舞斗:华彩乐}的人，\n　就是在诺博尔学习的学生哦」%K%P
%LC日向
%LC日向
「騎士育成科――」%K%P
「骑士育成科——」%K%P
その響きを聞いた瞬間、胸が高鳴った。%K%P
听到这名字的那一刻，我就已经心动了。%K%P
騎士を育てる――それは、オレが通いたかった\nアリアンロッド女学院と同じ理念だったからだ。%K%P
培养骑士——这件事，与我曾想去的\n阿莉娅-罗德女子学院的理念相同。%K%P
けど、そうなると――、%K%P
但是，这么说来――%K%P
%LC日向
%LC日向
「なら、この銀蘭学園は、\n　深皇学園と何か関係があるんですか？」%K%P
「那么，这个银兰学院，\n　和深皇学院有什么关系吗？」%K%P
%LCニナ
%LC妮娜
「まあ、ヒナちゃん、深皇を知ってるの？」%K%P
「嘛，日向酱，你知道深皇呀？」%K%P
%LC日向
%LC日向
「はい。前に調べたことがあって」%K%P
「是的。 我以前调查过。」%K%P
アリアンロッド女学院と姉妹校提携を結び、\n数多の逸材を輩出している名門、深皇学園。%K%P
与阿莉娅-罗德女子学院互为姐妹校，\n培养了许多人才的名校，深皇学院。%K%P
その存在を知ったときは興奮したし、\n将来絶対に受験するぞって息巻いたものだ。%K%P
当我知晓这个学校时，我很兴奋，\n当时还想着将来一定要考到这个学校里。%K%P
まあ、直後に女学園だと判明して、\nめちゃくちゃショックを受けたわけだけど。%K%P
嘛，之后发现这是一所女子学校时，\n让我受到了不小的打击。%K%P
%LCニナ
%LC妮娜
「直接的な交流はあまりないけれど、\n　無関係ってわけでもないわよ」%K%P
「两校之间没有太多的直接互动，\n  但也不是没有任何关系的哦」%K%P
%LCニナ
%LC妮娜
「この銀蘭も、深皇と同じく、\n　アリアンロッド女学院と姉妹校だから」%K%P
「这银兰，和深皇一样，\n　也是阿莉娅-罗德女子学院的姐妹校」%K%P
%LCニナ
%LC妮娜
「まぁ、深皇に比べちゃうと、\n　こちらは全然ひよっこなんだけど」%K%P
「不过嘛，跟深皇这样的雄鹰比起来，我们这根本就是雏鸟一般」%K%P
%LCニナ
%LC妮娜
「なにせ、この学園にノーブルが出来て、\n　今年でようやく４年目だから」%K%P
「毕竟，这所学校刚成立诺博尔，\n  到今年也才第四年。」%K%P
それなら、オレが知らなかったのも無理もない。%K%P
这么说来，我不知道有这所学校，也是情理之中了。%K%P
深皇が女学園だと知って絶望したあとは、\n留学前提で、国内の学園事情は調べなかったし。%K%P
当我发现深皇是一所女子学校都绝望了，\n  之后，我没有在出国留学时，提前去调查日本学校的情况。%K%P
%LC宗千佳
%LC宗千佳
「ノーブルが出来た頃から、私はニナに頼まれて、\n　ここに足を運び、剣術の指導をしてきた」%K%P
「自从诺博尔成立之后，我应妮娜的请求，\n  来到了这里，然后在这里教授剑术」%K%P
%LCニナ
%LC妮娜
「いわゆる特別講師ってやつね。\n　で、それが学生たちにすっごく好評で」%K%P
「她可是这里的特别讲师呢。 \n 嗯，在学生圈子里很受欢迎哦。」%K%P
%LC日向
%LC日向
「わかります」%K%P
「我懂的」%K%P
家が剣術道場をやっていることもあり、\n姉さんは人に教えるのが上手い。%K%P
家里经营着一个剑术道场，\n  姐姐她肯定擅长教人啦。%K%P
オレの剣術が人並み以上に上達したのも、\n姉さんの指導があればこそだ。%K%P
我的剑术之所以能有平均水平以上，\n全是因为姐姐指导有方。%K%P
%LCニナ
%LC妮娜
「だからね、いっそうちで働かないかって、\n　ずーっと前からお願いしていたの」%K%P
「所以说呢，这就是为什么我一直努力地动员她，\n想要她来到这里工作」%K%P
%LCニナ
%LC妮娜
「で、去年ようやく口説き落として。今年の春から、\n　正式にうちの職員として働いてもらっているの」%K%P
「你看，去年我终于说服了她。 从今年春天开始，\n  她正式成为我们学校的一名教职工。」%K%P
あ、なるほど。それでさっきニナさん、\n宗千佳先生、なんて呼び方をしてたのか。%K%P
啊，原来是这样，这就是为什么刚刚妮娜姐，\n用“宗千佳老师”来调侃称呼姐姐的原因吧。%K%P
%LCニナ
%LC妮娜
「ただ、いまちょっと……ううん、\n　すっごく困ったことになっていて」%K%P
「然而，现在有一个……嗯姆姆，\n  一个令人困扰的问题呢。」%K%P
%LCニナ
%LC妮娜
「この学園には、むーちゃん以外にも、\n　剣術を指導する職員が二人いるんだけど――」%K%P
「除了宗酱之外，这所学校里原本，\n  还有另外两名教剑术的教师」%K%P
%LCニナ
%LC妮娜
「産休と怪我で、どちらもいま、\n　お休みしちゃってる状態なの」%K%P
「由于产假和受伤，两人现在都是，\n　处于休息无法上任的状态呢」%K%P
%LC宗千佳
%LC宗千佳
「今日の{舞闘:カデンツァ}の審判も、\n　本来なら、その職員が担当するはずだった」%K%P
「今天的{舞斗:华彩乐}的裁判，\n　原本，应该是其他老师负责的」%K%P
%LCニナ
%LC妮娜
「けど、いないものは仕方がないから。\n　むーちゃんが審判を引き受けた、というわけ」%K%P
「但是，因为不可抗拒因素，\n  所以只好由宗酱来担当裁判了，就是这样」%K%P
%LC日向
%LC日向
「そして姉さんの代わりに、\n　ニナさんがオレを迎えに来た、と」%K%P
「然后姐姐代理了裁判，\n  就让妮娜姐来接我，对吧」%K%P
剣道やフェンシングの審判員は、\nそれなりの経験者でないと務まらない。%K%P
剑道和击剑的裁判员，\n  必须要有一定的经验才行。%K%P
それはきっと、{舞闘:カデンツァ}も同じ。%K%P
同理，{舞斗:华彩乐}也一样。%K%P
それに姉さんって、そういうこと、\n他人任せにしたがるタイプじゃないし。%K%P
另外，我姐姐对于这种事，\n肯定不会留给别人做的。。%K%P
%LC日向
%LC日向
「もう……。そういう事情なら、\n　連絡してくれればよかったのに」%K%P
「真是的……  如果是有事情的话，\n  我还是希望你能联系我一下呀。」%K%P
%LC宗千佳
%LC宗千佳
「すまない。\n　私もそうしようと思ったんだが……」%K%P
「抱歉。\n　我想我也应该这样做……」%K%P
%LCニナ
%LC妮娜
「私がむーちゃんに無理を言ったの。\n　代わりにヒナちゃんを迎えに行かせてって」%K%P
「我知道宗酱因事无法脱身后。\n　就主动接下去迎接日向酱的事了」%K%P
%LCニナ
%LC妮娜
「どうしてもあなたのこと、\n　自分の目で確かめておきたかったから」%K%P
「自从我知道你的事后，\n  我也很想亲眼看看你」%K%P
%LC日向
%LC日向
「確かめる？」%K%P
「亲眼看看？」%K%P
%LCニナ
%LC妮娜
「そう。で、ようやく肝心の本題なんだけど――」%K%P
「对， 这也是，最后的核心话题——」%K%P
%LCニナ
%LC妮娜
「ヒナちゃん。――いえ、空木日向くん。\n　この学園で、剣術を教えてみる気はない？」%K%P
「日向酱。——不，空木日向君。\n　你愿不愿意，在这个学院里教授剑术？」%K%P
%LC日向
%LC日向
「……へ？」%K%P
「……欸？」%K%P
剣術を教える、って――、%K%P
教授剑术的话，欸――、%K%P
%LC日向
%LC日向
「えええっ？！\n　お、オレが、ですかっ……！？」%K%P
「欸欸欸？！\n　我，我吗，对我说的……！？」%K%P
%LCニナ
%LC妮娜
「さっきも言ったように、いまこの学園には、\n　剣術を指導できる人がむーちゃんしか居ないの」%K%P
「正如我之前所说，现在这所学校里，\n  只有宗酱一个人可以教剑术」%K%P
%LCニナ
%LC妮娜
「ぶっちゃけちゃうと、人手が足りなくて\n　すっごく困ってる、というわけ」%K%P
「说白了，没有足够的人手，\n  导致现在出现了很多麻烦呢，就是这样」%K%P
%LC日向
%LC日向
「だからって……なんでオレなんですか？」%K%P
「所以说呀……为什么是我？」%K%P
%LCニナ
%LC妮娜
「理由はいくつかあるんだけど、\n　なによりもまず、あなたが強いこと」%K%P
「有几个原因呢，\n  首先第一点是，你很强」%K%P
そう言うとニナさんはスマホを取り出し、\n少し操作してから画面を見せてきた。%K%P
说完，妮娜姐拿出智能手机操作了一会儿，\n然后给我看了屏幕。%K%P
そこに映っていたのは、他でもない、オレ。%K%P
出现在画面里的，不是别人，正是我。%K%P
とある大会でオレが優勝したことを報じる、\nフランスのニュースサイトの記事だった。%K%P
这是法国新闻网站上的一篇文章，\n报道着我赢得了某场比赛。%K%P
%LCニナ
%LC妮娜
「これ、ヒナちゃんよね？」%K%P
「这个人，是日向酱吧？」%K%P
%LC日向
%LC日向
「確かにオレですけど……でもこれ、\n　剣術の大会じゃなくて――」%K%P
「确实是我啦，但是……\n 这不是剑术比赛吧——」%K%P
%LCニナ
%LC妮娜
「ＡＲ――オーグメンテッド・リアリティの\n　新型機器を使ったゲーム大会、でしょ？」%K%P
「AR—虚拟现实，\n  使用新设备的游戏比赛，不是吗？」%K%P
%LCニナ
%LC妮娜
「どんなゲームで戦ったか、覚えてる？」%K%P
「如何在游戏里战斗，你还记得吗？」%K%P
%LC日向
%LC日向
「はい。すっごく面白かったので」%K%P
「记得，非常的有趣哦」%K%P
半年ぐらい前だったか、留学先の友人に誘われ、\n物は試しと参加してみたのだ。%K%P
大约半年前，我被一个在国外留学的朋友邀请，\n便试着参加了一下。%K%P
ニナさんはＡＲと言ったけど、\nオレにとっては魔法みたいな技術だった。%K%P
妮娜姐说的AR，对于当时的我来说，\n这就像魔术一样。%K%P
%LC日向
%LC日向
「実際に自分の身体を動かして、\n　対戦相手と１対１で戦う内容でした」%K%P
「实际上就是摆动身体，\n  和对手一对一战斗而已」%K%P
%LC日向
%LC日向
「雰囲気や形式なんかは、\n　だいたいフェンシングなんですけど――」%K%P
「就氛围和形式而言，\n  主要是用剑进行战斗——」%K%P
%LC日向
%LC日向
「ゴーグルみたいなデバイスをつけると、\n　そこにゲームみたいな映像が映るんです」%K%P
「当戴上一个像护目镜的设备时，\n  就可以在上面看到类似游戏的图像」%K%P
%LC日向
%LC日向
「普通の服を着てる相手が、ゴーグル越しだと、\n　立派な甲冑を身につけた剣士に見えて――」%K%P
「穿着普通衣服的对手，我透过护目镜看他，\n  就像一个穿着精美盔甲的剑客那样——」%K%P
%LC日向
%LC日向
「そんな相手と、手にした剣で戦うんです」%K%P
「然后手里拿着剑，和对手战斗」%K%P
%LC日向
%LC日向
「剣といっても、実際には持ち手の部分だけで、\n　刃の部分はゴーグルに映った映像でしたけど」%K%P
「虽然说是一把剑，但实际上只是一个手柄，刀刃部分只能在目镜中的画面看到。」%K%P
%LCニナ
%LC妮娜
「ＳＦ映画のスターゲールに出てくる、\n　ブライトブレードみたいな？」%K%P
「这就像科幻电影《Stargale》中的，\n  “光明之刃”一般，对吧？」%K%P
%LC日向
%LC日向
「あっ、そう。まさにそんな感じです」%K%P
「啊，对的，就是那种感觉」%K%P
スターゲールは世界的人気のＳＦ映画で、\n特別な力をもった戦士たちが紡ぐ英雄譚だ。%K%P
《Stargale》是一部举世闻名的科幻电影，\n  是一部关于拥有特殊能力的战士的传奇故事。%K%P
作品を象徴するのが、\n戦士たちが手にする剣、ブライトブレード。%K%P
这件作品的象征，\n即是战士们手持的剑，“光明之刃”。%K%P
印象的な効果音とともに光り輝き現れる刀身は、\n映画を見た人なら間違いなく憧れる代物だ。%K%P
这把剑光芒四射，并带有令人印象深刻的音效，\n绝对是任何看过这部电影的人都会想拥有的东西。%K%P
オレ自身も小さい頃、ブォンブォン言いながら、\n傘を振り回して遊んでいたことがあったりする。%K%P
当我还是个小孩的时候，\n我经常自己哼着嗡嗡声，玩自己的雨伞。%K%P
%LCニナ
%LC妮娜
「そのゲーム、またやってみたい？」%K%P
「那个游戏，还想再玩一次不？」%K%P
%LC日向
%LC日向
「機会があれば、ぜひ」%K%P
「如果有机会的话，一定」%K%P
%LCニナ
%LC妮娜
「なら、さっそくやってみない？」%K%P
「那么，要不要去试一试？」%K%P
%LC日向
%LC日向
「え？」%K%P
「欸？」%K%P
%LCニナ
%LC妮娜
「もう、ヒナちゃんってばきょとんとして。\n　さっき私と見たばかりでしょ？」%K%P
「真是的，刚刚日向酱跃跃欲试的样子。\n　我可是一直都看着的不是吗？」%K%P
さっき見たばかりって――、%K%P
刚才一直在看――、%K%P
…………あ。%K%P
…………啊。%K%P
%XS21あああああああああああああっ？！%XE%K%P
%XS21啊啊啊啊啊啊啊啊啊啊？！%XE%K%P
%LC日向
%LC日向
「でっ、でもオレ、さっきはゴーグルとか、\n　そういうの何もつけてなかったですよっ？」%K%P
「等等，但是我刚才，并没有带着模拟目镜，\n　也没有使用任何设备呀？」%K%P
%LCニナ
%LC妮娜
「このテアトルでは、ゴーグルとか、\n　そういうのがなくても大丈夫なの」%K%P
「在这个剧院里，目镜或类似的东西，\n  都不需要使用哦」%K%P
%LCニナ
%LC妮娜
「そういうふうに、私が設計したから」%K%P
「这里的一切，都是我的设计哦」%K%P
……は？%K%P
……哈？%K%P
%LCニナ
%LC妮娜
「ヒナちゃんが優勝した大会のＡＲゲームも、\n　私が作ったのよ？　すごいでしょ？」%K%P
「还有日向酱赢得的AR游戏比赛的设施，\n 猜不到是我做的吧？　厉不厉害呀？」%K%P
%LC日向
%LC日向
「作ったって……ええええっ？！」%K%P
「你做的……欸欸欸欸？！」%K%P
%LCニナ
%LC妮娜
「まっ、そのあたりの諸々は、\n　ひとまずこっちに置いといて――」%K%P
「嘛，像这样的东西呀，\n  我都暂时把它们放在这里了。」%K%P
%LC日向
%LC日向
「置いちゃうんですかっ？」%K%P
「都放在这里了吗？」%K%P
%LCニナ
%LC妮娜
「これが、あなたに先生役を頼みたい、\n　もっとも大きな理由」%K%P
「这也是，我想请你扮演“老师”这个角色的最大原因。」%K%P
%LCニナ
%LC妮娜
「この学園で行われている{舞闘:カデンツァ}は、\n　ＡＲ技術を応用しているんだけど――」%K%P
「这所学校所举办的{舞斗:华彩乐}，\n  也是AR技术的应用才实现的呢——」%K%P
%LCニナ
%LC妮娜
「一般的な剣道やフェンシングとは、\n　どうしても、少し勝手が違うの」%K%P
「与一般的剑道和击剑相比，\n  手感这方面，总是会有不同的」%K%P
%LCニナ
%LC妮娜
「むーちゃんはすぐに慣れたんだけど。\n　普通は、慣れるまでに時間が必要で――」%K%P
「但宗酱虽然很快就习惯了。\n　不过正常来说，也需要一些时间来适应——」%K%P
%LCニナ
%LC妮娜
「でも、ＡＲの大会で優勝したヒナちゃんなら、\n　その適正と素質は申し分ない、というわけ」%K%P
「但是，日向酱能赢得下AR游戏比赛，\n  说明你的适应性和资质，都是完美的。」%K%P
%LCニナ
%LC妮娜
「どう？　ヒナちゃん」%K%P
「怎么样？  日向酱」%K%P
%LC日向
%LC日向
「どうと言われても」%K%P
「虽然话是这么说」%K%P
%LCニナ
%LC妮娜
「まあ、そうよね。だからまずは一度、\n　{舞闘:カデンツァ}をやってみない？」%K%P
「嘛，也是呢。 那么首先，\n  要不来尝试来一次{舞斗:华彩乐}？」%K%P
%LC日向
%LC日向
「ん……」%K%P
「嗯……」%K%P
正直、聞きたいことは山ほどある。%K%P
老实说，我有很多问题想问。%K%P
あるんだけど、今はそれよりなにより、\n自分も剣を手にして戦ってみたかった。%K%P
不过现在，也如她所说，\n  我想用手中的剑战斗。%K%P
さっき見た、女の子たちのように――。%K%P
就像之前，我看到的少女一样――%K%P
%LC日向
%LC日向
「……やります。やらせてください」%K%P
「……好的。 请让我试试吧」%K%P
%LCニナ
%LC妮娜
「えへへっ、やったぁっ歃n　じゃ、さっそくお着替えしましょ？」%K%P
「欸嘿嘿，太好了歃n   那么，赶紧换好铠甲吧？」%K%P
%LC日向
%LC日向
「おきがえ？」%K%P
「铠甲？」%K%P
%LCニナ
%LC妮娜
「騎士として戦う以上、鎧に着替えないとね？」%K%P
「要以骑士的身份战斗，就必须换上盔甲不是吗？」%K%P
で。言われるまま、着替えたわけだけど――、%K%P
于是，我照着她吩咐做了，换好了衣服――%K%P
%LC日向
%LC日向
「あっ、あのぉ、この格好はいったい……」%K%P
「那，那个，这套衣服……到底是……？」%K%P
%LCニナ
%LC妮娜
「やぁーんっ氈@可愛い、めちゃ可愛いっ歃n　やっぱり似合うぅ、思ってた以上っ！」%K%P 
「やぁーんっ氈@可愛い、めちゃ可愛いっ歃n  正如我想的那样~~非常适合你哦！」%K%P
%LC日向
%LC日向
%XS21「あのおっ！　この格好はっ！　なんですかぁっ！」%XE%K%P
%XS21「所以说呀！　这件衣服！　到底是什么呀！！」%XE%K%P
%LCニナ
%LC妮娜
「それが{舞闘:カデンツァ}で着る鎧よ。\n　フィエルテっていうの」%K%P
「这就是你{舞斗:华彩乐}时要穿的铠甲。\n　称为菲尔特（Fierte）哦」%K%P
%LC日向
%LC日向
「これが鎧と言われても……」%K%P
「你竟然说这是铠甲什么的……」%K%P
ぱっと見、水着やレオタードに似てるそれは、\n布地に多少の厚みがあって、着心地はかなり良い。%K%P
乍一看，它看起来像泳衣或紧身衣，\n  但面料更厚一点，穿起来很舒服。%K%P
ただ、その……露出が、多い、気がする。%K%P
但是，这也太……暴露了吧，我觉得露出太多了。%K%P
%LCニナ
%LC妮娜
「{舞闘:カデンツァ}で着ている鎧って、\n　実はそのスーツに投影される立体映像なの」%K%P
「{舞斗:华彩乐}时穿着的铠甲\n　其实就是这个套装生成的立体投影哦」%K%P
%LC日向
%LC日向
「え……？　ええっ？！\n　あれ立体映像なんですかっ？！」%K%P
「欸……？　诶诶？！\n　那个是立体投影吗？！」%K%P
%LCニナ
%LC妮娜
「んふふっ、充分に発達した科学技術は、\n　魔法と見分けが付かないってね」%K%P
「嗯嘿嘿，足够发达的科学技术\n　就可以做到魔法般的事情捏」%K%P
%LCニナ
%LC妮娜
「で、そんな魔法を可能にしているひとつが、\n　そのフィエルテというわけ」%K%P
「所以，能将魔法变为现实的，\n　就是这件菲尔特哦」%K%P
%LCニナ
%LC妮娜
「最先端な技術がぎゅぎゅぎゅーっと詰まった、\n　ものすっごいスーツなんだから」%K%P
「将最尖端的技术biubiubiu~地塞进去，\n  就成就了这件制服呢」%K%P
%LCニナ
%LC妮娜
「だから、恥ずかしいなんて言わないであげて」%K%P
「所以呀，好羞耻之类的话就不要说啦~」%K%P
%LC日向
%LC日向
「ん……」%K%P
「呜姆……」%K%P
確かに、ゴーグルの類いを使わずに\nあんな立体映像が見られるなんて凄い技術だ。%K%P
当然，能够在不使用目镜的情况下，\n  看到这样的立体投影是一项了不起的技术。%K%P
我ながら単純だけど、さっきよりも少し、\n恥ずかしスーツが立派なものに見えてきたかも。%K%P
但我只是单纯的觉得，穿得这么少，\n又这么羞耻的制服可能不是一件好事。%K%P
%LC日向
%LC日向
「なら、このウィッグにも意味が？」%K%P
「那么，戴这顶假发有用吗？」%K%P
さっきスーツを渡されたとき、\n一緒に身につけるようにって渡されたものだ。%K%P
刚才我得到这套制服时，\n  被要求和这假发一起穿。%K%P
%LCニナ
%LC妮娜
「もっちろん。そっちはある意味、\n　フィエルテよりも重要なものだから」%K%P
「当然有用。 在某种程度上，\n  它比菲尔特还重要呢。」%K%P
%LCニナ
%LC妮娜
「激しく動いてもズレたりしないよう、\n　ヒナちゃんのために特別に用意したの」%K%P
「即使是剧烈晃动也不会掉下来，\n  这是特意为日向酱准备的哦」%K%P
%LCニナ
%LC妮娜
「だから、外しちゃだめ。いーい？」%K%P
「所以，不要把它取下来。  好~吗~？」%K%P
%LC日向
%LC日向
「わかりました」%K%P
「我知道了」%K%P
恥ずかしスーツ以上に大切ってことは、\nこれにも凄い技術が詰まってるに違いない。%K%P
虽然这件制服是羞耻了点，但重要的是，\n  这套制服绝对暗藏了很高的技术。%K%P
%LC日向
%LC日向
「ところで、姉さんの姿が見えませんけど」%K%P
「不过说起来，我好像没注意到姐姐去哪了。」%K%P
%LCニナ
%LC妮娜
「むーちゃんなら、\n　{舞闘:カデンツァ}の準備をしにいったわ」%K%P
「宗酱她呀，\n　是去做{舞斗:华彩乐}的准备工作了哦」%K%P
%LC日向
%LC日向
「じゃあ、オレの相手って――」%K%P
「那，我的对手是——」%K%P
%LCニナ
%LC妮娜
「残念だけど、今日のむーちゃんは審判役。\n　あなたの相手は別にいるから」%K%P
「很遗憾呢，宗酱要作为今天的裁判。\n　所以你的对手是别人」%K%P
%LCニナ
%LC妮娜
「というわけで、最後に……はい、どうぞ」%K%P
「所以呀，最后……喏，给你」%K%P
そう言ってニナさんが手渡してきたのは、\n陸上競技のリレーで使うバトンのような物体だった。%K%P
说着，妮娜递给我一个看起来\n  像田径接力赛用的接力棒的东西。%K%P
オレが優勝したＡＲゲーム大会で使っていた、\n剣を再現するためのデバイスによく似ている。%K%P
它与我赢得的AR游戏赛中，\n  用于模拟剑的设备非常相似。%K%P
%LCニナ
%LC妮娜
「これが騎士の剣――『クラージュ』。\n　鎧と同じく、剣も立体映像というわけ」%K%P
「这就是骑士之剑——『克拉格（Klage）』。\n　和盔甲一样，剑也是立体投影」%K%P
%LC日向
%LC日向
「そっか、それで――」%K%P
「这样啊，那么——」%K%P
さっきの{舞闘:カデンツァ}で負けた子が無事だったのは、\nそもそも斬られていなかったから、だったんだ。%K%P
之前输掉{舞斗:华彩乐}的少女之所以安全，\n是因为她本来就没有被砍伤。%K%P
%LC日向
%LC日向
「……あれ？　でも、さっきの{舞闘:カデンツァ}、\n　本物の剣みたいに打ち合っていましたよね？」%K%P
「……啊嘞？　但是，刚才的{舞斗:华彩乐}，\n　就像使用真剑一样互相攻击对吧？」%K%P
%LC日向
%LC日向
「立体映像ってことは、実体がないんじゃ……」%K%P
「立体投影的话，不应该有实体吧……」%K%P
%LCニナ
%LC妮娜
「大丈夫。{舞闘:カデンツァ}の最中、クラージュは\n　如意棒みたいに、にゅーっと伸びるから」%K%P
「没关系。{舞斗:华彩乐}的时候，你手中的克拉格，\n　就会像一根如意棒一样，咻一下地伸展。」%K%P
%LC日向
%LC日向
「にゅーっと」%K%P
「咻一下地伸展？」%K%P
%LCニナ
%LC妮娜
「指示棒ってあるでしょう？\n　授業とかで使う、伸びるボールペンみたいな」%K%P
「伸缩杆用过吗？\n　就是那种在老师上课时用的，像可以伸缩的圆珠笔那样的东西。」%K%P
%LCニナ
%LC妮娜
「あんな感じで、伸縮する機構になってるの」%K%P
「就是那种感觉，它拥有着扩张和收缩的机制」%K%P
%LCニナ
%LC妮娜
「伸縮部分は柔らかいんだけど、クラージュ同士が\n　ぶつかる場合に限って、硬化する仕組みで――」%K%P
「弹性部分肯定是柔软的，但和也拿着克拉格的人，\n  在指定的地点相互碰撞时，才会变硬——」%K%P
そうして、フィエルテやクラージュに関して、\nあれこれと説明してくれるニナさん。%K%P
然后，关于菲尔特和克拉格的各种事项，\n妮娜姐都解释清楚了。%K%P
自慢の技術なんだろう、説明するニナさんは\n今日見てきた中で、もっとも活き活きしていた。%K%P
妮娜姐自豪地解释着自己研发的技术，\n看样子，现在的她比我今天看到的任何时候都要活泼。%K%P
%LCニナ
%LC妮娜
「――と、そんな感じで、安全性を最優先して、\n　思い切り戦えるようになっているの」%K%P
「——嗯，在我看来，安全始终是放在第一位的，\n  在此基础上，还要能够尽情地战斗。」%K%P
%LCニナ
%LC妮娜
「とはいえ、そのあたりは気にしなくても\n　別に大丈夫だから」%K%P
「所以说，完全不必担心出什么事，\n  一切都在掌握中啦」%K%P
%LC日向
%LC日向
「えっ、そうなんですか？」%K%P
「欸，这样吗？」%K%P
%LCニナ
%LC妮娜
「プログラムを理解してなくても、\n　ゲームを遊ぶことは出来るでしょ？」%K%P
「即使你不懂编程，\n   但你仍然可以玩上游戏不是吗？」%K%P
%LCニナ
%LC妮娜
「{舞闘:カデンツァ}も、それと同じ。\n　仕組みを知らなくても何の問題もないわ」%K%P
「{舞斗:华彩乐}也是同样的道理。\n　知道它是如何运作的就什么问题都没有了。」%K%P
なのに、あんなに熱く語ったってことは――、%K%P
不知不觉中，她的话语变得激昂了――%K%P
%LC日向
%LC日向
「ニナさん、自慢したかったんですね？」%K%P
「妮娜姐，其实你现在非常骄傲吧？」%K%P
%LCニナ
%LC妮娜
「さっすがヒナちゃん、話がわかるっ」%K%P
「不愧是日向酱，就是懂我~」%K%P
%LCニナ
%LC妮娜
「じゃあ、向こうの準備も整っただろうし、\n　そろそろ参りましょうか？　騎士様」%K%P
「那么，另一边已经做好了准备了，\n   是时候出发了吗，骑士大人？」%K%P
さっきは見下ろしていた壇上に立つと、\nそこでは一人の少女が待っていた。%K%P
当我站在刚才的观看平台上时，\n  只见一个女孩在等我。%K%P
%LC日向
%LC日向
「あの子、さっきの――」%K%P
「那个人，是刚才的——」%K%P
%LCニナ
%LC妮娜
「騎士育成科３年、{天海:あまみ}{依夜:いよ}ちゃん。\n　この学園でも屈指の騎士よ」%K%P
「骑士育成科3年级，{天海:あまみ}{依夜:いよ}酱。\n　这个学院首屈一指的骑士哟」%K%P
%LCニナ
%LC妮娜
「ひょっとしたら、あなたより強いかも」%K%P
「二虎相斗，孰强孰弱呢~」%K%P
%LC日向
%LC日向
「む……」%K%P
「姆……」%K%P
悪戯っぽく、けれど挑発的な台詞に、\nクラージュを握る手に力がこもってしまう。%K%P
这调皮而挑衅的话语，让我握住克拉格的手感到来劲了。%K%P
っと、いけないいけない。冷静に――、%K%P
啊，放松放松，要保持冷静 ――、%K%P
%LC日向
%LC日向
「で、あの……いつになったら、\n　鎧を着せてもらえるんですか……？」%K%P
「额，那个……要到什么时候，\n　我们才可以穿上铠甲呀……？」%K%P
対戦相手――天海さんはビシッと騎士姿なのに、\nこっちは例の恥ずかしスーツのままだ。%K%P
我的对手――天海同学虽然摆正了骑士姿态，\n但她身上穿的也是这羞耻的制服。%K%P
%LCニナ
%LC妮娜
「クラージュを口元に近づけて。\n　騎士が剣を十字架に見立てて構えるように」%K%P
「把克拉格摆到脸前。\n　就像一个骑士拿着他的十字剑一样」%K%P
%LCニナ
%LC妮娜
「クラージュは音声で起動するの。\n　起動ワードは、アン・ガルド」%K%P
「克拉格是采用音控的。\n 启动词是：准备好了！（Anne Garde）」\n （在击剑比赛里，“Anne Garde”可以理解为“预备~开始！”的意思）%K%P
%LC日向
%LC日向
「アン・ガルド――」%K%P
「Anne Garde——」%K%P
フェンシングで『構えて』を意味する言葉だ、\nなんて思いつつ、小さな声で繰り返すと。%K%P
这个词在击剑运动中的意思是“准备好了”，\n我思索着，又小声地重复了一遍。%K%P
%LC日向
%LC日向
「わっ、わわっ……！？」%K%P
「哇，哇啊……！？」%K%P
スポットライトでも浴びたかのように、\nオレの身体が光を帯びて、輝いて。%K%P
仿佛我沐浴在聚光灯下，\n我的身体沐浴在光芒中，闪闪发光。。%K%P
集まった光が鎧を形作っていく様子は、\n特撮ヒーローの変身シーンそのものだった。%K%P
聚集的光芒形成铠甲的方式，\n就像科幻英雄的变身一样。%K%P
そして、同時に剣も――、%K%P
然后，剑也随之而出――、%K%P
%LC日向
%LC日向
「わはっ……」%K%P
「呜哇哈哈……」%K%P
子供みたいな歓声が漏れちゃうけど、\nこればっかりは無理ないと思う。%K%P
我像个孩子一样发出欢呼声，\n这一切都太不可思议了。%K%P
だって、まるで魔法のように、\nクラージュが剣へと変化したんだから。%K%P
因为，就像被施了魔法一样，\n克拉格真的变成了一把剑。%K%P
現れたのは、両刃の剣――ロングソード。%K%P
出现在我面前的，是一把双刃剑——西洋长剑。%K%P
ファンタジー系のゲームによくある、\nオーソドックスだけど使いやすいタイプだ。%K%P
这是一种正统且易于使用的剑型，\n在魔幻游戏中很常见。%K%P
それがいま、オレの手にある。ちゃんとある。%K%P
它现在，被我握在手中。 大小正好合适。%K%P
――ヤバい、めちゃくちゃドキドキしてきた。%K%P
——太棒了吧，我现在真的很兴奋。%K%P
剣道やフェンシングの場合、防具を身につけ、\n剣を手にすれば自然と気持ちは引き締まる。%K%P
在剑道和击剑的情况下，穿上盔甲，手里拿着剑，\n肯定会让我感觉很紧张。%K%P
でも、いまはそういう気持ちとは別に、\nただただ単純に気分が高揚して仕方がない。%K%P
但现在，除了这些感觉，\n我更多的是感到振奋。%K%P
%LCニナ
%LC妮娜
「扱う人の好みにあわせて、\n　剣や鎧の形状はカスタマイズできるの」%K%P
「根据使用者的喜好，\n  可以自定义剑和盔甲的形状哦。」%K%P
%LCニナ
%LC妮娜
「ヒナちゃんのは私が決めたんだけど……。\n　どう？　気に入ってもらえた？」%K%P
「日向酱的这套是我设计的……\n　怎么样？　你喜欢吗？」%K%P
%LC日向
%LC日向
「はい、すごく」%K%P
「是的，非常喜欢」%K%P
具合を確かめるように、軽めに剣を振る。%K%P
为了试试感觉，我轻轻地挥动剑，。%K%P
見た目より軽いけど、かといって軽すぎず、\n刃の重みもしっかりと感じる。%K%P
它比看起来要轻，但不会轻太多，\n我可以清楚地感觉到剑锋的重量。%K%P
クラージュ自体、重心バランスを考えて\n作られている証拠だろう。%K%P
可以证明，克拉格是在考虑重心的情况下制作的。%K%P
一方、身体に装着された鎧は、\n見た目に反して、まったく重さがない。%K%P
另一方面，与外表截然不同，\n穿在身上的盔甲根本没有重量。%K%P
映像を投影して再現してるわけだし、\n当たり前といえば当たり前なんだけど。%K%P
毕竟是图像复刻的立体投影，\n这也是理所当然的。。%K%P
にしても、これは凄い。凄すぎる。%K%P
无论如何，这太棒了，真的太棒了。%K%P
ただ、すっごく気になる点がひとつ。%K%P
但是，还有一点我注意到了。%K%P
フィエルテもそうだけど、鎧のデザインも、\n妙に可愛いというか、女の子っぽいというか――、%K%P
像菲尔特一样，这盔甲的设计嘛，\n也太可爱，太少女化了吧――%K%P
%LCニナ
%LC妮娜
「ではヒナちゃん。{舞闘:カデンツァ}の前にひとつ、\n　大事なお願いをしてもいい？」%K%P
「那么日向酱。在{舞斗:华彩乐}开始之前、\n　我能拜托你一件重要的事吗？」%K%P
%LC日向
%LC日向
「あっ、はい。なんでも」%K%P
「啊，好的，没问题」%K%P
%LCニナ
%LC妮娜
「ふふっ、その言葉が聞きたかったっ。\n　こういうのはやっぱりタイミングよね」%K%P
「呼呼呼~ 听到你这么说真是太好了。\n　毕竟早晚也要找机会说呢」%K%P
テンションが高くなっていたこともあって、\nなにも考えず頷いたオレに、ニナさんが微笑む。%K%P
可能是有点紧张，什么也没想，\n  我便点了点头，妮娜姐笑了。%K%P
%LCニナ
%LC妮娜
「じゃあ、私からのお願い」%K%P
「那么，我的请求是」%K%P
%LCニナ
%LC妮娜
「いまからあなたは、\n　{卯花:うのはな}{陽菜:ひな}という名の女の子です」%K%P
「从现在开始，你就是\n　名字叫{卯花:うのはな}{阳菜:ひな}女孩子啦」%K%P
%LC日向
%LC日向
「……は？」%K%P
「……哈？」%K%P
%LCニナ
%LC妮娜
「いーい？　ヒナちゃん」%K%P
「可以吗？　日向酱」%K%P
%LC日向
%LC日向
「よっ……よくないですよっ。\n　なんでオレが女の子に――」%K%P
「这……这哪里好了。\n  为什么我是女孩子呀——」%K%P
%LCニナ
%LC妮娜
「オレっ娘も悪くないけど、\n　こういう時の定番は、わ・た・し、ね？」%K%P
「虽然当オレ娘也不坏啦，\n   但这种场合还是要说Wa Ta Shi捏~~」%K%P
%LC日向
%LC日向
「いや、だからなんで」%K%P
「不要，所以为什么呀」%K%P
%LCニナ
%LC妮娜
「なんでもって言ったのは嘘だったの？\n　ヒナちゃん、嘘つきな子？」%K%P
「那刚刚的话是在骗我吗？\n　日向酱，是说谎的坏孩子？」%K%P
%LC日向
%LC日向
「ぐっ……」%K%P
「咕……」%K%P
%LCニナ
%LC妮娜
「くすっ。じゃ、よろしくね？　ヒナちゃん」%K%P
「嘻嘻，那么，拜托了哦？　日向酱」%K%P
%LC日向
%LC日向
「あっ、待って――」%K%P
「啊，等等呀——」%K%P
%LC宗千佳
%LC宗千佳
「では、これより{舞闘:カデンツァ}を始める」%K%P
「那么，{舞斗:华彩乐}现在开始」%K%P
ニナさんに追いすがろうした矢先、\n姉さんの声がして、反射的に立ち止まる。%K%P
就在我准备追妮娜姐的时候，\n姐姐的声音，让我条件反射地停了下来。%K%P
%LC宗千佳
%LC宗千佳
「両者、中央へ」%K%P
「双方，到中间来」%K%P
%LC依夜
%LC依夜
「はい」%K%P
「是」%K%P
%LC陽菜
%LC阳菜
「は、はいっ」%K%P
「啊，是！」%K%P
驚きと焦りで声がうわずって、\n偶然にも女の子っぽい声が出てしまった。%K%P
由于震惊和焦虑，\n以至于我的声音突然变得如同少女一般。%K%P
うぅ……こうなった以上、とりあえず\nニナさんのお願いを受け入れるしかない、か。%K%P
呜呜……既然事情已经发生，\n我别无选择，只能暂时接受妮娜姐的要求。。%K%P
%LC宗千佳
%LC宗千佳
「依夜には事前に伝えてあるが、\n　この{舞闘:カデンツァ}は親善試合だ」%K%P
「正如事先告知依夜你的，这次{舞斗:华彩乐}是一场友谊赛」%K%P
%LC宗千佳
%LC宗千佳
「勝敗が学科の成績に影響することはないので、\n　双方、心置きなく戦うように」%K%P
「输赢不会影响学科的成绩，\n  双方请全力战斗吧」%K%P
%LC陽菜
%LC阳菜
「あの、質問が」%K%P
「那个，我有个问题」%K%P
%LC宗千佳
%LC宗千佳
「なんだ？」%K%P
「什么？」%K%P
%LC陽菜
%LC阳菜
「お……私、{舞闘:カデンツァ}が初めてなので、\n　ルールがわからないんですけど」%K%P
「我（♂）……我（♀）呢，是第一次参加{舞斗:华彩乐}，\n　所以规则还不太懂」%K%P
%LC宗千佳
%LC宗千佳
「基本はフェンシングのフルーレと同じ。\n　背中を含めた胴に攻撃を当てれば有効となる」%K%P
「规则与击剑是相同的。\n　如果攻击击中躯干，包括背部，则判为有效」%K%P
%LC宗千佳
%LC宗千佳
「フィエルテの鎧で覆われている部分が\n　有効範囲だと考えればわかりやすいだろう」%K%P
「将菲尔特的铠甲覆盖的部分视为有效打击处，\n  那就很容易理解了」%K%P
%LC陽菜
%LC阳菜
「でも、フィエルテは腕や足も覆ってます。\n　これだとフルーレじゃなくてエペになるんじゃ」%K%P
「但菲尔特也遮住了胳膊和腿部。\n　如果是击中这两处，就不是击破（Fleuré）而是击中（Épée）吧。」%K%P
フェンシングには、フルーレ、エペ、サーブルという\n３つの種目があって、いくつか違いがある。%K%P
击剑的判定有三种：击破（Fleurée），击中（Épée），无效（Sabre），三者有一些区别。%K%P
そのひとつが、有効面――当たり判定の範囲だ。%K%P
区别在于，有效面——碰撞检测的范围。%K%P
姉さんが例えに出したフルーレは、\n背中を含む胴体に攻撃を当てればポイントになる。%K%P
姐姐举例的是击破（Fleuré）情况，\n当击中躯干，包括背部时，就会得到一分。%K%P
対して、オレが言ったエペは、\n全身どこでも当てればポイントになる。%K%P
相对的，我提到的击中（Épée）则是，\n  击中身体任何部位的得分点。%K%P
%LC宗千佳
%LC宗千佳
「確かに、手足も鎧に覆われてはいるが、\n　判定があるのは、あくまで胴体のみだ」%K%P
「当然，四肢被盔甲覆盖，\n  但只有躯干被打中才判分」%K%P
%LC宗千佳
%LC宗千佳
「有効範囲にクラージュの刃が接触すると、\n　それを感知したフィエルテが振動する」%K%P
「当克拉格的锋刃接触到有效范围时，\n  费尔特会感应到并振动」%K%P
%LC陽菜
%LC阳菜
「振動？」%K%P
「震动？」%K%P
%LC宗千佳
%LC宗千佳
「スマホのバイブみたいなものだ。\n　接触箇所が、ぶるっと震える」%K%P
「它就像手机上的振动器。　接触点触碰后，就会颤动」%K%P
%LC宗千佳
%LC宗千佳
「振動の強さは、攻撃の威力に比例する。\n　鋭い一撃であれば、かなりぶるっとくるぞ」%K%P
「振动的强度与攻击的威力成正比。\n　如果受到猛烈的打击，震动也越厉害」%K%P
%LC宗千佳
%LC宗千佳
「これは攻撃した側も同様で、有効範囲に当てれば、\n　クラージュにしっかりと手応えがある」　%K%P
「攻击者也是同理，如果击中有效范围，\n  克拉格会相应的反应」　%K%P
フェンシングでは電気審判機と呼ばれる機械で、\n剣が相手に当たったかどうかを判定している。%K%P
就像击剑比赛中一种称为电子裁判的机器，\n可以确定剑是否击中了对手。%K%P
有効面に接した剣先に一定の圧力がかかると通電し、\n審判機のランプが点く、という仕組みだ。%K%P
当对剑在有效表面接触并施加一定的压力时，\n就会通电，让裁判机灯亮起来。%K%P
{舞闘:カデンツァ}のフィエルテとクラージュも、\n同様の仕組みを有しているってことだろう。%K%P
{舞斗:华彩乐}使用的菲尔特和克拉格，估计也是类似的机制。%K%P
%LC宗千佳
%LC宗千佳
「フェンシングで例えたついでに、もうひとつ。\n　{舞闘:カデンツァ}に優先権はない」%K%P
「还有一件事和击剑比赛不同。　{舞斗:华彩乐}不分先手后手」%K%P
%LC陽菜
%LC阳菜
「両者の攻撃が同時に成立した場合、\n　双方にポイントが入るってことですか？」%K%P
「这是否意味着如果两人攻击同时击中，\n  双方都将得分？」%K%P
%LC宗千佳
%LC宗千佳
「そうだ。ただし勝敗はポイント数ではなく、\n　攻撃の威力によって決まる」%K%P
「对的。 然而，胜负不是由分数决定的，\n  而是由攻击的威力决定的」%K%P
%LC陽菜
%LC阳菜
「威力……」%K%P
「威力……」%K%P
%LC宗千佳
%LC宗千佳
「このあたりはフェンシングや剣道よりも、\n　柔道をイメージするといいだろう」%K%P
「在这方面，相似的应该是柔道，\n  而不是击剑或剑道」%K%P
%LC宗千佳
%LC宗千佳
「有効や効果はいくらとっても技ありに及ばず、\n　一本をとった者が勝者となる」%K%P
「再有效果又如何，技巧才是上道，\n  先拿第一击的人才是赢家」%K%P
%LC宗千佳
%LC宗千佳
「そして、決め手となる攻撃の威力とは、\n　いかに深く鋭く、相手に刃を通したか、だ」%K%P
「然后，攻击的威力，\n  取决于刀刃穿过对手的深度和锋利程度」%K%P
%LC宗千佳
%LC宗千佳
「勝敗を決する一撃だとシステムが判定した場合、\n　負けた側の鎧が砕け散り、勝負が決まる」%K%P
「如果系统确定这一击是决定性的一击，\n  那么失败一方的盔甲就会破碎，胜负就定下了」%K%P
その言葉で、さっき見た{舞闘:カデンツァ}の\nラストシーンが脳裏を{過:よ}ぎった。%K%P
姐姐这句话，让那个{舞斗:华彩乐}的最后一幕在我的脑海中{闪过:想起}。%K%P
胴体を両断したと、本気で勘違いした一撃――、\nあのぐらいならば文句なし、ということだろう。%K%P
如果躯干都被一刀两断了，那肯定是一个致命打击——\n如果是这样，胜负就没有悬念了。%K%P
%LC宗千佳
%LC宗千佳
「無論、鎧が砕け散るのは立体映像に限った話だ。\n　フィエルテは破けないから安心していい」%K%P
「当然，盔甲只会在显示出的立体影像中破碎了。\n　菲尔特是不会破碎的，这点可以放心」%K%P
%LC陽菜
%LC阳菜
%XS21「破けたら困りますっ」%XE%K%P
%XS21「要是它破了，我可就困扰了。」%XE%K%P
%LC宗千佳
%LC宗千佳
「ふふっ。あとは、そうだな――」%K%P
「呼呼，那么，对了——」%K%P
%LC宗千佳
%LC宗千佳
「反則行為は、剣道やフェンシングとほぼ同じ。\n　クラージュを手放した場合、負けとなる」%K%P
「犯规行为的话，与剑道和击剑的相同。\n　如果你们松开克拉格，则会判输」%K%P
%LC宗千佳
%LC宗千佳
「それと、{舞闘:カデンツァ}では中断を挟まない。\n　一度始まれば、勝敗が決するまで終わらない」%K%P
「此外，{舞斗:华彩乐}不会暂停。\n　一旦开始，就会持续到决定出获胜者为止」%K%P
%LC宗千佳
%LC宗千佳
「審判の判断により中断するケースもあるが稀だ。\n　基本的にないと思ってもらって構わない」%K%P
「在某些情况下比赛由裁判自行决定暂停，但这种情况很少见。\n　基本上，认为没有也是可以的」%K%P
%LC宗千佳
%LC宗千佳
「細かなルールはまだあるが、基本は以上だ」%K%P
「虽然还有一些小的规则，但上述的已经足够了」%K%P
%LC陽菜
%LC阳菜
「わかりました。ありがとうございます」%K%P
「我理解了。 谢谢您」%K%P
一度始まれば雌雄を決するまで続く真剣勝負――、\nそれが{舞闘:カデンツァ}、ってところか。%K%P
一旦开始，便会以真剑一决雌雄的比赛——\n这就是{舞斗:华彩乐}。%K%P
事前に一度、見ていたおかげもあって、\nおおよその流れやルールは理解できた。%K%P
由于事先看过一次，\n所以一般的流程和规则我都了解了。%K%P
だからあとは、どうやって勝つか。%K%P
所以现在，只用想着如何取胜了。%K%P
ニナさんは冗談っぽく焚きつけていたけど、\n実際、天海さんはかなりの強さだろう。%K%P
虽然妮娜姐开玩笑地绕过了这个话题，\n但实际上，天海同学一定很强。%K%P
ただ、オレとて負ける気はない。%K%P
但是，我又怎会输呢。%K%P
留学先で得た経験、学んだ強さを、\n姉さんに見てもらう絶好の機会でもある。%K%P
在国外学习获得的经验和力量，\n这次是展现给姐姐看的好机会。%K%P
%LC宗千佳
%LC宗千佳
「では……双方、構えて」%K%P
「现在……双方，请准备」%K%P
姉さんの掛け声で、天海さんの気配が変わる。%K%P
在姐姐的喊声中，天海的神情发生了变化。%K%P
綺麗な中段の構え――やっぱり彼女、\n剣道経験者で間違いなさそうだ。%K%P
她使出了一个美丽的中段起手式——\n她，似乎是一个经验丰富的剑道中人。%K%P
クラージュは両手でも握れる長さがあるし、\nとなれば、こちらも中段の構えで――、%K%P
克拉格足够长，可以用双手握住，\n这样的话，我也做一个中段起手式——%K%P
……いや、せっかくのロングソードなんだ。%K%P
……不不不，这毕竟是一把长剑。%K%P
なら、ここは西洋剣術で――、%K%P
那么，还是用西洋剑术吧――%K%P
%LC依夜
%LC依夜
「……」%K%P
「……」%K%P
構えたオレを見て、天海さんが微かに眉を動かす。%K%P
看到我镇定自若后，天海微微皱了皱眉毛。%K%P
片手で握った剣を、身体の前で立てる。%K%P
我单手持剑，置于身前。%K%P
それは、留学中に覚えて得意としていた、\nフェンシングのサーブルで用いる構えだった。%K%P
这是我在国外学习时学到的得意招式，\n因此我打算在我的这次对决中使用。%K%P
%LC宗千佳
%LC宗千佳
「はじめっ！」%K%P
「开始！」%K%P
%LC依夜
%LC依夜
「ふッ……！」%K%P
「哼……！」%K%P
開始の合図が聞こえた直後、\n天海さんは躊躇わず、床を蹴って前へ。%K%P
听到“开始”后，天海没有任何犹豫，一脚蹬地向我冲来。。%K%P
様子見なんて、しない、させない。%K%P
就像在说：“你躲不掉的”。%K%P
踏み込んだ次の瞬間には、\n刀身が煌めき、鋭い突きが胸元へ――、%K%P
几乎瞬间就近了我的身，刀如流光一般刺向我的胸膛――%K%P
%LC陽菜
%LC阳菜
「くっ……！」%K%P
「额……！」%K%P
反射的に手首を返し、どうにか捌くと同時に、\n金属音が響き、微かに火花が散う。%K%P
我条件反射地转动手腕，招架抵挡，\n与此同时，金属碰撞声响彻全场，火花四溅。%K%P
%LC陽菜
%LC阳菜
（すごっ……！？）%K%P
（这么强……！？）%K%P
いったいどういう仕組みなのか、\n音も火花も、本物としか思えない。%K%P
虽然不知道是如何实现的，\n但这声音和火花，太真实了。%K%P
けど、それ以上に驚いたのが、\n攻撃を受けた瞬間、手に衝撃が加わったこと。%K%P
但是，更让我惊讶的是，\n在我被攻击的那一刻，我的手感受到的力量十分强悍。%K%P
しかも、攻撃を受けた方向から、だ。%K%P
而且，攻击的方向非常致命。%K%P
%LC陽菜
%LC阳菜
（すごい、すごいすごいすごいっ……！）%K%P
（真强啊，太棒了太棒了太棒了……！）%K%P
観戦したとき本物だと見違えた剣は、\n自分が手にしてもなお、本物の剣そのもの。%K%P
我在看比赛时误以为是真剑，\n但现在在我的手里，它就是真剑！%K%P
それこそ、ブォンブォンと口真似しながら、\n傘を振り回していた童心が蘇ってくるほどだ。%K%P
好像回到了过去一般，这“乓乓”的声音，就像小时候，\n边玩弄着伞，边发出“嗡嗡”的声音一样。%K%P
%LC陽菜
%LC阳菜
（って、ワクワクしてる場合じゃっ……！）%K%P
（哇哦，这个太刺激了吧……！）%K%P
手にした剣――クラージュに感嘆する間もなく、\n再び鋭い突きが飛んでくる。%K%P
手中的剑——我还没来得及欣赏呢，\n又是一阵猛烈的突刺袭来。%K%P
出来れば、手首の返しで払ってから突き返したい。%K%P
这么打是吧，我回剑格挡，然后把她的刀反击回去。%K%P
けど、さっきの威力を考えると、かなり厳しい。%K%P
不过，这突刺的威力，还真是让我费了点力气。%K%P
両手で打ち込んでくる天海さんの刀は、\n片手で扱うフェンシングの細い剣とは訳が違う。%K%P
天海的刀是用双手挥动使用的，\n与单手持握的西洋细剑不同。%K%P
%LC依夜
%LC依夜
「はぁッ……！」%K%P
「哈啊……！」%K%P
こちらの出方を探る気はないようで、\n一気に押し切るつもりか、力強い打突の連打。%K%P
她似乎并没有退缩的想法，\n想要一下子打开我的格挡，斩出一连串的强力攻击。%K%P
初手から流れを完全に握られて、\n仕切り直したいのに、間合いを切れない。%K%P
她从一开始就处于上风，\n我虽想打破局面，但现在还无法拉开距离。%K%P
%LC陽菜
%LC阳菜
「っ……！」%K%P
「咳……！」%K%P
受け損ねた打突が一発、脇腹をかすめる。%K%P
她突破了我的格挡，差点划过我的侧腹。%K%P
瞬間、その箇所がぶるっと震えた。%K%P
瞬间，被打到的部分颤动了一下。%K%P
おそらくこれが、姉さんの言っていた振動。%K%P
也许这就是姐姐所说的振动。%K%P
痛みはないけど、攻撃を食らったという\n意識を生むには、実に効果的な仕組みだ。%K%P
这并不会感到疼痛，但可以让人意识到\n自己受到了攻击，看来这很实用。%K%P
%LC陽菜
%LC阳菜
（ともかく、押し返さないとっ……）%K%P
（无论如何，我要反击回去。……）%K%P
まるで衰えない、打突の連打。%K%P
对方似乎并没有力竭，又是一连串的打击。%K%P
どうにか反撃の糸口を掴みたいけど、\n防ぐのが精一杯で、攻勢に回れない。%K%P
我一直在找反击的时机，\n同时加紧防御，以免被压着打。%K%P
――やっぱりこの子、強いっ……！%K%P
——果然这个少女，很强……！%K%P
%LC陽菜
%LC阳菜
「くぅっ……！！」%K%P
「咕咳啊……！！」%K%P
普段なら、劣勢でも優勢でも、\n声を張り上げることで気持ちを鼓舞する。%K%P
通常来说，无论处于劣势还是优势，\n都可以通过呼喊来鼓舞自己。%K%P
けど、女の子として戦っている今、\nそんなことしたら男だってバレちゃう――、%K%P
但是，现在我作为一个女生在战斗，\n如果我这样做，我会被很快发现是一个男的――%K%P
%LC依夜
%LC依夜
「はあぁぁぁぁッ！」%K%P
「哈啊啊啊啊啊！」%K%P
ああもうオレの気も知らないでっ！　なんて、\n羨むぐらいの凜とした声と共に放たれる鋭い一撃。%K%P
啊啊真是的，就好像知道了我的处境一样！\n用高昂的的声音，斩出这么帅的一击，我太羡慕了！%K%P
打突の連打では崩せないと判断したのか、\n一転、振りかぶってからの素早い振り下ろしだ。%K%P
也许她觉得自己用连击来打破不了我的防御，\n所以她转过身来，利用惯势全力斩击。%K%P
打突が流星群なら、こっちは彗星。%K%P
如果刚才的连击是流星雨，那这次斩击就是彗星冲击。%K%P
いや、間近で見ると隕石みたいな迫力だ。%K%P
不，这压迫感不是彗星了，而是面对着落下的陨石。%K%P
%LC陽菜
%LC陽菜
「ぐっ……！」%K%P
「咳啊……！」%K%P
歯を食いしばり、どうにか受けて防ぐ。%K%P
我咬紧牙关，全力防御。%K%P
すると今度は胴を狙って、真横から薙ぎ払いが。%K%P
但她的刀突然，对准躯干，从侧面扫击而来。%K%P
%LC陽菜
%LC阳菜
（これ、さっきの戦いでもっ……！）%K%P
（这个，是刚才的战斗中的……！）%K%P
こっちの意識を正面に向けさせておいてから、\n居合いのような動きで、しれっと胴を狙う。%K%P
迫使敌人将注意力转向前方后，以居合般的动作对准躯干打击。%K%P
こうして対峙してみると、\n天海さんの凄まじさがよく分かる。%K%P
就这么对峙了一会，就足以看到天海同学的强大了。%K%P
この一撃を凌ぎ、反撃までしたんだから、\nさっき天海さんに敗れた子も相当な実力者だろう。%K%P
她的这一击，之前甚至还被反击过\n，被天海同学打败的那位，肯定也是相当有天赋的人。%K%P
そんな子を相手に、天海さんは勝った。%K%P
即使是那个少女，天海也同样赢了。%K%P
ならオレは、その天海さんに――勝つッ……！！%K%P
那我绝对要，将天海同学——打败……！！%K%P
%LC陽菜
%LC阳菜
「こぉんのっ……！」%K%P
「想都别想……！」%K%P
剣を振り上げ、\n天海さんの薙ぎ払いを真上に弾く。%K%P
长剑向上挥击，\n将天海的刀直接震到上空。%K%P
さっきの{舞闘:カデンツァ}の記憶が鮮烈すぎて、\n身体が勝手に、あの受け方を真似てしまった。%K%P
之前{舞斗:华彩乐}的记忆太过于强烈了，\n我的身体，已然习惯了这种战斗。%K%P
%LC依夜
%LC依夜
「っ……！」%K%P
「啊……！」%K%P
剣を弾かれた天海さんが、わずかに体勢を崩す。%K%P
刀被弹开的天海同学，略微失去了平衡。%K%P
ようやく生まれた隙――完全な状況再現に、\n思わず、後ろ足に力を貯めたくなった、けど。%K%P
破绽终于来了——这种情况简直完美，\n这么想着，我的右腿不由自主地发起力来。%K%P
そんなことしたら、勝敗までさっきの{舞闘:カデンツァ}を\n再現してしまいかねない。%K%P
都到了这一步了，胜败已定！我可不会重蹈之前{舞斗:华彩乐}中那个少女的覆辙。%K%P
%LC陽菜
%LC阳菜
（なら、前にっ……！）%K%P
（那么，首先……！）%K%P
剣を握る右手――相手の剣を弾き上げた手を\nさらに上へと振り上げ、そこに左手も伸ばす。%K%P
握着剑的右手——将向上挑起的剑\n顺势剑锋朝上，左手按住伏稳。%K%P
そうして、クラージュを、両手で握るっ……！%K%P
然后，我的双手，握紧了克拉格……！%K%P
%LC依夜
%LC依夜
「なっ……」%K%P
「什……」%K%P
――片手持ちから、両手持ちへのスイッチ。%K%P
——从单手持握，切换到双手持握。%K%P
ここまで顔色を変えなかった天海さんが、\nオレの狙いに気付いて、微かに目を見開く。%K%P
直到刚刚脸色还没有变化的天海同学，\n也明白了我即将攻击的部位，不由得眼睛微微睁大。%K%P
けど、それもほんの一瞬で、\nすぐさま攻撃に備えて刀を構え直した。%K%P
但是，她只犹豫了一瞬间，\n她立刻重新稳住了剑，准备迎接攻击%K%P
そっちが受ける気なら、こっちも全力で――、%K%P
既然准备好了，那就接我全力一击吧――%K%P
%LC陽菜
%LC陽菜
「やぁああああああぁッ！！」%K%P
「呀啊啊啊啊啊啊啊啊！！」%K%P
野球のピッチャーみたいに、\n振り上げた腕を、さらに大きく振りかぶって。%K%P
像棒球投手一样，\n向上摆动手臂，将力量发挥到最大。%K%P
気迫をこめた声は、気持ち、可愛らしく。%K%P
自己激昂的声音，感觉，挺可爱的？%K%P
彼女の肩口目掛けて――、\n袈裟斬りになるよう、剣を鋭く、振り下ろす……！%K%P
我对准她的肩膀――\n猛地挥剑，剑锋随之向下袭去……！%K%P
%LC依夜
%LC依夜
「っ……？！」%K%P
「呜……？！」%K%P
天海さんがオレの剣を受けた瞬間、\nこれまで以上に火花が散り、澄んだ音が鳴った。%K%P
天海招架我的剑的那一刻，\n火花飞溅得比以往任何时候都多，清脆的声音回荡着。%K%P
それは、彼女の刀が折れる音。%K%P
那是，她剑断掉的声音。%K%P
天海さんの刀を折ったオレのロングソードは、\nそのまま、彼女の身体へと届いて。%K%P
我的长剑折断了天海同学的刀，\n然后，径直地向她的身体砍去。%K%P
それを振り抜いたとき、勝負は決していた。%K%P
刀锋到达之刻，胜负分晓之时。%K%P
刀を追うように、彼女の鎧も砕け散って。%K%P
刀锋扫过，她的盔甲也随之破碎了。%K%P
剣を握るオレの手には、\n痺れるような手応えがしっかりと残っていた。%K%P
我手握着剑，\n一种麻木的感觉顺着手臂而上。%K%P
水を打ったように静まる、テアトルのホール。%K%P
剧院的大厅，如落石击水后，重归宁静。%K%P
オレも天海さんも、折れてなお、\nしっかり存在している床の刃を見つめていた。%K%P
我和天海同学，都盯着地板上的刀片，\n它已经断裂，但仍然显现了出来。%K%P
%LC宗千佳
%LC宗千佳
「それまでっ！」%K%P
「到此为止！」%K%P
やや遅れて姉さんの声がすると、\nさきほどのように、ホールが明るくなって。%K%P
过了一会儿，姐姐的喝止想起了，\n大厅里亮了起来，变得和开始时一样。%K%P
そこで初めて、天海さんの表情が少し和らいだ。%K%P
天海的表情，第一次柔和了一点。%K%P
%LC宗千佳
%LC宗千佳
「両者、礼」%K%P
「双方，敬礼」%K%P
%LC陽菜・依夜
%LC阳菜・依夜
「ありがとうございました」%K%P
「非常感谢你的指导」%K%P
他の競技と同じく、最後は礼で終えて、\nそれからホッと息を吐く。%K%P
与其他比赛一样，以鞠躬作为结束，\n我不禁松一口气。%K%P
%LC依夜
%LC依夜
「先ほどの剣、凄まじかった。\n　あなたはいったい――」%K%P
「刚才你的那一剑，很厉害。 \n 请问你是？」%K%P
%LC陽菜
%LC阳菜
「お……私は、ええと……」%K%P
「我（♂）……我（♀）呀，那个……」%K%P
%LC客席
%LC客席
「きゃあああああああああああ！！」%K%P
「咿呀啊啊啊啊啊啊！！」%K%P
%LC陽菜
%LC阳菜
「えっ……？　……えええっ？！」%K%P
「欸……？　……欸欸欸？！」%K%P
いきなり響き渡った黄色い声に客席を見れば、\nそこには、大勢の人が――、%K%P
现场观众突然尖叫起来，\n我才发现，好多人在看着――%K%P
%LC？？？
%LC？？？
「はあああぁ……すっごい、すっごいっ！\n　{最優秀騎士:ブリランテ}に勝っちゃったっ！」%K%P
「哇啊啊啊……好厉害好厉害！\n　她竟然赢了{至高骑士:Brillante}！\n（Brillante：法语，最杰出的）」%K%P
%LC？？？
%LC？？？
「ホント。しかも、めっちゃ美少女だし」%K%P
「真的呢。 而且，还是一个美少女呢」%K%P
%LC？？？
%LC？？？
「あの子、ひょっとして……」%K%P
「那个孩子，感觉像是……」%K%P
%LC？？？
%LC？？？
「なになに？　クレール知り合い？」%K%P
「什么什么？　克莱尔你知道是谁吗？」%K%P
%LC？？？
%LC？？？
「知り合いというか、なんというか……」%K%P
「不能说知道吧，只能说很熟悉……」%K%P
%LC？？？
%LC？？？
「ふぅん？　まっ、なんにしても、\n　あの依夜を負かすなんて――」%K%P
「嗯？　嘛，话说回来，\n 那个依夜竟然输了」%K%P
%LC？？？
%LC？？？
「いやぁ、先超されちゃったねー？\n　梨理ちゃーん？」%K%P
「呀~~ 已经有人超到你前面了捏—？\n　梨理酱？」%K%P
%LC？？？
%LC？？？
「別に……。関係ないし」%K%P
「那又怎样……。和我没关系」%K%P
客席の前列のほうを見れば、\nさっき中庭で出会った人の姿もあった。%K%P
在大厅的前排，我看到在院子里遇到的那位。%K%P
同じ服を着てるってことは、\nみんな、ここの学生なんだろうけど――、%K%P
都穿着同样的衣服，\n她们，都是这里的学生吗――%K%P
%LC陽菜
%LC阳菜
「これだけの人、いつのまに……」%K%P
「这么多人，就不知不觉中……」%K%P
%LCニナ
%LC妮娜
「みんな、最初からずっと見てたわよ。\n　ヒナちゃんが気付かなかっただけで」%K%P
「大家呢，其实从一开始就已经在了哦。\n　只是日向酱你没有注意到而已」%K%P
%LCニナ
%LC妮娜
「映像投影の関係もあって、{舞闘:カデンツァ}の最中、\n　ホールの照明は基本、落ちる決まりだから」%K%P
「由于是立体影像，所以在{舞斗:华彩乐}过程中，\n 大厅内的灯光，都会被调暗呢。」%K%P
そういえば２階から{舞闘:カデンツァ}を見たときも、\n壇上以外は薄暗くてほとんど見えなかったっけ。%K%P
想起来，我从二楼看{舞斗:华彩乐}时，\n也是很黑呢，除了舞台上，几乎什么也看不见。%K%P
%LCニナ
%LC妮娜
「にしても、ヒナちゃん本当に強いのね。\n　私、ゾクゾクしちゃった」%K%P
「不管怎么说，日向酱真的很强呢。\n　我呀，刚刚看的很激动哦」%K%P
%LC陽菜
%LC阳菜
「ん……」%K%P
「嗯……」%K%P
勝利を讃えてくれるのは嬉しいけれど、\n感想が独特すぎて、返答に困る。%K%P
虽然很高兴你能祝贺我的胜利啦，\n但你给我的印象如此……独特，以至于我很难回应。%K%P
%LC陽菜
%LC阳菜
「けど、こんなにギャラリーがいるなんて……。\n　{舞闘:カデンツァ}って、いつもこうなんですか？」%K%P
「但是，今天开放了这么多的观赏区……\n　{舞斗:华彩乐}时，总是会这样吗？」%K%P
%LCニナ
%LC妮娜
「まぁね。でも、今日は特別」%K%P
「也许吧。不过，今天是有点特殊」%K%P
%LCニナ
%LC妮娜
「ここにいる子たちはみんな、\n　あなたに興味があって集まったんだもの」%K%P
「在这里的所有孩子，\n 都是因为对你感兴趣才来到这的。」%K%P
%LC陽菜
%LC阳菜
「興味？」%K%P
「感兴趣？」%K%P
意味がわからず首を傾げるオレをよそに、\nニナさんはおもむろにマイクを取り出し、そして。%K%P
我困惑地歪着头，思考着哪种“兴趣”，\n 这时，妮娜姐拿出了麦克风，然后……%K%P
%LCニナ
%LC妮娜
「ごきげんよう、我が学び舎の愛しきみなさん。\n　本日は集まってくれて、本当にありがとう」%K%P
「贵安，我亲爱的同学们。\n　非常感谢，你们能参加今天的集会」%K%P
%LCニナ
%LC妮娜
「さっそくだけど、みなさんにご紹介します」%K%P
「事不宜迟，我想向你们介绍一下」%K%P
%LCニナ
%LC妮娜
「このたび、{騎士道:シュバルリィ}指南役補佐代理として、\n　銀蘭学園にやってきた期待の美少女――」%K%P
「这一次，我们的{骑士道:Chivalry}副助理指导员，\n 一位备受期待的美少女，来到我们银兰学校了——」%K%P
%LCニナ
%LC妮娜
「同時に、騎士育成科２年生として、\n　みなさんと共に学ぶ特別編入生――」%K%P
「同时，她也是骑士育成科的2年级学生，\n 作为特殊的转学生与你们一起学习。」%K%P
%LCニナ
%LC妮娜
「その名も、卯花陽菜ちゃんですっ！」%K%P
「她的名字、叫卯花阳菜酱哦！」%K%P
…………はい？%K%P
…………啥？%K%P
はいいいいいいいいいいいいいい！？%K%P
你认真的吗啊啊啊啊啊啊啊啊！？%K%P
