%LC陽菜
%LC陽菜
「あの、ニナ……じゃなかった、理事長」%K%P
「あの、ニナ……じゃなかった、理事長」%K%P
%LCニナ
%LCニナ
「なぁに？　ヒナちゃん」%K%P
「なぁに？　ヒナちゃん」%K%P
%LC陽菜
%LC陽菜
「今朝の朝礼で自己紹介は済ませたわけですし、\n　わざわざ教室でもう一回しなくても……」%K%P
「今朝の朝礼で自己紹介は済ませたわけですし、\n　わざわざ教室でもう一回しなくても……」%K%P
%LCニナ
%LCニナ
「なに言ってるの。朝礼での自己紹介は、\n　指南役補佐代理として、でしょ？」%K%P
「なに言ってるの。朝礼での自己紹介は、\n　指南役補佐代理として、でしょ？」%K%P
%LCニナ
%LCニナ
「ヒナちゃんは学生としても過ごすんだから。\n　そっちの自己紹介もしておかないと」%K%P
「ヒナちゃんは学生としても過ごすんだから。\n　そっちの自己紹介もしておかないと」%K%P
%LCニナ
%LCニナ
「というわけで……はいっ、行ってらっしゃいっ」%K%P
「というわけで……はいっ、行ってらっしゃいっ」%K%P
%LC陽菜
%LC陽菜
「えっと……本日からみなさんと一緒に\n　このクラスで学ぶ、卯花陽菜です」%K%P
「えっと……本日からみなさんと一緒に\n　このクラスで学ぶ、卯花陽菜です」%K%P
%LC陽菜
%LC陽菜
「{騎士道:シュバルリィ}は教える側ですが、\n　普段はみなさんと同じく、教わる側です」%K%P
「{騎士道:シュバルリィ}は教える側ですが、\n　普段はみなさんと同じく、教わる側です」%K%P
%LC陽菜
%LC陽菜
「どうぞ、よろしくお願いします」%K%P
「どうぞ、よろしくお願いします」%K%P
――なんで、どうしてこうなった。%K%P
――なんで、どうしてこうなった。%K%P
どうして、どうして――、%K%P
どうして、どうして――、%K%P
昨日、初めて{舞闘:カデンツァ}を体験し、\nニナさんからとんでもない紹介をされたあと。%K%P
昨日、初めて{舞闘:カデンツァ}を体験し、\nニナさんからとんでもない紹介をされたあと。%K%P
オレは学園内にある、職員寮にいた。%K%P
オレは学園内にある、職員寮にいた。%K%P
%LC陽菜
%LC陽菜
%XS21「あれはいったいどういうことですかぁっ！」%XE%K%P
%XS21「あれはいったいどういうことですかぁっ！」%XE%K%P
%LCニナ
%LCニナ
「どうもこうも、そのままの意味よ」%K%P
「どうもこうも、そのままの意味よ」%K%P
%LCニナ
%LCニナ
「ヒナちゃんは明日からこの学園に、\n　職員として務めつつ、学生として通うの」%K%P
「ヒナちゃんは明日からこの学園に、\n　職員として務めつつ、学生として通うの」%K%P
%LCニナ
%LCニナ
「Double Casquette――日本語で言うと、\n　ええっと……二足の、ぞうり？」%K%P
「Double Casquette――日本語で言うと、\n　ええっと……二足の、ぞうり？」%K%P
%LC宗千佳
%LC宗千佳
「{草鞋:わらじ}だ」%K%P
「{草鞋:わらじ}だ」%K%P
%LCニナ
%LCニナ
「そうそれっ！」%K%P
「そうそれっ！」%K%P
%LC陽菜
%LC陽菜
「そうそれっ、じゃなくてっ！\n　おかしいですよニナさんっ！」%K%P
「そうそれっ、じゃなくてっ！\n　おかしいですよニナさんっ！」%K%P
%LC陽菜
%LC陽菜
「そもそも人手不足だから剣術の指導を\n　手伝って欲しいって話でしたよね？」%K%P
「そもそも人手不足だから剣術の指導を\n　手伝って欲しいって話でしたよね？」%K%P
%LC陽菜
%LC陽菜
「それがなんでこんな、こんな……女装して\n　女学生をやんなきゃなんないんですかっ！」%K%P
「それがなんでこんな、こんな……女装して\n　女学生をやんなきゃなんないんですかっ！」%K%P
%LCニナ
%LCニナ
「でも、{舞闘:カデンツァ}前にお願いしたでしょ？」%K%P
「でも、{舞闘:カデンツァ}前にお願いしたでしょ？」%K%P
%LCニナ
%LCニナ
「いまからあなたは、\n　卯花陽菜という名の女の子ですって」%K%P
「いまからあなたは、\n　卯花陽菜という名の女の子ですって」%K%P
%LC陽菜
%LC陽菜
「それは覚えてますし、\n　なんでも聞くって言いましたけどっ……」%K%P
「それは覚えてますし、\n　なんでも聞くって言いましたけどっ……」%K%P
%LCニナ
%LCニナ
「ほら」%K%P
「ほら」%K%P
%LC陽菜
%LC陽菜
「けどっ！　剣術を教えるだけなら、\n　女装する必要はないですよねっ？」%K%P
「けどっ！　剣術を教えるだけなら、\n　女装する必要はないですよねっ？」%K%P
%LCニナ
%LCニナ
「ヒナちゃん、深皇学園は知ってるのよね？」%K%P
「ヒナちゃん、深皇学園は知ってるのよね？」%K%P
%LC陽菜
%LC陽菜
「えっ？　ええ、まあ、それなりに……」%K%P
「えっ？　ええ、まあ、それなりに……」%K%P
%LCニナ
%LCニナ
「なら、あそこが男子禁制のお嬢様学園ってことも、\n　当然知っているでしょ？」%K%P
「なら、あそこが男子禁制のお嬢様学園ってことも、\n　当然知っているでしょ？」%K%P
%LC陽菜
%LC陽菜
「はい」%K%P
「はい」%K%P
でなければオレは今頃、\n深皇に通っていたかもしれないんだし――、%K%P
でなければオレは今頃、\n深皇に通っていたかもしれないんだし――、%K%P
……って、待てよ？%K%P
……って、待てよ？%K%P
テアトルの客席に集まっていた学生って、\nもれなく女の子だったような……。%K%P
テアトルの客席に集まっていた学生って、\nもれなく女の子だったような……。%K%P
%LC陽菜
%LC陽菜
「……あの。まさか、銀蘭学園も……？」%K%P
「……あの。まさか、銀蘭学園も……？」%K%P
%LCニナ
%LCニナ
「ご名答っ。言いそびれちゃってたけど、\n　ここも男子禁制、乙女の園なの」%K%P
「ご名答っ。言いそびれちゃってたけど、\n　ここも男子禁制、乙女の園なの」%K%P
%LC陽菜
%LC陽菜
「なん――」%K%P
「なん――」%K%P
……嘘だ。言いそびれたなんて、ぜったい嘘だ。%K%P
……嘘だ。言いそびれたなんて、ぜったい嘘だ。%K%P
%LC陽菜
%LC陽菜
「……わかりました」%K%P
「……わかりました」%K%P
%LCニナ
%LCニナ
「ほんとっ？　納得してくれた？」%K%P
「ほんとっ？　納得してくれた？」%K%P
%LC陽菜
%LC陽菜
「してませんっ。わかったのは、\n　銀蘭が女学園だったってことです」%K%P
「してませんっ。わかったのは、\n　銀蘭が女学園だったってことです」%K%P
%LC陽菜
%LC陽菜
「第一、ここが女学園だったとしても、\n　職員として働くだけなら男のままで――」%K%P
「第一、ここが女学園だったとしても、\n　職員として働くだけなら男のままで――」%K%P
%LCニナ
%LCニナ
「私だって、出来ることならそうしてる。\n　でも、出来ない事情があるの」%K%P
「私だって、出来ることならそうしてる。\n　でも、出来ない事情があるの」%K%P
%LCニナ
%LCニナ
「銀蘭は、歴史も由緒もある学園なんだけど、\n　設立された経緯が、ちょっと複雑でね」%K%P
「銀蘭は、歴史も由緒もある学園なんだけど、\n　設立された経緯が、ちょっと複雑でね」%K%P
%LCニナ
%LCニナ
「もともとここは、全国の旧家名家の、\n　訳アリお嬢様を預かるために創られた学園なの」%K%P
「もともとここは、全国の旧家名家の、\n　訳アリお嬢様を預かるために創られた学園なの」%K%P
%LC陽菜
%LC陽菜
「訳アリ……？」%K%P
「訳アリ……？」%K%P
%LCニナ
%LCニナ
「隠し子とか、妾の子とか……そういう、\n　世間的におおっぴらに出来ない子たちのこと」%K%P
「隠し子とか、妾の子とか……そういう、\n　世間的におおっぴらに出来ない子たちのこと」%K%P
%LCニナ
%LCニナ
「そういう事情もあって、長い歴史のわりに、\n　銀蘭学園の知名度はあまり高くないの」%K%P
「そういう事情もあって、長い歴史のわりに、\n　銀蘭学園の知名度はあまり高くないの」%K%P
%LCニナ
%LCニナ
「人知れず才媛を育成してきた――言うなれば、\n　学園自体が箱入り娘みたいなものね」%K%P
「人知れず才媛を育成してきた――言うなれば、\n　学園自体が箱入り娘みたいなものね」%K%P
%LCニナ
%LCニナ
「とはいえ、これはあくまで昔の話。\n　近年はそんなことないのよ？」%K%P
「とはいえ、これはあくまで昔の話。\n　近年はそんなことないのよ？」%K%P
%LCニナ
%LCニナ
「今なお閉じた学園だっていうのなら、\n　私が理事長になんてなれっこないのだし」%K%P
「今なお閉じた学園だっていうのなら、\n　私が理事長になんてなれっこないのだし」%K%P
ニナさんは生粋のフランス人で、\n銀蘭学園とは縁もゆかりもないそうだ。%K%P
ニナさんは生粋のフランス人で、\n銀蘭学園とは縁もゆかりもないそうだ。%K%P
確かに、本当に世間から隠匿された学園なら、\nそんな人が理事長になんてなれはしないだろう。%K%P
確かに、本当に世間から隠匿された学園なら、\nそんな人が理事長になんてなれはしないだろう。%K%P
%LCニナ
%LCニナ
「ただ、創立当時から続く慣習が、\n　今に至るまで根強く残っていて――」%K%P
「ただ、創立当時から続く慣習が、\n　今に至るまで根強く残っていて――」%K%P
%LCニナ
%LCニナ
「そのひとつに、職員に男性を採用しない、\n　という暗黙のルールがあるの」%K%P
「そのひとつに、職員に男性を採用しない、\n　という暗黙のルールがあるの」%K%P
言われて思い出したのは、正門の守衛室だった。%K%P
言われて思い出したのは、正門の守衛室だった。%K%P
詰めていた守衛さんが女性で、\n珍しいなって、印象的だったのを覚えている。%K%P
詰めていた守衛さんが女性で、\n珍しいなって、印象的だったのを覚えている。%K%P
%LC陽菜
%LC陽菜
「だからって、女装だなんて……」%K%P
「だからって、女装だなんて……」%K%P
%LCニナ
%LCニナ
「大丈夫。いまのヒナちゃんは、\n　どこからどう見ても女の子だから」%K%P
「大丈夫。いまのヒナちゃんは、\n　どこからどう見ても女の子だから」%K%P
%LC陽菜
%LC陽菜
%XS21「男ですっ」%XE%K%P
%XS21「男ですっ」%XE%K%P
%LCニナ
%LCニナ
「いまの自分を鏡で見て、同じ事が言える？」%K%P
「いまの自分を鏡で見て、同じ事が言える？」%K%P
%LC陽菜
%LC陽菜
%XS21「言えます！　オレは、男ですっ！」%XE%K%P
%XS21「言えます！　オレは、男ですっ！」%XE%K%P
%LCニナ
%LCニナ
「……ぷっ、くっ、うふふっ」%K%P
「……ぷっ、くっ、うふふっ」%K%P
%LC陽菜
%LC陽菜
「ひどいっ！？」%K%P
「ひどいっ！？」%K%P
%LCニナ
%LCニナ
「んふっ、ごめんなさい。なんかね、\n　無理してる感じが余計に可愛らしくって」%K%P
「んふっ、ごめんなさい。なんかね、\n　無理してる感じが余計に可愛らしくって」%K%P
%LCニナ
%LCニナ
「そもそも、そんな可愛いお洋服を着て、\n　それでも男の子って、無理があるでしょう？」%K%P
「そもそも、そんな可愛いお洋服を着て、\n　それでも男の子って、無理があるでしょう？」%K%P
%LC陽菜
%LC陽菜
「オレの服を根こそぎ奪っておいて、\n　なにしれっと言ってるんですかっ」%K%P
「オレの服を根こそぎ奪っておいて、\n　なにしれっと言ってるんですかっ」%K%P
%LCニナ
%LCニナ
「やだもう、奪っただなんて人聞きが悪い。\n　クリーニングに出してあげただけよ？」%K%P
「やだもう、奪っただなんて人聞きが悪い。\n　クリーニングに出してあげただけよ？」%K%P
元々オレが着ていた服や手荷物の着替えは、\nフィエルテに着替えたとき奪われてしまった。%K%P
元々オレが着ていた服や手荷物の着替えは、\nフィエルテに着替えたとき奪われてしまった。%K%P
いま着ているこの服は、\nニナさんが用意してくれたものだ。%K%P
いま着ているこの服は、\nニナさんが用意してくれたものだ。%K%P
%LCニナ
%LCニナ
「気に入らなければ他の服もあるわよ。\n　こんなこともあろうかと色々用意しておいたから」%K%P
「気に入らなければ他の服もあるわよ。\n　こんなこともあろうかと色々用意しておいたから」%K%P
%LC陽菜
%LC陽菜
「計画的犯行すぎる……」%K%P
「計画的犯行すぎる……」%K%P
%LCニナ
%LCニナ
「準備に不備があったりしたら、\n　ヒナちゃんの女装がバレちゃうでしょう？」%K%P
「準備に不備があったりしたら、\n　ヒナちゃんの女装がバレちゃうでしょう？」%K%P
%LCニナ
%LCニナ
「だからこそ、出来る範囲で\n　準備は念入りにしておいたの」%K%P
「だからこそ、出来る範囲で\n　準備は念入りにしておいたの」%K%P
%LC陽菜
%LC陽菜
「じゃあ、このウィッグって……」%K%P
「じゃあ、このウィッグって……」%K%P
%LCニナ
%LCニナ
「{舞闘:カデンツァ}とは関係ない、ただのウィッグ。\n　ズレにくいっていうのは本当だけどね？」%K%P
「{舞闘:カデンツァ}とは関係ない、ただのウィッグ。\n　ズレにくいっていうのは本当だけどね？」%K%P
いろいろおかしい。%K%P
いろいろおかしい。%K%P
%LC陽菜
%LC陽菜
「……姉さん」%K%P
「……姉さん」%K%P
%LC宗千佳
%LC宗千佳
「なんだ？」%K%P
「なんだ？」%K%P
%LC陽菜
%LC陽菜
「姉さんは知ってたの？　この計画」%K%P
「姉さんは知ってたの？　この計画」%K%P
%LC宗千佳
%LC宗千佳
「知っていた――というより、ある意味、\n　私が切っ掛けを作ったようなものだ」%K%P
「知っていた――というより、ある意味、\n　私が切っ掛けを作ったようなものだ」%K%P
%LC陽菜
%LC陽菜
「なにそれ。どういうこと？」%K%P
「なにそれ。どういうこと？」%K%P
%LC宗千佳
%LC宗千佳
「日向。今夜、どこに泊まるつもりだった？」%K%P
「日向。今夜、どこに泊まるつもりだった？」%K%P
%LC陽菜
%LC陽菜
「それはもちろん、姉さんの家だけど」%K%P
「それはもちろん、姉さんの家だけど」%K%P
%LC宗千佳
%LC宗千佳
「いまの私の家は、ここだ」%K%P
「いまの私の家は、ここだ」%K%P
……は？%K%P
……は？%K%P
%LC陽菜
%LC陽菜
「……は？」%K%P
「……は？」%K%P
……は？%K%P
……は？%K%P
%LC陽菜
%LC陽菜
「え、ちょっと待って。どういうこと？」%K%P
「え、ちょっと待って。どういうこと？」%K%P
%LC宗千佳
%LC宗千佳
「私はいま、銀蘭学園に務めている。\n　そして、ここは銀蘭学園の職員寮――」%K%P
「私はいま、銀蘭学園に務めている。\n　そして、ここは銀蘭学園の職員寮――」%K%P
%LC宗千佳
%LC宗千佳
「家から通うには、いささか遠かったからな。\n　職員になったとき、こちらに引っ越したんだ」%K%P
「家から通うには、いささか遠かったからな。\n　職員になったとき、こちらに引っ越したんだ」%K%P
%LC陽菜
%LC陽菜
「だとしても、姉さんの実家には\n　伯母さんたちがいるはずじゃ」%K%P
「だとしても、姉さんの実家には\n　伯母さんたちがいるはずじゃ」%K%P
%LC宗千佳
%LC宗千佳
「両親は揃って武者修行に出た。\n　３ヶ月は帰ってこないだろう」%K%P
「両親は揃って武者修行に出た。\n　３ヶ月は帰ってこないだろう」%K%P
%LC陽菜
%LC陽菜
「このタイミングで？」%K%P
「このタイミングで？」%K%P
武者修行という言葉に驚かなかったのは、\nそれ自体、今回が初めてじゃないからだ。%K%P
武者修行という言葉に驚かなかったのは、\nそれ自体、今回が初めてじゃないからだ。%K%P
姉さんの父――叔父さんは武道家で、とくに若い頃、\n武者修行と称して海外を渡り歩いていた。%K%P
姉さんの父――叔父さんは武道家で、とくに若い頃、\n武者修行と称して海外を渡り歩いていた。%K%P
オレの母さんの姉――伯母さんとも、\nそんな修行の最中に知り合って結ばれたという。%K%P
オレの母さんの姉――伯母さんとも、\nそんな修行の最中に知り合って結ばれたという。%K%P
なもんで、夫婦揃って武者修行と称して、\n何年かに一度、海外に渡ってしまうのだ。%K%P
なもんで、夫婦揃って武者修行と称して、\n何年かに一度、海外に渡ってしまうのだ。%K%P
%LC陽菜
%LC陽菜
「なら、いま道場は？　こういうとき、\n　いつもなら姉さんが師範代してたよね？」%K%P
「なら、いま道場は？　こういうとき、\n　いつもなら姉さんが師範代してたよね？」%K%P
%LC宗千佳
%LC宗千佳
「いまは一時閉鎖中だ。\n　再開は両親が帰ってきたら、だな」%K%P
「いまは一時閉鎖中だ。\n　再開は両親が帰ってきたら、だな」%K%P
%LC陽菜
%LC陽菜
「事情はわかったけど……。どうしてそのこと、\n　前もって教えてくれなかったわけ？」%K%P
「事情はわかったけど……。どうしてそのこと、\n　前もって教えてくれなかったわけ？」%K%P
%LC宗千佳
%LC宗千佳
「私も知ったのは昨日だからだ」%K%P
「私も知ったのは昨日だからだ」%K%P
%LC陽菜
%LC陽菜
「伯母さんたち、思いつきで\n　武者修行に行っちゃったってこと？」%K%P
「伯母さんたち、思いつきで\n　武者修行に行っちゃったってこと？」%K%P
%LC宗千佳
%LC宗千佳
「いや。門下生に確認したところ、\n　１ヶ月前に休場の連絡をもらっていたそうだ」%K%P
「いや。門下生に確認したところ、\n　１ヶ月前に休場の連絡をもらっていたそうだ」%K%P
%LC宗千佳
%LC宗千佳
「両親いわく、私への連絡だけ、\n　うっかり忘れていたらしい」%K%P
「両親いわく、私への連絡だけ、\n　うっかり忘れていたらしい」%K%P
%LC宗千佳
%LC宗千佳
「うちはとことん放任主義だからな。\n　留学中もそうだったし、私も慣れている」%K%P
「うちはとことん放任主義だからな。\n　留学中もそうだったし、私も慣れている」%K%P
%LC宗千佳
%LC宗千佳
「とはいえ、今回はタイミングが悪かった」%K%P
「とはいえ、今回はタイミングが悪かった」%K%P
%LC宗千佳
%LC宗千佳
「なにせ日向の帰国直前だ。このままだと\n　日本に戻った早々、日向が宿無しになる」%K%P
「なにせ日向の帰国直前だ。このままだと\n　日本に戻った早々、日向が宿無しになる」%K%P
%LCニナ
%LCニナ
「そんな事情をむーちゃんから聞いた私が、\n　一肌脱ぐことにしたというわけ」%K%P
「そんな事情をむーちゃんから聞いた私が、\n　一肌脱ぐことにしたというわけ」%K%P
%LCニナ
%LCニナ
「ヒナちゃんを指南役補佐の代理として雇えば、\n　この寮に住んでもらえるでしょ？」%K%P
「ヒナちゃんを指南役補佐の代理として雇えば、\n　この寮に住んでもらえるでしょ？」%K%P
%LC陽菜
%LC陽菜
「なら……オレに先生役を頼みたいって話は、\n　方便だったってことですか？」%K%P
「なら……オレに先生役を頼みたいって話は、\n　方便だったってことですか？」%K%P
%LC陽菜
%LC陽菜
「強いから頼みたい、なんて言って……。\n　実は、休職してる職員なんていないんじゃ」%K%P
「強いから頼みたい、なんて言って……。\n　実は、休職してる職員なんていないんじゃ」%K%P
%LCニナ
%LCニナ
「あっ……ま、待って待ってっ。\n　違うの、あれは本当に本当の話なの」%K%P
「あっ……ま、待って待ってっ。\n　違うの、あれは本当に本当の話なの」%K%P
%LCニナ
%LCニナ
「職員が産休と怪我で休んでるのも、\n　むーちゃんが一人で大変なのも本当なの」%K%P
「職員が産休と怪我で休んでるのも、\n　むーちゃんが一人で大変なのも本当なの」%K%P
%LCニナ
%LCニナ
「ヒナちゃんに指導をお願いしたいのも本当だし、\n　あなたを必要としているのも本当なのっ」%K%P
「ヒナちゃんに指導をお願いしたいのも本当だし、\n　あなたを必要としているのも本当なのっ」%K%P
%LC陽菜
%LC陽菜
「でも」%K%P
「でも」%K%P
%LC宗千佳
%LC宗千佳
「日向、ニナの話に偽りはない。\n　私はいま手が足りなくて困っている」%K%P
「日向、ニナの話に偽りはない。\n　私はいま手が足りなくて困っている」%K%P
%LC宗千佳
%LC宗千佳
「そもそも、休んでいる二人の職員というのは、\n　うちの道場に通っていた元門下生だ」%K%P
「そもそも、休んでいる二人の職員というのは、\n　うちの道場に通っていた元門下生だ」%K%P
%LC宗千佳
%LC宗千佳
「日向も覚えているだろう？　{鶴谷:つるや}と{鴨居:かもい}を」%K%P
「日向も覚えているだろう？　{鶴谷:つるや}と{鴨居:かもい}を」%K%P
%LC陽菜
%LC陽菜
「あっ、うん」%K%P
「あっ、うん」%K%P
どちらも姉さんに憧れて入門した女性で、\nオレを弟のように可愛がってくれた人だ。%K%P
どちらも姉さんに憧れて入門した女性で、\nオレを弟のように可愛がってくれた人だ。%K%P
%LC陽菜
%LC陽菜
「そういえば鶴谷さん、少し前に、\n　赤ちゃんできたって連絡くれたけど……」%K%P
「そういえば鶴谷さん、少し前に、\n　赤ちゃんできたって連絡くれたけど……」%K%P
%LC宗千佳
%LC宗千佳
「予定日は来週。男の子だそうだ」%K%P
「予定日は来週。男の子だそうだ」%K%P
%LC陽菜
%LC陽菜
「なら、怪我をしたのが鴨居さん？」%K%P
「なら、怪我をしたのが鴨居さん？」%K%P
%LC宗千佳
%LC宗千佳
「膝の靱帯をな。日常生活に支障はないが、\n　大事をとって休んでもらっている」%K%P
「膝の靱帯をな。日常生活に支障はないが、\n　大事をとって休んでもらっている」%K%P
姉さんいわく、まだ特別講師として招かれていた頃、\n人手が欲しくて元門下生に声をかけたという。%K%P
姉さんいわく、まだ特別講師として招かれていた頃、\n人手が欲しくて元門下生に声をかけたという。%K%P
そんな中で{舞闘:カデンツァ}に興味を示し、\n手伝ってくれたのが鶴谷さんと鴨居さんだった。%K%P
そんな中で{舞闘:カデンツァ}に興味を示し、\n手伝ってくれたのが鶴谷さんと鴨居さんだった。%K%P
%LC宗千佳
%LC宗千佳
「ニナも話していたが、{舞闘:カデンツァ}は\n　剣道やフェンシングと多少勝手が違う」%K%P
「ニナも話していたが、{舞闘:カデンツァ}は\n　剣道やフェンシングと多少勝手が違う」%K%P
%LC宗千佳
%LC宗千佳
「だが、鶴谷たちは{舞闘:カデンツァ}と相性がよくてな。\n　おかげで色々と助けられていたんだ」%K%P
「だが、鶴谷たちは{舞闘:カデンツァ}と相性がよくてな。\n　おかげで色々と助けられていたんだ」%K%P
%LC宗千佳
%LC宗千佳
「そんなふたりが、揃って休職した。\n　いまは特に忙しい時期で、色々と大変だ」%K%P
「そんなふたりが、揃って休職した。\n　いまは特に忙しい時期で、色々と大変だ」%K%P
%LC宗千佳
%LC宗千佳
「それこそ、１年ぶりに帰国する従兄弟を、\n　空港まで出迎えに行けなくなるほどに」%K%P
「それこそ、１年ぶりに帰国する従兄弟を、\n　空港まで出迎えに行けなくなるほどに」%K%P
%LC陽菜
%LC陽菜
「そうだったんだ……」%K%P
「そうだったんだ……」%K%P
懐かしい名前が出てきたこともあって、\nさっき抱いた疑念は、すっかり霧散していた。%K%P
懐かしい名前が出てきたこともあって、\nさっき抱いた疑念は、すっかり霧散していた。%K%P
……けど。それでも――、%K%P
……けど。それでも――、%K%P
%LC陽菜
%LC陽菜
「……ごめん。オレ、女装は……」%K%P
「……ごめん。オレ、女装は……」%K%P
そもそもオレが剣術を習い始めたのは、\n『男らしく』『格好よく』なりたかったからだ。%K%P
そもそもオレが剣術を習い始めたのは、\n『男らしく』『格好よく』なりたかったからだ。%K%P
いざ剣術を始めると、それ自体が面白くって、\n今日まで邁進し続けてきたわけだけど――、%K%P
いざ剣術を始めると、それ自体が面白くって、\n今日まで邁進し続けてきたわけだけど――、%K%P
だからって、動機が消えたわけじゃない。%K%P
だからって、動機が消えたわけじゃない。%K%P
なのに、女装して女学園に通うだなんて。%K%P
なのに、女装して女学園に通うだなんて。%K%P
可愛い服を着て、女の子のふりをするだなんて。%K%P
可愛い服を着て、女の子のふりをするだなんて。%K%P
そんなのは、そんなことは――、%K%P
そんなのは、そんなことは――、%K%P
%LC宗千佳
%LC宗千佳
「日向、無理に引き受けることはない」%K%P
「日向、無理に引き受けることはない」%K%P
%LC宗千佳
%LC宗千佳
「住むところだって、誰もいなくていいなら、\n　私の実家で暮らしてくれて構わないしな」%K%P
「住むところだって、誰もいなくていいなら、\n　私の実家で暮らしてくれて構わないしな」%K%P
%LCニナ
%LCニナ
「ちょっ……ちょっとむーちゃんっ」%K%P
「ちょっ……ちょっとむーちゃんっ」%K%P
%LC宗千佳
%LC宗千佳
「ニナ」%K%P
「ニナ」%K%P
%LCニナ
%LCニナ
「ん……」%K%P
「ん……」%K%P
オレを擁護する発言に驚いたんだろう、\n慌てるニナさんを、姉さんは優しく窘めて。%K%P
オレを擁護する発言に驚いたんだろう、\n慌てるニナさんを、姉さんは優しく窘めて。%K%P
それから、オレをじっと見た。%K%P
それから、オレをじっと見た。%K%P
%LC宗千佳
%LC宗千佳
「苦手だものな。『可愛い』のは」%K%P
「苦手だものな。『可愛い』のは」%K%P
%LC陽菜
%LC陽菜
「っ……」%K%P
「っ……」%K%P
あっさりと核心をつかれ、息を呑む。%K%P
あっさりと核心をつかれ、息を呑む。%K%P
けど、見抜かれて当然だ。%K%P
けど、見抜かれて当然だ。%K%P
格好よくなりたい――オレが剣術を始めた理由を、\n姉さんは知っているんだから。%K%P
格好よくなりたい――オレが剣術を始めた理由を、\n姉さんは知っているんだから。%K%P
%LC宗千佳
%LC宗千佳
「正直に言おう。私は帰国した日向が、\n　強くなっていなければいいと、そう思っていた」%K%P
「正直に言おう。私は帰国した日向が、\n　強くなっていなければいいと、そう思っていた」%K%P
%LC陽菜
%LC陽菜
「は……はあっ！？　なんだよそれっ」%K%P
「は……はあっ！？　なんだよそれっ」%K%P
%LC宗千佳
%LC宗千佳
「強くなければ、ニナが誘う理由がなくなる。\n　そうすれば、日向が女装することもない」%K%P
「強くなければ、ニナが誘う理由がなくなる。\n　そうすれば、日向が女装することもない」%K%P
%LC陽菜
%LC陽菜
「あ……」%K%P
「あ……」%K%P
そういえば姉さん、オレと再会した直後、\n妙に歯切れ悪そうにしてたけど――、%K%P
そういえば姉さん、オレと再会した直後、\n妙に歯切れ悪そうにしてたけど――、%K%P
あれって、このままだとオレが女装させられるって\nわかっていたからだったのか。%K%P
あれって、このままだとオレが女装させられるって\nわかっていたからだったのか。%K%P
%LC宗千佳
%LC宗千佳
「だが、日向は強くなっていた」%K%P
「だが、日向は強くなっていた」%K%P
%LC宗千佳
%LC宗千佳
「アリアンロッドや深皇と同じく、この銀蘭でも、\n　もっとも強い騎士を{最優秀騎士:ブリランテ}と呼ぶが――」%K%P
「アリアンロッドや深皇と同じく、この銀蘭でも、\n　もっとも強い騎士を{最優秀騎士:ブリランテ}と呼ぶが――」%K%P
%LC宗千佳
%LC宗千佳
「日向が今日戦った天海依夜は、２年連続、\n　{最優秀騎士:ブリランテ}となった実力者だ」%K%P
「日向が今日戦った天海依夜は、２年連続、\n　{最優秀騎士:ブリランテ}となった実力者だ」%K%P
%LC宗千佳
%LC宗千佳
「彼女は入学以来、私の指導のもとで、\n　{舞闘:カデンツァ}の腕を磨いてきた」%K%P
「彼女は入学以来、私の指導のもとで、\n　{舞闘:カデンツァ}の腕を磨いてきた」%K%P
%LC宗千佳
%LC宗千佳
「特定の学生を贔屓するのはよくないが、\n　愛弟子のような存在といっていい」%K%P
「特定の学生を贔屓するのはよくないが、\n　愛弟子のような存在といっていい」%K%P
%LC宗千佳
%LC宗千佳
「そんな依夜に、日向は勝った。\n　今日、初めて{舞闘:カデンツァ}をやった日向が」%K%P
「そんな依夜に、日向は勝った。\n　今日、初めて{舞闘:カデンツァ}をやった日向が」%K%P
%LC宗千佳
%LC宗千佳
「しかも、相手の剣を折るなど……。\n　これまで、誰も見たことがない勝ち方で」%K%P
「しかも、相手の剣を折るなど……。\n　これまで、誰も見たことがない勝ち方で」%K%P
%LC陽菜
%LC陽菜
「んぅ……」%K%P
「んぅ……」%K%P
姉さんにストレートに褒められて、頬が火照る。%K%P
姉さんにストレートに褒められて、頬が火照る。%K%P
%LC宗千佳
%LC宗千佳
「おそらく……いや、続けていけば確実に、\n　日向は{舞闘:カデンツァ}にハマる」%K%P
「おそらく……いや、続けていけば確実に、\n　日向は{舞闘:カデンツァ}にハマる」%K%P
%LC宗千佳
%LC宗千佳
「実際、今日は楽しかっただろう？」%K%P
「実際、今日は楽しかっただろう？」%K%P
%LC陽菜
%LC陽菜
「……うん」%K%P
「……うん」%K%P
鎧を身に纏ったときの高揚感、飛び散る火花、\n甲高い金属音――そして、剣を通して伝わる手応え。%K%P
鎧を身に纏ったときの高揚感、飛び散る火花、\n甲高い金属音――そして、剣を通して伝わる手応え。%K%P
それは、これまで経験してきたどんな武芸よりも、\n鮮烈な印象となり、オレの中に根を下ろした。%K%P
それは、これまで経験してきたどんな武芸よりも、\n鮮烈な印象となり、オレの中に根を下ろした。%K%P
%LC宗千佳
%LC宗千佳
「だが、{舞闘:カデンツァ}はここでしか出来ない」%K%P
「だが、{舞闘:カデンツァ}はここでしか出来ない」%K%P
%LC宗千佳
%LC宗千佳
「ふたたび{舞闘:カデンツァ}をやりたいのなら、\n　この学園に通う以外、道はない」%K%P
「ふたたび{舞闘:カデンツァ}をやりたいのなら、\n　この学園に通う以外、道はない」%K%P
%LC宗千佳
%LC宗千佳
「いま日向が考えるべきは、そこだ。\n　私やニナの事情に気を揉む必要はない」%K%P
「いま日向が考えるべきは、そこだ。\n　私やニナの事情に気を揉む必要はない」%K%P
%LC宗千佳
%LC宗千佳
「確かに私は忙しい。だが、それを理由に\n　決断されても、互いに遺恨を残すだけだ」%K%P
「確かに私は忙しい。だが、それを理由に\n　決断されても、互いに遺恨を残すだけだ」%K%P
%LC宗千佳
%LC宗千佳
「この先、なにかことあるごとに、\n『あのとき女装したのは姉さんのためだった』\n　などと言われ続けるのは御免だからな」%K%P
「この先、なにかことあるごとに、\n『あのとき女装したのは姉さんのためだった』\n　などと言われ続けるのは御免だからな」%K%P
%LC陽菜
%LC陽菜
「言わないって、そんなこと」%K%P
「言わないって、そんなこと」%K%P
%LC宗千佳
%LC宗千佳
「わかっている。あくまでも例えばの話だ」%K%P
「わかっている。あくまでも例えばの話だ」%K%P
%LC宗千佳
%LC宗千佳
「私が言いたいのは――」%K%P
「私が言いたいのは――」%K%P
%LC陽菜
%LC陽菜
「自分の道は自分で決めろ。――でしょ？」%K%P
「自分の道は自分で決めろ。――でしょ？」%K%P
%LC宗千佳
%LC宗千佳
「そうだ。日向は、どうしたい？」%K%P
「そうだ。日向は、どうしたい？」%K%P
――そうして、オレはここにいる。%K%P
――そうして、オレはここにいる。%K%P
どうしてこうなったのか――その答えは、\n自分自身がそれを選んだから、だ。%K%P
どうしてこうなったのか――その答えは、\n自分自身がそれを選んだから、だ。%K%P
とはいえ、卯花陽菜として過ごす道を選んだのは、\n{舞闘:カデンツァ}がやりたかったからだけじゃない。%K%P
とはいえ、卯花陽菜として過ごす道を選んだのは、\n{舞闘:カデンツァ}がやりたかったからだけじゃない。%K%P
姉さんはああ言っていたけど、やっぱり、\n困ってる姉さんを見て見ぬふりは出来なかったし。%K%P
姉さんはああ言っていたけど、やっぱり、\n困ってる姉さんを見て見ぬふりは出来なかったし。%K%P
あと、休職中だというふたりの職員が、\n自分の知っている人だった、というのも大きい。%K%P
あと、休職中だというふたりの職員が、\n自分の知っている人だった、というのも大きい。%K%P
姉さんを支えることが、間接的に、\n鶴谷さんと鴨居さんへの恩返しにもなる。%K%P
姉さんを支えることが、間接的に、\n鶴谷さんと鴨居さんへの恩返しにもなる。%K%P
そして、なにより――自分の強さを\n必要としてもらえたことが、純粋に嬉しかった。%K%P
そして、なにより――自分の強さを\n必要としてもらえたことが、純粋に嬉しかった。%K%P
だからオレは、オレの意志で、\nこの学園に女装して通う道を選んだんだ。%K%P
だからオレは、オレの意志で、\nこの学園に女装して通う道を選んだんだ。%K%P
%LC陽菜
%LC陽菜
「…………はぁ」%K%P
「…………はぁ」%K%P
そうなんだよなぁ……。%K%P
そうなんだよなぁ……。%K%P
オレ、自分で女装すること、\n選んじゃったんだよなぁ……。%K%P
オレ、自分で女装すること、\n選んじゃったんだよなぁ……。%K%P
チャイムの音が聞こえて、我に返る。%K%P
チャイムの音が聞こえて、我に返る。%K%P
昨日のことを思い出していたら、\n最初の授業がいつのまにか終わっていた。%K%P
昨日のことを思い出していたら、\n最初の授業がいつのまにか終わっていた。%K%P
%LC隣の席の子
%LC隣の席の子
「ねえ、卯花さん」%K%P
「ねえ、卯花さん」%K%P
ヤバい。授業内容、なにも覚えてない……。%K%P
ヤバい。授業内容、なにも覚えてない……。%K%P
%LC隣の席の子
%LC隣の席の子
「卯花さん。卯花さんってば」%K%P
「卯花さん。卯花さんってば」%K%P
……ん？　うのはな……？　それって――、%K%P
……ん？　うのはな……？　それって――、%K%P
%LC陽菜
%LC陽菜
「あっ……えと、なに？」%K%P
「あっ……えと、なに？」%K%P
あぶないあぶない。いまのオレは、\n空木日向じゃなく卯花陽菜なんだった。%K%P
あぶないあぶない。いまのオレは、\n空木日向じゃなく卯花陽菜なんだった。%K%P
%LC隣の席の子
%LC隣の席の子
「ぽやーんとしてたけど大丈夫？\n　授業内容、ついていけてる？」%K%P
「ぽやーんとしてたけど大丈夫？\n　授業内容、ついていけてる？」%K%P
%LC陽菜
%LC陽菜
「うん。たぶん、大丈夫」%K%P
「うん。たぶん、大丈夫」%K%P
そもそも聞いてなかったなんて言えない。%K%P
そもそも聞いてなかったなんて言えない。%K%P
%LC隣の席の子
%LC隣の席の子
「ならよかった。\n　なにかあったらなんでも聞いてね」%K%P
「ならよかった。\n　なにかあったらなんでも聞いてね」%K%P
%LC陽菜
%LC陽菜
「ええと……」%K%P
「ええと……」%K%P
%LC隣の席の子
%LC隣の席の子
「あ、そっか。私は――」%K%P
「あ、そっか。私は――」%K%P
%LCクラスメートＡ
%LCクラスメートＡ
「あーっ、杏奈ばっかズぅルぅいぃ！\n　さっそく卯花さんとお話してるぅ！」%K%P
「あーっ、杏奈ばっかズぅルぅいぃ！\n　さっそく卯花さんとお話してるぅ！」%K%P
%LCクラスメートＢ
%LCクラスメートＢ
「そうですっ！　みんな卯花さんとお話したいの、\n　授業中ずーっと我慢してましたのにっ！」%K%P
「そうですっ！　みんな卯花さんとお話したいの、\n　授業中ずーっと我慢してましたのにっ！」%K%P
%LCクラスメートＣ
%LCクラスメートＣ
「ねねねっ、卯花さんってすっごい強いけど、\n　やっぱ剣道とかやってるの？」%K%P
「ねねねっ、卯花さんってすっごい強いけど、\n　やっぱ剣道とかやってるの？」%K%P
%LC陽菜
%LC陽菜
「あっ、うん。剣道はやってるよ。\n　最近は、あんまりだったけど」%K%P
「あっ、うん。剣道はやってるよ。\n　最近は、あんまりだったけど」%K%P
%LCクラスメートＤ
%LCクラスメートＤ
「はー、やっぱりそうなんだ」%K%P
「はー、やっぱりそうなんだ」%K%P
%LCクラスメートＥ
%LCクラスメートＥ
「他には？　なにかやってるの？」%K%P
「他には？　なにかやってるの？」%K%P
%LC陽菜
%LC陽菜
「ここ１年は主にフェンシングだけど、\n　他のスポーツも、選り好みせずに色々と」%K%P
「ここ１年は主にフェンシングだけど、\n　他のスポーツも、選り好みせずに色々と」%K%P
%LC陽菜
%LC陽菜
「どんなスポーツも経験しておいて損はないって、\n　ねえ……諏訪先生が、そう教えてくれて」%K%P
「どんなスポーツも経験しておいて損はないって、\n　ねえ……諏訪先生が、そう教えてくれて」%K%P
%LCクラスメートＡ
%LCクラスメートＡ
「諏訪先生が？　なんで？」%K%P
「諏訪先生が？　なんで？」%K%P
%LCクラスメートＢ
%LCクラスメートＢ
「卯花さんは鶴谷先生たちと同じく、\n　諏訪先生のご実家の道場の門下生なんです」%K%P
「卯花さんは鶴谷先生たちと同じく、\n　諏訪先生のご実家の道場の門下生なんです」%K%P
%LCクラスメートＡ
%LCクラスメートＡ
「えっ、そうなのっ？」%K%P
「えっ、そうなのっ？」%K%P
%LCクラスメートＢ
%LCクラスメートＢ
「あなた、朝礼で何を聞いていたの？\n　諏訪先生自らご説明なさっていたでしょう？」%K%P
「あなた、朝礼で何を聞いていたの？\n　諏訪先生自らご説明なさっていたでしょう？」%K%P
%LCクラスメートＡ
%LCクラスメートＡ
「だって、今朝はちょっと眠くて……」%K%P
「だって、今朝はちょっと眠くて……」%K%P
%LCクラスメートＢ
%LCクラスメートＢ
「もう、この子はいつもいつも……」%K%P
「もう、この子はいつもいつも……」%K%P
%LCクラスメートＥ
%LCクラスメートＥ
「で？　スポーツって具体的になに？\n　ゴルフ？　ポロ？　アイスホッケー？」%K%P
「で？　スポーツって具体的になに？\n　ゴルフ？　ポロ？　アイスホッケー？」%K%P
%LCクラスメートＢ
%LCクラスメートＢ
「なんでそんなに偏るんですかっ」%K%P
「なんでそんなに偏るんですかっ」%K%P
%LCクラスメートＥ
%LCクラスメートＥ
「やっぱ何かを振ったりするやつかなーって」%K%P
「やっぱ何かを振ったりするやつかなーって」%K%P
%LCクラスメートＤ
%LCクラスメートＤ
「ねねっ、実際のとこはどうなの？」%K%P
「ねねっ、実際のとこはどうなの？」%K%P
%LC陽菜
%LC陽菜
「ええっと……」%K%P
「ええっと……」%K%P
女の子ってすごい。%K%P
女の子ってすごい。%K%P
一瞬で周りを取り囲まれたと思ったら、\n全方位から声が飛んできて、それが止まらない。%K%P
一瞬で周りを取り囲まれたと思ったら、\n全方位から声が飛んできて、それが止まらない。%K%P
のぼせるって感覚があるけど、あれに近くて、\n女の子の声だけで頭がぽーっとしそうだ。%K%P
のぼせるって感覚があるけど、あれに近くて、\n女の子の声だけで頭がぽーっとしそうだ。%K%P
編入初日だし、女学園だし、\n覚悟はしてたけど……これは予想以上かも。%K%P
編入初日だし、女学園だし、\n覚悟はしてたけど……これは予想以上かも。%K%P
%LC隣の席の子
%LC隣の席の子
「こぉらっ、みんないい加減にするっ！\n　卯花さんが困ってるでしょー？」%K%P
「こぉらっ、みんないい加減にするっ！\n　卯花さんが困ってるでしょー？」%K%P
%LC隣の席の子
%LC隣の席の子
「そもそも私たち、\n　卯花さんに名乗ってすらないんだよ？」%K%P
「そもそも私たち、\n　卯花さんに名乗ってすらないんだよ？」%K%P
%LC隣の席の子
%LC隣の席の子
「こういうときは、まず名前。\n　私たちも自己紹介っ！　オッケー？」%K%P
「こういうときは、まず名前。\n　私たちも自己紹介っ！　オッケー？」%K%P
%LCクラスメート一同
%LCクラスメート一同
「「「「はぁーい」」」」%K%P
「「「「はぁーい」」」」%K%P
%LC隣の席の子
%LC隣の席の子
「ふぅ……。というわけなんだけど、\n　卯花さんも、それでいい？」%K%P
「ふぅ……。というわけなんだけど、\n　卯花さんも、それでいい？」%K%P
%LC陽菜
%LC陽菜
「うん。そうしてもらえると助かるよ」%K%P
「うん。そうしてもらえると助かるよ」%K%P
最初に話しかけてくれた隣の席の子が、\n見るに見かねてって感じで場を仕切ってくれた。%K%P
最初に話しかけてくれた隣の席の子が、\n見るに見かねてって感じで場を仕切ってくれた。%K%P
面倒見が良さそうだし、隣の席だし、\nこれからなにかとお世話になりそうな感じだ。%K%P
面倒見が良さそうだし、隣の席だし、\nこれからなにかとお世話になりそうな感じだ。%K%P
%LCクラスメートＡ
%LCクラスメートＡ
「なら、まずは言い出しっぺからどうぞ」%K%P
「なら、まずは言い出しっぺからどうぞ」%K%P
%LC隣の席の子
%LC隣の席の子
「えへへっ、いっちばーんっ」%K%P
「えへへっ、いっちばーんっ」%K%P
%LC杏奈
%LC杏奈
「私、{小柴:こしば}{杏奈:あんな}。\n　ご覧の通り、お隣さんだよ。よろしくね」%K%P
「私、{小柴:こしば}{杏奈:あんな}。\n　ご覧の通り、お隣さんだよ。よろしくね」%K%P
%LC陽菜
%LC陽菜
「こしば、あんな……」%K%P
「こしば、あんな……」%K%P
――なんだろう。%K%P
――なんだろう。%K%P
この名前、初めて聞いた気がしない。%K%P
この名前、初めて聞いた気がしない。%K%P
%LC杏奈
%LC杏奈
「でね、この学園って、学生同士は\n　名前で呼び合うことが多いんだけど……」%K%P
「でね、この学園って、学生同士は\n　名前で呼び合うことが多いんだけど……」%K%P
%LC杏奈
%LC杏奈
「卯花さんって先生でもあるわけでしょ？\n　この場合、どうしたらいいかな？」%K%P
「卯花さんって先生でもあるわけでしょ？\n　この場合、どうしたらいいかな？」%K%P
%LC陽菜
%LC陽菜
「気にせず名前で呼んで。\n　その方が私も嬉しいし」%K%P
「気にせず名前で呼んで。\n　その方が私も嬉しいし」%K%P
%LC陽菜
%LC陽菜
「みんなも気兼ねなく、陽菜って呼んでね」%K%P
「みんなも気兼ねなく、陽菜って呼んでね」%K%P
%LCクラスメート一同
%LCクラスメート一同
「「「「うんっ！」」」」%K%P
「「「「うんっ！」」」」%K%P
卯花って響きにも慣れておく必要はあるけど、\nせっかく『ヒナ』って名前なんだし、活用しよう。%K%P
卯花って響きにも慣れておく必要はあるけど、\nせっかく『ヒナ』って名前なんだし、活用しよう。%K%P
あるいはそのあたりも考慮して、ニナさんは\nこの名前を用意してくれたのかもしれない。%K%P
あるいはそのあたりも考慮して、ニナさんは\nこの名前を用意してくれたのかもしれない。%K%P
%LC杏奈
%LC杏奈
「陽菜ちゃん、陽菜、陽菜さん……」%K%P
「陽菜ちゃん、陽菜、陽菜さん……」%K%P
%LC杏奈
%LC杏奈
「うーん……。ヒネリないけど、\n　やっぱり陽菜ちゃんがいいかなぁ」%K%P
「うーん……。ヒネリないけど、\n　やっぱり陽菜ちゃんがいいかなぁ」%K%P
%LC陽菜
%LC陽菜
「そういう杏奈さんは？　呼ばれ方、希望ある？」%K%P
「そういう杏奈さんは？　呼ばれ方、希望ある？」%K%P
%LC杏奈
%LC杏奈
「私は何でも。多いのは杏奈ちゃんかな」%K%P
「私は何でも。多いのは杏奈ちゃんかな」%K%P
%LC杏奈
%LC杏奈
「中には、こしあん、って呼ぶ子もいるけど」%K%P
「中には、こしあん、って呼ぶ子もいるけど」%K%P
%LC陽菜
%LC陽菜
「こしあん――？」%K%P
「こしあん――？」%K%P
%LC杏奈
%LC杏奈
「そっ。小柴杏奈だから、こしあん」%K%P
「そっ。小柴杏奈だから、こしあん」%K%P
%LCクラスメートＤ
%LCクラスメートＤ
「だけじゃないでしょ？\n　杏奈っち、ガチで餡子好きだし」%K%P
「だけじゃないでしょ？\n　杏奈っち、ガチで餡子好きだし」%K%P
%LC杏奈
%LC杏奈
「だって美味しいよ？\n　餡ドーナツとかお饅頭とかどら焼きとか」%K%P
「だって美味しいよ？\n　餡ドーナツとかお饅頭とかどら焼きとか」%K%P
%LCクラスメートＣ
%LCクラスメートＣ
「どれも中身が真っ黒。つまり腹黒」%K%P
「どれも中身が真っ黒。つまり腹黒」%K%P
%LC杏奈
%LC杏奈
「違うしっ！　そんなことないしっ！」%K%P
「違うしっ！　そんなことないしっ！」%K%P
こしば、あんな……。こしあん、こしあん……。%K%P
こしば、あんな……。こしあん、こしあん……。%K%P
……うん。やっぱり、覚えがある。%K%P
……うん。やっぱり、覚えがある。%K%P
でも、だとしたら、いったいどこで――、%K%P
でも、だとしたら、いったいどこで――、%K%P
%LC杏奈
%LC杏奈
「さっき話に出てたけど、陽菜ちゃんって、\n　諏訪先生のお弟子さんなんだよね？」%K%P
「さっき話に出てたけど、陽菜ちゃんって、\n　諏訪先生のお弟子さんなんだよね？」%K%P
%LC陽菜
%LC陽菜
「うん、そうだよ」%K%P
「うん、そうだよ」%K%P
クラスメートの子たちも話していたけど、\n陽菜の経歴は、日向とほぼ同じになっている。%K%P
クラスメートの子たちも話していたけど、\n陽菜の経歴は、日向とほぼ同じになっている。%K%P
詐称する必要がなかったってのもあるけど、\nそのほうが、色々と都合がよかったからだ。%K%P
詐称する必要がなかったってのもあるけど、\nそのほうが、色々と都合がよかったからだ。%K%P
%LC杏奈
%LC杏奈
「じゃあ、道場に入門して、けっこう長い？」%K%P
「じゃあ、道場に入門して、けっこう長い？」%K%P
%LC陽菜
%LC陽菜
「それなり、かな」%K%P
「それなり、かな」%K%P
%LC杏奈
%LC杏奈
「なら、私と陽菜ちゃん、\n　小さな頃に会ったことあるかもよ？」%K%P
「なら、私と陽菜ちゃん、\n　小さな頃に会ったことあるかもよ？」%K%P
%LC杏奈
%LC杏奈
「私、諏訪先生の家の近くに住んでたことがあって、\n　道場にも何度か遊びに行ったことあるんだ」%K%P
「私、諏訪先生の家の近くに住んでたことがあって、\n　道場にも何度か遊びに行ったことあるんだ」%K%P
%LC陽菜
%LC陽菜
「近くに、住んでた……？」%K%P
「近くに、住んでた……？」%K%P
%LC杏奈
%LC杏奈
「小学校にあがるぐらいまでだけどね」%K%P
「小学校にあがるぐらいまでだけどね」%K%P
%LC杏奈
%LC杏奈
「色々あって親の都合で引っ越したあと、\n　ずっとこっちで暮らしてたから」%K%P
「色々あって親の都合で引っ越したあと、\n　ずっとこっちで暮らしてたから」%K%P
姉さんちの近くに住んでたってことは、\n当然、オレともご近所さんだったってことだ。%K%P
姉さんちの近くに住んでたってことは、\n当然、オレともご近所さんだったってことだ。%K%P
子供の頃、近くに住んでた、こしば、あんな――。%K%P
子供の頃、近くに住んでた、こしば、あんな――。%K%P
%LC陽菜
%LC陽菜
「……あ」%K%P
「……あ」%K%P
%LC杏奈
%LC杏奈
「おっ、ひょっとしてホントに会ってたっ？\n　そのこと思い出しちゃったりしたっ？」%K%P
「おっ、ひょっとしてホントに会ってたっ？\n　そのこと思い出しちゃったりしたっ？」%K%P
%LC陽菜
%LC陽菜
「ちっ、違う違うっ。いまのは杏奈ちゃんって\n　言おうとして、くしゃみが……くひゅんっ」%K%P
「ちっ、違う違うっ。いまのは杏奈ちゃんって\n　言おうとして、くしゃみが……くひゅんっ」%K%P
%LC杏奈
%LC杏奈
「わ、くしゃみ可愛い」%K%P
「わ、くしゃみ可愛い」%K%P
%LC陽菜
%LC陽菜
「あはっ、あはは」%K%P
「あはっ、あはは」%K%P
なんて、笑って誤魔化したけど、\nまったくもって笑ってる場合じゃない。%K%P
なんて、笑って誤魔化したけど、\nまったくもって笑ってる場合じゃない。%K%P
小柴杏奈――小さな頃に会ってるどころか、\n同じ幼稚園に通ってた、隣の家の杏奈ちゃんだ……！%K%P
小柴杏奈――小さな頃に会ってるどころか、\n同じ幼稚園に通ってた、隣の家の杏奈ちゃんだ……！%K%P
――嗚呼、世の中はなんて狭いんだろう。%K%P
――嗚呼、世の中はなんて狭いんだろう。%K%P
女装して編入した女学園で、よりにもよって、\n幼馴染みだった女の子と再会するなんて。%K%P
女装して編入した女学園で、よりにもよって、\n幼馴染みだった女の子と再会するなんて。%K%P
%LC陽菜
%LC陽菜
（いまのとこ、オレが空木日向だってことは、\n　気付いてなさそうだけど……）%K%P
（いまのとこ、オレが空木日向だってことは、\n　気付いてなさそうだけど……）%K%P
杏奈ちゃんとオレは、家が隣で年も同じという、\n絵に描いたような幼馴染みだった。%K%P
杏奈ちゃんとオレは、家が隣で年も同じという、\n絵に描いたような幼馴染みだった。%K%P
いわゆる家族ぐるみの付き合いもしていて、\n小さな頃は、よく一緒に遊んだものだ。%K%P
いわゆる家族ぐるみの付き合いもしていて、\n小さな頃は、よく一緒に遊んだものだ。%K%P
ただし、それは小学校に入るくらいまでの話。%K%P
ただし、それは小学校に入るくらいまでの話。%K%P
彼女自身も言っていたように、それぐらいの頃、\n急に向こうが引っ越してしまい、以来それっきり。%K%P
彼女自身も言っていたように、それぐらいの頃、\n急に向こうが引っ越してしまい、以来それっきり。%K%P
１０年以上疎遠だったから、顔はもちろん、\n名前を聞いても、すぐにはピンとこなかった。%K%P
１０年以上疎遠だったから、顔はもちろん、\n名前を聞いても、すぐにはピンとこなかった。%K%P
%LC陽菜
%LC陽菜
（このこと、姉さんは知ってるのかな……）%K%P
（このこと、姉さんは知ってるのかな……）%K%P
知ってたら事前に教えてくれそうなものだから、\n知らない可能性のほうが高そうだけど――、%K%P
知ってたら事前に教えてくれそうなものだから、\n知らない可能性のほうが高そうだけど――、%K%P
ともかく、オレが空木日向だってことは、\n彼女に悟られないようにしないと。%K%P
ともかく、オレが空木日向だってことは、\n彼女に悟られないようにしないと。%K%P
空木日向だと気付かれたら、\nその時点で女装も一緒にバレてしまうんだから。%K%P
空木日向だと気付かれたら、\nその時点で女装も一緒にバレてしまうんだから。%K%P
%LC陽菜
%LC陽菜
（にしても、久しぶりに会ったと思ったら、\n　またしても『お隣さん』になるなんて……）%K%P
（にしても、久しぶりに会ったと思ったら、\n　またしても『お隣さん』になるなんて……）%K%P
運命の悪戯、なんて言葉があるけれど、\nこんなにお似合いな状況、そうないに違いない。%K%P
運命の悪戯、なんて言葉があるけれど、\nこんなにお似合いな状況、そうないに違いない。%K%P
あれから何度もチャイムが鳴って、昼休み。%K%P
あれから何度もチャイムが鳴って、昼休み。%K%P
当然のように、午前中の授業内容は、\nどれもまったく頭に入ってこなかった。%K%P
当然のように、午前中の授業内容は、\nどれもまったく頭に入ってこなかった。%K%P
ちゃんとお昼を食べて、\n午後の授業は集中しないと。%K%P
ちゃんとお昼を食べて、\n午後の授業は集中しないと。%K%P
%LC杏奈
%LC杏奈
「陽菜ちゃん、お昼ご飯どうするの？」%K%P
「陽菜ちゃん、お昼ご飯どうするの？」%K%P
%LC陽菜
%LC陽菜
「それなら、他の子たちと一緒に\n　食堂で食べるようにって」%K%P
「それなら、他の子たちと一緒に\n　食堂で食べるようにって」%K%P
%LC杏奈
%LC杏奈
「食堂の場所わかる？　案内しよっか？」%K%P
「食堂の場所わかる？　案内しよっか？」%K%P
%LCクラスメートＡ
%LCクラスメートＡ
「あーっ、杏奈抜け駆けしてるっ！」%K%P
「あーっ、杏奈抜け駆けしてるっ！」%K%P
%LC杏奈
%LC杏奈
「お隣さんの役得ですぅー」%K%P
「お隣さんの役得ですぅー」%K%P
%LCクラスメートＡ
%LCクラスメートＡ
「ぐぬうっ、それはそうだけどさぁ」%K%P
「ぐぬうっ、それはそうだけどさぁ」%K%P
%LC陽菜
%LC陽菜
「お隣さんの役得って？」%K%P
「お隣さんの役得って？」%K%P
%LC杏奈
%LC杏奈
「隣の席同士で助け合うのが銀蘭の基本なんだ。\n　汝の隣人を愛せよ、ってね」%K%P
「隣の席同士で助け合うのが銀蘭の基本なんだ。\n　汝の隣人を愛せよ、ってね」%K%P
%LC杏奈
%LC杏奈
「陽菜ちゃんのお隣さんは私だから。\n　いろいろお世話してあげちゃう」%K%P
「陽菜ちゃんのお隣さんは私だから。\n　いろいろお世話してあげちゃう」%K%P
%LC陽菜
%LC陽菜
「なら、案内お願いしてもいい？」%K%P
「なら、案内お願いしてもいい？」%K%P
%LC陽菜
%LC陽菜
「実は今回の編入、すごく急な話だったから。\n　まだ最低限のことしか教わってなくて」%K%P
「実は今回の編入、すごく急な話だったから。\n　まだ最低限のことしか教わってなくて」%K%P
例えば、学内のトイレはどこを使えばいいか、とか。%K%P
例えば、学内のトイレはどこを使えばいいか、とか。%K%P
女装学園生活を送るための準備が最優先で、\nその他の諸々は後回しになってしまっていた。%K%P
女装学園生活を送るための準備が最優先で、\nその他の諸々は後回しになってしまっていた。%K%P
%LC杏奈
%LC杏奈
「任せて。私がいろいろ教えてあげる」%K%P
「任せて。私がいろいろ教えてあげる」%K%P
そう言って、キリッと意気込む杏奈ちゃん。%K%P
そう言って、キリッと意気込む杏奈ちゃん。%K%P
正直、幼馴染みである彼女と親しくするのは、\nリスキーではあるんだけど――、%K%P
正直、幼馴染みである彼女と親しくするのは、\nリスキーではあるんだけど――、%K%P
そうしないと今朝のように、\n他の子たちに囲まれてしまいそうだし。%K%P
そうしないと今朝のように、\n他の子たちに囲まれてしまいそうだし。%K%P
ここは素直に、お言葉に甘えておこう。%K%P
ここは素直に、お言葉に甘えておこう。%K%P
%LC杏奈
%LC杏奈
「じゃーんっ！　こちらが銀蘭自慢の食堂ですっ」%K%P
「じゃーんっ！　こちらが銀蘭自慢の食堂ですっ」%K%P
%LC陽菜
%LC陽菜
「おおー……」%K%P
「おおー……」%K%P
校舎の外観や教室の雰囲気から、\n食堂も古式ゆかしい感じなのかと思っていたけど。%K%P
校舎の外観や教室の雰囲気から、\n食堂も古式ゆかしい感じなのかと思っていたけど。%K%P
しっとり落ち着いた雰囲気もあって、\nお洒落なレストランって感じすらある。%K%P
しっとり落ち着いた雰囲気もあって、\nお洒落なレストランって感じすらある。%K%P
%LC杏奈
%LC杏奈
「向こうに料理が並んでるから、\n　好きなのを選んで取ってくる方式だよ」%K%P
「向こうに料理が並んでるから、\n　好きなのを選んで取ってくる方式だよ」%K%P
%LC杏奈
%LC杏奈
「サンドイッチやおにぎりも並んでて、\n　それを外に持っていってもオッケーだから」%K%P
「サンドイッチやおにぎりも並んでて、\n　それを外に持っていってもオッケーだから」%K%P
%LC陽菜
%LC陽菜
「ビュッフェ形式だなんてすごいね」%K%P
「ビュッフェ形式だなんてすごいね」%K%P
%LC杏奈
%LC杏奈
「いまの学園長がこの方式にしたみたい。\n　できるだけ好きなのを食べて欲しいって」%K%P
「いまの学園長がこの方式にしたみたい。\n　できるだけ好きなのを食べて欲しいって」%K%P
%LC陽菜
%LC陽菜
「確かに。これだと悩まなくて済むね」%K%P
「確かに。これだと悩まなくて済むね」%K%P
%LC杏奈
%LC杏奈
「ここの料理はどれも美味しいから、\n　体重で悩む子は多いみたいだけど」%K%P
「ここの料理はどれも美味しいから、\n　体重で悩む子は多いみたいだけど」%K%P
%LC陽菜
%LC陽菜
「あー……」%K%P
「あー……」%K%P
好きなものを好きなだけ選べたら、\n当然、そういう悩みもあるんだろうなぁ。%K%P
好きなものを好きなだけ選べたら、\n当然、そういう悩みもあるんだろうなぁ。%K%P
%LC杏奈
%LC杏奈
「陽菜ちゃん、けっこう細いよね。\n　食べても太らないほう？」%K%P
「陽菜ちゃん、けっこう細いよね。\n　食べても太らないほう？」%K%P
%LC陽菜
%LC陽菜
「たぶん。本当は太りたかったんだけど」%K%P
「たぶん。本当は太りたかったんだけど」%K%P
%LC杏奈
%LC杏奈
「うわ、贅沢なこと言ってる」%K%P
「うわ、贅沢なこと言ってる」%K%P
%LC陽菜
%LC陽菜
「私、肉がつきにくい体質らしくて。\n　そのせいか、身長もあんまり伸びなくて」%K%P
「私、肉がつきにくい体質らしくて。\n　そのせいか、身長もあんまり伸びなくて」%K%P
%LC杏奈
%LC杏奈
「そうかな？　私と同じぐらいだし、\n　平均的なほうじゃない？」%K%P
「そうかな？　私と同じぐらいだし、\n　平均的なほうじゃない？」%K%P
%LC陽菜
%LC陽菜
「まぁ、うん。そうなんだけど」%K%P
「まぁ、うん。そうなんだけど」%K%P
女子なら確かに平均ぐらいだろうけど、\n男子として見た場合、そこそこ低い。%K%P
女子なら確かに平均ぐらいだろうけど、\n男子として見た場合、そこそこ低い。%K%P
小さな頃から低くて、いつか伸びると期待しつつ、\nそんなことがないまま今に至ってしまった。%K%P
小さな頃から低くて、いつか伸びると期待しつつ、\nそんなことがないまま今に至ってしまった。%K%P
留学から帰る飛行機の中でも思ったけど、\n１年伸びてないし、もう伸びないんだろうなぁ……。%K%P
留学から帰る飛行機の中でも思ったけど、\n１年伸びてないし、もう伸びないんだろうなぁ……。%K%P
%LC女学生Ａ
%LC女学生Ａ
「ねぇねぇ、あれって卯花先生じゃない？」%K%P
「ねぇねぇ、あれって卯花先生じゃない？」%K%P
%LC女学生Ｂ
%LC女学生Ｂ
「あっ、ハンバーグ選んでる。\n　私も今日は同じのにしよっと」%K%P
「あっ、ハンバーグ選んでる。\n　私も今日は同じのにしよっと」%K%P
%LC女学生Ｃ
%LC女学生Ｃ
「ほら、あそこにいらっしゃるのって」%K%P
「ほら、あそこにいらっしゃるのって」%K%P
%LC女学生Ｄ
%LC女学生Ｄ
「まぁ、ほんと。\n　卯花先生、こちらでお食事なさるのね」%K%P
「まぁ、ほんと。\n　卯花先生、こちらでお食事なさるのね」%K%P
料理を選ぶ間も、席を選ぶ間も、\nそこかしこからそんな声が聞こえてきた。%K%P
料理を選ぶ間も、席を選ぶ間も、\nそこかしこからそんな声が聞こえてきた。%K%P
他にも、こちらをちらちら見て、\nこそこそと耳打ちしあってる子も多い。%K%P
他にも、こちらをちらちら見て、\nこそこそと耳打ちしあってる子も多い。%K%P
正直、噂されるのは照れくさいけど、\n今朝みたいに取り囲まれないなら、まだ平気だ。%K%P
正直、噂されるのは照れくさいけど、\n今朝みたいに取り囲まれないなら、まだ平気だ。%K%P
ただ、そんな中でひとつ、気になることが。%K%P
ただ、そんな中でひとつ、気になることが。%K%P
%LC陽菜
%LC陽菜
「制服のリボンって、２種類あるの？」%K%P
「制服のリボンって、２種類あるの？」%K%P
よく見ると、オレや杏奈ちゃんとは\n違う色のリボンをつけている着てる子たちがいる。%K%P
よく見ると、オレや杏奈ちゃんとは\n違う色のリボンをつけている着てる子たちがいる。%K%P
割合としては半々といったところで、\n同じ色のリボンをつけている子同士が集まり、\nグループが出来ているようだった。%K%P
割合としては半々といったところで、\n同じ色のリボンをつけている子同士が集まり、\nグループが出来ているようだった。%K%P
%LC杏奈
%LC杏奈
「私たちと違う色のリボンをつけてるのは、\n　センシブルの子たちだよ」%K%P
「私たちと違う色のリボンをつけてるのは、\n　センシブルの子たちだよ」%K%P
%LC陽菜
%LC陽菜
「センシブル？」%K%P
「センシブル？」%K%P
%LC杏奈
%LC杏奈
「ノーブルが出来るまで、銀蘭には\n　学科がひとつしかなかったんだけど――」%K%P
「ノーブルが出来るまで、銀蘭には\n　学科がひとつしかなかったんだけど――」%K%P
%LC陽菜
%LC陽菜
「あっ、うん。確か、才媛育成科だよね？」%K%P
「あっ、うん。確か、才媛育成科だよね？」%K%P
以前は学科がひとつだけだったという話は、\n昨日、ちらっとニナさんから聞いていた。%K%P
以前は学科がひとつだけだったという話は、\n昨日、ちらっとニナさんから聞いていた。%K%P
%LC杏奈
%LC杏奈
「そっ。で、騎士育成科――ノーブルが出来たとき、\n　お揃いっぽい感じで愛称をつけたんだって」%K%P
「そっ。で、騎士育成科――ノーブルが出来たとき、\n　お揃いっぽい感じで愛称をつけたんだって」%K%P
%LC杏奈
%LC杏奈
「それが、センシブル」%K%P
「それが、センシブル」%K%P
ノーブルは『高潔』を意味し、\nセンシブルは『聡明』を意味する。%K%P
ノーブルは『高潔』を意味し、\nセンシブルは『聡明』を意味する。%K%P
騎士は高潔たれ、淑女は聡明たれ――そんな願いを\nこめて、ニナさんが命名したそうだ。%K%P
騎士は高潔たれ、淑女は聡明たれ――そんな願いを\nこめて、ニナさんが命名したそうだ。%K%P
他にも、{舞闘:カデンツァ}などの銀蘭独自用語は、\nそのほとんどが、ニナさん考案によるものだという。%K%P
他にも、{舞闘:カデンツァ}などの銀蘭独自用語は、\nそのほとんどが、ニナさん考案によるものだという。%K%P
%LC杏奈
%LC杏奈
「学科が違うと、校舎や授業も違うから。\n　顔を合わせる機会って意外と少ないんだ」%K%P
「学科が違うと、校舎や授業も違うから。\n　顔を合わせる機会って意外と少ないんだ」%K%P
%LC杏奈
%LC杏奈
「朝礼や昼食以外だと、部活動ぐらいかな？\n　部活動って、学科で区別ないからね」%K%P
「朝礼や昼食以外だと、部活動ぐらいかな？\n　部活動って、学科で区別ないからね」%K%P
%LC杏奈
%LC杏奈
「あっ、あと、銀蘭祭みたいな合同行事も一緒」%K%P
「あっ、あと、銀蘭祭みたいな合同行事も一緒」%K%P
%LC陽菜
%LC陽菜
「銀蘭祭？」%K%P
「銀蘭祭？」%K%P
%LC杏奈
%LC杏奈
「もうすぐ開催予定の、いわゆる学園祭。\n　うちのは二日間かけてやるんだよ」%K%P
「もうすぐ開催予定の、いわゆる学園祭。\n　うちのは二日間かけてやるんだよ」%K%P
%LC杏奈
%LC杏奈
「目玉は初日の{舞闘:カデンツァ}と、\n　あと、なんといっても二日目のアリアっ」%K%P
「目玉は初日の{舞闘:カデンツァ}と、\n　あと、なんといっても二日目のアリアっ」%K%P
%LC陽菜
%LC陽菜
「アリア……って、もしかして、\n　森の中で騎士たちが戦う、あのアリアっ？」%K%P
「アリア……って、もしかして、\n　森の中で騎士たちが戦う、あのアリアっ？」%K%P
かつて留学中の姉さんも大活躍したという、\nオレにとって憧れの行事、アリア。%K%P
かつて留学中の姉さんも大活躍したという、\nオレにとって憧れの行事、アリア。%K%P
それが、銀蘭でも開催されているだなんて――、%K%P
それが、銀蘭でも開催されているだなんて――、%K%P
%LC杏奈
%LC杏奈
「ぬか喜びさせちゃったらごめんだけど、\n　銀蘭祭でやるのは、歌劇アリアだよ」%K%P
「ぬか喜びさせちゃったらごめんだけど、\n　銀蘭祭でやるのは、歌劇アリアだよ」%K%P
%LC陽菜
%LC陽菜
「歌劇……？　ミュージカルってこと？」%K%P
「歌劇……？　ミュージカルってこと？」%K%P
%LC杏奈
%LC杏奈
「そう。ノーブルを代表する{騎士:ワルキュリア}と、\n　センシブルを代表する{歌姫:ディーバ}によるミュージカル」%K%P
「そう。ノーブルを代表する{騎士:ワルキュリア}と、\n　センシブルを代表する{歌姫:ディーバ}によるミュージカル」%K%P
杏奈ちゃんの説明によれば、銀蘭学園のアリアは、\n{歌姫救出譚:プリンチペッサ・プレギエーラ}を元にした演劇だそうだ。%K%P
杏奈ちゃんの説明によれば、銀蘭学園のアリアは、\n{歌姫救出譚:プリンチペッサ・プレギエーラ}を元にした演劇だそうだ。%K%P
内容自体は、オレも知っている伝承をもとにした、\nその名の通りの歌姫救出劇。%K%P
内容自体は、オレも知っている伝承をもとにした、\nその名の通りの歌姫救出劇。%K%P
森の奥深くに囚われてしまった歌姫を、\n女性だけの騎士の一団が助け出すという物語だ。%K%P
森の奥深くに囚われてしまった歌姫を、\n女性だけの騎士の一団が助け出すという物語だ。%K%P
この物語における最大の見所は、なんといっても、\n広大な森の中で騎士たちを導く歌姫の歌声。%K%P
この物語における最大の見所は、なんといっても、\n広大な森の中で騎士たちを導く歌姫の歌声。%K%P
銀蘭祭の歌劇アリアは、その歌声に焦点をあて、\nミュージカル形式で伝承を再現しているという。%K%P
銀蘭祭の歌劇アリアは、その歌声に焦点をあて、\nミュージカル形式で伝承を再現しているという。%K%P
%LC陽菜
%LC陽菜
「そうなんだ……。私、てっきり深皇や\n　アリアンロッドみたいな内容かと思って」%K%P
「そうなんだ……。私、てっきり深皇や\n　アリアンロッドみたいな内容かと思って」%K%P
%LC杏奈
%LC杏奈
「同じ事がやりたかったみたいだけど、\n　銀蘭って、そもそも敷地に森がないから」%K%P
「同じ事がやりたかったみたいだけど、\n　銀蘭って、そもそも敷地に森がないから」%K%P
%LC杏奈
%LC杏奈
「それで、歌劇って形式に落ち着いたみたい」%K%P
「それで、歌劇って形式に落ち着いたみたい」%K%P
%LC陽菜
%LC陽菜
「あー……」%K%P
「あー……」%K%P
確かに、アリアをやるには広大な森が必要だ。%K%P
確かに、アリアをやるには広大な森が必要だ。%K%P
銀蘭もけして狭いわけではないけど、\n敷地内に森があるような規模じゃない。%K%P
銀蘭もけして狭いわけではないけど、\n敷地内に森があるような規模じゃない。%K%P
――と、そんなふうに食事をしながら、\n杏奈ちゃんにあれこれ教わっているときだった。%K%P
――と、そんなふうに食事をしながら、\n杏奈ちゃんにあれこれ教わっているときだった。%K%P
その子は、急にオレの視界に飛び込んできた。%K%P
その子は、急にオレの視界に飛び込んできた。%K%P
――なんだろう、この感じ。%K%P
――なんだろう、この感じ。%K%P
杏奈ちゃんが幼馴染みだと気付いた時の\n感覚と似ている――いや、たぶん、それ以上。%K%P
杏奈ちゃんが幼馴染みだと気付いた時の\n感覚と似ている――いや、たぶん、それ以上。%K%P
とにかく心がざわついて、目が離せない。%K%P
とにかく心がざわついて、目が離せない。%K%P
%LC杏奈
%LC杏奈
「陽菜ちゃん？　どうかした？」%K%P
「陽菜ちゃん？　どうかした？」%K%P
%LC陽菜
%LC陽菜
「あっ、えと……」%K%P
「あっ、えと……」%K%P
%LC杏奈
%LC杏奈
「んー……？」%K%P
「んー……？」%K%P
生返事なオレの視線を追いかけるように、\n杏奈ちゃんも、くるっと後ろを振り向いて。%K%P
生返事なオレの視線を追いかけるように、\n杏奈ちゃんも、くるっと後ろを振り向いて。%K%P
%LC杏奈
%LC杏奈
「あっ、{歌姫:ディーバ}」%K%P
「あっ、{歌姫:ディーバ}」%K%P
%LC陽菜
%LC陽菜
「{歌姫:ディーバ}――」%K%P
「{歌姫:ディーバ}――」%K%P
その一言で、胸騒ぎは、すとんと収まった。%K%P
その一言で、胸騒ぎは、すとんと収まった。%K%P
そうだ。あの子は{歌姫:ディーバ}だ、って。%K%P
そうだ。あの子は{歌姫:ディーバ}だ、って。%K%P
%LC陽菜
%LC陽菜
「{歌姫:ディーバ}ってことは……あの子が、\n　歌劇アリアで歌姫役を演じる子？」%K%P
「{歌姫:ディーバ}ってことは……あの子が、\n　歌劇アリアで歌姫役を演じる子？」%K%P
%LC杏奈
%LC杏奈
「今は、そうなったらいいなって段階かな」%K%P
「今は、そうなったらいいなって段階かな」%K%P
%LC杏奈
%LC杏奈
「あの子、去年も歌姫役に選ばれたんだけど。\n　そのときは結局、辞退しちゃったから」%K%P
「あの子、去年も歌姫役に選ばれたんだけど。\n　そのときは結局、辞退しちゃったから」%K%P
%LC杏奈
%LC杏奈
「それで、去年の歌劇アリアでは、\n　別の人が歌姫役を務めたの」%K%P
「それで、去年の歌劇アリアでは、\n　別の人が歌姫役を務めたの」%K%P
%LC杏奈
%LC杏奈
「その人もすごく歌が上手かったんだけど、\n　３年生だったから、もう卒業しちゃってて――」%K%P
「その人もすごく歌が上手かったんだけど、\n　３年生だったから、もう卒業しちゃってて――」%K%P
%LC杏奈
%LC杏奈
「だから、今年こそは彼女に歌姫役を\n　演じて欲しいって、みんな思ってるの」%K%P
「だから、今年こそは彼女に歌姫役を\n　演じて欲しいって、みんな思ってるの」%K%P
%LC杏奈
%LC杏奈
「それで、願掛けみたいな感じで、みんなして\n　{睦月:むつき}ちゃんをこっそり{歌姫:ディーバ}って呼んでて」%K%P
「それで、願掛けみたいな感じで、みんなして\n　{睦月:むつき}ちゃんをこっそり{歌姫:ディーバ}って呼んでて」%K%P
%LC陽菜
%LC陽菜
「そうなんだ――」%K%P
「そうなんだ――」%K%P
――――……ん？%K%P
――――……ん？%K%P
%LC陽菜
%LC陽菜
「……あの、杏奈ちゃん。いま、なんて？」%K%P
「……あの、杏奈ちゃん。いま、なんて？」%K%P
%LC杏奈
%LC杏奈
「いま？　どれ？」%K%P
「いま？　どれ？」%K%P
%LC陽菜
%LC陽菜
「ほら、{歌姫:ディーバ}の子の、名前」%K%P
「ほら、{歌姫:ディーバ}の子の、名前」%K%P
%LC杏奈
%LC杏奈
「ああ、睦月ちゃんのこと？」%K%P
「ああ、睦月ちゃんのこと？」%K%P
%LC陽菜
%LC陽菜
「うっ、うん」%K%P
「うっ、うん」%K%P
銀蘭では、学生同士は名前で呼び合うのが慣習。%K%P
銀蘭では、学生同士は名前で呼び合うのが慣習。%K%P
ということは、睦月は、名前――。%K%P
ということは、睦月は、名前――。%K%P
%LC杏奈
%LC杏奈
「あっ、そっか。名前言ってなかったっけ」%K%P
「あっ、そっか。名前言ってなかったっけ」%K%P
%LC杏奈
%LC杏奈
「彼女はセンシブル２年、{宮守:みやもり}{睦月:むつき}ちゃん。\n　銀蘭が誇る、合唱部の歌姫だよ」%K%P
「彼女はセンシブル２年、{宮守:みやもり}{睦月:むつき}ちゃん。\n　銀蘭が誇る、合唱部の歌姫だよ」%K%P
%LC陽菜
%LC陽菜
「うそ、でしょ……」%K%P
「うそ、でしょ……」%K%P
呟きが漏れた瞬間、手にしたお箸から、\n口に運ぼうとしていたブロッコリーが落ちた。%K%P
呟きが漏れた瞬間、手にしたお箸から、\n口に運ぼうとしていたブロッコリーが落ちた。%K%P
宮守睦月――それは、オレの初恋の人の名だ。%K%P
宮守睦月――それは、オレの初恋の人の名だ。%K%P
――嗚呼、世の中はなんて狭いんだろう。%K%P
――嗚呼、世の中はなんて狭いんだろう。%K%P
いや、狭いなんてもんじゃない。極狭だ。%K%P
いや、狭いなんてもんじゃない。極狭だ。%K%P
まさか初恋の人まで、この学園にいるなんて。%K%P
まさか初恋の人まで、この学園にいるなんて。%K%P
宮守睦月――彼女とは、\n幼い頃に所属していた合唱団で出会った。%K%P
宮守睦月――彼女とは、\n幼い頃に所属していた合唱団で出会った。%K%P
オレの母さんは名の知れたオペラ歌手で、\n父さんは、そのマネジメントをしている。%K%P
オレの母さんは名の知れたオペラ歌手で、\n父さんは、そのマネジメントをしている。%K%P
仕事の拠点が海外なのも、日本にあまりいないのも、\nそのあたりが大いに関係している。%K%P
仕事の拠点が海外なのも、日本にあまりいないのも、\nそのあたりが大いに関係している。%K%P
で、そんな母さんの勧めで入った――というか、\n気付けば入っていたのが、とある少年少女合唱団。%K%P
で、そんな母さんの勧めで入った――というか、\n気付けば入っていたのが、とある少年少女合唱団。%K%P
活動内容はかなり本格的で、\n全国規模のコンクールなどにも出場していた。%K%P
活動内容はかなり本格的で、\n全国規模のコンクールなどにも出場していた。%K%P
そんな合唱団で、小さな頃のオレは、\n『天使の歌声』なんて持て囃されていて。%K%P
そんな合唱団で、小さな頃のオレは、\n『天使の歌声』なんて持て囃されていて。%K%P
そして、宮守睦月――つーちゃんもまた、\n同じように『天使の歌声』と称賛されていた。%K%P
そして、宮守睦月――つーちゃんもまた、\n同じように『天使の歌声』と称賛されていた。%K%P
年が同じだったこともあり、オレとつーちゃんは、\nそれぞれソロパートを任されることも多くて。%K%P
年が同じだったこともあり、オレとつーちゃんは、\nそれぞれソロパートを任されることも多くて。%K%P
一緒に練習する機会も自然と増えて、\nそんな中で、オレはつーちゃんに恋をして。%K%P
一緒に練習する機会も自然と増えて、\nそんな中で、オレはつーちゃんに恋をして。%K%P
告白して、フラれた。%K%P
告白して、フラれた。%K%P
そのときの彼女の言葉が、\n日本へ帰る機内でも思い出した、あの一言。%K%P
そのときの彼女の言葉が、\n日本へ帰る機内でも思い出した、あの一言。%K%P
『ひなちゃん、私よりずっと可愛いもん。\n　結婚なんてできないよ』%K%P
『ひなちゃん、私よりずっと可愛いもん。\n　結婚なんてできないよ』%K%P
結果的に、この一言がオレの人生を変えた。%K%P
結果的に、この一言がオレの人生を変えた。%K%P
もし、告白が成功していたら。%K%P
もし、告白が成功していたら。%K%P
あるいは、告白自体していなかったら。%K%P
あるいは、告白自体していなかったら。%K%P
オレが剣を手にすることはなかっただろうし、\n今も変わらず、歌を続けていたかもしれない。%K%P
オレが剣を手にすることはなかっただろうし、\n今も変わらず、歌を続けていたかもしれない。%K%P
そういう意味では、フラれてしまったけど、\n彼女はオレにとって運命の人だった。%K%P
そういう意味では、フラれてしまったけど、\n彼女はオレにとって運命の人だった。%K%P
だからといって、再会の仕方まで、\nここまで運命的にしなくてもいいとは思うけど。%K%P
だからといって、再会の仕方まで、\nここまで運命的にしなくてもいいとは思うけど。%K%P
%LC陽菜
%LC陽菜
（それにしても、つーちゃん、\n　綺麗になってたなぁ……）%K%P
（それにしても、つーちゃん、\n　綺麗になってたなぁ……）%K%P
見かけた瞬間、不思議と目が離せなくなったのは、\n初恋の相手だと本能が察知したせいかもしれない。%K%P
見かけた瞬間、不思議と目が離せなくなったのは、\n初恋の相手だと本能が察知したせいかもしれない。%K%P
ただ、恋心の再燃というか、未練みたいな気持ちは、\nまったくと言っていいほど涌いてこなかった。%K%P
ただ、恋心の再燃というか、未練みたいな気持ちは、\nまったくと言っていいほど涌いてこなかった。%K%P
そもそも小さな頃の話だし、あの頃の自分が、\n恋愛感情を理解していたかと言われると怪しい。%K%P
そもそも小さな頃の話だし、あの頃の自分が、\n恋愛感情を理解していたかと言われると怪しい。%K%P
なによりも彼女の歌がとても好きだったから、\nその感覚を、好意だと勘違いしたかも――、%K%P
なによりも彼女の歌がとても好きだったから、\nその感覚を、好意だと勘違いしたかも――、%K%P
%LC陽菜
%LC陽菜
（それでも、オレにとっては初恋の人、\n　なんだよなぁ……）%K%P
（それでも、オレにとっては初恋の人、\n　なんだよなぁ……）%K%P
オレが剣術を始めたのは、彼女の一言が切っ掛けだ。%K%P
オレが剣術を始めたのは、彼女の一言が切っ掛けだ。%K%P
けど、格好よくなったら見返してやろうとか、\n振り向かせてやる、みたいな気持ちはなかった。%K%P
けど、格好よくなったら見返してやろうとか、\n振り向かせてやる、みたいな気持ちはなかった。%K%P
それぐらい、姉さんに教えてもらう剣術が、\n自分にとって楽しかったってことなんだろうけど。%K%P
それぐらい、姉さんに教えてもらう剣術が、\n自分にとって楽しかったってことなんだろうけど。%K%P
%LC陽菜
%LC陽菜
（……今のオレだったら、可愛いじゃなく、\n　男らしい、格好いいって、言ってもらえるのかな）%K%P
（……今のオレだったら、可愛いじゃなく、\n　男らしい、格好いいって、言ってもらえるのかな）%K%P
あの告白から１０年が経ったいま、\n成長した自分を見てもらいたいって気持ちはある。%K%P
あの告白から１０年が経ったいま、\n成長した自分を見てもらいたいって気持ちはある。%K%P
ある、けど――、%K%P
ある、けど――、%K%P
%LC陽菜
%LC陽菜
（言い出せるわけないよな、これじゃ……）%K%P
（言い出せるわけないよな、これじゃ……）%K%P
教室の窓ガラスに映る自分は、\nどう見たって、女学園の制服を着た女の子。%K%P
教室の窓ガラスに映る自分は、\nどう見たって、女学園の制服を着た女の子。%K%P
それこそ、隣の家に住んでた幼馴染みが、\nその正体に気付かないぐらいの乙女っぷりだ。%K%P
それこそ、隣の家に住んでた幼馴染みが、\nその正体に気付かないぐらいの乙女っぷりだ。%K%P
%LC陽菜
%LC陽菜
（けど、杏奈ちゃん同様、つーちゃんにも\n　オレが日向だってバレないようにしないと）%K%P
（けど、杏奈ちゃん同様、つーちゃんにも\n　オレが日向だってバレないようにしないと）%K%P
隣の席の杏奈ちゃんに比べれば、学科も違う\nつーちゃんとは、会う機会自体少ないだろうけど。%K%P
隣の席の杏奈ちゃんに比べれば、学科も違う\nつーちゃんとは、会う機会自体少ないだろうけど。%K%P
それでも、用心するに超したことはない。%K%P
それでも、用心するに超したことはない。%K%P
結局、あれこれ考えているうちに、\n午後の授業もいつのまにか終わっていた。%K%P
結局、あれこれ考えているうちに、\n午後の授業もいつのまにか終わっていた。%K%P
ホームルームも無事に終わり、\nみんな、それぞれ帰り支度を――、%K%P
ホームルームも無事に終わり、\nみんな、それぞれ帰り支度を――、%K%P
%LCクラスメートＡ
%LCクラスメートＡ
「ひーなーちゃんっ！　学園探検しよっ？」%K%P
「ひーなーちゃんっ！　学園探検しよっ？」%K%P
%LC陽菜
%LC陽菜
「たっ、探検？」%K%P
「たっ、探検？」%K%P
%LCクラスメートＢ
%LCクラスメートＢ
「もう。それを言うなら案内でしょう」%K%P
「もう。それを言うなら案内でしょう」%K%P
%LC杏奈
%LC杏奈
「それならご心配なく。\n　私がビシッとエスコートするから」%K%P
「それならご心配なく。\n　私がビシッとエスコートするから」%K%P
%LCクラスメートＡ
%LCクラスメートＡ
「ぐぅー！　杏奈ばっかずーるーいーっ！」%K%P
「ぐぅー！　杏奈ばっかずーるーいーっ！」%K%P
%LCクラスメートＢ
%LCクラスメートＢ
「そうです。放課後ぐらい、私たちだって」%K%P
「そうです。放課後ぐらい、私たちだって」%K%P
%LCクラスメートＣ
%LCクラスメートＣ
「そうだそうだっ！」%K%P
「そうだそうだっ！」%K%P
%LCクラスメートＤ
%LCクラスメートＤ
「いっそクラス全員で」%K%P
「いっそクラス全員で」%K%P
%LC杏奈
%LC杏奈
「なに言ってるの。\n　そんな大所帯、かえって迷惑でしょ？」%K%P
「なに言ってるの。\n　そんな大所帯、かえって迷惑でしょ？」%K%P
%LCクラスメート一同
%LCクラスメート一同
「「「ぶーぶー」」」%K%P
「「「ぶーぶー」」」%K%P
%LC陽菜
%LC陽菜
「ごめんね、みんな。\n　今度ゆっくりお話させてね」%K%P
「ごめんね、みんな。\n　今度ゆっくりお話させてね」%K%P
%LCクラスメート一同
%LCクラスメート一同
「「「はーいっ」」」%K%P
「「「はーいっ」」」%K%P
杏奈ちゃんのおかげもあって、\n無事、教室からの脱出に成功。%K%P
杏奈ちゃんのおかげもあって、\n無事、教室からの脱出に成功。%K%P
%LC杏奈
%LC杏奈
「さっそく案内しようと思うんだけど。\n　陽菜ちゃん、希望ある？」%K%P
「さっそく案内しようと思うんだけど。\n　陽菜ちゃん、希望ある？」%K%P
%LC陽菜
%LC陽菜
「テアトルと食堂以外なら、どこでも」%K%P
「テアトルと食堂以外なら、どこでも」%K%P
%LC杏奈
%LC杏奈
「んー……。\n　なら、部活動とか見に行ってみる？」%K%P
「んー……。\n　なら、部活動とか見に行ってみる？」%K%P
%LC陽菜
%LC陽菜
「うん。ぜひ」%K%P
「うん。ぜひ」%K%P
{騎士道:シュバルリィ}の授業があるぐらいだし、\n剣道やフェンシングが盛んな可能性は高い。%K%P
{騎士道:シュバルリィ}の授業があるぐらいだし、\n剣道やフェンシングが盛んな可能性は高い。%K%P
だとしたら、かなり興味がある。%K%P
だとしたら、かなり興味がある。%K%P
もちろん、女装がバレないように、\n最大限の注意は払わなくちゃいけないけど――、%K%P
もちろん、女装がバレないように、\n最大限の注意は払わなくちゃいけないけど――、%K%P
今後は姉さんの補佐として、\n剣術を教える側の役目も担うわけで。%K%P
今後は姉さんの補佐として、\n剣術を教える側の役目も担うわけで。%K%P
学園のことを知っておくためにも、\nいろいろな部を回っておきたいところだ。%K%P
学園のことを知っておくためにも、\nいろいろな部を回っておきたいところだ。%K%P
%LC杏奈
%LC杏奈
「いやー、陸上部もバレー部もテニス部も、\n　どこもすっごい歓迎っぷりだったね」%K%P
「いやー、陸上部もバレー部もテニス部も、\n　どこもすっごい歓迎っぷりだったね」%K%P
%LC陽菜
%LC陽菜
「ほんと。有名人にでもなったみたい」%K%P
「ほんと。有名人にでもなったみたい」%K%P
%LC杏奈
%LC杏奈
「実際、陽菜ちゃんは有名人なんだけどね。\n　無敗の依夜様を倒しちゃったんだから」%K%P
「実際、陽菜ちゃんは有名人なんだけどね。\n　無敗の依夜様を倒しちゃったんだから」%K%P
なんて杏奈ちゃんは言ったけど、\nこれに関しては、ニナさんの目論見だったりする。%K%P
なんて杏奈ちゃんは言ったけど、\nこれに関しては、ニナさんの目論見だったりする。%K%P
いくらオレが諏訪宗千佳の弟子と言ったって、\n年齢的には、他の学生たちと同じ年頃だ。%K%P
いくらオレが諏訪宗千佳の弟子と言ったって、\n年齢的には、他の学生たちと同じ年頃だ。%K%P
そんな子が急に指南役補佐の代理ですと言われても、\n納得できない子だって出てくるだろう。%K%P
そんな子が急に指南役補佐の代理ですと言われても、\n納得できない子だって出てくるだろう。%K%P
だからニナさんは、親善試合という形で、\nオレと天海さんの{舞闘:カデンツァ}を用意した。%K%P
だからニナさんは、親善試合という形で、\nオレと天海さんの{舞闘:カデンツァ}を用意した。%K%P
{最優秀騎士:ブリランテ}と互角に戦えるとなれば、\n実力に関して不満が出ることはないからだ。%K%P
{最優秀騎士:ブリランテ}と互角に戦えるとなれば、\n実力に関して不満が出ることはないからだ。%K%P
実際、昨日の親善試合があればこそ、\nオレはこんなにも注目されているわけで。%K%P
実際、昨日の親善試合があればこそ、\nオレはこんなにも注目されているわけで。%K%P
そこまで考えていたニナさんという人は、\nまったくもって油断ならないと思う。%K%P
そこまで考えていたニナさんという人は、\nまったくもって油断ならないと思う。%K%P
その後も杏奈ちゃんの案内で、\nさまざまな部活を紹介してもらったけど――、%K%P
その後も杏奈ちゃんの案内で、\nさまざまな部活を紹介してもらったけど――、%K%P
お目当ての部は、まったく登場しなかった。%K%P
お目当ての部は、まったく登場しなかった。%K%P
%LC陽菜
%LC陽菜
「ねえ、杏奈ちゃん。銀蘭には、\n　剣道部やフェンシング部ってないの？」%K%P
「ねえ、杏奈ちゃん。銀蘭には、\n　剣道部やフェンシング部ってないの？」%K%P
%LC杏奈
%LC杏奈
「昔はあったんだけど、\n　部員が足りずに廃部になったみたい」%K%P
「昔はあったんだけど、\n　部員が足りずに廃部になったみたい」%K%P
%LC陽菜
%LC陽菜
「そっか……」%K%P
「そっか……」%K%P
勝手に期待しちゃった部分があるとはいえ、\nどちらもない、というのは寂しい。%K%P
勝手に期待しちゃった部分があるとはいえ、\nどちらもない、というのは寂しい。%K%P
%LC杏奈
%LC杏奈
「そんな顔しなくても大丈夫。\n　銀蘭には{騎士道:シュバルリィ}があるから」%K%P
「そんな顔しなくても大丈夫。\n　銀蘭には{騎士道:シュバルリィ}があるから」%K%P
%LC杏奈
%LC杏奈
「というわけで、\n　最後はとっておきにご案内っ」%K%P
「というわけで、\n　最後はとっておきにご案内っ」%K%P
そうして連れられてきた場所に入った瞬間、\nオレは自然と息を呑んだ。%K%P
そうして連れられてきた場所に入った瞬間、\nオレは自然と息を呑んだ。%K%P
%LC陽菜
%LC陽菜
「すごい……」%K%P
「すごい……」%K%P
%LC杏奈
%LC杏奈
「ね、すごいよね。私も初めて見たとき、\n　いまの陽菜ちゃんみたくなっちゃった」%K%P
「ね、すごいよね。私も初めて見たとき、\n　いまの陽菜ちゃんみたくなっちゃった」%K%P
%LC陽菜
%LC陽菜
「うん……。なるよ、これは……」%K%P
「うん……。なるよ、これは……」%K%P
体育館ぐらいの広さがあるスペースに、\nフィエルテを着た女の子たちがたくさんいる。%K%P
体育館ぐらいの広さがあるスペースに、\nフィエルテを着た女の子たちがたくさんいる。%K%P
ストレッチしたり、素振りをしたり、\nそれぞれ、思い思いに練習している。%K%P
ストレッチしたり、素振りをしたり、\nそれぞれ、思い思いに練習している。%K%P
これまで見てきた部活も活気があったけど、\nここは明らかにそれ以上だ。%K%P
これまで見てきた部活も活気があったけど、\nここは明らかにそれ以上だ。%K%P
%LC陽菜
%LC陽菜
「これって{騎士道:シュバルリィ}の部活？」%K%P
「これって{騎士道:シュバルリィ}の部活？」%K%P
%LC杏奈
%LC杏奈
「部活、ではないんだけど……。\n　んー……なんて説明したらいいか……」%K%P
「部活、ではないんだけど……。\n　んー……なんて説明したらいいか……」%K%P
%LC杏奈
%LC杏奈
「あっ、ちょうどいいところに」%K%P
「あっ、ちょうどいいところに」%K%P
%LC杏奈
%LC杏奈
「先生ーっ！　ちょっといいですかーっ！！」%K%P
「先生ーっ！　ちょっといいですかーっ！！」%K%P
杏奈ちゃんがぴょんぴょん跳ねつつ声をあげると、\n当然、そこにいた子たちの注目が集まって――、%K%P
杏奈ちゃんがぴょんぴょん跳ねつつ声をあげると、\n当然、そこにいた子たちの注目が集まって――、%K%P
%LC女学生Ａ
%LC女学生Ａ
「あれって卯花先生じゃない？」%K%P
「あれって卯花先生じゃない？」%K%P
%LC女学生Ｂ
%LC女学生Ｂ
「あっ、ほんとだ」%K%P
「あっ、ほんとだ」%K%P
%LC女学生Ｃ
%LC女学生Ｃ
「さっそく指導にいらしたのかしら」%K%P
「さっそく指導にいらしたのかしら」%K%P
%LC女学生Ｄ
%LC女学生Ｄ
「でしたら、私が栄誉ある一番に」%K%P
「でしたら、私が栄誉ある一番に」%K%P
%LC女学生Ｅ
%LC女学生Ｅ
「あら、抜け駆けなんてさせないわよ？」%K%P
「あら、抜け駆けなんてさせないわよ？」%K%P
%LC女学生Ｆ
%LC女学生Ｆ
「そうね。ここは公平に、じゃんけんで」%K%P
「そうね。ここは公平に、じゃんけんで」%K%P
%LC陽菜
%LC陽菜
「ちょっ、ちょっと杏奈ちゃん……っ」%K%P
「ちょっ、ちょっと杏奈ちゃん……っ」%K%P
掛け声や息遣いだけが響いていた空間に、\nわあっと女の子たちの賑やかな声が広がる。%K%P
掛け声や息遣いだけが響いていた空間に、\nわあっと女の子たちの賑やかな声が広がる。%K%P
今朝から何度も繰り返されてきた光景だけど、\nいまこの場で囲まれちゃうのは、ちょっと困る。%K%P
今朝から何度も繰り返されてきた光景だけど、\nいまこの場で囲まれちゃうのは、ちょっと困る。%K%P
だって……フィエルテって、\nほとんど水着みたいなものだし。%K%P
だって……フィエルテって、\nほとんど水着みたいなものだし。%K%P
そんな格好の女の子に囲まれるのは、さすがに――、%K%P
そんな格好の女の子に囲まれるのは、さすがに――、%K%P
%LC宗千佳
%LC宗千佳
「全員、静かに。指導を希望する者は、\n　遠慮せず私のところまでくるように」%K%P
「全員、静かに。指導を希望する者は、\n　遠慮せず私のところまでくるように」%K%P
%LC女学生一同
%LC女学生一同
「「「「はいっ！」」」」%K%P
「「「「はいっ！」」」」%K%P
思わず身構えかけたとき、よく知った声が、\nその場の雰囲気をパリッと引き締めた。%K%P
思わず身構えかけたとき、よく知った声が、\nその場の雰囲気をパリッと引き締めた。%K%P
%LC宗千佳
%LC宗千佳
「杏奈。呼ぶならもう少し静かに頼む」%K%P
「杏奈。呼ぶならもう少し静かに頼む」%K%P
%LC杏奈
%LC杏奈
「あうっ、すみません」%K%P
「あうっ、すみません」%K%P
%LC宗千佳
%LC宗千佳
「それで？　連れだって何の用だ？」%K%P
「それで？　連れだって何の用だ？」%K%P
%LC杏奈
%LC杏奈
「実は――」%K%P
「実は――」%K%P
%LC宗千佳
%LC宗千佳
「――なるほど。そのあたり、\n　陽菜にはまだ説明をしていなかったな」%K%P
「――なるほど。そのあたり、\n　陽菜にはまだ説明をしていなかったな」%K%P
%LC宗千佳
%LC宗千佳
「……ふむ。ちょうどいい。\n　杏奈、少し陽菜を借りていいか」%K%P
「……ふむ。ちょうどいい。\n　杏奈、少し陽菜を借りていいか」%K%P
%LC杏奈
%LC杏奈
「はい、もちろん」%K%P
「はい、もちろん」%K%P
%LC杏奈
%LC杏奈
「じゃあ陽菜ちゃん、\n　私、今日は先に帰るね」%K%P
「じゃあ陽菜ちゃん、\n　私、今日は先に帰るね」%K%P
%LC陽菜
%LC陽菜
「えっ、でも」%K%P
「えっ、でも」%K%P
%LC杏奈
%LC杏奈
「もう少しで下校時間だし。\n　陽菜ちゃんとは明日も会えるから」%K%P
「もう少しで下校時間だし。\n　陽菜ちゃんとは明日も会えるから」%K%P
%LC杏奈
%LC杏奈
「というわけで、またね。ごきげんよう」%K%P
「というわけで、またね。ごきげんよう」%K%P
%LC陽菜
%LC陽菜
「あっ、うん。ごきげんよう」%K%P
「あっ、うん。ごきげんよう」%K%P
杏奈ちゃんが去って行くと、\n姉さんが少しほっとした様子で息を吐く。%K%P
杏奈ちゃんが去って行くと、\n姉さんが少しほっとした様子で息を吐く。%K%P
%LC宗千佳
%LC宗千佳
「いきなり{こんなこと:・・・・・}になって、\n　どうしているかと心配していたが――」%K%P
「いきなり{こんなこと:・・・・・}になって、\n　どうしているかと心配していたが――」%K%P
%LC宗千佳
%LC宗千佳
「その様子だと、どうにかやっているようだな」%K%P
「その様子だと、どうにかやっているようだな」%K%P
%LC陽菜
%LC陽菜
「本当に、どうにかだけどね」%K%P
「本当に、どうにかだけどね」%K%P
%LC宗千佳
%LC宗千佳
「それで、この場所についての説明だったか」%K%P
「それで、この場所についての説明だったか」%K%P
%LC陽菜
%LC陽菜
「その前に。この学園に杏奈ちゃんがいること、\n　どうして前もって教えてくれなかったの？」%K%P
「その前に。この学園に杏奈ちゃんがいること、\n　どうして前もって教えてくれなかったの？」%K%P
%LC宗千佳
%LC宗千佳
「どうして、とは？」%K%P
「どうして、とは？」%K%P
%LC陽菜
%LC陽菜
「だから――」%K%P
「だから――」%K%P
%LC陽菜
%LC陽菜
「杏奈ちゃんって、子供の頃に隣に住んでた、\n　小柴さんちの杏奈ちゃん、でしょ？」%K%P
「杏奈ちゃんって、子供の頃に隣に住んでた、\n　小柴さんちの杏奈ちゃん、でしょ？」%K%P
%LC宗千佳
%LC宗千佳
「あ……」%K%P
「あ……」%K%P
%LC宗千佳
%LC宗千佳
「……すまない。完全に失念していた」%K%P
「……すまない。完全に失念していた」%K%P
%LC陽菜
%LC陽菜
「失念って……」%K%P
「失念って……」%K%P
%LC宗千佳
%LC宗千佳
「もちろん、杏奈がこの学園にいることも、\n　おまえたちが幼馴染みなのもわかっていた」%K%P
「もちろん、杏奈がこの学園にいることも、\n　おまえたちが幼馴染みなのもわかっていた」%K%P
%LC宗千佳
%LC宗千佳
「わかっていたが……そうか、そうだな。\n　前もって言っておくべき――」%K%P
「わかっていたが……そうか、そうだな。\n　前もって言っておくべき――」%K%P
%LC宗千佳
%LC宗千佳
「もしや、疑われたのか？」%K%P
「もしや、疑われたのか？」%K%P
%LC陽菜
%LC陽菜
「ううん。いまのところ全然」%K%P
「ううん。いまのところ全然」%K%P
幼馴染みに完全に女の子だと思われてるとか、\n自分で言ってて、ちょっと悲しくなるけど。%K%P
幼馴染みに完全に女の子だと思われてるとか、\n自分で言ってて、ちょっと悲しくなるけど。%K%P
%LC宗千佳
%LC宗千佳
「そうか……。しかし、本当にすまなかった」%K%P
「そうか……。しかし、本当にすまなかった」%K%P
%LC陽菜
%LC陽菜
「そんなに謝らなくてもいいってば」%K%P
「そんなに謝らなくてもいいってば」%K%P
冷静沈着、落ち着いていたように見えて、\nその実、姉さんも余裕がなかったのかもしれない。%K%P
冷静沈着、落ち着いていたように見えて、\nその実、姉さんも余裕がなかったのかもしれない。%K%P
自分が務める女学園に従兄弟が女装して通うとか、\nそんなの、普通じゃありえないもんね。%K%P
自分が務める女学園に従兄弟が女装して通うとか、\nそんなの、普通じゃありえないもんね。%K%P
%LC依夜
%LC依夜
「お話中すみません。\n　先生、少しよろしいですか」%K%P
「お話中すみません。\n　先生、少しよろしいですか」%K%P
%LC陽菜
%LC陽菜
「あ……」%K%P
「あ……」%K%P
この人、昨日の――、%K%P
この人、昨日の――、%K%P
%LC宗千佳
%LC宗千佳
「どうした？　依夜」%K%P
「どうした？　依夜」%K%P
%LC依夜
%LC依夜
「卯花先生の姿が見えたので。\n　あらためて、ご挨拶したくて」%K%P
「卯花先生の姿が見えたので。\n　あらためて、ご挨拶したくて」%K%P
%LC依夜
%LC依夜
「昨日は{舞闘:カデンツァ}のあと、\n　慌ただしくてお話できなかったので」%K%P
「昨日は{舞闘:カデンツァ}のあと、\n　慌ただしくてお話できなかったので」%K%P
%LC宗千佳
%LC宗千佳
「だ、そうだが。どうする？」%K%P
「だ、そうだが。どうする？」%K%P
%LC陽菜
%LC陽菜
「もちろん、喜んで」%K%P
「もちろん、喜んで」%K%P
%LC依夜
%LC依夜
「ありがとうございます、卯花先生」%K%P
「ありがとうございます、卯花先生」%K%P
%LC陽菜
%LC陽菜
「あの、できれば陽菜って呼んでください。\n　それと、先生もつけなくて構いません」%K%P
「あの、できれば陽菜って呼んでください。\n　それと、先生もつけなくて構いません」%K%P
%LC依夜
%LC依夜
「ですが」%K%P
「ですが」%K%P
%LC陽菜
%LC陽菜
「これは、クラスメートや他の子たちにも、\n　同じようにお願いしてるんです」%K%P
「これは、クラスメートや他の子たちにも、\n　同じようにお願いしてるんです」%K%P
%LC陽菜
%LC陽菜
「学生と補佐代理、立場によって口調や敬称を\n　変えるのは、お互いに大変だろうからって」%K%P
「学生と補佐代理、立場によって口調や敬称を\n　変えるのは、お互いに大変だろうからって」%K%P
%LC陽菜
%LC陽菜
「なにより、ここで過ごす時間は、\n　学生としてのほうがずっと多いので」%K%P
「なにより、ここで過ごす時間は、\n　学生としてのほうがずっと多いので」%K%P
%LC陽菜
%LC陽菜
「だからどうか、ノーブル２年、\n　卯花陽菜として接してください」%K%P
「だからどうか、ノーブル２年、\n　卯花陽菜として接してください」%K%P
実際、杏奈ちゃんと色々な部活を見学したときも、\nこのようにお願いをして回っていた。%K%P
実際、杏奈ちゃんと色々な部活を見学したときも、\nこのようにお願いをして回っていた。%K%P
おかげで陽菜って呼んでくれる子が増えて、\nオレとしても反応しやすくてありがたい。%K%P
おかげで陽菜って呼んでくれる子が増えて、\nオレとしても反応しやすくてありがたい。%K%P
%LC依夜
%LC依夜
「そう、ですか……。わかりました」%K%P
「そう、ですか……。わかりました」%K%P
%LC依夜
%LC依夜
「では、こちらも改めて自己紹介を。\n　ノーブル３年、天海依夜です」%K%P
「では、こちらも改めて自己紹介を。\n　ノーブル３年、天海依夜です」%K%P
%LC宗千佳
%LC宗千佳
「まだ硬いな」%K%P
「まだ硬いな」%K%P
%LC依夜
%LC依夜
「ん……。では、そうね、ええと……」%K%P
「ん……。では、そうね、ええと……」%K%P
%LC依夜
%LC依夜
「ノーブル３年、天海依夜。\n　よろしく、陽菜」%K%P
「ノーブル３年、天海依夜。\n　よろしく、陽菜」%K%P
%LC陽菜
%LC陽菜
「はい。よろしくお願いします、依夜様」%K%P
「はい。よろしくお願いします、依夜様」%K%P
%LC依夜
%LC依夜
「待って。様は、さすがに」%K%P
「待って。様は、さすがに」%K%P
%LC陽菜
%LC陽菜
「でも、銀蘭では慣習として、\n　上級生には様をつけるって聞きました」%K%P
「でも、銀蘭では慣習として、\n　上級生には様をつけるって聞きました」%K%P
もちろん、これも杏奈ちゃんから教わった。%K%P
もちろん、これも杏奈ちゃんから教わった。%K%P
%LC陽菜
%LC陽菜
「それに、学生として接してほしいって、\n　そうお願いしたのは私なので」%K%P
「それに、学生として接してほしいって、\n　そうお願いしたのは私なので」%K%P
%LC依夜
%LC依夜
「ん……。わかったわ、好きにして」%K%P
「ん……。わかったわ、好きにして」%K%P
%LC陽菜
%LC陽菜
「ありがとうございます」%K%P
「ありがとうございます」%K%P
%LC依夜
%LC依夜
「それで？　今日は、どうしてここに？」%K%P
「それで？　今日は、どうしてここに？」%K%P
%LC陽菜
%LC陽菜
「編入初日ってことで、クラスメートに\n　学内を案内してもらっていて――」%K%P
「編入初日ってことで、クラスメートに\n　学内を案内してもらっていて――」%K%P
さっき杏奈ちゃんが姉さんに伝えた内容を、\n今度は、オレの口から依夜様に説明する。%K%P
さっき杏奈ちゃんが姉さんに伝えた内容を、\n今度は、オレの口から依夜様に説明する。%K%P
%LC依夜
%LC依夜
「そうね……。確かに銀蘭には、\n　剣道部もフェンシング部もない」%K%P
「そうね……。確かに銀蘭には、\n　剣道部もフェンシング部もない」%K%P
%LC依夜
%LC依夜
「けれど、それはひとえに{騎士道:シュバルリィ}――、\n　もっと言えば、{舞闘:カデンツァ}があるからよ」%K%P
「けれど、それはひとえに{騎士道:シュバルリィ}――、\n　もっと言えば、{舞闘:カデンツァ}があるからよ」%K%P
%LC依夜
%LC依夜
「この学園には、剣道やフェンシングの経験者が、\n　それなりに多く入学してくるのだけれど――」%K%P
「この学園には、剣道やフェンシングの経験者が、\n　それなりに多く入学してくるのだけれど――」%K%P
%LC依夜
%LC依夜
「みんな、{舞闘:カデンツァ}を体験すると、\n　その魅力の虜になり、夢中になってしまうの」%K%P
「みんな、{舞闘:カデンツァ}を体験すると、\n　その魅力の虜になり、夢中になってしまうの」%K%P
%LC陽菜
%LC陽菜
「じゃあ、剣道部やフェンシング部が、\n　部員不足で廃部になったのって……」%K%P
「じゃあ、剣道部やフェンシング部が、\n　部員不足で廃部になったのって……」%K%P
%LC依夜
%LC依夜
「{舞闘:カデンツァ}に魅入られて、\n　それに時間を費やす学生が多い、ということ」%K%P
「{舞闘:カデンツァ}に魅入られて、\n　それに時間を費やす学生が多い、ということ」%K%P
%LC依夜
%LC依夜
「かくいう私も、そのひとり」%K%P
「かくいう私も、そのひとり」%K%P
%LC依夜
%LC依夜
「この場所は、そんな学生たちのために\n　解放されている、トレーニングスペースよ」%K%P
「この場所は、そんな学生たちのために\n　解放されている、トレーニングスペースよ」%K%P
%LC依夜
%LC依夜
「宗千佳先生は、いつもこちらに詰めていて、\n　私たちに指導をしてくださっているの」%K%P
「宗千佳先生は、いつもこちらに詰めていて、\n　私たちに指導をしてくださっているの」%K%P
%LC依夜
%LC依夜
「先生でなければ、{舞闘:カデンツァ}の指導はできないから」%K%P
「先生でなければ、{舞闘:カデンツァ}の指導はできないから」%K%P
そう言った依夜様は、\nさりげなく、姉さんに尊敬の眼差しを向けた。%K%P
そう言った依夜様は、\nさりげなく、姉さんに尊敬の眼差しを向けた。%K%P
%LC依夜
%LC依夜
「{舞闘:カデンツァ}で使用できる武器は、\n　近接用であれば、種類にほぼ制限がないの」%K%P
「{舞闘:カデンツァ}で使用できる武器は、\n　近接用であれば、種類にほぼ制限がないの」%K%P
%LC依夜
%LC依夜
「大抵の子は剣を選ぶけれど、それ以外にも、\n　刀や斧や槍や……中には、盾を使う子もいるわ」%K%P
「大抵の子は剣を選ぶけれど、それ以外にも、\n　刀や斧や槍や……中には、盾を使う子もいるわ」%K%P
%LC陽菜
%LC陽菜
「盾？」%K%P
「盾？」%K%P
%LC宗千佳
%LC宗千佳
「小型の盾――バックラーというやつだ。\n　{舞闘:カデンツァ}では、鎧の一部として扱う」%K%P
「小型の盾――バックラーというやつだ。\n　{舞闘:カデンツァ}では、鎧の一部として扱う」%K%P
%LC宗千佳
%LC宗千佳
「盾を使う場合、武器にリーチの制限がつくし、\n　盾を装備する側の腕にウェイトをつける」%K%P
「盾を使う場合、武器にリーチの制限がつくし、\n　盾を装備する側の腕にウェイトをつける」%K%P
%LC宗千佳
%LC宗千佳
「それもあって、あまり選ばれることはないが」%K%P
「それもあって、あまり選ばれることはないが」%K%P
%LC依夜
%LC依夜
「そういった多彩な武器同士での競り合いが、\n　{舞闘:カデンツァ}の魅力のひとつなのだけれど――」%K%P
「そういった多彩な武器同士での競り合いが、\n　{舞闘:カデンツァ}の魅力のひとつなのだけれど――」%K%P
%LC依夜
%LC依夜
「当然、それを指導するとなったら、\n　生半な知識や経験では務まらない」%K%P
「当然、それを指導するとなったら、\n　生半な知識や経験では務まらない」%K%P
%LC依夜
%LC依夜
「それこそ、武芸百般の心得が必要になる」%K%P
「それこそ、武芸百般の心得が必要になる」%K%P
%LC依夜
%LC依夜
「私たちが{舞闘:カデンツァ}に打ち込めるのは、\n　宗千佳先生の優れた指導があればこそなの」%K%P
「私たちが{舞闘:カデンツァ}に打ち込めるのは、\n　宗千佳先生の優れた指導があればこそなの」%K%P
それに関しては、まったく異論がない。%K%P
それに関しては、まったく異論がない。%K%P
姉さんは、武者修行好きな叔父さんと共に、\n海外で腕を磨いた経験もある。%K%P
姉さんは、武者修行好きな叔父さんと共に、\n海外で腕を磨いた経験もある。%K%P
剣に限らず、他の武器の扱いも巧みだし、\n素手による格闘術だって会得している。%K%P
剣に限らず、他の武器の扱いも巧みだし、\n素手による格闘術だって会得している。%K%P
そういう意味では、{舞闘:カデンツァ}を教えるのに、\n姉さんほど適任な人材はいないだろう。%K%P
そういう意味では、{舞闘:カデンツァ}を教えるのに、\n姉さんほど適任な人材はいないだろう。%K%P
%LC宗千佳
%LC宗千佳
「やれやれ。ほとんど説明されてしまったな」%K%P
「やれやれ。ほとんど説明されてしまったな」%K%P
%LC依夜
%LC依夜
「すみません、出過ぎた真似を」%K%P
「すみません、出過ぎた真似を」%K%P
%LC宗千佳
%LC宗千佳
「いや、かえって助かった」%K%P
「いや、かえって助かった」%K%P
%LC宗千佳
%LC宗千佳
「とはいえ、私のくだりに関しては、\n　蛇足だと思うぞ？」%K%P
「とはいえ、私のくだりに関しては、\n　蛇足だと思うぞ？」%K%P
%LC依夜
%LC依夜
「そんなことはありません。\n　先生がいればこそ、私たちは」%K%P
「そんなことはありません。\n　先生がいればこそ、私たちは」%K%P
%LC宗千佳
%LC宗千佳
「わかったわかった。\n　今日の依夜は、ずいぶんとお喋りだな」%K%P
「わかったわかった。\n　今日の依夜は、ずいぶんとお喋りだな」%K%P
%LC依夜
%LC依夜
「ん……」%K%P
「ん……」%K%P
指摘を受けて、依夜様が少し恐縮する。%K%P
指摘を受けて、依夜様が少し恐縮する。%K%P
姉さんは依夜様を愛弟子と称していたけど、\nどうやら誇張ってわけでもないようだ。%K%P
姉さんは依夜様を愛弟子と称していたけど、\nどうやら誇張ってわけでもないようだ。%K%P
%LC宗千佳
%LC宗千佳
「少し補足すると、{舞闘:カデンツァ}は銀蘭特有の競技だ。\n　そのため、全国大会の類いは存在しない」%K%P
「少し補足すると、{舞闘:カデンツァ}は銀蘭特有の競技だ。\n　そのため、全国大会の類いは存在しない」%K%P
%LC宗千佳
%LC宗千佳
「それもあって、あえて部活という枠で括らず、\n　誰もが自由に練習できるようになっている」%K%P
「それもあって、あえて部活という枠で括らず、\n　誰もが自由に練習できるようになっている」%K%P
%LC宗千佳
%LC宗千佳
「ノーブルの学生は、誰もがみな、\n　{騎士:ワルキュリア}ということだ」%K%P
「ノーブルの学生は、誰もがみな、\n　{騎士:ワルキュリア}ということだ」%K%P
姉さんがそう締めくくったところで、\nタイミングよくチャイムが鳴った。%K%P
姉さんがそう締めくくったところで、\nタイミングよくチャイムが鳴った。%K%P
下校時刻が近いって杏奈ちゃんが言っていたし、\nおそらく、それを報せるものだろう。%K%P
下校時刻が近いって杏奈ちゃんが言っていたし、\nおそらく、それを報せるものだろう。%K%P
%LC依夜
%LC依夜
「今日はもう帰るけれど、私も放課後は、\n　ここで練習をしていることが多いから」%K%P
「今日はもう帰るけれど、私も放課後は、\n　ここで練習をしていることが多いから」%K%P
%LC依夜
%LC依夜
「よければ今度、一緒に練習……いえ、\n　指導を、お願いできる？」%K%P
「よければ今度、一緒に練習……いえ、\n　指導を、お願いできる？」%K%P
%LC陽菜
%LC陽菜
「私でよければ、喜んで」%K%P
「私でよければ、喜んで」%K%P
%LC依夜
%LC依夜
「ありがとう、陽菜」%K%P
「ありがとう、陽菜」%K%P
――いろいろあった編入初日が、無事終わって。%K%P
――いろいろあった編入初日が、無事終わって。%K%P
職員寮に戻ると、ニナさんが出迎えてくれた。%K%P
職員寮に戻ると、ニナさんが出迎えてくれた。%K%P
%LCニナ
%LCニナ
「ヒナちゃん、お疲れさま」%K%P
「ヒナちゃん、お疲れさま」%K%P
%LC陽菜
%LC陽菜
「はい。ほんと、疲れました」%K%P
「はい。ほんと、疲れました」%K%P
安堵と気疲れで、肩の力が抜ける。%K%P
安堵と気疲れで、肩の力が抜ける。%K%P
昨日、日本に帰る飛行機に乗っていたことが\n信じられないぐらい、激動の二日間だった。%K%P
昨日、日本に帰る飛行機に乗っていたことが\n信じられないぐらい、激動の二日間だった。%K%P
%LCニナ
%LCニナ
「夕食までまだ少しあるから。\n　それまで、部屋でくつろいでいて」%K%P
「夕食までまだ少しあるから。\n　それまで、部屋でくつろいでいて」%K%P
ベッドに腰を下ろし、ほっと息を吐く。%K%P
ベッドに腰を下ろし、ほっと息を吐く。%K%P
座るとき、自然とスカートを直す自分に気付いて、\n思わず苦笑してしまったけど。%K%P
座るとき、自然とスカートを直す自分に気付いて、\n思わず苦笑してしまったけど。%K%P
現在、この職員寮で暮らしているのは、\nニナさんと姉さん、そしてオレの３人。%K%P
現在、この職員寮で暮らしているのは、\nニナさんと姉さん、そしてオレの３人。%K%P
職員寮と呼んではいるけど、この家はニナさんが\n日本で暮らすために用意したものだそうだ。%K%P
職員寮と呼んではいるけど、この家はニナさんが\n日本で暮らすために用意したものだそうだ。%K%P
その後、姉さんを雇用したとき、\nニナさんが同居を提案したことで職員寮となった。%K%P
その後、姉さんを雇用したとき、\nニナさんが同居を提案したことで職員寮となった。%K%P
そのせいか間取りも普通の戸建てって感じで、\n生活感は寮というより、シェアハウスに近い。%K%P
そのせいか間取りも普通の戸建てって感じで、\n生活感は寮というより、シェアハウスに近い。%K%P
%LC陽菜
%LC陽菜
「こんな生活を、あと１ヶ月以上かぁ……」%K%P
「こんな生活を、あと１ヶ月以上かぁ……」%K%P
休職中の鶴谷さんたちの現場復帰は、\nどんなに早くても１ヶ月後らしい。%K%P
休職中の鶴谷さんたちの現場復帰は、\nどんなに早くても１ヶ月後らしい。%K%P
早くても、ということは、\nもっと長くなる可能性は充分ある。%K%P
早くても、ということは、\nもっと長くなる可能性は充分ある。%K%P
少なくとも、杏奈ちゃんが言っていた銀蘭祭が\n終わるまでは、卯花陽菜としての生活が続く――、%K%P
少なくとも、杏奈ちゃんが言っていた銀蘭祭が\n終わるまでは、卯花陽菜としての生活が続く――、%K%P
%LC陽菜
%LC陽菜
「はぅぅ……」%K%P
「はぅぅ……」%K%P
今日一日ずっと高い声を出していたせいか、\n溜め息まで女の子っぽくなってて、またまた苦笑。%K%P
今日一日ずっと高い声を出していたせいか、\n溜め息まで女の子っぽくなってて、またまた苦笑。%K%P
とはいえ、高い声を出すこと自体は、\nそこまで苦じゃなかったりする。%K%P
とはいえ、高い声を出すこと自体は、\nそこまで苦じゃなかったりする。%K%P
合唱団時代はボーイソプラノとして、\n発声法含め、いろいろと練習していたし。%K%P
合唱団時代はボーイソプラノとして、\n発声法含め、いろいろと練習していたし。%K%P
もっとも、そんな合唱団も、\n辞めてしまって久しいわけだけど。%K%P
もっとも、そんな合唱団も、\n辞めてしまって久しいわけだけど。%K%P
辞めた理由は、フラれた相手と一緒に居るのが\n気まずかったから――では、なくて。%K%P
辞めた理由は、フラれた相手と一緒に居るのが\n気まずかったから――では、なくて。%K%P
姉さんに剣術が教わるのが楽しくって、\nそちらに集中したいと思ったからだ。%K%P
姉さんに剣術が教わるのが楽しくって、\nそちらに集中したいと思ったからだ。%K%P
合唱団を辞めたいと言ったとき、\n意外にも、母さんは反対しなかった。%K%P
合唱団を辞めたいと言ったとき、\n意外にも、母さんは反対しなかった。%K%P
自分の進む道を自分で選べるのはいいことだって、\nそう言って、笑ってくれた気がする。%K%P
自分の進む道を自分で選べるのはいいことだって、\nそう言って、笑ってくれた気がする。%K%P
もし、剣術があまり楽しくなかったりして、\nいまでも合唱を続けていたとしたら――、%K%P
もし、剣術があまり楽しくなかったりして、\nいまでも合唱を続けていたとしたら――、%K%P
剣術ではなく、声楽を学ぶために、\n海外留学していたかもしれない。%K%P
剣術ではなく、声楽を学ぶために、\n海外留学していたかもしれない。%K%P
%LC陽菜
%LC陽菜
「っと、ぼんやりしてないで、着替えなきゃ」%K%P
「っと、ぼんやりしてないで、着替えなきゃ」%K%P
といっても、制服から部屋着に、だけど。%K%P
といっても、制服から部屋着に、だけど。%K%P
たとえ職員寮内であろうと、万一に備え、\n女装は四六時中しておくように言われている。%K%P
たとえ職員寮内であろうと、万一に備え、\n女装は四六時中しておくように言われている。%K%P
つまり、寝ても覚めても女の子です。……はぅ。%K%P
つまり、寝ても覚めても女の子です。……はぅ。%K%P
夕食の時間になったのでリビングにいくと、\nちょうど支度が終わったところだった。%K%P
夕食の時間になったのでリビングにいくと、\nちょうど支度が終わったところだった。%K%P
魚の煮付けに、和え物に、お味噌汁。%K%P
魚の煮付けに、和え物に、お味噌汁。%K%P
ずらりと並んだ久しぶりの和食に、\n思わず心が躍ってしまう。%K%P
ずらりと並んだ久しぶりの和食に、\n思わず心が躍ってしまう。%K%P
%LC宗千佳
%LC宗千佳
「夕べと今朝はろくに用意できなかったからな。\n　今夜は少し手間をかけさせてもらった」%K%P
「夕べと今朝はろくに用意できなかったからな。\n　今夜は少し手間をかけさせてもらった」%K%P
%LC陽菜
%LC陽菜
「ってことは、これ、姉さんが？」%K%P
「ってことは、これ、姉さんが？」%K%P
%LC宗千佳
%LC宗千佳
「陽菜に手料理を振る舞うのは、\n　小学校の運動会以来か」%K%P
「陽菜に手料理を振る舞うのは、\n　小学校の運動会以来か」%K%P
%LC陽菜
%LC陽菜
「あのときの姉さん、すごかったもんね」%K%P
「あのときの姉さん、すごかったもんね」%K%P
母さんたちが仕事で参観にこられなくて、\n姉さんが代理で応援に来てくれたことがある。%K%P
母さんたちが仕事で参観にこられなくて、\n姉さんが代理で応援に来てくれたことがある。%K%P
保護者参加の競技で前代未聞の活躍をして、\n道場の門下生を増やしたという逸話は語り草だ。%K%P
保護者参加の競技で前代未聞の活躍をして、\n道場の門下生を増やしたという逸話は語り草だ。%K%P
あのときのお弁当も、とても美味しかった。%K%P
あのときのお弁当も、とても美味しかった。%K%P
%LC陽菜
%LC陽菜
「ひょっとして職員寮の食事って、\n　姉さんが作ってるの？」%K%P
「ひょっとして職員寮の食事って、\n　姉さんが作ってるの？」%K%P
%LCニナ
%LCニナ
「そうよ。同棲してからは家事全般、\n　全部やってくれてるの。すごいでしょ？」%K%P
「そうよ。同棲してからは家事全般、\n　全部やってくれてるの。すごいでしょ？」%K%P
%LC宗千佳
%LC宗千佳
「同棲じゃない。同居だ、同居」%K%P
「同棲じゃない。同居だ、同居」%K%P
%LCニナ
%LCニナ
「ちなみに私は家事全般ダメダメ」%K%P
「ちなみに私は家事全般ダメダメ」%K%P
%LC陽菜
%LC陽菜
「だと思いました」%K%P
「だと思いました」%K%P
%LCニナ
%LCニナ
「ヒナちゃんひどいっ」%K%P
「ヒナちゃんひどいっ」%K%P
%LC陽菜
%LC陽菜
「でも、ニナさんって、\n　生活感がないというか……」%K%P
「でも、ニナさんって、\n　生活感がないというか……」%K%P
%LC陽菜
%LC陽菜
「それこそ、身の回りのことは召使いやメイドに\n　任せていそうな雰囲気があって」%K%P
「それこそ、身の回りのことは召使いやメイドに\n　任せていそうな雰囲気があって」%K%P
%LCニナ
%LCニナ
「ふふっ、そう見える？\n　なら、そういうことにしておきましょ」%K%P
「ふふっ、そう見える？\n　なら、そういうことにしておきましょ」%K%P
なんて、笑ってはぐらかすニナさん。%K%P
なんて、笑ってはぐらかすニナさん。%K%P
とはいえ、日本に学園を創設しようだなんて、\n普通の人は考えもしないだろう。%K%P
とはいえ、日本に学園を創設しようだなんて、\n普通の人は考えもしないだろう。%K%P
しかも、それを実行してしまうんだから、\nニナさんの出自も、わりと謎めいた感じだ。%K%P
しかも、それを実行してしまうんだから、\nニナさんの出自も、わりと謎めいた感じだ。%K%P
%LC陽菜
%LC陽菜
「そういえばニナさん、\n　昨日、色々言ってましたよね」%K%P
「そういえばニナさん、\n　昨日、色々言ってましたよね」%K%P
%LC陽菜
%LC陽菜
「ＡＲゲームを作ったとか、\n　テアトルを設計したとか」%K%P
「ＡＲゲームを作ったとか、\n　テアトルを設計したとか」%K%P
%LCニナ
%LCニナ
「うん。私、理事長になる前は、\n　ゲームを作る仕事をしていたから」%K%P
「うん。私、理事長になる前は、\n　ゲームを作る仕事をしていたから」%K%P
……え？%K%P
……え？%K%P
%LCニナ
%LCニナ
「そもそもの切っ掛けは、\n　友達に頼まれて、なんだけど――」%K%P
「そもそもの切っ掛けは、\n　友達に頼まれて、なんだけど――」%K%P
最初は、歌姫としての実力を買われて、\n曲作りを手伝っていたそうだ。%K%P
最初は、歌姫としての実力を買われて、\n曲作りを手伝っていたそうだ。%K%P
%LCニナ
%LCニナ
「で、だんだんとゲーム自体にハマってね。\n　気付いたら、すっかりゲーマーになっててね」%K%P
「で、だんだんとゲーム自体にハマってね。\n　気付いたら、すっかりゲーマーになっててね」%K%P
曲作り以外も手伝うようになり、\nいろいろとアイデアを出すようになって。%K%P
曲作り以外も手伝うようになり、\nいろいろとアイデアを出すようになって。%K%P
その中のひとつ――ニナさんがアイデアを出した\nゲームが、海外を中心にスマッシュヒットを記録。%K%P
その中のひとつ――ニナさんがアイデアを出した\nゲームが、海外を中心にスマッシュヒットを記録。%K%P
以後、色々なゲームを企画するようになり、\nＶＲやＡＲと出会い、その可能性に魅入られて。%K%P
以後、色々なゲームを企画するようになり、\nＶＲやＡＲと出会い、その可能性に魅入られて。%K%P
アリアンロッドに通っていた経験も盛り込み、\n{舞闘:カデンツァ}のシステムを形にしていったという。%K%P
アリアンロッドに通っていた経験も盛り込み、\n{舞闘:カデンツァ}のシステムを形にしていったという。%K%P
ちなみに、ゲーム関連で得た収入の大半は、\n銀蘭学園の運営資金に回しているそうだ。%K%P
ちなみに、ゲーム関連で得た収入の大半は、\n銀蘭学園の運営資金に回しているそうだ。%K%P
テアトルで{舞闘:カデンツァ}が出来るのも、\nニナさんの資金援助があればこそ――、%K%P
テアトルで{舞闘:カデンツァ}が出来るのも、\nニナさんの資金援助があればこそ――、%K%P
というか、ニナさんが理事長をしてるのって、\nそのあたりの事情が多大に関係してそうな気がする。%K%P
というか、ニナさんが理事長をしてるのって、\nそのあたりの事情が多大に関係してそうな気がする。%K%P
%LCニナ
%LCニナ
「いまはテアトルでしか出来ないけど、いつか、\n　どこでも{舞闘:カデンツァ}を楽しめるようにしたいの」%K%P
「いまはテアトルでしか出来ないけど、いつか、\n　どこでも{舞闘:カデンツァ}を楽しめるようにしたいの」%K%P
%LCニナ
%LCニナ
「誰もが自由に騎士になることが出来たら、\n　それはとても素敵なことでしょ？」%K%P
「誰もが自由に騎士になることが出来たら、\n　それはとても素敵なことでしょ？」%K%P
%LCニナ
%LCニナ
「ヒナちゃんが優勝したＡＲゲーム大会は、\n　その可能性のひとつ、というわけ」%K%P
「ヒナちゃんが優勝したＡＲゲーム大会は、\n　その可能性のひとつ、というわけ」%K%P
姉さんの手料理を食べながら語るニナさんは、\n実に饒舌で。%K%P
姉さんの手料理を食べながら語るニナさんは、\n実に饒舌で。%K%P
その姿は、フィエルテやクラージュの説明を\nしてくれたときのように、とても楽しげだった。%K%P
その姿は、フィエルテやクラージュの説明を\nしてくれたときのように、とても楽しげだった。%K%P
%LCニナ
%LCニナ
「――私の話はこのぐらいにして。\n　どう？　学園生活、うまくいきそう？」%K%P
「――私の話はこのぐらいにして。\n　どう？　学園生活、うまくいきそう？」%K%P
%LC陽菜
%LC陽菜
「まだ初日なので、なんとも」%K%P
「まだ初日なので、なんとも」%K%P
%LCニナ
%LCニナ
「そういえば部活は？　どこかに入るの？」%K%P
「そういえば部活は？　どこかに入るの？」%K%P
%LC陽菜
%LC陽菜
「いえ、放課後は姉さんの補佐として、\n　{舞闘:カデンツァ}の指導を手伝おうかと」%K%P
「いえ、放課後は姉さんの補佐として、\n　{舞闘:カデンツァ}の指導を手伝おうかと」%K%P
%LC宗千佳
%LC宗千佳
「気持ちは嬉しいが、無理をする必要はない」%K%P
「気持ちは嬉しいが、無理をする必要はない」%K%P
%LCニナ
%LCニナ
「そうそう。やりたいことがあるなら、\n　そっちを優先して」%K%P
「そうそう。やりたいことがあるなら、\n　そっちを優先して」%K%P
%LC陽菜
%LC陽菜
「けど、ピンとくる部がなくて」%K%P
「けど、ピンとくる部がなくて」%K%P
%LCニナ
%LCニナ
「ぜんぶ見て回った？」%K%P
「ぜんぶ見て回った？」%K%P
%LC陽菜
%LC陽菜
「いえ、今日は運動部がメインだったので。\n　文化部系は、まだぜんぜん」%K%P
「いえ、今日は運動部がメインだったので。\n　文化部系は、まだぜんぜん」%K%P
%LCニナ
%LCニナ
「なら、残りの部を見学してから決めても、\n　遅くないんじゃない？」%K%P
「なら、残りの部を見学してから決めても、\n　遅くないんじゃない？」%K%P
%LCニナ
%LCニナ
「銀蘭はノーブルが出来る以前から、\n　文化部のほうが活動が盛んだったし――」%K%P
「銀蘭はノーブルが出来る以前から、\n　文化部のほうが活動が盛んだったし――」%K%P
%LCニナ
%LCニナ
「とくに、合唱部は部員も多くて。\n　今年の{歌姫:ディーバ}候補も、合唱部員なのよ」%K%P
「とくに、合唱部は部員も多くて。\n　今年の{歌姫:ディーバ}候補も、合唱部員なのよ」%K%P
%LC陽菜
%LC陽菜
「{歌姫:ディーバ}……」%K%P
「{歌姫:ディーバ}……」%K%P
%LCニナ
%LCニナ
「あっ、そっか。ヒナちゃんには銀蘭祭のこと、\n　まだ話してなかったわね」%K%P
「あっ、そっか。ヒナちゃんには銀蘭祭のこと、\n　まだ話してなかったわね」%K%P
%LC陽菜
%LC陽菜
「それならクラスメートから聞きました。\n　{舞闘:カデンツァ}と、歌劇をやるって」%K%P
「それならクラスメートから聞きました。\n　{舞闘:カデンツァ}と、歌劇をやるって」%K%P
%LC陽菜
%LC陽菜
「銀蘭には森がないから、それでアリアが\n　歌劇形式になったって聞きましたけど」%K%P
「銀蘭には森がないから、それでアリアが\n　歌劇形式になったって聞きましたけど」%K%P
%LCニナ
%LCニナ
「それも確かに理由のひとつだけど。\n　さっき言った合唱部の存在も大きいの」%K%P
「それも確かに理由のひとつだけど。\n　さっき言った合唱部の存在も大きいの」%K%P
%LCニナ
%LCニナ
「ノーブルがなかった頃の銀蘭祭では、毎年、\n　メインイベントで歌劇を公演していたから」%K%P
「ノーブルがなかった頃の銀蘭祭では、毎年、\n　メインイベントで歌劇を公演していたから」%K%P
もともと敷地内にテアトル――劇場があるのも、\n歌劇や演劇を熱心に行っていたからだそうだ。%K%P
もともと敷地内にテアトル――劇場があるのも、\n歌劇や演劇を熱心に行っていたからだそうだ。%K%P
%LCニナ
%LCニナ
「歌劇アリアは、その伝統を引き継いで生まれた、\n　銀蘭ならではのアリアといったところね」%K%P
「歌劇アリアは、その伝統を引き継いで生まれた、\n　銀蘭ならではのアリアといったところね」%K%P
%LCニナ
%LCニナ
「ちなみに、歌劇アリアに出演する{騎士:ワルキュリア}が、\n　銀蘭祭初日に{舞闘:カデンツァ}を披露するのよ」%K%P
「ちなみに、歌劇アリアに出演する{騎士:ワルキュリア}が、\n　銀蘭祭初日に{舞闘:カデンツァ}を披露するのよ」%K%P
%LCニナ
%LCニナ
「そこで勝利した{騎士:ワルキュリア}こそ、\n　銀蘭の{最優秀騎士:ブリランテ}、というわけ」%K%P
「そこで勝利した{騎士:ワルキュリア}こそ、\n　銀蘭の{最優秀騎士:ブリランテ}、というわけ」%K%P
%LC陽菜
%LC陽菜
「なら、{舞闘:カデンツァ}に出場する{騎士:ワルキュリア}は、\n　どうやって選ぶんですか？」%K%P
「なら、{舞闘:カデンツァ}に出場する{騎士:ワルキュリア}は、\n　どうやって選ぶんですか？」%K%P
%LC宗千佳
%LC宗千佳
「毎年、各学年の成績優秀者から選出される」%K%P
「毎年、各学年の成績優秀者から選出される」%K%P
%LC宗千佳
%LC宗千佳
「{舞闘:カデンツァ}は{騎士道:シュバルリィ}の一環だ。\n　授業である以上、他の教科同様、成績がつく」%K%P
「{舞闘:カデンツァ}は{騎士道:シュバルリィ}の一環だ。\n　授業である以上、他の教科同様、成績がつく」%K%P
%LC宗千佳
%LC宗千佳
「座学の成績も考慮されるが、\n　もっとも影響するのは、学期ごとの実技試験――」%K%P
「座学の成績も考慮されるが、\n　もっとも影響するのは、学期ごとの実技試験――」%K%P
%LC宗千佳
%LC宗千佳
「いままさに、その試験の最中だからな。\n　陽菜に手伝ってもらう機会もあるはずだ」%K%P
「いままさに、その試験の最中だからな。\n　陽菜に手伝ってもらう機会もあるはずだ」%K%P
%LC陽菜
%LC陽菜
「それは構わないけど。\n　実技試験って、具体的には何をするの？」%K%P
「それは構わないけど。\n　実技試験って、具体的には何をするの？」%K%P
%LC宗千佳
%LC宗千佳
「実力が近い者同士で{舞闘:カデンツァ}を行い、\n　その内容を私が精査、採点する」%K%P
「実力が近い者同士で{舞闘:カデンツァ}を行い、\n　その内容を私が精査、採点する」%K%P
%LC宗千佳
%LC宗千佳
「ただ、正式な{舞闘:カデンツァ}はテアトルでしか\n　行えないし、一度に戦えるのは一組までだ」%K%P
「ただ、正式な{舞闘:カデンツァ}はテアトルでしか\n　行えないし、一度に戦えるのは一組までだ」%K%P
%LC宗千佳
%LC宗千佳
「そのため、試験は余裕をもって日程を組み、\n　少しずつ消化していくのが常なんだが――」%K%P
「そのため、試験は余裕をもって日程を組み、\n　少しずつ消化していくのが常なんだが――」%K%P
%LC宗千佳
%LC宗千佳
「今年は指南役補佐の休職もあって、\n　多少遅れが出ている」%K%P
「今年は指南役補佐の休職もあって、\n　多少遅れが出ている」%K%P
%LC宗千佳
%LC宗千佳
「それこそ、休日にも試験を行うぐらいにな」%K%P
「それこそ、休日にも試験を行うぐらいにな」%K%P
%LC陽菜
%LC陽菜
「じゃあ、昨日見た依夜様たちの試合って」%K%P
「じゃあ、昨日見た依夜様たちの試合って」%K%P
%LC宗千佳
%LC宗千佳
「まさに、あれが試験だ」%K%P
「まさに、あれが試験だ」%K%P
%LC宗千佳
%LC宗千佳
「３年の試験は昨日ですべて終わったが、\n　１年と２年の試験が、まだ残っている」%K%P
「３年の試験は昨日ですべて終わったが、\n　１年と２年の試験が、まだ残っている」%K%P
%LC宗千佳
%LC宗千佳
「それと、明日は試験とは別に、\n　{騎士道:シュバルリィ}の実技授業がある」%K%P
「それと、明日は試験とは別に、\n　{騎士道:シュバルリィ}の実技授業がある」%K%P
%LC宗千佳
%LC宗千佳
「教える相手は１年生だ。\n　まずは、こちらを手伝ってもらいたい」%K%P
「教える相手は１年生だ。\n　まずは、こちらを手伝ってもらいたい」%K%P
%LCニナ
%LCニナ
「補佐として働いてる間に受けるはずの授業は、\n　きちんと免除になるから安心してね」%K%P
「補佐として働いてる間に受けるはずの授業は、\n　きちんと免除になるから安心してね」%K%P
%LC陽菜
%LC陽菜
「わかりました」%K%P
「わかりました」%K%P
指南役補佐代理としての初仕事。%K%P
指南役補佐代理としての初仕事。%K%P
人に教えるだなんて初めてのことだけど、\n引き受けた以上、しっかり役目を果たさないと――、%K%P
人に教えるだなんて初めてのことだけど、\n引き受けた以上、しっかり役目を果たさないと――、%K%P
%LC宗千佳
%LC宗千佳
「それと、授業ではフィエルテを着用する。\n　陽菜も忘れず着るように」%K%P
「それと、授業ではフィエルテを着用する。\n　陽菜も忘れず着るように」%K%P
…………え？%K%P
…………え？%K%P
