杏奈ちゃんの練習に付き合った翌朝は、\n思いがけず早く目が覚めた。%K%P
和杏奈酱练习后的第二天早上，\n我出乎意料地早早醒来了。%K%P
いつもより身体を動かした疲れが利いて、\n寝付きがよかったせいかもしれない。%K%P
也许是因为昨天比平时更累，\n所以我能够更好地入睡了。%K%P
%LC陽菜
%LC阳菜
「おはよう、姉さん」%K%P
「早上好，姐姐」%K%P
%LC宗千佳
%LC宗千佳
「陽菜か。今朝は早いな」%K%P
「阳菜吗，今天这么早」%K%P
%LC陽菜
%LC阳菜
「自然と目が覚めちゃって」%K%P
「睡到自然醒了呢」%K%P
顔を洗おうと洗面所に向かう途中、\n食欲をくすぐる匂いに誘われてリビングへ。%K%P
在去洗手间洗脸的途中，\n我被一股刺激食欲的气味吸引到了客厅。%K%P
キッチンに立つ姉さんは、\nてきぱきと３人分の食事を用意していた。%K%P
站在厨房里的姐姐，\n正在为三个人的早餐做准备。%K%P
%LC宗千佳
%LC宗千佳
「その様子だと、\n　夕べの成果は上々だったようだな」%K%P
「这样看来，\n 昨晚的训练结果似乎不错呢」%K%P
%LC陽菜
%LC阳菜
「うん。盾を活かした戦術を考えるのも、\n　それを教えるのも、楽しくて」%K%P
「嗯。 思考使用盾牌的战术很有趣，\n 教导也是，很有趣」%K%P
%LC宗千佳
%LC宗千佳
「杏奈は運動神経もいいし、勘もいい」%K%P
「杏奈的运动神经，挺不错的」%K%P
%LC宗千佳
%LC宗千佳
「考えすぎる部分と本番の弱さを克服すれば、\n　学年上位にも引けを取らない力がある」%K%P
「如果克服了过度思考和怯场的弱点，\n 甚至都可以竞争年级的前几名了」%K%P
%LC陽菜
%LC阳菜
「そうだね。私もそう思う」%K%P
「是的呢，我也这么想」%K%P
杏奈ちゃんのコーチをして何より感心したのは、\nとにかく飲み込みが早いことだった。%K%P
教导杏奈酱时给我留下的最深刻印象，\n就是她学习的速度极快。%K%P
いまは頭で考えて身体を動かしているけど、\n身体が自然と動くようになれば、確実に強くなる。%K%P
现在的她是边思考边行动，\n假以时日身体熟悉了战斗，那她绝对很强。%K%P
そのために必要なのは、経験値。%K%P
果然目前最需要的，是经验。%K%P
今年からノーブルに転科した杏奈ちゃんは、\n他の子に比べ、どうしてもそれが不足している。%K%P
今年才转科到诺博尔的杏奈酱，\n与其他人相比，不可避免地缺乏经验。%K%P
オレが一緒に練習することで多少は補えるだろうけど、\nそれだって、どうしても限界はある。%K%P
虽然可以通过和我一起练习来弥补一点，\n但即使这样，也有一定的局限性。%K%P
%LC陽菜
%LC阳菜
「もっと時間があればなぁ……。\n　杏奈ちゃん、もっと強くなれるのに」%K%P
「如果有更多的时间……\n 杏奈酱，绝对可以变得更强」%K%P
杏奈ちゃんの実技試験は、来週の水曜。%K%P
杏奈酱的实战测试，是在下周三。%K%P
今日は土曜だから、使える時間には限りがある。%K%P
但今天已经周六了，所以时间是很有限的。%K%P
昨日のように放課後に練習といっても、\n中庭でやれることには、限りもあるし――、%K%P
即使像昨天一样在放学后练习，\n我们在中庭里，能做的事情也很有限――%K%P
%LC宗千佳
%LC宗千佳
「夜は閉まるトレーニングルームだが、他の部活の\n　朝練に合わせて、朝は７時から開いている」%K%P
「训练场会在晚上关闭，但为了配合\n 部分社团活动，早上7点就会开放」%K%P
%LC宗千佳
%LC宗千佳
「それと、試験期間中に限っては、\n　休日も解放している」%K%P
「此外，仅在备考期间，\n 假期也开放」%K%P
%LC宗千佳
%LC宗千佳
「どちらも放課後に比べると利用者は少ない。\n　杏奈と練習しても目立たないだろう」%K%P
「在这两个时候，使用的人都比放学后的少。\n 你和杏奈酱在这些时候一起练习，应该不会惹眼」%K%P
%LC陽菜
%LC阳菜
「そうなんだ……。\n　教えてくれてありがとう、姉さん」%K%P
「这样啊……\n 知道了很多，谢谢你，姐姐」%K%P
杏奈ちゃんの都合次第だけど、\n今日、さっそく提案してみよう。%K%P
不过还是要照顾杏奈酱的时间，\n今天，就先提一下这个方案吧。%K%P
%LC宗千佳
%LC宗千佳
「本当はこのこと、\n　おまえに教えるつもりはなかったんだがな」%K%P
「真是的，这件事，\n 原本真不想告诉你呢」%K%P
%LC陽菜
%LC阳菜
「なんで」%K%P
「为什么」%K%P
%LC宗千佳
%LC宗千佳
「教えたら、絶対に活用しようとするだろう？」%K%P
「如果告诉了，你肯定会这样去做吧？」%K%P
%LC宗千佳
%LC宗千佳
「女装して学園生活。その上、補佐代理――」%K%P
「不仅要女装上学。 此外，还担任了代理教辅员——」%K%P
%LC宗千佳
%LC宗千佳
「たたでさえ疲れているんだ。休みの日ぐらい、\n　ゆっくりしてもらいたかったからな」%K%P
「这种日子肯定是很累的吧。 所以在休息日，\n 我倒是希望你能好好休息一下呢。」%K%P
%LC陽菜
%LC阳菜
「姉さん……」%K%P
「姐姐……」%K%P
こういうちょっと不器用な気の回し方、\nいかにも姉さんっぽい。%K%P
这种略显笨拙的担心话，\n真的很像姐姐呢。%K%P
%LC宗千佳
%LC宗千佳
「ところで、顔を洗うつもりじゃなかったのか？」%K%P
「以及就是，你真不打算洗脸了？」%K%P
%LC陽菜
%LC阳菜
「っと、そうだった」%K%P
「哦，对哦忘了」%K%P
つい話し込んで、\n当初の目的を忘れるところだった。%K%P
聊得太投入了，\n差点忘了自己要干啥了。%K%P
%LCニナ
%LC妮娜
%XS21「むぁぁあぅっ」%XE%K%P
%XS21「呜~啊啊啊啊啊~~~~」%XE%K%P
%LC陽菜
%LC阳菜
「ひんっ！？」%K%P
「噫！？」%K%P
なっ、ななななっ……！？%K%P
什，什什什什么玩意……！？%K%P
%LC陽菜
%LC阳菜
「って……ニナさん……？」%K%P
「等……妮娜姐……？」%K%P
ぬるっと人影が現れて変な声が出たけど、\nよくよく見たらニナさんだった。%K%P
一个发出奇怪声音的身影出现了，\n当我看清楚时，原来是妮娜姐啊。%K%P
%LC宗千佳
%LC宗千佳
「起きたのか、ニナ」%K%P
「起来了吗，妮娜」%K%P
%LCニナ
%LC妮娜
「うんー……」%K%P
「嗯姆——……」%K%P
%LC宗千佳
%LC宗千佳
「徹夜か？」%K%P
「通宵了？」%K%P
%LCニナ
%LC妮娜
「だってぇ、例のやつの調整でぇ……。\n　いろいろ……大変でぇ……ふぁああああ」%K%P
「因为，例常的要调整呢……\n 干了好多……要死了……呼啊啊啊啊~~~~」%K%P
%LC宗千佳
%LC宗千佳
「コーヒーは？」%K%P
「要咖啡不？」%K%P
%LCニナ
%LC妮娜
「いるぅ……」%K%P
「要……」%K%P
%LC陽菜
%LC阳菜
「……あの、ニナさん？」%K%P
「……那个，妮娜姐？」%K%P
%LCニナ
%LC妮娜
「あっ……ヒナちゃん、おはよぉ」%K%P
「啊……日向酱~早安安~~」%K%P
%LC陽菜
%LC阳菜
「フラフラですけど大丈夫ですか？」%K%P
「都神志不清了没事吧？」%K%P
%LCニナ
%LC妮娜
「うん、超よゆうっちー」%K%P
「呜嗯~~超级振奋——」%K%P
%LCニナ
%LC妮娜
「こういうときは、むーちゃんに抱きつけば、\n　いっぱつで元気出ちゃうからぁ……くふふっ」%K%P
「在这个时候，只要抱住个宗酱~\n 我直接精神焕发……唔呼呼~~」%K%P
%LC宗千佳
%LC宗千佳
「バカ。こっちは料理中だ」%K%P
「笨蛋，我还在做饭呢」%K%P
%LCニナ
%LC妮娜
「邪魔しないもんねー。えいっ」%K%P
「反正也不会打扰捏~嘿~~」%K%P
%LC宗千佳
%LC宗千佳
「ったく……」%K%P
「真是的……」%K%P
%LC陽菜
%LC阳菜
「ホントに仲良いね、二人って」%K%P
「真的感情很好呢，两位」%K%P
%LCニナ
%LC妮娜
「仲良くて当然でしょー？　だって私たち、\n　{歌姫:ディーバ}と{騎士:ワルキュリア}だもん」%K%P
「肯定感情好的啦——　因为我们俩~\n 可是{歌姫:Diva}和{骑士:Valkyria}的说~」%K%P
%LC宗千佳
%LC宗千佳
「お姫様のために、\n　剣ではなく包丁を振るう日々だがな」%K%P
「为了我的公主殿下，\n 现在的我放下了剑，端起了菜刀呢。」%K%P
%LCニナ
%LC妮娜
「んふふっ、よきにはからえー」%K%P
「唔呼呼~一切交给你了——」\n （原句：よきにはからえ，旧时代皇族用语）%K%P
後ろからニナさんが抱きつくけど、\n姉さんはまったく気にせず料理を続ける。%K%P
虽然妮娜姐从后面抱住了姐姐，\n但姐姐并不在乎地继续做饭。%K%P
もしかするとこういうの、\n日常茶飯事なのかもしれない。%K%P
也许这种事情，\n已经是家常便饭了也说不定呢。%K%P
姉さんの朝食を美味しくいただいたあと、\n早速、トレーニングルームを見に行くことに。%K%P
吃完姐姐做的美味早餐后，\n很快，我去到了训练场。%K%P
利用者は少ないって姉さんは言っていたけど、\nゼロではないだろうし、雰囲気は知っておきたい。%K%P
姐姐说过这时候使用的人很少，\n但肯定不是是零对吧，所以我想探下情况。%K%P
朝のトレーニングルームは、\n思った以上に閑散としていた。%K%P
早上的训练场，\n比我想象的还要冷清。%K%P
授業中や放課後の賑やかな印象が強かったから、\n余計にそう感じてしまうのかもしれない。%K%P
因为对上课时和放学后的热闹印象深刻，\n所以现在这里如此冷清倒有点不适应了。%K%P
これなら人目を気にする心配もなさそうだ。%K%P
这样的话，确实不必担心被关注到。%K%P
ただ、さすがに誰もいないということはなくて、\n女の子が一人、黙々と素振りをしていた。%K%P
不过，看起来也并不是一个人都没有，\n一个女孩子正在默默地练习中。%K%P
どうやら連携を思案しているようで、\n確かめるようにクラージュを振っている。%K%P
好像在思考进攻的打法，\n她似乎在确定着什么，然后挥舞着克拉格。%K%P
あの真剣な横顔は、見間違えようもない――、%K%P
这认真的侧脸，我绝对不会认错――%K%P
%LC梨理
%LC梨理
「……あ」%K%P
「……啊」%K%P
オレの気配に気付いたんだろう、\n梨理ちゃんがこちらを振り向く。%K%P
像是注意到了我的到来，\n梨理酱转过了身。%K%P
と、授業中もそうだったように、\nこちらにたたたっと駆け寄ってきた。%K%P
然后，就像在课堂上所做的那样，\n她小跑到了我面前。%K%P
%LC梨理
%LC梨理
「おはようございます、陽菜センセ」%K%P
「早上好啊，阳菜老师」%K%P
%LC陽菜
%LC阳菜
「先生って……。授業中はともかく、今は――」%K%P
「老师什么的……那是在上课啦，现在还是——」%K%P
%LC梨理
%LC梨理
「別にいいじゃないですか。\n　センセはセンセだし」%K%P
「没有关系的啦。\n 老师就是老师」%K%P
%LC梨理
%LC梨理
「それより、どうしたんです？\n　こんな朝早くから」%K%P
「所以说，怎么了吗？\n 这一大早就来这了」%K%P
%LC陽菜
%LC阳菜
「ここ、朝から開いてるって聞いて。\n　様子を見に来たんだよ」%K%P
「我听说，这个地方很早就开放了。\n 所以来这里看看情况。」%K%P
%LC陽菜
%LC阳菜
「梨理ちゃんは自主練？」%K%P
「梨理酱是自主练习？」%K%P
%LC梨理
%LC梨理
「まあ、はい。\n　朝は人も少なくて気兼ねないので」%K%P
「嘛，是的。\n 感觉早上人不多就来了。」%K%P
%LC陽菜
%LC阳菜
「そういえば、放課後は見掛けないね」%K%P
「也就是说，放学后你不在这对吧」%K%P
%LC梨理
%LC梨理
「放課後は放課後で、\n　いろいろやることありますし」%K%P
「放学后虽说是放学后，\n 但我有很多事情要做呢。」%K%P
%LC梨理
%LC梨理
「ところでセンセ、いま暇ですか？」%K%P
「说回来老师，你现在有空吗？」%K%P
%LC陽菜
%LC阳菜
「少しぐらいなら、時間あるけど」%K%P
「还是有一点啦，时间还够」%K%P
%LC梨理
%LC梨理
「なら、私と戦ってくれません？」%K%P
「那么⭐，和我打一场不？」%K%P
%LC陽菜
%LC阳菜
「戦うって……いま？　ここで？」%K%P
「打一场……现在？　在这？」%K%P
%LC梨理
%LC梨理
「はい。テアトルじゃないのは残念ですけど、\n　ここでも模擬戦は出来ますし」%K%P
「是的。虽然不是在剧院里很可惜，\n 但可以在这里进行模拟战。」%K%P
%LC陽菜
%LC阳菜
「けど、今朝は下見のつもりだったから。\n　フィエルテもクラージュも持ってきてなくて」%K%P
「但是，今天早上我只是来看看的。\n 没有带上菲尔特和克拉格呢。」%K%P
%LC梨理
%LC梨理
「むぅ……」%K%P
「姆……」%K%P
%LC陽菜
%LC阳菜
「本当だってば。ほら、手ぶらでしょ？」%K%P
「是真的啦。你看，两手空空对吧？」%K%P
剣道やフェンシングに比べ、{舞闘:カデンツァ}の用具は\nかさばらないし、持ち歩きやすい。%K%P
与剑道和击剑的相比，{舞斗:华彩乐}的装备的话，\n体积更轻，更易于携带。%K%P
とはいえ、今日は本当に下見のつもりだったから、\n鞄と一緒に教室に置いてきてしまった。%K%P
讲真的，我今天真的只是来“预览”的，\n所以我把它们和书包一起放在了教室里。%K%P
%LC陽菜
%LC阳菜
「念のため言っておくけど。\n　梨理ちゃんと戦いたくないわけじゃないよ？」%K%P
「真的就只是这样啦。\n 不是我不想和梨理酱战斗哦？」%K%P
オレだって、彼女の実力は肌で感じたい。%K%P
我其实也想，亲身感受下她的实力。%K%P
それに、依夜様との一戦以降、\nずっと指導ばかりで戦いたい意欲もあるし。%K%P
另外，自从与依夜大人的战斗之后，\n我一直都想在给别人指导的同时打一场。%K%P
%LC梨理
%LC梨理
「そんなこと言って。陽菜センセ、\n　私に負けるのが怖いんじゃないですか？」%K%P
「这样说的话，难不成阳菜老师，\n 你害怕会输给我吗？」%K%P
%LC陽菜
%LC阳菜
「言うね、梨理ちゃん」%K%P
「真敢说啊，梨理酱」%K%P
%LC梨理
%LC梨理
「強いですから、私」%K%P
「因为比你强啊，我」%K%P
%LC陽菜
%LC阳菜
「知ってる」%K%P
「好好好」%K%P
%LC梨理
%LC梨理
「私が戦ってるとこ、見たことないくせに」%K%P
「和我打过的，一个能打的都没有」%K%P
%LC陽菜
%LC阳菜
「練習中の動きを見れば、\n　強いことぐらいはわかるから」%K%P
「你练习时的动作我看见了，\n 早就知道孰强孰弱了。」%K%P
%LC陽菜
%LC阳菜
「だからといって、負けるとは思ってないけど」%K%P
「所以在我看来，我可不会输呢」%K%P
%LC梨理
%LC梨理
「言いますね」%K%P
「还真敢说呢你」%K%P
フェンシングの試合でいうなら、\n剣先を振って相手を牽制するような言葉の応酬。%K%P
这就像在击剑比赛中，挥剑来牵制对手一般的发言。%K%P
冗談めかした挑発にこちらも挑発で応じると、\n梨理ちゃんは悪戯っぽく笑った。%K%P
看到双方互相嘲讽以示尊敬，\n梨理酱调皮地笑了起来。%K%P
%LC梨理
%LC梨理
「なら、ちょっとしたゲームしません？」%K%P
「那么，来玩一个游戏怎么样？」%K%P
%LC陽菜
%LC阳菜
「ゲーム？」%K%P
「游戏？」%K%P
%LC梨理
%LC梨理
「フェンシングのスタイルで向き合って、\n　相手にタッチできたら勝ちってゲームです」%K%P
「游戏就用类似击剑的方式吧，\n 只要触摸到对方就算赢了」%K%P
%LC梨理
%LC梨理
「使って良いのは、利き手だけ。\n　タッチの有効範囲は、フルーレと同じ胴全体」%K%P
「但只能使用自己的惯用手。\n 有效范围的话，就是整个躯干」%K%P
%LC梨理
%LC梨理
「相手の手を払いのけるのはアリですが、\n　握ったり掴んだりするのは反則負け」%K%P
「挡开对方的手是可以的，\n 但握住对方的手则是犯规」%K%P
%LC梨理
%LC梨理
「これ、練習でよくやってたゲームなんです。\n　これならフィエルテもクラージュも要りません」%K%P
「这是我在练习时经常玩的游戏。\n 不需要菲尔特和克拉格也能玩」%K%P
%LC梨理
%LC梨理
「どうです？　センセ」%K%P
「怎么样？　老师」%K%P
%LC梨理
%LC梨理
「じゃあ、しっかり準備してください」%K%P
「那么，现在做好准备吧」%K%P
%LC梨理
%LC梨理
「ウォームアップ不足で負けた――、\n　なんて言い訳されたら興醒めなので」%K%P
「“输给你是因为没有热身”——\n 我可不会让你有这个借口呢」%K%P
%LC陽菜
%LC阳菜
「そうだね。少し待って」%K%P
「确实呢，等我一下」%K%P
制服のまま、念入りにストレッチ。%K%P
穿着制服，我仔细地拉伸着身体。%K%P
結局、オレは梨理ちゃんの勝負を受けた。%K%P
结果，还是被梨理酱挑衅到了。%K%P
断ることも出来たけど、\n彼女と勝負したい気持ちに抗えなかった。%K%P
我本可以拒绝的，但实在压抑不住与她竞争的冲动。%K%P
それに、直接向き合うことで、\n彼女のことを理解できるかもしれない。%K%P
而且，如果直面她，\n或许会对她更了解也说不定呢。%K%P
妙に突っかかってくる、その理由とか。%K%P
不入虎穴焉得虎子，这个理由怎样（笑）。%K%P
%LC陽菜
%LC阳菜
「……うん。いつでもどうぞ」%K%P
「……嗯。我已做好准备」%K%P
%LC梨理
%LC梨理
「じゃあ、私が掛け声を」%K%P
「那好，听我号令」%K%P
%LC梨理
%LC梨理
「プレ――アレ！」%K%P
「预备，开始！」%K%P
フェンシングと同じ号令の直後、\n梨理ちゃんがぐんっと前に踏み込んでくる。%K%P
在发出与击剑相同的号令后，\n梨理酱直接向我袭了过来。%K%P
やっぱり足腰のバネがすごくいい。%K%P
果然腿部和臀部的力量十足。%K%P
手刀のようにぴんと伸びた手が、\n真っ直ぐにオレの胸元を狙う。%K%P
她的手摆出了像刀一样的姿势，\n瞄着我的胸膛打了过来。%K%P
%LC陽菜
%LC阳菜
「ふっ……！」%K%P
「哼……！」%K%P
その手を、手の甲でもって外側へと弾く。%K%P
她的手，被我用手格挡到外侧了。%K%P
動き的には、飛んでる虫を払うような感じだ。%K%P
当她动的时候，就如飞虫随风过隙一般。%K%P
%LC梨理
%LC梨理
「そこっ……！」%K%P
「在这……！」%K%P
オレに弾かれた反動を利用し、\n梨理ちゃんは下側からくるっと手を回す。%K%P
借由被我击退后的反作用力，\n梨理酱转过了身，从底部转出手来攻击。%K%P
とっさに身を引くと、\nオレの履いてるスカートが、ひらっと――、%K%P
我急忙退后一步，\n我的裙子被她的手刀掀开了，哗啦――%K%P
%LC陽菜
%LC阳菜
「ちょっ！？　めくるのナシっ！」%K%P
「等！？　别掀我裙子！」%K%P
%LC梨理
%LC梨理
「スカート履いてるほうが悪いんですっ」%K%P
「穿裙子来玩是你自己的锅啦」%K%P
%LC陽菜
%LC阳菜
「むちゃ言わないっ！」%K%P
「别这样说呀！」%K%P
%LC梨理
%LC梨理
「めくれるのイヤなら脱いだらどうです？」%K%P
「怕被掀为什么不脱了？」%K%P
%LC陽菜
%LC阳菜
「むり言わないっ！」%K%P
「做不到的别提！」%K%P
%LC梨理
%LC梨理
「せいッ……！」%K%P
「看招……！」%K%P
%LC陽菜
%LC阳菜
「このっ……！」%K%P
「你这……！」%K%P
伸びてくる手を払いのけ、\n伸ばした手は払われる。%K%P
她的每一招被我架开，\n我的每一招被她抵挡。%K%P
そんな動きの連続は、\nまるでカンフー映画みたいだ。%K%P
动作十分流畅，\n就像一部功夫电影一般。%K%P
%LC陽菜
%LC阳菜
（これ、思ったより――）%K%P
（这个，比我想得要好哦——）%K%P
仕切り直すために一旦大きく下がると、\n梨理ちゃんは深追いせず、体勢を整えた。%K%P
每次我退后一步重新调整时，\n梨理并不会追击过来，而是也进行了调整。%K%P
――このゲーム、難しい。%K%P
——这个游戏，真的很难。%K%P
梨理ちゃんが手強いのは当然として、\nそれ以上に大変なのが、間合いの感覚。%K%P
梨理酱当然是很强的，但比起她的实力，\n更难的是距离的把控。%K%P
フェンシングの形式で戦ってはいるけど、\nオレたちはいま、剣を持っていない。%K%P
虽然是类似击剑的形式战斗，\n但我们现在，并不是用剑。%K%P
当然、その分リーチは短くなるから、\n相手に触れるために距離を詰める必要がある。%K%P
必然的，只用手范围会很短，\n所以需要拉近距离才能接触到对方。%K%P
けど、距離を詰めると視野は狭くなるし、\n少しでも反応が遅れると、対処が間に合わない。%K%P
但是，如果拉近了距离，视野就会变窄，\n这时如果反应稍有延迟，就很难应对对方的攻击。%K%P
なにより梨理ちゃん、思った以上に堅牢だ。%K%P
而且面前的梨理酱，真的是坚不可摧。%K%P
届くと思ったこっちの攻撃を、\nギリギリで避けるのが上手い。%K%P
即便是即将打中的攻击，\n她都能熟练干脆地躲避掉。%K%P
無理に突っ込みすぎると、\n体勢を崩したところを狙われる――、%K%P
如果强行突入，很可能会突然失去平衡而暴露弱点――%K%P
%LC梨理
%LC梨理
「最初の勢いはどうしました？　センセ」%K%P
「刚开始时的气势去哪了呀？　老师」%K%P
%LC陽菜
%LC阳菜
「梨理ちゃん、強いね」%K%P
「梨理酱，很强呢」%K%P
%LC梨理
%LC梨理
「センセこそ」%K%P
「老师也是」%K%P
口調こそさっきまでと同じだけど、\nその表情には一切油断がない。%K%P
虽然语气同样诙谐，\n但她的表情一点也不放松。%K%P
武器がなくて距離が近い分、\n{舞闘:カデンツァ}よりも相手の顔がよく見える。%K%P
因为没有武器而且离的近，\n所以比{舞斗:华彩乐}时更能看清对手的脸。%K%P
得物を狙う狩人――とは、少し違うか。%K%P
如盯着猎物的猎人一般――啊不，稍微有点不同。%K%P
けど、彼女の眼差しは真剣そのものだ。%K%P
但是，她的目光是认真的。%K%P
%LC梨理
%LC梨理
「ちなみにこのゲーム、\n　センセのほうが有利なんですよ」%K%P
「顺带一提在这个游戏上，\n 老师是有优势的哦」%K%P
%LC陽菜
%LC阳菜
「リーチが長いから、でしょ」%K%P
「我的攻击距离更长，对吧」%K%P
%LC梨理
%LC梨理
「それもありますけど。\n　胸、私のほうがありますから」%K%P
「这也是一个啦。\n 胸部，我的可更大一些呀」%K%P
%LC梨理
%LC梨理
「タッチ、しやすいでしょ？」%K%P
「想触碰到，不是很容易吗？」%K%P
顔色は変えないまま、胸を軽く張る梨理ちゃん。%K%P
保持着不变的脸色，轻轻挺着胸膛的梨理酱。%K%P
そりゃ、男の胸板なんて真っ平らだけど――、%K%P
确实呀，男人的胸部是平的――%K%P
……あれ？　このゲーム、マズくない？%K%P
……啊咧？　这个游戏，我不该玩吧？%K%P
%LC梨理
%LC梨理
「ふッ……！」%K%P
「哼……！」%K%P
%LC陽菜
%LC阳菜
「わっ……！？」%K%P
「呜哇……！？」%K%P
一瞬の迷いを見抜かれたのか、\n素早い踏み込みから、手がぐんッと伸びてくる。%K%P
这一瞬间的犹豫，当我反应过来时，\n她已经一脚蹬地，挥手向我突进了过来。%K%P
咄嗟に払ったけど、その感触にドキッとした。%K%P
我急忙伸手格挡，真是让我胆颤心惊呀。%K%P
すっごく今さらではあるけど、\n勝つためには、彼女の身体に触らないといけない。%K%P
那么事到如今，要是想赢的话，\n我就必须触碰到她的身体。%K%P
フィエルテって肌にぴったりと密着してるから、\nさわる場所次第では、いろいろマズい気がする。%K%P
菲尔特穿在身上非常贴合皮肤，\n所以好像无论触摸哪里，都很糟糕呀。%K%P
かといって、さわられるのはもっとマズい。%K%P
而且，要是自己被触摸就更糟糕了。%K%P
もしこっちの胸に触られて、それで、\nあれ……？　なんて思われでもしたら――、%K%P
如果摸到我的胸部了，那样的话，\n啊咧……？　我干嘛想这些呀――%K%P
%LC梨理
%LC梨理
「はッ……！」%K%P
「哈啊……！」%K%P
%LC陽菜
%LC阳菜
「ちょっ……？！」%K%P
「等……？！」%K%P
気の迷いは驚くほど動きに反映されて、\n鈍ったところを立て続けに狙われる。%K%P
很奇怪，我的动作因为犹豫而变了，\n变得迟钝，然后不断遭受攻击。%K%P
%LC梨理
%LC梨理
「このっ……！」%K%P
「看招……！」%K%P
%LC陽菜
%LC阳菜
「っ……！！」%K%P
「唔……！！」%K%P
こっちの足が止まったと見るや、\n立て続けに手を繰り出してくる。%K%P
每次看到我的脚步停下来时，\n她都会迅速地挥手连续打击。%K%P
たまに混ぜてくるフェイントが厄介で、\nヒヤっとする場面が、何回も――、%K%P
而且偶尔还混杂着佯攻，真的麻烦，\n这样的可怕场面，不知道发生了几次了都――%K%P
%LC梨理
%LC梨理
「くッ……！　はッ、やあッ……！」%K%P
「哼……！　哈啊，呀啊啊……！」%K%P
ヤバい、早い早い早いっ……！%K%P
不妙啊，太急了太急了太急了……！%K%P
できれば無難な肩や腰にタッチしたいけど、\nそんなの狙ってたら、やられるッ……！%K%P
其实想碰到她的肩膀和臀部不难，\n但要是这样做了，我不如死了算了……！%K%P
%LC梨理
%LC梨理
「ぜったい、勝つっ……！」%K%P
「绝对，要赢……！」%K%P
%LC陽菜
%LC阳菜
「くッ……！」%K%P
「咕……！」%K%P
梨理ちゃんの指先が、\nあと数ミリってところまで迫る。%K%P
梨理酱的指尖，\n几乎离我只有几毫米了。%K%P
その表情には焦燥感めいたものがあって、\n勝負を決めに来ているのが明白だった。%K%P
她的表情写满了焦躁，\n很明显她真的想赢下这次游戏。%K%P
けど、さすがにそれは、突っ込みすぎッ……！%K%P
但是，这也太急了，真就不顾一切地突刺呀……！%K%P
%LC陽菜
%LC阳菜
「ここっ……！！」%K%P
「在这……！！」%K%P
無理に相手の手を払いのけず、\n軽くいなすだけにして、そのまま懐へ。%K%P
我选择不招架她的手，\n我顺势侧闪，让她的手擦身而过%K%P
ボクシングのクロスカウンターのような動きで、\nそのまま、梨理ちゃんの胸に――、%K%P
就像拳击的钟摆计时器的动作一样，\n就这样直接，袭向梨理酱的胸部――%K%P
%LC梨理
%LC梨理
「あっ……」%K%P
「啊……」%K%P
音にするなら、それはきっと――ふにゅん。%K%P
如果有声音，那绝对是――噗扭~~%K%P
勢い余って突っ込んで来た梨理ちゃんの上体を、\n片手だけで受け止めるような格好になって。%K%P
由于用力过猛，梨理酱的上半身靠了过来\n好像，我能用一只手搂住她。%K%P
彼女のもっている柔らかさが、\nオレの手のひらに、ぜんぶ、ぜんぶ集まって。%K%P
她身上最柔软的部分，\n现在就在我的手中，全都，全都都在手中。%K%P
うわ、どうしよう。めっちゃ、やらかい――、%K%P
呜哇。这怎么办，太乱了，大脑一片空白――、%K%P
%LC梨理
%LC梨理
「やっ、きゃうっ」%K%P
「呀啊~咿呀~~~」%K%P
%LC陽菜
%LC阳菜
「あっ……？！　ご、ごめんっ」%K%P
「啊……？！　抱，抱歉」%K%P
しまった、つい手に力がっ……！？%K%P
糟了，手不受控制地用了下力……！？%K%P
%LC梨理
%LC梨理
「んっ……もう、センセのえっち」%K%P
「呜啊……真是的，老师好色」%K%P
%LC陽菜
%LC阳菜
「ちっ、ちがうってばっ。\n　だいたいこれはそういうルールでっ……！」%K%P
「不，不是这样的吧……\n 只是游戏规则是这样的……！」%K%P
%LC梨理
%LC梨理
「なら、なんでタッチしたあと、\n　もみってしたんですかっ？」%K%P
「那么，为什么摸了之后，\n 还一直看着？」%K%P
%LC梨理
%LC梨理
「はんっ……ほら、いまだって、また……あんっ。\n　もみもみしてますよね？　ねぇ？」%K%P
「哈啊~~……你看，现在又，来了……啊嗯。\n 一直在揉我呢？　呐？」%K%P
%LC陽菜
%LC阳菜
「梨理ちゃんが押しつけてくるからっ」%K%P
「是因为梨理酱你乱动了呀」%K%P
%LC梨理
%LC梨理
「えー？　してませんよ？　そんなこと」%K%P
「欸——？　我没有动啊？　这种事情」%K%P
ぐいっ。%K%P
（弹了弹）%K%P
%LC陽菜
%LC阳菜
「してるってばっ！」%K%P
「动了呀你这！」%K%P
って、オレが手を離せば――、%K%P
诶，我得赶紧把手拿开――%K%P
%LC梨理
%LC梨理
「やんっ氈v%K%P
「咿呀❤~~！」%K%P
%LC陽菜
%LC阳菜
「なんでくっついてくるのっ？！」%K%P
「为什么不让我拿开呀？！」%K%P
%LC梨理
%LC梨理
「センセが揉んでるからじゃないですか」%K%P
「明明是老师你在揉啊」%K%P
%LC陽菜
%LC阳菜
「揉んでませんっ」%K%P
「我真没揉」%K%P
%LC梨理
%LC梨理
「あっ、ひどい。\n　揉むほどないって意味ですか？」%K%P
「啊，好过分。\n　揉了又不认是吧？」%K%P
%LC陽菜
%LC阳菜
「そんなことないから！\n　だって、こんなに――」%K%P
「不是这样的啦！\n 只是，这实在是——」%K%P
%LC梨理
%LC梨理
「ひぁんっ氈v%K%P
「咿呀~~~」%K%P
%LC陽菜
%LC阳菜
「あああああっ」%K%P
「啊啊啊啊啊」%K%P
あきらかにオレをからかって、\nおっぱいを押しつけてくる梨理ちゃん。%K%P
很明显在取笑我，\n被我揉着胸部的梨理酱。%K%P
負けた腹いせってわけでもないだろうけど、\nちっともオレから離れてくれない。%K%P
虽然看起来没什么大不了的，\n但一时半会我还真松不开。%K%P
女の子同士なら冗談で済むかもだけど、\nもし男だってバレたら、バレたら――、%K%P
女生之间揉胸只是单纯的玩耍，\n但如果男性要敢这么做，绝对会死――%K%P
%LC？？？
%LC？？？
「あー、陽菜様がえっちなことしてるー」%K%P
「啊——阳菜大人正在干羞羞的事——」%K%P
%LC陽菜
%LC阳菜
「ひんっ！？」%K%P
「噫！？」%K%P
%LC陽菜
%LC阳菜
「ちちちちちがうんですっ！\n　これはゲームをしていただけで――」%K%P
「不不不不不不是这样的！\n 我们只是在玩游戏而已——」%K%P
%LC陽菜
%LC阳菜
「って、美実様っ？！」%K%P
「欸，美実大人？！」%K%P
%LC美実
%LC美实
「ゲームって……うわ、陽菜ちゃんって\n　ゲーム感覚で{他人:ひと}のおっぱい揉むんだ？」%K%P
「游戏吗……呜哇，阳菜酱你呀，\n 这游戏是可以揉{别人:学妹}的胸的吗？」%K%P
%LC梨理
%LC梨理
「うぅ、どうしようお姉ちゃん。\n　私もうお嫁にいけない」%K%P
「呜呜呜，怎么办呀姐姐。\n 我嫁不出去了呀」%K%P
%LC美実
%LC美实
「おー、よしよし。いざってときは\n　陽菜ちゃんに娶ってもらおうねぇ」%K%P
「呜——不哭不哭。既然发生了这事，\n 阳菜酱你可得负责到底（和她结婚）呀」%K%P
%LC陽菜
%LC阳菜
「だからこれは誤解で――」%K%P
「所以说这是误会——」%K%P
……ん？　お姉ちゃん……？%K%P
……嗯？　姐姐……？%K%P
%LC陽菜
%LC阳菜
「あの、もしかして二人って」%K%P
「那个，难不成你们俩是」%K%P
%LC美実
%LC美实
「梨理と私？　姉妹だよ？」%K%P
「梨理和我吗？　是姐妹哦？」%K%P
%LC美実
%LC美实
「って……あ、そっか。\n　私、名前しか言ってなかったっけ」%K%P
「对哦……啊，对了。\n 我好像，只说了我的名字对吧」%K%P
%LC美実
%LC美实
「銀蘭って名前で呼び合うから、\n　ついハショっちゃうんだよね」%K%P
「在银兰里一般只称呼名字，\n 有时还是挺麻烦的捏」%K%P
%LC美実
%LC美实
「まあ、そういうわけだから。\n　椋木姉妹を、コンゴトモヨロシクー」%K%P
「嘛，那就是这样了。\n 我们椋木姐妹，还请你多多关照啦——」%K%P
%LC陽菜
%LC阳菜
「あっ、はい。こちらこそ」%K%P
「啊，好的。我这边才是」%K%P
そういえば{騎士道:シュバルリィ}の授業のとき、\n３年生の名簿を見て「あれ？」って思った気がする。%K%P
说起来我在指导{骑士道:Chivalry}的课时，\n看了看3年级学生的花名册，顿时疑惑了%K%P
いまにして思えば、美実様の苗字を、\nどこかで見た気がしていたから、だったのか。%K%P
想起来当时看的时候，美实大人的姓，\n我看了半天都没看到呢。%K%P
%LC美実
%LC美实
「で？　二人してナニしてたの？」%K%P
「所以？　你俩在干啥呢~？」%K%P
%LC陽菜
%LC阳菜
「梨理ちゃんの提案で、\n　模擬戦みたいなゲームをしていて」%K%P
「梨理酱的提议啦，\n 想和我玩个游戏，当作模拟战」%K%P
%LC美実
%LC美实
「ああ、アレか……。\n　昔よく梨理と一緒にやってたんだよね」%K%P
「啊啊，那个啊……。\n　过去我经常和梨理一起玩呢」%K%P
なるほど、それでゲームのルールが\nフェンシングに似てたのか。%K%P
原来如此，这就是为什么那个游戏规则，\n这么像是击剑的了。%K%P
%LC美実
%LC美实
「で、ゲームにかこつけて、\n　梨理のおっぱいを揉んでいたと」%K%P
「那，虽说是在玩游戏，\n　那你揉梨理的胸又是怎么回事」%K%P
%LC陽菜
%LC阳菜
「たまたまです」%K%P
「只是个巧合」%K%P
%LC美実
%LC美实
「揉んだのは認めるんだ？」%K%P
「你承认你揉了？」%K%P
%LC陽菜
%LC阳菜
「あれは、不可抗力っていうか……」%K%P
「那个是，不可抗力的说……」%K%P
%LC梨理
%LC梨理
「センセってばすごかったんだよ？\n　迷わずおっぱい狙ってきて」%K%P
「老师其实现在在暗爽吧？\n 一开始就盯着我胸来了」%K%P
%LC陽菜
%LC阳菜
「はぅ……」%K%P
「哈呜……」%K%P
おかしい。勝ったのはオレなのに、\nなんかすっごい負けた気がする。%K%P
好奇怪啊，明明是我赢了，\n但感觉比输了还难受。%K%P
けど、わざとじゃないとはいえ、\nおっぱいにさわっちゃったのは本当なわけで――、%K%P
但是，虽然我不是故意的，\n但我也确实摸了人家的胸――%K%P
って、思い出すのはよくないよくないっ。%K%P
唉，我现在找不出任何借口了。%K%P
%LC梨理
%LC梨理
「じゃあ私、そろそろ行きます。\n　授業前にシャワー浴びときたいし」%K%P
「那么我的话，就先走一步了。\n 在上课前可得好好的洗个澡」%K%P
%LC美実
%LC美实
「なら、陽菜ちゃんも一緒に浴びてきたら？」%K%P
「那么，阳菜酱你也一起去洗一个吧？」%K%P
%LC陽菜
%LC阳菜
「えっ？」%K%P
「欸？」%K%P
%LC美実
%LC美实
「えっ？　じゃなくて。梨理に付き合って、\n　汗かいちゃったでしょ？」%K%P
「欸？　你欸个啥呀。和梨理打了一场，\n　你现在不也大汗淋漓了吗？」%K%P
%LC陽菜
%LC阳菜
「いっ、いいですいいです。\n　私、ぜんぜん汗かいてないので」%K%P
「没，没关系的没关系。\n　我……一点汗都没出」%K%P
%LC梨理
%LC梨理
「むっ……。別に私だって、\n　あの程度で汗なんてかいてないですけど」%K%P
「姆……那我也不去了，\n 这种程度我可不至于出汗」%K%P
%LC美実
%LC美实
「いやいや、梨理は汗かいてるでしょ」%K%P
「得了得了，梨理你现在都汗湿了」%K%P
%LC梨理
%LC梨理
「お姉ちゃんっ」%K%P
「姐姐！」%K%P
%LC陽菜
%LC阳菜
「私がくる前から練習してたんだもの。\n　あれだけ熱心なら、汗をかいて当然だよ」%K%P
「在我来之前你就一直在练习。\n 练的如此热火朝天的，肯定流汗了呀」%K%P
%LC美実
%LC美实
「そうそう。\n　ほら、早く行かないと遅れるよ？」%K%P
「对呀对呀。\n 好啦，赶紧去不然迟到了哦？」%K%P
%LC梨理
%LC梨理
「むー……」%K%P
「姆姆姆……」%K%P
拗ねる……というか、じとっとした視線で\nオレを睨みながら、梨理ちゃんが去っていく。%K%P
恶狠狠的……她用这种视线\n盯了我许久，然后梨理酱头也不回地走了。%K%P
シャワー同伴を回避するためだったとはいえ、\nさっきの発言、ちょっと配慮が足りなかった。%K%P
刚才的话是为了避免一起淋浴，\n但想了想，好像有点不体贴人的感觉。%K%P
けど、そっか。梨理ちゃんの動きを見て、\nどこかで見たことがあるなって思ったけど――、%K%P
以及，对了。刚才看了梨理酱的动作，\n感觉在某个地方也看到过――%K%P
あれは、依夜様との{舞闘:カデンツァ}で見た、\n美実様の動きに似ていたから、だったんだ。%K%P
好像在，和依夜大人的{舞斗:华彩乐}中见过，\n也和美实大人的动作，有相同之处。%K%P
%LC杏奈
%LC杏奈
「――朝練？」%K%P
「——晨练？」%K%P
教室につくと杏奈ちゃんがいたので、\nさっそく朝練について話してみると。%K%P
在教室里，我来到杏奈这，\n告诉了她关于晨练的事。%K%P
%LC杏奈
%LC杏奈
「やるっ！」%K%P
「可以！」%K%P
こんな感じで、気持ちいいぐらいの即答。%K%P
好干脆，她直接高兴地答复了。%K%P
%LC陽菜
%LC阳菜
「あと、明日のお休みも、\n　トレーニングルームが開いてるらしくて――」%K%P
「以及，明天的休息日也一样，\n 训练场会照常开放——」%K%P
%LC杏奈
%LC杏奈
「やるっ！！」%K%P
「可以！！」%K%P
%LC陽菜
%LC阳菜
「あはは。じゃあ、両方で」%K%P
「啊哈哈，那么，两个都要」%K%P
意欲満々な返事に、思わず笑みが漏れる。%K%P
对于她热情的回答，我忍不住笑了笑。%K%P
%LC杏奈
%LC杏奈
「ねえ陽菜ちゃん、今日も授業が終わったら、\n　トレーニングルームに寄ってもいい？」%K%P
「呐阳菜酱，今天放学之后，\n 可以在训练场停留一会不？」%K%P
%LC陽菜
%LC阳菜
「いいけど、放課後は――」%K%P
「可以呀，你放学要——？」%K%P
%LC杏奈
%LC杏奈
「わかってる。コーチしてほしいなんて、\n　そんなワガママ言わないってば」%K%P
「我知道，我也想教会别人，\n 我可不会那么自私呢」%K%P
%LC杏奈
%LC杏奈
「昨日、陽菜ちゃんから色々教わったでしょ？\n　それを一人でも出来るようになりたくて」%K%P
「昨天，阳菜酱已经教了我很多东西不是吗？\n 所以我不希望只有自己能受到指导」%K%P
%LC陽菜
%LC阳菜
「そっか……。なら、私も一緒に行くね」%K%P
「这样啊……。那么，我和你一起去」%K%P
%LC陽菜
%LC阳菜
「わからないことがあったとき、\n　すぐに聞けたほうがいいでしょ？」%K%P
「如果你有什么不明白的，\n 要马上来问我，好吗？」%K%P
%LC杏奈
%LC杏奈
「陽菜ちゃん……」%K%P
「阳菜酱……」%K%P
%LC陽菜
%LC阳菜
「もちろん、杏奈ちゃんだけを\n　特別扱いしないから。そこは安心して」%K%P
「当然啦，对于杏奈酱，\n 我不会特别偏心的。放心好了」%K%P
%LC杏奈
%LC杏奈
「そこまでハッキリ言われると、\n　それはそれで寂しいけどぉ」%K%P
「你说出这种话，\n听着感觉我变孤单了。」%K%P
%LC陽菜
%LC阳菜
「ふふっ」%K%P
「嘻嘻」%K%P
そんなわけで放課後、トレーニングルームへ。%K%P
于是放学后，来到了训练场。%K%P
朝の静けさを知ったあとだからか、\n活気ある光景に少しホッとしてしまう。%K%P
也许是知道了清晨的宁静，\n现在热闹的场面让我感到少许恍惚。%K%P
それでも昨日に比べて人数が少ないのは、\n実技試験が始まったためだろう。%K%P
不过来这训练的人比昨天少了，\n可能是实战考试已经开始的缘故吧。%K%P
試験は誰でも見学できるので、\n文字通り、見て学ぼうとする子も多い。%K%P
任何人都可以去观看测试，\n所以很多人，都想观看别人考试来学习。%K%P
それと、今日が土曜ってことも、\n多少は関係してるのかもしれない。%K%P
另外，今天是周六，\n时间也多少和来的人数有关。%K%P
試験期間だからこそ、気分転換したり、\n羽を伸ばしたいって子もいるだろうしね。%K%P
因为是测试期间，有些人可能会想换个心情，\n好好地放松下筋骨。%K%P
%LC女学生Ａ
%LC女学生Ａ
「陽菜さん、ちょっとよろしいですか？」%K%P
「阳菜同学，能不能问个问题？」%K%P
%LC陽菜
%LC阳菜
「うん。なんでも聞いて」%K%P
「嗯，说吧我在听」%K%P
%LC女学生Ｂ
%LC女学生Ｂ
「あの、でしたら私も」%K%P
「那个，这样的话我也」%K%P
%LC女学生Ｃ
%LC女学生Ｃ
「陽菜ちゃん、ご指導お願いしますっ！」%K%P
「阳菜酱，也能来指导我不！」%K%P
%LC女学生Ｄ
%LC女学生Ｄ
「ひなひゃまっ、コーチおねがいしまひゅっ！」%K%P
「阳阳菜带人（咬舌），能不能也来指豆偶（咬舌）！」%K%P
%LC陽菜
%LC阳菜
「落ち着いて。慌てなくて大丈夫」%K%P
「缓口气缓口气。不用这么慌张的啦」%K%P
今日は実技試験で姉さんが不在のため、\nその分、みんなオレのところに集まってくる。%K%P
今天姐姐去检查实战测试了不在这，\n所以，大家都围在了我身边。%K%P
初日だったらテンパっていただろうけど、\nこの１週間、補佐代理として頑張ってきたわけで。%K%P
如果是第一天我可能已经崩溃了，\n但在过去一周，我一直在做好代理教辅员的职责。%K%P
このぐらいの人数なら、問題なく対応できるはず。%K%P
虽然人很多，但我还是能处理过来。%K%P
%LC陽菜
%LC阳菜
（杏奈ちゃんは――）%K%P
（杏奈酱在——）%K%P
%LC陽菜
%LC阳菜
（……うん。頑張ってる）%K%P
（……嗯，很努力呢）%K%P
気になって横目で様子を窺ってみれば、\n杏奈ちゃんは友達と模擬戦をしていた。%K%P
有点在意，我侧过头看了看情况，\n杏奈酱正在和朋友们进行模拟战。%K%P
昨日教えた盾の使い方をさっそく実践していて、\nやっぱり飲み込みが早いなって感心してしまう。%K%P
昨天练习我教的盾牌战术时，\n她惊人的学习速度给我留下了深刻的印象。%K%P
よし、オレも頑張ろう。%K%P
好，我也要加油了。%K%P
%LC女子学生Ｄ
%LC女学生Ｄ
%XS21「ありがとうございまひたっ！」%XE%K%P
%XS21「非常感谢你的指抖（咬舌）！」%XE%K%P
声を掛けてきた子たちのコーチが終わって、\nほっと一息。%K%P
指导完最后一个人，她向我道了个谢，\n我终于松了一口气。%K%P
%LC杏奈
%LC杏奈
「陽菜ちゃん、コーチ終わった？」%K%P
「阳菜酱，指导结束了吗？」%K%P
%LC陽菜
%LC阳菜
「うん。ちょうど一段落したところ」%K%P
「嗯，刚刚告一段落」%K%P
%LC杏奈
%LC杏奈
「私、そろそろ上がろうと思うんだけど、\n　よかったら陽菜ちゃんも一緒に――」%K%P
「我呢，刚刚一直想来找你，\n 可以的话阳菜酱现在要不一起——」%K%P
%LC陽菜
%LC阳菜
「あ……。あはは……」%K%P
「啊……。啊哈哈哈……」%K%P
杏奈ちゃんの言葉に重なるように、\nオレのお腹が、ぐぅっと鳴いた。%K%P
仿佛在回应杏奈的话，\n我的肚子，咕噜咕噜地叫起来了。%K%P
土曜は授業が午前中のみだけど、\n食堂は平日と同じようにやっている。%K%P
周六只有上午有课，\n食堂的话，开放时间与平常一样。%K%P
ここにくる前に寄って食べてきたんだけど、\n指導に備えて、量は少し抑えめにしたんだよね。%K%P
在来这里之前我吃了点东西，\n但为了准备指导，我把量减了一点。%K%P
%LC杏奈
%LC杏奈
「ふふっ、お腹空いた？」%K%P
「嘿嘿，饥肠辘辘了？」%K%P
%LC陽菜
%LC阳菜
「そうみたい。みんな熱心で、\n　けっこう身体を動かしたから」%K%P
「看来是了。大家都很热情，\n 所以身体运动了好久呢」%K%P
%LC杏奈
%LC杏奈
「食堂はもう閉まっちゃってるし、\n　夕ご飯までは、まだ時間あるし……」%K%P
「食堂的话现在还没开，\n 要等到午饭时间，还早得很……」%K%P
%LC杏奈
%LC杏奈
「そうだ。乙女部寄ってかない？」%K%P
「对了。要不去下少女部坐坐？」%K%P
%LC杏奈
%LC杏奈
「あそこ、お菓子が備蓄してあるんだよ。\n　差し入れとか、いろいろ貰ったりするから」%K%P
「那边呢，储备了很多的点心。\n 平时有空时，都会去采购一些回来」%K%P
%LC陽菜
%LC阳菜
「じゃあ、お言葉に甘えて――」%K%P
「那么，恭敬不如从命——」%K%P
%LC女学生Ｅ
%LC女学生Ｅ
「あの、陽菜さん。少しだけ、いい……？」%K%P
「那个，阳菜同学。稍微打扰下，可以吗……？」%K%P
これまで他の子たちに遠慮していたんだろう、\nまだ指導していなかった子が声をかけてきた。%K%P
但我还是对这里其他人放不下心，\n这不，一个还没有被指导的学生叫住了我。%K%P
けど、オレと杏奈ちゃんを見て、すぐにハッとする。%K%P
但是，当看到我和杏奈站在一起时，\n好像顿时变紧张了。%K%P
%LC女学生Ｅ
%LC女学生Ｅ
「ごめんなさい、帰るところだったのね。\n　なら、また今度でも――」%K%P
「抱歉，我还是先回去吧。\n　那么，今天就这样吧——」%K%P
%LC陽菜
%LC阳菜
「遠慮しないで。なんでも聞いて」%K%P
「不用顾虑的，说说看吧」%K%P
%LC女学生Ｅ
%LC女学生Ｅ
「でも」%K%P
「但是」%K%P
%LC杏奈
%LC杏奈
「いいのいいの、なんでも聞いちゃって。\n　陽菜ちゃん、なんでも教えてくれるよ？」%K%P
「没事的没事的，说什么都会听的。\n　阳菜酱，她什么都能教哦？」%K%P
%LC陽菜
%LC阳菜
「わかる範囲で、だけど」%K%P
「在我知识范围内，都可以」%K%P
%LC女学生Ｅ
%LC女学生Ｅ
「陽菜さん、杏奈さん……。ありがとう」%K%P
「阳菜同学，杏奈同学……谢谢你们」%K%P
ふたりでそんなふうに言うと、\n声を掛けてきた子は、安堵した様子で息を吐く。%K%P
当听到我俩都这么说时，\n叫住我的学生松了一口气。%K%P
みんながみんな、\n積極的ってわけじゃないもんね。%K%P
并不是所有人，\n都对别人抱有恶意捏。%K%P
なら、思い切って声をかけてくれた勇気に、\n少しでも応えてあげないと。%K%P
所以，要有敢于说话的勇气，\n是可以更多地找我指导啦。%K%P
%LC陽菜
%LC阳菜
「私、もう少し指導していくね」%K%P
「那我，再稍微指导一会哦」%K%P
%LC杏奈
%LC杏奈
「うん。私、先に行って支度しとく。\n　陽菜ちゃんはどうぞごゆっくり」%K%P
「嗯。那我，先走一步去做点准备。\n 阳菜酱不用着急，慢慢来哦」%K%P
コーチを終えて部室棟についたのは、\n杏奈ちゃんと別れてから約２０分後のこと。%K%P
我在指导完后来到了社团大楼，\n和杏奈酱分开了大约20分钟吧。%K%P
%LC陽菜
%LC阳菜
「少し遅くなっちゃったけど……」%K%P
「好像来的有点晚了……」%K%P
%LC？？？
%LC？？？
「やっ、だめっ、だめですってばっ」%K%P
「咿呀~不行~这样不行的呀~~」%K%P
%LC陽菜
%LC阳菜
「……へ？」%K%P
「……欸？」%K%P
なんかいま、悲鳴みたいな声が――、%K%P
听起来，好像有人在悲鸣啊――%K%P
%LC杏奈
%LC杏奈
「ちょっ、ほんとダメですっ、\n　堪忍してくださいぃぃっ」%K%P
「等……真的不行的啦~\n 请忍耐一下吧~~~~」%K%P
間違いない。これ、杏奈ちゃんの声だ。%K%P
错不了，这个，是杏奈酱的声音。%K%P
しかも、乙女部の部室内から――って、\n悲鳴上げるなんて、なにかあったんじゃっ……！？%K%P
而且，是从少女部的部室里——啊，\n在这里悲鸣，难不成出事了……！？%K%P
%LC陽菜
%LC阳菜
「杏奈ちゃん大丈夫っ？！」%K%P
「杏奈酱没事吧？！」%K%P
%LC陽菜
%LC阳菜
「…………え」%K%P
「…………欸」%K%P
なんか、思ってたのと全然違う光景が――、%K%P
不知怎的，场面和我想象的完全不一样――%K%P
%LC杏奈
%LC杏奈
「陽菜ちゃん助けてぇっ」%K%P
「阳菜酱快救救我~~~」%K%P
%LC美実
%LC美实
「こぉーら、逃げるなっ。\n　往生際悪いぞー？」%K%P
「过来啦，别想跑呢。\n 不然不客气了哦——？」%K%P
%LCクレール
%LC克莱尔
「そうそう、ぬぎぬぎしましょ？\n　お手伝いしてあげる」%K%P
「对呀对呀~快点脱了吧~？\n　我来帮你解开哦~」%K%P
%LC杏奈
%LC杏奈
「だめっ、だめですっ。\n　今日の下着あんま可愛くないのでっ」%K%P
「不要，不要啊！\n 今天的内衣不可爱的呀！」%K%P
あ、問題はそこなんだ――じゃなくってっ……！%K%P
啊，所以这里没出事——不是，好像又有事……！%K%P
%LC陽菜
%LC阳菜
「お邪魔しましたっ！」%K%P
「额……抱歉打扰了！」%K%P
%LC陽菜
%LC阳菜
「はぁ……びっくりしたぁ……」%K%P
「哈啊……吓死我了啊……」%K%P
てっきり部室に虫が出たとか、\nそんな感じのトラブルだと思ったのに。%K%P
”部室里进昆虫了“……\n我还以为是类似的问题呢……%K%P
一体なんであんなことに……っていうか、\nなにをどうしたら、ああいう展開になるんだろう。%K%P
这到底发生什么了……我的意思是，\n我看不懂她们在干嘛，所以我该怎么办呢。%K%P
%LC杏奈
%LC杏奈
「うぅ、陽菜ちゃんお願い、助けてぇ」%K%P
「呜呜呜，阳菜酱求你了，救救我~~~」%K%P
%LC陽菜
%LC阳菜
「そう言われても……」%K%P
「就算你这么说……」%K%P
経緯はちっともわからないけど、\n杏奈ちゃんが困っているのだけはわかる。%K%P
虽然不知道到底怎么回事，\n但现在杏奈酱是真的有麻烦。%K%P
わかるけど、いま部室に入るのは――、%K%P
我知道了，我必须要进部室――%K%P
%LC杏奈
%LC杏奈
「きゃっ、ちょっ、クレール様、\n　そこさわっちゃ……やぁんっ」%K%P
「咿呀~~等……克莱尔大人，\n 这里不行……咿呀啊啊啊~~~」%K%P
%LCクレール
%LC克莱尔
「でもほら、私たちも脱いでるでしょ？」%K%P
「但是你看，我们都脱光光了哟？」%K%P
%LC杏奈
%LC杏奈
「だから今日のは可愛くないんですっ。\n　可愛ければいくらでも脱ぎますからっ」%K%P
「我都说了今天的不可爱啦。\n 要是可爱的话我会脱的啦！」%K%P
%LC美実
%LC美实
「私たちはね、今日この瞬間の、\n　杏奈の下着が知りたいの」%K%P
「我们两个呢，今天！现在！\n 就要知道杏奈的内衣好不好看！」%K%P
%LC杏奈
%LC杏奈
「はんっ、やっ、指っ……ちょっ、だめっ」%K%P
「哈啊，不要，手指在……等……不要啊！」%K%P
%LC杏奈
%LC杏奈
「うぅぅ、陽菜ちゃん、陽菜ちゃぁんっ。\n　たすけっ……やんっ、たすけてぇっ」%K%P
「呜呜呜，阳菜酱……阳菜酱！！\n 救救……呀啊，救救我啊」%K%P
%LC美実
%LC美实
「んふふっ、助けはこないみたいだよー？\n　陽菜ちゃんってば薄情だねぇー？」%K%P
「唔呼呼，怎么呼救都是没用的哟——？\n 阳菜酱真是薄情捏——？」%K%P
%LC陽菜
%LC阳菜
「ぐぅっ……」%K%P
「咕呜呜……」%K%P
そりゃオレだって助けに入りたいけど、\nあの状況に飛び込んでいくのは――、%K%P
我其实真的想帮忙，\n但我并不想也被拖下水――%K%P
%LC美実
%LC美实
「そういえば陽菜ちゃんね、\n　今朝うちの妹のおっぱい揉んだんだよ」%K%P
「话说回来阳菜酱她，\n 今早把我妹妹的胸揉了个遍哦」%K%P
%LC杏奈
%LC杏奈
「えっ、梨理ちゃんのっ？」%K%P
「欸，梨理酱被？」%K%P
%LC美実
%LC美实
「そっ。もうね、こんな感じで、やらーしく、\n　こねまわすように、もみもみぃーって」%K%P
「对。就像这样，这种感觉，慢慢地，\n　揉捏着揉捏着，噗撸噗撸~~~~」%K%P
%LC杏奈
%LC杏奈
「きゅあうぅっ氈v%K%P
「咿呀啊啊啊啊啊」%K%P
%LC陽菜
%LC阳菜
%XS21「こねまわしてませんからっ！！」%XE%K%P
%XS21「我根本没揉捏过啦！！」%XE%K%P
――――あ。%K%P
――――啊。%K%P
%LC美実
%LC美実
「いらっしゃい陽菜ちゃん。\n　ドア、ちゃんと閉めてね」%K%P
「欢迎光临哦阳菜酱。\n 门，记得要关上捏~」%K%P
%LC陽菜
%LC阳菜
「あっ、はい」%K%P
「啊，好的」%K%P
勢い任せに飛び込んだものの、目の前の光景に\n再び固まり、言われるままドアを閉めるオレ。%K%P
我用尽全力冲了进去，但看到的第一幕……\n就把我僵住了，于是我按照吩咐，出去，关上了门。%K%P
って、そうじゃなくてっ……！%K%P
等等，为什么会这样啊……！%K%P
しっかりしろ、空木日向っ……！！%K%P
振作起来，空木日向……！！%K%P
こういうときこそ、深呼吸して――、%K%P
这种时候，先做个深呼吸――%K%P
%LC陽菜
%LC阳菜
「いたいけな後輩を弄ぶだなんて、それでも\n　{騎士道:シュバルリィ}を尊ぶ銀蘭の{騎士:ワルキュリア}ですかっ！」%K%P
「在别人不情愿的情况下如此玩弄自己的学妹，\n 这难道就是，尊重{骑士道:Chivalry}的银兰的{骑士:Valkyria}吗！」%K%P
%LC陽菜
%LC阳菜
%XS21「いますぐ杏奈ちゃんを離してくださいっ！！」%XE%K%P
%XS21「现在，给我把杏奈酱放开！！」%XE%K%P
コンサートホールで公演するソリストの如く、\nあらん限りに声を張る。%K%P
就像在音乐厅里表演的独奏家一样，\n我尽自己所能地大声说话。。%K%P
後日聞いた話だと、このときのオレの声は、\n部室棟全体に響き渡っていたとのことだった。%K%P
后来我听说，我当时的声音，\n响彻了整个社团大楼。%K%P
%LC美実
%LC美实
「ふたりとも、ごめんなさい」%K%P
「两位，我很抱歉」%K%P
%LCクレール
%LC克莱尔
「私もごめんなさい。\n　杏奈ちゃんの反応が可愛くて、つい」%K%P
「我也是，非常抱歉。\n 因为杏奈酱的反应太可爱了，所以……」%K%P
%LC陽菜
%LC阳菜
「ホントにもう……」%K%P
「你们真的是……」%K%P
場を収めた後、ちゃんと制服を着てもらって、\nようやく話せる状態になった。%K%P
我收回气场后，她们都穿好了制服，\n终于是可以好好说话的状态了。%K%P
にしても、イメージ通りの美実様はともかく、\nクレール様まで弄ぶ側に回っちゃうだなんて。%K%P
不过话说回来，印象中的美实大人可能会这么玩，\n但为什么克莱尔大人也会这么玩呀。%K%P
意外に茶目っ気があるというか、奔放というか。%K%P
看来意外的很调皮呢，或者说很奔放。%K%P
%LC陽菜
%LC阳菜
「けど、どうしてあんなことに……」%K%P
「不过，为什么在这做……」%K%P
%LC美実
%LC美实
「最初はクレールと、\n　下着についてお喋りしてたんだよね」%K%P
「一开始我和克莱尔，\n 一直在讨论关于内衣的事呢」%K%P
%LC美実
%LC美实
「で、海外ってサイズの表記違うんだ？\n　みたいな話になって」%K%P
「额，比如“海外的尺码是不一样的”，\n 就聊了像这样的话题」%K%P
%LCクレール
%LC克莱尔
「興味があるなら見てみる？　って、\n　私が先に脱いじゃったの」%K%P
「感兴趣的话就想看一看嘛。 然后，\n 我就先脱了衣服」%K%P
%LC美実
%LC美实
「それなら私もってことで、一緒に脱いで」%K%P
「她都这样了，那我肯定也要一起脱啊」%K%P
%LCクレール
%LC克莱尔
「そうしたら、そこに杏奈ちゃんが来て」%K%P
「然后嘛，杏奈酱在这时候进来了」%K%P
%LC杏奈
%LC杏奈
「部室入ったら二人とも下着なんだもん。\n　驚いてたら、脱ぎましょー？　って襲われて」%K%P
「进来时看见两人只穿着内衣。\n 真的吓我一跳，结果她们来了句“你也脱了吧——？“\n 然后就把我按倒了」%K%P
%LC美実
%LC美实
「最初はホントに冗談のつもりだったんだよ？」%K%P
「一开始这真的只是个玩笑哦」%K%P
%LC美実
%LC美实
「でも、杏奈の抵抗がすごいっていうか、\n　上手いっていうか。これが捕まらなくって」%K%P
「但是，杏奈的抵抗真的很顽强啊，\n 如果不把她按住，真的没法抓到她」%K%P
%LC美実
%LC美实
「巧みにこっちの手から逃げるもんだから、\n　そのうち、だんだん本気になっちゃって」%K%P
「她总是很巧妙地逃开了我的抓捕，\n 所以最后，我就不小心上头了」%K%P
%LCクレール
%LC克莱尔
「美実相手に１０分近く逃げてたかしら。\n　私、思わず見入っちゃったもの」%K%P
「她和美实”猫抓老鼠“了将近10多分钟呢。\n 所以我，忍不住也加入了」%K%P
%LC杏奈
%LC杏奈
「けど、結局はスタミナ切れて、\n　捕まっちゃって……。で、あんな感じに」%K%P
「然后，结局就是我精疲力竭了，\n 就被抓住了……嗯，就是这样了」%K%P
%LC陽菜
%LC阳菜
「いや、充分すごいってば」%K%P
「呀啊，这还真是厉害啊」%K%P
部室はそれほど広くはないし、\n壁際に追い詰められることもあったはず。%K%P
部室的空间并不大，\n被逼到墙角是很容易的。%K%P
そんな条件で、依夜様と比肩する美実様相手に\n逃げ続けるなんて、なかなか出来ることじゃない。%K%P
在这种条件下，从比肩依夜大人实力的美实大人手中，\n连续地逃离抓捕，那确实很不容易。%K%P
%LC杏奈
%LC杏奈
「陽菜ちゃんとの練習の成果かも。\n　前に比べて、思ったように身体が動くから」%K%P
「多亏了和阳菜酱的训练成果。\n 和之前相比，在思考之前身体就已经能做反应了」%K%P
%LC陽菜
%LC阳菜
「コーチを始めたの、昨日だよ？\n　それで成果って言われても」%K%P
「我昨天才开始指导的对吧？\n 现在说是成果还早呢」%K%P
%LC美実
%LC美实
「おかしなことはないと思うけど？\n　それって、気付き、ってやつでしょ？」%K%P
「我就说怎么突然就这么强了？\n 不过，这就是练习的意义所在，不是吗？」%K%P
%LC美実
%LC美实
「杏奈みたいなタイプって、\n　ある日突然覚醒しちゃうんだよねぇ」%K%P
「或许杏奈的类型就是，\n 某日突然会觉醒的那种呢」%K%P
%LC杏奈
%LC杏奈
「ですかね？　私、強くなってますかね？」%K%P
「好像是捏？　我，其实很强对吧？」%K%P
%LC美実
%LC美实
「うんうん。じゃ、試してみよっか」%K%P
「嗯嗯。那，来测试一下吧」%K%P
%LC陽菜
%LC阳菜
「試すって、まさか――」%K%P
「测试，难不成——」%K%P
%LC美実
%LC美实
「ねぇ杏奈ちゃん。\n　陽菜ちゃんの下着に興味ある？」%K%P
「呐杏奈酱。\n 你对阳菜酱穿的内衣感兴趣不？」%K%P
%LC杏奈
%LC杏奈
「ありますっ！」%K%P
「感兴趣！」%K%P
――イヤな予感、的中。%K%P
——不好的预感，果然是这样。%K%P
%LC杏奈
%LC杏奈
「ごめんね陽菜ちゃん。\n　これも練習の一環だと思って……ね？」%K%P
「抱歉捏阳菜酱。\n 这也是练习的一环对吧……呐？」%K%P
%LC陽菜
%LC阳菜
「こんな練習教えてないからっ」%K%P
「这种练习我没教过吧」%K%P
%LC杏奈
%LC杏奈
「でも、私たちは下着を見られたのに、\n　陽菜ちゃんだけ脱いでないし」%K%P
「但是，都把我们的内衣看光了，\n 就阳菜酱你还没有脱呢」%K%P
%LC陽菜
%LC阳菜
「そうだけどっ……」%K%P
「话是这么说……」%K%P
%LC杏奈
%LC杏奈
「だから、ね？　いいよね？」%K%P
「所以说，呐？　可以的吧？」%K%P
%LC陽菜
%LC阳菜
「よくないですっ」%K%P
「不要这样啊」%K%P
%LC杏奈
%LC杏奈
「そう言わずにっ……！」%K%P
「不  要  这  样  说  哦  ……！」%K%P
%LC陽菜
%LC阳菜
「くっ……！」%K%P
「咕……！」%K%P
正面から飛びついてきた杏奈ちゃんを、\nしっかり引きつけ、横っ飛びで躱す。%K%P
杏奈酱直接从正面飞扑而来，\n我连忙侧身躲闪，把她放过去。%K%P
オレだって脱げるものなら脱いであげたいけど、\nそんなことしたら女装バレ間違いなしだし。%K%P
如果我能脱掉我早就想脱掉了，\n但现在这样肯定会被发现女装的。%K%P
っていうか、あんまり激しく動くと、\nスカートめくれて、それも危ない――、%K%P
而且，运动的如此激烈，\n裙子很容易翻起来，这也是很“危险”的――%K%P
%LC杏奈
%LC杏奈
「せいっ！」%K%P
「在这！」%K%P
%LC陽菜
%LC阳菜
「なんのっ」%K%P
「做梦！」%K%P
%LC杏奈
%LC杏奈
「なら……こうっ！」%K%P
「那么……再来！」%K%P
%LC陽菜
%LC阳菜
「あまいっ」%K%P
「天真！」%K%P
%LC杏奈
%LC杏奈
「こっち、と見せかけ……やっぱこっち！」%K%P
「这里，看到了吗……其实在这！」%K%P
%LC陽菜
%LC阳菜
「あぶっ……！？」%K%P
「差点就……！？」%K%P
シンプルなフェイントに引っかかりそうになって\n冷や汗をかく。%K%P
她使了一个简单的佯攻，\n差点让我惊出一身冷汗。%K%P
捕まったら脱がされる。%K%P
追过来了我就逃。%K%P
捕まったら脱がされる。%K%P
追过来了我再逃。%K%P
捕まったら脱がされる捕まったら脱がされる捕まったら脱がされる捕まったら脱がされる捕まったら脱がされ――、%K%P
你追我逃你追我逃你追我逃你追我逃你追我逃你追我逃――%K%P
なんとしても逃げ切らねばっ……！%K%P
绝不能被抓到……！%K%P
%LCクレール
%LC克莱尔
「ひーなーちゃんっ」%K%P
「阳~菜~酱~」%K%P
%LC陽菜
%LC阳菜
「いっ……！？」%K%P
「咿……！？」%K%P
いきなり身体が動かなくなって、\nなにごとかと思ったらクレール様だった。%K%P
突然身体动不了了，\n想都不用想，是克莱尔大人把我抱住了。%K%P
いつのまに後ろに……っていうか、\nこのハグ、抜けないっ……？%K%P
不知不觉她绕到我后边……也就是说，\n她死死地抱住了我，我竟然挣脱不掉……？%K%P
%LCクレール
%LC克莱尔
「女の子同士、下着ぐらい、ね？」%K%P
「呼呼~都是女孩子，看看内衣嘛，呐？」%K%P
そりゃオレが女の子だったら、\nいくらでも見せてあげるけどっ……！%K%P
如果我真是女孩子，\n我会给你看的啦……！%K%P
%LC陽菜
%LC阳菜
「っていうかクレール様、胸、胸がっ……」%K%P
「话说回来克莱尔大人，胸，胸部呀……」%K%P
%LCクレール
%LC克莱尔
「ぎゅー氈v%K%P
「啾~~~」%K%P
%LC陽菜
%LC阳菜
「うわっはぁっ」%K%P
「呜哇啊啊~~」%K%P
当たってますよって教えたのに、\nなおさら押しつけられて変な声が出た。%K%P
我提醒了一下，结果她压得更近了，\n顶不住啊，我不小心发出了一声娇息。%K%P
梨理ちゃんといいクレール様といい、\nなんでこうも押しつけたがるのっ……！？%K%P
梨理酱也好克莱尔大人也好，\n你们都喜欢压胸的感觉吗……！？%K%P
ってか、このままだと下着以上にマズいものを\nお披露目しちゃうハメにっ……！%K%P
现在，如果再不想想办法，\n就不只是露下内衣这么简单的事了……！%K%P
くうっ……こうなったら仕方ない、全力で――、%K%P
咕呜……现在没其他办法了，用尽全力――%K%P
%LC陽菜
%LC阳菜
「ぐぅぅぅぅッ……！！」%K%P
「咕呜呜呜呜……！！」%K%P
%LCクレール
%LC克莱尔
「わっ、陽菜ちゃんってば力持ちっ」%K%P
「哇啊，阳菜酱突然用力了哦」%K%P
%LC陽菜
%LC阳菜
「ひっ……」%K%P
「咿……」%K%P
クレール様の楽しげな反応に、\n一瞬で身体が強張る。%K%P
克莱尔大人喜悦的反应，\n让我的身体瞬间绷紧了。。%K%P
全力で挑めば抜けられそうだけど、\nそんなことしたら逆に怪しまれかねない。%K%P
如果尽力挣脱或许能够逃脱，\n但这样可能会被怀疑的。%K%P
っていうか全力出さないと抜けられないとか、\nクレール様って、いったい――、%K%P
但不尽力挣脱根本逃不掉，\n克莱尔大人，你的力量为什么——%K%P
%LC杏奈
%LC杏奈
「じゃあ、まずはブラから」%K%P
「那么，首先是胸罩啦」%K%P
%LC陽菜
%LC阳菜
「あっ……」%K%P
「额啊……」%K%P
杏奈ちゃんの手が制服にかかった瞬間、\nなんか妙な気持ちが湧き上がって声が漏れた。%K%P
当杏奈酱的手摸到我制服的瞬间，\n一种奇怪的感觉涌上我的心头，声音也漏了出来。%K%P
どうしよう、どうしようどうしよう――、%K%P
怎么办啊，怎么办怎么办怎么办――%K%P
%LC睦月
%LC睦月
「失礼します」%K%P
「打扰了」%K%P
%LC杏奈
%LC杏奈
「あっ、睦月ちゃん」%K%P
「啊，睦月酱」%K%P
え？%K%P
欸？%K%P
……え？%K%P
……欸？%K%P
%LC陽菜
%LC陽菜
「み――」%K%P
「不要——」%K%P
%LC睦月
%LC睦月
「み？」%K%P
「不要？」%K%P
%LC陽菜
%LC陽菜
%XS21「見ちゃだめええええっ！！！」%XE%K%P
%XS21「不要看过来啊啊啊啊！！！」%XE%K%P
%LC睦月
%LC睦月
「――ふふっ、なるほど。\n　そういう経緯だったんですね」%K%P
「——呼呼，原来如此。\n 看来错过了有趣的事呢」%K%P
%LC陽菜
%LC阳菜
「ごめんね、驚かせて……」%K%P
「抱歉呢，刚刚应激了……」%K%P
事情を説明すると、\nつーちゃんはあっさり納得してくれた。%K%P
解释完情况时，\n睦酱很轻易地接受了。%K%P
この点に関しては、部長の美実様いわく、\n乙女部では日常茶飯事なことだから――らしい。%K%P
关于这一点，作为部长的美实大人也解释了，\n在少女部里这种事是家常便饭了――你最好是……%K%P
制服を脱がすのが日常って……。\n仮入部とはいえ、すごい部に入ってしまった。%K%P
像互扒衣服这种也是“日常”的说……\n还好是临时入部，这里太恐怖了。%K%P
%LC美実
%LC美实
「それで睦月ちゃん、ご用件は？」%K%P
「所以睦月酱，需要什么吗？」%K%P
%LC睦月
%LC睦月
「これを料理部の方から預かってきました。\n　この前のお礼、だそうです」%K%P
「料理社那边受到了你们很多照顾。\n 所以这次，是专程过来感谢你们的」%K%P
睦月ちゃんが差し出したのは、\n簡素にラッピングされたクッキーだった。%K%P
睦月酱拿出了东西，\n是一盒简单包装过的饼干。%K%P
杏奈ちゃんがさっき言っていた、\n他の部からの差し入れってところだろう。%K%P
杏奈酱之前好像也提到过，\n应该是另一个部送来的礼物。%K%P
%LC美実
%LC美实
「ありがと、届けてくれて」%K%P
「谢谢，我们收下了」%K%P
%LC睦月
%LC睦月
「いえ。ちょうど近くに用もあったので」%K%P
「不用客气，对了要尽快食用哦」%K%P
%LC睦月
%LC睦月
「では、私はこれで――」%K%P
「那么，我就先——」%K%P
%LC美実
%LC美实
「あっ、待って待って。睦月ちゃん、\n　いまってどんな下着つけてる？」%K%P
「啊，等等等等。睦月酱，\n 你现在穿的是什么内衣呀？」%K%P
%LC陽菜
%LC阳菜
「ちょっ、美実様っ」%K%P
「等……美实大人！」%K%P
%LC睦月
%LC睦月
「くすっ、別に構わないですよ？　下着ぐらい」%K%P
「呼呼，这没多大关系的哦？　只是说下内衣嘛」%K%P
%LC陽菜
%LC阳菜
「え」%K%P
「欸」%K%P
%LC睦月
%LC睦月
「今日は……白、ですね。\n　少し前に出たルカーリオの新作です」%K%P
「今天的话……是白色的捏。\n 是不久前卢卡利奥的新款……」%K%P
制服の胸元部分にすっと指を入れて、\n覗き込むように確かめ、そんなふうに告げる。%K%P
她用手指把制服拉开一点，露出了一点内衣，\n似乎是想让我们都能看到，然后，她介绍起来。%K%P
%LC睦月
%LC睦月
「では、私はこれで。ごきげんよう」%K%P
「那么，我就先走了。贵安各位」%K%P
にこっと微笑み、つーちゃん、優雅に退場。%K%P
始终保持着微笑，睦酱，就这样优雅的退出去了。%K%P
%LC杏奈
%LC杏奈
「はぁー、さっすが{歌姫:ディーバ}……」%K%P
「哈啊——不愧是{歌姫:Diva}……」%K%P
ほうっと息を吐く杏奈ちゃんに、\n心の底から同意しかない。%K%P
叹了口气的杏奈酱如此说道，\n我也从心底感到认同。%K%P
女装バレのピンチだったとはいえ、\nわたわたしまくりだったオレとは正反対だ。%K%P
落落大方的她，和害怕女装样子暴露的我，\n形成了鲜明对比。%K%P
%LC美実
%LC美实
「っと、じゃあさっそく――」%K%P
「啊，那么赶紧吧——」%K%P
%LC美実
%LC美实
「はい、陽菜ちゃん。\n　いま貰ったクッキー、どうぞ召し上がれ」%K%P
「给你，阳菜酱。\n 刚刚收到的饼干，拿着吃了吧」%K%P
%LC陽菜
%LC阳菜
「いいんですか？」%K%P
「这真的好吗？」%K%P
%LC美実
%LC美实
「もちろん。陽菜ちゃんも、\n　我が乙女部の一員なんだから」%K%P
「那当然，阳菜酱你也\n 是我们少女部的一员呀」%K%P
%LC美実
%LC美实
「それに、お腹空いてたんでしょ？」%K%P
「而且，你很饿了不是吗？」%K%P
そう言ってクッキーを差し出す美実様の隣で、\n杏奈ちゃんがうんうんと頷く。%K%P
在说着把饼干给我的美实大人身边，\n杏奈酱向我点了点头。%K%P
どうやら、この部室にオレが訪れることや\nその理由は、ちゃんと伝わっていたらしい。%K%P
显然，我要来部室玩的原因，\n杏奈酱她，显然是已经告诉她们了。%K%P
伝わっていてアレなんだから、\nそれはそれで問題ある気もするけど。%K%P
既然她们已经知道了，\n那拿来吃应该没什么问题了。%K%P
%LC美実
%LC美实
「せっかくだし、お茶も淹れたげる」%K%P
「吃饭也是大事，我来泡壶茶吧」%K%P
なんて言って、支度を始める美実様。%K%P
这么说着，然后准备茶具的美实大人%K%P
慣れている感じからして、\nこれもいつものことみたいだ。%K%P
感觉她好像习惯了，\n似乎会主动去做这些事呢。%K%P
%LC美実
%LC美实
「今日は散々困らせちゃったからね。\n　あと、今朝のお礼もしたかったし」%K%P
「今天还是给你造成了很多的困扰呢。\n 以及，这算是对今早的感谢哦。」%K%P
%LCクレール
%LC克莱尔
「今朝のお礼？」%K%P
「对今早的感谢？」%K%P
%LC美実
%LC美实
「妹の朝練に付き合ってくれたの。\n　ほんと、ありがと。陽菜ちゃん」%K%P
「今早她和我妹一起晨练了。\n 真的，非常谢谢你，阳菜酱」%K%P
%LC陽菜
%LC阳菜
「ん……」%K%P
「嗯……」%K%P
てっきりからかってくると思っていたら、\n素直に感謝されてしまい、反応に困る。%K%P
还以为会被她一直嘲笑，\n但现在她如此真诚地感谢，我有点不知所措。%K%P
%LC美実
%LC美实
「そういや、さっきちらっと言ってたけど。\n　陽菜ちゃん、杏奈のコーチしてるの？」%K%P
「啊对了，刚刚好像提到过。\n 阳菜酱，在指导杏奈对吧？」%K%P
%LC陽菜
%LC阳菜
「はい。今朝トレーニングルームに居たのも、\n　そのための下見みたいなもので」%K%P
「是啊。今天早上我去训练场里，\n 也是为了提前查看下情况。」%K%P
%LC美実
%LC美实
「ってことは、二人で朝練するんだ？」%K%P
「也就是说，你俩想要在早上练习是吧？」%K%P
%LC杏奈
%LC杏奈
「試験の日まで、ですけど」%K%P
「毕竟，测试的日子快到了」%K%P
%LC杏奈
%LC杏奈
「さすがにそれ以上もってなると、\n　陽菜ちゃんに負担掛かっちゃうので」%K%P
「我其实也在想，这样拜托阳菜酱，\n好像会给她造成负担呢。」%K%P
%LC美実
%LC美实
「気合い入ってるねぇ」%K%P
「但你也没客气捏」%K%P
%LC杏奈
%LC杏奈
「えへへっ。実は明日のお休みも、\n　二人で練習する予定なんです」%K%P
「欸嘿嘿，其实是想着明天是休息日，\n 所以才想着约定两人一起练习」%K%P
%LC美実
%LC美实
「ならそれ、私も手伝ってあげよっか」%K%P
「这样的话，那我也来帮忙吧」%K%P
%LC杏奈
%LC杏奈
「手伝うって……美実様が、ですかっ？」%K%P
「帮忙……美实大人，也来吗？」%K%P
%LC美実
%LC美实
「うん。明日は用事もないし」%K%P
「嗯，明天没啥事干」%K%P
%LC美実
%LC美实
「ただ、二人きりがいいっていうなら、\n　邪魔しないでおくけど」%K%P
「不过，如果你们是想二人独处，\n 那我就不打扰了」%K%P
%LC杏奈
%LC杏奈
「いえいえ、そんなそんなっ。\n　いいよね？　陽菜ちゃん」%K%P
「不不，没有的事。\n　你说可以吧？　阳菜酱」%K%P
%LC陽菜
%LC阳菜
「うん。というか、ぜひ」%K%P
「嗯，还不如说，请一定来」%K%P
美実様の実力は折り紙付きだし、\n普段どんなトレーニングをしてるのか興味もある。%K%P
美实大人的实力是毋庸置疑的，\n所以我也想看看她平时会进行怎样的训练。%K%P
%LCクレール
%LC克莱尔
「ねえ、その練習って、\n　私も見に行って構わない？」%K%P
「呐，那个练习，\n 我能不能也一起去看看？」%K%P
%LC陽菜
%LC阳菜
「それは、もちろん。\n　ただ、退屈させてしまうかも……」%K%P
「那当然可以呢。\n 不过，可能很枯燥的哦……」%K%P
{舞闘:カデンツァ}に限ったことじゃないけれど、\n本番に比べると、練習風景って地味なものだし。%K%P
比起投影设施齐全的{舞斗:华彩乐}，\n这次只是练习，对于看的人而言还是很沉闷的。%K%P
%LCクレール
%LC克莱尔
「それなら大丈夫。\n　興味があるから見に行くんだもの」%K%P
「这个没关系的。\n 因为感兴趣所以才会想看嘛」%K%P
%LCクレール
%LC克莱尔
「それにお休みの日って、\n　食堂はやっていないでしょう？」%K%P
「而且明天是休息日，\n 食堂那边是不开放的吧？」%K%P
%LCクレール
%LC克莱尔
「寮のお台所を借りて、\n　差し入れ、作っていくわね」%K%P
「我可以借用宿舍的灶台，\n 来给你们做点好吃的呢」%K%P
%LCクレール
%LC克莱尔
「陽菜ちゃん、食べ盛りみたいだし」%K%P
「阳菜酱，还在长身体的阶段吧」%K%P
%LC陽菜
%LC阳菜
「あ……」%K%P
「啊……」%K%P
気付けば結構なペースでクッキーを食べていた\nオレを見て、クレール様がくすっと笑う。%K%P
看着快速吃着饼干的我，\n克莱尔大人对我笑了笑。%K%P
食い意地が張ってるつもりはないんだけど、\n無意識だったので、かなり恥ずかしかった。%K%P
因为真的太饿了所以吃的很快，\n当我反应过来时，还挺羞愧的。%K%P
