――銀蘭にやってきて、今日で５日。%K%P
――銀蘭にやってきて、今日で５日。%K%P
初日は寝起きに鏡を見たあと少し固まって、\n状況を思い出すまでラグがあったりした女装生活。%K%P
初日は寝起きに鏡を見たあと少し固まって、\n状況を思い出すまでラグがあったりした女装生活。%K%P
でも、今朝なんて違和感を覚えるどころか、\n少しハネたウィッグをブラッシングまでしたりして。%K%P
でも、今朝なんて違和感を覚えるどころか、\n少しハネたウィッグをブラッシングまでしたりして。%K%P
人間、なんにでも少しずつ慣れていくものらしい。%K%P
人間、なんにでも少しずつ慣れていくものらしい。%K%P
ただ、それが良いことなのかって言われると、\nちょっと困るところではあるんだけど。%K%P
ただ、それが良いことなのかって言われると、\nちょっと困るところではあるんだけど。%K%P
%LC３年生Ａ
%LC３年生Ａ
「私、速攻が苦手なの。\n　なにかいい方法はないかしら」%K%P
「私、速攻が苦手なの。\n　なにかいい方法はないかしら」%K%P
%LC陽菜
%LC陽菜
「無理に速攻にこだわることはないです」%K%P
「無理に速攻にこだわることはないです」%K%P
%LC陽菜
%LC陽菜
「{舞闘:カデンツァ}は時間無制限一本勝負。\n　焦る必要はないですから」%K%P
「{舞闘:カデンツァ}は時間無制限一本勝負。\n　焦る必要はないですから」%K%P
%LC陽菜
%LC陽菜
「自分のペースを崩さず立ち回って、\n　相手を焦らすぐらいでいきましょう」%K%P
「自分のペースを崩さず立ち回って、\n　相手を焦らすぐらいでいきましょう」%K%P
%LC３年生
%LC３年生
「相手を焦らす、か……。なるほど。\n　陽菜ちゃんってばテクニシャンねぇ」%K%P
「相手を焦らす、か……。なるほど。\n　陽菜ちゃんってばテクニシャンねぇ」%K%P
%LC陽菜
%LC陽菜
「その言い方は、ちょっと」%K%P
「その言い方は、ちょっと」%K%P
%LC３年生
%LC３年生
「うふっ、うふふっ」%K%P
「うふっ、うふふっ」%K%P
今日は補佐代理として、３年生の授業に出ている。%K%P
今日は補佐代理として、３年生の授業に出ている。%K%P
上級生が相手ってこともあって、\n始まる前はかなり緊張してたんだけど――、%K%P
上級生が相手ってこともあって、\n始まる前はかなり緊張してたんだけど――、%K%P
%LC美実
%LC美実
「陽菜っち陽菜っち、今日友達が休みなんだけど、\n　私とストレッチしよ？　ベタベタしーましょ？」%K%P
「陽菜っち陽菜っち、今日友達が休みなんだけど、\n　私とストレッチしよ？　ベタベタしーましょ？」%K%P
%LC３年生Ａ
%LC３年生Ａ
「美実ズルいっ！　私も陽菜ちゃんとしたいっ」%K%P
「美実ズルいっ！　私も陽菜ちゃんとしたいっ」%K%P
%LC３年生Ｂ
%LC３年生Ｂ
「陽菜さん、私ともベタベタしましょ？」%K%P
「陽菜さん、私ともベタベタしましょ？」%K%P
%LC３年生Ｃ
%LC３年生Ｃ
「わたくしとも是非お願いしますっ」%K%P
「わたくしとも是非お願いしますっ」%K%P
%LC陽菜
%LC陽菜
「えええええっ？」%K%P
「えええええっ？」%K%P
――と、開始早々、美実様のおかげで、\n上級生の方々と一気に打ち解けることができた。%K%P
――と、開始早々、美実様のおかげで、\n上級生の方々と一気に打ち解けることができた。%K%P
もちろん、ストレッチはどうにか逃げたけど。%K%P
もちろん、ストレッチはどうにか逃げたけど。%K%P
ちなみに姉さんに聞いてみたところ、\n美実様はやっぱり強かった。%K%P
ちなみに姉さんに聞いてみたところ、\n美実様はやっぱり強かった。%K%P
銀蘭祭の{舞闘:カデンツァ}に出場できるのは、\n各学年の成績上位２名ずつ、なんだけど――、%K%P
銀蘭祭の{舞闘:カデンツァ}に出場できるのは、\n各学年の成績上位２名ずつ、なんだけど――、%K%P
美実様は去年、依夜様に次ぐ成績を収め、\n銀蘭祭の{舞闘:カデンツァ}に出場したそうだ。%K%P
美実様は去年、依夜様に次ぐ成績を収め、\n銀蘭祭の{舞闘:カデンツァ}に出場したそうだ。%K%P
そんなふたりは、学生の間でとても人気がある。%K%P
そんなふたりは、学生の間でとても人気がある。%K%P
{最優秀騎士:ブリランテ}の依夜様は、\n周囲から敬愛をもって慕われる高嶺の花。%K%P
{最優秀騎士:ブリランテ}の依夜様は、\n周囲から敬愛をもって慕われる高嶺の花。%K%P
対して美実様は、気さくでフレンドリー、\n誰とでも距離が近いコミュ力の塊。%K%P
対して美実様は、気さくでフレンドリー、\n誰とでも距離が近いコミュ力の塊。%K%P
対照的な二人だけど、仲が良いみたいで、\n授業中もけっこう話しているところを見掛けた。%K%P
対照的な二人だけど、仲が良いみたいで、\n授業中もけっこう話しているところを見掛けた。%K%P
%LC依夜
%LC依夜
「陽菜。この前の{舞闘:カデンツァ}のことで、\n　聞きたいことがあるのだけど――」%K%P
「陽菜。この前の{舞闘:カデンツァ}のことで、\n　聞きたいことがあるのだけど――」%K%P
%LC陽菜
%LC陽菜
「――なので、最後の薙ぎ払いを捌いたあと、\n　前に踏み込めたのは、咄嗟の思いつきというか」%K%P
「――なので、最後の薙ぎ払いを捌いたあと、\n　前に踏み込めたのは、咄嗟の思いつきというか」%K%P
%LC陽菜
%LC陽菜
「美実様との{舞闘:カデンツァ}を見学してなかったら、\n　私も、一旦後ろに下がっていたと思います」%K%P
「美実様との{舞闘:カデンツァ}を見学してなかったら、\n　私も、一旦後ろに下がっていたと思います」%K%P
%LC依夜
%LC依夜
「なるほど……。そういうことだったのね」%K%P
「なるほど……。そういうことだったのね」%K%P
%LC陽菜
%LC陽菜
「というか、すみません」%K%P
「というか、すみません」%K%P
%LC陽菜
%LC陽菜
「よく考えたら親善試合のときって、\n　私だけ依夜様の手の内を知ってたんですよね」%K%P
「よく考えたら親善試合のときって、\n　私だけ依夜様の手の内を知ってたんですよね」%K%P
%LC依夜
%LC依夜
「気にしないで、陽菜」%K%P
「気にしないで、陽菜」%K%P
%LC依夜
%LC依夜
「むしろ、一度見ただけで太刀筋を見切った、\n　その目の良さを誇るべきよ」%K%P
「むしろ、一度見ただけで太刀筋を見切った、\n　その目の良さを誇るべきよ」%K%P
%LC依夜
%LC依夜
「あの連携は密かに自信があったから。\n　私自身、そこに慢心もあったのだと思う」%K%P
「あの連携は密かに自信があったから。\n　私自身、そこに慢心もあったのだと思う」%K%P
%LC陽菜
%LC陽菜
「連携……ってことは、あの胴への薙ぎ払い、\n　布石だったってことですか？」%K%P
「連携……ってことは、あの胴への薙ぎ払い、\n　布石だったってことですか？」%K%P
%LC陽菜
%LC陽菜
「防がれた場合のことも計算して、反撃されたら、\n　さらにカウンターを狙えるように……？」%K%P
「防がれた場合のことも計算して、反撃されたら、\n　さらにカウンターを狙えるように……？」%K%P
%LC依夜
%LC依夜
「あ……」%K%P
「あ……」%K%P
%LC陽菜
%LC陽菜
「……すごいですね、依夜様」%K%P
「……すごいですね、依夜様」%K%P
%LC依夜
%LC依夜
「ん……。ありがとう、陽菜」%K%P
「ん……。ありがとう、陽菜」%K%P
%LC依夜
%LC依夜
「また闘う機会があれば、そのときは、\n　あなたのためだけに技を用意しておかないと」%K%P
「また闘う機会があれば、そのときは、\n　あなたのためだけに技を用意しておかないと」%K%P
これほどの実力者にそこまで言わせるなんて、\n嬉しくって小躍りしちゃいそうだ。%K%P
これほどの実力者にそこまで言わせるなんて、\n嬉しくって小躍りしちゃいそうだ。%K%P
もちろん、そんなことしたら目立つだけだから、\n心の中だけに留めておくけれど。%K%P
もちろん、そんなことしたら目立つだけだから、\n心の中だけに留めておくけれど。%K%P
その日は２年生のクラスでも、\n{騎士道:シュバルリィ}の授業があった。%K%P
その日は２年生のクラスでも、\n{騎士道:シュバルリィ}の授業があった。%K%P
といっても、こちらは座学。%K%P
といっても、こちらは座学。%K%P
騎士道にまつわる歴史を紐解いたり、\n行動規範としての騎士道精神を学ぶ授業だ。%K%P
騎士道にまつわる歴史を紐解いたり、\n行動規範としての騎士道精神を学ぶ授業だ。%K%P
これが、けっこう興味深い。%K%P
これが、けっこう興味深い。%K%P
%LC宗千佳
%LC宗千佳
「――以上のように、騎士道と武士道には、\n　いくつもの共通点と相違点が存在する」%K%P
「――以上のように、騎士道と武士道には、\n　いくつもの共通点と相違点が存在する」%K%P
%LC宗千佳
%LC宗千佳
「武士は名誉や矜持を汚す行いをすれば、\n　士道不覚悟とされ、切腹を命じられた」%K%P
「武士は名誉や矜持を汚す行いをすれば、\n　士道不覚悟とされ、切腹を命じられた」%K%P
%LC宗千佳
%LC宗千佳
「だが、騎士道には切腹に相当する行為はない」%K%P
「だが、騎士道には切腹に相当する行為はない」%K%P
%LC宗千佳
%LC宗千佳
「無論、命を懸けて戦うことはあったが、\n　自らそれを絶つような真似は決してしなかった」%K%P
「無論、命を懸けて戦うことはあったが、\n　自らそれを絶つような真似は決してしなかった」%K%P
%LC宗千佳
%LC宗千佳
「これは宗教的に自殺を禁じているためで、\n　騎士道では、正しさを遵守する傾向が強い」%K%P
「これは宗教的に自殺を禁じているためで、\n　騎士道では、正しさを遵守する傾向が強い」%K%P
%LC宗千佳
%LC宗千佳
「自ら命を絶つことは、正しい行いではない。\n　命は、己が信じる正義を貫くためのものであると」%K%P
「自ら命を絶つことは、正しい行いではない。\n　命は、己が信じる正義を貫くためのものであると」%K%P
%LC宗千佳
%LC宗千佳
「武士道も騎士道も、守るべきものがある。\n　そのために命を賭す点は変わらない――」%K%P
「武士道も騎士道も、守るべきものがある。\n　そのために命を賭す点は変わらない――」%K%P
%LC宗千佳
%LC宗千佳
「と、少し早いが、今日はここまでにしよう」%K%P
「と、少し早いが、今日はここまでにしよう」%K%P
持っていたチョークを置き、姉さんが振り返る。%K%P
持っていたチョークを置き、姉さんが振り返る。%K%P
%LC宗千佳
%LC宗千佳
「では、余った時間で、\n　実技試験の説明をしておく」%K%P
「では、余った時間で、\n　実技試験の説明をしておく」%K%P
そう言うと、姉さんはプリントを配り始めた。%K%P
そう言うと、姉さんはプリントを配り始めた。%K%P
%LC宗千佳
%LC宗千佳
「開始が予定より遅れたが、２年生の試験は、\n　明日から順次、放課後を使って行う」%K%P
「開始が予定より遅れたが、２年生の試験は、\n　明日から順次、放課後を使って行う」%K%P
%LC宗千佳
%LC宗千佳
「日程と組み合わせについては、\n　いま配ったプリントに記載している」%K%P
「日程と組み合わせについては、\n　いま配ったプリントに記載している」%K%P
%LC宗千佳
%LC宗千佳
「事前に聞いた都合の悪い日時と被らないように\n　調整しているが、問題があれば申し出ること」%K%P
「事前に聞いた都合の悪い日時と被らないように\n　調整しているが、問題があれば申し出ること」%K%P
%LC陽菜
%LC陽菜
「あの、先生」%K%P
「あの、先生」%K%P
%LC宗千佳
%LC宗千佳
「なんだ、陽菜」%K%P
「なんだ、陽菜」%K%P
%LC陽菜
%LC陽菜
「私の名前がないんですけど……」%K%P
「私の名前がないんですけど……」%K%P
回ってきたプリントを確認したけれど、\nどこにも卯花陽菜の名前がない。%K%P
回ってきたプリントを確認したけれど、\nどこにも卯花陽菜の名前がない。%K%P
%LC宗千佳
%LC宗千佳
「当然だ。陽菜は試験に参加しない」%K%P
「当然だ。陽菜は試験に参加しない」%K%P
%LC杏奈
%LC杏奈
「じゃあ、陽菜ちゃんの{舞闘:カデンツァ}、\n　見られないってことですか……？」%K%P
「じゃあ、陽菜ちゃんの{舞闘:カデンツァ}、\n　見られないってことですか……？」%K%P
%LC宗千佳
%LC宗千佳
「そうなるな」%K%P
「そうなるな」%K%P
%LCクラスメート一同
%LCクラスメート一同
%XS21「「「「ええー！？」」」」%XE%K%P
%XS21「「「「ええー！？」」」」%XE%K%P
%LCクラスメートＡ
%LCクラスメートＡ
「私、楽しみにしてたのにぃ」%K%P
「私、楽しみにしてたのにぃ」%K%P
%LC宗千佳
%LC宗千佳
「そもそも陽菜は指南役補佐代理だぞ？\n　試験官が一緒にテストを受けてどうする」%K%P
「そもそも陽菜は指南役補佐代理だぞ？\n　試験官が一緒にテストを受けてどうする」%K%P
%LC宗千佳
%LC宗千佳
「それに、陽菜の実力は知っての通りだ。\n　いまさら試す必要もない」%K%P
「それに、陽菜の実力は知っての通りだ。\n　いまさら試す必要もない」%K%P
%LCクラスメート一同
%LCクラスメート一同
「「「「あー……」」」」%K%P
「「「「あー……」」」」%K%P
%LCクラスメートＢ
%LCクラスメートＢ
「まあ、それを言われてしまうと……」%K%P
「まあ、それを言われてしまうと……」%K%P
%LCクラスメートＡ
%LCクラスメートＡ
「んだねぇ……」%K%P
「んだねぇ……」%K%P
%LC陽菜
%LC陽菜
「むぅ……」%K%P
「むぅ……」%K%P
試験をするって聞いたときは、同い年の子と\n{舞闘:カデンツァ}が出来るって思ってたんだけど。%K%P
試験をするって聞いたときは、同い年の子と\n{舞闘:カデンツァ}が出来るって思ってたんだけど。%K%P
姉さんの言うことはもっともだし、\n今回は我慢するしかない、か……。はぅ。%K%P
姉さんの言うことはもっともだし、\n今回は我慢するしかない、か……。はぅ。%K%P
%LC杏奈
%LC杏奈
「あの、それじゃあ、\n　あっちはどうなるんですか？」%K%P
「あの、それじゃあ、\n　あっちはどうなるんですか？」%K%P
%LC杏奈
%LC杏奈
「陽菜ちゃんに投票しても、\n　意味ないってことですか？」%K%P
「陽菜ちゃんに投票しても、\n　意味ないってことですか？」%K%P
%LC宗千佳
%LC宗千佳
「ああ、アレか……。\n　あちらについては問題ない」%K%P
「ああ、アレか……。\n　あちらについては問題ない」%K%P
%LC宗千佳
%LC宗千佳
「あれは全学生が対象だからな。\n　当然、陽菜も含まれている」%K%P
「あれは全学生が対象だからな。\n　当然、陽菜も含まれている」%K%P
%LC杏奈
%LC杏奈
「よかったぁ……」%K%P
「よかったぁ……」%K%P
%LC宗千佳
%LC宗千佳
「私からは以上だ。不明な点があれば、\n　休み時間、職員室まで聞きにくるように」%K%P
「私からは以上だ。不明な点があれば、\n　休み時間、職員室まで聞きにくるように」%K%P
%LC宗千佳
%LC宗千佳
「明日からは試験で放課後は忙しくなる。\n　すまないが、よろしく頼むぞ」%K%P
「明日からは試験で放課後は忙しくなる。\n　すまないが、よろしく頼むぞ」%K%P
%LCクラスメート一同
%LCクラスメート一同
「「「「はいっ」」」」%K%P
「「「「はいっ」」」」%K%P
授業が終わったあと、\n当然、オレには気になることが。%K%P
授業が終わったあと、\n当然、オレには気になることが。%K%P
%LC陽菜
%LC陽菜
「ねえ、杏奈ちゃん。\n　さっき言ってた投票ってなんのこと？」%K%P
「ねえ、杏奈ちゃん。\n　さっき言ってた投票ってなんのこと？」%K%P
%LC杏奈
%LC杏奈
「ああ、あれは――」%K%P
「ああ、あれは――」%K%P
%LCクラスメートＡ
%LCクラスメートＡ
%XS21「ちょっ、杏奈っ。あれは内緒しとこうって、\n　そういう話だったでしょっ？」%XE%K%P
%XS21「ちょっ、杏奈っ。あれは内緒しとこうって、\n　そういう話だったでしょっ？」%XE%K%P
%LC杏奈
%LC杏奈
「あ……」%K%P
「あ……」%K%P
%LC杏奈
%LC杏奈
「あー……」%K%P
「あー……」%K%P
%LC杏奈
%LC杏奈
「あれはね、ええっと……」%K%P
「あれはね、ええっと……」%K%P
%LC杏奈
%LC杏奈
「……なんでもない、かなぁ？」%K%P
「……なんでもない、かなぁ？」%K%P
%LC陽菜
%LC陽菜
「でも、私に投票するとか言ってたよね？」%K%P
「でも、私に投票するとか言ってたよね？」%K%P
%LC杏奈
%LC杏奈
「えっ？　私そんなこと言ったっけ？」%K%P
「えっ？　私そんなこと言ったっけ？」%K%P
%LC陽菜
%LC陽菜
「いやいや、それはさすがに――」%K%P
「いやいや、それはさすがに――」%K%P
%LCクラスメートＢ
%LCクラスメートＢ
「陽菜さん。世の中には知らない方が\n　良いこともあるとは思いません？」%K%P
「陽菜さん。世の中には知らない方が\n　良いこともあるとは思いません？」%K%P
%LC杏奈
%LC杏奈
「そうそう。あんまり気にしないで」%K%P
「そうそう。あんまり気にしないで」%K%P
%LC陽菜
%LC陽菜
「でも」%K%P
「でも」%K%P
%LC杏奈
%LC杏奈
「大丈夫。わかるときがきたら、\n　わかるかもしれないし」%K%P
「大丈夫。わかるときがきたら、\n　わかるかもしれないし」%K%P
%LC陽菜
%LC陽菜
「むぅ……」%K%P
「むぅ……」%K%P
%LC杏奈
%LC杏奈
「お願い、陽菜ちゃん。さっきのことは、\n　まるっと聞かなかったことにして？　しよ？」%K%P
「お願い、陽菜ちゃん。さっきのことは、\n　まるっと聞かなかったことにして？　しよ？」%K%P
%LC陽菜
%LC陽菜
「……うん」%K%P
「……うん」%K%P
拝むように手を合わせられてしまい、\nかえってなにも言えず、頷いてしまう。%K%P
拝むように手を合わせられてしまい、\nかえってなにも言えず、頷いてしまう。%K%P
あからさまな反応だったけど、\n悪巧みってわけじゃなさそうだし。%K%P
あからさまな反応だったけど、\n悪巧みってわけじゃなさそうだし。%K%P
例えるなら、サプライズがバレそうになり、\n咄嗟に誤魔化している感じ、というか。%K%P
例えるなら、サプライズがバレそうになり、\n咄嗟に誤魔化している感じ、というか。%K%P
それに、秘密を抱えているって意味では、\nオレだって人の事は言えないわけで。%K%P
それに、秘密を抱えているって意味では、\nオレだって人の事は言えないわけで。%K%P
%LC杏奈
%LC杏奈
「けど、いよいよかぁ……。\n　はぁー、緊張してきたぁ……」%K%P
「けど、いよいよかぁ……。\n　はぁー、緊張してきたぁ……」%K%P
%LC杏奈
%LC杏奈
「私、前回の試験はめちゃ緊張しちゃって。\n　ぜんぜんうまくいかなかったんだよね」%K%P
「私、前回の試験はめちゃ緊張しちゃって。\n　ぜんぜんうまくいかなかったんだよね」%K%P
%LC杏奈
%LC杏奈
「ねぇ陽菜ちゃん、本番で緊張しないコツとか、\n　そういうのないかな？」%K%P
「ねぇ陽菜ちゃん、本番で緊張しないコツとか、\n　そういうのないかな？」%K%P
%LC陽菜
%LC陽菜
「うーん……。緊張しない方法って、\n　人によってそれぞれだから」%K%P
「うーん……。緊張しない方法って、\n　人によってそれぞれだから」%K%P
%LC陽菜
%LC陽菜
「私が教わって感心したのは、\n　緊張ではなく緊張感にするってやつだけど」%K%P
「私が教わって感心したのは、\n　緊張ではなく緊張感にするってやつだけど」%K%P
%LC杏奈
%LC杏奈
「なになに？　どういうの？」%K%P
「なになに？　どういうの？」%K%P
%LC陽菜
%LC陽菜
「緊張は、周囲にそうさせられている状態で、\n　緊張感は、自分からそれを意識してる状態」%K%P
「緊張は、周囲にそうさせられている状態で、\n　緊張感は、自分からそれを意識してる状態」%K%P
%LC陽菜
%LC陽菜
「日頃からあえて自分に負荷をかけて、\n　プレッシャーを楽しめるように慣らすんだよ」%K%P
「日頃からあえて自分に負荷をかけて、\n　プレッシャーを楽しめるように慣らすんだよ」%K%P
%LC陽菜
%LC陽菜
「例えば……試合形式の練習で、相手の攻撃を\n　食らわずに勝てたらご褒美にお菓子、とかね」%K%P
「例えば……試合形式の練習で、相手の攻撃を\n　食らわずに勝てたらご褒美にお菓子、とかね」%K%P
%LC陽菜
%LC陽菜
「出来なかったら罰ゲームじゃなく、\n　出来たらご褒美にするのがコツ」%K%P
「出来なかったら罰ゲームじゃなく、\n　出来たらご褒美にするのがコツ」%K%P
%LC陽菜
%LC陽菜
「ポジティブに取り組むほうが、\n　気持ちが前向きになって結果も出やすいし」%K%P
「ポジティブに取り組むほうが、\n　気持ちが前向きになって結果も出やすいし」%K%P
%LC杏奈
%LC杏奈
「なるほど……。いいね、それ」%K%P
「なるほど……。いいね、それ」%K%P
%LC杏奈
%LC杏奈
「そういう練習をしておけば、\n　前回の初試験、もっとうまく出来たかなぁ」%K%P
「そういう練習をしておけば、\n　前回の初試験、もっとうまく出来たかなぁ」%K%P
%LC陽菜
%LC陽菜
「何事も遅いってことはないから。\n　さっそく、次からでも――」%K%P
「何事も遅いってことはないから。\n　さっそく、次からでも――」%K%P
……ん？%K%P
……ん？%K%P
%LC陽菜
%LC陽菜
「杏奈ちゃん、前回が初試験だったの？」%K%P
「杏奈ちゃん、前回が初試験だったの？」%K%P
%LC杏奈
%LC杏奈
「うん。今回で２度目」%K%P
「うん。今回で２度目」%K%P
%LC陽菜
%LC陽菜
「でも、{騎士道:シュバルリィ}の実技試験って、\n　学期毎にあるはずだよね？」%K%P
「でも、{騎士道:シュバルリィ}の実技試験って、\n　学期毎にあるはずだよね？」%K%P
杏奈ちゃんは２年生。いまは２学期。%K%P
杏奈ちゃんは２年生。いまは２学期。%K%P
なら、実技試験は今回で５回目になるはず。%K%P
なら、実技試験は今回で５回目になるはず。%K%P
%LC杏奈
%LC杏奈
「あ、そっか。そういえば陽菜ちゃんには\n　言ってなかったっけ」%K%P
「あ、そっか。そういえば陽菜ちゃんには\n　言ってなかったっけ」%K%P
%LC杏奈
%LC杏奈
「私ね、１年のときはセンシブルだったんだ」%K%P
「私ね、１年のときはセンシブルだったんだ」%K%P
%LC杏奈
%LC杏奈
「去年、進級前に転科試験を受けて。\n　今年の春からノーブルになったんだよ」%K%P
「去年、進級前に転科試験を受けて。\n　今年の春からノーブルになったんだよ」%K%P
%LC陽菜
%LC陽菜
「そうだったんだ。それで、２回目……」%K%P
「そうだったんだ。それで、２回目……」%K%P
{舞闘:カデンツァ}は{騎士道:シュバルリィ}の一環だから、\n基本的にノーブルでしか学ぶことができない。%K%P
{舞闘:カデンツァ}は{騎士道:シュバルリィ}の一環だから、\n基本的にノーブルでしか学ぶことができない。%K%P
つまり杏奈ちゃんは、経験や練習量において、\n他の子たちと１年分、純粋に差があるってことだ。%K%P
つまり杏奈ちゃんは、経験や練習量において、\n他の子たちと１年分、純粋に差があるってことだ。%K%P
それって、ものすごいハンデなんじゃ――、%K%P
それって、ものすごいハンデなんじゃ――、%K%P
%LC杏奈
%LC杏奈
「ねえ陽菜ちゃん、こんなことお願いするのは、\n　図々しいかなって思うんだけど……」%K%P
「ねえ陽菜ちゃん、こんなことお願いするのは、\n　図々しいかなって思うんだけど……」%K%P
%LC杏奈
%LC杏奈
「試験までの間、コーチしてもらえないかな？」%K%P
「試験までの間、コーチしてもらえないかな？」%K%P
%LC陽菜
%LC陽菜
「コーチ……？　私が？」%K%P
「コーチ……？　私が？」%K%P
%LC杏奈
%LC杏奈
「うん。時間が空いてるときにでも、\n　練習、見てくれるだけでいいから」%K%P
「うん。時間が空いてるときにでも、\n　練習、見てくれるだけでいいから」%K%P
%LC陽菜
%LC陽菜
「いいよ。私でよければ」%K%P
「いいよ。私でよければ」%K%P
%LC杏奈
%LC杏奈
「ほんとっ？」%K%P
「ほんとっ？」%K%P
%LC陽菜
%LC陽菜
「杏奈ちゃんにはお世話になってるし。\n　なにより、お隣さんは助けるもの、でしょ？」%K%P
「杏奈ちゃんにはお世話になってるし。\n　なにより、お隣さんは助けるもの、でしょ？」%K%P
というわけで放課後、さっそく杏奈ちゃんと\nトレーニングルームにやってきたんだけど――、%K%P
というわけで放課後、さっそく杏奈ちゃんと\nトレーニングルームにやってきたんだけど――、%K%P
%LC陽菜
%LC陽菜
「うわ、すごい……」%K%P
「うわ、すごい……」%K%P
入った瞬間、ルーム内の人の多さに驚く。%K%P
入った瞬間、ルーム内の人の多さに驚く。%K%P
{騎士道:シュバルリィ}の授業――１学年分と同じか、\nそれ以上の子が、それぞれ練習に励んでいた。%K%P
{騎士道:シュバルリィ}の授業――１学年分と同じか、\nそれ以上の子が、それぞれ練習に励んでいた。%K%P
人数が多いこともあって、グループになって、\n試合に似た形式で練習している子たちもいる。%K%P
人数が多いこともあって、グループになって、\n試合に似た形式で練習している子たちもいる。%K%P
%LC千波
%LC千波
「あっ、陽菜様。ごきげんよう」%K%P
「あっ、陽菜様。ごきげんよう」%K%P
%LC陽菜
%LC陽菜
「千波ちゃん、ごきげんよう」%K%P
「千波ちゃん、ごきげんよう」%K%P
立ち尽くすオレに声を掛けてくれたのは、\n１年生の森下千波ちゃん。%K%P
立ち尽くすオレに声を掛けてくれたのは、\n１年生の森下千波ちゃん。%K%P
この間の{騎士道:シュバルリィ}の授業で面識をもった、\n１年生では梨理ちゃんに次ぐ実力者の女の子だ。%K%P
この間の{騎士道:シュバルリィ}の授業で面識をもった、\n１年生では梨理ちゃんに次ぐ実力者の女の子だ。%K%P
%LC千波
%LC千波
「陽菜様も試験に向けてトレーニングですか？」%K%P
「陽菜様も試験に向けてトレーニングですか？」%K%P
%LC陽菜
%LC陽菜
「ということは……これ、みんな？」%K%P
「ということは……これ、みんな？」%K%P
%LC千波
%LC千波
「はい。１年も試験の日程が決まったので、\n　みんなそれぞれ、追い込みや調整のために」%K%P
「はい。１年も試験の日程が決まったので、\n　みんなそれぞれ、追い込みや調整のために」%K%P
言われてみれば、１年と２年の子が多い。%K%P
言われてみれば、１年と２年の子が多い。%K%P
聞けば、すでに試験が終わっている３年は、\n少しずつ銀蘭祭の準備を始めているという。%K%P
聞けば、すでに試験が終わっている３年は、\n少しずつ銀蘭祭の準備を始めているという。%K%P
%LC千波
%LC千波
「あの、陽菜様は試験で誰と戦うんですか？」%K%P
「あの、陽菜様は試験で誰と戦うんですか？」%K%P
%LC陽菜
%LC陽菜
「残念だけど、私は試験しないんだ。\n　指南役補佐代理だから」%K%P
「残念だけど、私は試験しないんだ。\n　指南役補佐代理だから」%K%P
%LC千波
%LC千波
「そうなんですか……。\n　見学しようと思ってたのに、残念です」%K%P
「そうなんですか……。\n　見学しようと思ってたのに、残念です」%K%P
%LC千波
%LC千波
「あっ、でも、投票はしますから――」%K%P
「あっ、でも、投票はしますから――」%K%P
%LC杏奈
%LC杏奈
「わーわーわーっ？！」%K%P
「わーわーわーっ？！」%K%P
%LC千波
%LC千波
「んもももももっ」%K%P
「んもももももっ」%K%P
%LC杏奈
%LC杏奈
「あはははっ、ちょっと待っててね」%K%P
「あはははっ、ちょっと待っててね」%K%P
素早く千波ちゃんの口を塞いだ杏奈ちゃんは、\nそのまま彼女を連れてルームの隅っこへ。%K%P
素早く千波ちゃんの口を塞いだ杏奈ちゃんは、\nそのまま彼女を連れてルームの隅っこへ。%K%P
……あ、すぐ戻ってきた。%K%P
……あ、すぐ戻ってきた。%K%P
%LC千波
%LC千波
「えへへ、すみません。\n　なんでもありませんでした」%K%P
「えへへ、すみません。\n　なんでもありませんでした」%K%P
%LC杏奈
%LC杏奈
「お騒がせしました」%K%P
「お騒がせしました」%K%P
%LC陽菜
%LC陽菜
「大丈夫。もう気にしてないから」%K%P
「大丈夫。もう気にしてないから」%K%P
ここまであからさまだと、いっそ清々しい。%K%P
ここまであからさまだと、いっそ清々しい。%K%P
それに、隠そうとしているのがわかってる以上、\n根掘り葉掘りしちゃうのも気が引ける。%K%P
それに、隠そうとしているのがわかってる以上、\n根掘り葉掘りしちゃうのも気が引ける。%K%P
今の自分が同じことされたら間違いなく困るし、\n自分がされて困ることを人にするのは……ね？%K%P
今の自分が同じことされたら間違いなく困るし、\n自分がされて困ることを人にするのは……ね？%K%P
と、さすがに騒ぎすぎたようで、何人かの子たちが、\nこちらにまとまって駆け寄ってきた。%K%P
と、さすがに騒ぎすぎたようで、何人かの子たちが、\nこちらにまとまって駆け寄ってきた。%K%P
%LC２年生Ａ
%LC２年生Ａ
「陽菜ちゃんも練習？　それとも指導？」%K%P
「陽菜ちゃんも練習？　それとも指導？」%K%P
%LC２年生Ｂ
%LC２年生Ｂ
「もし指導するんだったら、\n　私の構え、チェックしてくれない？」%K%P
「もし指導するんだったら、\n　私の構え、チェックしてくれない？」%K%P
%LC１年生Ａ
%LC１年生Ａ
「あっ、あのっ、私もできれば、\n　陽菜様に見ていただきたいですっ」%K%P
「あっ、あのっ、私もできれば、\n　陽菜様に見ていただきたいですっ」%K%P
%LC１年生Ｂ
%LC１年生Ｂ
「私もっ！　陽菜様、お願いしますっ」%K%P
「私もっ！　陽菜様、お願いしますっ」%K%P
人だかりができると注目が集まり、\nさらに人が集まって膨らむ雪だるま方式。%K%P
人だかりができると注目が集まり、\nさらに人が集まって膨らむ雪だるま方式。%K%P
気付けばトレーニングルームのほとんどの子が、\nオレの周りをぐるっと囲んでいて――、%K%P
気付けばトレーニングルームのほとんどの子が、\nオレの周りをぐるっと囲んでいて――、%K%P
%LC宗千佳
%LC宗千佳
「はぁ……。またか」%K%P
「はぁ……。またか」%K%P
最後に、溜め息をつきながら姉さん登場。%K%P
最後に、溜め息をつきながら姉さん登場。%K%P
%LC宗千佳
%LC宗千佳
「気持ちはわかるが陽菜は一人しかいない。\n　各自、ひとまず練習に戻れ」%K%P
「気持ちはわかるが陽菜は一人しかいない。\n　各自、ひとまず練習に戻れ」%K%P
%LC学生一同
%LC学生一同
「「「はいっ」」」%K%P
「「「はいっ」」」%K%P
まさに鶴の一声といった感じで、\nみんなが元いた場所に戻っていく。%K%P
まさに鶴の一声といった感じで、\nみんなが元いた場所に戻っていく。%K%P
%LC宗千佳
%LC宗千佳
「それで、今日はどうした？\n　指導を手伝いにきてくれたのか？」%K%P
「それで、今日はどうした？\n　指導を手伝いにきてくれたのか？」%K%P
%LC陽菜
%LC陽菜
「それが――」%K%P
「それが――」%K%P
杏奈ちゃんのコーチをするためにやってきた、\nという事情を話すと、姉さんが少し眉を寄せた。%K%P
杏奈ちゃんのコーチをするためにやってきた、\nという事情を話すと、姉さんが少し眉を寄せた。%K%P
%LC宗千佳
%LC宗千佳
「気持ちはわかるが、それは難しいな」%K%P
「気持ちはわかるが、それは難しいな」%K%P
%LC宗千佳
%LC宗千佳
「さっきの歓迎っぷりを見ただろう？\n　学生たちはみな、陽菜にコーチを頼みたい」%K%P
「さっきの歓迎っぷりを見ただろう？\n　学生たちはみな、陽菜にコーチを頼みたい」%K%P
%LC宗千佳
%LC宗千佳
「なのに、杏奈だけを指導していては、\n　それを快く思わない者も出てくるだろう」%K%P
「なのに、杏奈だけを指導していては、\n　それを快く思わない者も出てくるだろう」%K%P
%LC宗千佳
%LC宗千佳
「指南役補佐代理である以上、\n　指導は常に、公平であるべきだ」%K%P
「指南役補佐代理である以上、\n　指導は常に、公平であるべきだ」%K%P
姉さんの言葉に、改めて自分の立場を認識する。%K%P
姉さんの言葉に、改めて自分の立場を認識する。%K%P
編入以来、学生として接してほしいと訴えてきたけど、\nそれでもやっぱり、オレは指南役補佐代理なわけで。%K%P
編入以来、学生として接してほしいと訴えてきたけど、\nそれでもやっぱり、オレは指南役補佐代理なわけで。%K%P
オレ自身が、学友として杏奈ちゃんの\nコーチをしているつもりでも――、%K%P
オレ自身が、学友として杏奈ちゃんの\nコーチをしているつもりでも――、%K%P
それを見た周囲が、\n同じように捉えてくれるかはわからない。%K%P
それを見た周囲が、\n同じように捉えてくれるかはわからない。%K%P
姉さんが言うように、贔屓していると思われて、\nそのせいで杏奈ちゃんに迷惑をかけるかもしれない。%K%P
姉さんが言うように、贔屓していると思われて、\nそのせいで杏奈ちゃんに迷惑をかけるかもしれない。%K%P
%LC陽菜
%LC陽菜
「ごめんね、杏奈ちゃん」%K%P
「ごめんね、杏奈ちゃん」%K%P
%LC杏奈
%LC杏奈
「ううん、こっちこそごめん。\n　私が考えなしに頼んじゃったから」%K%P
「ううん、こっちこそごめん。\n　私が考えなしに頼んじゃったから」%K%P
%LC宗千佳
%LC宗千佳
「こら、話は最後まで聞け」%K%P
「こら、話は最後まで聞け」%K%P
%LC宗千佳
%LC宗千佳
「いま言ったのは、\n　あくまで補佐代理としての心構えだ」%K%P
「いま言ったのは、\n　あくまで補佐代理としての心構えだ」%K%P
%LC宗千佳
%LC宗千佳
「だが、陽菜は友人として杏奈を手伝いたい。\n　そういうことだろう？」%K%P
「だが、陽菜は友人として杏奈を手伝いたい。\n　そういうことだろう？」%K%P
%LC陽菜
%LC陽菜
「あっ、うん。そうなんだけど」%K%P
「あっ、うん。そうなんだけど」%K%P
%LC宗千佳
%LC宗千佳
「なら話は簡単だ。\n　個人的に、杏奈の練習に付き合えばいい」%K%P
「なら話は簡単だ。\n　個人的に、杏奈の練習に付き合えばいい」%K%P
%LC宗千佳
%LC宗千佳
「休日はもちろん、完全下校時刻を過ぎたあとや、\n　始業前の朝早く――」%K%P
「休日はもちろん、完全下校時刻を過ぎたあとや、\n　始業前の朝早く――」%K%P
%LC宗千佳
%LC宗千佳
「そういったプライベートな時間であれば、\n　いくらでも好きに使うといい」%K%P
「そういったプライベートな時間であれば、\n　いくらでも好きに使うといい」%K%P
%LC宗千佳
%LC宗千佳
「私も個人的に学生と稽古をつけたいときは、\n　そういう時間を使うようにしている」%K%P
「私も個人的に学生と稽古をつけたいときは、\n　そういう時間を使うようにしている」%K%P
%LC陽菜
%LC陽菜
「その学生って――」%K%P
「その学生って――」%K%P
%LC宗千佳
%LC宗千佳
「私のことはいい。\n　とにかく、そういうことだ」%K%P
「私のことはいい。\n　とにかく、そういうことだ」%K%P
%LC陽菜
%LC陽菜
「ありがとう、先生」%K%P
「ありがとう、先生」%K%P
稽古の相手は依夜様だろうなって予感はあったけど、\nそれをここで追求する必要も意味もない。%K%P
稽古の相手は依夜様だろうなって予感はあったけど、\nそれをここで追求する必要も意味もない。%K%P
オレが感謝を込めて一礼すると、\n姉さんは指導へと戻っていった。%K%P
オレが感謝を込めて一礼すると、\n姉さんは指導へと戻っていった。%K%P
%LC陽菜
%LC陽菜
「と、いうことなんだけど……。\n　杏奈ちゃん、それでもいい？」%K%P
「と、いうことなんだけど……。\n　杏奈ちゃん、それでもいい？」%K%P
%LC杏奈
%LC杏奈
「もちろん。っていうか、いいの？\n　陽菜ちゃん大変じゃない？」%K%P
「もちろん。っていうか、いいの？\n　陽菜ちゃん大変じゃない？」%K%P
%LC陽菜
%LC陽菜
「私は大丈夫だよ」%K%P
「私は大丈夫だよ」%K%P
%LC陽菜
%LC陽菜
「ただ……練習する場所、どうしよっか」%K%P
「ただ……練習する場所、どうしよっか」%K%P
完全下校時刻を過ぎたあとってことは、\n当然、トレーニングルームも閉まっているわけで。%K%P
完全下校時刻を過ぎたあとってことは、\n当然、トレーニングルームも閉まっているわけで。%K%P
杏奈ちゃんと相談した結果、\n練習は学園の中庭ですることになった。%K%P
杏奈ちゃんと相談した結果、\n練習は学園の中庭ですることになった。%K%P
職員寮も学生寮も、学園の敷地内。%K%P
職員寮も学生寮も、学園の敷地内。%K%P
消灯時間までだけど、許可さえ貰えば、\nこうして中庭を使うことが可能ってわけだ。%K%P
消灯時間までだけど、許可さえ貰えば、\nこうして中庭を使うことが可能ってわけだ。%K%P
%LC陽菜
%LC陽菜
「お互い寮住まいで良かったね」%K%P
「お互い寮住まいで良かったね」%K%P
%LC杏奈
%LC杏奈
「ほんと。まあ、こっそり抜け出すの、\n　ちょっと大変だったけど」%K%P
「ほんと。まあ、こっそり抜け出すの、\n　ちょっと大変だったけど」%K%P
%LC陽菜
%LC陽菜
「抜け出す？」%K%P
「抜け出す？」%K%P
%LC杏奈
%LC杏奈
「陽菜ちゃんにコーチしてもらうなんて\n　バレたら、絶対にあとで色々言われるもん」%K%P
「陽菜ちゃんにコーチしてもらうなんて\n　バレたら、絶対にあとで色々言われるもん」%K%P
%LC陽菜
%LC陽菜
「さすがにそんなことないと思うけど」%K%P
「さすがにそんなことないと思うけど」%K%P
%LC杏奈
%LC杏奈
「陽菜ちゃん、自分の人気を甘く見過ぎ」%K%P
「陽菜ちゃん、自分の人気を甘く見過ぎ」%K%P
%LC杏奈
%LC杏奈
「陽菜ちゃんの写真をスマホの待ち受けにしてる子、\n　けっこう居るんだよ？」%K%P
「陽菜ちゃんの写真をスマホの待ち受けにしてる子、\n　けっこう居るんだよ？」%K%P
%LC陽菜
%LC陽菜
「えっ……？　ちょっ、待って待って。\n　それ隠し撮りってやつじゃ」%K%P
「えっ……？　ちょっ、待って待って。\n　それ隠し撮りってやつじゃ」%K%P
%LC杏奈
%LC杏奈
「隠してはないと思うよ？\n　この前の{舞闘:カデンツァ}の写真だし」%K%P
「隠してはないと思うよ？\n　この前の{舞闘:カデンツァ}の写真だし」%K%P
%LC陽菜
%LC陽菜
「それって依夜様との親善試合の？」%K%P
「それって依夜様との親善試合の？」%K%P
%LC杏奈
%LC杏奈
「そう。それに配ってたの学園長だし」%K%P
「そう。それに配ってたの学園長だし」%K%P
%LC陽菜
%LC陽菜
「は……？　配ってた……？」%K%P
「は……？　配ってた……？」%K%P
%LC杏奈
%LC杏奈
「学園長って、わりと神出鬼没でね。\n　結構、学園内で遭遇するんだけど――」%K%P
「学園長って、わりと神出鬼没でね。\n　結構、学園内で遭遇するんだけど――」%K%P
%LC杏奈
%LC杏奈
「そのとき陽菜ちゃんの写真を貰った子がいて。\n　それがわーっと拡散したみたい」%K%P
「そのとき陽菜ちゃんの写真を貰った子がいて。\n　それがわーっと拡散したみたい」%K%P
%LC杏奈
%LC杏奈
「あの写真が配られてなかったら、それこそ、\n　今頃は隠し撮りされまくってたかもよ？」%K%P
「あの写真が配られてなかったら、それこそ、\n　今頃は隠し撮りされまくってたかもよ？」%K%P
%LC陽菜
%LC陽菜
「むぅ……」%K%P
「むぅ……」%K%P
確かに、隠し撮りされちゃうぐらいなら、\nちゃんとした写真が配られたほうが安心ではある。%K%P
確かに、隠し撮りされちゃうぐらいなら、\nちゃんとした写真が配られたほうが安心ではある。%K%P
あるいはニナさんもそれを考慮して……って、\nさすがにそれは考えすぎか。%K%P
あるいはニナさんもそれを考慮して……って、\nさすがにそれは考えすぎか。%K%P
%LC陽菜
%LC陽菜
「って、まさか杏奈ちゃんも――」%K%P
「って、まさか杏奈ちゃんも――」%K%P
%LC杏奈
%LC杏奈
「わっ、私は違うから。ホントだよっ？\n　画面はお見せできないけど」%K%P
「わっ、私は違うから。ホントだよっ？\n　画面はお見せできないけど」%K%P
%LC杏奈
%LC杏奈
「それよりほら、練習しよ？\n　やっぱ、まずストレッチ？」%K%P
「それよりほら、練習しよ？\n　やっぱ、まずストレッチ？」%K%P
%LC陽菜
%LC陽菜
「そうだね。時間も限られてるし、始めよっか」%K%P
「そうだね。時間も限られてるし、始めよっか」%K%P
というわけで、さっそくストレッチ開始。%K%P
というわけで、さっそくストレッチ開始。%K%P
この場にはオレと杏奈ちゃんしかいないので、\n当然、二人でペアを組むことに。%K%P
この場にはオレと杏奈ちゃんしかいないので、\n当然、二人でペアを組むことに。%K%P
%LC陽菜
%LC陽菜
「でも、トレーニングルームじゃなくて、\n　かえって良かったかも」%K%P
「でも、トレーニングルームじゃなくて、\n　かえって良かったかも」%K%P
%LC杏奈
%LC杏奈
「どして？」%K%P
「どして？」%K%P
%LC陽菜
%LC陽菜
「だって、フィエルテ着なくてもいいし」%K%P
「だって、フィエルテ着なくてもいいし」%K%P
あんな格好で杏奈ちゃんとストレッチしたら、\nいろんなところが密着しちゃって大変だった。%K%P
あんな格好で杏奈ちゃんとストレッチしたら、\nいろんなところが密着しちゃって大変だった。%K%P
股間のクラージュ、アン・ガルド間違いなし――、%K%P
股間のクラージュ、アン・ガルド間違いなし――、%K%P
%LC杏奈
%LC杏奈
「私、この下にフィエルテ着てるよ？\n　ブーツとグローブも持ってきてるし」%K%P
「私、この下にフィエルテ着てるよ？\n　ブーツとグローブも持ってきてるし」%K%P
%LC陽菜
%LC陽菜
「えっ……？　き、着てるのっ……？」%K%P
「えっ……？　き、着てるのっ……？」%K%P
%LC杏奈
%LC杏奈
「だって、そのほうが動きとか、\n　本番と同じようにできるかなって――」%K%P
「だって、そのほうが動きとか、\n　本番と同じようにできるかなって――」%K%P
%LC杏奈
%LC杏奈
「あっ、もしかして必要なかった？\n　私、なんか空回りしちゃってたっ？」%K%P
「あっ、もしかして必要なかった？\n　私、なんか空回りしちゃってたっ？」%K%P
%LC陽菜
%LC陽菜
「ううん、そんなことない。むしろ私のほうが、\n　着てこなくってごめんっていうか」%K%P
「ううん、そんなことない。むしろ私のほうが、\n　着てこなくってごめんっていうか」%K%P
いまさらながら杏奈ちゃんの意気込みを知り、\n自分の甘さに恥ずかしくなってしまう。%K%P
いまさらながら杏奈ちゃんの意気込みを知り、\n自分の甘さに恥ずかしくなってしまう。%K%P
%LC杏奈
%LC杏奈
「陽菜ちゃんって……ひょっとして\n　フィエルテ着るの、恥ずかしい？」%K%P
「陽菜ちゃんって……ひょっとして\n　フィエルテ着るの、恥ずかしい？」%K%P
%LC陽菜
%LC陽菜
「ん……。だってあれ、水着みたいだし」%K%P
「ん……。だってあれ、水着みたいだし」%K%P
%LC杏奈
%LC杏奈
「露出は多いよね。胸とかお腹とか」%K%P
「露出は多いよね。胸とかお腹とか」%K%P
%LC陽菜
%LC陽菜
「そうそうっ。なんでわざわざ透明な素材を\n　使ってまで見せてるんだろう、アレ」%K%P
「そうそうっ。なんでわざわざ透明な素材を\n　使ってまで見せてるんだろう、アレ」%K%P
%LC杏奈
%LC杏奈
「そのほうが格好いいからじゃない？」%K%P
「そのほうが格好いいからじゃない？」%K%P
%LC陽菜
%LC陽菜
「格好いい……？」%K%P
「格好いい……？」%K%P
%LC杏奈
%LC杏奈
「フィエルテって今のデザインになるまで、\n　何回か変更があったんだって」%K%P
「フィエルテって今のデザインになるまで、\n　何回か変更があったんだって」%K%P
%LC杏奈
%LC杏奈
「とくに一番最初のやつとか、\n　全身タイツみたいな感じだったらしいよ」%K%P
「とくに一番最初のやつとか、\n　全身タイツみたいな感じだったらしいよ」%K%P
%LC杏奈
%LC杏奈
「でも、学生の評判がよくなくて。\n　改良重ねて、いまのデザインになったみたい」%K%P
「でも、学生の評判がよくなくて。\n　改良重ねて、いまのデザインになったみたい」%K%P
%LC杏奈
%LC杏奈
「まあ、ちょっと攻めすぎな感じはあるけど」%K%P
「まあ、ちょっと攻めすぎな感じはあるけど」%K%P
%LC陽菜
%LC陽菜
「むむむ……」%K%P
「むむむ……」%K%P
確かに全身タイツを着るよりは、\nいまのフィエルテのほうがマシかもだけど……。%K%P
確かに全身タイツを着るよりは、\nいまのフィエルテのほうがマシかもだけど……。%K%P
%LC杏奈
%LC杏奈
「ちなみにノーブルの子って、センシブルより\n　痩せてる子が多いらしいんだけど――」%K%P
「ちなみにノーブルの子って、センシブルより\n　痩せてる子が多いらしいんだけど――」%K%P
%LC杏奈
%LC杏奈
「その理由が、フィエルテなんだって。\n　あれって太るとすぐにわかっちゃうから」%K%P
「その理由が、フィエルテなんだって。\n　あれって太るとすぐにわかっちゃうから」%K%P
%LC杏奈
%LC杏奈
「あっ、これって陽菜ちゃんが教えてくれた、\n　緊張感ってやつだったりしない？」%K%P
「あっ、これって陽菜ちゃんが教えてくれた、\n　緊張感ってやつだったりしない？」%K%P
%LC杏奈
%LC杏奈
「太ったら簡単にバレちゃう緊張感が、\n　スタイルを維持させている、みたいな」%K%P
「太ったら簡単にバレちゃう緊張感が、\n　スタイルを維持させている、みたいな」%K%P
%LC杏奈
%LC杏奈
「私もノーブルに転科して少し痩せたし。\n　甘いものも控えるようになったし」%K%P
「私もノーブルに転科して少し痩せたし。\n　甘いものも控えるようになったし」%K%P
%LC陽菜
%LC陽菜
「どら焼きとか、餡ドーナツとか？」%K%P
「どら焼きとか、餡ドーナツとか？」%K%P
%LC杏奈
%LC杏奈
「そうそうっ。好きなんだ、餡子っ」%K%P
「そうそうっ。好きなんだ、餡子っ」%K%P
なんて話をしながら、ストレッチは続く。%K%P
なんて話をしながら、ストレッチは続く。%K%P
そういえば２年生の実技授業ってまだだから、\n杏奈ちゃんのフィエルテ姿、見たことないんだよな。%K%P
そういえば２年生の実技授業ってまだだから、\n杏奈ちゃんのフィエルテ姿、見たことないんだよな。%K%P
いま、この服の下に、フィエルテを着てる――、%K%P
いま、この服の下に、フィエルテを着てる――、%K%P
……やばい。直に見るより、エッチかも……。%K%P
……やばい。直に見るより、エッチかも……。%K%P
%LC杏奈
%LC杏奈
「ねえ、そろそろ脱いでもいい？」%K%P
「ねえ、そろそろ脱いでもいい？」%K%P
%LC陽菜
%LC陽菜
「ひゃっ？！　にゃ、にゃんでっ？」%K%P
「ひゃっ？！　にゃ、にゃんでっ？」%K%P
%LC杏奈
%LC杏奈
「ストレッチで身体あったまってきたし。\n　あっ、ちゃんとブーツとグローブもつけるね」%K%P
「ストレッチで身体あったまってきたし。\n　あっ、ちゃんとブーツとグローブもつけるね」%K%P
%LC陽菜
%LC陽菜
「あっ……う、うん」%K%P
「あっ……う、うん」%K%P
はぁ、びっくりしたぁ……。%K%P
はぁ、びっくりしたぁ……。%K%P
%LC杏奈
%LC杏奈
「じゃあ、失礼して――」%K%P
「じゃあ、失礼して――」%K%P
%LC陽菜
%LC陽菜
「ここで脱ぐのっ！？」%K%P
「ここで脱ぐのっ！？」%K%P
%LC杏奈
%LC杏奈
「大丈夫、下に着てるって言ったでしょ？\n　ほら、海に行くときとかの水着とおんなじ」%K%P
「大丈夫、下に着てるって言ったでしょ？\n　ほら、海に行くときとかの水着とおんなじ」%K%P
%LC陽菜
%LC陽菜
「けど」%K%P
「けど」%K%P
%LC杏奈
%LC杏奈
「よっと」%K%P
「よっと」%K%P
%LC陽菜
%LC陽菜
「うわっ――」%K%P
「うわっ――」%K%P
%LC陽菜
%LC陽菜
「あ……」%K%P
「あ……」%K%P
これが、杏奈ちゃんのフィエルテ姿……。%K%P
これが、杏奈ちゃんのフィエルテ姿……。%K%P
%LC杏奈
%LC杏奈
「ん……。なんか、恥ずかしいかも……」%K%P
「ん……。なんか、恥ずかしいかも……」%K%P
%LC陽菜
%LC陽菜
「えっ？」%K%P
「えっ？」%K%P
%LC杏奈
%LC杏奈
「だって、外でこの格好になったこと、\n　一度もなかったし……」%K%P
「だって、外でこの格好になったこと、\n　一度もなかったし……」%K%P
%LC杏奈
%LC杏奈
「……あと、陽菜ちゃん、ジロジロ見すぎ」%K%P
「……あと、陽菜ちゃん、ジロジロ見すぎ」%K%P
%LC陽菜
%LC陽菜
「あっ……ごっ、ごめんっ」%K%P
「あっ……ごっ、ごめんっ」%K%P
%LC杏奈
%LC杏奈
「ふふっ、冗談だってば。\n　じゃあ、ええと……どうしよっか？」%K%P
「ふふっ、冗談だってば。\n　じゃあ、ええと……どうしよっか？」%K%P
%LC陽菜
%LC陽菜
「杏奈ちゃん、{舞闘:カデンツァ}で使ってる武器は？」%K%P
「杏奈ちゃん、{舞闘:カデンツァ}で使ってる武器は？」%K%P
%LC杏奈
%LC杏奈
「剣だよ、短めの。あと盾」%K%P
「剣だよ、短めの。あと盾」%K%P
%LC陽菜
%LC陽菜
「盾って……小型の？　バックラー？」%K%P
「盾って……小型の？　バックラー？」%K%P
%LC杏奈
%LC杏奈
「うん。使う子あんまりいなくって、\n　２年だと私だけみたい」%K%P
「うん。使う子あんまりいなくって、\n　２年だと私だけみたい」%K%P
%LC陽菜
%LC陽菜
「盾か……」%K%P
「盾か……」%K%P
%LC杏奈
%LC杏奈
「さすがの陽菜ちゃんでも、\n　盾って経験ない？」%K%P
「さすがの陽菜ちゃんでも、\n　盾って経験ない？」%K%P
%LC陽菜
%LC陽菜
「一応、ないこともないよ」%K%P
「一応、ないこともないよ」%K%P
%LC陽菜
%LC陽菜
「クラビークラボーンっていう武術があって、\n　それを留学先で少し教わったことあるから」%K%P
「クラビークラボーンっていう武術があって、\n　それを留学先で少し教わったことあるから」%K%P
%LC杏奈
%LC杏奈
「くらびー？　くらぼーん？」%K%P
「くらびー？　くらぼーん？」%K%P
%LC陽菜
%LC陽菜
「タイに伝わる、いろんな武器を扱う武術。\n　演武がすっごい迫力あるんだ」%K%P
「タイに伝わる、いろんな武器を扱う武術。\n　演武がすっごい迫力あるんだ」%K%P
%LC陽菜
%LC陽菜
「運良く留学先に経験者がいて。\n　その子に教えてもらったことがあって――」%K%P
「運良く留学先に経験者がいて。\n　その子に教えてもらったことがあって――」%K%P
%LC陽菜
%LC陽菜
「えっと……あった。こんな感じ」%K%P
「えっと……あった。こんな感じ」%K%P
話しつつスマホで動画サイトを検索して、\nいくつかの動画を杏奈ちゃんと一緒に見る。%K%P
話しつつスマホで動画サイトを検索して、\nいくつかの動画を杏奈ちゃんと一緒に見る。%K%P
%LC杏奈
%LC杏奈
「うわ、すごい。バンバン叩き合ってる」%K%P
「うわ、すごい。バンバン叩き合ってる」%K%P
%LC陽菜
%LC陽菜
「動きがダイナミックで滑らかなんだ。\n　飛んだり跳ねたりも全然するし」%K%P
「動きがダイナミックで滑らかなんだ。\n　飛んだり跳ねたりも全然するし」%K%P
%LC杏奈
%LC杏奈
「ほんとだ、ぴょんぴょんしてる。\n　これはちょっと真似できないかも……」%K%P
「ほんとだ、ぴょんぴょんしてる。\n　これはちょっと真似できないかも……」%K%P
%LC陽菜
%LC陽菜
「まあ、これは私がこういうのを\n　経験したことがあるっていう話だから」%K%P
「まあ、これは私がこういうのを\n　経験したことがあるっていう話だから」%K%P
%LC杏奈
%LC杏奈
「おっ、つまり自慢ですな？」%K%P
「おっ、つまり自慢ですな？」%K%P
%LC陽菜
%LC陽菜
「違うから」%K%P
「違うから」%K%P
%LC陽菜
%LC陽菜
「ねえ、杏奈ちゃんっていま、\n　盾をどんなふうに使ってる？」%K%P
「ねえ、杏奈ちゃんっていま、\n　盾をどんなふうに使ってる？」%K%P
%LC杏奈
%LC杏奈
「どんなふうって……もちろん、\n　相手の攻撃を防ぐために使ってるけど」%K%P
「どんなふうって……もちろん、\n　相手の攻撃を防ぐために使ってるけど」%K%P
%LC杏奈
%LC杏奈
「でも、そうすると自然と防戦一方になって……。\n　気付くとやられちゃってることが多い感じ」%K%P
「でも、そうすると自然と防戦一方になって……。\n　気付くとやられちゃってることが多い感じ」%K%P
%LC陽菜
%LC陽菜
「それってきっと、構えた盾が顔に近すぎて、\n　自分の視界を塞いじゃってるんじゃないかな」%K%P
「それってきっと、構えた盾が顔に近すぎて、\n　自分の視界を塞いじゃってるんじゃないかな」%K%P
%LC杏奈
%LC杏奈
「あっ……言われてみれば、そうかも」%K%P
「あっ……言われてみれば、そうかも」%K%P
%LC陽菜
%LC陽菜
「どうしても盾は守りってイメージがあるけど、\n　バックラーは攻めにも使っていけるから」%K%P
「どうしても盾は守りってイメージがあるけど、\n　バックラーは攻めにも使っていけるから」%K%P
%LC陽菜
%LC陽菜
「実際に、ちょっとやってみよ？」%K%P
「実際に、ちょっとやってみよ？」%K%P
%LC陽菜
%LC陽菜
「まずは、相手の動きをしっかり見ること。\n　もちろん、盾で守りを固めながら」%K%P
「まずは、相手の動きをしっかり見ること。\n　もちろん、盾で守りを固めながら」%K%P
%LC陽菜
%LC陽菜
「このとき、相手の癖やリズムを観察して。\n　誰でも好んでやっちゃう動きってあるから」%K%P
「このとき、相手の癖やリズムを観察して。\n　誰でも好んでやっちゃう動きってあるから」%K%P
%LC陽菜
%LC陽菜
「そういうのがわかってきたら、今度は攻める。\n　自分から、相手の剣に盾を当てにいく感じ」%K%P
「そういうのがわかってきたら、今度は攻める。\n　自分から、相手の剣に盾を当てにいく感じ」%K%P
%LC杏奈
%LC杏奈
「当てるって……こう？　こんな感じ？」%K%P
「当てるって……こう？　こんな感じ？」%K%P
%LC陽菜
%LC陽菜
「そう。出掛けにしっかり合わせられれば、\n　相手が両手持ちの剣でも力負けしないから」%K%P
「そう。出掛けにしっかり合わせられれば、\n　相手が両手持ちの剣でも力負けしないから」%K%P
%LC杏奈
%LC杏奈
「ほんとに？」%K%P
「ほんとに？」%K%P
%LC陽菜
%LC陽菜
「自転車のブレーキなんかと同じだよ」%K%P
「自転車のブレーキなんかと同じだよ」%K%P
%LC陽菜
%LC陽菜
「スピードが出てきたら停めるのも大変だけど、\n　ゆっくりだったら、少しの力でも平気でしょ？」%K%P
「スピードが出てきたら停めるのも大変だけど、\n　ゆっくりだったら、少しの力でも平気でしょ？」%K%P
%LC杏奈
%LC杏奈
「おっ、わかりやすい」%K%P
「おっ、わかりやすい」%K%P
%LC杏奈
%LC杏奈
「つまり、相手が技を出すところを狙うために、\n　向こうの癖やリズムを掴むってこと？」%K%P
「つまり、相手が技を出すところを狙うために、\n　向こうの癖やリズムを掴むってこと？」%K%P
%LC陽菜
%LC陽菜
「そういうこと。杏奈ちゃん、飲み込み早い」%K%P
「そういうこと。杏奈ちゃん、飲み込み早い」%K%P
%LC杏奈
%LC杏奈
「陽菜ちゃんの教え方が上手なんだってば」%K%P
「陽菜ちゃんの教え方が上手なんだってば」%K%P
%LC陽菜
%LC陽菜
「ほら、剣の扱いに意識が行き過ぎて、\n　フットワークがおろそかになってるよ」%K%P
「ほら、剣の扱いに意識が行き過ぎて、\n　フットワークがおろそかになってるよ」%K%P
%LC杏奈
%LC杏奈
「待って待ってっ。\n　手も、足も……やうっ、ムズいっ」%K%P
「待って待ってっ。\n　手も、足も……やうっ、ムズいっ」%K%P
%LC陽菜
%LC陽菜
「でも、さっきよりぐっと良くなってる」%K%P
「でも、さっきよりぐっと良くなってる」%K%P
%LC杏奈
%LC杏奈
「くううっ、褒め上手っ！　頑張っちゃうっ！」%K%P
「くううっ、褒め上手っ！　頑張っちゃうっ！」%K%P
%LC陽菜
%LC陽菜
「ふふっ。そうそう、その調子っ」%K%P
「ふふっ。そうそう、その調子っ」%K%P
%LC杏奈
%LC杏奈
「ふぅ、はぁ……ふぅ、はぁ……」%K%P
「ふぅ、はぁ……ふぅ、はぁ……」%K%P
%LC陽菜
%LC陽菜
「大丈夫？　杏奈ちゃん」%K%P
「大丈夫？　杏奈ちゃん」%K%P
%LC杏奈
%LC杏奈
「うんっ……」%K%P
「うんっ……」%K%P
トレーニングを終えると、\n杏奈ちゃんは膝に手をつき、肩で息をした。%K%P
トレーニングを終えると、\n杏奈ちゃんは膝に手をつき、肩で息をした。%K%P
%LC杏奈
%LC杏奈
「うわ、汗ぐっしょり……。\n　お風呂入る前でよかったぁ……」%K%P
「うわ、汗ぐっしょり……。\n　お風呂入る前でよかったぁ……」%K%P
%LC陽菜
%LC陽菜
「その汗は杏奈ちゃんが頑張った証だから」%K%P
「その汗は杏奈ちゃんが頑張った証だから」%K%P
%LC杏奈
%LC杏奈
「えへへっ……。\n　今日はベッドに入ったら一瞬で寝そう」%K%P
「えへへっ……。\n　今日はベッドに入ったら一瞬で寝そう」%K%P
%LC陽菜
%LC陽菜
「明日、寝坊して遅刻しないようにね」%K%P
「明日、寝坊して遅刻しないようにね」%K%P
%LC杏奈
%LC杏奈
「大丈夫。私、遅刻したことないし」%K%P
「大丈夫。私、遅刻したことないし」%K%P
%LC杏奈
%LC杏奈
「あの、それで、その……。\n　よかったら、明日も――」%K%P
「あの、それで、その……。\n　よかったら、明日も――」%K%P
%LC陽菜
%LC陽菜
「いいよ、任せといて」%K%P
「いいよ、任せといて」%K%P
%LC杏奈
%LC杏奈
「まだ何も言ってないのに」%K%P
「まだ何も言ってないのに」%K%P
%LC陽菜
%LC陽菜
「コーチ、してほしいんでしょ？\n　そんなの言わなくてもわかるから」%K%P
「コーチ、してほしいんでしょ？\n　そんなの言わなくてもわかるから」%K%P
%LC杏奈
%LC杏奈
「ん……。ありがとう、陽菜ちゃん。\n　今度、なにかお礼するね」%K%P
「ん……。ありがとう、陽菜ちゃん。\n　今度、なにかお礼するね」%K%P
%LC陽菜
%LC陽菜
「いいよ、気にしなくっても」%K%P
「いいよ、気にしなくっても」%K%P
気付けば夕闇に染まった空の下、\n杏奈ちゃんが嬉しそうに微笑む。%K%P
気付けば夕闇に染まった空の下、\n杏奈ちゃんが嬉しそうに微笑む。%K%P
汗ばんだ頬は紅潮していて、\nそこに、髪の毛が少し貼りついていて。%K%P
汗ばんだ頬は紅潮していて、\nそこに、髪の毛が少し貼りついていて。%K%P
懸命に頑張ったからこその笑顔は、\nコーチの謝礼としては、充分すぎるほどだった。%K%P
懸命に頑張ったからこその笑顔は、\nコーチの謝礼としては、充分すぎるほどだった。%K%P
