翌朝、オレは約束していた時間よりも、\nかなり早くトレーニングルームへ向かった。%K%P
翌朝、オレは約束していた時間よりも、\nかなり早くトレーニングルームへ向かった。%K%P
目的は、自分自身の点検だ。%K%P
目的は、自分自身の点検だ。%K%P
まだ誰も来ていないトレーニングルームで、\nゆっくりウォーミングアップ。%K%P
まだ誰も来ていないトレーニングルームで、\nゆっくりウォーミングアップ。%K%P
銀蘭学園にやってきて、今日で１週間――。%K%P
銀蘭学園にやってきて、今日で１週間――。%K%P
いきなりの指南役補佐代理だったけど、\nどうにか務められるようになってきたと思う。%K%P
いきなりの指南役補佐代理だったけど、\nどうにか務められるようになってきたと思う。%K%P
ただ、指導するほうがメインだったから、\n自分のトレーニングがちょっと疎かになっていた。%K%P
ただ、指導するほうがメインだったから、\n自分のトレーニングがちょっと疎かになっていた。%K%P
基礎トレーニングは欠かしていないけど、\nしっかり動けるかどうか、確かめておかないと。%K%P
基礎トレーニングは欠かしていないけど、\nしっかり動けるかどうか、確かめておかないと。%K%P
%LC陽菜
%LC陽菜
「……うん、異常なし」%K%P
「……うん、異常なし」%K%P
ひと通りチェックを終えて、ほっと一息。%K%P
ひと通りチェックを終えて、ほっと一息。%K%P
身体もよく動くし、気怠さもない。%K%P
身体もよく動くし、気怠さもない。%K%P
問題があるとすれば――、%K%P
問題があるとすれば――、%K%P
%LC陽菜
%LC陽菜
「やっぱ慣れないなぁ、この格好……」%K%P
「やっぱ慣れないなぁ、この格好……」%K%P
フォームチェック用の鏡に映るのは、\nフィエルテを着用した自分の姿。%K%P
フォームチェック用の鏡に映るのは、\nフィエルテを着用した自分の姿。%K%P
姉さんからは慣れるように言われたけど、\nこうして直視すると、どうしても恥ずかしい。%K%P
姉さんからは慣れるように言われたけど、\nこうして直視すると、どうしても恥ずかしい。%K%P
女装自体にはだいぶ慣れたと思うけど、\nそれでも、この格好は別格だ。%K%P
女装自体にはだいぶ慣れたと思うけど、\nそれでも、この格好は別格だ。%K%P
ただ、どうにかフィエルテを着てられるのって、\n女装しているからこそ、なんだよね。%K%P
ただ、どうにかフィエルテを着てられるのって、\n女装しているからこそ、なんだよね。%K%P
男のままでこれを着るってなったら、\n間違いなく、そっちのほうが何倍も恥ずかしい。%K%P
男のままでこれを着るってなったら、\n間違いなく、そっちのほうが何倍も恥ずかしい。%K%P
万が一誰かに男だとバレた場合、\nそのことをいじられたら、絶対に悶絶する。%K%P
万が一誰かに男だとバレた場合、\nそのことをいじられたら、絶対に悶絶する。%K%P
%LC陽菜
%LC陽菜
「バレちゃダメ、絶対」%K%P
「バレちゃダメ、絶対」%K%P
%LC梨理
%LC梨理
「なにがバレちゃダメなんです？」%K%P
「なにがバレちゃダメなんです？」%K%P
%LC陽菜
%LC陽菜
「ふおうっ！？」%K%P
「ふおうっ！？」%K%P
完全に油断してたから、\n驚きすぎて心臓ごとちょっと跳ねた。%K%P
完全に油断してたから、\n驚きすぎて心臓ごとちょっと跳ねた。%K%P
%LC陽菜
%LC陽菜
「なっ、なんで梨理ちゃんがここにっ……」%K%P
「なっ、なんで梨理ちゃんがここにっ……」%K%P
%LC梨理
%LC梨理
「お姉ちゃんにつれてこられたんです。\n　せっかくだから一緒においでって」%K%P
「お姉ちゃんにつれてこられたんです。\n　せっかくだから一緒においでって」%K%P
%LC陽菜
%LC陽菜
「なんだ、そういうこと……。\n　はぁ、びっくりした……」%K%P
「なんだ、そういうこと……。\n　はぁ、びっくりした……」%K%P
%LC梨理
%LC梨理
「で？　なんです？　バレちゃダメって」%K%P
「で？　なんです？　バレちゃダメって」%K%P
%LC陽菜
%LC陽菜
「言うわけないでしょ？\n　バレちゃダメなことなのに」%K%P
「言うわけないでしょ？\n　バレちゃダメなことなのに」%K%P
%LC梨理
%LC梨理
「うわ、センセのケチ」%K%P
「うわ、センセのケチ」%K%P
%LC陽菜
%LC陽菜
「なんと言われても内緒です」%K%P
「なんと言われても内緒です」%K%P
梨理ちゃんに女装がバレたら、\n間違いなく弄られまくる気がする。%K%P
梨理ちゃんに女装がバレたら、\n間違いなく弄られまくる気がする。%K%P
%LC陽菜
%LC陽菜
「美実様は？」%K%P
「美実様は？」%K%P
%LC梨理
%LC梨理
「いまフィエルテに着替えてます。\n　私はいつも、家から着てくるので」%K%P
「いまフィエルテに着替えてます。\n　私はいつも、家から着てくるので」%K%P
%LC陽菜
%LC陽菜
「梨理ちゃんたちって通学生だったんだね」%K%P
「梨理ちゃんたちって通学生だったんだね」%K%P
%LC梨理
%LC梨理
「はい、わりと近いので」%K%P
「はい、わりと近いので」%K%P
%LC陽菜
%LC陽菜
「けど、だからって家からコレは……」%K%P
「けど、だからって家からコレは……」%K%P
%LC梨理
%LC梨理
「時短です。そのほうが多く練習できるから、\n　癖になってるだけで」%K%P
「時短です。そのほうが多く練習できるから、\n　癖になってるだけで」%K%P
とくに恥ずかしがる様子もなく、\nそれがなにか？　って感じの梨理ちゃん。%K%P
とくに恥ずかしがる様子もなく、\nそれがなにか？　って感じの梨理ちゃん。%K%P
オレとしては、これ着て通学ってだけで、\nかなり恥ずかしいと思うんだけど――、%K%P
オレとしては、これ着て通学ってだけで、\nかなり恥ずかしいと思うんだけど――、%K%P
梨理ちゃんって思った以上に、\nストイックな子なのかもしれない。%K%P
梨理ちゃんって思った以上に、\nストイックな子なのかもしれない。%K%P
その後、美実様がやってきたタイミングで、\n杏奈ちゃんも姿を見せた。%K%P
その後、美実様がやってきたタイミングで、\n杏奈ちゃんも姿を見せた。%K%P
クレール様はまだだけど、杏奈ちゃんいわく、\n寮のキッチンで張り切って料理していたそうだ。%K%P
クレール様はまだだけど、杏奈ちゃんいわく、\n寮のキッチンで張り切って料理していたそうだ。%K%P
%LC杏奈
%LC杏奈
「美実様、梨理ちゃん。\n　今日はよろしくお願いします」%K%P
「美実様、梨理ちゃん。\n　今日はよろしくお願いします」%K%P
%LC梨理
%LC梨理
「私は連れてこられただけなので、\n　気にしないでください」%K%P
「私は連れてこられただけなので、\n　気にしないでください」%K%P
%LC梨理
%LC梨理
「そもそも、コーチって柄でもないですし」%K%P
「そもそも、コーチって柄でもないですし」%K%P
%LC美実
%LC美実
「そんなふうに言わないの。\n　楽しそうに支度してたくせに」%K%P
「そんなふうに言わないの。\n　楽しそうに支度してたくせに」%K%P
%LC梨理
%LC梨理
「それ、お姉ちゃんの気のせいだから」%K%P
「それ、お姉ちゃんの気のせいだから」%K%P
%LC美実
%LC美実
「そういうことにしといてあげる」%K%P
「そういうことにしといてあげる」%K%P
%LC梨理
%LC梨理
「むぅー」%K%P
「むぅー」%K%P
%LC美実
%LC美実
「で？　今日はどんな練習するの？」%K%P
「で？　今日はどんな練習するの？」%K%P
%LC陽菜
%LC陽菜
「杏奈ちゃんの希望を聞いて、それに付き合う\n　つもりだったんだけど……何かある？」%K%P
「杏奈ちゃんの希望を聞いて、それに付き合う\n　つもりだったんだけど……何かある？」%K%P
%LC杏奈
%LC杏奈
「そう言われると、かえって悩ましいけど――」%K%P
「そう言われると、かえって悩ましいけど――」%K%P
呟いて考え込んだけど、それも一瞬。%K%P
呟いて考え込んだけど、それも一瞬。%K%P
%LC杏奈
%LC杏奈
「あっ、アレしてみたい。\n　昨日話してた、おっぱい揉むやつ」%K%P
「あっ、アレしてみたい。\n　昨日話してた、おっぱい揉むやつ」%K%P
%LC陽菜
%LC陽菜
「なんでそういう覚え方を……」%K%P
「なんでそういう覚え方を……」%K%P
%LC杏奈
%LC杏奈
「そこが一番印象的だったんだもん」%K%P
「そこが一番印象的だったんだもん」%K%P
%LC杏奈
%LC杏奈
「ね、陽菜ちゃん。私と勝負しよ？」%K%P
「ね、陽菜ちゃん。私と勝負しよ？」%K%P
美実様たちもオレたちの勝負が見たいとのことで、\nさっそく、杏奈ちゃんと例のゲームをすることに。%K%P
美実様たちもオレたちの勝負が見たいとのことで、\nさっそく、杏奈ちゃんと例のゲームをすることに。%K%P
%LC陽菜
%LC陽菜
「私は利き手だけ使うけど、\n　杏奈ちゃんは両手を使っていいからね」%K%P
「私は利き手だけ使うけど、\n　杏奈ちゃんは両手を使っていいからね」%K%P
%LC杏奈
%LC杏奈
「ハンデってこと？」%K%P
「ハンデってこと？」%K%P
%LC陽菜
%LC陽菜
「そうじゃなくて。杏奈ちゃん、\n　{舞闘:カデンツァ}だと盾を使うでしょ？」%K%P
「そうじゃなくて。杏奈ちゃん、\n　{舞闘:カデンツァ}だと盾を使うでしょ？」%K%P
%LC杏奈
%LC杏奈
「なら、タッチのときは片手だけ。\n　攻撃を防ぐときは両手アリでいい？」%K%P
「なら、タッチのときは片手だけ。\n　攻撃を防ぐときは両手アリでいい？」%K%P
%LC陽菜
%LC陽菜
「いいよ。じゃあ――」%K%P
「いいよ。じゃあ――」%K%P
%LC美実
%LC美実
「私が合図してあげる」%K%P
「私が合図してあげる」%K%P
%LC美実
%LC美実
「いくよー？　アン・ガルド」%K%P
「いくよー？　アン・ガルド」%K%P
%LC美実
%LC美実
「プレ――アレ！」%K%P
「プレ――アレ！」%K%P
美実様の号令にあわせて一歩踏み込むと、\nまずは真っ直ぐ、お腹を狙って手を伸ばす。%K%P
美実様の号令にあわせて一歩踏み込むと、\nまずは真っ直ぐ、お腹を狙って手を伸ばす。%K%P
%LC杏奈
%LC杏奈
「ひゃうっ？！」%K%P
「ひゃうっ？！」%K%P
テンパった声こそ漏らしたものの、\nオレの手をしっかりガードする杏奈ちゃん。%K%P
テンパった声こそ漏らしたものの、\nオレの手をしっかりガードする杏奈ちゃん。%K%P
うんうん、動きがちゃんと見えてる証拠だ。%K%P
うんうん、動きがちゃんと見えてる証拠だ。%K%P
じゃあ、少しずつフェイントを混ぜて――、%K%P
じゃあ、少しずつフェイントを混ぜて――、%K%P
%LC杏奈
%LC杏奈
「わ、うわわっ」%K%P
「わ、うわわっ」%K%P
こっちがフットワークで揺さぶると、\n杏奈ちゃんも足を使って応戦してくる。%K%P
こっちがフットワークで揺さぶると、\n杏奈ちゃんも足を使って応戦してくる。%K%P
けど、せっかく両手が使えるのに、\nほとんど利き手しか使っていない。%K%P
けど、せっかく両手が使えるのに、\nほとんど利き手しか使っていない。%K%P
%LC陽菜
%LC陽菜
「盾、もっと使ってっ」%K%P
「盾、もっと使ってっ」%K%P
言葉だけじゃなく、攻撃でも意識させる。%K%P
言葉だけじゃなく、攻撃でも意識させる。%K%P
左側から、肩を叩く感じで手を伸ばすと、\n杏奈ちゃんはそれを盾側の手でしっかりガードした。%K%P
左側から、肩を叩く感じで手を伸ばすと、\n杏奈ちゃんはそれを盾側の手でしっかりガードした。%K%P
%LC杏奈
%LC杏奈
「やたっ、できたっ」%K%P
「やたっ、できたっ」%K%P
%LC陽菜
%LC陽菜
「まだまだっ」%K%P
「まだまだっ」%K%P
%LC杏奈
%LC杏奈
「わわわっ？！」%K%P
「わわわっ？！」%K%P
受け止められた手に力を込めて、\nぐぐっと強引に押し込んでいく。%K%P
受け止められた手に力を込めて、\nぐぐっと強引に押し込んでいく。%K%P
お互いの手首がガッチリせめぎ合うと、\n満員電車かってぐらい、顔の距離が近くなる。%K%P
お互いの手首がガッチリせめぎ合うと、\n満員電車かってぐらい、顔の距離が近くなる。%K%P
%LC杏奈
%LC杏奈
「ぐっ……くううっ」%K%P
「ぐっ……くううっ」%K%P
%LC陽菜
%LC陽菜
「杏奈ちゃん。いま私の手、どうなってる？」%K%P
「杏奈ちゃん。いま私の手、どうなってる？」%K%P
%LC杏奈
%LC杏奈
「どうって、押し込んできてるけどっ……」%K%P
「どうって、押し込んできてるけどっ……」%K%P
%LC陽菜
%LC陽菜
「ってことは？　私は手が塞がってるけど、\n　杏奈ちゃんは両手が使えるから？」%K%P
「ってことは？　私は手が塞がってるけど、\n　杏奈ちゃんは両手が使えるから？」%K%P
%LC杏奈
%LC杏奈
「あっ……」%K%P
「あっ……」%K%P
言われて気付いた杏奈ちゃんが、\nすかさずこっちの胴目掛けて利き手を伸ばす。%K%P
言われて気付いた杏奈ちゃんが、\nすかさずこっちの胴目掛けて利き手を伸ばす。%K%P
それを、後ろにステップして躱した。%K%P
それを、後ろにステップして躱した。%K%P
%LC陽菜
%LC陽菜
「いまの感じ、覚えておいてね」%K%P
「いまの感じ、覚えておいてね」%K%P
%LC陽菜
%LC陽菜
「防御しながら攻撃も意識するのは、\n　身体が覚えないと、なかなか大変だけど――」%K%P
「防御しながら攻撃も意識するのは、\n　身体が覚えないと、なかなか大変だけど――」%K%P
%LC陽菜
%LC陽菜
「迂闊には攻め込めないって相手に思わせれば、\n　前に教えた、盾での攻め込みも活きるから」%K%P
「迂闊には攻め込めないって相手に思わせれば、\n　前に教えた、盾での攻め込みも活きるから」%K%P
%LC杏奈
%LC杏奈
「うんっ」%K%P
「うんっ」%K%P
%LC陽菜
%LC陽菜
「なら、今度は杏奈ちゃんから攻めてきて」%K%P
「なら、今度は杏奈ちゃんから攻めてきて」%K%P
%LC杏奈
%LC杏奈
「うんっ！」%K%P
「うんっ！」%K%P
やってやるぞ！　って感じで、\n元気に頷く杏奈ちゃん。%K%P
やってやるぞ！　って感じで、\n元気に頷く杏奈ちゃん。%K%P
昨日戦った梨理ちゃんに比べると、\n動きは硬いし、連携も素直で読みやすい。%K%P
昨日戦った梨理ちゃんに比べると、\n動きは硬いし、連携も素直で読みやすい。%K%P
でも、なにより違うのは表情だ。%K%P
でも、なにより違うのは表情だ。%K%P
とにかく真剣で、笑みなんて一切なく、\nストイックに立ち向かってきた梨理ちゃん。%K%P
とにかく真剣で、笑みなんて一切なく、\nストイックに立ち向かってきた梨理ちゃん。%K%P
対して杏奈ちゃんの表情は、\n百面相って感じでころころ変わっていく。%K%P
対して杏奈ちゃんの表情は、\n百面相って感じでころころ変わっていく。%K%P
うまくいけば喜び、翻弄されれば慌てて、\nオレと戦うこと自体を、すごく楽しんでいる。%K%P
うまくいけば喜び、翻弄されれば慌てて、\nオレと戦うこと自体を、すごく楽しんでいる。%K%P
剣道やフェンシングと違って、\n{舞闘:カデンツァ}は頭に防具をつけない。%K%P
剣道やフェンシングと違って、\n{舞闘:カデンツァ}は頭に防具をつけない。%K%P
だからこそ勝負の最中、相手の顔がよく見える。%K%P
だからこそ勝負の最中、相手の顔がよく見える。%K%P
以前、{舞闘:カデンツァ}にハマる子が多いって、\n依夜様が言っていたけど――、%K%P
以前、{舞闘:カデンツァ}にハマる子が多いって、\n依夜様が言っていたけど――、%K%P
テアトルでの煌びやかな装いだけじゃなく、\n対戦相手の顔がよく見えるって部分も、\nハマる理由としては大きいのかもしれない。%K%P
テアトルでの煌びやかな装いだけじゃなく、\n対戦相手の顔がよく見えるって部分も、\nハマる理由としては大きいのかもしれない。%K%P
%LC杏奈
%LC杏奈
「なら……こうっ！」%K%P
「なら……こうっ！」%K%P
%LC陽菜
%LC陽菜
「おっと」%K%P
「おっと」%K%P
勢いよく突っ込んで来た杏奈ちゃんを躱すと、\n彼女はそのままオレの後ろに回り込む――って、%K%P
勢いよく突っ込んで来た杏奈ちゃんを躱すと、\n彼女はそのままオレの後ろに回り込む――って、%K%P
ヤバい、この動きは想定外ッ……！%K%P
ヤバい、この動きは想定外ッ……！%K%P
横幅が狭い舞台――ピストで戦うフェンシングだと、\n絶対にあり得ない展開だ、これっ……！%K%P
横幅が狭い舞台――ピストで戦うフェンシングだと、\n絶対にあり得ない展開だ、これっ……！%K%P
%LC杏奈
%LC杏奈
「陽菜ちゃん、覚悟っ！」%K%P
「陽菜ちゃん、覚悟っ！」%K%P
%LC陽菜
%LC陽菜
「くっ……！！」%K%P
「くっ……！！」%K%P
杏奈ちゃんの手が伸びてきて、\nヤバいと思った瞬間、身体が勝手に動いていた。%K%P
杏奈ちゃんの手が伸びてきて、\nヤバいと思った瞬間、身体が勝手に動いていた。%K%P
闘牛士のように杏奈ちゃんの手を半身で避けたあと、\n勢い余った彼女を、正面からしっかりキャッチ。%K%P
闘牛士のように杏奈ちゃんの手を半身で避けたあと、\n勢い余った彼女を、正面からしっかりキャッチ。%K%P
で、そのまま彼女のお腹に、ぽん、とタッチ。%K%P
で、そのまま彼女のお腹に、ぽん、とタッチ。%K%P
%LC陽菜
%LC陽菜
「ふぅ……。はい、私の勝ち――」%K%P
「ふぅ……。はい、私の勝ち――」%K%P
%LC杏奈
%LC杏奈
「ふおうっ氈v%K%P
「ふおうっ氈v%K%P
%LC陽菜
%LC陽菜
「なっ、なにごとっ？」%K%P
「なっ、なにごとっ？」%K%P
%LC杏奈
%LC杏奈
「ごっ、ごめんっ。\n　私、お腹さわられるの弱くって」%K%P
「ごっ、ごめんっ。\n　私、お腹さわられるの弱くって」%K%P
%LC陽菜
%LC陽菜
「なんだ、びっくりした……。\n　変なところ触っちゃったかと思った」%K%P
「なんだ、びっくりした……。\n　変なところ触っちゃったかと思った」%K%P
%LC梨理
%LC梨理
「変なとこってどこですかぁー？」%K%P
「変なとこってどこですかぁー？」%K%P
%LC美実
%LC美実
「陽菜ちゃんのえっちぃー」%K%P
「陽菜ちゃんのえっちぃー」%K%P
%LC陽菜
%LC陽菜
「野次のレベル小学生ですかっ」%K%P
「野次のレベル小学生ですかっ」%K%P
%LCクレール
%LCクレール
「陽菜ちゃんのえっちえっちー」%K%P
「陽菜ちゃんのえっちえっちー」%K%P
%LC陽菜
%LC陽菜
「だから――……って、え、クレール様？」%K%P
「だから――……って、え、クレール様？」%K%P
%LCクレール
%LCクレール
「うふふっ、ごきげんよう」%K%P
「うふふっ、ごきげんよう」%K%P
%LCクレール
%LCクレール
「ちょっと前に来てたんだけど、\n　勝負の邪魔しちゃいけないから黙ってたの」%K%P
「ちょっと前に来てたんだけど、\n　勝負の邪魔しちゃいけないから黙ってたの」%K%P
そう微笑んだクレール様の荷物は、\nお花見にでも行けそうな仰々しさだった。%K%P
そう微笑んだクレール様の荷物は、\nお花見にでも行けそうな仰々しさだった。%K%P
%LC陽菜
%LC陽菜
「まさか……それ全部、差し入れですか？」%K%P
「まさか……それ全部、差し入れですか？」%K%P
%LCクレール
%LCクレール
「なにがいいかなって悩んじゃって。\n　で、ならいっそ全部作っちゃおうって」%K%P
「なにがいいかなって悩んじゃって。\n　で、ならいっそ全部作っちゃおうって」%K%P
%LC陽菜
%LC陽菜
「けど、さすがにその量は……」%K%P
「けど、さすがにその量は……」%K%P
%LC美実
%LC美実
「大丈夫じゃない？　この人数なら」%K%P
「大丈夫じゃない？　この人数なら」%K%P
%LC美実
%LC美実
「こんなこともあろうかと、\n　ゲストも呼んでおいたし」%K%P
「こんなこともあろうかと、\n　ゲストも呼んでおいたし」%K%P
%LC陽菜
%LC陽菜
「ゲスト？」%K%P
「ゲスト？」%K%P
%LC美実
%LC美実
「おっ、噂をすれば」%K%P
「おっ、噂をすれば」%K%P
%LC依夜
%LC依夜
「美実、遅れてごめんなさい。\n　家の手伝いに、少し掛かって――」%K%P
「美実、遅れてごめんなさい。\n　家の手伝いに、少し掛かって――」%K%P
%LC陽菜
%LC陽菜
「依夜様……」%K%P
「依夜様……」%K%P
%LC美実
%LC美実
「昨日のうちに声掛けておいたの。\n　よかったら明日、一緒に練習しよってね」%K%P
「昨日のうちに声掛けておいたの。\n　よかったら明日、一緒に練習しよってね」%K%P
%LC依夜
%LC依夜
「陽菜たちがいるだなんて、\n　聞いてないのだけど」%K%P
「陽菜たちがいるだなんて、\n　聞いてないのだけど」%K%P
%LC美実
%LC美実
「言ってないからね。驚かせたくて」%K%P
「言ってないからね。驚かせたくて」%K%P
%LC依夜
%LC依夜
「もう……」%K%P
「もう……」%K%P
そんな短いやりとりだけで、\nふたりの関係性がなんとなくわかってしまう。%K%P
そんな短いやりとりだけで、\nふたりの関係性がなんとなくわかってしまう。%K%P
%LC梨理
%LC梨理
「お姉ちゃん。これ、どういうこと？」%K%P
「お姉ちゃん。これ、どういうこと？」%K%P
%LC美実
%LC美実
「せっかくだし、賑やかな方がいいかなって」%K%P
「せっかくだし、賑やかな方がいいかなって」%K%P
%LC梨理
%LC梨理
「だからって」%K%P
「だからって」%K%P
%LC美実
%LC美実
「梨理も{最優秀騎士:ブリランテ}に興味あるでしょ？」%K%P
「梨理も{最優秀騎士:ブリランテ}に興味あるでしょ？」%K%P
%LC梨理
%LC梨理
「ん……」%K%P
「ん……」%K%P
%LC美実
%LC美実
「よしっ！　じゃあ、依夜も来たことだし。\n　みんなで杏奈をしごいちゃおー」%K%P
「よしっ！　じゃあ、依夜も来たことだし。\n　みんなで杏奈をしごいちゃおー」%K%P
%LC杏奈
%LC杏奈
「えっ……えええっ？！」%K%P
「えっ……えええっ？！」%K%P
そうして、杏奈ちゃんを中心に、\nみんなでトレーニング。%K%P
そうして、杏奈ちゃんを中心に、\nみんなでトレーニング。%K%P
それぞれがよくやる練習方法や、\nイメージトレーニングを教え合ったり。%K%P
それぞれがよくやる練習方法や、\nイメージトレーニングを教え合ったり。%K%P
これが、オレにとってもかなり勉強になった。%K%P
これが、オレにとってもかなり勉強になった。%K%P
姉さんから色々教わったりもしているけど、\nオレの純然な{舞闘:カデンツァ}歴は、まだ１週間。%K%P
姉さんから色々教わったりもしているけど、\nオレの純然な{舞闘:カデンツァ}歴は、まだ１週間。%K%P
対して、依夜様と美実様は２年以上なわけで、\n経験の差も含めて、学ぶべき部分は多かった。%K%P
対して、依夜様と美実様は２年以上なわけで、\n経験の差も含めて、学ぶべき部分は多かった。%K%P
気付けばお昼をとっくに過ぎていたので、\n今日の練習はここまで、ということに。%K%P
気付けばお昼をとっくに過ぎていたので、\n今日の練習はここまで、ということに。%K%P
%LC杏奈
%LC杏奈
「ふぅ、ふぅ……はぁ、はぁ……」%K%P
「ふぅ、ふぅ……はぁ、はぁ……」%K%P
%LCクレール
%LCクレール
「杏奈ちゃん、お疲れさま。\n　はい、タオルと飲み物どうぞ」%K%P
「杏奈ちゃん、お疲れさま。\n　はい、タオルと飲み物どうぞ」%K%P
%LC杏奈
%LC杏奈
「ありがとうございます」%K%P
「ありがとうございます」%K%P
%LCクレール
%LCクレール
「なんでもあるから、なんでも言って。\n　なんならマッサージもしちゃうから」%K%P
「なんでもあるから、なんでも言って。\n　なんならマッサージもしちゃうから」%K%P
%LCクレール
%LCクレール
「こう見えて揉むのは得意なの」%K%P
「こう見えて揉むのは得意なの」%K%P
%LC杏奈
%LC杏奈
「はぅ、いたれりつくせりすぎるぅ……」%K%P
「はぅ、いたれりつくせりすぎるぅ……」%K%P
たっぷり身体を動かしたあとは、\n時間をかけて、ゆっくりクールダウン。%K%P
たっぷり身体を動かしたあとは、\n時間をかけて、ゆっくりクールダウン。%K%P
それから満を持して、\nクレール様の差し入れをいただくことに。%K%P
それから満を持して、\nクレール様の差し入れをいただくことに。%K%P
お花見に行けそうなんて思った荷物は、\n実際に広げてみたら、マジでお花見だった。%K%P
お花見に行けそうなんて思った荷物は、\n実際に広げてみたら、マジでお花見だった。%K%P
%LC梨理
%LC梨理
「わ、この肉巻きおにぎり美味しい……」%K%P
「わ、この肉巻きおにぎり美味しい……」%K%P
%LCクレール
%LCクレール
「たくさん作ったの。どんどん食べて」%K%P
「たくさん作ったの。どんどん食べて」%K%P
%LC梨理
%LC梨理
「ありがとうございます。……あむっ」%K%P
「ありがとうございます。……あむっ」%K%P
%LCクレール
%LCクレール
「ふふっ、梨理ちゃんの食べ方可愛い。\n　リスみたい」%K%P
「ふふっ、梨理ちゃんの食べ方可愛い。\n　リスみたい」%K%P
%LC梨理
%LC梨理
「ん……」%K%P
「ん……」%K%P
%LC陽菜
%LC陽菜
「クレール様って料理上手ですね。\n　和食まで作れるなんて」%K%P
「クレール様って料理上手ですね。\n　和食まで作れるなんて」%K%P
%LCクレール
%LCクレール
「もともと自分で食べたくて勉強したの。\n　日本の食文化、大好きだから」%K%P
「もともと自分で食べたくて勉強したの。\n　日本の食文化、大好きだから」%K%P
%LC美実
%LC美実
「わかる。好きって原動力になるよねぇ」%K%P
「わかる。好きって原動力になるよねぇ」%K%P
%LC杏奈
%LC杏奈
「ですね。私もいま、すっごい好きなので」%K%P
「ですね。私もいま、すっごい好きなので」%K%P
%LC美実
%LC美実
「陽菜ちゃんが？」%K%P
「陽菜ちゃんが？」%K%P
%LC陽菜
%LC陽菜
「げふっ」%K%P
「げふっ」%K%P
%LC依夜
%LC依夜
「陽菜、大丈夫？」%K%P
「陽菜、大丈夫？」%K%P
%LC陽菜
%LC陽菜
「はっ、はい。ちょっと咽せただけで」%K%P
「はっ、はい。ちょっと咽せただけで」%K%P
%LC陽菜
%LC陽菜
「もう、美実様が変なこと言うからっ……」%K%P
「もう、美実様が変なこと言うからっ……」%K%P
%LC杏奈
%LC杏奈
「別に変じゃなくない？\n　私、陽菜ちゃんのこと好きだよ？」%K%P
「別に変じゃなくない？\n　私、陽菜ちゃんのこと好きだよ？」%K%P
%LC陽菜
%LC陽菜
「え」%K%P
「え」%K%P
%LC杏奈
%LC杏奈
「美実様も好きだし、クレール様も好きだし。\n　依夜様も梨理ちゃんも好きだし、みんな好き」%K%P
「美実様も好きだし、クレール様も好きだし。\n　依夜様も梨理ちゃんも好きだし、みんな好き」%K%P
%LC陽菜
%LC陽菜
「ああ……。なんだ、そういう」%K%P
「ああ……。なんだ、そういう」%K%P
%LC美実
%LC美実
「あ、ガッカリしてる」%K%P
「あ、ガッカリしてる」%K%P
%LC陽菜
%LC陽菜
「してません」%K%P
「してません」%K%P
%LC杏奈
%LC杏奈
「ええー？　ガッカリしてくれないの？」%K%P
「ええー？　ガッカリしてくれないの？」%K%P
%LC陽菜
%LC陽菜
「もう、杏奈ちゃんまで」%K%P
「もう、杏奈ちゃんまで」%K%P
%LC杏奈
%LC杏奈
「あははっ。でも確かにいま、\n　{舞闘:カデンツァ}の練習、すっごく好きかも」%K%P
「あははっ。でも確かにいま、\n　{舞闘:カデンツァ}の練習、すっごく好きかも」%K%P
%LC梨理
%LC梨理
「好き……？　練習が、ですか？」%K%P
「好き……？　練習が、ですか？」%K%P
%LC杏奈
%LC杏奈
「うん。毎日ちょっとずつ出来ることが増えて。\n　そういうの、すっごく楽しい」%K%P
「うん。毎日ちょっとずつ出来ることが増えて。\n　そういうの、すっごく楽しい」%K%P
%LCクレール
%LCクレール
「うんうん。私も料理の勉強してるとき、\n　知識が増えていくの、すっごく楽しかった」%K%P
「うんうん。私も料理の勉強してるとき、\n　知識が増えていくの、すっごく楽しかった」%K%P
%LCクレール
%LCクレール
「何気なく食べてた食事が、識ることで、\n　ぜんぜん違って見えてきたりだとか」%K%P
「何気なく食べてた食事が、識ることで、\n　ぜんぜん違って見えてきたりだとか」%K%P
%LC依夜
%LC依夜
「理解を欲するのは人の本質だから」%K%P
「理解を欲するのは人の本質だから」%K%P
%LC美実
%LC美実
「お坊さんみたいなこと言ってる」%K%P
「お坊さんみたいなこと言ってる」%K%P
%LC依夜
%LC依夜
「せめて巫女と言って」%K%P
「せめて巫女と言って」%K%P
%LC美実
%LC美実
「依夜の家、神社だもんね」%K%P
「依夜の家、神社だもんね」%K%P
%LC陽菜
%LC陽菜
「神社……」%K%P
「神社……」%K%P
依夜様に神社って……似合いすぎる。%K%P
依夜様に神社って……似合いすぎる。%K%P
%LC陽菜
%LC陽菜
「じゃあ、さっき言っていた家の手伝いって」%K%P
「じゃあ、さっき言っていた家の手伝いって」%K%P
%LC依夜
%LC依夜
「今度、祭事があるから。その準備とか」%K%P
「今度、祭事があるから。その準備とか」%K%P
%LC杏奈
%LC杏奈
「うぅ、すみません。そんな忙しいときに」%K%P
「うぅ、すみません。そんな忙しいときに」%K%P
%LC依夜
%LC依夜
「平気よ、ちゃんと終えてきたから」%K%P
「平気よ、ちゃんと終えてきたから」%K%P
%LC依夜
%LC依夜
「もし無理なら、最初から断ってる。\n　だから気にしないで、杏奈」%K%P
「もし無理なら、最初から断ってる。\n　だから気にしないで、杏奈」%K%P
%LC杏奈
%LC杏奈
「ほっ、よかったぁ……」%K%P
「ほっ、よかったぁ……」%K%P
%LC杏奈
%LC杏奈
「でもほんと、今日は楽しかったです。\n　依夜様にも色々と教えてもらっちゃって」%K%P
「でもほんと、今日は楽しかったです。\n　依夜様にも色々と教えてもらっちゃって」%K%P
%LC依夜
%LC依夜
「杏奈、強くなると思う」%K%P
「杏奈、強くなると思う」%K%P
%LC陽菜
%LC陽菜
「うん。今日だけで、かなり良くなったし」%K%P
「うん。今日だけで、かなり良くなったし」%K%P
%LC杏奈
%LC杏奈
「んぅ……んひっ、褒められ慣れてないから、\n　顔、ゆるみっぱなしになっちゃいそう……」%K%P
「んぅ……んひっ、褒められ慣れてないから、\n　顔、ゆるみっぱなしになっちゃいそう……」%K%P
%LC美実
%LC美実
「その分、今日明日あたり筋肉痛だろうけど」%K%P
「その分、今日明日あたり筋肉痛だろうけど」%K%P
%LC杏奈
%LC杏奈
「あうっ」%K%P
「あうっ」%K%P
%LCクレール
%LCクレール
「そうなったらいつでも呼んで。\n　お部屋までマッサージしに行くから」%K%P
「そうなったらいつでも呼んで。\n　お部屋までマッサージしに行くから」%K%P
%LC杏奈
%LC杏奈
「やったぁ、寮生活ばんざいっ」%K%P
「やったぁ、寮生活ばんざいっ」%K%P
美味しいご飯を囲んで、賑やかな会話。%K%P
美味しいご飯を囲んで、賑やかな会話。%K%P
いかにも女子の集まりって感じの輪の中に、\n自分が混ざる日がくるだなんて思わなかった。%K%P
いかにも女子の集まりって感じの輪の中に、\n自分が混ざる日がくるだなんて思わなかった。%K%P
それも、女の子として、なんて――、%K%P
それも、女の子として、なんて――、%K%P
%LC杏奈
%LC杏奈
「陽菜ちゃん、今日はありがと」%K%P
「陽菜ちゃん、今日はありがと」%K%P
%LC陽菜
%LC陽菜
「どうしたの、急に」%K%P
「どうしたの、急に」%K%P
%LC杏奈
%LC杏奈
「だって、今日こんなふうに過ごせたのは、\n　陽菜ちゃんが休日練習提案してくれたからだし」%K%P
「だって、今日こんなふうに過ごせたのは、\n　陽菜ちゃんが休日練習提案してくれたからだし」%K%P
%LC美実
%LC美実
「だね。陽菜ちゃんのおかげで、\n　こんなに美味しいご飯も食べれたし」%K%P
「だね。陽菜ちゃんのおかげで、\n　こんなに美味しいご飯も食べれたし」%K%P
%LC梨理
%LC梨理
「作ったのはクレール様だから」%K%P
「作ったのはクレール様だから」%K%P
%LCクレール
%LCクレール
「切っ掛けをくれたのは陽菜ちゃんよ？\n　ありがとう、陽菜ちゃん」%K%P
「切っ掛けをくれたのは陽菜ちゃんよ？\n　ありがとう、陽菜ちゃん」%K%P
%LC依夜
%LC依夜
「私からも。ありがとう、陽菜」%K%P
「私からも。ありがとう、陽菜」%K%P
%LC陽菜
%LC陽菜
「ん……」%K%P
「ん……」%K%P
思いがけずお礼を言われてしまい、\n照れくさくて、咄嗟に言葉が出てこない。%K%P
思いがけずお礼を言われてしまい、\n照れくさくて、咄嗟に言葉が出てこない。%K%P
%LC美実
%LC美実
「ほら、梨理も。ここは言う流れだよ？」%K%P
「ほら、梨理も。ここは言う流れだよ？」%K%P
%LC梨理
%LC梨理
「お姉ちゃんも言ってないでしょ」%K%P
「お姉ちゃんも言ってないでしょ」%K%P
%LC美実
%LC美実
「なら、姉妹一緒に。せーの――」%K%P
「なら、姉妹一緒に。せーの――」%K%P
%LC梨理
%LC梨理
「ありがと、センセ」%K%P
「ありがと、センセ」%K%P
%LC梨理
%LC梨理
「って、なんで私だけっ」%K%P
「って、なんで私だけっ」%K%P
%LC美実
%LC美実
「くすっ、んふふっ。\n　ほんとウチの妹ってば可愛い」%K%P
「くすっ、んふふっ。\n　ほんとウチの妹ってば可愛い」%K%P
%LC梨理
%LC梨理
「お姉ちゃんっ」%K%P
「お姉ちゃんっ」%K%P
%LC美実
%LC美実
「ふふっ、よしよし」%K%P
「ふふっ、よしよし」%K%P
むくれる梨理ちゃんをあやすように、\n美実様が、彼女の頭を優しく撫でる。%K%P
むくれる梨理ちゃんをあやすように、\n美実様が、彼女の頭を優しく撫でる。%K%P
椋木姉妹が仲睦まじいことも、\nクレール様が料理上手なことも、\n依夜様の実家が神社なことも。%K%P
椋木姉妹が仲睦まじいことも、\nクレール様が料理上手なことも、\n依夜様の実家が神社なことも。%K%P
杏奈ちゃんのコーチを引き受けたからこそ、\n知ることができたわけで。%K%P
杏奈ちゃんのコーチを引き受けたからこそ、\n知ることができたわけで。%K%P
%LC陽菜
%LC陽菜
「ありがとう、杏奈ちゃん」%K%P
「ありがとう、杏奈ちゃん」%K%P
%LC杏奈
%LC杏奈
「えっ……ええっ？　なんでお礼っ？\n　ってか、なんで私っ？」%K%P
「えっ……ええっ？　なんでお礼っ？\n　ってか、なんで私っ？」%K%P
%LC陽菜
%LC陽菜
「今日という素敵な一日をくれた、そのお礼」%K%P
「今日という素敵な一日をくれた、そのお礼」%K%P
%LC陽菜
%LC陽菜
「美実様も梨理ちゃんも、クレール様も、依夜様も。\n　今日は本当に、ありがとうございました」%K%P
「美実様も梨理ちゃんも、クレール様も、依夜様も。\n　今日は本当に、ありがとうございました」%K%P
さっきは咄嗟に出てこなかった言葉を、\n今度は、しっかりと形にして伝える。%K%P
さっきは咄嗟に出てこなかった言葉を、\n今度は、しっかりと形にして伝える。%K%P
{女装:これ}は{女装:これ}で、ありかもしれない――。%K%P
{女装:これ}は{女装:これ}で、ありかもしれない――。%K%P
そう思えてしまうぐらい、\nその日は、とても充実した一日だった。%K%P
そう思えてしまうぐらい、\nその日は、とても充実した一日だった。%K%P
