%LC宗千佳
%LC宗千佳
「昨日の朝礼で知っていると思うが、\n　今回から私の補佐として参加する卯花陽菜だ」%K%P
「昨日の朝礼で知っていると思うが、\n　今回から私の補佐として参加する卯花陽菜だ」%K%P
%LC陽菜
%LC陽菜
「不慣れで至らないところもあると思うけど、\n　よろしくお願いします」%K%P
「不慣れで至らないところもあると思うけど、\n　よろしくお願いします」%K%P
%LC１年生一同
%LC１年生一同
「「「よろしくお願いしますっ！」」」%K%P
「「「よろしくお願いしますっ！」」」%K%P
%LC宗千佳
%LC宗千佳
「今日の授業は、私と陽菜で、\n　各自の構えと足捌きをチェックしていく」%K%P
「今日の授業は、私と陽菜で、\n　各自の構えと足捌きをチェックしていく」%K%P
%LC宗千佳
%LC宗千佳
「試験に向けて懸念や課題がある者は、\n　遠慮せず質問してくるように」%K%P
「試験に向けて懸念や課題がある者は、\n　遠慮せず質問してくるように」%K%P
%LC１年生一同
%LC１年生一同
「「「はいっ！」」」%K%P
「「「はいっ！」」」%K%P
%LC１年生Ａ
%LC１年生Ａ
「あぁ、陽菜様……。なんて素敵……」%K%P
「あぁ、陽菜様……。なんて素敵……」%K%P
%LC１年生Ｂ
%LC１年生Ｂ
「わたくし先日の{舞闘:カデンツァ}で、\n　陽菜様のファンになってしまいました」%K%P
「わたくし先日の{舞闘:カデンツァ}で、\n　陽菜様のファンになってしまいました」%K%P
%LC１年生Ａ
%LC１年生Ａ
「だよねだよねっ。あれはなっちゃうよねっ」%K%P
「だよねだよねっ。あれはなっちゃうよねっ」%K%P
%LC１年生Ｃ
%LC１年生Ｃ
「うぅ、どうしようどうしようどうしよう、\n　陽菜様とお話だなんて緊張してきちゃった」%K%P
「うぅ、どうしようどうしようどうしよう、\n　陽菜様とお話だなんて緊張してきちゃった」%K%P
%LC１年生Ｄ
%LC１年生Ｄ
「んもー、そんなこと言われたら\n　私まで緊張しちゃうじゃないっ」%K%P
「んもー、そんなこと言われたら\n　私まで緊張しちゃうじゃないっ」%K%P
{騎士道:シュバルリィ}の授業でも、\n運動前のストレッチは欠かせない。%K%P
{騎士道:シュバルリィ}の授業でも、\n運動前のストレッチは欠かせない。%K%P
そんなストレッチをしている子たちの会話が、\nどうしても耳に入ってきてしまう。%K%P
そんなストレッチをしている子たちの会話が、\nどうしても耳に入ってきてしまう。%K%P
けど、それよりなにより気になるのは――、%K%P
けど、それよりなにより気になるのは――、%K%P
%LC陽菜
%LC陽菜
「なんで姉さんはフィエルテ着てないの？」%K%P
「なんで姉さんはフィエルテ着てないの？」%K%P
%LC宗千佳
%LC宗千佳
「指導する側は着る必要がないからな」%K%P
「指導する側は着る必要がないからな」%K%P
%LC陽菜
%LC陽菜
「なっ……！？　じゃあ、なんで私だけっ……！」%K%P
「なっ……！？　じゃあ、なんで私だけっ……！」%K%P
%LC宗千佳
%LC宗千佳
「陽菜は学生として接してほしいんだろう？\n　昨日、依夜にそう話していたじゃないか」%K%P
「陽菜は学生として接してほしいんだろう？\n　昨日、依夜にそう話していたじゃないか」%K%P
%LC陽菜
%LC陽菜
「これ着るの恥ずかしいんだよっ？！」%K%P
「これ着るの恥ずかしいんだよっ？！」%K%P
%LC宗千佳
%LC宗千佳
「だからこそ、慣れておいたほうがいい」%K%P
「だからこそ、慣れておいたほうがいい」%K%P
%LC宗千佳
%LC宗千佳
「鎧を身に纏う正式な{舞闘:カデンツァ}は、\n　テアトルの壇上でしか行えないが――」%K%P
「鎧を身に纏う正式な{舞闘:カデンツァ}は、\n　テアトルの壇上でしか行えないが――」%K%P
%LC宗千佳
%LC宗千佳
「立体映像なしの簡易的な{舞闘:カデンツァ}なら、\n　このトレーニングルームでも行うことが出来る」%K%P
「立体映像なしの簡易的な{舞闘:カデンツァ}なら、\n　このトレーニングルームでも行うことが出来る」%K%P
%LC宗千佳
%LC宗千佳
「この場合、当然鎧はない」%K%P
「この場合、当然鎧はない」%K%P
%LC陽菜
%LC陽菜
「このまま闘うってことっ……？！」%K%P
「このまま闘うってことっ……？！」%K%P
%LC宗千佳
%LC宗千佳
「恥ずかしがって縮こまっていたら、\n　実力を発揮できずにやられてしまうぞ？」%K%P
「恥ずかしがって縮こまっていたら、\n　実力を発揮できずにやられてしまうぞ？」%K%P
%LC陽菜
%LC陽菜
「うぐぐっ……」%K%P
「うぐぐっ……」%K%P
そんなこと言われたって、\n恥ずかしいものは恥ずかしい。%K%P
そんなこと言われたって、\n恥ずかしいものは恥ずかしい。%K%P
例えるなら、女子用のスクール水着を無理矢理に\n着せられているような、そんな感覚なんだから。%K%P
例えるなら、女子用のスクール水着を無理矢理に\n着せられているような、そんな感覚なんだから。%K%P
あっ、いや、そもそもそんな経験もないんだけど。%K%P
あっ、いや、そもそもそんな経験もないんだけど。%K%P
あくまでイメージ的にね？　ね？%K%P
あくまでイメージ的にね？　ね？%K%P
%LC１年生Ａ
%LC１年生Ａ
「私、相手に主導権を握られると、\n　どうしても後ろに下がってしまうんです」%K%P
「私、相手に主導権を握られると、\n　どうしても後ろに下がってしまうんです」%K%P
%LC１年生Ａ
%LC１年生Ａ
「それで、いつもそのまま、\n　相手に押し切られてしまって……」%K%P
「それで、いつもそのまま、\n　相手に押し切られてしまって……」%K%P
%LC１年生Ａ
%LC１年生Ａ
「どうすれば後ろに下がらず、\n　前に出れるようになりますか？」%K%P
「どうすれば後ろに下がらず、\n　前に出れるようになりますか？」%K%P
%LC陽菜
%LC陽菜
「前に出る気持ちも大切だけど、\n　下がること自体は悪い事じゃないよ」%K%P
「前に出る気持ちも大切だけど、\n　下がること自体は悪い事じゃないよ」%K%P
%LC１年生Ａ
%LC１年生Ａ
「そうなのですか？」%K%P
「そうなのですか？」%K%P
%LC陽菜
%LC陽菜
「相手の出方を見たり、間合いを切ったり。\n　必要になる局面も多いから」%K%P
「相手の出方を見たり、間合いを切ったり。\n　必要になる局面も多いから」%K%P
%LC陽菜
%LC陽菜
「きっと、下がるって行動をマイナスに捉えて、\n　気持ちまで後ろ向きになってるんだと思う」%K%P
「きっと、下がるって行動をマイナスに捉えて、\n　気持ちまで後ろ向きになってるんだと思う」%K%P
%LC陽菜
%LC陽菜
「下がるときも、しっかり自信をもって。\n　反撃の機会を窺うぞ、ぐらいの気持ちでね」%K%P
「下がるときも、しっかり自信をもって。\n　反撃の機会を窺うぞ、ぐらいの気持ちでね」%K%P
%LC１年生Ｂ
%LC１年生Ｂ
「左右に揺さぶられるのが苦手なのですが、\n　どのように対策すればよいでしょうか」%K%P
「左右に揺さぶられるのが苦手なのですが、\n　どのように対策すればよいでしょうか」%K%P
%LC陽菜
%LC陽菜
「さっき動きを見せてもらったけど、\n　剣道経験者、だよね？」%K%P
「さっき動きを見せてもらったけど、\n　剣道経験者、だよね？」%K%P
%LC１年生Ｂ
%LC１年生Ｂ
「さっきって……あんな少しだけで、\n　わかるものなのですか？」%K%P
「さっきって……あんな少しだけで、\n　わかるものなのですか？」%K%P
%LC陽菜
%LC陽菜
「剣道の足の運び方って独特だから。\n　とくに、送り足とか」%K%P
「剣道の足の運び方って独特だから。\n　とくに、送り足とか」%K%P
%LC陽菜
%LC陽菜
「揺さぶりに対しては、横移動――開き足のとき、\n　重心がブレないように意識してみて」%K%P
「揺さぶりに対しては、横移動――開き足のとき、\n　重心がブレないように意識してみて」%K%P
%LC陽菜
%LC陽菜
「焦って早く動こうとしちゃダメだよ。\n　かえって上半身が不安定になっちゃうから」%K%P
「焦って早く動こうとしちゃダメだよ。\n　かえって上半身が不安定になっちゃうから」%K%P
%LC１年生Ｃ
%LC１年生Ｃ
%XS21「私、陽菜様みたいになりたいですっ！」%XE%K%P
%XS21「私、陽菜様みたいになりたいですっ！」%XE%K%P
%LC陽菜
%LC陽菜
「ええっと……私のような闘い方がしたい、\n　ってことでいいのかな？」%K%P
「ええっと……私のような闘い方がしたい、\n　ってことでいいのかな？」%K%P
%LC１年生Ｃ
%LC１年生Ｃ
「違いますっ！\n　私、陽菜様のように可愛くなりたいですっ！」%K%P
「違いますっ！\n　私、陽菜様のように可愛くなりたいですっ！」%K%P
%LC陽菜
%LC陽菜
%XS21「えっ……ええええっ？！」%XE%K%P
%XS21「えっ……ええええっ？！」%XE%K%P
%LC陽菜
%LC陽菜
「ふぅ……」%K%P
「ふぅ……」%K%P
挨拶も兼ねて、大半の学生たちと話を終えると、\nそれだけで授業時間が半分ほど過ぎていた。%K%P
挨拶も兼ねて、大半の学生たちと話を終えると、\nそれだけで授業時間が半分ほど過ぎていた。%K%P
{騎士道:シュバルリィ}の実技授業は、\n学年ごとにまとまって行われる。%K%P
{騎士道:シュバルリィ}の実技授業は、\n学年ごとにまとまって行われる。%K%P
つまり、いまこの場にはノーブルの１年生が\nすべて集まってるってことで。%K%P
つまり、いまこの場にはノーブルの１年生が\nすべて集まってるってことで。%K%P
{騎士育成科:ノーブル}を希望するだけあって、\nみんな、いかにも{騎士:ワルキュリア}の卵って感じだ。%K%P
{騎士育成科:ノーブル}を希望するだけあって、\nみんな、いかにも{騎士:ワルキュリア}の卵って感じだ。%K%P
%LC宗千佳
%LC宗千佳
「どうだ？　気になる学生はいたか？」%K%P
「どうだ？　気になる学生はいたか？」%K%P
%LC陽菜
%LC陽菜
「えっと――」%K%P
「えっと――」%K%P
チェック用に渡されていた名簿を見ながら、\n書き込んでいたメモを見返す。%K%P
チェック用に渡されていた名簿を見ながら、\n書き込んでいたメモを見返す。%K%P
%LC陽菜
%LC陽菜
「……３組の森下千波さん、かな。\n　判断が速いし、フォームも綺麗だった」%K%P
「……３組の森下千波さん、かな。\n　判断が速いし、フォームも綺麗だった」%K%P
%LC宗千佳
%LC宗千佳
「よく見ているな。\n　千波は前回試験で２位だった」%K%P
「よく見ているな。\n　千波は前回試験で２位だった」%K%P
%LC陽菜
%LC陽菜
「あの子が２位、ということは――」%K%P
「あの子が２位、ということは――」%K%P
%LC陽菜
%LC陽菜
「１位は、あの子……だよね？」%K%P
「１位は、あの子……だよね？」%K%P
姉さんに示すように、一人の女の子を見る。%K%P
姉さんに示すように、一人の女の子を見る。%K%P
まだ声をかけていない子の中に、\nあきらかに一人だけレベルの違う子がいた。%K%P
まだ声をかけていない子の中に、\nあきらかに一人だけレベルの違う子がいた。%K%P
小柄で、ぱっと見みは華奢な体躯だけど、\n一挙手一投足がすごく洗練されている。%K%P
小柄で、ぱっと見みは華奢な体躯だけど、\n一挙手一投足がすごく洗練されている。%K%P
股関節のバネをしっかり使いこなしていて、\n前後のフットワークに心地良いキレがあった。%K%P
股関節のバネをしっかり使いこなしていて、\n前後のフットワークに心地良いキレがあった。%K%P
%LC宗千佳
%LC宗千佳
「正解だ。……っと、目があったな」%K%P
「正解だ。……っと、目があったな」%K%P
オレと姉さんの視線に気付いたようで、\nこちらを見たあと、にこっと笑う。%K%P
オレと姉さんの視線に気付いたようで、\nこちらを見たあと、にこっと笑う。%K%P
%LC１年生Ａ
%LC１年生Ａ
「先生。フォームのチェック、お願いします」%K%P
「先生。フォームのチェック、お願いします」%K%P
%LC宗千佳
%LC宗千佳
「わかった」%K%P
「わかった」%K%P
姉さんが他の子に呼ばれ、オレが一人になると、\nその子はたたたっとこちらに駆け寄ってきた。%K%P
姉さんが他の子に呼ばれ、オレが一人になると、\nその子はたたたっとこちらに駆け寄ってきた。%K%P
%LC？？？
%LC？？？
「初めまして、陽菜センセ」%K%P
「初めまして、陽菜センセ」%K%P
%LC陽菜
%LC陽菜
「せ、センセ……？」%K%P
「せ、センセ……？」%K%P
%LC？？？
%LC？？？
「はい。ごきげんようです、陽菜センセ」%K%P
「はい。ごきげんようです、陽菜センセ」%K%P
%LC陽菜
%LC陽菜
「あの、できれば私のことは、\n　先生じゃなく、学生として――」%K%P
「あの、できれば私のことは、\n　先生じゃなく、学生として――」%K%P
%LC？？？
%LC？？？
「イヤです」%K%P
「イヤです」%K%P
%LC陽菜
%LC陽菜
「……え？」%K%P
「……え？」%K%P
%LC？？？
%LC？？？
「イヤだからイヤだって言ったんです。\n　だって、センセはセンセでしょ？」%K%P
「イヤだからイヤだって言ったんです。\n　だって、センセはセンセでしょ？」%K%P
%LC？？？
%LC？？？
「なら、センセって呼んでもいいですよね？\n　ねぇ？　陽菜センセ」%K%P
「なら、センセって呼んでもいいですよね？\n　ねぇ？　陽菜センセ」%K%P
にこっと笑う顔はとても可愛いのに、\n呼び方を譲る気はないという強い意志を感じる。%K%P
にこっと笑う顔はとても可愛いのに、\n呼び方を譲る気はないという強い意志を感じる。%K%P
まるで、ある種の敵意のような――、%K%P
まるで、ある種の敵意のような――、%K%P
%LC陽菜
%LC陽菜
「えっと、名前は――」%K%P
「えっと、名前は――」%K%P
%LC梨理
%LC梨理
「{梨理:りり}です。１年２組、{椋木:むくのき}梨理。\n　よろしくお願いします、陽菜センセ」%K%P
「{梨理:りり}です。１年２組、{椋木:むくのき}梨理。\n　よろしくお願いします、陽菜センセ」%K%P
%LC陽菜
%LC陽菜
「梨理ちゃんだね。こちらこそ――」%K%P
「梨理ちゃんだね。こちらこそ――」%K%P
%LC梨理
%LC梨理
「陽菜センセってすっごく強いですけど、\n　小さな頃から剣術を習ってたんですか？」%K%P
「陽菜センセってすっごく強いですけど、\n　小さな頃から剣術を習ってたんですか？」%K%P
%LC陽菜
%LC陽菜
「えっと……まあ、うん。\n　だいたい１０年ぐらいかな」%K%P
「えっと……まあ、うん。\n　だいたい１０年ぐらいかな」%K%P
%LC梨理
%LC梨理
「へぇー……。それであんなに強いなんて、\n　きっといっぱい練習したんですね」%K%P
「へぇー……。それであんなに強いなんて、\n　きっといっぱい練習したんですね」%K%P
%LC陽菜
%LC陽菜
「それは梨理ちゃんもでしょ？\n　前回の試験で１位だったって聞いたよ」%K%P
「それは梨理ちゃんもでしょ？\n　前回の試験で１位だったって聞いたよ」%K%P
%LC梨理
%LC梨理
「１位といっても１年生の中で、なので。\n　{最優秀騎士:ブリランテ}に勝てるセンセほどじゃないです」%K%P
「１位といっても１年生の中で、なので。\n　{最優秀騎士:ブリランテ}に勝てるセンセほどじゃないです」%K%P
%LC梨理
%LC梨理
「初めての{舞闘:カデンツァ}で{最優秀騎士:ブリランテ}に勝つとか……。\n　ホント、陽菜センセって凄いですよね」%K%P
「初めての{舞闘:カデンツァ}で{最優秀騎士:ブリランテ}に勝つとか……。\n　ホント、陽菜センセって凄いですよね」%K%P
%LC陽菜
%LC陽菜
「あっ、ありがとう」%K%P
「あっ、ありがとう」%K%P
%LC陽菜
%LC陽菜
「それで、私に聞きたいことや、\n　なにか相談したいことは――」%K%P
「それで、私に聞きたいことや、\n　なにか相談したいことは――」%K%P
%LC梨理
%LC梨理
「今度、私と戦ってください」%K%P
「今度、私と戦ってください」%K%P
%LC陽菜
%LC陽菜
「えっ？」%K%P
「えっ？」%K%P
%LC梨理
%LC梨理
「戦ってください」%K%P
「戦ってください」%K%P
%LC陽菜
%LC陽菜
「それは、稽古でってこと？」%K%P
「それは、稽古でってこと？」%K%P
%LC梨理
%LC梨理
「センセが本気で戦ってくれるなら、\n　方法は別に、なんでも」%K%P
「センセが本気で戦ってくれるなら、\n　方法は別に、なんでも」%K%P
%LC梨理
%LC梨理
「私からは、それぐらいです。\n　教わりたいこととか、とくにないので」%K%P
「私からは、それぐらいです。\n　教わりたいこととか、とくにないので」%K%P
%LC梨理
%LC梨理
「では、失礼します。ごきげんよう」%K%P
「では、失礼します。ごきげんよう」%K%P
%LC陽菜
%LC陽菜
「……行っちゃった」%K%P
「……行っちゃった」%K%P
こちらに近寄ってきたときと同様、\n自分のタイミングで離れていく梨理ちゃん。%K%P
こちらに近寄ってきたときと同様、\n自分のタイミングで離れていく梨理ちゃん。%K%P
いわゆる定位置というやつなのか、\nさっきいた場所へと戻ると、すぐに練習を再開した。%K%P
いわゆる定位置というやつなのか、\nさっきいた場所へと戻ると、すぐに練習を再開した。%K%P
%LC陽菜
%LC陽菜
「にしても、戦うって……」%K%P
「にしても、戦うって……」%K%P
これまで１年生の子たちと話してきて、\n教えてください、という子は多かった。%K%P
これまで１年生の子たちと話してきて、\n教えてください、という子は多かった。%K%P
でも、戦ってください、なんて言ってきたのは、\n彼女が初めてだ。%K%P
でも、戦ってください、なんて言ってきたのは、\n彼女が初めてだ。%K%P
%LC梨理
%LC梨理
「くッ……。ふッ……！」%K%P
「くッ……。ふッ……！」%K%P
前後のフットワークを確かめるように、\n低い姿勢を保ったまま、前へ後ろへ、何度も跳ねる。%K%P
前後のフットワークを確かめるように、\n低い姿勢を保ったまま、前へ後ろへ、何度も跳ねる。%K%P
まったく乱れないフォームはとても綺麗だし、\n動作から動作への切り替わりも、すごく自然だ。%K%P
まったく乱れないフォームはとても綺麗だし、\n動作から動作への切り替わりも、すごく自然だ。%K%P
動き方の癖がフェンシングのそれだから、\n彼女は間違いなくフェンシング経験者だろう。%K%P
動き方の癖がフェンシングのそれだから、\n彼女は間違いなくフェンシング経験者だろう。%K%P
ただ、この動き、どこかで見たような――、%K%P
ただ、この動き、どこかで見たような――、%K%P
%LC陽菜
%LC陽菜
「それに……なんだろう、この感じ」%K%P
「それに……なんだろう、この感じ」%K%P
１年生の子たちは、基本的には和気藹々として、\n{騎士道:シュバルリィ}の授業を楽しんでいる。%K%P
１年生の子たちは、基本的には和気藹々として、\n{騎士道:シュバルリィ}の授業を楽しんでいる。%K%P
そんな中で梨理ちゃんだけは、\nそういった、楽しむ気配が微塵もなかった。%K%P
そんな中で梨理ちゃんだけは、\nそういった、楽しむ気配が微塵もなかった。%K%P
オレと話している間は笑っていたけど、\nそれ以外は常に真顔で、笑顔なんて一切なくて。%K%P
オレと話している間は笑っていたけど、\nそれ以外は常に真顔で、笑顔なんて一切なくて。%K%P
他の子が学生の練習風景だとするなら、\n梨理ちゃんだけは、兵士の訓練風景のような。%K%P
他の子が学生の練習風景だとするなら、\n梨理ちゃんだけは、兵士の訓練風景のような。%K%P
そんな、迫力めいたものが、彼女にはあった。%K%P
そんな、迫力めいたものが、彼女にはあった。%K%P
%LC陽菜
%LC陽菜
「……戦ってください、か」%K%P
「……戦ってください、か」%K%P
彼女がどんなつもりでそう言ったのか、\nオレにはわからないけれど。%K%P
彼女がどんなつもりでそう言ったのか、\nオレにはわからないけれど。%K%P
でも、オレをからかうための冗談でないことは、\n彼女の腕前と気概からして、明らかだった。%K%P
でも、オレをからかうための冗談でないことは、\n彼女の腕前と気概からして、明らかだった。%K%P
どうにか指南役補佐の務めも終わり、昼休み。%K%P
どうにか指南役補佐の務めも終わり、昼休み。%K%P
着替えに少し手間取ってしまったオレは、\n食堂に向かうのが、ちょっと遅れてしまった。%K%P
着替えに少し手間取ってしまったオレは、\n食堂に向かうのが、ちょっと遅れてしまった。%K%P
いくつかのグループから相席のお誘いもあったけど、\n指導による気疲れもあって、ひとりになりたくて。%K%P
いくつかのグループから相席のお誘いもあったけど、\n指導による気疲れもあって、ひとりになりたくて。%K%P
天気がよかったことにも後押しされて、\nサンドイッチを選ぶと、外で食べることにした。%K%P
天気がよかったことにも後押しされて、\nサンドイッチを選ぶと、外で食べることにした。%K%P
くつろげる場所を探して歩いていたら、\nおあつらえ向きにベンチを発見。%K%P
くつろげる場所を探して歩いていたら、\nおあつらえ向きにベンチを発見。%K%P
確かここって、学園に連れてこられた日、\n謎の女性にいきなり抱きつかれちゃった場所だ。%K%P
確かここって、学園に連れてこられた日、\n謎の女性にいきなり抱きつかれちゃった場所だ。%K%P
あの人とも、そのうち再会したりするのかな。%K%P
あの人とも、そのうち再会したりするのかな。%K%P
%LC陽菜
%LC陽菜
「いただきます。……はーむっ」%K%P
「いただきます。……はーむっ」%K%P
%LC陽菜
%LC陽菜
「……うはっ、んっま」%K%P
「……うはっ、んっま」%K%P
ドレッシングたっぷりのＢＬＴサンドは、\nどの素材も美味しくて、思わず声が漏れた。%K%P
ドレッシングたっぷりのＢＬＴサンドは、\nどの素材も美味しくて、思わず声が漏れた。%K%P
とくに、レタスのしゃきしゃきな歯ごたえがいい。%K%P
とくに、レタスのしゃきしゃきな歯ごたえがいい。%K%P
%LC陽菜
%LC陽菜
「姉さんの料理も美味しいし……。\n　なんだかんだ、悪くない生活だよね」%K%P
「姉さんの料理も美味しいし……。\n　なんだかんだ、悪くない生活だよね」%K%P
衣食住――まあ、服は女の子モノだけど、\nすべて揃ってる上に、職まで用意されていて。%K%P
衣食住――まあ、服は女の子モノだけど、\nすべて揃ってる上に、職まで用意されていて。%K%P
指南役補佐代理として人に剣術を教えるのも、\n大変ではあるけど、学びも多く、やりがいもある。%K%P
指南役補佐代理として人に剣術を教えるのも、\n大変ではあるけど、学びも多く、やりがいもある。%K%P
それを思えば、\n{女装:これ}は{女装:これ}でありかな、なんて――、%K%P
それを思えば、\n{女装:これ}は{女装:これ}でありかな、なんて――、%K%P
%LC陽菜
%LC陽菜
「……はぁ」%K%P
「……はぁ」%K%P
そんな簡単に割り切れるなら、苦労はない。%K%P
そんな簡単に割り切れるなら、苦労はない。%K%P
%LC陽菜
%LC陽菜
「私が女の子だったら、\n　こんなに悩まずに済んだのに……」%K%P
「私が女の子だったら、\n　こんなに悩まずに済んだのに……」%K%P
女装せずとも銀蘭に通うことができたし、\n深皇やアリアンロッドで学ぶことだって出来た。%K%P
女装せずとも銀蘭に通うことができたし、\n深皇やアリアンロッドで学ぶことだって出来た。%K%P
……いや。その可能性は、逆に低いか。%K%P
……いや。その可能性は、逆に低いか。%K%P
だって、オレが剣術を始めたのは、\n好きな子に可愛いと言われちゃったからで。%K%P
だって、オレが剣術を始めたのは、\n好きな子に可愛いと言われちゃったからで。%K%P
もし女の子として生まれていたら、\nあの言葉を、素直に喜べていたかもしれない。%K%P
もし女の子として生まれていたら、\nあの言葉を、素直に喜べていたかもしれない。%K%P
そうなったら剣術を始めることなく、\n声楽の道を歩んでいたのかもしれないし――、%K%P
そうなったら剣術を始めることなく、\n声楽の道を歩んでいたのかもしれないし――、%K%P
って、そんなのはいくら考えたところで、\n仕方のないことではあるんだけど。%K%P
って、そんなのはいくら考えたところで、\n仕方のないことではあるんだけど。%K%P
%LC陽菜
%LC陽菜
「こういうの、たらればって言うんだっけ」%K%P
「こういうの、たらればって言うんだっけ」%K%P
%LC？？？
%LC？？？
「鱈とレバー、なんて……。\n　そんなサンドイッチ、ありました？」%K%P
「鱈とレバー、なんて……。\n　そんなサンドイッチ、ありました？」%K%P
%LC陽菜
%LC陽菜
「あっ、いまのはそういう意味じゃ――」%K%P
「あっ、いまのはそういう意味じゃ――」%K%P
……え？%K%P
……え？%K%P
%LC？？？
%LC？？？
「あっ……ひょっとして、\n　ノーブル２年の、卯花陽菜さんですか？」%K%P
「あっ……ひょっとして、\n　ノーブル２年の、卯花陽菜さんですか？」%K%P
%LC？？？
%LC？？？
「初めまして。私は、センシブル２年の――」%K%P
「初めまして。私は、センシブル２年の――」%K%P
なんで……？　なんで、彼女がここに――、%K%P
なんで……？　なんで、彼女がここに――、%K%P
%LC睦月
%LC睦月
「……あの、もし？　聞こえてますか？」%K%P
「……あの、もし？　聞こえてますか？」%K%P
%LC陽菜
%LC陽菜
「は、はいっ。聞こえてますっ」%K%P
「は、はいっ。聞こえてますっ」%K%P
%LC睦月
%LC睦月
「よかった……。いきなり固まってしまうから、\n　どうしようかと」%K%P
「よかった……。いきなり固まってしまうから、\n　どうしようかと」%K%P
%LC陽菜
%LC陽菜
「ごめんね。ちょっと、驚いて」%K%P
「ごめんね。ちょっと、驚いて」%K%P
%LC睦月
%LC睦月
「あっ……すみません。\n　食事中に、いきなり声をかけて」%K%P
「あっ……すみません。\n　食事中に、いきなり声をかけて」%K%P
%LC睦月
%LC睦月
「ただ、変わった具だなと思って。\n　それで、つい」%K%P
「ただ、変わった具だなと思って。\n　それで、つい」%K%P
%LC陽菜
%LC陽菜
「そのことだけど。このサンドイッチ、\n　普通のＢＬＴサンドだから」%K%P
「そのことだけど。このサンドイッチ、\n　普通のＢＬＴサンドだから」%K%P
%LC陽菜
%LC陽菜
「さっきの呟きは、その……独り言で。\n　もしもって意味の、たらればだから」%K%P
「さっきの呟きは、その……独り言で。\n　もしもって意味の、たらればだから」%K%P
手にしたサンドイッチを見せながら、\nなんとも変な弁解をすることに。%K%P
手にしたサンドイッチを見せながら、\nなんとも変な弁解をすることに。%K%P
というか、聞かれていたのが、\nひとつ前の呟きじゃなくて本当によかった。%K%P
というか、聞かれていたのが、\nひとつ前の呟きじゃなくて本当によかった。%K%P
女の子だったら、なんて……そんな呟き、\n聞かれていたら、それこそどうなっていたか。%K%P
女の子だったら、なんて……そんな呟き、\n聞かれていたら、それこそどうなっていたか。%K%P
%LC睦月
%LC睦月
「そうだったんですね……。\n　私ったら、変な勘違いをして」%K%P
「そうだったんですね……。\n　私ったら、変な勘違いをして」%K%P
%LC睦月
%LC睦月
「あっ……私は、センシブル２年の――」%K%P
「あっ……私は、センシブル２年の――」%K%P
%LC陽菜
%LC陽菜
「睦月さん、だよね？　宮守睦月さん」%K%P
「睦月さん、だよね？　宮守睦月さん」%K%P
%LC睦月
%LC睦月
「私のこと、ご存じなんですか？」%K%P
「私のこと、ご存じなんですか？」%K%P
%LC陽菜
%LC陽菜
「うん。実は、昨日のお昼に食堂で見掛けて。\n　そのとき、クラスメートの子に聞いたんだ」%K%P
「うん。実は、昨日のお昼に食堂で見掛けて。\n　そのとき、クラスメートの子に聞いたんだ」%K%P
%LC睦月
%LC睦月
「そうだったんですね」%K%P
「そうだったんですね」%K%P
%LC睦月
%LC睦月
「とはいえ礼儀ですので、あらためて。\n　センシブル２年、宮守睦月です」%K%P
「とはいえ礼儀ですので、あらためて。\n　センシブル２年、宮守睦月です」%K%P
%LC睦月
%LC睦月
「ご迷惑でなければ、\n　お隣に座ってもよろしいですか？」%K%P
「ご迷惑でなければ、\n　お隣に座ってもよろしいですか？」%K%P
そう言った彼女の手には、オレと同じく、\n食堂のサンドイッチの包みがあった。%K%P
そう言った彼女の手には、オレと同じく、\n食堂のサンドイッチの包みがあった。%K%P
そうして、睦月さん――つーちゃんと、\n並んで昼食を食べることに。%K%P
そうして、睦月さん――つーちゃんと、\n並んで昼食を食べることに。%K%P
正直、心臓とかいろいろバクバクで、\n美味しかったはずのサンドイッチの味がしない。%K%P
正直、心臓とかいろいろバクバクで、\n美味しかったはずのサンドイッチの味がしない。%K%P
それでもどうにか平静を保っていられたのは、\nこの学園に彼女がいると、事前に知っていたから。%K%P
それでもどうにか平静を保っていられたのは、\nこの学園に彼女がいると、事前に知っていたから。%K%P
もし、昨日の昼につーちゃんを目撃していなければ、\n今頃どうなっていたことか。%K%P
もし、昨日の昼につーちゃんを目撃していなければ、\n今頃どうなっていたことか。%K%P
%LC睦月
%LC睦月
「先日の{舞闘:カデンツァ}以来、陽菜さんのことは、\n　センシブルの間でもずっと話題なんです」%K%P
「先日の{舞闘:カデンツァ}以来、陽菜さんのことは、\n　センシブルの間でもずっと話題なんです」%K%P
%LC陽菜
%LC陽菜
「そっ、そうなんだ」%K%P
「そっ、そうなんだ」%K%P
%LC睦月
%LC睦月
「センシブルには、{騎士:ワルキュリア}に対して、\n　強い憧れを持っている子も多いですから」%K%P
「センシブルには、{騎士:ワルキュリア}に対して、\n　強い憧れを持っている子も多いですから」%K%P
%LC睦月
%LC睦月
「有り体に言えば、陽菜さんはいま、\n　センシブルでモテモテということですね」%K%P
「有り体に言えば、陽菜さんはいま、\n　センシブルでモテモテということですね」%K%P
%LC陽菜
%LC陽菜
「ん……」%K%P
「ん……」%K%P
%LC睦月
%LC睦月
「モテモテ、嬉しくないですか？」%K%P
「モテモテ、嬉しくないですか？」%K%P
%LC陽菜
%LC陽菜
「そういうわけじゃないんだけど……」%K%P
「そういうわけじゃないんだけど……」%K%P
オレだって年頃男子として、\nモテモテという響きは嫌いじゃない。%K%P
オレだって年頃男子として、\nモテモテという響きは嫌いじゃない。%K%P
ただ、モテモテなのは空木日向ではなく、\nあくまで卯花陽菜なのだ。%K%P
ただ、モテモテなのは空木日向ではなく、\nあくまで卯花陽菜なのだ。%K%P
女装している自分が女の子にモテモテだと\n言われても、反応に困ってしまう。%K%P
女装している自分が女の子にモテモテだと\n言われても、反応に困ってしまう。%K%P
%LC睦月
%LC睦月
「人気があるのって、いいことです。\n　素直に喜べばいいと思います」%K%P
「人気があるのって、いいことです。\n　素直に喜べばいいと思います」%K%P
%LC陽菜
%LC陽菜
「ん……。そっか、そうだね」%K%P
「ん……。そっか、そうだね」%K%P
言われてみれば確かに、というやつだ。%K%P
言われてみれば確かに、というやつだ。%K%P
好意をもたれているのなら、\nそのまま受け取っておけばいいのだし。%K%P
好意をもたれているのなら、\nそのまま受け取っておけばいいのだし。%K%P
――なら、つーちゃんはどうなんだろう。%K%P
――なら、つーちゃんはどうなんだろう。%K%P
彼女はいまのオレ――卯花陽菜のこと、\nどんなふうに思っているんだろう。%K%P
彼女はいまのオレ――卯花陽菜のこと、\nどんなふうに思っているんだろう。%K%P
%LC睦月
%LC睦月
「私も、陽菜さんを素敵だと思ってますよ」%K%P
「私も、陽菜さんを素敵だと思ってますよ」%K%P
%LC陽菜
%LC陽菜
「え……？」%K%P
「え……？」%K%P
%LC睦月
%LC睦月
「だって、とっても可愛らしいですから」%K%P
「だって、とっても可愛らしいですから」%K%P
%LC陽菜
%LC陽菜
「っ……」%K%P
「っ……」%K%P
うぅ、まただ。また言われてしまった。%K%P
うぅ、まただ。また言われてしまった。%K%P
あの日からずっと頑張ってきたのに……って、\n見返すために頑張っていたわけじゃないんだけど。%K%P
あの日からずっと頑張ってきたのに……って、\n見返すために頑張っていたわけじゃないんだけど。%K%P
って、なんかそれも、言い訳がましいような。%K%P
って、なんかそれも、言い訳がましいような。%K%P
そもそも、いまの可愛らしいっていう言葉は、\n卯花陽菜に対してのものだし――、%K%P
そもそも、いまの可愛らしいっていう言葉は、\n卯花陽菜に対してのものだし――、%K%P
%LC睦月
%LC睦月
「それに、凜々しいところも素敵です」%K%P
「それに、凜々しいところも素敵です」%K%P
%LC陽菜
%LC陽菜
「凜々しい……？　私が？」%K%P
「凜々しい……？　私が？」%K%P
%LC睦月
%LC睦月
「はい。{舞闘:カデンツァ}のときの陽菜さんは、\n　強く、凜々しく、まさに騎士そのものでした」%K%P
「はい。{舞闘:カデンツァ}のときの陽菜さんは、\n　強く、凜々しく、まさに騎士そのものでした」%K%P
%LC睦月
%LC睦月
「普段のあなたがこうして可愛いからこそ、\n　余計にそう思えてしまうのかもしれませんけど」%K%P
「普段のあなたがこうして可愛いからこそ、\n　余計にそう思えてしまうのかもしれませんけど」%K%P
%LC陽菜
%LC陽菜
「ん……。ありがとう、睦月さん」%K%P
「ん……。ありがとう、睦月さん」%K%P
ギャップ萌え、みたいな評価ではあったけど、\nいま、確かに嬉しかった。%K%P
ギャップ萌え、みたいな評価ではあったけど、\nいま、確かに嬉しかった。%K%P
女の子としての自分――卯花陽菜が、\n可愛く凜々しい、だとするのなら。%K%P
女の子としての自分――卯花陽菜が、\n可愛く凜々しい、だとするのなら。%K%P
本来の自分――空木日向に対する印象は、\nもっと男らしいものになるかもしれないから。%K%P
本来の自分――空木日向に対する印象は、\nもっと男らしいものになるかもしれないから。%K%P
%LC睦月
%LC睦月
「では、私はこれで失礼します」%K%P
「では、私はこれで失礼します」%K%P
%LC陽菜
%LC陽菜
「あっ、うん。そうだね。\n　私もそろそろ戻らないと」%K%P
「あっ、うん。そうだね。\n　私もそろそろ戻らないと」%K%P
気付けば、二人とも昼食を食べ終わっていた。%K%P
気付けば、二人とも昼食を食べ終わっていた。%K%P
最初はどうなることかと思ったけど、\nいざ話すと、思ったより緊張せずにすんで。%K%P
最初はどうなることかと思ったけど、\nいざ話すと、思ったより緊張せずにすんで。%K%P
もっと話していたい気持ちもあるけれど、\nじき、お昼休みも終わる時間だ。%K%P
もっと話していたい気持ちもあるけれど、\nじき、お昼休みも終わる時間だ。%K%P
%LC陽菜
%LC陽菜
「今日はありがとう、睦月さん」%K%P
「今日はありがとう、睦月さん」%K%P
%LC睦月
%LC睦月
「こちらこそ、話せて楽しかったです」%K%P
「こちらこそ、話せて楽しかったです」%K%P
%LC睦月
%LC睦月
「ごきげんよう、陽菜さん」%K%P
「ごきげんよう、陽菜さん」%K%P
%LC陽菜
%LC陽菜
「うん。ごきげんよう」%K%P
「うん。ごきげんよう」%K%P
ノーブルとセンシブルは校舎が違うから、\n途中まで一緒に、というわけにもいかなくて。%K%P
ノーブルとセンシブルは校舎が違うから、\n途中まで一緒に、というわけにもいかなくて。%K%P
会釈して立ち去るつーちゃんの後ろ姿を、\nオレは見えなくなるまで見送ってしまった。%K%P
会釈して立ち去るつーちゃんの後ろ姿を、\nオレは見えなくなるまで見送ってしまった。%K%P
――午後の授業が終わって、放課後。%K%P
――午後の授業が終わって、放課後。%K%P
%LC杏奈
%LC杏奈
「ひーなーちゃんっ。よかったら今日も、\n　一緒に部活を見て回らない？」%K%P
「ひーなーちゃんっ。よかったら今日も、\n　一緒に部活を見て回らない？」%K%P
%LC陽菜
%LC陽菜
「そういえば杏奈ちゃんって何部なの？」%K%P
「そういえば杏奈ちゃんって何部なの？」%K%P
%LC杏奈
%LC杏奈
「今日一緒に回ってくれたら、わかるかもよ？」%K%P
「今日一緒に回ってくれたら、わかるかもよ？」%K%P
%LC陽菜
%LC陽菜
「誘い上手だね」%K%P
「誘い上手だね」%K%P
%LC杏奈
%LC杏奈
「えへへっ。じゃ、一緒に行く？」%K%P
「えへへっ。じゃ、一緒に行く？」%K%P
%LC陽菜
%LC陽菜
「うん。今日もよろしく」%K%P
「うん。今日もよろしく」%K%P
%LC杏奈
%LC杏奈
「任せといてっ。\n　じゃ、まずは合唱部から」%K%P
「任せといてっ。\n　じゃ、まずは合唱部から」%K%P
いきなりの本命登場に少し焦ったけど、\n結論から言うと、つーちゃんは不在だった。%K%P
いきなりの本命登場に少し焦ったけど、\n結論から言うと、つーちゃんは不在だった。%K%P
今日は用事があったらしく、放課後、\nそのまま学外に出掛けてしまったらしい。%K%P
今日は用事があったらしく、放課後、\nそのまま学外に出掛けてしまったらしい。%K%P
出掛けた、という表現を使ったのは、\nつーちゃんが寮生だから。%K%P
出掛けた、という表現を使ったのは、\nつーちゃんが寮生だから。%K%P
銀蘭の学生寮は学園の敷地内にあって、\n杏奈ちゃんも寮生だそうだ。%K%P
銀蘭の学生寮は学園の敷地内にあって、\n杏奈ちゃんも寮生だそうだ。%K%P
%LC杏奈
%LC杏奈
「創立当時は全寮制だったらしいけど、\n　通学制度が出来てから寮生は減ってるんだって」%K%P
「創立当時は全寮制だったらしいけど、\n　通学制度が出来てから寮生は減ってるんだって」%K%P
%LC杏奈
%LC杏奈
「だから、寮もずっと定員割れしてて。\n　希望すれば誰でも入れる状態なの」%K%P
「だから、寮もずっと定員割れしてて。\n　希望すれば誰でも入れる状態なの」%K%P
%LC杏奈
%LC杏奈
「私は通学圏内だったんだけど、\n　それを聞いて寮生になったんだ」%K%P
「私は通学圏内だったんだけど、\n　それを聞いて寮生になったんだ」%K%P
%LC杏奈
%LC杏奈
「寮生活って響きに、憧れもあったし」%K%P
「寮生活って響きに、憧れもあったし」%K%P
%LC陽菜
%LC陽菜
「実際に送ってみて、どう？　寮生活」%K%P
「実際に送ってみて、どう？　寮生活」%K%P
%LC杏奈
%LC杏奈
「すっごく楽しいっ。\n　寮母さんがね、すっごくいい人なんだよ」%K%P
「すっごく楽しいっ。\n　寮母さんがね、すっごくいい人なんだよ」%K%P
%LC杏奈
%LC杏奈
「もうね、みんなのママって感じ」%K%P
「もうね、みんなのママって感じ」%K%P
移動中、そんな話をしながら、\n文化部を巡っていく。%K%P
移動中、そんな話をしながら、\n文化部を巡っていく。%K%P
合唱部からスタートして、文芸部、手芸部、\n園芸部、吹奏楽部、料理部、華道部、茶道部。%K%P
合唱部からスタートして、文芸部、手芸部、\n園芸部、吹奏楽部、料理部、華道部、茶道部。%K%P
運動部系はノーブルの子が多かったけど、\n反対に、文化部系はセンシブルの子が多かった。%K%P
運動部系はノーブルの子が多かったけど、\n反対に、文化部系はセンシブルの子が多かった。%K%P
昨日は見学のたび、すぐに囲まれたり、\nやいのやいのと騒がれることも多かったけど――、%K%P
昨日は見学のたび、すぐに囲まれたり、\nやいのやいのと騒がれることも多かったけど――、%K%P
今日は、オレに気付いた女の子たちが、\n遠巻きにこっちを見て、ひそひそ話をしたりしてて。%K%P
今日は、オレに気付いた女の子たちが、\n遠巻きにこっちを見て、ひそひそ話をしたりしてて。%K%P
そういったところにも、学科の特色というか、\n通っている女の子たちの気風の違いが見て取れた。%K%P
そういったところにも、学科の特色というか、\n通っている女の子たちの気風の違いが見て取れた。%K%P
%LC杏奈
%LC杏奈
「というわけで……ラストは、ここっ！」%K%P
「というわけで……ラストは、ここっ！」%K%P
そう言って杏奈ちゃんが指さしたドアには、\n手書き文字の紙が貼り付けてあった。%K%P
そう言って杏奈ちゃんが指さしたドアには、\n手書き文字の紙が貼り付けてあった。%K%P
%LC陽菜
%LC陽菜
「乙女部……？」%K%P
「乙女部……？」%K%P
%LC杏奈
%LC杏奈
「そっ、乙女部。正式には、\n　乙女部カッコカリ、なんだけど」%K%P
「そっ、乙女部。正式には、\n　乙女部カッコカリ、なんだけど」%K%P
%LC陽菜
%LC陽菜
「あっ、ほんとだ」%K%P
「あっ、ほんとだ」%K%P
手書き文字の紙をよーく見ると、\nちっちゃく「（仮）」って書いてある。%K%P
手書き文字の紙をよーく見ると、\nちっちゃく「（仮）」って書いてある。%K%P
%LC杏奈
%LC杏奈
「去年は正式な部だったんだけどね。\n　３年生が卒業して、部員数が減っちゃって」%K%P
「去年は正式な部だったんだけどね。\n　３年生が卒業して、部員数が減っちゃって」%K%P
%LC杏奈
%LC杏奈
「いまは私を入れても、４人しかいないんだ」%K%P
「いまは私を入れても、４人しかいないんだ」%K%P
%LC陽菜
%LC陽菜
「杏奈ちゃん、乙女部員なんだ？」%K%P
「杏奈ちゃん、乙女部員なんだ？」%K%P
%LC杏奈
%LC杏奈
「入ったのは２年からで、\n　たまに遊びに来る程度の幽霊部員だけどね」%K%P
「入ったのは２年からで、\n　たまに遊びに来る程度の幽霊部員だけどね」%K%P
%LC陽菜
%LC陽菜
「なら、去年は？」%K%P
「なら、去年は？」%K%P
%LC杏奈
%LC杏奈
「合唱部だよ。色々あって辞めちゃったけど」%K%P
「合唱部だよ。色々あって辞めちゃったけど」%K%P
%LC杏奈
%LC杏奈
「あっ、揉め事とかじゃないからね？\n　いまでもみんなとは仲良いから」%K%P
「あっ、揉め事とかじゃないからね？\n　いまでもみんなとは仲良いから」%K%P
%LC杏奈
%LC杏奈
「{歌姫:ディーバ}の睦月ちゃんとか、寮生同士、\n　一緒にお買い物とか行ったりするし」%K%P
「{歌姫:ディーバ}の睦月ちゃんとか、寮生同士、\n　一緒にお買い物とか行ったりするし」%K%P
%LC陽菜
%LC陽菜
「そっ、そうなんだ……」%K%P
「そっ、そうなんだ……」%K%P
幼い頃のオレを知る二人に接点があるとか、\n神様ってば、とことん運命の悪戯が好きらしい。%K%P
幼い頃のオレを知る二人に接点があるとか、\n神様ってば、とことん運命の悪戯が好きらしい。%K%P
%LC杏奈
%LC杏奈
「というわけで、乙女部へようこそっ。\n　ささ、入って入って」%K%P
「というわけで、乙女部へようこそっ。\n　ささ、入って入って」%K%P
%LC杏奈
%LC杏奈
「お疲れ様でーす」%K%P
「お疲れ様でーす」%K%P
%LC？？？
%LC？？？
「おっ、こしあんおいっすー」%K%P
「おっ、こしあんおいっすー」%K%P
%LC杏奈
%LC杏奈
「なんとっ！　今日はお客様を連れてきましたっ」%K%P
「なんとっ！　今日はお客様を連れてきましたっ」%K%P
%LC？？？
%LC？？？
「って……え、うそ、陽菜ちゃんじゃんっ！？」%K%P
「って……え、うそ、陽菜ちゃんじゃんっ！？」%K%P
%LC陽菜
%LC陽菜
「あっ、はい。どうも、はじめまして」%K%P
「あっ、はい。どうも、はじめまして」%K%P
入って早々、いきなり名前を呼ばれて、\nちょっとビクッとなってしまう。%K%P
入って早々、いきなり名前を呼ばれて、\nちょっとビクッとなってしまう。%K%P
けど、それ以上に驚いたのが――、%K%P
けど、それ以上に驚いたのが――、%K%P
%LC？？？
%LC？？？
「あ――」%K%P
「あ――」%K%P
まさか、中庭で思い出したその日の内に、\nこんな形で再会するだなんて。%K%P
まさか、中庭で思い出したその日の内に、\nこんな形で再会するだなんて。%K%P
……ん？　けどこの場合、なんて挨拶すれば……？%K%P
……ん？　けどこの場合、なんて挨拶すれば……？%K%P
帽子を目深に被っていたとはいえ、\nあのときのオレは、まだ女装前だったわけで。%K%P
帽子を目深に被っていたとはいえ、\nあのときのオレは、まだ女装前だったわけで。%K%P
もし、彼女が帽子の人物を男だと思っていたなら、\n卯花陽菜としては初対面ってことになる。%K%P
もし、彼女が帽子の人物を男だと思っていたなら、\n卯花陽菜としては初対面ってことになる。%K%P
なら、初めましてって挨拶したほうが――、%K%P
なら、初めましてって挨拶したほうが――、%K%P
%LC？？？
%LC？？？
「くすっ、本当にまた会えたわね」%K%P
「くすっ、本当にまた会えたわね」%K%P
%LC陽菜
%LC陽菜
「えっ……？」%K%P
「えっ……？」%K%P
%LC？？？
%LC？？？
「もしかして忘れちゃった？\n　ほら、{舞闘:カデンツァ}のあった日、中庭で――」%K%P
「もしかして忘れちゃった？\n　ほら、{舞闘:カデンツァ}のあった日、中庭で――」%K%P
%LC陽菜
%LC陽菜
「あっ、はい。もちろん覚えてます」%K%P
「あっ、はい。もちろん覚えてます」%K%P
素の状態で女子だと思われてましたっ！！%K%P
素の状態で女子だと思われてましたっ！！%K%P
まあ、そんなこともあるかなって、\nなんとなくは思ってたけどね。……うん。%K%P
まあ、そんなこともあるかなって、\nなんとなくは思ってたけどね。……うん。%K%P
けど、あのときのオレを陽菜と認識してるなら、\n下手に誤魔化さなくてすむし、好都合かも。%K%P
けど、あのときのオレを陽菜と認識してるなら、\n下手に誤魔化さなくてすむし、好都合かも。%K%P
%LC？？？
%LC？？？
「っと、まずは自己紹介しなきゃだよね」%K%P
「っと、まずは自己紹介しなきゃだよね」%K%P
%LC美実
%LC美実
「ここの部長してる美実だよ。ノーブル３年。\n　気安く美実ちゃんって呼んでいいから」%K%P
「ここの部長してる美実だよ。ノーブル３年。\n　気安く美実ちゃんって呼んでいいから」%K%P
%LC陽菜
%LC陽菜
「さすがに、上級生をちゃんづけは……」%K%P
「さすがに、上級生をちゃんづけは……」%K%P
%LC美実
%LC美実
「そう言わずに。\n　私は陽菜様って呼んだげるから」%K%P
「そう言わずに。\n　私は陽菜様って呼んだげるから」%K%P
%LC陽菜
%LC陽菜
%XS21「なんでですかっ」%XE%K%P
%XS21「なんでですかっ」%XE%K%P
%LC美実
%LC美実
「あははっ。思ってた通り、\n　陽菜ちゃんってばリアクション可愛い」%K%P
「あははっ。思ってた通り、\n　陽菜ちゃんってばリアクション可愛い」%K%P
%LC陽菜
%LC陽菜
「はうっ」%K%P
「はうっ」%K%P
%LC？？？
%LC？？？
「もう、美実。からかわないの」%K%P
「もう、美実。からかわないの」%K%P
%LC美実
%LC美実
「だって可愛いんだもん」%K%P
「だって可愛いんだもん」%K%P
%LC？？？
%LC？？？
「それには同意するけど」%K%P
「それには同意するけど」%K%P
%LC陽菜
%LC陽菜
「あううっ」%K%P
「あううっ」%K%P
ここんとこ何度も言われてる言葉だけど、\nこうも連呼されると実に面映ゆい。%K%P
ここんとこ何度も言われてる言葉だけど、\nこうも連呼されると実に面映ゆい。%K%P
%LC？？？
%LC？？？
「じゃあ、次は私」%K%P
「じゃあ、次は私」%K%P
%LCクレール
%LCクレール
「名前はクレール・メルル。\n　いまは、センシブル３年に在籍中」%K%P
「名前はクレール・メルル。\n　いまは、センシブル３年に在籍中」%K%P
%LCクレール
%LCクレール
「生まれも育ちもフランスなんだけど、\n　少し前、短期留学で銀蘭にやってきたの」%K%P
「生まれも育ちもフランスなんだけど、\n　少し前、短期留学で銀蘭にやってきたの」%K%P
聞けば、クレール様は銀蘭の姉妹校――、\nあのアリアンロッドからの留学生なのだそうだ。%K%P
聞けば、クレール様は銀蘭の姉妹校――、\nあのアリアンロッドからの留学生なのだそうだ。%K%P
%LC陽菜
%LC陽菜
「最初に会ったときにも驚きましたけど、\n　日本語、すごく上手ですね」%K%P
「最初に会ったときにも驚きましたけど、\n　日本語、すごく上手ですね」%K%P
%LCクレール
%LCクレール
「うふふっ、褒められちゃった」%K%P
「うふふっ、褒められちゃった」%K%P
%LCクレール
%LCクレール
「私、昔から日本に興味があって。\n　それで、こつこつ勉強していたの」%K%P
「私、昔から日本に興味があって。\n　それで、こつこつ勉強していたの」%K%P
%LCクレール
%LCクレール
「あと、この部に入部したのは、\n　匂いがとっても気に入ったから」%K%P
「あと、この部に入部したのは、\n　匂いがとっても気に入ったから」%K%P
%LC陽菜
%LC陽菜
「匂い――」%K%P
「匂い――」%K%P
思わず鼻をくんくんと動かしてしまうけど、\nとくに変わった匂いは感じなかった。%K%P
思わず鼻をくんくんと動かしてしまうけど、\nとくに変わった匂いは感じなかった。%K%P
というか、室内にある物を見てみても、\nなにをする部なのか全然ピンとこない。%K%P
というか、室内にある物を見てみても、\nなにをする部なのか全然ピンとこない。%K%P
%LC陽菜
%LC陽菜
「ここってなにをする部なんですか？」%K%P
「ここってなにをする部なんですか？」%K%P
%LC美実
%LC美実
「ここはその名の通り、\n　乙女っぽいことをする部だよ」%K%P
「ここはその名の通り、\n　乙女っぽいことをする部だよ」%K%P
%LC陽菜
%LC陽菜
「乙女っぽいこと？」%K%P
「乙女っぽいこと？」%K%P
%LC美実
%LC美実
「例えばお菓子作ったり、洋服作ったり、\n　リフレクソロジーの勉強してみたり――」%K%P
「例えばお菓子作ったり、洋服作ったり、\n　リフレクソロジーの勉強してみたり――」%K%P
%LC美実
%LC美実
「クレールがここに初めて来たのは、\n　私がアロマオイル作ってた時だっけ」%K%P
「クレールがここに初めて来たのは、\n　私がアロマオイル作ってた時だっけ」%K%P
%LCクレール
%LCクレール
「うん。あの匂いに誘われて、\n　私、この部室に迷い込んだんだもの」%K%P
「うん。あの匂いに誘われて、\n　私、この部室に迷い込んだんだもの」%K%P
匂いの真相、あっさり判明。%K%P
匂いの真相、あっさり判明。%K%P
けど、部室に迷い込んだって表現は、\nクレール様の人柄が出ていて愛らしい感じだ。%K%P
けど、部室に迷い込んだって表現は、\nクレール様の人柄が出ていて愛らしい感じだ。%K%P
%LC美実
%LC美実
「気になったことは、なんでも挑戦――。\n　それが、乙女部」%K%P
「気になったことは、なんでも挑戦――。\n　それが、乙女部」%K%P
%LC美実
%LC美実
「乙女の可能性は、いつだって無限大だから」%K%P
「乙女の可能性は、いつだって無限大だから」%K%P
%LC美実
%LC美実
「まあ、いつも何かしてるわけじゃないし、\n　今日みたくお喋りしてることも多いけど」%K%P
「まあ、いつも何かしてるわけじゃないし、\n　今日みたくお喋りしてることも多いけど」%K%P
%LC美実
%LC美実
「女の子はお喋り好きって言うし。\n　ある意味、これも活動中ってことで」%K%P
「女の子はお喋り好きって言うし。\n　ある意味、これも活動中ってことで」%K%P
なんて、人懐っこく笑う美実様。%K%P
なんて、人懐っこく笑う美実様。%K%P
話しやすそうな雰囲気だし、さっきから\n気になっていたこと、思い切って聞いてみよう。%K%P
話しやすそうな雰囲気だし、さっきから\n気になっていたこと、思い切って聞いてみよう。%K%P
%LC陽菜
%LC陽菜
「もし違っていたら、すみません」%K%P
「もし違っていたら、すみません」%K%P
%LC陽菜
%LC陽菜
「美実様ってこの前の休日、\n　依夜様と{舞闘:カデンツァ}をしてた人ですよね？」%K%P
「美実様ってこの前の休日、\n　依夜様と{舞闘:カデンツァ}をしてた人ですよね？」%K%P
%LC美実
%LC美実
「そうだけど……って、え、嘘っ！？\n　陽菜ちゃん見てたのっ？」%K%P
「そうだけど……って、え、嘘っ！？\n　陽菜ちゃん見てたのっ？」%K%P
%LC陽菜
%LC陽菜
「はい。２階席から見学していて」%K%P
「はい。２階席から見学していて」%K%P
%LC美実
%LC美実
「うぅ、そっかぁ……。いやー、\n　お恥ずかしいとこ見られちゃったなぁ」%K%P
「うぅ、そっかぁ……。いやー、\n　お恥ずかしいとこ見られちゃったなぁ」%K%P
%LC美実
%LC美実
「陽菜ちゃんが見てるって知ってたら、\n　もっと見応えある感じで負けてたんだけど」%K%P
「陽菜ちゃんが見てるって知ってたら、\n　もっと見応えある感じで負けてたんだけど」%K%P
そう言って軽くおどける美実様だけど、\n実力的には、依夜様に比肩するレベルのはずだ。%K%P
そう言って軽くおどける美実様だけど、\n実力的には、依夜様に比肩するレベルのはずだ。%K%P
依夜様との{舞闘:カデンツァ}だって、\n最初、美実様が勝ったと思ったぐらいだし。%K%P
依夜様との{舞闘:カデンツァ}だって、\n最初、美実様が勝ったと思ったぐらいだし。%K%P
%LC美実
%LC美実
「こうして来てくれたのもご縁だし。\n　陽菜ちゃん、このままウチに入っちゃう？」%K%P
「こうして来てくれたのもご縁だし。\n　陽菜ちゃん、このままウチに入っちゃう？」%K%P
%LC陽菜
%LC陽菜
「入部勧誘ってことですか？」%K%P
「入部勧誘ってことですか？」%K%P
%LC美実
%LC美実
「そっ。ちょうどさっき、クレールと、\n　部員欲しいねーって話してたとこでね」%K%P
「そっ。ちょうどさっき、クレールと、\n　部員欲しいねーって話してたとこでね」%K%P
%LCクレール
%LCクレール
「そうしたら、陽菜ちゃんが入ってきて。\n　運命って、こういうことを言うと思うの」%K%P
「そうしたら、陽菜ちゃんが入ってきて。\n　運命って、こういうことを言うと思うの」%K%P
%LC杏奈
%LC杏奈
「あっ、私もいいと思う。\n　ね？　どう？　陽菜ちゃん」%K%P
「あっ、私もいいと思う。\n　ね？　どう？　陽菜ちゃん」%K%P
%LC陽菜
%LC陽菜
「お誘いは嬉しいんだけど……私、放課後は\n　トレーニングルームに顔を出そうと思ってて」%K%P
「お誘いは嬉しいんだけど……私、放課後は\n　トレーニングルームに顔を出そうと思ってて」%K%P
%LC杏奈
%LC杏奈
「あ、そっか……。指南役補佐だもんね。\n　部活やってる暇なんてないか……」%K%P
「あ、そっか……。指南役補佐だもんね。\n　部活やってる暇なんてないか……」%K%P
%LC陽菜
%LC陽菜
「ううん、そんなことないよ。\n　禁止されてるわけじゃないし」%K%P
「ううん、そんなことないよ。\n　禁止されてるわけじゃないし」%K%P
むしろ、ニナさんも姉さんも、\n部活に入ることを推奨している感じだった。%K%P
むしろ、ニナさんも姉さんも、\n部活に入ることを推奨している感じだった。%K%P
%LC陽菜
%LC陽菜
「ただ、せっかく入部しても、\n　来れないことが多くなったら申し訳ないなって」%K%P
「ただ、せっかく入部しても、\n　来れないことが多くなったら申し訳ないなって」%K%P
%LC美実
%LC美実
「なら、仮入部っていうのは？\n　好きな時、遊びに来てくれればいいから」%K%P
「なら、仮入部っていうのは？\n　好きな時、遊びに来てくれればいいから」%K%P
%LC美実
%LC美実
「ここ、部室棟の隅っこだから静かだし。\n　居心地よくって、くつろぐには最適だよ」%K%P
「ここ、部室棟の隅っこだから静かだし。\n　居心地よくって、くつろぐには最適だよ」%K%P
%LC陽菜
%LC陽菜
「む……」%K%P
「む……」%K%P
その誘い文句は、正直かなり魅力的だった。%K%P
その誘い文句は、正直かなり魅力的だった。%K%P
この二日間、オレはずっと緊張の連続で。%K%P
この二日間、オレはずっと緊張の連続で。%K%P
どこに行っても女の子ばかりだし、\nそんな中、女装がバレないように過ごすのは、\nどうしたって気をつかうし、疲れてしまう。%K%P
どこに行っても女の子ばかりだし、\nそんな中、女装がバレないように過ごすのは、\nどうしたって気をつかうし、疲れてしまう。%K%P
だから、学内に気の休まる場所が欲しかった。%K%P
だから、学内に気の休まる場所が欲しかった。%K%P
中庭のベンチとか良さげだったんだけど、\nあそこ、意外と人目があるって判明したし。%K%P
中庭のベンチとか良さげだったんだけど、\nあそこ、意外と人目があるって判明したし。%K%P
でも、ここなら部員以外に人目はない。%K%P
でも、ここなら部員以外に人目はない。%K%P
とはいえ、そんな不純な動機で入部するのも――、%K%P
とはいえ、そんな不純な動機で入部するのも――、%K%P
%LCクレール
%LCクレール
「ねえ陽菜ちゃん。\n　私たちと一緒に、部活しましょ？」%K%P
「ねえ陽菜ちゃん。\n　私たちと一緒に、部活しましょ？」%K%P
%LCクレール
%LCクレール
「私だって留学している間だけの、\n　仮入部みたいなものだから」%K%P
「私だって留学している間だけの、\n　仮入部みたいなものだから」%K%P
%LC杏奈
%LC杏奈
「そうそう。私も幽霊部員だから、\n　仮入部と似たようなものだし」%K%P
「そうそう。私も幽霊部員だから、\n　仮入部と似たようなものだし」%K%P
%LC美実
%LC美実
「もう一人の部員も滅多にこないし、\n　遠慮する必要なんてないからね？」%K%P
「もう一人の部員も滅多にこないし、\n　遠慮する必要なんてないからね？」%K%P
%LC美実
%LC美実
「どんな動機でも入りたいって思ってくれたら、\n　ウチは大歓迎だよ？　陽菜ちゃん」%K%P
「どんな動機でも入りたいって思ってくれたら、\n　ウチは大歓迎だよ？　陽菜ちゃん」%K%P
こちらの迷いを見透かしたように、\nそんなことを言う美実様。%K%P
こちらの迷いを見透かしたように、\nそんなことを言う美実様。%K%P
確かに、ここまで誘われて遠慮するのも、\nそれはそれで意固地すぎる気もするし――、%K%P
確かに、ここまで誘われて遠慮するのも、\nそれはそれで意固地すぎる気もするし――、%K%P
%LC陽菜
%LC陽菜
「……じゃあ、お言葉に甘えて。入ります」%K%P
「……じゃあ、お言葉に甘えて。入ります」%K%P
%LC美実
%LC美実
「やった、陽菜ちゅうゲットーっ！」%K%P
「やった、陽菜ちゅうゲットーっ！」%K%P
%LC陽菜
%LC陽菜
「それだと部活っていうより、\n　ボールに入っちゃう感じなんですけど」%K%P
「それだと部活っていうより、\n　ボールに入っちゃう感じなんですけど」%K%P
%LC美実
%LC美実
「あははっ、確かに」%K%P
「あははっ、確かに」%K%P
そうして笑った美実様は、\nさりげなくオレの肩をぽんっと叩く。%K%P
そうして笑った美実様は、\nさりげなくオレの肩をぽんっと叩く。%K%P
一瞬ドキっとしたけれど、\n気安い感じが、かえって心地良くて。%K%P
一瞬ドキっとしたけれど、\n気安い感じが、かえって心地良くて。%K%P
このままだと本当に、美実様のこと、\n美実ちゃんって呼んでしまうかもしれない。%K%P
このままだと本当に、美実様のこと、\n美実ちゃんって呼んでしまうかもしれない。%K%P
寮に戻ったあと、夕食を食べ、お風呂に入って。%K%P
寮に戻ったあと、夕食を食べ、お風呂に入って。%K%P
着替えてベッドにぼふっと腰掛けたら、\nそのまま、全身の力がすこんと抜けた。%K%P
着替えてベッドにぼふっと腰掛けたら、\nそのまま、全身の力がすこんと抜けた。%K%P
%LC陽菜
%LC陽菜
「今日もいろいろあったなぁ……」%K%P
「今日もいろいろあったなぁ……」%K%P
指南役補佐代理として初めて授業に出たり、\n昼休み、つーちゃんから声をかけられたり。%K%P
指南役補佐代理として初めて授業に出たり、\n昼休み、つーちゃんから声をかけられたり。%K%P
あとは、乙女部に仮入部したり。%K%P
あとは、乙女部に仮入部したり。%K%P
相変わらず大変なことも多いけど、\nそれでも昨日よりは、少し慣れた気がする。%K%P
相変わらず大変なことも多いけど、\nそれでも昨日よりは、少し慣れた気がする。%K%P
%LC陽菜
%LC陽菜
「こうしてなんとかなってるのって、\n　留学してたおかげだよね……」%K%P
「こうしてなんとかなってるのって、\n　留学してたおかげだよね……」%K%P
フランスと女学園を同列には扱えないけど、\n違う環境で生活する、という意味で括りは同じ。%K%P
フランスと女学園を同列には扱えないけど、\n違う環境で生活する、という意味で括りは同じ。%K%P
海外留学ならぬ、女装留学――なんて。%K%P
海外留学ならぬ、女装留学――なんて。%K%P
%LC陽菜
%LC陽菜
「キミも女の子になって女学園に通おう――」%K%P
「キミも女の子になって女学園に通おう――」%K%P
%LC陽菜
%LC陽菜
「って、なに言ってんだオレ……ふふっ」%K%P
「って、なに言ってんだオレ……ふふっ」%K%P
%LC陽菜
%LC陽菜
「……ふぁ、んんっ」%K%P
「……ふぁ、んんっ」%K%P
自分の呟きに思わず苦笑が漏れたあと、\n続けて、小さなあくびまで漏れる。%K%P
自分の呟きに思わず苦笑が漏れたあと、\n続けて、小さなあくびまで漏れる。%K%P
昨日はベッドに潜ったらすぐ寝ちゃったけど、\n今日は眠気がほどよくて、まどろみが心地良い。%K%P
昨日はベッドに潜ったらすぐ寝ちゃったけど、\n今日は眠気がほどよくて、まどろみが心地良い。%K%P
明日は{騎士道:シュバルリィ}の授業はないから、\n指南役補佐代理としての出番はお休みだ。%K%P
明日は{騎士道:シュバルリィ}の授業はないから、\n指南役補佐代理としての出番はお休みだ。%K%P
その分、普通の学生としての生活が待っている。%K%P
その分、普通の学生としての生活が待っている。%K%P
%LC陽菜
%LC陽菜
「……うん。がん、ばろ……」%K%P
「……うん。がん、ばろ……」%K%P
自分に言い聞かせるために呟いた声は、\n眠気のせいで、すっごくふにゃふにゃで。%K%P
自分に言い聞かせるために呟いた声は、\n眠気のせいで、すっごくふにゃふにゃで。%K%P
明日の時間割りはなんだったっけ、なんて思いつつ、\nオレは沈むように、眠りへと落ちていった。%K%P
明日の時間割りはなんだったっけ、なんて思いつつ、\nオレは沈むように、眠りへと落ちていった。%K%P
