その後も実技試験は順調に進行し、\n金曜の放課後には、すべて終了――。%K%P
之后的实战测试都进行得很顺利，\n周五放学后，圆满结束了——%K%P
肝心の結果は、来週の土曜、\nテアトルに全学生を集めて発表するそうだ。%K%P
还有件重要的事，据说会在下周六，\n会把所有学生召集到一起公布成绩。%K%P
%LC陽菜
%LC阳菜
「試験結果を発表するだけなのに、\n　ずいぶんと仰々しいんだね」%K%P
「只不过是公布考试结果而已，\n 这也太隆重了吧」%K%P
%LC杏奈
%LC杏奈
「そりゃ一大イベントだもん」%K%P
「这可是一大盛事啊」%K%P
――土曜の朝、始業前に杏奈ちゃんと雑談。%K%P
——周六早上，在上课前和杏奈酱闲聊着。%K%P
気付けば女装生活も半月が経過して、\n女学生の日常に、だんだん馴染みつつある自分。%K%P
不知不觉女装生活已经过去半个月了，\n女学生的日常，自己也渐渐习惯了。%K%P
最近は、今日のビュッフェのオススメは何かな、\nなんて気にする余裕まであるぐらいで――、%K%P
最近，我甚至有闲心去想，\n今天的午餐吃什么好之类的――%K%P
……慣れって、怖い。%K%P
……竟然习惯了，就很可怕。%K%P
%LC陽菜
%LC阳菜
「試験が一大イベントなのって、やっぱり、\n　テアトルで{舞闘:カデンツァ}をするから？」%K%P
「测试是一大盛事……换句话说，\n 这就是在剧院进行{舞斗:华彩乐}的原因？」%K%P
%LC杏奈
%LC杏奈
「それもあるけど。\n　２学期の試験は銀蘭祭前だから」%K%P
「这是其中一个原因。\n 第2学期的考试，可是在银兰祭前哦」%K%P
%LC杏奈
%LC杏奈
「ここで成績上位だった学生が、\n　銀蘭祭への出場権を手にするわけで――」%K%P
「只有成绩最好的学生，\n 才能获得银兰祭的出场资格——」%K%P
%LC杏奈
%LC杏奈
「みんな、今年は誰だろうって、\n　わくわくどきどきしてると思うよ」%K%P
「大家都在想：“今年会是谁呢?” \n 想想都很兴奋对吧」%K%P
%LC陽菜
%LC阳菜
「そっか、銀蘭祭――」%K%P
「对呀，银兰祭——」%K%P
杏奈ちゃんのコーチや試験の手伝いで、\nすっかり頭の片隅に追いやられていた。%K%P
因为帮杏奈酱训练和考试，\n这事完全被抛到脑后了%K%P
%LC陽菜
%LC阳菜
「銀蘭祭に出場できるのは、\n　各学年の上位２名ずつ、だったよね」%K%P
「能参加银兰祭的，\n 是各年级的前2名，对吧」%K%P
%LC杏奈
%LC杏奈
「うん。あと、特別枠」%K%P
「嗯。以及，特别邀请」%K%P
%LC陽菜
%LC阳菜
「特別枠……？　そんなのがあるの？」%K%P
「特别邀请……？　还有这种事吗？」%K%P
%LC杏奈
%LC杏奈
「あっ、えっと……指南役や補佐の先生が、\n　成績関係なく、学生を推薦できる枠があって」%K%P
「啊，那个……指导老师和教辅老师的话，\n 不用管成绩如何，都可以举荐一位学生。」%K%P
%LC杏奈
%LC杏奈
「陽菜ちゃん先生だし、もしかしたら\n　誰か選ぶことになるかもしれないよ？」%K%P
「阳菜酱也是老师，如果按照惯例，\n 也许也要选择一个人哟？」%K%P
%LC陽菜
%LC阳菜
「むぅ……」%K%P
「嗯姆……」%K%P
姉さんはそれっぽいこと言ってなかったけど、\n杏奈ちゃんの一件みたいに忘れている可能性もある。%K%P
姐姐虽然没说过类似的事，\n但也有可能，像杏奈酱那事一样忘了说。%K%P
とくに試験が終わってからは、\n学生の成績をつけるので大変そうだし。%K%P
特别是考试结束后，\n要给学生打分，好像挺忙的。%K%P
筆記試験のように答えが決まっていれば楽だけど、\n{舞闘:カデンツァ}の場合、そうもいかない。%K%P
如果像笔试一样有固定答案的话会比较轻松，\n但是{舞斗:华彩乐}的情况就太不一样了%K%P
勝敗ではなく、試合内容で評価するってことは、\nすべての試合を吟味しなくちゃいけないわけで。%K%P
不以胜败，而是以比赛过程来评分，\n也就是说，所有的比赛细节都要仔细斟酌%K%P
そう考えると、試験から発表まで間が空くのも、\n仕方ないことかもしれない。%K%P
这么一想，从考试到发布成绩需要很长时间，\n也是没办法的事。%K%P
%LCニナ
%LC妮娜
「みなさん、ごきげんよう」%K%P
「同学们，贵安哦」%K%P
%LCクラスメートＡ
%LC同学Ａ
「あっ、学園長っ」%K%P
「啊，校长来了」%K%P
%LCクラスメートＢ
%LC同学Ｂ
「学園長様、ご機嫌麗しゅう」%K%P
「校长大人，贵安！」%K%P
耳馴染みある声に振り向けば、\nニナさんがクラスのみんなに囲まれていた。%K%P
听到了熟悉的声音，回头一看，\n妮娜姐已经被班上的同学包围了。%K%P
学生想いだし、親しみやすさもあって、\nニナさんは本当に学生たちに人気がある。%K%P
就像学姐一样，平易近人的妮娜姐，\n真的很受学生们的欢迎。。%K%P
%LCクラスメートＣ
%LC同学Ｃ
「今日はどうなさったんですか？」%K%P
「今天怎么突然光临我们班了？」%K%P
%LCニナ
%LC妮娜
「ちょっとヒナちゃんに用があって」%K%P
「我有点事要找阳菜酱呢」%K%P
%LCニナ
%LC妮娜
「というわけで。\n　ヒナちゃん、こっちこっち」%K%P
「就是这样了。\n 阳菜酱，这边这边」%K%P
%LC陽菜
%LC阳菜
「あっ、はい。なんですか？」%K%P
「啊，来了。有什么事吗？」%K%P
%LCニナ
%LC妮娜
「今日の放課後、空いてる？」%K%P
「今天放学后，有空不？」%K%P
%LC陽菜
%LC阳菜
「とくに予定はないですけど」%K%P
「没有什么特别的安排哦」%K%P
%LCニナ
%LC妮娜
「なら、ちょっとしたテストに\n　付き合ってくれない？」%K%P
「那么，到时就陪我做个小测试吧，\n 你意下如何？」%K%P
%LC陽菜
%LC阳菜
「テスト……？」%K%P
「测试……？」%K%P
%LCニナ
%LC妮娜
「そんなに警戒しないで。\n　頼みたいのは{舞闘:カデンツァ}のテストだから」%K%P
「别那么警惕嘛。\n 我想拜托你测试下{舞斗:华彩乐}而已」%K%P
%LCニナ
%LC妮娜
「無事に試験も終わったことだし。\n　確認しておきたいことがあるの」%K%P
「测试都顺利结束了。\n 所以有件事想确认一下」%K%P
%LCニナ
%LC妮娜
「どう？　引き受けてくれる？」%K%P
「怎样？　你愿不愿意来？」%K%P
%LC陽菜
%LC阳菜
「やりますっ！」%K%P
「我去我去！」%K%P
ここ数日、審判としてテアトルの壇上に立ち、\n間近でたくさんの{舞闘:カデンツァ}を見てきた。%K%P
这几天，作为裁判站在剧院的舞台上，\n近距离观看了很多场{舞斗:华彩乐}。%K%P
ずっとお預けを食らっている状態だったわけで、\nそこにこの申し出は、即答以外ありえない――、%K%P
因为一直处于“只能看不能上手”的状态，\n所以对于这个请求，我毫不犹豫接下了――%K%P
%LCニナ
%LC妮娜
「ふふっ、そう言ってくれると思った。\n　こういうのはやっぱりタイミングよね」%K%P
「呼呼~~就知道你会这么说。\n 果然这时候来找你是对的捏」%K%P
……ん？　んんん……？%K%P
……嗯？　嗯嗯嗯……？？？%K%P
%LC陽菜
%LC阳菜
「あの、なんかいま、\n　すっごいデジャビュったんですけど……」%K%P
「那个，好像刚才，\n 听到了很可怕的独白……」%K%P
%LCニナ
%LC妮娜
「大丈夫、今回はそんなに無茶じゃないから」%K%P
「没~关~系~  这次不会那么乱来啦」%K%P
前回は無茶って自覚あったんだ……。%K%P
上次的事，我至今都觉得很乱来……%K%P
%LCニナ
%LC妮娜
「ともかくっ。放課後、テアトルの控え室に来て。\n　詳しい話は、そのときに」　%K%P
「总之。放学后，来一趟剧院的休息室吧。\n 详细情况，到时再说嘛」　%K%P
%LCニナ
%LC妮娜
「それと、理由はあとで話すけど、\n　テアトルにくるとき、あらかじめ――」%K%P
「还有，理由也要说一下呢，\n 来到剧院里，我自然会告诉你的——」%K%P
ごにょごにょっと、オレに耳打ちするニナさん。%K%P
妮娜姐凑到我耳旁，小声地说了一句话。%K%P
%LC陽菜
%LC阳菜
「――ええっ？　なんでですかっ？」%K%P
「——诶诶？　为什么到时候要？」%K%P
%LCニナ
%LC妮娜
「いいからいいから。そうすることが、\n　陽菜ちゃんのためにもなるの」%K%P
「好啦好啦。就这么做吧，\n 对阳菜酱也是有好处的」%K%P
%LC杏奈
%LC杏奈
「あのっ、学園長っ！　そのテスト、\n　見学とかしちゃダメですかっ……？！」%K%P
「啊，校长！　这个测试\n 不能去参观学习吗……？！」%K%P
%LCクラスメートＡ
%LC同学Ａ
「おおっ、杏奈っちナイスぅっ！」%K%P
「噢噢，杏奈酱提得好哦！」%K%P
%LCクラスメートＢ
%LC同学Ｂ
「お願いいたします、学園長様っ」%K%P
「求求你了，校长大人~」%K%P
%LCニナ
%LC妮娜
「んふふっ、みんなそう言うと思って、\n　テストの様子は公開しちゃう予定だから」%K%P
「呵呵呵，我就知道大家会这么说，\n 所以这测试计划中是公开的啦」%K%P
%LC陽菜
%LC阳菜
「えっ……？　こうかい……？」%K%P
「欸……？　公开……？」%K%P
%LCニナ
%LC妮娜
「あとで正式にお知らせの放送を流すけど――」%K%P
「稍后会正式通知大家的——」%K%P
%LCニナ
%LC妮娜
「みんな、放課後はテアトルに集合っ！」%K%P
「大家，放学后去剧院集合！」%K%P
%LCクラスメート一同
%LC同学们
「「「やったぁーっ！！！」」」%K%P
「「「太棒了！！！」」」%K%P
――で。%K%P
——于是乎%K%P
放課後、多大な不安と多少の期待を胸に、\nテアトルに行ってみると――、%K%P
放学后，我怀着极大的不安和些许的期待，\n来到了剧院里——%K%P
%LC美実
%LC美实
「おっ、陽菜ちゃん」%K%P
「哦，阳菜酱」%K%P
%LC依夜
%LC依夜
「ごきげんよう、陽菜」%K%P
「贵安，阳菜」%K%P
%LC陽菜
%LC阳菜
「美実様……。それに、依夜様も」%K%P
「美实大人……以及，依夜大人也在」%K%P
控え室には学園屈指の{騎士:ワルキュリア}がいて、\n期待メーターがぐぐぐんっと上昇。%K%P
在休息室里的都是学园屈指可数的强大{骑士:Valkyria}，\n我的期待噌噌地上升%K%P
%LC陽菜
%LC阳菜
「ここにいるってことは、お二人も\n　理事長に協力を頼まれたんですか？」%K%P
「既然大家都在这里，也就是说\n 理事长也拜托你们帮忙了吗？」%K%P
%LC依夜
%LC依夜
「ええ。なにをするかは、\n　まだ聞いていないのだけど」%K%P
「嗯。但是具体要做什么，\n 还没有听她说过」%K%P
%LC陽菜
%LC阳菜
「私もです。詳しくはあとでって言われて」%K%P
「我也是。说是详细情况待会会说」%K%P
%LCクレール
%LC克莱尔
「ごめんなさい、遅れちゃって。\n　もうテスト始まっちゃった？」%K%P
「对不起，我迟到了。\n 测试已经开始了吗？」%K%P
%LC美実
%LC美实
「あれ、クレールどしたん？\n　見学ならこっちじゃなくて客席だよ？」%K%P
「啊嘞，克莱尔也来这了？\n 要参观的话，不是在这边，是在观众席哦？」%K%P
%LCクレール
%LC克莱尔
「違うわ、美実。\n　私もテストに協力するの」%K%P
「不是哦，美实。\n 我也要协助测试的」%K%P
%LC陽菜
%LC阳菜
「クレール様も……？」%K%P
「克莱尔大人也是……？」%K%P
%LCクレール
%LC克莱尔
「うん。ニナにどうしてもって頼まれて」%K%P
「嗯。妮娜不知道为什么也拜托了我」%K%P
……なんか、一気に雲行きが怪しくなってきた。%K%P
……好像，一下子这事就变可疑了。%K%P
依夜様たちはノーブルの{騎士:ワルキュリア}だし、\n{舞闘:カデンツァ}のテストには適任だ。%K%P
依夜大人她们是诺博尔的{骑士:Valkyria}，\n是测试{舞斗:华彩乐}的最佳人选%K%P
けど、クレール様はセンシブルに通う留学生で、\n{舞闘:カデンツァ}に関係があるとは思えない。%K%P
但是，克莱尔是圣森博尔的留学生，\n我并不认为她会和{舞斗:华彩乐}有关系。%K%P
%LC陽菜
%LC阳菜
「あの、クレール様。テスト内容に関して、\n　理事長からなにか聞いてますか？」%K%P
「那个，克莱尔大人。关于测试内容，\n 理事长她有告诉你什么吗？」%K%P
%LCクレール
%LC克莱尔
「それだったら――」%K%P
「这么说好像是有——」%K%P
%LCニナ
%LC妮娜
「お待たせしましたっ」%K%P
「让你们久等了」%K%P
クレール様が説明しかけたところで、\nそれを遮るようにニナさん登場。%K%P
克莱尔大人刚要说什么，\n妮娜姐就登场打断了。%K%P
あまりにタイミングが良すぎて、\nますます嫌な予感しかしない。%K%P
这时机掐的太好了，\n有种越来越不祥的预感……%K%P
%LC陽菜
%LC阳菜
「理事長、説明してください。\n　いったいなんのテストをするんですか」%K%P
「理事长，请您说明一下。\n 到底要做什么测试呢？」%K%P
%LCニナ
%LC妮娜
「んっふっふーっ、ご説明しましょうっ。\n　まずはこちらをご覧あれっ」%K%P
「哈~哈~哈~ 那就来说明一下吧。\n 首先先来看这边」%K%P
そう言ってニナさんが取り出したのは――、%K%P
说着，妮娜姐拿出了一个――%K%P
%LC陽菜
%LC阳菜
「フィエルテ……？」%K%P
「菲尔特……？」%K%P
%LCニナ
%LC妮娜
「ただのフィエルテじゃないのよ？\n　めちゃめちゃすっごいフィエルテなの」%K%P
「这不是普通的菲尔特了哦，\n 这是很棒的菲尔特升级版」%K%P
%LC美実
%LC美实
「いま使ってるヤツと同じに見えますけど」%K%P
「感觉和我现在用的没有差别……」%K%P
%LCニナ
%LC妮娜
「それはそうよ。このデザインは、\n　みんなの意見を聞いて完成したものだし」%K%P
「那倒是哦。这个设计呀，\n 是征求了大家的意见后完成的。」%K%P
そういえば杏奈ちゃんと練習したとき、\nそんなことを言っていたっけ。%K%P
对哦，和杏奈酱练习的时候，\n好像也说过这样的话题。%K%P
%LC依夜
%LC依夜
「では、性能が違う、ということですか？」%K%P
「那么，是指性能上……不同吗？」%K%P
%LCニナ
%LC妮娜
「トレビアンッ　依夜ちゃん、ご名答っ」%K%P
「非常好（Très bien）♥ ，依夜酱，回答正确」%K%P
%LCニナ
%LC妮娜
「いままでは色々な技術的問題から、\n　２人同時対戦が限界だった{舞闘:カデンツァ}だけど――」%K%P
「到现在，因为各种各样的技术问题，\n 2人同时对战是{舞斗:华彩乐}的极限――」%K%P
%LCニナ
%LC妮娜
「いろんな部分をバージョンアップして、\n　ついにっ！　夢の４人同時対戦実装ですっ！」%K%P
「经过了各种各样的升级，\n 终于！可以4人同时对战了！」%K%P
なんかゲームの宣伝文句みたい――って、\nそういえばニナさんの前職ってまんまそうだった。%K%P
像是游戏的宣传语呢——这么说来，\n妮娜姐的旧工作好像前景很不错欸。%K%P
……あれ？　でも、４人同時対戦って――、%K%P
……啊咧？　但是4人同时对战——%K%P
%LC陽菜
%LC阳菜
「それって、どんなルールで戦うんですか？」%K%P
「那是以什么样的规则，来战斗的呢？」%K%P
%LCニナ
%LC妮娜
「さっすがヒナちゃんっ。\n　いいところに気付いちゃうんだから」%K%P
「不愧是阳菜酱，\n 注意到了华点。」%K%P
卓球やテニスのような競技であれば、\n２対２で戦うダブルスという種目がある。%K%P
在乒乓球和网球等竞技项目中，\n也有以2对2形式进行比赛的双打项目%K%P
けど、{舞闘:カデンツァ}のような競技――、\n剣道やフェンシングに、そんな形式はない。%K%P
但是，像{舞斗:华彩乐}这样的竞技类型——\n也就是剑道和击剑，不会有这种形式%K%P
%LCニナ
%LC妮娜
「肝心のルールなんだけど――」%K%P
「规则肯定是最重要的——」%K%P
%LCニナ
%LC妮娜
「実は、まだ決まってないの」%K%P
「但其实，现在还没决定呢」%K%P
%LC美実
%LC美实
「あらら」%K%P
「啊啦啦」%K%P
%LCニナ
%LC妮娜
「技術的な問題解消を優先してたから、\n　そっちは後回しになっちゃってて」%K%P
「因为要优先解决了技术问题，\n 所以这个问题就推后想了」%K%P
%LCニナ
%LC妮娜
「でも、今日のテストが上手くいったら、\n　宗千佳先生と相談してルールを決める予定よ」%K%P
「不过，今天的测试若是顺利的话，\n 我会和宗千佳老师商量制定规则的哦」%K%P
%LC陽菜
%LC阳菜
「つまり、今日は正真正銘、\n　機器や設備のテストってことなんですね」%K%P
「也就是说，今天真的是测试——\n 机器和设备是否稳定运行的对吧」%K%P
%LCニナ
%LC妮娜
「そうよ。そのためにこうして、\n　４人に集まってもらったんだもの」%K%P
「对哦。为了完成这个测试，\n 才把你们4个人聚在一起的」%K%P
%LC依夜
%LC依夜
「私たちや陽菜が選ばれたのはわかります。\n　ですが、どうしてクレールを？」%K%P
「我们和阳菜被选中了可以理解，\n 但是，为什么克莱尔也会？」%K%P
%LC依夜
%LC依夜
「{舞闘:カデンツァ}のテストなら、\n　経験者であるノーブルの子のほうが――」%K%P
「既然是{舞斗:华彩乐}的测试，\n 叫上有经验的诺博尔人不是更好吗——」%K%P
%LCニナ
%LC妮娜
「それに関しては、私のミスというか、\n　うっかりというか……」%K%P
「关于这个嘛，是我的失误，\n 还是疏忽呢……」%K%P
%LCニナ
%LC妮娜
「みんな、さっきのフィエルテを、\n　もう一度よーく見てくれる？」%K%P
「大家，刚才的菲尔特，\n 再仔细看看好吗？」%K%P
%LC陽菜
%LC阳菜
「そう言われても……」%K%P
「即使你这么说……」%K%P
オレには、他の物と同じようにしか――、%K%P
在我眼里，这和普通的没区别呀――%K%P
%LC美実
%LC美实
「……あっ、わかった。おっぱいだ」%K%P
「哦哦……啊，知道了。是胸部」%K%P
%LCニナ
%LC妮娜
「美実ちゃん大正解っ」%K%P
「美实酱答对了」%K%P
%LC陽菜
%LC阳菜
「お、おっぱい？」%K%P
「胸，胸部？」%K%P
%LCニナ
%LC妮娜
「この新型フィエルテ、発注したときのミスで、\n　サイズが、その……ちょぉーっと偏ってて」%K%P
「这个新型的菲尔特，因为订制的时候失误了，\n 尺寸，那个……有点~~偏差」%K%P
%LCニナ
%LC妮娜
「おっぱいがおっきな子じゃないと、\n　胸元スカスカで色々丸見えになっちゃうの」%K%P
「如果不是胸大的孩子的话……\n 因为胸部部分很薄，很容易都露出来」%K%P
%LC美実
%LC美实
「あー……」%K%P
「啊啊……」%K%P
%LC陽菜
%LC阳菜
「でも、フィエルテって伸縮性ありますし、\n　多少のサイズ違いだったら」%K%P
「但是，菲尔特不是有伸缩性嘛，\n 就算尺寸不同……」%K%P
%LC美実
%LC美实
「甘いっ、甘いよ陽菜ちゃん。\n　水着にだってサイズあるでしょ？」%K%P
「天真，太天真了阳菜酱。\n 泳衣不是也有尺寸吗？」%K%P
%LC依夜
%LC依夜
「{舞闘:カデンツァ}は激しく動き回るから。\n　身体に合っていないとズレてしまうの」%K%P
「在{舞斗:华彩乐}中会激烈地移动。\n 尺寸不适合的话，衣服就会变形。」%K%P
%LC美実
%LC美实
「まあ、陽菜ちゃんとか梨理ぐらいなら、\n　多少はなんとかなるんだけどねぇ」%K%P
「不过，像阳菜酱和梨理酱这样的孩子，\n 多少还是有办法解决的~」%K%P
%LC陽菜
%LC阳菜
「ぐぬっ……」%K%P
「咕奴……」%K%P
男だからぺったんこは当たり前なんだけど、\nなんだろう、この妙な敗北感――、%K%P
因为我是男的，所以平胸是当然的了，\n不过吧，这种奇妙的挫败感――%K%P
って、そこに勝ち負け感じる時点で、\n感覚女の子側だからっ！　ダメだからっ！%K%P
等等，在我纠结这种胜负时，\n自己就已经觉得自己是女孩子了！这绝对不行！%K%P
%LCニナ
%LC妮娜
「ミスがあったのはこの１着だけで、\n　依夜ちゃんたちの分は問題ないんだけど――」%K%P
「有误差的只有这一件，\n 依夜酱你们的是没有问题的——」%K%P
%LCニナ
%LC妮娜
「なにぶん試作段階のものだから。\n　いまはまだ、数がぴったり４着しかなくて」%K%P
「毕竟是试制阶段的东西。\n 所以现在，也就只有4件」%K%P
%LCニナ
%LC妮娜
「この発注ミスのフィエルテを着られるのは、\n　学園内だとクレールぐらいなの」%K%P
「能穿这个订制错误的菲尔特的人，\n 学院内只有克莱尔了」%K%P
%LC美実
%LC美实
「つまり、クレールの身体目当て」%K%P
「换句话说，看中了克莱尔的身体」%K%P
%LC陽菜
%LC阳菜
「言い方っ」%K%P
「你够了你」%K%P
%LCクレール
%LC克莱尔
「くすっ、別にいいのよ。事実だもの」%K%P
「呼呼，没关系的。这也是事实嘛」%K%P
なんて、実に楽しそうに笑うクレール様。%K%P
克莱尔大人，笑得很开心呢。%K%P
%LC陽菜
%LC阳菜
「でも、だからって……」%K%P
「不过，说起来……」%K%P
%LC陽菜
%LC阳菜
「念のため聞きますけど、\n　クレール様、{舞闘:カデンツァ}の経験は？」%K%P
「为了慎重起见我问一下，\n 克莱尔大人，你有过{舞斗:华彩乐}的经验吗？」%K%P
%LCクレール
%LC克莱尔
「今日が初めて」%K%P
「今天是第一次」%K%P
%LC陽菜
%LC阳菜
「ですよね……」%K%P
「就是说嘛……」%K%P
安全性が考慮されているとはいえ、\n{舞闘:カデンツァ}は武器を使って戦う競技だ。%K%P
虽说有考虑过安全性了，\n但{舞斗:华彩乐}毕竟是使用武器战斗的竞技。%K%P
なのに、いきなりこんな……。%K%P
然而，突然发生这事……%K%P
%LCクレール
%LC克莱尔
「大丈夫よ、陽菜ちゃん」%K%P
「没关系哦，阳菜酱」%K%P
%LC陽菜
%LC阳菜
「でも」%K%P
「但是」%K%P
%LCクレール
%LC克莱尔
「わかってる。陽菜ちゃん、\n　私の身を案じてくれているんでしょう？」%K%P
「我知道的。阳菜酱，\n 你是在担心我对吧？」%K%P
%LCクレール
%LC克莱尔
「依夜ちゃんも、そうなんでしょ？\n　さっきのニナへの質問、そういうことよね？」%K%P
「依夜酱，也是如此吧？\n 刚才你问妮娜的问题，也是在关心对吧？」%K%P
%LC依夜
%LC依夜
「ん……」%K%P
「嗯……」%K%P
少し面映ゆそうに、依夜様が頷く。%K%P
依夜大人面露羞愧地点了点头。%K%P
{舞闘:カデンツァ}のテストならノーブルの子のほうがいいと、\nそう言った真意は、オレと同じ。%K%P
“{舞斗:华彩乐}的测试，还是让诺博尔的人来比较好”，\n她这么说时的心意，也和我一样%K%P
クレール様を心配して、\n思わず出た言葉だったんだろう。%K%P
都是因为担心克莱尔大人，才会脱口而出的吧%K%P
%LCクレール
%LC克莱尔
「私、足手まといにならないようにするから。\n　テスト、一緒に頑張りましょう？」%K%P
「我呢，不会成为你们的累赘的啦。\n 测试，一起加油吧？」%K%P
%LC陽菜
%LC阳菜
「……はい」%K%P
「唔……好的」%K%P
微笑まれるとなにも言えなくて、頷いてしまう。%K%P
听她微笑着说出的话，\n我无言以对，只好点了点头。%K%P
だから、せめて。%K%P
正因如此，我至少要——%K%P
%LC陽菜
%LC阳菜
「クレール様。\n　今日は私があなたを御守りします」%K%P
「克莱尔大人。\n 今天就由我来保护你吧」%K%P
%LCクレール
%LC克莱尔
「まぁ、本当？」%K%P
「嘛，真的吗？」%K%P
%LC陽菜
%LC阳菜
「はい。弱きを守るのが騎士の務め――」%K%P
「是的，“保护弱小是骑士的职责”——」%K%P
%LC陽菜
%LC阳菜
「{騎士道:シュバルリィ}の授業で、\n　そう教わりましたから」%K%P
「在{骑士道:Chivalry}的课上，\n 就是这么教导我们的。」%K%P
%LCクレール
%LC克莱尔
「あぁ、陽菜ちゃんっ……」%K%P
「啊啊，阳菜酱……」%K%P
%LC美実
%LC美实
「こらそこ、勝手に盛り上がらない」%K%P
「好了得了，不要随便热血起来」%K%P
%LC美実
%LC美实
「そもそも、どういうルールで戦うかも\n　決まってない状態なんだよ？」%K%P
「说起来，连用什么规则战斗，\n 都还没决定哦？」%K%P
%LC依夜
%LC依夜
「テストということは、確認すべきことがある、\n　ということですよね？」%K%P
「所谓测试，就是有需要确认的事情，\n 这么理解可以吧？」%K%P
%LCニナ
%LC妮娜
「さっすが依夜ちゃん、その通り」%K%P
「不愧是依夜酱，就是这样」%K%P
%LCニナ
%LC妮娜
「最優先事項は、４人同時に戦うこと」%K%P
「最优先事项是，4人要同时来战斗」%K%P
%LCニナ
%LC妮娜
「一番チェックしたいのが、立体映像の処理が、\n　ちゃんと追いついていけるかどうかだから」%K%P
「我最想检查的是，立体影像的处理，\n 能不能跟上你们的动作。」%K%P
%LC美実
%LC美实
「なら、１対１を２組作って、\n　同時に戦うっていうのはどう？」%K%P
「那么，1对1分成2组，\n 同时战斗怎么样?？」%K%P
%LC陽菜
%LC阳菜
「そうですね。それがいいかと」%K%P
「确实呢。这样挺不错的」%K%P
全員同時に戦うって方法もあるけど、\nそれだと試合というより乱闘になってしまう。%K%P
确实有其他让全员同时战斗的方法，\n不过那样，与其说是比赛不如说是乱斗%K%P
なにより、経験者でないクレール様を、\nそういう状況には巻き込めない。%K%P
最重要的是，对于没有经验的克莱尔大人，\n可不能让她卷入这种状况。%K%P
%LC依夜
%LC依夜
「なら、あとは組み合わせだけれど――」%K%P
「那么，接下来就是分组了——」%K%P
%LC美実
%LC美实
「はいはいっ！\n　私、陽菜ちゃんと戦いたいっ！」%K%P
「好好！\n 我呢，想和阳菜酱打一场！」%K%P
%LC美実
%LC美实
「依夜は前に１度戦ってるんだし、\n　今日は私に陽菜ちゃんちょうだいっ」%K%P
「依夜之前已经和她战斗过一次了，\n 今天就我和阳菜酱打吧」%K%P
%LC依夜
%LC依夜
「もう……。わかったわ、美実」%K%P
「真是的……知道了哦，美实」%K%P
%LCクレール
%LC克莱尔
「ということは、私は依夜ちゃんと勝負ね」%K%P
「也就是说，我要和依夜酱一决胜负捏」%K%P
%LC依夜
%LC依夜
「ええ。よろしく、クレール」%K%P
「嗯嗯。请多关照，克莱尔」%K%P
%LCニナ
%LC妮娜
「勝負方法も決まったことだし。\n　はい、これがクレールのフィエルテ」%K%P
「胜负方法就这样决定了。\n 给，这是克莱尔的菲尔特」%K%P
%LCニナ
%LC妮娜
「で、こっちが依夜ちゃんと美実ちゃんの分。\n　サイズはバッチリのはずだから」%K%P
「以及，这是依夜酱和美实酱的，\n 尺寸应该是无误的」%K%P
説明は終わりとばかりに、\nニナさんがみんなにフィエルテを配る。%K%P
妮娜说明了这么多，\n然后给大家分发了菲尔特%K%P
……って、あれ？　オレの分は……？%K%P
……欸，啊咧？　我的那套呢……？%K%P
%LC陽菜
%LC阳菜
「あの、理事長――」%K%P
「那个，理事长——」%K%P
%LCニナ
%LC妮娜
「じゃあみんな、お着替えよろしくね」%K%P
「那大家，先去换好衣服捏」%K%P
%LCクレール
%LC克莱尔
「はい」%K%P
「好的」%K%P
頷いたクレール様たちが、おもむろに制服を――、%K%P
克莱尔大人点了点头，慢慢地脱下了制服――%K%P
%LC陽菜
%LC阳菜
「わっ、わわわっ……？！」%K%P
「哇，哇啊啊啊……？！」%K%P
控え室だし着替えだから脱ぐのは当然だけど、\nフィエルテって地肌に着るから下着も脱ぐわけで。%K%P
因为是在休息室，所以直接脱衣服，\n因为要贴紧皮肤，所以内衣也要脱……%K%P
そうなったら、健全な男子の股間のクラージュが\nアンガルドしちゃうこと間違いなし――、%K%P
这样一来，只要是个健全男子，\n胯下的兄弟肯定会“凑个热闹”――%K%P
%LC陽菜
%LC阳菜
「理事長ぉっ！」%K%P
「理事长啊！」%K%P
%LCニナ
%LC妮娜
「っと、そうそう。ヒナちゃん、\n　ちゃんとフィエルテ着てきてくれた？」%K%P
「额对哦对哦。阳菜酱，\n 你也赶紧换成菲尔特吧？」%K%P
%LC陽菜
%LC阳菜
「あっ、それなら、はい。\n　……恥ずかしかったですけど」%K%P
「啊，那当然是……好吧。\n ……我还是有点害羞」%K%P
朝、ニナさんがオレに耳打ちした内容というのが、\nあらかじめフィエルテを着てくること、だった。%K%P
早上，妮娜姐对我耳语的内容是：\n “要提前穿好菲尔特哦”%K%P
つまり、いつぞやの杏奈ちゃんのように、\nオレはいま制服の下にフィエルテを着ている。%K%P
也就是说，就像之前杏奈酱做的一样，\n我现在在制服下面穿了菲尔特%K%P
%LCニナ
%LC妮娜
「実は陽菜ちゃんのフィエルテって、\n　もともと最新型の試作バージョンなの」%K%P
「其实阳菜酱的菲尔特，\n 本来就是最新型的原型衣」%K%P
%LCニナ
%LC妮娜
「あなたがくるのに合わせて作ったから、\n　時期的にアップデートに間に合っていてね」%K%P
「因为本就是为了“匹配”你而制作的，\n 在时间上刚好赶上了更新呢」%K%P
%LCニナ
%LC妮娜
「だから、ヒナちゃんは私と先に行って、\n　舞台袖でみんなを待っていましょ？」%K%P
「所以，阳菜酱和我就先去吧，\n 我们在舞台旁边等着大家如何？」%K%P
%LC美実
%LC美实
「ええー？　今日こそ陽菜ちゃんの下着を拝んで、\n　裸体を鑑賞できると思ったのにぃー」%K%P
「诶诶——？　我还想看看阳菜酱今天穿着什么内衣，\n 还想着看看她的裸体呢——」%K%P
%LC陽菜
%LC阳菜
「しなくていいですっ！」%K%P
「这不看也罢好吧！」%K%P
舞台袖から客席を覗くと、\nすでに学生たちでいっぱいだった。%K%P
从舞台旁向观众席望去，\n这里已经挤满了学生。%K%P
思えば、初めてこの場所に立ったときは、\n客席を見る余裕すらなかったっけ。%K%P
回想起来，第一次站在这里的时候，\n连看向观众席的时间都没有呢。%K%P
%LCニナ
%LC妮娜
「色々と驚いたでしょ？」%K%P
「还是很惊讶吧？」%K%P
%LC陽菜
%LC阳菜
「まったくです。\n　本当に人が悪いんですから」%K%P
「真是的。\n 你真的很坏欸」%K%P
%LCニナ
%LC妮娜
「人を驚かせるのが好きだから。その性分が、\n　ゲーム作りに向いていたんでしょうね」%K%P
「因为我喜欢让人吃惊啦。这种性格，\n 非常适合制作游戏捏~」%K%P
%LC陽菜
%LC阳菜
「実際、すごいのを作っちゃいましたし」%K%P
「事实上，你做了个很了不起的东西」%K%P
%LCニナ
%LC妮娜
「ふふっ、まぁね」%K%P
「呼呼，算是呢」%K%P
またドヤ顔が見れるかも、なんて思ったオレに、\nニナさんは控えめに微笑んで。%K%P
我还在想着她又会摆出“欠打”脸呢，\n但妮娜姐却只是低调地笑了笑。%K%P
%LCニナ
%LC妮娜
「でも、私ひとりだけだったら、\n　ここまでのことは出来なかったから」%K%P
「但是，如果只有我一个人的话，\n 肯定是做不出来的。」%K%P
%LCニナ
%LC妮娜
「いろんな人が協力してくれたからこそ、\n　{舞闘:カデンツァ}を生み出すことができたの」%K%P
「正因为有很多人的协助，\n 才会有现在的{舞斗:华彩乐}」%K%P
%LCニナ
%LC妮娜
「{un pour tous.:アン・プル・トゥース}\n　{Tous pour un,:トゥース・プル・アン}――」%K%P
「{我为人人:Un pour tous}，\n {人人为我:Tous pour un}——」%K%P
%LC陽菜
%LC阳菜
「一人はみんなのために、\n　みんなは一人のために――ですね」%K%P
「我为了大家，\n 大家为了我——对吧」%K%P
%LCニナ
%LC妮娜
「そういうこと」%K%P
「就是这样」%K%P
%LCニナ
%LC妮娜
「今日だって、こうしてヒナちゃんたちに\n　データ収集の協力を頼んでいるしね」%K%P
「今天也是，拜托了日向酱你们，\n 来帮忙收集数据呢」%K%P
%LC陽菜
%LC阳菜
「また戦えるってだけで、私は嬉しいです」%K%P
「只要能再次战斗，我就很高兴了」%K%P
%LCニナ
%LC妮娜
「{舞闘:カデンツァ}を餌にして釣ったのに、\n　ずうっと先生役だったものね」%K%P
「虽然是用{舞斗:华彩乐}作为诱饵把你“钓上来”了，\n 但你却一直没放弃过老师的角色呢」%K%P
%LC陽菜
%LC阳菜
「でも、指南役補佐代理も、\n　やりがいある仕事ですから」%K%P
「因为，担任代理教辅员，\n 确实是很有意义的工作啦」%K%P
%LCニナ
%LC妮娜
「そう言ってもらえて良かった」%K%P
「你能这样说太好了」%K%P
%LCニナ
%LC妮娜
「……っと、どうやらみんな揃ったみたい」%K%P
「……啊，看来大家都到齐了」%K%P
ニナさんの言葉に目をやれば、\nそこには、フィエルテに着替えた面々が――、%K%P
听着妮娜姐说的话，回头一看，\n大家都已经换上了菲尔特――%K%P
%LC陽菜
%LC阳菜
「う、わ……」%K%P
「唔，哇啊……」%K%P
すごい……。これ、すごい。すごいこれ。%K%P
好大啊……这个，好厉害。好厉害啊这个。%K%P
ボリュームがドーンでドドーンだし、\nちょっとの動きでも、ぷるんがぽよんしてる。%K%P
噗咚噗咚的——\n好像稍微动一下，也会颤个不停。%K%P
そんなばいーんを包み込めちゃう\nフィエルテもすごい。すごい。とにかくすごい。%K%P
能包容这样大胸的菲尔特也很厉害。\n很厉害。总之很厉害。%K%P
オレと同じものを着てるだなんて思えないし、\n確かにこれを他の子が着るなんて無理――、%K%P
的确和我穿的是不一样的，\n不过别人能穿上这个是不可能的啦――%K%P
って、だめだめっ、まじまじ見ちゃダメっ……！%K%P
啊，不行不行，不能盯着看啊……！%K%P
んなことしたら{舞闘:カデンツァ}でアン・ガルドする前に\n股間がアン・ガルドしちゃうからっ……！%K%P
如果不在{舞斗:华彩乐}前冷静下来，\n我“兄弟”就冷静不下来了……！%K%P
%LCクレール
%LC克莱尔
「陽菜ちゃんのえっち」%K%P
「阳菜酱好H~」%K%P
%LC陽菜
%LC阳菜
「っ……あ、う、ご、ごめんなさい」%K%P
「额……啊，唔……抱，抱歉」%K%P
%LC美実
%LC美实
「いやいや見るなってほうが無理だから。\n　私なんて着替えの最中ガン見してたし」%K%P
「不想去看是不可能的啦。\n 我在换衣服的时候一直在偷看呢」%K%P
%LCクレール
%LC克莱尔
「美実には何度も見せてるでしょ？\n　この前だって、ほら、部室で」%K%P
「不是给美实你看过很多次了吗？\n 上次也是，就是，活动室那次」%K%P
%LC美実
%LC美实
「そうなんだけど。フィエルテだと、ね？\n　また趣が違うっていうか――」%K%P
「话是这么说。但穿上菲尔特的话，呐？\n 又别有一番情趣啊——」%K%P
%LC美実
%LC美实
「ぶっちゃけエロい」%K%P
「我好色我诚实！」%K%P
%LCクレール
%LC克莱尔
「美実っ」%K%P
「美实！」%K%P
%LC美実
%LC美实
「けど、銀蘭が女学園で良かったよね、ホント」%K%P
「不过，银兰是女学院太好了，真的」%K%P
%LC美実
%LC美实
「もし共学だったら、健全な男子の性癖、\n　完全にバブバブのオギャオギャになるよコレ」%K%P
「如果男女同校的话，就健全男生的性癖，\n 分分钟结结巴巴，然后“变大”哦」%K%P
%LC美実
%LC美实
「ねっ？　陽菜ちゃんもそう思うでしょ？」%K%P
「呐？　阳菜酱也是这么想的吧？」%K%P
%LC陽菜
%LC阳菜
「えっ、あっ……ソウデスネ」%K%P
「欸，啊……  确实……吧？」%K%P
%LCニナ
%LC妮娜
「んくっ、ぷっ、んふふっ」%K%P
「呵呵（没绷住）……噗哈哈哈~~」%K%P
%LC陽菜
%LC阳菜
「うううぅっ……」%K%P
「呜呜呜呜……」%K%P
困惑するしかないオレを見て、ニナさんが笑う。%K%P
看着困惑的我，妮娜姐憋不住笑了%K%P
いますぐ弁明したいけど、\nそんなことしたら別の意味で破滅だ。%K%P
虽然现在就想辩解，可是这样的话，\n在意义上就是社死。%K%P
%LCニナ
%LC妮娜
「ふぅ……。じゃあテストの前に、\n　{騎士:ワルキュリア}の紹介といきましょうか」%K%P
「呼~哈啊……那么在测试之前，\n 先来介绍一下这次的{骑士:Valkyria}吧」%K%P
%LC陽菜
%LC阳菜
「ご紹介って――」%K%P
「介绍一下——？」%K%P
%LCニナ
%LC妮娜
「ごきげんよう、我が学び舎の愛しきみなさん」%K%P
「贵安哦，我亲爱的学生们」%K%P
%LCニナ
%LC妮娜
「本日は{舞闘:カデンツァ}の新たなステージ――、\n　４人同時対戦のお披露目にようこそ」%K%P
「今天的{舞斗:カデンツァ}进入了新的阶段——\n 4人同时对战的首次亮相」%K%P
%LCニナ
%LC妮娜
「といっても、まだテスト段階だから。\n　もし不具合が出たら、そのときは笑って許して」%K%P
「不过，现在还处于测试阶段。\n 如果中途出了问题，请各位谅解。」%K%P
いつぞやと同じくマイクを取り出し、\n客席に向かって語りかけるニナさん。%K%P
和上次一样拿出麦克风，\n对着观众席说话的妮娜姐。%K%P
そんなニナさんの呼びかけに、\n客席からは微かな笑いと大きな拍手が。%K%P
听到妮娜姐的话，\n观众席传来了微笑声和热烈的掌声%K%P
%LCニナ
%LC妮娜
「ありがとう、心優しきみなさん」%K%P
「谢谢你们，善良的孩子们」%K%P
%LCニナ
%LC妮娜
「では、本日の{舞闘:カデンツァ}に参加する、\n　素敵な{騎士:ワルキュリア}をご紹介します」%K%P
「那么，接下来介绍参加今天的{舞斗:华彩乐}的，\n 漂亮的{骑士:Valkyria}们吧」%K%P
%LCニナ
%LC妮娜
「{騎士道:シュバルリィ}指南役補佐代理、\n　銀蘭に突如現れた、謎の美少女編入生――」%K%P
「{骑士道:Chivalry}的代理教辅员，\n 突然出现在银兰的，神秘的美少女插班生——」%K%P
%LCニナ
%LC妮娜
「ノーブル２年、卯花陽菜ちゃんっ！」%K%P
「诺博尔2年级的，卯花阳菜酱！」%K%P
%LC客席
%LC观众
「陽菜様ーっ！　頑張ってくださぁーい！」%K%P
「阳菜大人！　要加油啊！」%K%P
%LC陽菜
%LC阳菜
「えっ、えっ、あの」%K%P
「欸？欸，那个」%K%P
%LCニナ
%LC妮娜
「ほら、手を振って応えてあげて」%K%P
「好啦，挥手回应一下嘛」%K%P
%LC陽菜
%LC阳菜
「あっ、えっと……頑張りますっ！」%K%P
「啊，那个……我会加油的！」%K%P
%LCニナ
%LC妮娜
「２年連続{最優秀騎士:ブリランテ}、\n　銀蘭に燦然と輝く、憧れの一等星――」%K%P
「２年斩获{至高骑士:Brillante}称号的，\n 于银兰中闪耀，令人向往的北极星——」%K%P
%LCニナ
%LC妮娜
「ノーブル３年、天海依夜ちゃんっ！」%K%P
「诺博尔3年级的，天海依夜酱！」%K%P
%LC客席
%LC观众
「今日も素敵ですわっ、依夜様ーっ！」%K%P
「今天也要是最强呀，依夜大人——！」%K%P
%LC依夜
%LC依夜
「ありがとう、みんな」%K%P
「谢谢，大家」%K%P
%LCニナ
%LC妮娜
「レイピアを使った可憐な剣技で、\n　戦うたびにファンを増やす乙女部部長――」%K%P
「精通使用花剑的可爱剑技，\n 每次战斗都能增加粉丝的少女部部长——」%K%P
%LCニナ
%LC妮娜
「ノーブル３年、椋木美実ちゃんっ！」%K%P
「诺博尔3年级的，椋木美实酱！」%K%P
%LC客席
%LC观众
「美実ぃーっ、ファイトぉー！！」%K%P
「美实姐姐，冲鸭——！！」%K%P
%LC美実
%LC美实
「おーっ！　応援よろしくぅー！」%K%P
「噢噢！　会加油的——！」%K%P
%LCニナ
%LC妮娜
「そして、本日が初{舞闘:カデンツァ}――」%K%P
「然后是，今天第一次参加{舞斗:华彩乐}——」%K%P
%LCニナ
%LC妮娜
「{騎士道:シュバルリィ}の本場、アリアンロッド女学院で\n　{最優秀騎士:ブリランテ}に選ばれた留学生――」%K%P
「在{骑士道:Chivalry}的故乡，阿莉娅-罗德女子学院中，\n 被选为{至高骑士:Brillante}的留学生――」%K%P
%LCニナ
%LC妮娜
%XS21「センシブル３年、クレール・メルルぅぅっ！」%XE%K%P
%XS21「圣森博尔3年级，克莱尔・梅尔勒！」%XE%K%P
…………え？　いま、なんて――、%K%P
…………欸？　刚刚，说啥了――？%K%P
%LC客席Ａ
%LC观众Ａ
「ねえ、いま{最優秀騎士:ブリランテ}って……」%K%P
「呐，现役的{至高骑士:Brillante}……」%K%P
%LC客席Ｂ
%LC观众Ｂ
「うっ、うん。確かに、そう聞こえたけど」%K%P
「唔，嗯。确实，好像听说过」%K%P
%LC陽菜
%LC阳菜
「どっ……どういうことですかっ？！\n　ニナさんっ、クレール様っ」%K%P
「这……这到底怎么回事？！\n 妮娜姐，克莱尔大人」%K%P
%LCニナ
%LC妮娜
「どうって、言葉通りの意味だけど？」%K%P
「什么怎么回事？就是字面上的意思呀」%K%P
%LC陽菜
%LC阳菜
「じゃあ、じゃあじゃあっ、\n　クレール様、本当に……？」%K%P
「那，那么那么……\n 克莱尔大人，其实真的……？」%K%P
%LCクレール
%LC克莱尔
「まあ、その……」%K%P
「嘛啊，这个……」%K%P
%LCクレール
%LC克莱尔
「……うん」%K%P
「……唔……嗯」%K%P
%LC全員
%LC所有人
%XS22「えええええええええええ！？」%XE%K%P
%XS22「欸欸欸欸欸欸欸欸！？」%XE%K%P
%LC陽菜
%LC阳菜
「クレール様が、{最優秀騎士:ブリランテ}――」%K%P
「克莱尔大人是，{至高骑士:Brillante}——」%K%P
しかも、姉さんも留学していた、\nオレの憧れ、アリアンロッド女学院の――、%K%P
而且还是，姐姐曾在留学过的，\n我所憧憬的——阿莉娅-罗德女子学院的――%K%P
%LCニナ
%LC妮娜
「では、全員クラージュを構えて」%K%P
「那么，全员，克拉格准备」%K%P
%LC陽菜
%LC阳菜
「でも」%K%P
「但是……」%K%P
%LC依夜
%LC依夜
「陽菜。気持ちはわかるけれど、\n　今は{舞闘:カデンツァ}に集中しましょう」%K%P
「阳菜，我理解你的心情，\n 但现在还是专注于{舞斗:华彩乐}吧」%K%P
%LC陽菜
%LC阳菜
「はっ、はい」%K%P
「啊，好的」%K%P
優しく諭されて、少し落ち着く。%K%P
她温柔的提醒，让我稍微冷静了下来%K%P
さすが依夜様――と、思ったけれど、\nクラージュを握る手に力が入るのが見えた。%K%P
不愧是依夜大人——啊，虽然这么想着，\n但我看到她握着克拉格的手，明显很用力%K%P
そうだ。クレール様と戦うのは、依夜様だ。%K%P
对啊。和克莱尔大人战斗的，是依夜大人呀%K%P
{最優秀騎士:ブリランテ}同士の対決――、%K%P
同为{至高骑士:Brillante}之间的对决――%K%P
%LCニナ
%LC妮娜
「ではでは、僭越ながら今日は私が号令を」%K%P
「那么，恕我冒昧，今天由我来号令吧」%K%P
%LCニナ
%LC妮娜
「全員、クラージュ起動っ！」%K%P
「全员，克拉格启动！」%K%P
%LC全員
%LC全员
「アン・ガルド！」%K%P
「准备完毕（Anne Garde）！」%K%P
４人の声が綺麗に揃うと、\nいつもよりも眩い光が降り注いだ。%K%P
4人齐声，比平时更耀眼的光芒倾泻而下%K%P
思わず目を細めてしまうぐらいの光量の中、\n現れる実体なき鎧から、冷たさと重さを感じる。%K%P
在让人睁不开眼的光芒下，\n没有实体的铠甲凭空而出，让人感到冰冷和沉重%K%P
そして、手中には一振りの剣――、%K%P
然后，我握紧了手里的剑――%K%P
%LC陽菜
%LC阳菜
「……久しぶり。今日も、よろしく」%K%P
「……好久不见。今天，也请多关照」%K%P
２週間ぶりの再会となった、ロングソード。%K%P
两周后再次重逢的，我的长剑%K%P
音声認識で起動したせいか、\n思わず剣に向かって語りかけてしまう。%K%P
也许是通过语音启动的缘故，\n我不由自主地对着它说话了%K%P
%LC客席Ａ
%LC观众Ａ
「わあっ……！　ねえほら、ご覧になって！」%K%P
「哇啊……！　呐你看那，太棒了吧！」%K%P
%LC客席Ｂ
%LC观众Ｂ
「言われなくても見てるってばっ！」%K%P
「不用你说我也在看啦！」%K%P
ざわつく学生たちの声に隣を見た瞬間、\nオレは固まってしまった。%K%P
听到学生们私语的声音，\n我看向旁边，瞬间僵住了%K%P
そこに、{戦乙女:ワルキュリア}がいたから。%K%P
站在那的，是一位{女武神:valkyrie}啊……%K%P
%LCクレール
%LC克莱尔
「どう？　似合ってる？」%K%P
「怎样？　适合我不？」%K%P
%LC陽菜
%LC阳菜
「はい……」%K%P
「适合……」%K%P
ただただ、惚けた声で頷いてしまう。%K%P
太吓人了吧，我迷糊地点点头……%K%P
鎧を身に纏ったクレール様は、さながら\n神話から抜け出てきたかのような荘厳さだった。%K%P
身披铠甲的克莱尔大人，十分庄严，\n仿佛是从神话中走出来的一般%K%P
その印象を強めているのが、\n手にしている斧槍――ハルバード。%K%P
给我这种印象的主要是，\n她手里的斧枪——哈尔巴德（Halberd）\n（“哈尔巴德”通指西方斧枪，长枪+双面斧而构成的武器）%K%P
槍や薙刀を使う子は学園にも何人か居るけれど、\nハルバードは見たことがない。%K%P
虽然学院里也有几个人会使用长矛和薙刀，\n但从没见过有人用哈尔巴德%K%P
いったい、どんな闘い方を――、%K%P
到底，这个是怎样战斗的呢――%K%P
%LCニナ
%LC妮娜
「全員、構えて」%K%P
「全员，做好准备」%K%P
%LC美実
%LC美实
「ほら陽菜ちゃん、よそ見しない。\n　相手は私だよ？」%K%P
「好啦阳菜酱，别往那看了。\n 你的对手是我哦？」%K%P
%LC陽菜
%LC阳菜
「あっ、はい。お願いしますっ」%K%P
「啊，好。请多指教」%K%P
%LCクレール
%LC克莱尔
「お手柔らかにね、依夜ちゃん」%K%P
「请下手温柔点捏，依夜酱」%K%P
%LC依夜
%LC依夜
「……ん」%K%P
「……嗯」%K%P
いつもと同じくにこにこなクレール様に、\n依夜様が静かに頷いて。%K%P
对着和往常一样笑眯眯的克莱尔大人，\n依夜大人静静地点了点头%K%P
%LCニナ
%LC妮娜
「それじゃあ――……はじめっ！」%K%P
「那么就——    ……开始！」%K%P
%LC依夜
%LC依夜
「ふッ……！」%K%P
「哼……！」%K%P
%LC陽菜・美実
%LC阳菜・美实
「なっ……」\n「うわ」%K%P
「什……」\n「呜哇」%K%P
美実様とふたり、隣に目を奪われる。%K%P
美实夫人她，把我俩的视线都吸引到了她那边%K%P
開始早々、床を蹴って飛び出した依夜様は、\nオレと戦ったときよりも数段速かった。%K%P
战斗开始，依夜大人就蹬地冲了过去，\n比和我战斗时还要快好多。%K%P
%LC依夜
%LC依夜
「はァ……ッ！」%K%P
「哈啊！」%K%P
凜とした声とともに切っ先が走る。%K%P
伴随着喝声，刀刃如流芒划过%K%P
駆け出すと同時に上段に構えた刀を、\n間合いに踏み込んだ瞬間、振り下ろすっ……！%K%P
冲出去的同时，她把刀举过头顶，\n进入对方内围的瞬间，直接顺劈下来……！%K%P
%LC依夜
%LC依夜
「っ……！」%K%P
「额……！」%K%P
%LCクレール
%LC克莱尔
「さすがに速いわね、依夜ちゃん」%K%P
「真的很快呢，依夜酱」%K%P
%LC陽菜
%LC阳菜
（あっさり受けた……。あれを……？！）%K%P
（直接就接下了……这到底……？！）%K%P
片手で構えていたとはいえ、オレのロングソードを\n押し込むほどの威力を見せた依夜様の斬撃。%K%P
虽然只用了单手，但依夜大人这次的斩击，\n足足有将我的长剑压下去的威力%K%P
それを、いとも簡単に――、%K%P
但是，就这么简单地被――%K%P
%LCクレール
%LC克莱尔
「その調子で、本気で来て。\n　でないとテストにならないもの」%K%P
「看来还是，要认真一点吧。\n 不然测试就没意义了」%K%P
依夜様の刀を受けたまま、\nクレール様がにこっと笑う。%K%P
接下了依夜大人的一刀，\n克莱尔大人微微一笑。%K%P
そんなつもりはないだろうけど、あっさり攻撃を\n止めたあとだと、挑発にしか聞こえない。%K%P
虽然看起来她确实没认真……\n不过在干脆地招架之后，这话听起来就像是挑衅%K%P
%LC美実
%LC美实
「ひーなーちゃんッ！」%K%P
「阳~菜~酱！」%K%P
%LC陽菜
%LC阳菜
「うわっ！？」%K%P
「呜哇哇！？」%K%P
隣ばかりを気にしていたオレに向かって、\n美実様のレイピアが飛んでくる。%K%P
美实大人的花剑，\n向走神的我飞了过来。%K%P
突きではなくカット――斬りだったので、\n素直に受け止めると、美実様は身体を押し込んできた。%K%P
不是突刺——而是斩击，所以我轻松地接住了，\n然后，美实大人把身体凑了过来%K%P
%LC美実
%LC美实
「ヤバいね、隣」%K%P
「打得真凶啊，隔壁」%K%P
%LC陽菜
%LC阳菜
「ですね」%K%P
「确实捏」%K%P
%LC美実
%LC美实
「依夜の攻撃、見えた？」%K%P
「依夜的攻击，看到了吧？」%K%P
%LC陽菜
%LC阳菜
「なんとか」%K%P
「动真格了」%K%P
鍔迫り合いの格好になったので、\n顔を近寄せることで、こそこそっと内緒話。%K%P
因为太过于惊愕了，\n我们凑过脸来，偷偷摸摸说着悄悄话%K%P
もちろん、驚いたのはオレたちだけじゃない。%K%P
当然，吃惊的不只是我们。%K%P
{舞闘:カデンツァ}の最中、いつもは静かな場内も、\n初手からの凄まじい攻防にざわついている。%K%P
毕竟是{舞斗:华彩乐}的高潮，一向安静的场内，\n也因为从第一次的激烈交手而骚动起来%K%P
%LC陽菜
%LC阳菜
「依夜様、この前より速かったんですけど」%K%P
「依夜大人，比之前的都要快啊」%K%P
%LC美実
%LC美实
「そりゃね。陽菜ちゃんと戦った日は、\n　その前に私とも戦ってるんだから」%K%P
「确实呢。那一天她和阳菜酱战斗，\n 之前也在和我战斗。」%K%P
%LC美実
%LC美实
「私だって依夜の相手に選ばれるぐらいだし。\n　易々と勝たせるほど弱くはないつもり」%K%P
「能被依夜选为对手，\n 说明我们还没有弱到能轻易取胜」%K%P
%LC美実
%LC美实
「そんな勝負のあとだったんだから。\n　依夜も余力１００％ってことはないでしょ」%K%P
「即便是一决胜负之后，\n 依夜她估计并没留有百分百的余力对吧」%K%P
%LC陽菜
%LC阳菜
「あ――」%K%P
「啊——」%K%P
そっか……。オレと戦ったとき、\n依夜様には少なからず疲労が残っていたんだ。%K%P
对啊……和我战斗的时候，\n依夜大人也没有这样劳神%K%P
つまり、オレと戦ったときの依夜様は、\n本来の強さじゃない――、%K%P
也就是说，和我战斗时的依夜大人，\n并没有完全发挥实力――%K%P
%LC依夜
%LC依夜
「美実、聞こえてるから」%K%P
「美实，我都听到啦」%K%P
%LC美実
%LC美实
「ありゃま」%K%P
「啊啦嘛~」%K%P
%LC依夜
%LC依夜
「陽菜、私は実力で負けたの。\n　あなたは強い。間違いないわ」%K%P
「阳菜，我在实力上输给了你。\n 你很强，这点绝对没错哦」%K%P
%LCクレール
%LC克莱尔
「そうね。陽菜ちゃんは強い」%K%P
「是呢。阳菜酱很强的」%K%P
%LCクレール
%LC克莱尔
「少なくとも、美実よりは」%K%P
「至少，比美实要……」%K%P
%LC美実
%LC美实
%XS21「クレールぅっ！」%XE%K%P
%XS21「克莱尔！」%XE%K%P
%LCクレール
%LC克莱尔
「くすっ。異議があるなら証明してみたら？」%K%P
「呼呼。如果不认同就来证明一下吧？」%K%P
%LC美実
%LC美实
「おっ、なるほど。いいね、それ」%K%P
「啊，原来如此。行啊，我接受了」%K%P
%LC美実
%LC美实
「というわけで――覚悟はいい？　陽菜ちゃん」%K%P
「所以——做好觉悟了吗？   阳菜酱」%K%P
%LC陽菜
%LC阳菜
「美実様こそっ……！」%K%P
「美实大人你呀……额！」%K%P
力を込めてレイピアごと美実様を押し返すと、\n同じタイミングで依夜様たちも離れた。%K%P
我用力顶开了美实大人的花剑，\n与此同时依夜大人她们也分开了%K%P
仕切り直す形になって、\n再び、クレール様と並び立つ。%K%P
两组人都散开了，\n我再次，与克莱尔大人并肩而立%K%P
%LCクレール
%LC克莱尔
「頑張ってね、陽菜ちゃん」%K%P
「一起加油吧，阳菜酱」%K%P
%LC陽菜
%LC阳菜
「もう、美実様を焚きつけておいて……」%K%P
「真是的，干嘛要“点燃”美实大人啊……」%K%P
%LCクレール
%LC克莱尔
「そのほうが盛り上がると思って」%K%P
「我觉得那样会更热闹嘛」%K%P
くすりと笑ったクレール様の言う通り、\n壇上に注がれる客席の視線は熱を増していく。%K%P
就像克莱尔大人笑着说的那样，\n观众席上的视线越来越热烈了%K%P
観客を入れた試合の経験は何度かあるけれど、\nいまのテアトルの雰囲気は、それらとは少し違って。%K%P
我也有过几次让观众完全投入比赛的经历，\n不过剧院里的气氛和之前有些不同。%K%P
どちらかといえば、もっと昔――小さな頃、\n合唱コンクールで経験した期待感に似ていた。%K%P
这种感觉，更像是以前——小的时候，\n在合唱比赛中体验到的期待感%K%P
%LCクレール
%LC克莱尔
「今日はテストで、勝敗は関係ない。\n　なにより、これだけのメンバーなんだもの」%K%P
「今天只是测试，无关胜败啦。\n 而且，有这么多的人一起参与。」%K%P
%LCクレール
%LC克莱尔
「なら、見てる人に楽しんでもらいたい――。\n　そう思わない？　陽菜ちゃん」%K%P
「那么，我希望看的人都能乐在其中——\n 你不这么想吗？ 阳菜酱」%K%P
%LC陽菜
%LC阳菜
「……そうですね」%K%P
「……确实呢」%K%P
見ている人という表現で、色々と腑に落ちる。%K%P
通过“观众的角度”这一表达，可以深入理解许多事情。%K%P
ここはテアトルという名の劇場で、\nオレたちはいま、その舞台上に立っている。%K%P
这里名为“剧场”，\n而我们，现在就站在这个舞台上%K%P
極論、ただ戦うだけの競技なら、\n立体映像の剣や鎧なんて必要ない。%K%P
极端地说，如果只是竞技战斗，\n就不需要立体影像的剑和铠甲%K%P
ある種のエンターテイメント性を高めているのは、\nそれを見る人たちを意識してるからこそで。%K%P
但是，它增强了观众的娱乐体验，\n因为它没有忽略观众的“存在”。%K%P
それはまさしく、さっきニナさんが言っていた、\n『人を驚かせるのが好き』という言葉に結びつく。%K%P
这正好和刚才妮娜姐说的，\n“我喜欢让人吃惊”这句话联系起来了。%K%P
もちろん、競技として見た{舞闘:カデンツァ}にも、\n面白さや奥深さがあるし、実際やっていて楽しい。%K%P
当然，作为竞技比赛来观看的{舞斗:华彩乐}中，\n也有许多有趣和深奥的地方，实际观赏也很开心%K%P
やっている人間がそう思えるからこそ、\n見ている側だって、夢中になってくれるんだ。%K%P
正因为“战斗”的人这么想，\n所以看的人，才会投入进来。%K%P
%LC陽菜
%LC阳菜
「美実様、いきますっ……！！」%K%P
「美实大人，我上了……！！」%K%P
%LC美実
%LC美实
「よしこいっ！」%K%P
「放马过来！」%K%P
%LC陽菜
%LC阳菜
「やぁああぁぁッ！」%K%P
「呀啊啊啊啊！」%K%P
すっかり出し慣れた陽菜の声で気合いを入れつつ、\n踏み込み、剣を振り下ろす。%K%P
以阳菜那熟悉的声音振气鼓舞自己，\n我一脚踏出，挥舞着剑刃%K%P
依夜様の刀よりも細身なレイピアが、\nオレの渾身の一撃をしっかりと受け止めた。%K%P
比依夜大人的刀纤细许多的花剑，\n牢牢地挡下了我使出全身的一击。%K%P
%LC美実
%LC美实
「うはっ、痺れるぅ……っ」%K%P
「呜哇~~手麻痹了……」%K%P
%LC陽菜
%LC阳菜
「けど、今のはまだ片手ですから」%K%P
「不过，这次的还只是单手啦」%K%P
%LC美実
%LC美实
「んもう、言ってくれちゃってっ……！」%K%P
「咕真是的，大言不惭啊……！」%K%P
%LC美実
%LC美实
「なら、ぜったい両手、使わせるっ……！」%K%P
「那么，我会让你用双手，来阻挡我……！」%K%P
オレを押し返した直後、カットと突きの連携。%K%P
挡开我之后，她的切击和刺击连打而来。%K%P
威力も速さも控えめだけど、その分、\n間合いのコントロールが絶妙で、捌くしかない。%K%P
虽然威力和速度都很保守，但相对的，\n距离控制的很绝妙，很难应对%K%P
%LC美実
%LC美实
「まだまだ行くよぉっ！」%K%P
「你还得再努力一点！」%K%P
梨理ちゃんと似たスタイルの美実様だけど、\n表情だけはまったく違う。%K%P
美实大人的战斗风格与梨理酱相似，\n但是表情完全不同。%K%P
不敵な笑みって言いたくなるぐらい、\n悪戯っぽく笑う美実様。%K%P
可以说，这是“无畏"的笑容，\n美实大人恶作剧似的笑着。%K%P
杏奈ちゃんと同じく、美実様も、\n{舞闘:カデンツァ}を楽しんでいるんだ。%K%P
和杏奈酱一样，美实大人也是，\n很享受{舞斗:华彩乐}的过程。%K%P
%LCクレール
%LC克莱尔
「依夜ちゃん、こっちも――」%K%P
「依夜酱，那我也——」%K%P
%LC依夜
%LC依夜
「せいッ……！！」%K%P
「来……！！」%K%P
オレたちに触発されるようにして、\n依夜様とクレール様も打ち合いを始めた。%K%P
依夜大人和克莱尔大人，\n似乎受到了我们的感染，也开始打了起来%K%P
――それはもはや、演舞の領域。%K%P
——这已经是，轮舞的领域了%K%P
%LC陽菜
%LC阳菜
（うわ、風がこっちまでっ……）%K%P
（呜哇，刃风都刮到这边了……）%K%P
依夜様の打ち込みをハルバートが防ぐたび、\n風切り音とともに、ぶわっと風が舞う。%K%P
每当哈尔伯特阻挡依夜大人的强攻时，\n刮起阵阵刃风，“噗”的一声随风舞动%K%P
まるでバトントワリングのように、\n重い得物をくるりくるりと振り回すクレール様。%K%P
就像接力赛中传递接力棒一样，\n克莱尔大人来回挥动着沉重的武器。%K%P
その姿に、以前、乙女部の部室で、\n背後からぎゅっとハグされたことを思い出した。%K%P
这个样子，让我想起以前在少女部的活动室，\n被她从背后紧紧拥抱过的事。%K%P
あのときオレを逃がさなかったパワーは、\n{騎士:ワルキュリア}として鍛錬した賜だったんだ。%K%P
那个时候让我逃不掉的力量，\n看来是拜作为{骑士:Valkyria}的锻炼所赐。%K%P
%LC美実
%LC美实
「ほぅら、よそ見しないっ！」%K%P
「好啦，别往别处看！」%K%P
%LC陽菜
%LC阳菜
「くっ……！」%K%P
「咕……！」%K%P
%LC美実
%LC美实
「そんなに隣が気になるなら、\n　私に勝ってから、ごゆっくりどうぞっ」%K%P
「既然你那么在意隔壁的战斗，\n 那就先赢了我，再慢慢看吧」%K%P
%LC陽菜
%LC阳菜
「そうですねっ、そうしますっ」%K%P
「确实如此呢，就这么来吧」%K%P
オレのロングソードに、美実様のレイピア、\n依夜様の打刀に、クレール様のハルバード。%K%P
我的长剑，对阵美实大人的花剑，\n依夜大人的打刀，对阵克莱尔大人的斧枪%K%P
異なる４種類の武器が、\n音色の違う金属音を響かせる。%K%P
4种不同的武器，\n发出了不同音色的金属音。%K%P
それはまさに、{騎士:ワルキュリア}による{四重奏:カルテット}――。%K%P
这就是，由我等{骑士:Valkyria}所演奏的{四重奏:quartet}——！%K%P
%LC美実
%LC美实
「ふふっ。気持ちいいね、陽菜ちゃんっ」%K%P
「呼呼。真痛快啊，阳菜酱」%K%P
%LC陽菜
%LC阳菜
「はいっ」%K%P
「没错」%K%P
%LC美実
%LC美实
「これ、勝ったらもっと気持ちいいよ？」%K%P
「这次，要是赢了就更痛快了哦？」%K%P
%LC美実
%LC美实
「とくに、相手の剣を折って勝ったら……ねっ？」%K%P
「特别是，斩断对方的剑而赢……对吧？」%K%P
踏み込んだかと思えば、誘うように下がり、\n舞台中央にオレを釘付けにする美実様。%K%P
我刚一推进，美实大人就仿佛引诱我一般，\n退后了一步，将我锁定舞台中央。%K%P
端から見れば一進一退の攻防かもしれないけど、\n主導権はずっと美実様が握っていた。%K%P
从表面上看像是一场拉锯战，\n但主导权却一直掌握在美实大人手中。%K%P
正直、一撃の重さは依夜様が上だし、\n速さだったら梨理ちゃんのほうが上だと思う。%K%P
老实说，比起攻击力度肯定是依夜大人占优，\n而比起速度的话梨理酱可能快一些。%K%P
けど、巧い。とにかく巧い。%K%P
不过，很巧妙。她的战技很巧妙。%K%P
%LC美実
%LC美实
「ほら、いつでもいいよっ？\n　両手使ってみせて、陽菜ちゃんっ」%K%P
「好啦，什么时候认真都行哦？\n 快使用双手吧，阳菜酱！」%K%P
%LC陽菜
%LC阳菜
「ぐっ……んもうっ、\n　それが無理なの、わかっててっ……！」%K%P
「额，咕……真是的，\n 那是不可能的，好吧……！」%K%P
%LC美実
%LC美实
「んふっ、まぁね？」%K%P
「呼呼，随你咯？」%K%P
確かに、両手で握れば剣の威力は増す。%K%P
确实，双手握剑会增加剑的威力。%K%P
けど、片手で扱った方が剣の軌道は自在だ。%K%P
不过，单手持剑的运剑比较灵活自如。%K%P
それに片手なら半身で構えられる分、\n相手に晒す身体の面積を減らせる。%K%P
而且单手只用摆出半个身子，\n可以减少暴露在对方面前的身体面积。%K%P
いまはそういった利点も活かして、\n美実様の攻撃をどうにか凌いでいるのが実情だ。%K%P
现在的实际情况是，我利用了这些优势，\n才勉强抵挡住了美实大人的攻击。%K%P
%LC客席Ａ
%LC观众Ａ
「ねえ、この勝負どうなっちゃう？\n　陽菜様、負けちゃう？」%K%P
「呐，这场比赛会怎么样呢？\n 阳菜大人，会输吗？」%K%P
%LC客席Ｂ
%LC观众Ｂ
「大丈夫ですっ！　陽菜様には依夜様を破った、\n　あのすっごい技がありますものっ！」%K%P
「没关系的！阳菜大人打败了依夜大人，\n 她还有“绝招”没使出来呢！」%K%P
姉さんが話の種にするぐらい鮮烈だったアレは、\n当然、みんなの記憶にも残っていて。%K%P
姐姐喜欢当作话题提起的那件事，\n自然也在大家的记忆里刻上了很强的印象。%K%P
ヒーローの必殺技を待ちかねる子供たちのような、\nそんな期待に満ちた眼差しを、確かに感じる。%K%P
就像等待英雄必杀技的孩子们一样呢，\n那充满期待的眼神，我已经感受到了。%K%P
この状況で、両手を使うのはリスキーすぎる。%K%P
但在这种情况下，使用双手太危险了。%K%P
それは、わかっているんだけど――、%K%P
这件事，我肯定一目了然的――%K%P
――見てる人に、楽しんでもらいたい。%K%P
——但我，想让看的人乐在其中！%K%P
%LC陽菜
%LC阳菜
（オレも、そう思いますっ……！）%K%P
（我也是，这么想的……！）%K%P
直前に聞いたクレール様の一言が、\n強く優しく、背中を押した。%K%P
刚才克莱尔大人的一句话，\n强烈而温柔地，推了我一把。%K%P
もちろん、狙うからには勝ちに行く。%K%P
当然，既然想赢，我就会追求到底。%K%P
美実様の連携の癖もわかってきた。%K%P
美实大人的连击习惯，我已看清。%K%P
一瞬でいい、隙を作れれば――、%K%P
哪怕是一瞬间，只要有破绽――%K%P
%LC陽菜
%LC阳菜
（……よし、ここっ……！）%K%P
（……很好，在这……！）%K%P
突きを弾いて下がり、クラージュに左手を伸ばす。%K%P
招架突刺后沉下剑，\n然后，左手伸向克拉格——%K%P
しっかり握り、しっかり力を込めて――、%K%P
握紧了剑柄，然后双手用力――%K%P
%LC陽菜
%LC阳菜
「はあぁああああああッ……！！」%K%P
「哈啊啊啊啊啊啊啊……！！」%K%P
床を蹴って踏み込んだ、次の瞬間。%K%P
下一个瞬间，我猛地一蹬地。%K%P
世界が一瞬、真っ白になったかと思ったら――、%K%P
然而世界在那一瞬间，变得一片空白――%K%P
直後、鎧がはじけ飛ぶように消えていた。%K%P
紧接着，铠甲就像飞一般消失了。%K%P
%LC陽菜
%LC阳菜
「へっ……？　な、え……？」%K%P
「欸……？　什，啊啊……？」%K%P
%LC陽菜
%LC阳菜
「にゅえええええええええっ！？」%K%P
「喵呜啊啊啊啊啊！？」%K%P
気合いを込めまくった反動か、\n驚きのあまり、我ながら変すぎる悲鳴が……っ！%K%P
也许是太过兴奋，\n然后又太过惊讶，自己竟然发出了奇怪的悲鸣……！%K%P
%LC美実
%LC美实
「あらら、戻っちゃった」%K%P
「啊啦啦，变回来了」%K%P
%LC依夜
%LC依夜
「うん」%K%P
「嗯」%K%P
%LCクレール
%LC克莱尔
「まるで魔法が解けたシンデレラね」%K%P
「就像解除了魔法的灰姑娘捏」%K%P
%LC陽菜
%LC阳菜
「なんでそんな冷静なんですかぁっ！」%K%P
「为什么你们这么冷静啊！」%K%P
鎧が消えてしまったのはオレだけじゃなく、\n美実様たちもフィエルテ姿に戻っていて。%K%P
铠甲消失的不只是我，美实大人她们也变回了菲尔特姿态。%K%P
当然、戦いを彩っていたそれぞれの武器も、\nクラージュの状態に戻っていた。%K%P
当然，在战斗中夺目的武器，\n也回到了克拉格的状态%K%P
%LC美実
%LC美实
「陽菜ちゃんが慌てすぎなだけ」%K%P
「只有阳菜酱慌张了啦」%K%P
%LCクレール
%LC克莱尔
「そうよ。そもそも今回はテストなんだから」%K%P
「是啊。这次本来就是测试而已啦」%K%P
%LC依夜
%LC依夜
「問題が発生したんだと思う。\n　ここは動かず、待った方が」%K%P
「我觉得是哪里有问题了。\n 先不要动，等一下好了」%K%P
%LC陽菜
%LC阳菜
「いっ、いやでも、この格好で待機はっ……」%K%P
「不，不要啊，穿成这样等着……」%K%P
%LC美実
%LC美实
「あっ、陽菜ちゃんってば恥ずかしいんだ？」%K%P
「啊，阳菜酱是害羞了？」%K%P
%LC陽菜
%LC阳菜
「うぐっ……」%K%P
「呜咕……」%K%P
%LC依夜
%LC依夜
「恥ずかしいって……。\n　アン・ガルド前に戻っただけよ？」%K%P
「害羞了吗……\n 但只是回到了准备完毕（Anne Garde）之前的样子哦？」%K%P
%LCクレール
%LC克莱尔
「急に鎧がなくなっちゃったせいで、\n　脱がされた感じがするのよね？」%K%P
「因为盔甲突然不见了，\n 所以感觉就像被扒光了一样捏？」%K%P
%LC陽菜
%LC阳菜
「んっ……」%K%P
「嗯……」%K%P
そう、クレール様の言う通り。%K%P
对，克莱尔大人说得没错。%K%P
見せ場っぽいシーンだったこともあって、\n客席の視線は、ほとんどオレに集まっていて。%K%P
因为正看到最精彩的场面呢，\n所以观众席的视线几乎都集中在我身上。%K%P
そんな中でいきなり鎧が消えたから、\nそれはもう、恥ずかしいなんてもんじゃなくて。%K%P
在那种情况下，铠甲突然消失了，\n这已经……不是”羞耻“能形容了。%K%P
%LC陽菜
%LC阳菜
「にしても、いったいどうして――」%K%P
「说起来，到底为什么——」%K%P
%LCニナ
%LC妮娜
「ごめんなさいっ！！」%K%P
「我很抱歉！！」%K%P
%LC陽菜
%LC阳菜
「あっ、理事長」%K%P
「啊，理事长」%K%P
いつのまにか壇上からいなくなったと思ったら、\nホール内のスピーカーから声だけが聞こえてきた。%K%P
不知什么时候她已经不在台上了，\n只听到大厅内的扩音器里传来她的声音。%K%P
%LCニナ
%LC妮娜
「盛り上がっていた場面で水を差してしまって、\n　本当にごめんなさい」%K%P
「在气氛如此热烈的时候泼冷水，\n 我真的很抱歉。」%K%P
%LCニナ
%LC妮娜
「結論から言うと、立体映像装置が、\n　負荷に耐えきれずフリーズしちゃったの」%K%P
「结果就是，立体影像装置\n 承受不了负荷，过载死机了」%K%P
%LCニナ
%LC妮娜
「４人同時の{舞闘:カデンツァ}に耐えられるよう、\n　処理能力には余裕をもたせておいたんだけど……」%K%P
「为了能承受4人同时{舞斗:华彩乐}，\n 我在处理能力上多给了一些富余内存……」%K%P
%LCニナ
%LC妮娜
「４人の戦いが、予想を上回ってしまったみたい」%K%P
「结果4人的战斗，好像还是超出了预想」%K%P
%LC客席Ａ
%LC观众Ａ
「そりゃまぁ、ねぇ……？」%K%P
「这个嘛，呐……？」%K%P
%LC客席Ｂ
%LC观众Ｂ
「うんうん。すごかったもん」%K%P
「嗯嗯，也很厉害了」%K%P
%LCニナ
%LC妮娜
「それで、大変申し訳ないんだけど。\n　今日のテストは、これでおしまいにさせて」%K%P
「所以，真的真的非常抱歉。\n 今天的测试，就到此结束了」%K%P
%LC陽菜
%LC阳菜
「え――」%K%P
「欸——」%K%P
%LC客席
%LC观众席
%XS21「えええええええええええええっ！？」%XE%K%P
%XS21「欸欸欸欸欸欸欸！？」%XE%K%P
%LCニナ
%LC妮娜
「いまシステムを再起動しても、\n　また同じトラブルが起きてしまうと思うし――」%K%P
「即使现在重新启动系统，\n 我想也会出现同样的故障——」%K%P
%LCニナ
%LC妮娜
「あの４人に、全力を出さずに戦って……なんて、\n　そんなお願いをするのも酷な話だから」%K%P
「对于台上的4位，要她们不使出全力战斗……之类的，\n 这样的请求也太残酷了」%K%P
%LC客席Ａ
%LC观众Ａ
「まぁ、それを言われると……」%K%P
「嘛，都这么说了……」%K%P
%LC客席Ｂ
%LC观众Ｂ
「だね。あんなの見せられたあとだし」%K%P
「是啊。之后再看也不迟」%K%P
%LCニナ
%LC妮娜
「こんな中途半端な形で終わってしまって、\n　本当にごめんなさい」%K%P
「就这样半途而废地结束了，\n 真的很抱歉。」%K%P
%LCニナ
%LC妮娜
「この埋め合わせは、近いうちに必ず――、\n　最高の形で提供するって約束します」%K%P
「作为补偿，我保证近期一定——\n 以最好的形式呈现给大家」%K%P
%LCニナ
%LC妮娜
「以上、学園長ニナ・クリオーネでした。\n　今日は本当に、どうもありがとう」%K%P
「就是这样，校长妮娜·科里奥内。\n 今天真是谢谢大家了」%K%P
思いがけない幕引きのあと、\nみんな揃って控え室へ戻ってきた。%K%P
出乎意料的落幕后，\n大家都回到了休息室。。%K%P
もちろん、一番の関心事は――、%K%P
当然，最令人关心的是――%K%P
%LC陽菜
%LC阳菜
「クレール様が{最優秀騎士:ブリランテ}だったなんて、\n　本当に驚きました」%K%P
「克莱尔大人居然是{至高骑士:Brillante}，\n 真的惊到我了」%K%P
%LCクレール
%LC克莱尔
「隠していたわけじゃないんだけど。\n　結果的に、騙す格好になっちゃったわね」%K%P
「我并没有想隐瞒的意思。\n 但结果好像，变成了我骗了你们的样子呢」%K%P
%LC美実
%LC美实
「ならせめて、\n　控え室で教えてくれれば良かったのに」%K%P
「那至少，\n 先在休息室告诉我们呀」%K%P
%LCクレール
%LC克莱尔
「そうしようと思ったんだけど。\n　実は、ニナに口止めされてたの」%K%P
「我也很想告诉你们的。\n 其实，我是被妮娜封口了」%K%P
%LCクレール
%LC克莱尔
「黙っていた方が、絶対に面白いからって」%K%P
「“保持沉默，绝对会更有趣的”，她这么说的」%K%P
あの人は、本当にもう……。%K%P
那人，真的很欠啊……%K%P
まあ、発表するタイミングとしては、\nこれ以上ないものだったとは思うけど。%K%P
嘛，不过公开的时机，\n我觉得确实没有比那时候更好的了。%K%P
%LCクレール
%LC克莱尔
「でも、アリアンロッドからの留学生って時点で、\n　{騎士:ワルキュリア}だって思わなかった？」%K%P
「但是，当听说我是阿莉娅-罗德的留学生时，\n 就真没想过我是{骑士:Valkyria}？」%K%P
%LC美実
%LC美实
「ノーブルだったらそうかもしれないけど。\n　クレールの留学先、センシブルだし」%K%P
「来诺博尔的话可能会想啦。\n 但克莱尔你的留学学科，是圣森博尔啊」%K%P
%LC美実
%LC美实
「その時点で私、歌姫側かなって思ってたから」%K%P
「当时的我，还以为你是歌姬呢」%K%P
%LC陽菜
%LC阳菜
「あっ、実は、私も……」%K%P
「啊，其实，我也是……」%K%P
アリアンロッド女学院と姉妹校の学園には、\n騎士の存在以外に、もうひとつ特徴がある。%K%P
在阿莉娅-罗德女子学院和它的姐妹校学院里，\n除了骑士的存在以外，还有一个象征。%K%P
それが、歌姫。%K%P
那就是，歌姫。%K%P
騎士に憧れる子がいるように、\n歌姫に憧れる子も多い。%K%P
就像憧憬骑士的人一样，\n憧憬歌姬的人也很多。%K%P
とくに銀蘭は、学科が分かれていて、\n騎士はノーブル、歌姫はセンシブルに属する。%K%P
尤其是银兰，学科还是分开的，\n骑士在诺博尔，歌姬在圣森博尔。%K%P
だから、センシブルに留学していると聞いた時点で、\nクレール様は歌姫側だろうって勝手に思っていた。%K%P
所以，当知道克莱尔大人，\n在圣森博尔留学的时候，我还以为她是歌姬呢。%K%P
%LC美実
%LC美实
「しっかし強いね、クレール。\n　依夜相手に互角以上とか」%K%P
「不过你真强啊，克莱尔。\n 能和依夜势均力敌啊」%K%P
%LCクレール
%LC克莱尔
「互角以上は言い過ぎ。そもそも依夜ちゃん、\n　ハルバード相手は初めてだったみたいだし」%K%P
「势均力敌就言过了。说起来依夜酱，\n 好像还是第一次对战斧枪吧」%K%P
%LC美実
%LC美实
「なのに挑発したんだ？」%K%P
「这就开始挑衅了？」%K%P
%LCクレール
%LC克莱尔
「あれは挑発じゃないからっ。\n　本当にそう思って言っただけっ」%K%P
「这不是挑衅啦。\n 我只是想什么说什么啊。」%K%P
%LCクレール
%LC克莱尔
「今日の私たちは、ニナに頼まれて、\n　テストをするために集まったわけでしょう？」%K%P
「今天我们都是，受了妮娜委托，\n 才为了测试而聚在一起的吧？」%K%P
%LCクレール
%LC克莱尔
「そんな私たちの{舞闘:カデンツァ}を見るために、\n　みんなテアトルに集まってくれて――」%K%P
「为了看我们的{舞斗:华彩乐}，\n 大家都聚集在了剧院里——」%K%P
%LCクレール
%LC克莱尔
「だから、最高の戦いを披露したいと思ったの」%K%P
「所以呀，我想展示出最精彩的战斗」%K%P
%LC美実
%LC美实
「その結果エラーが出て、\n　みんなの前で脱がされちゃったわけだけど」%K%P
「结果出现了错误，\n 咱在大家面前被扒掉铠甲了呢」%K%P
%LC陽菜
%LC阳菜
「脱げたんじゃなくて消えたんですっ」%K%P
「不是扒下来，而是消失了好吗！」%K%P
%LC美実
%LC美实
「くすっ、そうだねー？　鎧が消えただけで、\n　わたわたしちゃったんだもんねー？」%K%P
「呼呼，就是啊——？　只是盔甲消失了而已，\n 那你那么激动干啥呀——？」%K%P
%LC陽菜
%LC阳菜
「あうっ」%K%P
「啊呜……」%K%P
実際その通りなので、何も言えません。はい。%K%P
实际上确实如此，所以我无话可说。唉……%K%P
%LC美実
%LC美实
「とはいえエラーの原因は陽菜ちゃんだろうし。\n　その点では自業自得だけど」%K%P
「而且说起来，出错的原因应该是阳菜酱吧。\n 在这一点上，也算是自作自受了。」%K%P
%LC陽菜
%LC阳菜
「いえ。たぶん、それは違うんじゃないかと」%K%P
「不。可能，不是这样子的。」%K%P
%LC陽菜
%LC阳菜
「私が攻撃しようとした瞬間に鎧が消えたから、\n　そんなふうに見えてしまっただけで――」%K%P
「在我将要攻击的瞬间铠甲消失了，\n 所以才会看起来是这样——」%K%P
%LC陽菜
%LC阳菜
「実際は、クレール様の影響が大きいと思います」%K%P
「实际上，克莱尔大人的影响才是最大的。」%K%P
%LCクレール
%LC克莱尔
「はぅ、そうね……。\n　あんなにブンブン振り回しちゃったし……」%K%P
「啊呜，对呢……\n 在哪里呼呼地甩着武器呢……」%K%P
刀や剣だって振り回すことはあるけれど、\nクレール様のハルバートは次元が違った。%K%P
虽然刀和剑也是要挥舞的，\n但是克莱尔大人的斧枪可就太不一样了%K%P
%LCクレール
%LC克莱尔
「アリアンロッドだと、{騎士:ワルキュリア}たちは\n　森の中で戦うことになるんだけど――」%K%P
「如果是阿莉娅-罗德的话，{骑士:Valkyria}们，\n 通常会在森林中战斗——」%K%P
%LCクレール
%LC克莱尔
「木々が密集してる場所も多いから。\n　ハルバードを振り回せる機会って、意外となくて」%K%P
「树木密集的地方很多。\n 所以能挥动斧枪的机会，意外的少」%K%P
%LCクレール
%LC克莱尔
「それで、つい……」%K%P
「所以就，这样……」%K%P
%LC美実
%LC美实
「はしゃいじゃった、と」%K%P
「太上头了，对吧」%K%P
%LCクレール
%LC克莱尔
「ん……」%K%P
「嗯……」%K%P
自分の戦いぶりを思い返しているらしく、\nクレール様は恥ずかしそうに頷く。%K%P
克莱尔大人回想起自己的战斗，\n不好意思地点了点头。%K%P
%LC陽菜
%LC阳菜
「あの」%K%P
「那个」%K%P
%LCクレール
%LC克莱尔
「うん？　なぁに？」%K%P
「嗯？　怎么了？」%K%P
%LC陽菜
%LC阳菜
「あっ、いえ……なんでも」%K%P
「啊，不……没什么」%K%P
つい声を掛けてしまった後、思い直して首を振る。%K%P
我忍不住叫了一声，转念一想又摇了摇头。%K%P
{最優秀騎士:ブリランテ}に選ばれるほどの実力がありながら、\nどうして留学先にセンシブルを選んだのか――。%K%P
既然有被选为{至高骑士:Brillante}的实力，\n那为什么会选择圣森博尔留学呢――%K%P
それは当然の疑問ではあるけれど、\n尋ねてしまって、いいものかどうか。%K%P
虽然这是合乎情理的提问，\n但要是问了，到底好不好呢。%K%P
人には様々な事情があり、\n聞かれて困ることだってある。%K%P
每个人都有各种各样的事情，\n有时被问到某些问题，会很为难。%K%P
当たり前に抱く疑問だからこそ、\nその理由は、聞いてはいけないかも――、%K%P
正因为是情理之中的疑问，\n所以，还不能知晓问这问题的理由――%K%P
%LCクレール
%LC克莱尔
「どうして留学先がセンシブルか、気になる？」%K%P
「为什么在圣森博尔留学，很在意对吧？」%K%P
%LC陽菜
%LC阳菜
「えっ？」%K%P
「欸？」%K%P
%LCクレール
%LC克莱尔
「だって、この状況で言い淀むことなんて、\n　そのぐらいしかないでしょう？」%K%P
「因为，在这种情况下，也只有这种问题，\n才会让你欲言又止吧？」%K%P
%LC陽菜
%LC阳菜
「ん……」%K%P
「嗯……」%K%P
あからさまに躊躇ったせいだろう、\nあっさり見抜かれて、かえって照れくさい。%K%P
可能是因为自己太过踌躇，\n一下子就被看穿，反而觉得不好意思了。%K%P
%LCクレール
%LC克莱尔
「別に、人に言えない事情があるとか、\n　そういうことはないの」%K%P
「没关系，并不是有什么，\n 不可告人的事情啦」%K%P
%LCクレール
%LC克莱尔
「ただ、一言で言えることでもないし、\n　中途半端に話すと、誤解を招くと思って」%K%P
「不过，这不是一句话就能说清楚的，\n 说的半途而废的话，又会引起误会了。」%K%P
%LCクレール
%LC克莱尔
「それで、言わなかっただけで――」%K%P
「所以，我才从来没说——」%K%P
%LCクレール
%LC克莱尔
「……うん、そうね。良かったらそのあたり、\n　シャワーを浴びながらお話しましょ？」%K%P
「……嗯，对啊。如果可以的话，\n 那就一边淋浴一边聊吧？」%K%P
%LC陽菜
%LC阳菜
「え……？　シャワー……？」%K%P
「欸……？　淋浴……？」%K%P
%LCクレール
%LC克莱尔
「古式ゆかしい日本文化、裸の付き合いよ」%K%P
「有趣的古典日本文化——”坦然相见“哦！」%K%P
%LC美実
%LC美实
「なら、私も」%K%P
「那么，我也来」%K%P
%LCクレール
%LC克莱尔
「もちろん。\n　ねえ、よかったら依夜ちゃんも――」%K%P
「当然可以。\n　呐，可以的话依夜你也——」%K%P
%LCクレール
%LC克莱尔
「あら……？　依夜ちゃんは？」%K%P
「啊啦……？　依夜酱呢？」%K%P
%LC陽菜
%LC阳菜
「そういえば……」%K%P
「说起来……」%K%P
控え室を見回したけど、姿が見えない。%K%P
我环视了休息室，没有看到她的身影。%K%P
舞台を下りて控え室に向かう途中までは、\n確かに一緒にいたんだけど。%K%P
但下了舞台去休息室的路上，\n我们确实是在一起的。%K%P
%LC美実
%LC美实
「依夜ならトレーニングルームだよ。\n　シャワー浴びる前に、もう一汗かきたいって」%K%P
「依夜的话估计在训练场里哦。\n 她喜欢洗澡之前，再出一身汗的说。」%K%P
%LCクレール
%LC克莱尔
「なら、ここにいる３人で――」%K%P
「那么，就我们三个吧——」%K%P
%LC陽菜
%LC阳菜
「あっ、あのっ、私もちょっと、\n　トレーニングルームで汗をかきたいかなぁって」%K%P
「啊，那个，我也想在训练场，\n 流一会汗再去洗。」%K%P
%LCクレール
%LC克莱尔
「そう？　じゃあ、もし次があったら、\n　そのときは一緒に入りましょうね？」%K%P
「这样啊？　那么，如果有下次的话，\n 到时候再一起去洗吧？」%K%P
%LC陽菜
%LC阳菜
「はい、ぜひ」%K%P
「好，会的」%K%P
%LCクレール
%LC克莱尔
「くすっ、約束よ？　陽菜ちゃん」%K%P
「呼呼，约定好了哦？　阳菜酱」%K%P
そう言って、控え室を後にするクレール様たち。%K%P
说完，克莱尔大人她们离开了休息室。%K%P
話の流れで思わず頷いてしまったけど、\nシャワーの約束をしてしまったのは迂闊だった。%K%P
说到这里，我无奈地点了点头，\n答应洗澡这事真是疏忽了。%K%P
とはいえ、次の機会という言葉の意味するところが、\n再び{舞闘:カデンツァ}を一緒に、ということなら――、%K%P
也就是说，如果“下次”这个词的意思，\n是再次一起{舞斗:华彩乐}的话，那到时――%K%P
またクレール様の{騎士:ワルキュリア}姿が見られる、\nということになるわけで。%K%P
又能看见，克莱尔大人的{骑士:Valkyria}身姿了吧。%K%P
思わず頷いてしまったのは、それを望む気持ちが、\n無意識に表れてしまったせいかもしれない。%K%P
我不由得点了点头，\n也许是因为我无意中，流露出了这种渴望吧。%K%P
シャワーから逃げる口実に使ってしまったけど、\n実際、もう少し身体を動かしたい気持ちはあって。%K%P
虽然是为了逃避淋浴找的借口，\n但实际上，我确实想再多活动一下身体。%K%P
トレーニングルームまで足を運ぶと、\nそこには、熱心に素振りをする依夜様の姿があった。%K%P
于是我来到训练场，\n在那里，依夜大人正在热火朝天地练习挥刀。%K%P
%LC依夜
%LC依夜
「ふッ……！　ふッ……！」%K%P
「哼……！　哼……！」%K%P
動画のループ再生だって言われても信じるぐらい、\n繰り返される動きには、一切の乱れがない。%K%P
让人以为是视频的循环播放一样，\n她的挥舞动作丝毫不乱。%K%P
息遣いも含めて、すべてが一定間隔で、\nまるでメトロノームを見ているかのようだ。%K%P
包括呼吸在内，一切动作都是固定的间隔，\n看着她，仿佛在看节拍器一样。%K%P
そんな動きが、不意に、ぴたっと止まる。%K%P
她的动作，突然停了下来。%K%P
%LC依夜
%LC依夜
「陽菜……」%K%P
「阳菜……」%K%P
%LC陽菜
%LC阳菜
「すみません。邪魔してしまって」%K%P
「抱歉。打扰你了」%K%P
%LC依夜
%LC依夜
「平気よ。これは、なんというか……、\n　気持ちのクールダウンのようなものだから」%K%P
「没事的。这个，怎么说呢……\n 这算是让心情冷静下来做的啦。」%K%P
%LC依夜
%LC依夜
「テストだってことは、わかっているのだけど……。\n　決着がつかずに終わってしまったでしょ？」%K%P
「虽然我知道，这只是测试……\n 但没有结果，就结束了不是吗？」%K%P
%LC依夜
%LC依夜
「それで、どうにも落ち着かなくて」%K%P
「所以，我怎么也静不下来」%K%P
%LC陽菜
%LC阳菜
「わかります。不完全燃焼ですよね」%K%P
「我明白的。就像不完全燃烧一样呢」%K%P
%LC依夜
%LC依夜
「ひょっとして、陽菜も？」%K%P
「难道说，阳菜也是？」%K%P
%LC陽菜
%LC阳菜
「はい」%K%P
「是」%K%P
頷いて、ちょうど近くにあった\n依夜様のタオルを渡す。%K%P
我点了点头，然后把依夜大人的毛巾，\n递给了她。%K%P
%LC陽菜
%LC阳菜
「クレール様、すごかったですね」%K%P
「克莱尔大人，真的厉害呢」%K%P
%LC依夜
%LC依夜
「うん。ハルバードを相手にするのは\n　初めてだったから、勝手もわからなくて」%K%P
「嗯。第一次和斧枪打交道，\n 所以也不太清楚，能不能赢过」%K%P
%LC陽菜
%LC阳菜
「その割に、最初から突っ込んでいきましたけど」%K%P
「尽管如此，你还是一开始就突刺了呀」%K%P
%LC依夜
%LC依夜
「先手必勝しかないと思ったんだもの。\n　でないと、間合いに入れる気がしなくて」%K%P
「我只想着先下手为强。\n 不然，我可不想在中途落入下风」%K%P
%LC依夜
%LC依夜
「実際、後半はうまく立ち回られて、\n　間合いに踏み込むことが出来なかったから」%K%P
「事实上，在下半场，\n 我们都能够很好地周旋，谁都不敌谁。」%K%P
%LC依夜
%LC依夜
「だけど、もしまた戦う機会があれば、\n　そのときは負けるつもりはないから」%K%P
「不过，如果，还有再战斗的机会的话，\n 那时，我不会输的了」%K%P
%LC依夜
%LC依夜
「もちろん、陽菜にも」%K%P
「当然，对阳菜也是」%K%P
%LC陽菜
%LC阳菜
「はい。次はお互い、万全の状態で」%K%P
「好。下次再战，不要放水哦」%K%P
%LC依夜
%LC依夜
「もう……。だから、\n　さっき美実の言っていたことは――」%K%P
「真是的……所以啊，\n 刚刚美实的话吧——」%K%P
%LC陽菜
%LC阳菜
「依夜様。実は私もあの日、\n　留学先から帰ってきたばかりだったんです」%K%P
「依夜大人。其实那天，\n 我是刚从留学的地方回来的」%K%P
%LC陽菜
%LC阳菜
「飛行機に１０時間以上乗ったあと、そのまま\n　ここにやってきて、依夜様と戦ったんです」%K%P
「坐了10个多小时的飞机，就这样，\n 一来到这里，就和依夜大人战斗了」%K%P
%LC陽菜
%LC阳菜
「ですから、ね？　次は{お互い:・・・}、万全で」%K%P
「所以说，呐？ 下次再{不要放水:酣畅淋漓}地，打一次吧」%K%P
%LC依夜
%LC依夜
「陽菜……」%K%P
「阳菜……」%K%P
オレがそう言うと、依夜様は一瞬だけ、\n鳩が豆鉄砲って感じの、驚いた表情を浮かべて。%K%P
听我这么说，依夜大人的脸上浮现出一种，\n类似惊弓之鸟的表情。%K%P
それからほんの少し、おかしそうに微笑んだ。%K%P
然后，她露出一丝若有若无的微笑。%K%P
%LC依夜
%LC依夜
「陽菜って不思議な子ね」%K%P
「阳菜真是不可思议的人呢」%K%P
%LC依夜
%LC依夜
「こんなに誰かと戦いたいと思ったの、\n　宗千佳先生以来よ」%K%P
「自从跟随宗千佳老师以来，\n 我还是第一次这么想和谁战斗呢」%K%P
%LC陽菜
%LC阳菜
「依夜様って、先生との付き合いは\n　長いんですか？」%K%P
「依夜大人，你和老师她，\n 认识很久了吗？」%K%P
%LC依夜
%LC依夜
「うん。ここに入学したのも、先生が特別講師を\n　しているって知っていたからだもの」%K%P
「嗯。我之所以会来这里，是因为听说了，\n 老师她是特别讲师的缘故」%K%P
%LC依夜
%LC依夜
「先生と出会ったから、いまの私があるの」%K%P
「因为遇见了老师，所以才有了现在的我」%K%P
気負うことなく、あっさりと告げたその言葉には、\nかえって積年の想いが込められている気がした。%K%P
很平静地，说出了这简简单单的话，\n反而让人觉得，包含了很多年的感情%K%P
%LC梨理
%LC梨理
「あっ……」%K%P
「啊……」%K%P
%LC陽菜
%LC阳菜
「あれ、梨理ちゃん」%K%P
「啊嘞，梨理酱」%K%P
微かな気配に振り向けば、そこには梨理ちゃんが。%K%P
回头一看，发现梨理酱进来了。%K%P
%LC陽菜
%LC阳菜
「梨理ちゃんもトレーニング？」%K%P
「梨理酱也来训练？」%K%P
%LC梨理
%LC梨理
「そのつもりだったんですけど。\n　お邪魔のようですし、退散します」%K%P
「我是这么打算的啦。\n 但好像打扰你们了，我先走了吧」%K%P
%LC依夜
%LC依夜
「別に、邪魔だなんて。そんなこと」%K%P
「没关系，打扰什么的。没这事」%K%P
%LC梨理
%LC梨理
「いえいえ。あんな激戦のあとですし、\n　クールダウン、しっかりしないとですし」%K%P
「不不，那么激烈的战斗之后，\n 不好好活动下的话，冷静不下来的，」%K%P
%LC梨理
%LC梨理
「お二人とも、今日はお疲れさまでした」%K%P
「两位都是，今天辛苦了哦」%K%P
%LC陽菜
%LC阳菜
「あ……」%K%P
「啊……」%K%P
行っちゃった……。%K%P
就走了啊……%K%P
フィエルテに着替えていたところからして、\nトレーニングする気満々だったっぽいのに。%K%P
从换上菲尔特这一点来看，\n她确实有来训练的意思。%K%P
%LC依夜
%LC依夜
「ごめんなさい、陽菜」%K%P
「对不起，阳菜」%K%P
%LC陽菜
%LC阳菜
「……？　なんで依夜様が謝るんですか？」%K%P
「……嗯？　依夜大人为什么要道歉呢？」%K%P
%LC依夜
%LC依夜
「あの子、私に対して、いつもああだから」%K%P
「那个孩子，面对我的时候，总是那样」%K%P
%LC依夜
%LC依夜
「たまにトレーニングルームで見掛けても、\n　すぐにいなくなってしまうの」%K%P
「偶尔在训练场里遇到她时，\n 她马上就跑不见了」%K%P
%LC依夜
%LC依夜
「だから、この前の日曜は、\n　一緒に練習出来たのが嬉しくて」%K%P
「所以，上个周日，\n 我们能一起练习，真的很高兴」%K%P
%LC依夜
%LC依夜
「近くで動きを見ることも出来たし。\n　強いってことが、よくわかったから」%K%P
「她能近距离预判动作。\n 她很强，这点我是明白的」%K%P
%LC陽菜
%LC阳菜
「梨理ちゃんとも、戦いたいんですね」%K%P
「你也想，和梨理酱战斗对吧」%K%P
%LC依夜
%LC依夜
「うん。あの子のことは、\n　美実からずっと聞いていたから」%K%P
「嗯。那孩子的事，\n 我一直听美实在说啦」%K%P
%LC依夜
%LC依夜
「あるいは銀蘭祭で、\n　その機会があるといいのだけど」%K%P
「兴许在银兰祭上，\n 有这个机会就好了呢」%K%P
%LC陽菜
%LC阳菜
「そう、ですね」%K%P
「确实，如此呢」%K%P
頷くとき、わずかに躊躇ってしまったのは、\n依夜様たちが羨ましかったからだ。%K%P
点头的时候，我略微踌躇了一下，\n因为我真的很羡慕依夜大人她们。%K%P
各学年の成績優秀者が出場する、\n銀蘭祭の{舞闘:カデンツァ}。%K%P
各学年成绩优秀者才能出场的，\n银兰祭的{舞斗:华彩乐}。%K%P
指南役補佐代理じゃなかったら、\nオレも出場できたかもしれないのに――なんて。%K%P
如果不是作为代理教辅员的话，\n也许我也能出场——%K%P
