――翌日の放課後。%K%P
——第二天的放学后。%K%P
手紙で指定された空き教室に行くと、\nそこには、ひとりの女の子が待っていた。%K%P
来到信中指定的空教室，\n有一个女孩在那里等着。%K%P
%LC陽菜
%LC阳菜
「この手紙をくれたのは、キミ？」%K%P
「给我这封信的人，是你吗？」%K%P
%LC女学生
%LC女学生
「はっ、はい。陽菜様に、\n　どうしてもお伝えしたいことがあって」%K%P
「啊，是的，有件事，\n 无论如何都想告诉阳菜大人」%K%P
%LC女学生
%LC女学生
「あの、えっと……」%K%P
「那个，就是……」%K%P
%LC女学生
%LC女学生
「いつも授業で素敵な指導をしてくださって、\n　本当にありがとうございますっ！」%K%P
「对于在课堂上的悉心指导，\n 真的非常感谢您！」%K%P
%LC陽菜
%LC阳菜
「どういたしまして」%K%P
「不用谢哦」%K%P
%LC陽菜
%LC陽菜
「こちらこそ、いつも熱心に授業を受けてくれて、\n　本当にありがとう」%K%P
「こちらこそ、いつも熱心に授業を受けてくれて、\n　本当にありがとう」%K%P
%LC陽菜
%LC陽菜
「手紙のお礼……っていうのも変だけど、\n　私も、手紙を書いてきたんだ」%K%P
「手紙のお礼……っていうのも変だけど、\n　私も、手紙を書いてきたんだ」%K%P
%LC陽菜
%LC陽菜
「感謝への感謝ってことで。\n　よかったら、受け取ってくれる？」%K%P
「感謝への感謝ってことで。\n　よかったら、受け取ってくれる？」%K%P
%LC美実
%LC美実
「おっ、きたきた。\n　して陽菜ちゃん、首尾の方は？」%K%P
「おっ、きたきた。\n　して陽菜ちゃん、首尾の方は？」%K%P
%LC陽菜
%LC陽菜
「美実様の言っていた通りでした」%K%P
「美実様の言っていた通りでした」%K%P
%LCクレール
%LCクレール
「相手の子、喜んでいたでしょう？」%K%P
「相手の子、喜んでいたでしょう？」%K%P
%LC陽菜
%LC陽菜
「はい。こっちが困るぐらいに」%K%P
「はい。こっちが困るぐらいに」%K%P
%LC杏奈
%LC杏奈
「そりゃそうだよ。\n　憧れの人からのお手紙だもん」%K%P
「そりゃそうだよ。\n　憧れの人からのお手紙だもん」%K%P
空き教室で手紙の差し出し人と会ったあと、\nその足で部室へ行くと、みんなが待ち構えていた。%K%P
空き教室で手紙の差し出し人と会ったあと、\nその足で部室へ行くと、みんなが待ち構えていた。%K%P
なぜ、こんなことになっているかというと――。%K%P
なぜ、こんなことになっているかというと――。%K%P
――時を遡ること、昨日の放課後。%K%P
――時を遡ること、昨日の放課後。%K%P
%LC陽菜
%LC陽菜
「――ウェブコミック？」%K%P
「――ウェブコミック？」%K%P
%LC美実
%LC美実
「そっ。いま一部の子にすっごい人気の、\n　百合小説を原作にした漫画があるんだけど」%K%P
「そっ。いま一部の子にすっごい人気の、\n　百合小説を原作にした漫画があるんだけど」%K%P
%LC美実
%LC美実
「今週、その漫画で『手紙で感謝を伝える』っていう\n　エピソードが掲載されたんだよね」%K%P
「今週、その漫画で『手紙で感謝を伝える』っていう\n　エピソードが掲載されたんだよね」%K%P
%LC美実
%LC美実
「その漫画ってのが、コレなんだけど――」%K%P
「その漫画ってのが、コレなんだけど――」%K%P
そう言って美実様が見せてくれたスマホには、\n漫画の一コマが映っていた。%K%P
そう言って美実様が見せてくれたスマホには、\n漫画の一コマが映っていた。%K%P
そこには、見覚えのある封筒と便せんが。%K%P
そこには、見覚えのある封筒と便せんが。%K%P
%LC陽菜
%LC陽菜
「これって……」%K%P
「これって……」%K%P
%LC依夜
%LC依夜
「それやこれと同じね」%K%P
「それやこれと同じね」%K%P
教室に入るなり美実様が見せてきた手紙や、\n廊下に落ちていた依夜様宛の手紙と同じ。%K%P
教室に入るなり美実様が見せてきた手紙や、\n廊下に落ちていた依夜様宛の手紙と同じ。%K%P
つまり、オレ宛てのラブレターとも、\nまったく同じデザインのレターセットだった。%K%P
つまり、オレ宛てのラブレターとも、\nまったく同じデザインのレターセットだった。%K%P
%LC美実
%LC美実
「私、部室から帰る途中で忘れ物に気付いて。\n　さっき自分の教室に寄ったんだよね」%K%P
「私、部室から帰る途中で忘れ物に気付いて。\n　さっき自分の教室に寄ったんだよね」%K%P
%LC美実
%LC美実
「そしたらそこで、私の机の中に、\n　この手紙を入れようとしてる子に遭遇して」%K%P
「そしたらそこで、私の机の中に、\n　この手紙を入れようとしてる子に遭遇して」%K%P
%LC美実
%LC美実
「陽菜ちゃんが貰った手紙と同じヤツだったから。\n　もしや同じ子？　って思って事情を聞いたの」%K%P
「陽菜ちゃんが貰った手紙と同じヤツだったから。\n　もしや同じ子？　って思って事情を聞いたの」%K%P
%LC美実
%LC美実
「そしたら教えてくれたんだ。\n　この漫画を真似てみたんです、って」%K%P
「そしたら教えてくれたんだ。\n　この漫画を真似てみたんです、って」%K%P
美実様の説明によると、たまたま漫画と同じ\nデザインの便せんが近所のショップで売っていて。%K%P
美実様の説明によると、たまたま漫画と同じ\nデザインの便せんが近所のショップで売っていて。%K%P
それを見つけた漫画好きな子が真似をして、\nそれが一部の間で流行っている、とのことだった。%K%P
それを見つけた漫画好きな子が真似をして、\nそれが一部の間で流行っている、とのことだった。%K%P
%LC美実
%LC美実
「例のにゅえーと同じだよね。\n　こういうのって真似したくなるから」%K%P
「例のにゅえーと同じだよね。\n　こういうのって真似したくなるから」%K%P
身近すぎる例えを出されて、納得しかない。%K%P
身近すぎる例えを出されて、納得しかない。%K%P
%LC陽菜
%LC陽菜
「ってことは、この手紙、\n　ラブレターじゃなかったんですね……」%K%P
「ってことは、この手紙、\n　ラブレターじゃなかったんですね……」%K%P
持ち歩いていた自分宛のラブレター……もとい、\n手紙を取り出して、思わず呟く。%K%P
持ち歩いていた自分宛のラブレター……もとい、\n手紙を取り出して、思わず呟く。%K%P
ほっとしたような、ちょっと寂しいような。%K%P
ほっとしたような、ちょっと寂しいような。%K%P
%LC依夜
%LC依夜
「それ……。陽菜も貰っていたのね、同じ手紙」%K%P
「それ……。陽菜も貰っていたのね、同じ手紙」%K%P
%LC陽菜
%LC陽菜
「はい。そのせいで、今日はちょっと大変で……」%K%P
「はい。そのせいで、今日はちょっと大変で……」%K%P
%LC依夜
%LC依夜
「そうだったの。\n　でも、おかげで納得がいったわ」%K%P
「そうだったの。\n　でも、おかげで納得がいったわ」%K%P
%LC依夜
%LC依夜
「人宛ての手紙の内容を気にするだなんて、\n　どういうことなんだろうって思っていたから」%K%P
「人宛ての手紙の内容を気にするだなんて、\n　どういうことなんだろうって思っていたから」%K%P
%LC陽菜
%LC陽菜
「はうっ、ですよね……。\n　すみません、本当に失礼しました」%K%P
「はうっ、ですよね……。\n　すみません、本当に失礼しました」%K%P
ドキドキして、わたわたして、オロオロして。%K%P
ドキドキして、わたわたして、オロオロして。%K%P
およそ男のままでは体験出来なかっただろう、\nそんな感覚がぎゅっと凝縮された一日だった。%K%P
およそ男のままでは体験出来なかっただろう、\nそんな感覚がぎゅっと凝縮された一日だった。%K%P
%LC美実
%LC美実
「で？　陽菜ちゃん、どうするの？\n　ラブレターの線はほぼ消えたわけだけど」%K%P
「で？　陽菜ちゃん、どうするの？\n　ラブレターの線はほぼ消えたわけだけど」%K%P
%LC陽菜
%LC陽菜
「別に、なにも変わらないです。\n　会って、それで、話を聞いて――」%K%P
「別に、なにも変わらないです。\n　会って、それで、話を聞いて――」%K%P
女装がバレた可能性も限りなくゼロになったし、\nオレとしては気兼ねなく会える……って、そうだ。%K%P
女装がバレた可能性も限りなくゼロになったし、\nオレとしては気兼ねなく会える……って、そうだ。%K%P
%LC陽菜
%LC陽菜
「私も、お返事を書こうと思います」%K%P
「私も、お返事を書こうと思います」%K%P
――そんなわけで、今に至る。%K%P
――そんなわけで、今に至る。%K%P
%LC美実
%LC美実
「じゃあ、陽菜ちゃんラブレター事件は、\n　これにて一件落着って感じ？」%K%P
「じゃあ、陽菜ちゃんラブレター事件は、\n　これにて一件落着って感じ？」%K%P
%LC陽菜
%LC陽菜
「はい。いろいろありがとうございました」%K%P
「はい。いろいろありがとうございました」%K%P
事件名に突っ込みたいけど、それをやると、\nどんどん脱線して大喜利が始まる気がする。%K%P
事件名に突っ込みたいけど、それをやると、\nどんどん脱線して大喜利が始まる気がする。%K%P
美実様と上手にお付き合いするコツは、\n適度に突っ込み、適度に流すこと、だと思う。%K%P
美実様と上手にお付き合いするコツは、\n適度に突っ込み、適度に流すこと、だと思う。%K%P
%LC陽菜
%LC陽菜
「クレール様と杏奈ちゃんも、ありがとう」%K%P
「クレール様と杏奈ちゃんも、ありがとう」%K%P
%LCクレール
%LCクレール
「私たちは、別になにも……ね？」%K%P
「私たちは、別になにも……ね？」%K%P
%LC杏奈
%LC杏奈
「ですね。美実様はともかく、\n　私たちはやいのやいの言ってただけだし」%K%P
「ですね。美実様はともかく、\n　私たちはやいのやいの言ってただけだし」%K%P
%LC陽菜
%LC陽菜
「でも、意見とか色々と参考になったから」%K%P
「でも、意見とか色々と参考になったから」%K%P
%LCクレール
%LCクレール
「やいのやいのっ」%K%P
「やいのやいのっ」%K%P
%LC陽菜
%LC陽菜
「それと、梨理ちゃんも。ありがとう」%K%P
「それと、梨理ちゃんも。ありがとう」%K%P
%LC梨理
%LC梨理
「私、本当になんにもしてないんですけど」%K%P
「私、本当になんにもしてないんですけど」%K%P
%LC陽菜
%LC陽菜
「そんなことないよ」%K%P
「そんなことないよ」%K%P
話したい相手が逃げたら焦るし困る、という、\nそんな当たり前のことに気付かせてもらったわけで。%K%P
話したい相手が逃げたら焦るし困る、という、\nそんな当たり前のことに気付かせてもらったわけで。%K%P
つーちゃんの話を聞いて、梨理ちゃんに逃げられて、\n美実様やクレール様、杏奈ちゃんと話をして。%K%P
つーちゃんの話を聞いて、梨理ちゃんに逃げられて、\n美実様やクレール様、杏奈ちゃんと話をして。%K%P
それから、依夜様の考え方を聞いて――、%K%P
それから、依夜様の考え方を聞いて――、%K%P
そういうことが積み重なったからこその、\n今日の結果なわけだから。%K%P
そういうことが積み重なったからこその、\n今日の結果なわけだから。%K%P
%LC美実
%LC美実
「あっ、そういえば陽菜ちゃん聞いて聞いて。\n　昨日、梨理ってばね――」%K%P
「あっ、そういえば陽菜ちゃん聞いて聞いて。\n　昨日、梨理ってばね――」%K%P
%LC梨理
%LC梨理
「お姉ちゃんっ！　余計なこと言わないっ」%K%P
「お姉ちゃんっ！　余計なこと言わないっ」%K%P
%LC美実
%LC美実
「えー？　珍しく遊びに来たってことは、\n　てっきりあの話をしてほしいのかなって」%K%P
「えー？　珍しく遊びに来たってことは、\n　てっきりあの話をしてほしいのかなって」%K%P
%LC梨理
%LC梨理
「逆だから。しないよう監視にきたの」%K%P
「逆だから。しないよう監視にきたの」%K%P
%LCクレール
%LCクレール
「なになに？　昨日、なにかあったの？」%K%P
「なになに？　昨日、なにかあったの？」%K%P
%LC梨理
%LC梨理
「ちょっ、なに聞いてるんですかっ」%K%P
「ちょっ、なに聞いてるんですかっ」%K%P
%LC美実
%LC美実
「それがね、ウチの梨理ちゃんってば、\n　陽菜先生に告白されると勘違いしちゃってね」%K%P
「それがね、ウチの梨理ちゃんってば、\n　陽菜先生に告白されると勘違いしちゃってね」%K%P
%LC梨理
%LC梨理
「っ〜〜〜……！」%K%P
「っ〜〜〜……！」%K%P
%LC陽菜
%LC陽菜
「もう、美実様。いじめちゃだめです。\n　昨日のアレは私の言い方が悪かっただけで」%K%P
「もう、美実様。いじめちゃだめです。\n　昨日のアレは私の言い方が悪かっただけで」%K%P
%LC杏奈
%LC杏奈
「あ、梨理ちゃんの肩もってる」%K%P
「あ、梨理ちゃんの肩もってる」%K%P
%LC陽菜
%LC陽菜
「え」%K%P
「え」%K%P
%LC美実
%LC美実
「よかったね、梨理。\n　脈あるよ？　イケるよコレは」%K%P
「よかったね、梨理。\n　脈あるよ？　イケるよコレは」%K%P
%LC陽菜
%LC陽菜
「あの、いまのはそういうのじゃ――」%K%P
「あの、いまのはそういうのじゃ――」%K%P
%LC梨理
%LC梨理
「そうです、そういうのじゃないですっ。\n　私もセンセなんて興味ないですからっ」%K%P
「そうです、そういうのじゃないですっ。\n　私もセンセなんて興味ないですからっ」%K%P
%LCクレール
%LCクレール
「くすっ、うふふっ。\n　梨理ちゃんツンツンで可愛いっ」%K%P
「くすっ、うふふっ。\n　梨理ちゃんツンツンで可愛いっ」%K%P
%LC梨理
%LC梨理
「にゅええっ？！　やっ、ちょっ、\n　いきなり抱きっ……にゅええええっ！？」%K%P
「にゅええっ？！　やっ、ちょっ、\n　いきなり抱きっ……にゅええええっ！？」%K%P
%LC杏奈
%LC杏奈
「あ、梨理ちゃんも使うんだ」%K%P
「あ、梨理ちゃんも使うんだ」%K%P
%LC美実
%LC美実
「くすっ。なんだかんだ言って、\n　好きなんじゃんねぇ、結局は」%K%P
「くすっ。なんだかんだ言って、\n　好きなんじゃんねぇ、結局は」%K%P
梨理ちゃんひとりが加わっただけで、\n普段から賑やかな部室が、さらに賑やかに。%K%P
梨理ちゃんひとりが加わっただけで、\n普段から賑やかな部室が、さらに賑やかに。%K%P
４人が５人になるだけでこれなんだから、\n女の子って、本当にパワフルだ。%K%P
４人が５人になるだけでこれなんだから、\n女の子って、本当にパワフルだ。%K%P
%LC陽菜
%LC陽菜
「ふぅ……疲れたぁ……」%K%P
「ふぅ……疲れたぁ……」%K%P
職員寮に戻ったら、自然とそんな声が漏れた。%K%P
職員寮に戻ったら、自然とそんな声が漏れた。%K%P
今日もトレーニングルームは人がいなくて、\n{騎士道:シュバルリィ}の授業もなくて。%K%P
今日もトレーニングルームは人がいなくて、\n{騎士道:シュバルリィ}の授業もなくて。%K%P
だから、肉体的にはまったく疲れていないんだけど、\nそれでもそんな声が出てしまった。%K%P
だから、肉体的にはまったく疲れていないんだけど、\nそれでもそんな声が出てしまった。%K%P
まるで、温泉に肩まで浸かった後に漏れる、\n心の底から溢れ出た吐息みたいな――、%K%P
まるで、温泉に肩まで浸かった後に漏れる、\n心の底から溢れ出た吐息みたいな――、%K%P
%LC宗千佳
%LC宗千佳
「おっ、帰っていたか」%K%P
「おっ、帰っていたか」%K%P
%LC陽菜
%LC陽菜
「姉さん、ただいま……って、大丈夫？」%K%P
「姉さん、ただいま……って、大丈夫？」%K%P
声に振り返って見れば、\nそこにはちょっと憔悴した感じの姉さんが。%K%P
声に振り返って見れば、\nそこにはちょっと憔悴した感じの姉さんが。%K%P
%LC陽菜
%LC陽菜
「成績つけるの、大変そうだね」%K%P
「成績つけるの、大変そうだね」%K%P
%LC宗千佳
%LC宗千佳
「他の学期はともかく、\n　２学期は銀蘭祭も絡むからな」%K%P
「他の学期はともかく、\n　２学期は銀蘭祭も絡むからな」%K%P
%LC陽菜
%LC陽菜
「姉さんって今年から職員になったんでしょ？\n　去年まではそういうの、どうしてたの？」%K%P
「姉さんって今年から職員になったんでしょ？\n　去年まではそういうの、どうしてたの？」%K%P
%LC宗千佳
%LC宗千佳
「同じだ。特別講師という肩書きだったが、\n　実質、私がいろいろと意見を出していたからな」%K%P
「同じだ。特別講師という肩書きだったが、\n　実質、私がいろいろと意見を出していたからな」%K%P
%LC陽菜
%LC陽菜
「すっごくいまさらだけど。\n　姉さんって教員免許持ってたんだね」%K%P
「すっごくいまさらだけど。\n　姉さんって教員免許持ってたんだね」%K%P
%LC宗千佳
%LC宗千佳
「留学を終えて日本に帰ってきたあと、道場で\n　陽菜ぐらいの年頃を指導する機会が増えて――」%K%P
「留学を終えて日本に帰ってきたあと、道場で\n　陽菜ぐらいの年頃を指導する機会が増えて――」%K%P
%LC宗千佳
%LC宗千佳
「それで、とっておくのも悪くないと、\n　そう思って大学に通っておいたからな」%K%P
「それで、とっておくのも悪くないと、\n　そう思って大学に通っておいたからな」%K%P
%LC宗千佳
%LC宗千佳
「おかげで、いまはこんな暮らしだが」%K%P
「おかげで、いまはこんな暮らしだが」%K%P
憎まれ口を叩くふうではあるけれど、\n表情自体は楽しそうだし、顔は笑っている。%K%P
憎まれ口を叩くふうではあるけれど、\n表情自体は楽しそうだし、顔は笑っている。%K%P
姉さんって昔から人の面倒を見るの好きだよなぁ。%K%P
姉さんって昔から人の面倒を見るの好きだよなぁ。%K%P
%LC宗千佳
%LC宗千佳
「っと、そうだ。\n　陽菜に聞いておきたいことがある」%K%P
「っと、そうだ。\n　陽菜に聞いておきたいことがある」%K%P
%LC陽菜
%LC陽菜
「ひょっとして、銀蘭祭の推薦枠？」%K%P
「ひょっとして、銀蘭祭の推薦枠？」%K%P
%LC宗千佳
%LC宗千佳
「そうだが……なぜ知っている？\n　まだ話していなかったと思うが」%K%P
「そうだが……なぜ知っている？\n　まだ話していなかったと思うが」%K%P
%LC陽菜
%LC陽菜
「杏奈ちゃんから聞いたんだ。\n　そういうのがあるよって」%K%P
「杏奈ちゃんから聞いたんだ。\n　そういうのがあるよって」%K%P
%LC宗千佳
%LC宗千佳
「そうか……。なら話は早い。\n　どうだ？　誰かいるか？」%K%P
「そうか……。なら話は早い。\n　どうだ？　誰かいるか？」%K%P
%LC宗千佳
%LC宗千佳
「ちなみに、自推は却下するぞ」%K%P
「ちなみに、自推は却下するぞ」%K%P
%LC陽菜
%LC陽菜
「わかってるってば。\n　そこまで厚顔無恥じゃないから」%K%P
「わかってるってば。\n　そこまで厚顔無恥じゃないから」%K%P
本当は、ちょっと考えてたことだけど。%K%P
本当は、ちょっと考えてたことだけど。%K%P
%LC陽菜
%LC陽菜
「一人、いるにはいるんだけど――」%K%P
「一人、いるにはいるんだけど――」%K%P
%LC宗千佳
%LC宗千佳
「誰だ？」%K%P
「誰だ？」%K%P
%LC陽菜
%LC陽菜
「センシブル３年の、クレール・メルル様」%K%P
「センシブル３年の、クレール・メルル様」%K%P
%LC宗千佳
%LC宗千佳
「ああ、クレールか……」%K%P
「ああ、クレールか……」%K%P
名前を出すと、姉さんは驚くことなく、\nむしろ納得した様子で頷いた。%K%P
名前を出すと、姉さんは驚くことなく、\nむしろ納得した様子で頷いた。%K%P
姉さんはテスト{舞闘:カデンツァ}のとき、\n用があってテアトルにはいなかった。%K%P
姉さんはテスト{舞闘:カデンツァ}のとき、\n用があってテアトルにはいなかった。%K%P
だから、クレール様の戦いは見ていない。%K%P
だから、クレール様の戦いは見ていない。%K%P
なのにこの反応ってことは、\n誰かから話を聞いたか、あるいは――、%K%P
なのにこの反応ってことは、\n誰かから話を聞いたか、あるいは――、%K%P
%LC陽菜
%LC陽菜
「クレール様が{最優秀騎士:ブリランテ}だってこと、\n　姉さん、知ってたんでしょ？」%K%P
「クレール様が{最優秀騎士:ブリランテ}だってこと、\n　姉さん、知ってたんでしょ？」%K%P
%LC宗千佳
%LC宗千佳
「まぁな。クレールが留学したての頃、\n　本人に会ったとき、直接聞いていた」%K%P
「まぁな。クレールが留学したての頃、\n　本人に会ったとき、直接聞いていた」%K%P
%LC陽菜
%LC陽菜
「本人からって……えっ、うそ。\n　クレール様と姉さん、知り合いだったの？」%K%P
「本人からって……えっ、うそ。\n　クレール様と姉さん、知り合いだったの？」%K%P
%LC宗千佳
%LC宗千佳
「私とクレールが、というより、\n　ニナとクレールがもともと知り合いなんだ」%K%P
「私とクレールが、というより、\n　ニナとクレールがもともと知り合いなんだ」%K%P
%LC宗千佳
%LC宗千佳
「実家――フランスの住まいが、とても近くてな。\n　幼い頃からよく知った仲だそうだ」%K%P
「実家――フランスの住まいが、とても近くてな。\n　幼い頃からよく知った仲だそうだ」%K%P
%LC宗千佳
%LC宗千佳
「その縁で、アリアンロッドに留学していた頃、\n　ニナからクレールを紹介されたことがある」%K%P
「その縁で、アリアンロッドに留学していた頃、\n　ニナからクレールを紹介されたことがある」%K%P
%LC宗千佳
%LC宗千佳
「もっといえば、クレールは私の{騎士:ワルキュリア}姿――、\n　アリアでの活躍を、その目で見ていたぞ」%K%P
「もっといえば、クレールは私の{騎士:ワルキュリア}姿――、\n　アリアでの活躍を、その目で見ていたぞ」%K%P
%LC陽菜
%LC陽菜
「うわ、羨ましい……」%K%P
「うわ、羨ましい……」%K%P
心の底から声が出た。本気で羨ましい。%K%P
心の底から声が出た。本気で羨ましい。%K%P
でも、そっか。言われてみれば、\nニナさんとクレール様って距離が近い。%K%P
でも、そっか。言われてみれば、\nニナさんとクレール様って距離が近い。%K%P
初めて学園にやって来たときも、オレをニナさんだと\n勘違いしたクレール様は、いきなりハグしてきたし。%K%P
初めて学園にやって来たときも、オレをニナさんだと\n勘違いしたクレール様は、いきなりハグしてきたし。%K%P
学園長相手にハグとかすごいって思ってたけど、\n昔馴染みなら、そのぐらいしてもおかしくない。%K%P
学園長相手にハグとかすごいって思ってたけど、\n昔馴染みなら、そのぐらいしてもおかしくない。%K%P
%LC陽菜
%LC陽菜
「クレール様、すごく強かった。\n　依夜様相手に、一歩も引けを取らなくて」%K%P
「クレール様、すごく強かった。\n　依夜様相手に、一歩も引けを取らなくて」%K%P
%LC宗千佳
%LC宗千佳
「だろうな。そもそもアリアンロッド自体、\n　レベルが高い」%K%P
「だろうな。そもそもアリアンロッド自体、\n　レベルが高い」%K%P
%LC宗千佳
%LC宗千佳
「そこで{最優秀騎士:ブリランテ}になった以上、\n　実力は疑うべくもない」%K%P
「そこで{最優秀騎士:ブリランテ}になった以上、\n　実力は疑うべくもない」%K%P
%LC陽菜
%LC陽菜
「なに？　自画自賛？」%K%P
「なに？　自画自賛？」%K%P
%LC宗千佳
%LC宗千佳
「まぁ、そうか。そうなるな」%K%P
「まぁ、そうか。そうなるな」%K%P
茶化し気味の突っ込みにくすりと笑う、\nこちらもアリアンロッドの{最優秀騎士:ブリランテ}。%K%P
茶化し気味の突っ込みにくすりと笑う、\nこちらもアリアンロッドの{最優秀騎士:ブリランテ}。%K%P
%LC宗千佳
%LC宗千佳
「ともかく、意見は了解した。\n　参考にさせてもらう」%K%P
「ともかく、意見は了解した。\n　参考にさせてもらう」%K%P
%LC陽菜
%LC陽菜
「えっ……いいの？　言っておいてなんだけど、\n　クレール様、センシブルなのに」%K%P
「えっ……いいの？　言っておいてなんだけど、\n　クレール様、センシブルなのに」%K%P
%LC宗千佳
%LC宗千佳
「推薦枠の対象は、銀蘭の全学生だ。\n　学科は関係ない」%K%P
「推薦枠の対象は、銀蘭の全学生だ。\n　学科は関係ない」%K%P
%LC宗千佳
%LC宗千佳
「ただ、仮に推薦したとして、\n　出るかどうかはクレール次第だが」%K%P
「ただ、仮に推薦したとして、\n　出るかどうかはクレール次第だが」%K%P
%LC宗千佳
%LC宗千佳
「銀蘭祭の出場推薦に、強制力はない。\n　それは{舞闘:カデンツァ}だけでなく、歌劇も同じだ」%K%P
「銀蘭祭の出場推薦に、強制力はない。\n　それは{舞闘:カデンツァ}だけでなく、歌劇も同じだ」%K%P
%LC宗千佳
%LC宗千佳
「{舞闘:カデンツァ}は好きだが、芝居は恥ずかしい――、\n　そういった学生も、中にはいる」%K%P
「{舞闘:カデンツァ}は好きだが、芝居は恥ずかしい――、\n　そういった学生も、中にはいる」%K%P
%LC宗千佳
%LC宗千佳
「義務や強制も、ときに必要だろう。\n　だが、人は自分で選ぶからこそ、責任を負える」%K%P
「義務や強制も、ときに必要だろう。\n　だが、人は自分で選ぶからこそ、責任を負える」%K%P
%LC宗千佳
%LC宗千佳
「ここは{騎士道:シュバルリィ}を尊ぶ学園だ。\n　守るべきものは、自分で選び、決めなくてはな」%K%P
「ここは{騎士道:シュバルリィ}を尊ぶ学園だ。\n　守るべきものは、自分で選び、決めなくてはな」%K%P
%LC陽菜
%LC陽菜
「……なんか、すっかり先生だね」%K%P
「……なんか、すっかり先生だね」%K%P
%LC宗千佳
%LC宗千佳
「陽菜がそう思ってくれるのなら、\n　私も大したものかもしれないな」%K%P
「陽菜がそう思ってくれるのなら、\n　私も大したものかもしれないな」%K%P
すらすらと出てくる言葉に、\n自然と耳を傾けてしまう。%K%P
すらすらと出てくる言葉に、\n自然と耳を傾けてしまう。%K%P
自分で選ぶからこそ、責任を負える――か。%K%P
自分で選ぶからこそ、責任を負える――か。%K%P
確かに、オレがこうして女装を続けていられるのも、\n最初に自分で選んだのが大きかったかもしれない。%K%P
確かに、オレがこうして女装を続けていられるのも、\n最初に自分で選んだのが大きかったかもしれない。%K%P
もし、なし崩し的にニナさんや姉さんに\n丸め込まれて、納得できないまま始めていたら。%K%P
もし、なし崩し的にニナさんや姉さんに\n丸め込まれて、納得できないまま始めていたら。%K%P
どこかで不満が爆発して、\nもういい！　オレ女装やめる！　――とか、\nそんなことになっていたかもしれない。%K%P
どこかで不満が爆発して、\nもういい！　オレ女装やめる！　――とか、\nそんなことになっていたかもしれない。%K%P
