――土曜日。%K%P
——星期六。%K%P
{騎士道:シュバルリィ}の試験結果が発表されるとあって、\nその日は朝から学園全体がそわそわしていた。%K%P
{骑士道:Chivalry}的考试结果公布了，\n从早上开始整个学园就“心神不定”了起来。%K%P
結果をテアトルで発表すると聞いたときは、\n朝礼のような感じかなって思ってたんだけど――、%K%P
听说要在剧院公布结果的时候，\n我还以为是要开早会呢――%K%P
%LC陽菜
%LC阳菜
「まさか、お昼前の時間割ひとつ分を、\n　まるまる使うなんて……」%K%P
「难不成，中午前的所有课，\n 全部都推掉了呀……」%K%P
%LC杏奈
%LC杏奈
「言ったでしょ？　一大イベントだって」%K%P
「我不是说了吗？ 有大事要公布」%K%P
全学生が集められたテアトルのホールは、\n厳粛さはなく、和やかな雰囲気だ。%K%P
剧院大厅里聚集了全校学生，\n没有严肃的感觉，气氛很轻松。%K%P
オレたちのように、\n小声で話している子たちも多い。%K%P
像我们这样，\n小声说话的人也很多。%K%P
%LC杏奈
%LC杏奈
「けど、なんか新鮮。\n　テアトルで陽菜ちゃんが隣にいるなんて」%K%P
「不过，感觉很新鲜呢。\n 在剧院里阳菜酱竟然坐我旁边」%K%P
%LC陽菜
%LC阳菜
「実は私も」%K%P
「其实我也觉得」%K%P
親善試合、編入の挨拶、実技試験、\nそして先日の{舞闘:カデンツァ}のテスト。%K%P
友谊赛，入学问候，实战测试，\n还有前几天{舞斗:华彩乐}的测试。%K%P
こんなふうにテアトルに学生が集まるとき、\nオレは舞台の上にいるのが常だった。%K%P
学生像这样聚集在剧院的时候，\n我通常是在舞台上。%K%P
%LC杏奈
%LC杏奈
「あっ、始まるよ」%K%P
「啊，开始了哦」%K%P
舞台袖からニナさんと姉さんが、\nそろって姿を見せる。%K%P
妮娜姐和姐姐，\n一齐从舞台侧翼出现了。%K%P
拍手に出迎えられつつ、二人は舞台の中央へ。%K%P
在热烈的掌声中，两人走向舞台中央。%K%P
%LCニナ
%LC妮娜
「ごきげんよう、我が学び舎の愛しきみなさん」%K%P
「贵安哦，我校亲爱的学生们」%K%P
%LCニナ
%LC妮娜
「本日はみなさんお待ちかね、\n　{騎士道:シュバルリィ}の試験結果を発表します」%K%P
「今天让大家久等了，\n 现在公布{骑士道:Chivalry}的测试结果」%K%P
%LCニナ
%LC妮娜
「すでに知っているとは思うけれど、\n　念のため簡単に説明しておくと――」%K%P
「虽然我想你们应该清楚了，\n 不过最好，还是再简单说明一下吧——」%K%P
%LCニナ
%LC妮娜
「各学年の成績優秀者上位２名ずつと、\n　推薦枠と投票枠から、各１名ずつ――」%K%P
「每年级成绩优秀者前2名，\n 推荐名额和投票名额，各1名——」%K%P
%LCニナ
%LC妮娜
「合計、８名の{騎士:ワルキュリア}が、\n　銀蘭祭への参加資格を獲得することになります」%K%P
「总共，有8名{骑士:Valkyria}，\n 获得参加银兰祭的资格」%K%P
%LCニナ
%LC妮娜
「なお、今年度は新たな試みを用意しています。\n　それに関しては、また後ほど」%K%P
「另外，本年度还安排了新的“尝试”。\n 关于那个，待会儿再说吧」%K%P
ニナさんの説明を聞いていて、\n頭にひとつハテナが浮かぶ。%K%P
听了妮娜姐的“说明”，\n我的脑袋上浮现出了一个问号。%K%P
投票枠って、なんだ？%K%P
投票名额，啥玩意？%K%P
なんか、微妙に聞き覚えが\nある気もするんだけど……。%K%P
好像有点耳熟，也有熟悉的感觉……%K%P
%LCニナ
%LC妮娜
「では、{騎士道:シュバルリィ}指南役、宗千佳先生から、\n　選ばれた{騎士:ワルキュリア}を発表してもらいます」%K%P
「那么，有请{骑士道:Chivalry}的指导老师，宗千佳老师，\n 公布所选出的{骑士:Valkyria}们」%K%P
%LC宗千佳
%LC宗千佳
「まず、成績優秀者から。\n　はじめに３年、上位２名」%K%P
「接下来，从成绩优秀者开始。\n 首先是3年级的前两名」%K%P
%LC宗千佳
%LC宗千佳
「１位、天海依夜。２位、椋木美実」%K%P
「第1名，天海依夜。第2名，椋木美实」%K%P
姉さんが言うと同時に、\n客席にスポットライトがあたった。%K%P
姐姐说出名字的同时，\n聚光灯便照在了观众席上。%K%P
照らされたのは、名前を呼ばれた二人――、\n依夜様と美実様だ。%K%P
被照到的，是被叫到名字的两位——\n依夜大人和美实大人%K%P
%LC女学生Ａ
%LC女学生Ａ
「これはもう、納得の二人って感じ」%K%P
「猜都猜到了，肯定是这两位」%K%P
%LC女学生Ｂ
%LC女学生Ｂ
「ええ。依夜様の３年連続{最優秀騎士:ブリランテ}、\n　期待せずにはいられませんもの」%K%P
「嗯。依夜大人可是连续3年的{至高骑士:Brillante}呢，\n 真是令人期待啊」%K%P
%LC宗千佳
%LC宗千佳
「呼ばれた者は、こちらに上がってくるように」%K%P
「被叫到的人，请上台吧」%K%P
姉さんの言葉で立ち上がった二人は、\n沸き起こる拍手に会釈で応えつつ、壇上へ。%K%P
听了姐姐的话，两人站了起来，\n一边点头致意，一边在沸腾的掌声中走向讲台%K%P
%LC宗千佳
%LC宗千佳
「続いて、２年」%K%P
「然后是，2年级」%K%P
%LC宗千佳
%LC宗千佳
「１位、津島小夜。２位、小柴杏奈」%K%P
「第1名，津岛小夜。第2名，小柴杏奈」%K%P
%LC杏奈
%LC杏奈
「…………へ？」%K%P
「…………欸？」%K%P
杏奈ちゃんの惚けた声と同時に、\nすぐ隣の席が、眩い光で照らされる。%K%P
杏奈酱发出了迷糊的声音，\n同时，她的座位被耀眼的灯光照亮了。%K%P
%LC陽菜
%LC阳菜
「おめでとう、杏奈ちゃん」%K%P
「恭喜你哦，杏奈酱」%K%P
%LCクラスメートＡ
%LC同学Ａ
「すごいっ、２位だって！」%K%P
「好厉害，是第二名啊！」%K%P
%LCクラスメートＢ
%LC同学Ｂ
「おめでとうございます、杏奈さんっ！」%K%P
「恭喜你，杏奈同学！」%K%P
%LC杏奈
%LC杏奈
「え……え？　え？　私？」%K%P
「欸……欸？　欸？　我吗？」%K%P
%LC陽菜
%LC阳菜
「そうだよ。\n　ほら、舞台に上がって上がって」%K%P
「是的哦。\n 好啦，快上台快上台」%K%P
%LC杏奈
%LC杏奈
「あっ……う、うん」%K%P
「啊……唔，嗯」%K%P
きょろきょろおどおどしながら、\nそれでも、舞台に向かって歩き出す杏奈ちゃん。%K%P
尽管她总在东张西望，战战兢兢的，\n但杏奈酱她还是走到了台上。%K%P
そんな彼女を、あたたかな拍手が包み込む。%K%P
温暖的掌声，把腼腆的她裹住了%K%P
%LCクラスメートＡ
%LC同学Ａ
「はぁー……。やったねぇ、杏奈」%K%P
「哈啊……太棒了，杏奈她」%K%P
%LC陽菜
%LC阳菜
「うん」%K%P
「嗯」%K%P
あるいはそうなるんじゃないかなって、\n試験が終わったあとから思っていたけど――、%K%P
也许就应该如此，\n在考试结束后我就这么想了――%K%P
コーチとして一緒に練習しただけに、\nこの結果は、自分のことのように嬉しい。%K%P
因为是作为教练一起练习的，所以，\n这个结果，就像是我自己的一样高兴%K%P
%LC宗千佳
%LC宗千佳
「そして、１年」%K%P
「接下来是，1年级」%K%P
%LC宗千佳
%LC宗千佳
「１位、椋木梨理。２位、森下千波」%K%P
「第1名，椋木梨理。第2名，森下千波」%K%P
%LC女学生Ａ
%LC女学生Ａ
「椋木……ってことは、\n　あれが噂の、美実の妹ちゃん？」%K%P
「椋木……也就是说，\n 她就是传言中的，美实的妹妹？」%K%P
%LC女学生Ｂ
%LC女学生Ｂ
「私、初めて見たかも」%K%P
「我第一次见到她呢」%K%P
%LC女学生Ｃ
%LC女学生Ｃ
「放課後はすぐ帰っちゃうらしいよ。だから、\n　滅多にトレーニングルームにも現れないって」%K%P
「她总是放学后就马上回家了，\n 所以那时她很少出现在训练室里哦」%K%P
%LC美実
%LC美实
「さっすが梨理ーっ！\n　ほらほら早くあがってこーいっ！」%K%P
「不愧是梨理！\n 快来快来，到我这来！」%K%P
%LC梨理
%LC梨理
「ッ……んもう、お姉ちゃんはぁっ……」%K%P
「咕……真是的，姐姐你啊……」%K%P
%LC宗千佳
%LC宗千佳
「――以上６名が、成績により選ばれた、\n　各学年代表の{騎士:ワルキュリア}だ」%K%P
「——以上6名，是根据成绩选出的，\n 各年级代表的{骑士:Valkyria}们」%K%P
%LC宗千佳
%LC宗千佳
「続いて指南役による推薦枠だが……、\n　これに関しては、やや特殊な選抜となった」%K%P
「接下来是由教辅员推荐的……\n 关于这个，是个有点特殊的人选」%K%P
%LC宗千佳
%LC宗千佳
「センシブル３年、クレール・メルル」%K%P
「圣森博尔3年级的，克莱尔・梅尔勒」%K%P
%LC女学生一同
%LC女学生们
「「おおおおおーっ……！？」」%K%P
「「哇噢噢噢噢噢……！？」」%K%P
%LC女学生Ａ
%LC女学生Ａ
「センシブルから選ばれるって、\n　そんなのアリっ……？！」%K%P
「从圣森博尔选人，\n 有这种先例吗……？！」%K%P
%LC女学生Ｂ
%LC女学生Ｂ
「でもでも、この前の依夜様との勝負考えたら\n　納得しかないよ、これっ！」%K%P
「不过不过，看到之前她和依夜大人的较量，\n 我觉得可以接受了！」%K%P
%LC宗千佳
%LC宗千佳
「そして、最後に投票枠」%K%P
「好了，最后是，投票名额」%K%P
%LC宗千佳
%LC宗千佳
「投票枠とは、すべての学生が一人一票をもち、\n　それを投じた結果によって選出される枠だ」%K%P
「投票名额是指，所有学生一人一票，\n 根据投票结果选出的名额」%K%P
%LC宗千佳
%LC宗千佳
「何故いま、そんな誰もがわかりきったことを\n　あらためて説明したかといえば――」%K%P
「至于为什么现在要重新说明，\n 这种“谁都清楚“的事情呢？——」%K%P
%LC宗千佳
%LC宗千佳
「ここに集まった学生の中で、ひとりだけ、\n　それを知らずに今日を迎えた者が居るからだ」%K%P
「聚集在这里的学生中，只有一个学生，\n 在不知情的情况下迎来了今天」%K%P
%LC宗千佳
%LC宗千佳
「今年の投票枠は、\n　その学生が圧倒的得票数で１位となった」%K%P
「今年的投票名额，\n 这个学生以压倒性的得票数成为第1名」%K%P
%LC宗千佳
%LC宗千佳
「では、発表する。今年の投票枠は――」%K%P
「那么，现在揭晓。今年的投票名额是——」%K%P
%LC宗千佳
%LC宗千佳
「ノーブル２年、卯花陽菜」%K%P
「诺博尔2年级，卯花阳菜」%K%P
%LC杏奈
%LC杏奈
「せーの――」%K%P
「一起喊——」%K%P
%LC会場一同
%LC剧院所有人
%XS21「陽菜ちゃんっ、おめでとぉー！！」%XE%K%P
%XS21「阳菜酱，恭喜你——！！」%XE%K%P
………………え？%K%P
………………欸？%K%P
拍手と歓声が渦巻く中、舞台にあがる。%K%P
在掌声和欢呼声中，我登上了舞台。%K%P
はっきり言おう。わけがわからない。%K%P
姐姐说的很清楚了，但我却不明所以%K%P
%LC陽菜
%LC阳菜
「あの、これはいったい――」%K%P
「请问，这到底是——」%K%P
%LC依夜
%LC依夜
「さっき先生が言った通りよ。\n　学生の投票によって、あなたは選ばれたの」%K%P
「就像刚才老师说的。\n 学生们的投票，选出了你哦」%K%P
%LC美実
%LC美实
「陽菜ちゃんの驚く顔が見たいってんで、\n　学園一丸となって内緒にしてたってわけ」%K%P
「因为想看到阳菜酱惊讶的表情，\n 所以全校上下都保密了呀」%K%P
%LCクレール
%LC克莱尔
「どう？　びっくりした？」%K%P
「怎样？　被吓到了吗？」%K%P
%LC陽菜
%LC阳菜
「するに決まってます、こんな……」%K%P
「什么时候决定的，这个……」%K%P
さっきの姉さんの口ぶりからして、学生だけでなく、\n教員も揃って投票枠のことを伏せていたっぽい。%K%P
听姐姐刚才的语气，不只是学生，\n就连老师们都对投票名额的事隐瞒了。%K%P
言い方がアレだけど、本当に学園一丸――、\nグルになってオレを謀っていたってことになる。%K%P
虽然说得有点难听，真的就是学院所有人——\n一起密谋着要吓我啊。%K%P
%LC梨理
%LC梨理
「ちなみに首謀者は杏奈様なので」%K%P
「顺便一提，主谋是杏奈大人哦」%K%P
%LC陽菜
%LC阳菜
「え」%K%P
「欸」%K%P
%LC杏奈
%LC杏奈
「違う違うっ。私ひとりでっていうより、\n　うちのクラス全員って感じだからねっ？」%K%P
「不对啦不对啦。与其说是我一个人，\n 感觉不如说是，我们全班一起做的？」%K%P
%LC杏奈
%LC杏奈
「最初は、投票のこと陽菜ちゃんに内緒にして、\n　こっそり投票して驚かせたいね、って話だったの」%K%P
「一开始，我是瞒着阳菜，\n偷偷地投了票，想让她大吃一惊的」%K%P
%LC杏奈
%LC杏奈
「ただ、この『こっそり投票する』って部分だけが、\n　どんどん誇張されていっちゃって……」%K%P
「只是，这个『偷偷投票』的部分，\n 传的越来越夸张了……」%K%P
そういえば以前、投票うんぬんって会話を、\n姉さんと杏奈ちゃんがしていたんだった。%K%P
这么说来，以前姐姐和杏奈酱，\n确实谈起过”投票“的话题呢。%K%P
気になったけれど深追いしなかった疑問が、\nまさか、こんな形で解決しようとは……。%K%P
一直很在意却没有深究的疑事，\n没想到竟然以这种方式知道了……%K%P
%LC千波
%LC千波
「そのことを杏奈様から聞いた私が、\n　１年の子たちに事情を説明しました」%K%P
「そのことを杏奈様から聞いた私が、\n　１年の子たちに事情を説明しました」%K%P
%LC小夜
%LC小夜
「それを千波から又聞きした私が、\n　２年の他のクラスにも言って回って」%K%P
「それを千波から又聞きした私が、\n　２年の他のクラスにも言って回って」%K%P
%LC美実
%LC美実
「３年への説明は、主に私。\n　依夜も協力してくれたけどね」%K%P
「３年への説明は、主に私。\n　依夜も協力してくれたけどね」%K%P
%LCクレール
%LCクレール
「センシブルの子たちへの説明役は、\n　美実経由で、私が任されることになって」%K%P
「センシブルの子たちへの説明役は、\n　美実経由で、私が任されることになって」%K%P
%LCニナ
%LCニナ
「で、それを偶然小耳に挟んだ私が、\n　職員含めた全員に、箝口令を敷いたの」%K%P
「で、それを偶然小耳に挟んだ私が、\n　職員含めた全員に、箝口令を敷いたの」%K%P
%LCニナ
%LCニナ
「銀蘭祭の出場メンバーが決まるまで、\n　ヒナちゃんには投票枠のことは秘密ですって」%K%P
「銀蘭祭の出場メンバーが決まるまで、\n　ヒナちゃんには投票枠のことは秘密ですって」%K%P
大げさじゃなく、本当に学園一丸だった。%K%P
大げさじゃなく、本当に学園一丸だった。%K%P
%LC陽菜
%LC陽菜
「それじゃ投票っていうより、\n　完全な出来レースじゃないですか……」%K%P
「それじゃ投票っていうより、\n　完全な出来レースじゃないですか……」%K%P
%LC依夜
%LC依夜
「それは違うわ。私たちはあくまで、\n　投票枠があることを隠していただけ」%K%P
「それは違うわ。私たちはあくまで、\n　投票枠があることを隠していただけ」%K%P
%LC梨理
%LC梨理
「センセに投票するように、とは、\n　誰も頼んでいないし、頼まれてもいません」%K%P
「センセに投票するように、とは、\n　誰も頼んでいないし、頼まれてもいません」%K%P
%LC宗千佳
%LC宗千佳
「つまり、学生たちはみな、\n　陽菜の{舞闘:カデンツァ}が見たかった、ということだ」%K%P
「つまり、学生たちはみな、\n　陽菜の{舞闘:カデンツァ}が見たかった、ということだ」%K%P
%LC陽菜
%LC陽菜
「ん……」%K%P
「ん……」%K%P
真剣に訂正されて、かえって照れくさくなる。%K%P
真剣に訂正されて、かえって照れくさくなる。%K%P
こういう状態も、藪蛇っていうのだろうか。%K%P
こういう状態も、藪蛇っていうのだろうか。%K%P
%LC宗千佳
%LC宗千佳
「では、最後に。陽菜だけでなく、\n　選ばれたすべての{騎士:ワルキュリア}に問う」%K%P
「では、最後に。陽菜だけでなく、\n　選ばれたすべての{騎士:ワルキュリア}に問う」%K%P
%LC宗千佳
%LC宗千佳
「出場を辞退したい者は、挙手を」%K%P
「出場を辞退したい者は、挙手を」%K%P
姉さんの言葉に、\n涌いていた会場が静まり返った。%K%P
姉さんの言葉に、\n涌いていた会場が静まり返った。%K%P
思わず周囲を窺う。%K%P
思わず周囲を窺う。%K%P
誰も、手を挙げない。%K%P
誰も、手を挙げない。%K%P
自分が選ばれて心底驚いていた杏奈ちゃんも、\nおそらく驚いたであろうクレール様も――、%K%P
自分が選ばれて心底驚いていた杏奈ちゃんも、\nおそらく驚いたであろうクレール様も――、%K%P
%LC千波
%LC千波
「名誉なことですから」%K%P
「名誉なことですから」%K%P
%LC小夜
%LC小夜
「やるからには全力で」%K%P
「やるからには全力で」%K%P
%LC依夜
%LC依夜
「よろしく」%K%P
「よろしく」%K%P
%LC杏奈
%LC杏奈
「こっ、こちらこそ、はい」%K%P
「こっ、こちらこそ、はい」%K%P
%LC梨理
%LC梨理
「負けません。誰が相手でも」%K%P
「負けません。誰が相手でも」%K%P
%LC美実
%LC美実
「ふふっ、言うねぇ」%K%P
「ふふっ、言うねぇ」%K%P
%LC陽菜
%LC陽菜
「クレール様は――」%K%P
「クレール様は――」%K%P
%LCクレール
%LCクレール
「出るわ。みんなと戦ってみたいから」%K%P
「出るわ。みんなと戦ってみたいから」%K%P
%LC陽菜
%LC陽菜
「ん……」%K%P
「ん……」%K%P
――そうだ。オレだって、戦いたい。%K%P
――そうだ。オレだって、戦いたい。%K%P
ここにいる{騎士:ワルキュリア}たちと、\n全力で勝負してみたい。%K%P
ここにいる{騎士:ワルキュリア}たちと、\n全力で勝負してみたい。%K%P
%LC陽菜
%LC陽菜
「……私も、出ます」%K%P
「……私も、出ます」%K%P
%LC宗千佳
%LC宗千佳
「よし。では、この８名で戦ってもらう」%K%P
「よし。では、この８名で戦ってもらう」%K%P
姉さんのその声に、再び拍手が起こる。%K%P
姉さんのその声に、再び拍手が起こる。%K%P
%LCニナ
%LCニナ
「それじゃあいよいよ、肝心なところの説明ね」%K%P
「それじゃあいよいよ、肝心なところの説明ね」%K%P
%LCニナ
%LCニナ
「例年、銀蘭祭では選ばれた{騎士:ワルキュリア}たちで\n　トーナメントを開催してきました」%K%P
「例年、銀蘭祭では選ばれた{騎士:ワルキュリア}たちで\n　トーナメントを開催してきました」%K%P
%LCニナ
%LCニナ
「１回戦、準決勝、決勝と戦っていき、\n　優勝した子が、その年の{最優秀騎士:ブリランテ}――」%K%P
「１回戦、準決勝、決勝と戦っていき、\n　優勝した子が、その年の{最優秀騎士:ブリランテ}――」%K%P
%LCニナ
%LCニナ
「そして、{最優秀騎士:ブリランテ}を含む準決勝に残った４名が、\n　歌劇アリアに騎士役で出演する、という具合に」%K%P
「そして、{最優秀騎士:ブリランテ}を含む準決勝に残った４名が、\n　歌劇アリアに騎士役で出演する、という具合に」%K%P
%LCニナ
%LCニナ
「今年もトーナメントを行う点は同じだけど、\n　ひとつ、新たなルールを加えたいと思います」%K%P
「今年もトーナメントを行う点は同じだけど、\n　ひとつ、新たなルールを加えたいと思います」%K%P
ニナさんの一言に、ホールがざわつく。%K%P
ニナさんの一言に、ホールがざわつく。%K%P
壇上に集まった面々も、思わず、\n知ってた？　って感じで目配せしあった。%K%P
壇上に集まった面々も、思わず、\n知ってた？　って感じで目配せしあった。%K%P
けど、みんな首を横に振るばかりだ。%K%P
けど、みんな首を横に振るばかりだ。%K%P
%LCニナ
%LCニナ
「先日のテスト{舞闘:カデンツァ}のことは、\n　みなさん、まだ記憶に新しいことと思います」%K%P
「先日のテスト{舞闘:カデンツァ}のことは、\n　みなさん、まだ記憶に新しいことと思います」%K%P
%LCニナ
%LCニナ
「あのとき、埋め合わせは近いうちに必ず、\n　最高の形で提供するって約束したけれど――」%K%P
「あのとき、埋め合わせは近いうちに必ず、\n　最高の形で提供するって約束したけれど――」%K%P
%LCニナ
%LCニナ
「その約束を、さっそく果たしましょう」%K%P
「その約束を、さっそく果たしましょう」%K%P
%LCニナ
%LCニナ
「今年の銀蘭祭の{舞闘:カデンツァ}は、ふたり一組――、\n　チームを組んで戦ってもらいたいと思います」%K%P
「今年の銀蘭祭の{舞闘:カデンツァ}は、ふたり一組――、\n　チームを組んで戦ってもらいたいと思います」%K%P
%LCニナ
%LCニナ
「その名も、{連弾:デュオ}{舞闘:カデンツァ}」%K%P
「その名も、{連弾:デュオ}{舞闘:カデンツァ}」%K%P
%LCニナ
%LCニナ
「あのときは不具合が発生してしまったけど、\n　その後、しっかりと調整を行いました」%K%P
「あのときは不具合が発生してしまったけど、\n　その後、しっかりと調整を行いました」%K%P
%LCニナ
%LCニナ
「もう、あんなことは起こりません」%K%P
「もう、あんなことは起こりません」%K%P
%LCニナ
%LCニナ
「４人の{騎士:ワルキュリア}による熱い{舞闘:カデンツァ}を、\n　みなさんにお届けすると約束します」%K%P
「４人の{騎士:ワルキュリア}による熱い{舞闘:カデンツァ}を、\n　みなさんにお届けすると約束します」%K%P
%LC客席Ａ
%LC客席Ａ
「４人同時の{舞闘:カデンツァ}……。\n　またあれが見られるってこと……？」%K%P
「４人同時の{舞闘:カデンツァ}……。\n　またあれが見られるってこと……？」%K%P
%LC客席Ｂ
%LC客席Ｂ
「しかも、この８人で、なんて……。\n　どうしよ、どうしよどうしよどうしよっ……」%K%P
「しかも、この８人で、なんて……。\n　どうしよ、どうしよどうしよどうしよっ……」%K%P
会場のざわつきが、さらに大きくなる。%K%P
会場のざわつきが、さらに大きくなる。%K%P
ニナさんはそんな反応を嬉しそうに眺めながら、\n急かさず、場内が落ち着くのを少し待った。%K%P
ニナさんはそんな反応を嬉しそうに眺めながら、\n急かさず、場内が落ち着くのを少し待った。%K%P
突如発表された、新ルール――{連弾:デュオ}{舞闘:カデンツァ}。%K%P
突如発表された、新ルール――{連弾:デュオ}{舞闘:カデンツァ}。%K%P
ふたり一組のチーム戦ということは、\n当然、ここにいる誰かとペアを組むってことだ。%K%P
ふたり一組のチーム戦ということは、\n当然、ここにいる誰かとペアを組むってことだ。%K%P
いったい誰とペアと……いや、そもそもどうやって、\n組む相手を決めるのか――、%K%P
いったい誰とペアと……いや、そもそもどうやって、\n組む相手を決めるのか――、%K%P
%LCニナ
%LCニナ
「さて。そうなると、みなさん気になるのが、\n　チーム分けはどうするの？　ってことよね」%K%P
「さて。そうなると、みなさん気になるのが、\n　チーム分けはどうするの？　ってことよね」%K%P
%LCニナ
%LCニナ
「これについては私も悩んだのだけど……、\n　原点回帰、本家をお手本とすることにしました」%K%P
「これについては私も悩んだのだけど……、\n　原点回帰、本家をお手本とすることにしました」%K%P
%LCニナ
%LCニナ
「本家――アリアンロッド女学院のアリアでは、\n　二人の歌姫が、それぞれ自分の騎士を指名します」%K%P
「本家――アリアンロッド女学院のアリアでは、\n　二人の歌姫が、それぞれ自分の騎士を指名します」%K%P
%LCニナ
%LCニナ
「そこで銀蘭でも、同じ方式――指名制で、\n　パートナーを選んでもらおうと思います」%K%P
「そこで銀蘭でも、同じ方式――指名制で、\n　パートナーを選んでもらおうと思います」%K%P
%LCニナ
%LCニナ
「８名の{騎士:ワルキュリア}がそれぞれ、\n　組みたい相手の名前を紙に書いて投票」%K%P
「８名の{騎士:ワルキュリア}がそれぞれ、\n　組みたい相手の名前を紙に書いて投票」%K%P
%LCニナ
%LCニナ
「その希望が合致していたら、ペア成立。\n　不成立の人がいた場合、残った人で再投票」%K%P
「その希望が合致していたら、ペア成立。\n　不成立の人がいた場合、残った人で再投票」%K%P
%LCニナ
%LCニナ
「これを４組ペアが成立するまで続ける――、\n　その名もずばり、『エンゲージ』方式」%K%P
「これを４組ペアが成立するまで続ける――、\n　その名もずばり、『エンゲージ』方式」%K%P
%LCニナ
%LCニナ
「それでは、さっそく今から投票を――と、\n　最初は思っていたんだけれど」%K%P
「それでは、さっそく今から投票を――と、\n　最初は思っていたんだけれど」%K%P
%LCニナ
%LCニナ
「それはさすがに急すぎるから。\n　少し、時間を空けたいと思います」%K%P
「それはさすがに急すぎるから。\n　少し、時間を空けたいと思います」%K%P
%LCニナ
%LCニナ
「エンゲージは、来週月曜の朝――、\n　朝礼の時間のときに、あらためて」%K%P
「エンゲージは、来週月曜の朝――、\n　朝礼の時間のときに、あらためて」%K%P
%LCニナ
%LCニナ
「それまでに、自分の意中の相手を口説くもよし、\n　なにもせず流れに身を任せるのもよし――」%K%P
「それまでに、自分の意中の相手を口説くもよし、\n　なにもせず流れに身を任せるのもよし――」%K%P
%LCニナ
%LCニナ
「選ばれし{騎士:ワルキュリア}のみなさんも、\n　それでいい？」%K%P
「選ばれし{騎士:ワルキュリア}のみなさんも、\n　それでいい？」%K%P
%LC全員
%LC全員
「「「はいっ」」」%K%P
「「「はいっ」」」%K%P
その後、{連弾:デュオ}{舞闘:カデンツァ}のルールや、\n今後のスケジュールについての説明があった。%K%P
その後、{連弾:デュオ}{舞闘:カデンツァ}のルールや、\n今後のスケジュールについての説明があった。%K%P
{連弾:デュオ}{舞闘:カデンツァ}では、チームリーダーを決め、\nリーダーの胸に{飾緒:しょくしょ}という飾り紐を付けるとか。%K%P
{連弾:デュオ}{舞闘:カデンツァ}では、チームリーダーを決め、\nリーダーの胸に{飾緒:しょくしょ}という飾り紐を付けるとか。%K%P
その飾緒を斬ることが、\nなによりも優先される勝利条件だとか。%K%P
その飾緒を斬ることが、\nなによりも優先される勝利条件だとか。%K%P
トーナメント初戦は、来週末の土曜――つまり、\n１週間後の放課後に行う予定だとか。%K%P
トーナメント初戦は、来週末の土曜――つまり、\n１週間後の放課後に行う予定だとか。%K%P
初戦が終わった段階で、勝ち上がった２組４名が、\n今年の銀蘭祭の歌劇アリアに出演するとか。%K%P
初戦が終わった段階で、勝ち上がった２組４名が、\n今年の銀蘭祭の歌劇アリアに出演するとか。%K%P
{最優秀騎士:ブリランテ}という称号も、今年は\n個人にではなく、優勝したペアに贈られるとか。%K%P
{最優秀騎士:ブリランテ}という称号も、今年は\n個人にではなく、優勝したペアに贈られるとか。%K%P
とにかく色々な情報があったけれど……、\nその間、ずっと気がかりなことがあった。%K%P
とにかく色々な情報があったけれど……、\nその間、ずっと気がかりなことがあった。%K%P
それは、誰を指名するか――ニナさん風に言うと、\n誰とエンゲージするかってことだった。%K%P
それは、誰を指名するか――ニナさん風に言うと、\n誰とエンゲージするかってことだった。%K%P
急成長を遂げ、まだまだ伸びる杏奈ちゃん。%K%P
急成長を遂げ、まだまだ伸びる杏奈ちゃん。%K%P
姉さんも一目置く実力者、依夜様。%K%P
姉さんも一目置く実力者、依夜様。%K%P
アリアンロッドの{最優秀騎士:ブリランテ}、クレール様。%K%P
アリアンロッドの{最優秀騎士:ブリランテ}、クレール様。%K%P
１年に敵なしの強さを誇る梨理ちゃん。%K%P
１年に敵なしの強さを誇る梨理ちゃん。%K%P
とにかく巧い、技巧派の美実様。%K%P
とにかく巧い、技巧派の美実様。%K%P
そして、１年の千波ちゃんと２年の小夜さんも、\nともに戦うパートナーとしては申し分ない。%K%P
そして、１年の千波ちゃんと２年の小夜さんも、\nともに戦うパートナーとしては申し分ない。%K%P
この７人だったら、誰とエンゲージしても、\n悔いのない{舞闘:カデンツァ}が出来る。%K%P
この７人だったら、誰とエンゲージしても、\n悔いのない{舞闘:カデンツァ}が出来る。%K%P
だからこそ、誰を指名すべきか。%K%P
だからこそ、誰を指名すべきか。%K%P
もっといえば、誰と一緒に戦いたいのか――、%K%P
もっといえば、誰と一緒に戦いたいのか――、%K%P
%LCニナ
%LCニナ
「では、最後に。銀蘭祭関係ということで、\n　この時間を使って、もうひとつだけ」%K%P
「では、最後に。銀蘭祭関係ということで、\n　この時間を使って、もうひとつだけ」%K%P
%LCニナ
%LCニナ
「センシブル２年、宮守睦月ちゃん。\n　こちらに上がってきて」%K%P
「センシブル２年、宮守睦月ちゃん。\n　こちらに上がってきて」%K%P
%LC睦月
%LC睦月
「はい」%K%P
「はい」%K%P
ニナさんが呼びかけると同時に、\n客席にスポットライトがあたる。%K%P
ニナさんが呼びかけると同時に、\n客席にスポットライトがあたる。%K%P
ざわざわと他の子たちが騒ぐ中、\nつーちゃんに驚いた様子は一切なかった。%K%P
ざわざわと他の子たちが騒ぐ中、\nつーちゃんに驚いた様子は一切なかった。%K%P
ということは、\n事前に決まっていた段取りなんだろう。%K%P
ということは、\n事前に決まっていた段取りなんだろう。%K%P
%LCニナ
%LCニナ
「睦月ちゃんは昨年、\n　歌劇アリアの{歌姫:ディーバ}役に推薦されました」%K%P
「睦月ちゃんは昨年、\n　歌劇アリアの{歌姫:ディーバ}役に推薦されました」%K%P
%LCニナ
%LCニナ
「でも、そのときは結局、辞退してしまって。\n　彼女が{歌姫:ディーバ}を演じることはありませんでした」%K%P
「でも、そのときは結局、辞退してしまって。\n　彼女が{歌姫:ディーバ}を演じることはありませんでした」%K%P
%LCニナ
%LCニナ
「そして、今年。睦月ちゃんは再び、\n　{歌姫:ディーバ}役に推薦されたのだけど――」%K%P
「そして、今年。睦月ちゃんは再び、\n　{歌姫:ディーバ}役に推薦されたのだけど――」%K%P
%LCニナ
%LCニナ
「今年はどうするか。\n　今ここで、お返事を聞かせてくれる？」%K%P
「今年はどうするか。\n　今ここで、お返事を聞かせてくれる？」%K%P
%LC睦月
%LC睦月
「はい」%K%P
「はい」%K%P
%LC睦月
%LC睦月
「私、宮守睦月は、昨年は一身上の都合により、\n　{歌姫:ディーバ}役を辞退しましたが――」%K%P
「私、宮守睦月は、昨年は一身上の都合により、\n　{歌姫:ディーバ}役を辞退しましたが――」%K%P
%LC睦月
%LC睦月
「今年は慎んで、お引き受けしたいと思います」%K%P
「今年は慎んで、お引き受けしたいと思います」%K%P
%LC客席Ａ
%LC客席Ａ
「うわっ……うわうわうわうわっ！？\n　睦月ちゃん、{歌姫:ディーバ}やるんだっ！？」%K%P
「うわっ……うわうわうわうわっ！？\n　睦月ちゃん、{歌姫:ディーバ}やるんだっ！？」%K%P
%LC客席Ｂ
%LC客席Ｂ
「今年の銀蘭祭どうなっちゃうのっ……？！」%K%P
「今年の銀蘭祭どうなっちゃうのっ……？！」%K%P
{騎士:ワルキュリア}が発表されたときに勝るとも劣らない、\n大きな拍手と歓声がホールに響き渡る。%K%P
{騎士:ワルキュリア}が発表されたときに勝るとも劣らない、\n大きな拍手と歓声がホールに響き渡る。%K%P
それは、つーちゃんの歌声の素晴らしさが、\n銀蘭の学生たちに知れ渡っている証拠だった。%K%P
それは、つーちゃんの歌声の素晴らしさが、\n銀蘭の学生たちに知れ渡っている証拠だった。%K%P
試験結果の発表――というより、\n銀蘭祭のプレゼンテーションが終わって。%K%P
試験結果の発表――というより、\n銀蘭祭のプレゼンテーションが終わって。%K%P
そのまま今日の授業は終了となったので、\nみんな帰るかと思いきや、大半の子は食堂へ。%K%P
そのまま今日の授業は終了となったので、\nみんな帰るかと思いきや、大半の子は食堂へ。%K%P
どうやら先刻の興奮冷めやらぬって感じで、\nお昼を食べつつ、お喋りに興じるつもりらしい。%K%P
どうやら先刻の興奮冷めやらぬって感じで、\nお昼を食べつつ、お喋りに興じるつもりらしい。%K%P
そんな中、オレはひとまず教室へと戻ってきた。%K%P
そんな中、オレはひとまず教室へと戻ってきた。%K%P
%LC陽菜
%LC陽菜
「つーちゃんが{歌姫:ディーバ}かぁ……」%K%P
「つーちゃんが{歌姫:ディーバ}かぁ……」%K%P
彼女が{歌姫:ディーバ}を引き受けると言ったときの歓声が、\nまだ少し耳に残っている。%K%P
彼女が{歌姫:ディーバ}を引き受けると言ったときの歓声が、\nまだ少し耳に残っている。%K%P
彼女の歌唱力はオレもよく知っているけど、\nそれはあくまで、昔の話。%K%P
彼女の歌唱力はオレもよく知っているけど、\nそれはあくまで、昔の話。%K%P
いまの歌声はまだ聞いたことがなかったから、\n{歌姫:ディーバ}の件は素直に嬉しいし、楽しみでもある。%K%P
いまの歌声はまだ聞いたことがなかったから、\n{歌姫:ディーバ}の件は素直に嬉しいし、楽しみでもある。%K%P
なにより、{連弾:デュオ}{舞闘:カデンツァ}の結果次第では、\n歌劇アリアで、つーちゃんと共演することになる。%K%P
なにより、{連弾:デュオ}{舞闘:カデンツァ}の結果次第では、\n歌劇アリアで、つーちゃんと共演することになる。%K%P
そうなれば彼女の歌声を、\n同じ舞台の上で聞くことが出来る。%K%P
そうなれば彼女の歌声を、\n同じ舞台の上で聞くことが出来る。%K%P
それこそ、小さな頃――合唱団時代のように。%K%P
それこそ、小さな頃――合唱団時代のように。%K%P
%LC陽菜
%LC陽菜
「となったら、勝ちたいよね。やっぱり」%K%P
「となったら、勝ちたいよね。やっぱり」%K%P
そのためにも、\nパートナー選びは大切なんだけど――、%K%P
そのためにも、\nパートナー選びは大切なんだけど――、%K%P
その候補が、早くも３人減ってしまった。%K%P
その候補が、早くも３人減ってしまった。%K%P
まず、２年の小夜さんと１年の千波ちゃんが、\n早々にペアを組むって宣言した。%K%P
まず、２年の小夜さんと１年の千波ちゃんが、\n早々にペアを組むって宣言した。%K%P
もともとふたりは銀蘭入学前からの付き合いで、\n寮でも同室、すっごく仲が良いのだそうだ。%K%P
もともとふたりは銀蘭入学前からの付き合いで、\n寮でも同室、すっごく仲が良いのだそうだ。%K%P
先日のテスト{舞闘:カデンツァ}を見たときも、\n一緒に戦ってみたいね、なんて話をしていたそうで。%K%P
先日のテスト{舞闘:カデンツァ}を見たときも、\n一緒に戦ってみたいね、なんて話をしていたそうで。%K%P
{連弾:デュオ}{舞闘:カデンツァ}という形式が発表された時点で、\nふたりとも、一切迷いはなかったという。%K%P
{連弾:デュオ}{舞闘:カデンツァ}という形式が発表された時点で、\nふたりとも、一切迷いはなかったという。%K%P
そして、もう一人は美実様。%K%P
そして、もう一人は美実様。%K%P
これにも当然、理由があって――、%K%P
これにも当然、理由があって――、%K%P
%LC美実
%LC美実
「悪いけど私、エンゲージ相手に\n　陽菜ちゃんだけは絶対に選ばないから」%K%P
「悪いけど私、エンゲージ相手に\n　陽菜ちゃんだけは絶対に選ばないから」%K%P
%LC美実
%LC美実
「陽菜ちゃんを選んだら、その時点で、\n　陽菜ちゃんと戦えなくなっちゃうからね」%K%P
「陽菜ちゃんを選んだら、その時点で、\n　陽菜ちゃんと戦えなくなっちゃうからね」%K%P
と、そんなふうに宣言されてしまった。%K%P
と、そんなふうに宣言されてしまった。%K%P
テスト{舞闘:カデンツァ}での中途半端な幕引きは、\n美実様にとっても、不完全燃焼な結果だったらしい。%K%P
テスト{舞闘:カデンツァ}での中途半端な幕引きは、\n美実様にとっても、不完全燃焼な結果だったらしい。%K%P
というわけで、残るパートナー候補は４人。%K%P
というわけで、残るパートナー候補は４人。%K%P
杏奈ちゃん、依夜様、クレール様、梨理ちゃん。%K%P
杏奈ちゃん、依夜様、クレール様、梨理ちゃん。%K%P
明日は日曜だし、一日じっくり考えてもいいけど、\nそれだと出遅れてしまう可能性がある。%K%P
明日は日曜だし、一日じっくり考えてもいいけど、\nそれだと出遅れてしまう可能性がある。%K%P
千波ちゃんたちのように、エンゲージ前に\nパートナーを内定する子が出ないとも限らない。%K%P
千波ちゃんたちのように、エンゲージ前に\nパートナーを内定する子が出ないとも限らない。%K%P
もちろん、ニナさんが言ってたように、\n流れに身を任せるのも悪くはないけれど――、%K%P
もちろん、ニナさんが言ってたように、\n流れに身を任せるのも悪くはないけれど――、%K%P
できれば、パートナーは自分で選びたい。%K%P
できれば、パートナーは自分で選びたい。%K%P
自分で選ぶ――そうやって、\nオレはこの女装生活を始めたわけだから。%K%P
自分で選ぶ――そうやって、\nオレはこの女装生活を始めたわけだから。%K%P
そのためにも今日のうちに、\n気になる相手に声をかけておきたい。%K%P
そのためにも今日のうちに、\n気になる相手に声をかけておきたい。%K%P
