気になる相手は、つーちゃん――って、\nいやいや、なに考えてるんだオレは。%K%P
気になる相手は、つーちゃん――って、\nいやいや、なに考えてるんだオレは。%K%P
確かに気になる相手だけど、\nつーちゃんは{騎士:ワルキュリア}じゃないんだし。%K%P
確かに気になる相手だけど、\nつーちゃんは{騎士:ワルキュリア}じゃないんだし。%K%P
いま考えるべきは、\n誰とエンゲージするかってことで――、%K%P
いま考えるべきは、\n誰とエンゲージするかってことで――、%K%P
%LC陽菜
%LC陽菜
「……だめだ。気になる……」%K%P
「……だめだ。気になる……」%K%P
エンゲージ相手を決めなきゃいけない状況で、\nそれでも、彼女のことを考えてしまう。%K%P
エンゲージ相手を決めなきゃいけない状況で、\nそれでも、彼女のことを考えてしまう。%K%P
どうして去年は辞退した{歌姫:ディーバ}を、\n今年は引き受けることにしたんだろう、とか。%K%P
どうして去年は辞退した{歌姫:ディーバ}を、\n今年は引き受けることにしたんだろう、とか。%K%P
%LC陽菜
%LC陽菜
「……いったん帰って、考えをまとめよう」%K%P
「……いったん帰って、考えをまとめよう」%K%P
職員寮に戻って落ち着けば、\nなにか良い案を思いつくかも知れないし。%K%P
職員寮に戻って落ち着けば、\nなにか良い案を思いつくかも知れないし。%K%P
よし、帰ろう。そうしよう。%K%P
よし、帰ろう。そうしよう。%K%P
