ニナさんから秘策を授けられた翌朝、\nオレは合宿所を訪れていた。%K%P
ニナさんから秘策を授けられた翌朝、\nオレは合宿所を訪れていた。%K%P
%LC杏奈
%LC杏奈
「陽菜ちゃん……？\n　どうしたの？　こんなに朝早く」%K%P
「陽菜ちゃん……？\n　どうしたの？　こんなに朝早く」%K%P
%LC陽菜
%LC陽菜
「実は、みんなに話したい事があって。\n　すごく、大切な話なんだけど……」%K%P
「実は、みんなに話したい事があって。\n　すごく、大切な話なんだけど……」%K%P
%LC陽菜
%LC陽菜
「その前に、ちょっと相談したくて。\n　睦月、ちょっと、いい？」%K%P
「その前に、ちょっと相談したくて。\n　睦月、ちょっと、いい？」%K%P
%LC睦月
%LC睦月
「――なるほど……。学園長、思い切ったね」%K%P
「――なるほど……。学園長、思い切ったね」%K%P
%LC陽菜
%LC陽菜
「でも、こうなった以上それしかないと思う。\n　私はもう、覚悟を決めたから」%K%P
「でも、こうなった以上それしかないと思う。\n　私はもう、覚悟を決めたから」%K%P
%LC睦月
%LC睦月
「そっか……。だったら私も、\n　この身を捧げる覚悟で陽菜を支えるね」%K%P
「そっか……。だったら私も、\n　この身を捧げる覚悟で陽菜を支えるね」%K%P
%LC陽菜
%LC陽菜
「ありがとう、睦月。\n　こんなことを頼めるの、睦月しかいないから」%K%P
「ありがとう、睦月。\n　こんなことを頼めるの、睦月しかいないから」%K%P
%LC杏奈
%LC杏奈
「あのー……イチャイチャ中ごめんだけど、\n　そろそろ、お話聞かせてもらっていーい？」%K%P
「あのー……イチャイチャ中ごめんだけど、\n　そろそろ、お話聞かせてもらっていーい？」%K%P
%LC陽菜
%LC陽菜
「あっ……ご、ごめんっ。すぐ説明するね」%K%P
「あっ……ご、ごめんっ。すぐ説明するね」%K%P
%LC陽菜
%LC陽菜
「――と、いうわけなんです」%K%P
「――と、いうわけなんです」%K%P
%LCクレール
%LCクレール
「なるほどねぇ……。それで最近、\n　ふたりして妙に親しくしていたわけね」%K%P
「なるほどねぇ……。それで最近、\n　ふたりして妙に親しくしていたわけね」%K%P
%LC陽菜
%LC陽菜
「本当は、ギリギリまで内緒にして、\n　みんなを驚かせようって計画だったんですけど」%K%P
「本当は、ギリギリまで内緒にして、\n　みんなを驚かせようって計画だったんですけど」%K%P
%LC陽菜
%LC陽菜
「さすがに、ここにいる４人には、\n　あらかじめ伝えておこうってことになって」%K%P
「さすがに、ここにいる４人には、\n　あらかじめ伝えておこうってことになって」%K%P
%LC依夜
%LC依夜
「そうね。いきなり知らされていたら、\n　さすがに慌てていたと思う」%K%P
「そうね。いきなり知らされていたら、\n　さすがに慌てていたと思う」%K%P
%LC梨理
%LC梨理
「センセ、ちょっと悪巧みが過ぎません？\n　そんな大事なことを隠しておくなんて」%K%P
「センセ、ちょっと悪巧みが過ぎません？\n　そんな大事なことを隠しておくなんて」%K%P
%LC陽菜
%LC陽菜
「ごめん。でも、急に決まったことで」%K%P
「ごめん。でも、急に決まったことで」%K%P
%LC杏奈
%LC杏奈
「急に決まったって……それ、大丈夫なの？\n　陽菜ちゃんのお相手、睦月ちゃんなんだよ？」%K%P
「急に決まったって……それ、大丈夫なの？\n　陽菜ちゃんのお相手、睦月ちゃんなんだよ？」%K%P
%LC睦月
%LC睦月
「それについては心配ありません。\n　こう見えて、陽菜はとっても上手なので」%K%P
「それについては心配ありません。\n　こう見えて、陽菜はとっても上手なので」%K%P
%LC陽菜
%LC陽菜
「こう見えてって……もう、睦月。\n　それはさすがに一言余計じゃない？」%K%P
「こう見えてって……もう、睦月。\n　それはさすがに一言余計じゃない？」%K%P
%LC睦月
%LC睦月
「実際そうでしょ？　みんな、\n　陽菜にそういうイメージはもってないと思う」%K%P
「実際そうでしょ？　みんな、\n　陽菜にそういうイメージはもってないと思う」%K%P
%LC陽菜
%LC陽菜
「それは、まあ、そうかもだけど……」%K%P
「それは、まあ、そうかもだけど……」%K%P
%LCクレール
%LCクレール
「私は心配してないわよ？　だってそれって、\n　私と同じってことでしょ？」%K%P
「私は心配してないわよ？　だってそれって、\n　私と同じってことでしょ？」%K%P
%LC杏奈
%LC杏奈
「あー……。確かに、\n　それを言われてしまうと……」%K%P
「あー……。確かに、\n　それを言われてしまうと……」%K%P
%LC依夜
%LC依夜
「まさに、言い得て妙ね」%K%P
「まさに、言い得て妙ね」%K%P
%LC梨理
%LC梨理
「まあ、センセの言うことですし、\n　信用してあげなくもないですけど」%K%P
「まあ、センセの言うことですし、\n　信用してあげなくもないですけど」%K%P
%LC陽菜
%LC陽菜
「ありがとう、みんな」%K%P
「ありがとう、みんな」%K%P
%LC陽菜
%LC陽菜
「あっ、それとこのことは、\n　くれぐれも他の子たちには内密に」%K%P
「あっ、それとこのことは、\n　くれぐれも他の子たちには内密に」%K%P
――そして、お昼休みの部室でも。%K%P
――そして、お昼休みの部室でも。%K%P
%LC陽菜
%LC陽菜
「――と、そんなわけで。私と睦月は、\n　お付き合いしてるわけじゃないんです」%K%P
「――と、そんなわけで。私と睦月は、\n　お付き合いしてるわけじゃないんです」%K%P
%LC美実
%LC美実
「事情はわかったけど……。どうして陽菜ちゃん、\n　それをわざわざ私に教えてくれたの？」%K%P
「事情はわかったけど……。どうして陽菜ちゃん、\n　それをわざわざ私に教えてくれたの？」%K%P
%LC美実
%LC美実
「いまの話、アリア合宿のメンバーはともかく、\n　私に説明する必要はないはずでしょ？」%K%P
「いまの話、アリア合宿のメンバーはともかく、\n　私に説明する必要はないはずでしょ？」%K%P
%LC陽菜
%LC陽菜
「もう、なに水くさいこと言ってるんですか。\n　私と美実様は、エンゲージした仲でしょ？」%K%P
「もう、なに水くさいこと言ってるんですか。\n　私と美実様は、エンゲージした仲でしょ？」%K%P
%LC美実
%LC美実
「陽菜ちゃん……。んもう、\n　泣かせること言ってくれてぇ」%K%P
「陽菜ちゃん……。んもう、\n　泣かせること言ってくれてぇ」%K%P
%LC陽菜
%LC陽菜
「それと、今の話なんですけど――」%K%P
「それと、今の話なんですけど――」%K%P
%LC美実
%LC美実
「内密に、でしょ？　わかってるってば。\n　口が裂けたって誰にも言わないから」%K%P
「内密に、でしょ？　わかってるってば。\n　口が裂けたって誰にも言わないから」%K%P
%LC美実
%LC美実
「期待してるからね？　陽菜ちゃん」%K%P
「期待してるからね？　陽菜ちゃん」%K%P
――そしてそして、放課後の空き教室。%K%P
――そしてそして、放課後の空き教室。%K%P
%LC陽菜
%LC陽菜
「――ふぅ……。どうだった？　睦月」%K%P
「――ふぅ……。どうだった？　睦月」%K%P
%LC睦月
%LC睦月
「どうって言われても……。\n　陽菜、ホントに１０年練習してなかったの？」%K%P
「どうって言われても……。\n　陽菜、ホントに１０年練習してなかったの？」%K%P
%LC陽菜
%LC陽菜
「最初にそう言ったでしょ。\n　この１０年は剣術一筋だったって」%K%P
「最初にそう言ったでしょ。\n　この１０年は剣術一筋だったって」%K%P
%LC陽菜
%LC陽菜
「……まあ、それでも好きだったから。\n　まったく辞めていたわけじゃないけど」%K%P
「……まあ、それでも好きだったから。\n　まったく辞めていたわけじゃないけど」%K%P
%LC睦月
%LC睦月
「そっか……。そうだよね。\n　でないと、いまの声は出せないし――」%K%P
「そっか……。そうだよね。\n　でないと、いまの声は出せないし――」%K%P
%LC睦月
%LC睦月
「でも、１０年ぶりにやってそれって……。\n　どうしよう。僕、自信なくしそうなんだけど」%K%P
「でも、１０年ぶりにやってそれって……。\n　どうしよう。僕、自信なくしそうなんだけど」%K%P
%LC陽菜
%LC陽菜
「よく言うよ。この前この場所で、\n　オレを泣かせた銀蘭の{歌姫:ディーバ}様が」%K%P
「よく言うよ。この前この場所で、\n　オレを泣かせた銀蘭の{歌姫:ディーバ}様が」%K%P
%LC睦月
%LC睦月
「あれは……まあ、うん。精一杯歌ったし」%K%P
「あれは……まあ、うん。精一杯歌ったし」%K%P
%LC睦月
%LC睦月
「まさか陽菜が泣くとは思わなかったけど」%K%P
「まさか陽菜が泣くとは思わなかったけど」%K%P
%LC陽菜
%LC陽菜
「睦月にはそれだけの力があるってこと。\n　どう？　自信、回復した？」%K%P
「睦月にはそれだけの力があるってこと。\n　どう？　自信、回復した？」%K%P
%LC睦月
%LC睦月
「うん。ありがとう、陽菜」%K%P
「うん。ありがとう、陽菜」%K%P
%LC陽菜
%LC陽菜
「なら、その実力でオレをしごいてくれないと。\n　本番まで、あまり時間もないんだし」%K%P
「なら、その実力でオレをしごいてくれないと。\n　本番まで、あまり時間もないんだし」%K%P
オレの目の前には、とある曲の楽譜。%K%P
オレの目の前には、とある曲の楽譜。%K%P
それはニナさんが急遽、\n今回の秘策のために用意したものだ。%K%P
それはニナさんが急遽、\n今回の秘策のために用意したものだ。%K%P
いわく、これ以上相応しいものはないからと、\nあの深皇学園から特別に借り受けたものらしい。%K%P
いわく、これ以上相応しいものはないからと、\nあの深皇学園から特別に借り受けたものらしい。%K%P
%LC睦月
%LC睦月
「大丈夫。引き受けた以上、\n　容赦なくやらせてもらうから」%K%P
「大丈夫。引き受けた以上、\n　容赦なくやらせてもらうから」%K%P
%LC睦月
%LC睦月
「泣き言は許さないから。覚悟してね？　陽菜」%K%P
「泣き言は許さないから。覚悟してね？　陽菜」%K%P
%LC陽菜
%LC陽菜
「うっ、うん……」%K%P
「うっ、うん……」%K%P
%LC睦月
%LC睦月
「……？　どうしたの？」%K%P
「……？　どうしたの？」%K%P
%LC陽菜
%LC陽菜
「いや……なんか睦月、\n　前と少し、雰囲気変わったなって」%K%P
「いや……なんか睦月、\n　前と少し、雰囲気変わったなって」%K%P
%LC睦月
%LC睦月
「それはきっと、僕の男の部分を、\n　陽菜が目覚めさせてくれたからじゃない？」%K%P
「それはきっと、僕の男の部分を、\n　陽菜が目覚めさせてくれたからじゃない？」%K%P
%LC陽菜
%LC陽菜
「言いたいことはわかるけど……。\n　その言い方は、激しく誤解を招くような……」%K%P
「言いたいことはわかるけど……。\n　その言い方は、激しく誤解を招くような……」%K%P
%LC睦月
%LC睦月
「なら……陽菜が僕を男にしてくれた、とか」%K%P
「なら……陽菜が僕を男にしてくれた、とか」%K%P
%LC陽菜
%LC陽菜
%XS21「悪化してるっ」%XE%K%P
%XS21「悪化してるっ」%XE%K%P
%LC睦月
%LC睦月
「あははっ。……でも、ホントだよ。\n　僕いま、すっごく嬉しいから」%K%P
「あははっ。……でも、ホントだよ。\n　僕いま、すっごく嬉しいから」%K%P
%LC睦月
%LC睦月
「だって、長年の願いが叶ったんだもの」%K%P
「だって、長年の願いが叶ったんだもの」%K%P
%LC陽菜
%LC陽菜
「ん……」%K%P
「ん……」%K%P
%LC睦月
%LC睦月
「と、いうことで。頑張ろうね？　陽菜」%K%P
「と、いうことで。頑張ろうね？　陽菜」%K%P
%LC睦月
%LC睦月
「陽菜がアレを着るところを見るの、\n　いまから楽しみでしょうがないし」%K%P
「陽菜がアレを着るところを見るの、\n　いまから楽しみでしょうがないし」%K%P
%LC陽菜
%LC陽菜
「うぐっ……。ねえ、やっぱアレ、\n　着る必要なくない……？」%K%P
「うぐっ……。ねえ、やっぱアレ、\n　着る必要なくない……？」%K%P
%LC睦月
%LC睦月
「だーめ。せっかくニナさんが\n　用意してくれたものなんだから」%K%P
「だーめ。せっかくニナさんが\n　用意してくれたものなんだから」%K%P
%LC睦月
%LC睦月
「本番では僕が一緒にいるんだから。\n　僕がついてるんなら、陽菜も安心でしょ？」%K%P
「本番では僕が一緒にいるんだから。\n　僕がついてるんなら、陽菜も安心でしょ？」%K%P
%LC陽菜
%LC陽菜
「それは、まあ……」%K%P
「それは、まあ……」%K%P
%LC睦月
%LC睦月
「股間にもおそろいなのがついてるけど」%K%P
「股間にもおそろいなのがついてるけど」%K%P
%LC陽菜
%LC陽菜
%XS21「睦月ぃ！！」%XE%K%P
%XS21「睦月ぃ！！」%XE%K%P
%LC睦月
%LC睦月
「ふふっ、あははっ。じゃ、次は僕も一緒に。\n　最初から、揃えてやってみよう？」%K%P
「ふふっ、あははっ。じゃ、次は僕も一緒に。\n　最初から、揃えてやってみよう？」%K%P
%LC陽菜
%LC陽菜
「揃えてって……マジで？　いきなり？」%K%P
「揃えてって……マジで？　いきなり？」%K%P
%LC睦月
%LC睦月
「時間がないって言ったのは陽菜だよ？」%K%P
「時間がないって言ったのは陽菜だよ？」%K%P
%LC睦月
%LC睦月
「大丈夫、僕がリードするから。\n　ピアノの連弾した時も、そうだったでしょ？」%K%P
「大丈夫、僕がリードするから。\n　ピアノの連弾した時も、そうだったでしょ？」%K%P
%LC陽菜
%LC陽菜
「……うん。よろしく、睦月」%K%P
「……うん。よろしく、睦月」%K%P
ニナさんから授かった秘策を実行するには、\n睦月との特訓が、必要不可欠で。%K%P
ニナさんから授かった秘策を実行するには、\n睦月との特訓が、必要不可欠で。%K%P
オレはそれから数日間、放課後になると\n睦月の待つ空き教室に通い詰めた。%K%P
オレはそれから数日間、放課後になると\n睦月の待つ空き教室に通い詰めた。%K%P
その様子は全学生に知れ渡って、\nノーブルとセンシブルの禁じられた密会だとか、\n通い妻陽菜ちゃん、なんて噂されたけど。%K%P
その様子は全学生に知れ渡って、\nノーブルとセンシブルの禁じられた密会だとか、\n通い妻陽菜ちゃん、なんて噂されたけど。%K%P
それを晴らす機会があることを知っていたオレは、\nとにかく、睦月との練習に励んだ。%K%P
それを晴らす機会があることを知っていたオレは、\nとにかく、睦月との練習に励んだ。%K%P
