翌朝、教室に行くと、そこには昨日と同じく\n台本読みに精を出す杏奈ちゃんの姿があった。%K%P
翌朝、教室に行くと、そこには昨日と同じく\n台本読みに精を出す杏奈ちゃんの姿があった。%K%P
%LC陽菜
%LC陽菜
「ん、ふぁ……おはよ……」%K%P
「ん、ふぁ……おはよ……」%K%P
%LC杏奈
%LC杏奈
「おはよう……って、どうしたの？\n　ずいぶん眠そうだけど……」%K%P
「おはよう……って、どうしたの？\n　ずいぶん眠そうだけど……」%K%P
%LC陽菜
%LC陽菜
「夕べ、なかなか寝付けなくて……」%K%P
「夕べ、なかなか寝付けなくて……」%K%P
寝付けなかった理由はもちろん、\nつーちゃんのことを考えていたからだ。%K%P
寝付けなかった理由はもちろん、\nつーちゃんのことを考えていたからだ。%K%P
とはいえ、見なかったことにすると言った以上、\nオレに出来ることは、もうなにもないんだけど。%K%P
とはいえ、見なかったことにすると言った以上、\nオレに出来ることは、もうなにもないんだけど。%K%P
%LC杏奈
%LC杏奈
「そっか……。くすっ、なんか奇遇だね。\n　睦月ちゃんも今朝は眠そうにしてたんだよ」%K%P
「そっか……。くすっ、なんか奇遇だね。\n　睦月ちゃんも今朝は眠そうにしてたんだよ」%K%P
%LC陽菜
%LC陽菜
「そっか……。やっぱりそうなるよね……」%K%P
「そっか……。やっぱりそうなるよね……」%K%P
%LC杏奈
%LC杏奈
「やっぱりって……陽菜ちゃん、\n　なにか知ってるの？」%K%P
「やっぱりって……陽菜ちゃん、\n　なにか知ってるの？」%K%P
%LC陽菜
%LC陽菜
「あっ、えと……睦月さん、真面目そうだから。\n　徹夜で台本を読んだりしそうだなって」%K%P
「あっ、えと……睦月さん、真面目そうだから。\n　徹夜で台本を読んだりしそうだなって」%K%P
%LC杏奈
%LC杏奈
「それはないと思うよ？」%K%P
「それはないと思うよ？」%K%P
%LC陽菜
%LC陽菜
「えっ、どうして？」%K%P
「えっ、どうして？」%K%P
%LC杏奈
%LC杏奈
「だって睦月ちゃん、台本の内容、\n　だいたい覚えたって言ってたし」%K%P
「だって睦月ちゃん、台本の内容、\n　だいたい覚えたって言ってたし」%K%P
%LC陽菜
%LC陽菜
「……すごいね、それは」%K%P
「……すごいね、それは」%K%P
%LC杏奈
%LC杏奈
「でしょー？」%K%P
「でしょー？」%K%P
%LC陽菜
%LC陽菜
「なんで杏奈ちゃんがドヤってるの」%K%P
「なんで杏奈ちゃんがドヤってるの」%K%P
%LC杏奈
%LC杏奈
「仲良しの友達が褒められたら、\n　誰だって嬉しいでしょ？」%K%P
「仲良しの友達が褒められたら、\n　誰だって嬉しいでしょ？」%K%P
なんて、楽しそうに笑う杏奈ちゃんと話す間も、\nオレはずっとつーちゃんのことを考えていた。%K%P
なんて、楽しそうに笑う杏奈ちゃんと話す間も、\nオレはずっとつーちゃんのことを考えていた。%K%P
昼休みになり、ご飯を食べていると、\nその人は不意に現れた。%K%P
昼休みになり、ご飯を食べていると、\nその人は不意に現れた。%K%P
%LC睦月
%LC睦月
「ごきげんよう、陽菜さん」%K%P
「ごきげんよう、陽菜さん」%K%P
%LC陽菜
%LC陽菜
「睦月さん……」%K%P
「睦月さん……」%K%P
まさに晴天の霹靂だったので、\nその姿を見て、思わず叫びそうになった。%K%P
まさに晴天の霹靂だったので、\nその姿を見て、思わず叫びそうになった。%K%P
それをどうにか堪えられたのは、\n周囲の子たちが、こちらを気にしていたからだ。%K%P
それをどうにか堪えられたのは、\n周囲の子たちが、こちらを気にしていたからだ。%K%P
みんなが見ている中、目立つ真似は出来ない。%K%P
みんなが見ている中、目立つ真似は出来ない。%K%P
つーちゃんの秘密を知ってしまったから、\nいつも以上に、そんな意識が働いていた。%K%P
つーちゃんの秘密を知ってしまったから、\nいつも以上に、そんな意識が働いていた。%K%P
%LC陽菜
%LC陽菜
「えと……どうしたの？\n　一緒にご飯を食べるお誘い、とか？」%K%P
「えと……どうしたの？\n　一緒にご飯を食べるお誘い、とか？」%K%P
%LC睦月
%LC睦月
「いえ、そうでなくて……。\n　もっと、大切なお話があって」%K%P
「いえ、そうでなくて……。\n　もっと、大切なお話があって」%K%P
%LC睦月
%LC睦月
「一晩、考えて、考えて、考えて……決めました。\n　それを、陽菜さんに聞いてもらいたいんです」%K%P
「一晩、考えて、考えて、考えて……決めました。\n　それを、陽菜さんに聞いてもらいたいんです」%K%P
つーちゃんの発言に主語がないのは、\nまわりにそれを聞かれたらマズいからだろう。%K%P
つーちゃんの発言に主語がないのは、\nまわりにそれを聞かれたらマズいからだろう。%K%P
つまり、そういう話をしたいってことで。%K%P
つまり、そういう話をしたいってことで。%K%P
%LC陽菜
%LC陽菜
「いいけど……いま、ここで？」%K%P
「いいけど……いま、ここで？」%K%P
%LC睦月
%LC睦月
「さすがに人目もありますから。\n　放課後、お時間をいただけませんか？」%K%P
「さすがに人目もありますから。\n　放課後、お時間をいただけませんか？」%K%P
%LC睦月
%LC睦月
「できれば、ふたりきりでお話がしたいんです」%K%P
「できれば、ふたりきりでお話がしたいんです」%K%P
%LC陽菜
%LC陽菜
「うん、いいよ」%K%P
「うん、いいよ」%K%P
つーちゃんの表情は真剣そのものだったから、\n引き込まれるように、オレも真剣になってしまう。%K%P
つーちゃんの表情は真剣そのものだったから、\n引き込まれるように、オレも真剣になってしまう。%K%P
なんだか、果たし合いの約束をしてるみたいだ。%K%P
なんだか、果たし合いの約束をしてるみたいだ。%K%P
%LC陽菜
%LC陽菜
「それじゃあ、場所は……、\n　乙女部の部室とか、どうかな」%K%P
「それじゃあ、場所は……、\n　乙女部の部室とか、どうかな」%K%P
%LC睦月
%LC睦月
「いえ、もっと良い場所を知っていますから。\n　そちらでお話をさせていただければと」%K%P
「いえ、もっと良い場所を知っていますから。\n　そちらでお話をさせていただければと」%K%P
%LC陽菜
%LC陽菜
「わかった。じゃあ、そこで」%K%P
「わかった。じゃあ、そこで」%K%P
――そして、放課後。%K%P
――そして、放課後。%K%P
つーちゃんに連れられてやってきたのは、\nセンシブル側の校舎だった。%K%P
つーちゃんに連れられてやってきたのは、\nセンシブル側の校舎だった。%K%P
%LC睦月
%LC睦月
「陽菜さん、こちらです」%K%P
「陽菜さん、こちらです」%K%P
そこは、一目で空き教室だと分かる空間で。%K%P
そこは、一目で空き教室だと分かる空間で。%K%P
机や椅子などがないかわりに、\nぽつんと置かれた譜面台が、とても目を引いた。%K%P
机や椅子などがないかわりに、\nぽつんと置かれた譜面台が、とても目を引いた。%K%P
%LC睦月
%LC睦月
「ここは{歌姫:ディーバ}だけが使える、\n　音楽室のようなものだと思ってください」%K%P
「ここは{歌姫:ディーバ}だけが使える、\n　音楽室のようなものだと思ってください」%K%P
%LC睦月
%LC睦月
「簡易的な防音加工も施されているので。\n　内緒話をするには、ちょうどいいと思って」%K%P
「簡易的な防音加工も施されているので。\n　内緒話をするには、ちょうどいいと思って」%K%P
%LC陽菜
%LC陽菜
「内緒話って……やっぱり、昨日のこと？」%K%P
「内緒話って……やっぱり、昨日のこと？」%K%P
%LC睦月
%LC睦月
「はい。ですが、その前にあらためて、\n　お礼を言わせてください」%K%P
「はい。ですが、その前にあらためて、\n　お礼を言わせてください」%K%P
%LC睦月
%LC睦月
「私の秘密を内緒にすると約束してくれて、\n　本当に、ありがとうございました」%K%P
「私の秘密を内緒にすると約束してくれて、\n　本当に、ありがとうございました」%K%P
%LC睦月
%LC睦月
「いまから話すことは、そんな陽菜さんに対する、\n　お礼というか、誠意というか……」%K%P
「いまから話すことは、そんな陽菜さんに対する、\n　お礼というか、誠意というか……」%K%P
%LC睦月
%LC睦月
「何も言わずに黙ったままでいるのは、\n　すごく、ズルいと思ったんです」%K%P
「何も言わずに黙ったままでいるのは、\n　すごく、ズルいと思ったんです」%K%P
%LC睦月
%LC睦月
「それで、自分勝手なのは百も承知で、\n　私のことを聞いてもらおうと思って」%K%P
「それで、自分勝手なのは百も承知で、\n　私のことを聞いてもらおうと思って」%K%P
%LC陽菜
%LC陽菜
「うん。ぜひ、聞かせて」%K%P
「うん。ぜひ、聞かせて」%K%P
%LC陽菜
%LC陽菜
「実を言うと、私も昨日、眠れないぐらいには、\n　睦月さんのことばかり考えていたから」%K%P
「実を言うと、私も昨日、眠れないぐらいには、\n　睦月さんのことばかり考えていたから」%K%P
%LC睦月
%LC睦月
「ん……」%K%P
「ん……」%K%P
オレの伝えた言葉に、つーちゃんがはにかむ。%K%P
オレの伝えた言葉に、つーちゃんがはにかむ。%K%P
その仕草があまりにも可愛らしくて、\n目を奪われた後、少ししてハッとなった。%K%P
その仕草があまりにも可愛らしくて、\n目を奪われた後、少ししてハッとなった。%K%P
……本当に男の子なんだよね？　……ね？%K%P
……本当に男の子なんだよね？　……ね？%K%P
%LC睦月
%LC睦月
「私の家は代々温泉旅館を経営していて、\n　女将が社長を務める、いわゆる女系一家です」%K%P
「私の家は代々温泉旅館を経営していて、\n　女将が社長を務める、いわゆる女系一家です」%K%P
%LC睦月
%LC睦月
「現当主は私の母ですが、入り婿を迎えたあと、\n　しばらくの間、子宝に恵まれませんでした」%K%P
「現当主は私の母ですが、入り婿を迎えたあと、\n　しばらくの間、子宝に恵まれませんでした」%K%P
%LC睦月
%LC睦月
「それでも、ようやく子供を授かって……。\n　身ごもった赤ちゃんが、他でもない私でした」%K%P
「それでも、ようやく子供を授かって……。\n　身ごもった赤ちゃんが、他でもない私でした」%K%P
%LC睦月
%LC睦月
「家業の跡継ぎとして女の子が欲しかった母は、\n　妊娠中期の検査で、お腹の子が男の子だと\n　わかったとき、かなり落胆したそうです」%K%P
「家業の跡継ぎとして女の子が欲しかった母は、\n　妊娠中期の検査で、お腹の子が男の子だと\n　わかったとき、かなり落胆したそうです」%K%P
%LC睦月
%LC睦月
「けれど、そんな母を、父が諫めて、励まして。\n　結果として私は、お腹の中に居る時分から、\n　それはもう、たいそう両親に愛されました」%K%P
「けれど、そんな母を、父が諫めて、励まして。\n　結果として私は、お腹の中に居る時分から、\n　それはもう、たいそう両親に愛されました」%K%P
%LC睦月
%LC睦月
「女の子に負けないくらい、可愛くあれ――と」%K%P
「女の子に負けないくらい、可愛くあれ――と」%K%P
%LC睦月
%LC睦月
「そうして生まれた私は……手前味噌な話ですが、\n　両親の期待に応えて、とても可愛かったそうで」%K%P
「そうして生まれた私は……手前味噌な話ですが、\n　両親の期待に応えて、とても可愛かったそうで」%K%P
%LC睦月
%LC睦月
「そんな私を見て、両親はこう思ったそうです」%K%P
「そんな私を見て、両親はこう思ったそうです」%K%P
%LC睦月
%LC睦月
「こんなに可愛い以上、\n　女の子として育てるっきゃないね――と」%K%P
「こんなに可愛い以上、\n　女の子として育てるっきゃないね――と」%K%P
%LC睦月
%LC睦月
「そんなわけで私は、女の子のように……ではなく、\n　本当に女の子として、蝶よ花よと育てられました」%K%P
「そんなわけで私は、女の子のように……ではなく、\n　本当に女の子として、蝶よ花よと育てられました」%K%P
%LC睦月
%LC睦月
「服装からなにから、すべて女の子の物で。\n　髪も伸ばして……だから、この髪も地毛なんです」%K%P
「服装からなにから、すべて女の子の物で。\n　髪も伸ばして……だから、この髪も地毛なんです」%K%P
そう言うと、つーちゃんが軽く髪を指で梳く。%K%P
そう言うと、つーちゃんが軽く髪を指で梳く。%K%P
ウィッグのオレだと気をつかう仕草だけに、\n一瞬、ちょっと羨ましい、なんて思ってしまった。%K%P
ウィッグのオレだと気をつかう仕草だけに、\n一瞬、ちょっと羨ましい、なんて思ってしまった。%K%P
%LC陽菜
%LC陽菜
「それじゃあ睦月さんは、生まれた時から、\n　両親の手で女装を強いられてた……ってこと？」%K%P
「それじゃあ睦月さんは、生まれた時から、\n　両親の手で女装を強いられてた……ってこと？」%K%P
%LC睦月
%LC睦月
「いまの話だけ聞くと、そう思いますよね。\n　でも、実際はそうじゃないんです」%K%P
「いまの話だけ聞くと、そう思いますよね。\n　でも、実際はそうじゃないんです」%K%P
%LC睦月
%LC睦月
「両親に女の子として育てられた影響も、\n　多少はあったと思いますが――」%K%P
「両親に女の子として育てられた影響も、\n　多少はあったと思いますが――」%K%P
%LC睦月
%LC睦月
「私は物心ついたときから、女の子として\n　過ごす生活が嫌いじゃありませんでした」%K%P
「私は物心ついたときから、女の子として\n　過ごす生活が嫌いじゃありませんでした」%K%P
%LC睦月
%LC睦月
「むしろ、好き……というか。自ら望んで、\n　女の子として過ごしていたんです」%K%P
「むしろ、好き……というか。自ら望んで、\n　女の子として過ごしていたんです」%K%P
%LC睦月
%LC睦月
「これは、温泉旅館の女将である母の影響が、\n　かなり色濃く出ているんだと思います」%K%P
「これは、温泉旅館の女将である母の影響が、\n　かなり色濃く出ているんだと思います」%K%P
%LC睦月
%LC睦月
「私は、女将として働く母がとても大好きで。\n　母のようになりたいと、よく真似をしていました」%K%P
「私は、女将として働く母がとても大好きで。\n　母のようになりたいと、よく真似をしていました」%K%P
%LC睦月
%LC睦月
「例えば、着物を仕立ててもらって、\n　母と一緒に旅館に出て、お客様に挨拶をしたり」%K%P
「例えば、着物を仕立ててもらって、\n　母と一緒に旅館に出て、お客様に挨拶をしたり」%K%P
%LC睦月
%LC睦月
「そんなことをするうち、私は評判になって。\n　当時は、若女将ちゃん、なんて呼ばれて、\n　旅館のちょっとした名物になっていたんです」%K%P
「そんなことをするうち、私は評判になって。\n　当時は、若女将ちゃん、なんて呼ばれて、\n　旅館のちょっとした名物になっていたんです」%K%P
%LC睦月
%LC睦月
「その頃の私は、人の注目を集めるのが好きで。\n　だから、その状況が、まんざらでもなくて」%K%P
「その頃の私は、人の注目を集めるのが好きで。\n　だから、その状況が、まんざらでもなくて」%K%P
%LC睦月
%LC睦月
「歌うのが大好きだったこともあって、宴会場で、\n　お客様に歌を披露することもありました」　%K%P
「歌うのが大好きだったこともあって、宴会場で、\n　お客様に歌を披露することもありました」　%K%P
%LC睦月
%LC睦月
「そんなとき、湯治にやってきたあるお客様が、\n　私の容姿と歌声を、とても褒めてくれました」%K%P
「そんなとき、湯治にやってきたあるお客様が、\n　私の容姿と歌声を、とても褒めてくれました」%K%P
%LC睦月
%LC睦月
「『可愛いし、歌も上手い。磨けばきっと光る。\n　　よかったら合唱団に入ってみない？』――と」%K%P
「『可愛いし、歌も上手い。磨けばきっと光る。\n　　よかったら合唱団に入ってみない？』――と」%K%P
%LC睦月
%LC睦月
「その誘いを、両親は最初、断ったんです。\n　実はこの子は男の子なんです、と打ち明けて」%K%P
「その誘いを、両親は最初、断ったんです。\n　実はこの子は男の子なんです、と打ち明けて」%K%P
%LC睦月
%LC睦月
「容姿はともかく、声は変声期があるでしょう？\n　だから、黙っていてもいずれはバレてしまうと、\n　両親はそう考えて、先んじて打ち明けたわけです」%K%P
「容姿はともかく、声は変声期があるでしょう？\n　だから、黙っていてもいずれはバレてしまうと、\n　両親はそう考えて、先んじて打ち明けたわけです」%K%P
%LC睦月
%LC睦月
「そうしたらそのお客様は、\n　両親にむかってこう言いました」%K%P
「そうしたらそのお客様は、\n　両親にむかってこう言いました」%K%P
%LC睦月
%LC睦月
「『世の中には男ながらに女性の声域で歌う、\n　　ソプラニスタと呼ばれる歌手がいます』」%K%P
「『世の中には男ながらに女性の声域で歌う、\n　　ソプラニスタと呼ばれる歌手がいます』」%K%P
%LC睦月
%LC睦月
「『この子には、その素質があります。\n　　どうか私に預けてみてはくれませんか』と」%K%P
「『この子には、その素質があります。\n　　どうか私に預けてみてはくれませんか』と」%K%P
%LC陽菜
%LC陽菜
「ソプラニスタ――」%K%P
「ソプラニスタ――」%K%P
その単語を、オレはよく知っていた。%K%P
その単語を、オレはよく知っていた。%K%P
なぜならオレも、合唱団に所属していた頃、\nいずれはソプラニスタにと嘱望されていたからだ。%K%P
なぜならオレも、合唱団に所属していた頃、\nいずれはソプラニスタにと嘱望されていたからだ。%K%P
%LC睦月
%LC睦月
「その後、両親はそのお客様の話を聞いて、\n　私を合唱団に入れる決意を固めました」%K%P
「その後、両親はそのお客様の話を聞いて、\n　私を合唱団に入れる決意を固めました」%K%P
いわく、つーちゃんの実家の温泉旅館は、\n知る人ぞ知る、山奥の秘境にあるのだそうだ。%K%P
いわく、つーちゃんの実家の温泉旅館は、\n知る人ぞ知る、山奥の秘境にあるのだそうだ。%K%P
当時通っていた学校も、廃校寸前……というか、\nつーちゃんが最後の生徒だったという。%K%P
当時通っていた学校も、廃校寸前……というか、\nつーちゃんが最後の生徒だったという。%K%P
%LC睦月
%LC睦月
「だから、合唱団入りを切っ掛けに、\n　私にもっと大きな世界を見せてあげたいという、\n　そういう親心も、あったみたいで」%K%P
「だから、合唱団入りを切っ掛けに、\n　私にもっと大きな世界を見せてあげたいという、\n　そういう親心も、あったみたいで」%K%P
%LC陽菜
%LC陽菜
「じゃあ、睦月さんはその合唱団に入るため、\n　田舎から出てきたってこと？」%K%P
「じゃあ、睦月さんはその合唱団に入るため、\n　田舎から出てきたってこと？」%K%P
%LC睦月
%LC睦月
「はい。父の親戚がこちらにいたので、\n　そこに身を寄せるような形で」%K%P
「はい。父の親戚がこちらにいたので、\n　そこに身を寄せるような形で」%K%P
%LC睦月
%LC睦月
「ただ……私は最初、それを嫌がりました。\n　大好きな温泉旅館や両親と、離れたくなくて」%K%P
「ただ……私は最初、それを嫌がりました。\n　大好きな温泉旅館や両親と、離れたくなくて」%K%P
%LC睦月
%LC睦月
「そうしたらそのお客様が、私に言ったんです」%K%P
「そうしたらそのお客様が、私に言ったんです」%K%P
%LC睦月
%LC睦月
「『私にも睦月ちゃんと同じ年頃の息子がいるけど、\n　　声も見た目も、すっごく可愛いんだよ？』」%K%P
「『私にも睦月ちゃんと同じ年頃の息子がいるけど、\n　　声も見た目も、すっごく可愛いんだよ？』」%K%P
%LC睦月
%LC睦月
「『一緒に歌ったらきっとすごく楽しいし、\n　　なにより、息子も喜ぶと思うな』って」%K%P
「『一緒に歌ったらきっとすごく楽しいし、\n　　なにより、息子も喜ぶと思うな』って」%K%P
%LC睦月
%LC睦月
「その話に心惹かれた私は、\n　合唱団に入ることを決意したんです」%K%P
「その話に心惹かれた私は、\n　合唱団に入ることを決意したんです」%K%P
%LC睦月
%LC睦月
「さっきも言ったように、秘境の山奥でしたから。\n　同年代の友達がひとりも居なかったので」%K%P
「さっきも言ったように、秘境の山奥でしたから。\n　同年代の友達がひとりも居なかったので」%K%P
%LC睦月
%LC睦月
「同じ年頃の、しかも可愛い男の子と聞いて。\n　強いシンパシーを感じて、興味を持ったんです」%K%P
「同じ年頃の、しかも可愛い男の子と聞いて。\n　強いシンパシーを感じて、興味を持ったんです」%K%P
%LC陽菜
%LC陽菜
「そうだったんだ……」%K%P
「そうだったんだ……」%K%P
つーちゃんは気付かなかっただろうけど、\n吐露した声は、陽菜ではなく日向のものだった。%K%P
つーちゃんは気付かなかっただろうけど、\n吐露した声は、陽菜ではなく日向のものだった。%K%P
これまでまったく知らなかった、\nつーちゃんの生い立ちと、合唱団に入った経緯。%K%P
これまでまったく知らなかった、\nつーちゃんの生い立ちと、合唱団に入った経緯。%K%P
女装をすることになった理由というのも、\n驚くと同時に、納得もしてしまうものだった。%K%P
女装をすることになった理由というのも、\n驚くと同時に、納得もしてしまうものだった。%K%P
ただ、オレがつーちゃんの話を聞いていて、\n一番気になったのは、そのどちらでもなくて。%K%P
ただ、オレがつーちゃんの話を聞いていて、\n一番気になったのは、そのどちらでもなくて。%K%P
%LC陽菜
%LC陽菜
「ねえ、睦月さん。あなたを合唱団にスカウトした、\n　湯治に来ていたお客さんって……何者なの？」%K%P
「ねえ、睦月さん。あなたを合唱団にスカウトした、\n　湯治に来ていたお客さんって……何者なの？」%K%P
%LC睦月
%LC睦月
「それが、実はすごい人だったんです」%K%P
「それが、実はすごい人だったんです」%K%P
%LC睦月
%LC睦月
「世界的に有名なオペラ歌手の、{空木:うつぎ}{陽子:ようこ}さん。\n　陽菜さん、名前を聞いたことはありませんか？」%K%P
「世界的に有名なオペラ歌手の、{空木:うつぎ}{陽子:ようこ}さん。\n　陽菜さん、名前を聞いたことはありませんか？」%K%P
%LC陽菜
%LC陽菜
「あっ……ああ、うん。知ってるよ。\n　いまは海外を拠点にして活動してる人でしょ？」%K%P
「あっ……ああ、うん。知ってるよ。\n　いまは海外を拠点にして活動してる人でしょ？」%K%P
%LC睦月
%LC睦月
「はい、まさに。その空木陽子さんです」%K%P
「はい、まさに。その空木陽子さんです」%K%P
オレが知っていたことがよほど嬉しかったらしく、\nつーちゃんは自分のことのように笑う。%K%P
オレが知っていたことがよほど嬉しかったらしく、\nつーちゃんは自分のことのように笑う。%K%P
知ってる。知ってますよ。よーく知っていますとも。%K%P
知ってる。知ってますよ。よーく知っていますとも。%K%P
だってその人――――オレの、母さんだし。%K%P
だってその人――――オレの、母さんだし。%K%P
%LC陽菜
%LC陽菜
「はぁああああああ…………」%K%P
「はぁああああああ…………」%K%P
つーちゃんにバレないようこっそりと、\nけれど大きく息を吐く。%K%P
つーちゃんにバレないようこっそりと、\nけれど大きく息を吐く。%K%P
まさか、まさかまさかまさかまさか、\nつーちゃんが合唱団に入る切っ掛けを作ったのが、\nオレの母さんだったなんて――、%K%P
まさか、まさかまさかまさかまさか、\nつーちゃんが合唱団に入る切っ掛けを作ったのが、\nオレの母さんだったなんて――、%K%P
%LC睦月
%LC睦月
「そうして私は、生まれ故郷をあとにして、\n　親戚の家に身を寄せて、合唱団に入って……」%K%P
「そうして私は、生まれ故郷をあとにして、\n　親戚の家に身を寄せて、合唱団に入って……」%K%P
%LC睦月
%LC睦月
「そこで、陽子さんの息子さん――、\n　空木日向くんと出会ったんです」%K%P
「そこで、陽子さんの息子さん――、\n　空木日向くんと出会ったんです」%K%P
%LC陽菜
%LC陽菜
「っ……」%K%P
「っ……」%K%P
出し抜けに自分の名前を出されて、心臓が跳ねる。%K%P
出し抜けに自分の名前を出されて、心臓が跳ねる。%K%P
これまでつーちゃんに感じていたドキドキとは、\n明らかに種類の異なるドキドキだった。%K%P
これまでつーちゃんに感じていたドキドキとは、\n明らかに種類の異なるドキドキだった。%K%P
%LC睦月
%LC睦月
「日向くんは、陽子さんの言うように、\n　とても可愛くて……なにより、歌が上手くて」%K%P
「日向くんは、陽子さんの言うように、\n　とても可愛くて……なにより、歌が上手くて」%K%P
%LC睦月
%LC睦月
「私も彼のように上手くなりたいと思い、\n　趣味同然だった歌に、真剣に取り組みました」%K%P
「私も彼のように上手くなりたいと思い、\n　趣味同然だった歌に、真剣に取り組みました」%K%P
%LC睦月
%LC睦月
「その努力は、実を結んで……私は彼と共に、\n　大きな舞台でソロを任されるまでになりました」%K%P
「その努力は、実を結んで……私は彼と共に、\n　大きな舞台でソロを任されるまでになりました」%K%P
%LC睦月
%LC睦月
「彼と一緒に歌っていると、とにかく幸せで。\n　そんな日がずっと続くと思っていたんですが――」%K%P
「彼と一緒に歌っていると、とにかく幸せで。\n　そんな日がずっと続くと思っていたんですが――」%K%P
%LC睦月
%LC睦月
「でも……そんなある日、日向くんは突然、\n　合唱団を辞めてしまったんです」%K%P
「でも……そんなある日、日向くんは突然、\n　合唱団を辞めてしまったんです」%K%P
%LC睦月
%LC睦月
「以前、男の子に告白されたことがあったと、\n　そういう話をしたことがありましたよね？」%K%P
「以前、男の子に告白されたことがあったと、\n　そういう話をしたことがありましたよね？」%K%P
%LC睦月
%LC睦月
「すでにお気づきかもしれませんが。\n　その男の子というが、日向くんなんです」%K%P
「すでにお気づきかもしれませんが。\n　その男の子というが、日向くんなんです」%K%P
%LC睦月
%LC睦月
「前に話したときは、詳しく言えないので、\n　いろいろとボカしてしまいましたけど……」%K%P
「前に話したときは、詳しく言えないので、\n　いろいろとボカしてしまいましたけど……」%K%P
%LC睦月
%LC睦月
「私、日向くんに結婚してって言われたんです」%K%P
「私、日向くんに結婚してって言われたんです」%K%P
%LC陽菜
%LC陽菜
「ぐえー……」%K%P
「ぐえー……」%K%P
昨夜思い出してベッドでジタバタしたことを、\nまさか、本人の口から言われるとは思ってもなくて。%K%P
昨夜思い出してベッドでジタバタしたことを、\nまさか、本人の口から言われるとは思ってもなくて。%K%P
思わず呻いてしまったオレを見て、\nつーちゃんはかなり焦った感じで言葉を継いだ。%K%P
思わず呻いてしまったオレを見て、\nつーちゃんはかなり焦った感じで言葉を継いだ。%K%P
%LC睦月
%LC睦月
「あっ、あのっ、勘違いしないでくださいね？\n　日向くんは私が男だとは知らなかったんです」%K%P
「あっ、あのっ、勘違いしないでくださいね？\n　日向くんは私が男だとは知らなかったんです」%K%P
%LC睦月
%LC睦月
「話が前後しますけど、合唱団に入団した私は、\n　ずっと女の子として扱われていたんです」%K%P
「話が前後しますけど、合唱団に入団した私は、\n　ずっと女の子として扱われていたんです」%K%P
%LC睦月
%LC睦月
「これは、私の実家の事情も考慮した陽子さんが、\n　入団したとき、取り計らってくれたからで」%K%P
「これは、私の実家の事情も考慮した陽子さんが、\n　入団したとき、取り計らってくれたからで」%K%P
%LC睦月
%LC睦月
「男の子同士だとわかった上での告白ではないので、\n　そこだけは、誤解しないであげてくださいっ」%K%P
「男の子同士だとわかった上での告白ではないので、\n　そこだけは、誤解しないであげてくださいっ」%K%P
%LC陽菜
%LC陽菜
「あっ、うん……」%K%P
「あっ、うん……」%K%P
慌ててフォローしてくれたつーちゃんを見て、\nなんともいえない気持ちになった。%K%P
慌ててフォローしてくれたつーちゃんを見て、\nなんともいえない気持ちになった。%K%P
たぶん、ぐえーって言っちゃったオレの反応が、\n男同士とか信じられないんですけど？　ってふうに\n見えちゃったせいなんだろうけど……。%K%P
たぶん、ぐえーって言っちゃったオレの反応が、\n男同士とか信じられないんですけど？　ってふうに\n見えちゃったせいなんだろうけど……。%K%P
ほんと、なんともいえない。なんだこれ。%K%P
ほんと、なんともいえない。なんだこれ。%K%P
%LC睦月
%LC睦月
「ともかく、それで、ええと……」%K%P
「ともかく、それで、ええと……」%K%P
%LC陽菜
%LC陽菜
「告白されたんだよね？　その、日向くんに」%K%P
「告白されたんだよね？　その、日向くんに」%K%P
%LC睦月
%LC睦月
「あっ、はい。そうです。\n　それで私、すごく驚いて……」%K%P
「あっ、はい。そうです。\n　それで私、すごく驚いて……」%K%P
%LC睦月
%LC睦月
「だって、実は男の子同士なわけで。\n　結婚と言われても、困ってしまって……」%K%P
「だって、実は男の子同士なわけで。\n　結婚と言われても、困ってしまって……」%K%P
%LC睦月
%LC睦月
「でも、本当のことは言えませんから。\n　断る理由を、とにかく懸命に探して……」%K%P
「でも、本当のことは言えませんから。\n　断る理由を、とにかく懸命に探して……」%K%P
%LC睦月
%LC睦月
「それで私は、日向くんは自分より可愛いから、\n　結婚なんて出来ないって、そう言ったんです」%K%P
「それで私は、日向くんは自分より可愛いから、\n　結婚なんて出来ないって、そう言ったんです」%K%P
%LC陽菜
%LC陽菜
「なら、その子のことを可愛いって言ったのは、\n　真実が言えないから仕方なくってこと……？」%K%P
「なら、その子のことを可愛いって言ったのは、\n　真実が言えないから仕方なくってこと……？」%K%P
もしそうだとしたら、オレはあの日からずっと、\n優しい嘘を真に受けて生きてきたってことに――、%K%P
もしそうだとしたら、オレはあの日からずっと、\n優しい嘘を真に受けて生きてきたってことに――、%K%P
%LC睦月
%LC睦月
「いえ、日向くんが私より可愛かったのは\n　本当のことなので、仕方なくではないです」%K%P
「いえ、日向くんが私より可愛かったのは\n　本当のことなので、仕方なくではないです」%K%P
%LC睦月
%LC睦月
「それぐらいしか思いつかなかった、というか……。\n　ともかく、嘘を言ったつもりはありません」%K%P
「それぐらいしか思いつかなかった、というか……。\n　ともかく、嘘を言ったつもりはありません」%K%P
%LC睦月
%LC睦月
%XS21「日向くんは、本当に可愛いんです」%XE%K%P
%XS21「日向くんは、本当に可愛いんです」%XE%K%P
%LC陽菜
%LC陽菜
「あ、そうなんだ……」%K%P
「あ、そうなんだ……」%K%P
念押しするように繰り返すつーちゃんに、\nなんかもう、全身の力が抜けた。%K%P
念押しするように繰り返すつーちゃんに、\nなんかもう、全身の力が抜けた。%K%P
可愛いという発言が本心だったと知って、\n安心したような、もんにょりしたような。%K%P
可愛いという発言が本心だったと知って、\n安心したような、もんにょりしたような。%K%P
%LC睦月
%LC睦月
「ただ……私がそう言って告白を断ったあと、\n　彼は合唱団に姿を見せなくなりました」%K%P
「ただ……私がそう言って告白を断ったあと、\n　彼は合唱団に姿を見せなくなりました」%K%P
%LC睦月
%LC睦月
「以前、告白した男の子にひどいことを言ったと\n　言いましたが、今の言葉が、そうなんです」%K%P
「以前、告白した男の子にひどいことを言ったと\n　言いましたが、今の言葉が、そうなんです」%K%P
%LC睦月
%LC睦月
「言い訳がましくなってしまいますが、当時の私は、\n　ひどいことを言ったつもりはありませんでした」%K%P
「言い訳がましくなってしまいますが、当時の私は、\n　ひどいことを言ったつもりはありませんでした」%K%P
%LC睦月
%LC睦月
「さっきお話したような環境で育った私にとって、\n　可愛いという言葉は、褒め言葉でしたから」%K%P
「さっきお話したような環境で育った私にとって、\n　可愛いという言葉は、褒め言葉でしたから」%K%P
%LC睦月
%LC睦月
「あくまでも、告白を穏便に断ろうとして、\n　結果的にその言葉を選んでしまった、というか」%K%P
「あくまでも、告白を穏便に断ろうとして、\n　結果的にその言葉を選んでしまった、というか」%K%P
%LC睦月
%LC睦月
「でも……彼が姿を消した後、\n　自分なりに調べて、知ったんです」%K%P
「でも……彼が姿を消した後、\n　自分なりに調べて、知ったんです」%K%P
%LC睦月
%LC睦月
「可愛いという言葉は、年頃の男の子にとって、\n　{禁句:タブー}にもなりえる表現だということを」%K%P
「可愛いという言葉は、年頃の男の子にとって、\n　{禁句:タブー}にもなりえる表現だということを」%K%P
%LC睦月
%LC睦月
「自分の知識と想像力が足りないばかりに、\n　日向くんを傷つけてしまったのかもしれない――」%K%P
「自分の知識と想像力が足りないばかりに、\n　日向くんを傷つけてしまったのかもしれない――」%K%P
%LC睦月
%LC睦月
「それに気付いたとき、ひどく後悔しました。\n　私はなんてことを言ってしまったんだろうって」%K%P
「それに気付いたとき、ひどく後悔しました。\n　私はなんてことを言ってしまったんだろうって」%K%P
%LC睦月
%LC睦月
「だから私は、合唱団を辞めることにしたんです」%K%P
「だから私は、合唱団を辞めることにしたんです」%K%P
……え？%K%P
……え？%K%P
%LC陽菜
%LC陽菜
「えっ……えっ？　待って、辞めるって」%K%P
「えっ……えっ？　待って、辞めるって」%K%P
%LC睦月
%LC睦月
「そもそも私は、陽子さんの息子さん――、\n　日向くんに興味があって合唱団に入ったんです」%K%P
「そもそも私は、陽子さんの息子さん――、\n　日向くんに興味があって合唱団に入ったんです」%K%P
%LC睦月
%LC睦月
「彼がいないなら、続ける意味はない。\n　彼を傷つけた自分に歌う資格なんてない」%K%P
「彼がいないなら、続ける意味はない。\n　彼を傷つけた自分に歌う資格なんてない」%K%P
%LC睦月
%LC睦月
「私はそう考えて、\n　実家の温泉旅館に帰ろうとして――」%K%P
「私はそう考えて、\n　実家の温泉旅館に帰ろうとして――」%K%P
%LC睦月
%LC睦月
「でも……そんな私を引き留めてくれたのが、\n　他でもない、陽子さんでした」%K%P
「でも……そんな私を引き留めてくれたのが、\n　他でもない、陽子さんでした」%K%P
またもや出てきた母さんの名に、今度は、\nよくぞやってくれたと心中で喝采を送ってしまう。%K%P
またもや出てきた母さんの名に、今度は、\nよくぞやってくれたと心中で喝采を送ってしまう。%K%P
%LC睦月
%LC睦月
「陽子さんは私に教えてくれました。\n　日向くんが、どうして合唱団を辞めたのかを」%K%P
「陽子さんは私に教えてくれました。\n　日向くんが、どうして合唱団を辞めたのかを」%K%P
%LC睦月
%LC睦月
「彼は、私の言葉にやはりショックを受けていて。\n　男らしくなるために修行を始めたとのことでした」%K%P
「彼は、私の言葉にやはりショックを受けていて。\n　男らしくなるために修行を始めたとのことでした」%K%P
%LC睦月
%LC睦月
「その修行がどういったものかまでは、\n　教えてもらうことは出来なかったんですが――」%K%P
「その修行がどういったものかまでは、\n　教えてもらうことは出来なかったんですが――」%K%P
%LC睦月
%LC睦月
「合唱団を辞めたのはその修行にハマったからで、\n　私のせいではないと、そう言ってくれました」%K%P
「合唱団を辞めたのはその修行にハマったからで、\n　私のせいではないと、そう言ってくれました」%K%P
%LC睦月
%LC睦月
「歌うことが嫌になったわけでも、\n　私のことを嫌いになったわけでもないって」%K%P
「歌うことが嫌になったわけでも、\n　私のことを嫌いになったわけでもないって」%K%P
%LC陽菜
%LC陽菜
（母さん、グッジョブっ……！！）%K%P
（母さん、グッジョブっ……！！）%K%P
つーちゃんの話を聞いて、\n心の中で大きくガッツポーズしてしまう。%K%P
つーちゃんの話を聞いて、\n心の中で大きくガッツポーズしてしまう。%K%P
今のオレは陽菜だから、つーちゃんに対して、\nそうなんだよって言えないのが、\n実に心苦しいし、もどかしい限りだけど。%K%P
今のオレは陽菜だから、つーちゃんに対して、\nそうなんだよって言えないのが、\n実に心苦しいし、もどかしい限りだけど。%K%P
母さんが伝えてくれたように、\nオレはけして、歌が嫌いになったわけじゃない。%K%P
母さんが伝えてくれたように、\nオレはけして、歌が嫌いになったわけじゃない。%K%P
それ以上に、剣の道にハマッただけなんだ。%K%P
それ以上に、剣の道にハマッただけなんだ。%K%P
%LC睦月
%LC睦月
「ただ……それでも私は、ケジメをつけたくて。\n　合唱団を辞めたいと伝えました」%K%P
「ただ……それでも私は、ケジメをつけたくて。\n　合唱団を辞めたいと伝えました」%K%P
%LC睦月
%LC睦月
「そうしたら陽子さんは、ちょっと苦笑して。\n　どうしてもと言うなら仕方ないか……って」%K%P
「そうしたら陽子さんは、ちょっと苦笑して。\n　どうしてもと言うなら仕方ないか……って」%K%P
%LC睦月
%LC睦月
「歌に限らず何事も、楽しめなくなったら、\n　それはただ苦しいだけになってしまうからって」%K%P
「歌に限らず何事も、楽しめなくなったら、\n　それはただ苦しいだけになってしまうからって」%K%P
%LC陽菜
%LC陽菜
「ん……」%K%P
「ん……」%K%P
それは、いかにも母さんが口にしそう……というか、\n姉さんもたまに口にしている言葉だった。%K%P
それは、いかにも母さんが口にしそう……というか、\n姉さんもたまに口にしている言葉だった。%K%P
きっと、ウチの家系の家訓というか、\nポリシーに近い感覚なんだろうと思うけど。%K%P
きっと、ウチの家系の家訓というか、\nポリシーに近い感覚なんだろうと思うけど。%K%P
%LC陽菜
%LC陽菜
「じゃあ、睦月さんは、\n　そこで合唱団を辞めちゃったの？」%K%P
「じゃあ、睦月さんは、\n　そこで合唱団を辞めちゃったの？」%K%P
%LC睦月
%LC睦月
「いいえ。辞めていたら、ここには居ません」%K%P
「いいえ。辞めていたら、ここには居ません」%K%P
%LC睦月
%LC睦月
「陽子さんの言葉には、続きがあって。\n　そのおかげで、いま、私はここにいるんです」%K%P
「陽子さんの言葉には、続きがあって。\n　そのおかげで、いま、私はここにいるんです」%K%P
%LC陽菜
%LC陽菜
「聞かせて」%K%P
「聞かせて」%K%P
%LC睦月
%LC睦月
「あっ……ふふっ、もちろんです。\n　もとより、すべて話すつもりでしたから」%K%P
「あっ……ふふっ、もちろんです。\n　もとより、すべて話すつもりでしたから」%K%P
思わず食い気味に促してしまったオレに、\nつーちゃんはくすっと笑ったあと、目を閉じる。%K%P
思わず食い気味に促してしまったオレに、\nつーちゃんはくすっと笑ったあと、目を閉じる。%K%P
%LC睦月
%LC睦月
「『でももし、歌うことがまだ好きなら、\n　　歌う自分が好きなら、辞めないで欲しい』」%K%P
「『でももし、歌うことがまだ好きなら、\n　　歌う自分が好きなら、辞めないで欲しい』」%K%P
%LC睦月
%LC睦月
「『私はあなたの歌声が大好きだし、\n　　日向も、大好きだっていつも言っていた』」%K%P
「『私はあなたの歌声が大好きだし、\n　　日向も、大好きだっていつも言っていた』」%K%P
%LC睦月
%LC睦月
「『だから、このまま歌を続けて、\n　　もっと上手くなって、その歌をいつか、\n　　日向に聞かせてやってほしい』」%K%P
「『だから、このまま歌を続けて、\n　　もっと上手くなって、その歌をいつか、\n　　日向に聞かせてやってほしい』」%K%P
%LC睦月
%LC睦月
「『合唱団を辞めて、他の道を選んだ日向が、\n　　歌を続けていればよかったと悔やむぐらい、\n　　自分もまた歌いたいって憧れるぐらいの歌を』」%K%P
「『合唱団を辞めて、他の道を選んだ日向が、\n　　歌を続けていればよかったと悔やむぐらい、\n　　自分もまた歌いたいって憧れるぐらいの歌を』」%K%P
%LC睦月
%LC睦月
「『いつかそんな日が来たら、\n　　こんなに嬉しいことはないから』――って」%K%P
「『いつかそんな日が来たら、\n　　こんなに嬉しいことはないから』――って」%K%P
一言一句、なぞるように語ったその声に、\n自然と母さんの顔を思い出してしまう。%K%P
一言一句、なぞるように語ったその声に、\n自然と母さんの顔を思い出してしまう。%K%P
間違いない。いまの言葉は、母さんのものだ。%K%P
間違いない。いまの言葉は、母さんのものだ。%K%P
%LC睦月
%LC睦月
「陽子さんとそんな話をしてから、\n　気付けば１０年近い年月が経ちました」%K%P
「陽子さんとそんな話をしてから、\n　気付けば１０年近い年月が経ちました」%K%P
%LC睦月
%LC睦月
「私はあれからずっと、歌い続けています」%K%P
「私はあれからずっと、歌い続けています」%K%P
%LC睦月
%LC睦月
「変声期を越えて、声変わりもして……。\n　今は、ソプラニスタとして研鑽を積む日々です」%K%P
「変声期を越えて、声変わりもして……。\n　今は、ソプラニスタとして研鑽を積む日々です」%K%P
%LC睦月
%LC睦月
「もっとも、私のことを男だと知っているのは、\n　家族と陽子さん以外だと、数えるほどなので」%K%P
「もっとも、私のことを男だと知っているのは、\n　家族と陽子さん以外だと、数えるほどなので」%K%P
%LC睦月
%LC睦月
「世間的にはソプラニスタではなくて、\n　ただ歌が上手いだけの女の子、なんですが」%K%P
「世間的にはソプラニスタではなくて、\n　ただ歌が上手いだけの女の子、なんですが」%K%P
照れくさそうに苦笑したつーちゃんは、\nそうして、話を締めくくる。%K%P
照れくさそうに苦笑したつーちゃんは、\nそうして、話を締めくくる。%K%P
途中、急に母さんやオレの名前が出てきた時は、\nめっちゃドキドキしてしまったけど。%K%P
途中、急に母さんやオレの名前が出てきた時は、\nめっちゃドキドキしてしまったけど。%K%P
それこそ、オレのことを日向だと気付いていて、\nカマをかけられているんじゃ、なんて思ったけど。%K%P
それこそ、オレのことを日向だと気付いていて、\nカマをかけられているんじゃ、なんて思ったけど。%K%P
でも、こうして話を聞き終えたいま、\nそれがすべて必要不可欠な要素だったと分かる。%K%P
でも、こうして話を聞き終えたいま、\nそれがすべて必要不可欠な要素だったと分かる。%K%P
%LC陽菜
%LC陽菜
「……女装、やめようと思ったことはないの？」%K%P
「……女装、やめようと思ったことはないの？」%K%P
%LC睦月
%LC睦月
「一度だけあります。\n　日向くんが合唱団を辞めたときに」%K%P
「一度だけあります。\n　日向くんが合唱団を辞めたときに」%K%P
%LC睦月
%LC睦月
「私がこんな格好をしていなければ、\n　彼が勘違いして傷つくこともなかったのにって」%K%P
「私がこんな格好をしていなければ、\n　彼が勘違いして傷つくこともなかったのにって」%K%P
%LC睦月
%LC睦月
「でも、さっきの陽子さんの話があって。\n　それを聞いて、続けようと思ったんです」%K%P
「でも、さっきの陽子さんの話があって。\n　それを聞いて、続けようと思ったんです」%K%P
%LC睦月
%LC睦月
「女装を辞めてしまったら、たとえ歌を続けても、\n　日向くんに私だと気付いてもらえないから」%K%P
「女装を辞めてしまったら、たとえ歌を続けても、\n　日向くんに私だと気付いてもらえないから」%K%P
%LC陽菜
%LC陽菜
「あ……」%K%P
「あ……」%K%P
つーちゃんの言葉に、ある光景が脳裏に甦る。%K%P
つーちゃんの言葉に、ある光景が脳裏に甦る。%K%P
それは、この学園で初めて見た『彼女』の姿。%K%P
それは、この学園で初めて見た『彼女』の姿。%K%P
杏奈ちゃんに連れられてやってきた食堂で、\nオレの目に飛び込んできた、つーちゃんの姿だった。%K%P
杏奈ちゃんに連れられてやってきた食堂で、\nオレの目に飛び込んできた、つーちゃんの姿だった。%K%P
オレはあのとき、つーちゃんの姿を見つけたあと、\nそこから目が離せなくなった。%K%P
オレはあのとき、つーちゃんの姿を見つけたあと、\nそこから目が離せなくなった。%K%P
それだけの魅力と輝きを放っていたのは、１０年間、\nつーちゃんが女の子を続けてきたからなんだ。%K%P
それだけの魅力と輝きを放っていたのは、１０年間、\nつーちゃんが女の子を続けてきたからなんだ。%K%P
%LC陽菜
%LC陽菜
「……ありがとう、睦月さん。\n　色々と、プライベートなことまで話してくれて」%K%P
「……ありがとう、睦月さん。\n　色々と、プライベートなことまで話してくれて」%K%P
%LC睦月
%LC睦月
「そんな……。どうして陽菜さんが、\n　お礼を言うんですか？」%K%P
「そんな……。どうして陽菜さんが、\n　お礼を言うんですか？」%K%P
%LC睦月
%LC睦月
「陽菜さんは、私の身勝手に付き合って、\n　長々とした話に、耳を傾けてくれて……」%K%P
「陽菜さんは、私の身勝手に付き合って、\n　長々とした話に、耳を傾けてくれて……」%K%P
%LC睦月
%LC睦月
「お礼を言うべきは、私なのに……」%K%P
「お礼を言うべきは、私なのに……」%K%P
%LC陽菜
%LC陽菜
「そんなことない。本当のことを話すのって、\n　とっても勇気がいることでしょ？」%K%P
「そんなことない。本当のことを話すのって、\n　とっても勇気がいることでしょ？」%K%P
%LC陽菜
%LC陽菜
「きっといまの話は、誰にも言えなくて……。\n　ずっと、胸の内に抱えてきたものなんでしょ？」%K%P
「きっといまの話は、誰にも言えなくて……。\n　ずっと、胸の内に抱えてきたものなんでしょ？」%K%P
%LC陽菜
%LC陽菜
「なら……打ち明けてくれてありがとう、だよ」%K%P
「なら……打ち明けてくれてありがとう、だよ」%K%P
%LC睦月
%LC睦月
「ん……」%K%P
「ん……」%K%P
重ねて感謝すると、つーちゃんが頬を赤らめる。%K%P
重ねて感謝すると、つーちゃんが頬を赤らめる。%K%P
口調も、微笑みも、仕草も、\nどれをとっても本当に女の子にしか見えない。%K%P
口調も、微笑みも、仕草も、\nどれをとっても本当に女の子にしか見えない。%K%P
この目で裸を見たっていうのに……あの裸のほうを、\nなにかの間違いかもって疑いたくなるレベルだ。%K%P
この目で裸を見たっていうのに……あの裸のほうを、\nなにかの間違いかもって疑いたくなるレベルだ。%K%P
とはいえ、つーちゃんが男の子だと知ったことで\n腑に落ちたことが多いのも事実だった。%K%P
とはいえ、つーちゃんが男の子だと知ったことで\n腑に落ちたことが多いのも事実だった。%K%P
例えば――、%K%P
例えば――、%K%P
%LC陽菜
%LC陽菜
「去年、{歌姫:ディーバ}を辞退した理由は、\n　歌姫が柄じゃないって言っていたけど――」%K%P
「去年、{歌姫:ディーバ}を辞退した理由は、\n　歌姫が柄じゃないって言っていたけど――」%K%P
%LC陽菜
%LC陽菜
「あれってつまり、男だから断ったってこと？」%K%P
「あれってつまり、男だから断ったってこと？」%K%P
%LC睦月
%LC睦月
「はい……。ずっと女装をしておいて、\n　なにをいまさらと思われるかもしれませんが」%K%P
「はい……。ずっと女装をしておいて、\n　なにをいまさらと思われるかもしれませんが」%K%P
%LC睦月
%LC睦月
「銀蘭における{歌姫:ディーバ}は特別なものだと、\n　この学園を薦められたときに教わったんです」%K%P
「銀蘭における{歌姫:ディーバ}は特別なものだと、\n　この学園を薦められたときに教わったんです」%K%P
%LC睦月
%LC睦月
「なので、気後れした、というか……。\n　男の僕が姫ってどうなの、というか……」%K%P
「なので、気後れした、というか……。\n　男の僕が姫ってどうなの、というか……」%K%P
%LC陽菜
%LC陽菜
「僕……？」%K%P
「僕……？」%K%P
%LC睦月
%LC睦月
「あっ……？！　あの、えっと、その……」%K%P
「あっ……？！　あの、えっと、その……」%K%P
%LC睦月
%LC睦月
「いつもは、私なんですけど……。\n　男の子の気持ちに寄ると、出ちゃうというか……」%K%P
「いつもは、私なんですけど……。\n　男の子の気持ちに寄ると、出ちゃうというか……」%K%P
%LC陽菜
%LC陽菜
「男の子の、気持ち……」%K%P
「男の子の、気持ち……」%K%P
%LC睦月
%LC睦月
「……ん」%K%P
「……ん」%K%P
思わず繰り返したオレに、\nつーちゃんが顔を赤らめてうつむく。%K%P
思わず繰り返したオレに、\nつーちゃんが顔を赤らめてうつむく。%K%P
%LC睦月
%LC睦月
「……日向くんが合唱団を辞めたあと、\n　僕、ずっと後悔していたんです」%K%P
「……日向くんが合唱団を辞めたあと、\n　僕、ずっと後悔していたんです」%K%P
%LC睦月
%LC睦月
「僕がもっと男の子の気持ちを理解していれば、\n　彼を傷つけることもなかったのに……って」%K%P
「僕がもっと男の子の気持ちを理解していれば、\n　彼を傷つけることもなかったのに……って」%K%P
%LC睦月
%LC睦月
「なので、それ以来、男らしい自分も持つように、\n　こっそりと努力をしていて……」%K%P
「なので、それ以来、男らしい自分も持つように、\n　こっそりと努力をしていて……」%K%P
%LC睦月
%LC睦月
「あっ……で、でもっ、男らしいといっても、\n　基本、いつだって心は乙女なのでっ……！」%K%P
「あっ……で、でもっ、男らしいといっても、\n　基本、いつだって心は乙女なのでっ……！」%K%P
%LC睦月
%LC睦月
「この学園に通うと決めたときも、\n　過ちは起こさないって約束しましたし！」%K%P
「この学園に通うと決めたときも、\n　過ちは起こさないって約束しましたし！」%K%P
%LC睦月
%LC睦月
「だから、その……まわりの女の子たちを、\n　えっちな目で見たことは一度もありませんっ！」%K%P
「だから、その……まわりの女の子たちを、\n　えっちな目で見たことは一度もありませんっ！」%K%P
%LC睦月
%LC睦月
「今だって杏奈さんたちとアリア合宿してますけど、\n　ラッキーだとかはちっとも思ってませんからっ」%K%P
「今だって杏奈さんたちとアリア合宿してますけど、\n　ラッキーだとかはちっとも思ってませんからっ」%K%P
%LC睦月
%LC睦月
「入浴も一人でしているし、着替えなんかも、\n　見たり見られたりしないようにしてますので！」%K%P
「入浴も一人でしているし、着替えなんかも、\n　見たり見られたりしないようにしてますので！」%K%P
%LC睦月
%LC睦月
「だから、杏奈さんたちは絶対に安全なので、\n　そこは安心してくださいっ……！！」%K%P
「だから、杏奈さんたちは絶対に安全なので、\n　そこは安心してくださいっ……！！」%K%P
うつむいてから徐々にテンポをあげて、\n最後にはまくしたてるように必死に訴える。%K%P
うつむいてから徐々にテンポをあげて、\n最後にはまくしたてるように必死に訴える。%K%P
それを聞いて、すぐに気がついた。%K%P
それを聞いて、すぐに気がついた。%K%P
つーちゃんが本当に話したかったのは、これなんだ。%K%P
つーちゃんが本当に話したかったのは、これなんだ。%K%P
僕は男だけど性的な目でまわりを見ていないので、\n陽菜さんのお友達は安全です安心してくださいって。%K%P
僕は男だけど性的な目でまわりを見ていないので、\n陽菜さんのお友達は安全です安心してくださいって。%K%P
それを、オレに伝えたくて――、%K%P
それを、オレに伝えたくて――、%K%P
%LC陽菜
%LC陽菜
「……ぷっ、くすっ、ふふっ、あははっ」%K%P
「……ぷっ、くすっ、ふふっ、あははっ」%K%P
%LC睦月
%LC睦月
「あっ、あの……陽菜、さん……？」%K%P
「あっ、あの……陽菜、さん……？」%K%P
%LC陽菜
%LC陽菜
「あっ……ごっ、ごめんね。その、睦月さんが\n　あまりにも必死すぎて、それでつい……ふふっ」%K%P
「あっ……ごっ、ごめんね。その、睦月さんが\n　あまりにも必死すぎて、それでつい……ふふっ」%K%P
%LC睦月
%LC睦月
「っ……」%K%P
「っ……」%K%P
オレの言葉に、つーちゃんが照れる。%K%P
オレの言葉に、つーちゃんが照れる。%K%P
どうしよう、つーちゃんの考えてることが、\n手に取るようにわかってしまう。%K%P
どうしよう、つーちゃんの考えてることが、\n手に取るようにわかってしまう。%K%P
それはきっと、オレも女装しているからで。%K%P
それはきっと、オレも女装しているからで。%K%P
女装してきた期間も、始めた理由も違うけど、\n男であることを隠すためにしてきた苦労は、\nきっと、オレもつーちゃんも、同じはずで。%K%P
女装してきた期間も、始めた理由も違うけど、\n男であることを隠すためにしてきた苦労は、\nきっと、オレもつーちゃんも、同じはずで。%K%P
だから、こんなにもわかってしまう。%K%P
だから、こんなにもわかってしまう。%K%P
%LC陽菜
%LC陽菜
「安心して、睦月さん。\n　あなたのこと、信じてるから」%K%P
「安心して、睦月さん。\n　あなたのこと、信じてるから」%K%P
%LC睦月
%LC睦月
「陽菜さん……」%K%P
「陽菜さん……」%K%P
%LC陽菜
%LC陽菜
「むしろ、いま大変なのは睦月さんでしょ？\n　女の子４人と同じ部屋で暮らしてるんだから」%K%P
「むしろ、いま大変なのは睦月さんでしょ？\n　女の子４人と同じ部屋で暮らしてるんだから」%K%P
%LC陽菜
%LC陽菜
「いろいろ気をつかうし、寝顔も見られちゃうし。\n　ずっと一緒じゃ、気の休まる暇がないものね」%K%P
「いろいろ気をつかうし、寝顔も見られちゃうし。\n　ずっと一緒じゃ、気の休まる暇がないものね」%K%P
%LC睦月
%LC睦月
「あっ……そうっ、そうなんですっ。\n　女の子同士だからって、みなさん無防備でっ」%K%P
「あっ……そうっ、そうなんですっ。\n　女の子同士だからって、みなさん無防備でっ」%K%P
%LC睦月
%LC睦月
「この前なんて、クレール様がお風呂上がりに、\n　バスタオルのまま部屋に戻ってきて」%K%P
「この前なんて、クレール様がお風呂上がりに、\n　バスタオルのまま部屋に戻ってきて」%K%P
%LC睦月
%LC睦月
「もちろん見ないように視線を外すんですけど、\n　それを恥じらっていると勘違いされて、\n　可愛いって言われて、抱きつかれそうになったり」%K%P
「もちろん見ないように視線を外すんですけど、\n　それを恥じらっていると勘違いされて、\n　可愛いって言われて、抱きつかれそうになったり」%K%P
すっごいわかる。わかりすぎる。%K%P
すっごいわかる。わかりすぎる。%K%P
%LC睦月
%LC睦月
「他にも、目の前で着替え始めたり……あと、\n　杏奈さんが下着の見せっこを始めたりとか」%K%P
「他にも、目の前で着替え始めたり……あと、\n　杏奈さんが下着の見せっこを始めたりとか」%K%P
%LC陽菜
%LC陽菜
「下着――」%K%P
「下着――」%K%P
そういえば以前、美実様にどんな下着か聞かれて、\nつーちゃん、自分の胸元を覗いて即答してたけど――、%K%P
そういえば以前、美実様にどんな下着か聞かれて、\nつーちゃん、自分の胸元を覗いて即答してたけど――、%K%P
%LC陽菜
%LC陽菜
「……睦月さん、下着も女物なの？」%K%P
「……睦月さん、下着も女物なの？」%K%P
%LC睦月
%LC睦月
「あっ、はい。上に関しては、\n　ブラよりもキャミのほうが多いですけど」%K%P
「あっ、はい。上に関しては、\n　ブラよりもキャミのほうが多いですけど」%K%P
%LC睦月
%LC睦月
「一人部屋とはいえ寮生活ですから。\n　そういったところから気付かれないようにって」%K%P
「一人部屋とはいえ寮生活ですから。\n　そういったところから気付かれないようにって」%K%P
さすが女装歴が長いだけあって意識が高い。%K%P
さすが女装歴が長いだけあって意識が高い。%K%P
オレはそのへん、ニナさんに言われるままだったし、\n準備なんかも、ほとんど任せっきりだったし。%K%P
オレはそのへん、ニナさんに言われるままだったし、\n準備なんかも、ほとんど任せっきりだったし。%K%P
%LC睦月
%LC睦月
「その……よければ、見ますか？　僕の下着」%K%P
「その……よければ、見ますか？　僕の下着」%K%P
……え゛？%K%P
……え゛？%K%P
%LC陽菜
%LC陽菜
「いっ……いいよいいよっ。\n　見せるとかそんなの恥ずかしいでしょ？」%K%P
「いっ……いいよいいよっ。\n　見せるとかそんなの恥ずかしいでしょ？」%K%P
%LC睦月
%LC睦月
「それはもちろん、そうですけど……。\n　それで、少しでも身の潔白になるなら」%K%P
「それはもちろん、そうですけど……。\n　それで、少しでも身の潔白になるなら」%K%P
%LC睦月
%LC睦月
「それに……陽菜さんには、すでに、\n　裸を見られてしまった、あとなので……」%K%P
「それに……陽菜さんには、すでに、\n　裸を見られてしまった、あとなので……」%K%P
%LC陽菜
%LC陽菜
「っ……」%K%P
「っ……」%K%P
だからなんでそんなに恥じらう姿が可愛いのっ！？%K%P
だからなんでそんなに恥じらう姿が可愛いのっ！？%K%P
%LC睦月
%LC睦月
「陽菜さんが、どうしてもと言うなら……」%K%P
「陽菜さんが、どうしてもと言うなら……」%K%P
%LC陽菜
%LC陽菜
「待って待って待って待って待ってっ！？」%K%P
「待って待って待って待って待ってっ！？」%K%P
とめなきゃ今にも制服に手を掛けそうで、\n慌てて止めに入る。%K%P
とめなきゃ今にも制服に手を掛けそうで、\n慌てて止めに入る。%K%P
%LC陽菜
%LC陽菜
「そんなことしなくても信じてるからっ！\n　っていうかごめん、私が変なこと聞いたせいで」%K%P
「そんなことしなくても信じてるからっ！\n　っていうかごめん、私が変なこと聞いたせいで」%K%P
%LC睦月
%LC睦月
「いえ、陽菜さんが疑問に思うのも、\n　当然のことだと思います」%K%P
「いえ、陽菜さんが疑問に思うのも、\n　当然のことだと思います」%K%P
%LC睦月
%LC睦月
「他にもなにか疑問があるなら聞いて下さい。\n　僕に答えられることなら、答えますから」%K%P
「他にもなにか疑問があるなら聞いて下さい。\n　僕に答えられることなら、答えますから」%K%P
%LC陽菜
%LC陽菜
「疑問……」%K%P
「疑問……」%K%P
それってつまり、女装している男の子に対して、\n女の子として疑問はないですか？　ってことだろう。%K%P
それってつまり、女装している男の子に対して、\n女の子として疑問はないですか？　ってことだろう。%K%P
でも、オレに疑問はない……というか、\nむしろ、さっきみたいに同意しちゃう側だし。%K%P
でも、オレに疑問はない……というか、\nむしろ、さっきみたいに同意しちゃう側だし。%K%P
……でも、そういえば、ひとつ――、%K%P
……でも、そういえば、ひとつ――、%K%P
%LC陽菜
%LC陽菜
「さっき睦月さん、この学園を薦められたって、\n　そう言ってたけど……」%K%P
「さっき睦月さん、この学園を薦められたって、\n　そう言ってたけど……」%K%P
%LC陽菜
%LC陽菜
「それって、誰に薦められたの？」%K%P
「それって、誰に薦められたの？」%K%P
%LC睦月
%LC睦月
「空木陽子さんです」%K%P
「空木陽子さんです」%K%P
%LC陽菜
%LC陽菜
「やっぱり……」%K%P
「やっぱり……」%K%P
%LC睦月
%LC睦月
「やっぱり……？」%K%P
「やっぱり……？」%K%P
%LC陽菜
%LC陽菜
「あっ……その、なんとなく、そうかもって」%K%P
「あっ……その、なんとなく、そうかもって」%K%P
心の声が口からも出てしまい、慌てて誤魔化す。%K%P
心の声が口からも出てしまい、慌てて誤魔化す。%K%P
さっきの話の流れでここを薦めたってなったら、\nそれはもう、母さん以外にはないだろうし。%K%P
さっきの話の流れでここを薦めたってなったら、\nそれはもう、母さん以外にはないだろうし。%K%P
%LC睦月
%LC睦月
「日向くんが合唱団を辞めたあとも、\n　陽子さんは、僕の面倒を見てくれたんです」%K%P
「日向くんが合唱団を辞めたあとも、\n　陽子さんは、僕の面倒を見てくれたんです」%K%P
%LC睦月
%LC睦月
「あなたの両親に任せてと約束した以上、\n　あなたがイヤと言うまで面倒を見ると言って」%K%P
「あなたの両親に任せてと約束した以上、\n　あなたがイヤと言うまで面倒を見ると言って」%K%P
%LC睦月
%LC睦月
「陽子さんがこの学園を薦めた一番の理由は、\n　声楽教育のレベルが高いから、でした」%K%P
「陽子さんがこの学園を薦めた一番の理由は、\n　声楽教育のレベルが高いから、でした」%K%P
%LC睦月
%LC睦月
「実際、入学してみて驚きました。\n　特別講師の学園長は、すごい方だったので」%K%P
「実際、入学してみて驚きました。\n　特別講師の学園長は、すごい方だったので」%K%P
%LC陽菜
%LC陽菜
「そうなんだ……」%K%P
「そうなんだ……」%K%P
ニナさんが元歌姫だってことは知ってるけど、\nオレからすると、{舞闘:カデンツァ}を作った凄い人、\nという印象のほうが、どうしても強い。%K%P
ニナさんが元歌姫だってことは知ってるけど、\nオレからすると、{舞闘:カデンツァ}を作った凄い人、\nという印象のほうが、どうしても強い。%K%P
%LC睦月
%LC睦月
「陽子さんほどの方が、自慢されてましたから。\n　私が歌を教えたのは息子以外には彼女だけだと」%K%P
「陽子さんほどの方が、自慢されてましたから。\n　私が歌を教えたのは息子以外には彼女だけだと」%K%P
%LC陽菜
%LC陽菜
「…………は？」%K%P
「…………は？」%K%P
……え？　え？　なにそれ……？%K%P
……え？　え？　なにそれ……？%K%P
%LC陽菜
%LC陽菜
「……ちょっと待って。教え子って理事長のこと？\n　ニナさんが、空木陽子の教え子ってこと？」%K%P
「……ちょっと待って。教え子って理事長のこと？\n　ニナさんが、空木陽子の教え子ってこと？」%K%P
%LC睦月
%LC睦月
「はい。そうおっしゃってました」%K%P
「はい。そうおっしゃってました」%K%P
%LC睦月
%LC睦月
「その縁もあって口利きもしやすいし、\n　私が身元を保証するからと、そう言って」%K%P
「その縁もあって口利きもしやすいし、\n　私が身元を保証するからと、そう言って」%K%P
%LC睦月
%LC睦月
「それで僕は、この学園に入学したんです」%K%P
「それで僕は、この学園に入学したんです」%K%P
%LC陽菜
%LC陽菜
「うそでしょ……」%K%P
「うそでしょ……」%K%P
%LC睦月
%LC睦月
「くすっ、本当に。嘘みたいな話ですよね。\n　男の僕が、女学園に入れてしまうだなんて」%K%P
「くすっ、本当に。嘘みたいな話ですよね。\n　男の僕が、女学園に入れてしまうだなんて」%K%P
%LC陽菜
%LC陽菜
「あっ……ああ、うん。そう、だね……」%K%P
「あっ……ああ、うん。そう、だね……」%K%P
オレの呟きを異なる解釈で理解したつーちゃんに、\n必死に動揺を抑えつつ、どうにか頷く。%K%P
オレの呟きを異なる解釈で理解したつーちゃんに、\n必死に動揺を抑えつつ、どうにか頷く。%K%P
いまの話が本当なら――いや、ここでつーちゃんが\n嘘をつく理由はないから、確実に本当だとすると。%K%P
いまの話が本当なら――いや、ここでつーちゃんが\n嘘をつく理由はないから、確実に本当だとすると。%K%P
ニナさんは、オレの母さんと知り合いってことだ。%K%P
ニナさんは、オレの母さんと知り合いってことだ。%K%P
当然、オレが空木陽子の息子だってことも、\n知っていたとして全然おかしくないし――、%K%P
当然、オレが空木陽子の息子だってことも、\n知っていたとして全然おかしくないし――、%K%P
もっというと、つーちゃんが男だってことも、\nニナさんは知っているはず――、%K%P
もっというと、つーちゃんが男だってことも、\nニナさんは知っているはず――、%K%P
%LC睦月
%LC睦月
「あの、陽菜さん。最後にひとつだけ、\n　僕のお願いを聞いてはもらえませんか？」%K%P
「あの、陽菜さん。最後にひとつだけ、\n　僕のお願いを聞いてはもらえませんか？」%K%P
%LC陽菜
%LC陽菜
「あっ、うん。……なに？」%K%P
「あっ、うん。……なに？」%K%P
%LC睦月
%LC睦月
「僕の歌を、聞いてもらえませんか？」%K%P
「僕の歌を、聞いてもらえませんか？」%K%P
%LC陽菜
%LC陽菜
「睦月さんの、歌を……？　私が？」%K%P
「睦月さんの、歌を……？　私が？」%K%P
%LC睦月
%LC睦月
「はい。本当は、歌劇アリアの舞台上で、\n　聞いてもらおうと思っていたんですが……」%K%P
「はい。本当は、歌劇アリアの舞台上で、\n　聞いてもらおうと思っていたんですが……」%K%P
%LC陽菜
%LC陽菜
「あ、そっか。私、負けちゃったから」%K%P
「あ、そっか。私、負けちゃったから」%K%P
%LC睦月
%LC睦月
「ん……」%K%P
「ん……」%K%P
あっさり、負けた、なんていうオレに対し、\nつーちゃんが気まずそうに、それでも頷く。%K%P
あっさり、負けた、なんていうオレに対し、\nつーちゃんが気まずそうに、それでも頷く。%K%P
%LC睦月
%LC睦月
「気持ちを示す、誠意を示す方法を、\n　僕なりに、色々と考えてみて……」%K%P
「気持ちを示す、誠意を示す方法を、\n　僕なりに、色々と考えてみて……」%K%P
%LC睦月
%LC睦月
「やっぱり、歌が一番じゃないかなって、\n　そう思って」%K%P
「やっぱり、歌が一番じゃないかなって、\n　そう思って」%K%P
%LC睦月
%LC睦月
「陽菜さんは、僕の秘密を知った上で、\n　それを内緒にしてくれるって言ってくれました」%K%P
「陽菜さんは、僕の秘密を知った上で、\n　それを内緒にしてくれるって言ってくれました」%K%P
%LC睦月
%LC睦月
「僕にとってそれは、初めての親友……と、\n　そういうふうに呼べる存在でもあるわけで」%K%P
「僕にとってそれは、初めての親友……と、\n　そういうふうに呼べる存在でもあるわけで」%K%P
%LC睦月
%LC睦月
「あっ、もっともそれは一方通行というか、\n　僕が勝手に思っているだけなんですけど……」%K%P
「あっ、もっともそれは一方通行というか、\n　僕が勝手に思っているだけなんですけど……」%K%P
%LC睦月
%LC睦月
「でも……聞いてもらいたいんです。\n　陽菜さんに」%K%P
「でも……聞いてもらいたいんです。\n　陽菜さんに」%K%P
%LC陽菜
%LC陽菜
「うん。喜んで」%K%P
「うん。喜んで」%K%P
そうして、つーちゃんは歌ってくれた。%K%P
そうして、つーちゃんは歌ってくれた。%K%P
オレのために、オレのためだけに、歌ってくれた。%K%P
オレのために、オレのためだけに、歌ってくれた。%K%P
その歌声は、本当に、凄くて。%K%P
その歌声は、本当に、凄くて。%K%P
かつてオレが大好きだった、幼い頃の歌声よりも、\n多彩で、奥行きがあって、心に染みて。%K%P
かつてオレが大好きだった、幼い頃の歌声よりも、\n多彩で、奥行きがあって、心に染みて。%K%P
聞いているだけで、小さな頃の出来事が、\n次々と甦ってくるぐらいで――、%K%P
聞いているだけで、小さな頃の出来事が、\n次々と甦ってくるぐらいで――、%K%P
%LC陽菜
%LC陽菜
「あぁぁ……」%K%P
「あぁぁ……」%K%P
最後まで黙って聞いていようと思ったけど、\n堪えきれずに、吐息が漏れてしまう。%K%P
最後まで黙って聞いていようと思ったけど、\n堪えきれずに、吐息が漏れてしまう。%K%P
ついこの前、夢に見た幼い日々の、\n色褪せていた記憶が、鮮やかに色づいていく。%K%P
ついこの前、夢に見た幼い日々の、\n色褪せていた記憶が、鮮やかに色づいていく。%K%P
ピアノの連弾で、間違って手が触れて、\nちょっとドキッとしたこと。%K%P
ピアノの連弾で、間違って手が触れて、\nちょっとドキッとしたこと。%K%P
でも、そんなハプニングを期待して、\nなんだかんだ、彼女の連弾に付き合ったこと。%K%P
でも、そんなハプニングを期待して、\nなんだかんだ、彼女の連弾に付き合ったこと。%K%P
あの日、弾いていた曲のことも、\n彼女と一緒によく歌った、数々の歌も。%K%P
あの日、弾いていた曲のことも、\n彼女と一緒によく歌った、数々の歌も。%K%P
『僕』から『オレ』になって、\n置き去りにしていたいくつもの記憶が、\n歌声を聞くだけで、こんなにも、鮮明に――、%K%P
『僕』から『オレ』になって、\n置き去りにしていたいくつもの記憶が、\n歌声を聞くだけで、こんなにも、鮮明に――、%K%P
%LC陽菜
%LC陽菜
「つーちゃん……」%K%P
「つーちゃん……」%K%P
我慢しきれなくなって、\n本当に小さな声で、こっそりとその名を呼んだ。%K%P
我慢しきれなくなって、\n本当に小さな声で、こっそりとその名を呼んだ。%K%P
――初恋の女の子は、実は、男の子だった。%K%P
――初恋の女の子は、実は、男の子だった。%K%P
その驚きは計り知れないものだけど、\nでも、いま感じているのは、驚きだけじゃなくて。%K%P
その驚きは計り知れないものだけど、\nでも、いま感じているのは、驚きだけじゃなくて。%K%P
彼の歌声に、後悔が芽吹く。%K%P
彼の歌声に、後悔が芽吹く。%K%P
オレも歌を続けていたら、\nこんなふうに歌えていたのだろうかって。%K%P
オレも歌を続けていたら、\nこんなふうに歌えていたのだろうかって。%K%P
彼の歌声に、憧れを抱く。%K%P
彼の歌声に、憧れを抱く。%K%P
オレもまた、こんなふうに歌いたいって。%K%P
オレもまた、こんなふうに歌いたいって。%K%P
――ああもう、母さんの狙い通りじゃないか。%K%P
――ああもう、母さんの狙い通りじゃないか。%K%P
つーちゃんの歌を聴きながら、つい、歯がみする。%K%P
つーちゃんの歌を聴きながら、つい、歯がみする。%K%P
悔しくて、嬉しくて、悔しくて、やっぱり嬉しい。%K%P
悔しくて、嬉しくて、悔しくて、やっぱり嬉しい。%K%P
だってこの歌声は、つーちゃんがオレのために、\n１０年もの間、磨き続けたものなんだから。%K%P
だってこの歌声は、つーちゃんがオレのために、\n１０年もの間、磨き続けたものなんだから。%K%P
そんなの……すごくすっごく、格好いいよ。%K%P
そんなの……すごくすっごく、格好いいよ。%K%P
歌を聞き終えたオレは、すぐに拍手をした。%K%P
歌を聞き終えたオレは、すぐに拍手をした。%K%P
想いを乗せて、たくさん、手を叩いた。%K%P
想いを乗せて、たくさん、手を叩いた。%K%P
%LC陽菜
%LC陽菜
「……ありがとう。すっごく、嬉しい」%K%P
「……ありがとう。すっごく、嬉しい」%K%P
感謝を伝えようとしたら、一瞬、息が詰まって。%K%P
感謝を伝えようとしたら、一瞬、息が詰まって。%K%P
それでも搾り出した声は、ちょっと震えていた。%K%P
それでも搾り出した声は、ちょっと震えていた。%K%P
%LC睦月
%LC睦月
「あっ、あの、えと……」%K%P
「あっ、あの、えと……」%K%P
オレの反応が予想外だったらしく、\nつーちゃんが困った感じでオロオロする。%K%P
オレの反応が予想外だったらしく、\nつーちゃんが困った感じでオロオロする。%K%P
ああもう、可愛いなぁ、ほんと。%K%P
ああもう、可愛いなぁ、ほんと。%K%P
%LC陽菜
%LC陽菜
「……ねえ、睦月さん。\n　私もひとつ、お願いしてもいい？」%K%P
「……ねえ、睦月さん。\n　私もひとつ、お願いしてもいい？」%K%P
%LC睦月
%LC睦月
「あっ、はい。もちろんです。\n　僕にできることなら、なんでも言ってください」%K%P
「あっ、はい。もちろんです。\n　僕にできることなら、なんでも言ってください」%K%P
その言葉を聞いて、思わず、笑ってしまう。%K%P
その言葉を聞いて、思わず、笑ってしまう。%K%P
ああ、オレを女装させようとしたニナさんは、\nきっとこんな気持ちだったんだろうなって。%K%P
ああ、オレを女装させようとしたニナさんは、\nきっとこんな気持ちだったんだろうなって。%K%P
だから、つーちゃんに告げた。%K%P
だから、つーちゃんに告げた。%K%P
%LC陽菜
%LC陽菜
「本当に、なんでもいいの？」%K%P
「本当に、なんでもいいの？」%K%P
――その夜、僕はまたもや眠れずにいた。%K%P
――その夜、僕はまたもや眠れずにいた。%K%P
%LC睦月
%LC睦月
「はぅ……どうして、こんなことに……」%K%P
「はぅ……どうして、こんなことに……」%K%P
合宿所のベッドに横になって、\n頭から毛布かぶって、ぼそっと呟く。%K%P
合宿所のベッドに横になって、\n頭から毛布かぶって、ぼそっと呟く。%K%P
こちらからお願いして歌を聴いてもらったら、\n陽菜さんは、ちょっと涙ぐんでいて。%K%P
こちらからお願いして歌を聴いてもらったら、\n陽菜さんは、ちょっと涙ぐんでいて。%K%P
その反応がまったくもって想定外で、\n女の子の涙に、あたふたすることしかできなくて。%K%P
その反応がまったくもって想定外で、\n女の子の涙に、あたふたすることしかできなくて。%K%P
テンパった僕に、彼女は笑って言った。%K%P
テンパった僕に、彼女は笑って言った。%K%P
%LC陽菜
%LC陽菜
「――明日の放課後、私の部屋に来てくれる？」%K%P
「――明日の放課後、私の部屋に来てくれる？」%K%P
%LC睦月
%LC睦月
「へっ……？　私の部屋……って、\n　ま、待ってくださいっ。僕、男ですよ？」%K%P
「へっ……？　私の部屋……って、\n　ま、待ってくださいっ。僕、男ですよ？」%K%P
%LC陽菜
%LC陽菜
「うん、知ってる。\n　さっき聞いたし……あと、見たし」%K%P
「うん、知ってる。\n　さっき聞いたし……あと、見たし」%K%P
%LC睦月
%LC睦月
「っ……だ、だったら、なんで」%K%P
「っ……だ、だったら、なんで」%K%P
%LC陽菜
%LC陽菜
「なんでもって言ったの、嘘だったの？\n　睦月さん、嘘つきな子？」%K%P
「なんでもって言ったの、嘘だったの？\n　睦月さん、嘘つきな子？」%K%P
%LC睦月
%LC睦月
「それはっ……」%K%P
「それはっ……」%K%P
%LC睦月
%LC睦月
「あっ……あっ、でも僕、稽古をしないとっ。\n　銀蘭祭まで、もう日もないので」%K%P
「あっ……あっ、でも僕、稽古をしないとっ。\n　銀蘭祭まで、もう日もないので」%K%P
%LC陽菜
%LC陽菜
「杏奈ちゃんに聞いたよ？\n　睦月さん、台本はもう覚えたんでしょ？」%K%P
「杏奈ちゃんに聞いたよ？\n　睦月さん、台本はもう覚えたんでしょ？」%K%P
%LC睦月
%LC睦月
「ぐっ……」%K%P
「ぐっ……」%K%P
%LC陽菜
%LC陽菜
「念のため、一日稽古をお休みするって、\n　私から杏奈ちゃんたちに説明しておくから」%K%P
「念のため、一日稽古をお休みするって、\n　私から杏奈ちゃんたちに説明しておくから」%K%P
%LC陽菜
%LC陽菜
「それじゃあ、明日、よろしくね？」%K%P
「それじゃあ、明日、よろしくね？」%K%P
%LC睦月
%LC睦月
「あっ……」%K%P
「あっ……」%K%P
放課後のことを思い出し、\n被った毛布の中で、じたばたしてしまう。%K%P
放課後のことを思い出し、\n被った毛布の中で、じたばたしてしまう。%K%P
いったい、なにを考えているんだろう。%K%P
いったい、なにを考えているんだろう。%K%P
そもそも彼女は、僕が男だと打ち明けても、\nまるで動じることはなかった。%K%P
そもそも彼女は、僕が男だと打ち明けても、\nまるで動じることはなかった。%K%P
裸を見られてしまったときだって、\n驚きこそすれ、あまり慌ててなかったし。%K%P
裸を見られてしまったときだって、\n驚きこそすれ、あまり慌ててなかったし。%K%P
なんていうか、見慣れてる、みたいな感じで。%K%P
なんていうか、見慣れてる、みたいな感じで。%K%P
だとしたら……実は、経験豊富、とか？%K%P
だとしたら……実は、経験豊富、とか？%K%P
海外留学をしていたというし、\nそのときに、いろいろあったり、とか……。%K%P
海外留学をしていたというし、\nそのときに、いろいろあったり、とか……。%K%P
%LC睦月
%LC睦月
「いやいや、彼女に限って、そんな……」%K%P
「いやいや、彼女に限って、そんな……」%K%P
思わず声が漏れてしまったあと、\nそんな自分の呟きに、心の中で突っ込む。%K%P
思わず声が漏れてしまったあと、\nそんな自分の呟きに、心の中で突っ込む。%K%P
おまえは一体、彼女の何を知ってるんだって。%K%P
おまえは一体、彼女の何を知ってるんだって。%K%P
陽菜さんは１ヶ月ぐらい前にノーブルに\n編入してきたばかりの指南役補佐代理で。%K%P
陽菜さんは１ヶ月ぐらい前にノーブルに\n編入してきたばかりの指南役補佐代理で。%K%P
センシブルの僕とはほとんど接点がなくて、\n話した回数だって、それほど多くなくて。%K%P
センシブルの僕とはほとんど接点がなくて、\n話した回数だって、それほど多くなくて。%K%P
……でも、不思議と、気になる存在で。%K%P
……でも、不思議と、気になる存在で。%K%P
%LC睦月
%LC睦月
「明日、なにをするつもりなんだろう……」%K%P
「明日、なにをするつもりなんだろう……」%K%P
彼女は僕が男だってことを知ってる。%K%P
彼女は僕が男だってことを知ってる。%K%P
知っているのに、自分の部屋に呼び出すなんて。%K%P
知っているのに、自分の部屋に呼び出すなんて。%K%P
必死に弁明したから、完全に人畜無害の、\n草食系野郎だと思われているかもしれないけど。%K%P
必死に弁明したから、完全に人畜無害の、\n草食系野郎だと思われているかもしれないけど。%K%P
でも、それにしたって、\n女の子が自分の部屋に男を招く、なんて……。%K%P
でも、それにしたって、\n女の子が自分の部屋に男を招く、なんて……。%K%P
%LC睦月
%LC睦月
「……うぅ……」%K%P
「……うぅ……」%K%P
いろいろ想像してしまって、\nその想像の数々に、思わず呻く。%K%P
いろいろ想像してしまって、\nその想像の数々に、思わず呻く。%K%P
……でも、彼女は僕を信じてくれた。%K%P
……でも、彼女は僕を信じてくれた。%K%P
僕の歌を聴いて、涙ぐんでくれた。%K%P
僕の歌を聴いて、涙ぐんでくれた。%K%P
だから、なにも不安に思うことはないはずだ。%K%P
だから、なにも不安に思うことはないはずだ。%K%P
……ないよね？　ね？%K%P
……ないよね？　ね？%K%P
