睦月と秘密を共有し、様々なことに納得し、\n心が軽やかになった翌日の昼休み。%K%P
睦月と秘密を共有し、様々なことに納得し、\n心が軽やかになった翌日の昼休み。%K%P
今日はなにを食べよう、なんて思いながら\n食堂にやってきたら、睦月の姿を見つけた。%K%P
今日はなにを食べよう、なんて思いながら\n食堂にやってきたら、睦月の姿を見つけた。%K%P
%LC陽菜
%LC陽菜
「ごきげんよう、睦月」%K%P
「ごきげんよう、睦月」%K%P
%LC睦月
%LC睦月
「ごきげんよう。陽菜も今からお昼？」%K%P
「ごきげんよう。陽菜も今からお昼？」%K%P
%LC陽菜
%LC陽菜
「うん。よかったら一緒に食べない？」%K%P
「うん。よかったら一緒に食べない？」%K%P
%LC睦月
%LC睦月
「喜んで。席、私の隣でいい？」%K%P
「喜んで。席、私の隣でいい？」%K%P
%LC陽菜
%LC陽菜
「ありがとう。急いで料理とってくるね」%K%P
「ありがとう。急いで料理とってくるね」%K%P
%LC睦月
%LC睦月
「慌てなくていいよ。\n　隣、陽菜のために空けておくから」%K%P
「慌てなくていいよ。\n　隣、陽菜のために空けておくから」%K%P
%LC陽菜
%LC陽菜
「なに、その……スープ？\n　そんなメニューあったっけ？」%K%P
「なに、その……スープ？\n　そんなメニューあったっけ？」%K%P
%LC睦月
%LC睦月
「これは{歌姫:ディーバ}の私のために、\n　調理師さんが作ってくれてるスープだよ」%K%P
「これは{歌姫:ディーバ}の私のために、\n　調理師さんが作ってくれてるスープだよ」%K%P
%LC睦月
%LC睦月
「蓮根湯っていって、咽にいいの。\n　興味があるなら、一口飲んでみる？」%K%P
「蓮根湯っていって、咽にいいの。\n　興味があるなら、一口飲んでみる？」%K%P
%LC陽菜
%LC陽菜
「じゃあ、お言葉に甘えて――」%K%P
「じゃあ、お言葉に甘えて――」%K%P
%LC陽菜
%LC陽菜
「ん……けっこうトロっとしてる。\n　でも、わりと美味しいかも」%K%P
「ん……けっこうトロっとしてる。\n　でも、わりと美味しいかも」%K%P
%LC睦月
%LC睦月
「もし気に入ったなら、私からお願いして、\n　陽菜の分も用意してもらおうか？」%K%P
「もし気に入ったなら、私からお願いして、\n　陽菜の分も用意してもらおうか？」%K%P
%LC睦月
%LC睦月
「こういうのはひとつもふたつも変わらないって、\n　前に言ってくれたことがあるから」%K%P
「こういうのはひとつもふたつも変わらないって、\n　前に言ってくれたことがあるから」%K%P
%LC陽菜
%LC陽菜
「あっ、なら、お願いしようかな」%K%P
「あっ、なら、お願いしようかな」%K%P
なんて、そんな会話をしながら、お昼を食べる。%K%P
なんて、そんな会話をしながら、お昼を食べる。%K%P
お互いの秘めごとを知り、口調が砕けたことで、\n前よりもすごく気安くなって、話しやすくて。%K%P
お互いの秘めごとを知り、口調が砕けたことで、\n前よりもすごく気安くなって、話しやすくて。%K%P
睦月の隣が、すごく心地良い。%K%P
睦月の隣が、すごく心地良い。%K%P
学園内でここまで気が休まる場所って、\n女装生活開始以来、初めてかもしれない。%K%P
学園内でここまで気が休まる場所って、\n女装生活開始以来、初めてかもしれない。%K%P
で、昼食を終えて教室に戻ったら、\n杏奈ちゃんがロケットみたいに飛んできた。%K%P
で、昼食を終えて教室に戻ったら、\n杏奈ちゃんがロケットみたいに飛んできた。%K%P
%LC杏奈
%LC杏奈
「陽菜ちゃんどういうことっ？！\n　睦月ちゃんと付き合ってるって本当なのっ？！」%K%P
「陽菜ちゃんどういうことっ？！\n　睦月ちゃんと付き合ってるって本当なのっ？！」%K%P
%LC陽菜
%LC陽菜
「……へ？」%K%P
「……へ？」%K%P
%LC杏奈
%LC杏奈
「学園中その話題で持ちきりなんだよっ？\n　知らないとは言わせないんだからねっ？！」%K%P
「学園中その話題で持ちきりなんだよっ？\n　知らないとは言わせないんだからねっ？！」%K%P
%LC杏奈
%LC杏奈
「この前のお昼休みは、神妙な雰囲気で\n　睦月ちゃんから陽菜ちゃんを呼び出して、\n　そのまま放課後は二人でどこかに消えちゃって」%K%P
「この前のお昼休みは、神妙な雰囲気で\n　睦月ちゃんから陽菜ちゃんを呼び出して、\n　そのまま放課後は二人でどこかに消えちゃって」%K%P
%LC杏奈
%LC杏奈
「昨日なんて、そもそも放課後になるなり、\n　睦月ちゃんも陽菜ちゃんも姿が見えなくなって」%K%P
「昨日なんて、そもそも放課後になるなり、\n　睦月ちゃんも陽菜ちゃんも姿が見えなくなって」%K%P
%LC杏奈
%LC杏奈
「そしたら、学園長から合宿所に、睦月ちゃんは\n　職員寮でご飯食べてるからって連絡があって！」%K%P
「そしたら、学園長から合宿所に、睦月ちゃんは\n　職員寮でご飯食べてるからって連絡があって！」%K%P
%LC杏奈
%LC杏奈
「しかも！　そのあとふたり揃って、\n　合宿所に朝帰りならぬ夜帰りだしっ！」%K%P
「しかも！　そのあとふたり揃って、\n　合宿所に朝帰りならぬ夜帰りだしっ！」%K%P
%LC杏奈
%LC杏奈
「極めつけは、さっきのお昼ご飯だよっ！\n　なんか急にお互い呼び捨てになってるしっ！」%K%P
「極めつけは、さっきのお昼ご飯だよっ！\n　なんか急にお互い呼び捨てになってるしっ！」%K%P
%LC杏奈
%LC杏奈
%XS21「こんなのもう付き合ってるしかないじゃん！」%XE%K%P
%XS21「こんなのもう付き合ってるしかないじゃん！」%XE%K%P
%LC陽菜
%LC陽菜
「あー……」%K%P
「あー……」%K%P
まくしたてるような杏奈ちゃんの言葉を聞いて、\n他人事のように、確かに……なんて納得する。%K%P
まくしたてるような杏奈ちゃんの言葉を聞いて、\n他人事のように、確かに……なんて納得する。%K%P
ここ数日のオレと睦月の行動は、端から見た場合、\nそれはもう逢瀬を重ねているようにしか見えない。%K%P
ここ数日のオレと睦月の行動は、端から見た場合、\nそれはもう逢瀬を重ねているようにしか見えない。%K%P
%LC陽菜
%LC陽菜
「あれは、えっと……」%K%P
「あれは、えっと……」%K%P
%LC杏奈
%LC杏奈
「えっと？　なに？」%K%P
「えっと？　なに？」%K%P
%LC陽菜
%LC陽菜
「……ノーコメントで」%K%P
「……ノーコメントで」%K%P
%LC杏奈
%LC杏奈
「なにそれっ！？\n　そんな説明じゃ民衆は納得しないよっ！？」%K%P
「なにそれっ！？\n　そんな説明じゃ民衆は納得しないよっ！？」%K%P
%LC陽菜
%LC陽菜
「あうっ……と、とにかくっ、\n　付き合ってるわけじゃないからっ」%K%P
「あうっ……と、とにかくっ、\n　付き合ってるわけじゃないからっ」%K%P
%LC陽菜
%LC陽菜
「これ以上はプライベートなことだから、\n　たとえお隣さんであっても言えませんっ！」%K%P
「これ以上はプライベートなことだから、\n　たとえお隣さんであっても言えませんっ！」%K%P
%LC陽菜
%LC陽菜
「――と、いうことがあって……。\n　教室に居づらくなっちゃって」%K%P
「――と、いうことがあって……。\n　教室に居づらくなっちゃって」%K%P
%LC睦月
%LC睦月
「で、ここに逃げてきたと」%K%P
「で、ここに逃げてきたと」%K%P
%LC陽菜
%LC陽菜
「うん……」%K%P
「うん……」%K%P
放課後、杏奈ちゃんは歌劇アリアの稽古があると、\nなんとも口惜しそうにテアトルに向かった。%K%P
放課後、杏奈ちゃんは歌劇アリアの稽古があると、\nなんとも口惜しそうにテアトルに向かった。%K%P
とはいえ、学園中の噂、という言葉は伊達じゃなく、\nクラスメートのみんなは、いますぐにでも、\n根掘り葉掘りしたそうな視線でこっちを見ていて。%K%P
とはいえ、学園中の噂、という言葉は伊達じゃなく、\nクラスメートのみんなは、いますぐにでも、\n根掘り葉掘りしたそうな視線でこっちを見ていて。%K%P
それに耐えきれなくなって、\nこうして睦月のところに逃げてきたのだ。%K%P
それに耐えきれなくなって、\nこうして睦月のところに逃げてきたのだ。%K%P
%LC睦月
%LC睦月
「銀蘭祭の準備、サボったってこと？」%K%P
「銀蘭祭の準備、サボったってこと？」%K%P
%LC陽菜
%LC陽菜
「あっ、それなら……ほら、これ」%K%P
「あっ、それなら……ほら、これ」%K%P
%LC睦月
%LC睦月
「それって……お菓子？\n　もしかして、また味見？」%K%P
「それって……お菓子？\n　もしかして、また味見？」%K%P
%LC陽菜
%LC陽菜
「うん。またお願いって、頼まれて。\n　おかげで教室を抜け出してこれたんだ」%K%P
「うん。またお願いって、頼まれて。\n　おかげで教室を抜け出してこれたんだ」%K%P
%LC睦月
%LC睦月
「むぅ……。陽菜ってほんと、\n　素直というか、純朴というか……」%K%P
「むぅ……。陽菜ってほんと、\n　素直というか、純朴というか……」%K%P
%LC陽菜
%LC陽菜
「なっ、なんだよ？　それ」%K%P
「なっ、なんだよ？　それ」%K%P
%LC睦月
%LC睦月
「お菓子の味見を頼めば、当然、陽菜はそれを\n　僕たちのところへ届けるわけでしょ？」%K%P
「お菓子の味見を頼めば、当然、陽菜はそれを\n　僕たちのところへ届けるわけでしょ？」%K%P
%LC睦月
%LC睦月
「たぶん、後をつけられたんじゃない？\n　この教室に入るところも見られたと思う」%K%P
「たぶん、後をつけられたんじゃない？\n　この教室に入るところも見られたと思う」%K%P
%LC睦月
%LC睦月
「この教室は{歌姫:ディーバ}が練習に使うって、\n　みんな知ってるわけで――」%K%P
「この教室は{歌姫:ディーバ}が練習に使うって、\n　みんな知ってるわけで――」%K%P
%LC陽菜
%LC陽菜
「あっ……ああっ、ああああ……」%K%P
「あっ……ああっ、ああああ……」%K%P
つまり、オレと睦月は放課後にこっそり、\n二人きりで会う関係だって思われたわけか……。%K%P
つまり、オレと睦月は放課後にこっそり、\n二人きりで会う関係だって思われたわけか……。%K%P
%LC陽菜
%LC陽菜
「……睦月は、大丈夫だったの？\n　クラスメートにあれこれ聞かれたりとか」%K%P
「……睦月は、大丈夫だったの？\n　クラスメートにあれこれ聞かれたりとか」%K%P
%LC睦月
%LC睦月
「もちろん聞かれたよ？　\n　でも、こうなることはわかっていたし」%K%P
「もちろん聞かれたよ？　\n　でも、こうなることはわかっていたし」%K%P
%LC陽菜
%LC陽菜
「わかってた……？」%K%P
「わかってた……？」%K%P
%LC睦月
%LC睦月
「杏奈さんの言うとおり、ここ数日の\n　僕たちの行動って、端から見たら親密すぎるもの」%K%P
「杏奈さんの言うとおり、ここ数日の\n　僕たちの行動って、端から見たら親密すぎるもの」%K%P
%LC睦月
%LC睦月
「それにくわえて、いきなり呼び捨てでしょ？\n　そんなの、交際宣言してるも同じだから」%K%P
「それにくわえて、いきなり呼び捨てでしょ？\n　そんなの、交際宣言してるも同じだから」%K%P
%LC睦月
%LC睦月
「もしかしたらこのお菓子も、\n　交際おめでとうって意味だったりして」%K%P
「もしかしたらこのお菓子も、\n　交際おめでとうって意味だったりして」%K%P
%LC陽菜
%LC陽菜
「そんな……」%K%P
「そんな……」%K%P
%LC睦月
%LC睦月
「僕、昨日ちゃんと忠告したでしょ？\n　どうなってもしらないよ、って」%K%P
「僕、昨日ちゃんと忠告したでしょ？\n　どうなってもしらないよ、って」%K%P
%LC陽菜
%LC陽菜
「あ……」%K%P
「あ……」%K%P
そうだ、確かに言ってた。そんなことを――、%K%P
そうだ、確かに言ってた。そんなことを――、%K%P
%LC睦月
%LC睦月
「陽菜は女の子を甘く見過ぎ。\n　すごいんだよ？　乙女のパワーって」%K%P
「陽菜は女の子を甘く見過ぎ。\n　すごいんだよ？　乙女のパワーって」%K%P
%LC陽菜
%LC陽菜
「うん……。すごかった……」%K%P
「うん……。すごかった……」%K%P
睦月の言葉に、頷く他ない。%K%P
睦月の言葉に、頷く他ない。%K%P
さすがは生まれたときから女の子として\n過ごしてきただけのことはある。%K%P
さすがは生まれたときから女の子として\n過ごしてきただけのことはある。%K%P
%LC陽菜
%LC陽菜
「けど、これからどうしよう……」%K%P
「けど、これからどうしよう……」%K%P
編入したばかりの頃も思ったことだけど、\n注目が集まると、当然、女装バレの可能性も高まる。%K%P
編入したばかりの頃も思ったことだけど、\n注目が集まると、当然、女装バレの可能性も高まる。%K%P
まして、今回は二人一緒に注目を浴びてしまって、\nそのどちらも、女装しているわけで。%K%P
まして、今回は二人一緒に注目を浴びてしまって、\nそのどちらも、女装しているわけで。%K%P
万が一、銀蘭祭の目前、あるいはその最中に、\n{歌姫:ディーバ}が男の子だとバレてしまったら――、%K%P
万が一、銀蘭祭の目前、あるいはその最中に、\n{歌姫:ディーバ}が男の子だとバレてしまったら――、%K%P
%LC陽菜
%LC陽菜
「……ごめん、睦月。オレのせいで」%K%P
「……ごめん、睦月。オレのせいで」%K%P
%LC睦月
%LC睦月
「謝らないでってば。\n　陽菜は悪いことしてないんだし」%K%P
「謝らないでってば。\n　陽菜は悪いことしてないんだし」%K%P
%LC睦月
%LC睦月
「こうなった以上、どうしようもないと思うよ。\n　いま否定しても逆効果だと思うし」%K%P
「こうなった以上、どうしようもないと思うよ。\n　いま否定しても逆効果だと思うし」%K%P
%LC陽菜
%LC陽菜
「黙秘するしかないってこと？」%K%P
「黙秘するしかないってこと？」%K%P
%LC睦月
%LC睦月
「それが一番じゃないかな。\n　それに、僕は別に困らないし」%K%P
「それが一番じゃないかな。\n　それに、僕は別に困らないし」%K%P
%LC陽菜
%LC陽菜
「なんでさっ」%K%P
「なんでさっ」%K%P
%LC睦月
%LC睦月
「陽菜のこと、好きだもの」%K%P
「陽菜のこと、好きだもの」%K%P
%LC陽菜
%LC陽菜
%XS21「睦月っ！！」%XE%K%P
%XS21「睦月っ！！」%XE%K%P
%LC睦月
%LC睦月
「あははっ。でも、なにか方法があるとしたら、\n　思いつくのはあの人ぐらいじゃない？」%K%P
「あははっ。でも、なにか方法があるとしたら、\n　思いつくのはあの人ぐらいじゃない？」%K%P
%LC陽菜
%LC陽菜
「あの人？」%K%P
「あの人？」%K%P
%LC睦月
%LC睦月
「うん。僕たちの事情を知っていて、\n　誰よりも、こういうことの対処が上手い人」%K%P
「うん。僕たちの事情を知っていて、\n　誰よりも、こういうことの対処が上手い人」%K%P
%LC睦月
%LC睦月
「寮に帰ったら、思い切って相談してみたら？」%K%P
「寮に帰ったら、思い切って相談してみたら？」%K%P
というわけで、職員寮に帰ったあと、\nニナさんに事情を伝えてみたら。%K%P
というわけで、職員寮に帰ったあと、\nニナさんに事情を伝えてみたら。%K%P
%LCニナ
%LCニナ
「任せて。それなら良い方法があるわよ」%K%P
「任せて。それなら良い方法があるわよ」%K%P
ニナさんは、こともなげにそう言った。%K%P
ニナさんは、こともなげにそう言った。%K%P
%LCニナ
%LCニナ
「つまりヒナちゃんは、睦月ちゃんとの関係が、\n　清い交際ですって発表したいわけよね？」%K%P
「つまりヒナちゃんは、睦月ちゃんとの関係が、\n　清い交際ですって発表したいわけよね？」%K%P
%LC陽菜
%LC陽菜
「交際疑惑自体を否定したいんですっ」%K%P
「交際疑惑自体を否定したいんですっ」%K%P
%LCニナ
%LCニナ
「あらもったいない」%K%P
「あらもったいない」%K%P
%LC陽菜
%LC陽菜
%XS21「ニナさんっ」%XE%K%P
%XS21「ニナさんっ」%XE%K%P
%LCニナ
%LCニナ
「うふふっ。でも、気持ちはよくわかるわ。\n　ゴシップが広まってしまうのは困るものね」%K%P
「うふふっ。でも、気持ちはよくわかるわ。\n　ゴシップが広まってしまうのは困るものね」%K%P
%LCニナ
%LCニナ
「とくに、今回のような興味本位な噂って、\n　あることないこと尾ヒレがついてしまうし……」%K%P
「とくに、今回のような興味本位な噂って、\n　あることないこと尾ヒレがついてしまうし……」%K%P
%LCニナ
%LCニナ
「その結果、あなたたちの秘密がバレてしまう……、\n　と言う可能性も、ゼロではないもの」%K%P
「その結果、あなたたちの秘密がバレてしまう……、\n　と言う可能性も、ゼロではないもの」%K%P
%LCニナ
%LCニナ
「と、いうわけで。\n　ここは、お決まりの台詞をひとつ」%K%P
「と、いうわけで。\n　ここは、お決まりの台詞をひとつ」%K%P
%LCニナ
%LCニナ
「こんなこともあろうかと、\n　陽菜ちゃんにあるものを用意しておいたの」%K%P
「こんなこともあろうかと、\n　陽菜ちゃんにあるものを用意しておいたの」%K%P
%LC陽菜
%LC陽菜
「あるもの？」%K%P
「あるもの？」%K%P
%LCニナ
%LCニナ
「私、日曜に用があるって出掛けたでしょ？」%K%P
「私、日曜に用があるって出掛けたでしょ？」%K%P
%LCニナ
%LCニナ
「そのとき知り合いのお店で頼んだものが、\n　ちょうど今日、出来上がって、さっき届いたの」%K%P
「そのとき知り合いのお店で頼んだものが、\n　ちょうど今日、出来上がって、さっき届いたの」%K%P
%LC陽菜
%LC陽菜
「ひょっとして、それですか？」%K%P
「ひょっとして、それですか？」%K%P
職員寮に帰ってきたときから、\n見慣れない箱があってずっと気になっていた。%K%P
職員寮に帰ってきたときから、\n見慣れない箱があってずっと気になっていた。%K%P
%LCニナ
%LCニナ
「そう。中身は……こちらっ！」%K%P
「そう。中身は……こちらっ！」%K%P
そうしてニナさんが箱を開封すると、\n中に入っていたのは――、%K%P
そうしてニナさんが箱を開封すると、\n中に入っていたのは――、%K%P
%LC陽菜
%LC陽菜
%XS21「なっ……こ、これ、なんですかこれっ？！」%XE%K%P
%XS21「なっ……こ、これ、なんですかこれっ？！」%XE%K%P
%LCニナ
%LCニナ
「なにって、この状況を打開できちゃう、\n　とっておきの秘策よ？」%K%P
「なにって、この状況を打開できちゃう、\n　とっておきの秘策よ？」%K%P
%LCニナ
%LCニナ
「あなたには、これを着てもらうから。\n　いいわね？　陽菜ちゃん」%K%P
「あなたには、これを着てもらうから。\n　いいわね？　陽菜ちゃん」%K%P
