そうして職員寮に帰ると、そこにはまさかの人物が。%K%P
当我回到宿舍时，我看到一个"不该在这"的人。%K%P
%LC睦月
%LC睦月
「陽菜さん、ごきげんよう」%K%P
「阳菜同学，贵安」%K%P
%LC陽菜
%LC阳菜
「えっ……睦月、さん？\n　どうして、睦月さんがここに……？」%K%P
「诶……睦月，同学？\n　为什么，睦月同学会在这……？」%K%P
%LCニナ
%LC妮娜
「私がお招きしたのよ」%K%P
「我把她叫来的哦」%K%P
%LC陽菜
%LC阳菜
「に……理事長が、ですか？」%K%P
「妮……理事长，叫的呀？」%K%P
%LCニナ
%LC妮娜
「そう。それと、ここは職員寮だし。\n　普段通りで構わないわよ？　ヒナちゃん」%K%P
「对。还有，这里是职员宿舍。\n　跟平常一样也没关系哦。阳菜酱（日向酱）」%K%P
%LC陽菜
%LC阳菜
「あっ、はい。でも、どうして」%K%P
「啊，好的。不过，为什么」%K%P
%LCニナ
%LC妮娜
「さっきテアトルで発表したでしょ？\n　今年の{歌姫:ディーバ}は睦月ちゃんだって」%K%P
「我刚才不是在剧院里公布了嘛？\n　今年的{歌姫:Diva}是睦月酱」%K%P
%LCニナ
%LC妮娜
「だから、そのことで色々と……まあ、\n　身も蓋もない言い方をしちゃうと業務連絡ね」%K%P
「所以，因为要做的事很多……嘛，\n　虽然说得有点没头没脑，算是"业务联络"吧」%K%P
%LCニナ
%LC妮娜
「今後のスケジュールとか、\n　そういうことをお伝えしていたわけ」%K%P
「只是和她聊一下，\n　今后的日程安排什么的」%K%P
%LC陽菜
%LC阳菜
「なんだ……。そうだったんですね」%K%P
「什么嘛……原来是这样啊」%K%P
帰宅したら、ついさっき思い描いた相手がいて、\n思わず固まってしまったけど。%K%P
刚刚回到家时，看到自己心心念念的人就在这，\n不由得僵住了。%K%P
理由を聞いて、納得――、%K%P
听了理由之后，理解了——%K%P
%LC陽菜
%LC阳菜
「……あの、どうして{職員寮:ここ}でお話を？\n　そういうことなら、校舎でも良かったんじゃ」%K%P
「……那个，为什么要在{职员宿舍:这里}聊呢？\n　如果是这种事的话，在教学楼里也不错呀」%K%P
%LCニナ
%LC妮娜
「ああ、うん。それはそうなんだけど。\n　個人的にもちょっとお話したいことがあって」%K%P
「啊啊，嗯。确实可以这么说。\n　但其实，也是我个人有些话想跟她谈谈」%K%P
%LC陽菜
%LC阳菜
「あっ……すみません。\n　立ち入ったことを聞いて」%K%P
「啊……对不起。\n　是我先入为主了」%K%P
%LCニナ
%LC妮娜
「いいのよ。寮に帰って職員以外がいたら、\n　ヒナちゃんだって驚くものね」%K%P
「没事的哦。回到宿舍发现有职员以外的人在，\n　就算是阳菜酱也会感到惊讶的捏」%K%P
%LCニナ
%LC妮娜
「いつもは帰ってくるなり制服のリボンを緩めて、\n　ソファーにごろんとしちゃうし」%K%P
「平时一回家就会解开制服上的领结，\n　一屁股坐在沙发上呢」%K%P
%LC睦月
%LC睦月
「まあ、そうなんですか？」%K%P
「嘛，是这样吗？」%K%P
%LC陽菜
%LC阳菜
「そんなのしたことないですっ。\n　っていうか睦月さんも信じないで」%K%P
「我可没做过那种事啊。\n　对了，睦月同学你可别信哦」%K%P
%LC睦月
%LC睦月
「あっ……すみません、つい」%K%P
「啊……对不起，刚刚还真就……」%K%P
%LCニナ
%LC妮娜
「うふふっ。まあ、ヒナちゃんの言いたいことは、\n　つまりはそういうことでしょ？」%K%P
「唔呼呼。嘛，阳菜酱你想说的，\n　其实是这个意思吧？」%K%P
%LCニナ
%LC妮娜
「気が緩んでるところ、見られたくないものね」%K%P
「"我可不想让别人，看到我松懈的样子呢"」%K%P
%LC陽菜
%LC阳菜
「まあ、はい。……だいぶ曲解してますけど」%K%P
「嘛，确实……我曲解了你的意思」%K%P
職員寮でオレと暮らしているニナさんと姉さんは、\nどちらもオレが男だと知っている。%K%P
和我一起住在职员宿舍的妮娜姐和姐姐，\n都知道我是男的。%K%P
だから、無用なトラブルを避けるために、\nここに人を招くようなことは滅多にしない。%K%P
所以，为了避免不必要的麻烦，\n很少邀请别人来这里。%K%P
そんな中、いきなりつーちゃんがいたので、\nそれに驚いてしまった、という話なのだ。%K%P
在这样的情况下，睦酱突然来了，\n说实话，这让我吓了一跳。%K%P
わざわざ招いたってことは、\nよほどプライベートな話ってことだろう。%K%P
特意邀请她来，\n说明是很私人的话题吧。%K%P
%LC睦月
%LC睦月
「あの……私、お邪魔でしたか？」%K%P
「那个……我是不是，打扰你们了？」%K%P
%LC陽菜
%LC阳菜
「ううん、そんなことないよ。\n　職員寮に人がくるのは珍しいってだけ」%K%P
「没有没有，这怎么会呢。\n　我只是说职员宿舍很少有别人来」%K%P
%LC陽菜
%LC阳菜
「お話の邪魔をしてはいけないので、\n　私は部屋に行ってますね」%K%P
「不打扰你们聊了哦，\n　我先回房间了」%K%P
%LC陽菜
%LC阳菜
「睦月さんも、ゆっくりしていって」%K%P
「睦月同学也是，当成自己家里就好」%K%P
%LC陽菜
%LC阳菜
「ふぅ、びっくりした……」%K%P
「呼，吓死我了……」%K%P
部屋に戻り、ドアをきちんと閉めた後、\nそのままベッドにぽすんと座る。%K%P
我回到房间，把门关好后，\n就那样坐到了床上。%K%P
まさか、つーちゃんが来ているなんて……。%K%P
没想到睦酱会来这里……%K%P
%LC陽菜
%LC阳菜
「{歌姫:ディーバ}としての業務連絡、か……。\n　スコアを渡したりとかかな……？」%K%P
「和{歌姫:Diva}的"业务联络"，吗……\n　是把合奏乐谱交给她吗……？」%K%P
銀蘭祭まで、あと２週間。%K%P
距离银兰祭还有2周。%K%P
歌う楽曲数にもよるだろうけど、\nいまから仕上げていくとなると大変そうだ。%K%P
应该和要演唱的乐曲数目也有关系吧，\n要是现在才开始搞的话，好像挺辛苦的。\n（一场音乐剧至少需要2首歌，而且都要贴合剧情）%K%P
そもそも歌劇アリアはミュージカルだというし、\nとなると、お芝居もしたりするんだろうし――、%K%P
歌剧咏叹调本来就是音乐剧，\n这样的话，肯定要上台演唱的——%K%P
%LC陽菜
%LC阳菜
「でも、彼女なら出来ちゃうんだろうな……」%K%P
「不过，她的话，应该能做到吧……」%K%P
脳裏に、幼い頃の記憶が甦る。%K%P
幼时的记忆，在脑海中复苏了。%K%P
オレが姉さんから剣術を習うよりも前――、\n自分のことをまだ、僕、って言っていた頃の記憶。%K%P
在我跟姐姐学剑术之前——\n还是称自己为"僕"的时候。%K%P
合唱団に所属していた時代の、いくつもの思い出。%K%P
参加合唱团时的许多回忆，慢慢回忆起来了。%K%P
%LC陽菜
%LC阳菜
「つーちゃんとは何度も一緒に、\n　ステージに立ったっけ……」%K%P
「之前经常和睦酱一起，\n　站在舞台上呢……」%K%P
オレが所属していた合唱団は結構有名で、\n依頼を受けて公演する、なんてこともよくあった。%K%P
我当时所在的合唱团很有名，\n经常受人委托去演出。%K%P
基本的には合唱曲がメインだけど、それ以外にも、\n数人が代表してソロを披露することもあって。%K%P
基本上是以合唱曲为主，除此之外，\n也会有几个人作为代表表演solo（独奏）的。%K%P
そんなときに、よく……というか、\n毎回選ばれていたのが、オレと彼女だった。%K%P
这种时候，大多数……应该说，\n每次被选中的都是我和她。%K%P
%LC陽菜
%LC阳菜
「ほんと、すごかったよなぁ、つーちゃん……」%K%P
「真的很厉害啊，睦酱……」%K%P
物が違う、なんて表現があったりするけど、\n彼女はまさにそれだった。%K%P
人们常云"物是人非，难得初心"，\n但她却始终如一。%K%P
幼少期のオレは、オペラ歌手の母の影響もあって、\n歌うのは好きだったし、密かに自信もあった。%K%P
小时候的我，受歌剧歌手的母亲影响，\n很喜欢唱歌，暗地里也很有自信。%K%P
けど、彼女の歌を初めて聞いたとき、\nその自信は見事に打ち砕かれた。%K%P
但是，第一次听到她的歌时，\n那种自信被彻底摧毁了。%K%P
いまにして思えば、そのときのショックが、\n初恋のトリガーだったりするのかもしれない。%K%P
现在回想起来，当时的那种打击，\n或许就是初恋的"触发要素"吧。%K%P
こんなにすごい子がいるんだ……って衝撃は、\n一目惚れと似たような感覚だったのかも。%K%P
"竟然有这么厉害的人"……这种冲击，\n和一见钟情是差不多的感觉。%K%P
%LC陽菜
%LC阳菜
「しかも彼女の場合、\n　上手いのは歌だけじゃないんだよね……」%K%P
「而且她擅长的，\n　不只是唱歌呢……」%K%P
オレの音楽関連の才能――相性のいい分野は、\n基本的に歌うことだけで、歌唱力一点突破だった。%K%P
我在音乐的相关才能——或者说和我投缘的领域，\n基本上只有唱歌，仅在歌唱方面有造诣。%K%P
けど、つーちゃんの音楽関連の才能は、\nまさに多彩で、さまざまな楽器も弾けたのだ。%K%P
但是，睦酱在音乐方面的才能，\n那可真是丰富多彩，吹拉弹唱样样都会。%K%P
とくに上手かったのが、ピアノ。%K%P
她特别擅长的，是钢琴。%K%P
曲名は忘れてしまったけど、彼女はスクールの\nピアノが空いていると、よく同じ曲を弾いていた。%K%P
歌名我忘了，在学校的钢琴空着的时候，\n她经常在那弹着同样的曲子。%K%P
%LC陽菜
%LC阳菜
「なんだったっけ、あの曲……」%K%P
「那首曲子，是什么来着……」%K%P
%LC陽菜
%LC阳菜
「ラフマニノフ……じゃないか。\n　ブラームス……でも、なくて……」%K%P
「拉赫玛尼诺夫……不对。\n　勃拉姆斯……好像，也不是……」%K%P
%LC陽菜
%LC阳菜
「ベートーベン、モーツァルト……。\n　いや、もっと別の……」%K%P
「贝多芬、莫扎特……\n　不，应该是别的……」\n（提到的都是著名古典浪漫主义音乐家）%K%P
頭の中でいくつもの旋律を思い出しつつ、\n必死に記憶を辿ろうとする。%K%P
脑海中浮现出了许多旋律，\n我拼命地在其中搜寻着。%K%P
確か、ゆったりと落ち着いた感じの曲、\nだったような。%K%P
好像，是一首舒缓而平静的曲子。%K%P
でも、なぜだかちょっと、物足りない感じの。%K%P
但是，不知道为什么，总觉得有点不足。%K%P
それで、聞いてると眠くなるよね、なんて、\nそんな話を、彼女としたことが、あったような――、%K%P
"听着就让人想睡觉呢"，\n我好像和她说过这样的话——%K%P
%LC陽菜
%LC阳菜
「ふあ、んっ……」%K%P
「呼啊~哈欠……」%K%P
うわ、クラシックってほんと、\nメロディを思い出しただけで眠く――、%K%P
哇，古典音乐真的是，\n我光是想起旋律就困了——%K%P
%LC陽菜
%LC阳菜
「ん……」%K%P
「嗯~嗯……」%K%P
せめて着替えなきゃ、とは思ったんだけど。%K%P
我还想着，至少得换件衣服。%K%P
制服で寝てしまう背徳感にも後押しされて、\nオレはそのまま、ベッドにころんと倒れ込んだ。%K%P
但在"就穿着制服睡觉吧"的背德感推动下，\n我一下子瘫倒在了床上。%K%P
%LC睦月
%LC睦月
「ねえ、ひなちゃん。\n　いっしょにピアノ弾きましょ？」%K%P
「呐，日向酱。\n　一起来弹钢琴吧？」%K%P
%LC日向
%LC日向
「ピアノって……無理だよ。\n　僕、ああいうの出来ないし」%K%P
「钢琴吗……不行的哦。\n　我完全弹不出来」%K%P
%LC睦月
%LC睦月
「へーき。私も一緒に弾くから」%K%P
「放轻松~和我一起弹就是了」%K%P
%LC日向
%LC日向
「一緒って……。\n　ピアノはひとりで弾くものでしょ？」%K%P
「一起嘛……\n　钢琴是一个人弹的吧？」%K%P
%LC睦月
%LC睦月
「ふたりで一緒に弾くのもあるの。\n　連弾っていうんだよ」%K%P
「也可以两个人一起弹哦。\n　这叫做"{连弹:二重奏}"」%K%P
%LC日向
%LC日向
「れんだん？」%K%P
「连弹？」%K%P
%LC睦月
%LC睦月
「そっ、連弾。私ね、この前、\n　すごく素敵な曲を見つけたの」%K%P
「对，连弹。我啊，前几天，\n　发现了一首非常棒的曲子」%K%P
%LC睦月
%LC睦月
「でもそれ、連弾の曲だから。\n　ひとりだと、音が足りなくて」%K%P
「不过那是首连弹曲。\n　一个人的话，声谱不够」%K%P
%LC睦月
%LC睦月
「ねっ？　いいでしょ？」%K%P
「呐？　来试试吧？」%K%P
%LC日向
%LC日向
「あうっ、また間違えた……」%K%P
「啊呜，又出错了……」%K%P
%LC睦月
%LC睦月
「気にしない気にしない」%K%P
「不要在意~不要在意~」%K%P
%LC日向
%LC日向
「けど、こういうのって、\n　音がズレると恥ずかしくない？」%K%P
「不过，这样子的演奏，\n　走调了不会丢人吗？」%K%P
%LC日向
%LC日向
「あっ、あいつ失敗したーって、\n　すぐにバレちゃうし」%K%P
「"啊！那家伙失败了"，\n　马上就会被别人发现呢」%K%P
%LC睦月
%LC睦月
「それは歌も同じじゃない？」%K%P
「唱歌不也一样吗？」%K%P
%LC日向
%LC日向
「そうだけど……。\n　僕、歌は滅多に失敗しないし」%K%P
「确实啦……\n　但我唱歌很少失败呀」%K%P
%LC睦月
%LC睦月
「それって、ひなちゃんがたくさん\n　レッスンしてるからでしょ？」%K%P
「那是因为，\n　日向酱上了很多课吧？」%K%P
%LC日向
%LC日向
「うん、たぶん」%K%P
「嗯，大概吧」%K%P
%LC睦月
%LC睦月
「なら、ピアノだってレッスンすれば、\n　きっと上達するはず」%K%P
「那么，学习钢琴的话，\n　一定会大有裨益的」%K%P
%LC日向
%LC日向
「そうかもだけど……。\n　あんまりピアノに興味ないし」%K%P
「也许会吧……\n　但我对钢琴没什么兴趣」%K%P
%LC睦月
%LC睦月
「いまのところは、でしょ？」%K%P
「只是"现在"，对吧？」%K%P
%LC日向
%LC日向
「どういう意味？」%K%P
「什么意思？」%K%P
%LC睦月
%LC睦月
「私と一緒に練習してうまくなれば、\n　興味がでるかもしれないってこと」%K%P
「如果和我一起练习，\n　说不定会有兴趣的哦」%K%P
%LC睦月
%LC睦月
「ね？　ちょっとでいいから。\n　たまにこうして、一緒にやろ？」%K%P
「呐？　只是一会儿就好。\n　偶尔像这样，一起来弹弹吧？」%K%P
%LC日向
%LC日向
「……まあ、たまになら、いいけど」%K%P
「……嘛，偶尔的话，我觉得可以」%K%P
%LC睦月
%LC睦月
「えへへっ。ありがと、ひなちゃん」%K%P
「欸嘿嘿~谢谢你，日向酱」%K%P
――目が覚めると、日が傾いていた。%K%P
——一觉醒来时，太阳已经西斜了。%K%P
%LC陽菜
%LC阳菜
「……いまのって……」%K%P
「……刚才的梦……」%K%P
彼女に告白して、フラれて、剣術を始めて――、\n合唱団を辞めてしまってから、約１０年。%K%P
向她告白，然后被拒绝，于是开始学习剑术——\n从合唱团辞退到现在，大约10年了。%K%P
オレが覚えている限り、\n当時のことを夢に見るなんて、なかったのに。%K%P
在我的记忆中，\n还从来没有梦到过当时的情景。%K%P
%LC陽菜
%LC阳菜
「あんなにちっちゃかったんだなぁ……。\n　オレも、つーちゃんも……」%K%P
「原来当时这么稚嫩呀……\n　我也是，睦酱也是……」%K%P
夢って不思議なもので、自分の記憶なのに、\n自分自身も見えてる、客観視点の夢だった。%K%P
梦真是不可思议，明明是自己的记忆，\n自己却能用客观视角去看。%K%P
例えるなら、誰かが撮ってた動画を、\n見せられているような感じ……というか。%K%P
打个比方，就像有人给我看了，\n他拍我的视频一样……就这种感觉。%K%P
%LC陽菜
%LC阳菜
「に、しても……確かにあれじゃ、\n　つーちゃんに可愛いって言われるか……」%K%P
「即，使如此……确实，那样的话，\n　睦酱会说我可爱啊……」%K%P
当時はあまり自覚してなかったけど、\n小さな頃のオレって、ほんとに女の子みたいだ。%K%P
虽然当时没怎么意识到，\n但小时候的我，真的像女孩子一样。%K%P
あれでスカートとか穿いてたら、\n女の子に間違えられても何も言えない。%K%P
如果穿上裙子的话，\n就算被误认为是女孩子也无法反驳呀。%K%P
まあ、今でもそこは変わってない……というか、\n実際にスカート穿いて女の子になってるんだけど。%K%P
嘛，现在这一点也没变就是了……倒不如说，\n我真的穿上了裙子，变成了一个女孩子。%K%P
%LC陽菜
%LC阳菜
「剣術に打ち込んで、男らしくなろうとして、\n　それでようやくこれだもんね……」%K%P
「潜心钻研剑术，想要像个男子汉，\n　所以才会现在这样……」%K%P
%LC陽菜
%LC阳菜
「もしつーちゃんにフラれてなかったら、\n　今頃、どうなってたんだか……」%K%P
「如果当时没有被睦酱拒绝，\n　现在的我会是什么样呢……」%K%P
人生のもしもを考えるのは人の常だけど、\nその可能性ばっかりは、さすがにわからない。%K%P
思考人生选择的假设是人之常情，\n但这种事可能性，我到底是不知道的。%K%P
少なくとも、歌は続けていそうだけど――。%K%P
至少，她还在继续唱歌——%K%P
%LCニナ
%LC妮娜
「ヒナちゃん、ちょっといい？」%K%P
「日向酱，借用点时间可以吗？」%K%P
%LC陽菜
%LC阳菜
「あっ、はいっ」%K%P
「啊，来了」%K%P
不意にノックの音と声がして、\nあわててベッドから跳ね起きる。%K%P
突然听到敲门声和呼唤，\n我慌忙从床上跳起来。%K%P
すっかり身についた習性とはいえ、\n咄嗟にスカートを直す自分に、ちょっと苦笑。%K%P
虽然已经养成了这个习惯，\n但还是对马上整理裙子的自己，苦笑了一下。%K%P
%LC陽菜
%LC阳菜
「どうしたんですか？　ニナさん」%K%P
「发生什么事了？　妮娜姐」%K%P
%LCニナ
%LC妮娜
「さっき、睦月ちゃんとのお話が終わって。\n　彼女、これから学生寮に帰るんだけど」%K%P
「刚才，和睦月酱的谈话结束了。\n　她现在要回学生宿舍」%K%P
%LCニナ
%LC妮娜
「日も暮れてきちゃったし。\n　よかったら、学生寮まで送っていってあげて」%K%P
「你看天也黑了。可以的话，就送她去学生宿舍吧」%K%P
%LC陽菜
%LC阳菜
「私が？　睦月さんを？」%K%P
「我来吗？　送睦月同学？」%K%P
%LCニナ
%LC妮娜
「そう。睦月ちゃん、センシブルだし。\n　あんまり話す機会もないでしょ？」%K%P
「对。睦月酱的话，在圣森博尔就读。\n　平时和你没什么说话的机会吧？」%K%P
%LCニナ
%LC妮娜
「もしかしたら、一緒に舞台に立つかもだし。\n　せっかくだから、お話とか、どうかなって」%K%P
「说不定之后会一起站在舞台上。\n　人家好不容易来了，和她说点什么吧」%K%P
ニナさんにそんなふうに言われて、\n少し迷ったあと、その話を引き受けた。%K%P
听妮娜姐这么说，\n我犹豫了一下，便答应了。%K%P
迷った理由は、昔の夢を見た直後だったから。%K%P
犹豫的理由是，刚刚梦到了往事。%K%P
もしあの夢を見ていなかったら、\n逆に、迷わず引き受けていたと思う。%K%P
如果没有做那个梦的话，\n相反，我想我会毫不犹豫地接受的。%K%P
小さな頃の記憶を思い出したことは、\nオレにとって、そのぐらい面映ゆいことだった。%K%P
想起小时候的记忆，对我来说，\n就是那么的害羞。%K%P
つーちゃんと並んで、夕暮れの学内を歩く。%K%P
和睦酱并排走在黄昏下的学院里。%K%P
土曜ということもあって既に学生の気配はなく、\n敷地内は驚くほど静かだった。%K%P
因为是周六，所以校内已经没有学生了，\n校园里惊人的安静。%K%P
%LC睦月
%LC睦月
「すみません。お休みのところ、\n　わざわざ送っていただいて」%K%P
「对不起。在你休息的时候，\n　还要特意来送我回去」%K%P
%LC陽菜
%LC阳菜
「あっ、ううん、気にしないで。\n　私もちょうど外の空気を吸いたかったし」%K%P
「啊，没有，不用在意的。\n　正好我也想呼吸外面的空气」%K%P
つーちゃんから話しかけられて、\n少しテンパって、変な言い訳をしてしまう。%K%P
睦酱跟我搭话道歉，\n我便说了个奇怪的借口糊弄过去了。%K%P
あれから１０年ほど過ぎているけど、\nオレが彼女に告白したっていうのは事実で。%K%P
从那以后虽然已经过了10年，\n但我向她告白仍然是事实。%K%P
ましてや、あんな夢まで見てしまっては、\n彼女のことを意識しないほうが難しくて。%K%P
更何况，还做了那样的梦，\n现在不去想她都难。%K%P
こうなっちゃうような気がしたから、\n引き受けるかどうか、迷ってしまったのだ。%K%P
当时也觉得会变成这样，\n所以才犹豫着要不要接受的。%K%P
%LC陽菜
%LC阳菜
「えっと……今日はニナさんと、\n　どんなことを打ち合わせしていたの？」%K%P
「那个……今天你和妮娜姐，\n　商量了些什么呢？」%K%P
%LC睦月
%LC睦月
「主に、アリアで歌う曲に関してです」%K%P
「主要是咏叹调的选歌啦」%K%P
%LC睦月
%LC睦月
「歌劇アリアでは３曲披露するんですけど、\n　そのうちひとつが、難易度が高くて」%K%P
「在歌剧咏叹调中要演唱3首曲子，\n　其中一首难度很高」%K%P
%LC睦月
%LC睦月
「それで、元{歌姫:ディーバ}であるニナさんに、\n　ご指導をしてもらえないかって、ご相談を」%K%P
「所以，我才会想请作为原{歌姫:Diva}的妮娜老师指导一下」%K%P
%LC陽菜
%LC阳菜
「睦月さんでも難しい、なんて……。\n　大変なんだね、銀蘭の{歌姫:ディーバ}って」%K%P
「连睦月同学都觉得很难，这……\n　真辛苦啊，银兰的{歌姫:Diva}」%K%P
%LC睦月
%LC睦月
「私でもって……陽菜さん、\n　私の実力をご存じなんですか？」%K%P
「"连我都"……阳菜同学，\n　你很清楚我的实力吗？」%K%P
%LC睦月
%LC睦月
「確かまだ、陽菜さんの前では、\n　歌を披露したことはなかったと思うんですが」%K%P
「我确实……好像还没有，\n　在阳菜同学面前唱过歌呀」%K%P
%LC陽菜
%LC阳菜
「あっ……それは、確かに、ないんだけど。\n　杏奈ちゃんたちが絶賛していたから」%K%P
「啊……这个，确实没有的说。\n　是杏奈酱她们对你的歌赞不绝口哦」%K%P
%LC陽菜
%LC阳菜
「きっとすごいんだろうなって思って。\n　それで、今みたいな言い方に」%K%P
「我想你一定很厉害吧。\n　所以才会说刚才的话」%K%P
%LC睦月
%LC睦月
「なるほど、そういうことですか」%K%P
「原来如此，是这样啊」%K%P
ほっ……。危なかった……。%K%P
嚯……真危险呀……%K%P
彼女の歌唱力をよく知っているのは、\n空木日向であって、卯花陽菜じゃないんだった。%K%P
了解她唱功的人，是空木日向，\n而不是卯花阳菜呀。%K%P
あまり迂闊なことを言うと、怪しまれたり、\nオレの正体に勘づかれたりするかもしれない。%K%P
说话太大意的话，也许会被她怀疑，\n甚至会察觉到我的身份的。%K%P
%LC睦月
%LC睦月
「陽菜さんは、学園長がアリアンロッド女学院の\n　元{歌姫:ディーバ}だということはご存じで？」%K%P
「阳菜同学，你知道校长是，\n　阿莉娅-罗德女子学院的前{歌姫:Diva}吗？」%K%P
%LC陽菜
%LC阳菜
「うん。私の師匠でもある指南役の諏訪先生が、\n　アリアンロッド女学院に留学していたから」%K%P
「嗯。我的师傅是诹访老师，\n　她曾在阿莉娅-罗德女子学院留学哦」%K%P
%LC睦月
%LC睦月
「お二人はチームメートで、そのときのアリアの\n　{最優秀騎士:ブリランテ}が、諏訪先生なんですよね」%K%P
「这两位当时组合出道，以及当时在咏叹调里，\n　{至高骑士:Brillante}就是诹访老师呢」%K%P
%LC陽菜
%LC阳菜
「そうそう。ひょっとして、有名な話？」%K%P
「对对。难不成，这是很有名的事了？」%K%P
%LC睦月
%LC睦月
「知っている子は多いと思います。\n　とくにセンシブルの子は」%K%P
「我想很多人都知道呢。\n　特别是圣森博尔的学生」%K%P
%LC陽菜
%LC阳菜
「ノーブルじゃなくて？」%K%P
「诺博尔的很少？」%K%P
%LC睦月
%LC睦月
「学園長は昔話をするのがお好きなので。\n　合唱部の指導の合間に、よくお話されるんです」%K%P
「因为校长很喜欢讲过去的事情。\n　在合唱部指导的时候，经常和我们聊到」%K%P
%LC睦月
%LC睦月
「ノーブルに転科した杏奈ちゃんの話では、\n　諏訪先生は、そういうことがあまりないそうで」%K%P
「但我听转到诺博尔的杏奈酱说，\n　诹访老师好像不太会这样聊」%K%P
%LC陽菜
%LC阳菜
「あー……。確かにそうかも」%K%P
「啊……确实如你所说」%K%P
ニナさんは自分のことを話すのが好きだけど、\n姉さんは、必要がなければあまり語らないほうだ。%K%P
妮娜姐是很喜欢谈自己的事情的，\n而姐姐的话，如果没必要，是不怎么谈的。%K%P
そんな姉さんのことをオレが色々知っているのは、\n主に留学の話を、聞かせてほしいとよく頼んだから。%K%P
我之所以知道姐姐的种种事情，\n是因为我经常缠着她听她留学的事情。%K%P
オレが女の子だったら、きっと今頃、\nアリアンロッド女学院に留学していたはずだ。%K%P
如果我是女孩子的话，\n现在一定在阿莉娅-罗德女子学院留学吧。%K%P
%LC睦月
%LC睦月
「でも、すごいですよね。学生時代の絆が、\n　いまもしっかりと結ばれているだなんて」%K%P
「但是，真的很厉害呢。学生时代的羁绊，\n　现在还紧紧地系在一起」%K%P
%LC陽菜
%LC阳菜
「そうだね。留学したときに知り合ってから、\n　１０年近く付き合いが続いてるってことだし」%K%P
「是啊。她们留学的时候认识的，\n　到现在已经交往了将近10年呢」%K%P
%LC睦月
%LC睦月
「１０年……」%K%P
「10年……」%K%P
何気なく口にした単位を、つーちゃんが繰り返す。%K%P
睦酱重复念着，我不经意提到的时间。%K%P
ひょっとして、彼女も１０年前のことを、\n思い出していたり、とか――、%K%P
难道她……\n想起了10年前的事——%K%P
%LC陽菜
%LC阳菜
「睦月さん……？　どうかした？」%K%P
「睦月同学……？　怎么了吗？」%K%P
%LC睦月
%LC睦月
「あっ、いえ……。別に、なんでも」%K%P
「啊，没有……没有什么事」%K%P
%LC睦月
%LC睦月
「ただ、１０年も交流が続くというのは、\n　どういう感覚なんだろうって、そう思って」%K%P
「但是，持续10年的交往，\n　是一种什么样的感觉呢」%K%P
%LC睦月
%LC睦月
「私にはそういう……いわゆる、\n　親友と呼べるような友人がいないので」%K%P
「我是这样的……想的，\n　我没有一位朋友可以算得上所谓的"挚友"」%K%P
%LC睦月
%LC睦月
「学園長と諏訪先生のような関係は、\n　正直、とても羨ましいなって」%K%P
「校长和诹访老师这样的关系，\n　老实说，我很羡慕」%K%P
%LC陽菜
%LC阳菜
「睦月さんにも親しいお友達はいるでしょ？\n　たとえば、杏奈ちゃんとか」%K%P
「睦月同学也有要好的朋友吧？\n　比如说杏奈酱」%K%P
%LC睦月
%LC睦月
「確かに、杏奈さんとは仲良くしてもらっていて。\n　一緒に買い物に行ったりもするんですけど」%K%P
「确实，我和杏奈同学关系很好。\n　有时也会一起去买东西」%K%P
%LC睦月
%LC睦月
「でも……そこまで、なんです」%K%P
「不过……仅此而已，还不够」%K%P
%LC陽菜
%LC阳菜
「そこまで？」%K%P
「仅此而已？」%K%P
%LC睦月
%LC睦月
「陽菜さんは、親友ってなんだと思います？\n　どういう関係を、親友と呼ぶんだと思いますか？」%K%P
「阳菜同学，你觉得挚友是什么样的呢？\n　你觉得什么样的关系，才算是挚友呢？」%K%P
%LC陽菜
%LC阳菜
「えっ……？　ええっと……」%K%P
「诶……？　我想想……」%K%P
思いがけない質問に少し戸惑うと、\nあまり間を置かず、つーちゃんは言葉を継いだ。%K%P
这个意想不到的问题让我有些困惑，\n但没等我想多久，睦酱继续说道。%K%P
%LC睦月
%LC睦月
「私が思う親友とは、心を許せる相手……、\n　なんでも隠さず話せる相手のこと、なんです」%K%P
「我心目中的挚友，就是可以交心的人……\n　是什么都可以毫不隐瞒地倾诉的对象」%K%P
%LC陽菜
%LC阳菜
「なんでも話せる、か……。なるほど」%K%P
「毫不隐瞒地倾诉，吗……原来如此」%K%P
端的な答えだけど、納得がいくものだったので、\n思わず、そんな呟きとともに頷いてしまう。%K%P
虽然回答得不假思索，但这话却很让人信服，\n我不由得嘟囔着点了点头。%K%P
と、そんなオレを見て、つーちゃんは微笑んだあと、\nすぐに眉を寄せて、うつむいた。%K%P
看到这样的我，睦酱微微一笑，\n然后马上皱起了眉头，低下了头。%K%P
%LC睦月
%LC睦月
「でも……私は杏奈さんに、\n　自分のすべてを話すことはできません」%K%P
「但是……我无法把自己的一切，\n　都告诉给杏奈同学」%K%P
%LC睦月
%LC睦月
「これは、杏奈さんだけではなくて。\n　いままで出会ってきた、すべての人がそうでした」%K%P
「其实，不仅仅是杏奈同学。\n　我对至今为止遇到的所有人，都是这样」%K%P
%LC睦月
%LC睦月
「だから、私に親友と呼べる存在はいないんです。\n　これまでも……きっと、これからも」%K%P
「所以，我没有一个可以称的上是"挚友"的人。\n　至今为止都没有……今后，也一定没有」%K%P
%LC陽菜
%LC阳菜
「そんな……。仮にこれまでがそうだったとしても、\n　これから先はわからないでしょ？」%K%P
「怎么会……就算以前是这样，\n　今后的事谁不知道不是吗？」%K%P
あまりにも寂しいことを言うものだから、\nつい、そんなふうに言ってしまうと。%K%P
感觉她实在是太寂寞了，\n所以我才会说出这话。%K%P
つーちゃんは、伏せていた顔をこちらに向けた。%K%P
睦酱把垂着的脸，转向了我这边。%K%P
%LC睦月
%LC睦月
「なら……陽菜さんが、\n　私の親友になってくれますか？」%K%P
「那么……阳菜同学，\n　你能成为我的挚友吗？」%K%P
%LC睦月
%LC睦月
「私がすべてをお話しする代わりに、\n　陽菜さんも、すべてを話してくれますか？」%K%P
「我愿意把我的一切都告诉你，\n　阳菜同学，你也能把你的一切都告诉我吗？」%K%P
%LC睦月
%LC睦月
「趣味の話や、昨日見た夢や、将来の目標……。\n　それから、これまでしてきた恋の話――」%K%P
「兴趣呀、昨天做的梦呀，以及将来的目标……\n　以及，之前说过的恋爱故事——」%K%P
%LC睦月
%LC睦月
「そういったことを、嘘偽りなく。\n　すべて、話してくれますか？」%K%P
「这些事情，我都不会说谎。\n　那你能全部告诉我你的全部吗？」%K%P
%LC陽菜
%LC阳菜
「それは……」%K%P
「这个……」%K%P
オレがいま、空木日向であれば、\n彼女の問い掛けに、一も二もなく頷いただろう。%K%P
如果我现在是空木日向的话，\n对她的问题，应该会毫不犹豫地点头吧。%K%P
だけど、陽菜としては――、%K%P
但是，作为阳菜的话——%K%P
%LC陽菜
%LC阳菜
「……ごめん。それは、無理」%K%P
「啊……抱歉。这个，做不到」%K%P
ここで迷わず、そのぐらい簡単、なんて言えれば、\nあるいは格好よかったのかもしれない。%K%P
如果毫不犹豫地回答"这有何难"的话，\n或许会很酷吧。%K%P
けど、もしそれを彼女が信じてくれた場合、\n待っているのは、お互いにつらいだけの未来だ。%K%P
但是，如果她真的"相信"了，\n等待我们的，就只有彼此都痛苦的未来了。%K%P
女装という大きな秘密がある限り、\nすべてを話すことなんて、絶対に無理なんだから。%K%P
只要我还有女装这个"大秘密"，\n就绝对不可能把一切都告诉她。%K%P
%LC睦月
%LC睦月
「……くすっ。陽菜さん、正直者ですね」%K%P
「……呼呼。阳菜同学，真是个正直的人呢」%K%P
%LC陽菜
%LC阳菜
「えっ……？　なんで？」%K%P
「诶……？　为什么？」%K%P
%LC睦月
%LC睦月
「以前、似たような事を杏奈さんに話したとき、\n　彼女は迷わず、話せるって断言したんです」%K%P
「以前，跟杏奈同学说过类似的话，\n　她可是毫不犹豫地答应了呢」%K%P
%LC陽菜
%LC阳菜
「あー……杏奈ちゃんだったら言いそう」%K%P
「啊……杏奈酱肯定会这么说的啦」%K%P
なんでも言えるよっ！　なんて即答したあと、\nあっ、でも、体重だけは……なんて、苦笑したり。%K%P
"什么都能说哦！"　她是肯定会立刻回答的，\n"啊，但是，只有体重不行"……\n想了想，我不禁苦笑起来。%K%P
……うん、すっごくありそう。%K%P
……嗯，好像很有可能。%K%P
%LC睦月
%LC睦月
「杏奈さんに限らず、他の子も、この話をすると、\n　話せるよって言ってくれるんです」%K%P
「不光是杏奈同学，和其他人提起这个，\n　她们也会说"可以说哦"这种话」%K%P
%LC睦月
%LC睦月
「もちろん、迷ったり悩んだりする子もいますが、\n　最終的には、話せるよって言ってくれて」%K%P
「当然，也有些人会感到迷茫和烦恼，\n　但最终她们也会说："可以说哦"」%K%P
%LC睦月
%LC睦月
「とはいえ、こんな話は誰にでもするわけじゃなく、\n　ある程度親しい方にするわけで」%K%P
「虽说，这种话并不是对谁都能说的，\n　人们只会对关系亲密的人说」%K%P
%LC睦月
%LC睦月
「そういう前提もあればこそ、みなさん、\n　頷いてくれるのだと思うんですけど」%K%P
「正因为有着这样的前提，\n　大家才会点头答应吧」%K%P
%LC睦月
%LC睦月
「さっきの陽菜さんのように、\n　無理って断言した人は、一人もいなくって」%K%P
「像刚才阳菜同学那样，\n　断言自己"做不到"的人，一个都没有」%K%P
%LC睦月
%LC睦月
「それでつい、正直だなって、笑ってしまって」%K%P
「我觉得你很正直，所以，忍不住笑了」%K%P
%LC陽菜
%LC阳菜
「それは、だって……ね？　誰にでも、\n　言えないことのひとつやふたつあるでしょ？」%K%P
「这是因为……呐？\n　谁都会有一两个不能说的事对吧？」%K%P
%LC睦月
%LC睦月
「ふふっ。そうですよね。そうなんです。\n　誰にだって、言えない秘密はあるんです」%K%P
「呼呼。就是这样啊，确实如此。\n　每个人都有不能说的秘密呀」%K%P
ちょっと自嘲気味に告げたオレの言葉に、\nつーちゃんは、どこか嬉しそうに同意する。%K%P
对于我略带自嘲的说法，\n睦酱似乎很高兴，表示赞同。%K%P
そんな彼女を見て、ちょっと、気になって。%K%P
看到这样的她，我有点入迷了。%K%P
%LC陽菜
%LC阳菜
「もしかしたら、\n　その秘密のひとつかもしれないけど――」%K%P
「也许接下来我想说的，\n　就是其中的一个秘密吧——」%K%P
%LC陽菜
%LC阳菜
「どうして睦月さんは去年、\n　{歌姫:ディーバ}を辞退したの？」%K%P
「睦月为什么去年，\n　辞去了{歌姫:Diva}之位呢？」%K%P
%LC睦月
%LC睦月
「ああ……。それは別に、\n　秘密でもなんでもないですよ」%K%P
「啊啊……那个，并不是什么秘密哦」%K%P
%LC睦月
%LC睦月
「私には、{歌姫:ディーバ}……歌姫という呼び名が、\n　少し重荷というか……似合わないと思って」%K%P
「对我来说，{歌姫:Diva}……歌姬（うたひめ）这个称呼，\n　稍微有些难以承受……觉得不适合自己」%K%P
%LC睦月
%LC睦月
「端的に言えば、柄ではないと思ったんです」%K%P
「简单地说，我觉得不应该由我来当」%K%P
%LC陽菜
%LC阳菜
「なら、どうして今年は引き受けたの？\n　心境の変化があったとか？」%K%P
「那么，为什么今年就接手了呢？\n　心境发生了变化？」%K%P
%LC睦月
%LC睦月
「……あなたが、居たから」%K%P
「……因为，有你在呀」%K%P
%LC陽菜
%LC阳菜
「……え？」%K%P
「……诶？」%K%P
%LC睦月
%LC睦月
「もし、陽菜さんがいたからだって言ったら。\n　ドキドキしますか？」%K%P
「如果我说，是因为有阳菜同学在才当的。\n　你会心动吗？」%K%P
%LC陽菜
%LC阳菜
「なっ……ちょっ、睦月さんっ。\n　びっくりしたでしょ、いきなりっ」%K%P
「什……等，睦月同学。\n　吓了我一跳啊，这么突然」%K%P
%LC睦月
%LC睦月
「くすっ、すみません。\n　ちょっと、言ってみたくなって」%K%P
「呼呼~我很抱歉。\n　我倒是很想说说看呢」%K%P
%LC陽菜
%LC阳菜
「んもー……」%K%P
「真是的……」%K%P
あまりにも不意打ちすぎて、\n心臓が口から飛び出るかと思った。%K%P
这也太突然了吧，\n我的心脏都要从嘴里蹦出来了。%K%P
……けど、小さな頃の彼女も、こんな感じで、\nいきなり不意をついてくる子だった気がする。%K%P
……不过，小时候的她，好像也是这种感觉，\n是个会突然给你来个措手不及的人呢。%K%P
それが彼女の本質だとするなら、\n少しは、心を許してもらえてるってことなのかな。%K%P
如果这是她的"本质"的话——\n也就是说，她对我多少打开了心防吧。%K%P
%LC睦月
%LC睦月
「少し前、ある人に言われたんです」%K%P
「不久前，有人对我说句话」%K%P
%LC睦月
%LC睦月
「歌を聴きたいと想ってくれる人がいるのなら、\n　その人たちの想いに応えてみたら、って」%K%P
「"如果有人想听你的歌的话，\n　就试着回应他们的想法吧"」%K%P
%LC陽菜
%LC阳菜
「想いに、応える……」%K%P
「若想听，则回应……」%K%P
なんか、こんな感じのことを言いそうな人、\n知っているような気がする。%K%P
总觉得，我好像认识会说这种话的人。%K%P
というか、合唱団に入っていた頃は、\nよく、そんなような話を聞いていた気が。%K%P
应该说，加入合唱团的时候，\n好像经常听到这样的话。%K%P
%LC陽菜
%LC阳菜
「歌についての一家言ってことは、\n　その人、睦月さんの歌の先生とか？」%K%P
「对唱歌有如此独到见解的人，\n　是睦月同学的歌唱老师吧？」%K%P
%LC睦月
%LC睦月
「そうですね……。似たようなもの、\n　と言ったら、その人に怒られそうですが」%K%P
「是的呢……如果我说差不多，\n　那个人可能会生气吧」%K%P
%LC睦月
%LC睦月
「でも、私にとっては恩師のような方です」%K%P
「但对我来说，就是我的恩师」%K%P
%LC睦月
%LC睦月
「少し前、話す機会があったんですが、\n　そのときにそんなことを言われてしまって」%K%P
「不久前，我俩有了机会，聊了一会，\n　她便对我说了这句话」%K%P
%LC陽菜
%LC阳菜
「それで、気持ちが変わったと」%K%P
「所以就，改变了主意是吧」%K%P
%LC睦月
%LC睦月
「はい」%K%P
「是」%K%P
%LC睦月
%LC睦月
「でも、さっき言ったことも、\n　理由のひとつではあるんですよ」%K%P
「不过，刚才我所说的，\n　也是理由之一哦」%K%P
%LC陽菜
%LC阳菜
「さっき言ったこと？」%K%P
「刚才你所说的？」%K%P
%LC睦月
%LC睦月
「あなたがいたから、ということです」%K%P
「（小声）因为有你在，就是这样」%K%P
%LC睦月
%LC睦月
「陽菜さんには、まだ歌を聴いてもらっていないので。\n　一番近くで、聴いてもらいたいなって」%K%P
「因为阳菜同学还没听过我的歌。\n　所以，我想让你在最近的地方听到」%K%P
%LC陽菜
%LC阳菜
「一番、近く――」%K%P
「最近的，地方——」%K%P
%LC睦月
%LC睦月
「はい。歌劇アリアは、小国の歌姫と、\n　その配下の騎士たちのお話なんですが――」%K%P
「对。歌剧咏叹调，是小国的歌姬，\n　和她手下的骑士们的故事——」%K%P
%LC睦月
%LC睦月
「歌姫の歌を一番近くで聴けるのが、他でもない、\n　一緒に出演する４人の{騎士:ワルキュリア}――」%K%P
「能在最近的地方听到歌姬的歌的，不是别人，\n　而是和她一起演出的4名{骑士:Valkyria}」%K%P
%LC睦月
%LC睦月
「今年でいうと、トーナメント初戦を勝ち抜いた、\n　２組のペアですから」%K%P
「按今年的说法，\n　是淘汰赛初战胜出的2对组合」%K%P
%LC陽菜
%LC阳菜
「それってつまり、\n　私に決勝に残ってほしいってこと？」%K%P
「也就是说，\n　你希望我能进入决赛？」%K%P
%LC睦月
%LC睦月
「贔屓をするのは、よくないですが。\n　陽菜さんには、残ってほしいと思ってます」%K%P
「虽说偏袒是不好的。\n　但我希望，阳菜同学能留下来」%K%P
%LC陽菜
%LC阳菜
「それって、どうして？」%K%P
「这又是，为什么？」%K%P
%LC睦月
%LC睦月
「たぶん……あなたのことが、好きだから」%K%P
「大概……因为我，喜欢你吧」%K%P
%LC陽菜
%LC阳菜
「っ……」%K%P
「唔……额」%K%P
見つめられて、そんなことを言われて。%K%P
她盯着我，说出了这句话。%K%P
息を呑んだ咽から、ぐわーって、\n心臓が迫り上がってくるような感じがして。%K%P
我屏住了呼吸，\n感觉心脏在"扑通扑通"地往上跳。%K%P
%LC陽菜
%LC阳菜
「……それって、友達として、だよね？」%K%P
「……应该是，作为朋友的，那种吧？」%K%P
%LC睦月
%LC睦月
「それは……自分でも、ちょっとわからないです」%K%P
「这个嘛……我自己也，不太清楚」%K%P
ドキドキに耐えきれずに問い返すと、\n少し苦笑気味に、くすっと微笑まれてしまって。%K%P
我按捺不住内心的激动反问道，\n她只是略带苦涩地微微一笑。%K%P
その反応に、ますますドキッとしてしまう。%K%P
她的反应，让我更加紧张了。%K%P
%LC睦月
%LC睦月
「少し前に、ここでラブレターについて、\n　お話をしたことを覚えてますか？」%K%P
「你还记得，之前在这里，\n　说过的关于情书的事吗？」%K%P
%LC陽菜
%LC阳菜
「あっ、うん。それなら、もちろん」%K%P
「啊，嗯。这种事肯定记得」%K%P
%LC睦月
%LC睦月
「あのとき、思ったんです」%K%P
「那时啊，我在想着」%K%P
%LC睦月
%LC睦月
「この人に、自分の歌を聴いて欲しいって。\n　できることなら、一番近くでって」%K%P
「我希望面前的人能听到自己的歌。\n　如果可以的话，要在最近的地方听到」%K%P
%LC睦月
%LC睦月
「そんなふうに思ったことは、今まで一度も……、\n　ないわけでは、ないんですけど」%K%P
「以前的我从来都没有这样想过……\n　好像倒也不是没有」%K%P
%LC睦月
%LC睦月
「でも、私にとっては稀有なことで、\n　だからそれは、好きってことなのかなって」%K%P
「但是，对我来说，这是很稀有的事，\n　所以，这就是我的"喜欢"吧」%K%P
%LC陽菜
%LC阳菜
「そう、なんだ……」%K%P
「这，样啊……」%K%P
%LC睦月
%LC睦月
「あっ……すみません、私ったら。\n　いきなり、変なことを言って」%K%P
「啊……对不起，我突然，\n　说了些奇怪的话」%K%P
%LC睦月
%LC睦月
「夕暮れのせい、ですかね。\n　私、雰囲気に流されやすいみたいで……」%K%P
「可能是因为傍晚的缘故吧。\n　我好像，很容易被气氛影响……」%K%P
%LC睦月
%LC睦月
「学生寮は、すぐそこなので。\n　もう、ここまでで大丈夫です」%K%P
「学生宿舍就快到了。\n　送到这里，就已经可以了」%K%P
%LC睦月
%LC睦月
「では、私はこれで。\n　ごきげんよう、陽菜さん」%K%P
「那么，我就告辞了。\n　贵安，阳菜同学」%K%P
%LC陽菜
%LC阳菜
「あっ、うん。……ごきげんよう」%K%P
「啊，嗯……贵安」%K%P
お互い、ちょっと面映ゆい感じで会釈をすると、\nつーちゃんは小走りに学生寮へと向かう。%K%P
我们俩害羞地点头致意后，\n睦酱小跑着向学生宿舍跑去。%K%P
この学園で思いがけず再会して以来、\n彼女の走る姿を見るのは、これが初めてだった。%K%P
自从在这个学院意外重逢以来，\n这是我第一次看到她跑步的样子。%K%P
