――週が明けて、月曜日。%K%P
――週が明けて、月曜日。%K%P
エンゲージ投票のあった朝礼が終わり、\n午前中の授業も終わって、お昼休みになって。%K%P
エンゲージ投票のあった朝礼が終わり、\n午前中の授業も終わって、お昼休みになって。%K%P
オレは、美実様と一緒に乙女部の部室にいた。%K%P
オレは、美実様と一緒に乙女部の部室にいた。%K%P
%LC美実
%LC美実
「いやはや、みんな驚いてたねぇ。\n　陽菜ちゃんと私のエンゲージ」%K%P
「いやはや、みんな驚いてたねぇ。\n　陽菜ちゃんと私のエンゲージ」%K%P
%LC陽菜
%LC陽菜
「当たり前です。私とはエンゲージしないって、\n　美実様は声高に宣言してたんですから」%K%P
「当たり前です。私とはエンゲージしないって、\n　美実様は声高に宣言してたんですから」%K%P
%LC陽菜
%LC陽菜
「それが、いざエンゲージ投票をしてみたら――」%K%P
「それが、いざエンゲージ投票をしてみたら――」%K%P
%LC美実
%LC美実
「１回目の投票で、いきなり相思相愛だもんね」%K%P
「１回目の投票で、いきなり相思相愛だもんね」%K%P
%LC陽菜
%LC陽菜
「相思相愛じゃなくて相互指名です」%K%P
「相思相愛じゃなくて相互指名です」%K%P
%LC美実
%LC美実
「んもー、陽菜ちゃんってば照れちゃってぇ」%K%P
「んもー、陽菜ちゃんってば照れちゃってぇ」%K%P
なんて、にこにこ笑いながら、\n美実様はＢＬＴサンドをもぐもぐ食べる。%K%P
なんて、にこにこ笑いながら、\n美実様はＢＬＴサンドをもぐもぐ食べる。%K%P
そんなわけで、オレと美実様はエンゲージした。%K%P
そんなわけで、オレと美実様はエンゲージした。%K%P
切っ掛けと理由はもちろん、\n昨日のショッピングモールでの会話だ。%K%P
切っ掛けと理由はもちろん、\n昨日のショッピングモールでの会話だ。%K%P
%LC陽菜
%LC陽菜
「けど、どうして急に心変わりしたんですか？\n　あんなに私と戦いたがっていたのに」%K%P
「けど、どうして急に心変わりしたんですか？\n　あんなに私と戦いたがっていたのに」%K%P
%LC美実
%LC美実
「理由は……まあ、色々あるんだけど。\n　一番は、後悔してほしくなかったから、かな」%K%P
「理由は……まあ、色々あるんだけど。\n　一番は、後悔してほしくなかったから、かな」%K%P
%LC美実
%LC美実
「アリア合宿に気後れしている陽菜ちゃんは、\n　できれば、初戦敗退したいわけじゃない？」%K%P
「アリア合宿に気後れしている陽菜ちゃんは、\n　できれば、初戦敗退したいわけじゃない？」%K%P
%LC美実
%LC美実
「でも、その一方で、自分勝手な都合で、\n　パートナーに迷惑をかけたくないとも思ってる」%K%P
「でも、その一方で、自分勝手な都合で、\n　パートナーに迷惑をかけたくないとも思ってる」%K%P
%LC美実
%LC美実
「そういう苦慮がメンタル面に影響を与えて、\n　動きに精彩を欠く、なんて可能性は高いから」%K%P
「そういう苦慮がメンタル面に影響を与えて、\n　動きに精彩を欠く、なんて可能性は高いから」%K%P
%LC美実
%LC美実
「そうなったら、パートナーだけでなく、\n　対戦相手にも迷惑をかけることになる」%K%P
「そうなったら、パートナーだけでなく、\n　対戦相手にも迷惑をかけることになる」%K%P
%LC美実
%LC美実
「私以外のみんなも、依夜を筆頭に、\n　陽菜ちゃんとの対戦を楽しみにしているわけで」%K%P
「私以外のみんなも、依夜を筆頭に、\n　陽菜ちゃんとの対戦を楽しみにしているわけで」%K%P
%LC美実
%LC美実
「中途半端な気持ちで挑んで全力が出せない――。\n　そういうの、陽菜ちゃんはイヤでしょ？」%K%P
「中途半端な気持ちで挑んで全力が出せない――。\n　そういうの、陽菜ちゃんはイヤでしょ？」%K%P
%LC美実
%LC美実
「なら、私と陽菜ちゃんがエンゲージして、\n　その不安を払拭してあげるのが最適解かなって」%K%P
「なら、私と陽菜ちゃんがエンゲージして、\n　その不安を払拭してあげるのが最適解かなって」%K%P
%LC美実
%LC美実
「ふたりで一緒に戦って、もし初戦で負けたら、\n　それはそれとして結果を受け入れればいいし――」%K%P
「ふたりで一緒に戦って、もし初戦で負けたら、\n　それはそれとして結果を受け入れればいいし――」%K%P
%LC美実
%LC美実
「逆に、決勝に進出できたら、私と睦月ちゃんで、\n　陽菜ちゃんの秘密がバレないようフォローする」%K%P
「逆に、決勝に進出できたら、私と睦月ちゃんで、\n　陽菜ちゃんの秘密がバレないようフォローする」%K%P
%LC美実
%LC美実
「勝つにせよ、負けるにせよ。\n　これなら陽菜ちゃんも、悔いは残らないでしょ？」%K%P
「勝つにせよ、負けるにせよ。\n　これなら陽菜ちゃんも、悔いは残らないでしょ？」%K%P
%LC陽菜
%LC陽菜
「……はい」%K%P
「……はい」%K%P
オレだけでなく、他の子たちのことも考えての結論に、\nまったくもって感服してしまう。%K%P
オレだけでなく、他の子たちのことも考えての結論に、\nまったくもって感服してしまう。%K%P
%LC陽菜
%LC陽菜
「けど……それって結果的に、\n　美実様だけが損をしてますよね」%K%P
「けど……それって結果的に、\n　美実様だけが損をしてますよね」%K%P
%LC陽菜
%LC陽菜
「私とエンゲージしたことで、\n　美実様は私と戦えなくなったわけですから」%K%P
「私とエンゲージしたことで、\n　美実様は私と戦えなくなったわけですから」%K%P
%LC美実
%LC美実
「何事にも多少の犠牲はつきものだし。\n　完全なウィンウィンってのも、難しいしね」%K%P
「何事にも多少の犠牲はつきものだし。\n　完全なウィンウィンってのも、難しいしね」%K%P
%LC陽菜
%LC陽菜
「人を傷つけないために自分を傷つけるのは\n　好きじゃないって、昨日言ってませんでした？」%K%P
「人を傷つけないために自分を傷つけるのは\n　好きじゃないって、昨日言ってませんでした？」%K%P
%LC美実
%LC美実
「それはそれ、これはこれ。\n　騎士道精神に自己犠牲はつきものだよ？」%K%P
「それはそれ、これはこれ。\n　騎士道精神に自己犠牲はつきものだよ？」%K%P
%LC陽菜
%LC陽菜
「それこそ都合がよすぎませんか？」%K%P
「それこそ都合がよすぎませんか？」%K%P
%LC美実
%LC美実
「むむっ……。陽菜ちゃん、\n　今日はやけに踏み込んでくるね？」%K%P
「むむっ……。陽菜ちゃん、\n　今日はやけに踏み込んでくるね？」%K%P
%LC陽菜
%LC陽菜
「そういうわけじゃないですけど……。\n　なんか、釈然としないっていうか……」%K%P
「そういうわけじゃないですけど……。\n　なんか、釈然としないっていうか……」%K%P
%LC美実
%LC美実
「気持ちはわからなくもないけど。\n　私にだってメリットはちゃんとあるんだよ？」%K%P
「気持ちはわからなくもないけど。\n　私にだってメリットはちゃんとあるんだよ？」%K%P
%LC美実
%LC美実
「陽菜ちゃんとエンゲージしたことで、\n　これまでよりも一緒にいられるからね」%K%P
「陽菜ちゃんとエンゲージしたことで、\n　これまでよりも一緒にいられるからね」%K%P
%LC美実
%LC美実
「それに、トレーニングだって一緒に出来るし。\n　これって私からすると、すっごい特典なんだよ？」%K%P
「それに、トレーニングだって一緒に出来るし。\n　これって私からすると、すっごい特典なんだよ？」%K%P
%LC美実
%LC美実
「なんたって、あの指南役補佐代理を、\n　しばらくの間、独り占めできちゃうんだから」%K%P
「なんたって、あの指南役補佐代理を、\n　しばらくの間、独り占めできちゃうんだから」%K%P
%LC美実
%LC美実
「トレーニングでは、いっぱい模擬戦しようね。\n　ひとまずはそれで満足させてもらうから」%K%P
「トレーニングでは、いっぱい模擬戦しようね。\n　ひとまずはそれで満足させてもらうから」%K%P
%LC陽菜
%LC陽菜
「……わかりました。私でよければ、喜んで」%K%P
「……わかりました。私でよければ、喜んで」%K%P
%LC美実
%LC美実
「ありがとう、陽菜ちゃん」%K%P
「ありがとう、陽菜ちゃん」%K%P
%LC美実
%LC美実
「けど、陽菜ちゃんを独り占め、か……。\n　にひひっ　エンゲージって最高だねぇ」%K%P
「けど、陽菜ちゃんを独り占め、か……。\n　にひひっ　エンゲージって最高だねぇ」%K%P
いつもの調子でこっちを見つめる美実様に、\n思わず身構えてしまう、けど。%K%P
いつもの調子でこっちを見つめる美実様に、\n思わず身構えてしまう、けど。%K%P
%LC美実
%LC美実
「大丈夫、陽菜ちゃんに手は出さないから。\n　そんなことしたら睦月ちゃんに悪いし」%K%P
「大丈夫、陽菜ちゃんに手は出さないから。\n　そんなことしたら睦月ちゃんに悪いし」%K%P
%LC陽菜
%LC陽菜
「なんで睦月さんが出てくるんですか」%K%P
「なんで睦月さんが出てくるんですか」%K%P
%LC美実
%LC美実
「だって、ねぇ……？　昨日のあの感じ、\n　そういうことなんでしょ？」%K%P
「だって、ねぇ……？　昨日のあの感じ、\n　そういうことなんでしょ？」%K%P
%LC陽菜
%LC陽菜
「そうもこうもどうもないですっ」%K%P
「そうもこうもどうもないですっ」%K%P
%LC美実
%LC美実
「いいんだよ？　照れなくても。\n　ご存じの通り、私は女の子同士アリだから」%K%P
「いいんだよ？　照れなくても。\n　ご存じの通り、私は女の子同士アリだから」%K%P
%LC陽菜
%LC陽菜
%XS21「美実様っ」%XE%K%P
%XS21「美実様っ」%XE%K%P
%LC美実
%LC美実
「あははっ。ホント可愛いね、陽菜ちゃん」%K%P
「あははっ。ホント可愛いね、陽菜ちゃん」%K%P
%LC陽菜
%LC陽菜
「うぅ……」%K%P
「うぅ……」%K%P
気付けば、困らされて呻くという、お馴染みの流れ。%K%P
気付けば、困らされて呻くという、お馴染みの流れ。%K%P
美実様って、こっちが感心したりすると、\nこんなふうに茶化してくることが多い気がする。%K%P
美実様って、こっちが感心したりすると、\nこんなふうに茶化してくることが多い気がする。%K%P
以前はあまり気にしていなかったけど……、\nこれって実は、駆け引きなんじゃないだろうか。%K%P
以前はあまり気にしていなかったけど……、\nこれって実は、駆け引きなんじゃないだろうか。%K%P
必要以上に自分のほうへ踏み込まれないよう、\n牽制しつつ、後ろに下がる――といえばいいのか。%K%P
必要以上に自分のほうへ踏み込まれないよう、\n牽制しつつ、後ろに下がる――といえばいいのか。%K%P
まるで、美実様自身の剣術スタイルのように、\n相手の攻撃をギリギリ躱す感じで、スッと身を引く。%K%P
まるで、美実様自身の剣術スタイルのように、\n相手の攻撃をギリギリ躱す感じで、スッと身を引く。%K%P
これまで美実様は積極的な人だと思っていたけど、\n実際は逆なのかも知れない。%K%P
これまで美実様は積極的な人だと思っていたけど、\n実際は逆なのかも知れない。%K%P
相手との距離を詰めるのが上手いんじゃなく、\n自分の懐に入られないように、自ら歩み寄る――。%K%P
相手との距離を詰めるのが上手いんじゃなく、\n自分の懐に入られないように、自ら歩み寄る――。%K%P
なんか、そんな気がする。%K%P
なんか、そんな気がする。%K%P
%LC美実
%LC美実
「そういえば、陽菜ちゃんの秘密に関してだけど。\n　詳しく聞くつもりはないから安心してね」%K%P
「そういえば、陽菜ちゃんの秘密に関してだけど。\n　詳しく聞くつもりはないから安心してね」%K%P
%LC陽菜
%LC陽菜
「えっ、でも」%K%P
「えっ、でも」%K%P
%LC美実
%LC美実
「昨日も言ったでしょ？\n　打ち明ける必要はないって」%K%P
「昨日も言ったでしょ？\n　打ち明ける必要はないって」%K%P
%LC美実
%LC美実
「{舞闘:カデンツァ}大好きな陽菜ちゃんが、わざと負けよう、\n　なんて方法を選んででも守ろうとする秘密だもん」%K%P
「{舞闘:カデンツァ}大好きな陽菜ちゃんが、わざと負けよう、\n　なんて方法を選んででも守ろうとする秘密だもん」%K%P
%LC美実
%LC美実
「それを根掘り葉掘り、なんて野暮な真似したら、\n　こっそりフォローする意味がなくなっちゃうし」%K%P
「それを根掘り葉掘り、なんて野暮な真似したら、\n　こっそりフォローする意味がなくなっちゃうし」%K%P
%LC美実
%LC美実
「誰にだって、言えないことのひとつやふたつ、\n　あるものでしょ？」%K%P
「誰にだって、言えないことのひとつやふたつ、\n　あるものでしょ？」%K%P
%LC陽菜
%LC陽菜
「あ……」%K%P
「あ……」%K%P
期せずして、オレがつーちゃんに告げた台詞と、\n同じ言葉が出てきて。%K%P
期せずして、オレがつーちゃんに告げた台詞と、\n同じ言葉が出てきて。%K%P
思わず、目をぱちくりとするように、\n美実様をまじまじっと見つめてしまう。%K%P
思わず、目をぱちくりとするように、\n美実様をまじまじっと見つめてしまう。%K%P
%LC美実
%LC美実
「なに、どしたの？　私、変なこと言った？」%K%P
「なに、どしたの？　私、変なこと言った？」%K%P
%LC陽菜
%LC陽菜
「いえ。そうじゃなくて、実は――」%K%P
「いえ。そうじゃなくて、実は――」%K%P
土曜の夕方、つーちゃんを学生寮へ送る道すがら、\n彼女とした会話のことを美実様に伝える。%K%P
土曜の夕方、つーちゃんを学生寮へ送る道すがら、\n彼女とした会話のことを美実様に伝える。%K%P
と、美実様はどことなく楽しそうに頷いた。%K%P
と、美実様はどことなく楽しそうに頷いた。%K%P
%LC美実
%LC美実
「なるほどねぇ……。それで昨日、\n　睦月ちゃんがあんなこと言い出したわけね」%K%P
「なるほどねぇ……。それで昨日、\n　睦月ちゃんがあんなこと言い出したわけね」%K%P
あんなことっていうのはきっと、\n秘密が関係しているんですかって発言のことだろう。%K%P
あんなことっていうのはきっと、\n秘密が関係しているんですかって発言のことだろう。%K%P
彼女のあの一言がなければ、\nオレが美実様とエンゲージすることもなかった。%K%P
彼女のあの一言がなければ、\nオレが美実様とエンゲージすることもなかった。%K%P
%LC美実
%LC美実
「ふふっ、なんかいいね、そういうの。\n　実にアオハルっぽい感じ」%K%P
「ふふっ、なんかいいね、そういうの。\n　実にアオハルっぽい感じ」%K%P
%LC陽菜
%LC陽菜
「美実様は、親友にだったら、\n　なんでも隠さず話せますか？」%K%P
「美実様は、親友にだったら、\n　なんでも隠さず話せますか？」%K%P
%LC美実
%LC美実
「どうかなぁ……。私もわりと、\n　陽菜ちゃん寄りな意見だと思うよ」%K%P
「どうかなぁ……。私もわりと、\n　陽菜ちゃん寄りな意見だと思うよ」%K%P
%LC陽菜
%LC陽菜
「言えない秘密もあるってことですか？」%K%P
「言えない秘密もあるってことですか？」%K%P
%LC美実
%LC美実
「より正確に言うなら、言いたくない、かな」%K%P
「より正確に言うなら、言いたくない、かな」%K%P
%LC美実
%LC美実
「だって……なんでもかんでも話して、\n　もし嫌われたらって考えたら、怖いでしょ？」%K%P
「だって……なんでもかんでも話して、\n　もし嫌われたらって考えたら、怖いでしょ？」%K%P
%LC陽菜
%LC陽菜
「あ……」%K%P
「あ……」%K%P
呟くようなその一言に、心の中で、大きく頷く。%K%P
呟くようなその一言に、心の中で、大きく頷く。%K%P
……そうだ。たぶんオレも、そうなんだ。%K%P
……そうだ。たぶんオレも、そうなんだ。%K%P
女装していることが誰かにバレたら、\n当然、ニナさんや姉さんに迷惑が掛かる。%K%P
女装していることが誰かにバレたら、\n当然、ニナさんや姉さんに迷惑が掛かる。%K%P
それはもちろん避けたいし、結果として、\n志半ばで学園にいられなくなってしまうのも困る。%K%P
それはもちろん避けたいし、結果として、\n志半ばで学園にいられなくなってしまうのも困る。%K%P
けど、それ以上に、杏奈ちゃんやクラスのみんなや、\n依夜様やクレール様や梨理ちゃんや――、%K%P
けど、それ以上に、杏奈ちゃんやクラスのみんなや、\n依夜様やクレール様や梨理ちゃんや――、%K%P
そういう、近しい人に秘密を知られたとき、\n嫌われたり軽蔑されたりするのが怖いんだ。%K%P
そういう、近しい人に秘密を知られたとき、\n嫌われたり軽蔑されたりするのが怖いんだ。%K%P
%LC美実
%LC美実
「睦月ちゃんの言う、なんでも話せるっていうのも、\n　ひとつの在り方だと思うんだけど――」%K%P
「睦月ちゃんの言う、なんでも話せるっていうのも、\n　ひとつの在り方だと思うんだけど――」%K%P
%LC美実
%LC美実
「私としては、なにも聞かずに信じるっていうのも、\n　親友の在り方なのかなって思うんだ」%K%P
「私としては、なにも聞かずに信じるっていうのも、\n　親友の在り方なのかなって思うんだ」%K%P
%LC美実
%LC美実
「これは、どっちが正しいとかじゃなく、\n　どっちもアリだよね、って感じで」%K%P
「これは、どっちが正しいとかじゃなく、\n　どっちもアリだよね、って感じで」%K%P
%LC陽菜
%LC陽菜
「美実様……」%K%P
「美実様……」%K%P
%LC美実
%LC美実
「まあ、つまりはそういうことだから。\n　陽菜ちゃんも、あんまり気兼ねしないで」%K%P
「まあ、つまりはそういうことだから。\n　陽菜ちゃんも、あんまり気兼ねしないで」%K%P
%LC美実
%LC美実
「杏奈みたいな健気さも、依夜みたいな頼り甲斐も、\n　クレールみたいな包容力も……あと、\n　梨理みたいな可愛げもないけど――」%K%P
「杏奈みたいな健気さも、依夜みたいな頼り甲斐も、\n　クレールみたいな包容力も……あと、\n　梨理みたいな可愛げもないけど――」%K%P
%LC美実
%LC美実
「経緯はどうあれ、私たちはエンゲージした\n　パートナーなんだから」%K%P
「経緯はどうあれ、私たちはエンゲージした\n　パートナーなんだから」%K%P
%LC陽菜
%LC陽菜
「……はい」%K%P
「……はい」%K%P
つらつらと話した後、柄じゃなかったって感じで、\nちょっと恥ずかしそうに苦笑する美実様。%K%P
つらつらと話した後、柄じゃなかったって感じで、\nちょっと恥ずかしそうに苦笑する美実様。%K%P
その笑みはもしかしたら、オレの初めて見た、\n美実様のありのままの笑顔かもしれなかった。%K%P
その笑みはもしかしたら、オレの初めて見た、\n美実様のありのままの笑顔かもしれなかった。%K%P
放課後、私は学園長に案内される形で、\nセンシブルの校舎の空き教室にいた。%K%P
放課後、私は学園長に案内される形で、\nセンシブルの校舎の空き教室にいた。%K%P
%LCニナ
%LCニナ
「銀蘭祭までの２週間、練習するときは、\n　この教室を好きに使って構わないから」%K%P
「銀蘭祭までの２週間、練習するときは、\n　この教室を好きに使って構わないから」%K%P
%LCニナ
%LCニナ
「他の教室からは離れているし、簡易だけど\n　防音加工もしてるから、気兼ねなく声を出してね」%K%P
「他の教室からは離れているし、簡易だけど\n　防音加工もしてるから、気兼ねなく声を出してね」%K%P
%LC睦月
%LC睦月
「わかりました。ありがとうございます」%K%P
「わかりました。ありがとうございます」%K%P
%LCニナ
%LCニナ
「あとは、ええと……」%K%P
「あとは、ええと……」%K%P
%LCニナ
%LCニナ
「まっ、心配せずとも大丈夫よね。\n　睦月ちゃん、こういうのは慣れてるでしょうし」%K%P
「まっ、心配せずとも大丈夫よね。\n　睦月ちゃん、こういうのは慣れてるでしょうし」%K%P
%LCニナ
%LCニナ
「ウチに入学する前は、合唱団で、\n　たくさん大きな舞台に立っていたんだもの」%K%P
「ウチに入学する前は、合唱団で、\n　たくさん大きな舞台に立っていたんだもの」%K%P
%LC睦月
%LC睦月
「確かにそうですけど……でも、\n　今回はお芝居もしなくちゃいけませんから」%K%P
「確かにそうですけど……でも、\n　今回はお芝居もしなくちゃいけませんから」%K%P
%LCニナ
%LCニナ
「それだって大丈夫でしょ？\n　他でもない、あなたなら」%K%P
「それだって大丈夫でしょ？\n　他でもない、あなたなら」%K%P
%LC睦月
%LC睦月
「あまり買いかぶらないでください」%K%P
「あまり買いかぶらないでください」%K%P
%LCニナ
%LCニナ
「本当のことを言っているつもりだけど？\n　それとも、いまその理由まで言ってほしい？」%K%P
「本当のことを言っているつもりだけど？\n　それとも、いまその理由まで言ってほしい？」%K%P
%LC睦月
%LC睦月
「もう……。学園長？\n　それ以上言うなら怒りますよ？」%K%P
「もう……。学園長？\n　それ以上言うなら怒りますよ？」%K%P
%LCニナ
%LCニナ
「あっ……そうよね、ごめんなさい。\n　調子に乗るのはよくないわよね」%K%P
「あっ……そうよね、ごめんなさい。\n　調子に乗るのはよくないわよね」%K%P
%LCニナ
%LCニナ
「最近、寮でよくヒナちゃんと話すから。\n　それでつい、調子が引っ張られちゃって」%K%P
「最近、寮でよくヒナちゃんと話すから。\n　それでつい、調子が引っ張られちゃって」%K%P
%LC睦月
%LC睦月
「ん……」%K%P
「ん……」%K%P
ヒナちゃん、という言葉を聞いて、\n彼女のことを思い出し、少し、心臓が跳ねる。%K%P
ヒナちゃん、という言葉を聞いて、\n彼女のことを思い出し、少し、心臓が跳ねる。%K%P
――なんで、こんなに気になるんだろう。%K%P
――なんで、こんなに気になるんだろう。%K%P
%LCニナ
%LCニナ
「じゃあ、私は用もあるし、これで。\n　コーチが必要なときは、いつでも声をかけて」%K%P
「じゃあ、私は用もあるし、これで。\n　コーチが必要なときは、いつでも声をかけて」%K%P
%LCニナ
%LCニナ
「あなたのことは、あの人からも、\n　よろしくねってお願いされているし」%K%P
「あなたのことは、あの人からも、\n　よろしくねってお願いされているし」%K%P
%LC睦月
%LC睦月
「はい。いつも、ありがとうございます」%K%P
「はい。いつも、ありがとうございます」%K%P
私が会釈すると、ニナさんは手をふりつつ、\nにこやかに教室を後にして。%K%P
私が会釈すると、ニナさんは手をふりつつ、\nにこやかに教室を後にして。%K%P
そうして教室には、私だけが残された。%K%P
そうして教室には、私だけが残された。%K%P
%LC睦月
%LC睦月
「ふぅ……」%K%P
「ふぅ……」%K%P
ひとりになると少しだけ気が緩んで、\nそれを戒めるように、頬をぺちっと叩く。%K%P
ひとりになると少しだけ気が緩んで、\nそれを戒めるように、頬をぺちっと叩く。%K%P
窓に自分の顔を映してみると、\nそれはちょっとだけ、笑っていた。%K%P
窓に自分の顔を映してみると、\nそれはちょっとだけ、笑っていた。%K%P
たぶん、少し前に彼女のことを考えたからだ。%K%P
たぶん、少し前に彼女のことを考えたからだ。%K%P
%LC睦月
%LC睦月
「陽菜さんが辞退しなくて、\n　本当に良かった……」%K%P
「陽菜さんが辞退しなくて、\n　本当に良かった……」%K%P
日曜、ショッピングモールで偶然出会った彼女は、\nアリア合宿のことを知り、すごく動揺していた。%K%P
日曜、ショッピングモールで偶然出会った彼女は、\nアリア合宿のことを知り、すごく動揺していた。%K%P
どうやら彼女には、隠したい秘密があるらしい。%K%P
どうやら彼女には、隠したい秘密があるらしい。%K%P
そしてそれは、アリア合宿に参加することで、\nバレてしまう可能性が高いようだった。%K%P
そしてそれは、アリア合宿に参加することで、\nバレてしまう可能性が高いようだった。%K%P
%LC睦月
%LC睦月
「他の子たちと、ひとつ屋根の下で暮らして、\n　それでバレてしまうかもしれない秘密、か……」%K%P
「他の子たちと、ひとつ屋根の下で暮らして、\n　それでバレてしまうかもしれない秘密、か……」%K%P
%LC睦月
%LC睦月
「なんだか、それって……{僕:・}みたい」%K%P
「なんだか、それって……{僕:・}みたい」%K%P
鏡のように自分を映す窓ガラスを見ながら、\nふと、そんな呟きが漏れてしまう。%K%P
鏡のように自分を映す窓ガラスを見ながら、\nふと、そんな呟きが漏れてしまう。%K%P
絶対に、人前では使わない一人称。%K%P
絶対に、人前では使わない一人称。%K%P
だけど……僕は、僕だから。%K%P
だけど……僕は、僕だから。%K%P
%LC睦月
%LC睦月
「まあ、さすがに陽菜さんの抱えている秘密が、\n　僕みたいなことは、ないだろうけど」%K%P
「まあ、さすがに陽菜さんの抱えている秘密が、\n　僕みたいなことは、ないだろうけど」%K%P
窓ガラスに向かって苦笑したあと、\nそれから、譜面台に置いたスコアをめくる。%K%P
窓ガラスに向かって苦笑したあと、\nそれから、譜面台に置いたスコアをめくる。%K%P
{歌姫:ディーバ}になったからには、\n最高の歌を披露しなくっちゃ。%K%P
{歌姫:ディーバ}になったからには、\n最高の歌を披露しなくっちゃ。%K%P
それが、今の僕がすべき、一番大切なこと。%K%P
それが、今の僕がすべき、一番大切なこと。%K%P
だって歌は、僕のすべてなんだから。%K%P
だって歌は、僕のすべてなんだから。%K%P
