衝撃の銀蘭祭２日目が終わってから、はや数日。%K%P
衝撃の銀蘭祭２日目が終わってから、はや数日。%K%P
朝早いトレーニングルームには、\n懸命に汗を流すふたりの{騎士:ワルキュリア}がいた。%K%P
朝早いトレーニングルームには、\n懸命に汗を流すふたりの{騎士:ワルキュリア}がいた。%K%P
一人はオレで、もう一人は――、%K%P
一人はオレで、もう一人は――、%K%P
%LC睦月
%LC睦月
「くっ……こ、こうっ？」%K%P
「くっ……こ、こうっ？」%K%P
%LC陽菜
%LC陽菜
「良い感じだけど、\n　できればもう少し、膝の力を抜いて」%K%P
「良い感じだけど、\n　できればもう少し、膝の力を抜いて」%K%P
%LC睦月
%LC睦月
「膝の力を抜く……って、\n　えっと……こんな、かんじっ？」%K%P
「膝の力を抜く……って、\n　えっと……こんな、かんじっ？」%K%P
%LC陽菜
%LC陽菜
「そうそう。睦月、筋が良い」%K%P
「そうそう。睦月、筋が良い」%K%P
%LC睦月
%LC睦月
「陽菜が教え上手なだけだってば」%K%P
「陽菜が教え上手なだけだってば」%K%P
%LC陽菜
%LC陽菜
「なら、今日はもう少し厳しくしよっか」%K%P
「なら、今日はもう少し厳しくしよっか」%K%P
%LC睦月
%LC睦月
「えっ……ええっ？！」%K%P
「えっ……ええっ？！」%K%P
%LC陽菜
%LC陽菜
「大丈夫だって、睦月なら」%K%P
「大丈夫だって、睦月なら」%K%P
真新しいフィエルテを纏い、\n懸命に素振りを繰り返す睦月。%K%P
真新しいフィエルテを纏い、\n懸命に素振りを繰り返す睦月。%K%P
その動きや太刀筋はまだまだだけど、\n思い切りの良さがあって、見ていて心地良い。%K%P
その動きや太刀筋はまだまだだけど、\n思い切りの良さがあって、見ていて心地良い。%K%P
ちなみに睦月のフィエルテは、オレ用の予備を、\nニナさんが調整して用意してくれた物だ。%K%P
ちなみに睦月のフィエルテは、オレ用の予備を、\nニナさんが調整して用意してくれた物だ。%K%P
ニナさんいわく、オレと睦月の背格好はほとんど\n同じだったので、流用はわりと簡単だったらしい。%K%P
ニナさんいわく、オレと睦月の背格好はほとんど\n同じだったので、流用はわりと簡単だったらしい。%K%P
いまさらの話だけど、初対面のオレにサイズが\nぴったりのフィエルテを用意されていたのは、\nそもそも複数のサイズを準備していたからだった。%K%P
いまさらの話だけど、初対面のオレにサイズが\nぴったりのフィエルテを用意されていたのは、\nそもそも複数のサイズを準備していたからだった。%K%P
例のＡＲゲーム大会のデータや写真から、\nオレの体格を推測し、用意していたのだそうだ。%K%P
例のＡＲゲーム大会のデータや写真から、\nオレの体格を推測し、用意していたのだそうだ。%K%P
で、そのとき使わずお蔵入りになっていたものを、\n今回、睦月のために調整してくれた、と。%K%P
で、そのとき使わずお蔵入りになっていたものを、\n今回、睦月のために調整してくれた、と。%K%P
%LC睦月
%LC睦月
「それにしても……陽菜って、\n　よくこんなの着て戦ってられるよね」%K%P
「それにしても……陽菜って、\n　よくこんなの着て戦ってられるよね」%K%P
%LC陽菜
%LC陽菜
「テアトルでアン・ガルドを体験すれば、\n　睦月だってそんなこと言えなくなるから」%K%P
「テアトルでアン・ガルドを体験すれば、\n　睦月だってそんなこと言えなくなるから」%K%P
%LC睦月
%LC睦月
「だと、いいんだけどっ……！」%K%P
「だと、いいんだけどっ……！」%K%P
言いつつ、剣を振る睦月。%K%P
言いつつ、剣を振る睦月。%K%P
銀蘭祭１日目にダウンした{舞闘:カデンツァ}のシステムは、\n未だに復旧が叶っていない。%K%P
銀蘭祭１日目にダウンした{舞闘:カデンツァ}のシステムは、\n未だに復旧が叶っていない。%K%P
これは、ニナさんが躍起になって、\nシステムの安定化に取り組んでいるからだった。%K%P
これは、ニナさんが躍起になって、\nシステムの安定化に取り組んでいるからだった。%K%P
将来的には本家アリア同様、{舞闘:カデンツァ}で\n３対３の戦いを実現させるのがニナさんの目標らしい。%K%P
将来的には本家アリア同様、{舞闘:カデンツァ}で\n３対３の戦いを実現させるのがニナさんの目標らしい。%K%P
もっとも、１対１から２対２にするまでに\n数年かかったそうだから、当分は先だろうけど。%K%P
もっとも、１対１から２対２にするまでに\n数年かかったそうだから、当分は先だろうけど。%K%P
そんなわけで、しばらくの間、\n{舞闘:カデンツァ}――アン・ガルドはお預け。%K%P
そんなわけで、しばらくの間、\n{舞闘:カデンツァ}――アン・ガルドはお預け。%K%P
その間、武器だけでもそれらしくということで、\nニナさんはトレーニング用の武器を用意してくれた。%K%P
その間、武器だけでもそれらしくということで、\nニナさんはトレーニング用の武器を用意してくれた。%K%P
いま睦月が振っている剣も、そのひとつだ。%K%P
いま睦月が振っている剣も、そのひとつだ。%K%P
%LC睦月
%LC睦月
「ふっ……はっ、せいっ……！\n　ふふっ、えへへっ……せいっ、やっ！」%K%P
「ふっ……はっ、せいっ……！\n　ふふっ、えへへっ……せいっ、やっ！」%K%P
%LC陽菜
%LC陽菜
「睦月って、楽しそうに剣を振るよね。\n　ヒーローごっこする子供みたいに」%K%P
「睦月って、楽しそうに剣を振るよね。\n　ヒーローごっこする子供みたいに」%K%P
%LC睦月
%LC睦月
「私、ずっと女の子らしくしてたから。\n　こういうこと、一度もしたことなくて」%K%P
「私、ずっと女の子らしくしてたから。\n　こういうこと、一度もしたことなくて」%K%P
%LC睦月
%LC睦月
「合唱団に入ってからは、\n　それこそ歌一筋だったし」%K%P
「合唱団に入ってからは、\n　それこそ歌一筋だったし」%K%P
%LC睦月
%LC睦月
「だから、こういう男の子っぽいこと、\n　楽しくって……えへへっ、せいっ！」%K%P
「だから、こういう男の子っぽいこと、\n　楽しくって……えへへっ、せいっ！」%K%P
%LC陽菜
%LC陽菜
「剣を振るだけで男らしくなるなら、\n　ノーブルの子たち、全員男らしくなっちゃうよ」%K%P
「剣を振るだけで男らしくなるなら、\n　ノーブルの子たち、全員男らしくなっちゃうよ」%K%P
%LC睦月
%LC睦月
「ふふっ、まあ、そうなんだけど」%K%P
「ふふっ、まあ、そうなんだけど」%K%P
%LC睦月
%LC睦月
「でも、男らしくなりたくて剣術を始めた陽菜が、\n　そういうこと言っていいわけ？」%K%P
「でも、男らしくなりたくて剣術を始めた陽菜が、\n　そういうこと言っていいわけ？」%K%P
%LC陽菜
%LC陽菜
「それは……」%K%P
「それは……」%K%P
確かに、言われてみればその通りで。%K%P
確かに、言われてみればその通りで。%K%P
オレは格好良くなりたくて剣を手に取り、\nその道を邁進し続けた結果、この学園にやってきた。%K%P
オレは格好良くなりたくて剣を手に取り、\nその道を邁進し続けた結果、この学園にやってきた。%K%P
この学園で出会った{騎士:ワルキュリア}たちは、\nみんな、凜々しく、可憐で、美しくて。%K%P
この学園で出会った{騎士:ワルキュリア}たちは、\nみんな、凜々しく、可憐で、美しくて。%K%P
それはもちろん『格好いい』んだけど、\n男らしいかといわれると、そうじゃなくて。%K%P
それはもちろん『格好いい』んだけど、\n男らしいかといわれると、そうじゃなくて。%K%P
彼女たちはみんな、乙女ながらに格好よくて。%K%P
彼女たちはみんな、乙女ながらに格好よくて。%K%P
%LC睦月
%LC睦月
「……陽菜？　どうしたの？」%K%P
「……陽菜？　どうしたの？」%K%P
%LC陽菜
%LC陽菜
「いや、その……ひょっとしたら私、\n　１０年間ずっと思い違いをしてたのかなって」%K%P
「いや、その……ひょっとしたら私、\n　１０年間ずっと思い違いをしてたのかなって」%K%P
%LC睦月
%LC睦月
「ああ……。男らしさと格好よさは、\n　実はイコールじゃなかったかも……ってこと？」%K%P
「ああ……。男らしさと格好よさは、\n　実はイコールじゃなかったかも……ってこと？」%K%P
%LC陽菜
%LC陽菜
「うん……」%K%P
「うん……」%K%P
%LC睦月
%LC睦月
「そんなことはないと思うよ？\n　少なくとも、陽菜は格好いいし」%K%P
「そんなことはないと思うよ？\n　少なくとも、陽菜は格好いいし」%K%P
%LC陽菜
%LC陽菜
「え……」%K%P
「え……」%K%P
%LC睦月
%LC睦月
「格好良くなりたいと思い、努力を続けてきた、\n　その志そのものが、すっごく格好いい」%K%P
「格好良くなりたいと思い、努力を続けてきた、\n　その志そのものが、すっごく格好いい」%K%P
%LC睦月
%LC睦月
「私は、そんな日向くんが大好きです」%K%P
「私は、そんな日向くんが大好きです」%K%P
%LC陽菜
%LC陽菜
「っ……このっ、睦月っ！！\n　そうやっておまえは、忘れた頃にっ……！」%K%P
「っ……このっ、睦月っ！！\n　そうやっておまえは、忘れた頃にっ……！」%K%P
%LC睦月
%LC睦月
「あはは、おまえって言われちゃった。\n　そんなふうに呼ばれたの初めて」%K%P
「あはは、おまえって言われちゃった。\n　そんなふうに呼ばれたの初めて」%K%P
%LC睦月
%LC睦月
「また僕の初めてを奪っちゃったね？　日向」%K%P
「また僕の初めてを奪っちゃったね？　日向」%K%P
%LC陽菜
%LC陽菜
「くぅっ……」%K%P
「くぅっ……」%K%P
爽やかに言われて、思わずドキッとする――って、\nいやいや、いまのドキッはおかしいだろオレ。%K%P
爽やかに言われて、思わずドキッとする――って、\nいやいや、いまのドキッはおかしいだろオレ。%K%P
いまのは完全に素の睦月だったし……って、\n睦月は男女どっちでも睦月なんだけど。%K%P
いまのは完全に素の睦月だったし……って、\n睦月は男女どっちでも睦月なんだけど。%K%P
%LC睦月
%LC睦月
「そういえば知ってる？\n　陽菜、また噂になってるみたいだよ」%K%P
「そういえば知ってる？\n　陽菜、また噂になってるみたいだよ」%K%P
%LC陽菜
%LC陽菜
「噂って……どうせまた睦月との仲を、\n　熱愛だの禁断の恋だのって騒いでるんでしょ？」%K%P
「噂って……どうせまた睦月との仲を、\n　熱愛だの禁断の恋だのって騒いでるんでしょ？」%K%P
銀蘭祭でふたりの歌姫が披露された結果、\nオレと睦月の熱愛の噂は、一度収まった。%K%P
銀蘭祭でふたりの歌姫が披露された結果、\nオレと睦月の熱愛の噂は、一度収まった。%K%P
でも、好奇心旺盛な乙女たちは、\nふたたびオレたちの仲を囃し立て始めたらしい。%K%P
でも、好奇心旺盛な乙女たちは、\nふたたびオレたちの仲を囃し立て始めたらしい。%K%P
%LC陽菜
%LC陽菜
「反応しちゃうと余計に盛り上がっちゃうし。\n　放っておけば、そのうち静かになるでしょ」%K%P
「反応しちゃうと余計に盛り上がっちゃうし。\n　放っておけば、そのうち静かになるでしょ」%K%P
%LC睦月
%LC睦月
「ふふっ、陽菜もわかってきたみたいだね。\n　乙女心のなんたるかを」%K%P
「ふふっ、陽菜もわかってきたみたいだね。\n　乙女心のなんたるかを」%K%P
%LC陽菜
%LC陽菜
「おかげさまで」%K%P
「おかげさまで」%K%P
オレのまわりには杏奈ちゃんを初めとして、\n個性豊かな女の子がたくさんいて。%K%P
オレのまわりには杏奈ちゃんを初めとして、\n個性豊かな女の子がたくさんいて。%K%P
とくに美実様には、そのあたりの対応力を、\nとっくりと鍛えてもらったし。%K%P
とくに美実様には、そのあたりの対応力を、\nとっくりと鍛えてもらったし。%K%P
%LC睦月
%LC睦月
「でも、私が言ってる噂は、それじゃなくて。\n　陽菜の呼び名についてだよ」%K%P
「でも、私が言ってる噂は、それじゃなくて。\n　陽菜の呼び名についてだよ」%K%P
%LC陽菜
%LC陽菜
「呼び名って……つまり、\n　{最優秀騎士:ブリランテ}や{歌姫:ディーバ}みたいな？」%K%P
「呼び名って……つまり、\n　{最優秀騎士:ブリランテ}や{歌姫:ディーバ}みたいな？」%K%P
%LC睦月
%LC睦月
「そう。{騎士:ワルキュリア}としては、{最優秀騎士:ブリランテ}である\n　依夜様やクレール様と互角以上の実力――」%K%P
「そう。{騎士:ワルキュリア}としては、{最優秀騎士:ブリランテ}である\n　依夜様やクレール様と互角以上の実力――」%K%P
%LC睦月
%LC睦月
「一方で、{歌姫:ディーバ}である私とともに、\n　歌劇アリアで歌姫を演じきった歌唱力――」%K%P
「一方で、{歌姫:ディーバ}である私とともに、\n　歌劇アリアで歌姫を演じきった歌唱力――」%K%P
%LC睦月
%LC睦月
「どっちの活躍もすごすぎるから、\n　ぜひ独自の呼び名が欲しいって話があって」%K%P
「どっちの活躍もすごすぎるから、\n　ぜひ独自の呼び名が欲しいって話があって」%K%P
%LC陽菜
%LC陽菜
「それ、呼び名じゃなくて、\n　二つ名って言うやつじゃない……？」%K%P
「それ、呼び名じゃなくて、\n　二つ名って言うやつじゃない……？」%K%P
%LC睦月
%LC睦月
「あっ、そうそう。まさに二つ名」%K%P
「あっ、そうそう。まさに二つ名」%K%P
%LC陽菜
%LC陽菜
「そんなことになってるんだ……」%K%P
「そんなことになってるんだ……」%K%P
%LC睦月
%LC睦月
「で、それが昨日決まったって」%K%P
「で、それが昨日決まったって」%K%P
%LC陽菜
%LC陽菜
「まっじでっ！？」%K%P
「まっじでっ！？」%K%P
%LC睦月
%LC睦月
「うん。……知りたい？」%K%P
「うん。……知りたい？」%K%P
%LC陽菜
%LC陽菜
「えええ……」%K%P
「えええ……」%K%P
スッ言ってくれたらいいのに、\nここで問われると、かえって答えに困る。%K%P
スッ言ってくれたらいいのに、\nここで問われると、かえって答えに困る。%K%P
けど、なんか睦月、楽しそうだし。%K%P
けど、なんか睦月、楽しそうだし。%K%P
たぶん、そう悪いものじゃない気がするし。%K%P
たぶん、そう悪いものじゃない気がするし。%K%P
%LC陽菜
%LC陽菜
「……聞きましょう」%K%P
「……聞きましょう」%K%P
%LC睦月
%LC睦月
「素直じゃないんだから」%K%P
「素直じゃないんだから」%K%P
%LC陽菜
%LC陽菜
「教えて下さい」%K%P
「教えて下さい」%K%P
%LC睦月
%LC睦月
「『{歌姫騎士:ディバリエーレ}』――、\n　{歌姫:ディーバ}と{騎士:カヴァリエーレ}をあわせた造語だって」%K%P
「『{歌姫騎士:ディバリエーレ}』――、\n　{歌姫:ディーバ}と{騎士:カヴァリエーレ}をあわせた造語だって」%K%P
%LC睦月
%LC睦月
「{歌姫:ディーバ}がイタリア語だから、\n　騎士もそれに合わせてイタリア語にしたみたい」%K%P
「{歌姫:ディーバ}がイタリア語だから、\n　騎士もそれに合わせてイタリア語にしたみたい」%K%P
%LC陽菜
%LC陽菜
「それ考えたの、絶対にニナさんだと思う。\n　あの人、こういうの考えるのすっごい好きだし」%K%P
「それ考えたの、絶対にニナさんだと思う。\n　あの人、こういうの考えるのすっごい好きだし」%K%P
%LC睦月
%LC睦月
「だよね。私もそう思う」%K%P
「だよね。私もそう思う」%K%P
%LC睦月
%LC睦月
「でも、格好いい響きじゃない？\n　造語だから、陽菜だけのオンリーワンだし」%K%P
「でも、格好いい響きじゃない？\n　造語だから、陽菜だけのオンリーワンだし」%K%P
%LC陽菜
%LC陽菜
「それは、まあ、そうだけど……」%K%P
「それは、まあ、そうだけど……」%K%P
格好いい、なんて強調してくる睦月に、\nそんなふうに答えつつも、内心まんざらでもない。%K%P
格好いい、なんて強調してくる睦月に、\nそんなふうに答えつつも、内心まんざらでもない。%K%P
……{歌姫騎士:ディバリエーレ}、か。……えへへ。%K%P
……{歌姫騎士:ディバリエーレ}、か。……えへへ。%K%P
%LC睦月
%LC睦月
「いいなぁ、{歌姫騎士:ディバリエーレ}。\n　私もそんなふうに呼ばれてみたい」%K%P
「いいなぁ、{歌姫騎士:ディバリエーレ}。\n　私もそんなふうに呼ばれてみたい」%K%P
%LC陽菜
%LC陽菜
「できると思うよ？　睦月なら」%K%P
「できると思うよ？　睦月なら」%K%P
%LC睦月
%LC睦月
「え……？」%K%P
「え……？」%K%P
%LC陽菜
%LC陽菜
「{歌姫:ディーバ}はすでにクリアしてるんだし。\n　あとは騎士として強くなればいいだけでしょ？」%K%P
「{歌姫:ディーバ}はすでにクリアしてるんだし。\n　あとは騎士として強くなればいいだけでしょ？」%K%P
%LC睦月
%LC睦月
「それ、転科したらってこと……？\n　杏奈さんみたいに、ノーブルになって――」%K%P
「それ、転科したらってこと……？\n　杏奈さんみたいに、ノーブルになって――」%K%P
%LC陽菜
%LC陽菜
「でも、いいけど。センシブルのままでも、\n　銀蘭祭の{舞闘:カデンツァ}には出れるでしょ？」%K%P
「でも、いいけど。センシブルのままでも、\n　銀蘭祭の{舞闘:カデンツァ}には出れるでしょ？」%K%P
%LC陽菜
%LC陽菜
「現にクレール様がそうだったんだから」%K%P
「現にクレール様がそうだったんだから」%K%P
%LC睦月
%LC睦月
「あ……」%K%P
「あ……」%K%P
盲点だったみたいで、睦月がハッとする。%K%P
盲点だったみたいで、睦月がハッとする。%K%P
その顔を見て、話すなら、今しかないと思った。%K%P
その顔を見て、話すなら、今しかないと思った。%K%P
%LC陽菜
%LC陽菜
「これはまだ、誰にも言ってなくて。\n　睦月に話すのが、初めてなんだけど……」%K%P
「これはまだ、誰にも言ってなくて。\n　睦月に話すのが、初めてなんだけど……」%K%P
%LC陽菜
%LC陽菜
「私、指南役補佐代理の役目が終わっても、\n　卒業するまで、この学園に残るつもりだから」%K%P
「私、指南役補佐代理の役目が終わっても、\n　卒業するまで、この学園に残るつもりだから」%K%P
%LC睦月
%LC睦月
「えっ……？　それ、ほんと……？」%K%P
「えっ……？　それ、ほんと……？」%K%P
%LC陽菜
%LC陽菜
「うん。昨日、ニナさんに相談して……。\n　許可をもらったばっかりなんだ」%K%P
「うん。昨日、ニナさんに相談して……。\n　許可をもらったばっかりなんだ」%K%P
%LC陽菜
%LC陽菜
「ただ、職員じゃなくなっちゃうから。\n　そうしたら、学生寮に引っ越すんだけど」%K%P
「ただ、職員じゃなくなっちゃうから。\n　そうしたら、学生寮に引っ越すんだけど」%K%P
%LC睦月
%LC睦月
「あっ……あの、私、一人部屋、だけど……」%K%P
「あっ……あの、私、一人部屋、だけど……」%K%P
%LC陽菜
%LC陽菜
「うん。……それもいいかなって、思ってる」%K%P
「うん。……それもいいかなって、思ってる」%K%P
%LC睦月
%LC睦月
「陽菜……」%K%P
「陽菜……」%K%P
%LC陽菜
%LC陽菜
「それで、卒業までいるってことは当然、\n　来年の銀蘭祭にも出るわけで」%K%P
「それで、卒業までいるってことは当然、\n　来年の銀蘭祭にも出るわけで」%K%P
%LC陽菜
%LC陽菜
「ニナさんの頑張り具合を見るに、来年の銀蘭祭も、\n　きっと{連弾:デュオ}{舞闘:カデンツァ}だと思うんだ」%K%P
「ニナさんの頑張り具合を見るに、来年の銀蘭祭も、\n　きっと{連弾:デュオ}{舞闘:カデンツァ}だと思うんだ」%K%P
%LC陽菜
%LC陽菜
「んで……もしよかったら来年、私と――」%K%P
「んで……もしよかったら来年、私と――」%K%P
%LC睦月
%LC睦月
「うんっ！　しよう、エンゲージっ！\n　私、陽菜とエンゲージしたいっ！」%K%P
「うんっ！　しよう、エンゲージっ！\n　私、陽菜とエンゲージしたいっ！」%K%P
%LC陽菜
%LC陽菜
「あっ……」%K%P
「あっ……」%K%P
遠慮がちに問い掛けたオレに、\n睦月がにこっと笑って頷く。%K%P
遠慮がちに問い掛けたオレに、\n睦月がにこっと笑って頷く。%K%P
それは、幼い頃の――つーちゃんを彷彿とさせる、\n元気いっぱいの、可愛い笑顔で。%K%P
それは、幼い頃の――つーちゃんを彷彿とさせる、\n元気いっぱいの、可愛い笑顔で。%K%P
%LC陽菜
%LC陽菜
「簡単に言ったけど、実際はかなり大変だよ？」%K%P
「簡単に言ったけど、実際はかなり大変だよ？」%K%P
%LC陽菜
%LC陽菜
「センシブルが代表に選ばれるには、\n　推薦枠か投票枠しかないんだからね？」%K%P
「センシブルが代表に選ばれるには、\n　推薦枠か投票枠しかないんだからね？」%K%P
%LC睦月
%LC睦月
「わかってる。でも、私には他でもない、\n　{歌姫騎士:ディバリエーレ}がついてるし。ね？」%K%P
「わかってる。でも、私には他でもない、\n　{歌姫騎士:ディバリエーレ}がついてるし。ね？」%K%P
%LC陽菜
%LC陽菜
「１年しかないから。ビシバシいくよ？」%K%P
「１年しかないから。ビシバシいくよ？」%K%P
%LC睦月
%LC睦月
「優しくしてくださいね？　陽菜さん」%K%P
「優しくしてくださいね？　陽菜さん」%K%P
%LC陽菜
%LC陽菜
「ぐっ……もうっ、睦月っ！！」%K%P
「ぐっ……もうっ、睦月っ！！」%K%P
%LC睦月
%LC睦月
「あははっ、ほんと耐性つかないんだから」%K%P
「あははっ、ほんと耐性つかないんだから」%K%P
それから１年後の銀蘭祭、\nふたりの{歌姫騎士:ディバリエーレ}が、\n前代未聞の活躍をすることになるんだけど――、%K%P
それから１年後の銀蘭祭、\nふたりの{歌姫騎士:ディバリエーレ}が、\n前代未聞の活躍をすることになるんだけど――、%K%P
――それはまた、別の話。%K%P
――それはまた、別の話。%K%P
