美実様に奥の手を披露した翌日――土曜日の放課後。%K%P
美実様に奥の手を披露した翌日――土曜日の放課後。%K%P
{連弾:デュオ}{舞闘:カデンツァ}トーナメント初戦、第１試合は、\n千波ちゃんと小夜さんのペアを打ち破り、\n依夜様と杏奈ちゃんが決勝進出を決めた。%K%P
{連弾:デュオ}{舞闘:カデンツァ}トーナメント初戦、第１試合は、\n千波ちゃんと小夜さんのペアを打ち破り、\n依夜様と杏奈ちゃんが決勝進出を決めた。%K%P
そして、第２試合。オレと美実様の相手は、\nクレール様と梨理ちゃんのペア。%K%P
そして、第２試合。オレと美実様の相手は、\nクレール様と梨理ちゃんのペア。%K%P
はたして、その結果は――、%K%P
はたして、その結果は――、%K%P
%LC美実
%LC美実
「いやぁ、惜しかったねぇ……。\n　あと一歩……いや、三歩ぐらい？」%K%P
「いやぁ、惜しかったねぇ……。\n　あと一歩……いや、三歩ぐらい？」%K%P
%LC美実
%LC美実
「陽菜ちゃんが例の技を出したときは、\n　勝ったなガハハってな感じだったんだけど」%K%P
「陽菜ちゃんが例の技を出したときは、\n　勝ったなガハハってな感じだったんだけど」%K%P
%LC美実
%LC美実
「まさか、あれを防いじゃうとは……。\n　完全にしてやられちゃったね」%K%P
「まさか、あれを防いじゃうとは……。\n　完全にしてやられちゃったね」%K%P
試合が終わったあとの、テアトルの控え室。%K%P
試合が終わったあとの、テアトルの控え室。%K%P
舞台上から戻ってきた美実様の言葉通り、\nオレたちは負けてしまった。%K%P
舞台上から戻ってきた美実様の言葉通り、\nオレたちは負けてしまった。%K%P
あの奥の手は、クレール様に通用しなかった。%K%P
あの奥の手は、クレール様に通用しなかった。%K%P
%LC美実
%LC美実
「私は梨理の相手で手一杯で、\n　ちゃんとは見れてなかったんだけど――」%K%P
「私は梨理の相手で手一杯で、\n　ちゃんとは見れてなかったんだけど――」%K%P
%LC美実
%LC美実
「なんか、ありえない動きをされたんでしょ？\n　観客席、ずっとざわざわしてたし」%K%P
「なんか、ありえない動きをされたんでしょ？\n　観客席、ずっとざわざわしてたし」%K%P
%LC陽菜
%LC陽菜
「よくある表現になっちゃいますけど、\n　あれはもう、後ろに目がついてるとしか……」%K%P
「よくある表現になっちゃいますけど、\n　あれはもう、後ろに目がついてるとしか……」%K%P
剣に注意を引きつけ、死角に回り込むまでは、\n我ながら、かなり見事に決まったと思う。%K%P
剣に注意を引きつけ、死角に回り込むまでは、\n我ながら、かなり見事に決まったと思う。%K%P
でも、いざ斬りかかろうとした次の瞬間、\nオレの飾緒はクレール様に断たれていた。%K%P
でも、いざ斬りかかろうとした次の瞬間、\nオレの飾緒はクレール様に断たれていた。%K%P
%LC陽菜
%LC陽菜
「あの技って、隙を突くために隙を作るので、\n　バレるとすっごい無防備なんです」%K%P
「あの技って、隙を突くために隙を作るので、\n　バレるとすっごい無防備なんです」%K%P
%LC陽菜
%LC陽菜
「それでも、初見の相手に限れば、\n　見抜かれることはないと思ってたんですけど……」%K%P
「それでも、初見の相手に限れば、\n　見抜かれることはないと思ってたんですけど……」%K%P
%LC美実
%LC美実
「これまたよくある表現だけど、\n　クレールの方が一枚上手だったと」%K%P
「これまたよくある表現だけど、\n　クレールの方が一枚上手だったと」%K%P
%LC陽菜
%LC陽菜
「はい。なので、負けて悔いなし……というか、\n　試合が終わった今も、武者震いしてるぐらいで」%K%P
「はい。なので、負けて悔いなし……というか、\n　試合が終わった今も、武者震いしてるぐらいで」%K%P
クレール様は本当に強くて、全身全霊で挑んで、\nそれでも負けてしまったけれど。%K%P
クレール様は本当に強くて、全身全霊で挑んで、\nそれでも負けてしまったけれど。%K%P
オレはこの{劇場:テアトル}で、\n最高の勝負を演じることができたと思う。%K%P
オレはこの{劇場:テアトル}で、\n最高の勝負を演じることができたと思う。%K%P
%LC美実
%LC美実
「そっか……。ふふっ、やっぱりあのとき、\n　陽菜ちゃんとエンゲージしておいてよかった」%K%P
「そっか……。ふふっ、やっぱりあのとき、\n　陽菜ちゃんとエンゲージしておいてよかった」%K%P
%LC美実
%LC美実
「でなきゃ、陽菜ちゃんのそんな笑顔、\n　見ることはできなかっただろうし」%K%P
「でなきゃ、陽菜ちゃんのそんな笑顔、\n　見ることはできなかっただろうし」%K%P
%LC陽菜
%LC陽菜
「笑顔って……」%K%P
「笑顔って……」%K%P
%LC美実
%LC美実
「陽菜ちゃん、いま、笑ってるよ？」%K%P
「陽菜ちゃん、いま、笑ってるよ？」%K%P
%LC陽菜
%LC陽菜
「ん……」%K%P
「ん……」%K%P
自分ではそんな意識がなかっただけに、\n指摘されて、ちょっと照れくさくなってしまう。%K%P
自分ではそんな意識がなかっただけに、\n指摘されて、ちょっと照れくさくなってしまう。%K%P
%LC美実
%LC美実
「それに……っていうと、おまけみたいだけど。\n　私も久しぶりに梨理と戦えて楽しかったし」%K%P
「それに……っていうと、おまけみたいだけど。\n　私も久しぶりに梨理と戦えて楽しかったし」%K%P
%LC陽菜
%LC陽菜
「久しぶり……？」%K%P
「久しぶり……？」%K%P
%LC美実
%LC美実
「いろいろあって、２年半ぐらい前に、\n　フェンシングを辞めちゃってたからね」%K%P
「いろいろあって、２年半ぐらい前に、\n　フェンシングを辞めちゃってたからね」%K%P
%LC美実
%LC美実
「でもほんと、梨理と{舞闘:カデンツァ}で\n　戦えて良かったなぁって思う」%K%P
「でもほんと、梨理と{舞闘:カデンツァ}で\n　戦えて良かったなぁって思う」%K%P
%LC美実
%LC美実
「ほら、フェンシングってマスク被るから、\n　相手の顔ってよく見えないじゃない？」%K%P
「ほら、フェンシングってマスク被るから、\n　相手の顔ってよく見えないじゃない？」%K%P
%LC美実
%LC美実
「でも、{舞闘:カデンツァ}は相手の顔がよく見えて。\n　梨理の顔も、よーく見えて」%K%P
「でも、{舞闘:カデンツァ}は相手の顔がよく見えて。\n　梨理の顔も、よーく見えて」%K%P
%LC美実
%LC美実
「あの子、こんな顔で戦ってたんだ……ってね。\n　そういうのがよくわかって、楽しかった」%K%P
「あの子、こんな顔で戦ってたんだ……ってね。\n　そういうのがよくわかって、楽しかった」%K%P
%LC美実
%LC美実
「決着つけられなかったのは、悔しいけど……。\n　それって、梨理が強くなってたってことだし」%K%P
「決着つけられなかったのは、悔しいけど……。\n　それって、梨理が強くなってたってことだし」%K%P
%LC美実
%LC美実
「姉としては、妹の成長を肌で感じられて、\n　それこそ、負けて悔いなしって感じ」%K%P
「姉としては、妹の成長を肌で感じられて、\n　それこそ、負けて悔いなしって感じ」%K%P
%LC陽菜
%LC陽菜
「梨理ちゃん、なんだかんだ言いつつも、\n　クレール様に色々と教わってたみたいですし」%K%P
「梨理ちゃん、なんだかんだ言いつつも、\n　クレール様に色々と教わってたみたいですし」%K%P
%LC美実
%LC美実
「そうそうっ、そうなんだよね」%K%P
「そうそうっ、そうなんだよね」%K%P
%LC美実
%LC美実
「あの子が誰かに何かを教わるのって、\n　滅多にないから。そういうの姉として嬉しくて」%K%P
「あの子が誰かに何かを教わるのって、\n　滅多にないから。そういうの姉として嬉しくて」%K%P
そういえば{騎士道:シュバルリィ}の授業でも、\n梨理ちゃんは一人黙々とトレーニングしていたっけ。%K%P
そういえば{騎士道:シュバルリィ}の授業でも、\n梨理ちゃんは一人黙々とトレーニングしていたっけ。%K%P
%LC美実
%LC美実
「ほんと、ありがたいったらないよね。\n　梨理もだんだんクレールに懐いてきたし」%K%P
「ほんと、ありがたいったらないよね。\n　梨理もだんだんクレールに懐いてきたし」%K%P
%LC美実
%LC美実
「この調子だと、あるいは決勝で、\n　依夜に勝っちゃう、なんてこともあるのかな」%K%P
「この調子だと、あるいは決勝で、\n　依夜に勝っちゃう、なんてこともあるのかな」%K%P
%LC美実
%LC美実
「だとしたら……ホント、すごいんだけど」%K%P
「だとしたら……ホント、すごいんだけど」%K%P
ぽつりと漏らした美実様の呟きを聞き、\n気になっていたことを尋ねてみる。%K%P
ぽつりと漏らした美実様の呟きを聞き、\n気になっていたことを尋ねてみる。%K%P
%LC陽菜
%LC陽菜
「梨理ちゃんって前々からずっと、\n　依夜様をすごく意識してますよね」%K%P
「梨理ちゃんって前々からずっと、\n　依夜様をすごく意識してますよね」%K%P
%LC美実
%LC美実
「あー……まあ、うん。\n　あの子はあの子で、いろいろとあるから」%K%P
「あー……まあ、うん。\n　あの子はあの子で、いろいろとあるから」%K%P
%LC美実
%LC美実
「決勝戦で、すっごい梨理が見られるかと思うと、\n　それが楽しみなような、少し、怖いような……」%K%P
「決勝戦で、すっごい梨理が見られるかと思うと、\n　それが楽しみなような、少し、怖いような……」%K%P
%LC美実
%LC美実
「まあ、私たちは負けちゃったから。\n　この先は指をくわえて見てるだけ、なんだけど」%K%P
「まあ、私たちは負けちゃったから。\n　この先は指をくわえて見てるだけ、なんだけど」%K%P
%LC陽菜
%LC陽菜
「……そう、ですね」%K%P
「……そう、ですね」%K%P
美実様の呟きに、小さく頷く。%K%P
美実様の呟きに、小さく頷く。%K%P
さっきも言ったように、試合に負けたこと、\nそれ自体には、まったくもって悔いはない。%K%P
さっきも言ったように、試合に負けたこと、\nそれ自体には、まったくもって悔いはない。%K%P
けど、それとは別に、心残りがひとつあった。%K%P
けど、それとは別に、心残りがひとつあった。%K%P
試合を終えたあと、制服に着替えて、\nテアトルから職員寮へ帰ろうとしていた道すがら。%K%P
試合を終えたあと、制服に着替えて、\nテアトルから職員寮へ帰ろうとしていた道すがら。%K%P
%LC睦月
%LC睦月
「陽菜さん、お疲れ様でした」%K%P
「陽菜さん、お疲れ様でした」%K%P
そんな声とともに、彼女が現れた。%K%P
そんな声とともに、彼女が現れた。%K%P
%LC睦月
%LC睦月
「おそらく、この道を通るはずだと思って……。\n　不躾ですけど、待ち伏せてしまいました」%K%P
「おそらく、この道を通るはずだと思って……。\n　不躾ですけど、待ち伏せてしまいました」%K%P
%LC睦月
%LC睦月
「どうしても、会って直接、お話がしたくて」%K%P
「どうしても、会って直接、お話がしたくて」%K%P
%LC陽菜
%LC陽菜
「お話って……私と？」%K%P
「お話って……私と？」%K%P
%LC睦月
%LC睦月
「はい。今日の試合、とてもすごかったです。\n　本当に、すごいとしか、言いようがなくて」%K%P
「はい。今日の試合、とてもすごかったです。\n　本当に、すごいとしか、言いようがなくて」%K%P
%LC睦月
%LC睦月
「この学園に入学してから、何度も{舞闘:カデンツァ}を\n　見てきましたが、今日の試合が一番でした」%K%P
「この学園に入学してから、何度も{舞闘:カデンツァ}を\n　見てきましたが、今日の試合が一番でした」%K%P
%LC睦月
%LC睦月
「それこそ……私も剣を手に戦ってみたいなって、\n　そんなふうに思ってしまうぐらいには」%K%P
「それこそ……私も剣を手に戦ってみたいなって、\n　そんなふうに思ってしまうぐらいには」%K%P
%LC陽菜
%LC陽菜
「睦月さん……。ありがとう。\n　それ、最高の褒め言葉だと思う」%K%P
「睦月さん……。ありがとう。\n　それ、最高の褒め言葉だと思う」%K%P
%LC陽菜
%LC陽菜
「けど、睦月さんは杏奈ちゃんのように、\n　ノーブルに転科しようとか思わないでね？」%K%P
「けど、睦月さんは杏奈ちゃんのように、\n　ノーブルに転科しようとか思わないでね？」%K%P
%LC陽菜
%LC陽菜
「そうなったら、{歌姫:ディーバ}の歌声が聞けなくなって、\n　悲しむ子がいっぱい出ちゃうだろうから」%K%P
「そうなったら、{歌姫:ディーバ}の歌声が聞けなくなって、\n　悲しむ子がいっぱい出ちゃうだろうから」%K%P
%LC睦月
%LC睦月
「もう、陽菜さん？　それってすごく遠回しに、\n　杏奈さんの歌が下手だって言ってませんか？」%K%P
「もう、陽菜さん？　それってすごく遠回しに、\n　杏奈さんの歌が下手だって言ってませんか？」%K%P
%LC陽菜
%LC陽菜
「あっ……私は別に、そういうつもりじゃっ」%K%P
「あっ……私は別に、そういうつもりじゃっ」%K%P
%LC睦月
%LC睦月
「くすっ、すみません。\n　つい、意地悪を言ってしまいました」%K%P
「くすっ、すみません。\n　つい、意地悪を言ってしまいました」%K%P
%LC陽菜
%LC陽菜
「うぅ……」%K%P
「うぅ……」%K%P
%LC睦月
%LC睦月
「でも……お変わりなくて、ほっとしました。\n　落ち込んでいたらどうしようかと思っていたので」%K%P
「でも……お変わりなくて、ほっとしました。\n　落ち込んでいたらどうしようかと思っていたので」%K%P
%LC陽菜
%LC陽菜
「ひょっとして……私を元気づけようと思って、\n　それで、こうして待っていてくれたの？」%K%P
「ひょっとして……私を元気づけようと思って、\n　それで、こうして待っていてくれたの？」%K%P
%LC睦月
%LC睦月
「まあ、その……はい」%K%P
「まあ、その……はい」%K%P
%LC陽菜
%LC陽菜
「ん……」%K%P
「ん……」%K%P
照れくさそうに、でも、しっかりと頷く彼女に、\nまたもやドキっとしてしまう。%K%P
照れくさそうに、でも、しっかりと頷く彼女に、\nまたもやドキっとしてしまう。%K%P
なんだか、この中庭で彼女と話すときって、\n毎回ドキドキさせられている気がする。%K%P
なんだか、この中庭で彼女と話すときって、\n毎回ドキドキさせられている気がする。%K%P
%LC陽菜
%LC陽菜
「……ごめんね、決勝に残れなくて。\n　睦月さんの歌、一番近くで聴きたかったんだけど」%K%P
「……ごめんね、決勝に残れなくて。\n　睦月さんの歌、一番近くで聴きたかったんだけど」%K%P
%LC睦月
%LC睦月
「いえ、そんな。謝らないで下さい。\n　あれは私が勝手に思っていたことですから」%K%P
「いえ、そんな。謝らないで下さい。\n　あれは私が勝手に思っていたことですから」%K%P
%LC陽菜
%LC陽菜
「けど、私もそれを楽しみに……というか、\n　原動力にして頑張っていた部分があるから」%K%P
「けど、私もそれを楽しみに……というか、\n　原動力にして頑張っていた部分があるから」%K%P
%LC陽菜
%LC陽菜
「そこだけは、負けて悔いアリ、だよ」%K%P
「そこだけは、負けて悔いアリ、だよ」%K%P
全力で勝負して、それでも負けて、\nその結果自体に悔いは一切ないけれど。%K%P
全力で勝負して、それでも負けて、\nその結果自体に悔いは一切ないけれど。%K%P
決勝に残れなかったことで、つーちゃんの歌を\n一番近くで聞けないことだけは、心残りだった。%K%P
決勝に残れなかったことで、つーちゃんの歌を\n一番近くで聞けないことだけは、心残りだった。%K%P
%LC睦月
%LC睦月
「正直に言ってしまうと、私も寂しいです。\n　陽菜さんが一緒にいてくれると思っていたので」%K%P
「正直に言ってしまうと、私も寂しいです。\n　陽菜さんが一緒にいてくれると思っていたので」%K%P
%LC陽菜
%LC陽菜
「歌劇アリアの舞台に、ってこと？」%K%P
「歌劇アリアの舞台に、ってこと？」%K%P
%LC睦月
%LC睦月
「もちろん、それもそうなんですが。\n　一緒に、アリア合宿をしたかったなって」%K%P
「もちろん、それもそうなんですが。\n　一緒に、アリア合宿をしたかったなって」%K%P
%LC陽菜
%LC陽菜
「あ……」%K%P
「あ……」%K%P
女装バレのリスクもあったオレにとっては、\nある意味、回避できて安堵すらしていたことだけど。%K%P
女装バレのリスクもあったオレにとっては、\nある意味、回避できて安堵すらしていたことだけど。%K%P
つーちゃんは、オレとするアリア合宿を、\n楽しみにしていてくれたんだ。%K%P
つーちゃんは、オレとするアリア合宿を、\n楽しみにしていてくれたんだ。%K%P
オレも……彼女とだったら、ひとつ屋根の下で、\n一緒に過ごしてみたかった……かも。%K%P
オレも……彼女とだったら、ひとつ屋根の下で、\n一緒に過ごしてみたかった……かも。%K%P
たとえ、女装バレのリスクが、あったとしても。%K%P
たとえ、女装バレのリスクが、あったとしても。%K%P
%LC睦月
%LC睦月
「よければ、合宿所に遊びに来てくださいね。\n　同じ学園の敷地内ですから」%K%P
「よければ、合宿所に遊びに来てくださいね。\n　同じ学園の敷地内ですから」%K%P
%LC陽菜
%LC陽菜
「合宿に参加するメンバー以外が、\n　行っちゃっても大丈夫なの？」%K%P
「合宿に参加するメンバー以外が、\n　行っちゃっても大丈夫なの？」%K%P
%LC睦月
%LC睦月
「遊びに来るぐらいであれば大丈夫ですよ。\n　寝泊まりも、となったら、さすがに問題ですが」%K%P
「遊びに来るぐらいであれば大丈夫ですよ。\n　寝泊まりも、となったら、さすがに問題ですが」%K%P
%LC陽菜
%LC陽菜
「そっか。なら、ぜひ」%K%P
「そっか。なら、ぜひ」%K%P
%LC睦月
%LC睦月
「はい、ぜひ」%K%P
「はい、ぜひ」%K%P
つーちゃんににこっと微笑まれて、\nまたちょっと、心拍数があがってしまう。%K%P
つーちゃんににこっと微笑まれて、\nまたちょっと、心拍数があがってしまう。%K%P
彼女が歌劇アリアでどんな姿と歌声を披露するのか、\nそれが今から、楽しみで仕方がない。%K%P
彼女が歌劇アリアでどんな姿と歌声を披露するのか、\nそれが今から、楽しみで仕方がない。%K%P
