陽菜さんの激闘に胸躍らせた翌日、\n私は、合宿所の前にいた。%K%P
阳菜同学那激烈的战斗让我心潮澎湃，\n第二天，我站在了合宿宿舍门前。%K%P
今日から１週間、\n女の子４人との共同生活が始まる。%K%P
从今天开始，要和4个女孩子一起，\n开始为期一周的共同生活了。%K%P
寮生の私にとって共同生活なんて慣れたもの――と、\nそんなふうに言えたらいいんだけど。%K%P
对于住宿生的我来说，共同生活已经习惯了——\n啊，要是真能这么说就好了。%K%P
実際は、寮では一人部屋だし、\nお風呂に入るときだって、いつも一人で。%K%P
实际上，我在宿舍里是一个人住的，\n洗澡的时候也总是一个人。%K%P
睦月ちゃんのプライベートってわりと謎だよね、\nなんて、クラスメートに言われたりもする。%K%P
"睦月同学的私人生活真是个谜呢"，\n同学们甚至都这么说。%K%P
だからいま、緊張している。%K%P
所以，我现在很紧张。%K%P
私には、知られてはいけない秘密があるから。%K%P
因为我有不可告人的秘密。%K%P
%LC睦月
%LC睦月
「すみません、遅くなりました」%K%P
「对不起，我来晚了」%K%P
%LC杏奈
%LC杏奈
「あっ、睦月ちゃんっ！\n　待ってたよー、いらっしゃいっ」%K%P
「啊，睦月酱！我正等着你呢——欢迎哦~」%K%P
部屋に入るなり杏奈ちゃんが駆け寄ってきて、\n私の手をとり、ぴょんぴょん跳ねる。%K%P
我一进房间，杏奈酱就跑了过来，\n拉着我的手，蹦蹦跳跳的。%K%P
こういう感情が表にでちゃうところ、\nセンシブル時代からまったく変わらない。%K%P
她对我感情的流露，\n从她圣森博尔时期开始就没有变过了。%K%P
思えば、私がこの学園に入ったあと、\n初めて親しくなった女の子が彼女だった。%K%P
回想起来，我进了这个学院之后，\n第一个亲近的女孩子就是她呢。%K%P
私の歌声を、すごく褒めてくれて……。\nその言葉の熱量に、恥ずかしくなった覚えがある。%K%P
她对我的歌声说了很多褒奖的话……\n当时她言语中的热情，让我感到害羞。%K%P
%LCクレール
%LC克莱尔
「睦月ちゃん、ごきげんよう。\n　今日から１週間、よろしくね」%K%P
「睦月酱，贵安哦。\n　接下来的1周里，请多关照呢」%K%P
にこっと微笑むクレール様は、\n同じセンシブルということもあって面識がある。%K%P
笑容可掬的克莱尔大人，\n和我一样是圣森博尔的，所以咱俩认识。%K%P
まさか、あんなに強い{騎士:ワルキュリア}だとは、\n夢にも思わなかったけれど。%K%P
我做梦也没想到，\n她会是那么强的{骑士:Valkyria}。%K%P
でも、誰も知らなかった一面があるなんてこと、\nそう珍しいことじゃないのかもしれない。%K%P
不过，谁都有不为人知的一面嘛，\n也许对她而言，并不是什么稀奇的事。%K%P
だって、それは私にも言えることだから。%K%P
啊，这句话对我也"适用"吧。%K%P
%LC依夜
%LC依夜
「ごきげんよう、睦月。よろしくね」%K%P
「贵安，睦月。请多关照」%K%P
スッとやってきて会釈してくれた依夜様とは、\nほとんど面識がないといっていい。%K%P
依夜大人走了过来，向我点头致意。\n我以前没怎么见过她。%K%P
とはいえ、学内では超がつく有名人だから、\n一方的にいろいろなことを知っていたりもする。%K%P
话虽如此，她在学校里可是赫赫有名的人，\n我对于她的很多事情都了解过了。%K%P
今回、アリア合宿に参加するにあたって、\n一番羨ましがられたのが依夜様の存在だった。%K%P
这次参加咏叹调合宿的人里，\n最让人仰慕的人就是依夜大人。%K%P
依夜様のファンの友達いわく、\n依夜様のプライベートには謎が多く、\n一緒に寝泊まりできるだけでも垂涎だとか。%K%P
根据我的依夜大人的粉丝朋友说，\n依夜大人的私人生活也有很多谜团，所以，\n光是能和依夜大人一起过夜，就已经能让人垂涎了。%K%P
プライベートが謎という部分は、\nちょっと……いや、かなり親近感が沸いてしまう。%K%P
私人生活有很多谜团的部分，感觉有点……\n啊不，应该说是相当有亲近感呢。%K%P
%LC梨理
%LC梨理
「ノーブル１年、椋木梨理です。\n　よろしくお願いします」%K%P
「诺博尔1年级，椋木梨理。\n　请多指教」%K%P
最後に挨拶をしてくれたのが、\n小柄で可愛らしい女の子、梨理さん。%K%P
最后来跟我打招呼的，\n是一个娇小可爱的女孩，梨理同学。%K%P
こちらは依夜様以上に面識はないけれど、\n美実様から、何度か彼女の話は聞いたことがある。%K%P
虽然她对于我而言，还没有依夜大人熟悉，\n但从美实大人那里听过几次她的故事。%K%P
いわく、強がっているけどチョロいとか、\n絶滅危惧種並のツンデレだとか。%K%P
据说，她是一个很强且很爱逞强的，\n或者说像是"濒危物种"一般的傲娇。%K%P
どこまで本当かはわからないけれど、あるいは、\n本当の自分を見せるのが怖い子なのかもしれない。%K%P
虽然不知道有几分是真的，但也许，\n她只是个害怕别人看到真实样子的人吧。%K%P
もし、そうだったとしたら、\nそれって依夜様以上の親近感かも――、%K%P
如果真是这样的话，\n也许她比依夜大人更让我有亲近感——%K%P
%LC睦月
%LC睦月
「……？　……あの、梨理さん？　なにか？」%K%P
「……？　……那个，梨理同学？　怎么了？」%K%P
なにやらこちらをじーっと見つめるので、\nちょっとドキドキしながら問い掛けてしまう。%K%P
她一直盯着我这里看，\n我不由得有点紧张地问道。%K%P
もしかして……なにか、怪しまれた、とか？%K%P
难道……我是被怀疑了吗？%K%P
%LC梨理
%LC梨理
「あっ、いえ、別になんでもないです」%K%P
「啊，没有，没啥别的意思」%K%P
%LC睦月
%LC睦月
「そう言わず、何かあるなら言ってください。\n　これから銀蘭祭まで一緒に暮らすわけですから」%K%P
「别这么说，有什么话请直说出来吧。\n　在银兰祭之前，我们都要一起生活的啦」%K%P
%LC梨理
%LC梨理
「あー、その、ええと……」%K%P
「啊，这个，那个……」%K%P
%LCクレール
%LC克莱尔
「うふふっ。梨理ちゃんはね、\n　きっとこう言いたいのよ」%K%P
「唔呼呼~梨理酱的话，\n　心里一定是这么说的哦」%K%P
%LCクレール
%LC克莱尔
「よかった、自分と同じぐらい、\n　おっぱいが控えめな子が来てくれたって」%K%P
「"太好了，来了个和自己差不多，\n　胸部比较平的人了"，对吧」%K%P
%LC梨理
%LC梨理
「ちょっ……もうっ、クレール様っ！\n　いきなりなに言い出してんですかっ」%K%P
「等……真是的，克莱尔大人！\n　你突然说的是什么话啊」%K%P
%LCクレール
%LC克莱尔
「だって梨理ちゃん、ここへくるなり、\n　みんなの胸を見比べていたでしょ？」%K%P
「因为梨理酱，你一来到这里，\n　不是就在比较大家的胸部吗？」%K%P
%LCクレール
%LC克莱尔
「で、そのあと自分の胸を見て、はぁ……って」%K%P
「然后，看了看自己的胸部，就"哈啊……"的叹气呢」%K%P
%LC梨理
%LC梨理
「ぐっ……」%K%P
「咕……」%K%P
%LC睦月
%LC睦月
「ああ……。そういうことだったんですね」%K%P
「啊啊……原来是这样啊」%K%P
訝るような視線の理由を把握して、\nそれこそ、胸をほっとなで下ろした。%K%P
弄清楚她诡异地看过来的原因，\n我这才松了一口气。%K%P
正直、上半身であれば、\nいくらでも見てもらって構わない。%K%P
说实话，上半身的话，\n别人怎么看我都无所谓。%K%P
ただし、下半身はちょっと困る。%K%P
不过要是看下半身的话，我就困扰了。%K%P
%LC梨理
%LC梨理
「その……すみません、睦月様。\n　お姉ちゃんが、さんざん脅かしてきたから」%K%P
「这个……我很抱歉，睦月大人。\n　因为我姐姐总是拿这事来吓我」%K%P
%LC睦月
%LC睦月
「脅かすって……美実様が？　なにを？」%K%P
「来吓你……美实大人吗？　怎样的？」%K%P
%LC梨理
%LC梨理
「それが、アリア合宿ではみんなとお風呂に入って、\n　おっぱい比べするのが伝統だ、とか言ってて」%K%P
「她说，在咏叹调合宿时，\n　和大家一起泡澡比胸部可是传统呢」%K%P
%LC睦月
%LC睦月
「え……？」%K%P
「诶……？」%K%P
そんな伝統、聞いてないんですけどっ……！？%K%P
这样的传统，我没听说过有啊……！？%K%P
%LC依夜
%LC依夜
「安心して、梨理。\n　私が知る限り、そんな伝統はないから」%K%P
「放心吧，梨理。\n　据我所知，没有这样的传统啦」%K%P
%LC梨理
%LC梨理
「え……ええっ？　そうなんですかっ？」%K%P
「诶……诶诶？　这个没有的吗？」%K%P
%LC依夜
%LC依夜
「うん。少なくとも去年と一昨年、\n　そんなことをした覚えはないわ」%K%P
「嗯。至少去年和前年，\n　我不记得有做过那种事」%K%P
%LC梨理
%LC梨理
「ぐっ……ぐぬぬっ、お姉ちゃんめぇ……！！\n　私がアリア合宿初めてだからって出任せをっ……」%K%P
「咕……呜呜呜，姐姐太坏了……！！\n　看我第一次参加咏叹调合宿就随意糊弄我……」%K%P
%LC杏奈
%LC杏奈
「美実様のことだから、梨理ちゃんの緊張を\n　ほぐそうと思って冗談を言ったんじゃない？」%K%P
「美实大人的话，应该是为了缓解\n　梨理酱的紧张才开的玩笑的吧？」%K%P
%LC梨理
%LC梨理
「ほぐれませんよっ、こんなのでっ」%K%P
「那我可更紧张了啊，做这种事」%K%P
%LCクレール
%LC克莱尔
「ふふっ、確かにおっぱいが大きいと、\n　肩こりとかすごくて、ほぐしたくなるけど」%K%P
「呼呼，胸部大的话，很容易肩膀酸痛的哦，\n　我倒是想放松一下呢」%K%P
%LC梨理
%LC梨理
「ぐぬぬっ……」%K%P
「咕奴奴……」%K%P
%LC杏奈
%LC杏奈
「クレール様クレール様、\n　それ完璧にマウントです」%K%P
「克莱尔大人克莱尔大人，\n　这可真是完美的嘲讽啊」%K%P
%LCクレール
%LC克莱尔
「あっ……ごっ、ごめんね梨理ちゃん。\n　私、けっしてそういうつもりじゃ」%K%P
「啊……抱，抱歉呢梨理酱。\n　我绝对不是那个意思啊」%K%P
%LC梨理
%LC梨理
「いいですいいですっ、わかってますっ。\n　私たちは発展途上なんです。ね？　睦月様」%K%P
「没关系没关系，我知道的啦。\n　我们还在成长中呢，对吧？　睦月大人」%K%P
%LC睦月
%LC睦月
「えっ、ええっ？　ええっと……」%K%P
「诶，诶诶？　这个……」%K%P
%LC睦月
%LC睦月
「希望を捨てるのは、まだちょっと早いかなって、\n　そういうふうには思いますけど……」%K%P
「现在放弃希望还太早了点，\n　我是这么想的呢……」%K%P
%LC梨理
%LC梨理
「ほらっ！　ほらほらっ！」%K%P
「你看！　你看你看！」%K%P
%LCクレール
%LC克莱尔
「ああもうっ、梨理ちゃん可愛いっ。\n　ぎゅーしてあげるっ」%K%P
「啊啊真是的，梨理酱好可爱。\n　来让我抱抱~」%K%P
%LC梨理
%LC梨理
「うなぁーっ！？」%K%P
「喵啊啊——！？」%K%P
%LCクレール
%LC克莱尔
「ねえ、さっき言ってた話だけど。\n　せっかくだし、本当の伝統にしちゃわない？」%K%P
「呐，关于刚才你说的那件事，\n　机会难得，要不就把它当成真正的传统吧？」%K%P
%LC杏奈
%LC杏奈
「さっき言ってたことって……え、まさか、\n　おっぱい比べやりたいんですか？」%K%P
「刚才说过的事……诶，难不成，\n　真的要来比胸部大小吗？」%K%P
%LCクレール
%LC克莱尔
「日本の諺にあるでしょう？　裸の付き合いって」%K%P
「日本不是有句谚语吗？　"裸着才能心心相印"」%K%P
%LC依夜
%LC依夜
「私は別に構わないけれど」%K%P
「我觉得无所谓」%K%P
%LC杏奈
%LC杏奈
「くっ……さすが依夜様、余裕ですね……」%K%P
「咕……不愧是依夜大人，真是从容啊……」%K%P
%LC依夜
%LC依夜
「杏奈は恥ずかしい？」%K%P
「杏奈会难为情吗？」%K%P
%LC杏奈
%LC杏奈
「別に、そういうわけではないんですけど。\n　おっぱいよりも……お腹が、ちょっと……」%K%P
「倒也，并没有难为情的说。\n　被看胸部还好……只是腹部那里，有点……」%K%P
%LCクレール
%LC克莱尔
「ふふっ、ぷにっぷにっ」%K%P
「呼呼~揉呀揉呀~❤」%K%P
%LC杏奈
%LC杏奈
%XS21「クレール様ぁっ！？」%XE%K%P
%XS21「克莱尔大人！？」%XE%K%P
%LCクレール
%LC克莱尔
「私は梨理ちゃんのほっぺたのことを\n　言ったつもりだったんだけど？」%K%P
「我只是在说揉梨理酱脸蛋的事哦？」%K%P
%LCクレール
%LC克莱尔
「ほら見て？　ぷにっぷに」%K%P
「好啦你看？　揉呀揉呀~」%K%P
%LC梨理
%LC梨理
%XS21「にゅええええっ」%XE%K%P
%XS21「喵呜欸欸欸欸」%XE%K%P
%LC睦月
%LC睦月
「あの、助けた方がよいのでは……」%K%P
「那个，我是不是应该救她呢……」%K%P
%LC杏奈
%LC杏奈
「あっ、あれは多分大丈夫。\n　クレール様、ちゃんと手加減してるから」%K%P
「啊，我想应该没问题。\n　克莱尔大人已经手下留情了啦」%K%P
%LCクレール
%LC克莱尔
「そうそう。私が本気になったら、\n　梨理ちゃん、今頃はきっと――」%K%P
「对对。如果我认真的话，\n　梨理酱现在已经——」%K%P
%LCクレール
%LC克莱尔
「……ちょっと、言えないかも」%K%P
「……还是，不说出来好」%K%P
%LC梨理
%LC梨理
「なにするつもりですかっ？！」%K%P
「你打算干什么啊？！」%K%P
%LCクレール
%LC克莱尔
「それはほら、スタイを用意したりとか……、\n　あと、哺乳瓶もあると楽しそうよね？」%K%P
「那个嘛，你看，我可以准备个水壶……\n　啊，如果有奶瓶的话会更愉快的哦？」%K%P
%LC梨理
%LC梨理
「そんなの揃えてなにする気ですかっ！？」%K%P
「你准备这些干什么啊！？」%K%P
%LCクレール
%LC克莱尔
「うふふっ、なにするつもりでちゅかねー？」%K%P
「唔呼呼，你觉得我打算干什么呢——？」%K%P
%LC依夜
%LC依夜
「クレール、すごい……。\n　これが本当の、赤子扱い……」%K%P
「克莱尔，好厉害……\n　这就是真正的，婴儿待遇吗……」%K%P
%LC杏奈
%LC杏奈
「それはちょっと意味が違うような……」%K%P
「虽然在意义上有点不一样吧……」%K%P
%LC睦月
%LC睦月
「……ぷっ、ふふっ、くすくすっ」%K%P
「……噗，呼呼，哈哈哈哈~」%K%P
来て早々、いきなりの展開に驚いてしまったけど、\n気付いたときには自然と笑みが漏れていた。%K%P
刚来的时候，被这突如其来的剧情吓了一跳，\n等回过神来时，自己已经自然地露出了笑容。%K%P
センシブルには生粋のお嬢様が多いから、\nこんな風に賑やかな雰囲気って、滅多にない。%K%P
圣森博尔里大多都是真正的大小姐，\n很少会有这么热闹的气氛。%K%P
学科が違うから――だけではないんだろうけど、\n少なくとも、私が知るノーブルの子はみんな元気で。%K%P
不只是因为学科不同——至少，\n我认识的诺博尔的人都元气满满的。%K%P
そんな子が多く集まったこの雰囲気は、\n私としては、好ましくて。%K%P
现在，这里聚集了很多这样阳光的人，\n我很喜欢在其中的氛围。%K%P
だから……ここに彼女がいたら、\nもっともっと良かったのに……なんて。%K%P
所以……如果她在这里，\n就更好了……%K%P
%LC依夜
%LC依夜
「それで、睦月はどう？　一緒に入浴する話」%K%P
「那么，睦月呢？　要不要一起洗澡呢」%K%P
%LC睦月
%LC睦月
「あっ……そのことなんですが、\n　私はいつも、一人で入っているので」%K%P
「啊……关于这个的话，\n　我只会一个人去洗哦」%K%P
%LC睦月
%LC睦月
「できれば合宿中も、そうしたいと\n　思っているんですが……ダメでしょうか？」%K%P
「如果可以的话，合宿时我也会一如既往\n　……难道，不可以吗？」%K%P
%LC依夜
%LC依夜
「構わないと思う。普段と同じように過ごすのも、\n　大切なことだと思うから」%K%P
「我觉得没关系。像平时一样生活，\n　我觉得也是很重要的」%K%P
%LC依夜
%LC依夜
「私も本当なら、ぬいぐるみを――」%K%P
「我也是，把布偶带过来了——」%K%P
%LC睦月
%LC睦月
「ぬいぐるみ……？」%K%P
「布偶……？」%K%P
%LC依夜
%LC依夜
「あっ……ううん、なんでもないの。忘れて」%K%P
「啊……没什么，我什么都没说。忘了吧」%K%P
%LC依夜
%LC依夜
「ともかく、親睦を深めるのも大切だけれど、\n　それは個々を尊重する前提があればこそ――」%K%P
「总之，和睦相处固然重要，\n　但前提是，要尊重每个人——」%K%P
%LC依夜
%LC依夜
「なにか困った事があったら、遠慮なく言って。\n　私にできる事があれば、力になるから」%K%P
「有什么困难，尽管说出来把。\n　如果有我能做的，我会尽我的一份力」%K%P
%LC杏奈
%LC杏奈
「うんうんっ、私もっ」%K%P
「嗯嗯，我也是」%K%P
%LCクレール
%LC克莱尔
「そうね。そういうのって大切だもの」%K%P
「是啊。这样也很重要呢」%K%P
%LC梨理
%LC梨理
「そう思うなら、クレール様はいますぐ\n　ハグする癖を直してくださいっ」%K%P
「如果你真这么想的话，克莱尔大人，\n　请马上改掉见人就抱的习惯吧」%K%P
%LCクレール
%LC克莱尔
「ふふっ、照れちゃって。\n　梨理ちゃんもまんざらじゃないんでしょ？」%K%P
「呼呼~害羞了呢。\n　梨理酱其实并不讨厌对吧？」%K%P
%LCクレール
%LC克莱尔
「最初の頃は、わりと力を入れていたけど。\n　今はもう、無理にぎゅっとはしてないもの」%K%P
「刚开始的时候，我还挺用力的。\n　现在已经没有使力了哦」%K%P
%LCクレール
%LC克莱尔
「梨理ちゃんが本気で抜け出そうと思えば、\n　簡単に抜けられるはずだけど？」%K%P
「梨理酱如果真的想要摆脱的话，\n　应该很容易就能摆脱对吧？」%K%P
%LC梨理
%LC梨理
「っ……」%K%P
「额啊……」%K%P
%LC杏奈
%LC杏奈
「うふふっ。まあ、このおっぱいだし。\n　抱っこされたい気持ちもわかるけどね」%K%P
「唔呼呼。嘛，看到这波澜壮阔的"胸怀"。\n　我也理解想要被抱抱的心情捏」%K%P
%LC依夜
%LC依夜
「杏奈も抱っこされたいの？\n　なら、よければ私が――」%K%P
「杏奈也想被抱吗？\n　那么，如果可以的话——」%K%P
%LC杏奈
%LC杏奈
「いえいえいえっ、滅相もないです。\n　依夜様にハグしてもらっちゃうなんて」%K%P
「不不不，无功不受禄，\n　我怎能让依夜大人抱我呢」%K%P
%LC依夜
%LC依夜
「そう……。私としては、抱っこするのは、\n　やぶさかではないのだけど……」%K%P
「这样啊……对我来说，抱抱什么的，\n　并不算什么的呀……」%K%P
途切れることなく続く会話と、\nそれにより、分かっていく人となり。%K%P
不断地去交心谈聊，\n才能互相了解。%K%P
みんなそれぞれ優しくて、思いやりがあって。%K%P
大家都很温柔，都很有同情心。%K%P
これなら、私一人だけでも、\nどうにかやっていけるかもしれない。%K%P
这样的话，即使只有我一个人，也许也能应付过去。%K%P
この中で、私一人だけが、\nみんなと違っていたとしても。%K%P
在我们之中，只有我一个人，\n和大家不一样。%K%P
