翌朝、ベッドの中で、ちょっとうだうだして。%K%P
第二天早上，我躺在床上伸了个懒腰。%K%P
いつもより遅い時間、ようやくベッドから起きて\n鏡を見ると、顔がちょっとひどいことになっていた。%K%P
时间显然比平时晚了，我好不容易从床上爬了起来，\n照了下镜子，脸变得有点憔悴了。%K%P
昨日、つーちゃんから好きだと言われて、\nそれが思った以上に尾を引いてしまった結果だ。%K%P
昨天睦酱对我表达了喜欢之意，\n结果今天的自己状态，比想象的还要严重。%K%P
もしまた、昔のことを夢に見て、\nそれで彼女への恋心が再燃したら――。%K%P
"如果又梦到过去的事，\n然后重燃了对她的爱恋之心——"%K%P
そんなふうに思ったら、なかなか寝付けなくて、\nいつのまにか朝になってしまっていた。%K%P
这么一想，我就怎么也睡不着了，\n就这样不知不觉地到了早上。%K%P
%LCニナ
%LC妮娜
「あっ、おはようヒナちゃん……って、\n　どうしたの？　なんだかボロボロだけど」%K%P
「啊，早上好哦日向酱……额，\n　怎么了这是？　感觉你整个人都不好了」%K%P
%LC陽菜
%LC阳菜
「おはようございます。\n　夕べ、ちょっと眠れなくて……」%K%P
「早上好。\n　昨晚，有点睡不着……」%K%P
%LCニナ
%LC妮娜
「そう……。ひょっとして、\n　誰に告白するか悩んでいたとか？」%K%P
「这样啊……难不成，\n　正在烦恼要向谁告白（组队）？」%K%P
%LC陽菜
%LC阳菜
「こっ、告白って……なんですか急にっ」%K%P
「告，告白……咋突然说这个」%K%P
%LCニナ
%LC妮娜
「なんですかって……エンゲージのことよ？\n　ヒナちゃんも誰かとエンゲージするでしょ？」%K%P
「什么叫突然呀……你不是要"订婚"嘛？\n　日向酱也会和某位心仪的人一起上台的吧？」%K%P
%LC陽菜
%LC阳菜
「……あ」%K%P
「……啊」%K%P
しまった、そうだ、エンゲージっ……！！%K%P
糟了，是哦，还有"订婚"这事……！！%K%P
昨日、職員寮であらためて考えようと思ってたのに、\n帰ったらつーちゃんがいて、うたた寝をして。%K%P
昨天，我还想着回职员宿舍里好好想想呢，\n可一回家就看到睦酱在，然后就去打盹了。%K%P
昔のことを夢に見たら好きだって言われて、\nその事で頭がいっぱいですっかり忘れてたっ……！%K%P
结果梦见以前的事，然后被说喜欢，\n于是满脑子都是这件事了，完全忘了……！%K%P
っていうか、夕べ寝付きが悪かったのって、\n夕方にうたた寝しちゃったからなんじゃ……？%K%P
这样说来，我昨晚睡得不好，\n难不成就是因为傍晚打了个盹……？%K%P
そうそう、そうだ。そうに違いない。%K%P
对对，就是这样。一定是这样没错。%K%P
つーちゃんへの恋心が再燃なんて、そんな。%K%P
对睦酱的爱恋之心复燃什么的，什么的……%K%P
%LC陽菜
%LC阳菜
「けど、そっか。エンゲージ……。\n　どうしよう……」%K%P
「但是，对啊。"订婚"……\n　怎么办哦……」%K%P
杏奈ちゃんとクレール様は学生寮にいるだろうから、\n会いに行って話をするのは簡単だけど――、%K%P
杏奈酱和克莱尔大人应该都住在学生宿舍，\n去找她们见面谈很容易——%K%P
それだと通学生の依夜様と梨理ちゃんに申し訳ない、\nというか、不義理なような気もする。%K%P
但这样的话，对于走读生依夜大人和梨理酱，\n我可就太过意不去，或者说是太没道理了。%K%P
正直、４人とも甲乙つけがたいからこそ、\n昨日は誰に声をかければいいか迷ったわけだし。%K%P
说实话，正因为4人的优先级都不分伯仲，\n所以昨天我才会犹豫该找谁谈。%K%P
%LCニナ
%LC妮娜
「ふふっ、どうしたの？\n　恋多き乙女みたいな溜め息をついて」%K%P
「呼呼，怎么了？\n　像恋爱多个人的少女一样叹息着」%K%P
%LC陽菜
%LC阳菜
「恋多きって……まあ、誰にするか、\n　悩んでるって意味では似てますけど……」%K%P
「恋爱多个人……嘛，我在想选谁呢，\n　但站在烦恼的角度上确实是相似的……」%K%P
%LCニナ
%LC妮娜
「今年の{騎士:ワルキュリア}も、いい子たち揃いだものね。\n　悩むのも無理ないわ……っと」%K%P
「今年的{骑士:Valkyria}呀，每个都是很好的孩子呢。\n　也难怪你会烦恼……啊」%K%P
%LC陽菜
%LC阳菜
「あれ？　ニナさん、どこかに行くんですか？」%K%P
「啊咧？　妮娜姐，你是要去哪里吗？」%K%P
%LCニナ
%LC妮娜
「ええ、ちょっとね。急用というか、ある物を、\n　用意しておいたほうがいいような気がして」%K%P
「没啥，也就出去一会。可以说是急事，\n　或者说是去准备些东西吧」%K%P
%LC陽菜
%LC阳菜
「気がして……？」%K%P
「或者说……？」%K%P
%LCニナ
%LC妮娜
「備えあれば憂いなしってことよ。\n　ヒナちゃんのウィッグみたいなものね」%K%P
「就是要有备无患的说。\n　就像日向酱的假发一样」%K%P
%LCニナ
%LC妮娜
「正直、地毛のままでも大丈夫かなって思ったけど。\n　念には念を入れて正解だったでしょ？」%K%P
「说实话我觉得吧，就用你自己的头发也没关系的。\n　不过慎重归慎重，谨慎点总是正确的对吧？」%K%P
%LC陽菜
%LC阳菜
「ああ、はい。それは、本当に」%K%P
「啊啊，对。这倒还真是」%K%P
ウィッグで自分の見た目が変わるのって、\n思っていた以上に、精神的な安心感が大きい。%K%P
戴假发改变了自己的外表，\n比想象中的更能让我安心。%K%P
なによりこの学園には、久々に再会した、\n幼馴染みと初恋の女の子がいるわけだし。%K%P
更重要的是，在这个学院里，\n还有青梅竹马和初恋在。%K%P
空木日向が卯花陽菜でいるためにも、\nこのウィッグは、かなり大切なものなのだ。%K%P
为了不让她们看出空木日向就是卯花阳菜，\n这个假发还是相当重要的。%K%P
%LCニナ
%LC妮娜
「というわけで、私はこれから出掛けるけど。\n　ヒナちゃんも気分転換にお出かけしたら？」%K%P
「现在的话，我就要出门了。\n　日向酱也出门换换心情吧？」%K%P
%LC陽菜
%LC阳菜
「お出かけ……」%K%P
「出门嘛……」%K%P
%LCニナ
%LC妮娜
「エンゲージ相手、無理に決める必要もないでしょ？\n　運を天に任せるって言うのも素敵だと思うの」%K%P
「"订婚"的对象，也没必要勉强自己决定吧？\n　"听天由命"这句话用在这里再合适不过了」%K%P
%LC陽菜
%LC阳菜
「……そっか。そうですね」%K%P
「……是啊。确实是呢」%K%P
女装をするときに自分で決断したこともあって、\nなにかあると、選ばなきゃって気になっていたけど。%K%P
当时是否穿女装，也是自己一时决定的结果，\n我总是一有什么事，就会立刻想要做出选择。%K%P
ニナさんの言うとおり、流れに身を任せて、\n誰かとエンゲージするのも、悪くないのかも。%K%P
就像妮娜姐说的那样，接受命运的指导，\n不去想和谁上台，也许也不错呢。%K%P
%LCニナ
%LC妮娜
「もし外出するなら、服はクロークのものを\n　どれでも好きに使ってくれていいから」%K%P
「如果想要外出的话，\n　可以随便用衣帽间里的衣服哦」%K%P
%LCニナ
%LC妮娜
「せっかく用意しておいたけど出番がこなくって、\n　洋服たちも寂しがっていると思うわ」%K%P
「我早就准备好了，但是一直没有让你穿过，\n　我想那些衣服也很寂寞吧」%K%P
ニナさんとの会話もあって外出する気持ちが固まり、\nさっそく着替えようとしたんだけど。%K%P
和妮娜姐聊过之后，我决定外出走走，\n于是马上去换了衣服。%K%P
%LC陽菜
%LC阳菜
「これを、オレが……」%K%P
「这是，我吗……」%K%P
ニナさんが用意した服というのが、\nどれもこれも、可愛いのなんの。%K%P
妮娜姐准备的衣服，\n每一件都很可爱。%K%P
制服もフィエルテも、みんな同じものを着ているし、\n着用するための明確な目的（言い訳）があるから、\n初期はともかく、いまはかなり慣れてしまった。%K%P
制服也好，菲尔特也好，大家都穿一样的啦，\n让我穿的时候总是会有明确的目的(借口)，\n刚来时暂且不论，现在我已经习惯了。%K%P
けど、普通の服を着て外出って……それもう、\n完全にただの趣味で女装している状態だし。%K%P
但是，如果这也算"穿普通的衣服外出"……\n搞得好像我是出于"兴趣"而女装一样。%K%P
%LC陽菜
%LC阳菜
「これなら男で出掛けたほうが……って、\n　無理だよなぁ、きっと」%K%P
「这样还不如男装出门了……额，\n　感觉不行，肯定不行」%K%P
男の格好で外に出ようとしたら、\nたぶん守衛室で止められて騒ぎになる。%K%P
要是穿着男装出去了，\n大概会在警卫室被拦下来，然后引起骚动吧。%K%P
万一スルーされたら、それはそれで立ち直れない。%K%P
万一这都被当成女孩而忽视，那我可要一蹶不振了。%K%P
ニナさんに相談できれば良かったんだけど、\nもう外に出掛けてしまったあとだし。%K%P
要是能和妮娜姐商量下就好了，\n可她已经出去了。%K%P
%LC陽菜
%LC阳菜
「……無難なやつにしよう、うん」%K%P
「……还是选个保守点的吧，嗯」%K%P
このまま部屋にいても、あれこれ考えて、\nまた寝不足、なんてことにもなりかねないし。%K%P
就这样待在房间里，可能又会胡思乱想，\n然后又导致睡眠不足。%K%P
いくつもある服の中から、\nオレは一番、無難なものを選ぶことに決めた。%K%P
从好几件衣服中，\n我挑了一件最"保守"的。%K%P
そうして、悩んで着替えてやってきたのは、\n大型のショッピングモールだった。%K%P
然后，我苦恼地换好了衣服，\n来到了一个大型购物中心。%K%P
学園からちょっと離れた場所にあるので、\nここなら、誰かに見つかることもないだろうし。%K%P
离学校有点远，应该不会被人发现。%K%P
木を隠すなら森ってことで、\n他の客に紛れていれば、あまり目立たないはず。%K%P
就像木隐于林一般，\n混在其他客人中间的我应该不会太显眼。%K%P
%LC陽菜
%LC阳菜
「に、しても……」%K%P
「话，虽如此……」%K%P
近くのショップの軒先の鏡を見て、\n我ながら、ちょっと萎縮してしまう。%K%P
照着附近商店门前的镜子，\n我自己都有点畏缩了。%K%P
外出するためにはこれしか方法がなかったとはいえ、\nこんなに可愛い服を、自ら選んで着るだなんて。%K%P
虽说这是出门的唯一方法，但这么可爱的衣服，\n自己竟然会挑着穿上。%K%P
%LC女性店員
%LC女店员
「そこの可愛いお客様、\n　よければこちら、試してみませんか？」%K%P
「这位可爱的客人，\n　如果可以的话，要不要试试这个？」%K%P
%LC陽菜
%LC阳菜
「えっ……えっ？　わ、私、ですか？」%K%P
「诶……诶？　是，是说我吗？」%K%P
%LC女性店員
%LC女店员
「はいっ」%K%P
「是的」%K%P
きょろきょろしたあと自分を指さすと、\n女性店員さんがにこにこっと頷く。%K%P
我东张西望了下，然后指了指自己，\n女店员笑眯眯地点了点头。%K%P
%LC女性店員
%LC女店员
「こちらのリップグロス、\n　発売されたばかりの新商品なんです」%K%P
「这款唇膏，\n　是刚上市的新产品」%K%P
%LC女性店員
%LC女店员
「淡い色が、あなたぐらいの年頃の子に人気で。\n　どうです？　ちょっとつけてみませんか？」%K%P
「这淡淡的颜色，在像你这样年纪的孩子中很受欢迎。\n　怎么样？　要不要试一下？」%K%P
%LC陽菜
%LC阳菜
「あっ、えと……オレ、じゃない、\n　私は、化粧とかそういうのは興味なくて」%K%P
「啊，这个……我（♂），啊不对，\n　我（♀）对化妆不感兴趣」%K%P
%LC女性店員
%LC女店员
「まあっ、ノーメイクでそんなに可愛いなんて。\n　確かにコスメは必要ないかもですね」%K%P
「嘛~不化妆就已经如此可爱，\n　您可能真不需要化妆品呢」%K%P
%LC女性店員
%LC女店员
「ですが、若い内こそメイク、ですよ？\n　いろいろ試すのは、お肌が若いうちでないと」%K%P
「但是，年轻的时候更应该化妆对吧？\n　要在皮肤还年轻的时候做各种尝试哦」%K%P
%LC陽菜
%LC阳菜
「いっ、いえ、本当に大丈夫なのでっ」%K%P
「算，算了，我真的没必要的」%K%P
%LC女性店員
%LC女店员
「あっ、お客様っ……？！」%K%P
「啊，这位客人……？！」%K%P
%LC陽菜
%LC阳菜
「はあ、びっくりした……」%K%P
「哈啊，吓死我了……」%K%P
化粧品やら洋服やら、いわゆる女性向けの\nショップが並ぶゾーンから離れて、ほっと一息。%K%P
离开了化妆品、服装等面向女性的店铺后，\n我松了一口气。%K%P
まさか、あんなふうに声をかけられるなんて、\n思ってもみなかった。%K%P
真没想到会被那样搭话。%K%P
四六時中続けて、それなりに、\n女装にも慣れていたつもりだったけど。%K%P
一天到晚都在穿女装，\n还以为自己已经习惯了呢。%K%P
学内でのオレは、女学生であり指南役補佐代理で、\nみんな、それを前提に接してくれるわけで。%K%P
在学校里，我是女学生，也是代理辅导员，\n大家都会以此为前提与我交谈。%K%P
学園から一歩外に出たオレこと卯花陽菜は、\n端から見ると、ただの女の子、だったわけだ。%K%P
但走出校园的我，也就是卯花阳菜，\n在别人看来，只是个普通的女孩子。%K%P
%LC陽菜
%LC阳菜
「うぅ、どうしよう……。\n　なんか、急に不安になってきたかも……」%K%P
「呜诶，怎么办啊……\n　好像自己突然不安起来了……」%K%P
店員さんや、他のお客さんの視線が、\nさっきよりも気になってしまう。%K%P
自己似乎比刚才更在意店员和其他客人的视线了。%K%P
男だとバレないだろうかって不安もだけど、\nどう見られているんだろうって意識が強い。%K%P
既担心被人发现自己是男性，\n又很在意别人是如何看待自己的。%K%P
まさか、いまになってこんな形で、\n女装することのドキドキを味わうなんて……。%K%P
真没想到，现在自己竟然以这样的形式，\n体会到了女装的忐忑不安……%K%P
あるいは誰かと一緒に来ていれば、\nこんな気持ちにならなかったのかもしれないけど。%K%P
如果和别人一起来逛的话，\n或许就不会有这种心情了吧。%K%P
%LC陽菜
%LC阳菜
「……帰ろうかな」%K%P
「……还是回去吧」%K%P
来たばかりで、まだ何も見てないけど。%K%P
我才刚来，还没看到啥新鲜事就想走了。%K%P
こんな気持ちでそわそわ見て回るより、\n学園に帰って、大人しくしていた方が――、%K%P
与其这样心神不宁地到处张望，\n还不如回到学院里老老实实地待着——%K%P
%LC？？？
%LC？？？
「そこの彼女、よかったらお茶しない？」%K%P
「那边的姑娘，可以的话来喝杯茶不？」%K%P
%LC陽菜
%LC阳菜
「みゅいっ？！」%K%P
「喵咿？！」%K%P
ま、まさか……ナンパっ！？　ナンパですかっ？！%K%P
难，难不成……搭讪！？　是搭讪吗？！%K%P
%LC陽菜
%LC阳菜
「あの、そういうの困ります。\n　ほんと、困るのでっ……！」%K%P
「那个，这样的话我很困扰的。\n　真的，很困扰的……！」%K%P
オレは男だと叫びたい。でも出来ない。%K%P
我想大喊出"我是男的"。但是现在做不到。%K%P
叫べない以上……三十六計逃げるに如かずっ！%K%P
既然喊不出来……那就三十六计走为上！%K%P
%LC陽菜
%LC阳菜
「失礼しますっ……！」%K%P
「我先行告退了……！」%K%P
%LC？？？
%LC？？？
「ちょっ、待って待って！　陽菜ちゃんっ！\n　ちょっとした冗談だってばっ」%K%P
「等，等下等下！　阳菜酱！\n　只是开个小玩笑啦」%K%P
%LC陽菜
%LC阳菜
「……へ？」%K%P
「……诶？」%K%P
駆け出そうとした足が、ピタッととまる。%K%P
刚想跑出去的脚，突然就停了下来。%K%P
この声、まさか――、%K%P
这个声音，难不成——%K%P
%LC陽菜
%LC阳菜
「美実様っ……！？」%K%P
「美实大人……！？」%K%P
%LC美実
%LC美实
「どもどもー。奇遇だねぇ、こんなところで」%K%P
「哎呀哎呀。真是奇遇呢，在这种地方碰到了」%K%P
%LC陽菜
%LC阳菜
「ぐっ……もおっ、脅かさないでくださいっ。\n　ナンパかと思ったじゃないですかっ」%K%P
「咕……真是的，别吓唬我啊。\n　我还以为是搭讪呢」%K%P
%LC美実
%LC美实
「あははっ。いやぁ、\n　私のイケボも捨てたもんじゃないね」%K%P
「啊哈哈。讨厌啦，\n　看来我的"帅哥气质"还是没舍弃掉呢」%K%P
%LC陽菜
%LC阳菜
「そういうのいいですからっ。\n　心臓とまるかと思ったじゃないですかっ」%K%P
「适而可止就好了啊。\n　我心脏差点停止跳动了」%K%P
%LC美実
%LC美实
「あらら、もしかして陽菜ちゃんって、\n　ナンパされたことない系？」%K%P
「啊啦啦，难道说阳菜酱你，\n　是没被搭讪过吗？」%K%P
%LC陽菜
%LC阳菜
「ない系ですっ。\n　あるわけないじゃないですかっ」%K%P
「没被搭讪过。\n　我怎么可能会被搭讪呢」%K%P
%LC美実
%LC美实
「あらま、意外。こんなに可愛いのに。\n　よっぽど回りの見る目がなかったんだね」%K%P
「啊啦嘛，意外呢。明明你这么可爱。\n　不来和你搭讪的真是太没眼光了捏」%K%P
%LC美実
%LC美实
「私なら、キミを放っておかないのに……」%K%P
「要是我的话，绝对不会放过面前的尤物……」%K%P
%LC陽菜
%LC阳菜
「さらっとナンパ続行しないでくださいっ」%K%P
「以后请不要这样轻浮地搭讪别人」%K%P
いきなり声を掛けられてドキドキしてしまい、\nその胸を押さえつつ、どうにか対応する。%K%P
刚刚突然被搭话，我心里七上八下的。\n一边按住胸口，一边想着办法准备应对。%K%P
学内でも飄々とからかってくる印象だけど、\n学外で会うと、輪を掛けて自由人だこの人。%K%P
美实大人在学校里给人一种飘飘然的印象，\n但在校外一见面，感觉她就是个自由洒脱的人。%K%P
%LC陽菜
%LC阳菜
「んもぅ……。美実様、\n　なんでこんなとこにいるんですか」%K%P
「真是的……美实大人，\n　你为什么会在这种地方啊」%K%P
%LC美実
%LC美实
「私はちょろっと買い物にね。\n　陽菜ちゃんもお買い物？」%K%P
「我来这买了点东西。\n　阳菜酱也是来买东西的嘛？」%K%P
%LC陽菜
%LC阳菜
「買い物というか、ぶらぶらというか……。\n　ちょっと気分転換をしようかと」%K%P
「说是买东西，倒不如说我在闲逛吧……\n　只是出来换换心情的」%K%P
%LC美実
%LC美实
「なら、よかったら一緒に行動する？\n　そしたら梨理も喜ぶだろうし」%K%P
「那么，可以的话，咱一起走走不？\n　这样的话梨理也会高兴的吧」%K%P
%LC陽菜
%LC阳菜
「梨理ちゃんも来てるんですか？」%K%P
「梨理酱也来了吗？」%K%P
%LC美実
%LC美实
「うん。いまは別行動中だけどね。\n　このあと、ゲーセンで合流予定」%K%P
「嗯。现在她在单独行动呢。\n　过一会预定在游戏厅会合」%K%P
%LC陽菜
%LC阳菜
「ゲーセン……」%K%P
「游戏厅……」%K%P
%LC美実
%LC美实
「おっ、陽菜ちゃんゲーム好きなんだ？\n　よかったら一緒に遊ぶ？」%K%P
「哦~阳菜酱喜欢打游戏嘛？\n　要不一起来玩一把？」%K%P
%LC陽菜
%LC阳菜
「いっ、いえ、そういうわけじゃ」%K%P
「啊，啊不，我不是这个意思」%K%P
確かにオレ自身はゲーム大好きだけど、\nそれって陽菜として正しいのかどうか。%K%P
我自己确实很喜欢打游戏，\n但是现在作为阳菜去玩，真的可以吗。%K%P
%LC美実
%LC美实
「そう言わずに、睦月ちゃんも誘ってさ。\n　ね？　どう？」%K%P
「别这么说啦，我去把睦月酱也叫来吧。\n　呐？　怎样？」%K%P
%LC陽菜
%LC阳菜
「へ……？　睦月、ちゃん？」%K%P
「诶……？　睦月，酱？」%K%P
%LC美実
%LC美实
「うん。ほら、あそこ」%K%P
「嗯。你看，她就在那」%K%P
%LC陽菜
%LC阳菜
「わ……」%K%P
「哇……」%K%P
美実様が視線を向けた方向には、\n確かに、つーちゃんの姿が。%K%P
我顺着美实大人指的方向看去，\n的确，是睦酱的身影。%K%P
%LC美実
%LC美实
「おーいっ、睦月ちゃーんっ」%K%P
「喂——  睦月酱」%K%P
%LC陽菜
%LC阳菜
「えっ……ええっ？！\n　ちょっ、なんで呼んでるんですかっ」%K%P
「诶……诶诶？！\n　等，为什么突然叫她」%K%P
%LC美実
%LC美实
「だってお友達だし。\n　偶然会ったら声かけたくなるでしょ？」%K%P
「毕竟是朋友嘛。\n　就算是偶然碰到，也要打招呼吧？」%K%P
%LC陽菜
%LC阳菜
「それはそうかもですけどっ……」%K%P
「确实如你所说啦……」%K%P
美実様のごく当たり前な回答に納得していると、\n睦月ちゃんが、ちょっとだけ小走りでこっちに。%K%P
我对美实大人理所当然的回答表示理解，\n这时，睦月酱小跑着过来了。%K%P
%LC睦月
%LC睦月
「ごきげんよう、美実様……と、\n　それに、陽菜さんも」%K%P
「贵安，美实大人……啊，\n　阳菜同学也是，贵安」%K%P
会釈したつーちゃんは当然のことながら私服で、\nその姿に、密かに息を呑んでしまう。%K%P
睦酱向我们点头致意，她身上穿的是便服，\n我就这么看着，不由得屏住了呼吸。%K%P
制服のときとは少し雰囲気が違うというか、\nより、昔の彼女に近いというか。%K%P
和穿制服时的她感觉有点不一样，\n或者说，更接近以前我所认识的她。%K%P
それはきっと、彼女の服装の好みが、\n昔とあまり変わっていないからかもしれない。%K%P
看来她对服装的喜好，\n和以前没有太大的变化呢。%K%P
って、どうしても、昨日のアレコレの影響で、\n昔のことを絡めて彼女を意識してしまう。%K%P
啊，无论如何，因为昨天的种种影响，\n和过去的事情牵扯到了一起，我没法不在意她。%K%P
%LC睦月
%LC睦月
「お二人はご一緒にお買い物ですか？」%K%P
「二位是在一起买东西吗？」%K%P
%LC美実
%LC美实
「ご一緒というか、デート？」%K%P
「与其说一起来的，不如说，约会？」%K%P
%LC睦月
%LC睦月
「まあ」%K%P
「嘛~」%K%P
%LC陽菜
%LC阳菜
「違うから信じないでっ。\n　さっきナンパされただけだから」%K%P
「不是的别相信她。\n　我只是刚才被她搭讪了而已」%K%P
%LC睦月
%LC睦月
「ナンパ、ですか？　美実様が？」%K%P
「搭讪了，吗？　被美实大人？」%K%P
%LC美実
%LC美实
「だってほら、こんなに可愛いし」%K%P
「因为你看~她是这么的可爱~」%K%P
%LC睦月
%LC睦月
「ふふ、そうですね。服もよく似合っていて、\n　陽菜さん、とても可愛いです」%K%P
「呼呼，确实呢。衣服也非常合身，\n　阳菜同学，真的很可爱呢」%K%P
%LC陽菜
%LC阳菜
「ん……」%K%P
「唔……」%K%P
ごくごく自然に可愛いと言われて、\nなんかもう、顔がぶわっと熱くなってしまう。%K%P
她非常自然地说着我可爱，\n我的脸一下子就热了起来。%K%P
それはきっと、いま着ている服が、\n自分で選んだものだからに違いない。%K%P
一定是因为现在穿的衣服是自己选的，\n所以才害羞吧。%K%P
選んだ服を褒められて照れちゃうなんて、\nまるで、初デートに挑む女の子みたいだ。%K%P
因为选的衣服被夸可爱而害羞，\n我简直就像第一次约会的女孩子一样。%K%P
%LC陽菜
%LC阳菜
「えと……睦月さんも、\n　その服、とても似合ってる」%K%P
「那个……睦月同学也是，\n　这件衣服，非常合身呢」%K%P
%LC睦月
%LC睦月
「まあ、ありがとうございます。\n　嬉しいです」%K%P
「嘛~谢谢你的夸奖。\n　我很高兴哦」%K%P
%LC美実
%LC美实
「むぅ……。なんか陽菜ちゃん、\n　私と睦月ちゃんで反応違いすぎない？」%K%P
「姆姆……总感觉阳菜酱，\n　对我和对睦月酱的反应相差太大了吧？」%K%P
%LC陽菜
%LC阳菜
「なんですか、急に」%K%P
「为什么突然这么说」%K%P
%LC美実
%LC美实
「だって、私のときは逃げ出そうとするし、\n　服にだってコメントなかったし」%K%P
「因为，见到我的时候直接就想逃了，\n　而且对我穿的衣服也没有做评论」%K%P
%LC美実
%LC美实
「あー……ひょっとして陽菜ちゃん、\n　睦月ちゃんのこと、好きだったり？」%K%P
「啊↗↘……难道说阳菜酱，\n　其实很喜欢睦月酱？」%K%P
%LC陽菜
%LC阳菜
「なっ……なに言ってるんですかっ！\n　睦月さんにも迷惑ですからそういうのっ」%K%P
「你……你在说什么啊！\n　这么说会给睦月同学带来困扰的」%K%P
%LC睦月
%LC睦月
「いえ？　私は、別に」%K%P
「没哦？　我没什么的」%K%P
%LC陽菜
%LC阳菜
「え」%K%P
「诶」%K%P
%LC睦月
%LC睦月
「え？」%K%P
「诶？」%K%P
%LC陽菜
%LC阳菜
「ん……」%K%P
「嗯……」%K%P
%LC美実
%LC美实
「ふぅーん……。そっかそっかぁ」%K%P
「嚯~~……原来如此原来如此~」%K%P
%LC陽菜
%LC阳菜
「くっ……もおっ、\n　勝手に納得しないでくださいっ」%K%P
「咕……真是的，\n　请不要随便就附和了呀」%K%P
短い言葉の応酬を見届け、\nしたり顔で納得する美実様が憎い。%K%P
听着我和睦酱刚刚简短的对话，\n美实大人一脸得意，真可恨啊。%K%P
%LC美実
%LC美实
「で？　睦月ちゃんもお買い物？」%K%P
「所以？　睦月酱也在买东西？」%K%P
%LC睦月
%LC睦月
「はい。合宿に備えて、雑貨の買い出しに」%K%P
「是。为合宿做准备，我来买些生活用品」%K%P
%LC陽菜
%LC阳菜
「合宿……？」%K%P
「合宿……？」%K%P
%LC美実
%LC美实
「ああ、はいはい。アリア合宿ね」%K%P
「啊~对对。咏叹调合宿呢」%K%P
%LC睦月
%LC睦月
「ええ。私はすでにメンバーですから、\n　いまのうちに支度をしておこうかと」%K%P
「嗯。因为我已经是其中的成员了，\n　所以想趁现在准备一下」%K%P
%LC美実
%LC美实
「備えあればってやつね。さすがは{歌姫:ディーバ}」%K%P
「为了有备无患是嘛。真不愧是{歌姫:Diva}呀」%K%P
%LC陽菜
%LC阳菜
「あの、アリア合宿って……なんですか？」%K%P
「那个，咏叹调合宿……是什么啊？」%K%P
%LC美実
%LC美实
「あれ？　陽菜ちゃん、知らないの？」%K%P
「啊咧？　阳菜酱，不知道吗？」%K%P
%LC陽菜
%LC阳菜
「はい。名前からして、歌劇アリア関係かな、\n　とは思うんですけど」%K%P
「是啊。不过听这名字，\n　应该和歌剧咏叹调有关系吧」%K%P
%LC美実
%LC美实
「そうそう、その通り」%K%P
「对对，说的没错」%K%P
%LC睦月
%LC睦月
「アリア合宿というのは、その名の通り、\n　歌劇アリアを演じるメンバーで行う合宿です」%K%P
「咏叹调合宿，顾名思义，\n　表演歌剧咏叹调的成员们将要合宿」%K%P
%LC睦月
%LC睦月
「{舞闘:カデンツァ}を勝ち抜き、歌劇アリアで騎士を演じる\n　学生たちと歌姫、合計５人で合宿をするんです」%K%P
「在{舞斗:华彩乐}中的胜出者，要在歌剧咏叹调中扮演骑士。\n　选出的学生们和歌姫，总共会有5人来合宿」%K%P
%LC美実
%LC美实
「出演者が決まってから本番まで、\n　実質１週間しかないからね」%K%P
「从决定演员到正式演出，\n　实际上只有1周的时间呢」%K%P
%LC美実
%LC美实
「学園内にある合宿所で一緒に暮らして、\n　親睦を深めながら、劇の稽古をするってわけ」%K%P
「之后要一起住在学校内的宿舍里，\n　一边增进感情，一边进行排练」%K%P
%LC陽菜
%LC阳菜
「あっ、なるほど。言われてみれば、\n　１週間で劇を覚えるのって大変ですもんね」%K%P
「啊，原来如此。这样子说的话，\n　用1周的时间记住剧本，挺不容易的呢」%K%P
劇の長さがどれぐらいかは分からないけど、\n２日目のメインイベントって言われるぐらいだし、\nおそらく、小一時間程度はあるはずだ。%K%P
虽然不知道这剧有多长，\n但据说是第2天的重头戏，\n那应该要演将近1个小时左右。%K%P
ミュージカルだから歌唱パートもあるだろうけど、\n普通の劇として演技をするシーンもあるだろう。%K%P
因为是音乐剧，所以歌唱部分居多，\n但也会有像正常戏剧一样表演的情景吧。%K%P
台詞数にもよるけれど、それを１週間で覚えるのは、\n確かになかなか骨が折れるに違いない。%K%P
虽然也要看台词的数量多不多，\n不过在1周内记住这些，确实是很吃力的。%K%P
そこで、メンバー全員で合宿するわけか。%K%P
而且，还要全体成员一起合宿。%K%P
……ん？　１週間……？　合宿……？%K%P
……嗯？　在1周内……？　要合宿……？%K%P
%LC陽菜
%LC阳菜
「あの、それってつまり、１週間、みんなと\n　ひとつ屋根の下で暮らすってことですか？」%K%P
「那个，也就是说，大家要在同一个屋檐下，\n　生活1个星期吗？」%K%P
%LC美実
%LC美实
「そうだよ。私、一応経験者だけど。\n　みんなでずーっと同じ部屋で寝起きするの」%K%P
「是的哦。我也算是过来人了。\n　确实大家要一直住在同一个房间里呢」%K%P
%LC美実
%LC美实
「合宿所って、お風呂も結構広いから。\n　みんなで入ったりとかもするし」%K%P
「合宿宿舍的浴室很大哦。\n　有时候大家还会一起进去」%K%P
%LC陽菜
%LC阳菜
「同じ部屋で寝て、入浴まで……」%K%P
「在同一个房间里睡觉，甚至洗澡……」%K%P
それ、オレ的には大ピンチなんじゃ――、%K%P
那这对我来说可是个大危机啊——%K%P
%LC陽菜
%LC阳菜
「それって、辞退とか出来ないんですか？」%K%P
「这个，就不能拒绝吗？」%K%P
%LC美実
%LC美实
「合宿をってこと？」%K%P
「你是说合宿？」%K%P
%LC陽菜
%LC阳菜
「はい。合宿には参加するけど、\n　寝起きとお風呂は別、みたいな」%K%P
「是。虽然会来参加合宿，\n　但是起床穿衣和洗澡时，会出去……自己解决」%K%P
%LC美実
%LC美实
「よほどの事情がないと無理だと思うよ？\n　合宿所での生活は、学園が保証してくれるしね」%K%P
「我觉得没有特殊情况是不批准的。\n　在合宿宿舍的生活，学院会保证的」%K%P
%LC陽菜
%LC阳菜
「よほどの事情……」%K%P
「预料之外的事呢……」%K%P
女装をしているから、とは、無論声高に言えないけど、\nニナさんに言えばなんとかなる――、%K%P
因为现在穿着女装，当然不能大声说出来，\n不过告诉妮娜姐总有办法的吧——%K%P
……いや。ニナさんの場合、\nむしろ逆に、背中を押してきそうな気がする。%K%P
……不行。按照妮娜姐的一贯作风，\n反而会在背后推我一把。%K%P
%LC美実
%LC美实
「なに？　陽菜ちゃん。\n　みんなと合宿するのイヤなの？」%K%P
「咋了呀~？　阳菜酱。\n　难道不想和大家一起合宿？」%K%P
%LC陽菜
%LC阳菜
「イヤではないんですけど……その、\n　ちょっと、いろいろと、なんというか」%K%P
「倒不是说不想吧……这个，\n　还是，有要考虑的事，怎么说呢」%K%P
１泊２日ならなんとかなるだろうけど、\n１週間もってなったら、さすがに無理ゲーだ。%K%P
如果是2天1夜的话应该还行，\n但如果是1周的话，我就不行了。%K%P
合宿メンバーの中にオレの秘密を知る人がいて、\nその人が助けてくれれば、なんとかなるかもだけど。%K%P
如果合宿成员中有人知道我的秘密，\n而且那个人能帮我的话，也许会有办法。%K%P
そんな都合のいい人が、いるはずもないし――、%K%P
但怎么可能有能帮自己的人呢——%K%P
%LC美実
%LC美实
「まあでも、気の早い話ではあるけどね。\n　初戦に勝たないとアリア合宿には参加できないし」%K%P
「不过，说起来也有点操之过急了。\n　如果不能赢下初赛，就不能参加咏叹调合宿了」%K%P
%LC陽菜
%LC阳菜
「あ……」%K%P
「啊……」%K%P
そうか、その手があった。%K%P
是啊，还有这么一招。%K%P
初戦で負けて決勝に残らなければ、\n必然、アリア合宿に参加する必要もない――。%K%P
如果初赛输了，进不了决赛，\n就没有参加咏叹调合宿的必要了——%K%P
%LC美実
%LC美实
「陽菜ちゃん。いま、わざと負けようとか思った？」%K%P
「阳菜酱。刚刚，是在想着故意输掉的事吗？」%K%P
%LC陽菜
%LC阳菜
「……え？」%K%P
「……诶？」%K%P
%LC美実
%LC美实
「間違ってたら、ごめんだけど。\n　なんか、そんな気がして」%K%P
「如果是我误解了，那很对不起。\n　但是，我总有那种感觉」%K%P
%LC陽菜
%LC阳菜
「私は、その……」%K%P
「我，这个……」%K%P
%LC美実
%LC美实
「すぐに否定しないってことは、\n　やっぱ、そうなんだ？」%K%P
「不马上否定嘛，\n　果然是想这样做？」%K%P
%LC陽菜
%LC阳菜
「ん……」%K%P
「嗯……」%K%P
美実様に見つめられ、言葉に詰まる。%K%P
被美实大人盯着，我说不出话来。%K%P
自由人だし飄々としている人だけど、\nこういうときの彼女は、不思議と迫力があった。%K%P
她平时总是自由而飘飘然的，\n但这种时候的她，有一种不可思议的压迫力。%K%P
%LC美実
%LC美实
「一人で戦う形式なら、あるいは、\n　それもアリなのかもしれないとは思うけど」%K%P
「如果还是单人作战的形式，\n　或许是可以主动放水」%K%P
%LC美実
%LC美实
「でも、今年は二人一組のペアで……、\n　エンゲージした子と一緒に戦うんだよ？」%K%P
「但是，今年是二人一组来作战……\n　要和自己"订婚"的人一起战斗，对吧？」%K%P
%LC美実
%LC美实
「陽菜ちゃん、その子のことは、どうでもいいの？」%K%P
「阳菜酱，你选择的人怎么想的，\n　你都觉得无所谓？」%K%P
%LC美実
%LC美实
「パートナーの子が{最優秀騎士:ブリランテ}になりたいって\n　思っていても、わざと負けるつもり？」%K%P
「即使是作为自己搭档的人想成为{至高骑士:Brillante}，\n　你也会故意放水输掉吗？」%K%P
%LC陽菜
%LC阳菜
「あ……」%K%P
「啊……」%K%P
美実様の一言で、自分の身勝手さに気付く。%K%P
美实大人这一句话，让我意识到了自己的自私。%K%P
その時の衝撃といったら、本当に、\n後頭部を鈍器かなにかで殴られたかのようだった。%K%P
当时我听完后感受到的冲击，\n就像后脑勺被人用钝器殴打了一样。%K%P
確かに、オレは秘密を守らなきゃいけない。%K%P
确实，我有必须要保守的秘密。%K%P
けど、それはあくまでオレの都合であって、\nエンゲージするパートナーには関係ないことだ。%K%P
但是，这只是我自己的私事，\n但和我"订婚"的搭档没有关系。%K%P
なのに、わざと負ける、なんて……。%K%P
这样的话，我又怎么能故意去输……%K%P
仮に、それで秘密が守れたとしても、\nオレはあとで、絶対に後悔するはずだ。%K%P
反过来讲，就算能守住这个秘密，\n我以后也一定会后悔的。%K%P
%LC陽菜
%LC阳菜
「……すみません。私、浅はかでした」%K%P
「……对不起。是我太肤浅了」%K%P
たまらなく恥ずかしくなり頭を下げると、\n美実様は、ふっと表情を和らげだ。%K%P
我羞愧地低下了头，\n美实大人的表情顿时缓和了下来。%K%P
%LC美実
%LC美实
「こっちこそ、ごめん。陽菜ちゃんの事情も\n　知らないくせに、キツい言い方して」%K%P
「我才是，对不起呢。你不知道阳菜酱的具体情况，\n　却说教得这么严厉」%K%P
%LC陽菜
%LC阳菜
「いえ、そんなことないです。\n　美実様のおかげで過ちを犯さずにすみました」%K%P
「不，没有那样的事。\n　多亏了美实大人，我才没有犯错误」%K%P
%LC美実
%LC美实
「過ちって……もう、大げさな」%K%P
「犯错误啊……真是的，太夸张了啦」%K%P
%LC美実
%LC美实
「それに、私がいま言ったのは正論というか、\n　いわゆる道徳的な意見ってやつだから」%K%P
「而且，我刚才说的只是客观看法，\n　也就是所谓道德上的意见」%K%P
%LC美実
%LC美实
「世の中、王道の他に覇道と邪道もあるわけで。\n　解決策は必ずしも１つじゃないと思うよ？」%K%P
「"世上除了王道外，还有霸道和邪道。"\n　我觉得解决方法不一定只有一个哦？」\n（用语出自《孟子》，但在此说的是"方法总比困难多"）%K%P
%LC美実
%LC美实
「人を傷つけないために自分を傷つける、とか……。\n　そういうの、私は好きじゃないし」%K%P
「为了不伤害别人而伤害自己，什么的……\n　这种事，我是很不喜欢的」%K%P
%LC陽菜
%LC阳菜
「美実様……」%K%P
「美实大人……」%K%P
……ほんと、さっきまでおちゃらけて、\n人をからかっていた人物と同一とは思えない。%K%P
……现在的她，和刚才还在捉弄我的人，\n真的不像是是同一个人。%K%P
%LC美実
%LC美实
「にしても、わざと負けてまで、\n　みんなと合宿したくない、なんて……」%K%P
「话说回来，你不想和大家一起合宿，\n　甚至想要故意输掉比赛，什么的……」%K%P
%LC美実
%LC美实
「陽菜ちゃん、よっぽどの事情でもあるの？」%K%P
「阳菜酱，是有什么特殊情况吗？」%K%P
%LC陽菜
%LC阳菜
「それは……」%K%P
「这个是……」%K%P
美実様の表情と声音は、とても優しい。%K%P
美实大人的表情和声音，都变得非常温柔。%K%P
それってきっと、私に協力できることがあるなら、\n話してごらん？　ってことなんだろう。%K%P
"如果有我能帮上忙的事，不妨说出来吧？"\n她的样子就像是在说这句话。%K%P
話せるものなら、いっそ話してしまいたい。%K%P
如果我能说的话，真想干脆地说出来呀。%K%P
あるいは美実様だったら、オレが男だと知っても、\n大変だったねぇ、なんて笑ってくれそうで――、%K%P
美实大人要是知道我是男性的话，\n一定会笑着说"真是辛苦你了"吧——%K%P
%LC睦月
%LC睦月
「あの……隣で立ち聞きするような真似になって、\n　大変、心苦しいんですけど……」%K%P
「那个……虽然我只是站在旁边听，\n　但是感觉，心里很难受……」%K%P
%LC睦月
%LC睦月
「もしかして、陽菜さんが合宿を躊躇うのは、\n　昨日言っていた秘密と関係しているんですか？」%K%P
「难道说，阳菜同学对合宿犹豫不决，\n　是和昨天说的秘密有关吗？」%K%P
%LC陽菜
%LC阳菜
「あ――」%K%P
「啊——」%K%P
%LC陽菜
%LC阳菜
「それは、だって……ね？　誰にでも、\n　言えないことのひとつやふたつあるでしょ？」%K%P
「"这是因为……呐？\n　谁都会有一两个不能说的事对吧？"」%K%P
%LC睦月
%LC睦月
「ふふっ。そうですよね。そうなんです。\n　誰にだって、言えない秘密はあるんです」%K%P
「"呼呼。就是这样啊，确实如此。\n　每个人都有不能说的秘密呀"」%K%P
つーちゃんの一言で、昨日の記憶が甦って。%K%P
睦酱的这句话，让我想起了昨天的事。%K%P
%LC陽菜
%LC阳菜
「……うん。どうしても、守りたい秘密があって」%K%P
「……嗯。无论如何，这是个我想要守护的秘密」%K%P
そんなふうに言ったオレに、\n美実様はとびきり優しく微笑んできた。%K%P
对于这样说的我，\n美实大人温柔地笑了。%K%P
%LC美実
%LC美实
「その秘密がなんなのか、私にはわからないし、\n　打ち明ける必要もないけど――」%K%P
「我并不知道那个秘密到底是什么，\n　你也没必要告诉我——」%K%P
%LC美実
%LC美实
「つまり、陽菜ちゃんには大切な秘密があって、\n　それを守りたいから合宿は避けたい……と、\n　こういうことでいいわけ？」%K%P
「也就是说，阳菜酱有一个很重要的秘密，\n　因为想要守护这个秘密，所以才想避免合宿……嗯，\n　我这样想就可以了对吧？」%K%P
%LC陽菜
%LC阳菜
「はい」%K%P
「是」%K%P
%LC美実
%LC美实
「なら、その秘密がバレる心配がなければ、\n　合宿するのもやぶさかじゃないわけだ？」%K%P
「那么，只要不担心这个秘密会被发现，\n　那合宿不就是能轻松参加的事了？」%K%P
%LC陽菜
%LC阳菜
「それは確かに、そうなりますけど……。\n　でも、それって簡単なことじゃないんです」%K%P
「这个，确实是这样子……\n　但是，这不是一件简单的事情」%K%P
寝ている時は無防備になるだろうし、入浴以外にも、\nおトイレや着替えなど、気を配らないといけない。%K%P
睡觉的时候肯定会变得没有防备的，除了洗澡以外，\n上厕所还有换衣服之类的事，都要谨慎提防着。%K%P
自分の部屋があり、ニナさんや姉さんの協力もある\n職員寮の生活とは、そもそも難易度が段違いだ。%K%P
和在有自己的房间，有妮娜姐和姐姐协助的\n职员宿舍里生活，难度天差地别。%K%P
%LC睦月
%LC睦月
「……あの、陽菜さん。\n　なにか私に出来ることはありませんか？」%K%P
「……那个，阳菜同学。\n　有什么我能为你做的事吗？」%K%P
%LC陽菜
%LC阳菜
「えっ……？　出来ること？」%K%P
「诶……？　为我做的事？」%K%P
%LC睦月
%LC睦月
「例えば、陽菜さんが決勝に残ったら、\n　合宿所での生活をサポートする、とか……」%K%P
「比如说，如果阳菜同学能进决赛的话，\n　我就全力协助你在合宿宿舍的生活，之类的……」%K%P
%LC睦月
%LC睦月
「陽菜さんの秘密の内容は知らないままでも、\n　それがバレないよう、協力はできると思うんです」%K%P
「就算我不知道阳菜同学秘密的内容，\n　我也会协助你，让你不暴露秘密」%K%P
%LC睦月
%LC睦月
「それなら多少は、合宿もしやすいと思うんですが」%K%P
「那样的话，合宿多多少少也会容易一些吧」%K%P
%LC陽菜
%LC阳菜
「睦月さん……。どうして、そこまで――」%K%P
「睦月同学……为什么要做到这个地步——」%K%P
%LC睦月
%LC睦月
「それは、その……私も、陽菜さんと、\n　一緒に合宿をしたいというか……」%K%P
「这个是，这个……我也很想，\n　和阳菜同学一起集训呀……」%K%P
%LC睦月
%LC睦月
「私も今回が初めてのアリア合宿なので。\n　同じ初めての子がいると、嬉しいなって」%K%P
「我也是第一次参加咏叹调合宿。\n　要是有同样是第一次参加的人，我会很高兴的」%K%P
%LC陽菜
%LC阳菜
「ん……」%K%P
「嗯……」%K%P
ちょっとはにかむように言われて、\nまたしてもドキっとしてしまう。%K%P
听她略带羞涩地这么一说，\n我的心跳了一下。%K%P
正直、つーちゃんの申し出は嬉しい。%K%P
说实话，我对睦酱的提议很心动。%K%P
けど、実は男だってことを打ち明けないまま、\nそれがバレないように協力してもらうって……それ、\nかえって難易度が上がってる気がする。%K%P
但是，"我是男性"这一事并没有告诉她，\n在这基础上，她即便不知道也想来帮忙……这个，\n我反而觉得难度更高了啊。%K%P
%LC陽菜
%LC阳菜
「気持ちは嬉しいんだけど……。\n　でも、こればっかりは、ちょっと」%K%P
「你能这样做我很高兴……\n　但是，这还是，有点」%K%P
%LC睦月
%LC睦月
「そう、ですか……。すみません。\n　事情も知らないのに、出過ぎた真似を」%K%P
「这样，吗……。对不起。\n　我还不了解情况，却说了些过分的话」%K%P
%LC陽菜
%LC阳菜
「ううん、そんなことない。\n　言えないのはこっちの都合なんだし」%K%P
「没有没有，没有这回事。\n　倒不如说是我的问题」%K%P
%LC美実
%LC美实
「……ふむ。なら、私も協力してあげる」%K%P
「额……嗯姆。那么，我也来帮忙吧」%K%P
%LC陽菜
%LC阳菜
「へっ？　美実様が、ですか？」%K%P
「诶？　美实大人也来，吗？」%K%P
%LC美実
%LC美实
「そっ。私と睦月ちゃんが協力すれば、\n　実質、合宿所の過半数は抑えられるでしょ？」%K%P
「对。只要我和睦月酱一起协力，\n　就能控制住集体宿舍的大部分情况了，不是吗？」%K%P
%LC美実
%LC美实
「そしたら、陽菜ちゃんの秘密がなんであれ、\n　かなり安心して過ごせるんじゃない？」%K%P
「这样的话，不管阳菜酱的秘密是什么，\n　都可以相当安心地度过了对吧？」%K%P
%LC陽菜
%LC阳菜
「それは、そうですけど……」%K%P
「这个，确实可以哦……」%K%P
この流れでこんなことを考えるのは、\n非常に心苦しいし、申し訳ないとは思うけど。%K%P
在这种情况下，却思考着这种事情，\n我感到非常难过，也对她们感到非常抱歉。%K%P
正直、オレ以外の代表７名の{騎士:ワルキュリア}の中で、\nもっとも女装バレを警戒すべき相手は美実様だと思う。%K%P
说实话除我以外，作为代表的7名{骑士:Valkyria}当中，\n我觉得最大可能戳破我女装真相的，是美实大人。%K%P
勘は鋭いし、下着見せて事件の前科もあるし、\n今日だってナンパをしてきたばかりだし。%K%P
她的直觉很敏锐，又有看别人内衣的前科，\n今天也是，刚碰到就搭讪我。%K%P
だからこそ、そんな美実様が協力してくれるなら、\nこんなに心強いことはないんだけど――、%K%P
正因为如此，如果美实大人愿意帮我，\n我会更加放心些——%K%P
%LC陽菜
%LC阳菜
「美実様がいま言ったことを実現させるのって、\n　難しくないですか？」%K%P
「要实现美实大人刚才所说的，\n　不应该是很难的吗？」%K%P
%LC美実
%LC美实
「どうして？」%K%P
「为什么？」%K%P
%LC陽菜
%LC阳菜
「美実様、私とはエンゲージしないって、\n　そう宣言してましたよね？」%K%P
「美实大人，你不是说过，\n　不会和我"订婚"的嘛？」%K%P
%LC美実
%LC美实
「したね。戦いたいし」%K%P
「确实呢。因为想和你打」%K%P
%LC陽菜
%LC阳菜
「ということは、私と美実様は、\n　別々にペアを組むわけです」%K%P
「也就是说，我和美实大人，\n　是分开组队的」%K%P
%LC陽菜
%LC阳菜
「その状態でふたりとも決勝に残るのって、\n　実力以上に運の要素が大きいじゃないですか」%K%P
「在这种状态下，两人都要进入决赛，\n　比起实力，运气的因素更大些吧」%K%P
%LC陽菜
%LC阳菜
「トーナメントの初戦で対戦することになったら、\n　どちらかが必ず負けちゃうわけですから」%K%P
「如果在淘汰赛第一场中就相遇的话，\n　一定会有一方要输的」%K%P
運良く初戦で当たらなかったにしても、\nどちらかが負けたら、それで計画はご破算だ。%K%P
就算运气好，初战没碰到一起，\n但只要有一方输了，计划也就泡汤了。%K%P
%LC美実
%LC美实
「大丈夫。それに関しては、\n　とっても簡単に対策できるから」%K%P
「没关系。关于这个，\n　很容易就能解决的啦」%K%P
そう言った美実様は、にこっと笑って。%K%P
说着，美实大人微微一笑。%K%P
%LC美実
%LC美实
「陽菜ちゃん。\n　私とエンゲージしましょ？」%K%P
「阳菜酱。\n　和我"订婚"吧？」%K%P
………………え？%K%P
………………诶？%K%P
