翌日は、朝からずっと、そわそわしっぱなしで。%K%P
翌日は、朝からずっと、そわそわしっぱなしで。%K%P
授業の内容はおろか、お昼になにを食べたのかも、\nよく覚えていないような有り様で。%K%P
授業の内容はおろか、お昼になにを食べたのかも、\nよく覚えていないような有り様で。%K%P
それでも、時間は過ぎて、放課後になって。%K%P
それでも、時間は過ぎて、放課後になって。%K%P
%LC睦月
%LC睦月
「……うん。このほうが、いい、よね」%K%P
「……うん。このほうが、いい、よね」%K%P
部屋に招かれた、という状況も加味して。%K%P
部屋に招かれた、という状況も加味して。%K%P
……あと、万が一を、考えて。%K%P
……あと、万が一を、考えて。%K%P
一度合宿所に戻って、着替えてから、\n僕は職員寮――彼女のところへと向かった。%K%P
一度合宿所に戻って、着替えてから、\n僕は職員寮――彼女のところへと向かった。%K%P
%LC陽菜
%LC陽菜
「いらっしゃい。ようこそ、睦月さん」%K%P
「いらっしゃい。ようこそ、睦月さん」%K%P
%LC睦月
%LC睦月
「あっ、あの、本日はお招きいただき、\n　ありがとう、ございます」%K%P
「あっ、あの、本日はお招きいただき、\n　ありがとう、ございます」%K%P
%LC陽菜
%LC陽菜
「そんなに緊張しないで、くつろいで。\n　といっても、私の家じゃないんだけど」%K%P
「そんなに緊張しないで、くつろいで。\n　といっても、私の家じゃないんだけど」%K%P
%LC睦月
%LC睦月
「あの、学園長や、諏訪先生は……？」%K%P
「あの、学園長や、諏訪先生は……？」%K%P
%LC陽菜
%LC陽菜
「今日は二人ともまだ学園だよ。\n　帰りは遅いはずだから」%K%P
「今日は二人ともまだ学園だよ。\n　帰りは遅いはずだから」%K%P
%LC陽菜
%LC陽菜
「しばらくは二人きりってことで……ね？」%K%P
「しばらくは二人きりってことで……ね？」%K%P
%LC睦月
%LC睦月
「っ……」%K%P
「っ……」%K%P
これって、今日は家に誰もいないの……みたいな、\nもしかしてそういうことっ……？！%K%P
これって、今日は家に誰もいないの……みたいな、\nもしかしてそういうことっ……？！%K%P
%LC陽菜
%LC陽菜
「実はいま、準備をしていた途中で。\n　まだ、もう少しかかると思うから」%K%P
「実はいま、準備をしていた途中で。\n　まだ、もう少しかかると思うから」%K%P
%LC陽菜
%LC陽菜
「睦月さんは先に私の部屋に行って、\n　待っていてくれる？」%K%P
「睦月さんは先に私の部屋に行って、\n　待っていてくれる？」%K%P
%LC睦月
%LC睦月
「はっ、はい」%K%P
「はっ、はい」%K%P
そうして通された彼女の部屋は、\nなんていうかもう、お洒落で愛らしくて。%K%P
そうして通された彼女の部屋は、\nなんていうかもう、お洒落で愛らしくて。%K%P
でも、じろじろ見るのも失礼だから、顔を伏せ、\n自分の膝を見るように、正座をして待っていると。%K%P
でも、じろじろ見るのも失礼だから、顔を伏せ、\n自分の膝を見るように、正座をして待っていると。%K%P
%LC睦月
%LC睦月
「あっ……」%K%P
「あっ……」%K%P
不意に、ドアの開く、ガチャッと言う音がして。%K%P
不意に、ドアの開く、ガチャッと言う音がして。%K%P
このあとどうなっちゃんだろう、\nなんて思いながら、顔を上げてみたら――。%K%P
このあとどうなっちゃんだろう、\nなんて思いながら、顔を上げてみたら――。%K%P
%LC睦月
%LC睦月
「……へ？」%K%P
「……へ？」%K%P
そこには、知らない男の子が立っていた。%K%P
そこには、知らない男の子が立っていた。%K%P
%LC睦月
%LC睦月
「あっ、あの……どちらさまですか？\n　というかここ、男子禁制のはずじゃ……」%K%P
「あっ、あの……どちらさまですか？\n　というかここ、男子禁制のはずじゃ……」%K%P
自分のことは棚に上げて、\n入ってきた男の子をじっと見つめる。%K%P
自分のことは棚に上げて、\n入ってきた男の子をじっと見つめる。%K%P
本来であれば警戒しなきゃいけない状況なのに、\nなぜか、そういう気持ちは起きなくて。%K%P
本来であれば警戒しなきゃいけない状況なのに、\nなぜか、そういう気持ちは起きなくて。%K%P
でも、常識と理性が、そんな自分を、\nとにかく奮い立たせようとしていると――、%K%P
でも、常識と理性が、そんな自分を、\nとにかく奮い立たせようとしていると――、%K%P
%LC？？？
%LC？？？
「ほっ……まずは第一関門突破っと」%K%P
「ほっ……まずは第一関門突破っと」%K%P
%LC睦月
%LC睦月
「第一、関門……？」%K%P
「第一、関門……？」%K%P
%LC？？？
%LC？？？
「そう。だって、この格好してつーちゃんに\n　女の子だと思われたら、いよいよ立ち直れないし」%K%P
「そう。だって、この格好してつーちゃんに\n　女の子だと思われたら、いよいよ立ち直れないし」%K%P
%LC？？？
%LC？？？
「なにより、話が先に進まないから」%K%P
「なにより、話が先に進まないから」%K%P
%LC睦月
%LC睦月
「……え」%K%P
「……え」%K%P
謎の男の子の発した、つーちゃんという呼び名に、\nつむじからつま先まで、びびっと電流が走る。%K%P
謎の男の子の発した、つーちゃんという呼び名に、\nつむじからつま先まで、びびっと電流が走る。%K%P
それはまさに、落雷に打たれたぐらいの衝撃で。%K%P
それはまさに、落雷に打たれたぐらいの衝撃で。%K%P
%LC睦月
%LC睦月
「もしか、して……ひな、ちゃん？」%K%P
「もしか、して……ひな、ちゃん？」%K%P
%LC日向
%LC日向
「うん。そうだよ。ひさしぶり」%K%P
「うん。そうだよ。ひさしぶり」%K%P
%LC睦月
%LC睦月
「ひさしぶりって……え、だって、なんで？\n　なんでここにいるの？　ここ、女学園だよ？」%K%P
「ひさしぶりって……え、だって、なんで？\n　なんでここにいるの？　ここ、女学園だよ？」%K%P
%LC日向
%LC日向
「それを言うならつーちゃんもでしょ？\n　ここ、女学園だよ？」%K%P
「それを言うならつーちゃんもでしょ？\n　ここ、女学園だよ？」%K%P
%LC睦月
%LC睦月
「なっ……なに、言ってるの？\n　私、女の子だよ？　知ってるでしょ？」%K%P
「なっ……なに、言ってるの？\n　私、女の子だよ？　知ってるでしょ？」%K%P
唐突すぎる再会に気がゆるゆるに緩んで、\n口調からなにから、子供の頃に戻ってしまって。%K%P
唐突すぎる再会に気がゆるゆるに緩んで、\n口調からなにから、子供の頃に戻ってしまって。%K%P
そんなとき、唐突に言われた一言に、\n一瞬で頭がパニックになった。%K%P
そんなとき、唐突に言われた一言に、\n一瞬で頭がパニックになった。%K%P
ここは陽菜さんの部屋で、僕は彼女に女装がバレて。%K%P
ここは陽菜さんの部屋で、僕は彼女に女装がバレて。%K%P
でも、日向くんには、なにもバレていないはずで。%K%P
でも、日向くんには、なにもバレていないはずで。%K%P
だから、彼に対して僕は、\n女の子のふりをしていなくちゃいけない。%K%P
だから、彼に対して僕は、\n女の子のふりをしていなくちゃいけない。%K%P
だってひなちゃんは、僕のことを、\n女の子だと思っているはずなんだから――、%K%P
だってひなちゃんは、僕のことを、\n女の子だと思っているはずなんだから――、%K%P
…………え？　『ひな』ちゃん……？%K%P
…………え？　『ひな』ちゃん……？%K%P
%LC睦月
%LC睦月
「……そんな、まさか……。\n　いや、でも……」%K%P
「……そんな、まさか……。\n　いや、でも……」%K%P
%LC日向
%LC日向
「ん？　どうしたの？　つーちゃん。\n　久しぶりの再会に、感激して言葉もでない？」%K%P
「ん？　どうしたの？　つーちゃん。\n　久しぶりの再会に、感激して言葉もでない？」%K%P
%LC日向
%LC日向
「それとも……言う前に、気付いちゃった？」%K%P
「それとも……言う前に、気付いちゃった？」%K%P
%LC睦月
%LC睦月
「気付いたって……じゃあ、本当に……？」%K%P
「気付いたって……じゃあ、本当に……？」%K%P
%LC日向
%LC日向
「うん。そうだよ、大正解」%K%P
「うん。そうだよ、大正解」%K%P
%LC日向
%LC日向
「――ごきげんよう、睦月さん。\n　あらためて、私の部屋にようこそ」%K%P
「――ごきげんよう、睦月さん。\n　あらためて、私の部屋にようこそ」%K%P
%LC睦月
%LC睦月
「あ……」%K%P
「あ……」%K%P
にこっと微笑みながら声音を変えてきた彼に、\n僕はすべてを悟ってしまった。%K%P
にこっと微笑みながら声音を変えてきた彼に、\n僕はすべてを悟ってしまった。%K%P
説明不要って、こういうことを言うんだと思う。%K%P
説明不要って、こういうことを言うんだと思う。%K%P
だって、彼は僕と、同じなんだから。%K%P
だって、彼は僕と、同じなんだから。%K%P
男の姿に着替えて、部屋に入り、\nそこで待っていたつーちゃんに声をかけた。%K%P
男の姿に着替えて、部屋に入り、\nそこで待っていたつーちゃんに声をかけた。%K%P
案の定、彼はすごく驚いたけれど、\n『ひなちゃん』というかつての愛称を口にして、\nすぐに思い至ったみたいだった。%K%P
案の定、彼はすごく驚いたけれど、\n『ひなちゃん』というかつての愛称を口にして、\nすぐに思い至ったみたいだった。%K%P
%LC睦月
%LC睦月
「……本当に、ひなちゃん？」%K%P
「……本当に、ひなちゃん？」%K%P
%LC日向
%LC日向
「本当に本物だよ。一緒に連弾したり、\n　たくさん歌も歌ったりした、あのひなちゃん」%K%P
「本当に本物だよ。一緒に連弾したり、\n　たくさん歌も歌ったりした、あのひなちゃん」%K%P
%LC睦月
%LC睦月
「ん……」%K%P
「ん……」%K%P
%LC睦月
%LC睦月
「……いろいろ、聞きたいことがあるんだけど」%K%P
「……いろいろ、聞きたいことがあるんだけど」%K%P
%LC日向
%LC日向
「ふふっ、だよね。安心して、つーちゃん。\n　今日呼んだのは、それをぜんぶ話すためだから」%K%P
「ふふっ、だよね。安心して、つーちゃん。\n　今日呼んだのは、それをぜんぶ話すためだから」%K%P
%LC日向
%LC日向
「すべてを話してくれたつーちゃんに、\n　オレも、すべてを話そうと思って」%K%P
「すべてを話してくれたつーちゃんに、\n　オレも、すべてを話そうと思って」%K%P
そう告げたオレは、ちょっとラフな感じで、\nつーちゃんの隣に腰を下ろした。%K%P
そう告げたオレは、ちょっとラフな感じで、\nつーちゃんの隣に腰を下ろした。%K%P
――時間は少し遡って、昨日の放課後。%K%P
――時間は少し遡って、昨日の放課後。%K%P
音楽室でつーちゃんから秘密を聞いたオレは、\n明日の放課後、自分の部屋に来るように誘った。%K%P
音楽室でつーちゃんから秘密を聞いたオレは、\n明日の放課後、自分の部屋に来るように誘った。%K%P
その時点でオレは、自分が日向であることを、\n彼に打ち明けようと考えていた。%K%P
その時点でオレは、自分が日向であることを、\n彼に打ち明けようと考えていた。%K%P
ただ、その前にひとつ確認したいこと――というか、\n話を聞いておきたい人物がいた。%K%P
ただ、その前にひとつ確認したいこと――というか、\n話を聞いておきたい人物がいた。%K%P
他でもない、ニナさんだ。%K%P
他でもない、ニナさんだ。%K%P
%LCニナ
%LCニナ
「ふぃー、今日もおつかれちゃったぁ……。\n　若い子ってみんな元気よねぇ」%K%P
「ふぃー、今日もおつかれちゃったぁ……。\n　若い子ってみんな元気よねぇ」%K%P
%LC陽菜
%LC陽菜
「お疲れさまです。\n　ニナさん、いまちょっといいですか？」%K%P
「お疲れさまです。\n　ニナさん、いまちょっといいですか？」%K%P
%LCニナ
%LCニナ
「うん、いいわよ。なんでもどうぞ」%K%P
「うん、いいわよ。なんでもどうぞ」%K%P
%LC陽菜
%LC陽菜
「ニナさんが昔、オレの母さんに\n　歌を教わってたって話、本当ですか？」%K%P
「ニナさんが昔、オレの母さんに\n　歌を教わってたって話、本当ですか？」%K%P
%LCニナ
%LCニナ
「うん、本当だけど――」%K%P
「うん、本当だけど――」%K%P
%LCニナ
%LCニナ
「あ……」%K%P
「あ……」%K%P
気が緩んでいたんだろう、さらっと答えたあと、\nニナさんは明らかに、しまった……って顔をして。%K%P
気が緩んでいたんだろう、さらっと答えたあと、\nニナさんは明らかに、しまった……って顔をして。%K%P
それから、ちょっと考え込んで。%K%P
それから、ちょっと考え込んで。%K%P
%LCニナ
%LCニナ
「……睦月ちゃんから聞いたのね。\n　その話、あの子しか知らないはずだもの」%K%P
「……睦月ちゃんから聞いたのね。\n　その話、あの子しか知らないはずだもの」%K%P
完全に察したって感じで呟いたニナさんは、\nだらっとしていた居住まいを、スッと正した。%K%P
完全に察したって感じで呟いたニナさんは、\nだらっとしていた居住まいを、スッと正した。%K%P
%LCニナ
%LCニナ
「それで？　ヒナちゃんは睦月ちゃんのこと、\n　どこまで知ってるの？」%K%P
「それで？　ヒナちゃんは睦月ちゃんのこと、\n　どこまで知ってるの？」%K%P
%LC陽菜
%LC陽菜
「昨日、本当に偶然、男の子だって知ったんです。\n　でも、そのときは黙ってるって、約束をして」%K%P
「昨日、本当に偶然、男の子だって知ったんです。\n　でも、そのときは黙ってるって、約束をして」%K%P
%LC陽菜
%LC陽菜
「でも今日、睦月さんのほうから、\n　事情を説明したいって、申し出があって――」%K%P
「でも今日、睦月さんのほうから、\n　事情を説明したいって、申し出があって――」%K%P
音楽室で聞いた話を一通り伝えると、\nニナさんは、何度も何度も、しみじみ頷いた。%K%P
音楽室で聞いた話を一通り伝えると、\nニナさんは、何度も何度も、しみじみ頷いた。%K%P
%LC陽菜
%LC陽菜
「ニナさんは、本当にオレの母さんと\n　知り合い……というか、教え子なんですか？」%K%P
「ニナさんは、本当にオレの母さんと\n　知り合い……というか、教え子なんですか？」%K%P
%LCニナ
%LCニナ
「うん。私がアリアンロッドで{歌姫:ディーバ}になれたのも、\n　陽子の指導があればこそだもの」%K%P
「うん。私がアリアンロッドで{歌姫:ディーバ}になれたのも、\n　陽子の指導があればこそだもの」%K%P
%LC陽菜
%LC陽菜
「でも、母さんが誰かに歌を教えたなんて話、\n　オレは聞いたことなかったんですけど」%K%P
「でも、母さんが誰かに歌を教えたなんて話、\n　オレは聞いたことなかったんですけど」%K%P
%LCニナ
%LCニナ
「かなり短い期間だったし……それに、\n　ヒナちゃんが生まれる前の話だから」%K%P
「かなり短い期間だったし……それに、\n　ヒナちゃんが生まれる前の話だから」%K%P
%LCニナ
%LCニナ
「今からざっと、にじゅ……まあ、うん。\n　ようは、私が子供の頃の話ね？　ね？」%K%P
「今からざっと、にじゅ……まあ、うん。\n　ようは、私が子供の頃の話ね？　ね？」%K%P
%LCニナ
%LCニナ
「父が、オペラにつれていってくれて。\n　そこで歌っていたのが陽子だったの」%K%P
「父が、オペラにつれていってくれて。\n　そこで歌っていたのが陽子だったの」%K%P
%LCニナ
%LCニナ
「私、その歌に惚れ込んでしまって。\n　だから、父に人生初のおねだりをしたの」%K%P
「私、その歌に惚れ込んでしまって。\n　だから、父に人生初のおねだりをしたの」%K%P
%LCニナ
%LCニナ
「運良く、私の誕生日が近かったから。\n　そのパーティーに陽子を招いてほしいって」%K%P
「運良く、私の誕生日が近かったから。\n　そのパーティーに陽子を招いてほしいって」%K%P
%LCニナ
%LCニナ
「陽子は、今も昔も子供が好きだから。\n　そういう頼みならって、引き受けてくれたの」%K%P
「陽子は、今も昔も子供が好きだから。\n　そういう頼みならって、引き受けてくれたの」%K%P
%LCニナ
%LCニナ
「そのとき、私が陽子を真似て歌ったら、\n　素質があるから教えてあげるって言ってくれて」%K%P
「そのとき、私が陽子を真似て歌ったら、\n　素質があるから教えてあげるって言ってくれて」%K%P
%LCニナ
%LCニナ
「陽子が海外公演で滞在しているときは、\n　家に招いて、コーチをしてもらっていたの」%K%P
「陽子が海外公演で滞在しているときは、\n　家に招いて、コーチをしてもらっていたの」%K%P
%LCニナ
%LCニナ
「それが、にじゅ……んんッ、\n　ヒナちゃんが生まれる、何年か前の話」%K%P
「それが、にじゅ……んんッ、\n　ヒナちゃんが生まれる、何年か前の話」%K%P
%LC陽菜
%LC陽菜
「じゃあ、姉さん経由で知る以前から、\n　ニナさんはオレの存在を知ってたんですか？」%K%P
「じゃあ、姉さん経由で知る以前から、\n　ニナさんはオレの存在を知ってたんですか？」%K%P
%LCニナ
%LCニナ
「まぁね。といっても陽子からは話を聞いてただけで、\n　実際に会ったのは、今回が初めてだけど」%K%P
「まぁね。といっても陽子からは話を聞いてただけで、\n　実際に会ったのは、今回が初めてだけど」%K%P
%LCニナ
%LCニナ
「実はヒナちゃんのおしめを替えたことがある、\n　なんてエピソードはないの。残念ながらね」%K%P
「実はヒナちゃんのおしめを替えたことがある、\n　なんてエピソードはないの。残念ながらね」%K%P
%LC陽菜
%LC陽菜
「なら、オレが昔、合唱団にいたことも――」%K%P
「なら、オレが昔、合唱団にいたことも――」%K%P
%LCニナ
%LCニナ
「もちろん知ってるし、\n　歌だって聴いたことがあるんだから」%K%P
「もちろん知ってるし、\n　歌だって聴いたことがあるんだから」%K%P
%LCニナ
%LCニナ
「ヒナちゃんが出演したリサイタルのビデオを、\n　陽子に見せてもらうって形でね」%K%P
「ヒナちゃんが出演したリサイタルのビデオを、\n　陽子に見せてもらうって形でね」%K%P
%LCニナ
%LCニナ
「私、それを見せてもらったときから、\n　ヒナちゃんの歌声の大ファンだったのよ」%K%P
「私、それを見せてもらったときから、\n　ヒナちゃんの歌声の大ファンだったのよ」%K%P
%LCニナ
%LCニナ
「だから、ヒナちゃんが合唱団を辞めたって\n　陽子から聞いたときは、すごくショックだった」%K%P
「だから、ヒナちゃんが合唱団を辞めたって\n　陽子から聞いたときは、すごくショックだった」%K%P
%LCニナ
%LCニナ
「でも、そんな私とは対照的に、\n　陽子は全然、気にしてなくて……」%K%P
「でも、そんな私とは対照的に、\n　陽子は全然、気にしてなくて……」%K%P
%LCニナ
%LCニナ
「だから私、ムッとして聞いたことがあるの。\n　息子が歌手にならなくても良いの？　って」%K%P
「だから私、ムッとして聞いたことがあるの。\n　息子が歌手にならなくても良いの？　って」%K%P
%LCニナ
%LCニナ
「そしたら陽子は、日向の人生は日向のものだって、\n　剣術を頑張っているあなたのことを、\n　すごく楽しそうに語ってくれて……」%K%P
「そしたら陽子は、日向の人生は日向のものだって、\n　剣術を頑張っているあなたのことを、\n　すごく楽しそうに語ってくれて……」%K%P
%LCニナ
%LCニナ
「それを聞いてたら、アリアンロッドに留学して\n　頑張っていた、むーちゃんのことを思い出して」%K%P
「それを聞いてたら、アリアンロッドに留学して\n　頑張っていた、むーちゃんのことを思い出して」%K%P
%LCニナ
%LCニナ
「他にも、いろいろなことを、思い出して――」%K%P
「他にも、いろいろなことを、思い出して――」%K%P
%LCニナ
%LCニナ
「私は、この学園の理事長になったというわけ」%K%P
「私は、この学園の理事長になったというわけ」%K%P
……ん？%K%P
……ん？%K%P
%LC陽菜
%LC陽菜
「あの、なんか色々スッ飛ばしちゃった気が」%K%P
「あの、なんか色々スッ飛ばしちゃった気が」%K%P
%LCニナ
%LCニナ
「だって、この学園を設立した理由とか動機は、\n　前に話したことがあるでしょう？」%K%P
「だって、この学園を設立した理由とか動機は、\n　前に話したことがあるでしょう？」%K%P
%LCニナ
%LCニナ
「多少の脚色は混じっていたけど、\n　あのとき話したことに、嘘はないから」%K%P
「多少の脚色は混じっていたけど、\n　あのとき話したことに、嘘はないから」%K%P
%LCニナ
%LCニナ
「で、話を本題に戻すと――、\n　この学園の理事長になって少し経った頃、\n　陽子から連絡があって、相談されたの」%K%P
「で、話を本題に戻すと――、\n　この学園の理事長になって少し経った頃、\n　陽子から連絡があって、相談されたの」%K%P
%LCニナ
%LCニナ
「歌の上手い男の子がいるんだけど、\n　どうにかして銀蘭に入れられないかって」%K%P
「歌の上手い男の子がいるんだけど、\n　どうにかして銀蘭に入れられないかって」%K%P
%LCニナ
%LCニナ
「恩師の頼みだし、歌の上手い男の子って聞いて、\n　もしかしたらヒナちゃんかも……？！　って、\n　そう思って、一も二もなく承知して――」%K%P
「恩師の頼みだし、歌の上手い男の子って聞いて、\n　もしかしたらヒナちゃんかも……？！　って、\n　そう思って、一も二もなく承知して――」%K%P
%LCニナ
%LCニナ
「そうしてやってきたのが、\n　他でもない睦月ちゃんというわけ」%K%P
「そうしてやってきたのが、\n　他でもない睦月ちゃんというわけ」%K%P
%LCニナ
%LCニナ
「さっき、ヒナちゃんの歌のビデオを見たって、\n　そう言ったでしょ？」%K%P
「さっき、ヒナちゃんの歌のビデオを見たって、\n　そう言ったでしょ？」%K%P
%LCニナ
%LCニナ
「それには睦月ちゃんの歌う姿も映っていたから。\n　私は睦月ちゃんを知っていたし、その歌唱力が\n　本物だってことも、知っていたんだけど――」%K%P
「それには睦月ちゃんの歌う姿も映っていたから。\n　私は睦月ちゃんを知っていたし、その歌唱力が\n　本物だってことも、知っていたんだけど――」%K%P
%LCニナ
%LCニナ
「まあでも正直、めっちゃんこ驚くわよね。\n　宮守睦月は女の子だって思っていたわけだから」%K%P
「まあでも正直、めっちゃんこ驚くわよね。\n　宮守睦月は女の子だって思っていたわけだから」%K%P
%LC陽菜
%LC陽菜
「ですよね……。驚きますよね、ほんと」%K%P
「ですよね……。驚きますよね、ほんと」%K%P
付け焼き刃同然のオレと違って、\nつーちゃんは、文字通り、生粋の女装なわけで。%K%P
付け焼き刃同然のオレと違って、\nつーちゃんは、文字通り、生粋の女装なわけで。%K%P
ニナさんの驚きも、相当だったはずだ。%K%P
ニナさんの驚きも、相当だったはずだ。%K%P
%LCニナ
%LCニナ
「でも、実際に会って、お話をしてみて。\n　この子なら大丈夫だって確信できたから」%K%P
「でも、実際に会って、お話をしてみて。\n　この子なら大丈夫だって確信できたから」%K%P
%LCニナ
%LCニナ
「私は睦月ちゃんを、この学園の学生として、\n　受け入れることにしたの」%K%P
「私は睦月ちゃんを、この学園の学生として、\n　受け入れることにしたの」%K%P
%LCニナ
%LCニナ
「で、その相談から約２年が過ぎて……。\n　今度は、ヒナちゃんの番というわけ」%K%P
「で、その相談から約２年が過ぎて……。\n　今度は、ヒナちゃんの番というわけ」%K%P
%LCニナ
%LCニナ
「それからの出来事は、ヒナちゃん自身が\n　今日まで体験してきた通りよ」%K%P
「それからの出来事は、ヒナちゃん自身が\n　今日まで体験してきた通りよ」%K%P
いずれオレに語るつもりでいたのか、\nすらすらと、淀みなく語ったニナさんは、最後に。%K%P
いずれオレに語るつもりでいたのか、\nすらすらと、淀みなく語ったニナさんは、最後に。%K%P
%LCニナ
%LCニナ
「ヒナちゃん、睦月ちゃんと仲良くね」%K%P
「ヒナちゃん、睦月ちゃんと仲良くね」%K%P
%LCニナ
%LCニナ
「なんといってもあなたたちは、\n　この学園にたった二人の男の子なんだから」%K%P
「なんといってもあなたたちは、\n　この学園にたった二人の男の子なんだから」%K%P
%LC陽菜
%LC陽菜
「実はもう一人いる、なんてことはないですよね？」%K%P
「実はもう一人いる、なんてことはないですよね？」%K%P
%LCニナ
%LCニナ
「くすっ、大丈夫よ。いまのところは、ね？」%K%P
「くすっ、大丈夫よ。いまのところは、ね？」%K%P
夕べ、ニナさんとした会話を振り返ったあとは、\nオレ自身の言葉で、つーちゃんに説明した。%K%P
夕べ、ニナさんとした会話を振り返ったあとは、\nオレ自身の言葉で、つーちゃんに説明した。%K%P
つーちゃんに告白してフラれたあと、\n男らしくなりたいと、剣術を習い始めたこと。%K%P
つーちゃんに告白してフラれたあと、\n男らしくなりたいと、剣術を習い始めたこと。%K%P
そうして剣術にハマり、留学したこと。%K%P
そうして剣術にハマり、留学したこと。%K%P
帰国後、ニナさんに出迎えられて、\nこの学園に連れてこられて、女装をして。%K%P
帰国後、ニナさんに出迎えられて、\nこの学園に連れてこられて、女装をして。%K%P
それから今日まで、どんなふうに過ごしてきたか。%K%P
それから今日まで、どんなふうに過ごしてきたか。%K%P
本当に、なにひとつ隠さず、すべてを伝えた。%K%P
本当に、なにひとつ隠さず、すべてを伝えた。%K%P
%LC日向
%LC日向
「本当は、昨日つーちゃんの歌を聞いたあと、\n　すぐにでも正体を打ち明けたかったんだ」%K%P
「本当は、昨日つーちゃんの歌を聞いたあと、\n　すぐにでも正体を打ち明けたかったんだ」%K%P
%LC日向
%LC日向
「けど、積もる話をするには時間がなかったし……。\n　なにより、日向として話をしたかったから」%K%P
「けど、積もる話をするには時間がなかったし……。\n　なにより、日向として話をしたかったから」%K%P
%LC日向
%LC日向
「それで、自分の部屋に招くことにしたんだ。\n　ここなら誰かに見られる心配もないし」%K%P
「それで、自分の部屋に招くことにしたんだ。\n　ここなら誰かに見られる心配もないし」%K%P
%LC睦月
%LC睦月
「あ……う、うん……」%K%P
「あ……う、うん……」%K%P
%LC日向
%LC日向
「つーちゃん……？　大丈夫？」%K%P
「つーちゃん……？　大丈夫？」%K%P
%LC睦月
%LC睦月
「……ごめん、ダメかも……。\n　正直、まだわけわかんなくて」%K%P
「……ごめん、ダメかも……。\n　正直、まだわけわかんなくて」%K%P
%LC日向
%LC日向
「それ、この前のオレとおんなじ」%K%P
「それ、この前のオレとおんなじ」%K%P
%LC睦月
%LC睦月
「オレ……？　ひなちゃん、オレなの？\n　昔は僕じゃなかった？」%K%P
「オレ……？　ひなちゃん、オレなの？\n　昔は僕じゃなかった？」%K%P
%LC日向
%LC日向
「ああ、うん。ほら、僕だとなんか、\n　男らしくないかなぁ……って思って、それで」%K%P
「ああ、うん。ほら、僕だとなんか、\n　男らしくないかなぁ……って思って、それで」%K%P
%LC睦月
%LC睦月
「うわ……ごめん……。\n　だったらそれも、僕のせい、だよね」%K%P
「うわ……ごめん……。\n　だったらそれも、僕のせい、だよね」%K%P
%LC日向
%LC日向
「ううん。違うよ、つーちゃん。\n　僕の『せい』じゃなくて、僕の『おかげ』」%K%P
「ううん。違うよ、つーちゃん。\n　僕の『せい』じゃなくて、僕の『おかげ』」%K%P
%LC日向
%LC日向
「オレは今のオレが好きだし、今のオレがあるのは、\n　つーちゃんを好きになったおかげだから」%K%P
「オレは今のオレが好きだし、今のオレがあるのは、\n　つーちゃんを好きになったおかげだから」%K%P
%LC日向
%LC日向
「子供の頃、つーちゃんと出会えたからこそ、\n　新しい世界が拓けたんだもの」%K%P
「子供の頃、つーちゃんと出会えたからこそ、\n　新しい世界が拓けたんだもの」%K%P
%LC睦月
%LC睦月
「え……。新しい世界、拓けちゃったの……？」%K%P
「え……。新しい世界、拓けちゃったの……？」%K%P
%LC日向
%LC日向
「あっ、ちがっ……違うよ？　変な意味じゃなくて、\n　可能性の扉が開いたっていうか、\n　いろんな自分に出会えたっていう意味でっ……！」%K%P
「あっ、ちがっ……違うよ？　変な意味じゃなくて、\n　可能性の扉が開いたっていうか、\n　いろんな自分に出会えたっていう意味でっ……！」%K%P
%LC睦月
%LC睦月
「いろんな自分――」%K%P
「いろんな自分――」%K%P
%LC睦月
%LC睦月
「……女装のこと？」%K%P
「……女装のこと？」%K%P
%LC日向
%LC日向
「ノーっ！　断じてノーっ！\n　女装したのは仕方なくだからっ！」%K%P
「ノーっ！　断じてノーっ！\n　女装したのは仕方なくだからっ！」%K%P
%LC睦月
%LC睦月
「そんなに強く否定されると……。\n　なんていうか、傷つくんだけど……」%K%P
「そんなに強く否定されると……。\n　なんていうか、傷つくんだけど……」%K%P
%LC日向
%LC日向
「うっ……ご、ごめん。つーちゃんが変態とか、\n　そういうふうには本当に思ってないからねっ？」%K%P
「うっ……ご、ごめん。つーちゃんが変態とか、\n　そういうふうには本当に思ってないからねっ？」%K%P
%LC睦月
%LC睦月
「ええー？　ホントにぃー……？」%K%P
「ええー？　ホントにぃー……？」%K%P
%LC日向
%LC日向
「ホントにそういう意味で言ってないからっ！\n　つーちゃんが変態なら、オレも変態！」%K%P
「ホントにそういう意味で言ってないからっ！\n　つーちゃんが変態なら、オレも変態！」%K%P
%LC睦月
%LC睦月
「まあ、ひなちゃんとお揃いってことなら、\n　僕、甘んじて変態でもいいけど」%K%P
「まあ、ひなちゃんとお揃いってことなら、\n　僕、甘んじて変態でもいいけど」%K%P
%LC日向
%LC日向
%XS22「なんでさっ！？」%XE%K%P
%XS22「なんでさっ！？」%XE%K%P
%LC睦月
%LC睦月
「ぷっ……ふふ、あははっ。なんか、懐かしい。\n　昔もこんな感じで言い合ったりしたよね」%K%P
「ぷっ……ふふ、あははっ。なんか、懐かしい。\n　昔もこんな感じで言い合ったりしたよね」%K%P
%LC睦月
%LC睦月
「どっちが先に新発売のお菓子を食べるか、とか。\n　そんな、他愛ないことで張り合って」%K%P
「どっちが先に新発売のお菓子を食べるか、とか。\n　そんな、他愛ないことで張り合って」%K%P
%LC日向
%LC日向
「うん……。でも、そういうのも楽しかったよ。\n　だから、その……結婚、したかったんだし」%K%P
「うん……。でも、そういうのも楽しかったよ。\n　だから、その……結婚、したかったんだし」%K%P
%LC睦月
%LC睦月
「僕と結婚すると大変だよ？\n　なんたって温泉旅館の婿養子だし」%K%P
「僕と結婚すると大変だよ？\n　なんたって温泉旅館の婿養子だし」%K%P
%LC日向
%LC日向
「できないことを言われても」%K%P
「できないことを言われても」%K%P
%LC睦月
%LC睦月
「ひどいです、日向くん。\n　私と結婚したくないんですか？」%K%P
「ひどいです、日向くん。\n　私と結婚したくないんですか？」%K%P
%LC日向
%LC日向
「くっ……もおっ、つーちゃんっ！！」%K%P
「くっ……もおっ、つーちゃんっ！！」%K%P
%LC睦月
%LC睦月
「あはっ、ふふっ、あははっ」%K%P
「あはっ、ふふっ、あははっ」%K%P
気付いたらそんな風に軽口を言い合っていて、\nその距離感と空気が、すごく心地良い。%K%P
気付いたらそんな風に軽口を言い合っていて、\nその距離感と空気が、すごく心地良い。%K%P
小さな頃は相手を異性だと意識してたから、\nやっぱり、多少の遠慮や、あとは、\n格好つけなきゃ、なんて気持ちもあったけど。%K%P
小さな頃は相手を異性だと意識してたから、\nやっぱり、多少の遠慮や、あとは、\n格好つけなきゃ、なんて気持ちもあったけど。%K%P
それがなくなって……しかも、女装という、\nあまりにも大きすぎる秘密を互いに共有しあって。%K%P
それがなくなって……しかも、女装という、\nあまりにも大きすぎる秘密を互いに共有しあって。%K%P
そのせいか、１０年ぶりの再会なのに、\nまったくそんなふうな気がしない。%K%P
そのせいか、１０年ぶりの再会なのに、\nまったくそんなふうな気がしない。%K%P
まあ、女装した状態で、とっくに何度も\n話はしていたわけだけど。%K%P
まあ、女装した状態で、とっくに何度も\n話はしていたわけだけど。%K%P
%LC睦月
%LC睦月
「でも……どうしてひなちゃんは、\n　自分は空木日向だって打ち明けてくれたの？」%K%P
「でも……どうしてひなちゃんは、\n　自分は空木日向だって打ち明けてくれたの？」%K%P
%LC睦月
%LC睦月
「僕の場合は、その……裸を見られちゃったし、\n　やむを得ずってところがあったわけだけど――」%K%P
「僕の場合は、その……裸を見られちゃったし、\n　やむを得ずってところがあったわけだけど――」%K%P
%LC睦月
%LC睦月
「ひなちゃんは疑われてすらなかったんだし、\n　黙っていることだって出来たのに……」%K%P
「ひなちゃんは疑われてすらなかったんだし、\n　黙っていることだって出来たのに……」%K%P
%LC日向
%LC日向
「前に言ってたでしょ？　何でも隠さず話せる、\n　それが、自分にとっての親友だって」%K%P
「前に言ってたでしょ？　何でも隠さず話せる、\n　それが、自分にとっての親友だって」%K%P
%LC日向
%LC日向
「つーちゃんはオレにすべて話してくれた。\n　だから、オレもすべてを話したいと思ったんだ」%K%P
「つーちゃんはオレにすべて話してくれた。\n　だから、オレもすべてを話したいと思ったんだ」%K%P
%LC日向
%LC日向
「つーちゃんと、親友になりたかったから」%K%P
「つーちゃんと、親友になりたかったから」%K%P
%LC睦月
%LC睦月
「ひなちゃん……」%K%P
「ひなちゃん……」%K%P
%LC日向
%LC日向
「実はオレ、親友って呼べるほど、\n　仲のいい友達がいたことないんだ」%K%P
「実はオレ、親友って呼べるほど、\n　仲のいい友達がいたことないんだ」%K%P
%LC日向
%LC日向
「男友達は……まあ、多少はいたんだけど。\n　留学中、連絡とらなかったら疎遠になっちゃって」%K%P
「男友達は……まあ、多少はいたんだけど。\n　留学中、連絡とらなかったら疎遠になっちゃって」%K%P
%LC日向
%LC日向
「もっともそれは、オレが剣術の修練に明け暮れて、\n　連絡をかまけたせいでもあるんだけど……」%K%P
「もっともそれは、オレが剣術の修練に明け暮れて、\n　連絡をかまけたせいでもあるんだけど……」%K%P
%LC日向
%LC日向
「えっと、ともかく、だから、その……」%K%P
「えっと、ともかく、だから、その……」%K%P
%LC日向
%LC日向
「オレの、初めての親友になってほしいんだ」%K%P
「オレの、初めての親友になってほしいんだ」%K%P
%LC睦月
%LC睦月
「親友って……いいの？　僕で？　本当に？」%K%P
「親友って……いいの？　僕で？　本当に？」%K%P
%LC日向
%LC日向
「もちろん。初めての親友がつーちゃんなら、\n　オレ、すっごく嬉しい」%K%P
「もちろん。初めての親友がつーちゃんなら、\n　オレ、すっごく嬉しい」%K%P
%LC睦月
%LC睦月
「ん……ありがとう。僕も、嬉しい」%K%P
「ん……ありがとう。僕も、嬉しい」%K%P
%LC睦月
%LC睦月
「僕、親友どころか、男友達自体、初めてかも」%K%P
「僕、親友どころか、男友達自体、初めてかも」%K%P
%LC日向
%LC日向
「えっ、そうなの？」%K%P
「えっ、そうなの？」%K%P
%LC睦月
%LC睦月
「友達はいたけど、女の子ばかりだったから」%K%P
「友達はいたけど、女の子ばかりだったから」%K%P
%LC日向
%LC日向
「あー……」%K%P
「あー……」%K%P
普通なら嫌味に聞こえそうな一言でも、\nつーちゃんがいうと、むしろ苦労話にすら思える。%K%P
普通なら嫌味に聞こえそうな一言でも、\nつーちゃんがいうと、むしろ苦労話にすら思える。%K%P
%LC睦月
%LC睦月
「……でも、うん。僕も嬉しい。\n　男友達が欲しいって、ずっと思ってたんだ」%K%P
「……でも、うん。僕も嬉しい。\n　男友達が欲しいって、ずっと思ってたんだ」%K%P
%LC睦月
%LC睦月
「ほら、ひなちゃんが合唱団辞めた後、\n　男の子の気持ちを勉強したって言ったでしょ？」%K%P
「ほら、ひなちゃんが合唱団辞めた後、\n　男の子の気持ちを勉強したって言ったでしょ？」%K%P
%LC睦月
%LC睦月
「そのとき、ゲームとかプチ四駆とか特撮とか、\n　そういうの、面白そうだなって思って」%K%P
「そのとき、ゲームとかプチ四駆とか特撮とか、\n　そういうの、面白そうだなって思って」%K%P
%LC睦月
%LC睦月
「でも、僕は女の子だし、回りも女の子だから。\n　そういう話をする機会も、できる相手もいなくて」%K%P
「でも、僕は女の子だし、回りも女の子だから。\n　そういう話をする機会も、できる相手もいなくて」%K%P
%LC日向
%LC日向
「なら、今度ゲーセン一緒に行こ？」%K%P
「なら、今度ゲーセン一緒に行こ？」%K%P
%LC睦月
%LC睦月
「えっ……いいのっ？」%K%P
「えっ……いいのっ？」%K%P
%LC日向
%LC日向
「もちろん。近くのショッピングモール、\n　ゲーセンがあるんでしょ？」%K%P
「もちろん。近くのショッピングモール、\n　ゲーセンがあるんでしょ？」%K%P
%LC日向
%LC日向
「この前は、なんだかんだで行けなかったけど。\n　銀蘭祭が終わったあとにでも、二人でさ」%K%P
「この前は、なんだかんだで行けなかったけど。\n　銀蘭祭が終わったあとにでも、二人でさ」%K%P
%LC睦月
%LC睦月
「二人でって……なんか、デートみたい」%K%P
「二人でって……なんか、デートみたい」%K%P
%LC日向
%LC日向
「なんでそうなるのっ」%K%P
「なんでそうなるのっ」%K%P
%LC睦月
%LC睦月
「だって……ほら、僕、こんなだし。\n　髪は地毛だし、持ってる服もこれ系ばっかだよ？」%K%P
「だって……ほら、僕、こんなだし。\n　髪は地毛だし、持ってる服もこれ系ばっかだよ？」%K%P
%LC日向
%LC日向
「そこはニナさんになんとかさせる」%K%P
「そこはニナさんになんとかさせる」%K%P
%LC睦月
%LC睦月
「学園長に？」%K%P
「学園長に？」%K%P
%LC日向
%LC日向
「そのぐらいしてもらっても罰はあたらないって。\n　さんざんオレのこと辱めてきたんだから」%K%P
「そのぐらいしてもらっても罰はあたらないって。\n　さんざんオレのこと辱めてきたんだから」%K%P
%LC睦月
%LC睦月
「なっ……あはっ、ふふふっ。\n　すごいね、ひなちゃん。男の子みたい」%K%P
「なっ……あはっ、ふふふっ。\n　すごいね、ひなちゃん。男の子みたい」%K%P
%LC日向
%LC日向
「みたいじゃなくて男だってば」%K%P
「みたいじゃなくて男だってば」%K%P
%LC睦月
%LC睦月
「そうなの？　ホントに？\n　実は男装女子だったりしない？」%K%P
「そうなの？　ホントに？\n　実は男装女子だったりしない？」%K%P
%LC睦月
%LC睦月
「ひなちゃんは僕の裸を見てるわけだけど、\n　僕はなーんの証拠も見せてもらってないし」%K%P
「ひなちゃんは僕の裸を見てるわけだけど、\n　僕はなーんの証拠も見せてもらってないし」%K%P
%LC日向
%LC日向
「なっ……まさか、\n　いまここでオレに脱げって……？！」%K%P
「なっ……まさか、\n　いまここでオレに脱げって……？！」%K%P
%LC睦月
%LC睦月
「親友なら、そのぐらいは……ね？」%K%P
「親友なら、そのぐらいは……ね？」%K%P
%LC日向
%LC日向
「ぐっ……ぐっ、うぐぐっ……」%K%P
「ぐっ……ぐっ、うぐぐっ……」%K%P
%LC睦月
%LC睦月
「あはっ、あははっ。ひなちゃん可愛い。\n　やっぱ僕よりずっと可愛い」%K%P
「あはっ、あははっ。ひなちゃん可愛い。\n　やっぱ僕よりずっと可愛い」%K%P
%LC日向
%LC日向
「ああもうっ、なんだよそれっ。\n　ってかそれだそれ、それがよくないっ！」%K%P
「ああもうっ、なんだよそれっ。\n　ってかそれだそれ、それがよくないっ！」%K%P
%LC睦月
%LC睦月
「それ？　どれ？」%K%P
「それ？　どれ？」%K%P
%LC日向
%LC日向
「ひなちゃんって呼び方っ。\n　昔はともかく今はダメだって」%K%P
「ひなちゃんって呼び方っ。\n　昔はともかく今はダメだって」%K%P
%LC睦月
%LC睦月
「でも、他の子もそう呼んでるよ？\n　杏奈さんも、美実様も、クレール様だって」%K%P
「でも、他の子もそう呼んでるよ？\n　杏奈さんも、美実様も、クレール様だって」%K%P
%LC日向
%LC日向
「あれは卯花陽菜に対してだから。\n　けど、つーちゃんは違うでしょ？」%K%P
「あれは卯花陽菜に対してだから。\n　けど、つーちゃんは違うでしょ？」%K%P
%LC睦月
%LC睦月
「なら、そっちもつーちゃんはやめないと。\n　僕だってつられちゃうし」%K%P
「なら、そっちもつーちゃんはやめないと。\n　僕だってつられちゃうし」%K%P
%LC日向
%LC日向
「じゃあ……睦月」%K%P
「じゃあ……睦月」%K%P
%LC睦月
%LC睦月
「ん……」%K%P
「ん……」%K%P
%LC日向
%LC日向
「なんで照れるんだよっ」%K%P
「なんで照れるんだよっ」%K%P
%LC睦月
%LC睦月
「だって……女の子とかにも、\n　あんまり呼び捨てにされたことないし」%K%P
「だって……女の子とかにも、\n　あんまり呼び捨てにされたことないし」%K%P
%LC日向
%LC日向
「だからってその反応は――」%K%P
「だからってその反応は――」%K%P
%LC睦月
%LC睦月
「ありがとう、日向くん。私、嬉しいです」%K%P
「ありがとう、日向くん。私、嬉しいです」%K%P
%LC日向
%LC日向
%XS21「睦月ぃっ！！」%XE%K%P
%XS21「睦月ぃっ！！」%XE%K%P
%LC睦月
%LC睦月
「あははっ、ごめん。でもこれ楽しくて」%K%P
「あははっ、ごめん。でもこれ楽しくて」%K%P
%LC日向
%LC日向
「もう……」%K%P
「もう……」%K%P
男と女を起用に使い分ける睦月に翻弄されつつ、\nでも、それも楽しいと感じてしまう。%K%P
男と女を起用に使い分ける睦月に翻弄されつつ、\nでも、それも楽しいと感じてしまう。%K%P
そう思えるのは、気を許している証拠だろう。%K%P
そう思えるのは、気を許している証拠だろう。%K%P
%LC睦月
%LC睦月
「じゃあ……僕は、日向くん」%K%P
「じゃあ……僕は、日向くん」%K%P
%LC日向
%LC日向
「くんはいいよ。日向でいい」%K%P
「くんはいいよ。日向でいい」%K%P
%LC睦月
%LC睦月
「日向、か……。なんかくすぐったい。\n　誰かを敬称つけずに呼ぶなんて初めてかも」%K%P
「日向、か……。なんかくすぐったい。\n　誰かを敬称つけずに呼ぶなんて初めてかも」%K%P
%LC睦月
%LC睦月
「初めての親友に、初めての呼び捨て……」%K%P
「初めての親友に、初めての呼び捨て……」%K%P
%LC睦月
%LC睦月
「僕の初めて、日向に奪われまくりだね？」%K%P
「僕の初めて、日向に奪われまくりだね？」%K%P
%LC日向
%LC日向
「言い方っ！　っていうか睦月、\n　なんかノリがニナさんに似てない？」%K%P
「言い方っ！　っていうか睦月、\n　なんかノリがニナさんに似てない？」%K%P
%LC睦月
%LC睦月
「入学以来、色々相談に乗ってもらってたから。\n　それで似ちゃった部分はあるかも」%K%P
「入学以来、色々相談に乗ってもらってたから。\n　それで似ちゃった部分はあるかも」%K%P
なんていって笑うつーちゃん――睦月は、\n可愛いけど、さっきよりも格好よくて。%K%P
なんていって笑うつーちゃん――睦月は、\n可愛いけど、さっきよりも格好よくて。%K%P
それはきっと、男の自分を見せられる喜びが、\n表情や仕草に伝わっているせいなんだろう。%K%P
それはきっと、男の自分を見せられる喜びが、\n表情や仕草に伝わっているせいなんだろう。%K%P
……ん？　ってことは、女装を経験したほうが、\n男らしさを引き出せるってこと……？%K%P
……ん？　ってことは、女装を経験したほうが、\n男らしさを引き出せるってこと……？%K%P
%LC睦月
%LC睦月
「日向……？　どうしたの？\n　難しい顔しちゃって」%K%P
「日向……？　どうしたの？\n　難しい顔しちゃって」%K%P
%LC日向
%LC日向
「あっ、いや、なんでも」%K%P
「あっ、いや、なんでも」%K%P
%LC睦月
%LC睦月
「ところで、学園ではなんて呼べばいいの？」%K%P
「ところで、学園ではなんて呼べばいいの？」%K%P
%LC睦月
%LC睦月
「今まで通り、陽菜さんって呼べばいいですか？」%K%P
「今まで通り、陽菜さんって呼べばいいですか？」%K%P
%LC日向
%LC日向
「くっ……」%K%P
「くっ……」%K%P
さすがに何度も食らうと耐性がつくけど、\nそれにしたって、この破壊力は中々だ。%K%P
さすがに何度も食らうと耐性がつくけど、\nそれにしたって、この破壊力は中々だ。%K%P
%LC日向
%LC日向
「できればもう少し口調を崩して、\n　それで、陽菜って呼んでもらっていい？」%K%P
「できればもう少し口調を崩して、\n　それで、陽菜って呼んでもらっていい？」%K%P
%LC睦月
%LC睦月
「えっと……」%K%P
「えっと……」%K%P
%LC睦月
%LC睦月
「ごきげんよう、陽菜。\n　よければ一緒にご飯を食べない？」%K%P
「ごきげんよう、陽菜。\n　よければ一緒にご飯を食べない？」%K%P
%LC睦月
%LC睦月
「……っと、こんな感じでいいの？」%K%P
「……っと、こんな感じでいいの？」%K%P
%LC日向
%LC日向
「あっ、うん。いい。それでお願い。\n　堅苦しさがなくなってドキドキしないし」%K%P
「あっ、うん。いい。それでお願い。\n　堅苦しさがなくなってドキドキしないし」%K%P
%LC睦月
%LC睦月
「ドキドキ？」%K%P
「ドキドキ？」%K%P
%LC日向
%LC日向
「あっ……いや、なんでも」%K%P
「あっ……いや、なんでも」%K%P
%LC睦月
%LC睦月
「ふぅーん……？　でも、いいの？\n　本当に呼び捨てにしちゃっても」%K%P
「ふぅーん……？　でも、いいの？\n　本当に呼び捨てにしちゃっても」%K%P
%LC日向
%LC日向
「？　呼び捨てぐらい、他の子もしてるでしょ？\n　美実様とか、オレたち以外には敬称つけないし」%K%P
「？　呼び捨てぐらい、他の子もしてるでしょ？\n　美実様とか、オレたち以外には敬称つけないし」%K%P
%LC睦月
%LC睦月
「まあ、日向がそう言うならいいけど……」%K%P
「まあ、日向がそう言うならいいけど……」%K%P
%LC睦月
%LC睦月
「じゃあ、日向も明日からは、\n　僕のこと睦月って呼んでくれるってこと？」%K%P
「じゃあ、日向も明日からは、\n　僕のこと睦月って呼んでくれるってこと？」%K%P
%LC日向
%LC日向
「うん。いいよね？　睦月」%K%P
「うん。いいよね？　睦月」%K%P
%LC睦月
%LC睦月
「いいよ。どうなっても知らないけど」%K%P
「いいよ。どうなっても知らないけど」%K%P
%LC日向
%LC日向
「なんだよそれ」%K%P
「なんだよそれ」%K%P
%LC睦月
%LC睦月
「焦らなくてもすぐにわかるってば」%K%P
「焦らなくてもすぐにわかるってば」%K%P
%LCニナ
%LCニナ
「二人とも、ちょっといい？」%K%P
「二人とも、ちょっといい？」%K%P
%LC日向
%LC日向
「あっ、はい。入っても大丈夫ですよ」%K%P
「あっ、はい。入っても大丈夫ですよ」%K%P
%LCニナ
%LCニナ
「それじゃあ失礼して――」%K%P
「それじゃあ失礼して――」%K%P
%LCニナ
%LCニナ
「ごきげんよう。ふふっ、その様子だと、\n　積もる話はできたみたいね？」%K%P
「ごきげんよう。ふふっ、その様子だと、\n　積もる話はできたみたいね？」%K%P
%LCニナ
%LCニナ
「せっかくだから、今日の晩ご飯、\n　睦月ちゃんも一緒にどうかなって誘いに来たの」%K%P
「せっかくだから、今日の晩ご飯、\n　睦月ちゃんも一緒にどうかなって誘いに来たの」%K%P
%LCニナ
%LCニナ
「合宿所のみんなには、私が連絡しておくから。\n　どう？　睦月ちゃん」%K%P
「合宿所のみんなには、私が連絡しておくから。\n　どう？　睦月ちゃん」%K%P
%LC睦月
%LC睦月
「はい、ぜひ」%K%P
「はい、ぜひ」%K%P
%LCニナ
%LCニナ
「了解。……に、しても。\n　そうして並んでいるとまるで恋人同士ね」%K%P
「了解。……に、しても。\n　そうして並んでいるとまるで恋人同士ね」%K%P
%LC日向
%LC日向
「なっ……なんですかそれっ」%K%P
「なっ……なんですかそれっ」%K%P
%LCニナ
%LCニナ
「もちろん、お似合いって意味だけど？\n　今日の日向くん、格好いいわよ？」%K%P
「もちろん、お似合いって意味だけど？\n　今日の日向くん、格好いいわよ？」%K%P
%LC日向
%LC日向
「ぐっ……」%K%P
「ぐっ……」%K%P
格好良いって言葉に弱いの、なんとかしたい。%K%P
格好良いって言葉に弱いの、なんとかしたい。%K%P
結局、その日は夜まで睦月が職員寮に居て、\n夕食を食べたあと、合宿所まで送っていった。%K%P
結局、その日は夜まで睦月が職員寮に居て、\n夕食を食べたあと、合宿所まで送っていった。%K%P
当然、陽菜の姿に着替えてから、だけど。%K%P
当然、陽菜の姿に着替えてから、だけど。%K%P
夜、昨日に続いて激動の一日が終わりを迎えて、\nベッドに寝転がって、天井を見上げる。%K%P
夜、昨日に続いて激動の一日が終わりを迎えて、\nベッドに寝転がって、天井を見上げる。%K%P
銀蘭にやってきて、女装生活を初めて、\n今日ほど濃密な一日はないと、何度も思った。%K%P
銀蘭にやってきて、女装生活を初めて、\n今日ほど濃密な一日はないと、何度も思った。%K%P
でも、それもきっと、今日で一区切りになるはずだ。%K%P
でも、それもきっと、今日で一区切りになるはずだ。%K%P
%LC陽菜
%LC陽菜
「こんなこと思うと、フラグになるかもだけど。\n　でも、さすがに……ね」%K%P
「こんなこと思うと、フラグになるかもだけど。\n　でも、さすがに……ね」%K%P
昨日今日の波瀾万丈を上回るような出来事なんて、\nオレや睦月が本当に女の子になるぐらいしかない。%K%P
昨日今日の波瀾万丈を上回るような出来事なんて、\nオレや睦月が本当に女の子になるぐらいしかない。%K%P
それは、物理的にありえないわけで――、%K%P
それは、物理的にありえないわけで――、%K%P
%LC陽菜
%LC陽菜
「……うん。大丈夫」%K%P
「……うん。大丈夫」%K%P
ちょっとだけ不安になって、\n思わず股間に手を伸ばして息子の存在を確かめる。%K%P
ちょっとだけ不安になって、\n思わず股間に手を伸ばして息子の存在を確かめる。%K%P
結局、睦月に裸を見せることはなかったけど、\n焦らなくても、機会はそのうち、あるとは思う。%K%P
結局、睦月に裸を見せることはなかったけど、\n焦らなくても、機会はそのうち、あるとは思う。%K%P
オレと睦月は、親友になったわけだから。%K%P
オレと睦月は、親友になったわけだから。%K%P
