エンゲージした翌日の放課後、美実様から練習に\n誘われて、トレーニングルームに行ってみると。%K%P
"订婚"的第二天放学后，美实大人邀请我去练习，\n于是，我来到了训练场。%K%P
%LC梨理
%LC梨理
「ちょっ、もおっ、クレール様っ……、\n　そんなにひっついちゃっ……やんっ」%K%P
「等，真是的，克莱尔大人……\n　这样子贴过来……呀~嗯~」%K%P
%LCクレール
%LC克莱尔
「くっつかないと教えられないでしょ？」%K%P
「不贴在一起我咋教呀？」%K%P
%LC梨理
%LC梨理
「だからって、くっつきすぎたら、\n　かえって動けなっ……みゃふ、んみゃあっ」%K%P
「但是啊，像这样贴得太紧，\n　反而动不了了……喵呜~呜啊啊~」%K%P
%LC美実
%LC美实
「よかったねぇ、梨理。本家{最優秀騎士:ブリランテ}に\n　手取足取りコーチしてもらえるなんて」%K%P
「真不错呢，梨理。本家的{至高骑士:Brillante}，\n　在手把手地指导你」%K%P
%LC梨理
%LC梨理
「お姉ちゃんっ、見てないで助けてってばぁっ」%K%P
「姐姐，别光看着救救我啊」%K%P
%LC美実
%LC美实
「なんで？　助ける要素がどこに？」%K%P
「为啥？　帮助的理由是什么？」%K%P
%LC梨理
%LC梨理
「どう見たってぜんぶでしょおっ」%K%P
「怎么看都要救吧」%K%P
%LC依夜
%LC依夜
「杏奈。私も、教えるときはああしたほうがいい？」%K%P
「杏奈。我也，像她们那样教你可以吗？」%K%P
%LC杏奈
%LC杏奈
「いえいえっ。さすがにあれは、ちょっと……」%K%P
「算了算了。果然那还是，有点……」%K%P
ご覧のように、やってきたトレーニングルームは\nかなり賑やかなことになっていた。%K%P
如我所见，来到训练场的时候，这里相当热闹。%K%P
オレを誘ってくれた美実様の他に、\nクレール様と梨理ちゃん、依夜様と杏奈ちゃんの４人。%K%P
出了邀请我的美实大人之外，\n还有克莱尔大人和梨理，依夜大人和杏奈4人。%K%P
どちらも珍しい組み合わせだけど、それぞれ、\n昨日のエンゲージ投票でペアになった２組だ。%K%P
都是平时很少见的组合呢，\n在昨天的"订婚"投票中，她们分成了这样的两组。%K%P
%LC陽菜
%LC阳菜
「あの、これはいったい……」%K%P
「请问，这到底是……」%K%P
%LC梨理
%LC梨理
「あっ、センセっ、助けてくださいっ。\n　クレール様、すっごい力でっ……」%K%P
「啊，老师，救救我啊。\n　克莱尔大人的力气好大……」%K%P
%LC陽菜
%LC阳菜
「知ってる。私も前に掴まったことがあるから」%K%P
「我知道。因为我之前也被抓过啦」%K%P
%LCクレール
%LC克莱尔
「よかったら陽菜ちゃんも一緒にどう？」%K%P
「可以的话阳菜酱也来一起吧？」%K%P
%LC梨理
%LC梨理
「え」%K%P
「诶」%K%P
%LC美実
%LC美实
「だーめ。陽菜ちゃんは今から私と\n　イチャイチャするの」%K%P
「不—行。今天的阳菜酱，\n　只能和我亲热」%K%P
%LC陽菜
%LC阳菜
「イチャイチャじゃなくて練習です」%K%P
「不是亲热而是练习」%K%P
%LC美実
%LC美实
「似たようなものでしょ？\n　私たちも手取り足取りしましょ？」%K%P
「差不多的对吧？\n　我们不也要手把手地教嘛？」%K%P
%LC陽菜
%LC阳菜
「しません。というか、\n　どうしてみんな揃ってるんですか？」%K%P
「才不要。话说，\n　为什么大家都聚在这了呢？」%K%P
%LC美実
%LC美实
「せっかくだし大人数のほうが楽しいと思って。\n　みんなにも声掛けてみたんだよね」%K%P
「好不容易来一次，多点人会更开心嘛。\n　我这么想着，就跟大家打招呼了呢」%K%P
%LCクレール
%LC克莱尔
「せっかくのお誘いだったから。\n　こうして梨理ちゃんを連れてやってきたの」%K%P
「因为她难得邀请我一次。\n　于是我就把梨理酱也拉过来了」%K%P
%LC梨理
%LC梨理
「あれは拉致ったっていうんですっ。\n　急に教室にきて、抱っこされて、それで」%K%P
「我这是被绑架过来的。\n　她突然冲到教室里，把我抱起来，然后就」%K%P
%LCクレール
%LC克莱尔
「でも、こうして着替えてくれてるあたり、\n　梨理ちゃんもまんざらじゃないのよね？」%K%P
「不过，像这样都换好衣服了，\n　梨理酱也不是不想来吧？」%K%P
%LC梨理
%LC梨理
「クレール様が着替えさせたんじゃないですかぁっ」%K%P
「难道不是被克莱尔大人你逼着换上衣服吗」%K%P
なんて、やいのやいの騒いでる梨理ちゃんだけど、\n本気で嫌がっている様子はない。%K%P
梨理酱虽然一直在大吵大闹，但看起来，\n并没有真的讨厌的样子。%K%P
以前、クレール様のことを距離感バグってるって\n言っていたし、対応に困ってる感じだろう。%K%P
以前她说过克莱尔大人缺乏距离感，\n但我觉得吧，她只是不知道该怎么应对。%K%P
%LC美実
%LC美实
「ツンデレつるぺたメスガキな愚妹だけど、\n　思いっきり可愛がってあげてね、クレール」%K%P
「虽然我家的蠢妹妹是个傲娇，\n　但也请要好好疼爱她哦，克莱尔」%K%P
%LC梨理
%LC梨理
「つるぺたは余計っ！　発展途上っ！」%K%P
「别整有的没的！　干点正事吧！」%K%P
ツンデレとメスガキはいいんだ……。%K%P
傲娇和雌小鬼，这俩特性意外的相性不错呀……%K%P
%LCクレール
%LC克莱尔
「ということは……梨理ちゃんって、\n　おっぱいを大きくする方法に興味あったり？」%K%P
「顺便问下……梨理酱，\n　对胸部变大的方法有兴趣吗？」%K%P
%LC梨理
%LC梨理
「え」%K%P
「诶」%K%P
%LCクレール
%LC克莱尔
「練習に付き合ってくれたら、バストアップの\n　マッサージとか、教えてあげちゃうけど」%K%P
「如果你陪我练习的话，\n　我就教你丰胸按摩之类的哦」%K%P
%LC梨理
%LC梨理
「う……」%K%P
「唔……」%K%P
%LC梨理
%LC梨理
「……し、仕方ないですね。\n　今日のところは、付き合ってあげます」%K%P
「……真，真拿你没办法呢。\n　今天我就勉为其难地陪你吧」%K%P
%LC美実
%LC美实
「うーん、我が妹ながら、なんてチョロい……」%K%P
「嗯嗯~我家妹妹，为啥这么可爱……」%K%P
クレール様の提案に屈する梨理ちゃんを見て、\n美実様が楽しそうに呟く。%K%P
看着屈服于克莱尔大人提议的梨理酱，\n美实大人开心地小声说道。%K%P
とはいえ、他でもないクレール様に言われたら、\n気になってしまうのも無理ないけど。%K%P
话虽如此，不是别人而是克莱尔大人的话，\n也难怪会对那番话感兴趣。%K%P
%LC陽菜
%LC阳菜
「それじゃあ、依夜様たちも？」%K%P
「那么，依夜大人她们也是？」%K%P
%LC依夜
%LC依夜
「うん。といっても、私たちはもともと、\n　一緒に練習する予定だったのだけど」%K%P
「嗯。话说回来，我们两个的话，\n　本来就是打算一起练习的」%K%P
%LC杏奈
%LC杏奈
「エンゲージしたからには、\n　依夜様のためにも頑張らないとだし」%K%P
「既然我们俩"订婚"了，\n　为了依夜大人，我也要努力啊」%K%P
%LC依夜
%LC依夜
「気持ちは嬉しいけれど、あまり無理はしないで。\n　練習も、出来る範囲でやっていきましょう」%K%P
「虽然我很高兴，但还是不要太勉强自己了。\n　练习也要在力所能及的范围内进行哦」%K%P
%LC杏奈
%LC杏奈
「はいっ」%K%P
「是」%K%P
なんとも賑やかなクレール様たちに比べて、\n依夜様と杏奈ちゃんは、すごく落ち着いている。%K%P
和非常热闹的克莱尔大人她们相比，\n依夜大人和杏奈酱就显得非常冷静了。%K%P
まあ、どう考えても依夜様たちが普通であって、\nクレール様たちが波瀾万丈なだけなんだけど。%K%P
不过，不管怎么看，依夜大人她们显得很普通，\n克莱尔大人她们反倒是显得"波澜万丈"。%K%P
ちなみに、オレと美実様が初戦で対戦する相手は、\n波瀾万丈な方――クレール様と梨理ちゃんのペアだ。%K%P
顺便一提，我和美实大人初赛的对手，\n是"波澜万丈"的——克莱尔大人和梨理酱组合。%K%P
%LC美実
%LC美实
「小夜ちゃんたちにも声かけたんだけどね。\n　今日は用があるって、残念そうにしてたよ」%K%P
「我也和小夜酱她们打过招呼了。\n　但她说今天有事，挺遗憾的说」%K%P
%LC美実
%LC美实
「せっかくだし、８人揃って、\n　なにかできたら面白かったんだけど」%K%P
「机会难得，要是能8个人凑在一起，\n　应该能整点非常有趣的活」%K%P
%LC陽菜
%LC阳菜
「６人でも充分賑やかです。\n　てっきり、私たちだけだと思っていたので」%K%P
「6个人也足够热闹了。\n　一开始，我还以为只有我们呢」%K%P
銀蘭祭までの期間、トレーニングルームは実質、\n代表に選ばれた{騎士:ワルキュリア}たちの貸し切りだ。%K%P
到银兰祭开始为止的时间里，训练场实际上，\n已经被选为代表的{骑士:Valkyria}们包场了。%K%P
他の学生たちは銀蘭祭の準備で忙しいこともあり、\nトレーニングルームにやってくる子はいない。%K%P
其他学生也忙于准备银兰祭，\n不会有人来训练场的。%K%P
%LC美実
%LC美实
「んじゃ、私たちもさっそく練習といきますか」%K%P
「那么，我们也赶紧去练习吧」%K%P
%LC美実
%LC美实
「せっかく梨理と戦えるわけだし。\n　本番では、姉の偉大さを示さなくっちゃね」%K%P
「好不容易能和梨理打一场。\n　在正式出场时，一定要展示身为姐姐我的伟大捏」%K%P
%LCクレール
%LC克莱尔
「あら、梨理ちゃん聞いた？\n　美実ったらあんなこと言ってるわよ？」%K%P
「啊啦，梨理酱听到了吗？\n　美实说了那样的话哦？」%K%P
%LC梨理
%LC梨理
「私だって、せっかくの機会です。\n　お姉ちゃんに勝ってみせます」%K%P
「对我来说也是难得的机会。\n　一定要让姐姐眼睁睁地看着自己输给我」%K%P
%LC梨理
%LC梨理
「……私の目標は、その先にあるので」%K%P
「……我的目标，还在前面等我」%K%P
ぽつりと呟いた梨理ちゃんが、\nちらっと依夜様のほうへ視線を向ける。%K%P
梨理酱小声嘀咕着，\n看了依夜大人一眼。%K%P
和気藹々とした雰囲気の中に闘志も秘められていて、\nほどよく緊張感のある空気が、正直、心地良かった。%K%P
在和缓的气氛中，隐藏着浓浓的斗志，\n这种略带紧张感的气氛，说实话，让我很舒服。%K%P
