週明け、少し早く教室へやってくると、\nすでに杏奈ちゃんの姿があった。%K%P
週明け、少し早く教室へやってくると、\nすでに杏奈ちゃんの姿があった。%K%P
その手には、見慣れない……教科書？%K%P
その手には、見慣れない……教科書？%K%P
%LC陽菜
%LC陽菜
「おはよう。なにを読んでるの？」%K%P
「おはよう。なにを読んでるの？」%K%P
%LC杏奈
%LC杏奈
「あっ、陽菜ちゃん。これはアリアの台本だよ」%K%P
「あっ、陽菜ちゃん。これはアリアの台本だよ」%K%P
%LC陽菜
%LC陽菜
「アリアって……歌劇アリア？」%K%P
「アリアって……歌劇アリア？」%K%P
%LC杏奈
%LC杏奈
「そう。とにかく台詞を覚えなきゃだから、\n　空いてる時間に少しでも読んでおこうと思って」%K%P
「そう。とにかく台詞を覚えなきゃだから、\n　空いてる時間に少しでも読んでおこうと思って」%K%P
%LC陽菜
%LC陽菜
「大変だよね。１週間しか時間がないんだから」%K%P
「大変だよね。１週間しか時間がないんだから」%K%P
%LC杏奈
%LC杏奈
「まぁね。でも、こんなことで弱音吐いてたら、\n　負けちゃった陽菜ちゃんたちに申し訳ないから」%K%P
「まぁね。でも、こんなことで弱音吐いてたら、\n　負けちゃった陽菜ちゃんたちに申し訳ないから」%K%P
%LC杏奈
%LC杏奈
「選ばれた{騎士:ワルキュリア}には責務があるって、\n　依夜様も言ってたし」%K%P
「選ばれた{騎士:ワルキュリア}には責務があるって、\n　依夜様も言ってたし」%K%P
責務、か……。なんか、依夜様らしいかも。%K%P
責務、か……。なんか、依夜様らしいかも。%K%P
%LC陽菜
%LC陽菜
「なら、アリア合宿のほうは？　順調？\n　みんなで生活するのって大変そうだけど」%K%P
「なら、アリア合宿のほうは？　順調？\n　みんなで生活するのって大変そうだけど」%K%P
%LC杏奈
%LC杏奈
「そんなことないよ。修学旅行みたいで楽しいし。\n　昨日なんて、依夜様たちとお風呂に入ったりして」%K%P
「そんなことないよ。修学旅行みたいで楽しいし。\n　昨日なんて、依夜様たちとお風呂に入ったりして」%K%P
%LC杏奈
%LC杏奈
「ただ、睦月ちゃんとは一緒に入れなくて。\n　そこだけ残念だったけど」%K%P
「ただ、睦月ちゃんとは一緒に入れなくて。\n　そこだけ残念だったけど」%K%P
%LC陽菜
%LC陽菜
「睦月さんだけ？」%K%P
「睦月さんだけ？」%K%P
%LC杏奈
%LC杏奈
「うん。睦月ちゃんって、学生寮でも\n　お風呂はいつも一人で入っちゃうんだよね」%K%P
「うん。睦月ちゃんって、学生寮でも\n　お風呂はいつも一人で入っちゃうんだよね」%K%P
%LC杏奈
%LC杏奈
「今回はアリア合宿ってことで、\n　ワンチャンあるかなぁって思ってたんだけど」%K%P
「今回はアリア合宿ってことで、\n　ワンチャンあるかなぁって思ってたんだけど」%K%P
%LC陽菜
%LC陽菜
「そっか……」%K%P
「そっか……」%K%P
みんなと一緒にお風呂に入らなかったと聞いて、\n妙な親近感を覚えてしまう。%K%P
みんなと一緒にお風呂に入らなかったと聞いて、\n妙な親近感を覚えてしまう。%K%P
つーちゃんってオレと背格好が似ていて、\n胸のほうも、その……スケール的に、似た感じで。%K%P
つーちゃんってオレと背格好が似ていて、\n胸のほうも、その……スケール的に、似た感じで。%K%P
だから、それを見せるのが恥ずかしい……なんて、\nそんな理由があったりするのかもしれない。%K%P
だから、それを見せるのが恥ずかしい……なんて、\nそんな理由があったりするのかもしれない。%K%P
%LC杏奈
%LC杏奈
「あっ、そうだ。\n　よかったら陽菜ちゃんも一緒に入る？」%K%P
「あっ、そうだ。\n　よかったら陽菜ちゃんも一緒に入る？」%K%P
%LC陽菜
%LC陽菜
「……へ？」%K%P
「……へ？」%K%P
%LC杏奈
%LC杏奈
「お風呂。さすがにお泊まりはダメだろうけど、\n　お風呂ぐらいだったらいいんじゃない？」%K%P
「お風呂。さすがにお泊まりはダメだろうけど、\n　お風呂ぐらいだったらいいんじゃない？」%K%P
%LC陽菜
%LC陽菜
「いいわけないでしょ。そんなことが知れ渡ったら、\n　私も私も！　って、大騒ぎになるよ？」%K%P
「いいわけないでしょ。そんなことが知れ渡ったら、\n　私も私も！　って、大騒ぎになるよ？」%K%P
%LC陽菜
%LC陽菜
「とくに、依夜様のファンは多いんだから。\n　一緒にお風呂に入りたい子、沢山いるだろうし」%K%P
「とくに、依夜様のファンは多いんだから。\n　一緒にお風呂に入りたい子、沢山いるだろうし」%K%P
%LC杏奈
%LC杏奈
「むぅ、それもそっか……。実際、友達からも、\n　けっこう羨ましがられてるんだよね」%K%P
「むぅ、それもそっか……。実際、友達からも、\n　けっこう羨ましがられてるんだよね」%K%P
%LC杏奈
%LC杏奈
「依夜様とひとつ屋根の下で暮らせるなんて、\n　前世でどんだけ善行を積んだんだ！　とか」%K%P
「依夜様とひとつ屋根の下で暮らせるなんて、\n　前世でどんだけ善行を積んだんだ！　とか」%K%P
%LC杏奈
%LC杏奈
「私、現世でも結構良いことしてるのに」%K%P
「私、現世でも結構良いことしてるのに」%K%P
%LC陽菜
%LC陽菜
「突っ込むところ、そこなんだ？」%K%P
「突っ込むところ、そこなんだ？」%K%P
%LC杏奈
%LC杏奈
「そうだよ？　子供の頃はダメダメだったけど、\n　最近はけっこう頑張ってると思うし」%K%P
「そうだよ？　子供の頃はダメダメだったけど、\n　最近はけっこう頑張ってると思うし」%K%P
%LC陽菜
%LC陽菜
「子供の頃はダメダメって……。\n　そんなことないと思うけど」%K%P
「子供の頃はダメダメって……。\n　そんなことないと思うけど」%K%P
%LC杏奈
%LC杏奈
「んもー、さらっと優しいこと言って。\n　陽菜ちゃんは子供の頃の私、知らないでしょ？」%K%P
「んもー、さらっと優しいこと言って。\n　陽菜ちゃんは子供の頃の私、知らないでしょ？」%K%P
%LC陽菜
%LC陽菜
「あっ、うん。そうなんだけど、なんとなく」%K%P
「あっ、うん。そうなんだけど、なんとなく」%K%P
はぅ、危なかった……。%K%P
はぅ、危なかった……。%K%P
合宿という大きな危機は回避したけど、\nだからといって、気を緩めていいわけじゃない。%K%P
合宿という大きな危機は回避したけど、\nだからといって、気を緩めていいわけじゃない。%K%P
女装バレの危険はいつでも潜んでいるんだし、\n杏奈ちゃんには、日向バレの可能性もあるんだから。%K%P
女装バレの危険はいつでも潜んでいるんだし、\n杏奈ちゃんには、日向バレの可能性もあるんだから。%K%P
%LC杏奈
%LC杏奈
「一緒にお風呂は無理だとしても、\n　いつでも遊びにきてくれていいからね？」%K%P
「一緒にお風呂は無理だとしても、\n　いつでも遊びにきてくれていいからね？」%K%P
%LC杏奈
%LC杏奈
「放課後はテアトルで歌劇の稽古とかもあるし、\n　夕方になるまで、誰もいないかもだけど――」%K%P
「放課後はテアトルで歌劇の稽古とかもあるし、\n　夕方になるまで、誰もいないかもだけど――」%K%P
%LC杏奈
%LC杏奈
「陽菜ちゃんは職員寮住まいだから、\n　少し遅い時間でも、危なくないでしょ？」%K%P
「陽菜ちゃんは職員寮住まいだから、\n　少し遅い時間でも、危なくないでしょ？」%K%P
%LC陽菜
%LC陽菜
「そうだね。近いうちに、必ず」%K%P
「そうだね。近いうちに、必ず」%K%P
つーちゃんとも約束しているし、\n出来るだけ早いうちに、果たしに行こう。%K%P
つーちゃんとも約束しているし、\n出来るだけ早いうちに、果たしに行こう。%K%P
杏奈ちゃんとそんな会話をした、わずか数時間後。%K%P
杏奈ちゃんとそんな会話をした、わずか数時間後。%K%P
お昼休み、食堂でご飯を食べていたら、\nふらっと美実様がやってきて。%K%P
お昼休み、食堂でご飯を食べていたら、\nふらっと美実様がやってきて。%K%P
%LC美実
%LC美実
「今日の放課後、合宿所に行ってみない？」%K%P
「今日の放課後、合宿所に行ってみない？」%K%P
なんて、渡りに船なことを言い出した。%K%P
なんて、渡りに船なことを言い出した。%K%P
%LC陽菜
%LC陽菜
「なんだかんだ言っていても、\n　梨理ちゃんのこと、心配なんですね」%K%P
「なんだかんだ言っていても、\n　梨理ちゃんのこと、心配なんですね」%K%P
%LC美実
%LC美実
「うん、めっちゃ心配」%K%P
「うん、めっちゃ心配」%K%P
%LC陽菜
%LC陽菜
「え――」%K%P
「え――」%K%P
%LC美実
%LC美実
「今頃まわりに迷惑かけてるんじゃないかって。\n　それを思うと、依夜たちが心配で心配で」%K%P
「今頃まわりに迷惑かけてるんじゃないかって。\n　それを思うと、依夜たちが心配で心配で」%K%P
%LC陽菜
%LC陽菜
「なっ……んもう、素直じゃないんですから」%K%P
「なっ……んもう、素直じゃないんですから」%K%P
普段のお返しに、からかい半分に言ってみたら、\nちょっと寂しい笑みを見せられて、ドキッとして。%K%P
普段のお返しに、からかい半分に言ってみたら、\nちょっと寂しい笑みを見せられて、ドキッとして。%K%P
でも、その後の返しは、やっぱり美実様だった。%K%P
でも、その後の返しは、やっぱり美実様だった。%K%P
%LC美実
%LC美実
「まあ、クレールはこういうの慣れてるから、\n　大丈夫だとは思うんだけどね」%K%P
「まあ、クレールはこういうの慣れてるから、\n　大丈夫だとは思うんだけどね」%K%P
%LC陽菜
%LC陽菜
「慣れてる？」%K%P
「慣れてる？」%K%P
%LC美実
%LC美実
「クレール、妹がいるんだって。その影響で、\n　小さい子の面倒見るの、大好きみたい」%K%P
「クレール、妹がいるんだって。その影響で、\n　小さい子の面倒見るの、大好きみたい」%K%P
%LC陽菜
%LC陽菜
「ああ、それで……」%K%P
「ああ、それで……」%K%P
一緒に練習したときとか、梨理ちゃんをすごく\nかまっていたけど、あれってそういう理由なんだ。%K%P
一緒に練習したときとか、梨理ちゃんをすごく\nかまっていたけど、あれってそういう理由なんだ。%K%P
%LC美実
%LC美実
「もし陽菜ちゃんがクレールとエンゲージしてたら、\n　今頃はあんな感じで可愛がられてたかもよ？」%K%P
「もし陽菜ちゃんがクレールとエンゲージしてたら、\n　今頃はあんな感じで可愛がられてたかもよ？」%K%P
%LC陽菜
%LC陽菜
「私は梨理ちゃんほど可愛くないし、\n　その心配はないと思いますけど」%K%P
「私は梨理ちゃんほど可愛くないし、\n　その心配はないと思いますけど」%K%P
%LC美実
%LC美実
「なぁに？　謙遜に見せかけた梨理へのアプローチ？\n　まっ、確かにウチの妹は可愛いですけど」%K%P
「なぁに？　謙遜に見せかけた梨理へのアプローチ？\n　まっ、確かにウチの妹は可愛いですけど」%K%P
%LC陽菜
%LC陽菜
「美実様って梨理ちゃんのこと好きですよね」%K%P
「美実様って梨理ちゃんのこと好きですよね」%K%P
%LC美実
%LC美実
「とーぜんっ」%K%P
「とーぜんっ」%K%P
ほんと、梨理ちゃんの話題をしているときの\n美実様ときたら、活き活きとしてるんだから。%K%P
ほんと、梨理ちゃんの話題をしているときの\n美実様ときたら、活き活きとしてるんだから。%K%P
%LC美実
%LC美実
「まあ、そういうわけだから。放課後、\n　陣中見舞い的に、遊びに行ってみない？」%K%P
「まあ、そういうわけだから。放課後、\n　陣中見舞い的に、遊びに行ってみない？」%K%P
%LC陽菜
%LC陽菜
「それはいいんですけど……。私、今日から\n　クラスの出し物の準備をしなくちゃいけなくて」%K%P
「それはいいんですけど……。私、今日から\n　クラスの出し物の準備をしなくちゃいけなくて」%K%P
%LC陽菜
%LC陽菜
「合宿所に行くのは、\n　それが終わってからでもいいですか？」%K%P
「合宿所に行くのは、\n　それが終わってからでもいいですか？」%K%P
%LC美実
%LC美実
「あっ、そっか……。\n　我々は負けちゃったからねぇ」%K%P
「あっ、そっか……。\n　我々は負けちゃったからねぇ」%K%P
代表に選ばれた{騎士:ワルキュリア}は、\n{連弾:デュオ}{舞闘:カデンツァ}最優先ということで、\nクラスの出し物の手伝いを免除してもらえる。%K%P
代表に選ばれた{騎士:ワルキュリア}は、\n{連弾:デュオ}{舞闘:カデンツァ}最優先ということで、\nクラスの出し物の手伝いを免除してもらえる。%K%P
とはいえ、それは勝っていればこそ。%K%P
とはいえ、それは勝っていればこそ。%K%P
初戦で負けてしまったオレは、\n今日からクラスの手伝いに合流する予定だった。%K%P
初戦で負けてしまったオレは、\n今日からクラスの手伝いに合流する予定だった。%K%P
%LC美実
%LC美実
「ちなみに、陽菜ちゃんのクラスはなにするの？」%K%P
「ちなみに、陽菜ちゃんのクラスはなにするの？」%K%P
%LC陽菜
%LC陽菜
「{騎士道:シュバルリィ}をコンセプトにしたカフェです。\n　騎士の格好をして接客したりとかするみたいで」%K%P
「{騎士道:シュバルリィ}をコンセプトにしたカフェです。\n　騎士の格好をして接客したりとかするみたいで」%K%P
%LC陽菜
%LC陽菜
「あっ、そうだ。陣中見舞いの差し入れに、\n　お菓子を持って行ってあげませんか？」%K%P
「あっ、そうだ。陣中見舞いの差し入れに、\n　お菓子を持って行ってあげませんか？」%K%P
%LC陽菜
%LC陽菜
「カフェで提供するメニューの試作品を、\n　今日作るって言っていたので」%K%P
「カフェで提供するメニューの試作品を、\n　今日作るって言っていたので」%K%P
%LC陽菜
%LC陽菜
「それを持って行って感想を聞けたら、\n　一石二鳥じゃないかなって」%K%P
「それを持って行って感想を聞けたら、\n　一石二鳥じゃないかなって」%K%P
%LC美実
%LC美実
「いいね、それ。みんなが気に入ってくれたら、\n　お墨付きだって宣伝することもできるし――」%K%P
「いいね、それ。みんなが気に入ってくれたら、\n　お墨付きだって宣伝することもできるし――」%K%P
%LC美実
%LC美実
「やるねぇ、陽菜ちゃん。策士だねぇ」%K%P
「やるねぇ、陽菜ちゃん。策士だねぇ」%K%P
%LC陽菜
%LC陽菜
「お墨付きうんぬんは美実様のアイデアですけどね。\n　でも、良い案なので採用させてもらいます」%K%P
「お墨付きうんぬんは美実様のアイデアですけどね。\n　でも、良い案なので採用させてもらいます」%K%P
%LC美実
%LC美実
「ふふっ、どうぞどうぞ。\n　なら、放課後、部室で待ち合わせでいい？」%K%P
「ふふっ、どうぞどうぞ。\n　なら、放課後、部室で待ち合わせでいい？」%K%P
%LC陽菜
%LC陽菜
「はい、それで」%K%P
「はい、それで」%K%P
%LC美実
%LC美実
「ちなみに、そのカフェを企画したのって、\n　ひょっとして杏奈だったりする？」%K%P
「ちなみに、そのカフェを企画したのって、\n　ひょっとして杏奈だったりする？」%K%P
%LC陽菜
%LC陽菜
「そうですけど……。\n　なんでわかったんですか？」%K%P
「そうですけど……。\n　なんでわかったんですか？」%K%P
%LC美実
%LC美実
「杏奈って、センシブルからの転科組でしょ？\n　その切っ掛けを作ったの、実は私なんだ」%K%P
「杏奈って、センシブルからの転科組でしょ？\n　その切っ掛けを作ったの、実は私なんだ」%K%P
%LC美実
%LC美実
「杏奈は私に……というか、{騎士:ワルキュリア}に憧れて、\n　ノーブルに移ることを決意した子だから」%K%P
「杏奈は私に……というか、{騎士:ワルキュリア}に憧れて、\n　ノーブルに移ることを決意した子だから」%K%P
%LC美実
%LC美実
「あの子だったら、そういうコンカフェを\n　考えるんじゃないかなって、そう思っただけ」%K%P
「あの子だったら、そういうコンカフェを\n　考えるんじゃないかなって、そう思っただけ」%K%P
%LC陽菜
%LC陽菜
「杏奈ちゃん、悔しがってました。\n　企画した本人が参加できないなんてって」%K%P
「杏奈ちゃん、悔しがってました。\n　企画した本人が参加できないなんてって」%K%P
%LC美実
%LC美実
「あははっ。まあ、杏奈にしてみたら、\n　代表に選ばれるなんて思ってなかっただろうし」%K%P
「あははっ。まあ、杏奈にしてみたら、\n　代表に選ばれるなんて思ってなかっただろうし」%K%P
%LC美実
%LC美実
「責任とって頑張らないとね？　陽菜ちゃん」%K%P
「責任とって頑張らないとね？　陽菜ちゃん」%K%P
%LC陽菜
%LC陽菜
「責任？」%K%P
「責任？」%K%P
%LC美実
%LC美実
「だって、陽菜ちゃんがコーチした結果、\n　杏奈は代表に選ばれたわけでしょ？」%K%P
「だって、陽菜ちゃんがコーチした結果、\n　杏奈は代表に選ばれたわけでしょ？」%K%P
%LC美実
%LC美実
「陽菜ちゃんがこの学園にきて、\n　まだ１ヶ月足らずだけど――」%K%P
「陽菜ちゃんがこの学園にきて、\n　まだ１ヶ月足らずだけど――」%K%P
%LC美実
%LC美実
「その影響は、いろんな所で、少しずつ……。\n　でも、確実に出てると思うよ」%K%P
「その影響は、いろんな所で、少しずつ……。\n　でも、確実に出てると思うよ」%K%P
美実様のなにげない一言に、\nこれまでのことを振り返ってしまう。%K%P
美実様のなにげない一言に、\nこれまでのことを振り返ってしまう。%K%P
依夜様との親善試合、{騎士道:シュバルリィ}の授業、\n杏奈ちゃんのコーチに、テスト{舞闘:カデンツァ}。%K%P
依夜様との親善試合、{騎士道:シュバルリィ}の授業、\n杏奈ちゃんのコーチに、テスト{舞闘:カデンツァ}。%K%P
あとは、ラブレター事件、なんてのもあったっけ。%K%P
あとは、ラブレター事件、なんてのもあったっけ。%K%P
そして、{連弾:デュオ}{舞闘:カデンツァ}に参加する\n代表８名の中に、投票枠として選ばれて――、%K%P
そして、{連弾:デュオ}{舞闘:カデンツァ}に参加する\n代表８名の中に、投票枠として選ばれて――、%K%P
……うん。確かに、色々とあった。%K%P
……うん。確かに、色々とあった。%K%P
これまでも色々あったということは、\nこれからもきっと、色々とあるに違いない。%K%P
これまでも色々あったということは、\nこれからもきっと、色々とあるに違いない。%K%P
教室の窓から見える空は、今日も広くて青い。%K%P
教室の窓から見える空は、今日も広くて青い。%K%P
――私は、空の下で歌うのが好きだった。%K%P
――私は、空の下で歌うのが好きだった。%K%P
音響の整ったテアトルのようなホールも素敵だけど、\nそれでも、空の下には叶わない。%K%P
音響の整ったテアトルのようなホールも素敵だけど、\nそれでも、空の下には叶わない。%K%P
とくに夜――月の下で歌うのは格別で。%K%P
とくに夜――月の下で歌うのは格別で。%K%P
それはきっと、自分の名前に、\n月という文字が入っているから、かもしれない。%K%P
それはきっと、自分の名前に、\n月という文字が入っているから、かもしれない。%K%P
睦月――旧暦の１月を示す言葉。%K%P
睦月――旧暦の１月を示す言葉。%K%P
一説には、正月は家族や親類が集まることから、\n仲睦まじい月として、睦月という名がついたとか。%K%P
一説には、正月は家族や親類が集まることから、\n仲睦まじい月として、睦月という名がついたとか。%K%P
私の家も、人が多く集まる、賑やかな家だった。%K%P
私の家も、人が多く集まる、賑やかな家だった。%K%P
それはきっと家業が関係していて、\n私の秘密も、そのあたりが無関係じゃない。%K%P
それはきっと家業が関係していて、\n私の秘密も、そのあたりが無関係じゃない。%K%P
とはいえ、それはあくまで『始まり』であって。%K%P
とはいえ、それはあくまで『始まり』であって。%K%P
いまはもう、そんな秘密を含めた自分を、\nありのままに受け入れている、というか。%K%P
いまはもう、そんな秘密を含めた自分を、\nありのままに受け入れている、というか。%K%P
物心ついたときからこうなのだから、\nいまさら、変わりようがないというか――、%K%P
物心ついたときからこうなのだから、\nいまさら、変わりようがないというか――、%K%P
%LC睦月
%LC睦月
「……っと、そろそろ合宿所に戻らないと」%K%P
「……っと、そろそろ合宿所に戻らないと」%K%P
時刻を確かめ、譜面台のスコアを片付ける。%K%P
時刻を確かめ、譜面台のスコアを片付ける。%K%P
昨日から始まったアリア合宿において、\nもっとも難関なのが、着替えと入浴だった。%K%P
昨日から始まったアリア合宿において、\nもっとも難関なのが、着替えと入浴だった。%K%P
着替えに関しては、合宿が始まって早々、\n浴室の脱衣所を使う方法を発見してクリアした。%K%P
着替えに関しては、合宿が始まって早々、\n浴室の脱衣所を使う方法を発見してクリアした。%K%P
でも、入浴のほうは、なかなか大変で。%K%P
でも、入浴のほうは、なかなか大変で。%K%P
他の合宿メンバーにも相談した結果、\n私だけ、夕食前に一人で入る事になっていた。%K%P
他の合宿メンバーにも相談した結果、\n私だけ、夕食前に一人で入る事になっていた。%K%P
%LC睦月
%LC睦月
「慌てすぎるのはよくないけど、\n　少し、急がないと……」%K%P
「慌てすぎるのはよくないけど、\n　少し、急がないと……」%K%P
合宿所に戻り、着替えを用意しながらひとりごちる。%K%P
合宿所に戻り、着替えを用意しながらひとりごちる。%K%P
私の秘密を守る上で、もっとも大変なのが、\n入浴などの裸になってしまうタイミングだった。%K%P
私の秘密を守る上で、もっとも大変なのが、\n入浴などの裸になってしまうタイミングだった。%K%P
見られたら、そこで一環の終わり。%K%P
見られたら、そこで一環の終わり。%K%P
だから常々気を配っているし、\n秘密を守るための技も編み出したりしてきた。%K%P
だから常々気を配っているし、\n秘密を守るための技も編み出したりしてきた。%K%P
一番確実なのは、入浴を短時間で済ませること。%K%P
一番確実なのは、入浴を短時間で済ませること。%K%P
でも、私は長湯がとても好きで。%K%P
でも、私は長湯がとても好きで。%K%P
だからこそ、お風呂タイムがいつも悩ましかった。%K%P
だからこそ、お風呂タイムがいつも悩ましかった。%K%P
%LC陽菜
%LC陽菜
「美実様、お待たせしました」%K%P
「美実様、お待たせしました」%K%P
%LC美実
%LC美実
「おっ、早かったね、陽菜ちゃん。\n　お菓子は分けてもらえた？」%K%P
「おっ、早かったね、陽菜ちゃん。\n　お菓子は分けてもらえた？」%K%P
%LC陽菜
%LC陽菜
「はい。事情を話したら、調理担当の子が\n　すっごく喜んで、こんなに用意してくれて」%K%P
「はい。事情を話したら、調理担当の子が\n　すっごく喜んで、こんなに用意してくれて」%K%P
%LC美実
%LC美実
「おおっ、すごいね。お茶会が出来そう」%K%P
「おおっ、すごいね。お茶会が出来そう」%K%P
%LC陽菜
%LC陽菜
「ぜひ感想を聞いてきてってことで、\n　私だけ早めに切り上げさせてもらったんです」%K%P
「ぜひ感想を聞いてきてってことで、\n　私だけ早めに切り上げさせてもらったんです」%K%P
%LC美実
%LC美実
「なるほどね」%K%P
「なるほどね」%K%P
%LC陽菜
%LC陽菜
「美実様はクラスのお手伝いとかないんですか？」%K%P
「美実様はクラスのお手伝いとかないんですか？」%K%P
%LC美実
%LC美実
「うん。うちのクラス、３年のこの時期でも、\n　部活やってる子が多くって」%K%P
「うん。うちのクラス、３年のこの時期でも、\n　部活やってる子が多くって」%K%P
%LC美実
%LC美実
「それぞれの部活に注力しようってことになって、\n　クラス自体の出し物はなんにもないの」%K%P
「それぞれの部活に注力しようってことになって、\n　クラス自体の出し物はなんにもないの」%K%P
%LC陽菜
%LC陽菜
「部活って……だったら美実様も、\n　乙女部の部長として、なにかしたほうが」%K%P
「部活って……だったら美実様も、\n　乙女部の部長として、なにかしたほうが」%K%P
%LC美実
%LC美実
「もう充分やってるでしょ？」%K%P
「もう充分やってるでしょ？」%K%P
%LC陽菜
%LC陽菜
「へ？　なにか、やってましたっけ？」%K%P
「へ？　なにか、やってましたっけ？」%K%P
%LC美実
%LC美実
「乙女部の部員全員、\n　代表の{騎士:ワルキュリア}に選ばれたでしょ？」%K%P
「乙女部の部員全員、\n　代表の{騎士:ワルキュリア}に選ばれたでしょ？」%K%P
%LC美実
%LC美実
「つまり、{連弾:デュオ}{舞闘:カデンツァ}こそ、\n　我が乙女部の活動内容の展示そのものってわけ」%K%P
「つまり、{連弾:デュオ}{舞闘:カデンツァ}こそ、\n　我が乙女部の活動内容の展示そのものってわけ」%K%P
なんて、ドヤッと胸を張る美実様に、\n苦笑しつつも、感心もしちゃうオレだった。%K%P
なんて、ドヤッと胸を張る美実様に、\n苦笑しつつも、感心もしちゃうオレだった。%K%P
その後、美実様の案内で到着した合宿所は、\n思っていた以上に広くて立派だった。%K%P
その後、美実様の案内で到着した合宿所は、\n思っていた以上に広くて立派だった。%K%P
ただ、同じ部屋にベッドがずらっとある時点で、\nここでの生活は大変だろうな、とも思ったけど。%K%P
ただ、同じ部屋にベッドがずらっとある時点で、\nここでの生活は大変だろうな、とも思ったけど。%K%P
%LC陽菜
%LC陽菜
「杏奈ちゃんたち、いませんね」%K%P
「杏奈ちゃんたち、いませんね」%K%P
%LC美実
%LC美実
「たぶんテアトルじゃない？\n　台本読みつつ、稽古してるんだと思う」%K%P
「たぶんテアトルじゃない？\n　台本読みつつ、稽古してるんだと思う」%K%P
%LC美実
%LC美実
「慌てなくてもそのうち帰ってくるし、\n　今のうちに支度して、待っててあげよ？」%K%P
「慌てなくてもそのうち帰ってくるし、\n　今のうちに支度して、待っててあげよ？」%K%P
%LC陽菜
%LC陽菜
「支度？」%K%P
「支度？」%K%P
%LC美実
%LC美実
「お茶会の支度。それだけお菓子あるんだし、\n　それっぽいほうが喜んでくれるでしょ？」%K%P
「お茶会の支度。それだけお菓子あるんだし、\n　それっぽいほうが喜んでくれるでしょ？」%K%P
%LC美実
%LC美実
「支度と片付けを私たちでやれば、\n　みんなの負担になることもないし」%K%P
「支度と片付けを私たちでやれば、\n　みんなの負担になることもないし」%K%P
%LC陽菜
%LC陽菜
「なるほど……。美実様って、\n　ほんとにそういう気配りが得意ですよね」%K%P
「なるほど……。美実様って、\n　ほんとにそういう気配りが得意ですよね」%K%P
%LC美実
%LC美実
「よせやい、照れるでしょうが」%K%P
「よせやい、照れるでしょうが」%K%P
%LC美実
%LC美実
「さて、じゃあまず、食器を人数分――」%K%P
「さて、じゃあまず、食器を人数分――」%K%P
%LC陽菜
%LC陽菜
「あっ、場所を教えて貰えれば、\n　私がとってきます」%K%P
「あっ、場所を教えて貰えれば、\n　私がとってきます」%K%P
%LC美実
%LC美実
「そう？　えっと……確か、そこ出て、\n　廊下の突き当たりの右がキッチンだったはず」%K%P
「そう？　えっと……確か、そこ出て、\n　廊下の突き当たりの右がキッチンだったはず」%K%P
%LC美実
%LC美実
「キッチンに行けば、食器棚は一目で分かるから」%K%P
「キッチンに行けば、食器棚は一目で分かるから」%K%P
%LC陽菜
%LC陽菜
「わかりました」%K%P
「わかりました」%K%P
というわけで、食器を取りにキッチンへ。%K%P
というわけで、食器を取りにキッチンへ。%K%P
廊下の突き当たりを右……って、ここ、かな？%K%P
廊下の突き当たりを右……って、ここ、かな？%K%P
――ドアを開けたら、そこは脱衣所だった。%K%P
――ドアを開けたら、そこは脱衣所だった。%K%P
こんなところに食器があるとは思えないし、\nおそらく、美実様が間違えちゃったんだろう。%K%P
こんなところに食器があるとは思えないし、\nおそらく、美実様が間違えちゃったんだろう。%K%P
え？　なんで一目で脱衣所だって分かったかって？%K%P
え？　なんで一目で脱衣所だって分かったかって？%K%P
それはもちろん、ドアを開けたそこに、\n湯上がりと思しき女の子がいたからで――、%K%P
それはもちろん、ドアを開けたそこに、\n湯上がりと思しき女の子がいたからで――、%K%P
%LC睦月
%LC睦月
「あの……」%K%P
「あの……」%K%P
戸惑いがちに声を掛けられ、頭が真っ白に。%K%P
戸惑いがちに声を掛けられ、頭が真っ白に。%K%P
だって、ドアを開けたら脱衣所だなんて思わないし。%K%P
だって、ドアを開けたら脱衣所だなんて思わないし。%K%P
そもそも、誰も居ないと思い込んでいたし。%K%P
そもそも、誰も居ないと思い込んでいたし。%K%P
なんで、どうして、よりにもよって、つーちゃんが。%K%P
なんで、どうして、よりにもよって、つーちゃんが。%K%P
%LC睦月
%LC睦月
「陽菜さん、どうして、ここに……？」%K%P
「陽菜さん、どうして、ここに……？」%K%P
%LC陽菜
%LC陽菜
「えっ……あ、ええっと……」%K%P
「えっ……あ、ええっと……」%K%P
痴漢だ変態だ覗きだと叫ばれると思っていたら、\nやんわりと問われて、かえってテンパる。%K%P
痴漢だ変態だ覗きだと叫ばれると思っていたら、\nやんわりと問われて、かえってテンパる。%K%P
けど、それは当然の反応なんだ。%K%P
けど、それは当然の反応なんだ。%K%P
オレはいま女の子で、つーちゃんも女の子で。%K%P
オレはいま女の子で、つーちゃんも女の子で。%K%P
女の子同士なんだから、多少驚くことはあっても、\n取り乱したりとかは、しないはずで――、%K%P
女の子同士なんだから、多少驚くことはあっても、\n取り乱したりとかは、しないはずで――、%K%P
だから、オレも取り乱しちゃ、いけなくて。%K%P
だから、オレも取り乱しちゃ、いけなくて。%K%P
%LC陽菜
%LC陽菜
「ほら、前に約束したでしょ？\n　合宿所に遊びにいくよって」%K%P
「ほら、前に約束したでしょ？\n　合宿所に遊びにいくよって」%K%P
%LC陽菜
%LC陽菜
「それで、さっそく来たんだけど……。\n　なんか、道に迷ったみたい……あは、あはは」%K%P
「それで、さっそく来たんだけど……。\n　なんか、道に迷ったみたい……あは、あはは」%K%P
しどろもどろになりながら、どうにか言葉を継ぐ。%K%P
しどろもどろになりながら、どうにか言葉を継ぐ。%K%P
建物の中で道に迷うって表現はどうかと思うけど、\nテンパってる頭では、それが限界だった。%K%P
建物の中で道に迷うって表現はどうかと思うけど、\nテンパってる頭では、それが限界だった。%K%P
%LC陽菜
%LC陽菜
「ごめんね、驚かせちゃって。\n　すぐ出ていくから――」%K%P
「ごめんね、驚かせちゃって。\n　すぐ出ていくから――」%K%P
なんて言いながら、\n彼女に背を向けようとしたときだった。%K%P
なんて言いながら、\n彼女に背を向けようとしたときだった。%K%P
%LC睦月
%LC睦月
「あ――」%K%P
「あ――」%K%P
いままさに服を着る直前だったのか、\n彼女の巻いていたバスタオルが、するっとはだけて。%K%P
いままさに服を着る直前だったのか、\n彼女の巻いていたバスタオルが、するっとはだけて。%K%P
見ちゃだめだって思うのに、目が離せなくて、\nタオルが落ちていくのを見届けてしまって。%K%P
見ちゃだめだって思うのに、目が離せなくて、\nタオルが落ちていくのを見届けてしまって。%K%P
彼女の裸にドキドキしたのも束の間――、%K%P
彼女の裸にドキドキしたのも束の間――、%K%P
%LC陽菜
%LC陽菜
「え……？」%K%P
「え……？」%K%P
……え？　なんで？　なんでつーちゃんの股間に、\n男のオレにとってお馴染みのアレが――、%K%P
……え？　なんで？　なんでつーちゃんの股間に、\n男のオレにとってお馴染みのアレが――、%K%P
%LC美実
%LC美実
「陽菜ちゃーん、食器あったー？」%K%P
「陽菜ちゃーん、食器あったー？」%K%P
%LC陽菜
%LC陽菜
「っ……？！」%K%P
「っ……？！」%K%P
戻ってこないオレを心配したのか、\nはたまた、自分の説明が間違いだと気付いたのか。%K%P
戻ってこないオレを心配したのか、\nはたまた、自分の説明が間違いだと気付いたのか。%K%P
廊下からそんな声が聞こえて、\nフリーズしていた脳みそが再起動して。%K%P
廊下からそんな声が聞こえて、\nフリーズしていた脳みそが再起動して。%K%P
%LC陽菜
%LC陽菜
「美実様、あの――んんぅんっ！？」%K%P
「美実様、あの――んんぅんっ！？」%K%P
声をあげ、美実様に返事をしようとした矢先、\nオレの目と口を、つーちゃんの両手が塞いできた。%K%P
声をあげ、美実様に返事をしようとした矢先、\nオレの目と口を、つーちゃんの両手が塞いできた。%K%P
%LC睦月
%LC睦月
「あっ、あのっ……えと……その、\n　これは、だから、その、あのっ……」%K%P
「あっ、あのっ……えと……その、\n　これは、だから、その、あのっ……」%K%P
%LC睦月
%LC睦月
「ええと、ええっと……」%K%P
「ええと、ええっと……」%K%P
視界が真っ暗になって何も見えない中、\nつーちゃんの必死な気配が伝わってくる。%K%P
視界が真っ暗になって何も見えない中、\nつーちゃんの必死な気配が伝わってくる。%K%P
なにかを言おうとするけど、形にならず、\nしどろもどろになり、わたわたするばかり。%K%P
なにかを言おうとするけど、形にならず、\nしどろもどろになり、わたわたするばかり。%K%P
きっといま、つーちゃんは頭が真っ白なはずだ。%K%P
きっといま、つーちゃんは頭が真っ白なはずだ。%K%P
だって、見られてしまったから。%K%P
だって、見られてしまったから。%K%P
絶対に見られてはいけないものを見られたから、\nどうすればいいか、必死に考えているんだ。%K%P
絶対に見られてはいけないものを見られたから、\nどうすればいいか、必死に考えているんだ。%K%P
オレには、その気持ちが痛いほどよく分かる。%K%P
オレには、その気持ちが痛いほどよく分かる。%K%P
だって、もしも立場が逆だったら、\nオレだって頭が真っ白になっていたはずだから。%K%P
だって、もしも立場が逆だったら、\nオレだって頭が真っ白になっていたはずだから。%K%P
%LC美実
%LC美実
「陽菜ちゃーん？　どこー？」%K%P
「陽菜ちゃーん？　どこー？」%K%P
%LC睦月
%LC睦月
「っ……」%K%P
「っ……」%K%P
美実様の声が近づいてきて、\nつーちゃんが大きく息を呑んだ。%K%P
美実様の声が近づいてきて、\nつーちゃんが大きく息を呑んだ。%K%P
その気持ちも分かる。%K%P
その気持ちも分かる。%K%P
ほんとに、痛いほど、よく分かる。%K%P
ほんとに、痛いほど、よく分かる。%K%P
だから、オレに出来ることは――、%K%P
だから、オレに出来ることは――、%K%P
%LC睦月
%LC睦月
「あっ……」%K%P
「あっ……」%K%P
オレの口を塞いでいる方の手だけ、\n両手でしっかり掴み、優しく払いのける。%K%P
オレの口を塞いでいる方の手だけ、\n両手でしっかり掴み、優しく払いのける。%K%P
目は塞がれたままにしたのは、そのほうが、\nつーちゃんが話を聞いてくれると思ったからだ。%K%P
目は塞がれたままにしたのは、そのほうが、\nつーちゃんが話を聞いてくれると思ったからだ。%K%P
%LC陽菜
%LC陽菜
「安心して、睦月さん。\n　私、なにも見ていないから」%K%P
「安心して、睦月さん。\n　私、なにも見ていないから」%K%P
%LC睦月
%LC睦月
「え……？」%K%P
「え……？」%K%P
%LC陽菜
%LC陽菜
「何も見てないって言ったの。\n　ごめんね、驚かせちゃって」%K%P
「何も見てないって言ったの。\n　ごめんね、驚かせちゃって」%K%P
%LC陽菜
%LC陽菜
「私がここにいると、美実様が来ちゃうから。\n　そうなる前に、私、行くね」%K%P
「私がここにいると、美実様が来ちゃうから。\n　そうなる前に、私、行くね」%K%P
そう言うと、目を閉じた状態で、\n一歩後ろに下がって。%K%P
そう言うと、目を閉じた状態で、\n一歩後ろに下がって。%K%P
それから回れ右をすると、\nオレはそのまま、その場を後にした。%K%P
それから回れ右をすると、\nオレはそのまま、その場を後にした。%K%P
夜になり、お風呂を済ませて、自室に戻って。%K%P
夜になり、お風呂を済ませて、自室に戻って。%K%P
ぽすんとベッドに腰掛けたところで、\n今日の出来事の記憶が、一気に甦ってきた。%K%P
ぽすんとベッドに腰掛けたところで、\n今日の出来事の記憶が、一気に甦ってきた。%K%P
脱衣所でつーちゃんの裸を見てしまったあと、\nオレは急いで美実様のもとへ戻った。%K%P
脱衣所でつーちゃんの裸を見てしまったあと、\nオレは急いで美実様のもとへ戻った。%K%P
美実様がオレを探していた理由は、キッチンの場所を\n勘違いしていたことに気付いたから、だった。%K%P
美実様がオレを探していた理由は、キッチンの場所を\n勘違いしていたことに気付いたから、だった。%K%P
合宿所にくるのが１年ぶりだったこともあって、\n記憶がおぼろげで間違えてしまったそうだ。%K%P
合宿所にくるのが１年ぶりだったこともあって、\n記憶がおぼろげで間違えてしまったそうだ。%K%P
その後、すぐに杏奈ちゃんたちが帰ってきて、\nお菓子を囲んで、みんなで軽く雑談をして。%K%P
その後、すぐに杏奈ちゃんたちが帰ってきて、\nお菓子を囲んで、みんなで軽く雑談をして。%K%P
そこへ、着替えたつーちゃんが戻ってきた。%K%P
そこへ、着替えたつーちゃんが戻ってきた。%K%P
オレから少し離れた場所に座ったこともあって、\nつーちゃんとオレが直接会話をすることはなくて。%K%P
オレから少し離れた場所に座ったこともあって、\nつーちゃんとオレが直接会話をすることはなくて。%K%P
やがてお菓子も綺麗になくなって、\n通学生の美実様が、一足先に家に帰って。%K%P
やがてお菓子も綺麗になくなって、\n通学生の美実様が、一足先に家に帰って。%K%P
オレも少し遅れて合宿所を出ると、\n外はすでに仄暗く、星が見えるぐらいだった。%K%P
オレも少し遅れて合宿所を出ると、\n外はすでに仄暗く、星が見えるぐらいだった。%K%P
賑やかな合宿所を出て、一人になって、\nそこであらためて、つーちゃんの裸を思い出して。%K%P
賑やかな合宿所を出て、一人になって、\nそこであらためて、つーちゃんの裸を思い出して。%K%P
アレはやっぱりアレだよな……？　なんて、\nそんなことを考えていたら、控えめに呼ぶ声がして。%K%P
アレはやっぱりアレだよな……？　なんて、\nそんなことを考えていたら、控えめに呼ぶ声がして。%K%P
振り返ったら、そこにつーちゃんが立っていた。%K%P
振り返ったら、そこにつーちゃんが立っていた。%K%P
%LC陽菜
%LC陽菜
「睦月さん……。どうしたの？」%K%P
「睦月さん……。どうしたの？」%K%P
%LC睦月
%LC睦月
「あなたにそう言われると、かえって、\n　困ってしまうんですが……」%K%P
「あなたにそう言われると、かえって、\n　困ってしまうんですが……」%K%P
%LC睦月
%LC睦月
「どうして、黙っていてくれたんですか？」%K%P
「どうして、黙っていてくれたんですか？」%K%P
%LC陽菜
%LC陽菜
「あ……」%K%P
「あ……」%K%P
つーちゃんの疑問と不安は、至極もっともだった。%K%P
つーちゃんの疑問と不安は、至極もっともだった。%K%P
なにせ、自分の重大な秘密を知った相手が、\nなんのリアクションも起こさないんだから。%K%P
なにせ、自分の重大な秘密を知った相手が、\nなんのリアクションも起こさないんだから。%K%P
騒ぎ立てることもなく、軽蔑するでもなく、\n避けるわけでもなく、強請ってくるわけでもない。%K%P
騒ぎ立てることもなく、軽蔑するでもなく、\n避けるわけでもなく、強請ってくるわけでもない。%K%P
相手が何を考えているか分からないというのは、\nどんなときだって不安になる。%K%P
相手が何を考えているか分からないというのは、\nどんなときだって不安になる。%K%P
まして、こんな状況であればなおさらだ。%K%P
まして、こんな状況であればなおさらだ。%K%P
%LC陽菜
%LC陽菜
「黙っているもなにも……。\n　私はなにも見てないって言ったでしょ？」%K%P
「黙っているもなにも……。\n　私はなにも見てないって言ったでしょ？」%K%P
これ以上つーちゃんが不安にならないよう、\n極力、優しい声で伝える。%K%P
これ以上つーちゃんが不安にならないよう、\n極力、優しい声で伝える。%K%P
%LC睦月
%LC睦月
「でも……」%K%P
「でも……」%K%P
%LC陽菜
%LC陽菜
「睦月さんの言いたいことは分かるし、\n　私からは、信じて……としか、言えないけど」%K%P
「睦月さんの言いたいことは分かるし、\n　私からは、信じて……としか、言えないけど」%K%P
%LC陽菜
%LC陽菜
「本当に、誰にも言う気はないから。\n　どうか安心して」%K%P
「本当に、誰にも言う気はないから。\n　どうか安心して」%K%P
%LC陽菜
%LC陽菜
「それじゃ、ごきげんよう。……おやすみなさい」%K%P
「それじゃ、ごきげんよう。……おやすみなさい」%K%P
%LC睦月
%LC睦月
「あっ……」%K%P
「あっ……」%K%P
つーちゃんがなにかを言いかけたけど、\n構わず、背を向けてその場を立ち去る。%K%P
つーちゃんがなにかを言いかけたけど、\n構わず、背を向けてその場を立ち去る。%K%P
過剰に言葉を重ねてしまうと、\nかえって不安にさせるような気がしたから。%K%P
過剰に言葉を重ねてしまうと、\nかえって不安にさせるような気がしたから。%K%P
そうしてオレは、職員寮に戻ってきた。%K%P
そうしてオレは、職員寮に戻ってきた。%K%P
正直、未だにちょっと混乱していて、\n実は夢なんじゃ、なんて思ったりもするけれど。%K%P
正直、未だにちょっと混乱していて、\n実は夢なんじゃ、なんて思ったりもするけれど。%K%P
――つーちゃんは、男の子だった。%K%P
――つーちゃんは、男の子だった。%K%P
自分の目で見てしまった以上、\nそれは紛れもない真実であり現実だ。%K%P
自分の目で見てしまった以上、\nそれは紛れもない真実であり現実だ。%K%P
にしても、あのつーちゃんが、\nオレと同じ、女装していた男の子だなんて。%K%P
にしても、あのつーちゃんが、\nオレと同じ、女装していた男の子だなんて。%K%P
%LC陽菜
%LC陽菜
「ああもう……。なんなんだよ、それ……」%K%P
「ああもう……。なんなんだよ、それ……」%K%P
倒れるようにベッドに横になると、\nそんな呟きが、漏れるように口を突いて出る。%K%P
倒れるようにベッドに横になると、\nそんな呟きが、漏れるように口を突いて出る。%K%P
まったくもって、それしか言えない。%K%P
まったくもって、それしか言えない。%K%P
だって、オレが最初に出会ったときから、\n彼女――いや、彼は、ずっと女の子だった。%K%P
だって、オレが最初に出会ったときから、\n彼女――いや、彼は、ずっと女の子だった。%K%P
好んで女の子のふりをしていた、とか、\n女の子の服を着ていただけ、とかじゃない。%K%P
好んで女の子のふりをしていた、とか、\n女の子の服を着ていただけ、とかじゃない。%K%P
オレの知る限り、\n宮守睦月は確かに女の子だったのだ。%K%P
オレの知る限り、\n宮守睦月は確かに女の子だったのだ。%K%P
%LC陽菜
%LC陽菜
「後天的に、はえちゃった、とか……。\n　そういう薬の実験台にされた、とか……」%K%P
「後天的に、はえちゃった、とか……。\n　そういう薬の実験台にされた、とか……」%K%P
%LC陽菜
%LC陽菜
「……そんなこと、あるわけないか……」%K%P
「……そんなこと、あるわけないか……」%K%P
自分でも馬鹿なことを考えてると思うけど、\n彼女が彼だった衝撃は、そのぐらい大きい。%K%P
自分でも馬鹿なことを考えてると思うけど、\n彼女が彼だった衝撃は、そのぐらい大きい。%K%P
だって、つーちゃんはオレの初恋――、\nオレが初めて告白をした相手なのだから。%K%P
だって、つーちゃんはオレの初恋――、\nオレが初めて告白をした相手なのだから。%K%P
つーちゃんが男の子だってことになると、\nオレは男の子に告白していたってことになる。%K%P
つーちゃんが男の子だってことになると、\nオレは男の子に告白していたってことになる。%K%P
そんなの、すぐには受け止めきれない。%K%P
そんなの、すぐには受け止めきれない。%K%P
%LC陽菜
%LC陽菜
「けど、どうして女装なんて……」%K%P
「けど、どうして女装なんて……」%K%P
オレだって今こうして女装しているわけだけど、\nそこに至るには、れっきとした事情と理由がある。%K%P
オレだって今こうして女装しているわけだけど、\nそこに至るには、れっきとした事情と理由がある。%K%P
趣味や癖でないとしたら、つーちゃんにも、\n女装をすることになった事情や理由があるはずだ。%K%P
趣味や癖でないとしたら、つーちゃんにも、\n女装をすることになった事情や理由があるはずだ。%K%P
ずっと続けていると仮定するなら、\nつーちゃんの女装歴は、１０年以上ってことで。%K%P
ずっと続けていると仮定するなら、\nつーちゃんの女装歴は、１０年以上ってことで。%K%P
そうなると、女装している理由や事情も、\nそれなりに重大でないと釣り合わない気がする。%K%P
そうなると、女装している理由や事情も、\nそれなりに重大でないと釣り合わない気がする。%K%P
いったい、どんな事情があって女装を――、%K%P
いったい、どんな事情があって女装を――、%K%P
%LC陽菜
%LC陽菜
「……すべてを話せる関係、か」%K%P
「……すべてを話せる関係、か」%K%P
以前、つーちゃんと話した親友の話を思い出す。%K%P
以前、つーちゃんと話した親友の話を思い出す。%K%P
親友とは、何でも隠さず話せる相手だと、\nつーちゃんはそう言っていた。%K%P
親友とは、何でも隠さず話せる相手だと、\nつーちゃんはそう言っていた。%K%P
おそらく、それはつーちゃんの本音なんだろう。%K%P
おそらく、それはつーちゃんの本音なんだろう。%K%P
心を許せる相手を求めながら……でも、\nそれは無理だって、半ば諦めている。%K%P
心を許せる相手を求めながら……でも、\nそれは無理だって、半ば諦めている。%K%P
あるいは心のどこかで、そんな相手が現れるのを、\nずっと待っているのかもしれない。%K%P
あるいは心のどこかで、そんな相手が現れるのを、\nずっと待っているのかもしれない。%K%P
例えば、同じ秘めごとを抱えている人、とか――。%K%P
例えば、同じ秘めごとを抱えている人、とか――。%K%P
%LC陽菜
%LC陽菜
「…………はぁぁぁ」%K%P
「…………はぁぁぁ」%K%P
いろいろ考えていたら、でっかい溜め息が漏れた。%K%P
いろいろ考えていたら、でっかい溜め息が漏れた。%K%P
こんなにもどかしい気持ちになるのは、\n生まれて初めてかもしれない。%K%P
こんなにもどかしい気持ちになるのは、\n生まれて初めてかもしれない。%K%P
オレならきっと、つーちゃんの親友になれる。%K%P
オレならきっと、つーちゃんの親友になれる。%K%P
だって、オレにはつーちゃんを納得させる、\nとんでもない必殺技があるのだから。%K%P
だって、オレにはつーちゃんを納得させる、\nとんでもない必殺技があるのだから。%K%P
――奇遇だね。実はオレも男なんだ。%K%P
――奇遇だね。実はオレも男なんだ。%K%P
そう言ったら、つーちゃんはいったい\nどんな顔をするだろう。%K%P
そう言ったら、つーちゃんはいったい\nどんな顔をするだろう。%K%P
%LC陽菜
%LC陽菜
「……まあ、そんなこと言えないけど……」%K%P
「……まあ、そんなこと言えないけど……」%K%P
オレは、オレの都合だけで女装してるわけじゃない。%K%P
オレは、オレの都合だけで女装してるわけじゃない。%K%P
既にバレているならまだしも、そうじゃないのに、\n自分から秘密を打ち明けるなんてリスクは犯せない。%K%P
既にバレているならまだしも、そうじゃないのに、\n自分から秘密を打ち明けるなんてリスクは犯せない。%K%P
もしかしたら、つーちゃんが実はすごい悪人で、\n私利私欲を満たすために女装をして、\n銀蘭学園に潜入している可能性もゼロじゃないのだ。%K%P
もしかしたら、つーちゃんが実はすごい悪人で、\n私利私欲を満たすために女装をして、\n銀蘭学園に潜入している可能性もゼロじゃないのだ。%K%P
……まあ、それは宝くじの１等に当たるよりも、\nはるかにあり得ない可能性だろうけど。%K%P
……まあ、それは宝くじの１等に当たるよりも、\nはるかにあり得ない可能性だろうけど。%K%P
それに、言えない理由は他にもある……というか、\nこれが一番、重大なネックになるんだけど――、%K%P
それに、言えない理由は他にもある……というか、\nこれが一番、重大なネックになるんだけど――、%K%P
男だって打ち明けるの、死ぬほど恥ずかしい。%K%P
男だって打ち明けるの、死ぬほど恥ずかしい。%K%P
だって、だってだって、つーちゃんは、\nオレが生まれて初めて告白した相手で――、%K%P
だって、だってだって、つーちゃんは、\nオレが生まれて初めて告白した相手で――、%K%P
『僕、つーちゃんと結婚したい』%K%P
『僕、つーちゃんと結婚したい』%K%P
%LC陽菜
%LC陽菜
「ぐえー……」%K%P
「ぐえー……」%K%P
生まれて初めての告白を一言一句思い出し、\nベッドの上で悶絶しながら、同時に納得もする。%K%P
生まれて初めての告白を一言一句思い出し、\nベッドの上で悶絶しながら、同時に納得もする。%K%P
なににって、それはもちろん、\nその時のつーちゃんの返事に対してだ。%K%P
なににって、それはもちろん、\nその時のつーちゃんの返事に対してだ。%K%P
『ひなちゃん、私よりずっと可愛いもん。\n　結婚なんてできないよ』%K%P
『ひなちゃん、私よりずっと可愛いもん。\n　結婚なんてできないよ』%K%P
大事なのは、前半じゃなくて、後半のほう。%K%P
大事なのは、前半じゃなくて、後半のほう。%K%P
そりゃ、そういう返事になるよね。%K%P
そりゃ、そういう返事になるよね。%K%P
つーちゃんは、男同士だってわかってたんだから。%K%P
つーちゃんは、男同士だってわかってたんだから。%K%P
%LC睦月
%LC睦月
「……はぁ……」%K%P
「……はぁ……」%K%P
消灯して真っ暗になった深夜の合宿所に、\n私の溜め息が、ひっそりと響く。%K%P
消灯して真っ暗になった深夜の合宿所に、\n私の溜め息が、ひっそりと響く。%K%P
どうにか寝ようと頑張ってはいるけれど、\nこのまま寝付けず、朝を迎えそうな気がする。%K%P
どうにか寝ようと頑張ってはいるけれど、\nこのまま寝付けず、朝を迎えそうな気がする。%K%P
――裸を、見られてしまった。%K%P
――裸を、見られてしまった。%K%P
しかも、よりにもよって、陽菜さんに。%K%P
しかも、よりにもよって、陽菜さんに。%K%P
あのとき――タオルがズリ落ちてしまったとき、\n私は本当に頭の中が真っ白になって。%K%P
あのとき――タオルがズリ落ちてしまったとき、\n私は本当に頭の中が真っ白になって。%K%P
彼女が声を上げようとしたのが見えた瞬間、\n咄嗟にその目と口を塞いでしまった。%K%P
彼女が声を上げようとしたのが見えた瞬間、\n咄嗟にその目と口を塞いでしまった。%K%P
でも、そのあとの行動が、なにも思い浮かばなくて。%K%P
でも、そのあとの行動が、なにも思い浮かばなくて。%K%P
そうしたら彼女のほうから、\n見なかったことにするから、なんて言われて。%K%P
そうしたら彼女のほうから、\n見なかったことにするから、なんて言われて。%K%P
半信半疑……いや、一信九疑、ぐらいで\n部屋に戻ると、陽菜さんはみんなと談笑していて。%K%P
半信半疑……いや、一信九疑、ぐらいで\n部屋に戻ると、陽菜さんはみんなと談笑していて。%K%P
彼女は本当にいつも通りだったし、他の子も、\n私の秘密を聞いたような素振りはまったくなくて。%K%P
彼女は本当にいつも通りだったし、他の子も、\n私の秘密を聞いたような素振りはまったくなくて。%K%P
だから、かえって不安になってしまった。%K%P
だから、かえって不安になってしまった。%K%P
陽菜さんにとって、アリア合宿のメンバーは、\nみんな大切な人たちばかり。%K%P
陽菜さんにとって、アリア合宿のメンバーは、\nみんな大切な人たちばかり。%K%P
そんな中に男が女装して紛れ込んでいたら、\n不安にならないはずがないのだ。%K%P
そんな中に男が女装して紛れ込んでいたら、\n不安にならないはずがないのだ。%K%P
なのに彼女は平然と落ち着いていて、\nだからこっちは、余計に焦ってしまって。%K%P
なのに彼女は平然と落ち着いていて、\nだからこっちは、余計に焦ってしまって。%K%P
合宿所から帰る彼女のあとをこっそりとつけて、\n二人きりになれるタイミングで声をかけた。%K%P
合宿所から帰る彼女のあとをこっそりとつけて、\n二人きりになれるタイミングで声をかけた。%K%P
ふたりきりになれば、あるいは本性を見せるかも、\nなんて……そんなふうに考えたからだ。%K%P
ふたりきりになれば、あるいは本性を見せるかも、\nなんて……そんなふうに考えたからだ。%K%P
でも、陽菜さんは変わらずに落ち着いたままで。%K%P
でも、陽菜さんは変わらずに落ち着いたままで。%K%P
むしろ、慌てるこっちを気遣う余裕まであって。%K%P
むしろ、慌てるこっちを気遣う余裕まであって。%K%P
あそこまでされたら、もう、信じるしかない。%K%P
あそこまでされたら、もう、信じるしかない。%K%P
彼女は、僕の秘密を誰にも話さない、って。%K%P
彼女は、僕の秘密を誰にも話さない、って。%K%P
%LC睦月
%LC睦月
「……でも、どうして……」%K%P
「……でも、どうして……」%K%P
人って、なにか行動を起こすときには、\n利害や損得を考えるものだと思う。%K%P
人って、なにか行動を起こすときには、\n利害や損得を考えるものだと思う。%K%P
彼女が僕の秘密を隠したところで、\nメリットなんて、なにひとつないはずなのに。%K%P
彼女が僕の秘密を隠したところで、\nメリットなんて、なにひとつないはずなのに。%K%P
%LC睦月
%LC睦月
「なにを考えてるんだろう……」%K%P
「なにを考えてるんだろう……」%K%P
裸を見られてからずっと、\n頭の中で陽菜さんのことばかり考えてしまう。%K%P
裸を見られてからずっと、\n頭の中で陽菜さんのことばかり考えてしまう。%K%P
寝付けない理由は、つまりは、そこで。%K%P
寝付けない理由は、つまりは、そこで。%K%P
僕はそれから朝まで、\nずっとずっと、彼女のことだけを考えていた。%K%P
僕はそれから朝まで、\nずっとずっと、彼女のことだけを考えていた。%K%P
