%LC陽菜
%LC陽菜
「ん、んぅ……？」%K%P
「ん、んぅ……？」%K%P
寝返りを打とうとして、違和感に気付く。%K%P
寝返りを打とうとして、違和感に気付く。%K%P
いつもと違う明るさ、違う匂い――見慣れぬ部屋。%K%P
いつもと違う明るさ、違う匂い――見慣れぬ部屋。%K%P
少し考えて、すぐに思い出す。%K%P
少し考えて、すぐに思い出す。%K%P
そうだ、昨日は依夜様の家にお泊まりにきて――、%K%P
そうだ、昨日は依夜様の家にお泊まりにきて――、%K%P
むにゅん。%K%P
むにゅん。%K%P
……なんだ？　いまの柔らかな――、%K%P
……なんだ？　いまの柔らかな――、%K%P
%XS21ええええええっ……？！%XE%K%P
%XS21ええええええっ……？！%XE%K%P
なにこれ、なにがどうなってっ……？！%K%P
なにこれ、なにがどうなってっ……？！%K%P
まっ、待て待て、冷静に――、%K%P
まっ、待て待て、冷静に――、%K%P
……あ、わかった、夢か。夢だこれ。%K%P
……あ、わかった、夢か。夢だこれ。%K%P
夕べ、ちょっと邪なことを考えたから、\nそれでこんなリアルな夢を――、%K%P
夕べ、ちょっと邪なことを考えたから、\nそれでこんなリアルな夢を――、%K%P
むにゅにゅん。%K%P
むにゅにゅん。%K%P
%XS21夢じゃないこれー！？！？%XE%K%P
%XS21夢じゃないこれー！？！？%XE%K%P
布団は……うん、オレので間違いない。%K%P
布団は……うん、オレので間違いない。%K%P
ということは、依夜様が寝ぼけて、\nこっちに抱きついてきたってことだろうか。%K%P
ということは、依夜様が寝ぼけて、\nこっちに抱きついてきたってことだろうか。%K%P
それで、こんな体勢になって――、%K%P
それで、こんな体勢になって――、%K%P
むにゅりん。%K%P
むにゅりん。%K%P
%LC陽菜
%LC陽菜
「っ……」%K%P
「っ……」%K%P
う、わ、うわっ……依夜様のおっぱいが、\n背中にむにゅーって、むにゅーって……！%K%P
う、わ、うわっ……依夜様のおっぱいが、\n背中にむにゅーって、むにゅーって……！%K%P
%LC依夜
%LC依夜
「んぅ……ん、ひなぁ……」%K%P
「んぅ……ん、ひなぁ……」%K%P
%LC陽菜
%LC陽菜
「っっ……！」%K%P
「っっ……！」%K%P
聞き間違いじゃなければ、\nオレの名前らしき寝言が聞こえた。%K%P
聞き間違いじゃなければ、\nオレの名前らしき寝言が聞こえた。%K%P
いったいどんな夢を見てるんだかわからないけど、\nとにかくこの体勢はハチャメチャマズい。%K%P
いったいどんな夢を見てるんだかわからないけど、\nとにかくこの体勢はハチャメチャマズい。%K%P
男特有の生理現象とおっぱいの相乗効果で、\nアソコがどんどん、ガチガチに――、%K%P
男特有の生理現象とおっぱいの相乗効果で、\nアソコがどんどん、ガチガチに――、%K%P
%LC依夜
%LC依夜
「ひぃなぁ……んふふっ」%K%P
「ひぃなぁ……んふふっ」%K%P
%LC陽菜
%LC陽菜
「ひんっ……！？」%K%P
「ひんっ……！？」%K%P
楽しそうな声を漏らしながら、\nぎゅっとしがみついてくる依夜様。%K%P
楽しそうな声を漏らしながら、\nぎゅっとしがみついてくる依夜様。%K%P
おっぱいが背中にぴったり密着し、\n両手がオレの身体を、すりすりなでなで――、%K%P
おっぱいが背中にぴったり密着し、\n両手がオレの身体を、すりすりなでなで――、%K%P
%LC陽菜
%LC陽菜
「あっ……ちょっ、だめ、そっちはっ……」%K%P
「あっ……ちょっ、だめ、そっちはっ……」%K%P
にぎにぎっ。%K%P
にぎにぎっ。%K%P
%LC陽菜
%LC陽菜
「んぅうッ……！」%K%P
「んぅうッ……！」%K%P
悲鳴と嬌声が混じり合う声を押し殺したら、\n自分でも驚くぐらい火照った息が漏れた。%K%P
悲鳴と嬌声が混じり合う声を押し殺したら、\n自分でも驚くぐらい火照った息が漏れた。%K%P
握られた。ってか、にぎにぎされてる。%K%P
握られた。ってか、にぎにぎされてる。%K%P
依夜様の手が、オレの朝勃ちクラージュを、\nねっとりじっくり、にぎにぎとっ……。%K%P
依夜様の手が、オレの朝勃ちクラージュを、\nねっとりじっくり、にぎにぎとっ……。%K%P
%LC陽菜
%LC陽菜
「い、依夜様、起きて――」%K%P
「い、依夜様、起きて――」%K%P
%LC依夜
%LC依夜
「ん……？　なぁ、に？　起きるの……？」%K%P
「ん……？　なぁ、に？　起きるの……？」%K%P
%LC陽菜
%LC陽菜
「あっ、やっぱだめ起きないでくださいっ、\n　起きちゃだめです起きちゃうからっ！」%K%P
「あっ、やっぱだめ起きないでくださいっ、\n　起きちゃだめです起きちゃうからっ！」%K%P
自分でもなに言ってるんだかわからないけど、\n息子が起きてるうちは依夜様を起こせない。%K%P
自分でもなに言ってるんだかわからないけど、\n息子が起きてるうちは依夜様を起こせない。%K%P
となったら依夜様が寝ぼけているうちに、\nこの布団から抜け出すしか――、%K%P
となったら依夜様が寝ぼけているうちに、\nこの布団から抜け出すしか――、%K%P
%LC依夜
%LC依夜
「起きちゃ、だめ……。んふっ、\n　なら、起こしちゃう……んふふっ」%K%P
「起きちゃ、だめ……。んふっ、\n　なら、起こしちゃう……んふふっ」%K%P
にぎにぎにぎっ。%K%P
にぎにぎにぎっ。%K%P
%LC陽菜
%LC陽菜
「ふにゃっ……？！　くあっ、はううっ」%K%P
「ふにゃっ……？！　くあっ、はううっ」%K%P
こっそり抜け出そうとした瞬間、\nぎゅむっと握られて、腰が砕けた。%K%P
こっそり抜け出そうとした瞬間、\nぎゅむっと握られて、腰が砕けた。%K%P
無理、もう無理。逃げられない。%K%P
無理、もう無理。逃げられない。%K%P
逃げられない今、真っ先にすべき事って、\nえっと、えっと、ええっと――、%K%P
逃げられない今、真っ先にすべき事って、\nえっと、えっと、ええっと――、%K%P
%LC陽菜
%LC陽菜
「お、おはよう、ございます……」%K%P
「お、おはよう、ございます……」%K%P
挨拶、大切。%K%P
挨拶、大切。%K%P
%LC依夜
%LC依夜
「ん……。おはよう、陽菜……」%K%P
「ん……。おはよう、陽菜……」%K%P
%LC依夜
%LC依夜
「……？　手に、固いものが……」%K%P
「……？　手に、固いものが……」%K%P
%LC陽菜
%LC陽菜
「ああっ……？！　依夜様だめ、困りますっ、\n　そんなにぎゅってしちゃっ……！」%K%P
「ああっ……？！　依夜様だめ、困りますっ、\n　そんなにぎゅってしちゃっ……！」%K%P
%LC依夜
%LC依夜
「あ……。そうね、ごめんなさい。\n　乱暴に扱ってしまってはダメよね」%K%P
「あ……。そうね、ごめんなさい。\n　乱暴に扱ってしまってはダメよね」%K%P
%LC依夜
%LC依夜
「これは、陽菜の大切なものだもの」%K%P
「これは、陽菜の大切なものだもの」%K%P
%LC陽菜
%LC陽菜
「いっ――」%K%P
「いっ――」%K%P
まさか、バレた……？　バレてるの……？%K%P
まさか、バレた……？　バレてるの……？%K%P
いやでも、まだ、もしかしたら――、%K%P
いやでも、まだ、もしかしたら――、%K%P
%LC依夜
%LC依夜
「夕べね、入浴を終えてここに戻ると、\n　すでに陽菜が、寝入っていて……」%K%P
「夕べね、入浴を終えてここに戻ると、\n　すでに陽菜が、寝入っていて……」%K%P
%LC依夜
%LC依夜
「そのとき、見てしまったの。\n　これを握りながら眠る、あなたの姿を」%K%P
「そのとき、見てしまったの。\n　これを握りながら眠る、あなたの姿を」%K%P
%LC陽菜
%LC陽菜
%XS21「に、握って寝てたんですかっ？　私っ」%XE%K%P
%XS21「に、握って寝てたんですかっ？　私っ」%XE%K%P
%LC依夜
%LC依夜
「そうよ。とても大切そうに」%K%P
「そうよ。とても大切そうに」%K%P
%LC依夜
%LC依夜
「それで、このままではいけないと思って。\n　抜いてあげようと思ったのだけど――」%K%P
「それで、このままではいけないと思って。\n　抜いてあげようと思ったのだけど――」%K%P
%LC陽菜
%LC陽菜
「イケなくてヌくって……うそっ、\n　依夜様、ヌこうとしたんですかっ……？！」%K%P
「イケなくてヌくって……うそっ、\n　依夜様、ヌこうとしたんですかっ……？！」%K%P
%LC依夜
%LC依夜
「うん。でも、私の手では抜けなくて」%K%P
「うん。でも、私の手では抜けなくて」%K%P
ヤバい、なんかすごいこと言われてる。%K%P
ヤバい、なんかすごいこと言われてる。%K%P
あの依夜様が、オレの勃起した息子を、\n自らの手でヌいてくれようとしたなんて――、%K%P
あの依夜様が、オレの勃起した息子を、\n自らの手でヌいてくれようとしたなんて――、%K%P
%LC依夜
%LC依夜
「ともかく、ごめんなさい。\n　勝手にあなたのものを握ってしまって」%K%P
「ともかく、ごめんなさい。\n　勝手にあなたのものを握ってしまって」%K%P
%LC陽菜
%LC陽菜
「いっ、いえっ、依夜様は\n　ぜんぜん悪くない、というか……」%K%P
「いっ、いえっ、依夜様は\n　ぜんぜん悪くない、というか……」%K%P
%LC陽菜
%LC陽菜
「悪いのは握ったまま寝ちゃってた、\n　私のほう、と言うか……」%K%P
「悪いのは握ったまま寝ちゃってた、\n　私のほう、と言うか……」%K%P
――ダメだ、なんて言えばいいかわからない。%K%P
――ダメだ、なんて言えばいいかわからない。%K%P
%LC依夜
%LC依夜
「陽菜」%K%P
「陽菜」%K%P
どうしよう、どうしようどうしよう。%K%P
どうしよう、どうしようどうしよう。%K%P
どうすればいい？　どうするのが最善？%K%P
どうすればいい？　どうするのが最善？%K%P
%LC依夜
%LC依夜
「陽菜」%K%P
「陽菜」%K%P
まずは事情を話すべき？%K%P
まずは事情を話すべき？%K%P
それとも、知らぬ存ぜぬで押し通す？%K%P
それとも、知らぬ存ぜぬで押し通す？%K%P
あるいは、目が覚めたら、\nなんか勝手に生えちゃってました的な――、%K%P
あるいは、目が覚めたら、\nなんか勝手に生えちゃってました的な――、%K%P
%LC依夜
%LC依夜
「陽菜っ」%K%P
「陽菜っ」%K%P
%LC陽菜
%LC陽菜
「は、はいっ。なんですか？」%K%P
「は、はいっ。なんですか？」%K%P
%LC依夜
%LC依夜
「陽菜、朝はいつもどうしているの？」%K%P
「陽菜、朝はいつもどうしているの？」%K%P
%LC陽菜
%LC陽菜
「えっと、なにを……？」%K%P
「えっと、なにを……？」%K%P
%LC依夜
%LC依夜
「朝食。ご飯？　それとも、パン？」%K%P
「朝食。ご飯？　それとも、パン？」%K%P
%LC陽菜
%LC陽菜
「ああ……。それなら、どちらでも」%K%P
「ああ……。それなら、どちらでも」%K%P
%LC依夜
%LC依夜
「そう。なら、パンにするわ」%K%P
「そう。なら、パンにするわ」%K%P
%LC依夜
%LC依夜
「陽菜がどちらでも大丈夫なように、\n　パンも買っておいたの」%K%P
「陽菜がどちらでも大丈夫なように、\n　パンも買っておいたの」%K%P
%LC依夜
%LC依夜
「私、先に行って支度しておくから。\n　あなたはゆっくり起きてきて」%K%P
「私、先に行って支度しておくから。\n　あなたはゆっくり起きてきて」%K%P
%LC陽菜
%LC陽菜
「あっ……」%K%P
「あっ……」%K%P
布団からするりと抜け出すと、\n依夜様は広間から出て行ってしまった。%K%P
布団からするりと抜け出すと、\n依夜様は広間から出て行ってしまった。%K%P
追いかけなきゃ――そう思って身体を起こすと、\n腰のあたりに、妙に固い感触が。%K%P
追いかけなきゃ――そう思って身体を起こすと、\n腰のあたりに、妙に固い感触が。%K%P
なんだろうと思って布団をめくってみると、\nそこには、本物のクラージュがあった。%K%P
なんだろうと思って布団をめくってみると、\nそこには、本物のクラージュがあった。%K%P
%LC陽菜
%LC陽菜
「そっか……。夕べ、あのあと――」%K%P
「そっか……。夕べ、あのあと――」%K%P
湯上がり依夜様の妄想を振り払おうと、\n荷物からクラージュを出してきて、素振りをして。%K%P
湯上がり依夜様の妄想を振り払おうと、\n荷物からクラージュを出してきて、素振りをして。%K%P
たぶん、そのまま寝落ちしちゃったんだろう。%K%P
たぶん、そのまま寝落ちしちゃったんだろう。%K%P
%LC陽菜
%LC陽菜
「……バレちゃった」%K%P
「……バレちゃった」%K%P
声に出してみたら、少しだけど落ち着いた。%K%P
声に出してみたら、少しだけど落ち着いた。%K%P
いつまでも動転してたって仕方がない……けど、\nよりにもよって、こんな日にバレてしまうなんて。%K%P
いつまでも動転してたって仕方がない……けど、\nよりにもよって、こんな日にバレてしまうなんて。%K%P
今日は、トーナメント初戦――、\n杏奈ちゃんたちとの、大切な試合があるのに。%K%P
今日は、トーナメント初戦――、\n杏奈ちゃんたちとの、大切な試合があるのに。%K%P
朝食を食べる間、依夜様はほんの少し、\nそわそわしているように見えた。%K%P
朝食を食べる間、依夜様はほんの少し、\nそわそわしているように見えた。%K%P
オレが女装している男だと知ったわけだし、\n多少の動揺は当然だと思う。%K%P
オレが女装している男だと知ったわけだし、\n多少の動揺は当然だと思う。%K%P
けど、それだけ。%K%P
けど、それだけ。%K%P
女装を糾弾するようなこともなければ、\n理由や事情を問いただすこともなくて。%K%P
女装を糾弾するようなこともなければ、\n理由や事情を問いただすこともなくて。%K%P
だから、こちらからも、なにも言えなくて。%K%P
だから、こちらからも、なにも言えなくて。%K%P
なんとも宙ぶらりんな状態のまま、\nオレは依夜様とともに、学園へ向かった。%K%P
なんとも宙ぶらりんな状態のまま、\nオレは依夜様とともに、学園へ向かった。%K%P
%LC依夜
%LC依夜
「予定より、早くついてしまったわね」%K%P
「予定より、早くついてしまったわね」%K%P
%LC陽菜
%LC陽菜
「そう、ですね」%K%P
「そう、ですね」%K%P
%LC依夜
%LC依夜
「始業時間まで、まだあるし……。\n　よければ少し、散策しましょう？」%K%P
「始業時間まで、まだあるし……。\n　よければ少し、散策しましょう？」%K%P
校舎脇を通り、中庭へ向かう依夜様の\n少し後ろを歩きながら、あれこれ考える。%K%P
校舎脇を通り、中庭へ向かう依夜様の\n少し後ろを歩きながら、あれこれ考える。%K%P
通学途中も、学園についてからも、\n依夜様の様子は朝とほとんど同じだった。%K%P
通学途中も、学園についてからも、\n依夜様の様子は朝とほとんど同じだった。%K%P
正直、今朝のあれは夢だったのかもって、\nそう思ってしまいたくなるぐらいに何事もなくて。%K%P
正直、今朝のあれは夢だったのかもって、\nそう思ってしまいたくなるぐらいに何事もなくて。%K%P
でも、ペニスに絡みついた指の感触は、\n間違いなく現実のもので。%K%P
でも、ペニスに絡みついた指の感触は、\n間違いなく現実のもので。%K%P
だからこそ、ますますわからなくなる。%K%P
だからこそ、ますますわからなくなる。%K%P
勃起した男性器を握って全然動じないし、\n女装に関しても、まったく言及してこないし。%K%P
勃起した男性器を握って全然動じないし、\n女装に関しても、まったく言及してこないし。%K%P
依夜様、なにを考えているんだろう。%K%P
依夜様、なにを考えているんだろう。%K%P
%LC依夜
%LC依夜
「ところで、陽菜。\n　大切な話があるのだけれど」%K%P
「ところで、陽菜。\n　大切な話があるのだけれど」%K%P
%LC依夜
%LC依夜
「今朝のこと――と言えば、わかる？」%K%P
「今朝のこと――と言えば、わかる？」%K%P
%LC陽菜
%LC陽菜
「はっ、はいっ」%K%P
「はっ、はいっ」%K%P
うわっ、急にきたっ……！？%K%P
うわっ、急にきたっ……！？%K%P
よし、こういう場合はなによりもまず、\n自分のした行いを潔く認めて――、%K%P
よし、こういう場合はなによりもまず、\n自分のした行いを潔く認めて――、%K%P
%LC依夜
%LC依夜
「陽菜が目覚めたとき、私、\n　あなたに抱きついていたでしょう？」%K%P
「陽菜が目覚めたとき、私、\n　あなたに抱きついていたでしょう？」%K%P
%LC依夜
%LC依夜
「それを、許してほしいの」%K%P
「それを、許してほしいの」%K%P
%LC陽菜
%LC陽菜
「……へ？」%K%P
「……へ？」%K%P
そっち……？　女装のことじゃ、なくて……？%K%P
そっち……？　女装のことじゃ、なくて……？%K%P
%LC依夜
%LC依夜
「お願い、陽菜」%K%P
「お願い、陽菜」%K%P
%LC陽菜
%LC陽菜
「それは……もちろん、かまいませんけど」%K%P
「それは……もちろん、かまいませんけど」%K%P
%LC依夜
%LC依夜
「そう……。よかった……」%K%P
「そう……。よかった……」%K%P
頷くと、大きく息を吐き出す依夜様。%K%P
頷くと、大きく息を吐き出す依夜様。%K%P
一瞬、からかわれてるのかなって思ったけど、\n表情や仕草に、そういった気配は一切ない。%K%P
一瞬、からかわれてるのかなって思ったけど、\n表情や仕草に、そういった気配は一切ない。%K%P
むしろ、心底安心している感じだ。%K%P
むしろ、心底安心している感じだ。%K%P
%LC陽菜
%LC陽菜
「あの……お話って、これだけですか？」%K%P
「あの……お話って、これだけですか？」%K%P
%LC依夜
%LC依夜
「うん、これだけよ」%K%P
「うん、これだけよ」%K%P
%LC陽菜
%LC陽菜
「でも、すごく深刻な雰囲気でしたし……」%K%P
「でも、すごく深刻な雰囲気でしたし……」%K%P
%LC依夜
%LC依夜
「深刻にもなるわ。\n　私にとっては一大事だもの」%K%P
「深刻にもなるわ。\n　私にとっては一大事だもの」%K%P
%LC陽菜
%LC陽菜
「寝ぼけて抱きつくぐらい、\n　誰にでもあると思いますけど」%K%P
「寝ぼけて抱きつくぐらい、\n　誰にでもあると思いますけど」%K%P
%LC依夜
%LC依夜
「違うの、陽菜。\n　あれは寝ぼけていたからじゃないの」%K%P
「違うの、陽菜。\n　あれは寝ぼけていたからじゃないの」%K%P
%LC依夜
%LC依夜
「私は自分から、\n　あなたに抱きついて寝ていたの」%K%P
「私は自分から、\n　あなたに抱きついて寝ていたの」%K%P
%LC陽菜
%LC陽菜
「え……？」%K%P
「え……？」%K%P
自分から抱きついて寝たって……え、でも、\nオレの股間を見たのは、昨晩だって――、%K%P
自分から抱きついて寝たって……え、でも、\nオレの股間を見たのは、昨晩だって――、%K%P
つまり、こっちが男だとわかってて、その上で、\n依夜様は抱きついて寝たってことっ……？%K%P
つまり、こっちが男だとわかってて、その上で、\n依夜様は抱きついて寝たってことっ……？%K%P
%LC陽菜
%LC陽菜
「なんで、そんなこと――」%K%P
「なんで、そんなこと――」%K%P
%LC依夜
%LC依夜
「それは、その……」%K%P
「それは、その……」%K%P
%LC依夜
%LC依夜
「……これは、誰にも言ったことのない秘密で。\n　陽菜にだから、言うのだけれど――」%K%P
「……これは、誰にも言ったことのない秘密で。\n　陽菜にだから、言うのだけれど――」%K%P
%LC依夜
%LC依夜
「私、大きなぬいぐるみを持っていて。\n　毎晩、それを抱っこして寝ているの」%K%P
「私、大きなぬいぐるみを持っていて。\n　毎晩、それを抱っこして寝ているの」%K%P
%LC陽菜
%LC陽菜
「ぬいぐるみを、抱っこ……？」%K%P
「ぬいぐるみを、抱っこ……？」%K%P
%LC依夜
%LC依夜
「うん……。夕べ、あなたに抱きついたのは、\n　すごく抱き心地がよさそうで、それで……」%K%P
「うん……。夕べ、あなたに抱きついたのは、\n　すごく抱き心地がよさそうで、それで……」%K%P
%LC依夜
%LC依夜
「その誘惑に、負けてしまったせいで……」%K%P
「その誘惑に、負けてしまったせいで……」%K%P
%LC陽菜
%LC陽菜
「だから、抱きついたことを許してほしい？」%K%P
「だから、抱きついたことを許してほしい？」%K%P
%LC依夜
%LC依夜
「……ぅん」%K%P
「……ぅん」%K%P
小さく、こくんと頷く。%K%P
小さく、こくんと頷く。%K%P
こんなに照れてる依夜様、初めて見る。%K%P
こんなに照れてる依夜様、初めて見る。%K%P
%LC陽菜
%LC陽菜
「でも、それなら起きたとき、\n　すぐに言ってくれれば」%K%P
「でも、それなら起きたとき、\n　すぐに言ってくれれば」%K%P
%LC依夜
%LC依夜
「私、寝起きはわりとぼんやりするから。\n　起きたときは、全然わかっていなくて」%K%P
「私、寝起きはわりとぼんやりするから。\n　起きたときは、全然わかっていなくて」%K%P
%LC依夜
%LC依夜
「そのあと、朝食の支度をしながら気付いたの。\n　そういえば抱きついて寝てしまったって」%K%P
「そのあと、朝食の支度をしながら気付いたの。\n　そういえば抱きついて寝てしまったって」%K%P
%LC依夜
%LC依夜
「だから、本当はもっと、\n　早く言うつもりだったのだけど……」%K%P
「だから、本当はもっと、\n　早く言うつもりだったのだけど……」%K%P
%LC依夜
%LC依夜
「父がいる前では、切り出せないし。\n　人目があるところでも、話せないし」%K%P
「父がいる前では、切り出せないし。\n　人目があるところでも、話せないし」%K%P
%LC依夜
%LC依夜
「その点、この時間の中庭なら、\n　人がいることは滅多にないから」%K%P
「その点、この時間の中庭なら、\n　人がいることは滅多にないから」%K%P
つまり、依夜様がずっとそわそわしてたのは、\nこの話を切り出すタイミングを計ってたってこと？%K%P
つまり、依夜様がずっとそわそわしてたのは、\nこの話を切り出すタイミングを計ってたってこと？%K%P
オレの女装よりも、今の話のほうが、\n依夜様にとっては重要度が高いってこと？%K%P
オレの女装よりも、今の話のほうが、\n依夜様にとっては重要度が高いってこと？%K%P
まさか、そんな……。%K%P
まさか、そんな……。%K%P
いや、でも、そうとしか――、%K%P
いや、でも、そうとしか――、%K%P
%LC陽菜
%LC陽菜
「……あの、依夜様。私もひとつ、\n　お願いしてもいいですか？」%K%P
「……あの、依夜様。私もひとつ、\n　お願いしてもいいですか？」%K%P
%LC依夜
%LC依夜
「なに？」%K%P
「なに？」%K%P
%LC陽菜
%LC陽菜
「アレのこと、\n　秘密にしておいて欲しいんです」%K%P
「アレのこと、\n　秘密にしておいて欲しいんです」%K%P
%LC依夜
%LC依夜
「陽菜の、アレ？」%K%P
「陽菜の、アレ？」%K%P
%LC陽菜
%LC陽菜
「依夜様が今朝、私に抱きついたとき、\n　寝ぼけて握ってしまった――」%K%P
「依夜様が今朝、私に抱きついたとき、\n　寝ぼけて握ってしまった――」%K%P
%LC依夜
%LC依夜
「ああ……。わかったわ。\n　アレのこと、内緒すればいいのね」%K%P
「ああ……。わかったわ。\n　アレのこと、内緒すればいいのね」%K%P
%LC依夜
%LC依夜
「私としては、\n　隠す必要はないと思うけれど――」%K%P
「私としては、\n　隠す必要はないと思うけれど――」%K%P
%LC陽菜
%LC陽菜
「必要大アリですっ。みんなに知られたら\n　大変なことになっちゃうじゃないですかっ」%K%P
「必要大アリですっ。みんなに知られたら\n　大変なことになっちゃうじゃないですかっ」%K%P
%LC依夜
%LC依夜
「そうなの？」%K%P
「そうなの？」%K%P
%LC陽菜
%LC陽菜
%XS21「そうですっ！」%XE%K%P
%XS21「そうですっ！」%XE%K%P
きょとんと首を傾げられ、すかさず突っ込む。%K%P
きょとんと首を傾げられ、すかさず突っ込む。%K%P
%LC陽菜
%LC陽菜
「そもそも依夜様は、どうしてそんなに\n　落ち着いてられるんですか？」%K%P
「そもそも依夜様は、どうしてそんなに\n　落ち着いてられるんですか？」%K%P
%LC陽菜
%LC陽菜
「普通はもっと、リアクションというか、\n　反応があると思うんですけどっ……」%K%P
「普通はもっと、リアクションというか、\n　反応があると思うんですけどっ……」%K%P
%LC陽菜
%LC陽菜
「まさか……ひょっとしてすでに、\n　似たような経験があったり、とか……」%K%P
「まさか……ひょっとしてすでに、\n　似たような経験があったり、とか……」%K%P
%LC依夜
%LC依夜
「他の人のを握った経験、ということ？」%K%P
「他の人のを握った経験、ということ？」%K%P
%LC陽菜
%LC陽菜
「えっ、ええ、まあ……」%K%P
「えっ、ええ、まあ……」%K%P
うぅ……きょとんとしたかと思えば、\nずばり核心ついてきたりで、緩急がえぐい。%K%P
うぅ……きょとんとしたかと思えば、\nずばり核心ついてきたりで、緩急がえぐい。%K%P
%LC依夜
%LC依夜
「それならないわ。陽菜が初めて」%K%P
「それならないわ。陽菜が初めて」%K%P
%LC陽菜
%LC陽菜
「ん……」%K%P
「ん……」%K%P
照れなく言われて、言葉に詰まる。%K%P
照れなく言われて、言葉に詰まる。%K%P
%LC依夜
%LC依夜
「でも、こうして話していたら、\n　夕べのことを思い出してきたのだけど――」%K%P
「でも、こうして話していたら、\n　夕べのことを思い出してきたのだけど――」%K%P
%LC依夜
%LC依夜
「陽菜って、すごく大切にしているのね」%K%P
「陽菜って、すごく大切にしているのね」%K%P
%LC陽菜
%LC陽菜
「なっ、なんのことですか？」%K%P
「なっ、なんのことですか？」%K%P
%LC依夜
%LC依夜
「もちろん、自分のものを、よ」%K%P
「もちろん、自分のものを、よ」%K%P
%LC依夜
%LC依夜
「一目見ただけでわかったもの。\n　とても丁寧に扱っているんだって」%K%P
「一目見ただけでわかったもの。\n　とても丁寧に扱っているんだって」%K%P
%LC陽菜
%LC陽菜
「んッ……」%K%P
「んッ……」%K%P
依夜様の言葉で、玉袋がきゅっとなる。%K%P
依夜様の言葉で、玉袋がきゅっとなる。%K%P
確かに夕べはお泊まりの緊張もあって、\nお風呂で念入りに洗っちゃったけどもっ……！%K%P
確かに夕べはお泊まりの緊張もあって、\nお風呂で念入りに洗っちゃったけどもっ……！%K%P
って、それを知ってるってことは、\n依夜様ってばオレの服を脱がしたのっ……！？%K%P
って、それを知ってるってことは、\n依夜様ってばオレの服を脱がしたのっ……！？%K%P
%LC依夜
%LC依夜
「ねえ、陽菜。よければ今度あらためて、\n　さわらせてもらってもいい？」%K%P
「ねえ、陽菜。よければ今度あらためて、\n　さわらせてもらってもいい？」%K%P
%LC陽菜
%LC陽菜
「さわるって……私のを、ですかっ？」%K%P
「さわるって……私のを、ですかっ？」%K%P
%LC依夜
%LC依夜
「うん。今度はちゃんと、握ってみたい」%K%P
「うん。今度はちゃんと、握ってみたい」%K%P
%LC陽菜
%LC陽菜
「まっ、待ってくださいっ。そういったことは、\n　大切な人とすべきというかっ……」%K%P
「まっ、待ってくださいっ。そういったことは、\n　大切な人とすべきというかっ……」%K%P
%LC依夜
%LC依夜
「私、陽菜のこと、大切よ？」%K%P
「私、陽菜のこと、大切よ？」%K%P
えっ……えええっ？　この流れで、\nそんなにあっさり言えちゃうのっ……！？%K%P
えっ……えええっ？　この流れで、\nそんなにあっさり言えちゃうのっ……！？%K%P
%LC陽菜
%LC陽菜
「でっ……でも、やっぱりほら、握るのは、\n　もっと親密になってからすべきかとっ……」%K%P
「でっ……でも、やっぱりほら、握るのは、\n　もっと親密になってからすべきかとっ……」%K%P
%LC陽菜
%LC陽菜
「今朝のアレはあくまで事故というか、\n　アクシデントみたいなものですしっ……！」%K%P
「今朝のアレはあくまで事故というか、\n　アクシデントみたいなものですしっ……！」%K%P
%LC依夜
%LC依夜
「なら、今日の初戦を突破できたら、\n　そのご褒美として、さわらせてくれる？」%K%P
「なら、今日の初戦を突破できたら、\n　そのご褒美として、さわらせてくれる？」%K%P
%LC陽菜
%LC陽菜
「ご、ご褒美っ？　私のがっ？」%K%P
「ご、ご褒美っ？　私のがっ？」%K%P
%LC依夜
%LC依夜
「一種の願掛けみたいなもの。\n　ね？　それなら、どう？」%K%P
「一種の願掛けみたいなもの。\n　ね？　それなら、どう？」%K%P
%LC陽菜
%LC陽菜
「でっ、でも、私のはご褒美になるような、\n　そんな大層なものじゃ……」%K%P
「でっ、でも、私のはご褒美になるような、\n　そんな大層なものじゃ……」%K%P
%LC依夜
%LC依夜
「お願い、陽菜」%K%P
「お願い、陽菜」%K%P
なんか、会話の流れが二転三転するたび、\nどんどんとんでもないことになっていってる。%K%P
なんか、会話の流れが二転三転するたび、\nどんどんとんでもないことになっていってる。%K%P
ペニスがご褒美って、どういうこと……！？%K%P
ペニスがご褒美って、どういうこと……！？%K%P
%LC陽菜
%LC陽菜
「……依夜様のお願いでも、\n　さすがにそれは、ちょっと……」%K%P
「……依夜様のお願いでも、\n　さすがにそれは、ちょっと……」%K%P
%LC依夜
%LC依夜
「ん……。そうよね、ごめんなさい」%K%P
「ん……。そうよね、ごめんなさい」%K%P
ほっ……。よかった……。%K%P
ほっ……。よかった……。%K%P
%LC依夜
%LC依夜
「私だけお願いだなんて、\n　そんなのは不公平だものね」%K%P
「私だけお願いだなんて、\n　そんなのは不公平だものね」%K%P
%LC依夜
%LC依夜
「なら、同じ条件にしましょう？\n　それなら陽菜もかまわないでしょう？」%K%P
「なら、同じ条件にしましょう？\n　それなら陽菜もかまわないでしょう？」%K%P
%LC陽菜
%LC陽菜
「へ……？　同じって、まさか――」%K%P
「へ……？　同じって、まさか――」%K%P
%LC依夜
%LC依夜
「お互いにさわりあうってこと。\n　陽菜も、私のに興味があるでしょう？」%K%P
「お互いにさわりあうってこと。\n　陽菜も、私のに興味があるでしょう？」%K%P
%LC陽菜
%LC陽菜
「依夜様の――」%K%P
「依夜様の――」%K%P
興味のあるなしで言えば、\nもちろんあるに決まってる。%K%P
興味のあるなしで言えば、\nもちろんあるに決まってる。%K%P
決まってるけど……でも、\nこんな形で、依夜様にふれるのは。%K%P
決まってるけど……でも、\nこんな形で、依夜様にふれるのは。%K%P
大切な人にふれるのは、\nなんか、間違っているような――、%K%P
大切な人にふれるのは、\nなんか、間違っているような――、%K%P
%LCクレール
%LCクレール
「依夜ちゃん陽菜ちゃん発見っ」%K%P
「依夜ちゃん陽菜ちゃん発見っ」%K%P
%LC陽菜
%LC陽菜
「くっ、クレール様っ……？！」%K%P
「くっ、クレール様っ……？！」%K%P
%LC杏奈
%LC杏奈
「私もいるよー？」%K%P
「私もいるよー？」%K%P
%LC依夜
%LC依夜
「ごきげんよう。杏奈、クレール」%K%P
「ごきげんよう。杏奈、クレール」%K%P
今日もいきなり現れたクレール様と、\nその後ろから、ぴょこっと顔を出す杏奈ちゃん。%K%P
今日もいきなり現れたクレール様と、\nその後ろから、ぴょこっと顔を出す杏奈ちゃん。%K%P
依夜様との会話が中断されて、\n安心したような、残念だったような。%K%P
依夜様との会話が中断されて、\n安心したような、残念だったような。%K%P
%LC杏奈
%LC杏奈
「陽菜ちゃんたち、\n　これからトレーニングルーム？」%K%P
「陽菜ちゃんたち、\n　これからトレーニングルーム？」%K%P
%LC陽菜
%LC陽菜
「違うよ。ちょっと散歩してただけ。\n　予定より早く学園についちゃったから」%K%P
「違うよ。ちょっと散歩してただけ。\n　予定より早く学園についちゃったから」%K%P
%LC陽菜
%LC陽菜
「そういう杏奈ちゃんたちは？」%K%P
「そういう杏奈ちゃんたちは？」%K%P
%LC杏奈
%LC杏奈
「私たちもぶらぶらっと散歩。\n　朝食、ちょっと多く食べ過ぎちゃって」%K%P
「私たちもぶらぶらっと散歩。\n　朝食、ちょっと多く食べ過ぎちゃって」%K%P
%LCクレール
%LCクレール
「腹ごなしも兼ねて、\n　軽めの運動ってところね」%K%P
「腹ごなしも兼ねて、\n　軽めの運動ってところね」%K%P
%LCクレール
%LCクレール
「それで？　どうだったの？\n　依夜ちゃんちでのお泊まりは」%K%P
「それで？　どうだったの？\n　依夜ちゃんちでのお泊まりは」%K%P
問われて、あらためて思い返す。%K%P
問われて、あらためて思い返す。%K%P
神社について早々、トラブルがあって、\n代役として神楽を舞うことになって。%K%P
神社について早々、トラブルがあって、\n代役として神楽を舞うことになって。%K%P
{舞闘:カデンツァ}の練習は出来なかったし、\n今朝なんて、もっと大変なことがあったけれど。%K%P
{舞闘:カデンツァ}の練習は出来なかったし、\n今朝なんて、もっと大変なことがあったけれど。%K%P
学園の外――{騎士:ワルキュリア}ではない、\n普段の依夜様を知ることが出来たのは嬉しかった。%K%P
学園の外――{騎士:ワルキュリア}ではない、\n普段の依夜様を知ることが出来たのは嬉しかった。%K%P
けど、なにより大きな収穫は――、%K%P
けど、なにより大きな収穫は――、%K%P
%LC依夜
%LC依夜
「お泊まりの成果は、\n　放課後、テアトルで披露するわ」%K%P
「お泊まりの成果は、\n　放課後、テアトルで披露するわ」%K%P
%LC依夜
%LC依夜
「ね？　陽菜」%K%P
「ね？　陽菜」%K%P
%LC陽菜
%LC陽菜
「はい」%K%P
「はい」%K%P
隣に立つ依夜様の頼もしさを、肌で感じる。%K%P
隣に立つ依夜様の頼もしさを、肌で感じる。%K%P
神楽の手ほどきを受けていたときに感じた、\n呼吸が重なり、ひとつになっていく感覚――。%K%P
神楽の手ほどきを受けていたときに感じた、\n呼吸が重なり、ひとつになっていく感覚――。%K%P
依夜様もきっと、それに気付いているはずだ。%K%P
依夜様もきっと、それに気付いているはずだ。%K%P
放課後――試合前、テアトルの控え室。%K%P
放課後――試合前、テアトルの控え室。%K%P
フィエルテに着替えた依夜様は、\nオレの右手を、そっと両手で包み込んだ。%K%P
フィエルテに着替えた依夜様は、\nオレの右手を、そっと両手で包み込んだ。%K%P
%LC依夜
%LC依夜
「私は、思ったことを口に出すのが苦手で。\n　合同練習では、あなたに迷惑をかけてしまって」%K%P
「私は、思ったことを口に出すのが苦手で。\n　合同練習では、あなたに迷惑をかけてしまって」%K%P
%LC依夜
%LC依夜
「だから、この１週間で変わろうと思ったの。\n　もっと積極的になろうって」%K%P
「だから、この１週間で変わろうと思ったの。\n　もっと積極的になろうって」%K%P
%LC依夜
%LC依夜
「でも、それは私には、難しくて。\n　空回りすることも、多くて……」%K%P
「でも、それは私には、難しくて。\n　空回りすることも、多くて……」%K%P
%LC依夜
%LC依夜
「そんなとき、神楽が教えてくれた。\n　あなたと心を通わせる方法を」%K%P
「そんなとき、神楽が教えてくれた。\n　あなたと心を通わせる方法を」%K%P
%LC依夜
%LC依夜
「思っていることを言葉にしなくても、\n　伝えるためには、どうすればいいのかを」%K%P
「思っていることを言葉にしなくても、\n　伝えるためには、どうすればいいのかを」%K%P
%LC依夜
%LC依夜
「もちろん、自分の考えを言葉にして、\n　こうして話すことも大切なのはわかってる」%K%P
「もちろん、自分の考えを言葉にして、\n　こうして話すことも大切なのはわかってる」%K%P
%LC依夜
%LC依夜
「でも、他でもない、陽菜となら。\n　大切な、あなたとなら――」%K%P
「でも、他でもない、陽菜となら。\n　大切な、あなたとなら――」%K%P
%LC依夜
%LC依夜
「心と心を重ねることが、出来ると思う」%K%P
「心と心を重ねることが、出来ると思う」%K%P
%LC陽菜
%LC陽菜
「私も依夜様となら、\n　心を重ねられると思います」%K%P
「私も依夜様となら、\n　心を重ねられると思います」%K%P
%LC陽菜
%LC陽菜
「だからこそ、そのためにひとつ、\n　お願いしたいことがあるんです」%K%P
「だからこそ、そのためにひとつ、\n　お願いしたいことがあるんです」%K%P
%LC陽菜
%LC陽菜
「私たちにしか出来ないことを、しませんか」%K%P
「私たちにしか出来ないことを、しませんか」%K%P
客席を埋め尽くす女の子たちが、\n今か今かと、開始の時を待ちわびる。%K%P
客席を埋め尽くす女の子たちが、\n今か今かと、開始の時を待ちわびる。%K%P
聞こえてくるざわめきが、これから始まる\n試合に対する期待の大きさを物語っていた。%K%P
聞こえてくるざわめきが、これから始まる\n試合に対する期待の大きさを物語っていた。%K%P
%LC宗千佳
%LC宗千佳
「これより{連弾:デュオ}{舞闘:カデンツァ}トーナメント、\n　第１試合を始める」%K%P
「これより{連弾:デュオ}{舞闘:カデンツァ}トーナメント、\n　第１試合を始める」%K%P
%LC宗千佳
%LC宗千佳
「依夜、陽菜。準備はいいか？」%K%P
「依夜、陽菜。準備はいいか？」%K%P
%LC陽菜・依夜
%LC陽菜・依夜
「はいっ」%K%P
「はいっ」%K%P
%LC宗千佳
%LC宗千佳
「クレール、杏奈。準備はいいか？」%K%P
「クレール、杏奈。準備はいいか？」%K%P
%LC杏奈・クレール
%LC杏奈・クレール
「はいっ」%K%P
「はいっ」%K%P
%LC宗千佳
%LC宗千佳
「では……全員、クラージュ起動」%K%P
「では……全員、クラージュ起動」%K%P
%LC全員
%LC全員
「アン・ガルド！」%K%P
「アン・ガルド！」%K%P
全員の声が揃い、光がオレたちを包み込む。%K%P
全員の声が揃い、光がオレたちを包み込む。%K%P
アン・ガルド――剣と鎧を迎える刹那の高揚感は、\n何度経験しても、まったく色褪せない。%K%P
アン・ガルド――剣と鎧を迎える刹那の高揚感は、\n何度経験しても、まったく色褪せない。%K%P
観客の視線が、{騎士:ワルキュリア}の胸元に集まる。%K%P
観客の視線が、{騎士:ワルキュリア}の胸元に集まる。%K%P
飾緒があるかどうかによって、プリモを務めるのが\n誰なのか、この瞬間に明らかになるからだ。%K%P
飾緒があるかどうかによって、プリモを務めるのが\n誰なのか、この瞬間に明らかになるからだ。%K%P
%LC客席Ａ
%LC客席Ａ
「陽菜ちゃんたちはぁ……、\n　おおっ、依夜様がプリモだっ」%K%P
「陽菜ちゃんたちはぁ……、\n　おおっ、依夜様がプリモだっ」%K%P
%LC客席Ｂ
%LC客席Ｂ
「依夜様、飾緒がとてもお似合いです」%K%P
「依夜様、飾緒がとてもお似合いです」%K%P
%LC客席Ｃ
%LC客席Ｃ
「で、杏奈ちゃんたちは……、\n　わはっ、こっちはクレール様っ！」%K%P
「で、杏奈ちゃんたちは……、\n　わはっ、こっちはクレール様っ！」%K%P
%LC客席Ｄ
%LC客席Ｄ
「依夜様対クレール様ってことは……、\n　テスト{舞闘:カデンツァ}の激闘、再びっ！？」%K%P
「依夜様対クレール様ってことは……、\n　テスト{舞闘:カデンツァ}の激闘、再びっ！？」%K%P
銀蘭とアリアンロッド――二人の{最優秀騎士:ブリランテ}の\n胸に飾られた飾緒に、客席から歓声があげる。%K%P
銀蘭とアリアンロッド――二人の{最優秀騎士:ブリランテ}の\n胸に飾られた飾緒に、客席から歓声があげる。%K%P
%LC陽菜
%LC陽菜
「依夜様もクレール様も、\n　飾緒、よく似合ってます」%K%P
「依夜様もクレール様も、\n　飾緒、よく似合ってます」%K%P
%LC依夜
%LC依夜
「ありがとう、陽菜」%K%P
「ありがとう、陽菜」%K%P
%LCクレール
%LCクレール
「なら、斬っちゃダメよ？」%K%P
「なら、斬っちゃダメよ？」%K%P
%LC陽菜
%LC陽菜
「そういうわけにはいきません」%K%P
「そういうわけにはいきません」%K%P
%LC杏奈
%LC杏奈
「そうです。依夜様、お覚悟を」%K%P
「そうです。依夜様、お覚悟を」%K%P
こういう場面では尻込みしちゃうことも多い\n杏奈ちゃんだけど、今日は緊張した様子はない。%K%P
こういう場面では尻込みしちゃうことも多い\n杏奈ちゃんだけど、今日は緊張した様子はない。%K%P
それはきっと、クレール様のおかげだ。%K%P
それはきっと、クレール様のおかげだ。%K%P
もともと杏奈ちゃんにあった伸びしろを、\nクレール様が鍛えたに違いない。%K%P
もともと杏奈ちゃんにあった伸びしろを、\nクレール様が鍛えたに違いない。%K%P
杏奈ちゃんがどんなふうに戦うのか、\n気になるところではあるんだけど――、%K%P
杏奈ちゃんがどんなふうに戦うのか、\n気になるところではあるんだけど――、%K%P
なにより優先すべきは、依夜様と勝つことだ。%K%P
なにより優先すべきは、依夜様と勝つことだ。%K%P
%LC宗千佳
%LC宗千佳
「では、これより{舞闘:カデンツァ}を始める」%K%P
「では、これより{舞闘:カデンツァ}を始める」%K%P
%LC宗千佳
%LC宗千佳
「全員、中央へ」%K%P
「全員、中央へ」%K%P
%LC全員
%LC全員
「はいっ！」%K%P
「はいっ！」%K%P
姉さんの声で、揃って舞台の中央へ。%K%P
姉さんの声で、揃って舞台の中央へ。%K%P
ホールはしんと静まり返って……でも、\nほどよい緊張感に、身も心も高揚していく。%K%P
ホールはしんと静まり返って……でも、\nほどよい緊張感に、身も心も高揚していく。%K%P
この感覚、昨日の神楽にそっくりだ。%K%P
この感覚、昨日の神楽にそっくりだ。%K%P
%LC宗千佳
%LC宗千佳
「双方、構えて」%K%P
「双方、構えて」%K%P
%LC宗千佳
%LC宗千佳
「――はじめっ！」%K%P
「――はじめっ！」%K%P
%LCクレール
%LCクレール
「杏奈ちゃんっ！」%K%P
「杏奈ちゃんっ！」%K%P
%LC杏奈
%LC杏奈
「はいっ！」%K%P
「はいっ！」%K%P
掛け声と同時に、杏奈ちゃんが飛び出す。%K%P
掛け声と同時に、杏奈ちゃんが飛び出す。%K%P
事前に決めていた段取りだろう、\n彼女は迷わず、依夜様――プリモのもとへ。%K%P
事前に決めていた段取りだろう、\n彼女は迷わず、依夜様――プリモのもとへ。%K%P
でも、彼女の剣は依夜様には届かない。%K%P
でも、彼女の剣は依夜様には届かない。%K%P
けっして届かせない……！%K%P
けっして届かせない……！%K%P
%LC陽菜
%LC陽菜
「ふッ……！」%K%P
「ふッ……！」%K%P
突きを繰り出すショートソードの刀身を、\n真横からロングソードで叩き落とす。%K%P
突きを繰り出すショートソードの刀身を、\n真横からロングソードで叩き落とす。%K%P
思ってもなかった対処だったらしく、\n杏奈ちゃんが、あわやクラージュを手放しかけた。%K%P
思ってもなかった対処だったらしく、\n杏奈ちゃんが、あわやクラージュを手放しかけた。%K%P
%LC杏奈
%LC杏奈
「わたたっ、危ない危ないっ……。\n　これ落としちゃうと大変だもんね」%K%P
「わたたっ、危ない危ないっ……。\n　これ落としちゃうと大変だもんね」%K%P
プリモの飾緒を断てば勝利――、\nそれが{連弾:デュオ}{舞闘:カデンツァ}のルール。%K%P
プリモの飾緒を断てば勝利――、\nそれが{連弾:デュオ}{舞闘:カデンツァ}のルール。%K%P
それ以外は、通常の{舞闘:カデンツァ}と同じ。%K%P
それ以外は、通常の{舞闘:カデンツァ}と同じ。%K%P
クラージュを手放せば反則負けになるし、\n重たい一撃を鎧に食らえば、当然砕け散る。%K%P
クラージュを手放せば反則負けになるし、\n重たい一撃を鎧に食らえば、当然砕け散る。%K%P
プリモの鎧が砕かれた場合は、\n飾緒斬りと同様に扱われ、その時点で敗北。%K%P
プリモの鎧が砕かれた場合は、\n飾緒斬りと同様に扱われ、その時点で敗北。%K%P
なら、セコンドの場合はどうなるかというと――、%K%P
なら、セコンドの場合はどうなるかというと――、%K%P
%LC陽菜
%LC陽菜
「気をつけて。私たちセコンドは、\n　負けたらその場で退場だから」%K%P
「気をつけて。私たちセコンドは、\n　負けたらその場で退場だから」%K%P
%LC杏奈
%LC杏奈
「わ、わかってるもんっ」%K%P
「わ、わかってるもんっ」%K%P
オレの言葉に、杏奈ちゃんがクラージュを握り直す。%K%P
オレの言葉に、杏奈ちゃんがクラージュを握り直す。%K%P
飾緒という明確な弱点がないだけで、\nセコンドも当然、負けるリスクは背負っている。%K%P
飾緒という明確な弱点がないだけで、\nセコンドも当然、負けるリスクは背負っている。%K%P
セコンドが敗れた場合、残ったプリモは一人で\n相手の{騎士:ワルキュリア}二人を相手にしなくてはいけない。%K%P
セコンドが敗れた場合、残ったプリモは一人で\n相手の{騎士:ワルキュリア}二人を相手にしなくてはいけない。%K%P
そうなったら実質、勝負は決したようなものだ。%K%P
そうなったら実質、勝負は決したようなものだ。%K%P
%LCクレール
%LCクレール
「そう……。その手でくるのね」%K%P
「そう……。その手でくるのね」%K%P
%LCクレール
%LCクレール
「でも、それはお互い同じこと。\n　わかってるでしょ？　セコンドの陽菜ちゃん？」%K%P
「でも、それはお互い同じこと。\n　わかってるでしょ？　セコンドの陽菜ちゃん？」%K%P
%LC陽菜
%LC陽菜
「もちろんっ……！」%K%P
「もちろんっ……！」%K%P
%LC依夜
%LC依夜
「覚悟っ……！」%K%P
「覚悟っ……！」%K%P
両手で握ったロングソードを構え、踏み込む。%K%P
両手で握ったロングソードを構え、踏み込む。%K%P
まったく同じタイミングで、依夜様も前へ……！%K%P
まったく同じタイミングで、依夜様も前へ……！%K%P
%LC杏奈・クレール
%LC杏奈・クレール
「くっ……！」\n「おっと」%K%P
「くっ……！」\n「おっと」%K%P
甲高い金属音が、綺麗に重なって響く。%K%P
甲高い金属音が、綺麗に重なって響く。%K%P
オレたちの攻撃は、ハルバードと盾により、\nどちらもしっかりと防がれた。%K%P
オレたちの攻撃は、ハルバードと盾により、\nどちらもしっかりと防がれた。%K%P
%LCクレール
%LCクレール
「杏奈ちゃんはばっちり鍛えたから。\n　たとえ依夜ちゃんでも、手こずるはずよ」%K%P
「杏奈ちゃんはばっちり鍛えたから。\n　たとえ依夜ちゃんでも、手こずるはずよ」%K%P
%LCクレール
%LCクレール
「その間に、私が陽菜ちゃんを倒す――」%K%P
「その間に、私が陽菜ちゃんを倒す――」%K%P
%LCクレール
%LCクレール
「そういう展開も、あるんじゃないっ？」%K%P
「そういう展開も、あるんじゃないっ？」%K%P
%LC陽菜
%LC陽菜
「ですねっ……！」%K%P
「ですねっ……！」%K%P
こちらのロングソードを押し返し、\nさらに、鎧を狙った的確な斬り払い。%K%P
こちらのロングソードを押し返し、\nさらに、鎧を狙った的確な斬り払い。%K%P
それを弾いて後ろに下がると、依夜様も、\nオレとまったく同じ距離だけ間合いをとった。%K%P
それを弾いて後ろに下がると、依夜様も、\nオレとまったく同じ距離だけ間合いをとった。%K%P
ハルバードを扱うクレール様の身のこなしは、\n相変わらず舞うような優雅さだ。%K%P
ハルバードを扱うクレール様の身のこなしは、\n相変わらず舞うような優雅さだ。%K%P
ならば、こちらも。舞には、舞を――、%K%P
ならば、こちらも。舞には、舞を――、%K%P
%LCクレール
%LCクレール
「なっ……」%K%P
「なっ……」%K%P
%LC杏奈
%LC杏奈
「これって……」%K%P
「これって……」%K%P
依夜様とふたり、揃って剣を構え直すと、\n杏奈ちゃんたちが声を漏らした。%K%P
依夜様とふたり、揃って剣を構え直すと、\n杏奈ちゃんたちが声を漏らした。%K%P
それもそのはず――オレたちは、\nまったく同じ構えをとったのだから。%K%P
それもそのはず――オレたちは、\nまったく同じ構えをとったのだから。%K%P
%LC依夜
%LC依夜
「陽菜、いくわ」%K%P
「陽菜、いくわ」%K%P
%LC陽菜
%LC陽菜
「はいっ……！」%K%P
「はいっ……！」%K%P
最初の一撃は、いわばリハーサル。%K%P
最初の一撃は、いわばリハーサル。%K%P
打刀とロングソード――違う武器で、\n足並みが揃うかどうか、それを確かめるため。%K%P
打刀とロングソード――違う武器で、\n足並みが揃うかどうか、それを確かめるため。%K%P
本番は、ここから――！%K%P
本番は、ここから――！%K%P
%LC陽菜・依夜
%LC陽菜・依夜
「ひとつっ！」%K%P
「ひとつっ！」%K%P
%LC杏奈・クレール
%LC杏奈・クレール
「わわっ……？！」\n「なんのっ」%K%P
「わわっ……？！」\n「なんのっ」%K%P
%LC陽菜・依夜
%LC陽菜・依夜
「ふたつっ！」%K%P
「ふたつっ！」%K%P
%LC杏奈・クレール
%LC杏奈・クレール
「んぐぐっ……！？」\n「まだまだっ……！」%K%P
「んぐぐっ……！？」\n「まだまだっ……！」%K%P
心の中で神楽の旋律を奏でつつ、\n声を重ね、剣を振るう。%K%P
心の中で神楽の旋律を奏でつつ、\n声を重ね、剣を振るう。%K%P
神楽を舞うごとく、滑らかに。%K%P
神楽を舞うごとく、滑らかに。%K%P
振るう刃は、疾く、疾く、強く。%K%P
振るう刃は、疾く、疾く、強く。%K%P
%LC陽菜・依夜
%LC陽菜・依夜
「みっつっ……！」%K%P
「みっつっ……！」%K%P
%LC杏奈
%LC杏奈
「ぐっ、んぬぬっ……！」%K%P
「ぐっ、んぬぬっ……！」%K%P
%LCクレール
%LCクレール
「杏奈ちゃんっ」%K%P
「杏奈ちゃんっ」%K%P
%LC杏奈
%LC杏奈
「だっ、だいじょぶ――」%K%P
「だっ、だいじょぶ――」%K%P
%LC陽菜・依夜
%LC陽菜・依夜
「よっつっ……！」%K%P
「よっつっ……！」%K%P
%LC杏奈
%LC杏奈
「きゃうっ？！」%K%P
「きゃうっ？！」%K%P
%LCクレール
%LCクレール
「杏奈ちゃんっ！」%K%P
「杏奈ちゃんっ！」%K%P
剣と斧槍、刀と盾。それぞれが衝突する金属音は、\n最初は狂いなく、ぴったりと重なっていた。%K%P
剣と斧槍、刀と盾。それぞれが衝突する金属音は、\n最初は狂いなく、ぴったりと重なっていた。%K%P
けど、ほんの少しずつ、ズレていく。%K%P
けど、ほんの少しずつ、ズレていく。%K%P
刀と盾――依夜様と杏奈ちゃんのほうが、\nほんのちょっとだけど、遅れ始める。%K%P
刀と盾――依夜様と杏奈ちゃんのほうが、\nほんのちょっとだけど、遅れ始める。%K%P
それは、文字通り依夜様が押している証だ。%K%P
それは、文字通り依夜様が押している証だ。%K%P
%LCクレール
%LCクレール
「まさか、こんな技を隠してたなんてっ……」%K%P
「まさか、こんな技を隠してたなんてっ……」%K%P
%LC陽菜
%LC陽菜
「隠してません。思いつきなので」%K%P
「隠してません。思いつきなので」%K%P
%LCクレール
%LCクレール
「なっ……」%K%P
「なっ……」%K%P
%LC依夜
%LC依夜
「即興よ、これは」%K%P
「即興よ、これは」%K%P
%LC杏奈
%LC杏奈
「うそおっ？！」%K%P
「うそおっ？！」%K%P
%LC陽菜
%LC陽菜
「ほんと……！！」%K%P
「ほんと……！！」%K%P
%LCクレール
%LCクレール
「くうっ……！！」%K%P
「くうっ……！！」%K%P
剣を交え、話をしている間も、\n胸中では常に神楽の調べを辿る。%K%P
剣を交え、話をしている間も、\n胸中では常に神楽の調べを辿る。%K%P
オレと依夜様の攻撃がシンクロしているのは、\n同じ神楽の旋律を思い描いていればこそ。%K%P
オレと依夜様の攻撃がシンクロしているのは、\n同じ神楽の旋律を思い描いていればこそ。%K%P
とはいえ、それだけだったら\n剣を振るうタイミングが合う程度。%K%P
とはいえ、それだけだったら\n剣を振るうタイミングが合う程度。%K%P
クレール様たちだって、\nここまで驚嘆しなかっただろう。%K%P
クレール様たちだって、\nここまで驚嘆しなかっただろう。%K%P
ふたりがこれほど驚いているのは、\n依夜様とオレの動きが、{まったく同じ:・・・・・・・}だからだ。%K%P
ふたりがこれほど驚いているのは、\n依夜様とオレの動きが、{まったく同じ:・・・・・・・}だからだ。%K%P
その点に関しては完全なアドリブで、\n依夜様が言ったように、即興で行っている。%K%P
その点に関しては完全なアドリブで、\n依夜様が言ったように、即興で行っている。%K%P
種も仕掛けも、一切ない。%K%P
種も仕掛けも、一切ない。%K%P
あるとすれば、『格好よく』なりたいと\n実直に剣の腕を磨き、積み重ねてきた年月だ。%K%P
あるとすれば、『格好よく』なりたいと\n実直に剣の腕を磨き、積み重ねてきた年月だ。%K%P
%LC依夜
%LC依夜
%XS21「陽菜っ！」%XE%K%P
%XS21「陽菜っ！」%XE%K%P
%LC陽菜
%LC陽菜
%XS21「はいっ！」%XE%K%P
%XS21「はいっ！」%XE%K%P
勝負を決めに行く意志を声から受け取って、\n踏み込む足に、力を込めた。%K%P
勝負を決めに行く意志を声から受け取って、\n踏み込む足に、力を込めた。%K%P
狙うは、クレール様の左胴。%K%P
狙うは、クレール様の左胴。%K%P
飾緒ではなく、鎧を砕くッ……！！%K%P
飾緒ではなく、鎧を砕くッ……！！%K%P
%LC陽菜・依夜
%LC陽菜・依夜
「やぁああああッ！！」%K%P
「やぁああああッ！！」%K%P
鋭く薙いだ一閃が、クレール様の鎧を捉える。%K%P
鋭く薙いだ一閃が、クレール様の鎧を捉える。%K%P
直後、テアトルの壇上には、\n鎧が砕け散る光が、ふたつ、同時に輝いた。%K%P
直後、テアトルの壇上には、\n鎧が砕け散る光が、ふたつ、同時に輝いた。%K%P
%LC宗千佳
%LC宗千佳
「――それまでっ！」%K%P
「――それまでっ！」%K%P
姉さんの声がホールに響き渡る。%K%P
姉さんの声がホールに響き渡る。%K%P
そして、一瞬の間のあと――、%K%P
そして、一瞬の間のあと――、%K%P
%LC客席Ａ
%LC客席Ａ
「依夜様も陽菜ちゃんもすごいっ！\n　なんか踊ってるみたいだったっ！！」%K%P
「依夜様も陽菜ちゃんもすごいっ！\n　なんか踊ってるみたいだったっ！！」%K%P
%LC客席Ｂ
%LC客席Ｂ
「ええ、本当にっ！　{舞闘:カデンツァ}ではなく、\n　ダンスを見ているようでしたっ！」%K%P
「ええ、本当にっ！　{舞闘:カデンツァ}ではなく、\n　ダンスを見ているようでしたっ！」%K%P
わあっという歓声とともに、拍手の嵐。%K%P
わあっという歓声とともに、拍手の嵐。%K%P
その嵐を全身に浴びてようやく、\n勝てたんだという実感が、身体を駆け巡った。%K%P
その嵐を全身に浴びてようやく、\n勝てたんだという実感が、身体を駆け巡った。%K%P
試合を終えたあと、依夜様だけでなく、\n杏奈ちゃんたちとも一緒に控え室へ。%K%P
試合を終えたあと、依夜様だけでなく、\n杏奈ちゃんたちとも一緒に控え室へ。%K%P
%LC依夜
%LC依夜
「クレール。伝言通り、\n　お礼、ちゃんと剣で返したから」%K%P
「クレール。伝言通り、\n　お礼、ちゃんと剣で返したから」%K%P
%LCクレール
%LCクレール
「倍返ししすぎっ」%K%P
「倍返ししすぎっ」%K%P
%LC杏奈
%LC杏奈
「ねえ、さっきのコンビネーションが即興って、\n　本当なの？」%K%P
「ねえ、さっきのコンビネーションが即興って、\n　本当なの？」%K%P
%LC陽菜
%LC陽菜
「うん。あれは全部、アドリブ」%K%P
「うん。あれは全部、アドリブ」%K%P
%LC杏奈
%LC杏奈
「むぅ……。それ、\n　ちょっと信じられないんだけど」%K%P
「むぅ……。それ、\n　ちょっと信じられないんだけど」%K%P
%LCクレール
%LCクレール
「そうね。完全にシンクロしてたもの」%K%P
「そうね。完全にシンクロしてたもの」%K%P
%LCクレール
%LCクレール
「いくらお泊まりが親睦を深めるといっても、\n　たった１日でアレが出来るとは思えないし」%K%P
「いくらお泊まりが親睦を深めるといっても、\n　たった１日でアレが出来るとは思えないし」%K%P
%LC依夜
%LC依夜
「１日じゃないわ。１０年よ」%K%P
「１日じゃないわ。１０年よ」%K%P
依夜様の言葉に、\nきょとんとする杏奈ちゃんとクレール様。%K%P
依夜様の言葉に、\nきょとんとする杏奈ちゃんとクレール様。%K%P
１０年――それは、オレと依夜様と、\nそれからある人を結びつける年月だった。%K%P
１０年――それは、オレと依夜様と、\nそれからある人を結びつける年月だった。%K%P
%LC依夜
%LC依夜
「――私たちにしか出来ないこと？」%K%P
「――私たちにしか出来ないこと？」%K%P
%LC陽菜
%LC陽菜
「依夜様と私の動きを、まったく同じに――、\n　シンクロナイズさせるんです」%K%P
「依夜様と私の動きを、まったく同じに――、\n　シンクロナイズさせるんです」%K%P
%LC依夜
%LC依夜
「シンクロって……でも、戦況は常に変化するし、\n　杏奈とクレールでは武器だって違うのよ？」%K%P
「シンクロって……でも、戦況は常に変化するし、\n　杏奈とクレールでは武器だって違うのよ？」%K%P
%LC依夜
%LC依夜
「試合が始まるまで、あと少し。\n　今から細かな連携を考える時間は――」%K%P
「試合が始まるまで、あと少し。\n　今から細かな連携を考える時間は――」%K%P
%LC陽菜
%LC陽菜
「時間ならあります。１０年分」%K%P
「時間ならあります。１０年分」%K%P
%LC依夜
%LC依夜
「１０年……？」%K%P
「１０年……？」%K%P
%LC陽菜
%LC陽菜
「私は小さな頃、格好よくなりたくて、\n　ある人のもとで剣術を教わり始めました」%K%P
「私は小さな頃、格好よくなりたくて、\n　ある人のもとで剣術を教わり始めました」%K%P
%LC陽菜
%LC陽菜
「それから少し遅れて、依夜様も、\n　同じ人に剣術を習い始めたはずです」%K%P
「それから少し遅れて、依夜様も、\n　同じ人に剣術を習い始めたはずです」%K%P
%LC陽菜
%LC陽菜
「相手の武器や人数に関係なく、\n　己が道を切り拓いてしまう――」%K%P
「相手の武器や人数に関係なく、\n　己が道を切り拓いてしまう――」%K%P
%LC陽菜
%LC陽菜
「そんな、諏訪宗千佳の剣術を」%K%P
「そんな、諏訪宗千佳の剣術を」%K%P
%LC陽菜
%LC陽菜
「つまり私たちは、この１０年、\n　同じ師のもとで学び続けてきたわけで――」%K%P
「つまり私たちは、この１０年、\n　同じ師のもとで学び続けてきたわけで――」%K%P
%LC陽菜
%LC陽菜
「そんな私たちなら、\n　きっと出来るんじゃないかなって」%K%P
「そんな私たちなら、\n　きっと出来るんじゃないかなって」%K%P
%LC依夜
%LC依夜
「……もう。陽菜ってたまに、\n　先生みたいなことを言うんだから」%K%P
「……もう。陽菜ってたまに、\n　先生みたいなことを言うんだから」%K%P
%LC依夜
%LC依夜
「わかったわ。陽菜を信じる」%K%P
「わかったわ。陽菜を信じる」%K%P
%LC陽菜
%LC陽菜
「最初の切っ掛けは、依夜様に任せます。\n　名前を呼んでくれたら、一緒に踏み込むので」%K%P
「最初の切っ掛けは、依夜様に任せます。\n　名前を呼んでくれたら、一緒に踏み込むので」%K%P
%LC陽菜
%LC陽菜
「そのあと剣を振るうタイミングは、\n　昨日の神楽の調べに合わせるといいかなって」%K%P
「そのあと剣を振るうタイミングは、\n　昨日の神楽の調べに合わせるといいかなって」%K%P
%LC依夜
%LC依夜
「なら、掛け声をつけましょう。\n　ひとつ、ふたつ、みっつ、よっつ」%K%P
「なら、掛け声をつけましょう。\n　ひとつ、ふたつ、みっつ、よっつ」%K%P
%LC依夜
%LC依夜
「あの神楽は四拍子だから。\n　よっつまでいったら、ひとつに戻る」%K%P
「あの神楽は四拍子だから。\n　よっつまでいったら、ひとつに戻る」%K%P
%LC依夜
%LC依夜
「それと、完全に動きを合わせるのなら、\n　相手の飾緒は無視したほうがいいと思う」%K%P
「それと、完全に動きを合わせるのなら、\n　相手の飾緒は無視したほうがいいと思う」%K%P
%LC依夜
%LC依夜
「飾緒はプリモにしかないものだから。\n　無理に狙うと、動きがズレてしまうもの」%K%P
「飾緒はプリモにしかないものだから。\n　無理に狙うと、動きがズレてしまうもの」%K%P
%LC陽菜
%LC陽菜
「なら、狙うは相手の鎧、ですね」%K%P
「なら、狙うは相手の鎧、ですね」%K%P
%LC杏奈
%LC杏奈
「なるほど……。それで、１０年……」%K%P
「なるほど……。それで、１０年……」%K%P
%LCクレール
%LCクレール
「私たちでは歯が立たなかったのも納得ね」%K%P
「私たちでは歯が立たなかったのも納得ね」%K%P
試合前の会話を振り返りつつ種明かしすると、\n杏奈ちゃんたちは感服したように頷く。%K%P
試合前の会話を振り返りつつ種明かしすると、\n杏奈ちゃんたちは感服したように頷く。%K%P
もちろん、依夜様が姉さんに剣術を教わり始めた\n経緯とかは、うまいことボカして話したけど。%K%P
もちろん、依夜様が姉さんに剣術を教わり始めた\n経緯とかは、うまいことボカして話したけど。%K%P
でないと、陽菜イコール日向かもって、\n杏奈ちゃんがピンと来ちゃうかもしれないし。%K%P
でないと、陽菜イコール日向かもって、\n杏奈ちゃんがピンと来ちゃうかもしれないし。%K%P
%LCクレール
%LCクレール
「けど、神楽をヒントにして、\n　呼吸を合わせるコツを掴むだなんて……」%K%P
「けど、神楽をヒントにして、\n　呼吸を合わせるコツを掴むだなんて……」%K%P
%LCクレール
%LCクレール
「ねぇねぇ依夜ちゃん、陽菜ちゃんとの神楽、\n　写真とか動画は撮ってないの？」%K%P
「ねぇねぇ依夜ちゃん、陽菜ちゃんとの神楽、\n　写真とか動画は撮ってないの？」%K%P
%LC杏奈
%LC杏奈
「あっ、私も見たいですっ！\n　依夜様と陽菜ちゃんの巫女姿っ！」%K%P
「あっ、私も見たいですっ！\n　依夜様と陽菜ちゃんの巫女姿っ！」%K%P
%LC陽菜
%LC陽菜
「撮ってませんっ」%K%P
「撮ってませんっ」%K%P
%LC杏奈・クレール・美実
%LC杏奈・クレール・美実
「えー」%K%P
「えー」%K%P
%LC陽菜
%LC陽菜
「駄々こねてもないものはない――」%K%P
「駄々こねてもないものはない――」%K%P
%LC陽菜
%LC陽菜
「って、なんで美実様がいるんですかっ？\n　もうすぐ試合のはずじゃ……？」%K%P
「って、なんで美実様がいるんですかっ？\n　もうすぐ試合のはずじゃ……？」%K%P
%LC梨理
%LC梨理
「センセの言う通りです。\n　もうすぐ試合が始まるのに」%K%P
「センセの言う通りです。\n　もうすぐ試合が始まるのに」%K%P
%LC梨理
%LC梨理
「よりにもよって、\n　クラージュを忘れるとか……」%K%P
「よりにもよって、\n　クラージュを忘れるとか……」%K%P
%LC美実
%LC美実
「私だって緊張ぐらいしますー。\n　……っと、あったあった」%K%P
「私だって緊張ぐらいしますー。\n　……っと、あったあった」%K%P
%LC梨理
%LC梨理
「すみません、お騒がせして」%K%P
「すみません、お騒がせして」%K%P
ロッカーからクラージュを出す美実様と、\nそんな美実様を連れ出す梨理ちゃん。%K%P
ロッカーからクラージュを出す美実様と、\nそんな美実様を連れ出す梨理ちゃん。%K%P
緊張する、なんて言ったわりに、\n美実様の雰囲気は普段と変わらない。%K%P
緊張する、なんて言ったわりに、\n美実様の雰囲気は普段と変わらない。%K%P
あるいは緊張していた梨理ちゃんを和ますために、\n美実様が自作自演したのかも、なんて思ってしまう。%K%P
あるいは緊張していた梨理ちゃんを和ますために、\n美実様が自作自演したのかも、なんて思ってしまう。%K%P
%LC美実
%LC美実
「っと、そうだ。戻る前に――」%K%P
「っと、そうだ。戻る前に――」%K%P
%LC美実
%LC美実
「依夜、陽菜ちゃん。\n　決勝進出おめでとう」%K%P
「依夜、陽菜ちゃん。\n　決勝進出おめでとう」%K%P
%LC依夜
%LC依夜
「ありがとう、美実」%K%P
「ありがとう、美実」%K%P
%LC陽菜
%LC陽菜
「美実様も梨理ちゃんも、\n　試合、頑張ってくださいね」%K%P
「美実様も梨理ちゃんも、\n　試合、頑張ってくださいね」%K%P
%LC美実
%LC美実
「うん。決勝で待ってて、陽菜ちゃん。\n　で、約束通り、私ともっかい勝負だよ？」%K%P
「うん。決勝で待ってて、陽菜ちゃん。\n　で、約束通り、私ともっかい勝負だよ？」%K%P
%LC陽菜
%LC陽菜
「それはさすがに気が早すぎです。\n　小夜さんたちも強いんですから」%K%P
「それはさすがに気が早すぎです。\n　小夜さんたちも強いんですから」%K%P
%LC美実
%LC美実
「大丈夫、私たち負けないから。\n　小夜たちにも、陽菜ちゃんたちにも」%K%P
「大丈夫、私たち負けないから。\n　小夜たちにも、陽菜ちゃんたちにも」%K%P
%LC美実
%LC美実
「さっきの陽菜ちゃんの話\n　途中から聞こえちゃったけど――」%K%P
「さっきの陽菜ちゃんの話\n　途中から聞こえちゃったけど――」%K%P
%LC美実
%LC美実
「依夜と陽菜ちゃんが１０年なら、\n　こっちはそれ以上だから」%K%P
「依夜と陽菜ちゃんが１０年なら、\n　こっちはそれ以上だから」%K%P
%LC美実
%LC美実
「チームワークに関しては、\n　{姉妹:わたしたち}、最強なんで」%K%P
「チームワークに関しては、\n　{姉妹:わたしたち}、最強なんで」%K%P
その後、トーナメント第２試合が行われ、\n宣言通り、美実様たちは決勝進出を決めた。%K%P
その後、トーナメント第２試合が行われ、\n宣言通り、美実様たちは決勝進出を決めた。%K%P
勝因はずばり、姉妹の絆――チームワーク。%K%P
勝因はずばり、姉妹の絆――チームワーク。%K%P
ときに互いをフォローしつつ、\n個々の強さも活かした連携は見事の一言だった。%K%P
ときに互いをフォローしつつ、\n個々の強さも活かした連携は見事の一言だった。%K%P
