おもむろに抱きつかれたあと、\nそのまま、もつれるようにして倒れ込む。%K%P
おもむろに抱きつかれたあと、\nそのまま、もつれるようにして倒れ込む。%K%P
濡れている床にぺたんとお尻をつくと、\n目の前には、依夜様の顔があった。%K%P
濡れている床にぺたんとお尻をつくと、\n目の前には、依夜様の顔があった。%K%P
それどころか、ソープの泡が残る彼女の手が、\nにゅるんと股間に滑り込んできて――、%K%P
それどころか、ソープの泡が残る彼女の手が、\nにゅるんと股間に滑り込んできて――、%K%P
%LC陽菜
%LC陽菜
「ままま待って待って、\n　ちょっと待ってくださいってばァっ」%K%P
「ままま待って待って、\n　ちょっと待ってくださいってばァっ」%K%P
%LC依夜
%LC依夜
「どうして？　好き同士ならさわっていいと、\n　そう言ったのは陽菜でしょう？」%K%P
「どうして？　好き同士ならさわっていいと、\n　そう言ったのは陽菜でしょう？」%K%P
%LC依夜
%LC依夜
「それに、さわられると思っていればこそ、\n　熱心にここを洗っていたのではないの？」%K%P
「それに、さわられると思っていればこそ、\n　熱心にここを洗っていたのではないの？」%K%P
%LC陽菜
%LC陽菜
「うにゃ、ふゃああっ」%K%P
「うにゃ、ふゃああっ」%K%P
むにゅにゅっとペニスを握られ、腰が跳ねる。%K%P
むにゅにゅっとペニスを握られ、腰が跳ねる。%K%P
%LC依夜
%LC依夜
「この感触、あの朝と同じ――」%K%P
「この感触、あの朝と同じ――」%K%P
%LC依夜
%LC依夜
「ん……？　少し、違う……？\n　どこか、物足りないような……」%K%P
「ん……？　少し、違う……？\n　どこか、物足りないような……」%K%P
にぎにぎっ。%K%P
にぎにぎっ。%K%P
%LC陽菜
%LC陽菜
「ひゃんあぅッ」%K%P
「ひゃんあぅッ」%K%P
確かめるように股間をまさぐられて、\n今度は腰がぶるっと震える。%K%P
確かめるように股間をまさぐられて、\n今度は腰がぶるっと震える。%K%P
%LC依夜
%LC依夜
「陽菜、寒い？　湯船に入る？」%K%P
「陽菜、寒い？　湯船に入る？」%K%P
%LC陽菜
%LC陽菜
「いまのは、そういう震えじゃなくてっ……」%K%P
「いまのは、そういう震えじゃなくてっ……」%K%P
%LC依夜
%LC依夜
「なくて？」%K%P
「なくて？」%K%P
%LC陽菜
%LC陽菜
「うぐッ……その、ええっと……」%K%P
「うぐッ……その、ええっと……」%K%P
素直に聞き返されて、返答に詰まる。%K%P
素直に聞き返されて、返答に詰まる。%K%P
けど、依夜様の表情は無垢そのもので、\nオレを困らせようという意図は感じられない。%K%P
けど、依夜様の表情は無垢そのもので、\nオレを困らせようという意図は感じられない。%K%P
ということは、つまり――、%K%P
ということは、つまり――、%K%P
%LC陽菜
%LC陽菜
「……あの、依夜様ってこういうこと、\n　あんまり知識ない感じですか……？」%K%P
「……あの、依夜様ってこういうこと、\n　あんまり知識ない感じですか……？」%K%P
%LC依夜
%LC依夜
「こういうこと？」%K%P
「こういうこと？」%K%P
%LC陽菜
%LC陽菜
「ですから、その……」%K%P
「ですから、その……」%K%P
%LC陽菜
%LC陽菜
「……エッチなことに、関して」%K%P
「……エッチなことに、関して」%K%P
%LC依夜
%LC依夜
「あ……ん、そう、ね。\n　あまり、詳しくはないかも……」%K%P
「あ……ん、そう、ね。\n　あまり、詳しくはないかも……」%K%P
%LC依夜
%LC依夜
「だけど、私はいま、\n　陽菜のあそこを握っているだけよ？」%K%P
「だけど、私はいま、\n　陽菜のあそこを握っているだけよ？」%K%P
%LC依夜
%LC依夜
「これも、エッチのうちに入るの？」%K%P
「これも、エッチのうちに入るの？」%K%P
%LC陽菜
%LC陽菜
「それは……さわり方次第、かと……」%K%P
「それは……さわり方次第、かと……」%K%P
%LC依夜
%LC依夜
「さわり方？」%K%P
「さわり方？」%K%P
%LC陽菜
%LC陽菜
「でっ、ですから、やらしくさわったら、\n　エッチな行為に含まれるかなぁって……」%K%P
「でっ、ですから、やらしくさわったら、\n　エッチな行為に含まれるかなぁって……」%K%P
%LC依夜
%LC依夜
「やらしく、さわる……」%K%P
「やらしく、さわる……」%K%P
%LC依夜
%LC依夜
「具体的には、どうなふうに？」%K%P
「具体的には、どうなふうに？」%K%P
%LC陽菜
%LC陽菜
「ええええぇ……」%K%P
「ええええぇ……」%K%P
質問に答えれば答えるほど、\nさらなる質問に追い詰められる。%K%P
質問に答えれば答えるほど、\nさらなる質問に追い詰められる。%K%P
まるで、赤ちゃんはどこからくるの？　って、\n小さな子に尋ねられているみたいだ。%K%P
まるで、赤ちゃんはどこからくるの？　って、\n小さな子に尋ねられているみたいだ。%K%P
回りくどい表現は逆効果っぽいし、\nとなれば、ストレートにいくしかっ……！%K%P
回りくどい表現は逆効果っぽいし、\nとなれば、ストレートにいくしかっ……！%K%P
%LC陽菜
%LC陽菜
「例えば、相手を気持ち良くさせて、\n　そのまま射精させちゃう感じ、です」%K%P
「例えば、相手を気持ち良くさせて、\n　そのまま射精させちゃう感じ、です」%K%P
%LC依夜
%LC依夜
「射精――」%K%P
「射精――」%K%P
直接的な表現に、さしもの依夜様も頬を染める。%K%P
直接的な表現に、さしもの依夜様も頬を染める。%K%P
よかった……。これで伝わらなかったら、\nいよいよ保健体育の授業が始まるところだった。%K%P
よかった……。これで伝わらなかったら、\nいよいよ保健体育の授業が始まるところだった。%K%P
%LC依夜
%LC依夜
「……ごめんなさい、陽菜。\n　言いにくいことを言わせてしまって」%K%P
「……ごめんなさい、陽菜。\n　言いにくいことを言わせてしまって」%K%P
%LC依夜
%LC依夜
「私はただ、あなたのあそこに、\n　もう一度さわってみたかっただけなの」%K%P
「私はただ、あなたのあそこに、\n　もう一度さわってみたかっただけなの」%K%P
%LC依夜
%LC依夜
「寝ぼけて握ってしまってからずっと、\n　あのときの感触が、忘れられなくて……」%K%P
「寝ぼけて握ってしまってからずっと、\n　あのときの感触が、忘れられなくて……」%K%P
%LC依夜
%LC依夜
「それでもう一度、どうしてもさわりたくて、\n　仕方がなくて……」%K%P
「それでもう一度、どうしてもさわりたくて、\n　仕方がなくて……」%K%P
%LC依夜
%LC依夜
「だから、それがエッチなことかどうかなんて、\n　考えもしていなかった、というか……」%K%P
「だから、それがエッチなことかどうかなんて、\n　考えもしていなかった、というか……」%K%P
照れを含んだ口調で、とつとつと言葉を紡ぐ。%K%P
照れを含んだ口調で、とつとつと言葉を紡ぐ。%K%P
依夜様がこういうふうに話すときは、\n自分の考えを懸命に伝えようとしているときだ。%K%P
依夜様がこういうふうに話すときは、\n自分の考えを懸命に伝えようとしているときだ。%K%P
朝勃ちペニスを握られたインパクトもあって、\n大胆で積極的な人、なんて思っていたけれど――、%K%P
朝勃ちペニスを握られたインパクトもあって、\n大胆で積極的な人、なんて思っていたけれど――、%K%P
こういう照れた様子を見ていると、\nそれが勘違いだったってことに気付かされる。%K%P
こういう照れた様子を見ていると、\nそれが勘違いだったってことに気付かされる。%K%P
%LC依夜
%LC依夜
「いまさらだけれど……私、\n　さわってしまって良かったの？」%K%P
「いまさらだけれど……私、\n　さわってしまって良かったの？」%K%P
%LC陽菜
%LC陽菜
「本気でイヤだったら、ちゃんと拒んでます」%K%P
「本気でイヤだったら、ちゃんと拒んでます」%K%P
%LC依夜
%LC依夜
「なら、陽菜もさわられたかった、ということ？」%K%P
「なら、陽菜もさわられたかった、ということ？」%K%P
%LC陽菜
%LC陽菜
「それは、その……」%K%P
「それは、その……」%K%P
%LC依夜
%LC依夜
「答えて」%K%P
「答えて」%K%P
%LC陽菜
%LC陽菜
「……ん」%K%P
「……ん」%K%P
頷くと、頬が熱くなった。%K%P
頷くと、頬が熱くなった。%K%P
けど、依夜様の言う通り、オレも心のどこかで\nこの展開を望んでいたんだと思う。%K%P
けど、依夜様の言う通り、オレも心のどこかで\nこの展開を望んでいたんだと思う。%K%P
でなければ、あそこまで熱心に\nペニスを洗ったりなんかしなかったはずだ。%K%P
でなければ、あそこまで熱心に\nペニスを洗ったりなんかしなかったはずだ。%K%P
%LC依夜
%LC依夜
「そう……。ありがとう、陽菜」%K%P
「そう……。ありがとう、陽菜」%K%P
オレをじっと見つめて、依夜様が微笑む。%K%P
オレをじっと見つめて、依夜様が微笑む。%K%P
どうぞペニスをさわってくださいって言ったも\n同然なのに、お礼を言われてしまうだなんて。%K%P
どうぞペニスをさわってくださいって言ったも\n同然なのに、お礼を言われてしまうだなんて。%K%P
%LC陽菜
%LC陽菜
「……依夜様のえっち」%K%P
「……依夜様のえっち」%K%P
%LC依夜
%LC依夜
「そうね。私、えっちなのかも」%K%P
「そうね。私、えっちなのかも」%K%P
%LC依夜
%LC依夜
「だけど、こんな気持ちになったのは、\n　今日が初めてで、陽菜が初めて」%K%P
「だけど、こんな気持ちになったのは、\n　今日が初めてで、陽菜が初めて」%K%P
%LC陽菜
%LC陽菜
「んぅ……」%K%P
「んぅ……」%K%P
拗ねるように告げたら、\n真顔で返されて、思わず照れる。%K%P
拗ねるように告げたら、\n真顔で返されて、思わず照れる。%K%P
でも、照れながら交わすやりとり自体が、\nムズムズして、くすぐったくて。%K%P
でも、照れながら交わすやりとり自体が、\nムズムズして、くすぐったくて。%K%P
すごく、ドキドキしてしまう。%K%P
すごく、ドキドキしてしまう。%K%P
%LC依夜
%LC依夜
「この前はクラージュだと思っていたから、\n　つい、力を入れてしまったけれど――」%K%P
「この前はクラージュだと思っていたから、\n　つい、力を入れてしまったけれど――」%K%P
%LC依夜
%LC依夜
「今日は痛くしないよう、優しくするから」%K%P
「今日は痛くしないよう、優しくするから」%K%P
%LC陽菜
%LC陽菜
「依夜様はいつでも優しいです」%K%P
「依夜様はいつでも優しいです」%K%P
%LC陽菜
%LC陽菜
「だから……私のあそこ、\n　好きにしちゃってください」%K%P
「だから……私のあそこ、\n　好きにしちゃってください」%K%P
柔らかく微笑む依夜様は、とても格好よくて。%K%P
柔らかく微笑む依夜様は、とても格好よくて。%K%P
そのせいか、少し対抗意識が芽生えてしまって。%K%P
そのせいか、少し対抗意識が芽生えてしまって。%K%P
オレも依夜様をドキッとさせたい――、\nそんなふうに考えて、言ってみたものの。%K%P
オレも依夜様をドキッとさせたい――、\nそんなふうに考えて、言ってみたものの。%K%P
%LC依夜
%LC依夜
「そんなことを言って。\n　どうなっても知らないんだから」%K%P
「そんなことを言って。\n　どうなっても知らないんだから」%K%P
照れるどころか、この返し。%K%P
照れるどころか、この返し。%K%P
格好よくて、敵わないことこの上ない。%K%P
格好よくて、敵わないことこの上ない。%K%P
%LC依夜
%LC依夜
「本当に、好きにしていいの？」%K%P
「本当に、好きにしていいの？」%K%P
%LC陽菜
%LC陽菜
「男に二言はありません」%K%P
「男に二言はありません」%K%P
%LC依夜
%LC依夜
「あ……ふふ、くすっ。\n　そうね、陽菜は男の子だものね」%K%P
「あ……ふふ、くすっ。\n　そうね、陽菜は男の子だものね」%K%P
%LC依夜
%LC依夜
「なら、何も知らない私に教えて。\n　どうすれば、男の子が気持ち良くなるのかを」%K%P
「なら、何も知らない私に教えて。\n　どうすれば、男の子が気持ち良くなるのかを」%K%P
%LC陽菜
%LC陽菜
「あっ……はっ、んんっ」%K%P
「あっ……はっ、んんっ」%K%P
待ちきれないといった感じで、\n依夜様の手が、竿全体を撫で回す。%K%P
待ちきれないといった感じで、\n依夜様の手が、竿全体を撫で回す。%K%P
ソープの泡が少し残っていたこともあって、\nその動きは、なめらかで淀みがない。%K%P
ソープの泡が少し残っていたこともあって、\nその動きは、なめらかで淀みがない。%K%P
%LC陽菜
%LC陽菜
「あふっ……はぁっ、あっ、んんっ……」%K%P
「あふっ……はぁっ、あっ、んんっ……」%K%P
%LC依夜
%LC依夜
「腰をもじもじさせているけれど、\n　この動かし方だと、くすぐったい？」%K%P
「腰をもじもじさせているけれど、\n　この動かし方だと、くすぐったい？」%K%P
%LC陽菜
%LC陽菜
「はい、ちょっとだけ……」%K%P
「はい、ちょっとだけ……」%K%P
%LC陽菜
%LC陽菜
「人にさわってもらうの、初めてなので。\n　どうしても、こそばゆくって……」%K%P
「人にさわってもらうの、初めてなので。\n　どうしても、こそばゆくって……」%K%P
%LC依夜
%LC依夜
「なら、少しだけ強く――」%K%P
「なら、少しだけ強く――」%K%P
%LC陽菜
%LC陽菜
「んいッ……？！　はぐっ、あぁあ……ッ」%K%P
「んいッ……？！　はぐっ、あぁあ……ッ」%K%P
依夜様の指がペニスにしっかり絡みつくと、\nそれだけで快感がぐんと増した。%K%P
依夜様の指がペニスにしっかり絡みつくと、\nそれだけで快感がぐんと増した。%K%P
握力が強くなった分、滑りすぎていた指が、\nカリや裏筋にひっかかるようになったからだ。%K%P
握力が強くなった分、滑りすぎていた指が、\nカリや裏筋にひっかかるようになったからだ。%K%P
ちょっとした力加減ひとつで、\nこんなにも快感が増すなんてっ……。%K%P
ちょっとした力加減ひとつで、\nこんなにも快感が増すなんてっ……。%K%P
%LC依夜
%LC依夜
「陽菜のあそこ、手の中で跳ねてる……」%K%P
「陽菜のあそこ、手の中で跳ねてる……」%K%P
%LC依夜
%LC依夜
「たまにびくってするのは、\n　気持ちがいいから？」%K%P
「たまにびくってするのは、\n　気持ちがいいから？」%K%P
%LC陽菜
%LC陽菜
「んっ、はいっ……」%K%P
「んっ、はいっ……」%K%P
%LC依夜
%LC依夜
「優しく握るより、強い方が好き？」%K%P
「優しく握るより、強い方が好き？」%K%P
%LC陽菜
%LC陽菜
「たぶんっ……」%K%P
「たぶんっ……」%K%P
%LC依夜
%LC依夜
「なら、力を入れやすいように、\n　握り方を、ほんの少し変えて――」%K%P
「なら、力を入れやすいように、\n　握り方を、ほんの少し変えて――」%K%P
%LC陽菜
%LC陽菜
「みゃうッ……？！　くあっ、んぁあっ」%K%P
「みゃうッ……？！　くあっ、んぁあっ」%K%P
這い回る指が、ペニスの根元をくいっと扱く。%K%P
這い回る指が、ペニスの根元をくいっと扱く。%K%P
玉袋の精子を亀頭へと先導するような手つきに、\nしっかりばっちり腰が悶えてしまった。%K%P
玉袋の精子を亀頭へと先導するような手つきに、\nしっかりばっちり腰が悶えてしまった。%K%P
%LC依夜
%LC依夜
「……うん。こちらのほうがいいみたい。\n　あとはこのまま、前後に手を――」%K%P
「……うん。こちらのほうがいいみたい。\n　あとはこのまま、前後に手を――」%K%P
%LC陽菜
%LC陽菜
「くうッ……あっ、んぁあああ……ッ」%K%P
「くうッ……あっ、んぁあああ……ッ」%K%P
根元に指を添えたまま、\n依夜様は手のひらをスライドさせていく。%K%P
根元に指を添えたまま、\n依夜様は手のひらをスライドさせていく。%K%P
まるで、ソープの泡をすり込むような動き。%K%P
まるで、ソープの泡をすり込むような動き。%K%P
白い泡にはオレの汗と、たぶんカウパーも混じって、\nぬちぬちっという水音がだんだん大きくなる。%K%P
白い泡にはオレの汗と、たぶんカウパーも混じって、\nぬちぬちっという水音がだんだん大きくなる。%K%P
%LC依夜
%LC依夜
「あそこ、さっきよりも固くなってる」%K%P
「あそこ、さっきよりも固くなってる」%K%P
%LC陽菜
%LC陽菜
「だって、依夜様の手、気持ちよくて……」%K%P
「だって、依夜様の手、気持ちよくて……」%K%P
%LC依夜
%LC依夜
「うん。陽菜、とても気持ちよさそう……」%K%P
「うん。陽菜、とても気持ちよさそう……」%K%P
ペニスをしっかり握ったまま、\n依夜様は身悶えるオレを見つめてくる。%K%P
ペニスをしっかり握ったまま、\n依夜様は身悶えるオレを見つめてくる。%K%P
至近距離で悶える姿を見られていると思うと、\n恥ずかしくって、余計に、声がっ……。%K%P
至近距離で悶える姿を見られていると思うと、\n恥ずかしくって、余計に、声がっ……。%K%P
%LC陽菜
%LC陽菜
「ふぁうっ……んぅ、はぁ、はあっ、ああっ」%K%P
「ふぁうっ……んぅ、はぁ、はあっ、ああっ」%K%P
%LC依夜
%LC依夜
「あぁ……声の大きさにあわせて、\n　あそこも一緒に、大きくなって……」%K%P
「あぁ……声の大きさにあわせて、\n　あそこも一緒に、大きくなって……」%K%P
%LC依夜
%LC依夜
「こんなにいけない秘密を、\n　ずうっと隠していただなんて――」%K%P
「こんなにいけない秘密を、\n　ずうっと隠していただなんて――」%K%P
%LC依夜
%LC依夜
「陽菜って、隠し事が上手ね」%K%P
「陽菜って、隠し事が上手ね」%K%P
%LC陽菜
%LC陽菜
「んあうっ、やっ、んやっ……くんぅぅっ」%K%P
「んあうっ、やっ、んやっ……くんぅぅっ」%K%P
慈しむように亀頭を撫でながら、\n依夜様が優しく囁く。%K%P
慈しむように亀頭を撫でながら、\n依夜様が優しく囁く。%K%P
その声はいつもより甘くて、\n耳朶が溶かされてしまいそうだ。%K%P
その声はいつもより甘くて、\n耳朶が溶かされてしまいそうだ。%K%P
%LC陽菜
%LC陽菜
「はぁ、はぁ……依夜さまの手、すごい……。\n　どんどん気持ちよくなるっ……」%K%P
「はぁ、はぁ……依夜さまの手、すごい……。\n　どんどん気持ちよくなるっ……」%K%P
%LC依夜
%LC依夜
「いま、陽菜の敏感な場所を、\n　覚えているところだから」%K%P
「いま、陽菜の敏感な場所を、\n　覚えているところだから」%K%P
%LC陽菜
%LC陽菜
「覚える、って……」%K%P
「覚える、って……」%K%P
%LC依夜
%LC依夜
「陽菜のあそこは、気持ちがいいと、\n　跳ねたり震えたりするでしょう？」%K%P
「陽菜のあそこは、気持ちがいいと、\n　跳ねたり震えたりするでしょう？」%K%P
%LC依夜
%LC依夜
「だから、そういう反応があった動きを、\n　選りすぐって反復していくことで――」%K%P
「だから、そういう反応があった動きを、\n　選りすぐって反復していくことで――」%K%P
%LC依夜
%LC依夜
「私の手は、陽菜の好む動きだけを\n　繰り返せるようになっていくの」%K%P
「私の手は、陽菜の好む動きだけを\n　繰り返せるようになっていくの」%K%P
言われてペニスに意識を向けると、確かに、\n依夜様の手は細かな試行錯誤を繰り返していた。%K%P
言われてペニスに意識を向けると、確かに、\n依夜様の手は細かな試行錯誤を繰り返していた。%K%P
人差し指で根元をくすぐったり、\nカリ首だけを丹念にこすってみたり。%K%P
人差し指で根元をくすぐったり、\nカリ首だけを丹念にこすってみたり。%K%P
尿道口をちょっと強めに撫でたり、\n垂れたカウパーを、亀頭に塗り広げたり。%K%P
尿道口をちょっと強めに撫でたり、\n垂れたカウパーを、亀頭に塗り広げたり。%K%P
そんな中から、オレがとくに反応した動きだけを\n厳選して、愛撫のパターンを組み立てていく。%K%P
そんな中から、オレがとくに反応した動きだけを\n厳選して、愛撫のパターンを組み立てていく。%K%P
%LC依夜
%LC依夜
「基本は剣術と同じ。相手の癖を見抜いて、\n　それに合わせて、すべきことを見極める――」%K%P
「基本は剣術と同じ。相手の癖を見抜いて、\n　それに合わせて、すべきことを見極める――」%K%P
%LC依夜
%LC依夜
「たとえば……陽菜は先の方を、\n　手のひらで撫でられるのが好きなはず、とか」%K%P
「たとえば……陽菜は先の方を、\n　手のひらで撫でられるのが好きなはず、とか」%K%P
%LC陽菜
%LC陽菜
「ふいッ……？！　にゃうっ、うやあっ」%K%P
「ふいッ……？！　にゃうっ、うやあっ」%K%P
ぬるぬるの手のひらで亀頭を撫で回されて、\nみっともなく腰を震わせてしまう。%K%P
ぬるぬるの手のひらで亀頭を撫で回されて、\nみっともなく腰を震わせてしまう。%K%P
%LC依夜
%LC依夜
「くすっ。ほら、思った通り」%K%P
「くすっ。ほら、思った通り」%K%P
%LC陽菜
%LC陽菜
「あっ、あ、ああああっ……」%K%P
「あっ、あ、ああああっ……」%K%P
微笑まれた瞬間、背筋がぞくっとした。%K%P
微笑まれた瞬間、背筋がぞくっとした。%K%P
最初はオレに質問したりして、\nぎこちなさが目立っていたのに。%K%P
最初はオレに質問したりして、\nぎこちなさが目立っていたのに。%K%P
いつのまにか不慣れな感じはなくなって、\n身を委ねたくなるぐらい、気持ち良くて。%K%P
いつのまにか不慣れな感じはなくなって、\n身を委ねたくなるぐらい、気持ち良くて。%K%P
%LC依夜
%LC依夜
「あそこ、ますます大きくなってきたみたい」%K%P
「あそこ、ますます大きくなってきたみたい」%K%P
%LC陽菜
%LC陽菜
「こればっかりはしょうがないんです……っ」%K%P
「こればっかりはしょうがないんです……っ」%K%P
%LC陽菜
%LC陽菜
「おち○ちんっていうのは、気持ちいいほど、\n　大きくなっちゃうものなのでっ……」%K%P
「おち○ちんっていうのは、気持ちいいほど、\n　大きくなっちゃうものなのでっ……」%K%P
%LC依夜
%LC依夜
「おち○ちん――」%K%P
「おち○ちん――」%K%P
%LC陽菜
%LC陽菜
「んッ……」%K%P
「んッ……」%K%P
思わず口にしてしまった名称を、\n依夜様が繰り返す。%K%P
思わず口にしてしまった名称を、\n依夜様が繰り返す。%K%P
たった５文字のワードなのに、\n依夜様に言われると、それだけで――、%K%P
たった５文字のワードなのに、\n依夜様に言われると、それだけで――、%K%P
%LC依夜
%LC依夜
「おち○ちん」%K%P
「おち○ちん」%K%P
%LC陽菜
%LC陽菜
「ひうっ」%K%P
「ひうっ」%K%P
%LC依夜
%LC依夜
「おち○ちん」%K%P
「おち○ちん」%K%P
%LC陽菜
%LC陽菜
「んあッ」%K%P
「んあッ」%K%P
%LC依夜
%LC依夜
「おち○ちん」%K%P
「おち○ちん」%K%P
%LC陽菜
%LC陽菜
「ぐっ……あ、あのっ……！\n　なんでそんなに、繰り返して」%K%P
「ぐっ……あ、あのっ……！\n　なんでそんなに、繰り返して」%K%P
%LC依夜
%LC依夜
「おち○ちんって口にしたとき、\n　陽菜の腰、ぶるって震えたから」%K%P
「おち○ちんって口にしたとき、\n　陽菜の腰、ぶるって震えたから」%K%P
%LC依夜
%LC依夜
「おち○ちんって言葉に反応したかどうか、\n　見極めようと思って」%K%P
「おち○ちんって言葉に反応したかどうか、\n　見極めようと思って」%K%P
気になった事を追求していくスタンスも、\n剣術に対する姿勢そのもので。%K%P
気になった事を追求していくスタンスも、\n剣術に対する姿勢そのもので。%K%P
もしも剣術とエッチの基本が同じだとしたら、\n依夜様って、とんでもなくエッチも上手なんじゃ――、%K%P
もしも剣術とエッチの基本が同じだとしたら、\n依夜様って、とんでもなくエッチも上手なんじゃ――、%K%P
%LC依夜
%LC依夜
「ねえ、陽菜」%K%P
「ねえ、陽菜」%K%P
%LC陽菜
%LC陽菜
「はっ、はい」%K%P
「はっ、はい」%K%P
%LC依夜
%LC依夜
「そろそろ、陽菜も私にさわって」%K%P
「そろそろ、陽菜も私にさわって」%K%P
%LC陽菜
%LC陽菜
「……え？」%K%P
「……え？」%K%P
%LC依夜
%LC依夜
「お互い、相手の大切なものにさわる――、\n　ご褒美は、そういう約束だったはずでしょう？」%K%P
「お互い、相手の大切なものにさわる――、\n　ご褒美は、そういう約束だったはずでしょう？」%K%P
%LC依夜
%LC依夜
「なのに、さっきからずっと、\n　私だけがさわってばかり」%K%P
「なのに、さっきからずっと、\n　私だけがさわってばかり」%K%P
%LC依夜
%LC依夜
「約束するとき言ったはずよ。\n　私ばかりじゃ不公平だって」%K%P
「約束するとき言ったはずよ。\n　私ばかりじゃ不公平だって」%K%P
%LC依夜
%LC依夜
「だから、陽菜もふれて。\n　私の身体の、好きなところに」%K%P
「だから、陽菜もふれて。\n　私の身体の、好きなところに」%K%P
%LC陽菜
%LC陽菜
「好きな、ところ――」%K%P
「好きな、ところ――」%K%P
その言葉に、思わず視線が動いてしまう。%K%P
その言葉に、思わず視線が動いてしまう。%K%P
艶やかな髪に、綺麗な肌。%K%P
艶やかな髪に、綺麗な肌。%K%P
依夜様の肉体は、引き締まっているからこそ、\n女性的な部分がほどよく強調されていて。%K%P
依夜様の肉体は、引き締まっているからこそ、\n女性的な部分がほどよく強調されていて。%K%P
とくに、何度も背中に押しつけられた胸は、\nすごくすごく、魅力的で――、%K%P
とくに、何度も背中に押しつけられた胸は、\nすごくすごく、魅力的で――、%K%P
%LC依夜
%LC依夜
「おっぱいがいい？」%K%P
「おっぱいがいい？」%K%P
%LC陽菜
%LC陽菜
「べっ、べつに、そんなことは……っ」%K%P
「べっ、べつに、そんなことは……っ」%K%P
%LC依夜
%LC依夜
「誤魔化してもだめ。私の胸に目をやったとき、\n　陽菜のおち○ちん、びくってしたもの」%K%P
「誤魔化してもだめ。私の胸に目をやったとき、\n　陽菜のおち○ちん、びくってしたもの」%K%P
%LC依夜
%LC依夜
「ここがびくってするのは、\n　気持ちいいときなのでしょう？」%K%P
「ここがびくってするのは、\n　気持ちいいときなのでしょう？」%K%P
%LC陽菜
%LC陽菜
「ひゃう、あっ……んやううッ」%K%P
「ひゃう、あっ……んやううッ」%K%P
やんちゃな子を窘めるように、\n依夜様がペニスをぎゅっと握る。%K%P
やんちゃな子を窘めるように、\n依夜様がペニスをぎゅっと握る。%K%P
躾けるような手つきと優しい声のギャップに、\nかえって股間が反応してしまう。%K%P
躾けるような手つきと優しい声のギャップに、\nかえって股間が反応してしまう。%K%P
%LC依夜
%LC依夜
「ほら。おち○ちん、またびくって」%K%P
「ほら。おち○ちん、またびくって」%K%P
%LC依夜
%LC依夜
「見ただけでこんなに反応するんだもの。\n　さわれば、きっと、もっと――」%K%P
「見ただけでこんなに反応するんだもの。\n　さわれば、きっと、もっと――」%K%P
むににににゅんっ。%K%P
むににににゅんっ。%K%P
%LC陽菜
%LC陽菜
「ふわっ……わ、わわっ」%K%P
「ふわっ……わ、わわっ」%K%P
痺れを切らしたように、\n依夜様は自らおっぱいを押しつけてきた。%K%P
痺れを切らしたように、\n依夜様は自らおっぱいを押しつけてきた。%K%P
湯気と汗で適度に湿ったぬくもりと、\n吸いつくようにぴったり重なる、極上の柔らかさ。%K%P
湯気と汗で適度に湿ったぬくもりと、\n吸いつくようにぴったり重なる、極上の柔らかさ。%K%P
うぅ、依夜様のおっぱい、気持ち良すぎるっ……。%K%P
うぅ、依夜様のおっぱい、気持ち良すぎるっ……。%K%P
%LC依夜
%LC依夜
「あっ……陽菜のおち○ちん、\n　さっきよりも、びくびくしてる」%K%P
「あっ……陽菜のおち○ちん、\n　さっきよりも、びくびくしてる」%K%P
%LC依夜
%LC依夜
「この感じ、私をドキドキさせてくれた、\n　あの朝に握ったときとまったく同じ――」%K%P
「この感じ、私をドキドキさせてくれた、\n　あの朝に握ったときとまったく同じ――」%K%P
%LC依夜
%LC依夜
「……ううん。今のほうが、\n　固くて、太くて……なにより、熱い」%K%P
「……ううん。今のほうが、\n　固くて、太くて……なにより、熱い」%K%P
%LC陽菜
%LC陽菜
「うやぅッ、ふぅ……んぅ、んんぅっ」%K%P
「うやぅッ、ふぅ……んぅ、んんぅっ」%K%P
勃起具合を確かめるように、依夜様が力を込める。%K%P
勃起具合を確かめるように、依夜様が力を込める。%K%P
しっかりと握る強めの圧は心地良くて、\nお尻からつま先までが、ぎゅっと力んでしまう。%K%P
しっかりと握る強めの圧は心地良くて、\nお尻からつま先までが、ぎゅっと力んでしまう。%K%P
%LC依夜
%LC依夜
「陽菜、気持ちいい？」%K%P
「陽菜、気持ちいい？」%K%P
%LC陽菜
%LC陽菜
「んッ……だって、依夜様のおっぱい、\n　こんなにむぎゅってされたらっ……」%K%P
「んッ……だって、依夜様のおっぱい、\n　こんなにむぎゅってされたらっ……」%K%P
%LC依夜
%LC依夜
「されたら？」%K%P
「されたら？」%K%P
%LC陽菜
%LC陽菜
「されたら……それは、その……」%K%P
「されたら……それは、その……」%K%P
びくッ、びくッ。%K%P
びくッ、びくッ。%K%P
%LC依夜
%LC依夜
「くすっ、おち○ちん、いい子……。\n　陽菜の本心を、ぜんぶ教えてくれる」%K%P
「くすっ、おち○ちん、いい子……。\n　陽菜の本心を、ぜんぶ教えてくれる」%K%P
%LC依夜
%LC依夜
「素直で、愛らしくて……。\n　私、陽菜のおち○ちん、大好き」%K%P
「素直で、愛らしくて……。\n　私、陽菜のおち○ちん、大好き」%K%P
%LC陽菜
%LC陽菜
「んぐっ……だっ、だめですっ、\n　いま、そんなこと言われたらっ……」%K%P
「んぐっ……だっ、だめですっ、\n　いま、そんなこと言われたらっ……」%K%P
%LC依夜
%LC依夜
「おち○ちん、大好き」%K%P
「おち○ちん、大好き」%K%P
%LC陽菜
%LC陽菜
「やうっ……ああっ、あっ、あああっ」%K%P
「やうっ……ああっ、あっ、あああっ」%K%P
囁くと同時に、手コキが一段階早くなる。%K%P
囁くと同時に、手コキが一段階早くなる。%K%P
ただでさえ、おち○ちん連呼で昂ぶっていたのに、\nそのうえ手コキが早くなったりしたら――、%K%P
ただでさえ、おち○ちん連呼で昂ぶっていたのに、\nそのうえ手コキが早くなったりしたら――、%K%P
%LC陽菜
%LC陽菜
「んぅッ、だめ、依夜様、ほんとだめっ」%K%P
「んぅッ、だめ、依夜様、ほんとだめっ」%K%P
%LC依夜
%LC依夜
「これだと早い？　やめたほうがいい？」%K%P
「これだと早い？　やめたほうがいい？」%K%P
%LC陽菜
%LC陽菜
「んっ……ちがっ……ちがくて、\n　いまのは、だめになりそうって意味でっ……」%K%P
「んっ……ちがっ……ちがくて、\n　いまのは、だめになりそうって意味でっ……」%K%P
%LC陽菜
%LC陽菜
「おち○ちんが気持ち良すぎて、\n　だめになっちゃいそうってことでっ……」%K%P
「おち○ちんが気持ち良すぎて、\n　だめになっちゃいそうってことでっ……」%K%P
%LC陽菜
%LC陽菜
「だから依夜様、やめちゃ、だめっ……」%K%P
「だから依夜様、やめちゃ、だめっ……」%K%P
%LC依夜
%LC依夜
「なら、もっとだめになって、陽菜」%K%P
「なら、もっとだめになって、陽菜」%K%P
羞恥心を抑え込んで本音を告げると、\n手コキのペースがさらに早くなっていく。%K%P
羞恥心を抑え込んで本音を告げると、\n手コキのペースがさらに早くなっていく。%K%P
泡立ったソープでペニスが白くなればなるほど、\nくらくらな頭の中も、真っ白になっていって。%K%P
泡立ったソープでペニスが白くなればなるほど、\nくらくらな頭の中も、真っ白になっていって。%K%P
%LC陽菜
%LC陽菜
「はぁ、ああっ、あああっ。\n　依夜さま、ほんと、だめっ……」%K%P
「はぁ、ああっ、あああっ。\n　依夜さま、ほんと、だめっ……」%K%P
%LC依夜
%LC依夜
「……陽菜、可愛い」%K%P
「……陽菜、可愛い」%K%P
%LC陽菜
%LC陽菜
「か、可愛いって、急になにを――」%K%P
「か、可愛いって、急になにを――」%K%P
%LC依夜
%LC依夜
「ん、ちゅっ」%K%P
「ん、ちゅっ」%K%P
%LC陽菜
%LC陽菜
「えっ……わ、んぅっ、んぅんんぅ」%K%P
「えっ……わ、んぅっ、んぅんんぅ」%K%P
可愛い発言の真偽を問おうと思ったら、\n次の瞬間には、唇が重なっていた。%K%P
可愛い発言の真偽を問おうと思ったら、\n次の瞬間には、唇が重なっていた。%K%P
キスされるだなんて思ってなかったから、\n頭の中はいよいよ真っ白で。%K%P
キスされるだなんて思ってなかったから、\n頭の中はいよいよ真っ白で。%K%P
そんな真っ白な脳内を掻き混ぜるように、\n依夜様の舌が、口内へと分け入ってきた。%K%P
そんな真っ白な脳内を掻き混ぜるように、\n依夜様の舌が、口内へと分け入ってきた。%K%P
%LC依夜
%LC依夜
「はむむっ、ちゅっ……あぁむ、ちゅぷるるっ」%K%P
「はむむっ、ちゅっ……あぁむ、ちゅぷるるっ」%K%P
%LC陽菜
%LC陽菜
「んんぅッ……！？\n　ふぁあっ、むぅ、んぅうあっ」%K%P
「んんぅッ……！？\n　ふぁあっ、むぅ、んぅうあっ」%K%P
%LC依夜
%LC依夜
「れろ、ぢゅむっ……ふぅ、はぁ、\n　れるるるる、れろっ……んーむ、ちゅっ」%K%P
「れろ、ぢゅむっ……ふぅ、はぁ、\n　れるるるる、れろっ……んーむ、ちゅっ」%K%P
%LC陽菜
%LC陽菜
「ふいッ……！？　いよ、さまっ……はあっ、\n　あっ、ああっ……んむぅ、くっ、はあっ」%K%P
「ふいッ……！？　いよ、さまっ……はあっ、\n　あっ、ああっ……んむぅ、くっ、はあっ」%K%P
舌を絡めて唾液を交えると、\n垂れそうなそれを、唇ごとぺろっと舐める。%K%P
舌を絡めて唾液を交えると、\n垂れそうなそれを、唇ごとぺろっと舐める。%K%P
手コキ同様、唇と舌にも、\n学習機能はバッチリ搭載されていて。%K%P
手コキ同様、唇と舌にも、\n学習機能はバッチリ搭載されていて。%K%P
オレが身じろいだり声を漏らせば、\n依夜様はしっかり、そこを何度も攻めてきた。%K%P
オレが身じろいだり声を漏らせば、\n依夜様はしっかり、そこを何度も攻めてきた。%K%P
%LC陽菜
%LC陽菜
「はふっ……ぷはっ、はぁ、ふぅ、はぁ……」%K%P
「はふっ……ぷはっ、はぁ、ふぅ、はぁ……」%K%P
%LC陽菜
%LC陽菜
「依夜様、なんで、急にっ……」%K%P
「依夜様、なんで、急にっ……」%K%P
%LC依夜
%LC依夜
「悶える陽菜が、あまりに可愛いから。\n　思わず身体が動いてしまったの」%K%P
「悶える陽菜が、あまりに可愛いから。\n　思わず身体が動いてしまったの」%K%P
%LC依夜
%LC依夜
「唇でも、陽菜を感じたくて」%K%P
「唇でも、陽菜を感じたくて」%K%P
%LC依夜
%LC依夜
「陽菜、好きよ。大好き。……あーむっ」%K%P
「陽菜、好きよ。大好き。……あーむっ」%K%P
%LC依夜
%LC依夜
「んぅ、んんぅ……れる、ちゅっ、ぺろっ。\n　れるる、れーる……ふふ、ちゅっ、れるるっ」%K%P
「んぅ、んんぅ……れる、ちゅっ、ぺろっ。\n　れるる、れーる……ふふ、ちゅっ、れるるっ」%K%P
%LC陽菜
%LC陽菜
「ふあっ、あむっ……んぅ、ふっ、んくぅッ」%K%P
「ふあっ、あむっ……んぅ、ふっ、んくぅッ」%K%P
目は口ほどに物を言う、なんて言うけれど、\n重ねた唇からは、依夜様の情熱が伝わってきて。%K%P
目は口ほどに物を言う、なんて言うけれど、\n重ねた唇からは、依夜様の情熱が伝わってきて。%K%P
舌が絡んで、唾液がちゃぷちゃぷ鳴るたび、\n心までとろとろに溶かされていくみたいだ。%K%P
舌が絡んで、唾液がちゃぷちゃぷ鳴るたび、\n心までとろとろに溶かされていくみたいだ。%K%P
%LC陽菜
%LC陽菜
「はぁ……んっ、はぁ、ああっ……。\n　やっ、だめ、これもうっ、もうッ……」%K%P
「はぁ……んっ、はぁ、ああっ……。\n　やっ、だめ、これもうっ、もうッ……」%K%P
%LC依夜
%LC依夜
「ちゅっ、んむっ……もう？　なぁに？」%K%P
「ちゅっ、んむっ……もう？　なぁに？」%K%P
%LC陽菜
%LC陽菜
「おち○ちん、イキそうでっ……。\n　もうじき、射精しちゃいそうッ……」%K%P
「おち○ちん、イキそうでっ……。\n　もうじき、射精しちゃいそうッ……」%K%P
イクって表現だけじゃ伝わらないと思い、\n咄嗟に射精という言葉を付け足す。%K%P
イクって表現だけじゃ伝わらないと思い、\n咄嗟に射精という言葉を付け足す。%K%P
オレの配慮を汲み取ったらしい依夜様は、\nさらにむぎゅっと、身体を押しつけてきた。%K%P
オレの配慮を汲み取ったらしい依夜様は、\nさらにむぎゅっと、身体を押しつけてきた。%K%P
%LC依夜
%LC依夜
「手の動き、もっと早いほうがいい？」%K%P
「手の動き、もっと早いほうがいい？」%K%P
%LC陽菜
%LC陽菜
「うんっ……。できればもっと、\n　しこしこしてもらえるとっ……」%K%P
「うんっ……。できればもっと、\n　しこしこしてもらえるとっ……」%K%P
%LC依夜
%LC依夜
「しこしこ？」%K%P
「しこしこ？」%K%P
%LC陽菜
%LC陽菜
「あっ……しこしこっていうのは、\n　扱くときの音というか、擬音みたいなもので」%K%P
「あっ……しこしこっていうのは、\n　扱くときの音というか、擬音みたいなもので」%K%P
%LC依夜
%LC依夜
「オノマトペね。つまり――」%K%P
「オノマトペね。つまり――」%K%P
%LC依夜
%LC依夜
「陽菜はいま、私にもっといっぱい、\n　おち○ちんをしこしこしてほしいのでしょう？」%K%P
「陽菜はいま、私にもっといっぱい、\n　おち○ちんをしこしこしてほしいのでしょう？」%K%P
%LC陽菜
%LC陽菜
「そうっ……。おち○ちん、\n　いっぱいしこしこして、依夜様っ……」%K%P
「そうっ……。おち○ちん、\n　いっぱいしこしこして、依夜様っ……」%K%P
%LC依夜
%LC依夜
「うん。いっぱいしこしこしてあげる」%K%P
「うん。いっぱいしこしこしてあげる」%K%P
%LC陽菜
%LC陽菜
「ああっ、依夜さま、すごいっ……」%K%P
「ああっ、依夜さま、すごいっ……」%K%P
エッチに疎くとも覚えの早い依夜様は、\n学びがあれば、すぐさま吸収してしまう。%K%P
エッチに疎くとも覚えの早い依夜様は、\n学びがあれば、すぐさま吸収してしまう。%K%P
最初はぎこちなかった手コキも、\n今ではもう、オレよりもずっと上手で。%K%P
最初はぎこちなかった手コキも、\n今ではもう、オレよりもずっと上手で。%K%P
そんな依夜様の手の中で、\n射精したくて、しょうがなくて。%K%P
そんな依夜様の手の中で、\n射精したくて、しょうがなくて。%K%P
%LC陽菜
%LC陽菜
「出すとき、イクって言うのでっ……。\n　そうしたら、私から離れてください」%K%P
「出すとき、イクって言うのでっ……。\n　そうしたら、私から離れてください」%K%P
%LC陽菜
%LC陽菜
「でないと、依夜様に精子、\n　いっぱいかかっちゃうからっ……」%K%P
「でないと、依夜様に精子、\n　いっぱいかかっちゃうからっ……」%K%P
%LC依夜
%LC依夜
「だめよ。出すときは、私にかけて」%K%P
「だめよ。出すときは、私にかけて」%K%P
%LC依夜
%LC依夜
「私は陽菜の精子をかけてほしくて、\n　おち○ちんをしこしこしているのだから」%K%P
「私は陽菜の精子をかけてほしくて、\n　おち○ちんをしこしこしているのだから」%K%P
とんでもないことをさらっと言われて、\n睾丸ごと玉袋がぞくっと震えた。%K%P
とんでもないことをさらっと言われて、\n睾丸ごと玉袋がぞくっと震えた。%K%P
かけてほしいって……このまま、\n依夜様に射精しちゃっていいってこと？%K%P
かけてほしいって……このまま、\n依夜様に射精しちゃっていいってこと？%K%P
オレの精子を、依夜様に――、%K%P
オレの精子を、依夜様に――、%K%P
%LC陽菜
%LC陽菜
「ぐッ……依夜様、ズルいっ……。\n　いま、そんなこと言われたらっ……」%K%P
「ぐッ……依夜様、ズルいっ……。\n　いま、そんなこと言われたらっ……」%K%P
%LC依夜
%LC依夜
「ズルくないわ。本当のことよ」%K%P
「ズルくないわ。本当のことよ」%K%P
%LC依夜
%LC依夜
「陽菜の精子を、私にちょうだい」%K%P
「陽菜の精子を、私にちょうだい」%K%P
%LC陽菜
%LC陽菜
「うぅ、もうっ、ホントにもうっ……！」%K%P
「うぅ、もうっ、ホントにもうっ……！」%K%P
口下手ゆえの真っ直ぐすぎる表現が、\n射精間近でぐつぐつ煮えてる理性を溶かす。%K%P
口下手ゆえの真っ直ぐすぎる表現が、\n射精間近でぐつぐつ煮えてる理性を溶かす。%K%P
%LC依夜
%LC依夜
「手はこのまま？\n　それとも、もっと早く？」%K%P
「手はこのまま？\n　それとも、もっと早く？」%K%P
%LC陽菜
%LC陽菜
「速さは、このままっ……。\n　でも、できればもっと、ぎゅって」%K%P
「速さは、このままっ……。\n　でも、できればもっと、ぎゅって」%K%P
%LC依夜
%LC依夜
「ぎゅーぅっ」%K%P
「ぎゅーぅっ」%K%P
%LC陽菜
%LC陽菜
「うやっ、くっ、ああうっ……！」%K%P
「うやっ、くっ、ああうっ……！」%K%P
ぎゅっ、というたった一言だけで、\n依夜様はオレのペニスを握りしめてくれた。%K%P
ぎゅっ、というたった一言だけで、\n依夜様はオレのペニスを握りしめてくれた。%K%P
さらにはおっぱいまで、\nぎゅーっと押しつけてくれて。%K%P
さらにはおっぱいまで、\nぎゅーっと押しつけてくれて。%K%P
ふたつのぎゅっが重なって、\n一気に、限界が近づいて――、%K%P
ふたつのぎゅっが重なって、\n一気に、限界が近づいて――、%K%P
%LC陽菜
%LC陽菜
「だめ、勝手に腰、動いてっ……ああっ、\n　依夜様イクっ、オレもうイッちゃうッ」%K%P
「だめ、勝手に腰、動いてっ……ああっ、\n　依夜様イクっ、オレもうイッちゃうッ」%K%P
%LC依夜
%LC依夜
「うん。イッて、陽菜。\n　このまま私にいっぱい出して」%K%P
「うん。イッて、陽菜。\n　このまま私にいっぱい出して」%K%P
%LC陽菜
%LC陽菜
「ああッ、あっ、いくっ、いくッ……！\n　ぐっ……ああっ、ああっ、ああぁああッ！」%K%P
「ああッ、あっ、いくっ、いくッ……！\n　ぐっ……ああっ、ああっ、ああぁああッ！」%K%P
%LC依夜
%LC依夜
「あっ……あぁ、白いのいっぱい……あんっ、\n　すごい……陽菜の精子、熱いっ……」%K%P
「あっ……あぁ、白いのいっぱい……あんっ、\n　すごい……陽菜の精子、熱いっ……」%K%P
%LC依夜
%LC依夜
「おち○ちんから、たくさん……あっ、ああっ、\n　これが男の子の……陽菜の、精子っ……」%K%P
「おち○ちんから、たくさん……あっ、ああっ、\n　これが男の子の……陽菜の、精子っ……」%K%P
めいっぱい振った炭酸みたいに、\n溢れ出た精子があちこちに飛び散る。%K%P
めいっぱい振った炭酸みたいに、\n溢れ出た精子があちこちに飛び散る。%K%P
その様子をうっとり眺める依夜様の瞳で、\nますますペニスが昂ぶってしまう。%K%P
その様子をうっとり眺める依夜様の瞳で、\nますますペニスが昂ぶってしまう。%K%P
%LC陽菜
%LC陽菜
「んうッ……これ、ヤバいっ……、\n　射精、ちっとも、とまんないっ……」%K%P
「んうッ……これ、ヤバいっ……、\n　射精、ちっとも、とまんないっ……」%K%P
%LC依夜
%LC依夜
「大丈夫よ、私がさすってあげる」%K%P
「大丈夫よ、私がさすってあげる」%K%P
%LC陽菜
%LC陽菜
「ああっ……？！　だめ、依夜様だめぇ、\n　いま、おち○ちんしごいちゃァ……ッ」%K%P
「ああっ……？！　だめ、依夜様だめぇ、\n　いま、おち○ちんしごいちゃァ……ッ」%K%P
射精し続けるペニスを気遣うように、\n依夜様が優しく竿を撫でる。%K%P
射精し続けるペニスを気遣うように、\n依夜様が優しく竿を撫でる。%K%P
イッてる最中の敏感ペニスをしごかれたら、\nそんなの、気持ち良いに決まって――、%K%P
イッてる最中の敏感ペニスをしごかれたら、\nそんなの、気持ち良いに決まって――、%K%P
%LC陽菜
%LC陽菜
「ひぐッ、あっ、ああっ……やっ、うそ、\n　またイクッ……いぐっ、んぅうう……ッ！」%K%P
「ひぐッ、あっ、ああっ……やっ、うそ、\n　またイクッ……いぐっ、んぅうう……ッ！」%K%P
%LC陽菜
%LC陽菜
「はあッ、はぁああっ……ああっ、やぅ、\n　これ、しゅごひっ……ぅんぅんん……ッ」%K%P
「はあッ、はぁああっ……ああっ、やぅ、\n　これ、しゅごひっ……ぅんぅんん……ッ」%K%P
射精後の脱力感を味わう暇なく、\nまたもやペニスが大きく反り返る。%K%P
射精後の脱力感を味わう暇なく、\nまたもやペニスが大きく反り返る。%K%P
立て続けの絶頂――まさかの連続射精に、\n腰が見事に砕けてしまう。%K%P
立て続けの絶頂――まさかの連続射精に、\n腰が見事に砕けてしまう。%K%P
%LC依夜
%LC依夜
「あぁ……おち○ちん、すごい……。\n　撫でると、精子がどくどく溢れて……」%K%P
「あぁ……おち○ちん、すごい……。\n　撫でると、精子がどくどく溢れて……」%K%P
%LC陽菜
%LC陽菜
「やっ、だめ、依夜様だめっ、\n　ストップ、手はストップぅっ……」%K%P
「やっ、だめ、依夜様だめっ、\n　ストップ、手はストップぅっ……」%K%P
%LC依夜
%LC依夜
「けど」%K%P
「けど」%K%P
%LC陽菜
%LC陽菜
「依夜様がやめてくれないと、\n　おち○ちんがイキつづけちゃうんですっ」%K%P
「依夜様がやめてくれないと、\n　おち○ちんがイキつづけちゃうんですっ」%K%P
すがるように訴えると、\n依夜様は名残惜しそうに手をとめてくれて。%K%P
すがるように訴えると、\n依夜様は名残惜しそうに手をとめてくれて。%K%P
壊れた蛇口みたいに射精し続けていたペニスは、\nそこでようやく、大人しくなってくれた。%K%P
壊れた蛇口みたいに射精し続けていたペニスは、\nそこでようやく、大人しくなってくれた。%K%P
%LC陽菜
%LC陽菜
「はふぅ……ふぅ、はぁ、はぁ……」%K%P
「はふぅ……ふぅ、はぁ、はぁ……」%K%P
濡れている床に、背中がぴったりと貼りつく。%K%P
濡れている床に、背中がぴったりと貼りつく。%K%P
気付けば視界には天井だけがあって、\n手足はおろか、指一本すら動かすのが難しい。%K%P
気付けば視界には天井だけがあって、\n手足はおろか、指一本すら動かすのが難しい。%K%P
%LC陽菜
%LC陽菜
「……うぅ、こんなの、はじめて……」%K%P
「……うぅ、こんなの、はじめて……」%K%P
女装して以来ずっと我慢していたから、\n溜まっているだろうとは思っていた。%K%P
女装して以来ずっと我慢していたから、\n溜まっているだろうとは思っていた。%K%P
けど、依夜様の無自覚アシストがあったとはいえ、\nまさか連続射精を決めてしまうだなんて……。%K%P
けど、依夜様の無自覚アシストがあったとはいえ、\nまさか連続射精を決めてしまうだなんて……。%K%P
%LC依夜
%LC依夜
「陽菜、大丈夫？」%K%P
「陽菜、大丈夫？」%K%P
%LC陽菜
%LC陽菜
「はい、なんとか……」%K%P
「はい、なんとか……」%K%P
仰向けに寝そべったまま動けないオレを、\n依夜様が心配そうに覗き込む。%K%P
仰向けに寝そべったまま動けないオレを、\n依夜様が心配そうに覗き込む。%K%P
%LC陽菜
%LC陽菜
「依夜様も、大丈夫ですか？\n　その……いっぱいかかっちゃいましたよね」%K%P
「依夜様も、大丈夫ですか？\n　その……いっぱいかかっちゃいましたよね」%K%P
%LC依夜
%LC依夜
「精子のことなら気にしないで。\n　もとより、私がお願いしたことだもの」%K%P
「精子のことなら気にしないで。\n　もとより、私がお願いしたことだもの」%K%P
%LC依夜
%LC依夜
「ただ、その……」%K%P
「ただ、その……」%K%P
%LC依夜
%LC依夜
「……私自身が、大丈夫ではないみたい」%K%P
「……私自身が、大丈夫ではないみたい」%K%P
%LC依夜
%LC依夜
「その証拠に……ほら」%K%P
「その証拠に……ほら」%K%P
%LC陽菜
%LC陽菜
「あ……」%K%P
「あ……」%K%P
オレの手をとった依夜様は、\nそれを自らの胸元へと導く。%K%P
オレの手をとった依夜様は、\nそれを自らの胸元へと導く。%K%P
おそらく、心臓の鼓動を伝えたくて、\nこんなことをしてくれたんだろうと思う。%K%P
おそらく、心臓の鼓動を伝えたくて、\nこんなことをしてくれたんだろうと思う。%K%P
けど、オレはそれよりも、おっぱいそのものの\n感触にすっかり魅了されてしまって。%K%P
けど、オレはそれよりも、おっぱいそのものの\n感触にすっかり魅了されてしまって。%K%P
%LC陽菜
%LC陽菜
「……おっぱい、すごい……」%K%P
「……おっぱい、すごい……」%K%P
まるで子供みたいに呟いてしまったオレを見て、\n依夜様はくすりと微笑む。%K%P
まるで子供みたいに呟いてしまったオレを見て、\n依夜様はくすりと微笑む。%K%P
%LC依夜
%LC依夜
「すごいのは、おっぱいだけではないの。\n　あそこも大変なことになっているんだから」%K%P
「すごいのは、おっぱいだけではないの。\n　あそこも大変なことになっているんだから」%K%P
そんな火照った声とともに、\n今度は腰あたりに、わずかな重みがくわわる。%K%P
そんな火照った声とともに、\n今度は腰あたりに、わずかな重みがくわわる。%K%P
まさかと思い、どうにか顔をあげると、\nそこには、オレに馬乗りになった依夜様が――、%K%P
まさかと思い、どうにか顔をあげると、\nそこには、オレに馬乗りになった依夜様が――、%K%P
%LC依夜
%LC依夜
「……ね？　濡れているの、わかる？」%K%P
「……ね？　濡れているの、わかる？」%K%P
%LC陽菜
%LC陽菜
「んっ……」%K%P
「んっ……」%K%P
反り返っていたペニスの裏筋を、\nぬるん、という火照った湿り気が覆う。%K%P
反り返っていたペニスの裏筋を、\nぬるん、という火照った湿り気が覆う。%K%P
依夜様の言う通り、彼女の秘部は、\n照りがわかるほどにたっぷりと濡れていて。%K%P
依夜様の言う通り、彼女の秘部は、\n照りがわかるほどにたっぷりと濡れていて。%K%P
溢れる愛液はペニスにまで垂れて、\nいまにもぬるっと入ってしまいそうだった。%K%P
溢れる愛液はペニスにまで垂れて、\nいまにもぬるっと入ってしまいそうだった。%K%P
%LC依夜
%LC依夜
「お願い、陽菜。\n　あなたのおち○ちん、感じさせて」%K%P
「お願い、陽菜。\n　あなたのおち○ちん、感じさせて」%K%P
%LC依夜
%LC依夜
「今度は、手ではなく……私の、ここで。\n　おま○こで、陽菜を感じたいの」%K%P
「今度は、手ではなく……私の、ここで。\n　おま○こで、陽菜を感じたいの」%K%P
ドキっとするワードをさらりと告げた依夜様が、\nオレの顔を覗き込む。%K%P
ドキっとするワードをさらりと告げた依夜様が、\nオレの顔を覗き込む。%K%P
艶っぽい声や潤んだ瞳からして、\n依夜様が発情しちゃってるのは明らかで。%K%P
艶っぽい声や潤んだ瞳からして、\n依夜様が発情しちゃってるのは明らかで。%K%P
その原因は間違いなく、\nオレが精子をぶっかけちゃったせいで。%K%P
その原因は間違いなく、\nオレが精子をぶっかけちゃったせいで。%K%P
%LC陽菜
%LC陽菜
「……本当に、いいんですか？」%K%P
「……本当に、いいんですか？」%K%P
わずかに躊躇ってしまったのは、おそらく、\n射精を経たことで理性が少し戻ったからだ。%K%P
わずかに躊躇ってしまったのは、おそらく、\n射精を経たことで理性が少し戻ったからだ。%K%P
互いの好意は確かめあったとはいえ、\nこんな形でエッチをしていいものかどうか。%K%P
互いの好意は確かめあったとはいえ、\nこんな形でエッチをしていいものかどうか。%K%P
もっといえば、依夜様の初体験の相手が、\n本当にオレでいいのかどうか――、%K%P
もっといえば、依夜様の初体験の相手が、\n本当にオレでいいのかどうか――、%K%P
%LC依夜
%LC依夜
「私は、陽菜がいい。陽菜としたい」%K%P
「私は、陽菜がいい。陽菜としたい」%K%P
%LC依夜
%LC依夜
「もし今、あなたがイヤだといっても。\n　いいと言ってくれるまで、離してあげない」%K%P
「もし今、あなたがイヤだといっても。\n　いいと言ってくれるまで、離してあげない」%K%P
%LC依夜
%LC依夜
「私は、それぐらい本気よ」%K%P
「私は、それぐらい本気よ」%K%P
%LC陽菜
%LC陽菜
「依夜様……」%K%P
「依夜様……」%K%P
寄り添い重なる依夜様の手に力がこもると、\nオレの指が、柔らかなおっぱいに食い込んでいく。%K%P
寄り添い重なる依夜様の手に力がこもると、\nオレの指が、柔らかなおっぱいに食い込んでいく。%K%P
それはきっと、怯まず踏み込んできて欲しいと、\nそう願う依夜様からのメッセージで。%K%P
それはきっと、怯まず踏み込んできて欲しいと、\nそう願う依夜様からのメッセージで。%K%P
そんな心情をすぐに察してしまえるぐらい、\nオレは依夜様のことを、わかるようになっていて。%K%P
そんな心情をすぐに察してしまえるぐらい、\nオレは依夜様のことを、わかるようになっていて。%K%P
それが、すごく嬉しくて。%K%P
それが、すごく嬉しくて。%K%P
%LC陽菜
%LC陽菜
「……私も、依夜様とエッチしたいです」%K%P
「……私も、依夜様とエッチしたいです」%K%P
%LC陽菜
%LC陽菜
「ただ、その……情けないことに、\n　さっきの射精のせいで、力、入らなくて」%K%P
「ただ、その……情けないことに、\n　さっきの射精のせいで、力、入らなくて」%K%P
%LC依夜
%LC依夜
「大丈夫、私に任せて」%K%P
「大丈夫、私に任せて」%K%P
%LC依夜
%LC依夜
「陽菜とは既に心を重ねた仲だもの。\n　肌を重ねることだって、訳ないわ」%K%P
「陽菜とは既に心を重ねた仲だもの。\n　肌を重ねることだって、訳ないわ」%K%P
なんとも頼もしい言葉のあと、\n依夜様はゆっくりと腰を浮かせた。%K%P
なんとも頼もしい言葉のあと、\n依夜様はゆっくりと腰を浮かせた。%K%P
それを追いかけるように、\nペニスがむくっと起き上がる。%K%P
それを追いかけるように、\nペニスがむくっと起き上がる。%K%P
%LC依夜
%LC依夜
「あっ……ふふ、身体は動かなくても、\n　おち○ちんは元気いっぱい」%K%P
「あっ……ふふ、身体は動かなくても、\n　おち○ちんは元気いっぱい」%K%P
%LC陽菜
%LC陽菜
「あうっ……。すみません、\n　あんなに出したのに、元気いっぱいで……」%K%P
「あうっ……。すみません、\n　あんなに出したのに、元気いっぱいで……」%K%P
%LC依夜
%LC依夜
「どうして謝るの？\n　元気なのはいいことでしょう？」%K%P
「どうして謝るの？\n　元気なのはいいことでしょう？」%K%P
%LC依夜
%LC依夜
「それに、陽菜がこんなに勃起しているのは、\n　私に欲情してくれているからで――」%K%P
「それに、陽菜がこんなに勃起しているのは、\n　私に欲情してくれているからで――」%K%P
%LC依夜
%LC依夜
「私はそれが、とっても嬉しい」%K%P
「私はそれが、とっても嬉しい」%K%P
いつもより熱っぽい声で囁かれて、\n心臓と股間が、同時に跳ねる。%K%P
いつもより熱っぽい声で囁かれて、\n心臓と股間が、同時に跳ねる。%K%P
こんなときまで格好いいなんて……、\n依夜様ってば、本当にズルすぎる。%K%P
こんなときまで格好いいなんて……、\n依夜様ってば、本当にズルすぎる。%K%P
%LC依夜
%LC依夜
「んぅッ……はあっ、あぁ、あああっ」%K%P
「んぅッ……はあっ、あぁ、あああっ」%K%P
ペニスを組み伏せた割れ目が滑ると、\nぬるっという湿り気が竿全体を包み込む。%K%P
ペニスを組み伏せた割れ目が滑ると、\nぬるっという湿り気が竿全体を包み込む。%K%P
依夜様の膣口からは絶えず愛液が垂れて、\nその光景と感触に、自然と喉が鳴った。%K%P
依夜様の膣口からは絶えず愛液が垂れて、\nその光景と感触に、自然と喉が鳴った。%K%P
%LC依夜
%LC依夜
「私からは、よく見えないのだけど……。\n　どう？　位置は、これであってる？」%K%P
「私からは、よく見えないのだけど……。\n　どう？　位置は、これであってる？」%K%P
%LC陽菜
%LC陽菜
「はい。あと、もう少しで――」%K%P
「はい。あと、もう少しで――」%K%P
固唾を飲んで見守る中、依夜様の割れ目が、\n少しずつペニスを受け入れていく。%K%P
固唾を飲んで見守る中、依夜様の割れ目が、\n少しずつペニスを受け入れていく。%K%P
たっぷりの愛液で歓迎された亀頭は、\n吸い込まれるように、彼女の膣内へ――、%K%P
たっぷりの愛液で歓迎された亀頭は、\n吸い込まれるように、彼女の膣内へ――、%K%P
%LC依夜
%LC依夜
「あっ……んうっ、はぅああっ、\n　んあっ、はッ……あっ、ああぁあぁッ」%K%P
「あっ……んうっ、はぅああっ、\n　んあっ、はッ……あっ、ああぁあぁッ」%K%P
%LC陽菜
%LC陽菜
「うぁっ……なか、あったかいっ……」%K%P
「うぁっ……なか、あったかいっ……」%K%P
初めての感覚に、声が漏れる。%K%P
初めての感覚に、声が漏れる。%K%P
ペニスだって相当火照っているはずなのに、\nそれを包み込む膣内は、さらに熱い。%K%P
ペニスだって相当火照っているはずなのに、\nそれを包み込む膣内は、さらに熱い。%K%P
%LC依夜
%LC依夜
「あっ、ああっ……おち○ちん、\n　膣内で、ぶるって……ぐッ、んううッ」%K%P
「あっ、ああっ……おち○ちん、\n　膣内で、ぶるって……ぐッ、んううッ」%K%P
オレを受け入れた依夜様の表情が、\nわずかに歪む。%K%P
オレを受け入れた依夜様の表情が、\nわずかに歪む。%K%P
亀頭の行く手には関所のような薄膜があって、\nそれが原因なのは明らかだった。%K%P
亀頭の行く手には関所のような薄膜があって、\nそれが原因なのは明らかだった。%K%P
%LC陽菜
%LC陽菜
「あのっ……」%K%P
「あのっ……」%K%P
%LC依夜
%LC依夜
「んっ……心配しないで、陽菜。\n　初めてが痛いことぐらい、知っているから」%K%P
「んっ……心配しないで、陽菜。\n　初めてが痛いことぐらい、知っているから」%K%P
%LC依夜
%LC依夜
「痛いと知っていて……それでも私は、\n　あなたとひとつになりたいと思ったの」%K%P
「痛いと知っていて……それでも私は、\n　あなたとひとつになりたいと思ったの」%K%P
%LC依夜
%LC依夜
「陽菜となら、どんな痛みでも、\n　乗り越えられると思ったから」%K%P
「陽菜となら、どんな痛みでも、\n　乗り越えられると思ったから」%K%P
%LC陽菜
%LC陽菜
「依夜様……」%K%P
「依夜様……」%K%P
%LC陽菜
%LC陽菜
「私も、依夜様のこと、大好きです」%K%P
「私も、依夜様のこと、大好きです」%K%P
%LC依夜
%LC依夜
「うんっ……氈v%K%P
「うんっ……氈v%K%P
微笑んだ依夜様が、そっと、腰を――、%K%P
微笑んだ依夜様が、そっと、腰を――、%K%P
%LC依夜
%LC依夜
「んぐっ……！　ひぅ、くううッ……んうッ、\n　くああっ、はあっ、あああああっ」%K%P
「んぐっ……！　ひぅ、くううッ……んうッ、\n　くああっ、はあっ、あああああっ」%K%P
%LC依夜
%LC依夜
「はぁ、あっ……くあっ、あっ、あああっ、\n　陽菜のが、ぜんぶ、私の、膣内にぃっ……」%K%P
「はぁ、あっ……くあっ、あっ、あああっ、\n　陽菜のが、ぜんぶ、私の、膣内にぃっ……」%K%P
悶える依夜様の膣口から、\n初めてを乗り越えた印が垂れてくる。%K%P
悶える依夜様の膣口から、\n初めてを乗り越えた印が垂れてくる。%K%P
漂う湯気の白さが目立つ視界の中で、\nその深紅は、すごくすごく、鮮烈だった。%K%P
漂う湯気の白さが目立つ視界の中で、\nその深紅は、すごくすごく、鮮烈だった。%K%P
%LC依夜
%LC依夜
「はふぅ、はあっ……はぁ、はぁ……ふぅ、\n　んっ……ふっ、ふふ、んふっ、うふふっ」%K%P
「はふぅ、はあっ……はぁ、はぁ……ふぅ、\n　んっ……ふっ、ふふ、んふっ、うふふっ」%K%P
%LC陽菜
%LC陽菜
「いっ、依夜様……？　大丈夫ですか？」%K%P
「いっ、依夜様……？　大丈夫ですか？」%K%P
%LC依夜
%LC依夜
「うん。ごめんなさい、急に笑ったりして」%K%P
「うん。ごめんなさい、急に笑ったりして」%K%P
%LC依夜
%LC依夜
「ただ、陽菜とひとつになれたと思ったら、\n　なんだかとても、幸せで……ふふ」%K%P
「ただ、陽菜とひとつになれたと思ったら、\n　なんだかとても、幸せで……ふふ」%K%P
%LC陽菜
%LC陽菜
「ん……」%K%P
「ん……」%K%P
普段あまり喜色を表に出さない人だからこそ、\n声を出して微笑む姿は、すごく新鮮で。%K%P
普段あまり喜色を表に出さない人だからこそ、\n声を出して微笑む姿は、すごく新鮮で。%K%P
その表情は、あまりにも――、%K%P
その表情は、あまりにも――、%K%P
%LC陽菜
%LC陽菜
「……依夜様、可愛い」%K%P
「……依夜様、可愛い」%K%P
%LC依夜
%LC依夜
「え……？　可愛いって……私が？」%K%P
「え……？　可愛いって……私が？」%K%P
%LC陽菜
%LC陽菜
「はい。さっきのお返しでもないですけど、\n　笑っている依夜様、可愛いなって」%K%P
「はい。さっきのお返しでもないですけど、\n　笑っている依夜様、可愛いなって」%K%P
%LC依夜
%LC依夜
「そんな……笑ったぐらいで、\n　可愛いだなんて言われても……」%K%P
「そんな……笑ったぐらいで、\n　可愛いだなんて言われても……」%K%P
%LC陽菜
%LC陽菜
「でも、本当のことです」%K%P
「でも、本当のことです」%K%P
%LC依夜
%LC依夜
「ッ……ん、もうっ……」%K%P
「ッ……ん、もうっ……」%K%P
いまにも唇を尖らせそうな表情で、\nちょっと拗ねながら、オレを見下ろす。%K%P
いまにも唇を尖らせそうな表情で、\nちょっと拗ねながら、オレを見下ろす。%K%P
そんな反応も、すごく可愛い――なんて、\nそんなふうに思っていたら。%K%P
そんな反応も、すごく可愛い――なんて、\nそんなふうに思っていたら。%K%P
%LC依夜
%LC依夜
「……なるほど、そういうこと。\n　陽菜がなにを考えているか、わかったわ」%K%P
「……なるほど、そういうこと。\n　陽菜がなにを考えているか、わかったわ」%K%P
%LC陽菜
%LC陽菜
「へ……？」%K%P
「へ……？」%K%P
%LC依夜
%LC依夜
「身体に力が入らない分、\n　言葉で私を攻める魂胆なのでしょう？」%K%P
「身体に力が入らない分、\n　言葉で私を攻める魂胆なのでしょう？」%K%P
%LC依夜
%LC依夜
「陽菜がそのつもりなら、私だって――」%K%P
「陽菜がそのつもりなら、私だって――」%K%P
意気込み、依夜様が腰を揺する。%K%P
意気込み、依夜様が腰を揺する。%K%P
彼女の可愛さに気が緩んでいたオレは、\nその不意打ちを見事に食らってしまって。%K%P
彼女の可愛さに気が緩んでいたオレは、\nその不意打ちを見事に食らってしまって。%K%P
%LC陽菜
%LC陽菜
「あっ、ちょっ……？！\n　依夜様だめっ、やっ、ふにゃうッ」%K%P
「あっ、ちょっ……？！\n　依夜様だめっ、やっ、ふにゃうッ」%K%P
%LC依夜
%LC依夜
「くぅうっ……はあっ、あっ、はぁはぁ、\n　んぐぐっ、ふぅ……ふぅ、はぁ、んうぅっ」%K%P
「くぅうっ……はあっ、あっ、はぁはぁ、\n　んぐぐっ、ふぅ……ふぅ、はぁ、んうぅっ」%K%P
%LC依夜
%LC依夜
「陽菜のおち○ちん、どんどん、奥にっ……。\n　私の奥に、入ってっ……はあっ、んはあっ」%K%P
「陽菜のおち○ちん、どんどん、奥にっ……。\n　私の奥に、入ってっ……はあっ、んはあっ」%K%P
ゼリーみたいにトロトロなヒダを掻き分け、\nペニスが膣奥へ飲み込まれていく。%K%P
ゼリーみたいにトロトロなヒダを掻き分け、\nペニスが膣奥へ飲み込まれていく。%K%P
根元までみっちりと圧に包み込まれると、\nそれだけで腰が抜けそうなぐらい気持ちいい。%K%P
根元までみっちりと圧に包み込まれると、\nそれだけで腰が抜けそうなぐらい気持ちいい。%K%P
なのに依夜様ときたら、そこからさらに、\n腰を、くいっ、くいっと前後に揺すって――、%K%P
なのに依夜様ときたら、そこからさらに、\n腰を、くいっ、くいっと前後に揺すって――、%K%P
%LC陽菜
%LC陽菜
「ひぐっ……あっ、だめ、依夜様だめっ。\n　そんなに、腰、うごかしちゃ……ッ」%K%P
「ひぐっ……あっ、だめ、依夜様だめっ。\n　そんなに、腰、うごかしちゃ……ッ」%K%P
%LC依夜
%LC依夜
「そんなことを言っても……んっ、ふふ、\n　腰、とめて、あげないん、だからっ……」%K%P
「そんなことを言っても……んっ、ふふ、\n　腰、とめて、あげないん、だからっ……」%K%P
%LC依夜
%LC依夜
「ダメって言葉は、気持ちよすぎるから出るって、\n　さっき陽菜が自分で言ったのよ？」%K%P
「ダメって言葉は、気持ちよすぎるから出るって、\n　さっき陽菜が自分で言ったのよ？」%K%P
%LC陽菜
%LC陽菜
「ちがっ……？！　だめ、ほんとダメ、\n　これマジでだめなんですってば依夜様ぁ」%K%P
「ちがっ……？！　だめ、ほんとダメ、\n　これマジでだめなんですってば依夜様ぁ」%K%P
駄々っ子のように懸命に抵抗してみるけど、\nいまの依夜様には、むしろ逆効果で。%K%P
駄々っ子のように懸命に抵抗してみるけど、\nいまの依夜様には、むしろ逆効果で。%K%P
オレが身悶えれば身悶えるほどに、\n依夜様の腰の動きは大きくなってしまう。%K%P
オレが身悶えれば身悶えるほどに、\n依夜様の腰の動きは大きくなってしまう。%K%P
%LC陽菜
%LC陽菜
「ふあっ、だめっ、ほんとっ……ひうっ、\n　んあぁあっ、はぁはぁ……はぐっ、んうんッ」%K%P
「ふあっ、だめっ、ほんとっ……ひうっ、\n　んあぁあっ、はぁはぁ……はぐっ、んうんッ」%K%P
%LC依夜
%LC依夜
「ふぅっ、はあっ、あぁ……んふっ、はぁ、\n　はぁ、ああっ……ふふ、んふっ、ふふっ」%K%P
「ふぅっ、はあっ、あぁ……んふっ、はぁ、\n　はぁ、ああっ……ふふ、んふっ、ふふっ」%K%P
%LC依夜
%LC依夜
「腰をゆすると、膣内で、びくびくして……。\n　陽菜のおち○ちん、気持ちいいっ……」%K%P
「腰をゆすると、膣内で、びくびくして……。\n　陽菜のおち○ちん、気持ちいいっ……」%K%P
%LC依夜
%LC依夜
「それに……感じる陽菜、\n　やっぱり、すっごく可愛いっ……」%K%P
「それに……感じる陽菜、\n　やっぱり、すっごく可愛いっ……」%K%P
%LC陽菜
%LC陽菜
「ぐっ……んもおっ、\n　またそういうこと言ってっ……」%K%P
「ぐっ……んもおっ、\n　またそういうこと言ってっ……」%K%P
%LC依夜
%LC依夜
「仕方ないでしょう？\n　だって、本当のことだもの」%K%P
「仕方ないでしょう？\n　だって、本当のことだもの」%K%P
%LC依夜
%LC依夜
「気持ち良さそうな陽菜を見てると、\n　私、すごく、ドキドキして――」%K%P
「気持ち良さそうな陽菜を見てると、\n　私、すごく、ドキドキして――」%K%P
%LC依夜
%LC依夜
「ほら……わかる？　胸だけでなく、\n　あそこも、きゅうってなってしまうの」%K%P
「ほら……わかる？　胸だけでなく、\n　あそこも、きゅうってなってしまうの」%K%P
%LC陽菜
%LC陽菜
「んみゃッ……！？　くあっ、んぁあァっ」%K%P
「んみゃッ……！？　くあっ、んぁあァっ」%K%P
依夜様の腰が大きくスライドすると、\n愛液たっぷりのヒダがペニスを撫で回す。%K%P
依夜様の腰が大きくスライドすると、\n愛液たっぷりのヒダがペニスを撫で回す。%K%P
同時に膣圧もぐんぐん増して、\n擦られる刺激自体も強くなっていく。%K%P
同時に膣圧もぐんぐん増して、\n擦られる刺激自体も強くなっていく。%K%P
%LC陽菜
%LC陽菜
「ああっ、だめ、それ以上しちゃ……やっ、\n　依夜様出る、また出ちゃうからっ」%K%P
「ああっ、だめ、それ以上しちゃ……やっ、\n　依夜様出る、また出ちゃうからっ」%K%P
%LC依夜
%LC依夜
「うん。出して、陽菜」%K%P
「うん。出して、陽菜」%K%P
%LC陽菜
%LC陽菜
「でも、このままだと膣内に――」%K%P
「でも、このままだと膣内に――」%K%P
%LC依夜
%LC依夜
「最初に言ったでしょう？\n　陽菜をもっと感じたいって」%K%P
「最初に言ったでしょう？\n　陽菜をもっと感じたいって」%K%P
%LC依夜
%LC依夜
「だから、膣内に出して。\n　陽菜の精子、おま○こにちょうだい」%K%P
「だから、膣内に出して。\n　陽菜の精子、おま○こにちょうだい」%K%P
%LC陽菜
%LC陽菜
「ッ……」%K%P
「ッ……」%K%P
依夜様の言葉と視線に、心臓がどくんと跳ねる。%K%P
依夜様の言葉と視線に、心臓がどくんと跳ねる。%K%P
ペニスを握られてからドキドキしっぱなしだけど、\n今のはこれまでで一番ドキッとした。%K%P
ペニスを握られてからドキドキしっぱなしだけど、\n今のはこれまでで一番ドキッとした。%K%P
組み伏せられている格好と相まって、\nまるで、オレの方が女の子になったみたいな――、%K%P
組み伏せられている格好と相まって、\nまるで、オレの方が女の子になったみたいな――、%K%P
%LC依夜
%LC依夜
「ねぇ、お願い。膣内にちょうだい」%K%P
「ねぇ、お願い。膣内にちょうだい」%K%P
%LC陽菜
%LC陽菜
「はっ、はい。私ので、よければっ……」%K%P
「はっ、はい。私ので、よければっ……」%K%P
%LC依夜
%LC依夜
「うん。ありがとう、陽菜」%K%P
「うん。ありがとう、陽菜」%K%P
%LC陽菜
%LC陽菜
「やうっ、あっ、ああっ、またっ……」%K%P
「やうっ、あっ、ああっ、またっ……」%K%P
%LC依夜
%LC依夜
「陽菜の精子をもらえると思ったら、\n　嬉しくて、また、きゅうって……はあっ」%K%P
「陽菜の精子をもらえると思ったら、\n　嬉しくて、また、きゅうって……はあっ」%K%P
%LC陽菜
%LC陽菜
「だからって、こんなにおま○こ、\n　ぎゅって、されたらっ……！」%K%P
「だからって、こんなにおま○こ、\n　ぎゅって、されたらっ……！」%K%P
もしも身体が言うことを聞いてくれたなら、\nいますぐ依夜様を抱きしめて、激しく腰を振りたい。%K%P
もしも身体が言うことを聞いてくれたなら、\nいますぐ依夜様を抱きしめて、激しく腰を振りたい。%K%P
ガチガチになってる敏感なペニスで、\n依夜様の膣内を蹂躙する勢いで挿抜したい。%K%P
ガチガチになってる敏感なペニスで、\n依夜様の膣内を蹂躙する勢いで挿抜したい。%K%P
それぐらい、依夜様の秘所は気持ちよくて、\nいますぐにでも、イッちゃいそうで――、%K%P
それぐらい、依夜様の秘所は気持ちよくて、\nいますぐにでも、イッちゃいそうで――、%K%P
%LC依夜
%LC依夜
「陽菜、ひょっとして腰、動かしたい？」%K%P
「陽菜、ひょっとして腰、動かしたい？」%K%P
%LC陽菜
%LC陽菜
「うんっ。でも、力が入らなくて――」%K%P
「うんっ。でも、力が入らなくて――」%K%P
%LC陽菜
%LC陽菜
「って……依夜様、なんでそれをっ？」%K%P
「って……依夜様、なんでそれをっ？」%K%P
%LC依夜
%LC依夜
「さっきから陽菜の腰、おち○ちんにあわせて、\n　ずうっと、ひくひく、して、いる、からっ」%K%P
「さっきから陽菜の腰、おち○ちんにあわせて、\n　ずうっと、ひくひく、して、いる、からっ」%K%P
%LC陽菜
%LC陽菜
「ひぐっ……？！　あふっ、んあうっ」%K%P
「ひぐっ……？！　あふっ、んあうっ」%K%P
ほらね？　って感じで、依夜様が腰を揺する。%K%P
ほらね？　って感じで、依夜様が腰を揺する。%K%P
自覚はなかったけど、ずっと寝そべっていたし、\n多少は体力が回復していたのかもしれない。%K%P
自覚はなかったけど、ずっと寝そべっていたし、\n多少は体力が回復していたのかもしれない。%K%P
で、回復した側から、そのわずかな体力を、\n腰を動かすことに使っていたって感じだろう。%K%P
で、回復した側から、そのわずかな体力を、\n腰を動かすことに使っていたって感じだろう。%K%P
我ながら性衝動に忠実すぎるけど、\nだとしたら、ラストスパートぐらいなら。%K%P
我ながら性衝動に忠実すぎるけど、\nだとしたら、ラストスパートぐらいなら。%K%P
%LC陽菜
%LC陽菜
「できれば最後、依夜様といっしょに\n　イキたいんですけどっ……」%K%P
「できれば最後、依夜様といっしょに\n　イキたいんですけどっ……」%K%P
%LC陽菜
%LC陽菜
「そのためにも、腰、動かしていいですか？」%K%P
「そのためにも、腰、動かしていいですか？」%K%P
%LC依夜
%LC依夜
「うん。私も、陽菜と一緒がいい」%K%P
「うん。私も、陽菜と一緒がいい」%K%P
%LC陽菜
%LC陽菜
「じゃあ、少しずつっ……！」%K%P
「じゃあ、少しずつっ……！」%K%P
%LC依夜
%LC依夜
「んうっ……はァっ、んぅんんッ」%K%P
「んうっ……はァっ、んぅんんッ」%K%P
お尻に力を入れて、竿をぐいっと突き上げると、\n依夜様がぷるっと身震いしながら吐息を漏らす。%K%P
お尻に力を入れて、竿をぐいっと突き上げると、\n依夜様がぷるっと身震いしながら吐息を漏らす。%K%P
%LC依夜
%LC依夜
「はぁはぁ、あっ、ああっ……それ、いいっ。\n　おち○ちん、ぐいってするの、好きっ」%K%P
「はぁはぁ、あっ、ああっ……それ、いいっ。\n　おち○ちん、ぐいってするの、好きっ」%K%P
%LC陽菜
%LC陽菜
「ちゃんと力が入るなら、もっと、\n　いっぱいしてあげられるんですけどっ……」%K%P
「ちゃんと力が入るなら、もっと、\n　いっぱいしてあげられるんですけどっ……」%K%P
%LC陽菜
%LC陽菜
「いまは、これが、精一杯でっ……！」%K%P
「いまは、これが、精一杯でっ……！」%K%P
%LC依夜
%LC依夜
「ううん、これでも、充分っ……」%K%P
「ううん、これでも、充分っ……」%K%P
%LC依夜
%LC依夜
「と、いうか……これ以上激しくされると、\n　私が、だめになってしまうかもっ……」%K%P
「と、いうか……これ以上激しくされると、\n　私が、だめになってしまうかもっ……」%K%P
ぽつりと呟く依夜様の恥じらい加減が、\nなんとも愛らしくて可愛い。%K%P
ぽつりと呟く依夜様の恥じらい加減が、\nなんとも愛らしくて可愛い。%K%P
こうなると俄然、\nだめになる依夜様が見たくなって。%K%P
こうなると俄然、\nだめになる依夜様が見たくなって。%K%P
%LC陽菜
%LC陽菜
「せーのッ……！」%K%P
「せーのッ……！」%K%P
%LC依夜
%LC依夜
「ひゃうッ？！　ひっ、陽菜、急に……あんっ、\n　どうして、腰、そんなにっ……あぁああっ」%K%P
「ひゃうッ？！　ひっ、陽菜、急に……あんっ、\n　どうして、腰、そんなにっ……あぁああっ」%K%P
%LC陽菜
%LC陽菜
「だめになる依夜様が見たいので、\n　めいっぱい、頑張りますっ……！」%K%P
「だめになる依夜様が見たいので、\n　めいっぱい、頑張りますっ……！」%K%P
%LC依夜
%LC依夜
「なっ……だ、だめよっ。ただでさえ、\n　初めてのおち○ちんで興奮しているのにっ」%K%P
「なっ……だ、だめよっ。ただでさえ、\n　初めてのおち○ちんで興奮しているのにっ」%K%P
%LC依夜
%LC依夜
「この上、おま○こをめちゃくちゃにされたら、\n　され、たらっ……んうッ、はあっ、あァあっ」%K%P
「この上、おま○こをめちゃくちゃにされたら、\n　され、たらっ……んうッ、はあっ、あァあっ」%K%P
%LC依夜
%LC依夜
「はぁ、ああっ……だめっ、陽菜だめっ、\n　おち○ちん、はげしっ……あぁァ、んやあっ氈v%K%P
「はぁ、ああっ……だめっ、陽菜だめっ、\n　おち○ちん、はげしっ……あぁァ、んやあっ氈v%K%P
依夜様の口から、一際甘い声が漏れる。%K%P
依夜様の口から、一際甘い声が漏れる。%K%P
それだけなら良かったのだけど、同時に、\nペニスをハグする膣までぎゅぎゅッと――、%K%P
それだけなら良かったのだけど、同時に、\nペニスをハグする膣までぎゅぎゅッと――、%K%P
%LC陽菜
%LC陽菜
「ひぐっ……？！　おま○こ、ぎゅって……、\n　うぅっ……依夜様、ズルいッ……」%K%P
「ひぐっ……？！　おま○こ、ぎゅって……、\n　うぅっ……依夜様、ズルいッ……」%K%P
%LC依夜
%LC依夜
「そういう陽菜だって、おち○ちんで、\n　膣内、ぐりぐりっ……はぁっ、ああっ」%K%P
「そういう陽菜だって、おち○ちんで、\n　膣内、ぐりぐりっ……はぁっ、ああっ」%K%P
%LC依夜
%LC依夜
「あっ、やあっ、はあっ、ああああっ、\n　おち○ちん、奥にっ……んうっ、んぅんッ」%K%P
「あっ、やあっ、はあっ、ああああっ、\n　おち○ちん、奥にっ……んうっ、んぅんッ」%K%P
膣に締めつけられ、さらに膨らんだ亀頭が、\nこれまでになかった柔らかな弾力を捕まえる。%K%P
膣に締めつけられ、さらに膨らんだ亀頭が、\nこれまでになかった柔らかな弾力を捕まえる。%K%P
まるで布団にダイブして、枕に頭を\nグリグリと押しつけているような心地良さ。%K%P
まるで布団にダイブして、枕に頭を\nグリグリと押しつけているような心地良さ。%K%P
たぶん、ここが依夜様の、一番奥――、%K%P
たぶん、ここが依夜様の、一番奥――、%K%P
%LC依夜
%LC依夜
「やうっ、陽菜っ……あぁ、陽菜だめっ、\n　そこだめ、ぐりぐりだめっ、だめぇっ」%K%P
「やうっ、陽菜っ……あぁ、陽菜だめっ、\n　そこだめ、ぐりぐりだめっ、だめぇっ」%K%P
%LC依夜
%LC依夜
「陽菜の言うとおり、気持ちよすぎて、\n　おかひくっ……やうっ、だめに、なるっ」%K%P
「陽菜の言うとおり、気持ちよすぎて、\n　おかひくっ……やうっ、だめに、なるっ」%K%P
%LC依夜
%LC依夜
「はふっ、はあっ、ああ、ああああっ……歃n　ほんとに、だめ、だ、めっ……くああっ氈v%K%P
「はふっ、はあっ、ああ、ああああっ……歃n　ほんとに、だめ、だ、めっ……くああっ氈v%K%P
腰を突き上げるたび、嬌声が熱を帯びていく。%K%P
腰を突き上げるたび、嬌声が熱を帯びていく。%K%P
自分のペニスが依夜様を淫らにしているんだと\n思ったら、それだけで、興奮がぐんぐん増して。%K%P
自分のペニスが依夜様を淫らにしているんだと\n思ったら、それだけで、興奮がぐんぐん増して。%K%P
%LC依夜
%LC依夜
「あふっ……ああっ、だめっ……くるっ、\n　ぞくぞく、くるっ、きちゃうっ……」%K%P
「あふっ……ああっ、だめっ……くるっ、\n　ぞくぞく、くるっ、きちゃうっ……」%K%P
%LC陽菜
%LC陽菜
「んっ……依夜様っ、オレも、もうっ……！」%K%P
「んっ……依夜様っ、オレも、もうっ……！」%K%P
%LC依夜
%LC依夜
「うんっ、たぶん、これ、私もっ……。\n　私も、限界っ……あっ、あっ、あぁああっ」%K%P
「うんっ、たぶん、これ、私もっ……。\n　私も、限界っ……あっ、あっ、あぁああっ」%K%P
とっくに射精の準備が整っていたペニスが、\n射精目指してぐんぐん加速していく。%K%P
とっくに射精の準備が整っていたペニスが、\n射精目指してぐんぐん加速していく。%K%P
最後の瞬間は、お尻が床が浮き上がって、\n依夜様を持ち上げて、支えるぐらいの力で――、%K%P
最後の瞬間は、お尻が床が浮き上がって、\n依夜様を持ち上げて、支えるぐらいの力で――、%K%P
%LC陽菜
%LC陽菜
「依夜様っ、いくっ……あっ、だめ、\n　いくっ、いくっ、いくぅぅうッ……！」%K%P
「依夜様っ、いくっ……あっ、だめ、\n　いくっ、いくっ、いくぅぅうッ……！」%K%P
%LC依夜
%LC依夜
「私も……あぁ、いいっ、いいのッ、\n　陽菜っ、陽菜ぁ、陽菜ぁあっ……氈v%K%P
「私も……あぁ、いいっ、いいのッ、\n　陽菜っ、陽菜ぁ、陽菜ぁあっ……氈v%K%P
%LC依夜
%LC依夜
「んぁあッ……くぅッ、んぅんんぅうぅッ、\n　んぐっ、くっ……ふぅ、はっ、あっ、ああっ」%K%P
「んぁあッ……くぅッ、んぅんんぅうぅッ、\n　んぐっ、くっ……ふぅ、はっ、あっ、ああっ」%K%P
%LC依夜
%LC依夜
「ああっ、熱いの、いっぱいっ……はふっ、\n　陽菜のが、どくどくっ……はぅ、んぅうっ氈v%K%P
「ああっ、熱いの、いっぱいっ……はふっ、\n　陽菜のが、どくどくっ……はぅ、んぅうっ氈v%K%P
オレの腰が大きく迫り上がると、\n一緒に依夜様の腰も浮き上がって。%K%P
オレの腰が大きく迫り上がると、\n一緒に依夜様の腰も浮き上がって。%K%P
そんな彼女の膣奥に、精子を振り絞っていく。%K%P
そんな彼女の膣奥に、精子を振り絞っていく。%K%P
%LC依夜
%LC依夜
「やんっ、おち○ちん、跳ねるっ……歃n　膣内いっぱい、精子が、いっぱいっ……」%K%P
「やんっ、おち○ちん、跳ねるっ……歃n　膣内いっぱい、精子が、いっぱいっ……」%K%P
%LC陽菜
%LC陽菜
「うんっ……依夜様にぜんぶっ、\n　残ってるの、ぜんぶ、あげますっ……！」%K%P
「うんっ……依夜様にぜんぶっ、\n　残ってるの、ぜんぶ、あげますっ……！」%K%P
%LC依夜
%LC依夜
「んあっ、くぁうっ……氈@やっ、だめっ、\n　そんなに奥、突き上げちゃっ……あぁああっ」%K%P
「んあっ、くぁうっ……氈@やっ、だめっ、\n　そんなに奥、突き上げちゃっ……あぁああっ」%K%P
%LC陽菜
%LC陽菜
「受け取って、依夜さまっ」%K%P
「受け取って、依夜さまっ」%K%P
%LC依夜
%LC依夜
「くああっ、ひうッ……ぐっ、くんぅんんッ氈v%K%P
「くああっ、ひうッ……ぐっ、くんぅんんッ氈v%K%P
気力で全身を奮い立たせると、\nおっぱいにそえた指にも、自然と力が入って。%K%P
気力で全身を奮い立たせると、\nおっぱいにそえた指にも、自然と力が入って。%K%P
柔らかな膨らみに指を食い込ませながら、\nオレは、依夜様の膣内に、無事にすべてを――、%K%P
柔らかな膨らみに指を食い込ませながら、\nオレは、依夜様の膣内に、無事にすべてを――、%K%P
%LC陽菜
%LC陽菜
「あふっ……はぁ、ふはぁ……んッ、はあっ……」%K%P
「あふっ……はぁ、ふはぁ……んッ、はあっ……」%K%P
%LC依夜
%LC依夜
「ふぅ、ふッ……はぁ、あぁ、あぁ……」%K%P
「ふぅ、ふッ……はぁ、あぁ、あぁ……」%K%P
%LC依夜
%LC依夜
「あぁ……陽菜の精子、熱い……。\n　おま○こ、溶けてしまいそう……」%K%P
「あぁ……陽菜の精子、熱い……。\n　おま○こ、溶けてしまいそう……」%K%P
%LC陽菜
%LC陽菜
「んっ……おち○ちんも、くたくたで……、\n　溶けるどころか、なくなっちゃいそう……」%K%P
「んっ……おち○ちんも、くたくたで……、\n　溶けるどころか、なくなっちゃいそう……」%K%P
%LC依夜
%LC依夜
「だめよ、なくなるだなんて」%K%P
「だめよ、なくなるだなんて」%K%P
%LC依夜
%LC依夜
「陽菜はこれからたくさん、\n　私とエッチをするんだもの」%K%P
「陽菜はこれからたくさん、\n　私とエッチをするんだもの」%K%P
%LC陽菜
%LC陽菜
「な……」%K%P
「な……」%K%P
驚きのあまり絶句するオレを見つめ、\n依夜様はどこか楽しそうにくすりと笑って。%K%P
驚きのあまり絶句するオレを見つめ、\n依夜様はどこか楽しそうにくすりと笑って。%K%P
%LC依夜
%LC依夜
「ふふっ。陽菜、好き。大好きっ……氈v%K%P
「ふふっ。陽菜、好き。大好きっ……氈v%K%P
それまでずっと遠くにあった依夜様の顔が、\n不意に、ぐんと近くなる。%K%P
それまでずっと遠くにあった依夜様の顔が、\n不意に、ぐんと近くなる。%K%P
倒れ込んできたんだとわかったときには、\n二人の唇は、綺麗に重なっていた。%K%P
倒れ込んできたんだとわかったときには、\n二人の唇は、綺麗に重なっていた。%K%P
初めてのエッチを終えたあと、\nオレと依夜様は、ふたりでお風呂に入った。%K%P
初めてのエッチを終えたあと、\nオレと依夜様は、ふたりでお風呂に入った。%K%P
問題は、その入り方で。%K%P
問題は、その入り方で。%K%P
%LC依夜
%LC依夜
「くす、ふふ」%K%P
「くす、ふふ」%K%P
%LC陽菜
%LC陽菜
「……あの、依夜様」%K%P
「……あの、依夜様」%K%P
%LC依夜
%LC依夜
「なぁに？」%K%P
「なぁに？」%K%P
%LC陽菜
%LC陽菜
「どうしてわざわざ、\n　私を抱っこしてお風呂に……？」%K%P
「どうしてわざわざ、\n　私を抱っこしてお風呂に……？」%K%P
%LC依夜
%LC依夜
「私が寝るときぬいぐるみを抱っこすることは、\n　以前こっそり教えたでしょう？」%K%P
「私が寝るときぬいぐるみを抱っこすることは、\n　以前こっそり教えたでしょう？」%K%P
%LC陽菜
%LC陽菜
「ひょっとして私、\n　そのぬいぐるみの代わりですか？」%K%P
「ひょっとして私、\n　そのぬいぐるみの代わりですか？」%K%P
%LC依夜
%LC依夜
「うん」%K%P
「うん」%K%P
ご名答とばかりに、にこっと笑う依夜様。%K%P
ご名答とばかりに、にこっと笑う依夜様。%K%P
%LC依夜
%LC依夜
「本当をいうと、陽菜と同じベッドで、\n　あなたを抱っこしたまま寝たいのだけど――」%K%P
「本当をいうと、陽菜と同じベッドで、\n　あなたを抱っこしたまま寝たいのだけど――」%K%P
%LC依夜
%LC依夜
「それだと、万一寝ぼけてしまったとき、\n　取り返しがつかないから」%K%P
「それだと、万一寝ぼけてしまったとき、\n　取り返しがつかないから」%K%P
%LC依夜
%LC依夜
「寝る前に、こうして腕の中に、\n　陽菜のぬくもりを貯めておこうと思って」%K%P
「寝る前に、こうして腕の中に、\n　陽菜のぬくもりを貯めておこうと思って」%K%P
%LC陽菜
%LC陽菜
「まさか依夜様、合宿中は毎晩、\n　私とお風呂に入るつもりですか？」%K%P
「まさか依夜様、合宿中は毎晩、\n　私とお風呂に入るつもりですか？」%K%P
%LC依夜
%LC依夜
「陽菜の秘密を守るためにも、\n　それが一番いい方法だと思うのだけど」%K%P
「陽菜の秘密を守るためにも、\n　それが一番いい方法だと思うのだけど」%K%P
%LC陽菜
%LC陽菜
「それはそうなんですけど……」%K%P
「それはそうなんですけど……」%K%P
問題は、こんなことが毎晩続いたら、\nオレの心身が保つのか、ということで。%K%P
問題は、こんなことが毎晩続いたら、\nオレの心身が保つのか、ということで。%K%P
%LC陽菜
%LC陽菜
「けど、去年と一昨年のアリア合宿では、\n　依夜様、どうやって寝ていたんですか？」%K%P
「けど、去年と一昨年のアリア合宿では、\n　依夜様、どうやって寝ていたんですか？」%K%P
%LC依夜
%LC依夜
「みんなが寝静まってから、\n　こっそり枕を抱いて寝ていたわ」%K%P
「みんなが寝静まってから、\n　こっそり枕を抱いて寝ていたわ」%K%P
%LC依夜
%LC依夜
「ただ、枕ではぬいぐるみの代わりにならなくて。\n　おかげで合宿中、ずっと寝不足だったけれど」%K%P
「ただ、枕ではぬいぐるみの代わりにならなくて。\n　おかげで合宿中、ずっと寝不足だったけれど」%K%P
%LC依夜
%LC依夜
「でも、今年は陽菜がいるから。\n　寝不足の心配はなさそう」%K%P
「でも、今年は陽菜がいるから。\n　寝不足の心配はなさそう」%K%P
%LC陽菜
%LC陽菜
「依夜様愛用のぬいぐるみと私って、\n　そんなに抱き心地が似ているんですか？」%K%P
「依夜様愛用のぬいぐるみと私って、\n　そんなに抱き心地が似ているんですか？」%K%P
%LC依夜
%LC依夜
「そういうわけではないのだけど……。\n　でも、抱っこしているとすごく安心するの」%K%P
「そういうわけではないのだけど……。\n　でも、抱っこしているとすごく安心するの」%K%P
%LC依夜
%LC依夜
「こういうのは理屈ではなく感覚だから、\n　言葉で説明するのは、難しいのだけど……」%K%P
「こういうのは理屈ではなく感覚だから、\n　言葉で説明するのは、難しいのだけど……」%K%P
%LC陽菜
%LC陽菜
「とにかく、私を抱っこすると、\n　その日はぐっすり眠れると」%K%P
「とにかく、私を抱っこすると、\n　その日はぐっすり眠れると」%K%P
%LC依夜
%LC依夜
「うん。……ふふ、うふふ」%K%P
「うん。……ふふ、うふふ」%K%P
そうして依夜様は、オレを抱く腕に力を込める。%K%P
そうして依夜様は、オレを抱く腕に力を込める。%K%P
彼女が楽しそうに身体を揺らすたび、\nお湯がちゃぷちゃぷ、おっぱいがぴたぴた。%K%P
彼女が楽しそうに身体を揺らすたび、\nお湯がちゃぷちゃぷ、おっぱいがぴたぴた。%K%P
エッチを経験すると大人になる――なんて、\nそれはよく聞く、ありふれた言葉だと思う。%K%P
エッチを経験すると大人になる――なんて、\nそれはよく聞く、ありふれた言葉だと思う。%K%P
でも、エッチを経験したあとの依夜様は、\n以前よりも不思議と、幼さが増した感じがして。%K%P
でも、エッチを経験したあとの依夜様は、\n以前よりも不思議と、幼さが増した感じがして。%K%P
%LC陽菜
%LC陽菜
「……依夜様、可愛い」%K%P
「……依夜様、可愛い」%K%P
%LC依夜
%LC依夜
「陽菜のほうが、ずっと可愛い」%K%P
「陽菜のほうが、ずっと可愛い」%K%P
%LC陽菜
%LC陽菜
「ないないっ、絶対ないです。\n　オレよりも依夜様のほうが――」%K%P
「ないないっ、絶対ないです。\n　オレよりも依夜様のほうが――」%K%P
%LC依夜
%LC依夜
「エッチのときも、たまに言っていたけど。\n　自分をオレっていうのが、本当の陽菜？」%K%P
「エッチのときも、たまに言っていたけど。\n　自分をオレっていうのが、本当の陽菜？」%K%P
%LC陽菜
%LC陽菜
「あっ、はい」%K%P
「あっ、はい」%K%P
思わぬ言及に、気勢が削がれる。%K%P
思わぬ言及に、気勢が削がれる。%K%P
言われてみれば、射精する間際とか、\n思わず口に出しちゃっていた気がする。%K%P
言われてみれば、射精する間際とか、\n思わず口に出しちゃっていた気がする。%K%P
%LC依夜
%LC依夜
「陽菜の本当の名前は、なんていうの？」%K%P
「陽菜の本当の名前は、なんていうの？」%K%P
%LC陽菜
%LC陽菜
「あっ……ごめんなさい、言うのが遅れて。\n　本当の名前は、空木日向、です」%K%P
「あっ……ごめんなさい、言うのが遅れて。\n　本当の名前は、空木日向、です」%K%P
%LC陽菜
%LC陽菜
「文字は、大空の空に、木曜の木で空木。\n　日向は、日向ぼっこの日向です」%K%P
「文字は、大空の空に、木曜の木で空木。\n　日向は、日向ぼっこの日向です」%K%P
%LC依夜
%LC依夜
「そう。それなら……ねえ、日向」%K%P
「そう。それなら……ねえ、日向」%K%P
%LC陽菜
%LC陽菜
「はっ、はいっ」%K%P
「はっ、はいっ」%K%P
%LC依夜
%LC依夜
「あなたにひとつ、お願いがあるの」%K%P
「あなたにひとつ、お願いがあるの」%K%P
