下着ショップで色々とあったものの、\nその後は、みんなで買い物を楽しんで。%K%P
下着ショップで色々とあったものの、\nその後は、みんなで買い物を楽しんで。%K%P
学園に戻ってきた頃には日も暮れて、\n辺りはすっかり茜色に染まっていた。%K%P
学園に戻ってきた頃には日も暮れて、\n辺りはすっかり茜色に染まっていた。%K%P
%LC美実
%LC美実
「ふたりとも、今日はありがとね」%K%P
「ふたりとも、今日はありがとね」%K%P
%LC陽菜
%LC陽菜
「こちらこそ。いい息抜きになりました」%K%P
「こちらこそ。いい息抜きになりました」%K%P
%LC依夜
%LC依夜
「梨理もありがとう。\n　一緒に見て回れて、楽しかった」%K%P
「梨理もありがとう。\n　一緒に見て回れて、楽しかった」%K%P
%LC梨理
%LC梨理
「別に、お礼を言われるようなことじゃ……」%K%P
「別に、お礼を言われるようなことじゃ……」%K%P
%LC依夜
%LC依夜
「だけど、本当は今日も、\n　練習をしたかったのでしょう？」%K%P
「だけど、本当は今日も、\n　練習をしたかったのでしょう？」%K%P
%LC依夜
%LC依夜
「合宿中、あなたが一番、\n　懸命に練習していたもの」%K%P
「合宿中、あなたが一番、\n　懸命に練習していたもの」%K%P
%LC梨理
%LC梨理
「ッ……しっ、知らないです、そんなの」%K%P
「ッ……しっ、知らないです、そんなの」%K%P
%LC美実
%LC美実
「いやいや、さすがにそれは無理あるでしょ」%K%P
「いやいや、さすがにそれは無理あるでしょ」%K%P
%LC美実
%LC美実
「初日は歌劇の稽古疲れで爆睡してたけど。\n　次の日から、朝こっそり早起きしてたもんね？」%K%P
「初日は歌劇の稽古疲れで爆睡してたけど。\n　次の日から、朝こっそり早起きしてたもんね？」%K%P
%LC梨理
%LC梨理
「ちょっ、お姉ちゃんっ……！」%K%P
「ちょっ、お姉ちゃんっ……！」%K%P
%LC依夜
%LC依夜
「私も朝は早いほうだから。\n　梨理が起きていることは気付いていたわ」%K%P
「私も朝は早いほうだから。\n　梨理が起きていることは気付いていたわ」%K%P
%LC梨理
%LC梨理
「ん……」%K%P
「ん……」%K%P
%LC梨理
%LC梨理
「……明日は、負けません。\n　私、お先に失礼しますっ」%K%P
「……明日は、負けません。\n　私、お先に失礼しますっ」%K%P
%LC美実
%LC美実
「あらら、行っちゃった」%K%P
「あらら、行っちゃった」%K%P
%LC依夜
%LC依夜
「もしかして、気に障るようなことを\n　言ってしまったかしら」%K%P
「もしかして、気に障るようなことを\n　言ってしまったかしら」%K%P
%LC美実
%LC美実
「ないない。あれは梨理が素直じゃないだけ。\n　ほんとツンデレなんだから」%K%P
「ないない。あれは梨理が素直じゃないだけ。\n　ほんとツンデレなんだから」%K%P
%LC美実
%LC美実
「でも、今日は助かっちゃった。\n　おかげで梨理を休ませてあげられたし」%K%P
「でも、今日は助かっちゃった。\n　おかげで梨理を休ませてあげられたし」%K%P
%LC美実
%LC美実
「エンゲージしてから、\n　あの子ってばずっと練習しっぱなしでね」%K%P
「エンゲージしてから、\n　あの子ってばずっと練習しっぱなしでね」%K%P
%LC美実
%LC美実
「休むように言っても、私だけ休めないって、\n　こっちの言うこと聞かなかったから」%K%P
「休むように言っても、私だけ休めないって、\n　こっちの言うこと聞かなかったから」%K%P
%LC美実
%LC美実
「昨日、陽菜ちゃんが休もうって言ってくれて、\n　ホント大助かりだったんだよ」%K%P
「昨日、陽菜ちゃんが休もうって言ってくれて、\n　ホント大助かりだったんだよ」%K%P
%LC陽菜
%LC陽菜
「梨理ちゃんが無理していることは、\n　私もなんとなく気付いてはいたんです」%K%P
「梨理ちゃんが無理していることは、\n　私もなんとなく気付いてはいたんです」%K%P
%LC陽菜
%LC陽菜
「ただ、彼女の性格を考えると、\n　休むように勧めても聞いてくれなさそうで……」%K%P
「ただ、彼女の性格を考えると、\n　休むように勧めても聞いてくれなさそうで……」%K%P
%LC依夜
%LC依夜
「それで昨日、あんなことを言い出したのね」%K%P
「それで昨日、あんなことを言い出したのね」%K%P
%LC陽菜
%LC陽菜
「うん。みんなで一緒に休むことにすれば、\n　梨理ちゃんも反対しにくいだろうから」%K%P
「うん。みんなで一緒に休むことにすれば、\n　梨理ちゃんも反対しにくいだろうから」%K%P
もし、梨理ちゃんにだけ休息を無理強いしたら、\n自分だけ練習量が減ると不満を持ったことだろう。%K%P
もし、梨理ちゃんにだけ休息を無理強いしたら、\n自分だけ練習量が減ると不満を持ったことだろう。%K%P
だったら、全員一緒に休んでしまえばいい。%K%P
だったら、全員一緒に休んでしまえばいい。%K%P
%LC美実
%LC美実
「陽菜ちゃんってそういうとこ、\n　ちゃんと補佐代理してるから偉いよね」%K%P
「陽菜ちゃんってそういうとこ、\n　ちゃんと補佐代理してるから偉いよね」%K%P
%LC美実
%LC美実
「じゃ、私は今日も梨理とお風呂入ってきますか。\n　今日はほんと、ありがとっ」%K%P
「じゃ、私は今日も梨理とお風呂入ってきますか。\n　今日はほんと、ありがとっ」%K%P
美実様が軽快に駆けていくと、\n自然と、オレと依夜のふたりきりに。%K%P
美実様が軽快に駆けていくと、\n自然と、オレと依夜のふたりきりに。%K%P
嵐の前の静けさというやつなのか、\n銀蘭祭を明日に控えた学園は、とても静かだ。%K%P
嵐の前の静けさというやつなのか、\n銀蘭祭を明日に控えた学園は、とても静かだ。%K%P
%LC依夜
%LC依夜
「次は、ふたりで出掛けましょう」%K%P
「次は、ふたりで出掛けましょう」%K%P
%LC陽菜
%LC陽菜
「ショッピングモールに？」%K%P
「ショッピングモールに？」%K%P
%LC依夜
%LC依夜
「うん。そうして、あなたの見たいものや、\n　寄りたいお店を、一緒に見て回るの」%K%P
「うん。そうして、あなたの見たいものや、\n　寄りたいお店を、一緒に見て回るの」%K%P
%LC依夜
%LC依夜
「私と二人なら、どんなお店であろうと、\n　気兼ねなく立ち寄ることができるでしょう？」%K%P
「私と二人なら、どんなお店であろうと、\n　気兼ねなく立ち寄ることができるでしょう？」%K%P
%LC陽菜
%LC陽菜
「あうっ……。そんなにバレバレだった？」%K%P
「あうっ……。そんなにバレバレだった？」%K%P
%LC依夜
%LC依夜
「あなたが男の子だと知っているから、\n　そうではないかなって思っただけ」%K%P
「あなたが男の子だと知っているから、\n　そうではないかなって思っただけ」%K%P
%LC依夜
%LC依夜
「美実や梨理には、気取られていないはずよ」%K%P
「美実や梨理には、気取られていないはずよ」%K%P
%LC陽菜
%LC陽菜
「ほっ……よかったぁ……」%K%P
「ほっ……よかったぁ……」%K%P
依夜の返答に、胸をなで下ろす。%K%P
依夜の返答に、胸をなで下ろす。%K%P
%LC陽菜
%LC陽菜
「けど、二人で出掛けるってことは、\n　デートってことになるんだよね？」%K%P
「けど、二人で出掛けるってことは、\n　デートってことになるんだよね？」%K%P
%LC依夜
%LC依夜
「うん。デート」%K%P
「うん。デート」%K%P
%LC陽菜
%LC陽菜
「その場合、依夜はどっちがいいの？」%K%P
「その場合、依夜はどっちがいいの？」%K%P
%LC依夜
%LC依夜
「どっち？」%K%P
「どっち？」%K%P
%LC陽菜
%LC陽菜
「装いというか……。\n　私とオレ、どっちがいいのかなって」%K%P
「装いというか……。\n　私とオレ、どっちがいいのかなって」%K%P
%LC依夜
%LC依夜
「そうね――」%K%P
「そうね――」%K%P
%LC宗千佳
%LC宗千佳
「二人とも、珍しい格好をしているな」%K%P
「二人とも、珍しい格好をしているな」%K%P
%LC陽菜
%LC陽菜
「ねっ、姉さんっ……？！」%K%P
「ねっ、姉さんっ……？！」%K%P
いつぞやのようにいきなり現れた姉さんに、\n思わずビシッと背筋が伸びる。%K%P
いつぞやのようにいきなり現れた姉さんに、\n思わずビシッと背筋が伸びる。%K%P
と、姉さんの顔が、いささか神妙な感じに。%K%P
と、姉さんの顔が、いささか神妙な感じに。%K%P
%LC宗千佳
%LC宗千佳
「陽菜。いま、おかしなことを言ったな」%K%P
「陽菜。いま、おかしなことを言ったな」%K%P
%LC陽菜
%LC陽菜
「おっ、おかしなこと？　って、なに？」%K%P
「おっ、おかしなこと？　って、なに？」%K%P
とぼけて聞き返したけど、心臓はバクバク。%K%P
とぼけて聞き返したけど、心臓はバクバク。%K%P
もしいまの会話が聞かれてたんだとしたら、\nオレの女装が依夜にバレていると気付かれかねない。%K%P
もしいまの会話が聞かれてたんだとしたら、\nオレの女装が依夜にバレていると気付かれかねない。%K%P
本来その話は、銀蘭祭が終わったあとで、\n姉さんやニナさんに打ち明ける予定だったのに。%K%P
本来その話は、銀蘭祭が終わったあとで、\n姉さんやニナさんに打ち明ける予定だったのに。%K%P
%LC宗千佳
%LC宗千佳
「……なるほど、そういう反応か」%K%P
「……なるほど、そういう反応か」%K%P
%LC宗千佳
%LC宗千佳
「ならば、依夜。\n　いま、陽菜がおかしなことを言わなかったか？」%K%P
「ならば、依夜。\n　いま、陽菜がおかしなことを言わなかったか？」%K%P
%LC依夜
%LC依夜
「いえ、とくには」%K%P
「いえ、とくには」%K%P
%LC宗千佳
%LC宗千佳
「そうか――」%K%P
「そうか――」%K%P
%LC宗千佳
%LC宗千佳
「日向。おまえ、依夜に男だとバレているな？」%K%P
「日向。おまえ、依夜に男だとバレているな？」%K%P
%LC陽菜
%LC陽菜
「なっ……なに言ってるの、姉さん」%K%P
「なっ……なに言ってるの、姉さん」%K%P
%LC宗千佳
%LC宗千佳
「語るに落ちるとはこのことだな。\n　いま、また自供したぞ？」%K%P
「語るに落ちるとはこのことだな。\n　いま、また自供したぞ？」%K%P
%LC宗千佳
%LC宗千佳
「陽菜は私を{人前では:・・・・}姉さんと呼ばない。\n　私とは赤の他人ということになっているからな」%K%P
「陽菜は私を{人前では:・・・・}姉さんと呼ばない。\n　私とは赤の他人ということになっているからな」%K%P
%LC宗千佳
%LC宗千佳
「だが、従弟の日向であれば話は別だ。そして、\n　その呼び方に、依夜は疑問を持たなかった」%K%P
「だが、従弟の日向であれば話は別だ。そして、\n　その呼び方に、依夜は疑問を持たなかった」%K%P
%LC宗千佳
%LC宗千佳
「つまり、依夜は陽菜が空木日向であることを、\n　既に知っている――ということになる」%K%P
「つまり、依夜は陽菜が空木日向であることを、\n　既に知っている――ということになる」%K%P
%LC陽菜
%LC陽菜
「あ……」%K%P
「あ……」%K%P
姉さんの言葉に、思わず依夜と顔を見合わせる。%K%P
姉さんの言葉に、思わず依夜と顔を見合わせる。%K%P
まさか、たった一言の失言で、そこまで――、%K%P
まさか、たった一言の失言で、そこまで――、%K%P
%LC宗千佳
%LC宗千佳
「などと、探偵めいたことをしてみせたが、\n　実を言うと、直前の会話が聞こえていた」%K%P
「などと、探偵めいたことをしてみせたが、\n　実を言うと、直前の会話が聞こえていた」%K%P
%LC陽菜
%LC陽菜
「え゛」%K%P
「え゛」%K%P
%LC宗千佳
%LC宗千佳
「さらに言うと、依夜に女装がバレたことは、\n　少し前から察しがついていた」%K%P
「さらに言うと、依夜に女装がバレたことは、\n　少し前から察しがついていた」%K%P
%LC陽菜
%LC陽菜
「察しって……なんでっ？　どうしてっ？」%K%P
「察しって……なんでっ？　どうしてっ？」%K%P
%LC宗千佳
%LC宗千佳
「美実が言っていたからな。\n　合宿所で、二人は毎晩一緒に入浴していると」%K%P
「美実が言っていたからな。\n　合宿所で、二人は毎晩一緒に入浴していると」%K%P
%LC宗千佳
%LC宗千佳
「一度だけなら偶然やアクシデントで済むが、\n　毎晩となれば、さすがに……な？」%K%P
「一度だけなら偶然やアクシデントで済むが、\n　毎晩となれば、さすがに……な？」%K%P
%LC陽菜
%LC陽菜
「あっ、あっ、あああっ……」%K%P
「あっ、あっ、あああっ……」%K%P
女装がバレていたことだけじゃなく、\n一緒に入浴してた事まで知られてるのっ……！？%K%P
女装がバレていたことだけじゃなく、\n一緒に入浴してた事まで知られてるのっ……！？%K%P
%LC宗千佳
%LC宗千佳
「とはいえ、一緒に入浴していたことを\n　とやかく言うつもりはない」%K%P
「とはいえ、一緒に入浴していたことを\n　とやかく言うつもりはない」%K%P
%LC宗千佳
%LC宗千佳
「他の学生から陽菜を守る為の策だというのは、\n　聞かずとも容易にわかることだしな」%K%P
「他の学生から陽菜を守る為の策だというのは、\n　聞かずとも容易にわかることだしな」%K%P
%LC陽菜
%LC陽菜
「うっ、うん……」%K%P
「うっ、うん……」%K%P
実は毎晩お風呂で――なんてことは、\nまかりまちがっても言えるはずがない。%K%P
実は毎晩お風呂で――なんてことは、\nまかりまちがっても言えるはずがない。%K%P
%LC宗千佳
%LC宗千佳
「だが、いつ頃バレた？\n　というか、どうしてバレたんだ？」%K%P
「だが、いつ頃バレた？\n　というか、どうしてバレたんだ？」%K%P
%LC陽菜
%LC陽菜
「それは――」%K%P
「それは――」%K%P
%LC宗千佳
%LC宗千佳
「――なるほど。あらましは了解した」%K%P
「――なるほど。あらましは了解した」%K%P
女装がバレた経緯を簡潔に説明すると、\n姉さんは納得した様子で頷いた。%K%P
女装がバレた経緯を簡潔に説明すると、\n姉さんは納得した様子で頷いた。%K%P
もちろん、仔細に語ると色々センシティブなので、\nそのあたりはうまいこと誤魔化したけれど。%K%P
もちろん、仔細に語ると色々センシティブなので、\nそのあたりはうまいこと誤魔化したけれど。%K%P
%LC陽菜
%LC陽菜
「ごめんなさい。バレたこと、黙ってて」%K%P
「ごめんなさい。バレたこと、黙ってて」%K%P
%LC宗千佳
%LC宗千佳
「陽菜が謝る必要はない。無論、依夜もだ」%K%P
「陽菜が謝る必要はない。無論、依夜もだ」%K%P
%LC宗千佳
%LC宗千佳
「そもそも依夜の家に泊まる話が出た時点で、\n　私もニナも、こうなる可能性は考慮していた」%K%P
「そもそも依夜の家に泊まる話が出た時点で、\n　私もニナも、こうなる可能性は考慮していた」%K%P
%LC宗千佳
%LC宗千佳
「それでも外泊許可を出したのは、\n　依夜を信用していたからに他ならない」%K%P
「それでも外泊許可を出したのは、\n　依夜を信用していたからに他ならない」%K%P
%LC宗千佳
%LC宗千佳
「依夜であれば、仮に陽菜が男だと知っても、\n　悪いようにはしないという確信があったからな」%K%P
「依夜であれば、仮に陽菜が男だと知っても、\n　悪いようにはしないという確信があったからな」%K%P
%LC陽菜・依夜
%LC陽菜・依夜
「ん……」%K%P
「ん……」%K%P
姉さんの言葉に、またもや顔を見合わせる。%K%P
姉さんの言葉に、またもや顔を見合わせる。%K%P
さっきは二人とも驚きの表情だったけど、\n今回は、羞恥満載の面映ゆい顔をしていた。%K%P
さっきは二人とも驚きの表情だったけど、\n今回は、羞恥満載の面映ゆい顔をしていた。%K%P
%LC依夜
%LC依夜
「あの、先生。陽菜にも約束したことですが、\n　私は彼女の秘密を口外する気はありません」%K%P
「あの、先生。陽菜にも約束したことですが、\n　私は彼女の秘密を口外する気はありません」%K%P
%LC依夜
%LC依夜
「ですから、たとえば退学させるとか、\n　そういった処分はしないでいただけませんか？」%K%P
「ですから、たとえば退学させるとか、\n　そういった処分はしないでいただけませんか？」%K%P
%LC宗千佳
%LC宗千佳
「心配するな。そんなことはしない」%K%P
「心配するな。そんなことはしない」%K%P
%LC依夜
%LC依夜
「本当ですか……？　本当に、この学園から\n　陽菜がいなくなることはありませんかっ？」%K%P
「本当ですか……？　本当に、この学園から\n　陽菜がいなくなることはありませんかっ？」%K%P
%LC依夜
%LC依夜
「もし陽菜がいなくなったら、私っ……！」%K%P
「もし陽菜がいなくなったら、私っ……！」%K%P
%LC宗千佳
%LC宗千佳
「落ち着け、依夜。私が責任をもって約束する」%K%P
「落ち着け、依夜。私が責任をもって約束する」%K%P
%LC宗千佳
%LC宗千佳
「そもそも、いま陽菜にいなくなられたら、\n　困るのは私やニナのほうだからな」%K%P
「そもそも、いま陽菜にいなくなられたら、\n　困るのは私やニナのほうだからな」%K%P
%LC宗千佳
%LC宗千佳
「いまや陽菜は、銀蘭になくてはならない存在だ。\n　そのぐらい、よく務めてくれている」%K%P
「いまや陽菜は、銀蘭になくてはならない存在だ。\n　そのぐらい、よく務めてくれている」%K%P
%LC陽菜
%LC陽菜
「ん……」%K%P
「ん……」%K%P
思いがけず褒められて、\nもともと熱かった頬がさらに熱くなる。%K%P
思いがけず褒められて、\nもともと熱かった頬がさらに熱くなる。%K%P
%LC宗千佳
%LC宗千佳
「しかし、依夜がここまで取り乱すとは……」%K%P
「しかし、依夜がここまで取り乱すとは……」%K%P
%LC依夜
%LC依夜
「すみません。私、先生に向かって、\n　身勝手なことを言って――」%K%P
「すみません。私、先生に向かって、\n　身勝手なことを言って――」%K%P
%LC宗千佳
%LC宗千佳
「それぐらい、陽菜が大切ということだろう？」%K%P
「それぐらい、陽菜が大切ということだろう？」%K%P
%LC宗千佳
%LC宗千佳
「恋は人を変えると言うが、本当のようだ」%K%P
「恋は人を変えると言うが、本当のようだ」%K%P
%LC陽菜・依夜
%LC陽菜・依夜
「ッ……」%K%P
「ッ……」%K%P
またもや異口同音に声が漏れたけど、\n今度は顔を見合わせず、逆に目を逸らす。%K%P
またもや異口同音に声が漏れたけど、\n今度は顔を見合わせず、逆に目を逸らす。%K%P
姉さんの言葉がストレート過ぎて、\nオレも依夜も、互い顔が見られなかった。%K%P
姉さんの言葉がストレート過ぎて、\nオレも依夜も、互い顔が見られなかった。%K%P
%LC宗千佳
%LC宗千佳
「日向。ひとつ聞きたい」%K%P
「日向。ひとつ聞きたい」%K%P
%LC陽菜
%LC陽菜
「なっ、なに？」%K%P
「なっ、なに？」%K%P
%LC宗千佳
%LC宗千佳
「依夜のこと、好きか？」%K%P
「依夜のこと、好きか？」%K%P
%LC陽菜
%LC陽菜
「なっ……」%K%P
「なっ……」%K%P
%LC宗千佳
%LC宗千佳
「そんな顔をするな。私とて、\n　興味本位で聞いたわけじゃない」%K%P
「そんな顔をするな。私とて、\n　興味本位で聞いたわけじゃない」%K%P
%LC宗千佳
%LC宗千佳
「二人を昔から知る者として、\n　聞いておきたいと思ってな」%K%P
「二人を昔から知る者として、\n　聞いておきたいと思ってな」%K%P
%LC宗千佳
%LC宗千佳
「依夜の気持ちについては、さっきの取り乱した\n　反応を見れば、聞くまでもないが」%K%P
「依夜の気持ちについては、さっきの取り乱した\n　反応を見れば、聞くまでもないが」%K%P
%LC依夜
%LC依夜
「ん……」%K%P
「ん……」%K%P
姉さんの言葉に、恥じらい顔を伏せる依夜。%K%P
姉さんの言葉に、恥じらい顔を伏せる依夜。%K%P
敬愛する姉さんの前ということもあるんだろうけど、\n彼女の反応は、いつも以上に乙女だった。%K%P
敬愛する姉さんの前ということもあるんだろうけど、\n彼女の反応は、いつも以上に乙女だった。%K%P
%LC宗千佳
%LC宗千佳
「それで？　どうなんだ、日向」%K%P
「それで？　どうなんだ、日向」%K%P
%LC陽菜
%LC陽菜
「私は……いや、オレは――」%K%P
「私は……いや、オレは――」%K%P
%LC陽菜
%LC陽菜
「……好き、だよ。依夜のこと」%K%P
「……好き、だよ。依夜のこと」%K%P
彼女には幾度も伝えてきた言葉。%K%P
彼女には幾度も伝えてきた言葉。%K%P
けど、それを姉さんの前で宣言するのは、\n想像以上に照れくさいものだった。%K%P
けど、それを姉さんの前で宣言するのは、\n想像以上に照れくさいものだった。%K%P
あるいは結婚式の誓いの言葉って、\nこれぐらい恥ずかしいのかもしれない。%K%P
あるいは結婚式の誓いの言葉って、\nこれぐらい恥ずかしいのかもしれない。%K%P
%LC宗千佳
%LC宗千佳
「なら、依夜のどこが好きだ？」%K%P
「なら、依夜のどこが好きだ？」%K%P
%LC陽菜
%LC陽菜
「えっ……ええっ？　そこまで言うのっ？」%K%P
「えっ……ええっ？　そこまで言うのっ？」%K%P
%LC宗千佳
%LC宗千佳
「なんだ？　言えないのか？」%K%P
「なんだ？　言えないのか？」%K%P
%LC陽菜
%LC陽菜
「そういう、わけじゃ……」%K%P
「そういう、わけじゃ……」%K%P
様子を窺うようにちらっと隣を見れば、\n同じように、こちらを窺う依夜と目があった。%K%P
様子を窺うようにちらっと隣を見れば、\n同じように、こちらを窺う依夜と目があった。%K%P
ひょっとして、答え、期待されてる……？%K%P
ひょっとして、答え、期待されてる……？%K%P
なら、こういう時こそ、男らしく――、%K%P
なら、こういう時こそ、男らしく――、%K%P
%LC陽菜
%LC陽菜
「……まず、強いところ」%K%P
「……まず、強いところ」%K%P
%LC陽菜
%LC陽菜
「剣の腕はもちろんだけど、精神的にも、\n　常に高みを目指す気構えや胆力を尊敬してる」%K%P
「剣の腕はもちろんだけど、精神的にも、\n　常に高みを目指す気構えや胆力を尊敬してる」%K%P
%LC陽菜
%LC陽菜
「それから、優しいところ」%K%P
「それから、優しいところ」%K%P
%LC陽菜
%LC陽菜
「気持ちを言葉にするのが苦手だって依夜は言うけど、\n　それは優しいからだって、オレは思う」%K%P
「気持ちを言葉にするのが苦手だって依夜は言うけど、\n　それは優しいからだって、オレは思う」%K%P
%LC陽菜
%LC陽菜
「人を誤解させないよう、傷つけないよう――、\n　彼女はいつも、人を思いやっているから」%K%P
「人を誤解させないよう、傷つけないよう――、\n　彼女はいつも、人を思いやっているから」%K%P
%LC陽菜
%LC陽菜
「そして、格好いいところ」%K%P
「そして、格好いいところ」%K%P
%LC陽菜
%LC陽菜
「{騎士:ワルキュリア}としてだけじゃなく、\n　一人の人間としても、依夜はすごく格好良い」%K%P
「{騎士:ワルキュリア}としてだけじゃなく、\n　一人の人間としても、依夜はすごく格好良い」%K%P
%LC陽菜
%LC陽菜
「だからこそオレも、彼女のように……ううん、\n　彼女以上に、格好良くなりたい」%K%P
「だからこそオレも、彼女のように……ううん、\n　彼女以上に、格好良くなりたい」%K%P
%LC依夜
%LC依夜
「日向……」%K%P
「日向……」%K%P
%LC宗千佳
%LC宗千佳
「そうか……。ふふっ、そうかそうか」%K%P
「そうか……。ふふっ、そうかそうか」%K%P
%LC陽菜
%LC陽菜
「うぅ……」%K%P
「うぅ……」%K%P
依夜に見つめられ、姉さんにはほくそ笑まれ、\nまったくもっていたたまれない、まな板の鯉状態。%K%P
依夜に見つめられ、姉さんにはほくそ笑まれ、\nまったくもっていたたまれない、まな板の鯉状態。%K%P
本当は、可愛いところも好きだと言いたかったけど、\nさすがにそれは照れくさすぎて、言えなかった。%K%P
本当は、可愛いところも好きだと言いたかったけど、\nさすがにそれは照れくさすぎて、言えなかった。%K%P
%LC陽菜
%LC陽菜
「……これで、いい？　満足した？」%K%P
「……これで、いい？　満足した？」%K%P
%LC宗千佳
%LC宗千佳
「そうだな。今の告白は、なかなかに――」%K%P
「そうだな。今の告白は、なかなかに――」%K%P
%LC宗千佳
%LC宗千佳
「……いや、やめておこう」%K%P
「……いや、やめておこう」%K%P
%LC陽菜
%LC陽菜
「待って。言いかけてやめられると、\n　すごく気になるんだけど」%K%P
「待って。言いかけてやめられると、\n　すごく気になるんだけど」%K%P
%LC宗千佳
%LC宗千佳
「私が言っては野暮だと思っただけだ」%K%P
「私が言っては野暮だと思っただけだ」%K%P
%LC宗千佳
%LC宗千佳
「二人とも、長く引き留めて悪かったな。\n　明日の試合、楽しみにしているぞ」%K%P
「二人とも、長く引き留めて悪かったな。\n　明日の試合、楽しみにしているぞ」%K%P
最後にそう言うと、\n姉さんは職員寮のほうへ立ち去ってしまった。%K%P
最後にそう言うと、\n姉さんは職員寮のほうへ立ち去ってしまった。%K%P
%LC陽菜
%LC陽菜
「行っちゃった……。\n　最後、なにを言おうとしたんだか……」%K%P
「行っちゃった……。\n　最後、なにを言おうとしたんだか……」%K%P
%LC依夜
%LC依夜
「私、わかる気がする」%K%P
「私、わかる気がする」%K%P
%LC陽菜
%LC陽菜
「えっ、ホント――」%K%P
「えっ、ホント――」%K%P
依夜の言葉に振り向けば、\nすぐそこに、彼女の笑顔があった。%K%P
依夜の言葉に振り向けば、\nすぐそこに、彼女の笑顔があった。%K%P
%LC依夜
%LC依夜
「先生はきっと、こう言おうとしたのだと思う」%K%P
「先生はきっと、こう言おうとしたのだと思う」%K%P
%LC依夜
%LC依夜
「今のは、なかなかに格好よかったぞ……って」%K%P
「今のは、なかなかに格好よかったぞ……って」%K%P
%LC陽菜
%LC陽菜
「あ……」%K%P
「あ……」%K%P
けして先生の口調を真似ているわけじゃないのに、\nその言葉を口にした依夜は、まるで姉さんのようで。%K%P
けして先生の口調を真似ているわけじゃないのに、\nその言葉を口にした依夜は、まるで姉さんのようで。%K%P
姉さんのように、格好よくて。%K%P
姉さんのように、格好よくて。%K%P
%LC陽菜
%LC陽菜
「……そう、だね。オレも、そう思う」%K%P
「……そう、だね。オレも、そう思う」%K%P
私が言っては野暮だ、という言葉の真意は、\nそれを言うべきは依夜だからってことに違いない。%K%P
私が言っては野暮だ、という言葉の真意は、\nそれを言うべきは依夜だからってことに違いない。%K%P
いまこの場で、オレを格好いいと言うべきは、\n自分ではなく依夜であると――、%K%P
いまこの場で、オレを格好いいと言うべきは、\n自分ではなく依夜であると――、%K%P
%LC依夜
%LC依夜
「……日向。私のこと、\n　好きになってくれてありがとう」%K%P
「……日向。私のこと、\n　好きになってくれてありがとう」%K%P
%LC依夜
%LC依夜
「強くて、優しくて、格好いいって、\n　そう言ってくれて……本当に、ありがとう」%K%P
「強くて、優しくて、格好いいって、\n　そう言ってくれて……本当に、ありがとう」%K%P
%LC陽菜
%LC陽菜
「ん……」%K%P
「ん……」%K%P
エッチのとき以外で、依夜から\n日向って呼ばれるのは、それが初めてで。%K%P
エッチのとき以外で、依夜から\n日向って呼ばれるのは、それが初めてで。%K%P
感謝を告げてくる彼女の言葉と視線は、\n剣の太刀筋と同じく、強く、真っ直ぐだった。%K%P
感謝を告げてくる彼女の言葉と視線は、\n剣の太刀筋と同じく、強く、真っ直ぐだった。%K%P
%LC依夜
%LC依夜
「私も、日向が好き」%K%P
「私も、日向が好き」%K%P
%LC依夜
%LC依夜
「強くて優しくて格好よくて可愛い、\n　そんなあなたが、大好き」%K%P
「強くて優しくて格好よくて可愛い、\n　そんなあなたが、大好き」%K%P
%LC陽菜
%LC陽菜
「うん――」%K%P
「うん――」%K%P
……って、あれ？%K%P
……って、あれ？%K%P
%LC陽菜
%LC陽菜
「ねえ、なんか増えてなかった？」%K%P
「ねえ、なんか増えてなかった？」%K%P
%LC依夜
%LC依夜
「ふふ、そうだった？」%K%P
「ふふ、そうだった？」%K%P
%LC陽菜
%LC陽菜
「そうだよっ。っていうか、\n　なんでそれが増えちゃうのっ」%K%P
「そうだよっ。っていうか、\n　なんでそれが増えちゃうのっ」%K%P
%LC依夜
%LC依夜
「だって好きなんだもの。\n　可愛い陽菜も、可愛い日向も」%K%P
「だって好きなんだもの。\n　可愛い陽菜も、可愛い日向も」%K%P
%LC陽菜
%LC陽菜
「ぐっ……なら、オレもっ！\n　オレも依夜の可愛いところ、好きだからっ」%K%P
「ぐっ……なら、オレもっ！\n　オレも依夜の可愛いところ、好きだからっ」%K%P
%LC依夜
%LC依夜
「先生の前では言ってくれなかったのに？」%K%P
「先生の前では言ってくれなかったのに？」%K%P
%LC陽菜
%LC陽菜
「あのときは、だって……恥ずかしくて……」%K%P
「あのときは、だって……恥ずかしくて……」%K%P
%LC依夜
%LC依夜
「くす、ふふっ。ほら、やっぱり可愛い」%K%P
「くす、ふふっ。ほら、やっぱり可愛い」%K%P
%LC陽菜
%LC陽菜
「ぐぬぬぅっ……！」%K%P
「ぐぬぬぅっ……！」%K%P
オレをやりこめ、くすくすっと笑う依夜。%K%P
オレをやりこめ、くすくすっと笑う依夜。%K%P
その笑顔が本当に可愛くって、大好きで、\nしばらくの間、呻きながらも彼女を見つめていた。%K%P
その笑顔が本当に可愛くって、大好きで、\nしばらくの間、呻きながらも彼女を見つめていた。%K%P
