――翌日、朝。%K%P
――翌日、朝。%K%P
%LC陽菜
%LC陽菜
「ん……」%K%P
「ん……」%K%P
セットしておいたアラームが鳴る少し前に\n目を覚まし、室内を見回す。%K%P
セットしておいたアラームが鳴る少し前に\n目を覚まし、室内を見回す。%K%P
美実様と梨理ちゃんはまだ寝ていたけど、\nつーちゃんと依夜様の姿は、ベッドにはなかった。%K%P
美実様と梨理ちゃんはまだ寝ていたけど、\nつーちゃんと依夜様の姿は、ベッドにはなかった。%K%P
よし、いまのうちに着替えを――、%K%P
よし、いまのうちに着替えを――、%K%P
%LC陽菜
%LC陽菜
「……ふぅ」%K%P
「……ふぅ」%K%P
速攻で制服に着替えて、ほっと一息。%K%P
速攻で制服に着替えて、ほっと一息。%K%P
室内にはカーテンで仕切れる着替えスペースが\nあるんだけど、あいにく鍵がかけられない。%K%P
室内にはカーテンで仕切れる着替えスペースが\nあるんだけど、あいにく鍵がかけられない。%K%P
美実様が冗談で突撃してくる可能性もあるから、\n着替えのタイミングには細心の注意が必要だ。%K%P
美実様が冗談で突撃してくる可能性もあるから、\n着替えのタイミングには細心の注意が必要だ。%K%P
%LC睦月
%LC睦月
「陽菜さん、おはようございます」%K%P
「陽菜さん、おはようございます」%K%P
%LC陽菜
%LC陽菜
「おはよう、睦月さん。\n　早いね、もう着替えてるなんて」%K%P
「おはよう、睦月さん。\n　早いね、もう着替えてるなんて」%K%P
%LC睦月
%LC睦月
「今朝は早めに起きて、お風呂をいただいて。\n　そのまま制服に着替えたもので」%K%P
「今朝は早めに起きて、お風呂をいただいて。\n　そのまま制服に着替えたもので」%K%P
%LC陽菜
%LC陽菜
「あっ、そっか……」%K%P
「あっ、そっか……」%K%P
夕べは依夜様と長時間お風呂に入った結果、\n出てきた頃には消灯時間という有り様だった。%K%P
夕べは依夜様と長時間お風呂に入った結果、\n出てきた頃には消灯時間という有り様だった。%K%P
そのため、つーちゃんは夕べ、\n入浴することなく寝てしまったのである。%K%P
そのため、つーちゃんは夕べ、\n入浴することなく寝てしまったのである。%K%P
%LC陽菜
%LC陽菜
「昨日は本当にごめん。\n　お風呂を占拠しちゃって」%K%P
「昨日は本当にごめん。\n　お風呂を占拠しちゃって」%K%P
%LC睦月
%LC睦月
「気にしないでください。\n　私、朝に入浴するのも好きですから」%K%P
「気にしないでください。\n　私、朝に入浴するのも好きですから」%K%P
%LC睦月
%LC睦月
「今後も合宿中は朝に入浴しますので。\n　どうぞ、依夜様と長湯を楽しんでください」%K%P
「今後も合宿中は朝に入浴しますので。\n　どうぞ、依夜様と長湯を楽しんでください」%K%P
%LC陽菜
%LC陽菜
「ありがとう、睦月さん。\n　じゃあ、お言葉に甘えさせてもらうね」%K%P
「ありがとう、睦月さん。\n　じゃあ、お言葉に甘えさせてもらうね」%K%P
昨夜のことを考えると、合宿中は常に\n依夜様と入浴を共にすることになるだろう。%K%P
昨夜のことを考えると、合宿中は常に\n依夜様と入浴を共にすることになるだろう。%K%P
入浴中は女装バレの危険性も高いわけで、\nつーちゃんの申し出は、実にありがたい。%K%P
入浴中は女装バレの危険性も高いわけで、\nつーちゃんの申し出は、実にありがたい。%K%P
%LC陽菜
%LC陽菜
「ところで依夜様の姿が見えないんだけど。\n　どこにいったか知らない？」%K%P
「ところで依夜様の姿が見えないんだけど。\n　どこにいったか知らない？」%K%P
%LC睦月
%LC睦月
「依夜様なら、朝の空気を吸いたいと言って、\n　外に行かれましたよ」%K%P
「依夜様なら、朝の空気を吸いたいと言って、\n　外に行かれましたよ」%K%P
早朝の空気は、少しひんやりとして心地良い。%K%P
早朝の空気は、少しひんやりとして心地良い。%K%P
合宿所の回りにはいなかったので、\nなんとなくあそこかなと思い、中庭へ。%K%P
合宿所の回りにはいなかったので、\nなんとなくあそこかなと思い、中庭へ。%K%P
はたして、そこには依夜様がいた。%K%P
はたして、そこには依夜様がいた。%K%P
ベンチに腰掛け、目を閉じて――、\nまるで座禅をしているような雰囲気だ。%K%P
ベンチに腰掛け、目を閉じて――、\nまるで座禅をしているような雰囲気だ。%K%P
集中してるっぽいし……、\n声、掛けないほうがいいのかな……？%K%P
集中してるっぽいし……、\n声、掛けないほうがいいのかな……？%K%P
%LC依夜
%LC依夜
「……おはよう、陽菜」%K%P
「……おはよう、陽菜」%K%P
%LC陽菜
%LC陽菜
「あっ……おはよう、ございます」%K%P
「あっ……おはよう、ございます」%K%P
こちらの気配を察したらしく、\n依夜様の方から声が掛かる。%K%P
こちらの気配を察したらしく、\n依夜様の方から声が掛かる。%K%P
それから自分の隣を手で示したので、\n誘われるまま、彼女の隣に座った。%K%P
それから自分の隣を手で示したので、\n誘われるまま、彼女の隣に座った。%K%P
%LC陽菜
%LC陽菜
「依夜様、今朝は寝ぼけてないんですね」%K%P
「依夜様、今朝は寝ぼけてないんですね」%K%P
%LC依夜
%LC依夜
「この前がひどかっただけ。\n　いつもは問題なく起きられるの」%K%P
「この前がひどかっただけ。\n　いつもは問題なく起きられるの」%K%P
%LC依夜
%LC依夜
「陽菜を抱っこさせてもらった分、\n　夕べはいつもより寝付きもよかったし」%K%P
「陽菜を抱っこさせてもらった分、\n　夕べはいつもより寝付きもよかったし」%K%P
%LC陽菜
%LC陽菜
「ん……」%K%P
「ん……」%K%P
昨夜の出来事が脳裏を過ぎり、吐息が漏れる。%K%P
昨夜の出来事が脳裏を過ぎり、吐息が漏れる。%K%P
%LC陽菜
%LC陽菜
「こんなところでなにをしてたんですか？」%K%P
「こんなところでなにをしてたんですか？」%K%P
%LC依夜
%LC依夜
「瞑想というほど大したものではないのだけど。\n　少し、乱れた気を落ち着けたくて」%K%P
「瞑想というほど大したものではないのだけど。\n　少し、乱れた気を落ち着けたくて」%K%P
%LC陽菜
%LC陽菜
「なにか変な夢でも見たとか？」%K%P
「なにか変な夢でも見たとか？」%K%P
%LC依夜
%LC依夜
「違うわ。起きてすぐ、陽菜の寝顔を見て。\n　それがとても愛らしかったから」%K%P
「違うわ。起きてすぐ、陽菜の寝顔を見て。\n　それがとても愛らしかったから」%K%P
%LC依夜
%LC依夜
「同じ部屋に居たら、襲ってしまいそうで。\n　そんな自分を、戒めなくてはと思ったの」%K%P
「同じ部屋に居たら、襲ってしまいそうで。\n　そんな自分を、戒めなくてはと思ったの」%K%P
%LC陽菜
%LC陽菜
「襲うって……くすっ、\n　依夜様もそんな冗談を言うんですね」%K%P
「襲うって……くすっ、\n　依夜様もそんな冗談を言うんですね」%K%P
%LC依夜
%LC依夜
「冗談じゃないわ。本当よ」%K%P
「冗談じゃないわ。本当よ」%K%P
%LC陽菜
%LC陽菜
「またまた。私をからかって」%K%P
「またまた。私をからかって」%K%P
%LC依夜
%LC依夜
「陽菜」%K%P
「陽菜」%K%P
%LC陽菜
%LC陽菜
「え――」%K%P
「え――」%K%P
%LC依夜
%LC依夜
「んっ……ちゅっ」%K%P
「んっ……ちゅっ」%K%P
隣に座るオレの肩にそっと手を置いて、\nごく自然な所作で、口づけてくる依夜様。%K%P
隣に座るオレの肩にそっと手を置いて、\nごく自然な所作で、口づけてくる依夜様。%K%P
驚くとか慌てるとか、そういうことすら許さない、\nまるで達人による居合いのようなキスだった。%K%P
驚くとか慌てるとか、そういうことすら許さない、\nまるで達人による居合いのようなキスだった。%K%P
%LC依夜
%LC依夜
「……どう？　これで、信じてくれた？」%K%P
「……どう？　これで、信じてくれた？」%K%P
%LC陽菜
%LC陽菜
「……うん」%K%P
「……うん」%K%P
唇をほんの少し離しただけの距離で見つめられ、\nただただ小さく頷いてしまう。%K%P
唇をほんの少し離しただけの距離で見つめられ、\nただただ小さく頷いてしまう。%K%P
やることなすことイケメンすぎて、\nこっちが乙女になってしまいそうだ。%K%P
やることなすことイケメンすぎて、\nこっちが乙女になってしまいそうだ。%K%P
%LC依夜
%LC依夜
「ところで、陽菜。昨日お願いしたこと、\n　守ってくれていないようだけれど」%K%P
「ところで、陽菜。昨日お願いしたこと、\n　守ってくれていないようだけれど」%K%P
%LC陽菜
%LC陽菜
「うぐっ……。\n　あれ、守らなきゃだめですか……？」%K%P
「うぐっ……。\n　あれ、守らなきゃだめですか……？」%K%P
%LC依夜
%LC依夜
「いきなりは難しい？」%K%P
「いきなりは難しい？」%K%P
%LC陽菜
%LC陽菜
「はい。どうにも染みついちゃって……」%K%P
「はい。どうにも染みついちゃって……」%K%P
%LC依夜
%LC依夜
「なら、少し練習しましょう。\n　陽菜ならきっと、すぐに出来るはず」%K%P
「なら、少し練習しましょう。\n　陽菜ならきっと、すぐに出来るはず」%K%P
%LC陽菜
%LC陽菜
「練習って……いま？　ここでですか？」%K%P
「練習って……いま？　ここでですか？」%K%P
%LC依夜
%LC依夜
「そう。さあ、呼んで」%K%P
「そう。さあ、呼んで」%K%P
%LC陽菜
%LC陽菜
「呼んでって……でも、やっぱり」%K%P
「呼んでって……でも、やっぱり」%K%P
%LC依夜
%LC依夜
「いいから。呼ぶの」%K%P
「いいから。呼ぶの」%K%P
%LC陽菜
%LC陽菜
「……んっと――」%K%P
「……んっと――」%K%P
%LC陽菜
%LC陽菜
「……依夜」%K%P
「……依夜」%K%P
%LC依夜
%LC依夜
「うん」%K%P
「うん」%K%P
敬称を外して呼ぶと、依夜――がにこっと笑う。%K%P
敬称を外して呼ぶと、依夜――がにこっと笑う。%K%P
夕べ、エッチの後で彼女がお願いしてきたのは、\n敬称と口調を変えて欲しい、というものだった。%K%P
夕べ、エッチの後で彼女がお願いしてきたのは、\n敬称と口調を変えて欲しい、というものだった。%K%P
具体的にいうと、様付けと丁寧語はやめて、\n同年代の子と話す感じにしてほしい、というもの。%K%P
具体的にいうと、様付けと丁寧語はやめて、\n同年代の子と話す感じにしてほしい、というもの。%K%P
お願いされたときは聞き入れてしまったけど、\nいきなり変えるとなると、なかなか難しい。%K%P
お願いされたときは聞き入れてしまったけど、\nいきなり変えるとなると、なかなか難しい。%K%P
%LC陽菜
%LC陽菜
「やっぱり、変な感じなんですけど」%K%P
「やっぱり、変な感じなんですけど」%K%P
%LC依夜
%LC依夜
「ですけど？」%K%P
「ですけど？」%K%P
%LC陽菜
%LC陽菜
「うっ……変な感じ、なんだけど。\n　だって、依夜様は依夜様だし」%K%P
「うっ……変な感じ、なんだけど。\n　だって、依夜様は依夜様だし」%K%P
%LC依夜
%LC依夜
「それは学園の慣習に倣ったからでしょう？」%K%P
「それは学園の慣習に倣ったからでしょう？」%K%P
%LC依夜
%LC依夜
「それに、恋人に様付けで呼ばれるのは、\n　距離を置かれているようで……寂しい」%K%P
「それに、恋人に様付けで呼ばれるのは、\n　距離を置かれているようで……寂しい」%K%P
いきなりのキスから一点、\n憂いを帯びた視線に、心が揺れる。%K%P
いきなりのキスから一点、\n憂いを帯びた視線に、心が揺れる。%K%P
%LC陽菜
%LC陽菜
「……わかった。努力してみる」%K%P
「……わかった。努力してみる」%K%P
%LC依夜
%LC依夜
「なら、もう一度。呼んで、陽菜」%K%P
「なら、もう一度。呼んで、陽菜」%K%P
%LC陽菜
%LC陽菜
「えっ、また？」%K%P
「えっ、また？」%K%P
%LC依夜
%LC依夜
「鉄は熱いうちに打たないと。\n　さぁ、呼んで」%K%P
「鉄は熱いうちに打たないと。\n　さぁ、呼んで」%K%P
%LC陽菜
%LC陽菜
「……依夜」%K%P
「……依夜」%K%P
%LC依夜
%LC依夜
「もう一度」%K%P
「もう一度」%K%P
%LC陽菜
%LC陽菜
「依夜」%K%P
「依夜」%K%P
%LC依夜
%LC依夜
「……うん。\n　これまでより、あなたを近く感じる」%K%P
「……うん。\n　これまでより、あなたを近く感じる」%K%P
%LC依夜
%LC依夜
「これならきっと、美実たちにも負けないわ」%K%P
「これならきっと、美実たちにも負けないわ」%K%P
%LC陽菜
%LC陽菜
「そんなふうに言われたら、\n　呼ばざる得ない感じになるんだけど」%K%P
「そんなふうに言われたら、\n　呼ばざる得ない感じになるんだけど」%K%P
%LC依夜
%LC依夜
「ふふっ。なら、これからも続けて」%K%P
「ふふっ。なら、これからも続けて」%K%P
%LC陽菜
%LC陽菜
「もう……」%K%P
「もう……」%K%P
湯船でオレを抱っこしたときのように、\n声を弾ませる、ご機嫌な依夜。%K%P
湯船でオレを抱っこしたときのように、\n声を弾ませる、ご機嫌な依夜。%K%P
……でも、確かに距離が縮まった気がする。%K%P
……でも、確かに距離が縮まった気がする。%K%P
なにより、大好きな人が喜んでくれるのだし……、\nこれからはこれで、やってみよう。うん。%K%P
なにより、大好きな人が喜んでくれるのだし……、\nこれからはこれで、やってみよう。うん。%K%P
――放課後、トレーニングルーム。%K%P
――放課後、トレーニングルーム。%K%P
その日はつーちゃんが歌唱練習に\n専念するということで、歌劇の稽古はなし。%K%P
その日はつーちゃんが歌唱練習に\n専念するということで、歌劇の稽古はなし。%K%P
かわりに美実様の提案で、\n{騎士:ワルキュリア}全員でトレーニングすることになった。%K%P
かわりに美実様の提案で、\n{騎士:ワルキュリア}全員でトレーニングすることになった。%K%P
%LC梨理
%LC梨理
「歌劇の稽古を一緒にやるのはわかるけど、\n　こっちは別々でもよくない？」%K%P
「歌劇の稽古を一緒にやるのはわかるけど、\n　こっちは別々でもよくない？」%K%P
%LC梨理
%LC梨理
「センセたちとは、決勝で戦う敵同士なわけだし」%K%P
「センセたちとは、決勝で戦う敵同士なわけだし」%K%P
%LC美実
%LC美実
「そういうこと言わないの。\n　一緒にやったほうが色々と学べるんだから」%K%P
「そういうこと言わないの。\n　一緒にやったほうが色々と学べるんだから」%K%P
%LC梨理
%LC梨理
「ま、別にいいけど……」%K%P
「ま、別にいいけど……」%K%P
%LC梨理
%LC梨理
「でも、どんな練習するの？」%K%P
「でも、どんな練習するの？」%K%P
%LC美実
%LC美実
「依夜と陽菜ちゃん、やりたいことある？\n　誘ったのこっちだし、決めていいよ」%K%P
「依夜と陽菜ちゃん、やりたいことある？\n　誘ったのこっちだし、決めていいよ」%K%P
%LC陽菜
%LC陽菜
「私は別に、なんでも。依夜は？」%K%P
「私は別に、なんでも。依夜は？」%K%P
%LC依夜
%LC依夜
「私もとくには」%K%P
「私もとくには」%K%P
%LC美実
%LC美実
「そっか。なら――って、ちょっ、待った待った」%K%P
「そっか。なら――って、ちょっ、待った待った」%K%P
%LC美実
%LC美実
「なに？　いまの、依夜っていうの。\n　急にどうしちゃったわけ？」%K%P
「なに？　いまの、依夜っていうの。\n　急にどうしちゃったわけ？」%K%P
%LC依夜
%LC依夜
「なにか変？」%K%P
「なにか変？」%K%P
%LC美実
%LC美実
「いやいや変でしょ。\n　昨日までは依夜様って呼んでたのに」%K%P
「いやいや変でしょ。\n　昨日までは依夜様って呼んでたのに」%K%P
%LC美実
%LC美実
「どしたの？　どういう心境の変化？」%K%P
「どしたの？　どういう心境の変化？」%K%P
%LC陽菜
%LC陽菜
「これは……まあ、色々とあって。\n　チームワーク向上のため、というか」%K%P
「これは……まあ、色々とあって。\n　チームワーク向上のため、というか」%K%P
%LC陽菜
%LC陽菜
「美実様たちに勝つために、\n　もっと仲良くなろうって話し合ったんです」%K%P
「美実様たちに勝つために、\n　もっと仲良くなろうって話し合ったんです」%K%P
%LC依夜
%LC依夜
「そういうこと」%K%P
「そういうこと」%K%P
本当の理由は言えるはずもないので誤魔化すと、\n依夜もそれに頷いてくれた。%K%P
本当の理由は言えるはずもないので誤魔化すと、\n依夜もそれに頷いてくれた。%K%P
%LC美実
%LC美実
「ふぅん……。ま、二人がどれだけ仲良くなろうと、\n　私たち姉妹の絆には勝てないけどね？」%K%P
「ふぅん……。ま、二人がどれだけ仲良くなろうと、\n　私たち姉妹の絆には勝てないけどね？」%K%P
%LC梨理
%LC梨理
「私は実力でも負けるつもりはないので」%K%P
「私は実力でも負けるつもりはないので」%K%P
%LC美実
%LC美実
「ふふっ、この子ってば張り切っちゃって」%K%P
「ふふっ、この子ってば張り切っちゃって」%K%P
%LC美実
%LC美実
「で、本題に戻るけど。とくに希望ないなら、\n　久しぶりに例のタッチゲームやらない？」%K%P
「で、本題に戻るけど。とくに希望ないなら、\n　久しぶりに例のタッチゲームやらない？」%K%P
%LC美実
%LC美実
「クレールからペアでやったって聞いて、\n　面白そうだなぁって思ってたんだよね」%K%P
「クレールからペアでやったって聞いて、\n　面白そうだなぁって思ってたんだよね」%K%P
というわけで、すっかりお馴染みの\nタッチゲームをすることに。%K%P
というわけで、すっかりお馴染みの\nタッチゲームをすることに。%K%P
ルールはクレール様たちとやったときと同じく、\n{連弾:デュオ}{舞闘:カデンツァ}を模したもの。%K%P
ルールはクレール様たちとやったときと同じく、\n{連弾:デュオ}{舞闘:カデンツァ}を模したもの。%K%P
２対２に分かれて、セコンド役が相手のプリモ役の\n胸にタッチできたらポイントゲットという方式だ。%K%P
２対２に分かれて、セコンド役が相手のプリモ役の\n胸にタッチできたらポイントゲットという方式だ。%K%P
前回はクレール様たちに惨敗してしまったけど、\nそのおかげで、お泊まりする機会に恵まれた。%K%P
前回はクレール様たちに惨敗してしまったけど、\nそのおかげで、お泊まりする機会に恵まれた。%K%P
依夜と親密になり、初戦を突破した今、\n自分たちの成長を推し量るには絶好の機会だ。%K%P
依夜と親密になり、初戦を突破した今、\n自分たちの成長を推し量るには絶好の機会だ。%K%P
%LC美実
%LC美実
「チーム分けは本番と同じでいいとして。\n　そっちは、どっちがプリモ？」%K%P
「チーム分けは本番と同じでいいとして。\n　そっちは、どっちがプリモ？」%K%P
%LC依夜
%LC依夜
「陽菜、私でいい？」%K%P
「陽菜、私でいい？」%K%P
%LC陽菜
%LC陽菜
「うん、お願い」%K%P
「うん、お願い」%K%P
女装バレのリスクを考慮してくれたんだろう、\n依夜が率先して手をあげてくれた。%K%P
女装バレのリスクを考慮してくれたんだろう、\n依夜が率先して手をあげてくれた。%K%P
%LC美実
%LC美実
「依夜がプリモで、陽菜ちゃんがセコンドね。\n　じゃあ、私たちは――」%K%P
「依夜がプリモで、陽菜ちゃんがセコンドね。\n　じゃあ、私たちは――」%K%P
%LC梨理
%LC梨理
「私、セコンドがいい」%K%P
「私、セコンドがいい」%K%P
%LC美実
%LC美実
「あー、なるほど……。オッケー。\n　んじゃ、私がプリモ役っと」%K%P
「あー、なるほど……。オッケー。\n　んじゃ、私がプリモ役っと」%K%P
%LC美実
%LC美実
「ということで、セコンド役の陽菜ちゃん。\n　私のおっぱい、好き放題していいよ？」%K%P
「ということで、セコンド役の陽菜ちゃん。\n　私のおっぱい、好き放題していいよ？」%K%P
%LC陽菜
%LC陽菜
「変な言い方しないでくださいっ」%K%P
「変な言い方しないでくださいっ」%K%P
%LC美実
%LC美実
「けど、クレールたちと戦ったとき、\n　クレールのおっぱいに夢中だったって聞いたよ？」%K%P
「けど、クレールたちと戦ったとき、\n　クレールのおっぱいに夢中だったって聞いたよ？」%K%P
%LC美実
%LC美実
「ま、あんだけ立派なのがたゆんたゆんしてたら、\n　目を奪われない方が無理ってもんだけど」%K%P
「ま、あんだけ立派なのがたゆんたゆんしてたら、\n　目を奪われない方が無理ってもんだけど」%K%P
%LC陽菜
%LC陽菜
「ちっ、違いますからっ！\n　あのときは純粋に私が負けただけで――」%K%P
「ちっ、違いますからっ！\n　あのときは純粋に私が負けただけで――」%K%P
って、なんか依夜が、\nめっちゃこっち見てるんだけどっ……？！%K%P
って、なんか依夜が、\nめっちゃこっち見てるんだけどっ……？！%K%P
%LC美実
%LC美実
「またまたそんなこと言って。\n　陽菜ちゃんって実はおっぱい好きでしょ？」%K%P
「またまたそんなこと言って。\n　陽菜ちゃんって実はおっぱい好きでしょ？」%K%P
%LC陽菜
%LC陽菜
「どこ情報ですかっ」%K%P
「どこ情報ですかっ」%K%P
%LC美実
%LC美実
「昨日の夜中、陽菜ちゃんってば寝言で、\n　おっぱいおっぱい言ってたよ？」%K%P
「昨日の夜中、陽菜ちゃんってば寝言で、\n　おっぱいおっぱい言ってたよ？」%K%P
%LC陽菜
%LC陽菜
「え゛」%K%P
「え゛」%K%P
うそ……。オレ、そんなこと言ってたの……？！%K%P
うそ……。オレ、そんなこと言ってたの……？！%K%P
%LC美実
%LC美実
「まっ、私は陽菜ちゃんや梨理みたいな、\n　慎ましいのも大好物だけど」%K%P
「まっ、私は陽菜ちゃんや梨理みたいな、\n　慎ましいのも大好物だけど」%K%P
%LC梨理
%LC梨理
%XS21「一言余計っ」%XE%K%P
%XS21「一言余計っ」%XE%K%P
%LC依夜
%LC依夜
「陽菜。いまの話だけれど――」%K%P
「陽菜。いまの話だけれど――」%K%P
うわっ、なんかオーラ出てるっ……？！%K%P
うわっ、なんかオーラ出てるっ……？！%K%P
っていうか、かつて感じたことがないぐらい、\n鬼気迫るような威圧感が、ひしひしとっ……？！%K%P
っていうか、かつて感じたことがないぐらい、\n鬼気迫るような威圧感が、ひしひしとっ……？！%K%P
%LC陽菜
%LC陽菜
「みっ、美実様、勝負始めましょう、はやくっ」%K%P
「みっ、美実様、勝負始めましょう、はやくっ」%K%P
%LC美実
%LC美実
「おっ、一刻も早くさわりたいって？\n　いいよ、揉むなり吸うなり好きにしても」%K%P
「おっ、一刻も早くさわりたいって？\n　いいよ、揉むなり吸うなり好きにしても」%K%P
%LC陽菜
%LC陽菜
%XS21「吸いませんし揉みませんからっ！」%XE%K%P
%XS21「吸いませんし揉みませんからっ！」%XE%K%P
%LC陽菜
%LC陽菜
「よしっ、引きつけて……そこっ！」%K%P
「よしっ、引きつけて……そこっ！」%K%P
%LC美実
%LC美実
「やんっ氈v%K%P
「やんっ氈v%K%P
出来るだけそっと胸にタッチすると、\n美実様がわざとらしく声を漏らす。%K%P
出来るだけそっと胸にタッチすると、\n美実様がわざとらしく声を漏らす。%K%P
ペアでのタッチゲームは接戦が続き、\n勝敗数は５勝５敗と見事に拮抗していた。%K%P
ペアでのタッチゲームは接戦が続き、\n勝敗数は５勝５敗と見事に拮抗していた。%K%P
%LC美実
%LC美実
「むぅ、さっすが陽菜ちゃん。\n　やっぱ手強いねぇ」%K%P
「むぅ、さっすが陽菜ちゃん。\n　やっぱ手強いねぇ」%K%P
%LC梨理
%LC梨理
「お姉ちゃんのガードが甘過ぎなのっ。\n　ホントはもっと避けられるでしょっ？」%K%P
「お姉ちゃんのガードが甘過ぎなのっ。\n　ホントはもっと避けられるでしょっ？」%K%P
%LC美実
%LC美実
「私だって本気出してるし。\n　ほらっ、これでも食らえっ」%K%P
「私だって本気出してるし。\n　ほらっ、これでも食らえっ」%K%P
%LC梨理
%LC梨理
「ちょっ、抱きつかないで……って、\n　うわ、お姉ちゃん、汗びっしょり……」%K%P
「ちょっ、抱きつかないで……って、\n　うわ、お姉ちゃん、汗びっしょり……」%K%P
%LC美実
%LC美実
「梨理だってすっごい汗かいてるよ？\n　依夜相手だと、さすがに余裕ない感じ？」%K%P
「梨理だってすっごい汗かいてるよ？\n　依夜相手だと、さすがに余裕ない感じ？」%K%P
%LC梨理
%LC梨理
「そんなことないしっ。\n　５ポイント取って、いまイーブンだもん」%K%P
「そんなことないしっ。\n　５ポイント取って、いまイーブンだもん」%K%P
%LC美実
%LC美実
「強がっちゃって。息切れてるし、\n　足下だって結構ふらふらなくせに」%K%P
「強がっちゃって。息切れてるし、\n　足下だって結構ふらふらなくせに」%K%P
確かに、まだ余裕が残る美実様に比べて、\n梨理ちゃんはかなりバテている様子だ。%K%P
確かに、まだ余裕が残る美実様に比べて、\n梨理ちゃんはかなりバテている様子だ。%K%P
依夜からポイントを奪うのは、\nそれだけ大変ってことだろう。%K%P
依夜からポイントを奪うのは、\nそれだけ大変ってことだろう。%K%P
%LC美実
%LC美実
「梨理もこんな感じでバテバテだし、\n　今日はこのへんでお開きにしておかない？」%K%P
「梨理もこんな感じでバテバテだし、\n　今日はこのへんでお開きにしておかない？」%K%P
%LC梨理
%LC梨理
「やだ、いま同点だし。せめて決着つけたい」%K%P
「やだ、いま同点だし。せめて決着つけたい」%K%P
%LC美実
%LC美実
「そこは銀蘭祭当日にとっておくってことで。\n　そのほうが梨理だって張り合いあるでしょ？」%K%P
「そこは銀蘭祭当日にとっておくってことで。\n　そのほうが梨理だって張り合いあるでしょ？」%K%P
%LC梨理
%LC梨理
「そうかもだけど……」%K%P
「そうかもだけど……」%K%P
%LC美実
%LC美実
「依夜と陽菜ちゃんも、それでいい？」%K%P
「依夜と陽菜ちゃんも、それでいい？」%K%P
%LC陽菜・依夜
%LC陽菜・依夜
「はい」\n「うん」%K%P
「はい」\n「うん」%K%P
%LC美実
%LC美実
「よしっ、じゃあ今日は解散ってことで。\n　梨理、シャワー浴びいくよっ」%K%P
「よしっ、じゃあ今日は解散ってことで。\n　梨理、シャワー浴びいくよっ」%K%P
%LC梨理
%LC梨理
「ちょっ、わかったから離してってばっ」%K%P
「ちょっ、わかったから離してってばっ」%K%P
こちらが揃って頷いたのを見て、\nトレーニングルームを後にする美実様たち。%K%P
こちらが揃って頷いたのを見て、\nトレーニングルームを後にする美実様たち。%K%P
一緒に合宿してみて改めて思ったけど、\nあの二人って本当に仲が良いから微笑ましい。%K%P
一緒に合宿してみて改めて思ったけど、\nあの二人って本当に仲が良いから微笑ましい。%K%P
%LC陽菜
%LC陽菜
「じゃあ、私たちも――」%K%P
「じゃあ、私たちも――」%K%P
%LC依夜
%LC依夜
「えっち」%K%P
「えっち」%K%P
%LC陽菜
%LC陽菜
「……へ？」%K%P
「……へ？」%K%P
%LC依夜
%LC依夜
「陽菜のえっち」%K%P
「陽菜のえっち」%K%P
%LC陽菜
%LC陽菜
「えっちって……どうしたの？　急に」%K%P
「えっちって……どうしたの？　急に」%K%P
%LC依夜
%LC依夜
「美実の胸、５回もさわってた」%K%P
「美実の胸、５回もさわってた」%K%P
%LC陽菜
%LC陽菜
「それは……だって、そういうルールだし」%K%P
「それは……だって、そういうルールだし」%K%P
%LC依夜
%LC依夜
「美実の声、妙に艶っぽかった」%K%P
「美実の声、妙に艶っぽかった」%K%P
%LC陽菜
%LC陽菜
「あれは私をからかって遊んでただけ。\n　タッチする時も、ちょっとしか触れてないし」%K%P
「あれは私をからかって遊んでただけ。\n　タッチする時も、ちょっとしか触れてないし」%K%P
%LC依夜
%LC依夜
「それは……私だって横目で見ていたから、\n　わかってはいるけれど……」%K%P
「それは……私だって横目で見ていたから、\n　わかってはいるけれど……」%K%P
なんて、拗ねた目でじっと見つめてくる依夜。%K%P
なんて、拗ねた目でじっと見つめてくる依夜。%K%P
オレと美実様の対戦を窺いながら、その上で、\n全力の梨理ちゃんと互角に戦ってたってことか。%K%P
オレと美実様の対戦を窺いながら、その上で、\n全力の梨理ちゃんと互角に戦ってたってことか。%K%P
汗はかいていても、呼吸は乱れていないし、\n依夜の身体能力って本当にすごい。%K%P
汗はかいていても、呼吸は乱れていないし、\n依夜の身体能力って本当にすごい。%K%P
%LC依夜
%LC依夜
「なら、クレールのときはどうだったの？\n　おっぱいに目を奪われたって言っていたけど」%K%P
「なら、クレールのときはどうだったの？\n　おっぱいに目を奪われたって言っていたけど」%K%P
%LC陽菜
%LC陽菜
「あのときは、その……」%K%P
「あのときは、その……」%K%P
%LC依夜
%LC依夜
「えっち。……陽菜のえっち」%K%P
「えっち。……陽菜のえっち」%K%P
%LC陽菜
%LC陽菜
「さっ、最初だけっ。\n　目を奪われたのは最初だけだからっ」%K%P
「さっ、最初だけっ。\n　目を奪われたのは最初だけだからっ」%K%P
%LC陽菜
%LC陽菜
「確かにクレール様のおっぱいを意識して、\n　動きとか固くなっちゃったと思うけど――」%K%P
「確かにクレール様のおっぱいを意識して、\n　動きとか固くなっちゃったと思うけど――」%K%P
%LC陽菜
%LC陽菜
「それでも途中からは全力で勝負したし、\n　その上で、クレール様には負けちゃったのっ」%K%P
「それでも途中からは全力で勝負したし、\n　その上で、クレール様には負けちゃったのっ」%K%P
拗ねた視線と口調に思わずテンパると、\nそんなオレを見て、依夜はくすっと笑う。%K%P
拗ねた視線と口調に思わずテンパると、\nそんなオレを見て、依夜はくすっと笑う。%K%P
%LC依夜
%LC依夜
「見とれたこと自体は、否定しないのね」%K%P
「見とれたこと自体は、否定しないのね」%K%P
%LC陽菜
%LC陽菜
「目を奪われちゃったのは本当だし……。\n　誤魔化すのは、かえってやましいでしょ？」%K%P
「目を奪われちゃったのは本当だし……。\n　誤魔化すのは、かえってやましいでしょ？」%K%P
%LC陽菜
%LC陽菜
「依夜には女装のことだって打ち明けたんだから。\n　変なところで、嘘、つきたくないし……」%K%P
「依夜には女装のことだって打ち明けたんだから。\n　変なところで、嘘、つきたくないし……」%K%P
%LC依夜
%LC依夜
「陽菜なら、そう言うと思った」%K%P
「陽菜なら、そう言うと思った」%K%P
%LC陽菜
%LC陽菜
「もぅ……。ひどいよ、試すなんて」%K%P
「もぅ……。ひどいよ、試すなんて」%K%P
%LC依夜
%LC依夜
「試したわけじゃなくて、確かめたかったの。\n　陽菜がおっぱいを好きかどうか」%K%P
「試したわけじゃなくて、確かめたかったの。\n　陽菜がおっぱいを好きかどうか」%K%P
%LC依夜
%LC依夜
「夕べのお風呂でも、おっぱいを押しあてたとき、\n　すごく気持ち良さそうにしていたから」%K%P
「夕べのお風呂でも、おっぱいを押しあてたとき、\n　すごく気持ち良さそうにしていたから」%K%P
%LC陽菜
%LC陽菜
「確かに、夕べの依夜の抱っこは、\n　すごく気持ちよかったけど……」%K%P
「確かに、夕べの依夜の抱っこは、\n　すごく気持ちよかったけど……」%K%P
%LC依夜
%LC依夜
「陽菜は、私のおっぱい、好き？」%K%P
「陽菜は、私のおっぱい、好き？」%K%P
%LC陽菜
%LC陽菜
「……うん」%K%P
「……うん」%K%P
%LC依夜
%LC依夜
「なら、さわって。昨日のように」%K%P
「なら、さわって。昨日のように」%K%P
%LC陽菜
%LC陽菜
「あ――」%K%P
「あ――」%K%P
いつのまにか距離を詰めていた依夜が、\nオレの手を取り、自らの胸へと引き寄せる。%K%P
いつのまにか距離を詰めていた依夜が、\nオレの手を取り、自らの胸へと引き寄せる。%K%P
それはまさに、夕べの騎乗位の再現で。%K%P
それはまさに、夕べの騎乗位の再現で。%K%P
%LC陽菜
%LC陽菜
「なっ……なにしてるの、依夜っ」%K%P
「なっ……なにしてるの、依夜っ」%K%P
%LC依夜
%LC依夜
「美実たちも行ってしまったし。\n　今日はもう、誰もここには来ないから」%K%P
「美実たちも行ってしまったし。\n　今日はもう、誰もここには来ないから」%K%P
%LC陽菜
%LC陽菜
「だからって、こんなところじゃなくても。\n　夜まで待てば、お風呂で……ね？」%K%P
「だからって、こんなところじゃなくても。\n　夜まで待てば、お風呂で……ね？」%K%P
%LC依夜
%LC依夜
「待てないし、待ちたくない。\n　私はいますぐ、あなたが欲しいの」%K%P
「待てないし、待ちたくない。\n　私はいますぐ、あなたが欲しいの」%K%P
%LC陽菜
%LC陽菜
「ッ……」%K%P
「ッ……」%K%P
秘められた情熱に息を呑む。%K%P
秘められた情熱に息を呑む。%K%P
炎は赤より青のほうが温度が高いというけど、\n依夜の口調と視線は、まさしくそれだった。%K%P
炎は赤より青のほうが温度が高いというけど、\n依夜の口調と視線は、まさしくそれだった。%K%P
%LC依夜
%LC依夜
「ね？　さわって、陽菜」%K%P
「ね？　さわって、陽菜」%K%P
囁きながら身体を寄せる依夜のおっぱいに、\n吸い込まれるように指が沈んでいく。%K%P
囁きながら身体を寄せる依夜のおっぱいに、\n吸い込まれるように指が沈んでいく。%K%P
フィエルテ越しであっても、\n彼女のおっぱいは柔らかくて、温かくて。%K%P
フィエルテ越しであっても、\n彼女のおっぱいは柔らかくて、温かくて。%K%P
その感触に、夕べの出来事が鮮明に甦って――、%K%P
その感触に、夕べの出来事が鮮明に甦って――、%K%P
%LC依夜
%LC依夜
「あっ……陽菜、おおきくなってる」%K%P
「あっ……陽菜、おおきくなってる」%K%P
%LC陽菜
%LC陽菜
「わっ、わわっ……」%K%P
「わっ、わわっ……」%K%P
オレのフィエルテは、股間の膨らみを\nカモフラージュするため前垂れがついている。%K%P
オレのフィエルテは、股間の膨らみを\nカモフラージュするため前垂れがついている。%K%P
その前垂れがほんのちょっとだけど、\n膨らむように前方に向かって押し出されていた。%K%P
その前垂れがほんのちょっとだけど、\n膨らむように前方に向かって押し出されていた。%K%P
%LC依夜
%LC依夜
「おっぱいにさわった途端、\n　こんなに勃起してしまうなんて――」%K%P
「おっぱいにさわった途端、\n　こんなに勃起してしまうなんて――」%K%P
%LC依夜
%LC依夜
「陽菜だって、いま、したいんでしょう？」%K%P
「陽菜だって、いま、したいんでしょう？」%K%P
気付けば、依夜の唇が耳元すぐ側にある。%K%P
気付けば、依夜の唇が耳元すぐ側にある。%K%P
その囁きは耳朶を溶かすように、秘やかで甘い。%K%P
その囁きは耳朶を溶かすように、秘やかで甘い。%K%P
%LC依夜
%LC依夜
「ねぇ、お願い、陽菜。\n　あなたのあそこ、近くで見せて？」%K%P
「ねぇ、お願い、陽菜。\n　あなたのあそこ、近くで見せて？」%K%P
そう言った依夜は、こちらの返事も待たず、\nそのままその場に膝をついて。%K%P
そう言った依夜は、こちらの返事も待たず、\nそのままその場に膝をついて。%K%P
次の瞬間には、オレの股間に手を伸ばしていた。%K%P
次の瞬間には、オレの股間に手を伸ばしていた。%K%P
フィエルテの股間部分がズラされると、\n勃起したペニスが元気よく飛び出して。%K%P
フィエルテの股間部分がズラされると、\n勃起したペニスが元気よく飛び出して。%K%P
それは、同じくフィエルテを着ている依夜の\nおっぱいの上に、乗っかるように鎮座した。%K%P
それは、同じくフィエルテを着ている依夜の\nおっぱいの上に、乗っかるように鎮座した。%K%P
%LC依夜
%LC依夜
「あぁ……これが、陽菜のおち○ちん……氈v%K%P
「あぁ……これが、陽菜のおち○ちん……氈v%K%P
ペニスを見つめ、依夜がうっとり息を吐く。%K%P
ペニスを見つめ、依夜がうっとり息を吐く。%K%P
火照った息が亀頭にかかると、\nそれだけで腰が震えてしまう。%K%P
火照った息が亀頭にかかると、\nそれだけで腰が震えてしまう。%K%P
%LC陽菜
%LC陽菜
「ねっ、ねえ、これ、本当に持ってないとだめ？」%K%P
「ねっ、ねえ、これ、本当に持ってないとだめ？」%K%P
%LC依夜
%LC依夜
「だめ。持っていてくれないと、\n　おち○ちんが隠れてしまうもの」%K%P
「だめ。持っていてくれないと、\n　おち○ちんが隠れてしまうもの」%K%P
%LC陽菜
%LC陽菜
「それはそうだけどっ……」%K%P
「それはそうだけどっ……」%K%P
ペニスが隠れるのを防ぐため、オレはいま、\n自分の手で前垂れ部分をたくし上げている。%K%P
ペニスが隠れるのを防ぐため、オレはいま、\n自分の手で前垂れ部分をたくし上げている。%K%P
依夜に言われるまま引き受けてしまったんだけど、\nこれが、やってみるとかなり恥ずかしい。%K%P
依夜に言われるまま引き受けてしまったんだけど、\nこれが、やってみるとかなり恥ずかしい。%K%P
%LC依夜
%LC依夜
「夕べは、握ったり挿れたりで、\n　全容を見ることができなかったから」%K%P
「夕べは、握ったり挿れたりで、\n　全容を見ることができなかったから」%K%P
%LC依夜
%LC依夜
「こうして間近でおち○ちんが見られて、\n　とっても嬉しい」%K%P
「こうして間近でおち○ちんが見られて、\n　とっても嬉しい」%K%P
%LC陽菜
%LC陽菜
「んんっ……」%K%P
「んんっ……」%K%P
この距離でガン見されるだけでも、\nかなりの羞恥プレイなのに。%K%P
この距離でガン見されるだけでも、\nかなりの羞恥プレイなのに。%K%P
そんなオレの照れた顔を観察するように、\n依夜はペニスと顔を、交互に見つめてきた。%K%P
そんなオレの照れた顔を観察するように、\n依夜はペニスと顔を、交互に見つめてきた。%K%P
なんか、ペニスだけをじっと見られるより、\n顔も見られるほうが、ドキドキするかも――、%K%P
なんか、ペニスだけをじっと見られるより、\n顔も見られるほうが、ドキドキするかも――、%K%P
%LC依夜
%LC依夜
「陽菜は、顔を見られると興奮するの？」%K%P
「陽菜は、顔を見られると興奮するの？」%K%P
%LC陽菜
%LC陽菜
「なっ、なんで……？」%K%P
「なっ、なんで……？」%K%P
%LC依夜
%LC依夜
「おち○ちんより、顔を見ているときのほうが、\n　股間がびくびく震えているから」%K%P
「おち○ちんより、顔を見ているときのほうが、\n　股間がびくびく震えているから」%K%P
%LC依夜
%LC依夜
「いまだって……ほら。顔を見つめると、\n　おち○ちんが、びく、びくって」%K%P
「いまだって……ほら。顔を見つめると、\n　おち○ちんが、びく、びくって」%K%P
%LC陽菜
%LC陽菜
「んっ、んんっ……」%K%P
「んっ、んんっ……」%K%P
普段と変わらぬ穏やかさで、\nあっさりとこちらの恥部を曝いてくる。%K%P
普段と変わらぬ穏やかさで、\nあっさりとこちらの恥部を曝いてくる。%K%P
からかうような口調じゃない分、\n見透かされてる感じがして、余計に照れくさい。%K%P
からかうような口調じゃない分、\n見透かされてる感じがして、余計に照れくさい。%K%P
%LC陽菜
%LC陽菜
「もし立場が逆だったら、依夜だって、\n　顔を見られるほうがドキドキしない……？」%K%P
「もし立場が逆だったら、依夜だって、\n　顔を見られるほうがドキドキしない……？」%K%P
%LC依夜
%LC依夜
「そう、ね……。確かにあそこを見つめられるより、\n　顔をじっと見られる方が、恥ずかしいかも」%K%P
「そう、ね……。確かにあそこを見つめられるより、\n　顔をじっと見られる方が、恥ずかしいかも」%K%P
%LC依夜
%LC依夜
「現に私もいま、陽菜に見つめられて、\n　どくん、どくんって、胸が高鳴っているもの」%K%P
「現に私もいま、陽菜に見つめられて、\n　どくん、どくんって、胸が高鳴っているもの」%K%P
%LC陽菜
%LC陽菜
「胸――」%K%P
「胸――」%K%P
フィエルテに包まれている依夜の胸は、\n露出したペニスを下から支えている。%K%P
フィエルテに包まれている依夜の胸は、\n露出したペニスを下から支えている。%K%P
実際はペニスが勃起して反り返っているから、\n乗っかっている感じは薄いんだけど……。%K%P
実際はペニスが勃起して反り返っているから、\n乗っかっている感じは薄いんだけど……。%K%P
――それにしても、おっきい。%K%P
――それにしても、おっきい。%K%P
両手で強調されている谷間なんて、\n勃起ペニスがまるっと収まっちゃいそうだ。%K%P
両手で強調されている谷間なんて、\n勃起ペニスがまるっと収まっちゃいそうだ。%K%P
%LC依夜
%LC依夜
「陽菜、おっぱいばかり見てる」%K%P
「陽菜、おっぱいばかり見てる」%K%P
%LC陽菜
%LC陽菜
「そんなふうに強調されたら、\n　見ない方が無理だってば」%K%P
「そんなふうに強調されたら、\n　見ない方が無理だってば」%K%P
%LC依夜
%LC依夜
「うん。見て欲しくて強調しているの。\n　おっぱいが好きな、陽菜のために」%K%P
「うん。見て欲しくて強調しているの。\n　おっぱいが好きな、陽菜のために」%K%P
%LC依夜
%LC依夜
「だから、もっとよーく見て」%K%P
「だから、もっとよーく見て」%K%P
%LC陽菜
%LC陽菜
「あっ……」%K%P
「あっ……」%K%P
両サイドに添えた手が動くと、\n波のように、おっぱいがぷるんと揺れる。%K%P
両サイドに添えた手が動くと、\n波のように、おっぱいがぷるんと揺れる。%K%P
その振動はペニスにも伝わって、\nまるで波乗りのように、ぴょこんと跳ねた。%K%P
その振動はペニスにも伝わって、\nまるで波乗りのように、ぴょこんと跳ねた。%K%P
%LC依夜
%LC依夜
「くすっ、おち○ちん、元気いっぱい……歃n　おっぱい、そんなに気持ちよかった？」%K%P
「くすっ、おち○ちん、元気いっぱい……歃n　おっぱい、そんなに気持ちよかった？」%K%P
%LC陽菜
%LC陽菜
「う、うんっ……」%K%P
「う、うんっ……」%K%P
%LC依夜
%LC依夜
「そう。なら、今度はもう少し強く――」%K%P
「そう。なら、今度はもう少し強く――」%K%P
呟きながら、さらにおっぱいを揺する依夜。%K%P
呟きながら、さらにおっぱいを揺する依夜。%K%P
波打つおっぱいの上で跳ねるペニスは、\n本当にサーフィンでもしているみたいだ。%K%P
波打つおっぱいの上で跳ねるペニスは、\n本当にサーフィンでもしているみたいだ。%K%P
%LC依夜
%LC依夜
「んっ……ふふ、おち○ちん、可愛い……。\n　元気にはしゃぐ子供みたい……」%K%P
「んっ……ふふ、おち○ちん、可愛い……。\n　元気にはしゃぐ子供みたい……」%K%P
%LC依夜
%LC依夜
「この子、抱っこしてあげてもいい？」%K%P
「この子、抱っこしてあげてもいい？」%K%P
%LC陽菜
%LC陽菜
「えっ……？　抱っこ？」%K%P
「えっ……？　抱っこ？」%K%P
%LC依夜
%LC依夜
「そのほうが、おち○ちんも喜ぶと思うから」%K%P
「そのほうが、おち○ちんも喜ぶと思うから」%K%P
言うが早いか、フィエルテをはだけた依夜は、\nさらに露出させた谷間で、ペニスを、ぎゅっと――、%K%P
言うが早いか、フィエルテをはだけた依夜は、\nさらに露出させた谷間で、ペニスを、ぎゅっと――、%K%P
%LC陽菜
%LC陽菜
「あふっ、んんぅっ……」%K%P
「あふっ、んんぅっ……」%K%P
%LC依夜
%LC依夜
「どう？　気持ちいい？」%K%P
「どう？　気持ちいい？」%K%P
%LC陽菜
%LC陽菜
「んっ……。すごいっ……」%K%P
「んっ……。すごいっ……」%K%P
跳ねていた息子をキャッチし、\nしっかり抱擁する、おっぱいの谷間。%K%P
跳ねていた息子をキャッチし、\nしっかり抱擁する、おっぱいの谷間。%K%P
汗ばんだ肌が竿に吸いついてきて、\nその心地良さに、自然と吐息が漏れてしまう。%K%P
汗ばんだ肌が竿に吸いついてきて、\nその心地良さに、自然と吐息が漏れてしまう。%K%P
%LC依夜
%LC依夜
「おち○ちん、嬉しそうに、びくびくって……。\n　お母さんに甘える子供みたい……氈v%K%P
「おち○ちん、嬉しそうに、びくびくって……。\n　お母さんに甘える子供みたい……氈v%K%P
%LC依夜
%LC依夜
「そんなにおっぱいが好きなら、\n　私がたくさん、あやしてあげるっ……」%K%P
「そんなにおっぱいが好きなら、\n　私がたくさん、あやしてあげるっ……」%K%P
まさに赤ちゃんをあやす感じで、\n依夜がそっと上体を揺する。%K%P
まさに赤ちゃんをあやす感じで、\n依夜がそっと上体を揺する。%K%P
おっぱいのトンネルと優しいストロークが\n組み合わさって、いきなり強めの快感が――、%K%P
おっぱいのトンネルと優しいストロークが\n組み合わさって、いきなり強めの快感が――、%K%P
%LC陽菜
%LC陽菜
「はうっ……はぁ、ふうッ……んぅんっ」%K%P
「はうっ……はぁ、ふうッ……んぅんっ」%K%P
%LC依夜
%LC依夜
「陽菜のおち○ちん、\n　どんどん大きくなってく……」%K%P
「陽菜のおち○ちん、\n　どんどん大きくなってく……」%K%P
%LC依夜
%LC依夜
「抱っこだけで、こんなに感じるだなんて……。\n　陽菜は本当におっぱいが好きなのね」%K%P
「抱っこだけで、こんなに感じるだなんて……。\n　陽菜は本当におっぱいが好きなのね」%K%P
%LC陽菜
%LC陽菜
「うんっ……依夜のおっぱい、気持ちいいっ……」%K%P
「うんっ……依夜のおっぱい、気持ちいいっ……」%K%P
鍛えられた肉体のむちっとした弾力が、\nペニスをほどよく包み、しっかり扱いていく。%K%P
鍛えられた肉体のむちっとした弾力が、\nペニスをほどよく包み、しっかり扱いていく。%K%P
汗と圧と熱のバランスは極上で、\nなにもかも忘れて、身を委ねたくなってしまう。%K%P
汗と圧と熱のバランスは極上で、\nなにもかも忘れて、身を委ねたくなってしまう。%K%P
%LC陽菜
%LC陽菜
「依夜、お願い。もっと――」%K%P
「依夜、お願い。もっと――」%K%P
%LC依夜
%LC依夜
「うん。陽菜のおち○ちん、もっとたくさん、\n　おっぱいでぎゅっぎゅってしてあげる」%K%P
「うん。陽菜のおち○ちん、もっとたくさん、\n　おっぱいでぎゅっぎゅってしてあげる」%K%P
%LC依夜
%LC依夜
「いっぱい、いっぱい、抱きしめて……。\n　射精したくなるぐらい、気持ちよーくっ……」%K%P
「いっぱい、いっぱい、抱きしめて……。\n　射精したくなるぐらい、気持ちよーくっ……」%K%P
%LC陽菜
%LC陽菜
「はうっ、はっ、ああっ……」%K%P
「はうっ、はっ、ああっ……」%K%P
ペニスごとおっぱいを揉みしだかれると、\nますます興奮が募ってしまう。%K%P
ペニスごとおっぱいを揉みしだかれると、\nますます興奮が募ってしまう。%K%P
依夜のおっぱい、ほんとにズルい。%K%P
依夜のおっぱい、ほんとにズルい。%K%P
でも好き。大好き。%K%P
でも好き。大好き。%K%P
%LC依夜
%LC依夜
「はぁ、ふっ……んっ、ふぅ……ふふっ、\n　おち○ちん、今日もとっても素直……」%K%P
「はぁ、ふっ……んっ、ふぅ……ふふっ、\n　おち○ちん、今日もとっても素直……」%K%P
%LC依夜
%LC依夜
「気持ちがいいと、びくびく震えて……。\n　どうすればいいのか、教えてくれるっ……氈v%K%P
「気持ちがいいと、びくびく震えて……。\n　どうすればいいのか、教えてくれるっ……氈v%K%P
%LC陽菜
%LC陽菜
「んっ……依夜、すごいっ……」%K%P
「んっ……依夜、すごいっ……」%K%P
ペニスの反応やオレの表情の変化から、\nより良い愛撫を模索し、アップデートを繰り返す。%K%P
ペニスの反応やオレの表情の変化から、\nより良い愛撫を模索し、アップデートを繰り返す。%K%P
手コキ同様、依夜は凄まじい早さで\nパイズリを学習していった。%K%P
手コキ同様、依夜は凄まじい早さで\nパイズリを学習していった。%K%P
%LC陽菜
%LC陽菜
「気持ちよすぎて、立ってられないかも……」%K%P
「気持ちよすぎて、立ってられないかも……」%K%P
%LC依夜
%LC依夜
「危なくなったら、私の肩に手をついて」%K%P
「危なくなったら、私の肩に手をついて」%K%P
%LC陽菜
%LC陽菜
「んっ……ありがとう、依夜。\n　でも、頑張るっ……」%K%P
「んっ……ありがとう、依夜。\n　でも、頑張るっ……」%K%P
彼女の肩に手をつくってことは、\n前垂れから手を離してしまうということで。%K%P
彼女の肩に手をつくってことは、\n前垂れから手を離してしまうということで。%K%P
そうなったら彼女の視界から、\nペニスを遮ってしまうことになる。%K%P
そうなったら彼女の視界から、\nペニスを遮ってしまうことになる。%K%P
最初に言った通り、見られるのは恥ずかしい。%K%P
最初に言った通り、見られるのは恥ずかしい。%K%P
けど、だからこそ、見ていて欲しい。%K%P
けど、だからこそ、見ていて欲しい。%K%P
依夜に、射精するところを、見て欲しい。%K%P
依夜に、射精するところを、見て欲しい。%K%P
%LC依夜
%LC依夜
「ふぅ、はあっ……あっ、ああっ、\n　おち○ちん、さらに、おっきくっ……」%K%P
「ふぅ、はあっ……あっ、ああっ、\n　おち○ちん、さらに、おっきくっ……」%K%P
%LC依夜
%LC依夜
「あと少し、おおきくなったら……んくっ、\n　唇まで、届いてしまいそう……」%K%P
「あと少し、おおきくなったら……んくっ、\n　唇まで、届いてしまいそう……」%K%P
%LC陽菜
%LC陽菜
「うん、これ、すごいっ……」%K%P
「うん、これ、すごいっ……」%K%P
%LC依夜
%LC依夜
「ああっ……おち○ちんの先から、\n　とろっとした、透明なおつゆが……」%K%P
「ああっ……おち○ちんの先から、\n　とろっとした、透明なおつゆが……」%K%P
%LC陽菜
%LC陽菜
「それ、気持ちいいと出ちゃうやつで――」%K%P
「それ、気持ちいいと出ちゃうやつで――」%K%P
%LC依夜
%LC依夜
「知ってる。昨日も出ていたでしょう？\n　さわったときの指の感触で、覚えているから」%K%P
「知ってる。昨日も出ていたでしょう？\n　さわったときの指の感触で、覚えているから」%K%P
%LC依夜
%LC依夜
「間近で見るのは、初めてだけれど……。\n　すごく、美味しそう」%K%P
「間近で見るのは、初めてだけれど……。\n　すごく、美味しそう」%K%P
%LC陽菜
%LC陽菜
「んッ……」%K%P
「んッ……」%K%P
まさかの感想に、玉袋がきゅんとなる。%K%P
まさかの感想に、玉袋がきゅんとなる。%K%P
味を予想するってことは、\nつまり、口に入れたいってことで。%K%P
味を予想するってことは、\nつまり、口に入れたいってことで。%K%P
おっぱいだけでも気持ちいいのに、\nこの上、おしゃぶりなんてされたら――、%K%P
おっぱいだけでも気持ちいいのに、\nこの上、おしゃぶりなんてされたら――、%K%P
%LC陽菜
%LC陽菜
「……味、気になる？」%K%P
「……味、気になる？」%K%P
%LC依夜
%LC依夜
「うん。好きな人のことは、なんでも知りたい」%K%P
「うん。好きな人のことは、なんでも知りたい」%K%P
%LC依夜
%LC依夜
「でも、いま一番気になるのは……おっぱいで\n　おち○ちんを満足させる方法だからっ……」%K%P
「でも、いま一番気になるのは……おっぱいで\n　おち○ちんを満足させる方法だからっ……」%K%P
%LC陽菜
%LC陽菜
「んぃっ……はうッ、んああっ」%K%P
「んぃっ……はうッ、んああっ」%K%P
一際強い圧が、ぎゅむっとペニスを抑え込む。%K%P
一際強い圧が、ぎゅむっとペニスを抑え込む。%K%P
キツさだけなら膣内よりも上で、\n微かな挿抜でも、竿全体が擦れて気持ちいい。%K%P
キツさだけなら膣内よりも上で、\n微かな挿抜でも、竿全体が擦れて気持ちいい。%K%P
%LC陽菜
%LC陽菜
「はぅ……はぁ、ああっ、\n　ぎゅってされるの、気持ちいいっ……」%K%P
「はぅ……はぁ、ああっ、\n　ぎゅってされるの、気持ちいいっ……」%K%P
%LC依夜
%LC依夜
「強くしてしまったけど、痛くなかった？」%K%P
「強くしてしまったけど、痛くなかった？」%K%P
%LC陽菜
%LC陽菜
「ん、だいじょうぶっ……。\n　というか、強いほうが気持ちいいかも……」%K%P
「ん、だいじょうぶっ……。\n　というか、強いほうが気持ちいいかも……」%K%P
%LC依夜
%LC依夜
「なら、もう少し、ぎゅぎゅーっと……」%K%P
「なら、もう少し、ぎゅぎゅーっと……」%K%P
%LC陽菜
%LC陽菜
「はうっ……あ、ああっ」%K%P
「はうっ……あ、ああっ」%K%P
突端から根元まで均等に圧をかけられて、\nどんどん揉みくちゃにされていくオレのペニス。%K%P
突端から根元まで均等に圧をかけられて、\nどんどん揉みくちゃにされていくオレのペニス。%K%P
スカートをたくしあげるようなポーズと、\n男のシンボルを好き放題されている状況が合わさり、\n羞恥と快楽が、どんどん積み上がっていく。%K%P
スカートをたくしあげるようなポーズと、\n男のシンボルを好き放題されている状況が合わさり、\n羞恥と快楽が、どんどん積み上がっていく。%K%P
%LC依夜
%LC依夜
「んっ、はあっ……おち○ちん、\n　おっぱいの間ではしゃいでる……氈v%K%P
「んっ、はあっ……おち○ちん、\n　おっぱいの間ではしゃいでる……氈v%K%P
%LC依夜
%LC依夜
「昨日と同じように、たくさん跳ねて……。\n　この感じ……ひょっとして、もうすぐ出そう？」%K%P
「昨日と同じように、たくさん跳ねて……。\n　この感じ……ひょっとして、もうすぐ出そう？」%K%P
%LC陽菜
%LC陽菜
「うんっ……。けど、我慢しないとっ……」%K%P
「うんっ……。けど、我慢しないとっ……」%K%P
%LC依夜
%LC依夜
「我慢って……だめよ。そんなことをしたら、\n　おち○ちんが可哀想でしょう？」%K%P
「我慢って……だめよ。そんなことをしたら、\n　おち○ちんが可哀想でしょう？」%K%P
%LC依夜
%LC依夜
「射精したいのなら、構わず出して。\n　そのほうが、私も嬉しい」%K%P
「射精したいのなら、構わず出して。\n　そのほうが、私も嬉しい」%K%P
%LC陽菜
%LC陽菜
「けど、依夜のフィエルテが汚れちゃうしっ……」%K%P
「けど、依夜のフィエルテが汚れちゃうしっ……」%K%P
%LC依夜
%LC依夜
「汚れたら洗えばいいだけ。\n　陽菜が我慢する理由にはならないわ」%K%P
「汚れたら洗えばいいだけ。\n　陽菜が我慢する理由にはならないわ」%K%P
%LC依夜
%LC依夜
「ね？　遠慮せず射精して。\n　私のおっぱいが真っ白になるぐらい」%K%P
「ね？　遠慮せず射精して。\n　私のおっぱいが真っ白になるぐらい」%K%P
%LC陽菜
%LC陽菜
「おっぱいが、真っ白――」%K%P
「おっぱいが、真っ白――」%K%P
言われてそれを連想した瞬間、\nたまらずペニスがびくびく跳ねる。%K%P
言われてそれを連想した瞬間、\nたまらずペニスがびくびく跳ねる。%K%P
そんなペニスを、依夜のおっぱいは、\nさらにむぎゅっと、優しく、激しく――、%K%P
そんなペニスを、依夜のおっぱいは、\nさらにむぎゅっと、優しく、激しく――、%K%P
%LC陽菜
%LC陽菜
「はぁっ、あっ……ん、んんッ……！\n　だめ、ほんとに出ちゃうからっ……！」%K%P
「はぁっ、あっ……ん、んんッ……！\n　だめ、ほんとに出ちゃうからっ……！」%K%P
%LC依夜
%LC依夜
「ふふっ……　なら、もっと、もっと、\n　もっともっともっともっともっともぉっと」%K%P
「ふふっ……　なら、もっと、もっと、\n　もっともっともっともっともっともぉっと」%K%P
%LC陽菜
%LC陽菜
「やうッ？！　あッ、ああっ、ああああっ」%K%P
「やうッ？！　あッ、ああっ、ああああっ」%K%P
おっぱいを動かす両手の速度が増して、\n快感もどんどん大きくなって。%K%P
おっぱいを動かす両手の速度が増して、\n快感もどんどん大きくなって。%K%P
さっきまでは小波程度に揺れていたおっぱいが、\nいつのまにか、ぷるんぷるんと大暴れして――、%K%P
さっきまでは小波程度に揺れていたおっぱいが、\nいつのまにか、ぷるんぷるんと大暴れして――、%K%P
%LC陽菜
%LC陽菜
「はぁっ……はぁはぁ、あっ、ああっ……！\n　出るっ、依夜、イッちゃうっ……！」%K%P
「はぁっ……はぁはぁ、あっ、ああっ……！\n　出るっ、依夜、イッちゃうっ……！」%K%P
%LC依夜
%LC依夜
「うんっ……イッて、陽菜。\n　私のおっぱいに、たくさん出して」%K%P
「うんっ……イッて、陽菜。\n　私のおっぱいに、たくさん出して」%K%P
%LC依夜
%LC依夜
「私の顔に届くぐらい、熱い精子を、\n　いっぱいちょうだいっ……氈v%K%P
「私の顔に届くぐらい、熱い精子を、\n　いっぱいちょうだいっ……氈v%K%P
%LC陽菜
%LC陽菜
「ぐッ……あっ、あ、だめ、だめっ、\n　いくっ、くッ……ぐッ、あああああッ……！」%K%P
「ぐッ……あっ、あ、だめ、だめっ、\n　いくっ、くッ……ぐッ、あああああッ……！」%K%P
%LC依夜
%LC依夜
「あっ、あああっ……　精子、びゅびゅーって、\n　いっぱいっ……はぁ、あぁ、ああぁ……氈v%K%P
「あっ、あああっ……　精子、びゅびゅーって、\n　いっぱいっ……はぁ、あぁ、ああぁ……氈v%K%P
%LC依夜
%LC依夜
「白いのが、たくさん、びゅるって……あんっ、\n　ほんとに顔までっ……はぁ、はぁあっ……氈v%K%P
「白いのが、たくさん、びゅるって……あんっ、\n　ほんとに顔までっ……はぁ、はぁあっ……氈v%K%P
おっぱいという発射台を経て飛び散った精子は、\n依夜の望み通り、彼女の顔にまで届いて。%K%P
おっぱいという発射台を経て飛び散った精子は、\n依夜の望み通り、彼女の顔にまで届いて。%K%P
精子を受け止めた依夜は、うっとり目を細めた。%K%P
精子を受け止めた依夜は、うっとり目を細めた。%K%P
%LC依夜
%LC依夜
「ンふぅー……ふぅー……すごい、匂い……。\n　これが、陽菜の、精子……あむ、れるっ」%K%P
「ンふぅー……ふぅー……すごい、匂い……。\n　これが、陽菜の、精子……あむ、れるっ」%K%P
とろけた瞳でこちらを見つめたまま、\n依夜は口元についた精子へと舌を伸ばす。%K%P
とろけた瞳でこちらを見つめたまま、\n依夜は口元についた精子へと舌を伸ばす。%K%P
舐め取った精子を口内に迎え入れた彼女は、\n味わうように、それを舌で転がした。%K%P
舐め取った精子を口内に迎え入れた彼女は、\n味わうように、それを舌で転がした。%K%P
%LC依夜
%LC依夜
「んむ……れる、んむ……ちぷ、れるる、\n　んふぅ……んーむ、んむっ……んっぐぅ氈v%K%P
「んむ……れる、んむ……ちぷ、れるる、\n　んふぅ……んーむ、んむっ……んっぐぅ氈v%K%P
%LC陽菜
%LC陽菜
「あっ、ああぁ……」%K%P
「あっ、ああぁ……」%K%P
彼女の喉が鳴った瞬間、頭が軽く沸騰した。%K%P
彼女の喉が鳴った瞬間、頭が軽く沸騰した。%K%P
だって、だってだって、オレの精子を、\nこんなにも美味しそうに、ごっくんって――、%K%P
だって、だってだって、オレの精子を、\nこんなにも美味しそうに、ごっくんって――、%K%P
%LC依夜
%LC依夜
「んはぁっ……　ふぅ、はぁ……はぁ……」%K%P
「んはぁっ……　ふぅ、はぁ……はぁ……」%K%P
%LC依夜
%LC依夜
「匂いも、味も……ぜんぶ、濃くて……。\n　陽菜の精子、とっても美味しい……氈v%K%P
「匂いも、味も……ぜんぶ、濃くて……。\n　陽菜の精子、とっても美味しい……氈v%K%P
%LC陽菜
%LC陽菜
「うっ、うん……」%K%P
「うっ、うん……」%K%P
感想を告げられ、思わず頷いてしまう。%K%P
感想を告げられ、思わず頷いてしまう。%K%P
精子を飲み干したせいか、依夜の雰囲気が、\nさっきよりもさらに妖艶になってる気がする。%K%P
精子を飲み干したせいか、依夜の雰囲気が、\nさっきよりもさらに妖艶になってる気がする。%K%P
とろけた瞳はもちろんのこと、\n精子を咀嚼した唇も、すごくやらしくて。%K%P
とろけた瞳はもちろんのこと、\n精子を咀嚼した唇も、すごくやらしくて。%K%P
こんなの見せられたら、また、息子が――、%K%P
こんなの見せられたら、また、息子が――、%K%P
%LC依夜
%LC依夜
「あっ……　おっぱいの中で、ぴくんって……。\n　おち○ちん、まだまだ元気みたい」%K%P
「あっ……　おっぱいの中で、ぴくんって……。\n　おち○ちん、まだまだ元気みたい」%K%P
%LC依夜
%LC依夜
「ねぇ、陽菜。今度はおち○ちんだけじゃなく、\n　あなたをまるごと抱っこしてもいい？」%K%P
「ねぇ、陽菜。今度はおち○ちんだけじゃなく、\n　あなたをまるごと抱っこしてもいい？」%K%P
%LC陽菜
%LC陽菜
「まるごと、抱っこ……？」%K%P
「まるごと、抱っこ……？」%K%P
%LC依夜
%LC依夜
「うん。あなたをぎゅーってしたいの。\n　お願い、抱っこさせて、陽菜っ……氈v%K%P
「うん。あなたをぎゅーってしたいの。\n　お願い、抱っこさせて、陽菜っ……氈v%K%P
%LC陽菜
%LC陽菜
「わ、わわわっ……？！」%K%P
「わ、わわわっ……？！」%K%P
いきなり依夜の手が伸びてきて、\n一瞬で抱きしめられ、そのまま引き倒されて。%K%P
いきなり依夜の手が伸びてきて、\n一瞬で抱きしめられ、そのまま引き倒されて。%K%P
気付いたら、目の前におっぱいがあった。%K%P
気付いたら、目の前におっぱいがあった。%K%P
%LC陽菜
%LC陽菜
「あ、あぁ……」%K%P
「あ、あぁ……」%K%P
ぷくっと勃起している乳首を見た瞬間、\n自然と吐息が漏れて、唾液を飲む。%K%P
ぷくっと勃起している乳首を見た瞬間、\n自然と吐息が漏れて、唾液を飲む。%K%P
さっきペニスを目の当たりにして興奮していた\n依夜の気持ちが、いまならよくわかる。%K%P
さっきペニスを目の当たりにして興奮していた\n依夜の気持ちが、いまならよくわかる。%K%P
眼前にこんなにもエッチな光景があったら、\n我慢なんて、できるはずが――、%K%P
眼前にこんなにもエッチな光景があったら、\n我慢なんて、できるはずが――、%K%P
%LC陽菜
%LC陽菜
「あーむっ……ちるっ、ちゅぷるっ」%K%P
「あーむっ……ちるっ、ちゅぷるっ」%K%P
%LC依夜
%LC依夜
「あふっ　んっ、くはァっ氈v%K%P
「あふっ　んっ、くはァっ氈v%K%P
乳首に吸いつくと、とびきり甘い声が聞こえた。%K%P
乳首に吸いつくと、とびきり甘い声が聞こえた。%K%P
その声を出させたのが自分だと思うと、\n嬉しくて、さら激しくしゃぶりついてしまう。%K%P
その声を出させたのが自分だと思うと、\n嬉しくて、さら激しくしゃぶりついてしまう。%K%P
%LC陽菜
%LC陽菜
「あむむ、れろっ……ちゅっ、あむ、あむっ。\n　ふぅ、はぁ……れろ、れちゅるるるっ」%K%P
「あむむ、れろっ……ちゅっ、あむ、あむっ。\n　ふぅ、はぁ……れろ、れちゅるるるっ」%K%P
%LC依夜
%LC依夜
「はぁ、ああっ、あんっ、ふああっ……歃n　陽菜ってば、いきなりっ……あぁん氈v%K%P
「はぁ、ああっ、あんっ、ふああっ……歃n　陽菜ってば、いきなりっ……あぁん氈v%K%P
%LC陽菜
%LC陽菜
「んぐっ……だって、我慢できなくてっ……」%K%P
「んぐっ……だって、我慢できなくてっ……」%K%P
射精の直後で理性が溶けかけてたっていうのも、\n大きかったと思う。%K%P
射精の直後で理性が溶けかけてたっていうのも、\n大きかったと思う。%K%P
でも、それよりなにより、\n依夜のおっぱいは、すごくすごく魅力的で。%K%P
でも、それよりなにより、\n依夜のおっぱいは、すごくすごく魅力的で。%K%P
お腹を空かせた赤ちゃんみたいに、\nオレは彼女の乳房に顔をうずめていた。%K%P
お腹を空かせた赤ちゃんみたいに、\nオレは彼女の乳房に顔をうずめていた。%K%P
%LC陽菜
%LC陽菜
「あむっ……れろ、ちゅっ……はあっ、\n　ごめん、依夜。いきなり吸いついてっ……」%K%P
「あむっ……れろ、ちゅっ……はあっ、\n　ごめん、依夜。いきなり吸いついてっ……」%K%P
%LC依夜
%LC依夜
「怒っているわけじゃ、なくて……あんっ、\n　ただ、驚いてしまっただけ、だからっ……」%K%P
「怒っているわけじゃ、なくて……あんっ、\n　ただ、驚いてしまっただけ、だからっ……」%K%P
%LC依夜
%LC依夜
「陽菜からしゃぶりついてくれるだなんて、\n　思っていなかったからっ……」%K%P
「陽菜からしゃぶりついてくれるだなんて、\n　思っていなかったからっ……」%K%P
%LC依夜
%LC依夜
「陽菜のことだから、きっと照れるだろうって、\n　そんなふうに思っていたのに……はぁ、んぅッ」%K%P
「陽菜のことだから、きっと照れるだろうって、\n　そんなふうに思っていたのに……はぁ、んぅッ」%K%P
%LC陽菜
%LC陽菜
「オレも、いつもだったらこんなこと、\n　自分からはしないと思うんだけどっ……」%K%P
「オレも、いつもだったらこんなこと、\n　自分からはしないと思うんだけどっ……」%K%P
%LC陽菜
%LC陽菜
「でも、依夜に抱き寄せられた瞬間……あむっ、\n　なんかもう、頭がぽーっとなっちゃってっ……」%K%P
「でも、依夜に抱き寄せられた瞬間……あむっ、\n　なんかもう、頭がぽーっとなっちゃってっ……」%K%P
魔が差すとか、ムラムラするとか、\n言い方は色々とあると思う。%K%P
魔が差すとか、ムラムラするとか、\n言い方は色々とあると思う。%K%P
目の前に依夜の乳首を見つけた瞬間、\nオレにはそれが、すごく美味しそうに見えて。%K%P
目の前に依夜の乳首を見つけた瞬間、\nオレにはそれが、すごく美味しそうに見えて。%K%P
むしゃぶりつかずには、いられなかった。%K%P
むしゃぶりつかずには、いられなかった。%K%P
%LC陽菜
%LC陽菜
「れるるっ、ちゅっ……れろ、あむっ」%K%P
「れるるっ、ちゅっ……れろ、あむっ」%K%P
おそらくは汗のせいで、\n口に含んだ瞬間は、少ししょっぱくて。%K%P
おそらくは汗のせいで、\n口に含んだ瞬間は、少ししょっぱくて。%K%P
でも、舐め続けると、彼女自身のいい匂いが\n混ざり合って、だんだんと甘く感じてくる。%K%P
でも、舐め続けると、彼女自身のいい匂いが\n混ざり合って、だんだんと甘く感じてくる。%K%P
舌で転がすと、ぷるんという弾力が返ってきて、\nより感じたくて、執拗に舌を伸ばしてしまう。%K%P
舌で転がすと、ぷるんという弾力が返ってきて、\nより感じたくて、執拗に舌を伸ばしてしまう。%K%P
%LC依夜
%LC依夜
「はふっ……はぁ、ああっ……んふぅう、\n　おっぱい、さきっぽ……じんじん、するっ……」%K%P
「はふっ……はぁ、ああっ……んふぅう、\n　おっぱい、さきっぽ……じんじん、するっ……」%K%P
%LC依夜
%LC依夜
「舐められるたび、気持ちよくて……はあっ、\n　ああっ、ああっ……陽菜、好き、大好きっ氈v%K%P
「舐められるたび、気持ちよくて……はあっ、\n　ああっ、ああっ……陽菜、好き、大好きっ氈v%K%P
%LC陽菜
%LC陽菜
「んむっ……？！　ふぐ、んぐむむっ……！？」%K%P
「んむっ……？！　ふぐ、んぐむむっ……！？」%K%P
おっぱいに埋めていた顔がさらに密着し、\n一瞬にして息が出来なくなる。%K%P
おっぱいに埋めていた顔がさらに密着し、\n一瞬にして息が出来なくなる。%K%P
思わずパニックになりかけたけど、\n後頭部をまさぐる手の感触で、原因に気付けた。%K%P
思わずパニックになりかけたけど、\n後頭部をまさぐる手の感触で、原因に気付けた。%K%P
依夜がオレのことを抱き寄せたせいで、\n顔面がおっぱいにうずもれちゃったんだろう。%K%P
依夜がオレのことを抱き寄せたせいで、\n顔面がおっぱいにうずもれちゃったんだろう。%K%P
なら、ちょっとズルいけど――、%K%P
なら、ちょっとズルいけど――、%K%P
%LC陽菜
%LC陽菜
「んっ……はぐッ」%K%P
「んっ……はぐッ」%K%P
%LC依夜
%LC依夜
「くぁうっ　やふっ、んぅんんうッ氈v%K%P
「くぁうっ　やふっ、んぅんんうッ氈v%K%P
乳首にそっと歯を立てると、\n依夜の全身が弓なりにのけぞる。%K%P
乳首にそっと歯を立てると、\n依夜の全身が弓なりにのけぞる。%K%P
その隙を利用して、顔を少し上げることで、\n抱きしめられても平気な位置に身体をズラした。%K%P
その隙を利用して、顔を少し上げることで、\n抱きしめられても平気な位置に身体をズラした。%K%P
%LC依夜
%LC依夜
「んうッ……はぁ、はぁ……陽菜ったら、\n　急に歯を立てるなんて、ズルいっ……」%K%P
「んうッ……はぁ、はぁ……陽菜ったら、\n　急に歯を立てるなんて、ズルいっ……」%K%P
%LC陽菜
%LC陽菜
「ごめん。けど、ああでもしないと、\n　おっぱいから抜け出せなくって」%K%P
「ごめん。けど、ああでもしないと、\n　おっぱいから抜け出せなくって」%K%P
%LC依夜
%LC依夜
「あ……。もしかして、私のせいで、息が――」%K%P
「あ……。もしかして、私のせいで、息が――」%K%P
%LC陽菜
%LC陽菜
「ちょっとだけ。でも、平気だよ。\n　ぎゅってしてもらえて、嬉しかったし」%K%P
「ちょっとだけ。でも、平気だよ。\n　ぎゅってしてもらえて、嬉しかったし」%K%P
%LC依夜
%LC依夜
「あぁ……　日向、大好き……氈v%K%P
「あぁ……　日向、大好き……氈v%K%P
%LC陽菜
%LC陽菜
「なっ……あ、う……ぐっ、きゅ、急に\n　そっちの名前で呼ぶの、ズルいってばっ」%K%P
「なっ……あ、う……ぐっ、きゅ、急に\n　そっちの名前で呼ぶの、ズルいってばっ」%K%P
%LC依夜
%LC依夜
「だって……いまのあなた、\n　すごく男の子の顔をしていたから」%K%P
「だって……いまのあなた、\n　すごく男の子の顔をしていたから」%K%P
%LC陽菜
%LC陽菜
「むぅ……。それって、おっぱいに\n　しゃぶりついてる顔がってこと……？」%K%P
「むぅ……。それって、おっぱいに\n　しゃぶりついてる顔がってこと……？」%K%P
%LC依夜
%LC依夜
「違うわ。私を気遣う一言が、\n　とっても素敵で、格好いいなって」%K%P
「違うわ。私を気遣う一言が、\n　とっても素敵で、格好いいなって」%K%P
%LC依夜
%LC依夜
「だからつい、自然と、日向……って」%K%P
「だからつい、自然と、日向……って」%K%P
%LC陽菜
%LC陽菜
「ん……」%K%P
「ん……」%K%P
本名で呼ばれるのは、それを教えた夜以来だったから、\n不意打ち過ぎて、テンパってしまって。%K%P
本名で呼ばれるのは、それを教えた夜以来だったから、\n不意打ち過ぎて、テンパってしまって。%K%P
理由を聞いたら、余計に気恥ずかしくなった。%K%P
理由を聞いたら、余計に気恥ずかしくなった。%K%P
%LC依夜
%LC依夜
「それに……さっきからずっと、日向の男の子が、\n　私に入りたいってアピールをしているし」%K%P
「それに……さっきからずっと、日向の男の子が、\n　私に入りたいってアピールをしているし」%K%P
%LC陽菜
%LC陽菜
「男の子――」%K%P
「男の子――」%K%P
言われて股間に意識を向けてみれば、\n亀頭の先端に、柔らかく湿った感触があった。%K%P
言われて股間に意識を向けてみれば、\n亀頭の先端に、柔らかく湿った感触があった。%K%P
オレからはよく見えないけど、\nそれが依夜の秘所であることは、明らかで。%K%P
オレからはよく見えないけど、\nそれが依夜の秘所であることは、明らかで。%K%P
%LC依夜
%LC依夜
「お願い、日向。\n　あなたのおち○ちん、ちょうだい」%K%P
「お願い、日向。\n　あなたのおち○ちん、ちょうだい」%K%P
%LC陽菜
%LC陽菜
「うんっ……」%K%P
「うんっ……」%K%P
依夜のおねだりに頷き、そっと腰を寄せる。%K%P
依夜のおねだりに頷き、そっと腰を寄せる。%K%P
濡れた割れ目はそっと広がり、\nオレのペニスを優しく迎え入れてくれた。%K%P
濡れた割れ目はそっと広がり、\nオレのペニスを優しく迎え入れてくれた。%K%P
%LC依夜
%LC依夜
「あふッ……はぁ、あぁああああああっ……氈v%K%P
「あふッ……はぁ、あぁああああああっ……氈v%K%P
%LC陽菜
%LC陽菜
「ああっ……依夜の膣内、熱いっ……」%K%P
「ああっ……依夜の膣内、熱いっ……」%K%P
%LC依夜
%LC依夜
「だって、ずっとずっと、おち○ちん、\n　欲しかったんだものっ……」%K%P
「だって、ずっとずっと、おち○ちん、\n　欲しかったんだものっ……」%K%P
%LC依夜
%LC依夜
「おっぱいで挟んでいる間も、これを挿れたら、\n　どんなに気持ちいいだろうって考えて……」%K%P
「おっぱいで挟んでいる間も、これを挿れたら、\n　どんなに気持ちいいだろうって考えて……」%K%P
%LC依夜
%LC依夜
「射精している時も、これを膣内にもらえたら、\n　すごく気持ちいいのだろうなって考えて……」%K%P
「射精している時も、これを膣内にもらえたら、\n　すごく気持ちいいのだろうなって考えて……」%K%P
%LC依夜
%LC依夜
「だから、だから……はぁ、ああっ……だめ、\n　挿れただけで、イッちゃいそうぅっ……氈v%K%P
「だから、だから……はぁ、ああっ……だめ、\n　挿れただけで、イッちゃいそうぅっ……氈v%K%P
うっとり声を漏らし、ぶるっと悶える依夜。%K%P
うっとり声を漏らし、ぶるっと悶える依夜。%K%P
彼女の声が熱を帯びると、膣圧がぐんと増して、\nその気持ち良さに、思わず腰が止まる。%K%P
彼女の声が熱を帯びると、膣圧がぐんと増して、\nその気持ち良さに、思わず腰が止まる。%K%P
%LC陽菜
%LC陽菜
「ま、待って。そんなにぎゅってされたら、\n　またすぐイッちゃうからっ……！」%K%P
「ま、待って。そんなにぎゅってされたら、\n　またすぐイッちゃうからっ……！」%K%P
%LC依夜
%LC依夜
「日向のお願いでも、それはだめ。\n　待って、あげないっ……氈v%K%P
「日向のお願いでも、それはだめ。\n　待って、あげないっ……氈v%K%P
%LC陽菜
%LC陽菜
「あっ、ちょっ……あ、ああああっ……？！」%K%P
「あっ、ちょっ……あ、ああああっ……？！」%K%P
確かに止めたはずの腰が、勝手に進み出す。%K%P
確かに止めたはずの腰が、勝手に進み出す。%K%P
推進力の正体は、\nオレの背に回された依夜の両足だった。%K%P
推進力の正体は、\nオレの背に回された依夜の両足だった。%K%P
%LC依夜
%LC依夜
「ああっ　はぁ、はぁ……くす、んふふっ、\n　ほら、日向。もっともっと入ってきて？」%K%P
「ああっ　はぁ、はぁ……くす、んふふっ、\n　ほら、日向。もっともっと入ってきて？」%K%P
%LC依夜
%LC依夜
「日向のおち○ちんを待ちかねていた、\n　私のおま○こに……もっと、もっと――」%K%P
「日向のおち○ちんを待ちかねていた、\n　私のおま○こに……もっと、もっと――」%K%P
%LC陽菜
%LC陽菜
「いっ、依夜、だめだってばっ。\n　こんなのされたら、ほんとにっ……」%K%P
「いっ、依夜、だめだってばっ。\n　こんなのされたら、ほんとにっ……」%K%P
%LC依夜
%LC依夜
「射精しちゃう？」%K%P
「射精しちゃう？」%K%P
%LC陽菜
%LC陽菜
「する、しちゃうからだめ、ダメぇっ」%K%P
「する、しちゃうからだめ、ダメぇっ」%K%P
%LC依夜
%LC依夜
「くすっ……　なら、だめになって。\n　私のおま○こでだめになって、日向っ氈v%K%P
「くすっ……　なら、だめになって。\n　私のおま○こでだめになって、日向っ氈v%K%P
%LC陽菜
%LC陽菜
「くあっ、あっ、あっ、ああああっ」%K%P
「くあっ、あっ、あっ、ああああっ」%K%P
ついさっき射精したばかりのペニスに、\n急速にチャージされていく２発目の気配。%K%P
ついさっき射精したばかりのペニスに、\n急速にチャージされていく２発目の気配。%K%P
腰の動きさえ止められれば自制できるのに、\n他でもない依夜が、それを許してくれない。%K%P
腰の動きさえ止められれば自制できるのに、\n他でもない依夜が、それを許してくれない。%K%P
%LC依夜
%LC依夜
「さっきも言ったでしょう？\n　イキたくなったら我慢してはだめって」%K%P
「さっきも言ったでしょう？\n　イキたくなったら我慢してはだめって」%K%P
%LC陽菜
%LC陽菜
「んっ……でっ、でも、今度はオレが、\n　依夜を気持ちよくしてあげたいのにっ……」%K%P
「んっ……でっ、でも、今度はオレが、\n　依夜を気持ちよくしてあげたいのにっ……」%K%P
%LC依夜
%LC依夜
「あぁ……　その気持ちだけで、嬉しいっ氈v%K%P
「あぁ……　その気持ちだけで、嬉しいっ氈v%K%P
%LC陽菜
%LC陽菜
「ふあうっ？！　にゃっ、や、やめっ、\n　また、ぎゅってしちゃっ……ああっ」%K%P
「ふあうっ？！　にゃっ、や、やめっ、\n　また、ぎゅってしちゃっ……ああっ」%K%P
ただでさえ挿抜の主導権を依夜に奪われて、\n翻弄されている状況だっていうのに。%K%P
ただでさえ挿抜の主導権を依夜に奪われて、\n翻弄されている状況だっていうのに。%K%P
彼女の膣圧はさらに強くなって、\nペニスがどんどん揉みくちゃにされてしまう。%K%P
彼女の膣圧はさらに強くなって、\nペニスがどんどん揉みくちゃにされてしまう。%K%P
%LC陽菜
%LC陽菜
「あっ、あっ、だめっ、ほんとイクっ、\n　出る、出ちゃう、出ちゃうってばっ……！」%K%P
「あっ、あっ、だめっ、ほんとイクっ、\n　出る、出ちゃう、出ちゃうってばっ……！」%K%P
%LC依夜
%LC依夜
「うんっ、イッて、日向。\n　このまま私の膣内に出して？」%K%P
「うんっ、イッて、日向。\n　このまま私の膣内に出して？」%K%P
%LC依夜
%LC依夜
「日向がおま○こでイッてくれたら、\n　それはとっても嬉しいことだからっ……」%K%P
「日向がおま○こでイッてくれたら、\n　それはとっても嬉しいことだからっ……」%K%P
%LC依夜
%LC依夜
「だから、もっと、もっとっ……ぐっ、\n　はぁはぁ……ぐっ、んんっ、んんんぅッ氈v%K%P
「だから、もっと、もっとっ……ぐっ、\n　はぁはぁ……ぐっ、んんっ、んんんぅッ氈v%K%P
%LC陽菜
%LC陽菜
「うあっ、イクっ、イッちゃっ……んあうっ、\n　ぐッ……んぐっ、んぅぐぐッ……！」%K%P
「うあっ、イクっ、イッちゃっ……んあうっ、\n　ぐッ……んぐっ、んぅぐぐッ……！」%K%P
%LC依夜
%LC依夜
「はぁっ、あっ……んふっ、んふふっ歃n　日向の精子が、膣内に、いっぱいっ……氈v%K%P
「はぁっ、あっ……んふっ、んふふっ歃n　日向の精子が、膣内に、いっぱいっ……氈v%K%P
%LC依夜
%LC依夜
「さっきよりも、たくさん……あぁ、はあっ、\n　んっ……ぜんぶ、ぜんぶ、ちょうだいっ……氈v%K%P
「さっきよりも、たくさん……あぁ、はあっ、\n　んっ……ぜんぶ、ぜんぶ、ちょうだいっ……氈v%K%P
%LC陽菜
%LC陽菜
「んいっ……？！　わ、わ、あああッ……！？」%K%P
「んいっ……？！　わ、わ、あああッ……！？」%K%P
絶頂に到達して震えている腰を、\n依夜の両足が、ぐいっと引き寄せる。%K%P
絶頂に到達して震えている腰を、\n依夜の両足が、ぐいっと引き寄せる。%K%P
わずかな振動すら逃がさないとばかりに、\nその両足は、オレをがっちりとホールドした。%K%P
わずかな振動すら逃がさないとばかりに、\nその両足は、オレをがっちりとホールドした。%K%P
%LC陽菜
%LC陽菜
「んぐっ……あっ、すっごい、出るっ……」%K%P
「んぐっ……あっ、すっごい、出るっ……」%K%P
%LC依夜
%LC依夜
「うんっ、おま○こいっぱい、日向が……んあッ、\n　はぁぁあ……あっ、あっ、あああっ……氈v%K%P
「うんっ、おま○こいっぱい、日向が……んあッ、\n　はぁぁあ……あっ、あっ、あああっ……氈v%K%P
%LC依夜
%LC依夜
「あぁ、私も、これ……んんッ、あぁあっ、\n　イクッ……ぐっ、んぅんんッ……！」%K%P
「あぁ、私も、これ……んんッ、あぁあっ、\n　イクッ……ぐっ、んぅんんッ……！」%K%P
%LC依夜
%LC依夜
「ひぐうッ……くっ、んぁああぁあっ……歃n　はふっ、あっ、ああっ、あああっ……」%K%P
「ひぐうッ……くっ、んぁああぁあっ……歃n　はふっ、あっ、ああっ、あああっ……」%K%P
オレからほんの少し遅れて、\n依夜の全身もびくびくっと痙攣する。%K%P
オレからほんの少し遅れて、\n依夜の全身もびくびくっと痙攣する。%K%P
その瞬間の依夜は、本当に気持ち良さそうで、\n見ているこっちまで嬉しくなってしまった。%K%P
その瞬間の依夜は、本当に気持ち良さそうで、\n見ているこっちまで嬉しくなってしまった。%K%P
%LC依夜
%LC依夜
「はあっ……はぁ、ふぅ、はぁっ……歃n　私も、イッっちゃった……」%K%P
「はあっ……はぁ、ふぅ、はぁっ……歃n　私も、イッっちゃった……」%K%P
%LC陽菜
%LC陽菜
「うん……。オレだけイッちゃったときは、\n　どうなることかと思ったけど……」%K%P
「うん……。オレだけイッちゃったときは、\n　どうなることかと思ったけど……」%K%P
%LC陽菜
%LC陽菜
「依夜と一緒にイケて、よかったぁ……」%K%P
「依夜と一緒にイケて、よかったぁ……」%K%P
%LC依夜
%LC依夜
「あぁ、日向……　好き、大好きっ……氈v%K%P
「あぁ、日向……　好き、大好きっ……氈v%K%P
%LC陽菜
%LC陽菜
「え……わ、ちょっ――」%K%P
「え……わ、ちょっ――」%K%P
気付いたときには、依夜の両足が、\nオレの腰をぐんっと前に押し込んで――、%K%P
気付いたときには、依夜の両足が、\nオレの腰をぐんっと前に押し込んで――、%K%P
%LC依夜
%LC依夜
「ふあうっ……　ああっ、おち○ちん、\n　また、奥にっ……ぐっ、くあっ、ふああっ」%K%P
「ふあうっ……　ああっ、おち○ちん、\n　また、奥にっ……ぐっ、くあっ、ふああっ」%K%P
%LC陽菜
%LC陽菜
「ま、待って待って、ホント待って、\n　オレ、いまイッたばっかなのにっ……」%K%P
「ま、待って待って、ホント待って、\n　オレ、いまイッたばっかなのにっ……」%K%P
%LC依夜
%LC依夜
「だって、日向が嬉しいことを言うから、\n　身体が勝手に、ぎゅーってっ……氈v%K%P
「だって、日向が嬉しいことを言うから、\n　身体が勝手に、ぎゅーってっ……氈v%K%P
%LC陽菜
%LC陽菜
「うにゃあッ？！　あぐっ、んうぅっ」%K%P
「うにゃあッ？！　あぐっ、んうぅっ」%K%P
依夜相手に逃れる術なんてあるはずもなく、\n再びペニスごとホールドされてしまう。%K%P
依夜相手に逃れる術なんてあるはずもなく、\n再びペニスごとホールドされてしまう。%K%P
彼女の両足のロックは完璧で、\nまったく腰を引くことが出来ない。%K%P
彼女の両足のロックは完璧で、\nまったく腰を引くことが出来ない。%K%P
それどころか底なし沼みたいに、\n亀頭がずぶずぶっと沈んでいくような――、%K%P
それどころか底なし沼みたいに、\n亀頭がずぶずぶっと沈んでいくような――、%K%P
%LC依夜
%LC依夜
「はあっ、ああっ……おち○ちん、\n　さっきよりも奥に……はぐっ、んぁあっ氈v%K%P
「はあっ、ああっ……おち○ちん、\n　さっきよりも奥に……はぐっ、んぁあっ氈v%K%P
%LC陽菜
%LC陽菜
「うんっ……。いつもより、\n　奥が近くなってる感じがするっ……」%K%P
「うんっ……。いつもより、\n　奥が近くなってる感じがするっ……」%K%P
%LC依夜
%LC依夜
「もしかすると、\n　子宮口が降りてきたのかも……」%K%P
「もしかすると、\n　子宮口が降りてきたのかも……」%K%P
%LC依夜
%LC依夜
「気持ち良くなると、子宮口が下がって、\n　膣口と近くなることがあるそうだから」%K%P
「気持ち良くなると、子宮口が下がって、\n　膣口と近くなることがあるそうだから」%K%P
%LC陽菜
%LC陽菜
「そっ、そうなんだ……」%K%P
「そっ、そうなんだ……」%K%P
%LC依夜
%LC依夜
「自分では、よくわからないけれど……。\n　日向が近いと感じるのなら、そうだと思う」%K%P
「自分では、よくわからないけれど……。\n　日向が近いと感じるのなら、そうだと思う」%K%P
%LC陽菜
%LC陽菜
「痛かったりとかしない？　大丈夫？」%K%P
「痛かったりとかしない？　大丈夫？」%K%P
%LC依夜
%LC依夜
「うん。ただ、ゆっくり動いたほうが、\n　気持ち良くなれそうな気がするかも……」%K%P
「うん。ただ、ゆっくり動いたほうが、\n　気持ち良くなれそうな気がするかも……」%K%P
%LC陽菜
%LC陽菜
「ゆっくり、か……。うん、わかった」%K%P
「ゆっくり、か……。うん、わかった」%K%P
%LC依夜
%LC依夜
「わかったって……日向、いいの？」%K%P
「わかったって……日向、いいの？」%K%P
%LC陽菜
%LC陽菜
「いいのって……なにが？」%K%P
「いいのって……なにが？」%K%P
%LC依夜
%LC依夜
「だって……動くってことは、\n　もう一回するってことでしょう？」%K%P
「だって……動くってことは、\n　もう一回するってことでしょう？」%K%P
%LC陽菜
%LC陽菜
「ゆっくりなら、大丈夫だと思うし……、\n　それに、依夜ともう少しくっついていたから」%K%P
「ゆっくりなら、大丈夫だと思うし……、\n　それに、依夜ともう少しくっついていたから」%K%P
%LC依夜
%LC依夜
「あぁ、日向……氈v%K%P
「あぁ、日向……氈v%K%P
%LC陽菜
%LC陽菜
「あっ、待って待って。ぎゅーはだめ。\n　いまされたら、絶対おかしくなっちゃう」%K%P
「あっ、待って待って。ぎゅーはだめ。\n　いまされたら、絶対おかしくなっちゃう」%K%P
%LC陽菜
%LC陽菜
「なるべくゆっくり動くから。\n　依夜も、ゆっくり……ね？」%K%P
「なるべくゆっくり動くから。\n　依夜も、ゆっくり……ね？」%K%P
%LC依夜
%LC依夜
「うん。ゆっくり――」%K%P
「うん。ゆっくり――」%K%P
そうして呼吸を合わせ、そっと動く。%K%P
そうして呼吸を合わせ、そっと動く。%K%P
さっきまでの挿抜が餅つきだとするなら、\n今の動きは、パン生地をこねる感じ。%K%P
さっきまでの挿抜が餅つきだとするなら、\n今の動きは、パン生地をこねる感じ。%K%P
ゆっくりゆっくり腰を回しつつ、\n数センチ程度のピストンで、奥を撫でる。%K%P
ゆっくりゆっくり腰を回しつつ、\n数センチ程度のピストンで、奥を撫でる。%K%P
%LC依夜
%LC依夜
「はぁ、ああっ……　んぅ、はあっ、\n　はふぅ、はあっ……あっ、はあっ、ああっ氈v%K%P
「はぁ、ああっ……　んぅ、はあっ、\n　はふぅ、はあっ……あっ、はあっ、ああっ氈v%K%P
%LC依夜
%LC依夜
「奥を、優しく、とんとんして……はあっ、\n　日向のおち○ちん、気持ちいいっ……氈v%K%P
「奥を、優しく、とんとんして……はあっ、\n　日向のおち○ちん、気持ちいいっ……氈v%K%P
%LC陽菜
%LC陽菜
「依夜のおま○こも、気持ちいい……。\n　むぎゅむぎゅしてきて、溶けちゃいそうっ……」%K%P
「依夜のおま○こも、気持ちいい……。\n　むぎゅむぎゅしてきて、溶けちゃいそうっ……」%K%P
%LC依夜
%LC依夜
「むぎゅむぎゅって……これのこと？」%K%P
「むぎゅむぎゅって……これのこと？」%K%P
%LC陽菜
%LC陽菜
「ひうッ、はっ……んっ、そう、それっ。\n　それヤバい……ひぐっ……んううっ」%K%P
「ひうッ、はっ……んっ、そう、それっ。\n　それヤバい……ひぐっ……んううっ」%K%P
カリ首に絡みつくヒダの圧に、声が漏れる。%K%P
カリ首に絡みつくヒダの圧に、声が漏れる。%K%P
普段なら快感が増すと、射精に向けて、\n自然と腰を激しく振りたくなるものだけど。%K%P
普段なら快感が増すと、射精に向けて、\n自然と腰を激しく振りたくなるものだけど。%K%P
いまはスローなピストンが心地よすぎて、\nひたすらに、依夜に腰を押しつけてしまう。%K%P
いまはスローなピストンが心地よすぎて、\nひたすらに、依夜に腰を押しつけてしまう。%K%P
しがみつくように抱きついて、\nおっぱいに顔を埋めて、腰はぐりぐり。%K%P
しがみつくように抱きついて、\nおっぱいに顔を埋めて、腰はぐりぐり。%K%P
これって、見ようによっては――、%K%P
これって、見ようによっては――、%K%P
%LC依夜
%LC依夜
「はぁ、あっ……んふ、んふふっ……歃n　日向、まるで赤ちゃんみたい」%K%P
「はぁ、あっ……んふ、んふふっ……歃n　日向、まるで赤ちゃんみたい」%K%P
%LC陽菜
%LC陽菜
「はうっ……やっぱり、そう思う？」%K%P
「はうっ……やっぱり、そう思う？」%K%P
%LC依夜
%LC依夜
「うん。しがみついている日向、\n　とっても可愛い……氈v%K%P
「うん。しがみついている日向、\n　とっても可愛い……氈v%K%P
%LC陽菜
%LC陽菜
「うぅ……」%K%P
「うぅ……」%K%P
%LC依夜
%LC依夜
「拗ねないで。格好いいからこそ、\n　甘えるあなたが可愛いの」%K%P
「拗ねないで。格好いいからこそ、\n　甘えるあなたが可愛いの」%K%P
優しい声とともに頭を撫でられると、\n赤ちゃんでもいいや、なんて思えてしまう。%K%P
優しい声とともに頭を撫でられると、\n赤ちゃんでもいいや、なんて思えてしまう。%K%P
それぐらい、依夜の抱っこは魅惑的で。%K%P
それぐらい、依夜の抱っこは魅惑的で。%K%P
両手も、両足も、膣内も――、\nオレをハグするすべてが心地良かった。%K%P
両手も、両足も、膣内も――、\nオレをハグするすべてが心地良かった。%K%P
%LC陽菜
%LC陽菜
「依夜。オレ、そろそろかも……」%K%P
「依夜。オレ、そろそろかも……」%K%P
%LC依夜
%LC依夜
「私も。今度は、ぴったり合いそう」%K%P
「私も。今度は、ぴったり合いそう」%K%P
%LC陽菜
%LC陽菜
「イクとき、もっとしがみついていい？」%K%P
「イクとき、もっとしがみついていい？」%K%P
%LC依夜
%LC依夜
「うん。たくさん、ぎゅってして」%K%P
「うん。たくさん、ぎゅってして」%K%P
吐息の合間に短いやりとりを交わすと、\n待ってましたとばかりに玉袋が騒ぎ出す。%K%P
吐息の合間に短いやりとりを交わすと、\n待ってましたとばかりに玉袋が騒ぎ出す。%K%P
でも、今回の射精はこれまでと違って、\nペース自体がゆっくりで、余裕もあって。%K%P
でも、今回の射精はこれまでと違って、\nペース自体がゆっくりで、余裕もあって。%K%P
だからこそ、イクときも、穏やかに――、%K%P
だからこそ、イクときも、穏やかに――、%K%P
%LC陽菜
%LC陽菜
「はぁ、あっ……あぁ、出るっ……」%K%P
「はぁ、あっ……あぁ、出るっ……」%K%P
%LC依夜
%LC依夜
「んッ……私も、イクっ……はぁ、ああっ、\n　お願い日向、ぎゅーってっ……氈v%K%P
「んッ……私も、イクっ……はぁ、ああっ、\n　お願い日向、ぎゅーってっ……氈v%K%P
%LC陽菜
%LC陽菜
「うんッ……依夜、大好きっ……」%K%P
「うんッ……依夜、大好きっ……」%K%P
%LC依夜
%LC依夜
「ふああ、あうっ　ああぁ、あっ、\n　イクっ……んぅ……はぁ、あぁあああっ氈v%K%P
「ふああ、あうっ　ああぁ、あっ、\n　イクっ……んぅ……はぁ、あぁあああっ氈v%K%P
%LC陽菜
%LC陽菜
「はァッ……あ、ああああああっ……。\n　はうっ……あぁ、出てる、出てっ……んぅっ」%K%P
「はァッ……あ、ああああああっ……。\n　はうっ……あぁ、出てる、出てっ……んぅっ」%K%P
%LC依夜
%LC依夜
「んあっ……うんっ、精子、出てるっ……歃n　日向のが、子宮にぃ……はっ、ああっ」%K%P
「んあっ……うんっ、精子、出てるっ……歃n　日向のが、子宮にぃ……はっ、ああっ」%K%P
%LC依夜
%LC依夜
「んうッ……くっ、あっ、あああっ……歃n　濃いのが、びゅびゅって……ぐっ、んんっ」%K%P
「んうッ……くっ、あっ、あああっ……歃n　濃いのが、びゅびゅって……ぐっ、んんっ」%K%P
絶頂と同時にしがみついたオレを、\n依夜がぎゅっと抱き返す。%K%P
絶頂と同時にしがみついたオレを、\n依夜がぎゅっと抱き返す。%K%P
もちろん彼女の膣内も、\n同じようにペニスをハグしてくれて。%K%P
もちろん彼女の膣内も、\n同じようにペニスをハグしてくれて。%K%P
%LC陽菜
%LC陽菜
「はふっ……はあッ、依夜、依夜っ……」%K%P
「はふっ……はあッ、依夜、依夜っ……」%K%P
%LC依夜
%LC依夜
「んうっ、日向ぁ……あぁ、日向っ……歃n　好き、大好き、ひなたぁ……あぁ、ああっ氈v%K%P
「んうっ、日向ぁ……あぁ、日向っ……歃n　好き、大好き、ひなたぁ……あぁ、ああっ氈v%K%P
名前を呼び合い、互いを抱きしめる。%K%P
名前を呼び合い、互いを抱きしめる。%K%P
無我夢中で腰をぐりぐり押しつけている間、\nオレは完全に、ママに甘える赤ちゃんだった。%K%P
無我夢中で腰をぐりぐり押しつけている間、\nオレは完全に、ママに甘える赤ちゃんだった。%K%P
%LC依夜
%LC依夜
「はふぅ、ふぅ……はぁ……はぁ、\n　ああっ……あぁ……ああぁ……氈v%K%P
「はふぅ、ふぅ……はぁ……はぁ、\n　ああっ……あぁ……ああぁ……氈v%K%P
膣内でペニスが脈打つたび、\nそれに合わせて依夜の吐息が漏れる。%K%P
膣内でペニスが脈打つたび、\nそれに合わせて依夜の吐息が漏れる。%K%P
うっとりした声に溶かされるように、\nキツく固められていた両足の力が、少しずつ抜けて。%K%P
うっとりした声に溶かされるように、\nキツく固められていた両足の力が、少しずつ抜けて。%K%P
隙間が出来た瞬間、泡立った精子が、\n炭酸の泡のように溢れて垂れていった。%K%P
隙間が出来た瞬間、泡立った精子が、\n炭酸の泡のように溢れて垂れていった。%K%P
%LC依夜
%LC依夜
「膣内にも、奥にも、日向が、いっぱい……氈v%K%P
「膣内にも、奥にも、日向が、いっぱい……氈v%K%P
%LC依夜
%LC依夜
「ふぅ、ふぅ……ありがとう、日向。\n　たくさん出してくれて、嬉しい……氈v%K%P
「ふぅ、ふぅ……ありがとう、日向。\n　たくさん出してくれて、嬉しい……氈v%K%P
%LC陽菜
%LC陽菜
「んっ……喜んでもらえて、良かった……」%K%P
「んっ……喜んでもらえて、良かった……」%K%P
微笑む依夜を見て、心底そう思う。%K%P
微笑む依夜を見て、心底そう思う。%K%P
好きな人の笑顔って、それを見るだけで、\nすごくすごく幸せな気持ちになれる。%K%P
好きな人の笑顔って、それを見るだけで、\nすごくすごく幸せな気持ちになれる。%K%P
%LC陽菜
%LC陽菜
「はぅ……さすがに、もう、だめ……」%K%P
「はぅ……さすがに、もう、だめ……」%K%P
泥のように眠る、なんて言葉があるけど、\nすべてを出し切った身体は、まさにそんな感じで。%K%P
泥のように眠る、なんて言葉があるけど、\nすべてを出し切った身体は、まさにそんな感じで。%K%P
くたっと、依夜の上に身を投げ出してしまう。%K%P
くたっと、依夜の上に身を投げ出してしまう。%K%P
%LC依夜
%LC依夜
「時間はまだあるし、少し休んで。\n　そうすれば、気怠さもとれるはずだから」%K%P
「時間はまだあるし、少し休んで。\n　そうすれば、気怠さもとれるはずだから」%K%P
%LC陽菜
%LC陽菜
「うん……。けど、このままだと重いだろうし、\n　せめて、依夜の隣に――」%K%P
「うん……。けど、このままだと重いだろうし、\n　せめて、依夜の隣に――」%K%P
%LC依夜
%LC依夜
「だめ。あなたはここにいるの」%K%P
「だめ。あなたはここにいるの」%K%P
またしても彼女の両足がオレを捕らえる。%K%P
またしても彼女の両足がオレを捕らえる。%K%P
ホールド力はだいぶ弱くなっていたけど、\nオレも力は入らないし、こうなると動けない。%K%P
ホールド力はだいぶ弱くなっていたけど、\nオレも力は入らないし、こうなると動けない。%K%P
%LC依夜
%LC依夜
「今は日向と離れたくないの。\n　だから……もう少しだけ、お願い」%K%P
「今は日向と離れたくないの。\n　だから……もう少しだけ、お願い」%K%P
%LC陽菜
%LC陽菜
「依夜もわりと甘えん坊だよね」%K%P
「依夜もわりと甘えん坊だよね」%K%P
%LC依夜
%LC依夜
「恋人や夫婦は似るものだから」%K%P
「恋人や夫婦は似るものだから」%K%P
%LC陽菜
%LC陽菜
「むぅ……」%K%P
「むぅ……」%K%P
%LC依夜
%LC依夜
「ふふっ」%K%P
「ふふっ」%K%P
オレをやりこめて、くすりと笑う。%K%P
オレをやりこめて、くすりと笑う。%K%P
そんな仕草も声も、すべてが愛しい。%K%P
そんな仕草も声も、すべてが愛しい。%K%P
%LC依夜
%LC依夜
「もし眠っても起こしてあげるから。\n　安心して、目を閉じて」%K%P
「もし眠っても起こしてあげるから。\n　安心して、目を閉じて」%K%P
%LC陽菜
%LC陽菜
「うん。……ありがとう、そうする」%K%P
「うん。……ありがとう、そうする」%K%P
優しい声に、目を閉じる。%K%P
優しい声に、目を閉じる。%K%P
お互いの息遣いも落ち着くと、\n広いトレーニングルームは、本当に静かで。%K%P
お互いの息遣いも落ち着くと、\n広いトレーニングルームは、本当に静かで。%K%P
頭を撫でる感触にすべてを委ねて、\nオレはそのまま、短い眠りへと落ちていった。%K%P
頭を撫でる感触にすべてを委ねて、\nオレはそのまま、短い眠りへと落ちていった。%K%P
