依夜様とエンゲージする約束をしたあと、\n何事もなく休日が終わって。%K%P
依夜様とエンゲージする約束をしたあと、\n何事もなく休日が終わって。%K%P
週明け、月曜の朝礼では、ニナさんの予告通り、\n{連弾:デュオ}{舞闘:カデンツァ}のエンゲージ投票が行われた。%K%P
週明け、月曜の朝礼では、ニナさんの予告通り、\n{連弾:デュオ}{舞闘:カデンツァ}のエンゲージ投票が行われた。%K%P
オレの投票相手は、もちろん依夜様。%K%P
オレの投票相手は、もちろん依夜様。%K%P
他の{騎士:ワルキュリア}たちも投票した結果、\nペアの組み合わせは、一発で決定した。%K%P
他の{騎士:ワルキュリア}たちも投票した結果、\nペアの組み合わせは、一発で決定した。%K%P
まずは、最初にエンゲージ宣言をしていた、\n千波ちゃんと小夜さん。%K%P
まずは、最初にエンゲージ宣言をしていた、\n千波ちゃんと小夜さん。%K%P
次に、梨理ちゃんと美実様の椋木姉妹ペア。%K%P
次に、梨理ちゃんと美実様の椋木姉妹ペア。%K%P
そして、オレと依夜様のペアに――、%K%P
そして、オレと依夜様のペアに――、%K%P
クレール様と杏奈ちゃんのペア。%K%P
クレール様と杏奈ちゃんのペア。%K%P
以上、４組のペアによって、{連弾:デュオ}{舞闘:カデンツァ}の\nトーナメントが開催されることになった。%K%P
以上、４組のペアによって、{連弾:デュオ}{舞闘:カデンツァ}の\nトーナメントが開催されることになった。%K%P
%LCニナ
%LCニナ
「エンゲージも無事に済んだことだし、\n　次は、トーナメントの組み合わせ抽選ね」%K%P
「エンゲージも無事に済んだことだし、\n　次は、トーナメントの組み合わせ抽選ね」%K%P
%LCニナ
%LCニナ
「１組につき１つ、抽選札を引いてもらうから。\n　代表者を決めて、こちらに来てくれる？」%K%P
「１組につき１つ、抽選札を引いてもらうから。\n　代表者を決めて、こちらに来てくれる？」%K%P
%LC千波
%LC千波
「小夜、お願い」%K%P
「小夜、お願い」%K%P
%LC小夜
%LC小夜
「任せて」%K%P
「任せて」%K%P
%LC美実
%LC美実
「梨理、お願い」%K%P
「梨理、お願い」%K%P
%LC梨理
%LC梨理
「えっ、私？」%K%P
「えっ、私？」%K%P
%LC美実
%LC美実
「梨理のほうがクジ運いいでしょ」%K%P
「梨理のほうがクジ運いいでしょ」%K%P
%LC杏奈
%LC杏奈
「クレール様、お願いしますっ」%K%P
「クレール様、お願いしますっ」%K%P
%LCクレール
%LCクレール
「だーめ。こういうときは、公平に――」%K%P
「だーめ。こういうときは、公平に――」%K%P
%LCクレール
%LCクレール
「じゃんけん、ぽんっ」%K%P
「じゃんけん、ぽんっ」%K%P
%LC杏奈
%LC杏奈
「あっ、ついっ……？！\n　っていうか勝っちゃった……？！」%K%P
「あっ、ついっ……？！\n　っていうか勝っちゃった……？！」%K%P
%LCクレール
%LCクレール
「ふふっ。よろしくね、杏奈ちゃん」%K%P
「ふふっ。よろしくね、杏奈ちゃん」%K%P
%LC陽菜
%LC陽菜
「依夜様、お願いしてもいいですか？」%K%P
「依夜様、お願いしてもいいですか？」%K%P
%LC依夜
%LC依夜
「いいの？　私で」%K%P
「いいの？　私で」%K%P
%LC陽菜
%LC陽菜
「くじを引くのは、依夜様のほうが\n　慣れていると思うので」%K%P
「くじを引くのは、依夜様のほうが\n　慣れていると思うので」%K%P
%LC依夜
%LC依夜
「私が慣れているのは、引くほうではなく、\n　引いてもらうほうなのだけど……」%K%P
「私が慣れているのは、引くほうではなく、\n　引いてもらうほうなのだけど……」%K%P
%LC依夜
%LC依夜
「でも、陽菜がそう言うのなら。\n　任せておいて」%K%P
「でも、陽菜がそう言うのなら。\n　任せておいて」%K%P
そうして代表４人が抽選札を引いた結果、\nトーナメントの組み合わせが決まった。%K%P
そうして代表４人が抽選札を引いた結果、\nトーナメントの組み合わせが決まった。%K%P
で、初戦の相手はというと――、%K%P
で、初戦の相手はというと――、%K%P
%LC杏奈
%LC杏奈
「はぅー……」%K%P
「はぅー……」%K%P
%LC陽菜
%LC陽菜
「もう。さっきからそればっかり」%K%P
「もう。さっきからそればっかり」%K%P
%LC杏奈
%LC杏奈
「だって、いきなり陽菜ちゃんたちと\n　対戦することになるなんてぇ……」%K%P
「だって、いきなり陽菜ちゃんたちと\n　対戦することになるなんてぇ……」%K%P
%LC杏奈
%LC杏奈
「はぅぅー……。\n　自分のクジ運のなさがうらめしい……」%K%P
「はぅぅー……。\n　自分のクジ運のなさがうらめしい……」%K%P
%LC陽菜
%LC陽菜
「私たちが相手じゃ役不足？」%K%P
「私たちが相手じゃ役不足？」%K%P
%LC杏奈
%LC杏奈
「逆だよ、逆っ。陽菜ちゃんたち、\n　優勝候補って言われてるんだよ？」%K%P
「逆だよ、逆っ。陽菜ちゃんたち、\n　優勝候補って言われてるんだよ？」%K%P
%LC杏奈
%LC杏奈
「指南役補佐代理の陽菜ちゃんと、\n　{最優秀騎士:ブリランテ}、依夜様のペアなんて……」%K%P
「指南役補佐代理の陽菜ちゃんと、\n　{最優秀騎士:ブリランテ}、依夜様のペアなんて……」%K%P
%LC杏奈
%LC杏奈
「ぶっちゃけズルくない？　チートじゃない？」%K%P
「ぶっちゃけズルくない？　チートじゃない？」%K%P
%LC陽菜
%LC陽菜
「ありがとう、杏奈ちゃん。\n　私に投票してくれて」%K%P
「ありがとう、杏奈ちゃん。\n　私に投票してくれて」%K%P
%LC杏奈
%LC杏奈
「ぐっ……。そうでした……」%K%P
「ぐっ……。そうでした……」%K%P
呻きながら、ぱたっと机に突っ伏す杏奈ちゃん。%K%P
呻きながら、ぱたっと机に突っ伏す杏奈ちゃん。%K%P
本来ならトーナメントに出場できないオレが\n参加出来るのは、投票枠で選ばれたからこそで。%K%P
本来ならトーナメントに出場できないオレが\n参加出来るのは、投票枠で選ばれたからこそで。%K%P
その切っ掛けを作ってくれたのが、\n他でもない杏奈ちゃんなんだよね。%K%P
その切っ掛けを作ってくれたのが、\n他でもない杏奈ちゃんなんだよね。%K%P
%LC陽菜
%LC陽菜
「そういえば杏奈ちゃん、\n　どうしてクレール様を選んだの？」%K%P
「そういえば杏奈ちゃん、\n　どうしてクレール様を選んだの？」%K%P
%LC杏奈
%LC杏奈
「私が選んだっていうより、\n　クレール様が声をかけてくれたの」%K%P
「私が選んだっていうより、\n　クレール様が声をかけてくれたの」%K%P
%LC杏奈
%LC杏奈
「昨日の夜、寮のお風呂に入ってたら、\n　後ろからいきなりぎゅーってされて」%K%P
「昨日の夜、寮のお風呂に入ってたら、\n　後ろからいきなりぎゅーってされて」%K%P
%LC杏奈
%LC杏奈
「まだ相手が決まっていないなら、\n　私とエンゲージしましょう？　って」%K%P
「まだ相手が決まっていないなら、\n　私とエンゲージしましょう？　って」%K%P
%LC杏奈
%LC杏奈
「ちなみに、おっぱいすっごく柔らかかった」%K%P
「ちなみに、おっぱいすっごく柔らかかった」%K%P
%LC陽菜
%LC陽菜
「その情報いる？」%K%P
「その情報いる？」%K%P
%LC杏奈
%LC杏奈
「言いたかっただけ」%K%P
「言いたかっただけ」%K%P
%LC杏奈
%LC杏奈
「でも……声掛けてもらえて、\n　正直、すごくホッとしちゃった」%K%P
「でも……声掛けてもらえて、\n　正直、すごくホッとしちゃった」%K%P
%LC杏奈
%LC杏奈
「私って他の{騎士:ワルキュリア}に比べると、\n　まだまだぜんぜんでしょ？」%K%P
「私って他の{騎士:ワルキュリア}に比べると、\n　まだまだぜんぜんでしょ？」%K%P
%LC杏奈
%LC杏奈
「だから、誰とペアになっても、\n　迷惑かけちゃう気がしてて……」%K%P
「だから、誰とペアになっても、\n　迷惑かけちゃう気がしてて……」%K%P
%LC杏奈
%LC杏奈
「エンゲージどうしよう、誰に投票しようって、\n　悩んでたところだったから」%K%P
「エンゲージどうしよう、誰に投票しようって、\n　悩んでたところだったから」%K%P
%LC陽菜
%LC陽菜
「クレール様、気付いてたのかもね。\n　杏奈ちゃんのそういう気持ちに」%K%P
「クレール様、気付いてたのかもね。\n　杏奈ちゃんのそういう気持ちに」%K%P
%LC杏奈
%LC杏奈
「かもね。クレール様、おっきいし」%K%P
「かもね。クレール様、おっきいし」%K%P
%LC陽菜
%LC陽菜
「なんですぐそっちの話になるの」%K%P
「なんですぐそっちの話になるの」%K%P
%LC杏奈
%LC杏奈
「人としての器がってことだけど？」%K%P
「人としての器がってことだけど？」%K%P
%LC陽菜
%LC陽菜
「あ……」%K%P
「あ……」%K%P
%LC杏奈
%LC杏奈
「あれー？　なんのことだと思ったのかなー？」%K%P
「あれー？　なんのことだと思ったのかなー？」%K%P
%LC陽菜
%LC陽菜
「いや、あれはほら、\n　柔らかいとか言ってたからでっ……」%K%P
「いや、あれはほら、\n　柔らかいとか言ってたからでっ……」%K%P
%LC杏奈
%LC杏奈
「くすっ。よぉしっ、陽菜ちゃんと話して\n　元気も出たし、ヘコみタイム終了っ！」%K%P
「くすっ。よぉしっ、陽菜ちゃんと話して\n　元気も出たし、ヘコみタイム終了っ！」%K%P
%LC杏奈
%LC杏奈
「くよくよしてたって、\n　陽菜ちゃんたちに勝てるわけじゃないもんね」%K%P
「くよくよしてたって、\n　陽菜ちゃんたちに勝てるわけじゃないもんね」%K%P
%LC杏奈
%LC杏奈
「いまの私には、クレール様っていう\n　つよーい味方もついてることだし」%K%P
「いまの私には、クレール様っていう\n　つよーい味方もついてることだし」%K%P
%LC陽菜
%LC陽菜
「確かにクレール様も強いけど。\n　私は杏奈ちゃんも強敵だと思ってるよ？」%K%P
「確かにクレール様も強いけど。\n　私は杏奈ちゃんも強敵だと思ってるよ？」%K%P
%LC杏奈
%LC杏奈
「またまたー」%K%P
「またまたー」%K%P
%LC陽菜
%LC陽菜
「本当に」%K%P
「本当に」%K%P
杏奈ちゃんの強みは、盾を活かしたディフェンス力。%K%P
杏奈ちゃんの強みは、盾を活かしたディフェンス力。%K%P
今回選ばれた８名の{騎士:ワルキュリア}の中でも、\n守りに関してはトップクラスだと思う。%K%P
今回選ばれた８名の{騎士:ワルキュリア}の中でも、\n守りに関してはトップクラスだと思う。%K%P
１対１の{舞闘:カデンツァ}の場合、守り一辺倒だと\n押し切られてしまいがちだけど、今回はチーム戦だ。%K%P
１対１の{舞闘:カデンツァ}の場合、守り一辺倒だと\n押し切られてしまいがちだけど、今回はチーム戦だ。%K%P
杏奈ちゃんが脅威になる可能性は、充分ある。%K%P
杏奈ちゃんが脅威になる可能性は、充分ある。%K%P
%LC杏奈
%LC杏奈
「そこまで言ってくれるなら、\n　今日の放課後、一緒に練習しない？」%K%P
「そこまで言ってくれるなら、\n　今日の放課後、一緒に練習しない？」%K%P
%LC杏奈
%LC杏奈
「実はね、クレール様が一緒に練習しましょって、\n　さっそく誘ってくれたの」%K%P
「実はね、クレール様が一緒に練習しましょって、\n　さっそく誘ってくれたの」%K%P
%LC陽菜
%LC陽菜
「いいけど、銀蘭祭の準備はしなくていいの？\n　クラスでなにか出し物をするんだよね？」%K%P
「いいけど、銀蘭祭の準備はしなくていいの？\n　クラスでなにか出し物をするんだよね？」%K%P
%LC杏奈
%LC杏奈
「それなら心配しなくても大丈夫だよ」%K%P
「それなら心配しなくても大丈夫だよ」%K%P
%LC杏奈
%LC杏奈
「銀蘭祭に出場予定の{騎士:ワルキュリア}は、\n　トレーニング自体が準備って扱いになるの」%K%P
「銀蘭祭に出場予定の{騎士:ワルキュリア}は、\n　トレーニング自体が準備って扱いになるの」%K%P
%LC杏奈
%LC杏奈
「最高の{舞闘:カデンツァ}を披露するのが、\n　選ばれた{騎士:ワルキュリア}の役目ってわけ」%K%P
「最高の{舞闘:カデンツァ}を披露するのが、\n　選ばれた{騎士:ワルキュリア}の役目ってわけ」%K%P
そういえば依夜様も\n似たようなことを言っていたっけ。%K%P
そういえば依夜様も\n似たようなことを言っていたっけ。%K%P
%LC陽菜
%LC陽菜
「クラスの手伝いに関しては了解したけど……。\n　いいの？　私と練習しても」%K%P
「クラスの手伝いに関しては了解したけど……。\n　いいの？　私と練習しても」%K%P
%LC陽菜
%LC陽菜
「私と杏奈ちゃんは、初戦で対決する、\n　いってみれば敵同士なんだよ？」%K%P
「私と杏奈ちゃんは、初戦で対決する、\n　いってみれば敵同士なんだよ？」%K%P
%LC杏奈
%LC杏奈
「いいんじゃない？　私は気にしないし、\n　クレール様も気にしないと思う」%K%P
「いいんじゃない？　私は気にしないし、\n　クレール様も気にしないと思う」%K%P
%LC杏奈
%LC杏奈
「なにより、人数多い方が楽しいのは、\n　前の日曜練習で証明済みだもん」%K%P
「なにより、人数多い方が楽しいのは、\n　前の日曜練習で証明済みだもん」%K%P
%LC陽菜
%LC陽菜
「わかった。そういうことなら、\n　私から依夜様に声をかけてみるね」%K%P
「わかった。そういうことなら、\n　私から依夜様に声をかけてみるね」%K%P
――で、放課後。%K%P
――で、放課後。%K%P
%LC依夜
%LC依夜
「杏奈、クレール。\n　誘ってくれてありがとう」%K%P
「杏奈、クレール。\n　誘ってくれてありがとう」%K%P
%LCクレール
%LCクレール
「こちらこそ。依夜ちゃんたちと\n　練習できるなんて、とっても光栄」%K%P
「こちらこそ。依夜ちゃんたちと\n　練習できるなんて、とっても光栄」%K%P
杏奈ちゃんの提案を依夜様が快諾したことで、\nこうして、４人で合同練習をすることになった。%K%P
杏奈ちゃんの提案を依夜様が快諾したことで、\nこうして、４人で合同練習をすることになった。%K%P
他の２組のペアは姿が見えないので、\n実質、オレたちの貸し切り状態だ。%K%P
他の２組のペアは姿が見えないので、\n実質、オレたちの貸し切り状態だ。%K%P
%LCクレール
%LCクレール
「じゃあ、まずは軽く身体をほぐして。\n　そのあとは――」%K%P
「じゃあ、まずは軽く身体をほぐして。\n　そのあとは――」%K%P
%LC杏奈
%LC杏奈
「はいはいはいっ！\n　私、さわりっこしたいですっ！」%K%P
「はいはいはいっ！\n　私、さわりっこしたいですっ！」%K%P
%LCクレール
%LCクレール
「相手の身体にタッチするゲームね。\n　陽菜ちゃんたちも、それでいい？」%K%P
「相手の身体にタッチするゲームね。\n　陽菜ちゃんたちも、それでいい？」%K%P
%LC陽菜・依夜
%LC陽菜・依夜
「はい」\n「うん」%K%P
「はい」\n「うん」%K%P
軽くストレッチしたあと、\nさっそく、椋木姉妹直伝のゲームをすることに。%K%P
軽くストレッチしたあと、\nさっそく、椋木姉妹直伝のゲームをすることに。%K%P
%LCクレール
%LCクレール
「せっかく４人いるんだもの、\n　本番を想定して、２対２でやってみない？」%K%P
「せっかく４人いるんだもの、\n　本番を想定して、２対２でやってみない？」%K%P
%LC陽菜
%LC陽菜
「タッグマッチってことですか？」%K%P
「タッグマッチってことですか？」%K%P
%LCクレール
%LCクレール
「そう。{連弾:デュオ}{舞闘:カデンツァ}だけの\n　特別ルールのことは覚えてる？」%K%P
「そう。{連弾:デュオ}{舞闘:カデンツァ}だけの\n　特別ルールのことは覚えてる？」%K%P
%LC陽菜
%LC陽菜
「ペア２名がプリモとセコンドに分かれることと、\n　飾緒による一発アウト、ですよね」%K%P
「ペア２名がプリモとセコンドに分かれることと、\n　飾緒による一発アウト、ですよね」%K%P
{連弾:デュオ}{舞闘:カデンツァ}では、ペアを組んだ{騎士:ワルキュリア}が、\nそれぞれ、プリモとセコンドを務める。%K%P
{連弾:デュオ}{舞闘:カデンツァ}では、ペアを組んだ{騎士:ワルキュリア}が、\nそれぞれ、プリモとセコンドを務める。%K%P
プリモは簡単に言ってしまえばリーダーで、\n胸に『{飾緒:しょくしょ}』と呼ばれる飾り紐をつける。%K%P
プリモは簡単に言ってしまえばリーダーで、\n胸に『{飾緒:しょくしょ}』と呼ばれる飾り紐をつける。%K%P
この飾緒が斬られたら、その時点で試合終了。\n斬られた側の負けとなるんだけど――、%K%P
この飾緒が斬られたら、その時点で試合終了。\n斬られた側の負けとなるんだけど――、%K%P
この飾緒、鎧と同じく立体映像ではあるものの、\n鎧に比べてすごく脆い。文字通り、紐同然。%K%P
この飾緒、鎧と同じく立体映像ではあるものの、\n鎧に比べてすごく脆い。文字通り、紐同然。%K%P
だから、剣がちょっとでも触れたら切れてしまう。%K%P
だから、剣がちょっとでも触れたら切れてしまう。%K%P
そんな飾緒を守りながら、\n相手の飾緒をいかにして断つか――、%K%P
そんな飾緒を守りながら、\n相手の飾緒をいかにして断つか――、%K%P
それが、２対２のチーム戦をするにあたって、\nニナさんと姉さんが考案した特別ルールだった。%K%P
それが、２対２のチーム戦をするにあたって、\nニナさんと姉さんが考案した特別ルールだった。%K%P
ちなみに、プリモとセコンドってネーミングは、\nピアノの連弾の奏者が由来になっている。%K%P
ちなみに、プリモとセコンドってネーミングは、\nピアノの連弾の奏者が由来になっている。%K%P
そもそも{連弾:デュオ}{舞闘:カデンツァ}という名称自体も、\nピアノの連弾から貰ったものだそうで。%K%P
そもそも{連弾:デュオ}{舞闘:カデンツァ}という名称自体も、\nピアノの連弾から貰ったものだそうで。%K%P
どちらも、ニナさんが名付け親だ。%K%P
どちらも、ニナさんが名付け親だ。%K%P
%LCクレール
%LCクレール
「２対２でやるとして、\n　飾緒は用意できないから……」%K%P
「２対２でやるとして、\n　飾緒は用意できないから……」%K%P
%LCクレール
%LCクレール
「そのかわりとして、今回は、\n　胸以外へのタッチは無効にしましょっか」%K%P
「そのかわりとして、今回は、\n　胸以外へのタッチは無効にしましょっか」%K%P
……え？%K%P
……え？%K%P
%LC杏奈
%LC杏奈
「プリモのおっぱいを狙え！　ってことですね」%K%P
「プリモのおっぱいを狙え！　ってことですね」%K%P
%LCクレール
%LCクレール
「そういうこと。\n　というわけで、私たちのプリモは――」%K%P
「そういうこと。\n　というわけで、私たちのプリモは――」%K%P
%LC杏奈
%LC杏奈
「クレール様、お手本お願いしますっ」%K%P
「クレール様、お手本お願いしますっ」%K%P
%LCクレール
%LCクレール
「くすっ。じゃあ、こちらのプリモは私ね」%K%P
「くすっ。じゃあ、こちらのプリモは私ね」%K%P
%LCクレール
%LCクレール
「陽菜ちゃんたちは？　どちらがプリモ？」%K%P
「陽菜ちゃんたちは？　どちらがプリモ？」%K%P
%LC依夜
%LC依夜
「私たちは――」%K%P
「私たちは――」%K%P
%LC陽菜
%LC陽菜
「依夜様、お願いできますか？」%K%P
「依夜様、お願いできますか？」%K%P
%LC依夜
%LC依夜
「私でいいの？」%K%P
「私でいいの？」%K%P
%LC陽菜
%LC陽菜
「はい、ぜひ」%K%P
「はい、ぜひ」%K%P
ただのタッチ練習ならともかく、この二人相手に\n胸ばかり狙われたら、さすがに守り切る自信がない。%K%P
ただのタッチ練習ならともかく、この二人相手に\n胸ばかり狙われたら、さすがに守り切る自信がない。%K%P
ちょっとさわられる程度なら……なんて油断して、\n女装がバレてしまったら取り返しがつかない。%K%P
ちょっとさわられる程度なら……なんて油断して、\n女装がバレてしまったら取り返しがつかない。%K%P
%LCクレール
%LCクレール
「じゃあ、そちらのプリモは依夜ちゃんね」%K%P
「じゃあ、そちらのプリモは依夜ちゃんね」%K%P
%LCクレール
%LCクレール
「セコンドは一発で負けるリスクがない分、\n　いわゆるアタッカー役を担当するから――」%K%P
「セコンドは一発で負けるリスクがない分、\n　いわゆるアタッカー役を担当するから――」%K%P
%LCクレール
%LCクレール
「いーい？　セコンドの陽菜ちゃん。\n　あなたが勝つには、ここにタッチよ？」%K%P
「いーい？　セコンドの陽菜ちゃん。\n　あなたが勝つには、ここにタッチよ？」%K%P
%LC陽菜
%LC陽菜
「わ……」%K%P
「わ……」%K%P
ここに、という言葉とともに、\nたゆゆゆゆん、と揺れる見事なおっぱい。%K%P
ここに、という言葉とともに、\nたゆゆゆゆん、と揺れる見事なおっぱい。%K%P
あそこにタッチって……そんなことしたら、\n股間のクラージュ、アン・ガルド確実じゃない？%K%P
あそこにタッチって……そんなことしたら、\n股間のクラージュ、アン・ガルド確実じゃない？%K%P
%LC杏奈
%LC杏奈
「えいっ！」%K%P
「えいっ！」%K%P
%LC依夜
%LC依夜
「くっ……」%K%P
「くっ……」%K%P
%LCクレール
%LCクレール
「杏奈ちゃん、もっと右からっ」%K%P
「杏奈ちゃん、もっと右からっ」%K%P
%LC杏奈
%LC杏奈
「はいっ！」%K%P
「はいっ！」%K%P
クレール様のアドバイスを受けつつ、\n杏奈ちゃんが依夜様を攻め立てる。%K%P
クレール様のアドバイスを受けつつ、\n杏奈ちゃんが依夜様を攻め立てる。%K%P
一方、オレはというと――、%K%P
一方、オレはというと――、%K%P
%LCクレール
%LCクレール
「どうしたの？　陽菜ちゃん。\n　さっきから固いけど」%K%P
「どうしたの？　陽菜ちゃん。\n　さっきから固いけど」%K%P
%LC陽菜
%LC陽菜
「かかか固くないですよっ？！」%K%P
「かかか固くないですよっ？！」%K%P
%LCクレール
%LCクレール
「うそ。いつもに比べてガチガチよ？」%K%P
「うそ。いつもに比べてガチガチよ？」%K%P
%LC陽菜
%LC陽菜
「ガチガチでもないですっ」%K%P
「ガチガチでもないですっ」%K%P
%LCクレール
%LCクレール
「けど……ほら。とくに手の動き。\n　普段はもっと積極的なのに」%K%P
「けど……ほら。とくに手の動き。\n　普段はもっと積極的なのに」%K%P
%LC陽菜
%LC陽菜
「こ、これは、そのっ……」%K%P
「こ、これは、そのっ……」%K%P
おっぱいを意識しすぎて、とは言えない。%K%P
おっぱいを意識しすぎて、とは言えない。%K%P
いや、今回のケースだったら、\n言っても怪しい意味ではないんだけど。%K%P
いや、今回のケースだったら、\n言っても怪しい意味ではないんだけど。%K%P
とにかく、さわってよしという合意があるんだし、\nもっと果敢に攻めていかないと――、%K%P
とにかく、さわってよしという合意があるんだし、\nもっと果敢に攻めていかないと――、%K%P
%LC陽菜
%LC陽菜
「よし、ここっ……！」%K%P
「よし、ここっ……！」%K%P
%LCクレール
%LCクレール
「だーめっ」%K%P
「だーめっ」%K%P
%LC陽菜
%LC陽菜
「ああっ……！？」%K%P
「ああっ……！？」%K%P
踏み込んで伸ばした手が、あっさり捌かれる。%K%P
踏み込んで伸ばした手が、あっさり捌かれる。%K%P
それどころか。%K%P
それどころか。%K%P
%LCクレール
%LCクレール
「杏奈ちゃん、足を止めちゃだめ。\n　怖がらずにガンガン攻めて」%K%P
「杏奈ちゃん、足を止めちゃだめ。\n　怖がらずにガンガン攻めて」%K%P
%LC杏奈
%LC杏奈
「も、もっとですかっ？」%K%P
「も、もっとですかっ？」%K%P
%LCクレール
%LCクレール
「杏奈ちゃんの場合、\n　依夜ちゃん相手ならインファイト上等よ」%K%P
「杏奈ちゃんの場合、\n　依夜ちゃん相手ならインファイト上等よ」%K%P
%LCクレール
%LCクレール
「抱きつくぐらいの気持ちで、\n　どんどんいっちゃって」%K%P
「抱きつくぐらいの気持ちで、\n　どんどんいっちゃって」%K%P
%LC杏奈
%LC杏奈
「よぉしっ……！」%K%P
「よぉしっ……！」%K%P
クレール様はオレの相手をしながら、\n杏奈ちゃんにも的確な指示を出す。%K%P
クレール様はオレの相手をしながら、\n杏奈ちゃんにも的確な指示を出す。%K%P
これじゃ実質、依夜様は１対２だ。%K%P
これじゃ実質、依夜様は１対２だ。%K%P
この状況を打破するには、オレがもっと攻めて、\nクレール様の余裕を削るしかないんだけど――、%K%P
この状況を打破するには、オレがもっと攻めて、\nクレール様の余裕を削るしかないんだけど――、%K%P
%LCクレール
%LCクレール
「陽菜ちゃん、目線が素直すぎ」%K%P
「陽菜ちゃん、目線が素直すぎ」%K%P
%LC陽菜
%LC陽菜
「えっ？」%K%P
「えっ？」%K%P
%LCクレール
%LCクレール
「おっぱいばっかり見て。\n　狙いが見え見えの丸見え」%K%P
「おっぱいばっかり見て。\n　狙いが見え見えの丸見え」%K%P
%LC陽菜
%LC陽菜
「ッ……」%K%P
「ッ……」%K%P
だって、だってこんな、こんなのが\n目の前でたゆゆんしてたら、してたらっ……！%K%P
だって、だってこんな、こんなのが\n目の前でたゆゆんしてたら、してたらっ……！%K%P
くっ、ダメだダメだ、集中集中っ……！%K%P
くっ、ダメだダメだ、集中集中っ……！%K%P
オレが追い込まれたら依夜様が危ない――、%K%P
オレが追い込まれたら依夜様が危ない――、%K%P
%LCクレール
%LCクレール
「杏奈ちゃん、いまっ！」%K%P
「杏奈ちゃん、いまっ！」%K%P
%LC杏奈
%LC杏奈
「やぁああっ！」%K%P
「やぁああっ！」%K%P
%LC依夜
%LC依夜
「あっ……？！」%K%P
「あっ……？！」%K%P
%LC杏奈
%LC杏奈
「あ、あああっ……？！　わはっ、やったぁ！」%K%P
「あ、あああっ……？！　わはっ、やったぁ！」%K%P
%LC杏奈
%LC杏奈
「依夜様のおっぱいやわらか……じゃなかった、\n　えへへっ、ポイントゲットぉっ！」%K%P
「依夜様のおっぱいやわらか……じゃなかった、\n　えへへっ、ポイントゲットぉっ！」%K%P
%LC陽菜
%LC陽菜
「うそ……」%K%P
「うそ……」%K%P
依夜様が、負けるなんて……。%K%P
依夜様が、負けるなんて……。%K%P
クラージュを使った模擬戦じゃないとはいえ、\nあの依夜様が、こんなにもあっさり――、%K%P
クラージュを使った模擬戦じゃないとはいえ、\nあの依夜様が、こんなにもあっさり――、%K%P
%LC依夜
%LC依夜
「……杏奈、クレール。\n　もう１回お願いできる？」%K%P
「……杏奈、クレール。\n　もう１回お願いできる？」%K%P
%LC杏奈
%LC杏奈
「はいっ。今度もさわっちゃいますっ」%K%P
「はいっ。今度もさわっちゃいますっ」%K%P
%LCクレール
%LCクレール
「ふふっ、その意気その意気っ」%K%P
「ふふっ、その意気その意気っ」%K%P
それからオレたちは計５回、ゲームをした。%K%P
それからオレたちは計５回、ゲームをした。%K%P
結果は、杏奈ちゃんたちの５勝。%K%P
結果は、杏奈ちゃんたちの５勝。%K%P
オレは一度も、クレール様にさわれなかった。%K%P
オレは一度も、クレール様にさわれなかった。%K%P
%LC杏奈
%LC杏奈
「はぁ、はぁ……。\n　もうだめ、電池切れぇ……」%K%P
「はぁ、はぁ……。\n　もうだめ、電池切れぇ……」%K%P
%LCクレール
%LCクレール
「杏奈ちゃんの弱点はスタミナがないことね」%K%P
「杏奈ちゃんの弱点はスタミナがないことね」%K%P
%LC杏奈
%LC杏奈
「クレール様がありすぎなんです。\n　汗ひとつかいてないし」%K%P
「クレール様がありすぎなんです。\n　汗ひとつかいてないし」%K%P
%LCクレール
%LCクレール
「今日の陽菜ちゃん、\n　本調子じゃなかったみたいだから」%K%P
「今日の陽菜ちゃん、\n　本調子じゃなかったみたいだから」%K%P
%LC陽菜
%LC陽菜
「いえ、そんなことは……」%K%P
「いえ、そんなことは……」%K%P
確かに最初は、おっぱいを意識しすぎて、\n動きや判断に精彩を欠いていたと思う。%K%P
確かに最初は、おっぱいを意識しすぎて、\n動きや判断に精彩を欠いていたと思う。%K%P
けど、最後の方は集中できたし、\n依夜様だって本気で挑んでいたはずだ。%K%P
けど、最後の方は集中できたし、\n依夜様だって本気で挑んでいたはずだ。%K%P
でも、勝てなかった。%K%P
でも、勝てなかった。%K%P
オレがクレール様にタッチする前に、\n杏奈ちゃんが依夜様にタッチを決めていた。%K%P
オレがクレール様にタッチする前に、\n杏奈ちゃんが依夜様にタッチを決めていた。%K%P
%LC依夜
%LC依夜
「強くなったわね、杏奈。\n　以前、一緒に練習したときよりも」%K%P
「強くなったわね、杏奈。\n　以前、一緒に練習したときよりも」%K%P
%LC杏奈
%LC杏奈
「いえいえっ。今日依夜様に勝てたのは、\n　クレール様がいてくれたおかげです」%K%P
「いえいえっ。今日依夜様に勝てたのは、\n　クレール様がいてくれたおかげです」%K%P
%LCクレール
%LCクレール
「うふふっ。杏奈ちゃんが頼ってくれるから、\n　アドバイス張り切っちゃった」%K%P
「うふふっ。杏奈ちゃんが頼ってくれるから、\n　アドバイス張り切っちゃった」%K%P
%LC陽菜
%LC陽菜
「アドバイス……」%K%P
「アドバイス……」%K%P
――そう。敗因を上げるとするなら、それだ。%K%P
――そう。敗因を上げるとするなら、それだ。%K%P
オレも気付いてなかった依夜様の癖を見抜いて、\nそこを的確につくような指示を出したり。%K%P
オレも気付いてなかった依夜様の癖を見抜いて、\nそこを的確につくような指示を出したり。%K%P
クレール様はオレを相手にしながら、\n常に杏奈ちゃんをフォローし続けていた。%K%P
クレール様はオレを相手にしながら、\n常に杏奈ちゃんをフォローし続けていた。%K%P
%LC依夜
%LC依夜
「クレール。なにか、コツがあるの？」%K%P
「クレール。なにか、コツがあるの？」%K%P
%LCクレール
%LCクレール
「コツ？」%K%P
「コツ？」%K%P
%LC依夜
%LC依夜
「味方へのアドバイスの出し方、というか……。\n　そういうこと、私、したことがなくて」%K%P
「味方へのアドバイスの出し方、というか……。\n　そういうこと、私、したことがなくて」%K%P
%LCクレール
%LCクレール
「ああ……。そうよね、\n　普通はそれが当たり前だものね」%K%P
「ああ……。そうよね、\n　普通はそれが当たり前だものね」%K%P
%LCクレール
%LCクレール
「剣道もフェンシングも{舞闘:カデンツァ}も、\n　１対１で戦うものだから」%K%P
「剣道もフェンシングも{舞闘:カデンツァ}も、\n　１対１で戦うものだから」%K%P
%LCクレール
%LCクレール
「でも、私が通うアリアンロッド女学院では、\n　複数対複数のチーム戦も行われていたの」%K%P
「でも、私が通うアリアンロッド女学院では、\n　複数対複数のチーム戦も行われていたの」%K%P
%LC陽菜
%LC陽菜
「あ、そっか。アリア――」%K%P
「あ、そっか。アリア――」%K%P
%LCクレール
%LCクレール
「そう。アリアでは、６名の{騎士:ワルキュリア}が\n　ふたつの陣営に分かれて戦うんだけど――」%K%P
「そう。アリアでは、６名の{騎士:ワルキュリア}が\n　ふたつの陣営に分かれて戦うんだけど――」%K%P
%LCクレール
%LCクレール
「舞台が森ってこともあって、待ち伏せに奇襲、\n　囮に陽動、わりとなんでもアリアリなの」%K%P
「舞台が森ってこともあって、待ち伏せに奇襲、\n　囮に陽動、わりとなんでもアリアリなの」%K%P
%LCクレール
%LCクレール
「あっ、そう。アリアだけに、アリアリ」%K%P
「あっ、そう。アリアだけに、アリアリ」%K%P
%LC陽菜
%LC陽菜
「クレール様って思いついたこと\n　言いたくなっちゃう人ですよね」%K%P
「クレール様って思いついたこと\n　言いたくなっちゃう人ですよね」%K%P
%LCクレール
%LCクレール
「うふふっ」%K%P
「うふふっ」%K%P
%LCクレール
%LCクレール
「ともかく、そういう勝負だから。\n　１対１とはいろいろと勝手が違うの」%K%P
「ともかく、そういう勝負だから。\n　１対１とはいろいろと勝手が違うの」%K%P
%LCクレール
%LCクレール
「複数の敵をひとりで足止めしたり、\n　逆に、味方と力を合わせて相手を倒したり」%K%P
「複数の敵をひとりで足止めしたり、\n　逆に、味方と力を合わせて相手を倒したり」%K%P
%LCクレール
%LCクレール
「戦況に応じた判断が常に求められるし、\n　それを味方と共有することが、とても大切で」%K%P
「戦況に応じた判断が常に求められるし、\n　それを味方と共有することが、とても大切で」%K%P
%LCクレール
%LCクレール
「そういう勝負をしてきたからこそ、\n　自然とアドバイスができるんだと思う」%K%P
「そういう勝負をしてきたからこそ、\n　自然とアドバイスができるんだと思う」%K%P
%LC依夜
%LC依夜
「一朝一夕の芸当ではない、ということね」%K%P
「一朝一夕の芸当ではない、ということね」%K%P
%LCクレール
%LCクレール
「そんなに大層なことじゃなくて、\n　思ったことを口に出しているだけよ」%K%P
「そんなに大層なことじゃなくて、\n　思ったことを口に出しているだけよ」%K%P
%LC依夜
%LC依夜
「思ったことを、口に――」%K%P
「思ったことを、口に――」%K%P
クレール様の言葉を受け、\n依夜様が噛みしめるように呟く。%K%P
クレール様の言葉を受け、\n依夜様が噛みしめるように呟く。%K%P
何も知らなければ、\nただの復唱に聞こえたことだろう。%K%P
何も知らなければ、\nただの復唱に聞こえたことだろう。%K%P
けど、オレは知っている。%K%P
けど、オレは知っている。%K%P
思ったことを口に出す――、\nそれは、依夜様が苦手なことだって。%K%P
思ったことを口に出す――、\nそれは、依夜様が苦手なことだって。%K%P
――夜。竹刀を握り、素振りをする。%K%P
――夜。竹刀を握り、素振りをする。%K%P
それは、小さな頃から変わることのない日課。%K%P
それは、小さな頃から変わることのない日課。%K%P
一度は辞めてしまおうと思った習慣。%K%P
一度は辞めてしまおうと思った習慣。%K%P
憧れのあの人に近づくための階段。%K%P
憧れのあの人に近づくための階段。%K%P
強くなるため、格好良くなるため、\n私はその階段を、少しずつ、少しずつ――。%K%P
強くなるため、格好良くなるため、\n私はその階段を、少しずつ、少しずつ――。%K%P
%LC依夜
%LC依夜
「ふぅ……」%K%P
「ふぅ……」%K%P
ひと区切りついたあと、タオルで汗を拭う。%K%P
ひと区切りついたあと、タオルで汗を拭う。%K%P
湿ったタオルを見ていたら、自然と、\n放課後のクレールの言葉を思い出していた。%K%P
湿ったタオルを見ていたら、自然と、\n放課後のクレールの言葉を思い出していた。%K%P
『思ったことを口に出しているだけ』%K%P
『思ったことを口に出しているだけ』%K%P
それは、私には難しいこと。%K%P
それは、私には難しいこと。%K%P
ずっとずっと、できないでいること。%K%P
ずっとずっと、できないでいること。%K%P
%LC依夜
%LC依夜
「……情けない」%K%P
「……情けない」%K%P
なんでもいいから気持ちを呟こうとして、\n口をついて出たのが、そんな言葉だった。%K%P
なんでもいいから気持ちを呟こうとして、\n口をついて出たのが、そんな言葉だった。%K%P
……本当に、情けない。%K%P
……本当に、情けない。%K%P
今日の練習では、陽菜に迷惑をかけてしまった。%K%P
今日の練習では、陽菜に迷惑をかけてしまった。%K%P
敗因は、いろいろと思い浮かぶ。%K%P
敗因は、いろいろと思い浮かぶ。%K%P
まず、私自身、守る剣術が得意ではないこと。%K%P
まず、私自身、守る剣術が得意ではないこと。%K%P
タッチ形式のゲームでは片手しか使えないから、\n両手持ちの剣道や{舞闘:カデンツァ}とは勝手が違った、\nというのも理由のひとつだろう。%K%P
タッチ形式のゲームでは片手しか使えないから、\n両手持ちの剣道や{舞闘:カデンツァ}とは勝手が違った、\nというのも理由のひとつだろう。%K%P
でも、もっとも大きな敗因は、\n私たちがひとりずつ戦ってしまったこと。%K%P
でも、もっとも大きな敗因は、\n私たちがひとりずつ戦ってしまったこと。%K%P
私がもっと陽菜を支えることができていたら、\n半分とはいかずとも、１つぐらいは勝てたはずだ。%K%P
私がもっと陽菜を支えることができていたら、\n半分とはいかずとも、１つぐらいは勝てたはずだ。%K%P
私もクレールのように、陽菜を言葉で\n支えてあげることができたらよかったのに。%K%P
私もクレールのように、陽菜を言葉で\n支えてあげることができたらよかったのに。%K%P
私には、それが出来なかった。%K%P
私には、それが出来なかった。%K%P
宗千佳先生と学園長が考えたという、\n{舞闘:カデンツァ}の新たな形式――{連弾:デュオ}。%K%P
宗千佳先生と学園長が考えたという、\n{舞闘:カデンツァ}の新たな形式――{連弾:デュオ}。%K%P
剣道でも、{舞闘:カデンツァ}でも、\nこれまでは目の前の相手に集中すればよかった。%K%P
剣道でも、{舞闘:カデンツァ}でも、\nこれまでは目の前の相手に集中すればよかった。%K%P
けれど、{連弾:デュオ}{舞闘:カデンツァ}は違う。%K%P
けれど、{連弾:デュオ}{舞闘:カデンツァ}は違う。%K%P
目の前の相手に集中しているだけでは、勝てない。%K%P
目の前の相手に集中しているだけでは、勝てない。%K%P
幼い頃から剣道を修め、銀蘭に入学してからは、\n{騎士道:シュバルリィ}を通じて{舞闘:カデンツァ}も始めて。%K%P
幼い頃から剣道を修め、銀蘭に入学してからは、\n{騎士道:シュバルリィ}を通じて{舞闘:カデンツァ}も始めて。%K%P
宗千佳先生との手合わせ以外で負けたのは、\n陽菜と戦った、あの親善試合が初めてだった。%K%P
宗千佳先生との手合わせ以外で負けたのは、\n陽菜と戦った、あの親善試合が初めてだった。%K%P
私自身、あの敗北に悔いはない。%K%P
私自身、あの敗北に悔いはない。%K%P
全力を出し切って、それで負けたのだから、\nそこに悔いなどあるはずもない。%K%P
全力を出し切って、それで負けたのだから、\nそこに悔いなどあるはずもない。%K%P
だけれど、今日の負けは、悔いだらけ。%K%P
だけれど、今日の負けは、悔いだらけ。%K%P
私がふがいないばかりに、\n陽菜を支えることができなかった。%K%P
私がふがいないばかりに、\n陽菜を支えることができなかった。%K%P
このままだと、週末の本番でも、\n杏奈とクレールに負けてしまうかも――、%K%P
このままだと、週末の本番でも、\n杏奈とクレールに負けてしまうかも――、%K%P
%LC依夜
%LC依夜
「……それは、嫌」%K%P
「……それは、嫌」%K%P
３年連続{最優秀騎士:ブリランテ}が懸かっているけれど、\nそれはあくまで副次的なものだ。%K%P
３年連続{最優秀騎士:ブリランテ}が懸かっているけれど、\nそれはあくまで副次的なものだ。%K%P
私が負けたくないのは、陽菜のため。%K%P
私が負けたくないのは、陽菜のため。%K%P
自分とエンゲージしてくれた、\n陽菜のためにも――、%K%P
自分とエンゲージしてくれた、\n陽菜のためにも――、%K%P
%LC陽菜
%LC陽菜
「はい。すっごく格好いいです」%K%P
「はい。すっごく格好いいです」%K%P
――うん。すっごく、勝ちたい。%K%P
――うん。すっごく、勝ちたい。%K%P
『格好いい』に憧れて、\n宗千佳先生に剣術を習い始めた女の子。%K%P
『格好いい』に憧れて、\n宗千佳先生に剣術を習い始めた女の子。%K%P
私の憧れの『格好いい』を、\nきっと誰よりも側で見てきた女の子。%K%P
私の憧れの『格好いい』を、\nきっと誰よりも側で見てきた女の子。%K%P
そんな彼女が、私のことを、\n格好いいって言ってくれたのだから。%K%P
そんな彼女が、私のことを、\n格好いいって言ってくれたのだから。%K%P
