最初はどうなることかと思っていた合宿も、\n始まれば時間が過ぎるのはあっという間だった。%K%P
最初はどうなることかと思っていた合宿も、\n始まれば時間が過ぎるのはあっという間だった。%K%P
共同生活で女装がバレるんじゃないかって懸念は、\n恋人になった依夜が、フォローをしてくれて。%K%P
共同生活で女装がバレるんじゃないかって懸念は、\n恋人になった依夜が、フォローをしてくれて。%K%P
歌劇のリハーサルも次第に熱を帯びて、\n台詞もほとんど覚え、演技も様になっていって。%K%P
歌劇のリハーサルも次第に熱を帯びて、\n台詞もほとんど覚え、演技も様になっていって。%K%P
気が付けば、銀蘭祭本番――土曜日は、\n二日後にまで迫ってきていた。%K%P
気が付けば、銀蘭祭本番――土曜日は、\n二日後にまで迫ってきていた。%K%P
%LC梨理
%LC梨理
「――お休み？」%K%P
「――お休み？」%K%P
%LC陽菜
%LC陽菜
「明後日はいよいよ本番でしょ？\n　その前に丸一日、休むのはどうかなって」%K%P
「明後日はいよいよ本番でしょ？\n　その前に丸一日、休むのはどうかなって」%K%P
%LC陽菜
%LC陽菜
「この一週間、稽古と練習ばっかりで、\n　さすがに疲れちゃったでしょう？」%K%P
「この一週間、稽古と練習ばっかりで、\n　さすがに疲れちゃったでしょう？」%K%P
%LC梨理
%LC梨理
「私は、別に――」%K%P
「私は、別に――」%K%P
%LC美実
%LC美実
「賛成っ。いいねいいね、\n　みんなでパーッと遊びにいかない？」%K%P
「賛成っ。いいねいいね、\n　みんなでパーッと遊びにいかない？」%K%P
%LC美実
%LC美実
「ちょうどこの近くに、\n　大きめのショッピングモールもあるし」%K%P
「ちょうどこの近くに、\n　大きめのショッピングモールもあるし」%K%P
%LC依夜
%LC依夜
「明日の放課後、外出するということ？」%K%P
「明日の放課後、外出するということ？」%K%P
%LC梨理
%LC梨理
「そんな必要ない。本番の前の日こそ、\n　ちゃんと練習しておかないと」%K%P
「そんな必要ない。本番の前の日こそ、\n　ちゃんと練習しておかないと」%K%P
%LC美実
%LC美実
「もー、この子ってばホントに固いんだから……」%K%P
「もー、この子ってばホントに固いんだから……」%K%P
%LC陽菜
%LC陽菜
「本番前にリフレッシュしておくのも、\n　パフォーマンスを発揮する上で大切だよ？」%K%P
「本番前にリフレッシュしておくのも、\n　パフォーマンスを発揮する上で大切だよ？」%K%P
%LC美実
%LC美実
「と、指南役補佐の陽菜先生が、\n　このようにおっしゃってますけど？」%K%P
「と、指南役補佐の陽菜先生が、\n　このようにおっしゃってますけど？」%K%P
%LC梨理
%LC梨理
「もぅ……わかったってば。\n　付き合えばいいんでしょ」%K%P
「もぅ……わかったってば。\n　付き合えばいいんでしょ」%K%P
%LC美実
%LC美実
「よしよし。で、依夜は？」%K%P
「よしよし。で、依夜は？」%K%P
%LC依夜
%LC依夜
「陽菜の提案だもの。私も行くわ」%K%P
「陽菜の提案だもの。私も行くわ」%K%P
%LC美実
%LC美実
「うわ、そうきたかー……」%K%P
「うわ、そうきたかー……」%K%P
%LC美実
%LC美実
「なんというか、依夜と陽菜ちゃんって、\n　パートナーというより伴侶って感じだよねぇ」%K%P
「なんというか、依夜と陽菜ちゃんって、\n　パートナーというより伴侶って感じだよねぇ」%K%P
%LC美実
%LC美実
「一部の子たちとか、例の婚前旅行の噂、\n　未だに信じちゃってるみたいだし」%K%P
「一部の子たちとか、例の婚前旅行の噂、\n　未だに信じちゃってるみたいだし」%K%P
%LC陽菜
%LC陽菜
「そういえば、あの噂を広めたのって、\n　実は美実様なんじゃないですか？」%K%P
「そういえば、あの噂を広めたのって、\n　実は美実様なんじゃないですか？」%K%P
%LC美実
%LC美実
「エー、ナンノコトカナー。ワカンナイナー」%K%P
「エー、ナンノコトカナー。ワカンナイナー」%K%P
%LC陽菜
%LC陽菜
「もう……」%K%P
「もう……」%K%P
わかりやすい反応に、思わず苦笑。%K%P
わかりやすい反応に、思わず苦笑。%K%P
%LC陽菜
%LC陽菜
「とはいえ、今となっては根も葉もあるので、\n　信じられていても構わないけど。ね？　依夜」%K%P
「とはいえ、今となっては根も葉もあるので、\n　信じられていても構わないけど。ね？　依夜」%K%P
%LC依夜
%LC依夜
「うん」%K%P
「うん」%K%P
%LC美実
%LC美実
「え……えっ、なにそれっ？　どういうことっ？」%K%P
「え……えっ、なにそれっ？　どういうことっ？」%K%P
%LC陽菜
%LC陽菜
「エー、ナンノコトカナー。ワカンナイナー」%K%P
「エー、ナンノコトカナー。ワカンナイナー」%K%P
%LC美実
%LC美実
「ちょっ、陽菜ちゃんっ。教えてってばぁっ」%K%P
「ちょっ、陽菜ちゃんっ。教えてってばぁっ」%K%P
%LC睦月
%LC睦月
「あの、お話中のところ、すみません」%K%P
「あの、お話中のところ、すみません」%K%P
%LC睦月
%LC睦月
「さきほどの買い物の件ですが、\n　私、明日の放課後は、衣装合わせがあって」%K%P
「さきほどの買い物の件ですが、\n　私、明日の放課後は、衣装合わせがあって」%K%P
%LC美実
%LC美実
「あらら……。じゃ、やめとく？\n　{歌姫:ディーバ}がいないんじゃ寂しいし」%K%P
「あらら……。じゃ、やめとく？\n　{歌姫:ディーバ}がいないんじゃ寂しいし」%K%P
%LC睦月
%LC睦月
「いえ、構わず出掛けてきてください。\n　遠慮されるほうが、かえって心苦しいです」%K%P
「いえ、構わず出掛けてきてください。\n　遠慮されるほうが、かえって心苦しいです」%K%P
%LC睦月
%LC睦月
「それでも気にするというのなら、\n　なにか、お土産を買ってきていただければ」%K%P
「それでも気にするというのなら、\n　なにか、お土産を買ってきていただければ」%K%P
%LC美実
%LC美実
「なら、美味しいケーキ屋知ってるから、\n　そこのイチオシ買ってきてあげる」%K%P
「なら、美味しいケーキ屋知ってるから、\n　そこのイチオシ買ってきてあげる」%K%P
%LC睦月
%LC睦月
「はい」%K%P
「はい」%K%P
――というわけで、翌日の放課後。%K%P
――というわけで、翌日の放課後。%K%P
オレと依夜、美実様と梨理ちゃんの４人は、\n学園近くのショッピングモールへとやってきた。%K%P
オレと依夜、美実様と梨理ちゃんの４人は、\n学園近くのショッピングモールへとやってきた。%K%P
学園外に出掛けるのは、\n依夜の実家に続いて、これで２度目。%K%P
学園外に出掛けるのは、\n依夜の実家に続いて、これで２度目。%K%P
ただ、今回は前回と大きく違う点がひとつある。%K%P
ただ、今回は前回と大きく違う点がひとつある。%K%P
それは――、%K%P
それは――、%K%P
%LC美実
%LC美実
「二人とも、ホントよく似合ってるねぇ」%K%P
「二人とも、ホントよく似合ってるねぇ」%K%P
並んで歩くオレと依夜を見て、\nにんまり頷く美実様。%K%P
並んで歩くオレと依夜を見て、\nにんまり頷く美実様。%K%P
今回の行き先と目的を踏まえると、\n制服を着ていくという雰囲気ではなくて。%K%P
今回の行き先と目的を踏まえると、\n制服を着ていくという雰囲気ではなくて。%K%P
美実様たちはもちろんのこと、\nオレと依夜も、私服での外出となった。%K%P
美実様たちはもちろんのこと、\nオレと依夜も、私服での外出となった。%K%P
%LC陽菜
%LC陽菜
「あの、あまりジロジロ見られるのは、\n　ちょっと……」%K%P
「あの、あまりジロジロ見られるのは、\n　ちょっと……」%K%P
%LC美実
%LC美実
「いやいや、可愛いって。\n　ね？　梨理もそう思うでしょ？」%K%P
「いやいや、可愛いって。\n　ね？　梨理もそう思うでしょ？」%K%P
%LC梨理
%LC梨理
「なんで私に振るの」%K%P
「なんで私に振るの」%K%P
%LC美実
%LC美実
「梨理、ああいうの好きでしょ？」%K%P
「梨理、ああいうの好きでしょ？」%K%P
%LC梨理
%LC梨理
「まあ……可愛い服だとは思うけど」%K%P
「まあ……可愛い服だとは思うけど」%K%P
%LC陽菜
%LC陽菜
「ありがとう、梨理ちゃん」%K%P
「ありがとう、梨理ちゃん」%K%P
オレではなく服を褒めるあたり、\nなんとも梨理ちゃんらしくて笑みが漏れる。%K%P
オレではなく服を褒めるあたり、\nなんとも梨理ちゃんらしくて笑みが漏れる。%K%P
この私服はニナさんが用意してくれたんだけど、\n褒められたってこと、今度伝えておこう。%K%P
この私服はニナさんが用意してくれたんだけど、\n褒められたってこと、今度伝えておこう。%K%P
%LC依夜
%LC依夜
「私もよく似合っていると思う。\n　陽菜、とても可愛い」%K%P
「私もよく似合っていると思う。\n　陽菜、とても可愛い」%K%P
%LC陽菜
%LC陽菜
「ありがとう。\n　そういう依夜も、よく似合ってる」%K%P
「ありがとう。\n　そういう依夜も、よく似合ってる」%K%P
%LC依夜
%LC依夜
「実はこれ、宗千佳先生に選んでもらった服なの」%K%P
「実はこれ、宗千佳先生に選んでもらった服なの」%K%P
%LC依夜
%LC依夜
「以前、一緒に買い物をしたことがあって。\n　そのとき、見立ててもらって」%K%P
「以前、一緒に買い物をしたことがあって。\n　そのとき、見立ててもらって」%K%P
%LC陽菜
%LC陽菜
「確かに、先生の趣味っぽいかも……」%K%P
「確かに、先生の趣味っぽいかも……」%K%P
カジュアル過ぎず、フォーマル過ぎないバランスは、\nいかにも姉さんが好みそうだ。%K%P
カジュアル過ぎず、フォーマル過ぎないバランスは、\nいかにも姉さんが好みそうだ。%K%P
%LC美実
%LC美実
「じゃ、まずはお土産のケーキ買って、\n　それからぶらっと見てまわろっか」%K%P
「じゃ、まずはお土産のケーキ買って、\n　それからぶらっと見てまわろっか」%K%P
%LC陽菜
%LC陽菜
「先にケーキを買っちゃうと、\n　荷物になりませんか？」%K%P
「先にケーキを買っちゃうと、\n　荷物になりませんか？」%K%P
%LC美実
%LC美実
「ここ、冷蔵機能つきロッカーあるから。\n　そこに預けておけば大丈夫」%K%P
「ここ、冷蔵機能つきロッカーあるから。\n　そこに預けておけば大丈夫」%K%P
%LC依夜
%LC依夜
「美実、あとで文具屋に寄ってもいい？\n　レターセットを見ておきたいのだけれど」%K%P
「美実、あとで文具屋に寄ってもいい？\n　レターセットを見ておきたいのだけれど」%K%P
%LC美実
%LC美実
「ファンレターの返事用でしょ？　もちオッケー」%K%P
「ファンレターの返事用でしょ？　もちオッケー」%K%P
%LC美実
%LC美実
「陽菜ちゃんと梨理は？\n　どっか寄りたいとこある？」%K%P
「陽菜ちゃんと梨理は？\n　どっか寄りたいとこある？」%K%P
%LC陽菜
%LC陽菜
「これといって、とくには……」%K%P
「これといって、とくには……」%K%P
久しぶりの日本のショッピングモールだし、\n見て回りたいお店は、いっぱいある。%K%P
久しぶりの日本のショッピングモールだし、\n見て回りたいお店は、いっぱいある。%K%P
けど、それってどれも男としてだし、\n迂闊な行動は、悪目立ちしかねない。%K%P
けど、それってどれも男としてだし、\n迂闊な行動は、悪目立ちしかねない。%K%P
%LC梨理
%LC梨理
「私、下着見たいかも」%K%P
「私、下着見たいかも」%K%P
%LC美実
%LC美実
「おっ、いいね。前来たときは、\n　なんだかんだで結局買わなかったし」%K%P
「おっ、いいね。前来たときは、\n　なんだかんだで結局買わなかったし」%K%P
うわ、来たっ……？！\n恐れていたイベントがっ……？！%K%P
うわ、来たっ……？！\n恐れていたイベントがっ……？！%K%P
%LC陽菜
%LC陽菜
「あのぉ、私、下着は別に……」%K%P
「あのぉ、私、下着は別に……」%K%P
%LC美実
%LC美実
「そう言わずに。このモール、\n　いいセレクトショップがあるんだよ」%K%P
「そう言わずに。このモール、\n　いいセレクトショップがあるんだよ」%K%P
%LC美実
%LC美実
「買わなくっても、見るだけで楽しいし」%K%P
「買わなくっても、見るだけで楽しいし」%K%P
%LC陽菜
%LC陽菜
「そう言われても……」%K%P
「そう言われても……」%K%P
下着ショップに入ること自体が大問題だし、\n美実様と一緒だなんて事件の予感しかしない。%K%P
下着ショップに入ること自体が大問題だし、\n美実様と一緒だなんて事件の予感しかしない。%K%P
%LC美実
%LC美実
「そんなに警戒しなくても大丈夫だってば。\n　今日は脱がそうとしたりしないから」%K%P
「そんなに警戒しなくても大丈夫だってば。\n　今日は脱がそうとしたりしないから」%K%P
%LC陽菜
%LC陽菜
「不安を煽るようなこと言わないでくださいっ」%K%P
「不安を煽るようなこと言わないでくださいっ」%K%P
%LC依夜
%LC依夜
「待って。今日{は:・}、というのは、どういう意味？\n　前に脱がされそうになったということ？」%K%P
「待って。今日{は:・}、というのは、どういう意味？\n　前に脱がされそうになったということ？」%K%P
%LC陽菜
%LC陽菜
「あ……それは、ええっと……」%K%P
「あ……それは、ええっと……」%K%P
そういえばオレが脱がされそうになったこと、\n依夜は知らないんだった。%K%P
そういえばオレが脱がされそうになったこと、\n依夜は知らないんだった。%K%P
でも、この状況で説明するのは、\nかえってややこしいことになりそうな――、%K%P
でも、この状況で説明するのは、\nかえってややこしいことになりそうな――、%K%P
%LC美実
%LC美実
「前に乙女部で下着の話をしてたとき、\n　みんなで実際に見せ合ったことがあって」%K%P
「前に乙女部で下着の話をしてたとき、\n　みんなで実際に見せ合ったことがあって」%K%P
%LC依夜
%LC依夜
「下着を、見せ合う――」%K%P
「下着を、見せ合う――」%K%P
%LC美実
%LC美実
「そのとき、陽菜ちゃんが頑なに拒むから。\n　杏奈とクレールで脱がそうとしたんだよね」%K%P
「そのとき、陽菜ちゃんが頑なに拒むから。\n　杏奈とクレールで脱がそうとしたんだよね」%K%P
%LC陽菜
%LC陽菜
「あっ、でも、脱がされてないよ？\n　未遂で終わったし無事だったからね？」%K%P
「あっ、でも、脱がされてないよ？\n　未遂で終わったし無事だったからね？」%K%P
%LC依夜
%LC依夜
「でも、陽菜は見たのでしょう？\n　みんなの下着姿を」%K%P
「でも、陽菜は見たのでしょう？\n　みんなの下着姿を」%K%P
%LC陽菜
%LC陽菜
「それは、その、ええっとぉ……」%K%P
「それは、その、ええっとぉ……」%K%P
%LC美実
%LC美実
「見たよねー？　ばっちりと」%K%P
「見たよねー？　ばっちりと」%K%P
%LC陽菜
%LC陽菜
「…………はい」%K%P
「…………はい」%K%P
蚊の鳴くような声って、\n今みたいな声のことを言うんだと思う。%K%P
蚊の鳴くような声って、\n今みたいな声のことを言うんだと思う。%K%P
%LC依夜
%LC依夜
「そう……。わかったわ、美実。\n　そういうことなら下着を見に行きましょう」%K%P
「そう……。わかったわ、美実。\n　そういうことなら下着を見に行きましょう」%K%P
%LC陽菜
%LC陽菜
%XS21「そういうことってどういうことっ？！」%XE%K%P
%XS21「そういうことってどういうことっ？！」%XE%K%P
%LC依夜
%LC依夜
「大丈夫よ、陽菜。私が守ってあげる」%K%P
「大丈夫よ、陽菜。私が守ってあげる」%K%P
依夜も下着を見たいと言い出した結果、\n多数決的にも、下着を見に行く流れになって。%K%P
依夜も下着を見たいと言い出した結果、\n多数決的にも、下着を見に行く流れになって。%K%P
美実様のオススメだという下着ショップは、\nオレにとって異世界同然のファンシー空間だった。%K%P
美実様のオススメだという下着ショップは、\nオレにとって異世界同然のファンシー空間だった。%K%P
正直、店内にいるだけで頭がクラクラする。%K%P
正直、店内にいるだけで頭がクラクラする。%K%P
%LC美実
%LC美実
「おっ、ルカーリオの新作出てる。\n　今回のやつもお洒落だねぇ」%K%P
「おっ、ルカーリオの新作出てる。\n　今回のやつもお洒落だねぇ」%K%P
%LC梨理
%LC梨理
「お姉ちゃん、見て見て。\n　これ、レースとリボン、ヤバくない？」%K%P
「お姉ちゃん、見て見て。\n　これ、レースとリボン、ヤバくない？」%K%P
%LC美実
%LC美実
「おっ、ホントだ。\n　いいんじゃない？　試着してみたら？」%K%P
「おっ、ホントだ。\n　いいんじゃない？　試着してみたら？」%K%P
%LC梨理
%LC梨理
「うん」%K%P
「うん」%K%P
%LC陽菜
%LC陽菜
「試着――」%K%P
「試着――」%K%P
その言葉に店内を見回せば、奥の方に、\n広めのフィッティングルームが複数あった。%K%P
その言葉に店内を見回せば、奥の方に、\n広めのフィッティングルームが複数あった。%K%P
そのうちのひとつに、梨理ちゃんが入っていく。%K%P
そのうちのひとつに、梨理ちゃんが入っていく。%K%P
%LC陽菜
%LC陽菜
「下着なのに、試着するんだ……」%K%P
「下着なのに、試着するんだ……」%K%P
%LC依夜
%LC依夜
「ブラはする子が多いと思う。\n　頼めば、採寸もしてもらえるから」%K%P
「ブラはする子が多いと思う。\n　頼めば、採寸もしてもらえるから」%K%P
%LC依夜
%LC依夜
「胸の形は十人十色で、ブラも、種類があって。\n　だから、実際につけて確かめるのは普通のことよ」%K%P
「胸の形は十人十色で、ブラも、種類があって。\n　だから、実際につけて確かめるのは普通のことよ」%K%P
%LC依夜
%LC依夜
「よく言われるのはカップのサイズだけれど、\n　アンダーとトップも重要だもの」%K%P
「よく言われるのはカップのサイズだけれど、\n　アンダーとトップも重要だもの」%K%P
%LC陽菜
%LC陽菜
「あんだーと、とっぷ……？」%K%P
「あんだーと、とっぷ……？」%K%P
%LC依夜
%LC依夜
「カップ選びの基準になるサイズのこと。\n　そこにサイズ表があるでしょう？」%K%P
「カップ選びの基準になるサイズのこと。\n　そこにサイズ表があるでしょう？」%K%P
%LC陽菜
%LC陽菜
「うわ……」%K%P
「うわ……」%K%P
数字とアルファベットが、ずらっと並んでる。%K%P
数字とアルファベットが、ずらっと並んでる。%K%P
%LC依夜
%LC依夜
「自分に適したものを選ぶのは大切なことで、\n　感覚としては……たぶん、靴に近いと思う」%K%P
「自分に適したものを選ぶのは大切なことで、\n　感覚としては……たぶん、靴に近いと思う」%K%P
その一言で、すっと腑に落ちた。%K%P
その一言で、すっと腑に落ちた。%K%P
確かに、よく確かめて買わないと後悔しそうだし、\nそのためにも試着って大切なんだろう。%K%P
確かに、よく確かめて買わないと後悔しそうだし、\nそのためにも試着って大切なんだろう。%K%P
男の下着って基本的なサイズさえ合ってれば、\nよっぽどのことがない限り困らないもんなぁ。%K%P
男の下着って基本的なサイズさえ合ってれば、\nよっぽどのことがない限り困らないもんなぁ。%K%P
%LC依夜
%LC依夜
「せっかくだもの、陽菜も試着していく？」%K%P
「せっかくだもの、陽菜も試着していく？」%K%P
%LC陽菜
%LC陽菜
「……へ？」%K%P
「……へ？」%K%P
%LC依夜
%LC依夜
「この店は種類も豊富のようだから、\n　陽菜に似合うのもあると思うけれど」%K%P
「この店は種類も豊富のようだから、\n　陽菜に似合うのもあると思うけれど」%K%P
%LC陽菜
%LC陽菜
「なっ……なに言ってるのっ。\n　そんな必要ないってばっ」%K%P
「なっ……なに言ってるのっ。\n　そんな必要ないってばっ」%K%P
%LC依夜
%LC依夜
「そう？」%K%P
「そう？」%K%P
%LC陽菜
%LC陽菜
「そうっ、絶対そうっ」%K%P
「そうっ、絶対そうっ」%K%P
%LC依夜
%LC依夜
「なら、私に似合うのを選んで」%K%P
「なら、私に似合うのを選んで」%K%P
%LC陽菜
%LC陽菜
「え……？」%K%P
「え……？」%K%P
%LC依夜
%LC依夜
「例えば……これと、これ。\n　どちらが似合うと思う？」%K%P
「例えば……これと、これ。\n　どちらが似合うと思う？」%K%P
%LC陽菜
%LC陽菜
「え、え？　あの、あのあの」%K%P
「え、え？　あの、あのあの」%K%P
テンパるオレをよそに、依夜は近くにあった\nブラをふたつ、手に取ってこちらに見せてきた。%K%P
テンパるオレをよそに、依夜は近くにあった\nブラをふたつ、手に取ってこちらに見せてきた。%K%P
ひとつはシンプルで可愛いオレンジ色、\nもうひとつはレースの意匠が凝った大人びた黒。%K%P
ひとつはシンプルで可愛いオレンジ色、\nもうひとつはレースの意匠が凝った大人びた黒。%K%P
%LC依夜
%LC依夜
「陽菜はどちらが似合うと思う？」%K%P
「陽菜はどちらが似合うと思う？」%K%P
%LC陽菜
%LC陽菜
「そっ、そんなこと言われてもっ……」%K%P
「そっ、そんなこと言われてもっ……」%K%P
%LC依夜
%LC依夜
「想像しにくい？　なら、これでどう？」%K%P
「想像しにくい？　なら、これでどう？」%K%P
そう言って、依夜は自らの身体に、\nそれぞれのブラをあてがって見せてきた。%K%P
そう言って、依夜は自らの身体に、\nそれぞれのブラをあてがって見せてきた。%K%P
いや、わかるよ？　わかるんだよ？\n想像しやすいようにしてくれてるってことは。%K%P
いや、わかるよ？　わかるんだよ？\n想像しやすいようにしてくれてるってことは。%K%P
けど、彼女の裸を知っているオレにとってそれは、\nあまりに生々しいというか、刺激が強いというか――、%K%P
けど、彼女の裸を知っているオレにとってそれは、\nあまりに生々しいというか、刺激が強いというか――、%K%P
%LC依夜
%LC依夜
「陽菜、こちらに来て」%K%P
「陽菜、こちらに来て」%K%P
%LC陽菜
%LC陽菜
「えっ？」%K%P
「えっ？」%K%P
%LC依夜
%LC依夜
「いいから」%K%P
「いいから」%K%P
目の前の光景にクラクラしていたら、\n不意に、依夜に手を掴まれた。%K%P
目の前の光景にクラクラしていたら、\n不意に、依夜に手を掴まれた。%K%P
彼女はそのまま、すたすたっと試着室に――、%K%P
彼女はそのまま、すたすたっと試着室に――、%K%P
%LC美実
%LC美実
「おっ、依夜たちも試着……って、\n　もしかして、一緒に入るつもり？」%K%P
「おっ、依夜たちも試着……って、\n　もしかして、一緒に入るつもり？」%K%P
%LC依夜
%LC依夜
「うん。陽菜に見てもらおうと思って」%K%P
「うん。陽菜に見てもらおうと思って」%K%P
%LC陽菜
%LC陽菜
「い、依夜っ、さすがにそれはっ……」%K%P
「い、依夜っ、さすがにそれはっ……」%K%P
%LC依夜
%LC依夜
「早く入って」%K%P
「早く入って」%K%P
%LC陽菜
%LC陽菜
「わわっ……！？」%K%P
「わわっ……！？」%K%P
思った以上に強い力で引っ張られて、\nオレは為す術なく試着室へと連れ込まれた。%K%P
思った以上に強い力で引っ張られて、\nオレは為す術なく試着室へと連れ込まれた。%K%P
依夜と入ったフィッティングルームは、\n思った以上の広さがあった。%K%P
依夜と入ったフィッティングルームは、\n思った以上の広さがあった。%K%P
%LC依夜
%LC依夜
「ふぅ……。ひとまず、これで安心ね」%K%P
「ふぅ……。ひとまず、これで安心ね」%K%P
%LC陽菜
%LC陽菜
「安心って……なに？　どういうこと？」%K%P
「安心って……なに？　どういうこと？」%K%P
%LC依夜
%LC依夜
「陽菜、勃起してる」%K%P
「陽菜、勃起してる」%K%P
%LC陽菜
%LC陽菜
「え――」%K%P
「え――」%K%P
言われて股間を見ると、\nあきらかにスカートが持ち上がっていた。%K%P
言われて股間を見ると、\nあきらかにスカートが持ち上がっていた。%K%P
%LC陽菜
%LC陽菜
「これはだって、\n　依夜が想像させるようなこと言うからっ……」%K%P
「これはだって、\n　依夜が想像させるようなこと言うからっ……」%K%P
%LC依夜
%LC依夜
「私の裸を想像して、興奮したの？」%K%P
「私の裸を想像して、興奮したの？」%K%P
%LC陽菜
%LC陽菜
「…………うん」%K%P
「…………うん」%K%P
下着だらけの店内から避難できた安堵もあって、\n素直に頷いてしまう。%K%P
下着だらけの店内から避難できた安堵もあって、\n素直に頷いてしまう。%K%P
と、依夜はスカートの上から、\nオレのペニスを優しくさわってきた。%K%P
と、依夜はスカートの上から、\nオレのペニスを優しくさわってきた。%K%P
%LC陽菜
%LC陽菜
「ちょっ、なにしてるのっ……？！」%K%P
「ちょっ、なにしてるのっ……？！」%K%P
%LC依夜
%LC依夜
「こんな状態のままじゃ、\n　店内に戻れないでしょう？」%K%P
「こんな状態のままじゃ、\n　店内に戻れないでしょう？」%K%P
%LC陽菜
%LC陽菜
「平気だよ、手で抑えれば」%K%P
「平気だよ、手で抑えれば」%K%P
%LC依夜
%LC依夜
「そんなことをしたら、かえって目立つわ。\n　美実に追求されたらどうするの？」%K%P
「そんなことをしたら、かえって目立つわ。\n　美実に追求されたらどうするの？」%K%P
%LC依夜
%LC依夜
「それより、いまここで射精したほうが、\n　陽菜もすっきりできるし、安全なはずよ」%K%P
「それより、いまここで射精したほうが、\n　陽菜もすっきりできるし、安全なはずよ」%K%P
%LC陽菜
%LC陽菜
「それ、依夜がエッチしたいだけなんじゃ……」%K%P
「それ、依夜がエッチしたいだけなんじゃ……」%K%P
%LC依夜
%LC依夜
「うん」%K%P
「うん」%K%P
%LC陽菜
%LC陽菜
「なっ――」%K%P
「なっ――」%K%P
拗ね気味の反論をあっさり肯定されて、\n逆にこっちが固まってしまって。%K%P
拗ね気味の反論をあっさり肯定されて、\n逆にこっちが固まってしまって。%K%P
そんなオレの真ん前に、\n依夜はためらいなくしゃがみこんだ。%K%P
そんなオレの真ん前に、\n依夜はためらいなくしゃがみこんだ。%K%P
%LC陽菜
%LC陽菜
「依夜、待ってっ。待って待ってっ」%K%P
「依夜、待ってっ。待って待ってっ」%K%P
%LC依夜
%LC依夜
「静かに。声が外に漏れてしまうわ」%K%P
「静かに。声が外に漏れてしまうわ」%K%P
%LC陽菜
%LC陽菜
「んっ……」%K%P
「んっ……」%K%P
依夜の指摘に、思わず両手で口を塞ぐ。%K%P
依夜の指摘に、思わず両手で口を塞ぐ。%K%P
と、その隙をつく格好で、依夜はするするっと\nオレのパンツだけを脱がせてしまった。%K%P
と、その隙をつく格好で、依夜はするするっと\nオレのパンツだけを脱がせてしまった。%K%P
しかも、それだけじゃなくて。%K%P
しかも、それだけじゃなくて。%K%P
%LC依夜
%LC依夜
「いただきますっ……　あーむっ」%K%P
「いただきますっ……　あーむっ」%K%P
%LC陽菜
%LC陽菜
「いッ……」%K%P
「いッ……」%K%P
まったく躊躇せず、依夜がペニスを頬張る。%K%P
まったく躊躇せず、依夜がペニスを頬張る。%K%P
あまりにも自然な所作すぎて、自分の息子が\n食べ物にでもなったのかと錯覚しそうになった。%K%P
あまりにも自然な所作すぎて、自分の息子が\n食べ物にでもなったのかと錯覚しそうになった。%K%P
けど、彼女が咥えたのは、\nバナナやソーセージじゃなく、オレのペニスで。%K%P
けど、彼女が咥えたのは、\nバナナやソーセージじゃなく、オレのペニスで。%K%P
%LC陽菜
%LC陽菜
「い、依夜っ、なにをっ……」%K%P
「い、依夜っ、なにをっ……」%K%P
%LC依夜
%LC依夜
「なにって……ちゅぷ、んっ……見てのとおり、\n　あなたのおち○ちんを、あむ、しゃぶってるの」%K%P
「なにって……ちゅぷ、んっ……見てのとおり、\n　あなたのおち○ちんを、あむ、しゃぶってるの」%K%P
%LC依夜
%LC依夜
「おっぱいで抱っこしたとき、味が気になって。\n　ずっと舐めてみたいと思っていたからっ……」%K%P
「おっぱいで抱っこしたとき、味が気になって。\n　ずっと舐めてみたいと思っていたからっ……」%K%P
%LC陽菜
%LC陽菜
「だからって、なにもこんなところでっ……」%K%P
「だからって、なにもこんなところでっ……」%K%P
%LC依夜
%LC依夜
「れろっ、ちゅっ……あむっ、はあっ、れるるっ、\n　ちゅぷるる、ふぐっ……あむむ、れーろっ」%K%P
「れろっ、ちゅっ……あむっ、はあっ、れるるっ、\n　ちゅぷるる、ふぐっ……あむむ、れーろっ」%K%P
%LC陽菜
%LC陽菜
「はうっ、はあっ……や、んんっ」%K%P
「はうっ、はあっ……や、んんっ」%K%P
こちらの抗議にフェラで応えた依夜は、\n亀頭からカリ首へと舌を這わせてきた。%K%P
こちらの抗議にフェラで応えた依夜は、\n亀頭からカリ首へと舌を這わせてきた。%K%P
%LC依夜
%LC依夜
「ちゅっ、ちぷ、ちぷちぷっ……れーろっ歃n　はふっ……あむ、ちゅっ、ぢゅるるっ」%K%P
「ちゅっ、ちぷ、ちぷちぷっ……れーろっ歃n　はふっ……あむ、ちゅっ、ぢゅるるっ」%K%P
%LC依夜
%LC依夜
「れろれろ、れるるっ……んふぅ、\n　おち○ちん、おいしい……」%K%P
「れろれろ、れるるっ……んふぅ、\n　おち○ちん、おいしい……」%K%P
%LC依夜
%LC依夜
「とくに、ぷにっとした、さきっぽが……ちゅっ、\n　あむ、れろれろ、ぢゅぷるるるるっ」%K%P
「とくに、ぷにっとした、さきっぽが……ちゅっ、\n　あむ、れろれろ、ぢゅぷるるるるっ」%K%P
%LC陽菜
%LC陽菜
「ひぐっ……は、あ、ああっ……」%K%P
「ひぐっ……は、あ、ああっ……」%K%P
亀頭の弾力がお気に召したのか、\n依夜は楽しそうに舌をぐりぐり押しつける。%K%P
亀頭の弾力がお気に召したのか、\n依夜は楽しそうに舌をぐりぐり押しつける。%K%P
当然、そこには尿道口もあるから、\n彼女の舌先が、割れ目をぐりぐり穿ってきて。%K%P
当然、そこには尿道口もあるから、\n彼女の舌先が、割れ目をぐりぐり穿ってきて。%K%P
温かい粘膜が、じゅるり、じゅるりと、\n侵食するように尿道口へ――、%K%P
温かい粘膜が、じゅるり、じゅるりと、\n侵食するように尿道口へ――、%K%P
%LC陽菜
%LC陽菜
「はうっ……わ、わかった、わかったから。\n　舐めていいから、手加減してっ……」%K%P
「はうっ……わ、わかった、わかったから。\n　舐めていいから、手加減してっ……」%K%P
%LC陽菜
%LC陽菜
「でないと、声、でちゃうっ……」%K%P
「でないと、声、でちゃうっ……」%K%P
しゃぶられ始めて１分と経たないうちに、\n気持ち良すぎて膝が震えてきた。%K%P
しゃぶられ始めて１分と経たないうちに、\n気持ち良すぎて膝が震えてきた。%K%P
こんなの、どうやったって抗えっこない。%K%P
こんなの、どうやったって抗えっこない。%K%P
%LC依夜
%LC依夜
「んっ……　なら、少し、弱く……ぺろっ、\n　ちゅぱ、れろ……れろれろ、んぅうむっ……」%K%P
「んっ……　なら、少し、弱く……ぺろっ、\n　ちゅぱ、れろ……れろれろ、んぅうむっ……」%K%P
%LC陽菜
%LC陽菜
「うんっ……これなら、なんとかっ……」%K%P
「うんっ……これなら、なんとかっ……」%K%P
こちらが白旗を振ると、\n依夜はきちんと舌の攻勢を弱めてくれた。%K%P
こちらが白旗を振ると、\n依夜はきちんと舌の攻勢を弱めてくれた。%K%P
こうなった以上、依夜の望み通り、\nここでスッキリして勃起を鎮めるしかない。%K%P
こうなった以上、依夜の望み通り、\nここでスッキリして勃起を鎮めるしかない。%K%P
というか、精子を味わわない限り、\n依夜は絶対に、オレを離してくれない。%K%P
というか、精子を味わわない限り、\n依夜は絶対に、オレを離してくれない。%K%P
%LC依夜
%LC依夜
「ゆっくり、れろれろ……やさしく、れるれる、\n　すみずみまで……ちゅっ、れろ、れるるっ」%K%P
「ゆっくり、れろれろ……やさしく、れるれる、\n　すみずみまで……ちゅっ、れろ、れるるっ」%K%P
%LC依夜
%LC依夜
「んはぅ……ふふ、おち○ちん、おいしい……。\n　どこを舐めても、陽菜の味がする……」%K%P
「んはぅ……ふふ、おち○ちん、おいしい……。\n　どこを舐めても、陽菜の味がする……」%K%P
%LC依夜
%LC依夜
「こんなにおいしいなら……ちゅるる、\n　もっと、はやく、食べればよかった……」%K%P
「こんなにおいしいなら……ちゅるる、\n　もっと、はやく、食べればよかった……」%K%P
スローペースをキープしたまま、\n依夜は丹念にペニスを味わっていく。%K%P
スローペースをキープしたまま、\n依夜は丹念にペニスを味わっていく。%K%P
とはいえ、動きがゆっくりだからといって、\n快感が比例するとは限らない。%K%P
とはいえ、動きがゆっくりだからといって、\n快感が比例するとは限らない。%K%P
亀頭をねっとり舐めまわす舌からは、\nたっぷりの唾液が塗布されて。%K%P
亀頭をねっとり舐めまわす舌からは、\nたっぷりの唾液が塗布されて。%K%P
とろっとろに濡れたペニスは、\n依夜の口内で、さらに大きくなっていく。%K%P
とろっとろに濡れたペニスは、\n依夜の口内で、さらに大きくなっていく。%K%P
%LC依夜
%LC依夜
「あふっ、はあっ……んむ、んぷっ……はぁ、\n　じゅぷぷ……じゅぷじゅぷ、ぢゅるるぅっ」%K%P
「あふっ、はあっ……んむ、んぷっ……はぁ、\n　じゅぷぷ……じゅぷじゅぷ、ぢゅるるぅっ」%K%P
%LC依夜
%LC依夜
「はぁ、あっ……んぐっ……おち○ちん、\n　すごく、おっきっ……あふっ、んぐ、んんっ」%K%P
「はぁ、あっ……んぐっ……おち○ちん、\n　すごく、おっきっ……あふっ、んぐ、んんっ」%K%P
%LC陽菜
%LC陽菜
「苦しいなら、無理には――」%K%P
「苦しいなら、無理には――」%K%P
%LC依夜
%LC依夜
「んむっ……だいじょうぶよ、このぐらい」%K%P
「んむっ……だいじょうぶよ、このぐらい」%K%P
%LC依夜
%LC依夜
「むしろ、私の口の中を、もっともっと、\n　陽菜でいっぱいにしてほしいぐらいっ……」%K%P
「むしろ、私の口の中を、もっともっと、\n　陽菜でいっぱいにしてほしいぐらいっ……」%K%P
%LC依夜
%LC依夜
「だから、おち○ちん、もっと気持ちよぉく……、\n　あむあむ、じゅぷ、じゅぷぷぷぅ……っ」%K%P
「だから、おち○ちん、もっと気持ちよぉく……、\n　あむあむ、じゅぷ、じゅぷぷぷぅ……っ」%K%P
%LC陽菜
%LC陽菜
「ふあっ……ぐっ、はぁ、ああっ」%K%P
「ふあっ……ぐっ、はぁ、ああっ」%K%P
くわえ込んだ唇の隙間から唾液を垂らしつつ、\n依夜はさらに深く、根元までペニスを頬張っていく。%K%P
くわえ込んだ唇の隙間から唾液を垂らしつつ、\n依夜はさらに深く、根元までペニスを頬張っていく。%K%P
お腹を空かせた子犬が母犬の母乳を欲するように、\n一心不乱に、音を立ててオレに吸いついてきた。%K%P
お腹を空かせた子犬が母犬の母乳を欲するように、\n一心不乱に、音を立ててオレに吸いついてきた。%K%P
その光景が、ますます興奮を焚きつける。%K%P
その光景が、ますます興奮を焚きつける。%K%P
あの依夜が、みんなの憧れの{最優秀騎士:ブリランテ}が、\nこんな所でオレのち○ぽをしゃぶってるなんて――、%K%P
あの依夜が、みんなの憧れの{最優秀騎士:ブリランテ}が、\nこんな所でオレのち○ぽをしゃぶってるなんて――、%K%P
%LC依夜
%LC依夜
「ひぐっ、あふうっ　あふっ、ひゅごひっ……、\n　おち○ちん、びぐびぐぅって……んむ、ふはァ」%K%P
「ひぐっ、あふうっ　あふっ、ひゅごひっ……、\n　おち○ちん、びぐびぐぅって……んむ、ふはァ」%K%P
%LC依夜
%LC依夜
「んっ……もう、陽菜？\n　いま、いやらしいこと考えたでしょう？」%K%P
「んっ……もう、陽菜？\n　いま、いやらしいこと考えたでしょう？」%K%P
%LC陽菜
%LC陽菜
「べっ、べつに、なんにもっ……」%K%P
「べっ、べつに、なんにもっ……」%K%P
上目使いで質問されて、咄嗟に目を逸らす。%K%P
上目使いで質問されて、咄嗟に目を逸らす。%K%P
まるで母親に悪戯を咎められた子供の気分だ。%K%P
まるで母親に悪戯を咎められた子供の気分だ。%K%P
そして、そんな子供を依夜が許すはずもなく。%K%P
そして、そんな子供を依夜が許すはずもなく。%K%P
%LC依夜
%LC依夜
「なら、こっちを見て。\n　おち○ちんを頬張っている、私を見て」%K%P
「なら、こっちを見て。\n　おち○ちんを頬張っている、私を見て」%K%P
%LC依夜
%LC依夜
「あなたの勃起したおち○ちんを頬張る、\n　えっちなえっちな私を、よーく見て」%K%P
「あなたの勃起したおち○ちんを頬張る、\n　えっちなえっちな私を、よーく見て」%K%P
%LC陽菜
%LC陽菜
「ぐっ、んんっ……」%K%P
「ぐっ、んんっ……」%K%P
抗えず見下ろせば、ペニスが跳ねて。%K%P
抗えず見下ろせば、ペニスが跳ねて。%K%P
その瞬間、依夜は嬉しそうに目を細めた。%K%P
その瞬間、依夜は嬉しそうに目を細めた。%K%P
%LC依夜
%LC依夜
「んふっ、ほら、やっぱり……歃n　おち○ちん、素直で可愛いっ……」%K%P
「んふっ、ほら、やっぱり……歃n　おち○ちん、素直で可愛いっ……」%K%P
%LC依夜
%LC依夜
「もっと……れろ、ちゅっ……もっと、見て？\n　あなたのおち○ちんをしゃぶる、私を見ていて」%K%P
「もっと……れろ、ちゅっ……もっと、見て？\n　あなたのおち○ちんをしゃぶる、私を見ていて」%K%P
%LC依夜
%LC依夜
「それで、興奮するのなら……れるるっ、\n　もっといっぱい、私を見ていてっ……？」%K%P
「それで、興奮するのなら……れるるっ、\n　もっといっぱい、私を見ていてっ……？」%K%P
%LC依夜
%LC依夜
「陽菜に見つめられると、私も……はぁはぁ、\n　私もっ……んふぅ、ふぅ……あむ、れるるっ」%K%P
「陽菜に見つめられると、私も……はぁはぁ、\n　私もっ……んふぅ、ふぅ……あむ、れるるっ」%K%P
%LC陽菜
%LC陽菜
「ひぐっ……くっ、んんっ……」%K%P
「ひぐっ……くっ、んんっ……」%K%P
頬を上気させた依夜が、\n頭を前後にスライドさせる。%K%P
頬を上気させた依夜が、\n頭を前後にスライドさせる。%K%P
これまでは舌がメインだったけど、\nこうなると唇もあなどれない。%K%P
これまでは舌がメインだったけど、\nこうなると唇もあなどれない。%K%P
カリ首の段差に唇が引っかかって、\n依夜の口内で、ペニスが何度も跳ねてしまう。%K%P
カリ首の段差に唇が引っかかって、\n依夜の口内で、ペニスが何度も跳ねてしまう。%K%P
%LC依夜
%LC依夜
「ちゅぱぱっ　ふはっ、はあっ、ああっ、\n　んむむっ……れろれろ、ぢゅるる、んむうっ」%K%P
「ちゅぱぱっ　ふはっ、はあっ、ああっ、\n　んむむっ……れろれろ、ぢゅるる、んむうっ」%K%P
%LC依夜
%LC依夜
「おち○ちん、びくびく、しゅごひ……歃n　はぁ、あぁ……おつゆも、おいひぃっ……」%K%P
「おち○ちん、びくびく、しゅごひ……歃n　はぁ、あぁ……おつゆも、おいひぃっ……」%K%P
%LC陽菜
%LC陽菜
「あっ、だめ……れろれろ、しちゃっ……」%K%P
「あっ、だめ……れろれろ、しちゃっ……」%K%P
%LC依夜
%LC依夜
「んぅ、ちゅっ……だって、ここから、\n　陽菜のえっちなおつゆが……ちゅっ、ちゅむっ」%K%P
「んぅ、ちゅっ……だって、ここから、\n　陽菜のえっちなおつゆが……ちゅっ、ちゅむっ」%K%P
%LC陽菜
%LC陽菜
「ふあッ、はっ、あ、あああっ……」%K%P
「ふあッ、はっ、あ、あああっ……」%K%P
声を我慢しようと思えば思うほど、\n全身が強張って、ペニスが反り返って。%K%P
声を我慢しようと思えば思うほど、\n全身が強張って、ペニスが反り返って。%K%P
そんな息子からとろとろ垂れるカウパーを、\n依夜は美味しそうに、ちゅーちゅー吸い上げる。%K%P
そんな息子からとろとろ垂れるカウパーを、\n依夜は美味しそうに、ちゅーちゅー吸い上げる。%K%P
%LC陽菜
%LC陽菜
「ぐっ……どうしよ、このままじゃ、声がっ……」%K%P
「ぐっ……どうしよ、このままじゃ、声がっ……」%K%P
%LC美実
%LC美実
「依夜ー、陽菜ちゃーん」%K%P
「依夜ー、陽菜ちゃーん」%K%P
%LC陽菜
%LC陽菜
「ひいっ……？！」%K%P
「ひいっ……？！」%K%P
カーテン越しに聞こえた声に、思わず固まる。%K%P
カーテン越しに聞こえた声に、思わず固まる。%K%P
これには、さすがの依夜も、\n動きがとま――ら、ないっ……？！%K%P
これには、さすがの依夜も、\n動きがとま――ら、ないっ……？！%K%P
%LC陽菜
%LC陽菜
「ちょっ、依夜、だめ、だめだってば……っ」%K%P
「ちょっ、依夜、だめ、だめだってば……っ」%K%P
%LC依夜
%LC依夜
「れーる、れろるるるるるっ歃n　じゅっぽ……んぐっ、あむ、じゅぷぷっ」%K%P
「れーる、れろるるるるるっ歃n　じゅっぽ……んぐっ、あむ、じゅぷぷっ」%K%P
%LC陽菜
%LC陽菜
「いっ……い、依夜っ、ダメだって――」%K%P
「いっ……い、依夜っ、ダメだって――」%K%P
%LC美実
%LC美実
「あれ……？　依夜？　陽菜ちゃん？\n　なんかトラブってる？　覗いちゃって平気？」%K%P
「あれ……？　依夜？　陽菜ちゃん？\n　なんかトラブってる？　覗いちゃって平気？」%K%P
%LC陽菜
%LC陽菜
「いっ……？！　い、いえ、大丈夫、ですっ」%K%P
「いっ……？！　い、いえ、大丈夫、ですっ」%K%P
カーテンを開けられそうな気配を察知し、\n咄嗟に顔だけ出して機先を制する。%K%P
カーテンを開けられそうな気配を察知し、\n咄嗟に顔だけ出して機先を制する。%K%P
美実様の先手はとれた――けど、\n依夜のほうは完全にフリーにしてしまった。%K%P
美実様の先手はとれた――けど、\n依夜のほうは完全にフリーにしてしまった。%K%P
とはいえ、いくら依夜だって、\nこの状況なら大人しくしてくれるはず。%K%P
とはいえ、いくら依夜だって、\nこの状況なら大人しくしてくれるはず。%K%P
%LC美実
%LC美実
「おっ、よかった、返事してくれて。\n　あやうく独りで話す変な人になるとこだったし」%K%P
「おっ、よかった、返事してくれて。\n　あやうく独りで話す変な人になるとこだったし」%K%P
%LC陽菜
%LC陽菜
「すみません、いままさに脱いじゃったところで」%K%P
「すみません、いままさに脱いじゃったところで」%K%P
%LC美実
%LC美実
「ってことはいま、カーテンの向こうに\n　全裸の陽菜ちゃんが――」%K%P
「ってことはいま、カーテンの向こうに\n　全裸の陽菜ちゃんが――」%K%P
%LC陽菜
%LC陽菜
「なにニヤニヤしてるんですかっ。\n　開けようとしちゃダメですよっ？」%K%P
「なにニヤニヤしてるんですかっ。\n　開けようとしちゃダメですよっ？」%K%P
%LC美実
%LC美実
「そうは言っても、ねぇ？　前は見れなかったし、\n　私だけ見られたままはズルいかなーって」%K%P
「そうは言っても、ねぇ？　前は見れなかったし、\n　私だけ見られたままはズルいかなーって」%K%P
%LC美実
%LC美実
「あっ、なんなら私も一緒に入って脱ごっか？\n　今日けっこう可愛いヤツつけてるんだよ？」%K%P
「あっ、なんなら私も一緒に入って脱ごっか？\n　今日けっこう可愛いヤツつけてるんだよ？」%K%P
%LC陽菜
%LC陽菜
「えっ……か、可愛い、やつ？」%K%P
「えっ……か、可愛い、やつ？」%K%P
%LC美実
%LC美実
「そっ。チェリーポールのなんだけど、\n　これがまた可愛いの。ほらっ」%K%P
「そっ。チェリーポールのなんだけど、\n　これがまた可愛いの。ほらっ」%K%P
%LC陽菜
%LC陽菜
「わわっ、ここでチラ見せしないでも――」%K%P
「わわっ、ここでチラ見せしないでも――」%K%P
%LC依夜
%LC依夜
「むぅぅっ……ぢゅぷぷっ」%K%P
「むぅぅっ……ぢゅぷぷっ」%K%P
%LC陽菜
%LC陽菜
「ッッ……？！」%K%P
「ッッ……？！」%K%P
美実様のチラ見せにドキッとした直後、\nいきなり強烈な一撃がっ……！？%K%P
美実様のチラ見せにドキッとした直後、\nいきなり強烈な一撃がっ……！？%K%P
%LC美実
%LC美実
「陽菜ちゃん、どしたの？　大丈夫？」%K%P
「陽菜ちゃん、どしたの？　大丈夫？」%K%P
%LC陽菜
%LC陽菜
「はっ、はい。ぜんぜん大丈夫です。\n　それはもうぜんぜん、ちっとも平気で――」%K%P
「はっ、はい。ぜんぜん大丈夫です。\n　それはもうぜんぜん、ちっとも平気で――」%K%P
%LC依夜
%LC依夜
「ちゅぷっ　ちゅっ、ちゅむちゅむっ」%K%P
「ちゅぷっ　ちゅっ、ちゅむちゅむっ」%K%P
%LC陽菜
%LC陽菜
「ひぐっ……はっ、はぁっ」%K%P
「ひぐっ……はっ、はぁっ」%K%P
立て続けに亀頭を吸い上げられて、\n思わずカーテンにしがみついてしまう。%K%P
立て続けに亀頭を吸い上げられて、\n思わずカーテンにしがみついてしまう。%K%P
美実様の侵入を防ぐって意味も含めて、\nこのカーテンを手放したら、色々と終わる。%K%P
美実様の侵入を防ぐって意味も含めて、\nこのカーテンを手放したら、色々と終わる。%K%P
死守……！　両手は死守、絶対……！！%K%P
死守……！　両手は死守、絶対……！！%K%P
%LC美実
%LC美実
「そういや依夜は？　一緒に入ったよね？」%K%P
「そういや依夜は？　一緒に入ったよね？」%K%P
%LC陽菜
%LC陽菜
「あっ、えと、依夜は取り込み中というか」%K%P
「あっ、えと、依夜は取り込み中というか」%K%P
%LC美実
%LC美実
「取り込み中？」%K%P
「取り込み中？」%K%P
%LC依夜
%LC依夜
「ちゅーうっ　ちゅっ、ちゅぷぷっ」%K%P
「ちゅーうっ　ちゅっ、ちゅぷぷっ」%K%P
%LC陽菜
%LC陽菜
%XS21「ひぁんっ氈v%XE%K%P
%XS21「ひぁんっ氈v%XE%K%P
%LC美実
%LC美実
「ひぁん？」%K%P
「ひぁん？」%K%P
%LC陽菜
%LC陽菜
「なっ、なんでもないです、なんでもっ。\n　それより、なにか用ですか？」%K%P
「なっ、なんでもないです、なんでもっ。\n　それより、なにか用ですか？」%K%P
%LC美実
%LC美実
「あっ、うん。試着、まだ時間かかりそう？」%K%P
「あっ、うん。試着、まだ時間かかりそう？」%K%P
%LC陽菜
%LC陽菜
「え、えっと……たぶん、それなりに」%K%P
「え、えっと……たぶん、それなりに」%K%P
%LC美実
%LC美実
「なら、私と梨理、外で待っててもいい？」%K%P
「なら、私と梨理、外で待っててもいい？」%K%P
%LC美実
%LC美実
「いまそこで、昔の友達に偶然会って。\n　懐かしいねって話が弾んじゃって」%K%P
「いまそこで、昔の友達に偶然会って。\n　懐かしいねって話が弾んじゃって」%K%P
%LC美実
%LC美実
「それで、ちょっと時間もらえたらなって」%K%P
「それで、ちょっと時間もらえたらなって」%K%P
%LC陽菜
%LC陽菜
「そういうことなら、どうぞ遠慮――」%K%P
「そういうことなら、どうぞ遠慮――」%K%P
%LC依夜
%LC依夜
%XS21「じゅぷるるるっっ氈v%XE%K%P
%XS21「じゅぷるるるっっ氈v%XE%K%P
%LC陽菜
%LC陽菜
「にゃくぅぅううぅ」%K%P
「にゃくぅぅううぅ」%K%P
%LC美実
%LC美実
「遠慮、にゃく？」%K%P
「遠慮、にゃく？」%K%P
%LC陽菜
%LC陽菜
「にゃ、にゃんでもにゃいっ……や、\n　なんでもない、ですっ……あは、あはは」%K%P
「にゃ、にゃんでもにゃいっ……や、\n　なんでもない、ですっ……あは、あはは」%K%P
狙ったとしか思えないタイミングで吸い上げられ、\n猫みたいな声が出て、頬が一気に熱くなった。%K%P
狙ったとしか思えないタイミングで吸い上げられ、\n猫みたいな声が出て、頬が一気に熱くなった。%K%P
いますぐ顔を引っ込めて、依夜を諫めたい。%K%P
いますぐ顔を引っ込めて、依夜を諫めたい。%K%P
悪戯しちゃダメでしょって、メッてしたい。%K%P
悪戯しちゃダメでしょって、メッてしたい。%K%P
けど、この流れでそんなことしたら、\nいよいよ美実様に変だと思われてしまう。%K%P
けど、この流れでそんなことしたら、\nいよいよ美実様に変だと思われてしまう。%K%P
手が使えればどうにかなるかもだけど、\nいまカーテンを手放すわけにはいかないし――、%K%P
手が使えればどうにかなるかもだけど、\nいまカーテンを手放すわけにはいかないし――、%K%P
%LC陽菜
%LC陽菜
「私たち、もう少し、掛かるので。\n　気にせず、お話してきてください」%K%P
「私たち、もう少し、掛かるので。\n　気にせず、お話してきてください」%K%P
%LC美実
%LC美実
「ありがと。っていうか、ごめんね？\n　お取り込み中のとこ邪魔しちゃったみたいで」%K%P
「ありがと。っていうか、ごめんね？\n　お取り込み中のとこ邪魔しちゃったみたいで」%K%P
%LC陽菜
%LC陽菜
「もう、なに言ってるんですか――」%K%P
「もう、なに言ってるんですか――」%K%P
%LC依夜
%LC依夜
「ぢゅっぷ、ぢゅぷぷぷるるるるぅっ」%K%P
「ぢゅっぷ、ぢゅぷぷぷるるるるぅっ」%K%P
%LC陽菜
%LC陽菜
「んみぃっ……！？」%K%P
「んみぃっ……！？」%K%P
もうちょっとで乗り切れると思ったのも束の間、\nこれまでで一番の吸引に、膝が崩れる。%K%P
もうちょっとで乗り切れると思ったのも束の間、\nこれまでで一番の吸引に、膝が崩れる。%K%P
咄嗟にカーテンを掴んで持ちこたえたけど、\nいまの、ヤバいっ……！　これ、出ちゃうっ……！%K%P
咄嗟にカーテンを掴んで持ちこたえたけど、\nいまの、ヤバいっ……！　これ、出ちゃうっ……！%K%P
%LC陽菜
%LC陽菜
「あっ、ぐっ……はぁ、ああっ……」%K%P
「あっ、ぐっ……はぁ、ああっ……」%K%P
%LC美実
%LC美実
「陽菜ちゃん、ホント大丈夫？\n　店員さん呼んでこようか？」%K%P
「陽菜ちゃん、ホント大丈夫？\n　店員さん呼んでこようか？」%K%P
%LC陽菜
%LC陽菜
「いっ、いえ。依夜が、ちょっと、いま、\n　くすぐって、きてっ……んっ、はふっ」%K%P
「いっ、いえ。依夜が、ちょっと、いま、\n　くすぐって、きてっ……んっ、はふっ」%K%P
%LC美実
%LC美実
「なんだ。ってか依夜がそんなことするとか、\n　すっかりラブラブだねぇ」%K%P
「なんだ。ってか依夜がそんなことするとか、\n　すっかりラブラブだねぇ」%K%P
%LC陽菜
%LC陽菜
「あはっ、あははっ……あっ、はァあっ」%K%P
「あはっ、あははっ……あっ、はァあっ」%K%P
漏れ出そうになる喘ぎ声を、\n笑い声に混ぜて必死にカモフラージュ。%K%P
漏れ出そうになる喘ぎ声を、\n笑い声に混ぜて必死にカモフラージュ。%K%P
けど、ペニスはとっくに限界で、\nいつ発射しても、おかしくなくて。%K%P
けど、ペニスはとっくに限界で、\nいつ発射しても、おかしくなくて。%K%P
でも、いま射精なんてことになったら、\n美実様にイキ顔を晒しちゃうことに――、%K%P
でも、いま射精なんてことになったら、\n美実様にイキ顔を晒しちゃうことに――、%K%P
%LC依夜
%LC依夜
「あむっ、れろろっ……あむっ、ちゅっ、\n　れるれる、ちぷちぷ、ちゅくちゅくちゅぅ」%K%P
「あむっ、れろろっ……あむっ、ちゅっ、\n　れるれる、ちぷちぷ、ちゅくちゅくちゅぅ」%K%P
%LC陽菜
%LC陽菜
「ひうっ……はふっ、あ、ああっ」%K%P
「ひうっ……はふっ、あ、ああっ」%K%P
オレが限界だって気付いたんだろう、\n依夜の舌が、執拗に尿道口をタップする。%K%P
オレが限界だって気付いたんだろう、\n依夜の舌が、執拗に尿道口をタップする。%K%P
ついばむキスと舌技の巧みなコンボの前に、\n堪えている精子が……あ、出る、でるぅっ……！%K%P
ついばむキスと舌技の巧みなコンボの前に、\n堪えている精子が……あ、出る、でるぅっ……！%K%P
%LC美実
%LC美実
「じゃ、私たち、お店の外で待ってるから」%K%P
「じゃ、私たち、お店の外で待ってるから」%K%P
%LC陽菜
%LC陽菜
「はっ、はい。すぐ、イクので、\n　待ってて、くださいっ……」%K%P
「はっ、はい。すぐ、イクので、\n　待ってて、くださいっ……」%K%P
%LC美実
%LC美実
「焦らなくていいよ、ベンチもあるし。\n　じゃ、ふたりともごゆっくりぃー」%K%P
「焦らなくていいよ、ベンチもあるし。\n　じゃ、ふたりともごゆっくりぃー」%K%P
そうして手を振った美実様が、\nこちらに背を向けた、その刹那――、%K%P
そうして手を振った美実様が、\nこちらに背を向けた、その刹那――、%K%P
%LC陽菜
%LC陽菜
「ああっ、イクっ……ぐっ、んんんぅっ……！」%K%P
「ああっ、イクっ……ぐっ、んんんぅっ……！」%K%P
%LC依夜
%LC依夜
「んんんんぅ……　んむっ、んむっ……んぐっ、\n　ぢゅぷ……んぐ、んっ、んんっ……」%K%P
「んんんんぅ……　んむっ、んむっ……んぐっ、\n　ぢゅぷ……んぐ、んっ、んんっ……」%K%P
%LC陽菜
%LC陽菜
「はぁあ……　ああっ、あっ……はぁ……」%K%P
「はぁあ……　ああっ、あっ……はぁ……」%K%P
カーテンを握りしめたまま漏らした声は、\n自分でもヤバいと思えるぐらい恍惚としていて。%K%P
カーテンを握りしめたまま漏らした声は、\n自分でもヤバいと思えるぐらい恍惚としていて。%K%P
失禁したんじゃないかってほどの背徳感が、\nたっぷりの精子とともに、じわっと溢れ出た。%K%P
失禁したんじゃないかってほどの背徳感が、\nたっぷりの精子とともに、じわっと溢れ出た。%K%P
%LC陽菜
%LC陽菜
「ちょっ……もおっ、依夜っ……！」%K%P
「ちょっ……もおっ、依夜っ……！」%K%P
外に顔を出しっぱなしだったことに気付いて、\n慌てて引っ込め、股間を見下ろせば。%K%P
外に顔を出しっぱなしだったことに気付いて、\n慌てて引っ込め、股間を見下ろせば。%K%P
とろけた顔の依夜が、\n射精を終えたペニスを頬張り続けていた。%K%P
とろけた顔の依夜が、\n射精を終えたペニスを頬張り続けていた。%K%P
%LC依夜
%LC依夜
「んーむっ、ぢゅる……ちゅぷぷぷ、んぐっ、\n　はぁ、はぁ……んむっ、ンむむぐぅっん」%K%P
「んーむっ、ぢゅる……ちゅぷぷぷ、んぐっ、\n　はぁ、はぁ……んむっ、ンむむぐぅっん」%K%P
%LC陽菜
%LC陽菜
「いッ……は、あ、ああっ……」%K%P
「いッ……は、あ、ああっ……」%K%P
イッたばかりの油断していたペニスを、\n依夜の舌と喉が、ねっとり吸い上げる。%K%P
イッたばかりの油断していたペニスを、\n依夜の舌と喉が、ねっとり吸い上げる。%K%P
それこそ、亀頭が咽の奥にあたるぐらいに\n深く頬張って、オレの精子を回収していく。%K%P
それこそ、亀頭が咽の奥にあたるぐらいに\n深く頬張って、オレの精子を回収していく。%K%P
%LC依夜
%LC依夜
「ぐっ、んぐ、んぐぅっ……ふはっ、んむっ、\n　んぐぐっ……んっぐ…………ふッはぁ……」%K%P
「ぐっ、んぐ、んぐぅっ……ふはっ、んむっ、\n　んぐぐっ……んっぐ…………ふッはぁ……」%K%P
%LC依夜
%LC依夜
「ンふぅー……ふぅー……んふぅっ、\n　陽菜の精子、濃くて、おいしい……」%K%P
「ンふぅー……ふぅー……んふぅっ、\n　陽菜の精子、濃くて、おいしい……」%K%P
%LC陽菜
%LC陽菜
「くうっ……もうっ、ほんとにもうっ……」%K%P
「くうっ……もうっ、ほんとにもうっ……」%K%P
いろいろ言いたいことがあったはずなのに、\n頭が真っ白すぎて言葉が出てこない。%K%P
いろいろ言いたいことがあったはずなのに、\n頭が真っ白すぎて言葉が出てこない。%K%P
それぐらい、精子を飲み干した依夜はやらしくて。%K%P
それぐらい、精子を飲み干した依夜はやらしくて。%K%P
やられっぱなしすぎる状況に、\nペニスもリビドーも、ちっとも鎮まらない。%K%P
やられっぱなしすぎる状況に、\nペニスもリビドーも、ちっとも鎮まらない。%K%P
こうなったら、今度はこっちからっ……！%K%P
こうなったら、今度はこっちからっ……！%K%P
%LC陽菜
%LC陽菜
「……依夜、立って」%K%P
「……依夜、立って」%K%P
%LC依夜
%LC依夜
「だけど、まだ」%K%P
「だけど、まだ」%K%P
%LC陽菜
%LC陽菜
「いいから。立って、こっちにお尻を向けて」%K%P
「いいから。立って、こっちにお尻を向けて」%K%P
%LC依夜
%LC依夜
「あ……うんっ……」%K%P
「あ……うんっ……」%K%P
試着室には全身を映せる姿見があって、\n依夜はそれに手をつき、こちらにお尻を向けた。%K%P
試着室には全身を映せる姿見があって、\n依夜はそれに手をつき、こちらにお尻を向けた。%K%P
%LC依夜
%LC依夜
「この格好、なんだかあの時みたい」%K%P
「この格好、なんだかあの時みたい」%K%P
%LC陽菜
%LC陽菜
「あのとき？」%K%P
「あのとき？」%K%P
%LC依夜
%LC依夜
「ペンを落として困っていた私を、\n　助けてくれたことがあったでしょう？」%K%P
「ペンを落として困っていた私を、\n　助けてくれたことがあったでしょう？」%K%P
%LC陽菜
%LC陽菜
「ああ……。たしか、放課後の教室で――」%K%P
「ああ……。たしか、放課後の教室で――」%K%P
%LC依夜
%LC依夜
「思えば、陽菜はあの頃からえっちだった。\n　私のお尻を、こっそり揉んだりして」%K%P
「思えば、陽菜はあの頃からえっちだった。\n　私のお尻を、こっそり揉んだりして」%K%P
%LC陽菜
%LC陽菜
「あれはやらしい気持ちじゃなくて、\n　鍛えられててすごいなって感心してたの」%K%P
「あれはやらしい気持ちじゃなくて、\n　鍛えられててすごいなって感心してたの」%K%P
%LC依夜
%LC依夜
「なら、いまは？　どう？」%K%P
「なら、いまは？　どう？」%K%P
%LC陽菜
%LC陽菜
「いまは…………すごく、興奮するけど」%K%P
「いまは…………すごく、興奮するけど」%K%P
%LC依夜
%LC依夜
「んっ……ふふっ」%K%P
「んっ……ふふっ」%K%P
素直に白状すると、依夜の吐息が熱を帯びる。%K%P
素直に白状すると、依夜の吐息が熱を帯びる。%K%P
私服でもストッキングに包まれているお尻は、\n縮小色の黒によって、とても引き締まって見えて。%K%P
私服でもストッキングに包まれているお尻は、\n縮小色の黒によって、とても引き締まって見えて。%K%P
でも、触るとおっぱい同様に柔らかいし、\nしっかり弾力もあって、すごく蠱惑的だった。%K%P
でも、触るとおっぱい同様に柔らかいし、\nしっかり弾力もあって、すごく蠱惑的だった。%K%P
%LC依夜
%LC依夜
「あんっ……陽菜の手、やらしい……」%K%P
「あんっ……陽菜の手、やらしい……」%K%P
%LC陽菜
%LC陽菜
「依夜のお尻のほうが、よっぽどえっちだから」%K%P
「依夜のお尻のほうが、よっぽどえっちだから」%K%P
%LC依夜
%LC依夜
「んぅ……　ね、早くっ……」%K%P
「んぅ……　ね、早くっ……」%K%P
依夜がお尻を振って急かしてきたのは、\n時間的な猶予も気にしてのことだろう。%K%P
依夜がお尻を振って急かしてきたのは、\n時間的な猶予も気にしてのことだろう。%K%P
試着室は複数あって、他が空いてはいたけど、\nのんびりしているわけにもいかない。%K%P
試着室は複数あって、他が空いてはいたけど、\nのんびりしているわけにもいかない。%K%P
なにより、長居しすぎたら、\n美実様がまた様子を見に来るかもしれない。%K%P
なにより、長居しすぎたら、\n美実様がまた様子を見に来るかもしれない。%K%P
%LC陽菜
%LC陽菜
「下着ごと脱がしたほうがいい？」%K%P
「下着ごと脱がしたほうがいい？」%K%P
%LC依夜
%LC依夜
「いいけど、膝あたりで止めておいて」%K%P
「いいけど、膝あたりで止めておいて」%K%P
%LC陽菜
%LC陽菜
「それだと邪魔になるんじゃ」%K%P
「それだと邪魔になるんじゃ」%K%P
%LC依夜
%LC依夜
「そうしておかないと、\n　後で大変なことになるはずだから」%K%P
「そうしておかないと、\n　後で大変なことになるはずだから」%K%P
%LC陽菜
%LC陽菜
「大変なこと……？」%K%P
「大変なこと……？」%K%P
%LC依夜
%LC依夜
「あとでわかるわ。それより――」%K%P
「あとでわかるわ。それより――」%K%P
%LC陽菜
%LC陽菜
「あっ、うん。待ってて、すぐに――」%K%P
「あっ、うん。待ってて、すぐに――」%K%P
さっきとは逆に、今度はオレが依夜を脱がす。%K%P
さっきとは逆に、今度はオレが依夜を脱がす。%K%P
ストッキングごと脱がせた下着には、\nくっきりと、かなり濃い染みがあった。%K%P
ストッキングごと脱がせた下着には、\nくっきりと、かなり濃い染みがあった。%K%P
%LC陽菜
%LC陽菜
「こんなに濡れて……」%K%P
「こんなに濡れて……」%K%P
%LC依夜
%LC依夜
「あなたのおち○ちんを舐めていたんだもの。\n　おま○こだって、とろとろになるわ」%K%P
「あなたのおち○ちんを舐めていたんだもの。\n　おま○こだって、とろとろになるわ」%K%P
%LC陽菜
%LC陽菜
「んぅッ……。今日の依夜、\n　本当にえっちなんだから……」%K%P
「んぅッ……。今日の依夜、\n　本当にえっちなんだから……」%K%P
%LC依夜
%LC依夜
「私自身も、そう思うけれど……でも、\n　身体が疼いて、とめられないの」%K%P
「私自身も、そう思うけれど……でも、\n　身体が疼いて、とめられないの」%K%P
%LC依夜
%LC依夜
「いまだって、おち○ちんが早く欲しくて、\n　あそこがひくひくして……はぁ、ああぁ」%K%P
「いまだって、おち○ちんが早く欲しくて、\n　あそこがひくひくして……はぁ、ああぁ」%K%P
ただでさえ火照った声を震わせながら、\n依夜はお尻をこちらにすり寄せてくる。%K%P
ただでさえ火照った声を震わせながら、\n依夜はお尻をこちらにすり寄せてくる。%K%P
マーキングする猫のような動きで、\nペニスと膣口の高さを、ばっちり合わせてきた。%K%P
マーキングする猫のような動きで、\nペニスと膣口の高さを、ばっちり合わせてきた。%K%P
%LC依夜
%LC依夜
「お願い、陽菜。私のおま○こに、\n　おち○ちん、ちょうだい？」%K%P
「お願い、陽菜。私のおま○こに、\n　おち○ちん、ちょうだい？」%K%P
%LC依夜
%LC依夜
「おっきなおっきなおち○ちんで、\n　おま○こ、じゅぷっ　ってして？」%K%P
「おっきなおっきなおち○ちんで、\n　おま○こ、じゅぷっ　ってして？」%K%P
%LC陽菜
%LC陽菜
「うんっ……。声、我慢してねっ……！？」%K%P
「うんっ……。声、我慢してねっ……！？」%K%P
ずぶっ、ずぶっ、ずぶぶぶぅッ――、%K%P
ずぶっ、ずぶっ、ずぶぶぶぅッ――、%K%P
%LC依夜
%LC依夜
「くああッ　ふッ、くぅっ、んんんぅッ……！」%K%P
「くああッ　ふッ、くぅっ、んんんぅッ……！」%K%P
狙いを定めて腰を押しつけると、\n亀頭が割れ目を割り開き、飲み込まれていく。%K%P
狙いを定めて腰を押しつけると、\n亀頭が割れ目を割り開き、飲み込まれていく。%K%P
初めて経験する後ろからの挿入は、\n想像以上にスムーズで、一気に根元まで――、%K%P
初めて経験する後ろからの挿入は、\n想像以上にスムーズで、一気に根元まで――、%K%P
%LC依夜
%LC依夜
「んッくぅっ……はあっ、あっ、あぁあ……っ歃n　おち○ちん、いきなり、奥ぅっ……んうっ」%K%P
「んッくぅっ……はあっ、あっ、あぁあ……っ歃n　おち○ちん、いきなり、奥ぅっ……んうっ」%K%P
%LC依夜
%LC依夜
「だめッ……こんなの、声、でちゃうっ、\n　くあっ、あ、ああっ、ああああっ……！」%K%P
「だめッ……こんなの、声、でちゃうっ、\n　くあっ、あ、ああっ、ああああっ……！」%K%P
%LC陽菜
%LC陽菜
「依夜っ……んっ、ちゅっ」%K%P
「依夜っ……んっ、ちゅっ」%K%P
%LC依夜
%LC依夜
「んうッ……？！　あっ……ん、ちゅむっ歃n　んんぅ、ンふぅッ……んくぅんんッ……」%K%P
「んうッ……？！　あっ……ん、ちゅむっ歃n　んんぅ、ンふぅッ……んくぅんんッ……」%K%P
初手から押し寄せてきた強い快感に、\n依夜の全身が大きくのけぞる。%K%P
初手から押し寄せてきた強い快感に、\n依夜の全身が大きくのけぞる。%K%P
今にも声をあげそうな半開きの唇が見えた刹那、\nオレは咄嗟に、それをキスで塞ぎにいった。%K%P
今にも声をあげそうな半開きの唇が見えた刹那、\nオレは咄嗟に、それをキスで塞ぎにいった。%K%P
%LC陽菜
%LC陽菜
「んむっ……んぅ、ちゅむっ、んむうっ」%K%P
「んむっ……んぅ、ちゅむっ、んむうっ」%K%P
%LC依夜
%LC依夜
「ふぁうッ……れろ、ちゅっ、ちゅむむっ、\n　ふはぁ……あぁ、陽菜、陽菜ぁ……」%K%P
「ふぁうッ……れろ、ちゅっ、ちゅむむっ、\n　ふはぁ……あぁ、陽菜、陽菜ぁ……」%K%P
%LC陽菜
%LC陽菜
「んぐっ……？！　ちょっ、あ、んむっ、\n　依夜、やっ、あっ、はげしっ……んんぅっ」%K%P
「んぐっ……？！　ちょっ、あ、んむっ、\n　依夜、やっ、あっ、はげしっ……んんぅっ」%K%P
唇を塞いで安堵したのも束の間、\n依夜が嬉しそうに舌を絡めてくる。%K%P
唇を塞いで安堵したのも束の間、\n依夜が嬉しそうに舌を絡めてくる。%K%P
ピンチを見事に凌いだと思いきや、\nかえって窮地に陥ってるっ……！？%K%P
ピンチを見事に凌いだと思いきや、\nかえって窮地に陥ってるっ……！？%K%P
%LC依夜
%LC依夜
「ちゅっ、ちゅむっ……れろろ、れーるっ、\n　んーむぅ……ぢゅぷ、れる、んぅううっ」%K%P
「ちゅっ、ちゅむっ……れろろ、れーるっ、\n　んーむぅ……ぢゅぷ、れる、んぅううっ」%K%P
%LC依夜
%LC依夜
「はむっ、ふはぁッ　れろれろ、ちゅぷるっ、\n　ふはッ……ふふっ、キス、おいひぃ……」%K%P
「はむっ、ふはぁッ　れろれろ、ちゅぷるっ、\n　ふはッ……ふふっ、キス、おいひぃ……」%K%P
%LC陽菜
%LC陽菜
「んむッ……やっ、んぐっ……んぅんっ」%K%P
「んむッ……やっ、んぐっ……んぅんっ」%K%P
%LC依夜
%LC依夜
「はぁ、はぁ……れろ、ちゅっ……んふぅ、\n　ひぃな、ひぃなぁ　んふ、れろれるるっ」%K%P
「はぁ、はぁ……れろ、ちゅっ……んふぅ、\n　ひぃな、ひぃなぁ　んふ、れろれるるっ」%K%P
情熱的なのはキスだけじゃなく、\n依夜はちゃっかりお尻まで揺すってきて。%K%P
情熱的なのはキスだけじゃなく、\n依夜はちゃっかりお尻まで揺すってきて。%K%P
見事な上下２点攻めに、\nペニスの耐久値がどんどん削られていく。%K%P
見事な上下２点攻めに、\nペニスの耐久値がどんどん削られていく。%K%P
%LC陽菜
%LC陽菜
「くっ……はあっ、だめだって、\n　そんなにされたら、すぐイッちゃうっ……」%K%P
「くっ……はあっ、だめだって、\n　そんなにされたら、すぐイッちゃうっ……」%K%P
%LC依夜
%LC依夜
「それでいいの。このエッチの目的は、\n　おち○ちんを鎮めることなんだものっ……」%K%P
「それでいいの。このエッチの目的は、\n　おち○ちんを鎮めることなんだものっ……」%K%P
%LC依夜
%LC依夜
「あなたが気持ち良くなってくれれば、\n　私はそれで、満足だからっ……」%K%P
「あなたが気持ち良くなってくれれば、\n　私はそれで、満足だからっ……」%K%P
%LC陽菜
%LC陽菜
「くっ……そんなのだめ。オレと依夜は、\n　一心同体のパートナーなんだよ？」%K%P
「くっ……そんなのだめ。オレと依夜は、\n　一心同体のパートナーなんだよ？」%K%P
%LC陽菜
%LC陽菜
「さっきは不意をつかれちゃったけど、\n　イクときは、一緒じゃないと……ね？」%K%P
「さっきは不意をつかれちゃったけど、\n　イクときは、一緒じゃないと……ね？」%K%P
%LC依夜
%LC依夜
「んきゅうぅっ　はうッ、んぁああッ滲」%K%P
「んきゅうぅっ　はうッ、んぁああッ滲」%K%P
囁いた直後、依夜がびくっと身悶える。%K%P
囁いた直後、依夜がびくっと身悶える。%K%P
キスをしながら続けていたピストンが\n止まってしまうぐらい、一気に膣圧が増して。%K%P
キスをしながら続けていたピストンが\n止まってしまうぐらい、一気に膣圧が増して。%K%P
愛液たっぷりのヒダに撫で回された亀頭が、\n最奥と密着する形で、がっちりロックされた。%K%P
愛液たっぷりのヒダに撫で回された亀頭が、\n最奥と密着する形で、がっちりロックされた。%K%P
%LC陽菜
%LC陽菜
「はあっ、はあっ……依夜、だめっ、\n　いまぎゅーってしたら、だめだってば……っ」%K%P
「はあっ、はあっ……依夜、だめっ、\n　いまぎゅーってしたら、だめだってば……っ」%K%P
%LC依夜
%LC依夜
「いまのは日向がいけないのっ。\n　いきなり格好よくなるんだものっ……」%K%P
「いまのは日向がいけないのっ。\n　いきなり格好よくなるんだものっ……」%K%P
%LC依夜
%LC依夜
「いま男の子になられたら……はぁはぁっ、\n　おま○こ、ぞくって……んあっ、ふああっ」%K%P
「いま男の子になられたら……はぁはぁっ、\n　おま○こ、ぞくって……んあっ、ふああっ」%K%P
%LC陽菜
%LC陽菜
「みぁうっ……？！　くあっ、あっ、ああっ」%K%P
「みぁうっ……？！　くあっ、あっ、ああっ」%K%P
ペニスを蹂躙してくる膣のトンネルは、\n彼女の吐息に合わせ、ぶるぶる律動する。%K%P
ペニスを蹂躙してくる膣のトンネルは、\n彼女の吐息に合わせ、ぶるぶる律動する。%K%P
マッサージ器のような細かな振動が、\nペニスの全方位から、絶え間なく流し込まれる。%K%P
マッサージ器のような細かな振動が、\nペニスの全方位から、絶え間なく流し込まれる。%K%P
%LC陽菜
%LC陽菜
「ぐっ……でも、このぐらいでっ……」%K%P
「ぐっ……でも、このぐらいでっ……」%K%P
依夜と何度もエッチをしてきたからこそ、\n彼女の身体がいかに官能的かは、よく知ってる。%K%P
依夜と何度もエッチをしてきたからこそ、\n彼女の身体がいかに官能的かは、よく知ってる。%K%P
おっぱいはむにむにだし、お尻はもちもちだし、\nおま○こなんて、ぬるぬるのトロットロで。%K%P
おっぱいはむにむにだし、お尻はもちもちだし、\nおま○こなんて、ぬるぬるのトロットロで。%K%P
けど、ここで負けるわけにはっ……！%K%P
けど、ここで負けるわけにはっ……！%K%P
%LC陽菜
%LC陽菜
「ぐッ……んっ、くぅうッ……！！」%K%P
「ぐッ……んっ、くぅうッ……！！」%K%P
%LC依夜
%LC依夜
「うにゃあっ　やあっ、おく、奥にっ……、\n　だめっ、だめぇ、それ、ずりゅひぃっ……」%K%P
「うにゃあっ　やあっ、おく、奥にっ……、\n　だめっ、だめぇ、それ、ずりゅひぃっ……」%K%P
%LC依夜
%LC依夜
「おち○ちん、じゅぽじゅぽ……んああっ、\n　あ、あ、ああっ、あっ、あっ、あぁあああっ」%K%P
「おち○ちん、じゅぽじゅぽ……んああっ、\n　あ、あ、ああっ、あっ、あっ、あぁあああっ」%K%P
%LC陽菜
%LC陽菜
「依夜、ここが弱いもんね？\n　おま○この奥、弱いんだもんねっ？」%K%P
「依夜、ここが弱いもんね？\n　おま○この奥、弱いんだもんねっ？」%K%P
%LC依夜
%LC依夜
「うんっ　弱い、そこ弱いのっ……歃n　ああっ、それ好き、ぐりぐり、しゅきぃっ」%K%P
「うんっ　弱い、そこ弱いのっ……歃n　ああっ、それ好き、ぐりぐり、しゅきぃっ」%K%P
%LC依夜
%LC依夜
「やふっ……はぁ、あっ、やっ、だめぇ、\n　これ以上は、声が……ぐっ、ふぅ、んぐっ」%K%P
「やふっ……はぁ、あっ、やっ、だめぇ、\n　これ以上は、声が……ぐっ、ふぅ、んぐっ」%K%P
亀頭で最奥をノックするたび、\n依夜の呂律が怪しくなっていく。%K%P
亀頭で最奥をノックするたび、\n依夜の呂律が怪しくなっていく。%K%P
声を抑えようとする理性に、\n喘ぎたい本能が競り勝ち始めてるっぽい。%K%P
声を抑えようとする理性に、\n喘ぎたい本能が競り勝ち始めてるっぽい。%K%P
依夜の状況が分かりすぎるほど分かってしまうのは、\nさっきまでのオレがまさにそうだったからだ。%K%P
依夜の状況が分かりすぎるほど分かってしまうのは、\nさっきまでのオレがまさにそうだったからだ。%K%P
けど、ここで本能が完全勝利してしまうと、\n間違いなく大変なことになってしまう。%K%P
けど、ここで本能が完全勝利してしまうと、\n間違いなく大変なことになってしまう。%K%P
だから、危ういけど、もう一度――、%K%P
だから、危ういけど、もう一度――、%K%P
%LC陽菜
%LC陽菜
「依夜、キスしよ？　できる？」%K%P
「依夜、キスしよ？　できる？」%K%P
%LC依夜
%LC依夜
「んっ、できるっ　してっ、キスしてっ。\n　ちゅーする、したい、して、ひなたぁっ」%K%P
「んっ、できるっ　してっ、キスしてっ。\n　ちゅーする、したい、して、ひなたぁっ」%K%P
%LC陽菜
%LC陽菜
「じゃあ、顔、もっとこっちに――」%K%P
「じゃあ、顔、もっとこっちに――」%K%P
%LC依夜
%LC依夜
「んーぅ　ちゅっ、んんむっ、んはっ歃n　んまっ……んふーぅ……あむあむ、んぐうっ」%K%P
「んーぅ　ちゅっ、んんむっ、んはっ歃n　んまっ……んふーぅ……あむあむ、んぐうっ」%K%P
%LC依夜
%LC依夜
「はあっ、くちも、おま○こも、きもちいっ歃n　両方、ぐっぽぐっぽ、しゅごひっ……」%K%P
「はあっ、くちも、おま○こも、きもちいっ歃n　両方、ぐっぽぐっぽ、しゅごひっ……」%K%P
キスでも塞ぎきれない口の端から、\nふたり分の唾液がとろっと垂れ落ちる。%K%P
キスでも塞ぎきれない口の端から、\nふたり分の唾液がとろっと垂れ落ちる。%K%P
快感に翻弄される依夜はエロすぎて、\nこの期に及んで、さらにペニスがガチガチに……！%K%P
快感に翻弄される依夜はエロすぎて、\nこの期に及んで、さらにペニスがガチガチに……！%K%P
%LC陽菜
%LC陽菜
「依夜、一緒にイケそうっ？」%K%P
「依夜、一緒にイケそうっ？」%K%P
%LC依夜
%LC依夜
「んっ、いつでも来てっ。私も、イクっ……、\n　ああっ……イクっ、ぐっ……んんんぅッ」%K%P
「んっ、いつでも来てっ。私も、イクっ……、\n　ああっ……イクっ、ぐっ……んんんぅッ」%K%P
依夜の声に導かれ、精子がぐんぐん迫り上がる。%K%P
依夜の声に導かれ、精子がぐんぐん迫り上がる。%K%P
絶頂に備えて身体に力を込めたら、\nそれが引き金となって、熱が、一気に――、%K%P
絶頂に備えて身体に力を込めたら、\nそれが引き金となって、熱が、一気に――、%K%P
%LC陽菜
%LC陽菜
「イクよ、依夜っ……！」%K%P
「イクよ、依夜っ……！」%K%P
%LC依夜
%LC依夜
「あああっ、ひなた、ひなたぁっ歃n　イクッ、ぐぅ……んぅ、んぅううむッ……！」%K%P
「あああっ、ひなた、ひなたぁっ歃n　イクッ、ぐぅ……んぅ、んぅううむッ……！」%K%P
%LC依夜
%LC依夜
「んっ……んぅ、んまっ……はあっ、あっ、\n　あふっ……ぢゅぷぷ、れるっ……はぁ、ああっ」%K%P
「んっ……んぅ、んまっ……はあっ、あっ、\n　あふっ……ぢゅぷぷ、れるっ……はぁ、ああっ」%K%P
%LC依夜
%LC依夜
「はっ、ああっ……おち○ちん、しゅごひっ……歃n　びゅく、びゅく、びゅく……ふっ、はあぁっ」%K%P
「はっ、ああっ……おち○ちん、しゅごひっ……歃n　びゅく、びゅく、びゅく……ふっ、はあぁっ」%K%P
%LC陽菜
%LC陽菜
「ぐっ……んぅっ……はっ、はっ、はあっ……」%K%P
「ぐっ……んぅっ……はっ、はっ、はあっ……」%K%P
震える腰に合わせて、火照った息が弾む。%K%P
震える腰に合わせて、火照った息が弾む。%K%P
射精を迎えた結合部はもちろんだけど、\n互いの吐息で満ちた口内も、かなり熱い。%K%P
射精を迎えた結合部はもちろんだけど、\n互いの吐息で満ちた口内も、かなり熱い。%K%P
%LC陽菜
%LC陽菜
「んふぅー……ふぅー……はぁ、はぁぁ……」%K%P
「んふぅー……ふぅー……はぁ、はぁぁ……」%K%P
%LC依夜
%LC依夜
「はふっ……はぁ、はぁ……歃n　精子、いっぱい、出されちゃった……」%K%P
「はふっ……はぁ、はぁ……歃n　精子、いっぱい、出されちゃった……」%K%P
%LC陽菜
%LC陽菜
「うんっ……。いまにも、崩れ落ちそう……」%K%P
「うんっ……。いまにも、崩れ落ちそう……」%K%P
%LC依夜
%LC依夜
「なら、私に体重をかけて。\n　手をついているから、支えてあげる」%K%P
「なら、私に体重をかけて。\n　手をついているから、支えてあげる」%K%P
%LC陽菜
%LC陽菜
「ありがと……。じゃあ、少しだけ……」%K%P
「ありがと……。じゃあ、少しだけ……」%K%P
依夜の心遣いに感謝して、身体を預ける。%K%P
依夜の心遣いに感謝して、身体を預ける。%K%P
けど、ぼんやりしていたオレは、\n大切な行動をひとつ、完全に失念していて――、%K%P
けど、ぼんやりしていたオレは、\n大切な行動をひとつ、完全に失念していて――、%K%P
%LC依夜
%LC依夜
「んおぉぉぉぉっ……滲」%K%P
「んおぉぉぉぉっ……滲」%K%P
試着室に響く、あまりにもエロい声。%K%P
試着室に響く、あまりにもエロい声。%K%P
それは、依夜の口から漏れたものだった。%K%P
それは、依夜の口から漏れたものだった。%K%P
%LC陽菜
%LC陽菜
「あっ……ごっ、ごめんっ。\n　オレ、挿れたままでっ……」%K%P
「あっ……ごっ、ごめんっ。\n　オレ、挿れたままでっ……」%K%P
たっぷり濃いのを出したからといって、\nペニスはすぐ萎えるわけじゃない。%K%P
たっぷり濃いのを出したからといって、\nペニスはすぐ萎えるわけじゃない。%K%P
まだ膨らんでいた亀頭は、寄り掛かった拍子に、\n弛緩していた依夜の膣奥を押し込んでしまって。%K%P
まだ膨らんでいた亀頭は、寄り掛かった拍子に、\n弛緩していた依夜の膣奥を押し込んでしまって。%K%P
不意の刺激に漏れた彼女の声は、オレの息子を\nあっさり再起動させるだけの破壊力を秘めていた。%K%P
不意の刺激に漏れた彼女の声は、オレの息子を\nあっさり再起動させるだけの破壊力を秘めていた。%K%P
%LC依夜
%LC依夜
「あっ、あぁ……　日向のおち○ちん、\n　私の膣内で、また、びくんって……」%K%P
「あっ、あぁ……　日向のおち○ちん、\n　私の膣内で、また、びくんって……」%K%P
%LC陽菜
%LC陽菜
「依夜の声がエロすぎて、\n　逆に元気になっちゃった……」%K%P
「依夜の声がエロすぎて、\n　逆に元気になっちゃった……」%K%P
%LC依夜
%LC依夜
「んっ……なら、もう一度だけ、する？\n　あまり猶予はないけれど……」%K%P
「んっ……なら、もう一度だけ、する？\n　あまり猶予はないけれど……」%K%P
%LC陽菜
%LC陽菜
「大丈夫。たぶん、すぐイッちゃうから」%K%P
「大丈夫。たぶん、すぐイッちゃうから」%K%P
これまでの経験則からして、\n射精回数が重なるほど、間隔は短くなる。%K%P
これまでの経験則からして、\n射精回数が重なるほど、間隔は短くなる。%K%P
もちろん、焦らしたりペースを落とせば、\nその限りではないんだけど。%K%P
もちろん、焦らしたりペースを落とせば、\nその限りではないんだけど。%K%P
%LC依夜
%LC依夜
「もし動くのがつらいなら、\n　私がまた、口でしても――」%K%P
「もし動くのがつらいなら、\n　私がまた、口でしても――」%K%P
%LC陽菜
%LC陽菜
「魅力的な提案だけど……もう一度、\n　依夜のおま○こに出してもいい？」%K%P
「魅力的な提案だけど……もう一度、\n　依夜のおま○こに出してもいい？」%K%P
%LC依夜
%LC依夜
「うんっ……　なら、\n　私のおま○こ、日向の好きにして」%K%P
「うんっ……　なら、\n　私のおま○こ、日向の好きにして」%K%P
%LC依夜
%LC依夜
「今度は声、我慢するから。\n　私の膣内に、たっぷり出して」%K%P
「今度は声、我慢するから。\n　私の膣内に、たっぷり出して」%K%P
%LC陽菜
%LC陽菜
「ありがと。……ちゅっ」%K%P
「ありがと。……ちゅっ」%K%P
%LC依夜
%LC依夜
「んんっ……」%K%P
「んんっ……」%K%P
唇にキスしたらさっきの二の舞になりそうで、\nちょっと日和って、頬に口づける。%K%P
唇にキスしたらさっきの二の舞になりそうで、\nちょっと日和って、頬に口づける。%K%P
とはいえ、好きにしていいって言われると、\nかえって緊張してしまう。%K%P
とはいえ、好きにしていいって言われると、\nかえって緊張してしまう。%K%P
相手が依夜だからこそ、お手並み拝見って\n言われているような感じがして――、%K%P
相手が依夜だからこそ、お手並み拝見って\n言われているような感じがして――、%K%P
いやいや、好きにしていいって言われたんだし、\nここは素直に甘えよう。うん。%K%P
いやいや、好きにしていいって言われたんだし、\nここは素直に甘えよう。うん。%K%P
%LC陽菜
%LC陽菜
「くっ……ふぅ、ぐっ……んんっ」%K%P
「くっ……ふぅ、ぐっ……んんっ」%K%P
%LC依夜
%LC依夜
「はあぁぁぁ……　んぅ……ふぅ、ああっ」%K%P
「はあぁぁぁ……　んぅ……ふぅ、ああっ」%K%P
すでに挿入済みのペニスを、\nそっとそっと、ちょっとだけ奥へ。%K%P
すでに挿入済みのペニスを、\nそっとそっと、ちょっとだけ奥へ。%K%P
さっきは急き立てるように攻めたけど、\n今度は慌てず、じわじわと――、%K%P
さっきは急き立てるように攻めたけど、\n今度は慌てず、じわじわと――、%K%P
%LC依夜
%LC依夜
「ふぅ……はぁ、はぁはぁ……あっ、あぁ、\n　んんッ……くぅぅ……はぁ、ああっ……」%K%P
「ふぅ……はぁ、はぁはぁ……あっ、あぁ、\n　んんッ……くぅぅ……はぁ、ああっ……」%K%P
%LC依夜
%LC依夜
「はぁ、あぁ……奥に、しっかり届いてっ……。\n　日向のおち○ちん、気持ちいいっ……」%K%P
「はぁ、あぁ……奥に、しっかり届いてっ……。\n　日向のおち○ちん、気持ちいいっ……」%K%P
一転してスローペースなピストンに、\n依夜がうっとり息を吐く。%K%P
一転してスローペースなピストンに、\n依夜がうっとり息を吐く。%K%P
おま○こ内を竿でこね回すと、\n精子と愛液の混ざる音が、膣から漏れていって。%K%P
おま○こ内を竿でこね回すと、\n精子と愛液の混ざる音が、膣から漏れていって。%K%P
その音が大きくなって外に響かないよう、\n膝と腰で、ペニスの位置をコントロールする。%K%P
その音が大きくなって外に響かないよう、\n膝と腰で、ペニスの位置をコントロールする。%K%P
%LC陽菜
%LC陽菜
「この感じ、この前と似てるかも……」%K%P
「この感じ、この前と似てるかも……」%K%P
%LC依夜
%LC依夜
「日向が赤ちゃんみたいに、\n　おっぱいに甘えたときのこと？」%K%P
「日向が赤ちゃんみたいに、\n　おっぱいに甘えたときのこと？」%K%P
%LC陽菜
%LC陽菜
「むぅぅ……」%K%P
「むぅぅ……」%K%P
%LC依夜
%LC依夜
「ふふ、あのときの日向、本当に可愛かった」%K%P
「ふふ、あのときの日向、本当に可愛かった」%K%P
拗ねるオレを見て、依夜がくすっと笑う。%K%P
拗ねるオレを見て、依夜がくすっと笑う。%K%P
%LC依夜
%LC依夜
「……でも、そうね。確かに似てる。\n　ゆったりしていて、心地よくて……」%K%P
「……でも、そうね。確かに似てる。\n　ゆったりしていて、心地よくて……」%K%P
%LC陽菜
%LC陽菜
「うん。これなら、声も抑えられそう……」%K%P
「うん。これなら、声も抑えられそう……」%K%P
さっきはキスで声を留めようとした結果、\nそれが切っ掛けで、歯止めが利かなくなった。%K%P
さっきはキスで声を留めようとした結果、\nそれが切っ掛けで、歯止めが利かなくなった。%K%P
あれはあれで間違いなく気持ちよかったけれど、\nいつ大きな声が出ちゃうか、ハラハラしっぱなしで。%K%P
あれはあれで間違いなく気持ちよかったけれど、\nいつ大きな声が出ちゃうか、ハラハラしっぱなしで。%K%P
でも、このやり方なら、危なげないはず。%K%P
でも、このやり方なら、危なげないはず。%K%P
%LC陽菜
%LC陽菜
「急がば回れって言うけど、その通りかも……」%K%P
「急がば回れって言うけど、その通りかも……」%K%P
%LC依夜
%LC依夜
「急がば、回れ……。つまり、こう？」%K%P
「急がば、回れ……。つまり、こう？」%K%P
%LC陽菜
%LC陽菜
「ふみッ、うにゃあッ」%K%P
「ふみッ、うにゃあッ」%K%P
声に合わせて依夜がお尻を回してきて、\nその刺激に、またもや猫っぽい声が出る。%K%P
声に合わせて依夜がお尻を回してきて、\nその刺激に、またもや猫っぽい声が出る。%K%P
%LC依夜
%LC依夜
「くす、可愛い声……」%K%P
「くす、可愛い声……」%K%P
%LC陽菜
%LC陽菜
「もうっ、依夜っ……！　急がば回れって、\n　そういう意味じゃないからっ」%K%P
「もうっ、依夜っ……！　急がば回れって、\n　そういう意味じゃないからっ」%K%P
%LC依夜
%LC依夜
「回すの、だめ？　気持ちよくなかった？」%K%P
「回すの、だめ？　気持ちよくなかった？」%K%P
%LC陽菜
%LC陽菜
「それは…………良かった、けど……」%K%P
「それは…………良かった、けど……」%K%P
%LC依夜
%LC依夜
「なら、もっとお尻を……ぐるん、ぐるん」%K%P
「なら、もっとお尻を……ぐるん、ぐるん」%K%P
%LC陽菜
%LC陽菜
「はうっ……くあっ、あぁあ……っ」%K%P
「はうっ……くあっ、あぁあ……っ」%K%P
可愛らしい掛け声に合わせて、\n柔らかな陰唇がペニスを掻き混ぜていく。%K%P
可愛らしい掛け声に合わせて、\n柔らかな陰唇がペニスを掻き混ぜていく。%K%P
普通は竿が掻き混ぜる側だと思うんだけど、\n依夜の前では、立場が逆転していて。%K%P
普通は竿が掻き混ぜる側だと思うんだけど、\n依夜の前では、立場が逆転していて。%K%P
洗濯機に入れられたみたいに、竿が膣内で、\nぐるんぐるんぐるんぐるんぐるんぐるん――、%K%P
洗濯機に入れられたみたいに、竿が膣内で、\nぐるんぐるんぐるんぐるんぐるんぐるん――、%K%P
%LC陽菜
%LC陽菜
「んんッ……はぁ、あっ、ぐぅっ……くうッ」%K%P
「んんッ……はぁ、あっ、ぐぅっ……くうッ」%K%P
穏やかではないけれど激しすぎることもない、\n声をギリギリ堪えることが出来る、絶妙なライン。%K%P
穏やかではないけれど激しすぎることもない、\n声をギリギリ堪えることが出来る、絶妙なライン。%K%P
駆け引きの上手さといい、\n本当にお手並み拝見されてる感じだ。%K%P
駆け引きの上手さといい、\n本当にお手並み拝見されてる感じだ。%K%P
%LC陽菜
%LC陽菜
「くうっ……依夜ってば意地悪してっ……」%K%P
「くうっ……依夜ってば意地悪してっ……」%K%P
%LC依夜
%LC依夜
「日向の反応が可愛くて、我慢できないんだもの」%K%P
「日向の反応が可愛くて、我慢できないんだもの」%K%P
%LC陽菜
%LC陽菜
「そんなに見たいなら、\n　今度、好きなだけ見せてあげるから」%K%P
「そんなに見たいなら、\n　今度、好きなだけ見せてあげるから」%K%P
%LC陽菜
%LC陽菜
「今だけは、我慢して。ね？」%K%P
「今だけは、我慢して。ね？」%K%P
%LC依夜
%LC依夜
「本当に、私の好きにしていいの？」%K%P
「本当に、私の好きにしていいの？」%K%P
%LC陽菜
%LC陽菜
「うっ……うん」%K%P
「うっ……うん」%K%P
見つめられた瞬間、金玉がぶるってしたけど、\n自ら言ったことを反故にはできない。%K%P
見つめられた瞬間、金玉がぶるってしたけど、\n自ら言ったことを反故にはできない。%K%P
%LC陽菜
%LC陽菜
「銀蘭祭が終わって落ち着いたら、\n　オレのこと、依夜の好きにしていいよ」%K%P
「銀蘭祭が終わって落ち着いたら、\n　オレのこと、依夜の好きにしていいよ」%K%P
%LC依夜
%LC依夜
「うんっ……　なら、我慢するっ……」%K%P
「うんっ……　なら、我慢するっ……」%K%P
嬉しそうに頷くと、依夜はお尻を少し持ち上げ、\nオレがより挿抜しやすいように体勢を整えた。%K%P
嬉しそうに頷くと、依夜はお尻を少し持ち上げ、\nオレがより挿抜しやすいように体勢を整えた。%K%P
腰のくびれに手を添えると、\nこれ以上ないぐらい、腰が振りやすい。%K%P
腰のくびれに手を添えると、\nこれ以上ないぐらい、腰が振りやすい。%K%P
激しくしたくなる誘惑に駆られるけど、\nここは我慢して、慌てず、しっかりと――、%K%P
激しくしたくなる誘惑に駆られるけど、\nここは我慢して、慌てず、しっかりと――、%K%P
%LC依夜
%LC依夜
「あふっ……はぁ、あっ、ああっ……歃n　ゆっくりも、気持ちいいっ……」%K%P
「あふっ……はぁ、あっ、ああっ……歃n　ゆっくりも、気持ちいいっ……」%K%P
%LC依夜
%LC依夜
「おま○こが、おち○ちんで満たされて……。\n　はぁ、あぁ……んぅ、ふぅ、はぁあっ……」%K%P
「おま○こが、おち○ちんで満たされて……。\n　はぁ、あぁ……んぅ、ふぅ、はぁあっ……」%K%P
交わした約束の効果は絶大で、\n依夜は身じろぎひとつしなかった。%K%P
交わした約束の効果は絶大で、\n依夜は身じろぎひとつしなかった。%K%P
さすがに声は漏れてしまうようだけど、\nさっきの喘ぎ声に比べれば、微々たるもので。%K%P
さすがに声は漏れてしまうようだけど、\nさっきの喘ぎ声に比べれば、微々たるもので。%K%P
おま○こを好きにしていいという言葉通り、\n彼女は完全に、されるがまま――、%K%P
おま○こを好きにしていいという言葉通り、\n彼女は完全に、されるがまま――、%K%P
%LC依夜
%LC依夜
「あぁ、はっ……んんっ、んくぅっ……歃n　はふっ……はぁはぁ、ああっ、ああぁ……」%K%P
「あぁ、はっ……んんっ、んくぅっ……歃n　はふっ……はぁはぁ、ああっ、ああぁ……」%K%P
あまりのおとなしさに悪戯心が芽生えて、\n腰をくすぐったり、お尻を撫でまわしたり。%K%P
あまりのおとなしさに悪戯心が芽生えて、\n腰をくすぐったり、お尻を撫でまわしたり。%K%P
それでも反応がないものだから、意地になって、\n腰をぐぐっと押しつけたり、お尻を揉んでみたり。%K%P
それでも反応がないものだから、意地になって、\n腰をぐぐっと押しつけたり、お尻を揉んでみたり。%K%P
そこまでしても、依夜は身悶えない――けど、\nその表情は、だんだんと恍惚に染まっていって。%K%P
そこまでしても、依夜は身悶えない――けど、\nその表情は、だんだんと恍惚に染まっていって。%K%P
%LC依夜
%LC依夜
「はあっ……　ぐぅっ、ああッ……歃n　はぁっ、はぁっ……んっ、んぅんん……」%K%P
「はあっ……　ぐぅっ、ああッ……歃n　はぁっ、はぁっ……んっ、んぅんん……」%K%P
依夜の吐息で、鏡がぼんやりと曇る。%K%P
依夜の吐息で、鏡がぼんやりと曇る。%K%P
だんだん声が小さくなっていくのは、\n大きな声が出ないよう、堪えているからだろう。%K%P
だんだん声が小さくなっていくのは、\n大きな声が出ないよう、堪えているからだろう。%K%P
どうして分かるかというと、\nオレもいま、まったく同じ状況だから。%K%P
どうして分かるかというと、\nオレもいま、まったく同じ状況だから。%K%P
%LC陽菜
%LC陽菜
「依夜……オレ、そろそろっ……」%K%P
「依夜……オレ、そろそろっ……」%K%P
%LC依夜
%LC依夜
「うんっ……。私も、イキそうっ……」%K%P
「うんっ……。私も、イキそうっ……」%K%P
短いやりとりで、互いの状況を確かめあう。%K%P
短いやりとりで、互いの状況を確かめあう。%K%P
きっと今なら言葉をかわさなくても、\nまったく同じタイミングでイケると思う。%K%P
きっと今なら言葉をかわさなくても、\nまったく同じタイミングでイケると思う。%K%P
けど、ちゃんと言葉で伝えたい。%K%P
けど、ちゃんと言葉で伝えたい。%K%P
依夜の気持ちを、言葉で知りたい。%K%P
依夜の気持ちを、言葉で知りたい。%K%P
エッチのときは饒舌になってしまう、\n好きで好きで、大好きな、依夜の気持ちを――、%K%P
エッチのときは饒舌になってしまう、\n好きで好きで、大好きな、依夜の気持ちを――、%K%P
%LC陽菜
%LC陽菜
「依夜、最後におち○ちん、抱っこして。\n　おま○こでめいっぱい、ぎゅーってっ……」%K%P
「依夜、最後におち○ちん、抱っこして。\n　おま○こでめいっぱい、ぎゅーってっ……」%K%P
%LC依夜
%LC依夜
「ぎゅぅぅぅぅぅぅぅーっ……」%K%P
「ぎゅぅぅぅぅぅぅぅーっ……」%K%P
%LC陽菜
%LC陽菜
「ぐッ、んあっ……！　あっ、イクっ……！」%K%P
「ぐッ、んあっ……！　あっ、イクっ……！」%K%P
%LC依夜
%LC依夜
「んうッ　はあっ、んうっ……あっ、ああっ、\n　わたしもっ……あ、あ、あぁあああっ……」%K%P
「んうッ　はあっ、んうっ……あっ、ああっ、\n　わたしもっ……あ、あ、あぁあああっ……」%K%P
%LC依夜
%LC依夜
「はふッ……ぐっ、んんぅ……ふぅふぅ、\n　はぁっ、あっ……ああっ　あっ　はあっ」%K%P
「はふッ……ぐっ、んんぅ……ふぅふぅ、\n　はぁっ、あっ……ああっ　あっ　はあっ」%K%P
%LC依夜
%LC依夜
「また、膣内に、あついのが……んはぁ歃n　せーし、おま○こに、あふれりゅぅっ……」%K%P
「また、膣内に、あついのが……んはぁ歃n　せーし、おま○こに、あふれりゅぅっ……」%K%P
%LC陽菜
%LC陽菜
「うんっ……すごい、出てるっ……」%K%P
「うんっ……すごい、出てるっ……」%K%P
快感が、身体の隅々まで浸透していく。%K%P
快感が、身体の隅々まで浸透していく。%K%P
激しく到達した射精が打ち上げ花火だとするなら、\n今回のそれは、線香花火みたいな感じで。%K%P
激しく到達した射精が打ち上げ花火だとするなら、\n今回のそれは、線香花火みたいな感じで。%K%P
ぱちぱちと散っていく火花のように、\nびゅびゅ、びゅびゅっと精子が何度も放たれて。%K%P
ぱちぱちと散っていく火花のように、\nびゅびゅ、びゅびゅっと精子が何度も放たれて。%K%P
最後に、おっきな塊が、ぼとっと――、%K%P
最後に、おっきな塊が、ぼとっと――、%K%P
%LC依夜
%LC依夜
「んおぅっ　んうっ、んぉおおぉ」%K%P
「んおぅっ　んうっ、んぉおおぉ」%K%P
%LC陽菜
%LC陽菜
「あっ、ああぁ……」%K%P
「あっ、ああぁ……」%K%P
咽の奥から漏れるような声に、耳朶が溶ける。%K%P
咽の奥から漏れるような声に、耳朶が溶ける。%K%P
初めてエッチな本や画像を見たときみたいな、\n強烈なドキドキと興奮に、全身が震えてしまう。%K%P
初めてエッチな本や画像を見たときみたいな、\n強烈なドキドキと興奮に、全身が震えてしまう。%K%P
%LC依夜
%LC依夜
「ふぅ……はぁ、はぁ、はぁ……歃n　気持ちよすぎて……変な声、出ちゃった……」%K%P
「ふぅ……はぁ、はぁ、はぁ……歃n　気持ちよすぎて……変な声、出ちゃった……」%K%P
これまで見たことがないぐらい恥じらいながら、\nぽつりと呟く姿が、すごく可愛い。%K%P
これまで見たことがないぐらい恥じらいながら、\nぽつりと呟く姿が、すごく可愛い。%K%P
可愛いすぎて、すぐにも抱きしめたかったけど、\n息子の存在を思い出して、咄嗟に自重する。%K%P
可愛いすぎて、すぐにも抱きしめたかったけど、\n息子の存在を思い出して、咄嗟に自重する。%K%P
いま抱きついたら、それこそ二の舞だ。%K%P
いま抱きついたら、それこそ二の舞だ。%K%P
%LC陽菜
%LC陽菜
「待ってて。いま――」%K%P
「待ってて。いま――」%K%P
%LC依夜
%LC依夜
「んッ、はぁァ……滲」%K%P
「んッ、はぁァ……滲」%K%P
ペニスを引き抜くと、栓を失った割れ目から、\n２回分の精子がトロッと真下に落ちていって。%K%P
ペニスを引き抜くと、栓を失った割れ目から、\n２回分の精子がトロッと真下に落ちていって。%K%P
そのままだと床に垂れていたそれを、\n脱ぎかけのストッキングと下着が受け止めた。%K%P
そのままだと床に垂れていたそれを、\n脱ぎかけのストッキングと下着が受け止めた。%K%P
%LC陽菜
%LC陽菜
「すごい……。ひょっとして、\n　最初からこれを見越して……？」%K%P
「すごい……。ひょっとして、\n　最初からこれを見越して……？」%K%P
%LC依夜
%LC依夜
「日向の{膣内射精:なかだし}は、いつだって、\n　おま○こから溢れてしまうでしょう？」%K%P
「日向の{膣内射精:なかだし}は、いつだって、\n　おま○こから溢れてしまうでしょう？」%K%P
%LC依夜
%LC依夜
「だから、絶対にこうなるだろうと思って」%K%P
「だから、絶対にこうなるだろうと思って」%K%P
くすっと笑う依夜は、\n心なしか、ちょっとドヤ顔で。%K%P
くすっと笑う依夜は、\n心なしか、ちょっとドヤ顔で。%K%P
でも、彼女の機転のおかげで、\n試着室を汚さずに済んだ。%K%P
でも、彼女の機転のおかげで、\n試着室を汚さずに済んだ。%K%P
%LC陽菜
%LC陽菜
「……でも、どうしよう。\n　さすがにこれは、履けないし……」%K%P
「……でも、どうしよう。\n　さすがにこれは、履けないし……」%K%P
依夜のストッキングと下着は、\nすっかり精子まみれになってしまった。%K%P
依夜のストッキングと下着は、\nすっかり精子まみれになってしまった。%K%P
%LC依夜
%LC依夜
「平気よ、代わりを買えばいいんだもの」%K%P
「平気よ、代わりを買えばいいんだもの」%K%P
%LC陽菜
%LC陽菜
「買うって……あ、そっか。ここは――」%K%P
「買うって……あ、そっか。ここは――」%K%P
試着室の片隅には、依夜が持ち込んだ、\nふたつの下着セットが置かれたままで。%K%P
試着室の片隅には、依夜が持ち込んだ、\nふたつの下着セットが置かれたままで。%K%P
試着されずに放っておかれたそれは、\n自分たちの出番を、行儀良く待っていてくれた。%K%P
試着されずに放っておかれたそれは、\n自分たちの出番を、行儀良く待っていてくれた。%K%P
