%LC陽菜
%LC陽菜
「依夜様――」%K%P
「依夜様――」%K%P
その名を呟くと、自然と心が弾んだ。%K%P
その名を呟くと、自然と心が弾んだ。%K%P
３年連続{最優秀騎士:ブリランテ}の座を目指す、\n銀蘭学園最強の{騎士:ワルキュリア}――、%K%P
３年連続{最優秀騎士:ブリランテ}の座を目指す、\n銀蘭学園最強の{騎士:ワルキュリア}――、%K%P
もしも依夜様と共に戦えたら、\nそれはどれほど素敵なことだろうって。%K%P
もしも依夜様と共に戦えたら、\nそれはどれほど素敵なことだろうって。%K%P
善は急げとばかりに、３年の教室へ。%K%P
善は急げとばかりに、３年の教室へ。%K%P
ここにいなければ、あとは食堂か、\nトレーニングルームぐらいしか心当たりがない。%K%P
ここにいなければ、あとは食堂か、\nトレーニングルームぐらいしか心当たりがない。%K%P
できれば居て欲しいところだけど――、%K%P
できれば居て欲しいところだけど――、%K%P
%LC陽菜
%LC陽菜
「あっ、依夜様」%K%P
「あっ、依夜様」%K%P
%LC依夜
%LC依夜
「陽菜……。どうしたの？\n　こんなところで」%K%P
「陽菜……。どうしたの？\n　こんなところで」%K%P
%LC依夜
%LC依夜
「もしかして、また手紙を拾ったとか？」%K%P
「もしかして、また手紙を拾ったとか？」%K%P
%LC陽菜
%LC陽菜
「いえ。今日は依夜様に用があって」%K%P
「いえ。今日は依夜様に用があって」%K%P
%LC依夜
%LC依夜
「私に？」%K%P
「私に？」%K%P
%LC陽菜
%LC陽菜
「はい。実は――」%K%P
「はい。実は――」%K%P
%LC女学生Ａ
%LC女学生Ａ
「ねえ、あれって陽菜ちゃんじゃない？」%K%P
「ねえ、あれって陽菜ちゃんじゃない？」%K%P
%LC女学生Ｂ
%LC女学生Ｂ
「２年の彼女が３年の廊下にいるってことは……。\n　あっ、ひょっとして、依夜さんと……？」%K%P
「２年の彼女が３年の廊下にいるってことは……。\n　あっ、ひょっとして、依夜さんと……？」%K%P
%LC女学生Ａ
%LC女学生Ａ
「かもかも、そうかもっ」%K%P
「かもかも、そうかもっ」%K%P
うっ……。なんか、話しづらい状況に……。%K%P
うっ……。なんか、話しづらい状況に……。%K%P
%LC依夜
%LC依夜
「陽菜、このあと予定は？」%K%P
「陽菜、このあと予定は？」%K%P
%LC陽菜
%LC陽菜
「えっ？　とくには、ないですけど」%K%P
「えっ？　とくには、ないですけど」%K%P
%LC依夜
%LC依夜
「それなら、\n　少し練習に付き合ってもらってもいい？」%K%P
「それなら、\n　少し練習に付き合ってもらってもいい？」%K%P
思いがけず依夜様に誘われ、\nそのままトレーニングルームへ。%K%P
思いがけず依夜様に誘われ、\nそのままトレーニングルームへ。%K%P
試験休みは終わったはず、なんだけど――、\nトレーニングルームには誰も居なかった。%K%P
試験休みは終わったはず、なんだけど――、\nトレーニングルームには誰も居なかった。%K%P
%LC陽菜
%LC陽菜
「珍しいですね、土曜の午後なのに」%K%P
「珍しいですね、土曜の午後なのに」%K%P
%LC依夜
%LC依夜
「この時期、ここはいつもこうだから」%K%P
「この時期、ここはいつもこうだから」%K%P
依夜様いわく、銀蘭祭前のトレーニングルームは、\n毎年こんな感じで閑散としているらしい。%K%P
依夜様いわく、銀蘭祭前のトレーニングルームは、\n毎年こんな感じで閑散としているらしい。%K%P
銀蘭祭の準備で慌ただしくなるため、\n練習に訪れる学生がいなくなるのだそうだ。%K%P
銀蘭祭の準備で慌ただしくなるため、\n練習に訪れる学生がいなくなるのだそうだ。%K%P
%LC依夜
%LC依夜
「いまトレーニングルームにやってくるのは、\n　銀蘭祭に出る予定の{騎士:ワルキュリア}だけ」%K%P
「いまトレーニングルームにやってくるのは、\n　銀蘭祭に出る予定の{騎士:ワルキュリア}だけ」%K%P
%LC依夜
%LC依夜
「より良い{舞闘:カデンツァ}を披露する――、\n　それが、選ばれた私たちの責務だから」%K%P
「より良い{舞闘:カデンツァ}を披露する――、\n　それが、選ばれた私たちの責務だから」%K%P
責務という言葉を選ぶあたりに、\n{舞闘:カデンツァ}に対する、強い想いが窺える。%K%P
責務という言葉を選ぶあたりに、\n{舞闘:カデンツァ}に対する、強い想いが窺える。%K%P
%LC依夜
%LC依夜
「それで、陽菜の用件についてだけれど」%K%P
「それで、陽菜の用件についてだけれど」%K%P
%LC陽菜
%LC陽菜
「あっ、ええと――」%K%P
「あっ、ええと――」%K%P
%LC陽菜
%LC陽菜
「……軽く汗を流した後でも、構いませんか？」%K%P
「……軽く汗を流した後でも、構いませんか？」%K%P
そうして、依夜様と模擬戦形式で\nトレーニングをすることに。%K%P
そうして、依夜様と模擬戦形式で\nトレーニングをすることに。%K%P
おそらく依夜様は、オレが話をしやすいように、\n人目のないこの場所へ誘ってくれたんだろう。%K%P
おそらく依夜様は、オレが話をしやすいように、\n人目のないこの場所へ誘ってくれたんだろう。%K%P
けど、人がいないトレーニングルームということは、\n補佐代理のお務めもない、ということで。%K%P
けど、人がいないトレーニングルームということは、\n補佐代理のお務めもない、ということで。%K%P
そうなると、依夜様と戦いたくなってしまって。%K%P
そうなると、依夜様と戦いたくなってしまって。%K%P
エンゲージの件を切り出すより先に、\nクラージュの剣で語り合うことを選んでしまった。%K%P
エンゲージの件を切り出すより先に、\nクラージュの剣で語り合うことを選んでしまった。%K%P
%LC依夜
%LC依夜
「ふッ……！」%K%P
「ふッ……！」%K%P
%LC陽菜
%LC陽菜
「やぁッ……！！」%K%P
「やぁッ……！！」%K%P
静かなトレーニングルームに響く、\n気迫に満ちた声。%K%P
静かなトレーニングルームに響く、\n気迫に満ちた声。%K%P
剣と鎧の投影がない模擬戦といえども、\n向き合えば、自然と熱がこもってしまう。%K%P
剣と鎧の投影がない模擬戦といえども、\n向き合えば、自然と熱がこもってしまう。%K%P
依夜様と対峙するのは２度目だけれど、\n相変わらずの冷静かつ苛烈な攻めに、胸が躍る。%K%P
依夜様と対峙するのは２度目だけれど、\n相変わらずの冷静かつ苛烈な攻めに、胸が躍る。%K%P
――だからこそ、迷いが生まれた。%K%P
――だからこそ、迷いが生まれた。%K%P
本当に、依夜様とエンゲージしてもいいのかって。%K%P
本当に、依夜様とエンゲージしてもいいのかって。%K%P
%LC依夜
%LC依夜
「ありがとう、陽菜。\n　急な申し出に付き合ってくれて」%K%P
「ありがとう、陽菜。\n　急な申し出に付き合ってくれて」%K%P
%LC陽菜
%LC陽菜
「こちらこそ。\n　とても楽しかったです」%K%P
「こちらこそ。\n　とても楽しかったです」%K%P
練習を終え、シャワーと着替えを済ませる。%K%P
練習を終え、シャワーと着替えを済ませる。%K%P
その間に、迷いはますます大きくなっていた。%K%P
その間に、迷いはますます大きくなっていた。%K%P
%LC依夜
%LC依夜
「それで、私に用というのは、なに？」%K%P
「それで、私に用というのは、なに？」%K%P
%LC陽菜
%LC陽菜
「ええと……」%K%P
「ええと……」%K%P
迷いが、言葉を詰まらせる。%K%P
迷いが、言葉を詰まらせる。%K%P
オレとはエンゲージしない――そう言い切った\n美実様の気持ちが、いまなら痛いほどわかる。%K%P
オレとはエンゲージしない――そう言い切った\n美実様の気持ちが、いまなら痛いほどわかる。%K%P
もしいまエンゲージを申し出て、\n依夜様がそれを快諾してくれたら。%K%P
もしいまエンゲージを申し出て、\n依夜様がそれを快諾してくれたら。%K%P
それは、トーナメント本番で、\n依夜様と対戦する機会を失うことを意味する。%K%P
それは、トーナメント本番で、\n依夜様と対戦する機会を失うことを意味する。%K%P
%LC依夜
%LC依夜
「言いにくいこと？」%K%P
「言いにくいこと？」%K%P
%LC陽菜
%LC陽菜
「いえ、けして、そういうわけでは……」%K%P
「いえ、けして、そういうわけでは……」%K%P
……どうしよう。%K%P
……どうしよう。%K%P
こちらから用があるって声を掛けたのに、\nその用件自体を、切り出せなくなるなんて。%K%P
こちらから用があるって声を掛けたのに、\nその用件自体を、切り出せなくなるなんて。%K%P
けど、わざわざ人目のない場所に誘ってくれた\n依夜様の配慮を無駄にするわけには――、%K%P
けど、わざわざ人目のない場所に誘ってくれた\n依夜様の配慮を無駄にするわけには――、%K%P
%LC依夜
%LC依夜
「陽菜、このあとの予定は？」%K%P
「陽菜、このあとの予定は？」%K%P
%LC陽菜
%LC陽菜
「へ……？」%K%P
「へ……？」%K%P
%LC依夜
%LC依夜
「もし、なにもないなら。\n　どこかで少し休んでいきましょう？」%K%P
「もし、なにもないなら。\n　どこかで少し休んでいきましょう？」%K%P
本日２度目のお誘いにより、\n依夜様に連れられて、校内を歩く。%K%P
本日２度目のお誘いにより、\n依夜様に連れられて、校内を歩く。%K%P
%LC陽菜
%LC陽菜
「あの、どこかって、どこですか？」%K%P
「あの、どこかって、どこですか？」%K%P
%LC依夜
%LC依夜
「ごめんなさい。\n　実は、とくにあてがあるわけではないの」%K%P
「ごめんなさい。\n　実は、とくにあてがあるわけではないの」%K%P
%LC依夜
%LC依夜
「陽菜が言い出しにくそうに見えたから。\n　それで、咄嗟に誘ってしまって」%K%P
「陽菜が言い出しにくそうに見えたから。\n　それで、咄嗟に誘ってしまって」%K%P
%LC陽菜
%LC陽菜
「すみません……。\n　気をつかわせてしまって」%K%P
「すみません……。\n　気をつかわせてしまって」%K%P
%LC依夜
%LC依夜
「謝ることはないわ。\n　私がしたくてしているの」%K%P
「謝ることはないわ。\n　私がしたくてしているの」%K%P
%LC依夜
%LC依夜
「とはいえ、どうしたものかしら」%K%P
「とはいえ、どうしたものかしら」%K%P
ちょっと悩ましげに思案する依夜様は、\nその雰囲気と相まって、すごく絵になる。%K%P
ちょっと悩ましげに思案する依夜様は、\nその雰囲気と相まって、すごく絵になる。%K%P
オレが場所を提案できればいいんだろうけど、\nそこまで学内事情に明るくないし――、%K%P
オレが場所を提案できればいいんだろうけど、\nそこまで学内事情に明るくないし――、%K%P
%LC美実
%LC美実
「おっふたりさんっ」%K%P
「おっふたりさんっ」%K%P
%LC陽菜
%LC陽菜
「美実様。それに梨理ちゃんも」%K%P
「美実様。それに梨理ちゃんも」%K%P
%LC依夜
%LC依夜
「ごきげんよう、ふたりとも」%K%P
「ごきげんよう、ふたりとも」%K%P
不意に声がかかって振り向けば、\nそこには美実様と梨理ちゃんの椋木姉妹が。%K%P
不意に声がかかって振り向けば、\nそこには美実様と梨理ちゃんの椋木姉妹が。%K%P
こうして二人揃ってるのって\n何気に珍しいかもしれない。%K%P
こうして二人揃ってるのって\n何気に珍しいかもしれない。%K%P
%LC梨理
%LC梨理
「こんな時間に一緒ってことは、\n　お二人でトレーニングでもしてたんですか？」%K%P
「こんな時間に一緒ってことは、\n　お二人でトレーニングでもしてたんですか？」%K%P
%LC依夜
%LC依夜
「うん。私から誘って、さっきまで」%K%P
「うん。私から誘って、さっきまで」%K%P
%LC梨理
%LC梨理
「なら、依夜様とセンセで、\n　エンゲージするってことですか？」%K%P
「なら、依夜様とセンセで、\n　エンゲージするってことですか？」%K%P
%LC陽菜
%LC陽菜
「それは……」%K%P
「それは……」%K%P
%LC依夜
%LC依夜
「その予定はないわ。\n　いまのところ、だけど」%K%P
「その予定はないわ。\n　いまのところ、だけど」%K%P
思わず固まってしまったオレに代わり、\n依夜様がすっと答えてくれる。%K%P
思わず固まってしまったオレに代わり、\n依夜様がすっと答えてくれる。%K%P
%LC美実
%LC美実
「なら、可能性はあるわけだ？」%K%P
「なら、可能性はあるわけだ？」%K%P
%LC依夜
%LC依夜
「可能性という意味では、\n　すべての{騎士:ワルキュリア}に、等しく」%K%P
「可能性という意味では、\n　すべての{騎士:ワルキュリア}に、等しく」%K%P
%LC依夜
%LC依夜
「私とエンゲージしたい人がいるなら、\n　相手が誰であれ、断る気はないから」%K%P
「私とエンゲージしたい人がいるなら、\n　相手が誰であれ、断る気はないから」%K%P
%LC美実
%LC美実
「なら私と組む？」%K%P
「なら私と組む？」%K%P
%LC梨理
%LC梨理
「ちょっ、お姉ちゃんっ」%K%P
「ちょっ、お姉ちゃんっ」%K%P
%LC美実
%LC美実
「ふふっ、冗談冗談」%K%P
「ふふっ、冗談冗談」%K%P
%LC美実
%LC美実
「でも、そっか。珍しい組み合わせって思ったけど、\n　トレーニング終わりだったわけね」%K%P
「でも、そっか。珍しい組み合わせって思ったけど、\n　トレーニング終わりだったわけね」%K%P
%LC陽菜
%LC陽菜
「美実様たちは何してたんですか？」%K%P
「美実様たちは何してたんですか？」%K%P
%LC美実
%LC美実
「部室で密談」%K%P
「部室で密談」%K%P
%LC梨理
%LC梨理
「明日、買い物に行こうって話になって。\n　何を買うとか、そういう話をしてただけです」%K%P
「明日、買い物に行こうって話になって。\n　何を買うとか、そういう話をしてただけです」%K%P
姉の怪しいワードをさらっと補足するあたり、\nさすがは姉妹。%K%P
姉の怪しいワードをさらっと補足するあたり、\nさすがは姉妹。%K%P
けど、そうか。その手があった。%K%P
けど、そうか。その手があった。%K%P
%LC陽菜
%LC陽菜
「美実様、部室を使ってもいいですか？」%K%P
「美実様、部室を使ってもいいですか？」%K%P
%LC美実
%LC美実
「どうぞどうぞ。っていうか、\n　部員なんだし、わざわざ断らなくても」%K%P
「どうぞどうぞ。っていうか、\n　部員なんだし、わざわざ断らなくても」%K%P
%LC陽菜
%LC陽菜
「それが、実はいま、依夜様とふたりで\n　休憩できる場所を探していたんです」%K%P
「それが、実はいま、依夜様とふたりで\n　休憩できる場所を探していたんです」%K%P
%LC陽菜
%LC陽菜
「部員以外の人を入れるわけですし、\n　一応、断ったほうがいいかと思って」%K%P
「部員以外の人を入れるわけですし、\n　一応、断ったほうがいいかと思って」%K%P
%LC美実
%LC美実
「真面目だねぇ」%K%P
「真面目だねぇ」%K%P
%LC美実
%LC美実
「けど、ふぅん……。そういうことか……」%K%P
「けど、ふぅん……。そういうことか……」%K%P
%LC陽菜
%LC陽菜
「なんですか、その顔は」%K%P
「なんですか、その顔は」%K%P
%LC美実
%LC美実
「べっつにぃ」%K%P
「べっつにぃ」%K%P
%LC美実
%LC美実
「ご休憩したいなら、好きなだけどうぞ。\n　ベッドがなくてごめんだけど」%K%P
「ご休憩したいなら、好きなだけどうぞ。\n　ベッドがなくてごめんだけど」%K%P
%LC陽菜
%LC陽菜
%XS21「そういうんじゃないですからっ」%XE%K%P
%XS21「そういうんじゃないですからっ」%XE%K%P
%LC依夜
%LC依夜
「休憩しないの？」%K%P
「休憩しないの？」%K%P
%LC陽菜
%LC陽菜
「あっ……。いえ、なんでも……」%K%P
「あっ……。いえ、なんでも……」%K%P
%LC美実
%LC美実
「くふふっ、この中でピュアなのは\n　依夜だけだねぇ」%K%P
「くふふっ、この中でピュアなのは\n　依夜だけだねぇ」%K%P
%LC梨理
%LC梨理
「私はなにも言ってないし」%K%P
「私はなにも言ってないし」%K%P
%LC美実
%LC美実
「顔に出てる」%K%P
「顔に出てる」%K%P
%LC梨理
%LC梨理
「ぐぬぬぅっ」%K%P
「ぐぬぬぅっ」%K%P
%LC美実
%LC美実
「あははっ。んじゃ、ごきげんよう。\n　なんなら宿泊してってもいいからねー」%K%P
「あははっ。んじゃ、ごきげんよう。\n　なんなら宿泊してってもいいからねー」%K%P
%LC陽菜
%LC陽菜
%XS21「だから違いますってばっ」%XE%K%P
%XS21「だから違いますってばっ」%XE%K%P
%LC陽菜
%LC陽菜
「少し待っていて下さい。\n　いま、お茶とか用意するので」%K%P
「少し待っていて下さい。\n　いま、お茶とか用意するので」%K%P
依夜様に座るように勧めた後、\nおもてなしの準備を始める。%K%P
依夜様に座るように勧めた後、\nおもてなしの準備を始める。%K%P
前回、梨理ちゃんのときは結局出番がなかったけど、\n今日こそはお茶とお菓子の振る舞い時だ。%K%P
前回、梨理ちゃんのときは結局出番がなかったけど、\n今日こそはお茶とお菓子の振る舞い時だ。%K%P
お菓子は、ここに――あったあった。%K%P
お菓子は、ここに――あったあった。%K%P
で、お茶が……あれ、ないぞ……？%K%P
で、お茶が……あれ、ないぞ……？%K%P
確か、ここにしまってあったはず――、%K%P
確か、ここにしまってあったはず――、%K%P
%LC依夜
%LC依夜
「陽菜、私がやるわ」%K%P
「陽菜、私がやるわ」%K%P
%LC陽菜
%LC陽菜
「でも」%K%P
「でも」%K%P
%LC依夜
%LC依夜
「お茶や食器の場所なら知っているから。\n　練習に付き合ってくれたお礼よ」%K%P
「お茶や食器の場所なら知っているから。\n　練習に付き合ってくれたお礼よ」%K%P
そう言った依夜様の手には、\nオレの探していたお茶の葉があった。%K%P
そう言った依夜様の手には、\nオレの探していたお茶の葉があった。%K%P
任せて、という宣言通り、\n依夜様はあっという間に支度を調えた。%K%P
任せて、という宣言通り、\n依夜様はあっという間に支度を調えた。%K%P
%LC陽菜
%LC陽菜
「どうして食器とかの場所、\n　知っていたんですか？」%K%P
「どうして食器とかの場所、\n　知っていたんですか？」%K%P
%LC依夜
%LC依夜
「去年の今頃、お茶会に付き合ってほしいって、\n　美実に誘われたことがあるの」%K%P
「去年の今頃、お茶会に付き合ってほしいって、\n　美実に誘われたことがあるの」%K%P
%LC依夜
%LC依夜
「そのときのことを覚えていただけ」%K%P
「そのときのことを覚えていただけ」%K%P
%LC陽菜
%LC陽菜
「去年って……。\n　依夜様、記憶力いいんですね」%K%P
「去年って……。\n　依夜様、記憶力いいんですね」%K%P
%LC依夜
%LC依夜
「見たことを覚えているだけ」%K%P
「見たことを覚えているだけ」%K%P
さらっと言ったけど、充分すごいと思う。%K%P
さらっと言ったけど、充分すごいと思う。%K%P
%LC陽菜
%LC陽菜
「にしても……依夜様、手慣れてますね」%K%P
「にしても……依夜様、手慣れてますね」%K%P
%LC依夜
%LC依夜
「慣れている、という意味ではその通りね。\n　家では家事全般、すべて私がしているから」%K%P
「慣れている、という意味ではその通りね。\n　家では家事全般、すべて私がしているから」%K%P
ということは、依夜様のご両親って、\nうちと同じで仕事で家を空けがちなんだろうか。%K%P
ということは、依夜様のご両親って、\nうちと同じで仕事で家を空けがちなんだろうか。%K%P
%LC陽菜
%LC陽菜
「依夜様のご両親って、\n　仕事とかでお忙しいんですか？」%K%P
「依夜様のご両親って、\n　仕事とかでお忙しいんですか？」%K%P
%LC依夜
%LC依夜
「そうね、父はいつも忙しそうにしているわ」%K%P
「そうね、父はいつも忙しそうにしているわ」%K%P
%LC依夜
%LC依夜
「母は、私が子供の頃に亡くなって。\n　それもあって、私が家事をしているの」%K%P
「母は、私が子供の頃に亡くなって。\n　それもあって、私が家事をしているの」%K%P
%LC陽菜
%LC陽菜
「あ……」%K%P
「あ……」%K%P
あまりにもあっさりと告げるものだから、\nかえって言葉が出てこない。%K%P
あまりにもあっさりと告げるものだから、\nかえって言葉が出てこない。%K%P
こういうときって、なんて言えば――、%K%P
こういうときって、なんて言えば――、%K%P
%LC依夜
%LC依夜
「……ごめんなさい、陽菜」%K%P
「……ごめんなさい、陽菜」%K%P
%LC陽菜
%LC陽菜
「え……？」%K%P
「え……？」%K%P
%LC依夜
%LC依夜
「困らせる気はなかったのだけど……。\n　急にあんなことを言われても、戸惑うだけよね」%K%P
「困らせる気はなかったのだけど……。\n　急にあんなことを言われても、戸惑うだけよね」%K%P
%LC陽菜
%LC陽菜
「いっ、いえ。依夜様は、悪くありません」%K%P
「いっ、いえ。依夜様は、悪くありません」%K%P
%LC陽菜
%LC陽菜
「私のほうこそ、すみませんでした。\n　急に立ち入ったことを聞いてしまって」%K%P
「私のほうこそ、すみませんでした。\n　急に立ち入ったことを聞いてしまって」%K%P
%LC依夜
%LC依夜
「あなたは私の両親について尋ねただけで、\n　そこに、悪意や悪気はないでしょう？」%K%P
「あなたは私の両親について尋ねただけで、\n　そこに、悪意や悪気はないでしょう？」%K%P
%LC依夜
%LC依夜
「なら、謝る必要はないわ」%K%P
「なら、謝る必要はないわ」%K%P
%LC陽菜
%LC陽菜
「ん……」%K%P
「ん……」%K%P
穏やかに言われてしまい、口を噤む。%K%P
穏やかに言われてしまい、口を噤む。%K%P
依夜様の意見はもっともなんだけど……、\nそれだけに、かえってもどかしい。%K%P
依夜様の意見はもっともなんだけど……、\nそれだけに、かえってもどかしい。%K%P
%LC依夜
%LC依夜
「ん……ごめんなさい。私、また……」%K%P
「ん……ごめんなさい。私、また……」%K%P
%LC依夜
%LC依夜
「もっと、うまく言えたらいいのだけど……。\n　咄嗟に気持ちを言葉にするのが、どうにも下手で」%K%P
「もっと、うまく言えたらいいのだけど……。\n　咄嗟に気持ちを言葉にするのが、どうにも下手で」%K%P
またもや黙り込むオレを見かねたように、\n依夜様が再び頭を下げる。%K%P
またもや黙り込むオレを見かねたように、\n依夜様が再び頭を下げる。%K%P
以前、ファンレターの返事を書いていたときも、\n依夜様は似たようなことを言っていた。%K%P
以前、ファンレターの返事を書いていたときも、\n依夜様は似たようなことを言っていた。%K%P
自分の気持ちを言葉にするのが、\nあまり得意なほうではない――って。%K%P
自分の気持ちを言葉にするのが、\nあまり得意なほうではない――って。%K%P
%LC陽菜
%LC陽菜
「依夜様、謝らないでください。\n　気持ちはちゃんと伝わってますから」%K%P
「依夜様、謝らないでください。\n　気持ちはちゃんと伝わってますから」%K%P
%LC陽菜
%LC陽菜
「そのうえで、すみませんでした。\n　黙り込んでしまったせいで、気をつかわせて」%K%P
「そのうえで、すみませんでした。\n　黙り込んでしまったせいで、気をつかわせて」%K%P
%LC陽菜
%LC陽菜
「私、家族や友人を亡くした経験がなくて。\n　だから、なんて言えばいいか、わからなくて」%K%P
「私、家族や友人を亡くした経験がなくて。\n　だから、なんて言えばいいか、わからなくて」%K%P
%LC依夜
%LC依夜
「そう……。なら、なおのこと……いえ、\n　そうじゃなくて、ええと――」%K%P
「そう……。なら、なおのこと……いえ、\n　そうじゃなくて、ええと――」%K%P
%LC依夜
%LC依夜
「母が亡くなったのは、結構前だから。\n　当時は、色々と大変だったのだけれど――」%K%P
「母が亡くなったのは、結構前だから。\n　当時は、色々と大変だったのだけれど――」%K%P
%LC依夜
%LC依夜
「でも、今はもう平気よ。\n　陽菜が気に病むことはないわ」%K%P
「でも、今はもう平気よ。\n　陽菜が気に病むことはないわ」%K%P
%LC陽菜
%LC陽菜
「はい」%K%P
「はい」%K%P
頷くと、依夜様はほっと息を吐いた。%K%P
頷くと、依夜様はほっと息を吐いた。%K%P
言い淀みながらも、まとめてくれた言葉。%K%P
言い淀みながらも、まとめてくれた言葉。%K%P
依夜様が紡いでくれた想いには、\nオレへの気遣いと優しさが詰まっていた。%K%P
依夜様が紡いでくれた想いには、\nオレへの気遣いと優しさが詰まっていた。%K%P
%LC依夜
%LC依夜
「陽菜の話を聞くはずが、\n　すっかりその腰を折ってしまったわね」%K%P
「陽菜の話を聞くはずが、\n　すっかりその腰を折ってしまったわね」%K%P
%LC依夜
%LC依夜
「この流れでは、\n　切り出しにくいかもしれないけれど――」%K%P
「この流れでは、\n　切り出しにくいかもしれないけれど――」%K%P
%LC依夜
%LC依夜
「陽菜の用というのは、\n　エンゲージのことでいいの？」%K%P
「陽菜の用というのは、\n　エンゲージのことでいいの？」%K%P
%LC陽菜
%LC陽菜
「はい。まさに、エンゲージの件です」%K%P
「はい。まさに、エンゲージの件です」%K%P
依夜様は切り出しにくいと言ったけど、\nさっきのやりとりで、かえって緊張がほぐれた。%K%P
依夜様は切り出しにくいと言ったけど、\nさっきのやりとりで、かえって緊張がほぐれた。%K%P
エンゲージは一人でするものじゃない。\n相手がいて、初めて成立するものなんだ。%K%P
エンゲージは一人でするものじゃない。\n相手がいて、初めて成立するものなんだ。%K%P
いま思っていることを、素直に伝えてみよう。%K%P
いま思っていることを、素直に伝えてみよう。%K%P
%LC陽菜
%LC陽菜
「最初に廊下で声を掛けたとき、\n　私はエンゲージを申し込む気でいたんです」%K%P
「最初に廊下で声を掛けたとき、\n　私はエンゲージを申し込む気でいたんです」%K%P
%LC陽菜
%LC陽菜
「でも、依夜様とトレーニングしたら、\n　どうすればいいか、わからなくなって」%K%P
「でも、依夜様とトレーニングしたら、\n　どうすればいいか、わからなくなって」%K%P
%LC依夜
%LC依夜
「わからない、というのは？」%K%P
「わからない、というのは？」%K%P
%LC陽菜
%LC陽菜
「エンゲージした人とは共に戦うわけだから、\n　対決する機会がなくなってしまうでしょ？」%K%P
「エンゲージした人とは共に戦うわけだから、\n　対決する機会がなくなってしまうでしょ？」%K%P
%LC陽菜
%LC陽菜
「でも、模擬戦をしていて思ったんです。\n　依夜様ともう一度、テアトルで戦いたいって」%K%P
「でも、模擬戦をしていて思ったんです。\n　依夜様ともう一度、テアトルで戦いたいって」%K%P
%LC陽菜
%LC陽菜
「依夜様とエンゲージしたい。\n　けど、対決もしてみたい」%K%P
「依夜様とエンゲージしたい。\n　けど、対決もしてみたい」%K%P
%LC陽菜
%LC陽菜
「それで、どうすればいいのかなって」%K%P
「それで、どうすればいいのかなって」%K%P
%LC依夜
%LC依夜
「そう……。そういうことなら良かった」%K%P
「そう……。そういうことなら良かった」%K%P
%LC陽菜
%LC陽菜
「良かった？」%K%P
「良かった？」%K%P
%LC依夜
%LC依夜
「一緒に練習した結果、エンゲージしたくないって、\n　そう思われてしまう可能性もあったわけだから」%K%P
「一緒に練習した結果、エンゲージしたくないって、\n　そう思われてしまう可能性もあったわけだから」%K%P
%LC依夜
%LC依夜
「あなたに落胆されなくて良かった、という意味」%K%P
「あなたに落胆されなくて良かった、という意味」%K%P
%LC陽菜
%LC陽菜
「さすがにそれはないですっ。\n　依夜様の実力は知ってますし――」%K%P
「さすがにそれはないですっ。\n　依夜様の実力は知ってますし――」%K%P
……ん？　いまの言い方、ひょっとして――、%K%P
……ん？　いまの言い方、ひょっとして――、%K%P
%LC陽菜
%LC陽菜
「あの……私の用がエンゲージのことだって、\n　依夜様、最初から気付いてたんですか……？」%K%P
「あの……私の用がエンゲージのことだって、\n　依夜様、最初から気付いてたんですか……？」%K%P
%LC依夜
%LC依夜
「かもしれない、ぐらいには。\n　心当たりはそれしかなかったから」%K%P
「かもしれない、ぐらいには。\n　心当たりはそれしかなかったから」%K%P
%LC陽菜
%LC陽菜
「じゃあ、練習に誘ってくれたのは」%K%P
「じゃあ、練習に誘ってくれたのは」%K%P
%LC依夜
%LC依夜
「人目のない場所のほうが話しやすいだろうと\n　思ったのが、半分」%K%P
「人目のない場所のほうが話しやすいだろうと\n　思ったのが、半分」%K%P
%LC依夜
%LC依夜
「もう半分は、あらためて私の実力を見てもらって、\n　エンゲージに足る相手か判断してもらうため」%K%P
「もう半分は、あらためて私の実力を見てもらって、\n　エンゲージに足る相手か判断してもらうため」%K%P
%LC陽菜
%LC陽菜
「そこまで考えて……」%K%P
「そこまで考えて……」%K%P
気持ちを言葉にするのは不得手だというけど、\nその分、洞察力と行動力が半端ない。%K%P
気持ちを言葉にするのは不得手だというけど、\nその分、洞察力と行動力が半端ない。%K%P
%LC依夜
%LC依夜
「陽菜がエンゲージしたいと言ってくれるなら、\n　私はそれを受け入れる」%K%P
「陽菜がエンゲージしたいと言ってくれるなら、\n　私はそれを受け入れる」%K%P
%LC依夜
%LC依夜
「さっき美実にも言ったことだけれど、\n　相手が誰であろうと、断る気はないから」%K%P
「さっき美実にも言ったことだけれど、\n　相手が誰であろうと、断る気はないから」%K%P
%LC陽菜
%LC陽菜
「自分から誰かにエンゲージを\n　申し込む気はないんですか？」%K%P
「自分から誰かにエンゲージを\n　申し込む気はないんですか？」%K%P
%LC依夜
%LC依夜
「ないわ。困らせたくないもの」%K%P
「ないわ。困らせたくないもの」%K%P
%LC陽菜
%LC陽菜
「困らせるって……{最優秀騎士:ブリランテ}の依夜様と\n　共に戦えるなら、みんな嬉しいと思いますけど」%K%P
「困らせるって……{最優秀騎士:ブリランテ}の依夜様と\n　共に戦えるなら、みんな嬉しいと思いますけど」%K%P
%LC依夜
%LC依夜
「{最優秀騎士:ブリランテ}だからこそよ」%K%P
「{最優秀騎士:ブリランテ}だからこそよ」%K%P
%LC依夜
%LC依夜
「私は２年連続{最優秀騎士:ブリランテ}で、\n　周囲は、今年も優勝を期待してくれている」%K%P
「私は２年連続{最優秀騎士:ブリランテ}で、\n　周囲は、今年も優勝を期待してくれている」%K%P
%LC依夜
%LC依夜
「勝つことを期待されているということは、\n　負ければ落胆させてしまうということなの」%K%P
「勝つことを期待されているということは、\n　負ければ落胆させてしまうということなの」%K%P
%LC依夜
%LC依夜
「私はそれを気にしてはいないけれど、\n　ペアになる相手もそうだとは限らないでしょう？」%K%P
「私はそれを気にしてはいないけれど、\n　ペアになる相手もそうだとは限らないでしょう？」%K%P
%LC依夜
%LC依夜
「負けたとき、他の子と組んでいれば天海依夜は\n　勝てたのに……なんて、言われないとも限らない」%K%P
「負けたとき、他の子と組んでいれば天海依夜は\n　勝てたのに……なんて、言われないとも限らない」%K%P
%LC依夜
%LC依夜
「端的に言えば、重荷を背負わせてしまうの」%K%P
「端的に言えば、重荷を背負わせてしまうの」%K%P
%LC依夜
%LC依夜
「それがわかっているのに、私から\n　エンゲージしましょう、とは……言えないだけ」%K%P
「それがわかっているのに、私から\n　エンゲージしましょう、とは……言えないだけ」%K%P
ついさっきのたどたどしい謝罪とは違い、\n穏やかに告げる依夜様の口調に、淀みはない。%K%P
ついさっきのたどたどしい謝罪とは違い、\n穏やかに告げる依夜様の口調に、淀みはない。%K%P
それってつまり、オレが聞く前から、\n考えがまとまっていたってことだろう。%K%P
それってつまり、オレが聞く前から、\n考えがまとまっていたってことだろう。%K%P
ニナさんがエンゲージ方式を発表してから、\nまだ数時間しか経っていない。%K%P
ニナさんがエンゲージ方式を発表してから、\nまだ数時間しか経っていない。%K%P
そのわずかな時間で、\n依夜様はいまの結論を出していたってことだ。%K%P
そのわずかな時間で、\n依夜様はいまの結論を出していたってことだ。%K%P
%LC陽菜
%LC陽菜
「……優しいですね、依夜様は」%K%P
「……優しいですね、依夜様は」%K%P
ファンレターの一件でも思ったことだけど、\n物事への向き合い方が、いつも真摯で、誠実で。%K%P
ファンレターの一件でも思ったことだけど、\n物事への向き合い方が、いつも真摯で、誠実で。%K%P
そんな彼女の人柄も、\n一緒に戦ってみたい要因のひとつに違いない。%K%P
そんな彼女の人柄も、\n一緒に戦ってみたい要因のひとつに違いない。%K%P
%LC依夜
%LC依夜
「こういうのは臆病というの。\n　{他人:ひと}に迷惑をかけるのが怖いだけ」%K%P
「こういうのは臆病というの。\n　{他人:ひと}に迷惑をかけるのが怖いだけ」%K%P
%LC陽菜
%LC陽菜
「そんなことありません。\n　人を憂うと書いて、優しさですから」%K%P
「そんなことありません。\n　人を憂うと書いて、優しさですから」%K%P
%LC陽菜
%LC陽菜
「強くあるためには優しさが大切だって、\n　ある人が言ってました」%K%P
「強くあるためには優しさが大切だって、\n　ある人が言ってました」%K%P
%LC依夜
%LC依夜
「ひょっとして、宗千佳先生？」%K%P
「ひょっとして、宗千佳先生？」%K%P
%LC陽菜
%LC陽菜
「えっ……ええ、そうですけど」%K%P
「えっ……ええ、そうですけど」%K%P
さらっと言い当てられて驚いてしまう。%K%P
さらっと言い当てられて驚いてしまう。%K%P
そういえば依夜様は、銀蘭入学以前から\n姉さんと面識があるんだったっけ。%K%P
そういえば依夜様は、銀蘭入学以前から\n姉さんと面識があるんだったっけ。%K%P
%LC依夜
%LC依夜
「私も昔、似たようなことを言われたの」%K%P
「私も昔、似たようなことを言われたの」%K%P
%LC依夜
%LC依夜
「先生と、出会ったばかりの頃に」%K%P
「先生と、出会ったばかりの頃に」%K%P
%LC陽菜
%LC陽菜
「出会った、ばかり……」%K%P
「出会った、ばかり……」%K%P
思わず、依夜様の言葉を繰り返す。%K%P
思わず、依夜様の言葉を繰り返す。%K%P
宗千佳先生と出会ったから、いまの私がある――、\n以前、依夜様は確かそう言っていた。%K%P
宗千佳先生と出会ったから、いまの私がある――、\n以前、依夜様は確かそう言っていた。%K%P
%LC陽菜
%LC陽菜
「あの……その話、\n　詳しく聞いてもいいですか？」%K%P
「あの……その話、\n　詳しく聞いてもいいですか？」%K%P
%LC依夜
%LC依夜
「別に、いいけれど……。\n　微細に述べると、少し長くなるかも」%K%P
「別に、いいけれど……。\n　微細に述べると、少し長くなるかも」%K%P
%LC陽菜
%LC陽菜
「構いません。\n　依夜様のことが知りたいんです」%K%P
「構いません。\n　依夜様のことが知りたいんです」%K%P
%LC陽菜
%LC陽菜
「エンゲージする相手のことは、\n　できるだけ知っておきたいなって」%K%P
「エンゲージする相手のことは、\n　できるだけ知っておきたいなって」%K%P
%LC依夜
%LC依夜
「陽菜……。いいの？　本当に」%K%P
「陽菜……。いいの？　本当に」%K%P
%LC陽菜
%LC陽菜
「はい。依夜様さえよければ」%K%P
「はい。依夜様さえよければ」%K%P
%LC依夜
%LC依夜
「そう……。なら、お茶とお菓子のおかわり、\n　少し多めに用意しましょうか」%K%P
「そう……。なら、お茶とお菓子のおかわり、\n　少し多めに用意しましょうか」%K%P
%LC依夜
%LC依夜
「自分のことを話すだなんて、滅多にないから。\n　きっと長い話になってしまうはずよ」%K%P
「自分のことを話すだなんて、滅多にないから。\n　きっと長い話になってしまうはずよ」%K%P
そう言った依夜様は、さっきよりも嬉しそうに、\nお茶とお菓子の補充を始めた。%K%P
そう言った依夜様は、さっきよりも嬉しそうに、\nお茶とお菓子の補充を始めた。%K%P
%LC依夜
%LC依夜
「私の家が神社だというのは、\n　以前、話したと思うけれど――」%K%P
「私の家が神社だというのは、\n　以前、話したと思うけれど――」%K%P
%LC依夜
%LC依夜
「宮司の父は、剣道場を開ける程の腕前で、\n　幼い頃から私に剣道を指導してくれたの」%K%P
「宮司の父は、剣道場を開ける程の腕前で、\n　幼い頃から私に剣道を指導してくれたの」%K%P
%LC依夜
%LC依夜
「亡くなった母は、もともと身体が弱かったから。\n　私が剣道をやることを、応援してくれて」%K%P
「亡くなった母は、もともと身体が弱かったから。\n　私が剣道をやることを、応援してくれて」%K%P
%LC依夜
%LC依夜
「そんな母の想いに応えたい気持ちもあって、\n　剣道に打ち込んだ結果、私は強くなっていった」%K%P
「そんな母の想いに応えたい気持ちもあって、\n　剣道に打ち込んだ結果、私は強くなっていった」%K%P
%LC依夜
%LC依夜
「でも、そうして強くなればなるほど、\n　私は剣道が嫌いになっていったの」%K%P
「でも、そうして強くなればなるほど、\n　私は剣道が嫌いになっていったの」%K%P
%LC陽菜
%LC陽菜
「え……？　嫌いに、ですか？」%K%P
「え……？　嫌いに、ですか？」%K%P
%LC依夜
%LC依夜
「うん。正確には、剣道をしている自分が」%K%P
「うん。正確には、剣道をしている自分が」%K%P
%LC依夜
%LC依夜
「抽象的な質問になってしまうけれど、\n　陽菜は剣道が強い子のことを、どう思う？」%K%P
「抽象的な質問になってしまうけれど、\n　陽菜は剣道が強い子のことを、どう思う？」%K%P
%LC陽菜
%LC陽菜
「それは……格好いいなって、思います」%K%P
「それは……格好いいなって、思います」%K%P
自分が目標として掲げたイメージだけに、\n真っ先に浮かんだのは、他でもないその言葉だった。%K%P
自分が目標として掲げたイメージだけに、\n真っ先に浮かんだのは、他でもないその言葉だった。%K%P
%LC依夜
%LC依夜
「まさしく、小学校の頃の私は、\n　誰の目から見ても格好よかったみたい」%K%P
「まさしく、小学校の頃の私は、\n　誰の目から見ても格好よかったみたい」%K%P
%LC依夜
%LC依夜
「当時の友達は、口を揃えて言っていたわ。\n　依夜ちゃんは強くて格好いいって」%K%P
「当時の友達は、口を揃えて言っていたわ。\n　依夜ちゃんは強くて格好いいって」%K%P
%LC依夜
%LC依夜
「でも、私はそんな自分が好きじゃなかった」%K%P
「でも、私はそんな自分が好きじゃなかった」%K%P
%LC依夜
%LC依夜
「あまり人に言ったことはないのだけれど、\n　私は昔から、可愛いものが大好きで――」%K%P
「あまり人に言ったことはないのだけれど、\n　私は昔から、可愛いものが大好きで――」%K%P
%LC依夜
%LC依夜
「本当は竹刀を振るより、ぬいぐるみを抱いたり、\n　着せ替え人形で遊びたい子供だったの」%K%P
「本当は竹刀を振るより、ぬいぐるみを抱いたり、\n　着せ替え人形で遊びたい子供だったの」%K%P
%LC依夜
%LC依夜
「でも、周囲が私に求め、与えるものは、\n　すべて格好いい物事ばかりだった」%K%P
「でも、周囲が私に求め、与えるものは、\n　すべて格好いい物事ばかりだった」%K%P
%LC依夜
%LC依夜
「私はそれが、息苦しくて……。\n　だから、剣道をしている自分が嫌いだった」%K%P
「私はそれが、息苦しくて……。\n　だから、剣道をしている自分が嫌いだった」%K%P
%LC陽菜
%LC陽菜
「辞めようとは思わなかったんですか？」%K%P
「辞めようとは思わなかったんですか？」%K%P
%LC依夜
%LC依夜
「思ってた。けれど、それを両親に話そうと\n　考えていた矢先、母が亡くなってしまって」%K%P
「思ってた。けれど、それを両親に話そうと\n　考えていた矢先、母が亡くなってしまって」%K%P
%LC依夜
%LC依夜
「剣道をする私を応援していた母を想うと、\n　本当に辞めてもいいのか、わからなくなって」%K%P
「剣道をする私を応援していた母を想うと、\n　本当に辞めてもいいのか、わからなくなって」%K%P
%LC依夜
%LC依夜
「そんなときよ。宗千佳先生と出会ったのは」%K%P
「そんなときよ。宗千佳先生と出会ったのは」%K%P
依夜様の実家の神社では、\n年に１度、剣舞を奉納している。%K%P
依夜様の実家の神社では、\n年に１度、剣舞を奉納している。%K%P
この剣舞を奉納していたのが、\n姉さんの父親――つまり、オレの叔父さん。%K%P
この剣舞を奉納していたのが、\n姉さんの父親――つまり、オレの叔父さん。%K%P
けれどある年、叔父さんは体調を崩してしまい、\n剣舞を奉納する役の代理を立てることになった。%K%P
けれどある年、叔父さんは体調を崩してしまい、\n剣舞を奉納する役の代理を立てることになった。%K%P
その代理というのが、姉さんだった。%K%P
その代理というのが、姉さんだった。%K%P
%LC依夜
%LC依夜
「先生の剣舞は、とても荘厳で……。\n　私はただただ圧倒されるばかりだった」%K%P
「先生の剣舞は、とても荘厳で……。\n　私はただただ圧倒されるばかりだった」%K%P
%LC依夜
%LC依夜
「そんな私の視線に気付いていた先生は、\n　剣舞奉納が終わった後、笑ってこう言ったの」%K%P
「そんな私の視線に気付いていた先生は、\n　剣舞奉納が終わった後、笑ってこう言ったの」%K%P
%LC依夜
%LC依夜
「『どうだ、私の剣舞は。\n　　格好よかっただろう？』――って」%K%P
「『どうだ、私の剣舞は。\n　　格好よかっただろう？』――って」%K%P
%LC陽菜
%LC陽菜
「うわ……」%K%P
「うわ……」%K%P
言いそう。すっごく言いそう。%K%P
言いそう。すっごく言いそう。%K%P
まったく知らない光景のはずなのに、\nドヤ顔の姉さんがありありと浮かんでくる。%K%P
まったく知らない光景のはずなのに、\nドヤ顔の姉さんがありありと浮かんでくる。%K%P
%LC依夜
%LC依夜
「その一言は、格好いいと評されることを\n　嫌っていた私には衝撃的だった」%K%P
「その一言は、格好いいと評されることを\n　嫌っていた私には衝撃的だった」%K%P
%LC依夜
%LC依夜
「自分で自分を、格好いい、なんて……。\n　そんなことを言う人、周囲にいなかったから」%K%P
「自分で自分を、格好いい、なんて……。\n　そんなことを言う人、周囲にいなかったから」%K%P
%LC依夜
%LC依夜
「でも、先生は確かに、格好よくて……」%K%P
「でも、先生は確かに、格好よくて……」%K%P
%LC依夜
%LC依夜
「だから私は、思い切って先生に打ち明けたの。\n　自分の悩みやコンプレックスを、すべて」%K%P
「だから私は、思い切って先生に打ち明けたの。\n　自分の悩みやコンプレックスを、すべて」%K%P
%LC依夜
%LC依夜
「いま思えば、先生は相当困ったでしょうね。\n　見知らぬ子供が人生相談をしてきたんだもの」%K%P
「いま思えば、先生は相当困ったでしょうね。\n　見知らぬ子供が人生相談をしてきたんだもの」%K%P
%LC依夜
%LC依夜
「でも、先生は黙って話を聞き届けたあと、\n　私の頭を撫でながら、こう言ったわ」%K%P
「でも、先生は黙って話を聞き届けたあと、\n　私の頭を撫でながら、こう言ったわ」%K%P
%LC依夜
%LC依夜
「亡き母を想い憂う私は、優しい子だと。\n　優しい子は、強くなれると」%K%P
「亡き母を想い憂う私は、優しい子だと。\n　優しい子は、強くなれると」%K%P
%LC依夜
%LC依夜
「ちょうど、さっきの陽菜のように」%K%P
「ちょうど、さっきの陽菜のように」%K%P
%LC陽菜
%LC陽菜
「ん……」%K%P
「ん……」%K%P
思いも寄らぬ展開の末に辿り着いた真相に、\nなんもと言えない照れくささを感じる。%K%P
思いも寄らぬ展開の末に辿り着いた真相に、\nなんもと言えない照れくささを感じる。%K%P
でも、同時に懐かしさも感じた。%K%P
でも、同時に懐かしさも感じた。%K%P
剣術を習い始めた頃、姉さんはよく言っていた。%K%P
剣術を習い始めた頃、姉さんはよく言っていた。%K%P
強くあるためには、優しさが大切だと。\n人を憂う心は、大きな力になると。%K%P
強くあるためには、優しさが大切だと。\n人を憂う心は、大きな力になると。%K%P
大切なものを守りたいという意志は、\nときとして何より強く、格好いいのだと。%K%P
大切なものを守りたいという意志は、\nときとして何より強く、格好いいのだと。%K%P
おそらくあれは、留学で騎士道を学んだ姉さんが、\n幼いオレのために噛み砕いた訓戒だったに違いない。%K%P
おそらくあれは、留学で騎士道を学んだ姉さんが、\n幼いオレのために噛み砕いた訓戒だったに違いない。%K%P
%LC依夜
%LC依夜
「それから先生は、おかしそうに笑って――」%K%P
「それから先生は、おかしそうに笑って――」%K%P
%LC宗千佳
%LC宗千佳
「奇遇なこともあるものだ――だったか」%K%P
「奇遇なこともあるものだ――だったか」%K%P
%LC依夜
%LC依夜
「せ、先生っ……」%K%P
「せ、先生っ……」%K%P
%LC宗千佳
%LC宗千佳
「すまない。驚かせてしまったか」%K%P
「すまない。驚かせてしまったか」%K%P
%LC陽菜
%LC陽菜
「おっ……驚くに決まってるからっ！\n　お化けみたいにぬっと出てきてっ……！」%K%P
「おっ……驚くに決まってるからっ！\n　お化けみたいにぬっと出てきてっ……！」%K%P
さしもの依夜様もちょっと腰が浮いてたし、\nオレなんて、驚きすぎて一瞬声がでなかった。%K%P
さしもの依夜様もちょっと腰が浮いてたし、\nオレなんて、驚きすぎて一瞬声がでなかった。%K%P
%LC陽菜
%LC陽菜
「だいたい、なんでここにいるの」%K%P
「だいたい、なんでここにいるの」%K%P
%LC宗千佳
%LC宗千佳
「陽菜に用があって探していたら、\n　たまたま会った美実に、部室にいると教わってな」%K%P
「陽菜に用があって探していたら、\n　たまたま会った美実に、部室にいると教わってな」%K%P
%LC陽菜
%LC陽菜
「だとしても、せめてノックぐらい」%K%P
「だとしても、せめてノックぐらい」%K%P
%LC宗千佳
%LC宗千佳
「取り込み中かもしれないから、ノックはせず、\n　まずは室内の様子を窺えとも言われてな」%K%P
「取り込み中かもしれないから、ノックはせず、\n　まずは室内の様子を窺えとも言われてな」%K%P
相手が誰でも美実様って本当にブレないし、\nそれを実行する姉さんも姉さんだと思う。%K%P
相手が誰でも美実様って本当にブレないし、\nそれを実行する姉さんも姉さんだと思う。%K%P
%LC陽菜
%LC陽菜
「それで？　いつから聞いてたの？」%K%P
「それで？　いつから聞いてたの？」%K%P
%LC宗千佳
%LC宗千佳
「私が父の代理で剣舞を奉納しにきた――、\n　あたりからか」%K%P
「私が父の代理で剣舞を奉納しにきた――、\n　あたりからか」%K%P
%LC宗千佳
%LC宗千佳
「懐かしさもあって、\n　つい聞き耳を立ててしまった」%K%P
「懐かしさもあって、\n　つい聞き耳を立ててしまった」%K%P
%LC陽菜
%LC陽菜
「盗み聞きしといて開き直らないの」%K%P
「盗み聞きしといて開き直らないの」%K%P
%LC宗千佳
%LC宗千佳
「まったくもってその通りだ。\n　二人とも、すまなかったな」%K%P
「まったくもってその通りだ。\n　二人とも、すまなかったな」%K%P
%LC依夜
%LC依夜
「いえ。先生の気配に気づけなかった、\n　私の未熟さが招いたことです」%K%P
「いえ。先生の気配に気づけなかった、\n　私の未熟さが招いたことです」%K%P
%LC陽菜
%LC陽菜
「依夜様、違います。\n　今のは完全に先生がアウトです」%K%P
「依夜様、違います。\n　今のは完全に先生がアウトです」%K%P
%LC宗千佳
%LC宗千佳
「だな。私も陽菜と同意見だ」%K%P
「だな。私も陽菜と同意見だ」%K%P
%LC陽菜
%LC陽菜
「もう……」%K%P
「もう……」%K%P
%LC陽菜
%LC陽菜
「けど、さっきの言葉――、\n　奇遇っていうのは、どういうこと？」%K%P
「けど、さっきの言葉――、\n　奇遇っていうのは、どういうこと？」%K%P
%LC依夜
%LC依夜
「その頃、先生のもとには、\n　私と同じ年頃のお弟子さんがいたそうなの」%K%P
「その頃、先生のもとには、\n　私と同じ年頃のお弟子さんがいたそうなの」%K%P
%LC依夜
%LC依夜
「その子は私とは真逆で、格好よくなりたくて、\n　剣術を習い始めたんですって」%K%P
「その子は私とは真逆で、格好よくなりたくて、\n　剣術を習い始めたんですって」%K%P
%LC陽菜
%LC陽菜
（それって――）%K%P
（それって――）%K%P
思わず姉さんをちらっと見れば、\nすべてを察したように、小さく頷く。%K%P
思わず姉さんをちらっと見れば、\nすべてを察したように、小さく頷く。%K%P
%LC依夜
%LC依夜
「先生はその子のことを話したあと、\n　続けて、こう仰ったの」%K%P
「先生はその子のことを話したあと、\n　続けて、こう仰ったの」%K%P
%LC依夜
%LC依夜
「『依夜にとってはコンプレックスでも、\n　　それに憧れ、欲して努力する者がいる』」%K%P
「『依夜にとってはコンプレックスでも、\n　　それに憧れ、欲して努力する者がいる』」%K%P
%LC依夜
%LC依夜
「『依夜が積み重ねてきた努力と成果は、\n　　それぐらい、尊いものだと私は思う』」%K%P
「『依夜が積み重ねてきた努力と成果は、\n　　それぐらい、尊いものだと私は思う』」%K%P
%LC依夜
%LC依夜
「『無論、剣道をする自分が嫌いなら、\n　　無理して続ける必要はない』」%K%P
「『無論、剣道をする自分が嫌いなら、\n　　無理して続ける必要はない』」%K%P
%LC依夜
%LC依夜
「『亡き母君も、そんな娘の姿を見るのは、\n　　本懐ではないだろう』」%K%P
「『亡き母君も、そんな娘の姿を見るのは、\n　　本懐ではないだろう』」%K%P
%LC依夜
%LC依夜
「『だが、私を格好いいと思い、憧れたならば。\n　　いっそ、私を目標にするのはどうだ？』」%K%P
「『だが、私を格好いいと思い、憧れたならば。\n　　いっそ、私を目標にするのはどうだ？』」%K%P
%LC依夜
%LC依夜
「『今後は毎年、私が剣舞を奉納しにこよう。\n　　そしてそのたび、手合わせをしよう』」%K%P
「『今後は毎年、私が剣舞を奉納しにこよう。\n　　そしてそのたび、手合わせをしよう』」%K%P
%LC依夜
%LC依夜
「『もし、私に勝つことができたなら。\n　　それはとても格好いいことだと思うぞ』」%K%P
「『もし、私に勝つことができたなら。\n　　それはとても格好いいことだと思うぞ』」%K%P
%LC依夜
%LC依夜
「――私が今も剣を手にしているのは、\n　先生と出会い、この言葉をもらったから」%K%P
「――私が今も剣を手にしているのは、\n　先生と出会い、この言葉をもらったから」%K%P
%LC依夜
%LC依夜
「格好いいと言われることが、誇らしいとすら\n　思えるようになったも、先生のおかげ」%K%P
「格好いいと言われることが、誇らしいとすら\n　思えるようになったも、先生のおかげ」%K%P
%LC依夜
%LC依夜
「だから私は、先生にとても感謝しているの」%K%P
「だから私は、先生にとても感謝しているの」%K%P
熱を秘めた声で語った依夜様は、\n敬愛に満ちた眼差しで姉さんを見つめた。%K%P
熱を秘めた声で語った依夜様は、\n敬愛に満ちた眼差しで姉さんを見つめた。%K%P
それは、最初にトレーニングルームで会ったとき、\n姉さんのことを饒舌に語ったときの瞳と同じだった。%K%P
それは、最初にトレーニングルームで会ったとき、\n姉さんのことを饒舌に語ったときの瞳と同じだった。%K%P
%LC依夜
%LC依夜
「ね？　いまの私があるのは、\n　先生のおかげで間違いないでしょう？」%K%P
「ね？　いまの私があるのは、\n　先生のおかげで間違いないでしょう？」%K%P
%LC陽菜
%LC陽菜
「はい。素敵なお話、\n　ありがとうございました」%K%P
「はい。素敵なお話、\n　ありがとうございました」%K%P
思いがけない乱入もあったけれど、\n依夜様のことを知る、またとない時間になった。%K%P
思いがけない乱入もあったけれど、\n依夜様のことを知る、またとない時間になった。%K%P
%LC依夜
%LC依夜
「ところで先生。よい機会なので、\n　ひとつ、お伺いしたいのですが」%K%P
「ところで先生。よい機会なので、\n　ひとつ、お伺いしたいのですが」%K%P
%LC宗千佳
%LC宗千佳
「なんだ？」%K%P
「なんだ？」%K%P
%LC依夜
%LC依夜
「先生が話してくれた、格好よくなりたくて、\n　剣術を習い始めたお弟子さん、というのは――」%K%P
「先生が話してくれた、格好よくなりたくて、\n　剣術を習い始めたお弟子さん、というのは――」%K%P
%LC依夜
%LC依夜
%XS21「陽菜のことですか？」%XE%K%P
%XS21「陽菜のことですか？」%XE%K%P
%LC陽菜・宗千佳
%LC陽菜・宗千佳
「え――」\n「な――」%K%P
「え――」\n「な――」%K%P
思わず声を上げたあと、\nゆっくりゆっくり、姉さんと見つめ合う。%K%P
思わず声を上げたあと、\nゆっくりゆっくり、姉さんと見つめ合う。%K%P
%LC依夜
%LC依夜
「実を言うと、陽菜が編入して以来、\n　そうではないかと思っていたんです」%K%P
「実を言うと、陽菜が編入して以来、\n　そうではないかと思っていたんです」%K%P
%LC依夜
%LC依夜
「先生の弟子であり、年頃も私と近く、\n　なにより、とても可愛らしくて――」%K%P
「先生の弟子であり、年頃も私と近く、\n　なにより、とても可愛らしくて――」%K%P
%LC依夜
%LC依夜
「先生の話して下さった人物像と、\n　見事に一致していましたから」%K%P
「先生の話して下さった人物像と、\n　見事に一致していましたから」%K%P
%LC依夜
%LC依夜
「ずっと気になっていたんですが……。\n　伺う機会もなく、今日まで聞けずじまいで」%K%P
「ずっと気になっていたんですが……。\n　伺う機会もなく、今日まで聞けずじまいで」%K%P
%LC依夜
%LC依夜
「先生、どうなんでしょうか？」%K%P
「先生、どうなんでしょうか？」%K%P
%LC宗千佳
%LC宗千佳
「そう、だな……。\n　確かに依夜の言う通りだ」%K%P
「そう、だな……。\n　確かに依夜の言う通りだ」%K%P
%XS21えっ……ちょっ、ちょおおおおおおっ……！？%XE%K%P
%XS21えっ……ちょっ、ちょおおおおおおっ……！？%XE%K%P
%LC陽菜
%LC陽菜
「認めちゃっていいの、それっ……！？」%K%P
「認めちゃっていいの、それっ……！？」%K%P
%LC宗千佳
%LC宗千佳
「問題ない」%K%P
「問題ない」%K%P
%LC宗千佳
%LC宗千佳
「確かに、依夜に日向のことは話した。\n　だが、名前や性別までは伝えていない」%K%P
「確かに、依夜に日向のことは話した。\n　だが、名前や性別までは伝えていない」%K%P
%LC宗千佳
%LC宗千佳
「いまここで同一人物だと認めても、\n　そこから陽菜の正体がバレることはない」%K%P
「いまここで同一人物だと認めても、\n　そこから陽菜の正体がバレることはない」%K%P
%LC宗千佳
%LC宗千佳
「むしろ、下手に誤魔化すほうがボロが出る。\n　同一人物であることは本当なんだからな」%K%P
「むしろ、下手に誤魔化すほうがボロが出る。\n　同一人物であることは本当なんだからな」%K%P
%LC陽菜
%LC陽菜
「あ……」%K%P
「あ……」%K%P
姉さんに言われて、なるほど、と思った。%K%P
姉さんに言われて、なるほど、と思った。%K%P
杏奈ちゃんのように日向をよく知る相手ならば、\n同一人物だとバレた時点で、女装もバレてしまう。%K%P
杏奈ちゃんのように日向をよく知る相手ならば、\n同一人物だとバレた時点で、女装もバレてしまう。%K%P
けど、依夜様は日向と会ったことがない。%K%P
けど、依夜様は日向と会ったことがない。%K%P
『宗千佳先生のところには、自分と同じ年頃の、\n　格好よくなりたいと思っている弟子がいた』%K%P
『宗千佳先生のところには、自分と同じ年頃の、\n　格好よくなりたいと思っている弟子がいた』%K%P
知っている情報がこの程度であれば、\n確かに、認めてしまったほうが良さそうだ。%K%P
知っている情報がこの程度であれば、\n確かに、認めてしまったほうが良さそうだ。%K%P
%LC宗千佳
%LC宗千佳
「依夜には後でフォローもしておく。\n　それでいいか？」%K%P
「依夜には後でフォローもしておく。\n　それでいいか？」%K%P
%LC陽菜
%LC陽菜
「うん」%K%P
「うん」%K%P
この状況で素早く決断した姉さんには、\nただただ感服する他ない。%K%P
この状況で素早く決断した姉さんには、\nただただ感服する他ない。%K%P
%LC陽菜
%LC陽菜
「すみません、依夜様。\n　いきなり内緒話を始めてしまって」%K%P
「すみません、依夜様。\n　いきなり内緒話を始めてしまって」%K%P
%LC依夜
%LC依夜
「気にしないで。\n　質問をしたのはこちらなのだし」%K%P
「気にしないで。\n　質問をしたのはこちらなのだし」%K%P
%LC依夜
%LC依夜
「でも、そう……。\n　あなたが例のお弟子さんだったのね」%K%P
「でも、そう……。\n　あなたが例のお弟子さんだったのね」%K%P
%LC依夜
%LC依夜
「私、あなたに会ってみたいって、\n　ずっと思っていたの」%K%P
「私、あなたに会ってみたいって、\n　ずっと思っていたの」%K%P
%LC依夜
%LC依夜
「だから、こうして会えて嬉しい」%K%P
「だから、こうして会えて嬉しい」%K%P
%LC依夜
%LC依夜
「あっ……でも、すでに会っていたのだから、\n　会えて嬉しいというのも、少し変よね」%K%P
「あっ……でも、すでに会っていたのだから、\n　会えて嬉しいというのも、少し変よね」%K%P
%LC依夜
%LC依夜
「こういう場合は、ええと……。\n　……うん、そうね」%K%P
「こういう場合は、ええと……。\n　……うん、そうね」%K%P
%LC依夜
%LC依夜
「会えていて嬉しいわ、陽菜」%K%P
「会えていて嬉しいわ、陽菜」%K%P
そうして依夜様は、ふんわりと会釈した。%K%P
そうして依夜様は、ふんわりと会釈した。%K%P
普段は感情の機微が控えめな人なのに、\nそれが、ここまでご機嫌になってしまうなんて。%K%P
普段は感情の機微が控えめな人なのに、\nそれが、ここまでご機嫌になってしまうなんて。%K%P
いったい姉さんは、小さな頃のオレのことを、\nどんなふうに依夜様に話して聞かせていたんだか。%K%P
いったい姉さんは、小さな頃のオレのことを、\nどんなふうに依夜様に話して聞かせていたんだか。%K%P
%LC依夜
%LC依夜
「陽菜。私ね、あなたに会えたら、\n　どうしても聞いてみたいことがあったの」%K%P
「陽菜。私ね、あなたに会えたら、\n　どうしても聞いてみたいことがあったの」%K%P
%LC陽菜
%LC陽菜
「それって、先生から伝え聞いていた、\n　同じ年頃の弟子である私に、ってことですよね？」%K%P
「それって、先生から伝え聞いていた、\n　同じ年頃の弟子である私に、ってことですよね？」%K%P
%LC依夜
%LC依夜
「うん、そう。ごめんなさい、ややこしくて」%K%P
「うん、そう。ごめんなさい、ややこしくて」%K%P
%LC陽菜
%LC陽菜
「いえ。それで？　なんですか？」%K%P
「いえ。それで？　なんですか？」%K%P
%LC依夜
%LC依夜
「あなたから見て、私は格好いい？」%K%P
「あなたから見て、私は格好いい？」%K%P
%LC陽菜
%LC陽菜
「はい。すっごく格好いいです」%K%P
「はい。すっごく格好いいです」%K%P
%LC依夜
%LC依夜
「ありがとう。……嬉しい」%K%P
「ありがとう。……嬉しい」%K%P
迷わず告げた真っ直ぐな答えに、\n依夜様はどこかくすぐったそうに微笑む。%K%P
迷わず告げた真っ直ぐな答えに、\n依夜様はどこかくすぐったそうに微笑む。%K%P
その笑顔は、すごく可愛かった。%K%P
その笑顔は、すごく可愛かった。%K%P
