初めてデートをした翌週、\nその機会は唐突にやってきた。%K%P
初めてデートをした翌週、\nその機会は唐突にやってきた。%K%P
%LC陽菜
%LC陽菜
「――お礼？」%K%P
「――お礼？」%K%P
%LC依夜
%LC依夜
「以前、陽菜が巫女の代役を\n　引き受けてくれたことがあったでしょう？」%K%P
「以前、陽菜が巫女の代役を\n　引き受けてくれたことがあったでしょう？」%K%P
%LC依夜
%LC依夜
「父が、そのときのお礼をしたいそうなの」%K%P
「父が、そのときのお礼をしたいそうなの」%K%P
%LC陽菜
%LC陽菜
「そんな……。別に気にしなくても」%K%P
「そんな……。別に気にしなくても」%K%P
%LC陽菜
%LC陽菜
「むしろ、あのときの経験があればこそ、\n　私たちは{最優秀騎士:ブリランテ}になれたんだし」%K%P
「むしろ、あのときの経験があればこそ、\n　私たちは{最優秀騎士:ブリランテ}になれたんだし」%K%P
%LC依夜
%LC依夜
「私もそう思っているのだけれど……。\n　父が、どうしてもって」%K%P
「私もそう思っているのだけれど……。\n　父が、どうしてもって」%K%P
%LC陽菜
%LC陽菜
「むぅ……」%K%P
「むぅ……」%K%P
こちらとしては本当にお礼は不要なんだけど、\n相手の気持ちを想うと、無下に断るのも気が引ける。%K%P
こちらとしては本当にお礼は不要なんだけど、\n相手の気持ちを想うと、無下に断るのも気が引ける。%K%P
%LC陽菜
%LC陽菜
「……わかった。\n　それで？　どうすればいいの？」%K%P
「……わかった。\n　それで？　どうすればいいの？」%K%P
%LC依夜
%LC依夜
「週末、私の家に泊まりに来て」%K%P
「週末、私の家に泊まりに来て」%K%P
そんなわけで週末、\n依夜の家にお泊まりにやってきた。%K%P
そんなわけで週末、\n依夜の家にお泊まりにやってきた。%K%P
で、依夜のお父さんのお礼というのが――、%K%P
で、依夜のお父さんのお礼というのが――、%K%P
%LC依夜
%LC依夜
「……うん。やっぱりよく似合う」%K%P
「……うん。やっぱりよく似合う」%K%P
%LC陽菜
%LC陽菜
「なんか、あらたまって言われると、\n　ちょっと恥ずかしいような……」%K%P
「なんか、あらたまって言われると、\n　ちょっと恥ずかしいような……」%K%P
%LC依夜
%LC依夜
「どうして？」%K%P
「どうして？」%K%P
%LC陽菜
%LC陽菜
「だって、代役とか関係なく、\n　ただ巫女装束を着るっていうのも……」%K%P
「だって、代役とか関係なく、\n　ただ巫女装束を着るっていうのも……」%K%P
%LC依夜
%LC依夜
「ふふ。とてもよく似合っているわ、陽菜」%K%P
「ふふ。とてもよく似合っているわ、陽菜」%K%P
%LC陽菜
%LC陽菜
「……ありがとう」%K%P
「……ありがとう」%K%P
久しぶり――でもないんだけど、\nまた袖を通した装束に、照れくささを覚える。%K%P
久しぶり――でもないんだけど、\nまた袖を通した装束に、照れくささを覚える。%K%P
依夜のお父さんが用意してくれたお礼というのが、\n他でもない、この巫女装束だった。%K%P
依夜のお父さんが用意してくれたお礼というのが、\n他でもない、この巫女装束だった。%K%P
%LC陽菜
%LC陽菜
「けど、なんでこれがお礼なの？」%K%P
「けど、なんでこれがお礼なの？」%K%P
%LC依夜
%LC依夜
「笑わないであげてほしいのだけど、\n　父なりに調べた結果だそうよ」%K%P
「笑わないであげてほしいのだけど、\n　父なりに調べた結果だそうよ」%K%P
%LC依夜
%LC依夜
「陽菜ぐらいの年頃の子は、\n　なにを貰ったら喜ぶのかって」%K%P
「陽菜ぐらいの年頃の子は、\n　なにを貰ったら喜ぶのかって」%K%P
%LC陽菜
%LC陽菜
「それで、巫女装束……？」%K%P
「それで、巫女装束……？」%K%P
%LC依夜
%LC依夜
「うちの神社では、私たちの年頃に近い子が、\n　巫女として何人か務めてくれているのだけど」%K%P
「うちの神社では、私たちの年頃に近い子が、\n　巫女として何人か務めてくれているのだけど」%K%P
%LC依夜
%LC依夜
「その子たちに欲しいものを聞いたら、\n　これが欲しいですって言われたらしくて」%K%P
「その子たちに欲しいものを聞いたら、\n　これが欲しいですって言われたらしくて」%K%P
%LC陽菜
%LC陽菜
「あー……」%K%P
「あー……」%K%P
制服を着てみたいって動機でバイトを選ぶのは、\nそこまで珍しいことじゃないと思う。%K%P
制服を着てみたいって動機でバイトを選ぶのは、\nそこまで珍しいことじゃないと思う。%K%P
ましてや巫女装束って人気があるものだろうし。%K%P
ましてや巫女装束って人気があるものだろうし。%K%P
%LC依夜
%LC依夜
「そういうわけだから、よければ受け取って」%K%P
「そういうわけだから、よければ受け取って」%K%P
%LC陽菜
%LC陽菜
「けど、こういうものって高いんでしょ？」%K%P
「けど、こういうものって高いんでしょ？」%K%P
%LC陽菜
%LC陽菜
「さすがに、一回きりの代役のお礼としては、\n　釣り合わないような気がするんだけど……」%K%P
「さすがに、一回きりの代役のお礼としては、\n　釣り合わないような気がするんだけど……」%K%P
%LC依夜
%LC依夜
「そのことなのだけど……。\n　実は、ここからがある意味、本題で」%K%P
「そのことなのだけど……。\n　実は、ここからがある意味、本題で」%K%P
%LC陽菜
%LC陽菜
「待って。なんか、ヤな予感が――」%K%P
「待って。なんか、ヤな予感が――」%K%P
%LC依夜
%LC依夜
「この前の陽菜の神楽、とても評判になっていて。\n　今後も、ぜひお願いしたいって、父が――」%K%P
「この前の陽菜の神楽、とても評判になっていて。\n　今後も、ぜひお願いしたいって、父が――」%K%P
%LC陽菜
%LC陽菜
%XS21「やっぱりっ！」%XE%K%P
%XS21「やっぱりっ！」%XE%K%P
%LC依夜
%LC依夜
「だめ？」%K%P
「だめ？」%K%P
%LC陽菜
%LC陽菜
「ぐっ……」%K%P
「ぐっ……」%K%P
耳元で囁かれて、心が揺らぐ、けど。%K%P
耳元で囁かれて、心が揺らぐ、けど。%K%P
%LC陽菜
%LC陽菜
「……無理、だよ。評判になってるってことは、\n　次やったら、もっと人がくるかもでしょ？」%K%P
「……無理、だよ。評判になってるってことは、\n　次やったら、もっと人がくるかもでしょ？」%K%P
%LC陽菜
%LC陽菜
「依夜のお父さんには申し訳ないけど、\n　そういうことなら、この衣装は慎んで――」%K%P
「依夜のお父さんには申し訳ないけど、\n　そういうことなら、この衣装は慎んで――」%K%P
%LC依夜
%LC依夜
「私からもお願いする、と言っても？」%K%P
「私からもお願いする、と言っても？」%K%P
%LC陽菜
%LC陽菜
「え……？」%K%P
「え……？」%K%P
%LC依夜
%LC依夜
「小祭は、定期的に催されるものだから。\n　もし、陽菜が巫女を引き受けてくれたら――」%K%P
「小祭は、定期的に催されるものだから。\n　もし、陽菜が巫女を引き受けてくれたら――」%K%P
――毎月、依夜の家にお泊まりに来られる。%K%P
――毎月、依夜の家にお泊まりに来られる。%K%P
%LC陽菜
%LC陽菜
「……ズルいよ、そういうの」%K%P
「……ズルいよ、そういうの」%K%P
%LC依夜
%LC依夜
「もちろん、このお願いを断ったとしても、\n　普通に泊まりに来てかまわないから」%K%P
「もちろん、このお願いを断ったとしても、\n　普通に泊まりに来てかまわないから」%K%P
%LC依夜
%LC依夜
「だけど……私はまた、陽菜と舞いたい。\n　あなたと心を重ねたい」%K%P
「だけど……私はまた、陽菜と舞いたい。\n　あなたと心を重ねたい」%K%P
%LC陽菜
%LC陽菜
「……もう。最初からそう言えばいいのに」%K%P
「……もう。最初からそう言えばいいのに」%K%P
%LC依夜
%LC依夜
「じゃあ――」%K%P
「じゃあ――」%K%P
%LC陽菜
%LC陽菜
「いいよ。私でよければ、お手伝いさせて」%K%P
「いいよ。私でよければ、お手伝いさせて」%K%P
%LC依夜
%LC依夜
「ありがとう、陽菜。\n　じゃあ、さっそくお願いしてもいい？」%K%P
「ありがとう、陽菜。\n　じゃあ、さっそくお願いしてもいい？」%K%P
%LC陽菜
%LC陽菜
「…………え？」%K%P
「…………え？」%K%P
%LC依夜
%LC依夜
「実は今日、雑祭を催すことになっているの」%K%P
「実は今日、雑祭を催すことになっているの」%K%P
そうして、オレは再び神楽を披露した。%K%P
そうして、オレは再び神楽を披露した。%K%P
ちなみに『雑祭』とは、依頼により執り行われる、\n祈祷などの類いのことを言うのだそうだ。%K%P
ちなみに『雑祭』とは、依頼により執り行われる、\n祈祷などの類いのことを言うのだそうだ。%K%P
今回の祈祷の内容は、合格祈願。%K%P
今回の祈祷の内容は、合格祈願。%K%P
銀蘭学園を受験予定の子をもつ親御さんから、\n依頼があったという。%K%P
銀蘭学園を受験予定の子をもつ親御さんから、\n依頼があったという。%K%P
未来の後輩のお願いとなったら、\nどうしたって力が入るというもので。%K%P
未来の後輩のお願いとなったら、\nどうしたって力が入るというもので。%K%P
舞を終えて参集殿に戻ってきたオレは、\n着替える間もなく、寝落ちしてしまった。%K%P
舞を終えて参集殿に戻ってきたオレは、\n着替える間もなく、寝落ちしてしまった。%K%P
%LC陽菜
%LC陽菜
「……ん……」%K%P
「……ん……」%K%P
眠りに落ちていた意識が少し覚醒して、\n寝返ろうとしたら、なにかにぶつかった。%K%P
眠りに落ちていた意識が少し覚醒して、\n寝返ろうとしたら、なにかにぶつかった。%K%P
それは、柔らかくて、温かくて。%K%P
それは、柔らかくて、温かくて。%K%P
%LC陽菜
%LC陽菜
「……なに、これ……」%K%P
「……なに、これ……」%K%P
%LC依夜
%LC依夜
「陽菜、起きた？」%K%P
「陽菜、起きた？」%K%P
%LC陽菜
%LC陽菜
「依夜……？」%K%P
「依夜……？」%K%P
%LC依夜
%LC依夜
「うん。だめよ、陽菜。\n　床で寝てしまうだなんて」%K%P
「うん。だめよ、陽菜。\n　床で寝てしまうだなんて」%K%P
%LC陽菜
%LC陽菜
「あ、そっか……。\n　ごめん。オレ、つい……」%K%P
「あ、そっか……。\n　ごめん。オレ、つい……」%K%P
%LC依夜
%LC依夜
「陽菜。オレじゃなくて、私」%K%P
「陽菜。オレじゃなくて、私」%K%P
%LC依夜
%LC依夜
「おめこぼしをしてあげたいけれど、\n　それを着ている間は、陽菜のままで。ね？」%K%P
「おめこぼしをしてあげたいけれど、\n　それを着ている間は、陽菜のままで。ね？」%K%P
%LC陽菜
%LC陽菜
「あっ……そっか、そうだよね。\n　私、私、私……」%K%P
「あっ……そっか、そうだよね。\n　私、私、私……」%K%P
言い聞かせるように、口の中で繰り返す。%K%P
言い聞かせるように、口の中で繰り返す。%K%P
神楽を終えたとは言え、巫女の姿でいる以上、\nいつも以上に女の子という意識でいないと。%K%P
神楽を終えたとは言え、巫女の姿でいる以上、\nいつも以上に女の子という意識でいないと。%K%P
ここ最近、依夜の前ではオレって言う機会が\n増えていたから、つい気が緩んでしまったらしい。%K%P
ここ最近、依夜の前ではオレって言う機会が\n増えていたから、つい気が緩んでしまったらしい。%K%P
とくにエッチの最中は、\n女装をしていても出てしまうことが多い。%K%P
とくにエッチの最中は、\n女装をしていても出てしまうことが多い。%K%P
今だって、依夜の体温と匂いが近いから、\n思わず口をついて出てしまって――、%K%P
今だって、依夜の体温と匂いが近いから、\n思わず口をついて出てしまって――、%K%P
……ん？　体温と匂いが、近い……？%K%P
……ん？　体温と匂いが、近い……？%K%P
%LC陽菜
%LC陽菜
「って……わ、わ、わわっ……」%K%P
「って……わ、わ、わわっ……」%K%P
目を開いたら、すぐそこに白い山脈があって、\nその向こうに依夜の笑顔が見えた。%K%P
目を開いたら、すぐそこに白い山脈があって、\nその向こうに依夜の笑顔が見えた。%K%P
これっていわゆる膝枕じゃ――、%K%P
これっていわゆる膝枕じゃ――、%K%P
%LC依夜
%LC依夜
「おはよう、陽菜。といっても、\n　外はもう暗いから、少し変な感じだけれど」%K%P
「おはよう、陽菜。といっても、\n　外はもう暗いから、少し変な感じだけれど」%K%P
%LC陽菜
%LC陽菜
「あ、う、うん。おはよう……」%K%P
「あ、う、うん。おはよう……」%K%P
驚きが抜けきらないまま挨拶を返したオレに、\n依夜はくすっと微笑む。%K%P
驚きが抜けきらないまま挨拶を返したオレに、\n依夜はくすっと微笑む。%K%P
%LC依夜
%LC依夜
「布団を敷いて寝かせてあげたかったのだけど、\n　あまりにも気持ちよさそうだったから」%K%P
「布団を敷いて寝かせてあげたかったのだけど、\n　あまりにも気持ちよさそうだったから」%K%P
%LC依夜
%LC依夜
「それで、こうして膝枕をしていたの」%K%P
「それで、こうして膝枕をしていたの」%K%P
%LC陽菜
%LC陽菜
「ん……あり、がとう……」%K%P
「ん……あり、がとう……」%K%P
せっかく状況を説明してもらったけど、\nまったく頭に入ってこない。%K%P
せっかく状況を説明してもらったけど、\nまったく頭に入ってこない。%K%P
入ってくるのは、視界のおっぱいだけ。%K%P
入ってくるのは、視界のおっぱいだけ。%K%P
装束の布地は質が良く、厚みがあるにも関わらず、\n依夜のおっぱいの柔らかさが伝わってきた。%K%P
装束の布地は質が良く、厚みがあるにも関わらず、\n依夜のおっぱいの柔らかさが伝わってきた。%K%P
%LC依夜
%LC依夜
「あっ……ふふ、こっちの子も、おはようね」%K%P
「あっ……ふふ、こっちの子も、おはようね」%K%P
%LC陽菜
%LC陽菜
「こっちの子って――」%K%P
「こっちの子って――」%K%P
ごそごそごそっ。%K%P
ごそごそごそっ。%K%P
%LC陽菜
%LC陽菜
「んやぅ……っ氈v%K%P
「んやぅ……っ氈v%K%P
いきなり股間をまさぐられて、\nうわずった声が漏れる。%K%P
いきなり股間をまさぐられて、\nうわずった声が漏れる。%K%P
触られた感触が妙に生々しくて慌てて見れば、\n息子がしっかりと装束の外に――、%K%P
触られた感触が妙に生々しくて慌てて見れば、\n息子がしっかりと装束の外に――、%K%P
%LC陽菜
%LC陽菜
「いっ、いつのまに……」%K%P
「いっ、いつのまに……」%K%P
%LC依夜
%LC依夜
「陽菜の男の子が起きていたから。\n　挨拶をしてあげなくちゃと思って」%K%P
「陽菜の男の子が起きていたから。\n　挨拶をしてあげなくちゃと思って」%K%P
%LC陽菜
%LC陽菜
「だからって、さわっちゃだめだってば」%K%P
「だからって、さわっちゃだめだってば」%K%P
%LC陽菜
%LC陽菜
「さっき依夜が自分で言ったんだよ？\n　いまは{陽菜:女の子}でいるべきだって」%K%P
「さっき依夜が自分で言ったんだよ？\n　いまは{陽菜:女の子}でいるべきだって」%K%P
%LC依夜
%LC依夜
「だからといって、この子をこのままに\n　しておくわけにもいかないでしょう？」%K%P
「だからといって、この子をこのままに\n　しておくわけにもいかないでしょう？」%K%P
%LC依夜
%LC依夜
「女の子に、おち○ちんはないんだもの」%K%P
「女の子に、おち○ちんはないんだもの」%K%P
%LC陽菜
%LC陽菜
「それは……」%K%P
「それは……」%K%P
依夜の言葉に、そうかも、なんて思ってしまう。%K%P
依夜の言葉に、そうかも、なんて思ってしまう。%K%P
彼女の甘い匂いが寝起きの脳に染みこんで、\n思考がいつもよりも鈍っているような――、%K%P
彼女の甘い匂いが寝起きの脳に染みこんで、\n思考がいつもよりも鈍っているような――、%K%P
%LC依夜
%LC依夜
「陽菜、覚えてる？　私とした約束」%K%P
「陽菜、覚えてる？　私とした約束」%K%P
%LC陽菜
%LC陽菜
「約束……って、どの約束？」%K%P
「約束……って、どの約束？」%K%P
%LC依夜
%LC依夜
「銀蘭祭が終わって落ち着いたら、\n　あなたを好きにしてもいいという約束」%K%P
「銀蘭祭が終わって落ち着いたら、\n　あなたを好きにしてもいいという約束」%K%P
%LC陽菜
%LC陽菜
「それなら、もちろん覚えてるけど」%K%P
「それなら、もちろん覚えてるけど」%K%P
一緒に下着ショップの試着室に入ったとき、\nエッチの最中に、確かにそういう約束をした。%K%P
一緒に下着ショップの試着室に入ったとき、\nエッチの最中に、確かにそういう約束をした。%K%P
内容が内容だけに、彼女がいつ言い出すか、\n内心、かなりドキドキしていた。%K%P
内容が内容だけに、彼女がいつ言い出すか、\n内心、かなりドキドキしていた。%K%P
%LC依夜
%LC依夜
「あの約束、いま、果たしてちょうだい」%K%P
「あの約束、いま、果たしてちょうだい」%K%P
%LC陽菜
%LC陽菜
「えっ……あ、わわっ……」%K%P
「えっ……あ、わわっ……」%K%P
依夜が少し身じろぐと、頭を預ける膝が揺れて、\n視界がわずかにぐらっと揺れて。%K%P
依夜が少し身じろぐと、頭を預ける膝が揺れて、\n視界がわずかにぐらっと揺れて。%K%P
しゅるしゅると衣擦れの音がしたかと思えば、\n白い山脈に見えた胸元が、雪解けのようにはだけて。%K%P
しゅるしゅると衣擦れの音がしたかと思えば、\n白い山脈に見えた胸元が、雪解けのようにはだけて。%K%P
目の前には、柔らかな頂が――、%K%P
目の前には、柔らかな頂が――、%K%P
%LC依夜
%LC依夜
「陽菜、口を開けて」%K%P
「陽菜、口を開けて」%K%P
%LC陽菜
%LC陽菜
「開けるって……あーんってこと？」%K%P
「開けるって……あーんってこと？」%K%P
%LC依夜
%LC依夜
「うん。いただきますって」%K%P
「うん。いただきますって」%K%P
%LC陽菜
%LC陽菜
「いただきます――ぅんぷっ……？！\n　んっ、んんぅっ……ふむむっ」%K%P
「いただきます――ぅんぷっ……？！\n　んっ、んんぅっ……ふむむっ」%K%P
依夜の言葉を繰り返した直後、\n大きなマシュマロがむにゅんと落ちてきた。%K%P
依夜の言葉を繰り返した直後、\n大きなマシュマロがむにゅんと落ちてきた。%K%P
それは口だけでなく鼻までも塞いで、\nあっという間に脳内を依夜一色に染め上げる。%K%P
それは口だけでなく鼻までも塞いで、\nあっという間に脳内を依夜一色に染め上げる。%K%P
%LC依夜
%LC依夜
「んはぁ、ふぅ……んぅ、ふぁあっ……歃n　……どう？　おっぱい、美味しい？」%K%P
「んはぁ、ふぅ……んぅ、ふぁあっ……歃n　……どう？　おっぱい、美味しい？」%K%P
%LC陽菜
%LC陽菜
「んッ……ぅんっ、ぅんぅんっ」%K%P
「んッ……ぅんっ、ぅんぅんっ」%K%P
声が出せないかわりに、うんうん頷く。%K%P
声が出せないかわりに、うんうん頷く。%K%P
とにかく、重たい。%K%P
とにかく、重たい。%K%P
おっぱいを押しつけられたことは前にもあったけど、\nあれは寝そべる依夜に抱き寄せられる格好だった。%K%P
おっぱいを押しつけられたことは前にもあったけど、\nあれは寝そべる依夜に抱き寄せられる格好だった。%K%P
でも、今回は上からおっぱいが降ってきて。%K%P
でも、今回は上からおっぱいが降ってきて。%K%P
柔らかさや温かさ以上に、\nその重みに圧倒されてしまう。%K%P
柔らかさや温かさ以上に、\nその重みに圧倒されてしまう。%K%P
%LC依夜
%LC依夜
「あのとき我慢した分、今日はたくさん、\n　可愛い陽菜を堪能させてもらうから」%K%P
「あのとき我慢した分、今日はたくさん、\n　可愛い陽菜を堪能させてもらうから」%K%P
%LC陽菜
%LC陽菜
「んっ……それは、いいけどっ……。\n　堪能できるほど可愛いかどうかは――」%K%P
「んっ……それは、いいけどっ……。\n　堪能できるほど可愛いかどうかは――」%K%P
%LC依夜
%LC依夜
「大丈夫、陽菜はいつでも可愛いもの」%K%P
「大丈夫、陽菜はいつでも可愛いもの」%K%P
%LC依夜
%LC依夜
「おち○ちんだって……ほら、\n　こんなに、ぷるぷる、ぴくぴくって……氈v%K%P
「おち○ちんだって……ほら、\n　こんなに、ぷるぷる、ぴくぴくって……氈v%K%P
%LC陽菜
%LC陽菜
「ひぁうっ……やっ、はぁっ、ああっ」%K%P
「ひぁうっ……やっ、はぁっ、ああっ」%K%P
ペニスを優しく撫でられ、腰が浮く。%K%P
ペニスを優しく撫でられ、腰が浮く。%K%P
おっぱいのインパクトで失念していたけど、\n息子は既に握られていたあとだった。%K%P
おっぱいのインパクトで失念していたけど、\n息子は既に握られていたあとだった。%K%P
%LC依夜
%LC依夜
「こうしておち○ちんをなでなでするの、\n　すごく久しぶり……氈v%K%P
「こうしておち○ちんをなでなでするの、\n　すごく久しぶり……氈v%K%P
%LC陽菜
%LC陽菜
「うん……。少し前までは、\n　毎晩一緒にお風呂に入ってたんだけど……」%K%P
「うん……。少し前までは、\n　毎晩一緒にお風呂に入ってたんだけど……」%K%P
銀蘭祭が終わり、アリア合宿も終了すると、\n二人きりになれる時間は激減してしまった。%K%P
銀蘭祭が終わり、アリア合宿も終了すると、\n二人きりになれる時間は激減してしまった。%K%P
{最優秀騎士:ブリランテ}ペアということで、\nどこにいても注目を集めてしまうためだ。%K%P
{最優秀騎士:ブリランテ}ペアということで、\nどこにいても注目を集めてしまうためだ。%K%P
今は朝のトレーニングルームで\n一緒に練習するのが、ささやかな逢瀬だった。%K%P
今は朝のトレーニングルームで\n一緒に練習するのが、ささやかな逢瀬だった。%K%P
%LC依夜
%LC依夜
「ふふ……おち○ちん、いつもよりおっきい」%K%P
「ふふ……おち○ちん、いつもよりおっきい」%K%P
%LC陽菜
%LC陽菜
「久しぶりに依夜と会えて、\n　嬉しくて張り切ってるのかも」%K%P
「久しぶりに依夜と会えて、\n　嬉しくて張り切ってるのかも」%K%P
%LC依夜
%LC依夜
「首を長くするというのは、よく聞くけれど……、\n　陽菜の場合、おち○ちんが大きくなるのね」%K%P
「首を長くするというのは、よく聞くけれど……、\n　陽菜の場合、おち○ちんが大きくなるのね」%K%P
くすっと笑った依夜は、\n柔らかい手つきで亀頭を撫でる。%K%P
くすっと笑った依夜は、\n柔らかい手つきで亀頭を撫でる。%K%P
本当に久しぶりの愛撫だったから、\n気持ちよさよりも、喜びが勝ってしまう。%K%P
本当に久しぶりの愛撫だったから、\n気持ちよさよりも、喜びが勝ってしまう。%K%P
%LC依夜
%LC依夜
「ふふっ……いいこ、いいこ……歃n　今日もたっぷり抱っこをしてあげる」%K%P
「ふふっ……いいこ、いいこ……歃n　今日もたっぷり抱っこをしてあげる」%K%P
%LC陽菜
%LC陽菜
「あっ……はぁ、んんッ……」%K%P
「あっ……はぁ、んんッ……」%K%P
抱っこという言葉に合わせて、\n依夜の手が、ぎゅっと竿を包み込む。%K%P
抱っこという言葉に合わせて、\n依夜の手が、ぎゅっと竿を包み込む。%K%P
細い指による繊細な刺激は今日も健在で、\n下半身の力が、一気に抜けてしまった。%K%P
細い指による繊細な刺激は今日も健在で、\n下半身の力が、一気に抜けてしまった。%K%P
%LC依夜
%LC依夜
「さきっぽを、なでなでして……。\n　カリ首も、こしょこしょして……」%K%P
「さきっぽを、なでなでして……。\n　カリ首も、こしょこしょして……」%K%P
%LC依夜
%LC依夜
「あっ……くすっ氈@陽菜のおち○ちん、\n　さっそくおつゆが垂れてきてる……氈v%K%P
「あっ……くすっ氈@陽菜のおち○ちん、\n　さっそくおつゆが垂れてきてる……氈v%K%P
%LC陽菜
%LC陽菜
「えっ、もう？」%K%P
「えっ、もう？」%K%P
%LC依夜
%LC依夜
「ほら、見える？　とろとろのおつゆが、\n　おしっこの穴から、ちろ、ちろって……」%K%P
「ほら、見える？　とろとろのおつゆが、\n　おしっこの穴から、ちろ、ちろって……」%K%P
%LC陽菜
%LC陽菜
「そう言われても……」%K%P
「そう言われても……」%K%P
落ちてきたおっぱいに視界を遮られ、\n自分の股間はほとんど見えない。%K%P
落ちてきたおっぱいに視界を遮られ、\n自分の股間はほとんど見えない。%K%P
おっぱいから顔を離せば見えるだろうけど、\nもちろん、そんなことはしたくない。%K%P
おっぱいから顔を離せば見えるだろうけど、\nもちろん、そんなことはしたくない。%K%P
どうしようか困っていると、\n依夜も、その状況に気付いたらしく――、%K%P
どうしようか困っていると、\n依夜も、その状況に気付いたらしく――、%K%P
%LC依夜
%LC依夜
「見えないなら、感じられるように……、\n　あなたのおつゆを、指で、すくって――」%K%P
「見えないなら、感じられるように……、\n　あなたのおつゆを、指で、すくって――」%K%P
%LC依夜
%LC依夜
「ヌルヌルが隅々まで行き渡るように、\n　おち○ちんを……しこ、しこ、しこっ氈v%K%P
「ヌルヌルが隅々まで行き渡るように、\n　おち○ちんを……しこ、しこ、しこっ氈v%K%P
にゅぷぷっ氈@にゅち、にゅち、にゅちっ%K%P
にゅぷぷっ氈@にゅち、にゅち、にゅちっ%K%P
%LC陽菜
%LC陽菜
「はぅッ……んあっ、はぁ、ああァっ」%K%P
「はぅッ……んあっ、はぁ、ああァっ」%K%P
囁きと共に依夜の手が上下すると、\n粘っこい水音が、竿と耳朶に、同時に響く。%K%P
囁きと共に依夜の手が上下すると、\n粘っこい水音が、竿と耳朶に、同時に響く。%K%P
見えない股間の状況が、依夜の実況によって、\n脳裏に鮮明に描かれていった。%K%P
見えない股間の状況が、依夜の実況によって、\n脳裏に鮮明に描かれていった。%K%P
%LC陽菜
%LC陽菜
「はぁ、はあっ……すごい、\n　依夜の手で、おち○ちん、トロトロ……」%K%P
「はぁ、はあっ……すごい、\n　依夜の手で、おち○ちん、トロトロ……」%K%P
%LC依夜
%LC依夜
「うんっ……氈@すっごく濡れて……、\n　ぷくっとした亀頭が、とても美味しそう」%K%P
「うんっ……氈@すっごく濡れて……、\n　ぷくっとした亀頭が、とても美味しそう」%K%P
視覚が塞がれていても、他の五感で、\nそれを補って余りある快感が紡がれていく。%K%P
視覚が塞がれていても、他の五感で、\nそれを補って余りある快感が紡がれていく。%K%P
カウパーにまみれた指のぬくもりを感じ、\n囁きや水音に耳を傾け、依夜の匂いを嗅いで。%K%P
カウパーにまみれた指のぬくもりを感じ、\n囁きや水音に耳を傾け、依夜の匂いを嗅いで。%K%P
それから――依夜の乳首を、舌で味わう。%K%P
それから――依夜の乳首を、舌で味わう。%K%P
%LC陽菜
%LC陽菜
「あむっ、ちゅっ……れろ、ちゅっ。\n　依夜の乳首も、ぷくっと勃ってきたよ？」%K%P
「あむっ、ちゅっ……れろ、ちゅっ。\n　依夜の乳首も、ぷくっと勃ってきたよ？」%K%P
%LC陽菜
%LC陽菜
「舌で、転がすと……ぷるんぷるん揺れて、\n　れろれろ、ちゅっ……すごく、おいしっ……」%K%P
「舌で、転がすと……ぷるんぷるん揺れて、\n　れろれろ、ちゅっ……すごく、おいしっ……」%K%P
%LC依夜
%LC依夜
「んくぅ……氈@もう、陽菜ったらっ……」%K%P
「んくぅ……氈@もう、陽菜ったらっ……」%K%P
%LC陽菜
%LC陽菜
「んむむっ……おち○ちんのこと実況してくれた、\n　その、お返しっ……ぺろ、ちゅぷぷっ」%K%P
「んむむっ……おち○ちんのこと実況してくれた、\n　その、お返しっ……ぺろ、ちゅぷぷっ」%K%P
%LC陽菜
%LC陽菜
「こうして私がおしゃぶりしてると……ちゅっ、\n　依夜からは乳首、見えないでしょ？」%K%P
「こうして私がおしゃぶりしてると……ちゅっ、\n　依夜からは乳首、見えないでしょ？」%K%P
%LC依夜
%LC依夜
「そう、だけどっ……んっ……はぁ、\n　はぁっ……ああっ、舌が……くっ、んんっ氈v%K%P
「そう、だけどっ……んっ……はぁ、\n　はぁっ……ああっ、舌が……くっ、んんっ氈v%K%P
ちゅーちゅーと音を立てて吸い上げると、\n依夜の声がぐっと甘ったるくなる。%K%P
ちゅーちゅーと音を立てて吸い上げると、\n依夜の声がぐっと甘ったるくなる。%K%P
前におっぱいをおしゃぶりしたときも、\n依夜はすごく気持ち良さそうにしていたっけ。%K%P
前におっぱいをおしゃぶりしたときも、\n依夜はすごく気持ち良さそうにしていたっけ。%K%P
ただ、あのときは挿入も同時にしていたから、\nおっぱいだけに集中することができなかった。%K%P
ただ、あのときは挿入も同時にしていたから、\nおっぱいだけに集中することができなかった。%K%P
けど、この体勢なら、夢中になれる。%K%P
けど、この体勢なら、夢中になれる。%K%P
それこそ、赤ちゃんみたいに甘えることだって――、%K%P
それこそ、赤ちゃんみたいに甘えることだって――、%K%P
%LC陽菜
%LC陽菜
「あーむっ……れろ、ちゅぷ、ちゅぷぷっ」%K%P
「あーむっ……れろ、ちゅぷ、ちゅぷぷっ」%K%P
%LC依夜
%LC依夜
「くあうっ……やっ、ふああっ氈@んぅ、\n　陽菜の舌が、れろれろって……はぁんっ氈v%K%P
「くあうっ……やっ、ふああっ氈@んぅ、\n　陽菜の舌が、れろれろって……はぁんっ氈v%K%P
%LC依夜
%LC依夜
「はぁ、あぁ、すごい、ドキドキする……歃n　心臓が跳ねているみたいっ……」%K%P
「はぁ、あぁ、すごい、ドキドキする……歃n　心臓が跳ねているみたいっ……」%K%P
%LC陽菜
%LC陽菜
「うん……私にも、聞こえる。\n　依夜の鼓動が、とくん、とくんって――」%K%P
「うん……私にも、聞こえる。\n　依夜の鼓動が、とくん、とくんって――」%K%P
耳ではなく、唇で感じる。%K%P
耳ではなく、唇で感じる。%K%P
心臓の鼓動が、微かな震えとなって、\nおっぱいに吸いつく唇へと伝わってくる。%K%P
心臓の鼓動が、微かな震えとなって、\nおっぱいに吸いつく唇へと伝わってくる。%K%P
%LC陽菜
%LC陽菜
「……これ、気を抜いたら寝ちゃいそう……」%K%P
「……これ、気を抜いたら寝ちゃいそう……」%K%P
心音にはリラックス効果があるというけれど、\n大好きな依夜の鼓動は、とても心地よくて。%K%P
心音にはリラックス効果があるというけれど、\n大好きな依夜の鼓動は、とても心地よくて。%K%P
おち○ちんを扱かれているにも関わらず、\n寝落ちしそうな勢いで、意識がとろけていく。%K%P
おち○ちんを扱かれているにも関わらず、\n寝落ちしそうな勢いで、意識がとろけていく。%K%P
%LC依夜
%LC依夜
「あっ……ふふっ歃n　陽菜、本当にうとうとしてる」%K%P
「あっ……ふふっ歃n　陽菜、本当にうとうとしてる」%K%P
%LC陽菜
%LC陽菜
「ん……寝ちゃったら、ごめん……」%K%P
「ん……寝ちゃったら、ごめん……」%K%P
%LC依夜
%LC依夜
「そのときは……寝ている陽菜のおち○ちんを、\n　好き放題させてもらうから。……ふふっ氈v%K%P
「そのときは……寝ている陽菜のおち○ちんを、\n　好き放題させてもらうから。……ふふっ氈v%K%P
%LC陽菜
%LC陽菜
「いッ……！？　ねっ、寝ないよっ？\n　起きる、ちゃんと起きてるからっ」%K%P
「いッ……！？　ねっ、寝ないよっ？\n　起きる、ちゃんと起きてるからっ」%K%P
%LC依夜
%LC依夜
「無理しないでいいのよ？\n　なんなら、子守歌を――」%K%P
「無理しないでいいのよ？\n　なんなら、子守歌を――」%K%P
%LC陽菜
%LC陽菜
「起きるっ、起きますっ」%K%P
「起きるっ、起きますっ」%K%P
%LC依夜
%LC依夜
「んもう……くすっ、うふふっ氈v%K%P
「んもう……くすっ、うふふっ氈v%K%P
とんでもないプランを発表した依夜は、\n慌てるオレを見て、くすくす笑う。%K%P
とんでもないプランを発表した依夜は、\n慌てるオレを見て、くすくす笑う。%K%P
彼女の子守歌は聞いてみたいけど、\nそれで本当に寝てしまったら大変なことになる。%K%P
彼女の子守歌は聞いてみたいけど、\nそれで本当に寝てしまったら大変なことになる。%K%P
……まあ、ちょっとぐらいなら、\nその大変なことも経験してみたいけど。%K%P
……まあ、ちょっとぐらいなら、\nその大変なことも経験してみたいけど。%K%P
%LC依夜
%LC依夜
「さっき、陽菜が寝ている間、\n　ずっと寝顔を見ていたのだけど――」%K%P
「さっき、陽菜が寝ている間、\n　ずっと寝顔を見ていたのだけど――」%K%P
%LC依夜
%LC依夜
「陽菜って本当に、\n　寝言でおっぱいって言うのね」%K%P
「陽菜って本当に、\n　寝言でおっぱいって言うのね」%K%P
%LC陽菜
%LC陽菜
「え……？　うそっ、うそだよねっ？」%K%P
「え……？　うそっ、うそだよねっ？」%K%P
%LC依夜
%LC依夜
「本当よ。だからこそ、こんなふうに\n　おっぱいをあげようって思ったのだし」%K%P
「本当よ。だからこそ、こんなふうに\n　おっぱいをあげようって思ったのだし」%K%P
%LC陽菜
%LC陽菜
「はぅぅ……」%K%P
「はぅぅ……」%K%P
寝言は不可抗力とはいえ、\nまさかの指摘に顔が赤くなっていると。%K%P
寝言は不可抗力とはいえ、\nまさかの指摘に顔が赤くなっていると。%K%P
%LC依夜
%LC依夜
「ほぅら、陽菜ちゃん？\n　お口がお留守でちゅよー？」%K%P
「ほぅら、陽菜ちゃん？\n　お口がお留守でちゅよー？」%K%P
%LC陽菜
%LC陽菜
「ッッ……」%K%P
「ッッ……」%K%P
おもむろに幼児言葉をぶっこまれて、\n今度はこっちの心臓がドクンと跳ねた。%K%P
おもむろに幼児言葉をぶっこまれて、\n今度はこっちの心臓がドクンと跳ねた。%K%P
あの依夜が、こんなこと、してくるなんて――、%K%P
あの依夜が、こんなこと、してくるなんて――、%K%P
%LC陽菜
%LC陽菜
「なっ……なに、急に、ほんと、も、もうっ」%K%P
「なっ……なに、急に、ほんと、も、もうっ」%K%P
テンパりすぎて、モールス信号みたいに、\n途切れ途切れのおかしな返事をしてしまう。%K%P
テンパりすぎて、モールス信号みたいに、\n途切れ途切れのおかしな返事をしてしまう。%K%P
%LC依夜
%LC依夜
「陽菜があまりにも可愛くて、つい」%K%P
「陽菜があまりにも可愛くて、つい」%K%P
%LC依夜
%LC依夜
「だけど、そんなに慌てるだなんて――」%K%P
「だけど、そんなに慌てるだなんて――」%K%P
%LC依夜
%LC依夜
「ひょっとして陽菜ちゃんは、\n　本当に赤ちゃんになりたいんでちゅか？」%K%P
「ひょっとして陽菜ちゃんは、\n　本当に赤ちゃんになりたいんでちゅか？」%K%P
こちらを見つめる依夜の表情は、\n悪戯っぽくもあり、幸せそうでもあって。%K%P
こちらを見つめる依夜の表情は、\n悪戯っぽくもあり、幸せそうでもあって。%K%P
だから、それをもっともっと、\n満ち足りたものに、してあげたくて。%K%P
だから、それをもっともっと、\n満ち足りたものに、してあげたくて。%K%P
%LC陽菜
%LC陽菜
「……今日一日だけなら、いいよ？\n　依夜のこと、ママって呼んでも」%K%P
「……今日一日だけなら、いいよ？\n　依夜のこと、ママって呼んでも」%K%P
%LC依夜
%LC依夜
「え――」%K%P
「え――」%K%P
%LC陽菜
%LC陽菜
「あーむっ……ぢゅっ、ちゅぷぶッ」%K%P
「あーむっ……ぢゅっ、ちゅぷぶッ」%K%P
%LC依夜
%LC依夜
「んうッ？！　あんっ、やっ、陽菜ぁっ氈v%K%P
「んうッ？！　あんっ、やっ、陽菜ぁっ氈v%K%P
こっちの切り返しに驚き固まる依夜の乳首を、\nめいっぱい吸い上げる。%K%P
こっちの切り返しに驚き固まる依夜の乳首を、\nめいっぱい吸い上げる。%K%P
さすがに予想外の反撃だったみたいで、\n身悶えた依夜の頬が、ぱあっと赤く染まった。%K%P
さすがに予想外の反撃だったみたいで、\n身悶えた依夜の頬が、ぱあっと赤く染まった。%K%P
%LC陽菜
%LC陽菜
「ふふっ。依夜は剣術でもエッチでも、\n　カウンターに弱いもんね？　れーるっ」%K%P
「ふふっ。依夜は剣術でもエッチでも、\n　カウンターに弱いもんね？　れーるっ」%K%P
%LC依夜
%LC依夜
「ぐっ……んもうっ、本当にこの子はっ……」%K%P
「ぐっ……んもうっ、本当にこの子はっ……」%K%P
%LC陽菜
%LC陽菜
「あっ、それ、すごくママっぽい」%K%P
「あっ、それ、すごくママっぽい」%K%P
この子って言い方もだけど、\n拗ね気味に叱ろうとするあたりが、実に可愛い。%K%P
この子って言い方もだけど、\n拗ね気味に叱ろうとするあたりが、実に可愛い。%K%P
依夜って絶対、良妻賢母になるタイプだ。%K%P
依夜って絶対、良妻賢母になるタイプだ。%K%P
%LC依夜
%LC依夜
「……ふぅん、そう。そうなの。\n　陽菜がそういうつもりなら――」%K%P
「……ふぅん、そう。そうなの。\n　陽菜がそういうつもりなら――」%K%P
%LC依夜
%LC依夜
「ママにおいたしたイケナイ子は、\n　罰として、おち○ちんしこしこの刑……っ氈v%K%P
「ママにおいたしたイケナイ子は、\n　罰として、おち○ちんしこしこの刑……っ氈v%K%P
%LC陽菜
%LC陽菜
「んいっ……？！　やっ……ひぐ、んあァアッ」%K%P
「んいっ……？！　やっ……ひぐ、んあァアッ」%K%P
カウンターから攻勢に転じようと思った矢先、\n股間から脳天にかけて、激しい快感が突き抜けた。%K%P
カウンターから攻勢に転じようと思った矢先、\n股間から脳天にかけて、激しい快感が突き抜けた。%K%P
名前だけ聞けば可愛いけど、繰り出されたのは、\n依夜の本気――ガチで容赦のない手コキだった。%K%P
名前だけ聞けば可愛いけど、繰り出されたのは、\n依夜の本気――ガチで容赦のない手コキだった。%K%P
%LC陽菜
%LC陽菜
「あぐっ……や、待って、依夜、\n　だめ、これだめっ……やっ、あ、ああっ」%K%P
「あぐっ……や、待って、依夜、\n　だめ、これだめっ……やっ、あ、ああっ」%K%P
%LC依夜
%LC依夜
「だめじゃないでしょう？　陽菜ちゃん。\n　ママに言うことがあるでしょう？」%K%P
「だめじゃないでしょう？　陽菜ちゃん。\n　ママに言うことがあるでしょう？」%K%P
%LC陽菜
%LC陽菜
「んぅ……ごめっ、ごめん、なさいっ。\n　いたずらして、ごめっ……んぅ、はあっ」%K%P
「んぅ……ごめっ、ごめん、なさいっ。\n　いたずらして、ごめっ……んぅ、はあっ」%K%P
素直にごめんなさいしてしまうぐらい、\nその手コキは強烈だった。%K%P
素直にごめんなさいしてしまうぐらい、\nその手コキは強烈だった。%K%P
すでに潤滑油カウパーでヌルヌルなペニスを、\n依夜の手が、高速でしこしこ扱いてくる。%K%P
すでに潤滑油カウパーでヌルヌルなペニスを、\n依夜の手が、高速でしこしこ扱いてくる。%K%P
握る指の圧のコントロールは完璧で、\nとくに、根元から亀頭へのスライドがヤバい。%K%P
握る指の圧のコントロールは完璧で、\nとくに、根元から亀頭へのスライドがヤバい。%K%P
カリ首裏の段差を、ひとつひとつの指が、\n引っかけるようにして連続で弾いてきて――、%K%P
カリ首裏の段差を、ひとつひとつの指が、\n引っかけるようにして連続で弾いてきて――、%K%P
%LC陽菜
%LC陽菜
「はぐっ、やっ、はああっ、ああっ歃n　これいくっ、イッちゃっ……あっ、ああっ」%K%P
「はぐっ、やっ、はああっ、ああっ歃n　これいくっ、イッちゃっ……あっ、ああっ」%K%P
%LC依夜
%LC依夜
「イキたいなら、ちゃんと言って。\n　ママのお手々でイカせてって」%K%P
「イキたいなら、ちゃんと言って。\n　ママのお手々でイカせてって」%K%P
%LC陽菜
%LC陽菜
「ッ……い、言うのっ？　それ、言うのっ？」%K%P
「ッ……い、言うのっ？　それ、言うのっ？」%K%P
%LC依夜
%LC依夜
「うん。言わないなら、ぎゅーっと――」%K%P
「うん。言わないなら、ぎゅーっと――」%K%P
%LC陽菜
%LC陽菜
「ひぐぅぅうっ氈v%K%P
「ひぐぅぅうっ氈v%K%P
竿の根元をキツく掴まれ、腰が跳ねる。%K%P
竿の根元をキツく掴まれ、腰が跳ねる。%K%P
裏筋から尿道へピンポイントに圧がかかって、\n迫り上がろうとしていた精子を堰き止められる。%K%P
裏筋から尿道へピンポイントに圧がかかって、\n迫り上がろうとしていた精子を堰き止められる。%K%P
%LC陽菜
%LC陽菜
「ぐッ……ああっ……お願い、イカせてっ。\n　お願い、ママ、ママぁっ……」%K%P
「ぐッ……ああっ……お願い、イカせてっ。\n　お願い、ママ、ママぁっ……」%K%P
まさかの寸止めに、思わず懇願。%K%P
まさかの寸止めに、思わず懇願。%K%P
けど、直後に自分の言葉を思い返して、\n恥ずかしすぎて、顔からぶわっと火が出そうで。%K%P
けど、直後に自分の言葉を思い返して、\n恥ずかしすぎて、顔からぶわっと火が出そうで。%K%P
それを依夜に見られたくなくて、\n隠れるように、おっぱいに顔をうずめる。%K%P
それを依夜に見られたくなくて、\n隠れるように、おっぱいに顔をうずめる。%K%P
%LC依夜
%LC依夜
「ふふっ、陽菜ったら可愛い……歃n　おっぱいに顔、ぐりぐりって……はあっ氈v%K%P
「ふふっ、陽菜ったら可愛い……歃n　おっぱいに顔、ぐりぐりって……はあっ氈v%K%P
%LC依夜
%LC依夜
「しっかりおねだり出来たいい子は、\n　約束どおり、気持ちよーくぅっ……氈v%K%P
「しっかりおねだり出来たいい子は、\n　約束どおり、気持ちよーくぅっ……氈v%K%P
%LC陽菜
%LC陽菜
「んみゃあっ、んうッ、ああぁああっ……氈v%K%P
「んみゃあっ、んうッ、ああぁああっ……氈v%K%P
突然の急ブレーキで募っていた切なさが、\nいつも以上に射精を渇望してしまう。%K%P
突然の急ブレーキで募っていた切なさが、\nいつも以上に射精を渇望してしまう。%K%P
精子、出したいっ……どぴゅってしたいっ。\nしたい、出したい、出したい出したいっ……！！%K%P
精子、出したいっ……どぴゅってしたいっ。\nしたい、出したい、出したい出したいっ……！！%K%P
%LC依夜
%LC依夜
「陽菜、イキそう？　どぴゅってしたい？」%K%P
「陽菜、イキそう？　どぴゅってしたい？」%K%P
%LC陽菜
%LC陽菜
「うんっ、したい、出したいっ……！\n　イキたい、イカせてっ、ママっ……！」%K%P
「うんっ、したい、出したいっ……！\n　イキたい、イカせてっ、ママっ……！」%K%P
%LC依夜
%LC依夜
「あぁ、あああぁ……氈@陽菜、出して歃n　たくさんたくさん、濃いのをちょうだいっ氈v%K%P
「あぁ、あああぁ……氈@陽菜、出して歃n　たくさんたくさん、濃いのをちょうだいっ氈v%K%P
%LC依夜
%LC依夜
「熱くて濃くて真っ白な精子を、\n　いっぱい、いっぱい、めいっぱいッ……氈v%K%P
「熱くて濃くて真っ白な精子を、\n　いっぱい、いっぱい、めいっぱいッ……氈v%K%P
%LC陽菜
%LC陽菜
「ぐっ……ああっ、あっ、出るっ……、\n　いぐ、いぐぅっ……んんぅうんんんッ……！」%K%P
「ぐっ……ああっ、あっ、出るっ……、\n　いぐ、いぐぅっ……んんぅうんんんッ……！」%K%P
%LC依夜
%LC依夜
「ああっ……氈@びゅびゅって……ひゃうっ、\n　たっぷりの精子が、こんなに、たくさん……氈v%K%P
「ああっ……氈@びゅびゅって……ひゃうっ、\n　たっぷりの精子が、こんなに、たくさん……氈v%K%P
%LC陽菜
%LC陽菜
「くぅッ……あふっ、ぐっ、ああッ……」%K%P
「くぅッ……あふっ、ぐっ、ああッ……」%K%P
射精の瞬間、腰が大きく跳ね上がって、\n依夜の手もろとも、ペニスの位置が高くなって。%K%P
射精の瞬間、腰が大きく跳ね上がって、\n依夜の手もろとも、ペニスの位置が高くなって。%K%P
まるでクジラの潮吹きみたいな迫力で、\n大量の精子が、びゅびゅ、びゅびゅって――、%K%P
まるでクジラの潮吹きみたいな迫力で、\n大量の精子が、びゅびゅ、びゅびゅって――、%K%P
%LC依夜
%LC依夜
「あぁ、あぁ……氈@すごい熱……歃n　おち○ちんから、いまにも湯気がでそう……氈v%K%P
「あぁ、あぁ……氈@すごい熱……歃n　おち○ちんから、いまにも湯気がでそう……氈v%K%P
%LC陽菜
%LC陽菜
「はあっ……はぁ、はぁ……ん、んぅ……」%K%P
「はあっ……はぁ、はぁ……ん、んぅ……」%K%P
精子をすべて吐き出し、腰が床に落ちる。%K%P
精子をすべて吐き出し、腰が床に落ちる。%K%P
それでも、射精の余韻はかなり大きくて、\n腰が勝手にびくびく震えていた。%K%P
それでも、射精の余韻はかなり大きくて、\n腰が勝手にびくびく震えていた。%K%P
%LC陽菜
%LC陽菜
「はふッ……はっ、はぁッ、あぁ……」%K%P
「はふッ……はっ、はぁッ、あぁ……」%K%P
%LC依夜
%LC依夜
「こんなにいっぱい射精して……。\n　ありがとう、陽菜……氈@いいこ、いいこ氈v%K%P
「こんなにいっぱい射精して……。\n　ありがとう、陽菜……氈@いいこ、いいこ氈v%K%P
%LC陽菜
%LC陽菜
「はうッ……」%K%P
「はうッ……」%K%P
労うように頭をぽんぽんされて、\n照れくささとくすぐったさに身を捩る。%K%P
労うように頭をぽんぽんされて、\n照れくささとくすぐったさに身を捩る。%K%P
……どうしよう、めちゃくちゃ恥ずかしい。%K%P
……どうしよう、めちゃくちゃ恥ずかしい。%K%P
依夜をママって呼ぶことに関しては、\n自分から言い出したことではあるけれど。%K%P
依夜をママって呼ぶことに関しては、\n自分から言い出したことではあるけれど。%K%P
結果的には依夜のクロスカウンターが決まって、\nこっちが一方的に羞恥を晒した格好だ。%K%P
結果的には依夜のクロスカウンターが決まって、\nこっちが一方的に羞恥を晒した格好だ。%K%P
%LC依夜
%LC依夜
「陽菜……？　どうしたの？　黙り込んで」%K%P
「陽菜……？　どうしたの？　黙り込んで」%K%P
%LC陽菜
%LC陽菜
「……だって、恥ずかしくて」%K%P
「……だって、恥ずかしくて」%K%P
%LC依夜
%LC依夜
「私をママって呼んでしまったこと？」%K%P
「私をママって呼んでしまったこと？」%K%P
%LC陽菜
%LC陽菜
「それも、あるけど……。依夜には敵わないって、\n　あらためて思い知ったというか……」%K%P
「それも、あるけど……。依夜には敵わないって、\n　あらためて思い知ったというか……」%K%P
%LC陽菜
%LC陽菜
「穴があったら入りたいって、\n　こういうことを言うのかも……」%K%P
「穴があったら入りたいって、\n　こういうことを言うのかも……」%K%P
%LC依夜
%LC依夜
「なら、そうしましょう？」%K%P
「なら、そうしましょう？」%K%P
%LC陽菜
%LC陽菜
「え……？」%K%P
「え……？」%K%P
返答の意味が分からず戸惑うオレを、\n依夜は寝転びながら、そっと抱き寄せて――、%K%P
返答の意味が分からず戸惑うオレを、\n依夜は寝転びながら、そっと抱き寄せて――、%K%P
――ずぬっ、ぬぷぷぷっ……%K%P
――ずぬっ、ぬぷぷぷっ……%K%P
%LC依夜
%LC依夜
「ああぁああ……氈@んぅ、ふぅううっ……氈v%K%P
「ああぁああ……氈@んぅ、ふぅううっ……氈v%K%P
驚く間もなく、固いままの息子が、\n割れ目の内へと飲み込まれていく。%K%P
驚く間もなく、固いままの息子が、\n割れ目の内へと飲み込まれていく。%K%P
%LC依夜
%LC依夜
「んぅ……ほら、入っちゃった……氈v%K%P
「んぅ……ほら、入っちゃった……氈v%K%P
%LC陽菜
%LC陽菜
「なっ……ふふっ、もう……」%K%P
「なっ……ふふっ、もう……」%K%P
こちらの言葉を逆手にとった挿入劇に、\n感心すると同時に、つい笑みが漏れてしまう。%K%P
こちらの言葉を逆手にとった挿入劇に、\n感心すると同時に、つい笑みが漏れてしまう。%K%P
%LC陽菜
%LC陽菜
「依夜ってエッチなことに関しては、\n　途端に積極的になるよね」%K%P
「依夜ってエッチなことに関しては、\n　途端に積極的になるよね」%K%P
%LC依夜
%LC依夜
「陽菜の可愛い顔が見たいから」%K%P
「陽菜の可愛い顔が見たいから」%K%P
%LC陽菜
%LC陽菜
「って……まさか、この体勢も……？」%K%P
「って……まさか、この体勢も……？」%K%P
%LC依夜
%LC依夜
「うん。さっきはおっぱいに顔をうずめて、\n　どうにか顔を隠そうとしていたようだけれど――」%K%P
「うん。さっきはおっぱいに顔をうずめて、\n　どうにか顔を隠そうとしていたようだけれど――」%K%P
%LC依夜
%LC依夜
「これなら、そんなことも出来ないでしょう？」%K%P
「これなら、そんなことも出来ないでしょう？」%K%P
彼女の言うとおり、目の前には互いの顔。%K%P
彼女の言うとおり、目の前には互いの顔。%K%P
見つめ合うと、自然と唇が引き寄せあって――、%K%P
見つめ合うと、自然と唇が引き寄せあって――、%K%P
%LC依夜
%LC依夜
「んむっ……はぁ、れる、んむむっ……ちゅぷ、\n　れーるっ……んむむ、んまっ……んふうっ氈v%K%P
「んむっ……はぁ、れる、んむむっ……ちゅぷ、\n　れーるっ……んむむ、んまっ……んふうっ氈v%K%P
%LC陽菜
%LC陽菜
「あふっ……んむ、んんんぅっ……。\n　ふあっ……依夜のよだれ、すごひっ……」%K%P
「あふっ……んむ、んんんぅっ……。\n　ふあっ……依夜のよだれ、すごひっ……」%K%P
%LC依夜
%LC依夜
「おち○ちんをしこしこしている間、\n　美味しそうって、ずっと思っていたせいかも」%K%P
「おち○ちんをしこしこしている間、\n　美味しそうって、ずっと思っていたせいかも」%K%P
%LC依夜
%LC依夜
「よだれって、お腹が空いているとき、\n　垂れてくるものでしょう？」%K%P
「よだれって、お腹が空いているとき、\n　垂れてくるものでしょう？」%K%P
%LC陽菜
%LC陽菜
「私のおち○ちん、食べちゃう気？」%K%P
「私のおち○ちん、食べちゃう気？」%K%P
%LC依夜
%LC依夜
「うんっ氈@今度は私が、いただきますっ……氈v%K%P
「うんっ氈@今度は私が、いただきますっ……氈v%K%P
きちんと挨拶をしてから、\n依夜がペニスをぎゅっと抱っこしてくる。%K%P
きちんと挨拶をしてから、\n依夜がペニスをぎゅっと抱っこしてくる。%K%P
彼女の膣内はすでに愛液で満ちていて、\nほんの少し動くだけで、卑猥な音が漏れた。%K%P
彼女の膣内はすでに愛液で満ちていて、\nほんの少し動くだけで、卑猥な音が漏れた。%K%P
%LC陽菜
%LC陽菜
「ああっ、口と同じで、とろっとして……、\n　ほんとに食べられてるみたいっ……」%K%P
「ああっ、口と同じで、とろっとして……、\n　ほんとに食べられてるみたいっ……」%K%P
%LC依夜
%LC依夜
「いつもは、ぎゅって抱っこしているけれど、\n　今日は、食べる感じで……もぐっ氈@もぐっ氈v%K%P
「いつもは、ぎゅって抱っこしているけれど、\n　今日は、食べる感じで……もぐっ氈@もぐっ氈v%K%P
%LC陽菜
%LC陽菜
「んにッ……！？　やうぅ、あっ、あああっ」%K%P
「んにッ……！？　やうぅ、あっ、あああっ」%K%P
声に合わせて増していく膣圧が、\n絡みつくようにペニスを包囲していく。%K%P
声に合わせて増していく膣圧が、\n絡みつくようにペニスを包囲していく。%K%P
掛け声のせいもあって、\n本当に咀嚼されてるような感覚だ。%K%P
掛け声のせいもあって、\n本当に咀嚼されてるような感覚だ。%K%P
%LC依夜
%LC依夜
「膣内で、びくびく震えて……ふふっ、\n　おち○ちん、元気いっぱいっ……氈v%K%P
「膣内で、びくびく震えて……ふふっ、\n　おち○ちん、元気いっぱいっ……氈v%K%P
%LC依夜
%LC依夜
「あんなに射精したばかりなのに、\n　出す前よりも、大きくなってる……氈v%K%P
「あんなに射精したばかりなのに、\n　出す前よりも、大きくなってる……氈v%K%P
%LC陽菜
%LC陽菜
「うんっ……ほんと、今日、おっきい……」%K%P
「うんっ……ほんと、今日、おっきい……」%K%P
手コキの時点ではち切れそうだったけど、\n膣内で包み込まれると、より実感できる。%K%P
手コキの時点ではち切れそうだったけど、\n膣内で包み込まれると、より実感できる。%K%P
いつもより、依夜と触れあう面積が大きい。%K%P
いつもより、依夜と触れあう面積が大きい。%K%P
蜜でたっぷりのトンネルを行き来するたび、\nカリ首を中心に、ヒダがぐりぐり擦れてくる。%K%P
蜜でたっぷりのトンネルを行き来するたび、\nカリ首を中心に、ヒダがぐりぐり擦れてくる。%K%P
%LC陽菜
%LC陽菜
「んうっ、はあっ……どうしよう、\n　気持ちよすぎて、腰、震えちゃうっ……」%K%P
「んうっ、はあっ……どうしよう、\n　気持ちよすぎて、腰、震えちゃうっ……」%K%P
たくさん挿抜したいのに、\n快感が強すぎて、腰にうまく力が入らない。%K%P
たくさん挿抜したいのに、\n快感が強すぎて、腰にうまく力が入らない。%K%P
%LC依夜
%LC依夜
「なら、今日は陽菜が私を抱っこして。\n　私の足を、ぎゅーって抱きかかえるの」%K%P
「なら、今日は陽菜が私を抱っこして。\n　私の足を、ぎゅーって抱きかかえるの」%K%P
%LC陽菜
%LC陽菜
「依夜の、足を――」%K%P
「依夜の、足を――」%K%P
そっか。この足に、しがみつけば――、%K%P
そっか。この足に、しがみつけば――、%K%P
%LC陽菜
%LC陽菜
「ぐッ、んんッ……！」%K%P
「ぐッ、んんッ……！」%K%P
%LC依夜
%LC依夜
「くああぁッ、んうっ……あっ、んあうっ歃n　そうっ……陽菜、その感じっ……氈v%K%P
「くああぁッ、んうっ……あっ、んあうっ歃n　そうっ……陽菜、その感じっ……氈v%K%P
依夜の足に抱きついて腰を繰り出すと、\n想像以上に、亀頭が深く潜り込んだ。%K%P
依夜の足に抱きついて腰を繰り出すと、\n想像以上に、亀頭が深く潜り込んだ。%K%P
支えなく腰を動かすより、格段にやりやすい。%K%P
支えなく腰を動かすより、格段にやりやすい。%K%P
%LC依夜
%LC依夜
「ぐにぐに、ぐりぐり……あっ、あぁあっ歃n　これ、いつもよりも、奥にぃ……氈v%K%P
「ぐにぐに、ぐりぐり……あっ、あぁあっ歃n　これ、いつもよりも、奥にぃ……氈v%K%P
%LC依夜
%LC依夜
「ああっ、おち○ちん、いいっ……歃n　陽菜、もっと足、ぎゅうーって――」%K%P
「ああっ、おち○ちん、いいっ……歃n　陽菜、もっと足、ぎゅうーって――」%K%P
%LC陽菜
%LC陽菜
「んっ……ぎゅぅぅうぅーッ」%K%P
「んっ……ぎゅぅぅうぅーッ」%K%P
%LC依夜
%LC依夜
「んぉおぉうッ滲氈@ふあっ、あぁあっ、\n　おち○ちん、おくッ……ぐっ、ンぅうっ氈v%K%P
「んぉおぉうッ滲氈@ふあっ、あぁあっ、\n　おち○ちん、おくッ……ぐっ、ンぅうっ氈v%K%P
依夜の太ももを抱きしめ、ペニスを押し込む。%K%P
依夜の太ももを抱きしめ、ペニスを押し込む。%K%P
竿の根元までしっかり埋没すると、\nいつも以上に、彼女と結ばれた感覚があった。%K%P
竿の根元までしっかり埋没すると、\nいつも以上に、彼女と結ばれた感覚があった。%K%P
結合が深い分だけ快感も増していくけど、\nそれも、足にしがみつくことで格段に堪えられる。%K%P
結合が深い分だけ快感も増していくけど、\nそれも、足にしがみつくことで格段に堪えられる。%K%P
%LC陽菜
%LC陽菜
「くっ、はあっ……これ、すごいっ……。\n　足にしがみつくの、あり、かもっ……」%K%P
「くっ、はあっ……これ、すごいっ……。\n　足にしがみつくの、あり、かもっ……」%K%P
%LC依夜
%LC依夜
「うんっ……氈@陽菜の抱っこ、\n　すっごく、気持ちいいっ……氈v%K%P
「うんっ……氈@陽菜の抱っこ、\n　すっごく、気持ちいいっ……氈v%K%P
%LC依夜
%LC依夜
「いつもは、私がしてばかりだけれど、\n　今日は陽菜が、私を、ぎゅーってっ……」%K%P
「いつもは、私がしてばかりだけれど、\n　今日は陽菜が、私を、ぎゅーってっ……」%K%P
%LC陽菜
%LC陽菜
「任せて。いっぱい、してあげ……るぅッ！」%K%P
「任せて。いっぱい、してあげ……るぅッ！」%K%P
%LC依夜
%LC依夜
「んぅああああああああああっ滲滲氈v%K%P
「んぅああああああああああっ滲滲氈v%K%P
めいっぱい亀頭を押し込むと、\n甘い嬌声が参集殿に響く。%K%P
めいっぱい亀頭を押し込むと、\n甘い嬌声が参集殿に響く。%K%P
巫女装束で和の空間にいる――、\nそんな非日常感に、興奮が後押しされていく。%K%P
巫女装束で和の空間にいる――、\nそんな非日常感に、興奮が後押しされていく。%K%P
%LC依夜
%LC依夜
「おち○ちんが、奥、ぐりぐりして……っ、\n　頭もおま○こも、変になりそうっ……氈v%K%P
「おち○ちんが、奥、ぐりぐりして……っ、\n　頭もおま○こも、変になりそうっ……氈v%K%P
%LC陽菜
%LC陽菜
「あっ……ごめん。今の、強すぎた？」%K%P
「あっ……ごめん。今の、強すぎた？」%K%P
%LC依夜
%LC依夜
「ううんっ、いまのがいいっ……歃n　強いの、もっとたくさんちょうだいっ？」%K%P
「ううんっ、いまのがいいっ……歃n　強いの、もっとたくさんちょうだいっ？」%K%P
%LC依夜
%LC依夜
「おち○ちんで、ぐぷっ氈@ぐぷっ氈@って、\n　ああっ、そこ、もっと、もっとぉっ……氈v%K%P
「おち○ちんで、ぐぷっ氈@ぐぷっ氈@って、\n　ああっ、そこ、もっと、もっとぉっ……氈v%K%P
%LC陽菜
%LC陽菜
「んッ……待ってて、依夜。\n　もっといっぱい……奥まで、ぐりぐりっ」%K%P
「んッ……待ってて、依夜。\n　もっといっぱい……奥まで、ぐりぐりっ」%K%P
%LC依夜
%LC依夜
「くぅおぉおぅッ氈@はぁっ、んあああっ歃n　んぉおっ、んぐっ、ふぅんンぉおおっ氈v%K%P
「くぅおぉおぅッ氈@はぁっ、んあああっ歃n　んぉおっ、んぐっ、ふぅんンぉおおっ氈v%K%P
%LC依夜
%LC依夜
「はあっ、ああっ氈@おま○こいいっ歃n　おち○ちん、じゅぶじゅぶ、きもひぃいっ氈v%K%P
「はあっ、ああっ氈@おま○こいいっ歃n　おち○ちん、じゅぶじゅぶ、きもひぃいっ氈v%K%P
懸命に腰を振れば、依夜の表情が蕩けていく。%K%P
懸命に腰を振れば、依夜の表情が蕩けていく。%K%P
努力の成果がはっきり目に見えていると、\n人ってどんどん頑張れちゃうもので――、%K%P
努力の成果がはっきり目に見えていると、\n人ってどんどん頑張れちゃうもので――、%K%P
%LC陽菜
%LC陽菜
「依夜っ……もっと、もっともっと、\n　おち○ちん、もっと、いっぱいっ……！」%K%P
「依夜っ……もっと、もっともっと、\n　おち○ちん、もっと、いっぱいっ……！」%K%P
%LC依夜
%LC依夜
「んぉうッ、おち○ちん、しゅきぃ……歃n　さきっぽ、ぐりぐり、いい、いいのぉっ氈v%K%P
「んぉうッ、おち○ちん、しゅきぃ……歃n　さきっぽ、ぐりぐり、いい、いいのぉっ氈v%K%P
%LC依夜
%LC依夜
「あふっ、ああっ氈@やっ氈@あっ氈@だめっ歃n　ひな、らめにゃのっ、いくっ、イッちゃうぅッ」%K%P
「あふっ、ああっ氈@やっ氈@あっ氈@だめっ歃n　ひな、らめにゃのっ、いくっ、イッちゃうぅッ」%K%P
身悶える依夜の口の端から、\n汗の粒みたいに、唾液が飛び散る。%K%P
身悶える依夜の口の端から、\n汗の粒みたいに、唾液が飛び散る。%K%P
それぐらい依夜の身じろぎは激しくて、\n彼女の足にしがみつく力も、自然と強くなって。%K%P
それぐらい依夜の身じろぎは激しくて、\n彼女の足にしがみつく力も、自然と強くなって。%K%P
さながらロデオのように揺れる依夜の太ももを、\nさらに強く、ぎゅぎゅーっと――、%K%P
さながらロデオのように揺れる依夜の太ももを、\nさらに強く、ぎゅぎゅーっと――、%K%P
%LC依夜
%LC依夜
「んぉおぅおっ、んぉおっ氈@やっ、イッちゃう、\n　おま○こイッちゃうっ、イクっ、イぐぅぅうッ氈v%K%P
「んぉおぅおっ、んぉおっ氈@やっ、イッちゃう、\n　おま○こイッちゃうっ、イクっ、イぐぅぅうッ氈v%K%P
%LC陽菜
%LC陽菜
「うんッ、いいよ、イッてっ。\n　私ももうすぐ……んんッ、イキそうっ……！」%K%P
「うんッ、いいよ、イッてっ。\n　私ももうすぐ……んんッ、イキそうっ……！」%K%P
%LC陽菜
%LC陽菜
「膣内にいっぱい、どぴゅって出すから、\n　このまま、おち○ちんと、一緒にっ……！」%K%P
「膣内にいっぱい、どぴゅって出すから、\n　このまま、おち○ちんと、一緒にっ……！」%K%P
腰のコントロールはすでに利かなくて、\n本能の赴くまま、どんどん速度が早くなる。%K%P
腰のコントロールはすでに利かなくて、\n本能の赴くまま、どんどん速度が早くなる。%K%P
ゴールテープはすぐそこだから、\nあとは依夜と一緒に、ゴールするだけっ……！%K%P
ゴールテープはすぐそこだから、\nあとは依夜と一緒に、ゴールするだけっ……！%K%P
%LC依夜
%LC依夜
「ああっ、イクっ、イッちゃう……っ、\n　ひな、いいっ？　イッていーいっ？」%K%P
「ああっ、イクっ、イッちゃう……っ、\n　ひな、いいっ？　イッていーいっ？」%K%P
%LC陽菜
%LC陽菜
「いいよっ。私も……ああっ、いく、いくぅッ」%K%P
「いいよっ。私も……ああっ、いく、いくぅッ」%K%P
%LC依夜
%LC依夜
「くあっ、あぁあっ滲氈@おま○こイクッ、\n　イク、いぐっ、イッぐぅ……んぅうううッ！」%K%P
「くあっ、あぁあっ滲氈@おま○こイクッ、\n　イク、いぐっ、イッぐぅ……んぅうううッ！」%K%P
%LC依夜
%LC依夜
「ふはっ……はぁ、はぁ、ああぁっ歃n　せーし、どくどくッ……ぐっ、んんんぅ氈v%K%P
「ふはっ……はぁ、はぁ、ああぁっ歃n　せーし、どくどくッ……ぐっ、んんんぅ氈v%K%P
%LC依夜
%LC依夜
「濃いの、いっぱひ……はぅ、はあっ、\n　おち○ちん、びくびく、しゅっごひぃ……氈v%K%P
「濃いの、いっぱひ……はぅ、はあっ、\n　おち○ちん、びくびく、しゅっごひぃ……氈v%K%P
%LC陽菜
%LC陽菜
「んぅッ……はうっ、はッ、ああっ……氈v%K%P
「んぅッ……はうっ、はッ、ああっ……氈v%K%P
しがみついている依夜の足が、\n硬直するみたいに、ピンッと強張る。%K%P
しがみついている依夜の足が、\n硬直するみたいに、ピンッと強張る。%K%P
直後、ぷるぷる震え出すものだから、\nあまりの可愛さに、ハグする力が強くなった。%K%P
直後、ぷるぷる震え出すものだから、\nあまりの可愛さに、ハグする力が強くなった。%K%P
%LC依夜
%LC依夜
「んぅッ……ふぅ、ふぅ、はぁ……氈v%K%P
「んぅッ……ふぅ、ふぅ、はぁ……氈v%K%P
%LC依夜
%LC依夜
「陽菜のおち○ちん、気持ち、よくて……はぁはぁ、\n　頭の中も、おま○こみたいに、まっしろ……氈v%K%P
「陽菜のおち○ちん、気持ち、よくて……はぁはぁ、\n　頭の中も、おま○こみたいに、まっしろ……氈v%K%P
火照った吐息を漏らす依夜の瞳は、\n焦点が少し怪しくて、それがすごく、やらしくて。%K%P
火照った吐息を漏らす依夜の瞳は、\n焦点が少し怪しくて、それがすごく、やらしくて。%K%P
口の端からよだれが垂れたのを見た瞬間、\n身体が勝手に動いていた。%K%P
口の端からよだれが垂れたのを見た瞬間、\n身体が勝手に動いていた。%K%P
%LC陽菜
%LC陽菜
「依夜っ……ぺろ、ちゅっ……んーむっ」%K%P
「依夜っ……ぺろ、ちゅっ……んーむっ」%K%P
%LC依夜
%LC依夜
「んぐっ、んむぅ……氈@はふっ……待って、\n　まだ、息が……はぁはぁ……んぐっ、んむっ」%K%P
「んぐっ、んむぅ……氈@はふっ……待って、\n　まだ、息が……はぁはぁ……んぐっ、んむっ」%K%P
%LC陽菜
%LC陽菜
「ごめん、待てないっ……ちゅっ、んむっ、\n　ふぅっ、はぁっ、……れろ、ちゅぷぷっ」%K%P
「ごめん、待てないっ……ちゅっ、んむっ、\n　ふぅっ、はぁっ、……れろ、ちゅぷぷっ」%K%P
垂れた唾液をぺろっと舐めて、そのまま唇を重ねる。%K%P
垂れた唾液をぺろっと舐めて、そのまま唇を重ねる。%K%P
依夜の呼吸が乱れているのはわかっていたけど、\nそれが落ち着くまで、待ちきれなかった。%K%P
依夜の呼吸が乱れているのはわかっていたけど、\nそれが落ち着くまで、待ちきれなかった。%K%P
%LC陽菜
%LC陽菜
「ちゅむむっ……れろ、ちゅっ……はぁ、\n　んむ、んぐっ……あぁ、依夜、大好きっ……」%K%P
「ちゅむむっ……れろ、ちゅっ……はぁ、\n　んむ、んぐっ……あぁ、依夜、大好きっ……」%K%P
%LC依夜
%LC依夜
「んぅっ、んーむっ氈@あふっ、はぁ、\n　ああっ……陽菜の舌、しゅごひっ……んむっ」%K%P
「んぅっ、んーむっ氈@あふっ、はぁ、\n　ああっ……陽菜の舌、しゅごひっ……んむっ」%K%P
%LC陽菜
%LC陽菜
「れろ、れるっ……ちゅっ、あむっ、\n　さっきまで、乳首、吸ってたからっ……」%K%P
「れろ、れるっ……ちゅっ、あむっ、\n　さっきまで、乳首、吸ってたからっ……」%K%P
%LC陽菜
%LC陽菜
「舌と舌、絡むと、気持ちよくて……んうっ、\n　依夜とのキス、すごく気持ちいい……氈v%K%P
「舌と舌、絡むと、気持ちよくて……んうっ、\n　依夜とのキス、すごく気持ちいい……氈v%K%P
%LC依夜
%LC依夜
「んふっ氈@舌、ちゅっちゅっしてみる？」%K%P
「んふっ氈@舌、ちゅっちゅっしてみる？」%K%P
%LC陽菜
%LC陽菜
「うん、するっ。ちゅっちゅっさせて？」%K%P
「うん、するっ。ちゅっちゅっさせて？」%K%P
%LC依夜
%LC依夜
「なっ……くす、んふふっ氈@今日の陽菜は、\n　いつもよりも素直で甘えん坊さんね」%K%P
「なっ……くす、んふふっ氈@今日の陽菜は、\n　いつもよりも素直で甘えん坊さんね」%K%P
%LC陽菜
%LC陽菜
「それは、だって……さっきのアレを思えば、\n　キスをねだるぐらい、どうってことないし――」%K%P
「それは、だって……さっきのアレを思えば、\n　キスをねだるぐらい、どうってことないし――」%K%P
%LC依夜
%LC依夜
「ママ、イカせてっ、マぁマっ氈v%K%P
「ママ、イカせてっ、マぁマっ氈v%K%P
%LC陽菜
%LC陽菜
「っっっっ〜〜〜……！！\n　んぅうぅ……もおっ、依夜ぉっ」%K%P
「っっっっ〜〜〜……！！\n　んぅうぅ……もおっ、依夜ぉっ」%K%P
%LC依夜
%LC依夜
「くすっ氈@陽菜ちゃん、ホントに可愛い氈v%K%P
「くすっ氈@陽菜ちゃん、ホントに可愛い氈v%K%P
%LC依夜
%LC依夜
「そんな陽菜ちゃんには、ママから特別に、\n　ご褒美として滑り台をあげるっ……氈v%K%P
「そんな陽菜ちゃんには、ママから特別に、\n　ご褒美として滑り台をあげるっ……氈v%K%P
%LC陽菜
%LC陽菜
「滑り台って……えっ？　わ、わわっ……？！」%K%P
「滑り台って……えっ？　わ、わわっ……？！」%K%P
抱きついていないほうの依夜の足が、\nオレの腰を、ゆっくりと持ち上げていく。%K%P
抱きついていないほうの依夜の足が、\nオレの腰を、ゆっくりと持ち上げていく。%K%P
トラックが荷台を傾けるように角度がつくと、\n腰は自然と、彼女の方へと滑っていって――、%K%P
トラックが荷台を傾けるように角度がつくと、\n腰は自然と、彼女の方へと滑っていって――、%K%P
%LC依夜
%LC依夜
「ああぁあッ……氈@はぅっ、んんぅぅっ氈v%K%P
「ああぁあッ……氈@はぅっ、んんぅぅっ氈v%K%P
わずかな隙間すら許さないとばかりに、\nぴったりと密着する結合部。%K%P
わずかな隙間すら許さないとばかりに、\nぴったりと密着する結合部。%K%P
恥骨と恥骨がコツンと重なって、\nいままでにないぐらい、膣奥を近くに感じた。%K%P
恥骨と恥骨がコツンと重なって、\nいままでにないぐらい、膣奥を近くに感じた。%K%P
膝を立てるように少しだけ曲げることで、\n依夜は本当に、小さな滑り台を作り上げてしまった。%K%P
膝を立てるように少しだけ曲げることで、\n依夜は本当に、小さな滑り台を作り上げてしまった。%K%P
%LC依夜
%LC依夜
「ふふっ、これなら陽菜のおち○ちん、\n　私のおま○こに入ったままになるでしょう？」%K%P
「ふふっ、これなら陽菜のおち○ちん、\n　私のおま○こに入ったままになるでしょう？」%K%P
%LC依夜
%LC依夜
「あとは……私のお腹がいっぱいになるまで、\n　陽菜の精子を、おかわりするだけ……氈v%K%P
「あとは……私のお腹がいっぱいになるまで、\n　陽菜の精子を、おかわりするだけ……氈v%K%P
%LC陽菜
%LC陽菜
「おっ……おか、わり……？」%K%P
「おっ……おか、わり……？」%K%P
%LC依夜
%LC依夜
「そうよ、おかわりっ氈v%K%P
「そうよ、おかわりっ氈v%K%P
%LC依夜
%LC依夜
「明日はお休みだし……それに、今日は陽菜を\n　私の好きにしてもいいって約束でしょう？」%K%P
「明日はお休みだし……それに、今日は陽菜を\n　私の好きにしてもいいって約束でしょう？」%K%P
%LC依夜
%LC依夜
「だから、玉袋が空っぽになるまで……。\n　ねぇ……？　くすくす、んふふっ……氈v%K%P
「だから、玉袋が空っぽになるまで……。\n　ねぇ……？　くすくす、んふふっ……氈v%K%P
屈託ない笑みに、睾丸がキュンっと震えた。%K%P
屈託ない笑みに、睾丸がキュンっと震えた。%K%P
昔、本気になった姉さんと手合わせしたとき、\n似たような武者震いを経験したことがある。%K%P
昔、本気になった姉さんと手合わせしたとき、\n似たような武者震いを経験したことがある。%K%P
――これ、朝まで絶対に離してくれないやつだ。%K%P
――これ、朝まで絶対に離してくれないやつだ。%K%P
%LC陽菜
%LC陽菜
「あっ、あの、お手柔らかに……ねっ？」%K%P
「あっ、あの、お手柔らかに……ねっ？」%K%P
%LC依夜
%LC依夜
「陽菜相手に手加減だなんて……そんなこと、\n　私に出来るはずないでしょう？」%K%P
「陽菜相手に手加減だなんて……そんなこと、\n　私に出来るはずないでしょう？」%K%P
%LC依夜
%LC依夜
「あなたとは、いつでもどこでも、\n　全力で勝負をするって決めているもの」%K%P
「あなたとは、いつでもどこでも、\n　全力で勝負をするって決めているもの」%K%P
%LC依夜
%LC依夜
「それは、{舞闘:カデンツァ}だけでなく、\n　エッチのときも同じだからっ……滲氈v%K%P
「それは、{舞闘:カデンツァ}だけでなく、\n　エッチのときも同じだからっ……滲氈v%K%P
%LC依夜
%LC依夜
「と、いうわけで――おち○ちん、２本目っ氈v%K%P
「と、いうわけで――おち○ちん、２本目っ氈v%K%P
%LC陽菜
%LC陽菜
「やうっ？！　あっ、ああああッ……？！」%K%P
「やうっ？！　あっ、ああああッ……？！」%K%P
咄嗟に腰を引こうとしたけど、\n膣圧の前に、あっさり敗北。%K%P
咄嗟に腰を引こうとしたけど、\n膣圧の前に、あっさり敗北。%K%P
中出し精子で英気を養ったとばかりに、\n依夜の膣内はペニスを揉みくちゃにしていく。%K%P
中出し精子で英気を養ったとばかりに、\n依夜の膣内はペニスを揉みくちゃにしていく。%K%P
圧は強くなるし、密度も濃くなるし、\nおまけに自分の精子で、滑り具合もバッチリで。%K%P
圧は強くなるし、密度も濃くなるし、\nおまけに自分の精子で、滑り具合もバッチリで。%K%P
ちょっと腰を押し引きしただけで、\n先走り汁みたいに、精子がびゅびゅって――、%K%P
ちょっと腰を押し引きしただけで、\n先走り汁みたいに、精子がびゅびゅって――、%K%P
%LC陽菜
%LC陽菜
「はぐっ……あっ、んんっ、うそっ、\n　こんなに続けて……いぐっ、ぐぅ、くううッ！」%K%P
「はぐっ……あっ、んんっ、うそっ、\n　こんなに続けて……いぐっ、ぐぅ、くううッ！」%K%P
%LC依夜
%LC依夜
「ふあッ……あぁ、あぁああああっ……歃n　熱いのが、子宮にも、とぷとぷって……氈v%K%P
「ふあッ……あぁ、あぁああああっ……歃n　熱いのが、子宮にも、とぷとぷって……氈v%K%P
%LC依夜
%LC依夜
「んっ、ふぅ……２本目も、\n　濃いのが、おま○こ、いっぱひっ……氈v%K%P
「んっ、ふぅ……２本目も、\n　濃いのが、おま○こ、いっぱひっ……氈v%K%P
%LC陽菜
%LC陽菜
「はあっ、はあっ、はあっ、はあっ……」%K%P
「はあっ、はあっ、はあっ、はあっ……」%K%P
経験したことがないタイプの射精に、\nただただ呆然としてしまう。%K%P
経験したことがないタイプの射精に、\nただただ呆然としてしまう。%K%P
でも、２回目のイッたあとキスしていたし、\nあれがインターバルだって、考えれば――、%K%P
でも、２回目のイッたあとキスしていたし、\nあれがインターバルだって、考えれば――、%K%P
%LC依夜
%LC依夜
「それじゃあ……次は、３本目っ氈v%K%P
「それじゃあ……次は、３本目っ氈v%K%P
%LC陽菜
%LC陽菜
「え……えっ、あっ、あのっ、\n　おち○ちんは１本しかないんだけどっ……？！」%K%P
「え……えっ、あっ、あのっ、\n　おち○ちんは１本しかないんだけどっ……？！」%K%P
%LC依夜
%LC依夜
「稽古で素振りや打ち込みをするときは、\n　その回数を、本で数えるものでしょう？」%K%P
「稽古で素振りや打ち込みをするときは、\n　その回数を、本で数えるものでしょう？」%K%P
%LC陽菜
%LC陽菜
「あっ、うん」%K%P
「あっ、うん」%K%P
なんだ……。おち○ちんの本数じゃなくて、\n射精回数をカウントしてるってことなのか……。%K%P
なんだ……。おち○ちんの本数じゃなくて、\n射精回数をカウントしてるってことなのか……。%K%P
って……いや、いやいやいやっ……？！\nそれはそれで大変なことなんじゃ――、%K%P
って……いや、いやいやいやっ……？！\nそれはそれで大変なことなんじゃ――、%K%P
%LC陽菜
%LC陽菜
「あの、依夜……？　ちなみに、あと何本――」%K%P
「あの、依夜……？　ちなみに、あと何本――」%K%P
%LC依夜
%LC依夜
「できれば……１０００本氈v%K%P
「できれば……１０００本氈v%K%P
…………え゛？%K%P
…………え゛？%K%P
%LC依夜
%LC依夜
「――と、言いたいところなのだけど。\n　初めての試みだし、１０本でどう？」%K%P
「――と、言いたいところなのだけど。\n　初めての試みだし、１０本でどう？」%K%P
%LC陽菜
%LC陽菜
「それなら……って、むりむり、むぅりぃっ。\n　そんなの絶対おかしくなっちゃうっ」%K%P
「それなら……って、むりむり、むぅりぃっ。\n　そんなの絶対おかしくなっちゃうっ」%K%P
%LC依夜
%LC依夜
「そのときは私が介抱するわ」%K%P
「そのときは私が介抱するわ」%K%P
%LC陽菜
%LC陽菜
「それは頼もしいけど……でも――」%K%P
「それは頼もしいけど……でも――」%K%P
%LC依夜
%LC依夜
「ふふっ、隙ありっ。\n　おち○ちん、もぐっ氈@もぐっ氈v%K%P
「ふふっ、隙ありっ。\n　おち○ちん、もぐっ氈@もぐっ氈v%K%P
%LC陽菜
%LC陽菜
「みゃうっ氈@あっ、あああっ氈v%K%P
「みゃうっ氈@あっ、あああっ氈v%K%P
会話に気取られた隙をついて、\n依夜が素早く３本目に突入してしまう。%K%P
会話に気取られた隙をついて、\n依夜が素早く３本目に突入してしまう。%K%P
足と腰とおま○この、見事な三位一体が、\nペニスを根元までくわえ込んで離さない。%K%P
足と腰とおま○この、見事な三位一体が、\nペニスを根元までくわえ込んで離さない。%K%P
%LC陽菜
%LC陽菜
「なっ……う、うそっ、なんでこんなっ……」%K%P
「なっ……う、うそっ、なんでこんなっ……」%K%P
ついさっき射精したばかりなのに、\n尿意にも似た射精感が腰を突き上げる。%K%P
ついさっき射精したばかりなのに、\n尿意にも似た射精感が腰を突き上げる。%K%P
これ、ヤバいっ。尿道の中、ぐちゃぐちゃに\n掻き混ぜられてるみたいだっ……！%K%P
これ、ヤバいっ。尿道の中、ぐちゃぐちゃに\n掻き混ぜられてるみたいだっ……！%K%P
電流みたいな快感が、ピンポイントで、\n亀頭から根元まで、一直線に――、%K%P
電流みたいな快感が、ピンポイントで、\n亀頭から根元まで、一直線に――、%K%P
%LC陽菜
%LC陽菜
「はぐっ……ああっ、またイクっ……ひぐっ、\n　依夜、いくっ、いぐぅうううぅぅっ……！」%K%P
「はぐっ……ああっ、またイクっ……ひぐっ、\n　依夜、いくっ、いぐぅうううぅぅっ……！」%K%P
%LC陽菜
%LC陽菜
「ひぐっ……はっ、はあっ、ああっ……。\n　ああっ、ホントに、イッちゃっ……んんッ！」%K%P
「ひぐっ……はっ、はあっ、ああっ……。\n　ああっ、ホントに、イッちゃっ……んんッ！」%K%P
%LC依夜
%LC依夜
「あああっ……氈@はぁ、はぁ、んふふっ歃n　また、びゅくって……熱いの、出てるっ……氈v%K%P
「あああっ……氈@はぁ、はぁ、んふふっ歃n　また、びゅくって……熱いの、出てるっ……氈v%K%P
%LC依夜
%LC依夜
「無理だって言っていたのに、こんなに\n　出しちゃうなんて……陽菜、すごい……氈v%K%P
「無理だって言っていたのに、こんなに\n　出しちゃうなんて……陽菜、すごい……氈v%K%P
%LC陽菜
%LC陽菜
「くっ……はぁ、はあっ……すごいのは、\n　間違いなく、依夜のほうだってばっ……」%K%P
「くっ……はぁ、はあっ……すごいのは、\n　間違いなく、依夜のほうだってばっ……」%K%P
未体験の３連射――手コキを含めれば４連射。%K%P
未体験の３連射――手コキを含めれば４連射。%K%P
おそらく３０分にも満たない間に、\nそれだけの回数、立て続けに射精するなんて――、%K%P
おそらく３０分にも満たない間に、\nそれだけの回数、立て続けに射精するなんて――、%K%P
%LC依夜
%LC依夜
「あぁ……おち○ちん、まだ固いっ……歃n　これなら本当に、１０本イケそうっ……氈v%K%P
「あぁ……おち○ちん、まだ固いっ……歃n　これなら本当に、１０本イケそうっ……氈v%K%P
%LC陽菜
%LC陽菜
「イケるかイケないかで言えば、\n　あと少しなら、イケるかも、だけど……」%K%P
「イケるかイケないかで言えば、\n　あと少しなら、イケるかも、だけど……」%K%P
銀蘭祭が終わってからエッチできていなかったし、\n溜め込んだ分で、あと１〜２回なら凌げる、かも。%K%P
銀蘭祭が終わってからエッチできていなかったし、\n溜め込んだ分で、あと１〜２回なら凌げる、かも。%K%P
けど、このペースで射精していったら、\n朝どころか、夜更けまで保つかどうかも怪しい。%K%P
けど、このペースで射精していったら、\n朝どころか、夜更けまで保つかどうかも怪しい。%K%P
休憩を挟めるならまだしも、もしもこのまま、\nおち○ちんをおま○こに挿れっぱなしだとしたら。%K%P
休憩を挟めるならまだしも、もしもこのまま、\nおち○ちんをおま○こに挿れっぱなしだとしたら。%K%P
夜が明ける頃には、本当に、おち○ちんが\n消滅して、女の子になっちゃってるかも――、%K%P
夜が明ける頃には、本当に、おち○ちんが\n消滅して、女の子になっちゃってるかも――、%K%P
%LC陽菜
%LC陽菜
「……ねえ、依夜。せめて、５本にしよ？\n　それぐらいなら、たぶん、なんとか……」%K%P
「……ねえ、依夜。せめて、５本にしよ？\n　それぐらいなら、たぶん、なんとか……」%K%P
%LC依夜
%LC依夜
「ん……なら、あと５本」%K%P
「ん……なら、あと５本」%K%P
%LC陽菜
%LC陽菜
「あっ、あと５本？　合計じゃなくて？」%K%P
「あっ、あと５本？　合計じゃなくて？」%K%P
%LC依夜
%LC依夜
「うん。今日のところは」%K%P
「うん。今日のところは」%K%P
%LC陽菜
%LC陽菜
「今日のところは……って、\n　まさかこれ、今後も続くの……？」%K%P
「今日のところは……って、\n　まさかこれ、今後も続くの……？」%K%P
%LC依夜
%LC依夜
「陽菜、もう忘れてしまったの？」%K%P
「陽菜、もう忘れてしまったの？」%K%P
%LC依夜
%LC依夜
「これから陽菜は巫女として、祭事のとき、\n　私と一緒に神楽を舞ってくれるのでしょう？」%K%P
「これから陽菜は巫女として、祭事のとき、\n　私と一緒に神楽を舞ってくれるのでしょう？」%K%P
%LC依夜
%LC依夜
「祭事がある日は、今日のように、\n　私の家にお泊まりをしてくれるのでしょう？」%K%P
「祭事がある日は、今日のように、\n　私の家にお泊まりをしてくれるのでしょう？」%K%P
%LC陽菜
%LC陽菜
「あ――」%K%P
「あ――」%K%P
小祭は、月に一度程度あると言っていた。%K%P
小祭は、月に一度程度あると言っていた。%K%P
さらに、今回の雑祭のように、\n依頼があれば祈祷を執り行うこともある。%K%P
さらに、今回の雑祭のように、\n依頼があれば祈祷を執り行うこともある。%K%P
そのたびに、お泊まりにきて、これを……？%K%P
そのたびに、お泊まりにきて、これを……？%K%P
%LC依夜
%LC依夜
「もちろん、お泊まりのとき以外も、\n　したくなったら、いつでも私を求めて」%K%P
「もちろん、お泊まりのとき以外も、\n　したくなったら、いつでも私を求めて」%K%P
%LC依夜
%LC依夜
「１０本でも、１００本でも……。\n　あなたが満足するまで、抱っこするから」%K%P
「１０本でも、１００本でも……。\n　あなたが満足するまで、抱っこするから」%K%P
%LC陽菜
%LC陽菜
「…………うん」%K%P
「…………うん」%K%P
やっぱり屈託なく笑う依夜の笑顔を見て、\nすんなり覚悟が決まった。%K%P
やっぱり屈託なく笑う依夜の笑顔を見て、\nすんなり覚悟が決まった。%K%P
オレは依夜が大好きで、\n依夜とエッチをするのも大好きで。%K%P
オレは依夜が大好きで、\n依夜とエッチをするのも大好きで。%K%P
なら、１０年かけて磨いてきた剣術のように、\nエッチなことも、研鑽を積んでいけばいい。%K%P
なら、１０年かけて磨いてきた剣術のように、\nエッチなことも、研鑽を積んでいけばいい。%K%P
オレには格好よくて可愛い、\n頼もしいパートナーもいることだし――、%K%P
オレには格好よくて可愛い、\n頼もしいパートナーもいることだし――、%K%P
%LC陽菜
%LC陽菜
「今日の目標は、あと５本、だよね？」%K%P
「今日の目標は、あと５本、だよね？」%K%P
%LC依夜
%LC依夜
「うん、あと５本」%K%P
「うん、あと５本」%K%P
%LC陽菜
%LC陽菜
「よしっ……。じゃあ、頑張るっ」%K%P
「よしっ……。じゃあ、頑張るっ」%K%P
%LC依夜
%LC依夜
「ありがとう、陽菜。大好きっ……氈v%K%P
「ありがとう、陽菜。大好きっ……氈v%K%P
%LC陽菜
%LC陽菜
「私も。大好きだよ、依夜」%K%P
「私も。大好きだよ、依夜」%K%P
見つめ合うと、依夜は膣圧を強めて、\nペニスを優しく、ぎゅっと抱っこしてくれた。%K%P
見つめ合うと、依夜は膣圧を強めて、\nペニスを優しく、ぎゅっと抱っこしてくれた。%K%P
今日のところは無理かもしれないけど、\nいつの日か、１日１０本を達成できるように。%K%P
今日のところは無理かもしれないけど、\nいつの日か、１日１０本を達成できるように。%K%P
これからも、依夜とはたくさん、\n心と体を重ねていきたい――。%K%P
これからも、依夜とはたくさん、\n心と体を重ねていきたい――。%K%P
