――銀蘭祭、２日目。%K%P
――銀蘭祭、２日目。%K%P
この日のメインイベントである歌劇アリアは、\nオレが想像していた以上の盛り上がりを見せた。%K%P
この日のメインイベントである歌劇アリアは、\nオレが想像していた以上の盛り上がりを見せた。%K%P
{歌姫:ディーバ}であるつーちゃんの歌唱はもちろん、\n同じぐらい目立っていたのが、他でもない依夜だ。%K%P
{歌姫:ディーバ}であるつーちゃんの歌唱はもちろん、\n同じぐらい目立っていたのが、他でもない依夜だ。%K%P
３年連続{最優秀騎士:ブリランテ}となった彼女は、\n{歌姫:ディーバ}とダブル主演ともいえる騎士を好演。%K%P
３年連続{最優秀騎士:ブリランテ}となった彼女は、\n{歌姫:ディーバ}とダブル主演ともいえる騎士を好演。%K%P
普段の泰然自若な彼女が見せる圧巻の演技力は、\n共に舞台に立つ他の出演者すら、見惚れる代物で。%K%P
普段の泰然自若な彼女が見せる圧巻の演技力は、\n共に舞台に立つ他の出演者すら、見惚れる代物で。%K%P
前日のお姫様抱っこのインパクトもあって、\n彼女は１年生を中心に、新たなファンを獲得した。%K%P
前日のお姫様抱っこのインパクトもあって、\n彼女は１年生を中心に、新たなファンを獲得した。%K%P
そんな銀蘭祭が終わって、１週間ほど経ち、\n浮き足立っていた学内の空気が落ち着いた頃――、%K%P
そんな銀蘭祭が終わって、１週間ほど経ち、\n浮き足立っていた学内の空気が落ち着いた頃――、%K%P
例の約束を、果たす時がきた。%K%P
例の約束を、果たす時がきた。%K%P
――日曜日、ショッピングモール。%K%P
――日曜日、ショッピングモール。%K%P
それが、依夜とのデートの待ち合わせ場所。%K%P
それが、依夜とのデートの待ち合わせ場所。%K%P
約束の時間よりかなり早く着いてしまって、\nそわそわしながら、何度もスマホをチェック。%K%P
約束の時間よりかなり早く着いてしまって、\nそわそわしながら、何度もスマホをチェック。%K%P
それから、近くの店のガラスに映る自分の姿を見て、\nなんともいえない違和感を覚えてしまう。%K%P
それから、近くの店のガラスに映る自分の姿を見て、\nなんともいえない違和感を覚えてしまう。%K%P
――久しぶりの、男の格好。%K%P
――久しぶりの、男の格好。%K%P
男の子の格好を見てみたいというのが、\n依夜からのリクエストだった。%K%P
男の子の格好を見てみたいというのが、\n依夜からのリクエストだった。%K%P
%LC日向
%LC日向
「依夜は、どんな格好でくるのかな……」%K%P
「依夜は、どんな格好でくるのかな……」%K%P
ガラスに映る自分の姿を眺めつつ、\n隣に立つ彼女を想像してみる。%K%P
ガラスに映る自分の姿を眺めつつ、\n隣に立つ彼女を想像してみる。%K%P
前回ショッピングモールで見た彼女の服装は、\nとても瀟洒で、彼女によく似合っていた。%K%P
前回ショッピングモールで見た彼女の服装は、\nとても瀟洒で、彼女によく似合っていた。%K%P
あれは姉さんが見立てたという話だったから、\n今回は依夜自身が選んだ服という可能性もある。%K%P
あれは姉さんが見立てたという話だったから、\n今回は依夜自身が選んだ服という可能性もある。%K%P
以前、可愛い物が好きだと言っていたから、\n服もそういう系統だったりするのかな。%K%P
以前、可愛い物が好きだと言っていたから、\n服もそういう系統だったりするのかな。%K%P
……なんか、こういうそわそわした感じ、\nいかにもデートの待ち合わせって感じだ。%K%P
……なんか、こういうそわそわした感じ、\nいかにもデートの待ち合わせって感じだ。%K%P
%LC依夜
%LC依夜
「日向」%K%P
「日向」%K%P
%LC日向
%LC日向
「あっ、依夜――」%K%P
「あっ、依夜――」%K%P
不意に声がかかると同時に、\nガラスに映るオレの隣に、彼女が並ぶ。%K%P
不意に声がかかると同時に、\nガラスに映るオレの隣に、彼女が並ぶ。%K%P
その姿を見て、オレは息を呑んだ。%K%P
その姿を見て、オレは息を呑んだ。%K%P
%LC依夜
%LC依夜
「ねえ、見て。これ、可愛い」%K%P
「ねえ、見て。これ、可愛い」%K%P
ふらりと立ち寄ったファンシーショップで、\n並んでいたぬいぐるみのひとつを抱きしめる依夜。%K%P
ふらりと立ち寄ったファンシーショップで、\n並んでいたぬいぐるみのひとつを抱きしめる依夜。%K%P
その姿に、思わず立ち尽くしてしまう。%K%P
その姿に、思わず立ち尽くしてしまう。%K%P
%LC依夜
%LC依夜
「日向……？　どうしかした？」%K%P
「日向……？　どうしかした？」%K%P
%LC日向
%LC日向
「……」%K%P
「……」%K%P
%LC依夜
%LC依夜
「日向。ねえ、日向」%K%P
「日向。ねえ、日向」%K%P
%LC日向
%LC日向
「……え？　な、なに？」%K%P
「……え？　な、なに？」%K%P
%LC依夜
%LC依夜
「これ、可愛いと思うのだけれど」%K%P
「これ、可愛いと思うのだけれど」%K%P
%LC日向
%LC日向
「あっ、うん。……すごく、可愛い」%K%P
「あっ、うん。……すごく、可愛い」%K%P
%LC依夜
%LC依夜
「そう？　日向も、そう思う？」%K%P
「そう？　日向も、そう思う？」%K%P
%LC日向
%LC日向
「思う。すごく、可愛い。……依夜が」%K%P
「思う。すごく、可愛い。……依夜が」%K%P
%LC依夜
%LC依夜
「あ……」%K%P
「あ……」%K%P
思わず口に出してしまうと、依夜が頬を染める。%K%P
思わず口に出してしまうと、依夜が頬を染める。%K%P
その反応も、すごく可愛い。%K%P
その反応も、すごく可愛い。%K%P
というか、この格好がそもそもズルい。%K%P
というか、この格好がそもそもズルい。%K%P
少し前、待ち合わせ場所にやってきた依夜を見て、\nオレはしばらく動けなかった。%K%P
少し前、待ち合わせ場所にやってきた依夜を見て、\nオレはしばらく動けなかった。%K%P
だって、前回はあんなにも大人ぽかった依夜が、\nこんなにもガーリーな服を着てきたんだから。%K%P
だって、前回はあんなにも大人ぽかった依夜が、\nこんなにもガーリーな服を着てきたんだから。%K%P
こんなのはもう、一粒で二度美味しいとか、\nそういう次元を超越していると思う。%K%P
こんなのはもう、一粒で二度美味しいとか、\nそういう次元を超越していると思う。%K%P
%LC依夜
%LC依夜
「……いまさら、だけれど。\n　この格好、おかしくはない？」%K%P
「……いまさら、だけれど。\n　この格好、おかしくはない？」%K%P
%LC日向
%LC日向
「おかしくない。もしおかしいなら、\n　それがおかしい世の中のほうがおかしい」%K%P
「おかしくない。もしおかしいなら、\n　それがおかしい世の中のほうがおかしい」%K%P
ああ、だめだ。依夜が可愛すぎて、\n自分でもなに言ってるのかわからない。%K%P
ああ、だめだ。依夜が可愛すぎて、\n自分でもなに言ってるのかわからない。%K%P
%LC日向
%LC日向
「って……そっか、そうだよね。ごめん。\n　オレ、服の感想なにも言ってなくて」%K%P
「って……そっか、そうだよね。ごめん。\n　オレ、服の感想なにも言ってなくて」%K%P
%LC日向
%LC日向
「その服、すごく似合ってる。\n　依夜、めっちゃ可愛い」%K%P
「その服、すごく似合ってる。\n　依夜、めっちゃ可愛い」%K%P
%LC依夜
%LC依夜
「ん……。ありがとう」%K%P
「ん……。ありがとう」%K%P
依夜の頬が、さらに染まる。%K%P
依夜の頬が、さらに染まる。%K%P
ぬいぐるみを抱くポーズと相まって、\n愛らしさが倍増していく。%K%P
ぬいぐるみを抱くポーズと相まって、\n愛らしさが倍増していく。%K%P
%LC依夜
%LC依夜
「この服、前に衝動買いをして……。\n　でも、一度も着たことがなかったの」%K%P
「この服、前に衝動買いをして……。\n　でも、一度も着たことがなかったの」%K%P
%LC依夜
%LC依夜
「私、可愛いものが好きだけれど……そういうのは、\n　自分には似合わないと思っていたから」%K%P
「私、可愛いものが好きだけれど……そういうのは、\n　自分には似合わないと思っていたから」%K%P
%LC依夜
%LC依夜
「だけど……日向が私を、\n　可愛いと言ってくれたから――」%K%P
「だけど……日向が私を、\n　可愛いと言ってくれたから――」%K%P
%LC依夜
%LC依夜
「あなたになら、こういう自分を見せても、\n　大丈夫じゃないかなって、そう思って……」%K%P
「あなたになら、こういう自分を見せても、\n　大丈夫じゃないかなって、そう思って……」%K%P
%LC依夜
%LC依夜
「それで今日、思い切って着てみたの」%K%P
「それで今日、思い切って着てみたの」%K%P
%LC日向
%LC日向
「そうだったんだ……」%K%P
「そうだったんだ……」%K%P
今日の服装に込められた想いを知って、\nあらためて、心が揺り動かされる。%K%P
今日の服装に込められた想いを知って、\nあらためて、心が揺り動かされる。%K%P
%LC日向
%LC日向
「……ありがとう。勇気を出してくれて」%K%P
「……ありがとう。勇気を出してくれて」%K%P
%LC日向
%LC日向
「依夜が思い切ってくれたおかげで、\n　こんなに可愛い姿が見られて……すごく嬉しい」%K%P
「依夜が思い切ってくれたおかげで、\n　こんなに可愛い姿が見られて……すごく嬉しい」%K%P
%LC依夜
%LC依夜
「んぅ……」%K%P
「んぅ……」%K%P
気持ちを素直に伝えたら、\n依夜の頬がさらに赤くなる。%K%P
気持ちを素直に伝えたら、\n依夜の頬がさらに赤くなる。%K%P
ああ、どうしよう。ほんとに可愛い。%K%P
ああ、どうしよう。ほんとに可愛い。%K%P
普段の凜々しい彼女を知っているからこそ、\nギャップによる破壊力が凄まじい。%K%P
普段の凜々しい彼女を知っているからこそ、\nギャップによる破壊力が凄まじい。%K%P
%LC依夜
%LC依夜
「ねえ、このぬいぐるみ、買ってきてもいい？」%K%P
「ねえ、このぬいぐるみ、買ってきてもいい？」%K%P
%LC日向
%LC日向
「そんなに気に入ったの？」%K%P
「そんなに気に入ったの？」%K%P
%LC依夜
%LC依夜
「初デートの記念になるし……それにこの子、\n　日向に似ている気がするから」%K%P
「初デートの記念になるし……それにこの子、\n　日向に似ている気がするから」%K%P
%LC日向
%LC日向
「依夜から見たオレって、そんな感じなの？」%K%P
「依夜から見たオレって、そんな感じなの？」%K%P
%LC依夜
%LC依夜
「うん。それに、抱っこした感じがそっくり」%K%P
「うん。それに、抱っこした感じがそっくり」%K%P
%LC依夜
%LC依夜
「アリア合宿が終わってから、夜、あなたを\n　抱っこできなくて、ずっと寂しかったし……」%K%P
「アリア合宿が終わってから、夜、あなたを\n　抱っこできなくて、ずっと寂しかったし……」%K%P
%LC依夜
%LC依夜
「これからは毎晩、この子を抱っこするわ」%K%P
「これからは毎晩、この子を抱っこするわ」%K%P
%LC日向
%LC日向
「なにそれズルい」%K%P
「なにそれズルい」%K%P
%LC依夜
%LC依夜
「ズルい？」%K%P
「ズルい？」%K%P
%LC日向
%LC日向
「……あ」%K%P
「……あ」%K%P
しまったっ。思わず、心の声が――、%K%P
しまったっ。思わず、心の声が――、%K%P
%LC依夜
%LC依夜
「……くす。そう、そういうこと。\n　日向も、抱っこが恋しかったのね？」%K%P
「……くす。そう、そういうこと。\n　日向も、抱っこが恋しかったのね？」%K%P
%LC日向
%LC日向
「うぅ……だってほら、一週間続いてたものが、\n　急になくなっちゃったわけで……」%K%P
「うぅ……だってほら、一週間続いてたものが、\n　急になくなっちゃったわけで……」%K%P
%LC日向
%LC日向
「そうなると、やっぱり、恋しいかなって……」%K%P
「そうなると、やっぱり、恋しいかなって……」%K%P
%LC依夜
%LC依夜
「なら、また私の家に泊まりにきて。\n　一晩中、あなたを抱っこして離さないから」%K%P
「なら、また私の家に泊まりにきて。\n　一晩中、あなたを抱っこして離さないから」%K%P
にこっと笑った依夜は、\n持っていたぬいぐるみをぎゅっと抱く。%K%P
にこっと笑った依夜は、\n持っていたぬいぐるみをぎゅっと抱く。%K%P
その仕草に、こっちの心まで、\nぎゅっと抱きしめられてしまう。%K%P
その仕草に、こっちの心まで、\nぎゅっと抱きしめられてしまう。%K%P
最強の{最優秀騎士:ブリランテ}は、\n休日のデートであっても、やっぱり最強で。%K%P
最強の{最優秀騎士:ブリランテ}は、\n休日のデートであっても、やっぱり最強で。%K%P
この先もずっとずっと、\nオレは彼女に抱っこされ続けるに違いない。%K%P
この先もずっとずっと、\nオレは彼女に抱っこされ続けるに違いない。%K%P
