%LC杏奈
%LC杏奈
「おはよう、陽菜ちゃん」%K%P
「おはよう、陽菜ちゃん」%K%P
%LC陽菜
%LC陽菜
「ん、おはよ……ふあっ、んぅ」%K%P
「ん、おはよ……ふあっ、んぅ」%K%P
%LC杏奈
%LC杏奈
「あらら、おっきなあくび。\n　陽菜ちゃんおねむ？」%K%P
「あらら、おっきなあくび。\n　陽菜ちゃんおねむ？」%K%P
%LC陽菜
%LC陽菜
「ちょっとね。夕べ、少し遅くまで起きてて」%K%P
「ちょっとね。夕べ、少し遅くまで起きてて」%K%P
あくび――夜更かしの理由は、\n対策を練っていたからに他ならない。%K%P
あくび――夜更かしの理由は、\n対策を練っていたからに他ならない。%K%P
昨日の練習では、杏奈ちゃんとクレール様の\nチームワークの前に完敗してしまった。%K%P
昨日の練習では、杏奈ちゃんとクレール様の\nチームワークの前に完敗してしまった。%K%P
このままだと、本番でも負けてしまう。%K%P
このままだと、本番でも負けてしまう。%K%P
そうならないためには、\nこちらもチームワークを磨くのが一番だろう。%K%P
そうならないためには、\nこちらもチームワークを磨くのが一番だろう。%K%P
だから、その方法を考えていたんだけど――、%K%P
だから、その方法を考えていたんだけど――、%K%P
オレにとってそれは、未知の領域だった。%K%P
オレにとってそれは、未知の領域だった。%K%P
{連弾:デュオ}{舞闘:カデンツァ}は、\nテニスや卓球でいうダブルスのようなものだ。%K%P
{連弾:デュオ}{舞闘:カデンツァ}は、\nテニスや卓球でいうダブルスのようなものだ。%K%P
でも、剣術やフェンシングにダブルスはない。%K%P
でも、剣術やフェンシングにダブルスはない。%K%P
誰かと協力、連携して戦うことなんて、\nこれまで一度も経験したことがなかった。%K%P
誰かと協力、連携して戦うことなんて、\nこれまで一度も経験したことがなかった。%K%P
だから、いざチームワークを磨くといっても、\nなにをどうすればいいのやら……。%K%P
だから、いざチームワークを磨くといっても、\nなにをどうすればいいのやら……。%K%P
%LC杏奈
%LC杏奈
「陽菜ちゃん」%K%P
「陽菜ちゃん」%K%P
%LC陽菜
%LC陽菜
「むぅぅぅ……」%K%P
「むぅぅぅ……」%K%P
%LC杏奈
%LC杏奈
「陽菜ちゃん、陽菜ちゃんってば」%K%P
「陽菜ちゃん、陽菜ちゃんってば」%K%P
%LC陽菜
%LC陽菜
「あっ、ごめん……。なに？」%K%P
「あっ、ごめん……。なに？」%K%P
%LC杏奈
%LC杏奈
「陽菜ちゃんにお客様」%K%P
「陽菜ちゃんにお客様」%K%P
%LC陽菜
%LC陽菜
「お客様――」%K%P
「お客様――」%K%P
ひょっとして、なんて思いながら戸口を見れば、\nはたしてそこに居たのは依夜様だった。%K%P
ひょっとして、なんて思いながら戸口を見れば、\nはたしてそこに居たのは依夜様だった。%K%P
%LC依夜
%LC依夜
「ごめんなさい。\n　いきなり教室に押しかけてしまって」%K%P
「ごめんなさい。\n　いきなり教室に押しかけてしまって」%K%P
%LC陽菜
%LC陽菜
「遠慮しないでください。\n　私たちはエンゲージしてるんですから」%K%P
「遠慮しないでください。\n　私たちはエンゲージしてるんですから」%K%P
以前だったら、依夜様来訪に教室大騒ぎ、\nなんて展開もありえただろうけど。%K%P
以前だったら、依夜様来訪に教室大騒ぎ、\nなんて展開もありえただろうけど。%K%P
エンゲージという大義名分がある今、\n必要以上に騒がれることも――、%K%P
エンゲージという大義名分がある今、\n必要以上に騒がれることも――、%K%P
%LCクラスメートＡ
%LCクラスメートＡ
「見て見てっ、生依夜様っ」%K%P
「見て見てっ、生依夜様っ」%K%P
%LCクラスメートＢ
%LCクラスメートＢ
「近くで見ると、よりお美しいです……」%K%P
「近くで見ると、よりお美しいです……」%K%P
%LCクラスメートＣ
%LCクラスメートＣ
「エンゲージしてるって思うと、\n　余計にツーショットが尊いよねぇ……」%K%P
「エンゲージしてるって思うと、\n　余計にツーショットが尊いよねぇ……」%K%P
%LCクラスメートＤ
%LCクラスメートＤ
「うん、ほんと……」%K%P
「うん、ほんと……」%K%P
そんなこともなかったみたいです、はい。%K%P
そんなこともなかったみたいです、はい。%K%P
むしろ、エンゲージって言葉のせいか、\n以前よりも注目されちゃっているような……。%K%P
むしろ、エンゲージって言葉のせいか、\n以前よりも注目されちゃっているような……。%K%P
%LC陽菜
%LC陽菜
「それで、今日はどんなご用で？」%K%P
「それで、今日はどんなご用で？」%K%P
%LC依夜
%LC依夜
「今日、一緒に昼食を食べたいと思って」%K%P
「今日、一緒に昼食を食べたいと思って」%K%P
%LC依夜
%LC依夜
「お昼になってから誘うべきか迷ったのだけど、\n　直前だとかえって迷惑でしょう？」%K%P
「お昼になってから誘うべきか迷ったのだけど、\n　直前だとかえって迷惑でしょう？」%K%P
%LC依夜
%LC依夜
「それで、朝のうちに来てみたのだけど……」%K%P
「それで、朝のうちに来てみたのだけど……」%K%P
%LC陽菜
%LC陽菜
「わかりました。\n　場所は学食でいいですか？」%K%P
「わかりました。\n　場所は学食でいいですか？」%K%P
%LC依夜
%LC依夜
「いいけど……いいの？　本当に」%K%P
「いいけど……いいの？　本当に」%K%P
%LC依夜
%LC依夜
「誘いに来た私が言うのもおかしいけれど、\n　陽菜にだって都合があるでしょう？」%K%P
「誘いに来た私が言うのもおかしいけれど、\n　陽菜にだって都合があるでしょう？」%K%P
%LC陽菜
%LC陽菜
「より良い{舞闘:カデンツァ}を披露する――、\n　それが私たちの責務ですから」%K%P
「より良い{舞闘:カデンツァ}を披露する――、\n　それが私たちの責務ですから」%K%P
%LC陽菜
%LC陽菜
「パートナーの依夜様と過ごす時間を、\n　いまはなにより優先したいんです」%K%P
「パートナーの依夜様と過ごす時間を、\n　いまはなにより優先したいんです」%K%P
%LC依夜
%LC依夜
「陽菜……。ありがとう。\n　昼休みになったら迎えにくるわ」%K%P
「陽菜……。ありがとう。\n　昼休みになったら迎えにくるわ」%K%P
%LC陽菜
%LC陽菜
「それなら私が」%K%P
「それなら私が」%K%P
%LC依夜
%LC依夜
「いいの。私がそうしたいの」%K%P
「いいの。私がそうしたいの」%K%P
%LC陽菜
%LC陽菜
「っ……」%K%P
「っ……」%K%P
依夜様の笑顔に息を呑む。%K%P
依夜様の笑顔に息を呑む。%K%P
これまでも笑みを浮かべることはあったけど、\n今回はとくに柔らかくて、嬉しそうで。%K%P
これまでも笑みを浮かべることはあったけど、\n今回はとくに柔らかくて、嬉しそうで。%K%P
すごく、ドキっとして――、%K%P
すごく、ドキっとして――、%K%P
%LC依夜
%LC依夜
「じゃあ、お昼休みに、また。\n　本題はそのとき、あらためて」%K%P
「じゃあ、お昼休みに、また。\n　本題はそのとき、あらためて」%K%P
%LC陽菜
%LC陽菜
「はい」%K%P
「はい」%K%P
……ん？　本題……？%K%P
……ん？　本題……？%K%P
本題って、いったいなんだ？%K%P
本題って、いったいなんだ？%K%P
――依夜様の本題は、単純明快だった。%K%P
――依夜様の本題は、単純明快だった。%K%P
%LC依夜
%LC依夜
「陽菜ともっと意志疎通ができるように、\n　トレーニングしたいのだけれど――」%K%P
「陽菜ともっと意志疎通ができるように、\n　トレーニングしたいのだけれど――」%K%P
%LC依夜
%LC依夜
「なにか、いい方法はない？」%K%P
「なにか、いい方法はない？」%K%P
聞かれた瞬間、頬が少し緩んでしまう。%K%P
聞かれた瞬間、頬が少し緩んでしまう。%K%P
以心伝心って、こういうことかもしれない。%K%P
以心伝心って、こういうことかもしれない。%K%P
%LC陽菜
%LC陽菜
「実は私も同じ事を考えていたんです」%K%P
「実は私も同じ事を考えていたんです」%K%P
%LC陽菜
%LC陽菜
「でも、いい方法が思いつかなくて――」%K%P
「でも、いい方法が思いつかなくて――」%K%P
昨晩から続く逡巡をありのまま伝えると、\n依夜様は目を伏せ、思案する仕草を見せた。%K%P
昨晩から続く逡巡をありのまま伝えると、\n依夜様は目を伏せ、思案する仕草を見せた。%K%P
%LC依夜
%LC依夜
「やはり難しいことよね……。\n　二人で協力して戦うというのは」%K%P
「やはり難しいことよね……。\n　二人で協力して戦うというのは」%K%P
%LC依夜
%LC依夜
「でも、だからこそ。\n　杏奈とクレールには感謝をしないと」%K%P
「でも、だからこそ。\n　杏奈とクレールには感謝をしないと」%K%P
%LC陽菜
%LC陽菜
「そうですね」%K%P
「そうですね」%K%P
杏奈ちゃんたちと合同練習したことで、\n気づかされることは多かった。%K%P
杏奈ちゃんたちと合同練習したことで、\n気づかされることは多かった。%K%P
もし昨日一緒にトレーニングしていなければ、\n本番であっさり敗退していたかもしれない。%K%P
もし昨日一緒にトレーニングしていなければ、\n本番であっさり敗退していたかもしれない。%K%P
%LC依夜
%LC依夜
「ふたりへの感謝は、\n　あらためて伝えるとして――」%K%P
「ふたりへの感謝は、\n　あらためて伝えるとして――」%K%P
%LC依夜
%LC依夜
「なにか、チームワークを鍛える方法が、\n　あるとよいのだけど……」%K%P
「なにか、チームワークを鍛える方法が、\n　あるとよいのだけど……」%K%P
%LC陽菜
%LC陽菜
「むぅ……」%K%P
「むぅ……」%K%P
%LC美実
%LC美実
「美少女が揃って難しい顔しちゃって。\n　どうしたの？　悩みごと？」%K%P
「美少女が揃って難しい顔しちゃって。\n　どうしたの？　悩みごと？」%K%P
%LC陽菜
%LC陽菜
「美実様……。その、実は――」%K%P
「美実様……。その、実は――」%K%P
%LC美実
%LC美実
「――なるほど。連携力を高めたい、と」%K%P
「――なるほど。連携力を高めたい、と」%K%P
藁にも縋る――なんていったら失礼だけど、\n現状を打ち明けたオレに、美実様はふむふむと頷く。%K%P
藁にも縋る――なんていったら失礼だけど、\n現状を打ち明けたオレに、美実様はふむふむと頷く。%K%P
%LC美実
%LC美実
「それなら私、良い方法知ってるけど」%K%P
「それなら私、良い方法知ってるけど」%K%P
%LC陽菜・依夜
%LC陽菜・依夜
「なんですかっ？」\n「なに？」%K%P
「なんですかっ？」\n「なに？」%K%P
%LC美実
%LC美実
「あはは、息ぴったり。\n　これなら教える必要ないかも」%K%P
「あはは、息ぴったり。\n　これなら教える必要ないかも」%K%P
%LC陽菜
%LC陽菜
「いじわるせずに教えてください」%K%P
「いじわるせずに教えてください」%K%P
%LC美実
%LC美実
「慌てない慌てない」%K%P
「慌てない慌てない」%K%P
%LC美実
%LC美実
「ようは親睦を深めたいわけでしょ？\n　なら、こういうときの定番はひとつ――」%K%P
「ようは親睦を深めたいわけでしょ？\n　なら、こういうときの定番はひとつ――」%K%P
%LC美実
%LC美実
「ずばり、お泊まり」%K%P
「ずばり、お泊まり」%K%P
%LC陽菜
%LC陽菜
%XS21「おおおお泊まりっ？！」%XE%K%P
%XS21「おおおお泊まりっ？！」%XE%K%P
%LC陽菜
%LC陽菜
「って……あうっ、すみません……」%K%P
「って……あうっ、すみません……」%K%P
叫びながら椅子から立ち上がった結果、\n食堂中の注目を集めてしまって、すぐさま着席。%K%P
叫びながら椅子から立ち上がった結果、\n食堂中の注目を集めてしまって、すぐさま着席。%K%P
%LC美実
%LC美実
「そんなに驚くなんて、\n　陽菜ちゃんってばお泊まりバージン？」%K%P
「そんなに驚くなんて、\n　陽菜ちゃんってばお泊まりバージン？」%K%P
%LC陽菜
%LC陽菜
「変な単語作らないでくださいっ」%K%P
「変な単語作らないでくださいっ」%K%P
%LC陽菜
%LC陽菜
「だいたい、お泊まりって……。\n　本当に効果あるんですか？」%K%P
「だいたい、お泊まりって……。\n　本当に効果あるんですか？」%K%P
%LC美実
%LC美実
「もちろん。部活動だと定番でしょ？\n　夏休みとかに部員みんなで合宿って」%K%P
「もちろん。部活動だと定番でしょ？\n　夏休みとかに部員みんなで合宿って」%K%P
%LC美実
%LC美実
「あれってチームワークを強化するのに、\n　効果的だと思うんだよね」%K%P
「あれってチームワークを強化するのに、\n　効果的だと思うんだよね」%K%P
%LC美実
%LC美実
「銀蘭でもポピュラーだよ？　お泊まり合宿」%K%P
「銀蘭でもポピュラーだよ？　お泊まり合宿」%K%P
%LC依夜
%LC依夜
「……そうね。確かに……」%K%P
「……そうね。確かに……」%K%P
%LC依夜
%LC依夜
「ねえ、陽菜。私の家に泊まりにきて」%K%P
「ねえ、陽菜。私の家に泊まりにきて」%K%P
%LC陽菜
%LC陽菜
「依夜様までなに言ってるんですかっ。\n　お泊まりなんてダメです、マズいですっ」%K%P
「依夜様までなに言ってるんですかっ。\n　お泊まりなんてダメです、マズいですっ」%K%P
%LC依夜
%LC依夜
「どうして？」%K%P
「どうして？」%K%P
%LC陽菜
%LC陽菜
「どうしてって……」%K%P
「どうしてって……」%K%P
遊びに行く程度ならまだしも、泊まりとなれば、\n女装バレのリスクはぐんと高くなる――、%K%P
遊びに行く程度ならまだしも、泊まりとなれば、\n女装バレのリスクはぐんと高くなる――、%K%P
なんて、そんな理由は口が裂けても言えない。%K%P
なんて、そんな理由は口が裂けても言えない。%K%P
言えない以上、誤魔化すしかない。%K%P
言えない以上、誤魔化すしかない。%K%P
%LC陽菜
%LC陽菜
「お泊まりに行くだなんて、\n　依夜様の負担になっちゃいます」%K%P
「お泊まりに行くだなんて、\n　依夜様の負担になっちゃいます」%K%P
%LC依夜
%LC依夜
「私は平気よ」%K%P
「私は平気よ」%K%P
%LC陽菜
%LC陽菜
「お家の方にご迷惑が」%K%P
「お家の方にご迷惑が」%K%P
%LC依夜
%LC依夜
「もちろん許可はとるわ」%K%P
「もちろん許可はとるわ」%K%P
%LC陽菜
%LC陽菜
「でも、ほら、ええとっ……」%K%P
「でも、ほら、ええとっ……」%K%P
%LC美実
%LC美実
「依夜がここまで言ってるんだし。\n　陽菜ちゃん、お泊まりしてみたら？」%K%P
「依夜がここまで言ってるんだし。\n　陽菜ちゃん、お泊まりしてみたら？」%K%P
%LC依夜
%LC依夜
「そうよ、遠慮しないで。\n　私たちはエンゲージしている仲――でしょう？」%K%P
「そうよ、遠慮しないで。\n　私たちはエンゲージしている仲――でしょう？」%K%P
%LC陽菜
%LC陽菜
「ん……」%K%P
「ん……」%K%P
今朝のオレの言葉を引用して、\nこちらをじっと見つめてくる依夜様。%K%P
今朝のオレの言葉を引用して、\nこちらをじっと見つめてくる依夜様。%K%P
誘いを断ることは出来る、けど……そうすれば、\n依夜様との関係がぎくしゃくするのは間違いない。%K%P
誘いを断ることは出来る、けど……そうすれば、\n依夜様との関係がぎくしゃくするのは間違いない。%K%P
チームワークを良くしたいって話をしてたのに、\nそれを自ら台無しするなんて本末転倒だ。%K%P
チームワークを良くしたいって話をしてたのに、\nそれを自ら台無しするなんて本末転倒だ。%K%P
なにより、美実様の言う通り、\n依夜様がここまで言ってくれているのだし。%K%P
なにより、美実様の言う通り、\n依夜様がここまで言ってくれているのだし。%K%P
%LC陽菜
%LC陽菜
「……わかりました。\n　ただ、今日いきなりは、さすがに」%K%P
「……わかりました。\n　ただ、今日いきなりは、さすがに」%K%P
%LC陽菜
%LC陽菜
「職員寮の管理人――理事長に相談してから\n　お返事するってことで、構いませんか？」%K%P
「職員寮の管理人――理事長に相談してから\n　お返事するってことで、構いませんか？」%K%P
%LC依夜
%LC依夜
「もちろんよ。\n　私も家に確認をとっておくわ」%K%P
「もちろんよ。\n　私も家に確認をとっておくわ」%K%P
%LC陽菜
%LC陽菜
「――と、いうことに\n　なってしまったんですが……」%K%P
「――と、いうことに\n　なってしまったんですが……」%K%P
%LCニナ
%LCニナ
「いいんじゃない？　してきたら？」%K%P
「いいんじゃない？　してきたら？」%K%P
夜、食卓を囲みながら今日の一件を報告すると、\nニナさんはあっさりと外泊許可をくれた。%K%P
夜、食卓を囲みながら今日の一件を報告すると、\nニナさんはあっさりと外泊許可をくれた。%K%P
%LC陽菜
%LC陽菜
「本当にいいんですか？　外泊ってことは、\n　女装がバレちゃうリスクだって――」%K%P
「本当にいいんですか？　外泊ってことは、\n　女装がバレちゃうリスクだって――」%K%P
%LCニナ
%LCニナ
「それを承知の上で相談してきたってことは、\n　ヒナちゃん、お泊まりしたいんでしょ？」%K%P
「それを承知の上で相談してきたってことは、\n　ヒナちゃん、お泊まりしたいんでしょ？」%K%P
%LC陽菜
%LC陽菜
「それは……はい」%K%P
「それは……はい」%K%P
%LCニナ
%LCニナ
「なら、こちらが引き留める理由はないし」%K%P
「なら、こちらが引き留める理由はないし」%K%P
%LCニナ
%LCニナ
「これが女装したばかりの頃だったら、\n　さすがにちょっと心配しただろうけど」%K%P
「これが女装したばかりの頃だったら、\n　さすがにちょっと心配しただろうけど」%K%P
%LCニナ
%LCニナ
「いまはおはようからおやすみまで、\n　四六時中、ばっちりがっつり女の子だもの」%K%P
「いまはおはようからおやすみまで、\n　四六時中、ばっちりがっつり女の子だもの」%K%P
%LC陽菜
%LC陽菜
「それ、素直に喜べないんですけど」%K%P
「それ、素直に喜べないんですけど」%K%P
%LC宗千佳
%LC宗千佳
「にしても、急な話だな。\n　タイミング的に、{連弾:デュオ}{舞闘:カデンツァ}絡みか？」%K%P
「にしても、急な話だな。\n　タイミング的に、{連弾:デュオ}{舞闘:カデンツァ}絡みか？」%K%P
%LC陽菜
%LC陽菜
「うん。……って、そっか。\n　姉さんには話してなかったっけ」%K%P
「うん。……って、そっか。\n　姉さんには話してなかったっけ」%K%P
先日、杏奈ちゃんたちと合同練習する機会があり、\nそこで完敗した、という話を伝えると。%K%P
先日、杏奈ちゃんたちと合同練習する機会があり、\nそこで完敗した、という話を伝えると。%K%P
%LC宗千佳
%LC宗千佳
「ふむ……。まぁ、そうなるか」%K%P
「ふむ……。まぁ、そうなるか」%K%P
姉さんは驚いた様子もなく、\nむしろ納得した感じで頷いた。%K%P
姉さんは驚いた様子もなく、\nむしろ納得した感じで頷いた。%K%P
%LC宗千佳
%LC宗千佳
「アリアンロッド女学院の{騎士:ワルキュリア}は、\n　仲間と協力して戦うことに慣れているからな」%K%P
「アリアンロッド女学院の{騎士:ワルキュリア}は、\n　仲間と協力して戦うことに慣れているからな」%K%P
%LC宗千佳
%LC宗千佳
「まして{最優秀騎士:ブリランテ}ともなれば、\n　そのあたりはお手の物だろう」%K%P
「まして{最優秀騎士:ブリランテ}ともなれば、\n　そのあたりはお手の物だろう」%K%P
%LC宗千佳
%LC宗千佳
「加えて、杏奈は素直で飲み込みが早い。\n　与えられた指示を活かすのは得意なタイプだ」%K%P
「加えて、杏奈は素直で飲み込みが早い。\n　与えられた指示を活かすのは得意なタイプだ」%K%P
%LC宗千佳
%LC宗千佳
「{連弾:デュオ}{舞闘:カデンツァ}において、\n　理想的な組み合わせのひとつといっていい」%K%P
「{連弾:デュオ}{舞闘:カデンツァ}において、\n　理想的な組み合わせのひとつといっていい」%K%P
%LC宗千佳
%LC宗千佳
「他のペア――千波と小夜も付き合いは長いし、\n　美実と梨理にいたっては、実の姉妹」%K%P
「他のペア――千波と小夜も付き合いは長いし、\n　美実と梨理にいたっては、実の姉妹」%K%P
%LC宗千佳
%LC宗千佳
「連携という点に限って見た場合、\n　陽菜と依夜が、もっとも弱いだろうからな」%K%P
「連携という点に限って見た場合、\n　陽菜と依夜が、もっとも弱いだろうからな」%K%P
%LC宗千佳
%LC宗千佳
「そのためのお泊まり、というわけか」%K%P
「そのためのお泊まり、というわけか」%K%P
%LC陽菜
%LC陽菜
「まったくもってその通りです」%K%P
「まったくもってその通りです」%K%P
完璧な回答にぐうの音も出ない。%K%P
完璧な回答にぐうの音も出ない。%K%P
%LC陽菜
%LC陽菜
「そういえば、姉さんはどうしてたの？\n　アリアでのチームメイトとの連携」%K%P
「そういえば、姉さんはどうしてたの？\n　アリアでのチームメイトとの連携」%K%P
%LC宗千佳
%LC宗千佳
「気になるか？」%K%P
「気になるか？」%K%P
%LC陽菜
%LC陽菜
「もちろん。参考になるかもしれないし」%K%P
「もちろん。参考になるかもしれないし」%K%P
%LC陽菜
%LC陽菜
「あっ、でも、私にだけ教えちゃったら、\n　特定の学生への肩入れみたいになっちゃうか……」%K%P
「あっ、でも、私にだけ教えちゃったら、\n　特定の学生への肩入れみたいになっちゃうか……」%K%P
%LC宗千佳
%LC宗千佳
「ふふっ、真面目なヤツだ。\n　まあ、教える程度、別に構わないが」%K%P
「ふふっ、真面目なヤツだ。\n　まあ、教える程度、別に構わないが」%K%P
%LC宗千佳
%LC宗千佳
「{連弾:デュオ}{舞闘:カデンツァ}に関して言えば、\n　私の経験が参考になるとも思えないしな」%K%P
「{連弾:デュオ}{舞闘:カデンツァ}に関して言えば、\n　私の経験が参考になるとも思えないしな」%K%P
%LC陽菜
%LC陽菜
「どういうこと？」%K%P
「どういうこと？」%K%P
%LCニナ
%LCニナ
「むーちゃんはね、連携とか関係なく、\n　一人でもめちゃくちゃ強かったの」%K%P
「むーちゃんはね、連携とか関係なく、\n　一人でもめちゃくちゃ強かったの」%K%P
%LCニナ
%LCニナ
「３人同時に相手しても負けなくって。\n　まさに、一騎当千というやつね」%K%P
「３人同時に相手しても負けなくって。\n　まさに、一騎当千というやつね」%K%P
%LC宗千佳
%LC宗千佳
「無論、事前に方針を決めるといった、\n　当たり前のことはしていたが」%K%P
「無論、事前に方針を決めるといった、\n　当たり前のことはしていたが」%K%P
%LC宗千佳
%LC宗千佳
「ただ、あまり作戦や連携に頼りすぎると、\n　それを読み切られたとき、崩されやすい」%K%P
「ただ、あまり作戦や連携に頼りすぎると、\n　それを読み切られたとき、崩されやすい」%K%P
%LC宗千佳
%LC宗千佳
「そういうこともあって、特別に、\n　出たとこ勝負を許してもらっていた」%K%P
「そういうこともあって、特別に、\n　出たとこ勝負を許してもらっていた」%K%P
%LC陽菜
%LC陽菜
「それは……確かに参考にならないね」%K%P
「それは……確かに参考にならないね」%K%P
%LC宗千佳
%LC宗千佳
「だろう？」%K%P
「だろう？」%K%P
思わず笑ってしまうと、姉さんも笑う。%K%P
思わず笑ってしまうと、姉さんも笑う。%K%P
重々わかっていたことだけど、\n姉さんってば、本当に強い。%K%P
重々わかっていたことだけど、\n姉さんってば、本当に強い。%K%P
