そしてやってきた、銀蘭祭１日目。%K%P
そしてやってきた、銀蘭祭１日目。%K%P
学内はどこもかしこも活気に満ちて、\nいつも以上に、賑やかで華やかだった。%K%P
学内はどこもかしこも活気に満ちて、\nいつも以上に、賑やかで華やかだった。%K%P
{連弾:デュオ}{舞闘:カデンツァ}の決勝は午後からなので、\n午前中は依夜と銀蘭祭を見学していたんだけど――、%K%P
{連弾:デュオ}{舞闘:カデンツァ}の決勝は午後からなので、\n午前中は依夜と銀蘭祭を見学していたんだけど――、%K%P
ふたり一緒に歩いていると、どこへ行っても\n人が集まって、きゃーきゃー言われてしまって。%K%P
ふたり一緒に歩いていると、どこへ行っても\n人が集まって、きゃーきゃー言われてしまって。%K%P
かえって周囲の迷惑になるからと、\nオレたちは早々に、銀蘭祭見学を諦めた。%K%P
かえって周囲の迷惑になるからと、\nオレたちは早々に、銀蘭祭見学を諦めた。%K%P
%LC依夜
%LC依夜
「結局、ここに来てしまったわね」%K%P
「結局、ここに来てしまったわね」%K%P
人だかりを避けるように歩いた結果、\nやってきたのはトレーニングルームだった。%K%P
人だかりを避けるように歩いた結果、\nやってきたのはトレーニングルームだった。%K%P
学園内は隅々まで銀蘭祭一色だけど、\nこの場所は普段と変わらない。%K%P
学園内は隅々まで銀蘭祭一色だけど、\nこの場所は普段と変わらない。%K%P
%LC陽菜
%LC陽菜
「本番に向けて、少し身体を動かしておく？」%K%P
「本番に向けて、少し身体を動かしておく？」%K%P
%LC依夜
%LC依夜
「そうね。軽くストレッチでもしましょう」%K%P
「そうね。軽くストレッチでもしましょう」%K%P
そうしてオレたちは制服のまま、\nストレッチをすることに。%K%P
そうしてオレたちは制服のまま、\nストレッチをすることに。%K%P
クラージュとフィエルテがあればよかったんだけど、\nあいにく、{舞闘:カデンツァ}に必要な物に関しては、\n事前にテアトルの控え室に運び込んであった。%K%P
クラージュとフィエルテがあればよかったんだけど、\nあいにく、{舞闘:カデンツァ}に必要な物に関しては、\n事前にテアトルの控え室に運び込んであった。%K%P
%LC依夜
%LC依夜
「今日の試合のことで、\n　陽菜にひとつ、頼みがあるの」%K%P
「今日の試合のことで、\n　陽菜にひとつ、頼みがあるの」%K%P
%LC陽菜
%LC陽菜
「なんでも言って」%K%P
「なんでも言って」%K%P
%LC依夜
%LC依夜
「陽菜にプリモをお願いしてもいい？」%K%P
「陽菜にプリモをお願いしてもいい？」%K%P
%LC陽菜
%LC陽菜
「いいよ。じゃあ、依夜がセコンドね」%K%P
「いいよ。じゃあ、依夜がセコンドね」%K%P
%LC依夜
%LC依夜
「理由を聞かないの？」%K%P
「理由を聞かないの？」%K%P
%LC陽菜
%LC陽菜
「たぶん、だけど。\n　梨理ちゃんと戦いたいのかなって」%K%P
「たぶん、だけど。\n　梨理ちゃんと戦いたいのかなって」%K%P
%LC依夜
%LC依夜
「陽菜はなんでもお見通しね」%K%P
「陽菜はなんでもお見通しね」%K%P
%LC陽菜
%LC陽菜
「そういうわけじゃないけど……。\n　梨理ちゃん、依夜と戦いたがっていたから」%K%P
「そういうわけじゃないけど……。\n　梨理ちゃん、依夜と戦いたがっていたから」%K%P
表立って言葉にしたことはほとんどないけど、\n梨理ちゃんは、依夜を相当に意識している。%K%P
表立って言葉にしたことはほとんどないけど、\n梨理ちゃんは、依夜を相当に意識している。%K%P
当然、意識を向けられている依夜も、\nそれに気付いていておかしくない。%K%P
当然、意識を向けられている依夜も、\nそれに気付いていておかしくない。%K%P
そして、それに応えようとするのが依夜なのだ。%K%P
そして、それに応えようとするのが依夜なのだ。%K%P
%LC陽菜
%LC陽菜
「梨理ちゃん、依夜をかなり意識してるけど。\n　なにか、思い当たることはないの？」%K%P
「梨理ちゃん、依夜をかなり意識してるけど。\n　なにか、思い当たることはないの？」%K%P
%LC依夜
%LC依夜
「私が覚えているかぎりでは、ないと思う。\n　正式に戦うのも、今回が初めてだもの」%K%P
「私が覚えているかぎりでは、ないと思う。\n　正式に戦うのも、今回が初めてだもの」%K%P
%LC陽菜
%LC陽菜
「なら、単に学園最強の{騎士:ワルキュリア}と戦いたい、\n　みたいな理由かもしれないね」%K%P
「なら、単に学園最強の{騎士:ワルキュリア}と戦いたい、\n　みたいな理由かもしれないね」%K%P
合宿期間中、一緒に過ごしたものの、梨理ちゃんは\n自分のことを自ら語るタイプではなかった。%K%P
合宿期間中、一緒に過ごしたものの、梨理ちゃんは\n自分のことを自ら語るタイプではなかった。%K%P
一緒に買い物をして、以前より距離は縮まったけど、\nそれでも、親しい間柄とは言いがたい。%K%P
一緒に買い物をして、以前より距離は縮まったけど、\nそれでも、親しい間柄とは言いがたい。%K%P
指南役補佐代理としても、２年の先輩としても、\nあと一歩、なにかが足りないというか――、%K%P
指南役補佐代理としても、２年の先輩としても、\nあと一歩、なにかが足りないというか――、%K%P
梨理ちゃんといま以上に親しくなるには、\nもっと別のアプローチが必要なのかもしれない。%K%P
梨理ちゃんといま以上に親しくなるには、\nもっと別のアプローチが必要なのかもしれない。%K%P
%LC依夜
%LC依夜
「初戦で美実たちのペアは、梨理がセコンドだった」%K%P
「初戦で美実たちのペアは、梨理がセコンドだった」%K%P
%LC依夜
%LC依夜
「仮に決勝も梨理がセコンドを務めるなら、\n　セコンド同士のほうが、戦いやすいでしょう？」%K%P
「仮に決勝も梨理がセコンドを務めるなら、\n　セコンド同士のほうが、戦いやすいでしょう？」%K%P
%LC陽菜
%LC陽菜
「お互い飾緒がなければ、１対１の場合、\n　普通の{舞闘:カデンツァ}と同じだものね」%K%P
「お互い飾緒がなければ、１対１の場合、\n　普通の{舞闘:カデンツァ}と同じだものね」%K%P
%LC依夜
%LC依夜
「うん。それに、美実もずっと、\n　陽菜と戦いたがっていたし――」%K%P
「うん。それに、美実もずっと、\n　陽菜と戦いたがっていたし――」%K%P
%LC依夜
%LC依夜
「だから……おそらく、だけど。\n　美実も、私と同じ事を考えていると思う」%K%P
「だから……おそらく、だけど。\n　美実も、私と同じ事を考えていると思う」%K%P
%LC陽菜
%LC陽菜
「私もそう思う。\n　だから、私もひとつ、提案していい？」%K%P
「私もそう思う。\n　だから、私もひとつ、提案していい？」%K%P
%LC依夜
%LC依夜
「うん。そうしましょう」%K%P
「うん。そうしましょう」%K%P
%LC陽菜
%LC陽菜
「まだなにも言ってないってば」%K%P
「まだなにも言ってないってば」%K%P
%LC依夜
%LC依夜
「ふふ。でも、陽菜の考えだもの。\n　きっと素敵な策に違いないわ」%K%P
「ふふ。でも、陽菜の考えだもの。\n　きっと素敵な策に違いないわ」%K%P
%LC陽菜
%LC陽菜
「実現できれば、だけどね」%K%P
「実現できれば、だけどね」%K%P
遠くから聞こえる喧騒を耳にしながら、\n本番の作戦について話し合う。%K%P
遠くから聞こえる喧騒を耳にしながら、\n本番の作戦について話し合う。%K%P
秘策は単純明快――だからこそ、\nうまく決まれば、これ以上ない形で勝てるはずだ。%K%P
秘策は単純明快――だからこそ、\nうまく決まれば、これ以上ない形で勝てるはずだ。%K%P
とはいえ、美実様たちだって、\nなにかしら策を巡らせてくるだろうけど。%K%P
とはいえ、美実様たちだって、\nなにかしら策を巡らせてくるだろうけど。%K%P
%LC宗千佳
%LC宗千佳
「――全員、クラージュ起動」%K%P
「――全員、クラージュ起動」%K%P
%LC全員
%LC全員
「アン・ガルド！」%K%P
「アン・ガルド！」%K%P
――{連弾:デュオ}{舞闘:カデンツァ}トーナメント、決勝。%K%P
――{連弾:デュオ}{舞闘:カデンツァ}トーナメント、決勝。%K%P
客席を埋め尽くした学生たちが注目する中、\nテアトルの壇上で、鎧を纏う４人の{騎士:ワルキュリア}。%K%P
客席を埋め尽くした学生たちが注目する中、\nテアトルの壇上で、鎧を纏う４人の{騎士:ワルキュリア}。%K%P
%LC客席Ａ
%LC客席Ａ
「ああっ……？！　依夜様たち、\n　今回は陽菜様がプリモだっ……！」%K%P
「ああっ……？！　依夜様たち、\n　今回は陽菜様がプリモだっ……！」%K%P
鎧を纏い終わると、オレの胸にある飾緒に、\n客席の注目が集まった。%K%P
鎧を纏い終わると、オレの胸にある飾緒に、\n客席の注目が集まった。%K%P
初戦では依夜が飾緒をつけていたから、\nプリモの変更に、みんながどよめいている。%K%P
初戦では依夜が飾緒をつけていたから、\nプリモの変更に、みんながどよめいている。%K%P
そんな中、まるで驚いていなかったのが――、%K%P
そんな中、まるで驚いていなかったのが――、%K%P
%LC美実
%LC美実
「依夜と陽菜ちゃんなら、\n　そうくるだろうって信じてたよ」%K%P
「依夜と陽菜ちゃんなら、\n　そうくるだろうって信じてたよ」%K%P
くすりと笑う美実様の胸には、\n初戦と同じく、プリモを示す飾緒が。%K%P
くすりと笑う美実様の胸には、\n初戦と同じく、プリモを示す飾緒が。%K%P
%LC梨理
%LC梨理
「お姉ちゃん」%K%P
「お姉ちゃん」%K%P
%LC美実
%LC美実
「わかってる。存分にやんなさい」%K%P
「わかってる。存分にやんなさい」%K%P
%LC梨理
%LC梨理
「うん」%K%P
「うん」%K%P
短く会話を交わした梨理ちゃんが、\n射貫くように、依夜をじっと見つめる。%K%P
短く会話を交わした梨理ちゃんが、\n射貫くように、依夜をじっと見つめる。%K%P
やはり、梨理ちゃんの目当ては依夜のようだ。%K%P
やはり、梨理ちゃんの目当ては依夜のようだ。%K%P
%LC陽菜
%LC陽菜
「勝とうね、依夜」%K%P
「勝とうね、依夜」%K%P
%LC依夜
%LC依夜
「うん」%K%P
「うん」%K%P
互いのクラージュ――その刃を、\n軽くコツンと合わせて、健闘を誓う。%K%P
互いのクラージュ――その刃を、\n軽くコツンと合わせて、健闘を誓う。%K%P
これに勝てば、\n依夜は３年連続{最優秀騎士:ブリランテ}となる。%K%P
これに勝てば、\n依夜は３年連続{最優秀騎士:ブリランテ}となる。%K%P
彼女自身はあまり頓着していないようだけど、\n個人的には、ぜひそうなって欲しいと思う。%K%P
彼女自身はあまり頓着していないようだけど、\n個人的には、ぜひそうなって欲しいと思う。%K%P
だからこそ、負けられない。%K%P
だからこそ、負けられない。%K%P
%LC宗千佳
%LC宗千佳
「では、これより{連弾:デュオ}{舞闘:カデンツァ}、\n　トーナメント決勝を始める」%K%P
「では、これより{連弾:デュオ}{舞闘:カデンツァ}、\n　トーナメント決勝を始める」%K%P
%LC宗千佳
%LC宗千佳
「全員、中央へ」%K%P
「全員、中央へ」%K%P
%LC全員
%LC全員
「はいっ！」%K%P
「はいっ！」%K%P
号令に従い、舞台の中央へ。%K%P
号令に従い、舞台の中央へ。%K%P
決勝ということもあり、初戦に比べると、\nホールには尋常じゃない緊張感が満ちていた。%K%P
決勝ということもあり、初戦に比べると、\nホールには尋常じゃない緊張感が満ちていた。%K%P
刃が飾緒に届けば、即座に勝敗が決する――。%K%P
刃が飾緒に届けば、即座に勝敗が決する――。%K%P
当然、一瞬で決まることもあり得るわけで、\n誰もが固唾を呑んで、オレたちを見つめていた。%K%P
当然、一瞬で決まることもあり得るわけで、\n誰もが固唾を呑んで、オレたちを見つめていた。%K%P
%LC宗千佳
%LC宗千佳
「双方、構えて」%K%P
「双方、構えて」%K%P
%LC宗千佳
%LC宗千佳
「――はじめっ！」%K%P
「――はじめっ！」%K%P
%LC梨理
%LC梨理
「やァあああああッ！！！」%K%P
「やァあああああッ！！！」%K%P
%LC依夜
%LC依夜
「ッ……！」%K%P
「ッ……！」%K%P
姉さんの合図と同時に、\n梨理ちゃんが一気に飛び込んでくる。%K%P
姉さんの合図と同時に、\n梨理ちゃんが一気に飛び込んでくる。%K%P
放たれた矢のように早く鋭い一撃に、\nあの依夜が、下がりながら攻撃を受けた。%K%P
放たれた矢のように早く鋭い一撃に、\nあの依夜が、下がりながら攻撃を受けた。%K%P
%LC陽菜
%LC陽菜
「依夜っ！」%K%P
「依夜っ！」%K%P
%LC美実
%LC美実
「よそ見は禁物っ！」%K%P
「よそ見は禁物っ！」%K%P
%LC陽菜
%LC陽菜
「くっ……！」%K%P
「くっ……！」%K%P
依夜のほうを見ようとした視界を遮るように、\n美実様が素早く割り込んでくる。%K%P
依夜のほうを見ようとした視界を遮るように、\n美実様が素早く割り込んでくる。%K%P
やっぱり、オレの相手は美実様だった。%K%P
やっぱり、オレの相手は美実様だった。%K%P
%LC美実
%LC美実
「こうしてまた戦えて、めっちゃ嬉しい」%K%P
「こうしてまた戦えて、めっちゃ嬉しい」%K%P
%LC陽菜
%LC陽菜
「私も光栄ですっ……！」%K%P
「私も光栄ですっ……！」%K%P
%LC美実
%LC美実
「おおっと」%K%P
「おおっと」%K%P
牽制気味に切り結んでから一歩踏み込むと、\n美実様はすでに間合いの外まで下がっていた。%K%P
牽制気味に切り結んでから一歩踏み込むと、\n美実様はすでに間合いの外まで下がっていた。%K%P
%LC美実
%LC美実
「危ない危ない……。\n　陽菜ちゃんのカウンターは怖いからね」%K%P
「危ない危ない……。\n　陽菜ちゃんのカウンターは怖いからね」%K%P
隙なく剣を構え、オレを窺う美実様。%K%P
隙なく剣を構え、オレを窺う美実様。%K%P
攻勢一色だったテスト{舞闘:カデンツァ}と違い、\n今日の美実様は、随分と慎重に見える。%K%P
攻勢一色だったテスト{舞闘:カデンツァ}と違い、\n今日の美実様は、随分と慎重に見える。%K%P
一方、依夜と梨理ちゃんの戦う音は、\n途切れる事なく聞こえてきた。%K%P
一方、依夜と梨理ちゃんの戦う音は、\n途切れる事なく聞こえてきた。%K%P
睨み合うこちらとは対照的に、\n向こうは激しい打ち合いを繰り広げていた。%K%P
睨み合うこちらとは対照的に、\n向こうは激しい打ち合いを繰り広げていた。%K%P
%LC美実
%LC美実
「陽菜ちゃん、今日は両手でこないの？\n　いまのうちに、両手で握っておいたら？」%K%P
「陽菜ちゃん、今日は両手でこないの？\n　いまのうちに、両手で握っておいたら？」%K%P
%LC陽菜
%LC陽菜
「奥の手は取っておこうかと」%K%P
「奥の手は取っておこうかと」%K%P
%LC美実
%LC美実
「出す前にやられても知らないよ？」%K%P
「出す前にやられても知らないよ？」%K%P
%LC陽菜
%LC陽菜
「気をつけますっ……！」%K%P
「気をつけますっ……！」%K%P
片手で構えた剣で、真っ直ぐに突く。%K%P
片手で構えた剣で、真っ直ぐに突く。%K%P
けど、踏み込みがいつもより浅く、\n切っ先は美実様にギリギリ届かない。%K%P
けど、踏み込みがいつもより浅く、\n切っ先は美実様にギリギリ届かない。%K%P
%LC美実
%LC美実
「ふふっ、やっぱ慎重になるよね？\n　飾緒が切れたら、そこで終わりだし」%K%P
「ふふっ、やっぱ慎重になるよね？\n　飾緒が切れたら、そこで終わりだし」%K%P
%LC陽菜
%LC陽菜
「くっ……」%K%P
「くっ……」%K%P
美実様の言う通り、飾緒があるだけで、\n思い切って踏み込むことが出来ない。%K%P
美実様の言う通り、飾緒があるだけで、\n思い切って踏み込むことが出来ない。%K%P
飾緒を斬られたら一発アウトというプレッシャーは、\n想像以上に大きかった。%K%P
飾緒を斬られたら一発アウトというプレッシャーは、\n想像以上に大きかった。%K%P
%LC美実
%LC美実
「ほらほら、私の飾緒はここだよ？\n　陽菜ちゃんの好きなおっぱいだよー？」%K%P
「ほらほら、私の飾緒はここだよ？\n　陽菜ちゃんの好きなおっぱいだよー？」%K%P
%LC陽菜
%LC陽菜
「なっ――」%K%P
「なっ――」%K%P
%LC依夜
%LC依夜
%XS21「陽菜っ！」%XE%K%P
%XS21「陽菜っ！」%XE%K%P
%LC陽菜
%LC陽菜
「ごっ、ごめんっ」%K%P
「ごっ、ごめんっ」%K%P
依夜の声が飛んできて、思わず謝ってしまう。%K%P
依夜の声が飛んできて、思わず謝ってしまう。%K%P
けど、梨理ちゃんと戦いながら、\nこっちにも気を配れるあたり、さすが依夜だ。%K%P
けど、梨理ちゃんと戦いながら、\nこっちにも気を配れるあたり、さすが依夜だ。%K%P
これはオレも、負けてられないっ……！%K%P
これはオレも、負けてられないっ……！%K%P
%LC陽菜
%LC陽菜
「美実様、行きますっ！」%K%P
「美実様、行きますっ！」%K%P
%LC美実
%LC美実
「よしこいっ！」%K%P
「よしこいっ！」%K%P
片手で構える利点を最大限活用し、\nリーチを稼ぎながら、半身で攻めていく。%K%P
片手で構える利点を最大限活用し、\nリーチを稼ぎながら、半身で攻めていく。%K%P
そんなオレの攻撃を、美実様は的確に弾いた。%K%P
そんなオレの攻撃を、美実様は的確に弾いた。%K%P
そして、こちらの隙を狙ってカウンター。%K%P
そして、こちらの隙を狙ってカウンター。%K%P
間合いギリギリから放たれる突きは、\n相変わらず、精度も早さも一級品だ。%K%P
間合いギリギリから放たれる突きは、\n相変わらず、精度も早さも一級品だ。%K%P
%LC美実
%LC美実
「ほらほら、もっと踏み込まないと。\n　でないとおっぱいに届かないよ？」%K%P
「ほらほら、もっと踏み込まないと。\n　でないとおっぱいに届かないよ？」%K%P
%LC陽菜
%LC陽菜
「わかってますっ……！」%K%P
「わかってますっ……！」%K%P
軽快なステップから一転、足をとめ、\nこちらを誘うように剣を揺らしてくる美実様。%K%P
軽快なステップから一転、足をとめ、\nこちらを誘うように剣を揺らしてくる美実様。%K%P
あからさまな罠に、こちらも足がとまる。%K%P
あからさまな罠に、こちらも足がとまる。%K%P
プリモ同士の攻防は、繊細さが要求される。%K%P
プリモ同士の攻防は、繊細さが要求される。%K%P
少しでも判断を誤れば、\n相手の剣が容易に胸の飾緒に届くからだ。%K%P
少しでも判断を誤れば、\n相手の剣が容易に胸の飾緒に届くからだ。%K%P
対して、セコンド同士の勝負は、\n普段の{舞闘:カデンツァ}と大きくは変わらない。%K%P
対して、セコンド同士の勝負は、\n普段の{舞闘:カデンツァ}と大きくは変わらない。%K%P
つまり、依夜と梨理ちゃんの戦いは、\n実力差が勝敗に直結する。%K%P
つまり、依夜と梨理ちゃんの戦いは、\n実力差が勝敗に直結する。%K%P
梨理ちゃんは確かに強いけれど、\n依夜ならば、易々と遅れを取るようなことは――、%K%P
梨理ちゃんは確かに強いけれど、\n依夜ならば、易々と遅れを取るようなことは――、%K%P
%LC客席Ａ
%LC客席Ａ
「ああっ、依夜様がっ！？」%K%P
「ああっ、依夜様がっ！？」%K%P
%LC陽菜
%LC陽菜
「え――」%K%P
「え――」%K%P
甲高い金属音と、悲鳴にも似た客席の声が重なる。%K%P
甲高い金属音と、悲鳴にも似た客席の声が重なる。%K%P
反射的に音がした方へ目をやると、そこには、\n梨理ちゃんの剣をギリギリで受ける依夜がいた。%K%P
反射的に音がした方へ目をやると、そこには、\n梨理ちゃんの剣をギリギリで受ける依夜がいた。%K%P
開始直後、梨理の剣を受けたとき、直感した。%K%P
開始直後、梨理の剣を受けたとき、直感した。%K%P
――強い。%K%P
――強い。%K%P
合宿が始まってすぐ、梨理とは相手の身体に\nタッチするゲームで直接対決したことがある。%K%P
合宿が始まってすぐ、梨理とは相手の身体に\nタッチするゲームで直接対決したことがある。%K%P
あの時点で既に手強かったけれど、\nわずか数日で、彼女はさらに強くなっていた。%K%P
あの時点で既に手強かったけれど、\nわずか数日で、彼女はさらに強くなっていた。%K%P
……いや。強くなったというより、これは――、%K%P
……いや。強くなったというより、これは――、%K%P
%LC梨理
%LC梨理
「ここッ……！」%K%P
「ここッ……！」%K%P
%LC依夜
%LC依夜
「ふッ……！」%K%P
「ふッ……！」%K%P
%LC梨理
%LC梨理
「防がれたっ……！？\n　なら……次は、こっちにっ……！」%K%P
「防がれたっ……！？\n　なら……次は、こっちにっ……！」%K%P
%LC依夜
%LC依夜
「くッ……！」%K%P
「くッ……！」%K%P
踏み込みとともに繰り出される突きは、\nことごとく、私が捌きにくい箇所を狙ってくる。%K%P
踏み込みとともに繰り出される突きは、\nことごとく、私が捌きにくい箇所を狙ってくる。%K%P
気付けば防戦一方で、剣先が鎧をかすめたり、\nひやりとするシーンも何度かあった。%K%P
気付けば防戦一方で、剣先が鎧をかすめたり、\nひやりとするシーンも何度かあった。%K%P
梨理はあきらかに、私の癖を知っている。%K%P
梨理はあきらかに、私の癖を知っている。%K%P
{最優秀騎士:ブリランテ}を目指していたのなら、\n私の剣術も、研究していたかもしれないけれど――、%K%P
{最優秀騎士:ブリランテ}を目指していたのなら、\n私の剣術も、研究していたかもしれないけれど――、%K%P
それだけとは思えない妙な既視感が、\n戦う私の思考を惑わせていた。%K%P
それだけとは思えない妙な既視感が、\n戦う私の思考を惑わせていた。%K%P
%LC陽菜
%LC陽菜
%XS21「依夜っ……！」%XE%K%P
%XS21「依夜っ……！」%XE%K%P
剣戟の音に混じって、陽菜の声が聞こえる。%K%P
剣戟の音に混じって、陽菜の声が聞こえる。%K%P
けれど、いまはもう、応える余裕がない。%K%P
けれど、いまはもう、応える余裕がない。%K%P
手数――攻撃の切れ目のなさで言えば、\n梨理はクレールや美実にも劣らなかった。%K%P
手数――攻撃の切れ目のなさで言えば、\n梨理はクレールや美実にも劣らなかった。%K%P
%LC梨理
%LC梨理
「このまま、押し切って、勝つッ……！」%K%P
「このまま、押し切って、勝つッ……！」%K%P
%LC依夜
%LC依夜
「させないっ……！」%K%P
「させないっ……！」%K%P
小さな体躯に気合いを漲らせ、\n梨理は気持ちでも私を押し込んでくる。%K%P
小さな体躯に気合いを漲らせ、\n梨理は気持ちでも私を押し込んでくる。%K%P
だから私も、声を出して、押し返す。%K%P
だから私も、声を出して、押し返す。%K%P
剣も、心も、折らせるものか。%K%P
剣も、心も、折らせるものか。%K%P
私の剣を折れるのは、陽菜ただ一人……！%K%P
私の剣を折れるのは、陽菜ただ一人……！%K%P
%LC依夜
%LC依夜
「――うん。……なら、これでっ……！」%K%P
「――うん。……なら、これでっ……！」%K%P
陽菜との出会い――剣を折られた日を思い起こし、\n身体が自然と策を巡らせた。%K%P
陽菜との出会い――剣を折られた日を思い起こし、\n身体が自然と策を巡らせた。%K%P
反撃をする素振りを見せながら、\n胸元への攻撃を誘うため、あえて隙を作る。%K%P
反撃をする素振りを見せながら、\n胸元への攻撃を誘うため、あえて隙を作る。%K%P
%LC梨理
%LC梨理
「チャンスっ……！」%K%P
「チャンスっ……！」%K%P
%LC美実
%LC美実
「あっ、バカっ！」%K%P
「あっ、バカっ！」%K%P
狙い通り、胸元を狙ってきた梨理の剣を、\n大きく屈むことで避ける。%K%P
狙い通り、胸元を狙ってきた梨理の剣を、\n大きく屈むことで避ける。%K%P
以前、実技試験で美実に仕掛けて勝利を得た、\n突きを伏せて避けてからの、胴への薙ぎ払い。%K%P
以前、実技試験で美実に仕掛けて勝利を得た、\n突きを伏せて避けてからの、胴への薙ぎ払い。%K%P
これなら届く――そう、思っていたのに。%K%P
これなら届く――そう、思っていたのに。%K%P
%LC美実
%LC美実
「梨理っ！」%K%P
「梨理っ！」%K%P
%LC梨理
%LC梨理
「うんっ！」%K%P
「うんっ！」%K%P
美実の呼びかけに応えた梨理の剣は、\nいつの間にか、彼女の鎧をしっかり守っていて。%K%P
美実の呼びかけに応えた梨理の剣は、\nいつの間にか、彼女の鎧をしっかり守っていて。%K%P
渾身の薙ぎ払いは、見事に受けられていた。%K%P
渾身の薙ぎ払いは、見事に受けられていた。%K%P
%LC陽菜
%LC陽菜
「うそ――」%K%P
「うそ――」%K%P
%LC客席Ａ
%LC客席Ａ
「すごいっ？！　梨理ちゃん、防いだっ？！」%K%P
「すごいっ？！　梨理ちゃん、防いだっ？！」%K%P
%LC客席
%LC客席
「いまのなにっ？！　なにが起こったの？！」%K%P
「いまのなにっ？！　なにが起こったの？！」%K%P
唖然と呟く陽菜の声を、場内の歓声が掻き消す。%K%P
唖然と呟く陽菜の声を、場内の歓声が掻き消す。%K%P
%LC依夜
%LC依夜
「……そう。そういうこと――」%K%P
「……そう。そういうこと――」%K%P
梨理と対峙して、ずっと感じていた既視感。%K%P
梨理と対峙して、ずっと感じていた既視感。%K%P
私の動きを熟知する相手と対決しているような、\nそんな違和感の正体が、ようやくわかった。%K%P
私の動きを熟知する相手と対決しているような、\nそんな違和感の正体が、ようやくわかった。%K%P
私は、梨理と美実――二人と戦っているんだと。%K%P
私は、梨理と美実――二人と戦っているんだと。%K%P
――この学園に、初めてやってきた日。%K%P
――この学園に、初めてやってきた日。%K%P
オレはこのテアトルで、煌めく流れ星を見た。%K%P
オレはこのテアトルで、煌めく流れ星を見た。%K%P
それは依夜が放った、鋭く鮮烈な一閃。%K%P
それは依夜が放った、鋭く鮮烈な一閃。%K%P
今また流れたそれを、梨理ちゃんは防いだ。%K%P
今また流れたそれを、梨理ちゃんは防いだ。%K%P
とはいえ、威力までは相殺できなかったらしく、\n梨理ちゃんは危うくクラージュを落としかけて。%K%P
とはいえ、威力までは相殺できなかったらしく、\n梨理ちゃんは危うくクラージュを落としかけて。%K%P
一撃必殺を防がれた依夜もまた、\nその隙に距離をとって、体勢を立て直した。%K%P
一撃必殺を防がれた依夜もまた、\nその隙に距離をとって、体勢を立て直した。%K%P
%LC美実
%LC美実
「ふぅ、あっぶなぁ……。\n　あれほど注意するように言ったのに……」%K%P
「ふぅ、あっぶなぁ……。\n　あれほど注意するように言ったのに……」%K%P
熱戦に湧き上がる歓声に紛れ、\n美実様がぽつりと呟く。%K%P
熱戦に湧き上がる歓声に紛れ、\n美実様がぽつりと呟く。%K%P
それを聞いて、すぐにピンときた。%K%P
それを聞いて、すぐにピンときた。%K%P
%LC陽菜
%LC陽菜
「美実様ですね？\n　梨理ちゃんに依夜対策を仕込んだのは」%K%P
「美実様ですね？\n　梨理ちゃんに依夜対策を仕込んだのは」%K%P
%LC美実
%LC美実
「あらら、バレちゃった？」%K%P
「あらら、バレちゃった？」%K%P
%LC陽菜
%LC陽菜
「さっきの一撃は、初見じゃ到底防げませんから」%K%P
「さっきの一撃は、初見じゃ到底防げませんから」%K%P
もちろん、依夜と美実様の実技試験を、\n梨理ちゃんが見ていた可能性もあるけれど――、%K%P
もちろん、依夜と美実様の実技試験を、\n梨理ちゃんが見ていた可能性もあるけれど――、%K%P
それ以外――攻撃の組み立てや試合運びも、\n今日の梨理ちゃんは、美実様と瓜二つだった。%K%P
それ以外――攻撃の組み立てや試合運びも、\n今日の梨理ちゃんは、美実様と瓜二つだった。%K%P
%LC美実
%LC美実
「この学園で私が一番、依夜と戦ってるから。\n　当然、いろんなことを知ってるんだよね」%K%P
「この学園で私が一番、依夜と戦ってるから。\n　当然、いろんなことを知ってるんだよね」%K%P
%LC美実
%LC美実
「だから、合宿中にこっそり……でもないか。\n　二人がイチャイチャしてる間に教えたわけ」%K%P
「だから、合宿中にこっそり……でもないか。\n　二人がイチャイチャしてる間に教えたわけ」%K%P
%LC陽菜
%LC陽菜
「イチャイチャは余計ですっ」%K%P
「イチャイチャは余計ですっ」%K%P
%LC美実
%LC美実
「あははっ。ま、そういうわけだから」%K%P
「あははっ。ま、そういうわけだから」%K%P
%LC美実
%LC美実
「対依夜に限定していいなら、\n　いまの梨理は、陽菜ちゃんより強いかもよ」%K%P
「対依夜に限定していいなら、\n　いまの梨理は、陽菜ちゃんより強いかもよ」%K%P
%LC陽菜
%LC陽菜
「だとしても、依夜は負けません。\n　依夜に勝てるのは、私だけですから」%K%P
「だとしても、依夜は負けません。\n　依夜に勝てるのは、私だけですから」%K%P
%LC陽菜
%LC陽菜
「そして……私に勝てるのも、依夜だけです」%K%P
「そして……私に勝てるのも、依夜だけです」%K%P
矛盾しているように聞こえるかもしれない。%K%P
矛盾しているように聞こえるかもしれない。%K%P
でも、それは心から出た言葉だ。%K%P
でも、それは心から出た言葉だ。%K%P
だからあとは、それを証明するだけ――、%K%P
だからあとは、それを証明するだけ――、%K%P
%LC陽菜
%LC陽菜
「依夜っ！」%K%P
「依夜っ！」%K%P
%LC依夜
%LC依夜
「うんっ」%K%P
「うんっ」%K%P
オレと美実様、依夜と梨理ちゃん――、\n二組の戦いが膠着した、いまが好機……！%K%P
オレと美実様、依夜と梨理ちゃん――、\n二組の戦いが膠着した、いまが好機……！%K%P
%LC客席Ａ
%LC客席Ａ
「あっ、陽菜ちゃんが、両手で剣を――」%K%P
「あっ、陽菜ちゃんが、両手で剣を――」%K%P
%LC客席Ｂ
%LC客席Ｂ
「ねえ、あれって初戦でやったやつじゃない？！」%K%P
「ねえ、あれって初戦でやったやつじゃない？！」%K%P
%LC客席Ｃ
%LC客席Ｃ
「ええ、まさしくあれは、依夜様と陽菜様による、\n　息の合った連撃の構えですっ！」%K%P
「ええ、まさしくあれは、依夜様と陽菜様による、\n　息の合った連撃の構えですっ！」%K%P
オレが剣を両手で握ると、客席が沸き立つ。%K%P
オレが剣を両手で握ると、客席が沸き立つ。%K%P
卯花陽菜がクラージュを両手で握る意味が、\n学生たちにも、すっかり浸透しているみたいだ。%K%P
卯花陽菜がクラージュを両手で握る意味が、\n学生たちにも、すっかり浸透しているみたいだ。%K%P
当然、美実様と梨理ちゃんも――、%K%P
当然、美実様と梨理ちゃんも――、%K%P
%LC美実
%LC美実
「くるよ、梨理」%K%P
「くるよ、梨理」%K%P
%LC梨理
%LC梨理
「うん。けど、こっちだって」%K%P
「うん。けど、こっちだって」%K%P
オレと依夜が構えを揃えると、\n美実様たちも、それに応じて構えをとる。%K%P
オレと依夜が構えを揃えると、\n美実様たちも、それに応じて構えをとる。%K%P
%LC美実
%LC美実
「{連弾:デュオ}{舞闘:カデンツァ}の名に相応しく、\n　より息の合った剣舞が勝つってことで」%K%P
「{連弾:デュオ}{舞闘:カデンツァ}の名に相応しく、\n　より息の合った剣舞が勝つってことで」%K%P
%LC依夜
%LC依夜
「なら、勝つのは私たちよ」%K%P
「なら、勝つのは私たちよ」%K%P
微笑み、依夜が告げる。%K%P
微笑み、依夜が告げる。%K%P
その声は、およそ勝利宣言の勇ましさとは程遠い、\n穏やかで優しい声だった。%K%P
その声は、およそ勝利宣言の勇ましさとは程遠い、\n穏やかで優しい声だった。%K%P
%LC依夜
%LC依夜
「陽菜っ！」%K%P
「陽菜っ！」%K%P
%LC陽菜
%LC陽菜
「うんっ！」%K%P
「うんっ！」%K%P
声を合図に、一歩、踏み出す。%K%P
声を合図に、一歩、踏み出す。%K%P
胸の内で神楽を紡げば、\n合わせ鏡のように、依夜と動きが揃う。%K%P
胸の内で神楽を紡げば、\n合わせ鏡のように、依夜と動きが揃う。%K%P
けど、今回はそれだけじゃない。%K%P
けど、今回はそれだけじゃない。%K%P
今回の神楽は、前より――早いッ！%K%P
今回の神楽は、前より――早いッ！%K%P
%LC陽菜・依夜
%LC陽菜・依夜
「ひとつッ！」%K%P
「ひとつッ！」%K%P
%LC陽菜・依夜
%LC陽菜・依夜
「ふたつッ！」%K%P
「ふたつッ！」%K%P
%LC陽菜・依夜
%LC陽菜・依夜
「みっつッ！」%K%P
「みっつッ！」%K%P
%LC陽菜・依夜
%LC陽菜・依夜
「よっつッ！」%K%P
「よっつッ！」%K%P
間を置かず、立て続けに踏み込む。%K%P
間を置かず、立て続けに踏み込む。%K%P
声と動きをぴったりと重ね、\n美実様たちを一気に追い立てていく。%K%P
声と動きをぴったりと重ね、\n美実様たちを一気に追い立てていく。%K%P
%LC美実
%LC美実
「ちょっ……？！　なにこの早さっ！？\n　聞いてないんだけどっ」%K%P
「ちょっ……？！　なにこの早さっ！？\n　聞いてないんだけどっ」%K%P
%LC梨理
%LC梨理
「大丈夫っ……！　こんなの、\n　タイミングさえ崩せばっ……！」%K%P
「大丈夫っ……！　こんなの、\n　タイミングさえ崩せばっ……！」%K%P
%LC依夜
%LC依夜
「ふッ……！！」%K%P
「ふッ……！！」%K%P
%LC梨理
%LC梨理
「きゃんっ！？」%K%P
「きゃんっ！？」%K%P
こちらの連携に割り込もうとした梨理ちゃんを、\n依夜は冷静に押し返す。%K%P
こちらの連携に割り込もうとした梨理ちゃんを、\n依夜は冷静に押し返す。%K%P
%LC美実
%LC美実
「梨理っ……！」%K%P
「梨理っ……！」%K%P
梨理ちゃんが体勢を崩すと、\nすかさず美実様がフォローに入った。%K%P
梨理ちゃんが体勢を崩すと、\nすかさず美実様がフォローに入った。%K%P
そんな美実様に向かって、\nオレと依夜、ふたつの剣が、同時に奔る。%K%P
そんな美実様に向かって、\nオレと依夜、ふたつの剣が、同時に奔る。%K%P
%LC梨理
%LC梨理
「お姉ちゃんっ……！」%K%P
「お姉ちゃんっ……！」%K%P
転び掛けた自分をフォローした姉を助けようと、\n梨理ちゃんが必死に体勢を立て直す。%K%P
転び掛けた自分をフォローした姉を助けようと、\n梨理ちゃんが必死に体勢を立て直す。%K%P
お対いを庇い合う姉妹のクラージュは、\nそれぞれの鎧を守ろうと、見事に交差した。%K%P
お対いを庇い合う姉妹のクラージュは、\nそれぞれの鎧を守ろうと、見事に交差した。%K%P
――ここしか、ない……！！%K%P
――ここしか、ない……！！%K%P
%LC陽菜
%LC陽菜
「依夜、アレをっ！」%K%P
「依夜、アレをっ！」%K%P
%LC依夜
%LC依夜
「うんっ！」%K%P
「うんっ！」%K%P
胸の内の神楽はそのままに、\n数は数えず、パートナーの名を叫ぶ。%K%P
胸の内の神楽はそのままに、\n数は数えず、パートナーの名を叫ぶ。%K%P
次の一撃で決めるという強い想いで、\n二人同時に、手にしたクラージュを振りかぶった。%K%P
次の一撃で決めるという強い想いで、\n二人同時に、手にしたクラージュを振りかぶった。%K%P
それは、上段の構え。%K%P
それは、上段の構え。%K%P
この学園で最初に経験した{舞闘:カデンツァ}で、\nオレは依夜の剣を折り、勝負を決めた。%K%P
この学園で最初に経験した{舞闘:カデンツァ}で、\nオレは依夜の剣を折り、勝負を決めた。%K%P
ならば、依夜とともに戦うこの決勝でも、\nそれと同じ事を、再び――……！！%K%P
ならば、依夜とともに戦うこの決勝でも、\nそれと同じ事を、再び――……！！%K%P
%LC陽菜・依夜
%LC陽菜・依夜
「はァあぁああああぁあーッ！！」%K%P
「はァあぁああああぁあーッ！！」%K%P
声と共に、ふたつの煌めきが同じ軌跡を描く。%K%P
声と共に、ふたつの煌めきが同じ軌跡を描く。%K%P
刹那、ホールには澄んだ金属音がふたつ響いた。%K%P
刹那、ホールには澄んだ金属音がふたつ響いた。%K%P
それは、美実様と梨理ちゃんの剣を折り、\n彼女たちの鎧をも砕く、勝負を決する一撃――、%K%P
それは、美実様と梨理ちゃんの剣を折り、\n彼女たちの鎧をも砕く、勝負を決する一撃――、%K%P
砕け散る鎧の輝きで壇上が光に包まれる中、\nふと隣を見れば、そこには微笑む依夜がいた。%K%P
砕け散る鎧の輝きで壇上が光に包まれる中、\nふと隣を見れば、そこには微笑む依夜がいた。%K%P
%LC宗千佳
%LC宗千佳
「――それまでっ！」%K%P
「――それまでっ！」%K%P
%LC客席
%LC客席
%XS21「きゃああああああああああ！！！」%XE%K%P
%XS21「きゃああああああああああ！！！」%XE%K%P
姉さんの声を掻き消すように、\n歓声に包まれるテアトルのホール。%K%P
姉さんの声を掻き消すように、\n歓声に包まれるテアトルのホール。%K%P
初戦と違い、すぐさま歓声があがったのは、\n驚きよりも興奮が上回ったからだろう。%K%P
初戦と違い、すぐさま歓声があがったのは、\n驚きよりも興奮が上回ったからだろう。%K%P
相手のクラージュを折っての決着――しかも\n２本同時という結果に、客席の学生は総立ちだった。%K%P
相手のクラージュを折っての決着――しかも\n２本同時という結果に、客席の学生は総立ちだった。%K%P
%LC美実
%LC美実
「もし負けたら、負け惜しみを言ってやろうと\n　思ってたんだけど……もうね、完敗」%K%P
「もし負けたら、負け惜しみを言ってやろうと\n　思ってたんだけど……もうね、完敗」%K%P
%LC美実
%LC美実
「優勝おめでとう。依夜、陽菜ちゃん」%K%P
「優勝おめでとう。依夜、陽菜ちゃん」%K%P
%LC依夜
%LC依夜
「美実……。ありがとう」%K%P
「美実……。ありがとう」%K%P
%LC美実
%LC美実
「ほら、梨理もなんとか言いなさいって」%K%P
「ほら、梨理もなんとか言いなさいって」%K%P
%LC梨理
%LC梨理
「…………やだ」%K%P
「…………やだ」%K%P
%LC美実
%LC美実
「やだって……もう、あんたねぇ」%K%P
「やだって……もう、あんたねぇ」%K%P
%LC梨理
%LC梨理
「だって……{連弾:デュオ}じゃなかったら、\n　私が勝っていたかもしれないのに」%K%P
「だって……{連弾:デュオ}じゃなかったら、\n　私が勝っていたかもしれないのに」%K%P
%LC美実
%LC美実
「おーっ？　誰がお荷物だってー？」%K%P
「おーっ？　誰がお荷物だってー？」%K%P
%LC梨理
%LC梨理
「そうじゃなくてっ！　１対１で、\n　もっと戦ってみたかったっていう話っ」%K%P
「そうじゃなくてっ！　１対１で、\n　もっと戦ってみたかったっていう話っ」%K%P
%LC依夜
%LC依夜
「そうね。もしあのまま戦っていたら、\n　勝負の行方は分からなかったと思う」%K%P
「そうね。もしあのまま戦っていたら、\n　勝負の行方は分からなかったと思う」%K%P
%LC依夜
%LC依夜
「だから、今度は{連弾:デュオ}ではなく、\n　いつもの{舞闘:カデンツァ}で勝負をしましょう」%K%P
「だから、今度は{連弾:デュオ}ではなく、\n　いつもの{舞闘:カデンツァ}で勝負をしましょう」%K%P
%LC梨理
%LC梨理
「え、でも」%K%P
「え、でも」%K%P
%LC依夜
%LC依夜
「卒業まで、まだ猶予はあるもの。\n　私から学園側にお願いしてみるわ」%K%P
「卒業まで、まだ猶予はあるもの。\n　私から学園側にお願いしてみるわ」%K%P
%LC宗千佳
%LC宗千佳
「そうだな。他でもない{最優秀騎士:ブリランテ}の\n　頼みとあらば、そのぐらいは融通しよう」%K%P
「そうだな。他でもない{最優秀騎士:ブリランテ}の\n　頼みとあらば、そのぐらいは融通しよう」%K%P
%LC陽菜
%LC陽菜
「だって。良かったね？　梨理ちゃん」%K%P
「だって。良かったね？　梨理ちゃん」%K%P
%LC梨理
%LC梨理
「あ、う、うん……」%K%P
「あ、う、うん……」%K%P
思ってもない展開に、\nぽかんとする梨理ちゃんが可愛い。%K%P
思ってもない展開に、\nぽかんとする梨理ちゃんが可愛い。%K%P
と、まるで私たちの話が終わるのを、\n待ちかねていたように――、%K%P
と、まるで私たちの話が終わるのを、\n待ちかねていたように――、%K%P
%LC客席Ａ
%LC客席Ａ
「依夜様、素敵ですっ！　３年連続となる\n　{最優秀騎士:ブリランテ}、おめでとうございますっ！」%K%P
「依夜様、素敵ですっ！　３年連続となる\n　{最優秀騎士:ブリランテ}、おめでとうございますっ！」%K%P
%LC客席Ｂ
%LC客席Ｂ
「美実様と梨理ちゃんもすごいよーっ！\n　みんな、素敵な試合をありがとうーっ！」%K%P
「美実様と梨理ちゃんもすごいよーっ！\n　みんな、素敵な試合をありがとうーっ！」%K%P
拍手と共に、沸き起こる歓声。%K%P
拍手と共に、沸き起こる歓声。%K%P
優勝した依夜とオレにだけでなく、\n美実様たちにも、惜しみない声援が贈られる。%K%P
優勝した依夜とオレにだけでなく、\n美実様たちにも、惜しみない声援が贈られる。%K%P
とはいえ、こういうときはどうしても、\n自分の名前が気になってしまうもので。%K%P
とはいえ、こういうときはどうしても、\n自分の名前が気になってしまうもので。%K%P
%LC客席Ｃ
%LC客席Ｃ
「陽菜様っ！　すごく格好よかったですっ！」%K%P
「陽菜様っ！　すごく格好よかったですっ！」%K%P
%LC客席Ｄ
%LC客席Ｄ
「みんな、めっちゃ格好よかった！！\n　とくに陽菜ちゃん、チョー格好いいっ！」%K%P
「みんな、めっちゃ格好よかった！！\n　とくに陽菜ちゃん、チョー格好いいっ！」%K%P
歓声に耳を傾けていたら、\n立て続けに、そんな声を拾ってしまう。%K%P
歓声に耳を傾けていたら、\n立て続けに、そんな声を拾ってしまう。%K%P
憧れていた『格好いい』という言葉を、\nこんなにたくさん、言われる日がくるだなんて――。%K%P
憧れていた『格好いい』という言葉を、\nこんなにたくさん、言われる日がくるだなんて――。%K%P
%LC依夜
%LC依夜
「ね？　陽菜はやっぱり、格好いいのよ」%K%P
「ね？　陽菜はやっぱり、格好いいのよ」%K%P
同じく歓声を聞いていた依夜が、\nそんなふうに言って、にこっと微笑む。%K%P
同じく歓声を聞いていた依夜が、\nそんなふうに言って、にこっと微笑む。%K%P
……いや、これはどちらかっていうと、ドヤ顔かも。%K%P
……いや、これはどちらかっていうと、ドヤ顔かも。%K%P
%LC客席Ｅ
%LC客席Ｅ
「陽菜ちゃん可愛いっ、マジ大好きーっ！」%K%P
「陽菜ちゃん可愛いっ、マジ大好きーっ！」%K%P
…………ん？%K%P
…………ん？%K%P
%LC客席Ｆ
%LC客席Ｆ
「私もっ！　私も陽菜様が大好きですわーっ！」%K%P
「私もっ！　私も陽菜様が大好きですわーっ！」%K%P
えっ、えええっ……！？%K%P
えっ、えええっ……！？%K%P
%LC美実
%LC美実
「あははっ、陽菜ちゃんモテモテだねぇ」%K%P
「あははっ、陽菜ちゃんモテモテだねぇ」%K%P
%LC陽菜
%LC陽菜
「いやっ、いやいや、いやいやいや。\n　そういうの私、困るのでっ……」%K%P
「いやっ、いやいや、いやいやいや。\n　そういうの私、困るのでっ……」%K%P
%LC依夜
%LC依夜
「――陽菜」%K%P
「――陽菜」%K%P
%LC陽菜
%LC陽菜
「ひんっ？！」%K%P
「ひんっ？！」%K%P
なんか、すごいプレッシャーがががが――、%K%P
なんか、すごいプレッシャーがががが――、%K%P
%LC美実
%LC美実
「ほらほら、優勝したお二人さん。\n　歓声に応えて、手でも振ってあげたら？」%K%P
「ほらほら、優勝したお二人さん。\n　歓声に応えて、手でも振ってあげたら？」%K%P
%LC陽菜
%LC陽菜
「あっ、はっ、はい。そうですね」%K%P
「あっ、はっ、はい。そうですね」%K%P
いつもなら自然と落ち着く拍手と歓声が、\n今回ばかりは、まったく収まる気配がない。%K%P
いつもなら自然と落ち着く拍手と歓声が、\n今回ばかりは、まったく収まる気配がない。%K%P
こちらからの反応を待っているのだとしたら、\n美実様の言う通り、応えてあげたほうが――、%K%P
こちらからの反応を待っているのだとしたら、\n美実様の言う通り、応えてあげたほうが――、%K%P
%LC陽菜
%LC陽菜
「って、うわっ……？！」%K%P
「って、うわっ……？！」%K%P
%LC依夜
%LC依夜
「っと……陽菜、大丈夫？」%K%P
「っと……陽菜、大丈夫？」%K%P
%LC陽菜
%LC陽菜
「うっ、うん。……ありがとう」%K%P
「うっ、うん。……ありがとう」%K%P
少しでも客席に近づこうとしたら、\nなにもない所で、足がもつれてしまう。%K%P
少しでも客席に近づこうとしたら、\nなにもない所で、足がもつれてしまう。%K%P
あわや転んで大失態という寸前、\n依夜がオレを支えてくれた。%K%P
あわや転んで大失態という寸前、\n依夜がオレを支えてくれた。%K%P
%LC依夜
%LC依夜
「どうしたの？　まさか、怪我？」%K%P
「どうしたの？　まさか、怪我？」%K%P
%LC陽菜
%LC陽菜
「違う違うっ、足がもつれただけ」%K%P
「違う違うっ、足がもつれただけ」%K%P
プリモ対決の最中はとくに気を張り詰めていたし、\nそもそも、今日は銀蘭祭という大きな舞台だ。%K%P
プリモ対決の最中はとくに気を張り詰めていたし、\nそもそも、今日は銀蘭祭という大きな舞台だ。%K%P
自分が思う以上に、消耗してしまったらしい。%K%P
自分が思う以上に、消耗してしまったらしい。%K%P
%LC陽菜
%LC陽菜
「さすがにちょっと疲れちゃったみたい。\n　でも、大丈夫だから。心配しないで」%K%P
「さすがにちょっと疲れちゃったみたい。\n　でも、大丈夫だから。心配しないで」%K%P
%LC依夜
%LC依夜
「そうは言っても、危ないでしょう？\n　支えるから、私に掴まっていて」%K%P
「そうは言っても、危ないでしょう？\n　支えるから、私に掴まっていて」%K%P
%LC陽菜
%LC陽菜
「い、いいよっ。みんなの見てる前だしっ……」%K%P
「い、いいよっ。みんなの見てる前だしっ……」%K%P
普段であれば遠慮しないんだけど、\nこれだけの人前ともなると、さすがに照れくさい。%K%P
普段であれば遠慮しないんだけど、\nこれだけの人前ともなると、さすがに照れくさい。%K%P
――なんて、思っていたら。%K%P
――なんて、思っていたら。%K%P
%LC陽菜
%LC陽菜
「えっ……あ、ちょっ……？！」%K%P
「えっ……あ、ちょっ……？！」%K%P
不意に身体が軽くなって、\n気付いた時には、この体勢。%K%P
不意に身体が軽くなって、\n気付いた時には、この体勢。%K%P
いきなりのことに頭が真っ白になって、\nすぐには状況が飲み込めなくて。%K%P
いきなりのことに頭が真っ白になって、\nすぐには状況が飲み込めなくて。%K%P
けどそれは、オレ以外のこの場にいる全員も、\nまったく同じらしかった。%K%P
けどそれは、オレ以外のこの場にいる全員も、\nまったく同じらしかった。%K%P
たった一人、依夜を除いては。%K%P
たった一人、依夜を除いては。%K%P
%LC陽菜
%LC陽菜
「い、依夜っ、なに、これ……」%K%P
「い、依夜っ、なに、これ……」%K%P
%LC依夜
%LC依夜
「こうするのが一番だと思って。\n　だって、陽菜は――」%K%P
「こうするのが一番だと思って。\n　だって、陽菜は――」%K%P
%LC客席
%LC客席
%XS21「きゃあああああああああ！！！」%XE%K%P
%XS21「きゃあああああああああ！！！」%XE%K%P
言いかけた依夜の声が、絶叫に掻き消される。%K%P
言いかけた依夜の声が、絶叫に掻き消される。%K%P
突然のお姫様抱っこに度肝を抜かれ固まっていた\n客席の学生たちが、一斉に歓声をあげていた。%K%P
突然のお姫様抱っこに度肝を抜かれ固まっていた\n客席の学生たちが、一斉に歓声をあげていた。%K%P
テアトル、ちょっと揺れたかもしれない。%K%P
テアトル、ちょっと揺れたかもしれない。%K%P
%LC客席Ａ
%LC客席Ａ
「こ、これはいったい、なんです……？\n　私たち、なにを見せられてるんです？」%K%P
「こ、これはいったい、なんです……？\n　私たち、なにを見せられてるんです？」%K%P
%LC客席Ｂ
%LC客席Ｂ
「ご褒美……？！　ご褒美ってこと！？」%K%P
「ご褒美……？！　ご褒美ってこと！？」%K%P
収めるつもりの客席のボルテージが、さらに高まる。%K%P
収めるつもりの客席のボルテージが、さらに高まる。%K%P
ちなみに、オレの心拍数も相当やばい。%K%P
ちなみに、オレの心拍数も相当やばい。%K%P
人生で一度もしたことがないお姫様抱っこを、\nまさか、される側で先に経験することになるなんて。%K%P
人生で一度もしたことがないお姫様抱っこを、\nまさか、される側で先に経験することになるなんて。%K%P
%LC陽菜
%LC陽菜
「もっ、もう……。\n　なんで、こんなことっ……」%K%P
「もっ、もう……。\n　なんで、こんなことっ……」%K%P
%LC依夜
%LC依夜
「陽菜がやせ我慢をするから」%K%P
「陽菜がやせ我慢をするから」%K%P
確かに、さっき素直に従っていれば、\n依夜もこんなことはしなかっただろうけど。%K%P
確かに、さっき素直に従っていれば、\n依夜もこんなことはしなかっただろうけど。%K%P
%LC陽菜
%LC陽菜
「だからって、ここまでしなくても……」%K%P
「だからって、ここまでしなくても……」%K%P
%LC陽菜
%LC陽菜
「そもそも、なんでお姫様だっこなの……？」%K%P
「そもそも、なんでお姫様だっこなの……？」%K%P
%LC依夜
%LC依夜
「陽菜は抱っこされるのが好きでしょう？\n　だから、こうするのが一番だと思って」%K%P
「陽菜は抱っこされるのが好きでしょう？\n　だから、こうするのが一番だと思って」%K%P
%LC陽菜
%LC陽菜
「っ……」%K%P
「っ……」%K%P
抱っこという単語に、さらに心拍数が上がる。%K%P
抱っこという単語に、さらに心拍数が上がる。%K%P
だって、依夜の口から抱っこって単語を聞くと、\n思い出すのは、どうしたって――、%K%P
だって、依夜の口から抱っこって単語を聞くと、\n思い出すのは、どうしたって――、%K%P
%LC陽菜
%LC陽菜
「んッ……とにかく、下ろして。\n　このままだと、マズいからっ……」%K%P
「んッ……とにかく、下ろして。\n　このままだと、マズいからっ……」%K%P
%LC依夜
%LC依夜
「どうして？」%K%P
「どうして？」%K%P
%LC陽菜
%LC陽菜
「どうしてって……それは、その――」%K%P
「どうしてって……それは、その――」%K%P
小声とはいえ誰かに聞かれるかもしれないし、\n直接的な言葉にして伝えるのは難しい。%K%P
小声とはいえ誰かに聞かれるかもしれないし、\n直接的な言葉にして伝えるのは難しい。%K%P
けど、他でもない依夜ならば、\n目と目で通じ合えるはずっ……！%K%P
けど、他でもない依夜ならば、\n目と目で通じ合えるはずっ……！%K%P
%LC陽菜
%LC陽菜
「ほら、アレが……ね？　だから、ね？」%K%P
「ほら、アレが……ね？　だから、ね？」%K%P
股間をちらっと見るのも怖くて、\nとにかく、目だけで必死に訴えてみる。%K%P
股間をちらっと見るのも怖くて、\nとにかく、目だけで必死に訴えてみる。%K%P
と、依夜はにこっと笑って。%K%P
と、依夜はにこっと笑って。%K%P
%LC陽菜
%LC陽菜
「え――」%K%P
「え――」%K%P
身体がさらに浮き上がって、\n依夜の顔が、ぐんぐん接近して。%K%P
身体がさらに浮き上がって、\n依夜の顔が、ぐんぐん接近して。%K%P
気付いた時には、唇が重なっていた。%K%P
気付いた時には、唇が重なっていた。%K%P
%LC客席
%LC客席
%XS21「きゃあああああああああああ！！！！」%XE%K%P
%XS21「きゃあああああああああああ！！！！」%XE%K%P
またもや響き渡った絶叫に、\n今度こそ確実に、ホールが揺れた。%K%P
またもや響き渡った絶叫に、\n今度こそ確実に、ホールが揺れた。%K%P
オレの頭の中も、ぐわんぐわん揺れてる。%K%P
オレの頭の中も、ぐわんぐわん揺れてる。%K%P
%LC陽菜
%LC陽菜
「……依夜、なにを……」%K%P
「……依夜、なにを……」%K%P
%LC依夜
%LC依夜
「こうすればみんなの注目が、\n　私たちの口元に集まるでしょう？」%K%P
「こうすればみんなの注目が、\n　私たちの口元に集まるでしょう？」%K%P
%LC陽菜
%LC陽菜
「それは……そう、だけど……」%K%P
「それは……そう、だけど……」%K%P
%LC陽菜
%LC陽菜
「……じゃあ……ちゃんと、\n　気付いてくれてたってこと？」%K%P
「……じゃあ……ちゃんと、\n　気付いてくれてたってこと？」%K%P
%LC依夜
%LC依夜
「うん」%K%P
「うん」%K%P
微笑む依夜の顔が、すごく眩しい。%K%P
微笑む依夜の顔が、すごく眩しい。%K%P
%LC依夜
%LC依夜
「そして……せっかくだから、\n　この機会に言わせて」%K%P
「そして……せっかくだから、\n　この機会に言わせて」%K%P
%LC依夜
%LC依夜
「愛しているわ、陽菜」%K%P
「愛しているわ、陽菜」%K%P
%LC陽菜
%LC陽菜
「ん……」%K%P
「ん……」%K%P
覗き込む顔は、あまりにも凜々しい。%K%P
覗き込む顔は、あまりにも凜々しい。%K%P
堂々とした愛の告白はイケメン過ぎて、\n本当に格好いいから困り果ててしまう。%K%P
堂々とした愛の告白はイケメン過ぎて、\n本当に格好いいから困り果ててしまう。%K%P
依夜よりも格好良くなるって宣言したばかりだけど、\n我ながら、高い目標を掲げてしまったかも。%K%P
依夜よりも格好良くなるって宣言したばかりだけど、\n我ながら、高い目標を掲げてしまったかも。%K%P
とはいえ、諦めるつもりはない。%K%P
とはいえ、諦めるつもりはない。%K%P
とりあえず、今日のところは……あとで、\n格好いいお姫様抱っこのやり方を教わるとしよう。%K%P
とりあえず、今日のところは……あとで、\n格好いいお姫様抱っこのやり方を教わるとしよう。%K%P
