銀蘭祭の開催が明日に迫った、金曜日の放課後。%K%P
銀蘭祭の開催が明日に迫った、金曜日の放課後。%K%P
オレは、上級生のお姉様たちに囲まれていた。%K%P
オレは、上級生のお姉様たちに囲まれていた。%K%P
%LC上級生Ａ
%LC上級生Ａ
「まあまあ、腕にこんなに筋肉が。\n　さすが、鍛えてらっしゃいますのね」%K%P
「まあまあ、腕にこんなに筋肉が。\n　さすが、鍛えてらっしゃいますのね」%K%P
%LC上級生Ｂ
%LC上級生Ｂ
「足もすらっとしていて……。\n　とくに下腿三頭筋、とってもキレてます」%K%P
「足もすらっとしていて……。\n　とくに下腿三頭筋、とってもキレてます」%K%P
%LC上級生Ｃ
%LC上級生Ｃ
「いいえ、陽菜さんの下半身の見所といえば、\n　ハムストリングをおいて他にありませんっ」%K%P
「いいえ、陽菜さんの下半身の見所といえば、\n　ハムストリングをおいて他にありませんっ」%K%P
%LC陽菜
%LC陽菜
「あは、あはは……。\n　みなさん筋肉にお詳しいですね」%K%P
「あは、あはは……。\n　みなさん筋肉にお詳しいですね」%K%P
%LC上級生一同
%LC上級生一同
%XS21「当然ですっ。{騎士:ワルキュリア}の嗜みですもの」%XE%K%P
%XS21「当然ですっ。{騎士:ワルキュリア}の嗜みですもの」%XE%K%P
知らなかった、そんなの。%K%P
知らなかった、そんなの。%K%P
%LC陽菜
%LC陽菜
「あの、それで、そろそろ本題に……」%K%P
「あの、それで、そろそろ本題に……」%K%P
%LC上級生Ａ
%LC上級生Ａ
「っと、そうでした。\n　みなさん、例のモノをこちらに」%K%P
「っと、そうでした。\n　みなさん、例のモノをこちらに」%K%P
怪しい取引みたいなノリで運ばれてきたのは、\nオレと同じぐらいの体格のマネキンだった。%K%P
怪しい取引みたいなノリで運ばれてきたのは、\nオレと同じぐらいの体格のマネキンだった。%K%P
%LC陽菜
%LC陽菜
「わっ、すごい……」%K%P
「わっ、すごい……」%K%P
それを見た瞬間、自然と声が弾んでしまう。%K%P
それを見た瞬間、自然と声が弾んでしまう。%K%P
なぜなら、運ばれてきたマネキンは、\n真新しい甲冑をまとっていたからだ。%K%P
なぜなら、運ばれてきたマネキンは、\n真新しい甲冑をまとっていたからだ。%K%P
それは、歌劇アリアで着用する舞台衣装。%K%P
それは、歌劇アリアで着用する舞台衣装。%K%P
{舞闘:カデンツァ}で着用する鎧は立体映像だけど、\n歌劇アリアでは、実際に鎧を着用して舞台に立つ。%K%P
{舞闘:カデンツァ}で着用する鎧は立体映像だけど、\n歌劇アリアでは、実際に鎧を着用して舞台に立つ。%K%P
いまこうして上級生に囲まれているのは、\nこの鎧の試着――つまりは衣装合わせだ。%K%P
いまこうして上級生に囲まれているのは、\nこの鎧の試着――つまりは衣装合わせだ。%K%P
もちろん、鎧といってもレプリカなので、\n材質は鉄ではなく、樹脂などが使われている。%K%P
もちろん、鎧といってもレプリカなので、\n材質は鉄ではなく、樹脂などが使われている。%K%P
それでも、ぱっと見の質感や光沢などは、\n本物の甲冑のようで、実によく出来ていた。%K%P
それでも、ぱっと見の質感や光沢などは、\n本物の甲冑のようで、実によく出来ていた。%K%P
%LC陽菜
%LC陽菜
「けして疑うわけではないんですけど……。\n　これ、本当にみなさんの手作りなんですか？」%K%P
「けして疑うわけではないんですけど……。\n　これ、本当にみなさんの手作りなんですか？」%K%P
%LC上級生Ａ
%LC上級生Ａ
「ええ、そうです。正確には、\n　この学園に通う全員の手作り、ですけれど」%K%P
「ええ、そうです。正確には、\n　この学園に通う全員の手作り、ですけれど」%K%P
%LC上級生Ａ
%LC上級生Ａ
「それが、銀蘭学園の慣習ですから」%K%P
「それが、銀蘭学園の慣習ですから」%K%P
騎士育成科設立以前、学科がひとつだけだった頃、\n銀蘭祭のメインイベントはテアトルでの演劇だった。%K%P
騎士育成科設立以前、学科がひとつだけだった頃、\n銀蘭祭のメインイベントはテアトルでの演劇だった。%K%P
その劇で使用される衣装や小道具などは、\n学生たちがみんなで分担して作っていたそうだ。%K%P
その劇で使用される衣装や小道具などは、\n学生たちがみんなで分担して作っていたそうだ。%K%P
学生すべてが何かの形で劇に関わることで、\nそれはみんなの絆となり、思い出となる――。%K%P
学生すべてが何かの形で劇に関わることで、\nそれはみんなの絆となり、思い出となる――。%K%P
ノーブル・センシブルの時代となった今も、\nそれは変わらず伝統として引き継がれていた。%K%P
ノーブル・センシブルの時代となった今も、\nそれは変わらず伝統として引き継がれていた。%K%P
%LC上級生Ａ
%LC上級生Ａ
「と、いうわけで。本題の試着と参りましょう。\n　さあ、陽菜さん。制服をお脱ぎになって」%K%P
「と、いうわけで。本題の試着と参りましょう。\n　さあ、陽菜さん。制服をお脱ぎになって」%K%P
%LC陽菜
%LC陽菜
「お脱ぎにって……あの、\n　今日は試着だけって聞いてたんですが」%K%P
「お脱ぎにって……あの、\n　今日は試着だけって聞いてたんですが」%K%P
%LC上級生Ａ
%LC上級生Ａ
「ええ。ですから試着です。\n　制服を脱がないと着られませんから」%K%P
「ええ。ですから試着です。\n　制服を脱がないと着られませんから」%K%P
%LC陽菜
%LC陽菜
「あー……」%K%P
「あー……」%K%P
実際に鎧を着られるって聞いたときの\n期待に気取られて、完全に油断していた。%K%P
実際に鎧を着られるって聞いたときの\n期待に気取られて、完全に油断していた。%K%P
%LC上級生Ｂ
%LC上級生Ｂ
「安心なさって、陽菜さん。\n　私たちがバッチリお手伝いしますから」%K%P
「安心なさって、陽菜さん。\n　私たちがバッチリお手伝いしますから」%K%P
%LC陽菜
%LC陽菜
「お手伝いって……着替えを、ですか？」%K%P
「お手伝いって……着替えを、ですか？」%K%P
%LC上級生Ｃ
%LC上級生Ｃ
「ええ。私たちはそのために集まったんです」%K%P
「ええ。私たちはそのために集まったんです」%K%P
%LC陽菜
%LC陽菜
「私を着替えさせるためだけに、\n　これだけの人数が……？」%K%P
「私を着替えさせるためだけに、\n　これだけの人数が……？」%K%P
%LC上級生一同
%LC上級生一同
%XS20「「「オフコースっ！」」」%XE%K%P
%XS20「「「オフコースっ！」」」%XE%K%P
うそでしょ？%K%P
うそでしょ？%K%P
%LC陽菜
%LC陽菜
「あっ、あの、私ひとりでも着替えはできますし、\n　みなさんは、どうか外で待機を」%K%P
「あっ、あの、私ひとりでも着替えはできますし、\n　みなさんは、どうか外で待機を」%K%P
%LC上級生Ａ
%LC上級生Ａ
「そうおっしゃらず。ささ、陽菜さん」%K%P
「そうおっしゃらず。ささ、陽菜さん」%K%P
%LC陽菜
%LC陽菜
「わ、わわっ……」%K%P
「わ、わわっ……」%K%P
じり、じりっと包囲網が狭まる。%K%P
じり、じりっと包囲網が狭まる。%K%P
どうしよう。こんなとき頼りになりそうな\n美実様は、ただいま別の教室で試着中だし。%K%P
どうしよう。こんなとき頼りになりそうな\n美実様は、ただいま別の教室で試着中だし。%K%P
梨理ちゃんが一緒に試着予定だったんだけど、\n彼女はクラスの用事で、少し遅れて――、%K%P
梨理ちゃんが一緒に試着予定だったんだけど、\n彼女はクラスの用事で、少し遅れて――、%K%P
%LC梨理
%LC梨理
「うわ……」%K%P
「うわ……」%K%P
%LC陽菜
%LC陽菜
「梨理ちゃんっ」%K%P
「梨理ちゃんっ」%K%P
困り果てて教室を見回したら、\nいままさに入ってきた梨理ちゃんと目があった。%K%P
困り果てて教室を見回したら、\nいままさに入ってきた梨理ちゃんと目があった。%K%P
このタイミングで登場とか救世主すぎる。%K%P
このタイミングで登場とか救世主すぎる。%K%P
%LC陽菜
%LC陽菜
「梨理ちゃん、あの――」%K%P
「梨理ちゃん、あの――」%K%P
%LC上級生Ａ
%LC上級生Ａ
「ささ、陽菜さん。ぬぎぬぎいたしましょ？」%K%P
「ささ、陽菜さん。ぬぎぬぎいたしましょ？」%K%P
%LC陽菜
%LC陽菜
「えっ、や、あのっ」%K%P
「えっ、や、あのっ」%K%P
%LC上級生Ａ
%LC上級生Ａ
「下着は脱がずとも大丈夫ですから」%K%P
「下着は脱がずとも大丈夫ですから」%K%P
%LC陽菜
%LC陽菜
「それ下着以外は脱ぐってことじゃないですかっ。\n　恥ずかしいからイヤですっ」%K%P
「それ下着以外は脱ぐってことじゃないですかっ。\n　恥ずかしいからイヤですっ」%K%P
%LC上級生Ｂ
%LC上級生Ｂ
「それはいけませんっ！」%K%P
「それはいけませんっ！」%K%P
%LC上級生Ｃ
%LC上級生Ｃ
「ええっ、陽菜さんを辱めるなど、\n　ノーブルとしてあるまじきことですっ！」%K%P
「ええっ、陽菜さんを辱めるなど、\n　ノーブルとしてあるまじきことですっ！」%K%P
%LC陽菜
%LC陽菜
「それじゃあ――」%K%P
「それじゃあ――」%K%P
%LC上級生Ｃ
%LC上級生Ｃ
「一人はみんなのために、みんなは一人のために。\n　それこそが{騎士道:シュバルリィ}の教え――」%K%P
「一人はみんなのために、みんなは一人のために。\n　それこそが{騎士道:シュバルリィ}の教え――」%K%P
%LC上級生Ａ
%LC上級生Ａ
「みなさん、陽菜さんが恥ずかしくないように、\n　私たちも本当に一肌脱ぐといたしましょうっ！！」%K%P
「みなさん、陽菜さんが恥ずかしくないように、\n　私たちも本当に一肌脱ぐといたしましょうっ！！」%K%P
%LC上級生一同
%LC上級生一同
「「「いいですともっ！！」」」%K%P
「「「いいですともっ！！」」」%K%P
%LC陽菜
%LC陽菜
「うそでしょっ？！」%K%P
「うそでしょっ？！」%K%P
って、言ってる側から制服に手を掛けて\nいまにも脱ぎ出しそうな人までいるしっ？！%K%P
って、言ってる側から制服に手を掛けて\nいまにも脱ぎ出しそうな人までいるしっ？！%K%P
%LC陽菜
%LC陽菜
「梨理ちゃんっ！　見てないで助けてっ」%K%P
「梨理ちゃんっ！　見てないで助けてっ」%K%P
%LC梨理
%LC梨理
「……」%K%P
「……」%K%P
%LC陽菜
%LC陽菜
「梨理ちゃぁんっ！」%K%P
「梨理ちゃぁんっ！」%K%P
%LC梨理
%LC梨理
「……はぁ。楽しそうですね、センセ」%K%P
「……はぁ。楽しそうですね、センセ」%K%P
%LC陽菜
%LC陽菜
「どこをどう見たらそうなるのっ」%K%P
「どこをどう見たらそうなるのっ」%K%P
%LC梨理
%LC梨理
「どこをどう見てもそうなりますけど」%K%P
「どこをどう見てもそうなりますけど」%K%P
%LC上級生Ａ
%LC上級生Ａ
「まぁ梨理ちゃん。遅れると聞いていたけど、\n　用のほうはもう終わったの？」%K%P
「まぁ梨理ちゃん。遅れると聞いていたけど、\n　用のほうはもう終わったの？」%K%P
%LC梨理
%LC梨理
「はい。それは終わったんですけど……。\n　これはいったいどういう状況ですか？」%K%P
「はい。それは終わったんですけど……。\n　これはいったいどういう状況ですか？」%K%P
%LC上級生Ｂ
%LC上級生Ｂ
「陽菜さんの試着を手伝うために、\n　みんなで制服を脱がそうとしていたのよ」%K%P
「陽菜さんの試着を手伝うために、\n　みんなで制服を脱がそうとしていたのよ」%K%P
%LC上級生Ｃ
%LC上級生Ｃ
「ね？　梨理ちゃんもご一緒にいかが？」%K%P
「ね？　梨理ちゃんもご一緒にいかが？」%K%P
%LC梨理
%LC梨理
「……そうですね。\n　それも楽しそうですけど――」%K%P
「……そうですね。\n　それも楽しそうですけど――」%K%P
%LC梨理
%LC梨理
「あいにく、センセの服を脱がせられるのは、\n　エンゲージしている私だけなので」%K%P
「あいにく、センセの服を脱がせられるのは、\n　エンゲージしている私だけなので」%K%P
%LC梨理
%LC梨理
「申し訳ないですが、あとは私が。\n　お姉様方は、どうか外でお待ちください」%K%P
「申し訳ないですが、あとは私が。\n　お姉様方は、どうか外でお待ちください」%K%P
%LC陽菜
%LC陽菜
「はぁー……」%K%P
「はぁー……」%K%P
見慣れた部室に到着した安心感で、\n思わず畳にへたりこむ。%K%P
見慣れた部室に到着した安心感で、\n思わず畳にへたりこむ。%K%P
あのあとオレは、\n梨理ちゃんのおかげで事なきを得た。%K%P
あのあとオレは、\n梨理ちゃんのおかげで事なきを得た。%K%P
暴走しかけた上級生のお姉様方を、\n梨理ちゃんがぴしゃりと諫めてくれたのだ。%K%P
暴走しかけた上級生のお姉様方を、\n梨理ちゃんがぴしゃりと諫めてくれたのだ。%K%P
鎧の試着も、梨理ちゃんに手伝ってもらい、\nこちらも無事に済ませることができた。%K%P
鎧の試着も、梨理ちゃんに手伝ってもらい、\nこちらも無事に済ませることができた。%K%P
%LC陽菜
%LC陽菜
「さっきはありがと、梨理ちゃん」%K%P
「さっきはありがと、梨理ちゃん」%K%P
%LC陽菜
%LC陽菜
「梨理ちゃんが来てくれなかったら、\n　いったいどうなっていたか……」%K%P
「梨理ちゃんが来てくれなかったら、\n　いったいどうなっていたか……」%K%P
%LC梨理
%LC梨理
「そんなこと言って……。センセ、本当は\n　どうにかなりたかったんじゃないですか？」%K%P
「そんなこと言って……。センセ、本当は\n　どうにかなりたかったんじゃないですか？」%K%P
%LC梨理
%LC梨理
「もし、私があと少し遅れていたら。\n　センセは下着姿のお姉様に囲まれていたわけで」%K%P
「もし、私があと少し遅れていたら。\n　センセは下着姿のお姉様に囲まれていたわけで」%K%P
%LC梨理
%LC梨理
「センセはお優しいですし。抱きつかれたら、\n　それを強く振り払ったりできないでしょうし」%K%P
「センセはお優しいですし。抱きつかれたら、\n　それを強く振り払ったりできないでしょうし」%K%P
%LC梨理
%LC梨理
「数人ならまだしも、あれだけの人数……。\n　囲まれたら、センセでも逃げられません」%K%P
「数人ならまだしも、あれだけの人数……。\n　囲まれたら、センセでも逃げられません」%K%P
%LC梨理
%LC梨理
「当然、センセも抵抗はするでしょうけど。\n　数の暴力の前に屈してしまうわけです」%K%P
「当然、センセも抵抗はするでしょうけど。\n　数の暴力の前に屈してしまうわけです」%K%P
%LC梨理
%LC梨理
「そして制服を脱がされ、股間の膨らみを発見され。\n　もしや男の子では……？　となるわけです」%K%P
「そして制服を脱がされ、股間の膨らみを発見され。\n　もしや男の子では……？　となるわけです」%K%P
%LC梨理
%LC梨理
「そうなってしまっては、もうおしまいです。\n　年頃の乙女の好奇心はハンパじゃありません」%K%P
「そうなってしまっては、もうおしまいです。\n　年頃の乙女の好奇心はハンパじゃありません」%K%P
%LC梨理
%LC梨理
「初めて見る男の子のアソコに、興味津々――。\n　おそらくセンセは質問攻めされるでしょう」%K%P
「初めて見る男の子のアソコに、興味津々――。\n　おそらくセンセは質問攻めされるでしょう」%K%P
%LC梨理
%LC梨理
「どうしてもっこり膨らんでいるのですか？　とか。\n　ピクピクしているのは何故です？　とか」%K%P
「どうしてもっこり膨らんでいるのですか？　とか。\n　ピクピクしているのは何故です？　とか」%K%P
%LC梨理
%LC梨理
「最初は下着の上から触られて……その刺激で、\n　センセは興奮し、アソコはさらに勃起して」%K%P
「最初は下着の上から触られて……その刺激で、\n　センセは興奮し、アソコはさらに勃起して」%K%P
%LC梨理
%LC梨理
「目の前で膨らんでいく男の子のアソコに、\n　その場の雰囲気は、どんどん妖しくなって」%K%P
「目の前で膨らんでいく男の子のアソコに、\n　その場の雰囲気は、どんどん妖しくなって」%K%P
%LC梨理
%LC梨理
「そうしてついに、センセは下着も脱がされ、\n　お姉様たちの前で、全裸になってしまう――」%K%P
「そうしてついに、センセは下着も脱がされ、\n　お姉様たちの前で、全裸になってしまう――」%K%P
%LC梨理
%LC梨理
「と、こんな展開になることを、\n　内心期待していたんじゃないです？」%K%P
「と、こんな展開になることを、\n　内心期待していたんじゃないです？」%K%P
%LC陽菜
%LC陽菜
%XS21「具体的すぎっ！」%XE%K%P
%XS21「具体的すぎっ！」%XE%K%P
まるで講談のように流暢に語るもんだから、\n思わず聞き入ってしまった。ちょっと悔しい。%K%P
まるで講談のように流暢に語るもんだから、\n思わず聞き入ってしまった。ちょっと悔しい。%K%P
%LC陽菜
%LC陽菜
「ひょっとして梨理ちゃん、怒ってる？」%K%P
「ひょっとして梨理ちゃん、怒ってる？」%K%P
%LC梨理
%LC梨理
「いえ、べつに」%K%P
「いえ、べつに」%K%P
%LC陽菜
%LC陽菜
「なら、拗ねてるの？」%K%P
「なら、拗ねてるの？」%K%P
%LC梨理
%LC梨理
「それは……まあ、多少」%K%P
「それは……まあ、多少」%K%P
%LC梨理
%LC梨理
「私というものがありながら、女性に囲まれ、\n　鼻の下を伸ばしていたカレシがいたので」%K%P
「私というものがありながら、女性に囲まれ、\n　鼻の下を伸ばしていたカレシがいたので」%K%P
%LC陽菜
%LC陽菜
「鼻の下なんて伸びてません」%K%P
「鼻の下なんて伸びてません」%K%P
%LC梨理
%LC梨理
「なら、別なところが伸びてたとか」%K%P
「なら、別なところが伸びてたとか」%K%P
そう言った梨理ちゃんの視線は、\nオレの股間に向けられていた。%K%P
そう言った梨理ちゃんの視線は、\nオレの股間に向けられていた。%K%P
%LC陽菜
%LC陽菜
「もう、またそうやって……。\n　試着のとき、勃起してなかったでしょ？」%K%P
「もう、またそうやって……。\n　試着のとき、勃起してなかったでしょ？」%K%P
%LC梨理
%LC梨理
「なら、スカートめくってください」%K%P
「なら、スカートめくってください」%K%P
%LC陽菜
%LC陽菜
「は……？　なっ、なんでっ？！」%K%P
「は……？　なっ、なんでっ？！」%K%P
%LC梨理
%LC梨理
「さっきの話を聞いても反応してないなら、\n　センセのこと、信じてあげます」%K%P
「さっきの話を聞いても反応してないなら、\n　センセのこと、信じてあげます」%K%P
%LC梨理
%LC梨理
「でも、ちょっとでも勃起してたら、\n　期待していたんだとみなします」%K%P
「でも、ちょっとでも勃起してたら、\n　期待していたんだとみなします」%K%P
%LC陽菜
%LC陽菜
「それは……」%K%P
「それは……」%K%P
……正直、ちょっと困る。%K%P
……正直、ちょっと困る。%K%P
だって、梨理ちゃんの話が具体的すぎて、\nちょっと想像しちゃったからだ。%K%P
だって、梨理ちゃんの話が具体的すぎて、\nちょっと想像しちゃったからだ。%K%P
いま現在、オレの股間はガチガチではないけれど、\n完全にふにゃふにゃというわけでもなくて。%K%P
いま現在、オレの股間はガチガチではないけれど、\n完全にふにゃふにゃというわけでもなくて。%K%P
こんな状態の股間を目撃されたら、\nきっと梨理ちゃんに言われてしまう。%K%P
こんな状態の股間を目撃されたら、\nきっと梨理ちゃんに言われてしまう。%K%P
『センセ、さっきの話で興奮したんですか？\n　エロイベを期待してたとか……えっち』――なんて。%K%P
『センセ、さっきの話で興奮したんですか？\n　エロイベを期待してたとか……えっち』――なんて。%K%P
そしたら完全に勃起して、それで――、%K%P
そしたら完全に勃起して、それで――、%K%P
%LC梨理
%LC梨理
「センセ？　見せてくれないんですか？」%K%P
「センセ？　見せてくれないんですか？」%K%P
%LC梨理
%LC梨理
「それとも、見せられないんですか？」%K%P
「それとも、見せられないんですか？」%K%P
%LC陽菜
%LC陽菜
「……ノーコメントで」%K%P
「……ノーコメントで」%K%P
%LC梨理
%LC梨理
「そうですか……。では、問答無用で――」%K%P
「そうですか……。では、問答無用で――」%K%P
%LC梨理
%LC梨理
「せいっ！」%K%P
「せいっ！」%K%P
%LC陽菜
%LC陽菜
「うわっ？！」%K%P
「うわっ？！」%K%P
梨理ちゃんがいきなり飛びついてきたので、\n反射的にそれを避ける。%K%P
梨理ちゃんがいきなり飛びついてきたので、\n反射的にそれを避ける。%K%P
恋人のハグを避けるとかあり得ないけど、\n本能的に、身体が避けることを選択していた。%K%P
恋人のハグを避けるとかあり得ないけど、\n本能的に、身体が避けることを選択していた。%K%P
%LC陽菜
%LC陽菜
「ちょっ……？！　急になにっ？！」%K%P
「ちょっ……？！　急になにっ？！」%K%P
%LC梨理
%LC梨理
「もちろん実力行使です。\n　捕まえてスカートめくって確かめます」%K%P
「もちろん実力行使です。\n　捕まえてスカートめくって確かめます」%K%P
%LC梨理
%LC梨理
「明日は決勝戦ですし。センセとのトレーニングの\n　成果を確認するには、ちょうどいいかと」%K%P
「明日は決勝戦ですし。センセとのトレーニングの\n　成果を確認するには、ちょうどいいかと」%K%P
そう言って、少し不敵に笑う梨理ちゃん。%K%P
そう言って、少し不敵に笑う梨理ちゃん。%K%P
我ながら単純だとは思うけど、\nその笑顔に、騎士のスイッチが入ってしまった。%K%P
我ながら単純だとは思うけど、\nその笑顔に、騎士のスイッチが入ってしまった。%K%P
%LC陽菜
%LC陽菜
「……わかった。勝負の方法は？」%K%P
「……わかった。勝負の方法は？」%K%P
%LC梨理
%LC梨理
「センセを捕まえたら、私の勝ち。\n　逃げ切ったら、センセの勝ちで」%K%P
「センセを捕まえたら、私の勝ち。\n　逃げ切ったら、センセの勝ちで」%K%P
%LC陽菜
%LC陽菜
「逃げ切るっていうのは、この部室から？」%K%P
「逃げ切るっていうのは、この部室から？」%K%P
%LC梨理
%LC梨理
「はい。ただ、ドアを開ける動作まで入ると、\n　私が有利すぎるので、ノブにタッチでいいです」%K%P
「はい。ただ、ドアを開ける動作まで入ると、\n　私が有利すぎるので、ノブにタッチでいいです」%K%P
%LC梨理
%LC梨理
「ではいきます。プレ……アレっ！」%K%P
「ではいきます。プレ……アレっ！」%K%P
掛け声と同時に、\n梨理ちゃんは真っ直ぐ向かってきた。%K%P
掛け声と同時に、\n梨理ちゃんは真っ直ぐ向かってきた。%K%P
それを素早く横に避けて――、%K%P
それを素早く横に避けて――、%K%P
%LC陽菜
%LC陽菜
「ひゃっ……！？」%K%P
「ひゃっ……！？」%K%P
しまった……？！　ここ、畳っ……！！%K%P
しまった……？！　ここ、畳っ……！！%K%P
%LC梨理
%LC梨理
「せいっ！」%K%P
「せいっ！」%K%P
踏ん張りすぎて足が滑り、転びかけたオレを、\n梨理ちゃんが華麗にキャッチ。%K%P
踏ん張りすぎて足が滑り、転びかけたオレを、\n梨理ちゃんが華麗にキャッチ。%K%P
%LC梨理
%LC梨理
「……あの、センセ。\n　さすがにあっけなさすぎるんですが」%K%P
「……あの、センセ。\n　さすがにあっけなさすぎるんですが」%K%P
%LC陽菜
%LC陽菜
「ですよね……。すみません……」%K%P
「ですよね……。すみません……」%K%P
我ながら情けない敗因と結末に、\n悔しさよりも不甲斐なさが先に来てしまった。%K%P
我ながら情けない敗因と結末に、\n悔しさよりも不甲斐なさが先に来てしまった。%K%P
%LC梨理
%LC梨理
「とはいえ、勝ちは勝ちですし。\n　センセ、スカートめくってください」%K%P
「とはいえ、勝ちは勝ちですし。\n　センセ、スカートめくってください」%K%P
%LC陽菜
%LC陽菜
「けど、もし誰か来たら……」%K%P
「けど、もし誰か来たら……」%K%P
%LC梨理
%LC梨理
「大丈夫です。誰も入ってこれないよう、\n　ドアの鍵、ちゃんとかけておきましたし」%K%P
「大丈夫です。誰も入ってこれないよう、\n　ドアの鍵、ちゃんとかけておきましたし」%K%P
%LC陽菜
%LC陽菜
「それって……{部室:ここ}に来た段階で、\n　エッチなことする気満々だったってこと？」%K%P
「それって……{部室:ここ}に来た段階で、\n　エッチなことする気満々だったってこと？」%K%P
%LC梨理
%LC梨理
「当然です。同じ屋根の下で生活してるのに、\n　ずっとエッチが出来なくて悶々としてたので」%K%P
「当然です。同じ屋根の下で生活してるのに、\n　ずっとエッチが出来なくて悶々としてたので」%K%P
%LC梨理
%LC梨理
「初エッチのときみたく、お風呂でっていうのも、\n　考えなくもなかったんですけど……」%K%P
「初エッチのときみたく、お風呂でっていうのも、\n　考えなくもなかったんですけど……」%K%P
%LC梨理
%LC梨理
「またセンセが倒れても困りますし。\n　お姉ちゃんにバレバレなのも、ちょっと」%K%P
「またセンセが倒れても困りますし。\n　お姉ちゃんにバレバレなのも、ちょっと」%K%P
確かに、すべてを知っている美実様なら、\nオレたちが一緒に入浴した時点で目的に気付く。%K%P
確かに、すべてを知っている美実様なら、\nオレたちが一緒に入浴した時点で目的に気付く。%K%P
そうなったら、絶対あとで、\nあれやこれや言われるに違いない。%K%P
そうなったら、絶対あとで、\nあれやこれや言われるに違いない。%K%P
%LC梨理
%LC梨理
「そんなわけで、今日の私は、\n　センセのおち○ぽに飢えてます」%K%P
「そんなわけで、今日の私は、\n　センセのおち○ぽに飢えてます」%K%P
%LC梨理
%LC梨理
「満足するまで求め続けるので。\n　覚悟しておいてください」%K%P
「満足するまで求め続けるので。\n　覚悟しておいてください」%K%P
えっちな宣言をしているとは思えないほど、\n梨理ちゃんはにこっと笑って。%K%P
えっちな宣言をしているとは思えないほど、\n梨理ちゃんはにこっと笑って。%K%P
%LC梨理
%LC梨理
「……っと、そうだ。それとセンセ、\n　先に下着だけ脱いでおいてください」%K%P
「……っと、そうだ。それとセンセ、\n　先に下着だけ脱いでおいてください」%K%P
%LC陽菜
%LC陽菜
「なんでっ？」%K%P
「なんでっ？」%K%P
%LC梨理
%LC梨理
「だってセンセ、\n　いつもいっぱい出すじゃないですか」%K%P
「だってセンセ、\n　いつもいっぱい出すじゃないですか」%K%P
%LC梨理
%LC梨理
「履いたまま射精して汚したら、\n　ノーパンで合宿所まで帰ることになりますよ？」%K%P
「履いたまま射精して汚したら、\n　ノーパンで合宿所まで帰ることになりますよ？」%K%P
%LC陽菜
%LC陽菜
「うぐぅ……」%K%P
「うぐぅ……」%K%P
梨理ちゃんの発言の意味するところは、\nこれからオレを射精させますという宣言だった。%K%P
梨理ちゃんの発言の意味するところは、\nこれからオレを射精させますという宣言だった。%K%P
%LC陽菜
%LC陽菜
「はぅぅぅっ……」%K%P
「はぅぅぅっ……」%K%P
自分の履いているスカートをつまみあげる。%K%P
自分の履いているスカートをつまみあげる。%K%P
これがドレスなら挨拶にも見えるだろうけど、\n制服のスカートは、まるで丈がたりなくて。%K%P
これがドレスなら挨拶にも見えるだろうけど、\n制服のスカートは、まるで丈がたりなくて。%K%P
しゃがんだ梨理ちゃんの眼前に、\nオレの股間が、丸見えの状態で晒された。%K%P
しゃがんだ梨理ちゃんの眼前に、\nオレの股間が、丸見えの状態で晒された。%K%P
%LC梨理
%LC梨理
「センセ、もう少し上に」%K%P
「センセ、もう少し上に」%K%P
%LC陽菜
%LC陽菜
「上って……これぐらいでも、\n　梨理ちゃんからは丸見えでしょ？」%K%P
「上って……これぐらいでも、\n　梨理ちゃんからは丸見えでしょ？」%K%P
%LC梨理
%LC梨理
「もっとよく見たいんです。\n　お願いします、センセ」%K%P
「もっとよく見たいんです。\n　お願いします、センセ」%K%P
%LC陽菜
%LC陽菜
「くぅっ……」%K%P
「くぅっ……」%K%P
見上げてお願いする梨理ちゃんが可愛くて、\n羞恥心とは裏腹に、手が動いてしまう。%K%P
見上げてお願いする梨理ちゃんが可愛くて、\n羞恥心とは裏腹に、手が動いてしまう。%K%P
%LC陽菜
%LC陽菜
「……これで、どう？」%K%P
「……これで、どう？」%K%P
%LC梨理
%LC梨理
「はい、よーく見えます歃n　丸見えですよ？　センセのおち○ぽ」%K%P
「はい、よーく見えます歃n　丸見えですよ？　センセのおち○ぽ」%K%P
%LC陽菜
%LC陽菜
「はぅっ……」%K%P
「はぅっ……」%K%P
嬉しそうに報告してきた梨理ちゃんが、\nオレの股間をまじまじと見つめる。%K%P
嬉しそうに報告してきた梨理ちゃんが、\nオレの股間をまじまじと見つめる。%K%P
雰囲気に呑まれてドキドキしてきたとはいえ、\nペニスはまだ、完全には勃起してなくて。%K%P
雰囲気に呑まれてドキドキしてきたとはいえ、\nペニスはまだ、完全には勃起してなくて。%K%P
例えるなら、アン・ガルド前のフィエルテ姿を、\nじろじろ直視されている、というか。%K%P
例えるなら、アン・ガルド前のフィエルテ姿を、\nじろじろ直視されている、というか。%K%P
無防備な感じが、たまらなく恥ずかしい。%K%P
無防備な感じが、たまらなく恥ずかしい。%K%P
%LC梨理
%LC梨理
「に、しても……勃起前って、\n　本当にちっちゃくて可愛いです」%K%P
「に、しても……勃起前って、\n　本当にちっちゃくて可愛いです」%K%P
%LC梨理
%LC梨理
「確かにこれなら、うまいことすれば、\n　フィエルテを着ていても隠せそうです」%K%P
「確かにこれなら、うまいことすれば、\n　フィエルテを着ていても隠せそうです」%K%P
%LC梨理
%LC梨理
「でも、こんなにちっちゃいおち○ぽが、\n　あんなにおっきく勃起しちゃうなんて――」%K%P
「でも、こんなにちっちゃいおち○ぽが、\n　あんなにおっきく勃起しちゃうなんて――」%K%P
%LC梨理
%LC梨理
「まさに、アン・ガルドって感じですね？\n　ほんと、可愛い……氈@んふ、にひひっ氈v%K%P
「まさに、アン・ガルドって感じですね？\n　ほんと、可愛い……氈@んふ、にひひっ氈v%K%P
%LC陽菜
%LC陽菜
「あっ、あの、梨理ちゃん……？\n　あんまり顔を近寄せると、息が……」%K%P
「あっ、あの、梨理ちゃん……？\n　あんまり顔を近寄せると、息が……」%K%P
%LC梨理
%LC梨理
「ふー氈v%K%P
「ふー氈v%K%P
%LC陽菜
%LC陽菜
「にゃっ、やふッ氈v%K%P
「にゃっ、やふッ氈v%K%P
%LC梨理
%LC梨理
「あっ……おち○ぽ、ぴくってしない……。\n　いつもなら今ので絶対ぴくってなるのに」%K%P
「あっ……おち○ぽ、ぴくってしない……。\n　いつもなら今ので絶対ぴくってなるのに」%K%P
%LC陽菜
%LC陽菜
「勃起してない状態だと、\n　そもそも力が入らないからっ……」%K%P
「勃起してない状態だと、\n　そもそも力が入らないからっ……」%K%P
%LC梨理
%LC梨理
「なるほど……。けど、センセって策士ですね。\n　思わず息をふーってしちゃいました」%K%P
「なるほど……。けど、センセって策士ですね。\n　思わず息をふーってしちゃいました」%K%P
%LC陽菜
%LC陽菜
「なんのこと？」%K%P
「なんのこと？」%K%P
%LC梨理
%LC梨理
「さっきの発言です」%K%P
「さっきの発言です」%K%P
%LC梨理
%LC梨理
「センセはおち○ぽに息をかけて欲しいから、\n　あえて誘うようなことを言ったんですよね？」%K%P
「センセはおち○ぽに息をかけて欲しいから、\n　あえて誘うようなことを言ったんですよね？」%K%P
%LC梨理
%LC梨理
「そうすれば、私が思わず、\n　ふーってしたくなるとわかっていて」%K%P
「そうすれば、私が思わず、\n　ふーってしたくなるとわかっていて」%K%P
%LC陽菜
%LC陽菜
「さすがに、そこまでは……」%K%P
「さすがに、そこまでは……」%K%P
なんて言ったものの、無意識にやっている部分は、\n多少なりあるかもしれない。%K%P
なんて言ったものの、無意識にやっている部分は、\n多少なりあるかもしれない。%K%P
相手の注意を逸らすことで隙を作ったり、\n逆に、意図的に集めることで不意を突いたり。%K%P
相手の注意を逸らすことで隙を作ったり、\n逆に、意図的に集めることで不意を突いたり。%K%P
それは剣術の戦法としては普通にあることだし、\nオレ自身、試合で使うことも多い。%K%P
それは剣術の戦法としては普通にあることだし、\nオレ自身、試合で使うことも多い。%K%P
１対１の真剣勝負という意味では、\nエッチも剣術も、似てるといえなくもないのかも。%K%P
１対１の真剣勝負という意味では、\nエッチも剣術も、似てるといえなくもないのかも。%K%P
%LC陽菜
%LC陽菜
「んっ……というか梨理ちゃん、\n　ほんとに顔、近すぎじゃない？」%K%P
「んっ……というか梨理ちゃん、\n　ほんとに顔、近すぎじゃない？」%K%P
%LC陽菜
%LC陽菜
「そんなに近いと、勃起したとき、\n　ぶつかっちゃうかも……」%K%P
「そんなに近いと、勃起したとき、\n　ぶつかっちゃうかも……」%K%P
%LC梨理
%LC梨理
「大丈夫です。センセのおち○ぽの大きさ、\n　ちゃんと覚えてますから」%K%P
「大丈夫です。センセのおち○ぽの大きさ、\n　ちゃんと覚えてますから」%K%P
%LC梨理
%LC梨理
「このぐらい間隔をあけておけば、\n　たぶん、ギリギリ……あたるかもですが」%K%P
「このぐらい間隔をあけておけば、\n　たぶん、ギリギリ……あたるかもですが」%K%P
%LC陽菜
%LC陽菜
「ダメじゃんっ」%K%P
「ダメじゃんっ」%K%P
%LC梨理
%LC梨理
「んふふっ氈@でも、そのときはそのときで、\n　おち○ぽに頬ずりとかしちゃいますし」%K%P
「んふふっ氈@でも、そのときはそのときで、\n　おち○ぽに頬ずりとかしちゃいますし」%K%P
%LC梨理
%LC梨理
「センセ、覚えてます？　初エッチのとき、\n　私がセンセのおっぱいに頬ずりしてたこと」%K%P
「センセ、覚えてます？　初エッチのとき、\n　私がセンセのおっぱいに頬ずりしてたこと」%K%P
%LC梨理
%LC梨理
「乳首をぺろぺろしながら、\n　ほっぺ、すりすりーってしていたの」%K%P
「乳首をぺろぺろしながら、\n　ほっぺ、すりすりーってしていたの」%K%P
%LC梨理
%LC梨理
「あれ、男の人の胸板がどんな感じなのか、\n　それを確かめたくてやってたんです」%K%P
「あれ、男の人の胸板がどんな感じなのか、\n　それを確かめたくてやってたんです」%K%P
%LC梨理
%LC梨理
「つい可愛いって言っちゃいますけど、\n　センセはちゃんと、私の中では男の子なので」%K%P
「つい可愛いって言っちゃいますけど、\n　センセはちゃんと、私の中では男の子なので」%K%P
%LC梨理
%LC梨理
「私がこんなにおち○ぽに興味津々なのも、\n　ここがいちばん、男の子らしいからで……」%K%P
「私がこんなにおち○ぽに興味津々なのも、\n　ここがいちばん、男の子らしいからで……」%K%P
%LC梨理
%LC梨理
「だから……今日はセンセの男の子、\n　じっくりたっぷり観察させてください氈v%K%P
「だから……今日はセンセの男の子、\n　じっくりたっぷり観察させてください氈v%K%P
そう告げた梨理ちゃんがぺろっと舌を出すと、\n自然と初エッチの記憶が呼び起こされた。%K%P
そう告げた梨理ちゃんがぺろっと舌を出すと、\n自然と初エッチの記憶が呼び起こされた。%K%P
映像はもちろん、乳首を舐める舌の感触や、\nぴちゃぴちゃという唾液の音まで甦ってきて。%K%P
映像はもちろん、乳首を舐める舌の感触や、\nぴちゃぴちゃという唾液の音まで甦ってきて。%K%P
そうなると、ペニスを握る手の握力や、\n手コキの快感までもが、鮮明に――、%K%P
そうなると、ペニスを握る手の握力や、\n手コキの快感までもが、鮮明に――、%K%P
%LC梨理
%LC梨理
「あっ……氈@センセのおち○ぽ、\n　だんだんおっきくなってきました……氈v%K%P
「あっ……氈@センセのおち○ぽ、\n　だんだんおっきくなってきました……氈v%K%P
%LC梨理
%LC梨理
「さわってないのにおっきくなるってことは……、\n　センセって、見られて興奮するんです？」%K%P
「さわってないのにおっきくなるってことは……、\n　センセって、見られて興奮するんです？」%K%P
%LC陽菜
%LC陽菜
「梨理ちゃんだって、私に裸を見られたら、\n　それだけでドキドキするでしょ？」%K%P
「梨理ちゃんだって、私に裸を見られたら、\n　それだけでドキドキするでしょ？」%K%P
%LC梨理
%LC梨理
「します。すっごく」%K%P
「します。すっごく」%K%P
%LC梨理
%LC梨理
「もっと言うと、センセに裸を見られちゃうとこを\n　想像するだけでも興奮しちゃいます」%K%P
「もっと言うと、センセに裸を見られちゃうとこを\n　想像するだけでも興奮しちゃいます」%K%P
%LC梨理
%LC梨理
「たとえば……夜中、我慢できなくなったセンセが、\n　こっそり私のベッドに潜り込んできて、\n　パジャマを脱がせて眺めてきちゃう、とか」%K%P
「たとえば……夜中、我慢できなくなったセンセが、\n　こっそり私のベッドに潜り込んできて、\n　パジャマを脱がせて眺めてきちゃう、とか」%K%P
%LC梨理
%LC梨理
「で、そのまま寝てる私の裸をオカズに、\n　息を潜めて、ひとりでシコシコしちゃう、とか」%K%P
「で、そのまま寝てる私の裸をオカズに、\n　息を潜めて、ひとりでシコシコしちゃう、とか」%K%P
%LC陽菜
%LC陽菜
「なにその具体的なやつっ」%K%P
「なにその具体的なやつっ」%K%P
%LC梨理
%LC梨理
「具体的な方が想像しやすいし、\n　オカズにしたとき興奮しません？」%K%P
「具体的な方が想像しやすいし、\n　オカズにしたとき興奮しません？」%K%P
%LC陽菜
%LC陽菜
「オカズって……」%K%P
「オカズって……」%K%P
%LC梨理
%LC梨理
「初エッチのとき言いましたよね？\n　私、センセでオナニーしたことあるって」%K%P
「初エッチのとき言いましたよね？\n　私、センセでオナニーしたことあるって」%K%P
%LC梨理
%LC梨理
「正確に言うと、オカズにしたのは\n　陽菜センセじゃなくて、日向のほうですけど」%K%P
「正確に言うと、オカズにしたのは\n　陽菜センセじゃなくて、日向のほうですけど」%K%P
%LC陽菜
%LC陽菜
「ん……」%K%P
「ん……」%K%P
ぽろっと付け足された一言に、つい嬉しくなる。%K%P
ぽろっと付け足された一言に、つい嬉しくなる。%K%P
梨理ちゃんは、男のオレ――日向のことを、\nちゃんと意識した上で、陽菜と分けてくれている。%K%P
梨理ちゃんは、男のオレ――日向のことを、\nちゃんと意識した上で、陽菜と分けてくれている。%K%P
オレが日向でいるとき、口調などが変わるのも、\nそういう心理が働けばこそ、だろうし。%K%P
オレが日向でいるとき、口調などが変わるのも、\nそういう心理が働けばこそ、だろうし。%K%P
%LC陽菜
%LC陽菜
「ねぇ、もしいま私がウィッグをとったら、\n　梨理ちゃん、口調とか変わったりするの？」%K%P
「ねぇ、もしいま私がウィッグをとったら、\n　梨理ちゃん、口調とか変わったりするの？」%K%P
%LC梨理
%LC梨理
「それは……どうなんでしょう？\n　実際にそうなってみないと、なんとも」%K%P
「それは……どうなんでしょう？\n　実際にそうなってみないと、なんとも」%K%P
%LC梨理
%LC梨理
「ただ、いまウィッグだけ外すのは、\n　センセ的に困った事になると思いますけど」%K%P
「ただ、いまウィッグだけ外すのは、\n　センセ的に困った事になると思いますけど」%K%P
%LC陽菜
%LC陽菜
「困ったこと？」%K%P
「困ったこと？」%K%P
%LC梨理
%LC梨理
「だって、いまウィッグだけ外したら、\n　現れるのは銀蘭の制服を着た日向ですよ？」%K%P
「だって、いまウィッグだけ外したら、\n　現れるのは銀蘭の制服を着た日向ですよ？」%K%P
%LC梨理
%LC梨理
「女学園の制服を着て、女の子に命令されて、\n　自分からスカートをたくしあげてる男の子――」%K%P
「女学園の制服を着て、女の子に命令されて、\n　自分からスカートをたくしあげてる男の子――」%K%P
%LC梨理
%LC梨理
「それ、かなり攻めたシチュだと思いますけど」%K%P
「それ、かなり攻めたシチュだと思いますけど」%K%P
%LC陽菜
%LC陽菜
「あ……」%K%P
「あ……」%K%P
%LC梨理
%LC梨理
「にひひっ氈@よければ試してみます？\n　ウィッグを外して、日向になって」%K%P
「にひひっ氈@よければ試してみます？\n　ウィッグを外して、日向になって」%K%P
%LC梨理
%LC梨理
「私は構わない……というか、\n　ちょっと見てみたくもあるので」%K%P
「私は構わない……というか、\n　ちょっと見てみたくもあるので」%K%P
%LC梨理
%LC梨理
「でも、それでおち○ぽガチガチになったら、\n　センセ、いよいよ変態ですね？　……ふーっ氈v%K%P
「でも、それでおち○ぽガチガチになったら、\n　センセ、いよいよ変態ですね？　……ふーっ氈v%K%P
%LC陽菜
%LC陽菜
「やっ、んっ……もう、またっ……」%K%P
「やっ、んっ……もう、またっ……」%K%P
忘れた頃に再び吐息をかけられて、\n力が抜けて、膝から崩れかける。%K%P
忘れた頃に再び吐息をかけられて、\n力が抜けて、膝から崩れかける。%K%P
それでもどうにか踏ん張ると、\n腰が前に出たことで、ペニスがぐんっと反り返った。%K%P
それでもどうにか踏ん張ると、\n腰が前に出たことで、ペニスがぐんっと反り返った。%K%P
%LC梨理
%LC梨理
「やはっ氈@そうそう、これです、これ歃n　これが私の知ってるセンセのおち○ぽです氈v%K%P
「やはっ氈@そうそう、これです、これ歃n　これが私の知ってるセンセのおち○ぽです氈v%K%P
%LC梨理
%LC梨理
「けど、さわったり舐めたりしてないのに、\n　ここまでガチガチになっちゃうなんて……」%K%P
「けど、さわったり舐めたりしてないのに、\n　ここまでガチガチになっちゃうなんて……」%K%P
%LC梨理
%LC梨理
「センセってば、やっぱりえっちですね」%K%P
「センセってば、やっぱりえっちですね」%K%P
%LC陽菜
%LC陽菜
「あの、いま、舐めるって……」%K%P
「あの、いま、舐めるって……」%K%P
%LC梨理
%LC梨理
「ですよ？　今日はおち○ぽ研究デーなので。\n　舐めたりしゃぶったりもするつもりです」%K%P
「ですよ？　今日はおち○ぽ研究デーなので。\n　舐めたりしゃぶったりもするつもりです」%K%P
%LC梨理
%LC梨理
「ただ、私の口、あまり大きくないので。\n　これを頬張るのは大変そうですけど」%K%P
「ただ、私の口、あまり大きくないので。\n　これを頬張るのは大変そうですけど」%K%P
%LC陽菜
%LC陽菜
「頬張る……」%K%P
「頬張る……」%K%P
ペニスのすぐ側には、彼女の柔らかい唇。%K%P
ペニスのすぐ側には、彼女の柔らかい唇。%K%P
乳首をたっぷり舐められたオレは、\n彼女の舌がすごく器用に動くことを知っている。%K%P
乳首をたっぷり舐められたオレは、\n彼女の舌がすごく器用に動くことを知っている。%K%P
あの舌に全力で舐められたりなんかしたら、\nそれこそ、すぐに射精しちゃうかも――、%K%P
あの舌に全力で舐められたりなんかしたら、\nそれこそ、すぐに射精しちゃうかも――、%K%P
%LC梨理
%LC梨理
「……あっ、ビクってした」%K%P
「……あっ、ビクってした」%K%P
%LC陽菜
%LC陽菜
「っ……」%K%P
「っ……」%K%P
%LC梨理
%LC梨理
「にひひっ氈@勃起前も可愛くて好きですけど、\n　反応が分かりやすいって、やっぱいいですね」%K%P
「にひひっ氈@勃起前も可愛くて好きですけど、\n　反応が分かりやすいって、やっぱいいですね」%K%P
%LC梨理
%LC梨理
「でも、頬張るって言葉だけで反応するとか……。\n　センセ、想像とかしちゃったんです？」%K%P
「でも、頬張るって言葉だけで反応するとか……。\n　センセ、想像とかしちゃったんです？」%K%P
%LC陽菜
%LC陽菜
「そりゃ、この距離だしっ……」%K%P
「そりゃ、この距離だしっ……」%K%P
息をふーっとされなくても、\n竿の裏筋に、梨理ちゃんの鼻息を感じる。%K%P
息をふーっとされなくても、\n竿の裏筋に、梨理ちゃんの鼻息を感じる。%K%P
目と鼻の先でペニスを見つめる梨理ちゃんに、\nさっきから腰がひくひく震えっぱなしだ。%K%P
目と鼻の先でペニスを見つめる梨理ちゃんに、\nさっきから腰がひくひく震えっぱなしだ。%K%P
%LC梨理
%LC梨理
「なら、想像だけでイッてみます？」%K%P
「なら、想像だけでイッてみます？」%K%P
%LC陽菜
%LC陽菜
「……へ？」%K%P
「……へ？」%K%P
%LC梨理
%LC梨理
「おち○ぽを舐めたりしごいたりすれば、\n　それは当然、気持ちいいわけで」%K%P
「おち○ぽを舐めたりしごいたりすれば、\n　それは当然、気持ちいいわけで」%K%P
%LC梨理
%LC梨理
「だから、そういう接触なしで、\n　イケるかどうか、試してみません？」%K%P
「だから、そういう接触なしで、\n　イケるかどうか、試してみません？」%K%P
%LC陽菜
%LC陽菜
「なっ、なんで、そんなことっ……」%K%P
「なっ、なんで、そんなことっ……」%K%P
%LC梨理
%LC梨理
「もちろん、興味があるからです。\n　センセのおち○ぽの可能性に氈v%K%P
「もちろん、興味があるからです。\n　センセのおち○ぽの可能性に氈v%K%P
%LC梨理
%LC梨理
「ここは乙女の可能性を追求する、\n　乙女部の部室ですしっ……氈v%K%P
「ここは乙女の可能性を追求する、\n　乙女部の部室ですしっ……氈v%K%P
%LC陽菜
%LC陽菜
「乙女にち○ぽはついてないでしょっ」%K%P
「乙女にち○ぽはついてないでしょっ」%K%P
%LC梨理
%LC梨理
「あっ、おしっこの割れ目から、\n　ちょろっとおつゆが垂れてきました氈v%K%P
「あっ、おしっこの割れ目から、\n　ちょろっとおつゆが垂れてきました氈v%K%P
%LC陽菜
%LC陽菜
「えっ、うそ」%K%P
「えっ、うそ」%K%P
%LC梨理
%LC梨理
「ホントです。ほら、ここ。\n　先っぽの割れ目から、じわっと……」%K%P
「ホントです。ほら、ここ。\n　先っぽの割れ目から、じわっと……」%K%P
%LC陽菜
%LC陽菜
「あっ、ああっ……」%K%P
「あっ、ああっ……」%K%P
まるで梨理ちゃんの味方をするように、\nノータッチの亀頭からカウパーが垂れる。%K%P
まるで梨理ちゃんの味方をするように、\nノータッチの亀頭からカウパーが垂れる。%K%P
%LC梨理
%LC梨理
「これ、エロい……氈@とろっとしてるし、\n　おま○こから垂れる愛液と似てますね……氈v%K%P
「これ、エロい……氈@とろっとしてるし、\n　おま○こから垂れる愛液と似てますね……氈v%K%P
%LC梨理
%LC梨理
「そういえば、センセは知ってますよね？\n　汗かいたとき、風があたるとヒヤってするやつ」%K%P
「そういえば、センセは知ってますよね？\n　汗かいたとき、風があたるとヒヤってするやつ」%K%P
%LC陽菜
%LC陽菜
「それは知ってるけど――」%K%P
「それは知ってるけど――」%K%P
って、まさか。%K%P
って、まさか。%K%P
%LC梨理
%LC梨理
「にひひっ氈@ほらほら、ふーしますよ？\n　おち○ぽの先に、息、ふーしちゃいますよ？」%K%P
「にひひっ氈@ほらほら、ふーしますよ？\n　おち○ぽの先に、息、ふーしちゃいますよ？」%K%P
%LC梨理
%LC梨理
「さーん、にーい、いーち――」%K%P
「さーん、にーい、いーち――」%K%P
%LC梨理
%LC梨理
「ふぅー氈v%K%P
「ふぅー氈v%K%P
%LC陽菜
%LC陽菜
「いッ……！　はうっ、あっ、くぅッ」%K%P
「いッ……！　はうっ、あっ、くぅッ」%K%P
たっぷりと焦らして、亀頭を意識させてから、\n満を持して息を吹きかけられて。%K%P
たっぷりと焦らして、亀頭を意識させてから、\n満を持して息を吹きかけられて。%K%P
くるとわかっていたにも関わらず、\nその刺激と快感に、お尻の穴がきゅっとなった。%K%P
くるとわかっていたにも関わらず、\nその刺激と快感に、お尻の穴がきゅっとなった。%K%P
%LC陽菜
%LC陽菜
「はっ、はあっ……もう、ズルいってばっ」%K%P
「はっ、はあっ……もう、ズルいってばっ」%K%P
%LC梨理
%LC梨理
「刺激は与えてますけど、さわってはいないので。\n　ふーふーはセーフということでっ……氈v%K%P
「刺激は与えてますけど、さわってはいないので。\n　ふーふーはセーフということでっ……氈v%K%P
%LC梨理
%LC梨理
「センセの亀頭、ぷるぷるしてますよ？\n　あと、たまたまの袋も、ぷるぷるーって」%K%P
「センセの亀頭、ぷるぷるしてますよ？\n　あと、たまたまの袋も、ぷるぷるーって」%K%P
%LC陽菜
%LC陽菜
「んっ……」%K%P
「んっ……」%K%P
下着を脱いで晒しているから当然だけど、\n梨理ちゃんは陰嚢にまで言及してきた。%K%P
下着を脱いで晒しているから当然だけど、\n梨理ちゃんは陰嚢にまで言及してきた。%K%P
勃起したペニスはもちろん、玉袋まで見られて。%K%P
勃起したペニスはもちろん、玉袋まで見られて。%K%P
本当に、オレの股間は隅々まで丸見えで。%K%P
本当に、オレの股間は隅々まで丸見えで。%K%P
そんなオレの股間を見つめる梨理ちゃんの瞳は、\nクレーンゲームを楽しむときのように、\nキラキラと輝いて、すっごく夢中になっていて。%K%P
そんなオレの股間を見つめる梨理ちゃんの瞳は、\nクレーンゲームを楽しむときのように、\nキラキラと輝いて、すっごく夢中になっていて。%K%P
%LC梨理
%LC梨理
「センセ、出そうになったらいつでもどうぞ？\n　我慢も遠慮もしなくていいので」%K%P
「センセ、出そうになったらいつでもどうぞ？\n　我慢も遠慮もしなくていいので」%K%P
%LC梨理
%LC梨理
「このまま私の顔に、どぴゅっと……ね？\n　出せるものなら、出しちゃってください氈v%K%P
「このまま私の顔に、どぴゅっと……ね？\n　出せるものなら、出しちゃってください氈v%K%P
%LC陽菜
%LC陽菜
「ぐッ……」%K%P
「ぐッ……」%K%P
わかりやすい挑発に、ペニスが跳ねる。%K%P
わかりやすい挑発に、ペニスが跳ねる。%K%P
もしいま手を使っていいのなら、\n一瞬で射精できる自信がある。%K%P
もしいま手を使っていいのなら、\n一瞬で射精できる自信がある。%K%P
けど、それは出来ない。したくない。%K%P
けど、それは出来ない。したくない。%K%P
ここまで言われて手コキでフィニッシュなんて、\nそんなの、試合にも勝負にも負けるってやつだ。%K%P
ここまで言われて手コキでフィニッシュなんて、\nそんなの、試合にも勝負にも負けるってやつだ。%K%P
だから、このまま、なんとしても――、%K%P
だから、このまま、なんとしても――、%K%P
%LC梨理
%LC梨理
「あっ、ああっ……すごい……。\n　おち○ぽ、さらに反り返った……氈v%K%P
「あっ、ああっ……すごい……。\n　おち○ぽ、さらに反り返った……氈v%K%P
%LC梨理
%LC梨理
「んっ、はぁ……うわ、裏側、丸見え……。\n　えっちなスジ、こんなにはっきり……んんッ」%K%P
「んっ、はぁ……うわ、裏側、丸見え……。\n　えっちなスジ、こんなにはっきり……んんッ」%K%P
%LC陽菜
%LC陽菜
「梨理ちゃん、いま、咽が鳴ったよ？\n　ホントは今すぐ舐めたいんじゃないの？」%K%P
「梨理ちゃん、いま、咽が鳴ったよ？\n　ホントは今すぐ舐めたいんじゃないの？」%K%P
%LC梨理
%LC梨理
「ぐっ……そっ、そんなことないですし。\n　舐めてもらいたいのはセンセのほうでしょ？」%K%P
「ぐっ……そっ、そんなことないですし。\n　舐めてもらいたいのはセンセのほうでしょ？」%K%P
%LC陽菜
%LC陽菜
「うん。ホントはいますぐ舐めてほしいし、\n　なんなら、梨理ちゃんの口にねじこみたい」%K%P
「うん。ホントはいますぐ舐めてほしいし、\n　なんなら、梨理ちゃんの口にねじこみたい」%K%P
%LC梨理
%LC梨理
「なっ……な、ななっ……」%K%P
「なっ……な、ななっ……」%K%P
%LC陽菜
%LC陽菜
「んっ……でも、だからこそっ……」%K%P
「んっ……でも、だからこそっ……」%K%P
いまオレが出来るのは、おしっこを我慢するように、\n竿の根元にぐぐっと力を入れることぐらい。%K%P
いまオレが出来るのは、おしっこを我慢するように、\n竿の根元にぐぐっと力を入れることぐらい。%K%P
尿意が暴発すれば失禁になるわけだし、\nなら、射精だって、やってやれないことはないはず。%K%P
尿意が暴発すれば失禁になるわけだし、\nなら、射精だって、やってやれないことはないはず。%K%P
射精したい気持ちがあって、\n玉袋には精子がたっぷり溜まってて。%K%P
射精したい気持ちがあって、\n玉袋には精子がたっぷり溜まってて。%K%P
なら、それを、どうにかっ……！%K%P
なら、それを、どうにかっ……！%K%P
%LC梨理
%LC梨理
「んっ……もう、センセ、ズルい……歃n　いきなり、ドキッとすること、言って……」%K%P
「んっ……もう、センセ、ズルい……歃n　いきなり、ドキッとすること、言って……」%K%P
%LC梨理
%LC梨理
「口にねじこむ、とか……はぁ、はぁ、\n　そんなこと言われたら、想像しちゃうのにっ……」%K%P
「口にねじこむ、とか……はぁ、はぁ、\n　そんなこと言われたら、想像しちゃうのにっ……」%K%P
さっきまで余裕のあった梨理ちゃんが、\nもじもじと身体を揺らし、吐息を漏らす。%K%P
さっきまで余裕のあった梨理ちゃんが、\nもじもじと身体を揺らし、吐息を漏らす。%K%P
その息はとっても熱くて、濡れた亀頭にかかると、\n背筋がぞくっとするほど強い快感が発生した。%K%P
その息はとっても熱くて、濡れた亀頭にかかると、\n背筋がぞくっとするほど強い快感が発生した。%K%P
%LC陽菜
%LC陽菜
「んっ……これ、ならっ……」%K%P
「んっ……これ、ならっ……」%K%P
彼女の口にペニスをねじこむ所を思い描く。%K%P
彼女の口にペニスをねじこむ所を思い描く。%K%P
梨理ちゃんがそれを想像するっていうなら、\nオレも同じ事を考えて、ひとつになればいい。%K%P
梨理ちゃんがそれを想像するっていうなら、\nオレも同じ事を考えて、ひとつになればいい。%K%P
想像の中でひとつになって、そのまま、\n彼女の口内に、注ぎ込むイメージでっ……！%K%P
想像の中でひとつになって、そのまま、\n彼女の口内に、注ぎ込むイメージでっ……！%K%P
%LC陽菜
%LC陽菜
「ぐっ、はっ……んっ、これ、イケそっ、\n　はあっ、もう、ちょっとっ……！」%K%P
「ぐっ、はっ……んっ、これ、イケそっ、\n　はあっ、もう、ちょっとっ……！」%K%P
%LC梨理
%LC梨理
「あ、ああっ、すごいっ……おち○ぽ、\n　びくびくって……あっ、あっ、ああっ……氈v%K%P
「あ、ああっ、すごいっ……おち○ぽ、\n　びくびくって……あっ、あっ、ああっ……氈v%K%P
食い入るように股間を見つめる梨理ちゃんの瞳に、\n激しく反り返ったペニスが映り込む。%K%P
食い入るように股間を見つめる梨理ちゃんの瞳に、\n激しく反り返ったペニスが映り込む。%K%P
その顔にぶっかけたら絶対に気持ちいいって、\nそう思った瞬間、頭の中で、何かがハマって――、%K%P
その顔にぶっかけたら絶対に気持ちいいって、\nそう思った瞬間、頭の中で、何かがハマって――、%K%P
%LC陽菜
%LC陽菜
「あっ、はっ……いぐっ、ぐっ、あああっ……！」%K%P
「あっ、はっ……いぐっ、ぐっ、あああっ……！」%K%P
%LC梨理
%LC梨理
「ふやうっ？！　やっ、ホントにっ……あんっ、\n　どびゅどびゅっ……くっ、はっ、ああっ氈v%K%P
「ふやうっ？！　やっ、ホントにっ……あんっ、\n　どびゅどびゅっ……くっ、はっ、ああっ氈v%K%P
%LC梨理
%LC梨理
「センセ、すごっ……んっ、はあっ、やあっ、\n　顔いっぱい、せーし……ふはっ、んああっ氈v%K%P
「センセ、すごっ……んっ、はあっ、やあっ、\n　顔いっぱい、せーし……ふはっ、んああっ氈v%K%P
ロケットみたいに上を向いたペニスから、\n大量の精子が、花火のように飛び散る。%K%P
ロケットみたいに上を向いたペニスから、\n大量の精子が、花火のように飛び散る。%K%P
射精の引き金を引いた、彼女にぶっかけたいという\n熱いリビドーが、目の前で現実のものとなって。%K%P
射精の引き金を引いた、彼女にぶっかけたいという\n熱いリビドーが、目の前で現実のものとなって。%K%P
それを見た瞬間、ペニスはさらに大きく、\n勝利のポーズをとるように、ぶるんっと跳ねた。%K%P
それを見た瞬間、ペニスはさらに大きく、\n勝利のポーズをとるように、ぶるんっと跳ねた。%K%P
%LC陽菜
%LC陽菜
「はぁ、はぁ……でき、ちゃった……」%K%P
「はぁ、はぁ……でき、ちゃった……」%K%P
やってやったという達成感以上に、\nホントにやれちゃったという驚きの方が大きい。%K%P
やってやったという達成感以上に、\nホントにやれちゃったという驚きの方が大きい。%K%P
そしてそれは、梨理ちゃんも同じようで。%K%P
そしてそれは、梨理ちゃんも同じようで。%K%P
%LC梨理
%LC梨理
「あぁ、あぁぁぁ……氈@センセ、すごい……歃n　ほんとにやっちゃうなんて……」%K%P
「あぁ、あぁぁぁ……氈@センセ、すごい……歃n　ほんとにやっちゃうなんて……」%K%P
%LC梨理
%LC梨理
「ふぅ、はぁ、はぁ……氈@じゃあ次は、\n　さっき言ってたとおり、私の口で――」%K%P
「ふぅ、はぁ、はぁ……氈@じゃあ次は、\n　さっき言ってたとおり、私の口で――」%K%P
%LC陽菜
%LC陽菜
「んっ……だーめ、おあずけっ」%K%P
「んっ……だーめ、おあずけっ」%K%P
梨理ちゃんが身を乗り出してきたので、\n素早く腰を引いて、それを避ける。%K%P
梨理ちゃんが身を乗り出してきたので、\n素早く腰を引いて、それを避ける。%K%P
%LC梨理
%LC梨理
「なっ……センセっ、なんで逃げるんですかっ」%K%P
「なっ……センセっ、なんで逃げるんですかっ」%K%P
%LC陽菜
%LC陽菜
「スカートをめくって見せて、とは言われたけど。\n　ち○ぽをしゃぶらせて、とは言われてないし」%K%P
「スカートをめくって見せて、とは言われたけど。\n　ち○ぽをしゃぶらせて、とは言われてないし」%K%P
%LC梨理
%LC梨理
「そんなっ……センセだってさっき、\n　私の口におち○ぽねじこみたいって――」%K%P
「そんなっ……センセだってさっき、\n　私の口におち○ぽねじこみたいって――」%K%P
%LC陽菜
%LC陽菜
「言ったけど。でも、それを我慢して、\n　ちゃんとさわらずにイッてみせたでしょ？」%K%P
「言ったけど。でも、それを我慢して、\n　ちゃんとさわらずにイッてみせたでしょ？」%K%P
%LC陽菜
%LC陽菜
「こっちがお願いを聞いて守った以上、\n　梨理ちゃんも、欲しいならお願いしないと」%K%P
「こっちがお願いを聞いて守った以上、\n　梨理ちゃんも、欲しいならお願いしないと」%K%P
%LC梨理
%LC梨理
「むぅー……。それでさっき、\n　舐めたいんじゃない？　なんて聞いたわけですか」%K%P
「むぅー……。それでさっき、\n　舐めたいんじゃない？　なんて聞いたわけですか」%K%P
%LC陽菜
%LC陽菜
「やられっぱなしっていうのも悔しいし。\n　それで？　どうするの？　梨理ちゃん」%K%P
「やられっぱなしっていうのも悔しいし。\n　それで？　どうするの？　梨理ちゃん」%K%P
%LC梨理
%LC梨理
「……わかりました。センセがその気なら、\n　私にだって奥の手がありますし」%K%P
「……わかりました。センセがその気なら、\n　私にだって奥の手がありますし」%K%P
%LC陽菜
%LC陽菜
「奥の手？」%K%P
「奥の手？」%K%P
思いがけない言葉にきょとんとしていると、\n梨理ちゃんはオレから視線を外し、目を伏せて。%K%P
思いがけない言葉にきょとんとしていると、\n梨理ちゃんはオレから視線を外し、目を伏せて。%K%P
%LC梨理
%LC梨理
「すぅ、はぁ……ん、よし」%K%P
「すぅ、はぁ……ん、よし」%K%P
%LC梨理
%LC梨理
「男のクセにこんな格好でち○ぽ見せつけるとか、\n　ほんっと日向ってば変態なんだから」%K%P
「男のクセにこんな格好でち○ぽ見せつけるとか、\n　ほんっと日向ってば変態なんだから」%K%P
%LC梨理
%LC梨理
「欲しいならお願いしないと、とか言って。\n　ホントは日向がしゃぶって欲しいんでしょ？」%K%P
「欲しいならお願いしないと、とか言って。\n　ホントは日向がしゃぶって欲しいんでしょ？」%K%P
%LC陽菜
%LC陽菜
「あ……」%K%P
「あ……」%K%P
梨理ちゃんの雰囲気と口調が変わって、\n驚きだけでなく、嬉しさも込み上げてしまう。%K%P
梨理ちゃんの雰囲気と口調が変わって、\n驚きだけでなく、嬉しさも込み上げてしまう。%K%P
%LC陽菜
%LC陽菜
「梨理ちゃん、それ――」%K%P
「梨理ちゃん、それ――」%K%P
%LC梨理
%LC梨理
「にひひっ、そだよ？　これで話すのって、\n　お風呂でエッチしたとき以来な感じでしょ？」%K%P
「にひひっ、そだよ？　これで話すのって、\n　お風呂でエッチしたとき以来な感じでしょ？」%K%P
%LC梨理
%LC梨理
「日向さっき、こっちで話して欲しそうだったし。\n　で、物は試しって感じでやってみたんだけど――」%K%P
「日向さっき、こっちで話して欲しそうだったし。\n　で、物は試しって感じでやってみたんだけど――」%K%P
%LC梨理
%LC梨理
「どう？　こんな感じ？　これで満足？」%K%P
「どう？　こんな感じ？　これで満足？」%K%P
%LC陽菜
%LC陽菜
「すごい……。ほんとに梨理ちゃんだ」%K%P
「すごい……。ほんとに梨理ちゃんだ」%K%P
%LC梨理
%LC梨理
「なっ……もー、なに当然なこと言ってんの？\n　口調がちょっと変わっただけしょ？」%K%P
「なっ……もー、なに当然なこと言ってんの？\n　口調がちょっと変わっただけしょ？」%K%P
%LC梨理
%LC梨理
「私に言わせれば、女装してる日向のほうが、\n　よっぽどキャラ使い分けてるんですけど？」%K%P
「私に言わせれば、女装してる日向のほうが、\n　よっぽどキャラ使い分けてるんですけど？」%K%P
%LC陽菜
%LC陽菜
「それを言われると……」%K%P
「それを言われると……」%K%P
%LC梨理
%LC梨理
「にひひっ氈@でしょ？　これぐらい、\n　日向にくらべれば全然だし」%K%P
「にひひっ氈@でしょ？　これぐらい、\n　日向にくらべれば全然だし」%K%P
%LC梨理
%LC梨理
「それより……ねぇ？　イジワルしないで、\n　はやく日向のち○ぽちょうだい？」%K%P
「それより……ねぇ？　イジワルしないで、\n　はやく日向のち○ぽちょうだい？」%K%P
%LC梨理
%LC梨理
「こんなに濃いのぶっかけられて……私、\n　めっちゃエロい気分になってるんだよ？」%K%P
「こんなに濃いのぶっかけられて……私、\n　めっちゃエロい気分になってるんだよ？」%K%P
%LC梨理
%LC梨理
「女の子をエロい気分にさせたんだから。\n　男の子として、責任、とるべきでしょ？」%K%P
「女の子をエロい気分にさせたんだから。\n　男の子として、責任、とるべきでしょ？」%K%P
%LC陽菜
%LC陽菜
「んっ……」%K%P
「んっ……」%K%P
梨理ちゃんの言葉に、心が躍る。%K%P
梨理ちゃんの言葉に、心が躍る。%K%P
言葉の端々でオレを男扱いしてくるあたりが、\n心憎くて、悔しくて……でも、嬉しい。%K%P
言葉の端々でオレを男扱いしてくるあたりが、\n心憎くて、悔しくて……でも、嬉しい。%K%P
%LC陽菜
%LC陽菜
「なら……梨理ちゃんの好きなだけ、\n　オレのち○ぽ、しゃぶっていいよ」%K%P
「なら……梨理ちゃんの好きなだけ、\n　オレのち○ぽ、しゃぶっていいよ」%K%P
梨理ちゃんにあわせて一人称を変えると、\nオレのほうも、ぐっと男の気持ちが前面に出る。%K%P
梨理ちゃんにあわせて一人称を変えると、\nオレのほうも、ぐっと男の気持ちが前面に出る。%K%P
ウィッグもつけてるし、制服も着てるけど、\nそこはそれ、今は考えないようにして――、%K%P
ウィッグもつけてるし、制服も着てるけど、\nそこはそれ、今は考えないようにして――、%K%P
%LC梨理
%LC梨理
「れーろっ氈v%K%P
「れーろっ氈v%K%P
%LC陽菜
%LC陽菜
「くあっ氈v%K%P
「くあっ氈v%K%P
いきなり裏筋を舐め上げられて、\nしゃっくりをするように全身が跳ねた。%K%P
いきなり裏筋を舐め上げられて、\nしゃっくりをするように全身が跳ねた。%K%P
なっ、なに、いまの……っ？\n舌ってこんなに気持ちいいのっ……？！%K%P
なっ、なに、いまの……っ？\n舌ってこんなに気持ちいいのっ……？！%K%P
%LC梨理
%LC梨理
「にひひっ氈@頬張る前に綺麗にしたげる氈@\n　ほらほら、もっとち○ぽ前にだすのっ」%K%P
「にひひっ氈@頬張る前に綺麗にしたげる氈@\n　ほらほら、もっとち○ぽ前にだすのっ」%K%P
%LC陽菜
%LC陽菜
「うっ、うんっ」%K%P
「うっ、うんっ」%K%P
%LC梨理
%LC梨理
「そうそう氈@日向もち○ぽも素直が一番っ歃n　ちゅっ、れろっ、れーるっ氈v%K%P
「そうそう氈@日向もち○ぽも素直が一番っ歃n　ちゅっ、れろっ、れーるっ氈v%K%P
%LC陽菜
%LC陽菜
「くッ……あっ、はあっ」%K%P
「くッ……あっ、はあっ」%K%P
%LC梨理
%LC梨理
「んむっ、ちゅっ……れろれろ、あむ、んむっ。\n　ちゅぷ……れーる、ちゅぷっ、ちゅぷるるッ氈v%K%P
「んむっ、ちゅっ……れろれろ、あむ、んむっ。\n　ちゅぷ……れーる、ちゅぷっ、ちゅぷるるッ氈v%K%P
%LC梨理
%LC梨理
「んぐっ……もう、日向の精子、ヤバすぎ……。\n　濃すぎて、ぜんぜん飲み込めないっ……氈v%K%P
「んぐっ……もう、日向の精子、ヤバすぎ……。\n　濃すぎて、ぜんぜん飲み込めないっ……氈v%K%P
%LC梨理
%LC梨理
「咽に、ひっかかって……んぐ、けふっ。\n　んっ……でもこれ、おいひーかもっ……氈v%K%P
「咽に、ひっかかって……んぐ、けふっ。\n　んっ……でもこれ、おいひーかもっ……氈v%K%P
アイスキャンディーでも食べるように、\n梨理ちゃんがペニスを丹念に舐めていく。%K%P
アイスキャンディーでも食べるように、\n梨理ちゃんがペニスを丹念に舐めていく。%K%P
這い回る舌はもちろん、さらに気持ちいいのが、\nついばむようにキスを繰り返す唇だった。%K%P
這い回る舌はもちろん、さらに気持ちいいのが、\nついばむようにキスを繰り返す唇だった。%K%P
%LC陽菜
%LC陽菜
「梨理ちゃん、それ、もっとっ……」%K%P
「梨理ちゃん、それ、もっとっ……」%K%P
%LC梨理
%LC梨理
「にひひっ、いいよ？\n　素直な日向には、ごほーびあげちゃうっ氈v%K%P
「にひひっ、いいよ？\n　素直な日向には、ごほーびあげちゃうっ氈v%K%P
%LC梨理
%LC梨理
「ちゅっ、ちゅっ……ちゅむ、ぢゅぷぷっ歃n　ちゅぷちゅぷ、ぢゅる、ぢゅるるぅぅむむっ氈v%K%P
「ちゅっ、ちゅっ……ちゅむ、ぢゅぷぷっ歃n　ちゅぷちゅぷ、ぢゅる、ぢゅるるぅぅむむっ氈v%K%P
%LC陽菜
%LC陽菜
「んぐっ……はあっ、気持ちいいっ……」%K%P
「んぐっ……はあっ、気持ちいいっ……」%K%P
拗ねるときによく尖らせる唇が、\n亀頭やカリ首に、キスの雨を降らせていく。%K%P
拗ねるときによく尖らせる唇が、\n亀頭やカリ首に、キスの雨を降らせていく。%K%P
精子を吸い上げようと頑張る音と吸引力が\nとくに心地よくて、腰がとろけそうだ。%K%P
精子を吸い上げようと頑張る音と吸引力が\nとくに心地よくて、腰がとろけそうだ。%K%P
%LC梨理
%LC梨理
「れろっ、ちゅっ……ん、よしっ歃n　だいぶ綺麗になったし、あとはこれを――」%K%P
「れろっ、ちゅっ……ん、よしっ歃n　だいぶ綺麗になったし、あとはこれを――」%K%P
%LC梨理
%LC梨理
「あーむぅぅ氈@んもっ、んんっ、んむぅ」%K%P
「あーむぅぅ氈@んもっ、んんっ、んむぅ」%K%P
%LC陽菜
%LC陽菜
「うあっ、ぐっ、ああっ……？！」%K%P
「うあっ、ぐっ、ああっ……？！」%K%P
%LC梨理
%LC梨理
「んっむ、んむむっ氈@んむんむ、んーまっ氈v%K%P
「んっむ、んむむっ氈@んむんむ、んーまっ氈v%K%P
%LC梨理
%LC梨理
「んふぅー氈@どーお、ひなたっ？\n　おのぞみどーり、ねじこんだ、かんそーは？」%K%P
「んふぅー氈@どーお、ひなたっ？\n　おのぞみどーり、ねじこんだ、かんそーは？」%K%P
%LC陽菜
%LC陽菜
「んうっ、はあっ……やばい、これっ……。\n　ち○ぽと頭、両方、ヘンにっ……くうッ」%K%P
「んうっ、はあっ……やばい、これっ……。\n　ち○ぽと頭、両方、ヘンにっ……くうッ」%K%P
いきなり頬張られて、脳裏に過った感想は、\nこんなの無理ってことだった。%K%P
いきなり頬張られて、脳裏に過った感想は、\nこんなの無理ってことだった。%K%P
気持ちよすぎて、すぐにイキたくなって、\nでも勿体ないから我慢しようとするけど、\nそんなの絶対無理だっていう無限ループ。%K%P
気持ちよすぎて、すぐにイキたくなって、\nでも勿体ないから我慢しようとするけど、\nそんなの絶対無理だっていう無限ループ。%K%P
ほんの一瞬でそんなループが完成して、\nあとはもう、そこから抜け出せない。%K%P
ほんの一瞬でそんなループが完成して、\nあとはもう、そこから抜け出せない。%K%P
%LC梨理
%LC梨理
「んふっ、んふふっ氈@そっかそっか、\n　そんなにいーなら、いっぱいしたげるっ氈v%K%P
「んふっ、んふふっ氈@そっかそっか、\n　そんなにいーなら、いっぱいしたげるっ氈v%K%P
%LC梨理
%LC梨理
「んーむ、んもっ、んむむっ……ぢゅるるっ、\n　ふはっ、はあっ……れろろ、ぢゅぷぷっ氈v%K%P
「んーむ、んもっ、んむむっ……ぢゅるるっ、\n　ふはっ、はあっ……れろろ、ぢゅぷぷっ氈v%K%P
%LC梨理
%LC梨理
「あふっ、はあっ……ん、これ、こっちも、\n　やばひ……よだれ、たれまくりゅ……んぷっ」%K%P
「あふっ、はあっ……ん、これ、こっちも、\n　やばひ……よだれ、たれまくりゅ……んぷっ」%K%P
%LC梨理
%LC梨理
「んでも、もっと、おくに……んぐっ、\n　ふっむぅ……れろろ、れむっ……んうぅ氈v%K%P
「んでも、もっと、おくに……んぐっ、\n　ふっむぅ……れろろ、れむっ……んうぅ氈v%K%P
%LC梨理
%LC梨理
「んっ……ち○ぽ、ひゅごひっ氈@ぷはっ、\n　はぁっ、あむっ……んぐぐ、んむぅっ」%K%P
「んっ……ち○ぽ、ひゅごひっ氈@ぷはっ、\n　はぁっ、あむっ……んぐぐ、んむぅっ」%K%P
自ら小さいと言っていた梨理ちゃんの口内は、\nオレのち○ぽを頬張ると、本当にぱんぱんで。%K%P
自ら小さいと言っていた梨理ちゃんの口内は、\nオレのち○ぽを頬張ると、本当にぱんぱんで。%K%P
ほっぺたがぽこっと膨らんでいるところとか、\n可愛さと同時に、健気さも満載で。%K%P
ほっぺたがぽこっと膨らんでいるところとか、\n可愛さと同時に、健気さも満載で。%K%P
たぶん苦しいはずなのに、オレと目が合うと、\n余裕ですけど？　って感じで、目で笑ってきて。%K%P
たぶん苦しいはずなのに、オレと目が合うと、\n余裕ですけど？　って感じで、目で笑ってきて。%K%P
%LC陽菜
%LC陽菜
「はあっ、はあっ……梨理ちゃん、\n　イッていい？　出して、いいっ？」%K%P
「はあっ、はあっ……梨理ちゃん、\n　イッていい？　出して、いいっ？」%K%P
%LC陽菜
%LC陽菜
「ホントは、まだ、イキたくないんだけど、\n　でも、これ、我慢できそうに、なくてっ……」%K%P
「ホントは、まだ、イキたくないんだけど、\n　でも、これ、我慢できそうに、なくてっ……」%K%P
%LC梨理
%LC梨理
「んっ氈@もちろんいーよ、だひてもっ歃n　すきなだけ、だひていいって、いったでしょ？」%K%P
「んっ氈@もちろんいーよ、だひてもっ歃n　すきなだけ、だひていいって、いったでしょ？」%K%P
%LC梨理
%LC梨理
「ひなたがきもちいーの、うれしいしっ歃n　のどの、おくに、びゅびゅって……んっぐ氈v%K%P
「ひなたがきもちいーの、うれしいしっ歃n　のどの、おくに、びゅびゅって……んっぐ氈v%K%P
%LC陽菜
%LC陽菜
「あっ、だめ、ごくってしちゃっ……！？」%K%P
「あっ、だめ、ごくってしちゃっ……！？」%K%P
あふれそうな唾液を嚥下する咽の動きが、\n亀頭を撫でつけ、そのまま包み込む。%K%P
あふれそうな唾液を嚥下する咽の動きが、\n亀頭を撫でつけ、そのまま包み込む。%K%P
咄嗟に堪えようとしたけど、でも、だめで。%K%P
咄嗟に堪えようとしたけど、でも、だめで。%K%P
%LC陽菜
%LC陽菜
「ああっ、出るっ、でちゃっ……あああぁっ！」%K%P
「ああっ、出るっ、でちゃっ……あああぁっ！」%K%P
%LC梨理
%LC梨理
「んむッ、んむむぅっ氈@んむっ……ふはっ、\n　んぷっ、んんぅ……んっぐ、んぐぐうぅっ氈v%K%P
「んむッ、んむむぅっ氈@んむっ……ふはっ、\n　んぷっ、んんぅ……んっぐ、んぐぐうぅっ氈v%K%P
%LC陽菜
%LC陽菜
「あっ……あぁ、あぁぁ……」%K%P
「あっ……あぁ、あぁぁ……」%K%P
梨理ちゃんが精子を飲むたび、\nその振動が亀頭に響く。%K%P
梨理ちゃんが精子を飲むたび、\nその振動が亀頭に響く。%K%P
奥まで突き入れたペニスは、きっと、\n彼女の咽にあたる部分まで侵入していて。%K%P
奥まで突き入れたペニスは、きっと、\n彼女の咽にあたる部分まで侵入していて。%K%P
それを梨理ちゃんは、物怖じせず、\nむしろ楽しげに、ごくごくと――、%K%P
それを梨理ちゃんは、物怖じせず、\nむしろ楽しげに、ごくごくと――、%K%P
%LC梨理
%LC梨理
「んぐっ……んぐっ、んぐぐっ……けふっ、\n　はふっ……んむむむっ、んむっ……氈v%K%P
「んぐっ……んぐっ、んぐぐっ……けふっ、\n　はふっ……んむむむっ、んむっ……氈v%K%P
%LC梨理
%LC梨理
「ぐっ……くっ……ごくっ、ごっくんっ氈v%K%P
「ぐっ……くっ……ごくっ、ごっくんっ氈v%K%P
何回にも分けて、咽が鳴る。%K%P
何回にも分けて、咽が鳴る。%K%P
それは、既に飲み干した精子を、\n唾液でさらに奥へと流し込む音だった。%K%P
それは、既に飲み干した精子を、\n唾液でさらに奥へと流し込む音だった。%K%P
%LC陽菜
%LC陽菜
「はぁ、あぁ……梨理ちゃん、すごい……」%K%P
「はぁ、あぁ……梨理ちゃん、すごい……」%K%P
しゃぶられてからイクまで、たぶん数分。%K%P
しゃぶられてからイクまで、たぶん数分。%K%P
オレのこと、えっちえっち、なんて言ってくるけど、\n実際のポテンシャルは、彼女の方がはるかに上で。%K%P
オレのこと、えっちえっち、なんて言ってくるけど、\n実際のポテンシャルは、彼女の方がはるかに上で。%K%P
数日我慢してて充電たっぷりだったとはいえ、\n立て続けに２回も射精しちゃうなんて……。%K%P
数日我慢してて充電たっぷりだったとはいえ、\n立て続けに２回も射精しちゃうなんて……。%K%P
%LC梨理
%LC梨理
「んむぅ……れろ、ちゅっ……にひひ、\n　わたし、そんなに、すごかった……？」%K%P
「んむぅ……れろ、ちゅっ……にひひ、\n　わたし、そんなに、すごかった……？」%K%P
%LC陽菜
%LC陽菜
「んっ、すごすぎ……。梨理ちゃんの口、\n　まるで、おま○こみたいで……」%K%P
「んっ、すごすぎ……。梨理ちゃんの口、\n　まるで、おま○こみたいで……」%K%P
%LC梨理
%LC梨理
「んぅ氈@なら、こんどはほんとのおま○こで、\n　もっともぉっと、きもちよくしてあげるぅ氈v%K%P
「んぅ氈@なら、こんどはほんとのおま○こで、\n　もっともぉっと、きもちよくしてあげるぅ氈v%K%P
%LC陽菜
%LC陽菜
「んいッ……！？」%K%P
「んいッ……！？」%K%P
イッたばかりのペニスを頬張ったまま喋られて、\n腰が震えて、足がピンッとなる。%K%P
イッたばかりのペニスを頬張ったまま喋られて、\n腰が震えて、足がピンッとなる。%K%P
そんなオレのペニスを頬張ったまま、\n梨理ちゃんは自らの制服に手をかけた、けど。%K%P
そんなオレのペニスを頬張ったまま、\n梨理ちゃんは自らの制服に手をかけた、けど。%K%P
%LC梨理
%LC梨理
「んっ、やめっ……！\n　ぜんぶ脱ぐの、まどろっこしいっ」%K%P
「んっ、やめっ……！\n　ぜんぶ脱ぐの、まどろっこしいっ」%K%P
そう言うなり、おもむろにごろんと寝転がった。%K%P
そう言うなり、おもむろにごろんと寝転がった。%K%P
%LC梨理
%LC梨理
「にひひっ……氈@ほぅら、日向ぁ？\n　梨理ちゃんのおま○こはこっちだよぉー？」%K%P
「にひひっ……氈@ほぅら、日向ぁ？\n　梨理ちゃんのおま○こはこっちだよぉー？」%K%P
嬉しそうに顔の前でピースした彼女は、\nもう片方の手の指を、自らの膣口に添える。%K%P
嬉しそうに顔の前でピースした彼女は、\nもう片方の手の指を、自らの膣口に添える。%K%P
まさに、くぱぁ５秒前――このまま梨理ちゃんが\n指を広げれば、ぜんぶ、丸見えに――、%K%P
まさに、くぱぁ５秒前――このまま梨理ちゃんが\n指を広げれば、ぜんぶ、丸見えに――、%K%P
%LC梨理
%LC梨理
「日向、おま○こ見たい？　ピースしてほしい？」%K%P
「日向、おま○こ見たい？　ピースしてほしい？」%K%P
%LC陽菜
%LC陽菜
「うっ、うん」%K%P
「うっ、うん」%K%P
%LC梨理
%LC梨理
「なら、お願いして？　見せてくださいって。\n　そしたら、ぜーんぶ見せてあげる氈v%K%P
「なら、お願いして？　見せてくださいって。\n　そしたら、ぜーんぶ見せてあげる氈v%K%P
%LC陽菜
%LC陽菜
「見せてくださいお願いしますっ」%K%P
「見せてくださいお願いしますっ」%K%P
%LC梨理
%LC梨理
「うっわ、決断はやっ氈@にひひっ、\n　日向ってばそんなにおま○こ見たいんだ？」%K%P
「うっわ、決断はやっ氈@にひひっ、\n　日向ってばそんなにおま○こ見たいんだ？」%K%P
%LC陽菜
%LC陽菜
「見たいに決まってるでしょ。っていうか、\n　こっちはさっき、さんざん見られたんだからっ」%K%P
「見たいに決まってるでしょ。っていうか、\n　こっちはさっき、さんざん見られたんだからっ」%K%P
%LC梨理
%LC梨理
「あはっ、だよね。いいよ、見せたげる。\n　よーく見ててね？　いっくよー？」%K%P
「あはっ、だよね。いいよ、見せたげる。\n　よーく見ててね？　いっくよー？」%K%P
%LC梨理
%LC梨理
「さーん、にーい、いーちっ……」%K%P
「さーん、にーい、いーちっ……」%K%P
%LC梨理
%LC梨理
「はぁいっ、くぱぁ滲滲氈v%K%P
「はぁいっ、くぱぁ滲滲氈v%K%P
写真撮影でポーズを決めるようなノリで、\n梨理ちゃんの指が左右に開いていく。%K%P
写真撮影でポーズを決めるようなノリで、\n梨理ちゃんの指が左右に開いていく。%K%P
顔の横で可愛く決めてるピースと、\n膣口を拡げているピースと。%K%P
顔の横で可愛く決めてるピースと、\n膣口を拡げているピースと。%K%P
えっちすぎるダブルピースに、\nオレの股間も視線も、すっかり釘付けで。%K%P
えっちすぎるダブルピースに、\nオレの股間も視線も、すっかり釘付けで。%K%P
%LC梨理
%LC梨理
「うっわっ氈@日向の目、やっばい……歃n　エロすぎて見られるだけで妊娠しそうっ氈v%K%P
「うっわっ氈@日向の目、やっばい……歃n　エロすぎて見られるだけで妊娠しそうっ氈v%K%P
%LC陽菜
%LC陽菜
「妊娠って……もう、梨理ちゃんっ。\n　さすがに言い方が――」%K%P
「妊娠って……もう、梨理ちゃんっ。\n　さすがに言い方が――」%K%P
%LC梨理
%LC梨理
「いいでしょ？　このぐらい。\n　エッチって、ようは子作りなんだし」%K%P
「いいでしょ？　このぐらい。\n　エッチって、ようは子作りなんだし」%K%P
%LC梨理
%LC梨理
「日向が本当に男の子で、ち○ぽが本物なら、\n　私を孕ませることだって出来るんだし」%K%P
「日向が本当に男の子で、ち○ぽが本物なら、\n　私を孕ませることだって出来るんだし」%K%P
%LC梨理
%LC梨理
「それとも……日向のち○ぽは、私を孕ませることも\n　できないぐらい、よわよわ雑魚ち○ぽなわけ？」%K%P
「それとも……日向のち○ぽは、私を孕ませることも\n　できないぐらい、よわよわ雑魚ち○ぽなわけ？」%K%P
%LC梨理
%LC梨理
「よわよわち○ぽのクセに、\n　私に挿れたいとか思っちゃってるんだ？」%K%P
「よわよわち○ぽのクセに、\n　私に挿れたいとか思っちゃってるんだ？」%K%P
%LC陽菜
%LC陽菜
「くっ……もうっ、梨理ちゃんはぁっ……！」%K%P
「くっ……もうっ、梨理ちゃんはぁっ……！」%K%P
楽しげに挑発してくる梨理ちゃんにイラっときて、\n彼女の近くへとにじり寄る。%K%P
楽しげに挑発してくる梨理ちゃんにイラっときて、\n彼女の近くへとにじり寄る。%K%P
イラっときたといっても、苛立ちとか憤慨とか、\nそういう負の感情はまったくなくて。%K%P
イラっときたといっても、苛立ちとか憤慨とか、\nそういう負の感情はまったくなくて。%K%P
エッチを全力で楽しむ梨理ちゃんのエロさに、\nおち○ちんがイラっときたってやつだった。%K%P
エッチを全力で楽しむ梨理ちゃんのエロさに、\nおち○ちんがイラっときたってやつだった。%K%P
%LC陽菜
%LC陽菜
「いいの？　梨理ちゃん。そんなこと言って」%K%P
「いいの？　梨理ちゃん。そんなこと言って」%K%P
%LC梨理
%LC梨理
「なぁに？　日向ってば怒っちゃった？\n　雑魚ち○ぽって言われたの図星だった？」%K%P
「なぁに？　日向ってば怒っちゃった？\n　雑魚ち○ぽって言われたの図星だった？」%K%P
%LC陽菜
%LC陽菜
「確かにち○ぽはイラッとしてるよ？\n　梨理ちゃんのおま○こ、わからせてやるって」%K%P
「確かにち○ぽはイラッとしてるよ？\n　梨理ちゃんのおま○こ、わからせてやるって」%K%P
%LC梨理
%LC梨理
「ッ……氈@ふ、ふぅーん？\n　日向もそんなエロいこと言えるんだ？」%K%P
「ッ……氈@ふ、ふぅーん？\n　日向もそんなエロいこと言えるんだ？」%K%P
%LC陽菜
%LC陽菜
「自分でおま○こ拡げて見せつけちゃうような、\n　ドスケベな子には負けちゃうけどね」%K%P
「自分でおま○こ拡げて見せつけちゃうような、\n　ドスケベな子には負けちゃうけどね」%K%P
%LC梨理
%LC梨理
「ッッ……氈@ど、ドスケベ、とかっ……それ、\n　いまの私には褒め言葉なんですけどっ？」%K%P
「ッッ……氈@ど、ドスケベ、とかっ……それ、\n　いまの私には褒め言葉なんですけどっ？」%K%P
%LC陽菜
%LC陽菜
「なら、もっとたくさん言ってあげる。\n　梨理ちゃんのドスケベ、ドスケベま○こっ」%K%P
「なら、もっとたくさん言ってあげる。\n　梨理ちゃんのドスケベ、ドスケベま○こっ」%K%P
%LC梨理
%LC梨理
「ッッッ……氈@はぁ、んっ……やっ、\n　だめ、囁かれると、声、だけでっ……はあっ氈v%K%P
「ッッッ……氈@はぁ、んっ……やっ、\n　だめ、囁かれると、声、だけでっ……はあっ氈v%K%P
寝そべる梨理ちゃんに覆い被さりながら囁くと、\n彼女の顔がみるみる赤面していく。%K%P
寝そべる梨理ちゃんに覆い被さりながら囁くと、\n彼女の顔がみるみる赤面していく。%K%P
自分から積極的に挑発してきたわりに、\nカウンターであっさり崩され、しどろもどろ。%K%P
自分から積極的に挑発してきたわりに、\nカウンターであっさり崩され、しどろもどろ。%K%P
こんな可愛さ卑怯すぎるし、ぜったい癖になる。%K%P
こんな可愛さ卑怯すぎるし、ぜったい癖になる。%K%P
%LC梨理
%LC梨理
「んうッ、はあっ、はあっ……ねぇ日向、\n　さっきから、なんでち○ぽ挿れないの？」%K%P
「んうッ、はあっ、はあっ……ねぇ日向、\n　さっきから、なんでち○ぽ挿れないの？」%K%P
%LC陽菜
%LC陽菜
「オレのち○ぽ、よわよわなんでしょ？\n　そんなんじゃ梨理ちゃんは満足しないかなって」%K%P
「オレのち○ぽ、よわよわなんでしょ？\n　そんなんじゃ梨理ちゃんは満足しないかなって」%K%P
%LC梨理
%LC梨理
「ぐっ……べ、べつに、そこまで、\n　よわよわ雑魚雑魚じゃないっていうかっ……」%K%P
「ぐっ……べ、べつに、そこまで、\n　よわよわ雑魚雑魚じゃないっていうかっ……」%K%P
%LC梨理
%LC梨理
「むしろ、あんなにびゅくびゅく射精できて、\n　雑魚のわりにはやるほう、みたいなっ……」%K%P
「むしろ、あんなにびゅくびゅく射精できて、\n　雑魚のわりにはやるほう、みたいなっ……」%K%P
%LC陽菜
%LC陽菜
「でも、雑魚は雑魚でしょ？\n　そんなよわよわち○ぽ、欲しくないよね？」%K%P
「でも、雑魚は雑魚でしょ？\n　そんなよわよわち○ぽ、欲しくないよね？」%K%P
%LC梨理
%LC梨理
「やっ、あ、えとっ……だから、そのっ……」%K%P
「やっ、あ、えとっ……だから、そのっ……」%K%P
%LC梨理
%LC梨理
「ぐぬ、ぐぬぬっ……ああもうっ、\n　いいからとっとと挿れなさいよ日向ぁっ」%K%P
「ぐぬ、ぐぬぬっ……ああもうっ、\n　いいからとっとと挿れなさいよ日向ぁっ」%K%P
%LC陽菜
%LC陽菜
「いっ？！　えっ、うそっ……？！」%K%P
「いっ？！　えっ、うそっ……？！」%K%P
――ぬぷぷぷぷっ%K%P
――ぬぷぷぷぷっ%K%P
%LC陽菜
%LC陽菜
「んあっ氈@やっ、あっ、ちょっ……んんぅッ」%K%P
「んあっ氈@やっ、あっ、ちょっ……んんぅッ」%K%P
%LC梨理
%LC梨理
「んぐぐッ……ふはっ、んふっ、にっひひぃ歃n　日向ったら女の子みたいな声だしちゃってっ氈v%K%P
「んぐぐッ……ふはっ、んふっ、にっひひぃ歃n　日向ったら女の子みたいな声だしちゃってっ氈v%K%P
%LC梨理
%LC梨理
「おま○こに挿れただけでアヘっちゃうとか、\n　日向のち○ぽ、やっぱよわよわなんですけどっ氈v%K%P
「おま○こに挿れただけでアヘっちゃうとか、\n　日向のち○ぽ、やっぱよわよわなんですけどっ氈v%K%P
楽しそうにくすくす笑う梨理ちゃんの両足は、\nいつのまにかオレの背中に回されていた。%K%P
楽しそうにくすくす笑う梨理ちゃんの両足は、\nいつのまにかオレの背中に回されていた。%K%P
墓穴を掘って焦らされてまくった梨理ちゃんが、\n痺れを切らし、自らの力で挿入を果たしたのだ。%K%P
墓穴を掘って焦らされてまくった梨理ちゃんが、\n痺れを切らし、自らの力で挿入を果たしたのだ。%K%P
変則ダブルピースの次はだいしゅきホールドとか、\nわかりすぎにも、ほどがあるでしょっ……？！%K%P
変則ダブルピースの次はだいしゅきホールドとか、\nわかりすぎにも、ほどがあるでしょっ……？！%K%P
%LC梨理
%LC梨理
「んはうっ、はあっ、はっ、ああああっ歃n　くあッ、はぁ、はぁっ、あんぅ、あぁんっ氈v%K%P
「んはうっ、はあっ、はっ、ああああっ歃n　くあッ、はぁ、はぁっ、あんぅ、あぁんっ氈v%K%P
%LC梨理
%LC梨理
「んふっ、にひひっ、どーう？　今日のおま○こも、\n　とろっとろで気持ちいいでしょっ？」%K%P
「んふっ、にひひっ、どーう？　今日のおま○こも、\n　とろっとろで気持ちいいでしょっ？」%K%P
%LC陽菜
%LC陽菜
「んッ……べつに、そんなことないけどっ？」%K%P
「んッ……べつに、そんなことないけどっ？」%K%P
%LC陽菜
%LC陽菜
「梨理ちゃんのほうこそ可愛い声出てるし、\n　よわよわち○ぽで感じてるんじゃないのっ？」%K%P
「梨理ちゃんのほうこそ可愛い声出てるし、\n　よわよわち○ぽで感じてるんじゃないのっ？」%K%P
%LC梨理
%LC梨理
「べっ、べつにっ？　このぐらい平気だしっ？\n　日向に特別サービスしてるだけだしっ……」%K%P
「べっ、べつにっ？　このぐらい平気だしっ？\n　日向に特別サービスしてるだけだしっ……」%K%P
%LC陽菜
%LC陽菜
「なら、せぇーの……えいっ！」%K%P
「なら、せぇーの……えいっ！」%K%P
%LC梨理
%LC梨理
「んみゃうっ！？　にゃうっ、みぃぁあああ氈v%K%P
「んみゃうっ！？　にゃうっ、みぃぁあああ氈v%K%P
掛け声で力を溜め、思いきり腰を押しつける。%K%P
掛け声で力を溜め、思いきり腰を押しつける。%K%P
亀頭が膣奥に触れるほど沈み込むと、\n梨理ちゃんの身体がピンッと強張った。%K%P
亀頭が膣奥に触れるほど沈み込むと、\n梨理ちゃんの身体がピンッと強張った。%K%P
%LC梨理
%LC梨理
「やっ、うそっ、ち○ぽ、ぐりって……あんっ歃n　おくっ……あっ、はあっ、あああっ氈v%K%P
「やっ、うそっ、ち○ぽ、ぐりって……あんっ歃n　おくっ……あっ、はあっ、あああっ氈v%K%P
%LC梨理
%LC梨理
「やだっ、ずるい、それずるっ、ズルだしっ、\n　いきなり、じゅぼって、くあっ、んあうっ氈v%K%P
「やだっ、ずるい、それずるっ、ズルだしっ、\n　いきなり、じゅぼって、くあっ、んあうっ氈v%K%P
%LC陽菜
%LC陽菜
「ごめんなさいするなら、今のうちだよ？」%K%P
「ごめんなさいするなら、今のうちだよ？」%K%P
%LC梨理
%LC梨理
「なっ、なによっ？　ごめんなさいってっ」%K%P
「なっ、なによっ？　ごめんなさいってっ」%K%P
%LC陽菜
%LC陽菜
「オレのち○ぽに謝るってことっ」%K%P
「オレのち○ぽに謝るってことっ」%K%P
%LC陽菜
%LC陽菜
「よわよわって言ってごめんなさいって。\n　雑魚雑魚じゃありませんでしたって」%K%P
「よわよわって言ってごめんなさいって。\n　雑魚雑魚じゃありませんでしたって」%K%P
%LC陽菜
%LC陽菜
「そしたら、もっとゆっくり動いてもいいよ？\n　どうする？」%K%P
「そしたら、もっとゆっくり動いてもいいよ？\n　どうする？」%K%P
%LC梨理
%LC梨理
「ぐッ……だっ、だれが日向のち○ぽに、\n　ごめんなさいなんてっ……」%K%P
「ぐッ……だっ、だれが日向のち○ぽに、\n　ごめんなさいなんてっ……」%K%P
%LC陽菜
%LC陽菜
「くすっ、だよね？　そうだよね？\n　梨理ちゃん、激しいほうが好きだもんね？」%K%P
「くすっ、だよね？　そうだよね？\n　梨理ちゃん、激しいほうが好きだもんね？」%K%P
%LC陽菜
%LC陽菜
「いまごめんなさいして優しくされるより、\n　激しくされてるほうが好きなんだもんねっ？」%K%P
「いまごめんなさいして優しくされるより、\n　激しくされてるほうが好きなんだもんねっ？」%K%P
%LC梨理
%LC梨理
「なっ……？！　ちっ、違うしっ！\n　私は優しいち○ぽも好きで……って、あれっ？」%K%P
「なっ……？！　ちっ、違うしっ！\n　私は優しいち○ぽも好きで……って、あれっ？」%K%P
%LC梨理
%LC梨理
「えっ、あ、えとっ……え、えっ、ええっ？」%K%P
「えっ、あ、えとっ……え、えっ、ええっ？」%K%P
こっちの意見に是非なく逆らおうとした結果、\n梨理ちゃんが混乱に陥った。%K%P
こっちの意見に是非なく逆らおうとした結果、\n梨理ちゃんが混乱に陥った。%K%P
容姿や雰囲気も相まって生意気な感じが似合うけど、\nその実、内面はすっごく素直で純粋で。%K%P
容姿や雰囲気も相まって生意気な感じが似合うけど、\nその実、内面はすっごく素直で純粋で。%K%P
それでも、負けず嫌いで努力家な部分が\nバッチリハマって、こんなにもエロくなって。%K%P
それでも、負けず嫌いで努力家な部分が\nバッチリハマって、こんなにもエロくなって。%K%P
そんな彼女がますます愛しくなるし、\n彼女とのエッチに、どんどんハマってしまう。%K%P
そんな彼女がますます愛しくなるし、\n彼女とのエッチに、どんどんハマってしまう。%K%P
%LC陽菜
%LC陽菜
「梨理ちゃん、こっち見て」%K%P
「梨理ちゃん、こっち見て」%K%P
%LC梨理
%LC梨理
「んっ、なによ急にっ」%K%P
「んっ、なによ急にっ」%K%P
%LC陽菜
%LC陽菜
「ん、ちゅっ。……あむっ、んぅ、ちゅっ」%K%P
「ん、ちゅっ。……あむっ、んぅ、ちゅっ」%K%P
%LC梨理
%LC梨理
「んむっ氈@やっ、はんっ…んむっ、ちゅっ歃n　はぁ、んむっ……れろっ、ちゅぷちゅるるっ氈v%K%P
「んむっ氈@やっ、はんっ…んむっ、ちゅっ歃n　はぁ、んむっ……れろっ、ちゅぷちゅるるっ氈v%K%P
%LC梨理
%LC梨理
「やっ……急に、キス、ズルひっ……あむっ、\n　日向ってば、ズル、ばっかりなんだからぁ……氈v%K%P
「やっ……急に、キス、ズルひっ……あむっ、\n　日向ってば、ズル、ばっかりなんだからぁ……氈v%K%P
%LC陽菜
%LC陽菜
「ズルくってもいいの。\n　梨理ちゃんの可愛い顔が見れるなら……ちゅっ」%K%P
「ズルくってもいいの。\n　梨理ちゃんの可愛い顔が見れるなら……ちゅっ」%K%P
%LC梨理
%LC梨理
「んぅうぅっ氈@もう、もうもうっ……歃n　日向ってホント、ズルいし……ぐっ、んんっ」%K%P
「んぅうぅっ氈@もう、もうもうっ……歃n　日向ってホント、ズルいし……ぐっ、んんっ」%K%P
%LC梨理
%LC梨理
「こんなズルっこのよわよわち○ぽなんかに、\n　私のおま○こが、負けたり、なんかっ……」%K%P
「こんなズルっこのよわよわち○ぽなんかに、\n　私のおま○こが、負けたり、なんかっ……」%K%P
%LC陽菜
%LC陽菜
「それ、フラグっ……！」%K%P
「それ、フラグっ……！」%K%P
%LC梨理
%LC梨理
「うみゃぁあっ氈@ちょっ、ひなっ……やあっ、\n　だめっ、ずんずんしちゃっ……あっ、あああっ氈v%K%P
「うみゃぁあっ氈@ちょっ、ひなっ……やあっ、\n　だめっ、ずんずんしちゃっ……あっ、あああっ氈v%K%P
%LC陽菜
%LC陽菜
「んむっ……ちゅっ氈@れろっ、んむ、れるっ」%K%P
「んむっ……ちゅっ氈@れろっ、んむ、れるっ」%K%P
%LC梨理
%LC梨理
「わぷっ？！　また、キスっ……んっ、やんっ、\n　こんな、わかりやすいキスなんかにっ……」%K%P
「わぷっ？！　また、キスっ……んっ、やんっ、\n　こんな、わかりやすいキスなんかにっ……」%K%P
%LC陽菜
%LC陽菜
「梨理ちゃん、大好き」%K%P
「梨理ちゃん、大好き」%K%P
%LC梨理
%LC梨理
「ッッ……氈@やふっ、はぁ、あああっ歃n　んぅ、私もっ……好き、大好き、ひなたぁ氈v%K%P
「ッッ……氈@やふっ、はぁ、あああっ歃n　んぅ、私もっ……好き、大好き、ひなたぁ氈v%K%P
%LC梨理
%LC梨理
「ち○ぽだけじゃなくて、ちゅーも、もっとぉ歃n　んむっ……れろ、ぢゅぷ……んふ、にひひっ氈v%K%P
「ち○ぽだけじゃなくて、ちゅーも、もっとぉ歃n　んむっ……れろ、ぢゅぷ……んふ、にひひっ氈v%K%P
彼女の甘い声を食べるように舌を絡めると、\n梨理ちゃんが嬉しそうに身体をくねらせた。%K%P
彼女の甘い声を食べるように舌を絡めると、\n梨理ちゃんが嬉しそうに身体をくねらせた。%K%P
身体は正直なんていうけど、\nいまの梨理ちゃんは、まさしくそれで。%K%P
身体は正直なんていうけど、\nいまの梨理ちゃんは、まさしくそれで。%K%P
そしてそれは、オレも同じで。%K%P
そしてそれは、オレも同じで。%K%P
キスと同時に挿抜を繰り返していくと、\nガチガチのペニスが、ますます、大きく――、%K%P
キスと同時に挿抜を繰り返していくと、\nガチガチのペニスが、ますます、大きく――、%K%P
%LC梨理
%LC梨理
「んやぅうっ氈@うそっ、なんで？\n　なんでち○ぽ、まだ、おっきくっ……」%K%P
「んやぅうっ氈@うそっ、なんで？\n　なんでち○ぽ、まだ、おっきくっ……」%K%P
%LC陽菜
%LC陽菜
「梨理ちゃんのおま○こが、\n　とっても気持ちいいからだよ」%K%P
「梨理ちゃんのおま○こが、\n　とっても気持ちいいからだよ」%K%P
%LC梨理
%LC梨理
「くぁあっ氈@あっ、だめっ、囁くのだめぇ、\n　私、それ、弱いんだからっ……」%K%P
「くぁあっ氈@あっ、だめっ、囁くのだめぇ、\n　私、それ、弱いんだからっ……」%K%P
%LC陽菜
%LC陽菜
「うなじだけじゃなくて、耳まで、とか――」%K%P
「うなじだけじゃなくて、耳まで、とか――」%K%P
%LC陽菜
%LC陽菜
「梨理ちゃん、弱点いっぱいで可愛いっ……氈v%K%P
「梨理ちゃん、弱点いっぱいで可愛いっ……氈v%K%P
%LC梨理
%LC梨理
「ふやっ氈@ちょっ、だめ、違うのっ歃n　私が弱いの、耳じゃなくて声なのっ氈v%K%P
「ふやっ氈@ちょっ、だめ、違うのっ歃n　私が弱いの、耳じゃなくて声なのっ氈v%K%P
%LC梨理
%LC梨理
「私は、日向の声によわよわなのっ……氈v%K%P
「私は、日向の声によわよわなのっ……氈v%K%P
%LC梨理
%LC梨理
「だから、そんなされたら、声だけで……あんっ、\n　やっ、ああっ、ああっ、あああああっ氈v%K%P
「だから、そんなされたら、声だけで……あんっ、\n　やっ、ああっ、ああっ、あああああっ氈v%K%P
ペニスをぎゅうぎゅう抱きしめながら、\n梨理ちゃんの腰が何度も震える。%K%P
ペニスをぎゅうぎゅう抱きしめながら、\n梨理ちゃんの腰が何度も震える。%K%P
寒くないのに吐く息が白く見えそうなほど、\n梨理ちゃんの全身は、熱く火照って。%K%P
寒くないのに吐く息が白く見えそうなほど、\n梨理ちゃんの全身は、熱く火照って。%K%P
彼女に密着するオレも、どんどん、熱く――、%K%P
彼女に密着するオレも、どんどん、熱く――、%K%P
%LC梨理
%LC梨理
「んうっ、はあっ、あっ、やっ、だめっ歃n　ち○ぽ、奥に、届いてっ……あっ、あああっ氈v%K%P
「んうっ、はあっ、あっ、やっ、だめっ歃n　ち○ぽ、奥に、届いてっ……あっ、あああっ氈v%K%P
%LC梨理
%LC梨理
「はうっ、だめ、これイッちゃうっ……歃n　まだまだ、ちっとも、イキたくないのにっ……」%K%P
「はうっ、だめ、これイッちゃうっ……歃n　まだまだ、ちっとも、イキたくないのにっ……」%K%P
%LC陽菜
%LC陽菜
「イキたくないって、どうして？」%K%P
「イキたくないって、どうして？」%K%P
%LC梨理
%LC梨理
「そんなの決まってるでしょ？\n　日向のち○ぽ、もっとぎゅってしてたいのっ氈v%K%P
「そんなの決まってるでしょ？\n　日向のち○ぽ、もっとぎゅってしてたいのっ氈v%K%P
%LC梨理
%LC梨理
「日向のよわよわち○ぽは、私のおま○こで、\n　抱っこして{保護:まも}ってあげなきゃなんだからっ氈v%K%P
「日向のよわよわち○ぽは、私のおま○こで、\n　抱っこして{保護:まも}ってあげなきゃなんだからっ氈v%K%P
不意に聞こえた呟きに問い掛けたら、\nめちゃくちゃ可愛い回答をもらってしまった。%K%P
不意に聞こえた呟きに問い掛けたら、\nめちゃくちゃ可愛い回答をもらってしまった。%K%P
悪戯っぽくからかってきたと思ったら、\n急にいじらしくなって、健気な部分を覗かせたり。%K%P
悪戯っぽくからかってきたと思ったら、\n急にいじらしくなって、健気な部分を覗かせたり。%K%P
いろんな顔を見せてくれる梨理ちゃんが、\n心の底から、大好きで大好きで仕方がない。%K%P
いろんな顔を見せてくれる梨理ちゃんが、\n心の底から、大好きで大好きで仕方がない。%K%P
%LC陽菜
%LC陽菜
「なら、梨理ちゃんのつよつよおま○こで、\n　ち○ぽと一緒に、精子も守ってくれる？」%K%P
「なら、梨理ちゃんのつよつよおま○こで、\n　ち○ぽと一緒に、精子も守ってくれる？」%K%P
%LC梨理
%LC梨理
「んッ、なぁに？　あんだけえらそうなこと言って、\n　けっきょく、日向もイキそうなのっ？」%K%P
「んッ、なぁに？　あんだけえらそうなこと言って、\n　けっきょく、日向もイキそうなのっ？」%K%P
%LC陽菜
%LC陽菜
「うんっ。だから、お願い。オレの精子も、\n　梨理ちゃんのおま○こで守ってっ？　ねっ？」%K%P
「うんっ。だから、お願い。オレの精子も、\n　梨理ちゃんのおま○こで守ってっ？　ねっ？」%K%P
%LC梨理
%LC梨理
「んぐっ……くふっ、にひひっ氈@\n　いいわよ、そんなに言うなら守ってあげるっ氈v%K%P
「んぐっ……くふっ、にひひっ氈@\n　いいわよ、そんなに言うなら守ってあげるっ氈v%K%P
%LC梨理
%LC梨理
「だから、私と一緒にぃっ……、\n　いっぱいイッちゃえっ、日向ぁっ氈v%K%P
「だから、私と一緒にぃっ……、\n　いっぱいイッちゃえっ、日向ぁっ氈v%K%P
射精を促すように膣圧が増すと、\n背中に回された両足の力も強くなった。%K%P
射精を促すように膣圧が増すと、\n背中に回された両足の力も強くなった。%K%P
それはまさに、精子を一滴も逃さないという、\n梨理ちゃんの強い想いの体現で。%K%P
それはまさに、精子を一滴も逃さないという、\n梨理ちゃんの強い想いの体現で。%K%P
だからオレも、それに応えたくて。%K%P
だからオレも、それに応えたくて。%K%P
%LC陽菜
%LC陽菜
「んッ、はあっ……梨理ちゃん、出すよっ？\n　ぜんぶ、梨理ちゃんの膣内にっ……！」%K%P
「んッ、はあっ……梨理ちゃん、出すよっ？\n　ぜんぶ、梨理ちゃんの膣内にっ……！」%K%P
%LC梨理
%LC梨理
「とーぜんっ滲氈@ちょっとでも外に漏らしたら、\n　日向もち○ぽも許さないんだからっ氈v%K%P
「とーぜんっ滲氈@ちょっとでも外に漏らしたら、\n　日向もち○ぽも許さないんだからっ氈v%K%P
%LC梨理
%LC梨理
「ち○ぽもせーしも、好きって気持ちも、\n　日向はぜぇんぶ、私のものなのぉっ滲氈v%K%P
「ち○ぽもせーしも、好きって気持ちも、\n　日向はぜぇんぶ、私のものなのぉっ滲氈v%K%P
%LC陽菜
%LC陽菜
「ひぐっ……！？　ああっ、いぐッ……ッ！！」%K%P
「ひぐっ……！？　ああっ、いぐッ……ッ！！」%K%P
%LC梨理
%LC梨理
「ああっ、好きっ氈@大好き日向ぁっ歃n　私もイク、イクねっ？　日向でイクねっ？」%K%P
「ああっ、好きっ氈@大好き日向ぁっ歃n　私もイク、イクねっ？　日向でイクねっ？」%K%P
%LC梨理
%LC梨理
「日向のち○ぽでっ、よわよわち○ぽでっ、\n　いぐッ、イクッ、いくッ……ぅんんぅううッ氈v%K%P
「日向のち○ぽでっ、よわよわち○ぽでっ、\n　いぐッ、イクッ、いくッ……ぅんんぅううッ氈v%K%P
%LC梨理
%LC梨理
「はひっ……ぐっ、ああっ、ああああっ歃n　せーしきたっ……いっぱいきたぁっ……滲氈v%K%P
「はひっ……ぐっ、ああっ、ああああっ歃n　せーしきたっ……いっぱいきたぁっ……滲氈v%K%P
%LC梨理
%LC梨理
「膣内で、びゅるびゅる……ふあうっ、ああっ、\n　あっ、いっぱい、これ、出てっ……ああっ氈v%K%P
「膣内で、びゅるびゅる……ふあうっ、ああっ、\n　あっ、いっぱい、これ、出てっ……ああっ氈v%K%P
歓喜の声を漏らして震える梨理ちゃんが、\n足だけで、ぎゅぎゅっとオレにしがみつく。%K%P
歓喜の声を漏らして震える梨理ちゃんが、\n足だけで、ぎゅぎゅっとオレにしがみつく。%K%P
初めてフェラを経験したばかりの亀頭は、\nいつにも増して、敏感で、鋭敏で。%K%P
初めてフェラを経験したばかりの亀頭は、\nいつにも増して、敏感で、鋭敏で。%K%P
以前は気づけなかったヒダの細かな痙攣や、\n収縮するトンネル内の律動が、よーくわかって。%K%P
以前は気づけなかったヒダの細かな痙攣や、\n収縮するトンネル内の律動が、よーくわかって。%K%P
その快感で、ますます、熱く――、%K%P
その快感で、ますます、熱く――、%K%P
%LC梨理
%LC梨理
「ふはっ、はぁ、はぁ……んふ、えへへっ……歃n　日向のち○ぽに、イカされちゃった……氈v%K%P
「ふはっ、はぁ、はぁ……んふ、えへへっ……歃n　日向のち○ぽに、イカされちゃった……氈v%K%P
%LC梨理
%LC梨理
「んっ……けど、今日は３対１だしっ……歃n　イカせた回数は、私の圧勝ぉ……氈v%K%P
「んっ……けど、今日は３対１だしっ……歃n　イカせた回数は、私の圧勝ぉ……氈v%K%P
勝利のビクトリーって感じで、\n梨理ちゃんがピースサインを強調する、けど。%K%P
勝利のビクトリーって感じで、\n梨理ちゃんがピースサインを強調する、けど。%K%P
%LC陽菜
%LC陽菜
「まさか、いまので終わりじゃないよね？」%K%P
「まさか、いまので終わりじゃないよね？」%K%P
%LC梨理
%LC梨理
「…………へ？」%K%P
「…………へ？」%K%P
%LC陽菜
%LC陽菜
「梨理ちゃんのつよつよおま○こが、\n　いまので満足とか……そんなことないよね？」%K%P
「梨理ちゃんのつよつよおま○こが、\n　いまので満足とか……そんなことないよね？」%K%P
%LC梨理
%LC梨理
「でっ、でも、日向、今日はもう３回も――」%K%P
「でっ、でも、日向、今日はもう３回も――」%K%P
%LC陽菜
%LC陽菜
「ごめんね、梨理ちゃん。\n　オレまだ、足りないみたいっ……！」%K%P
「ごめんね、梨理ちゃん。\n　オレまだ、足りないみたいっ……！」%K%P
%LC梨理
%LC梨理
「まっ、待って日向、いま私イッたばっか――」%K%P
「まっ、待って日向、いま私イッたばっか――」%K%P
%LC陽菜
%LC陽菜
「せぇーのっ……えいっ！」%K%P
「せぇーのっ……えいっ！」%K%P
%LC梨理
%LC梨理
「んにゃぁあああああああああッ滲氈v%K%P
「んにゃぁあああああああああッ滲氈v%K%P
再び掛け声と共に腰を押し込むと、\n梨理ちゃんの全身がさっきよりも大きく跳ねる。%K%P
再び掛け声と共に腰を押し込むと、\n梨理ちゃんの全身がさっきよりも大きく跳ねる。%K%P
%LC梨理
%LC梨理
「んみゅっ氈@ちょっ、だめ、それだめっ、\n　連続でするとか、聞いてないしっ……」%K%P
「んみゅっ氈@ちょっ、だめ、それだめっ、\n　連続でするとか、聞いてないしっ……」%K%P
%LC陽菜
%LC陽菜
「オレだって聞いてないっていうか、\n　そんなつもり、全然なかったんだけどっ……」%K%P
「オレだって聞いてないっていうか、\n　そんなつもり、全然なかったんだけどっ……」%K%P
%LC陽菜
%LC陽菜
「んっ……でも、梨理ちゃんのおま○こが、\n　気持ちよすぎて、もっともっと欲しくてっ……」%K%P
「んっ……でも、梨理ちゃんのおま○こが、\n　気持ちよすぎて、もっともっと欲しくてっ……」%K%P
%LC陽菜
%LC陽菜
「はぁはぁ……だから、ごめんねっ？\n　このままもっかい、膣内でイカせてっ？」%K%P
「はぁはぁ……だから、ごめんねっ？\n　このままもっかい、膣内でイカせてっ？」%K%P
%LC梨理
%LC梨理
「んうッ……氈@日向がそこまで言うなら、\n　膣内に出させてあげないこともないけどっ？」%K%P
「んうッ……氈@日向がそこまで言うなら、\n　膣内に出させてあげないこともないけどっ？」%K%P
%LC陽菜
%LC陽菜
「ありがと、梨理ちゃんっ。大好き氈v%K%P
「ありがと、梨理ちゃんっ。大好き氈v%K%P
嬉しくてしがみつくように腰を寄せると、\n梨理ちゃんの顔が、ますます朱色に染まる。%K%P
嬉しくてしがみつくように腰を寄せると、\n梨理ちゃんの顔が、ますます朱色に染まる。%K%P
%LC梨理
%LC梨理
「んッ……ああもうっ、日向ってほんと、\n　えっちでどうしようもないオスなんだからっ」%K%P
「んッ……ああもうっ、日向ってほんと、\n　えっちでどうしようもないオスなんだからっ」%K%P
%LC陽菜
%LC陽菜
「うんっ……オレ、梨理ちゃんとエッチしてると、\n　すっごくオスになっちゃうみたいっ……」%K%P
「うんっ……オレ、梨理ちゃんとエッチしてると、\n　すっごくオスになっちゃうみたいっ……」%K%P
彼女を組み伏せるように覆い被さって、\n残る力を振り絞って、腰をぐりぐり押しつける。%K%P
彼女を組み伏せるように覆い被さって、\n残る力を振り絞って、腰をぐりぐり押しつける。%K%P
汗ばんだ肌に着衣がはりつくけど、\nちっとも不快じゃなくて、むしろ気持ちよくて。%K%P
汗ばんだ肌に着衣がはりつくけど、\nちっとも不快じゃなくて、むしろ気持ちよくて。%K%P
絶頂に向けて邁進する挿抜は、まるで、\n自慰を覚えたばかりの頃みたく、一心不乱だった。%K%P
絶頂に向けて邁進する挿抜は、まるで、\n自慰を覚えたばかりの頃みたく、一心不乱だった。%K%P
%LC梨理
%LC梨理
「んくっ、はぁはぁっ、やっ、あぁああっ歃n　あんっ、うそっ……これ、私、までっ……ああっ」%K%P
「んくっ、はぁはぁっ、やっ、あぁああっ歃n　あんっ、うそっ……これ、私、までっ……ああっ」%K%P
%LC陽菜
%LC陽菜
「ああっ……梨理ちゃんのおま○こ、\n　すごい、びくって……」%K%P
「ああっ……梨理ちゃんのおま○こ、\n　すごい、びくって……」%K%P
%LC陽菜
%LC陽菜
「もしかして梨理ちゃんも、\n　スイッチみたいなの入っちゃった？」%K%P
「もしかして梨理ちゃんも、\n　スイッチみたいなの入っちゃった？」%K%P
%LC梨理
%LC梨理
「入ったんじゃなくて、日向が入れたのっ。\n　日向が、激しくするからっ……はぁ、ああっ」%K%P
「入ったんじゃなくて、日向が入れたのっ。\n　日向が、激しくするからっ……はぁ、ああっ」%K%P
%LC梨理
%LC梨理
「んぅぅぅ……もおっ、日向のばかぁっ歃n　これじゃ私までメスみたいじゃないっ……氈v%K%P
「んぅぅぅ……もおっ、日向のばかぁっ歃n　これじゃ私までメスみたいじゃないっ……氈v%K%P
%LC陽菜
%LC陽菜
「んっ、ちゅっ……はむっ、んーむ、れろっ」%K%P
「んっ、ちゅっ……はむっ、んーむ、れろっ」%K%P
%LC梨理
%LC梨理
「あっ、もおっ……いま、キスはっ……はむっ、\n　だめって、あむっ……だめ、なのにぃ……氈v%K%P
「あっ、もおっ……いま、キスはっ……はむっ、\n　だめって、あむっ……だめ、なのにぃ……氈v%K%P
キスも交えて挿抜を繰り返すと、\n結合部から、掻き混ぜられた精子が垂れていく。%K%P
キスも交えて挿抜を繰り返すと、\n結合部から、掻き混ぜられた精子が垂れていく。%K%P
それは真っ白で、泡立っていて、\nまるで今のオレたちの頭の中みたいで。%K%P
それは真っ白で、泡立っていて、\nまるで今のオレたちの頭の中みたいで。%K%P
%LC陽菜
%LC陽菜
「梨理ちゃん、出すよ？　いーい？」%K%P
「梨理ちゃん、出すよ？　いーい？」%K%P
%LC梨理
%LC梨理
「うんっ氈@私もっ、一緒にっ……ああっ、\n　すごい、これ、またっ……あっ、ああっ氈v%K%P
「うんっ氈@私もっ、一緒にっ……ああっ、\n　すごい、これ、またっ……あっ、ああっ氈v%K%P
%LC梨理
%LC梨理
「いっぱい、ちょうだい？　おま○こいっぱい、\n　日向の精子、どぴゅって……あっ、ああああっ氈v%K%P
「いっぱい、ちょうだい？　おま○こいっぱい、\n　日向の精子、どぴゅって……あっ、ああああっ氈v%K%P
%LC梨理
%LC梨理
「あぐッ……はあっ、ああっ、あああっ歃n　びゅびゅって……あふっ、はあっ、あああっ氈v%K%P
「あぐッ……はあっ、ああっ、あああっ歃n　びゅびゅって……あふっ、はあっ、あああっ氈v%K%P
%LC陽菜
%LC陽菜
「ぐうッ……ぐっ、あっ、ああっ」%K%P
「ぐうッ……ぐっ、あっ、ああっ」%K%P
イッた瞬間、真っ白だった脳内が大きく揺れて、\n精子と一緒に意識まで飛びかける。%K%P
イッた瞬間、真っ白だった脳内が大きく揺れて、\n精子と一緒に意識まで飛びかける。%K%P
それでも、目の前の梨理ちゃんの可愛いイキ顔を\n見届けたい一心で、どうにか踏みとどまった。%K%P
それでも、目の前の梨理ちゃんの可愛いイキ顔を\n見届けたい一心で、どうにか踏みとどまった。%K%P
%LC梨理
%LC梨理
「はふっ……はあっ、あっ、あああっ……歃n　ひなたの、ち○ぽ、しゅっごひぃ……氈v%K%P
「はふっ……はあっ、あっ、あああっ……歃n　ひなたの、ち○ぽ、しゅっごひぃ……氈v%K%P
%LC梨理
%LC梨理
「おま○こ、せーしで、いっぱひでっ……はあっ、\n　あぁ……しゅごひ、しゅごひよ、ひなたぁ……氈v%K%P
「おま○こ、せーしで、いっぱひでっ……はあっ、\n　あぁ……しゅごひ、しゅごひよ、ひなたぁ……氈v%K%P
びくびくっと身体を震わせながら、\n譫言のように梨理ちゃんが呟く。%K%P
びくびくっと身体を震わせながら、\n譫言のように梨理ちゃんが呟く。%K%P
このままだと彼女の上に倒れ込んでしまいそうで、\nどうにかこうにか、身体を起こすと。%K%P
このままだと彼女の上に倒れ込んでしまいそうで、\nどうにかこうにか、身体を起こすと。%K%P
%LC梨理
%LC梨理
「くぁっ、んぅううっ……氈v%K%P
「くぁっ、んぅううっ……氈v%K%P
あくびをかみ殺した感じにも聞こえる声とともに、\n彼女の膣口から、どろっと精子が垂れていく。%K%P
あくびをかみ殺した感じにも聞こえる声とともに、\n彼女の膣口から、どろっと精子が垂れていく。%K%P
それは本当に、大量で。%K%P
それは本当に、大量で。%K%P
%LC陽菜
%LC陽菜
「あぁ……ほんと、しゅっごひ……」%K%P
「あぁ……ほんと、しゅっごひ……」%K%P
梨理ちゃんの言い方が移ってしまってみたいで、\n膣口の様子を見て、そんなふうに呟いてしまう。%K%P
梨理ちゃんの言い方が移ってしまってみたいで、\n膣口の様子を見て、そんなふうに呟いてしまう。%K%P
と、梨理ちゃんは、にまっと目を細めて、笑って。%K%P
と、梨理ちゃんは、にまっと目を細めて、笑って。%K%P
%LC梨理
%LC梨理
「ふぅ、はぁ……今日もセンセのおち○ぽ、\n　とってもとーっても、しゅごかったですっ……氈v%K%P
「ふぅ、はぁ……今日もセンセのおち○ぽ、\n　とってもとーっても、しゅごかったですっ……氈v%K%P
%LC梨理
%LC梨理
「また、こんなふうに……そのオスち○ぽで、\n　私を犯してくださいね？　陽菜センセっ……氈v%K%P
「また、こんなふうに……そのオスち○ぽで、\n　私を犯してくださいね？　陽菜センセっ……氈v%K%P
すでに力が入らないであろう指で、\n懸命にピースしながら、うっとりにこにこ。%K%P
すでに力が入らないであろう指で、\n懸命にピースしながら、うっとりにこにこ。%K%P
とろけまくった梨理ちゃんの表情は、\nまさに、ご満悦って言葉がぴったりだった。%K%P
とろけまくった梨理ちゃんの表情は、\nまさに、ご満悦って言葉がぴったりだった。%K%P
