梨理ちゃんが乙女部の部長になり、\n少し経った、ある日の放課後。%K%P
梨理ちゃんが乙女部の部長になり、\n少し経った、ある日の放課後。%K%P
彼女は唐突に「掃除をします」と言い出した。%K%P
彼女は唐突に「掃除をします」と言い出した。%K%P
%LC陽菜
%LC陽菜
「もちろん、喜んでお手伝いするけど。\n　でも、なんで掃除？」%K%P
「もちろん、喜んでお手伝いするけど。\n　でも、なんで掃除？」%K%P
%LC梨理
%LC梨理
「私、あまり部室に顔を出していなかったので。\n　備品のこととか、あまり把握してないんです」%K%P
「私、あまり部室に顔を出していなかったので。\n　備品のこととか、あまり把握してないんです」%K%P
%LC梨理
%LC梨理
「お姉ちゃんいわく、かなり色々あるそうで。\n　一度、片付けたほうがいいかと」%K%P
「お姉ちゃんいわく、かなり色々あるそうで。\n　一度、片付けたほうがいいかと」%K%P
%LC陽菜
%LC陽菜
「なるほど。じゃ、さっそくやるとしますか」%K%P
「なるほど。じゃ、さっそくやるとしますか」%K%P
そうして片付けていくと、\n色々なものが、出るわ出るわ。%K%P
そうして片付けていくと、\n色々なものが、出るわ出るわ。%K%P
この部室でカルチャースクールでも\n開く気かってぐらい、様々なものが出てきた。%K%P
この部室でカルチャースクールでも\n開く気かってぐらい、様々なものが出てきた。%K%P
%LC梨理
%LC梨理
「大正琴に、釣り竿に、ヨガのマット……。\n　こっちには編み棒と毛糸まで」%K%P
「大正琴に、釣り竿に、ヨガのマット……。\n　こっちには編み棒と毛糸まで」%K%P
%LC陽菜
%LC陽菜
「その編み棒と毛糸、使えるんじゃない？\n　ほら、ヒーナの編みぐるみに」%K%P
「その編み棒と毛糸、使えるんじゃない？\n　ほら、ヒーナの編みぐるみに」%K%P
%LC梨理
%LC梨理
「そうですね。\n　では、これはこっちに」%K%P
「そうですね。\n　では、これはこっちに」%K%P
必要不要で分けるとかえって混乱するので、\n自分たちが興味があるかどうかで仕分けていく。%K%P
必要不要で分けるとかえって混乱するので、\n自分たちが興味があるかどうかで仕分けていく。%K%P
これだけの物をすべて美実様が集めたかと思うと、\nそのバイタリティに感服してしまう。%K%P
これだけの物をすべて美実様が集めたかと思うと、\nそのバイタリティに感服してしまう。%K%P
%LC陽菜
%LC陽菜
「そういえば美実様、\n　進路はどうするつもりなんだろう」%K%P
「そういえば美実様、\n　進路はどうするつもりなんだろう」%K%P
%LC梨理
%LC梨理
「専門学校に行くみたいです。お菓子の」%K%P
「専門学校に行くみたいです。お菓子の」%K%P
%LC陽菜
%LC陽菜
「パティシエってこと？」%K%P
「パティシエってこと？」%K%P
%LC梨理
%LC梨理
「はい。いろいろやった結果、\n　それが一番、性に合っていたって」%K%P
「はい。いろいろやった結果、\n　それが一番、性に合っていたって」%K%P
%LC梨理
%LC梨理
「学園長に相談に乗ってもらっていたのも、\n　そういった事情に詳しい知人がいるからだそうで」%K%P
「学園長に相談に乗ってもらっていたのも、\n　そういった事情に詳しい知人がいるからだそうで」%K%P
%LC陽菜
%LC陽菜
「へぇー……」%K%P
「へぇー……」%K%P
ニナさんって案外顔が広かったりするんだろうか。%K%P
ニナさんって案外顔が広かったりするんだろうか。%K%P
%LC梨理
%LC梨理
「……ん？　なんでしょう、これ」%K%P
「……ん？　なんでしょう、これ」%K%P
呟いた梨理ちゃんが発見したのは、\nちょっとしたキャリーケース程度の箱だった。%K%P
呟いた梨理ちゃんが発見したのは、\nちょっとしたキャリーケース程度の箱だった。%K%P
箱自体は真新しいけど、見覚えはない。%K%P
箱自体は真新しいけど、見覚えはない。%K%P
とりあえず開けてみると、中に入っていたのは。%K%P
とりあえず開けてみると、中に入っていたのは。%K%P
%LC梨理
%LC梨理
「これって……」%K%P
「これって……」%K%P
%LC陽菜
%LC陽菜
「うん……」%K%P
「うん……」%K%P
中身を見た後、思わず二人で壁を見る。%K%P
中身を見た後、思わず二人で壁を見る。%K%P
そこには、以前梨理ちゃんと一緒に飾った、\n銀蘭祭の歌劇アリアの一幕の写真パネルがあって。%K%P
そこには、以前梨理ちゃんと一緒に飾った、\n銀蘭祭の歌劇アリアの一幕の写真パネルがあって。%K%P
箱の中身は、そこに写っている鎧だった。%K%P
箱の中身は、そこに写っている鎧だった。%K%P
%LC梨理
%LC梨理
「どうしてこんなものが……」%K%P
「どうしてこんなものが……」%K%P
%LC陽菜
%LC陽菜
「それ、手紙じゃない？」%K%P
「それ、手紙じゃない？」%K%P
鎧と一緒に、一目で封筒とわかるものが。%K%P
鎧と一緒に、一目で封筒とわかるものが。%K%P
梨理ちゃんがそれを開封すると、\n中にはシンプルな無地の便せんが入っていて。%K%P
梨理ちゃんがそれを開封すると、\n中にはシンプルな無地の便せんが入っていて。%K%P
目を通した途端、梨理ちゃんは眉を寄せた。%K%P
目を通した途端、梨理ちゃんは眉を寄せた。%K%P
%LC梨理
%LC梨理
「……お姉ちゃんの仕業ですね、これ」%K%P
「……お姉ちゃんの仕業ですね、これ」%K%P
%LC陽菜
%LC陽菜
「美実様の……？　どういうこと？」%K%P
「美実様の……？　どういうこと？」%K%P
%LC梨理
%LC梨理
「劇で使う鎧って、舞台衣装扱いなので。\n　毎年、出演する学生にあわせて作られるんです」%K%P
「劇で使う鎧って、舞台衣装扱いなので。\n　毎年、出演する学生にあわせて作られるんです」%K%P
%LC梨理
%LC梨理
「使い終わった鎧は集めて保管されるんですが。\n　お姉ちゃん、記念に貰ってきたみたいで」%K%P
「使い終わった鎧は集めて保管されるんですが。\n　お姉ちゃん、記念に貰ってきたみたいで」%K%P
%LC陽菜
%LC陽菜
「貰うって、どうやって――」%K%P
「貰うって、どうやって――」%K%P
言いかけて脳裏に浮かぶ、ニナさんの笑み。%K%P
言いかけて脳裏に浮かぶ、ニナさんの笑み。%K%P
%LC陽菜
%LC陽菜
「……なるほど。けど、なんでわざわざ……」%K%P
「……なるほど。けど、なんでわざわざ……」%K%P
%LC梨理
%LC梨理
「手紙によれば、コスプレして、\n　記念撮影でもすれば？　って書いてあります」%K%P
「手紙によれば、コスプレして、\n　記念撮影でもすれば？　って書いてあります」%K%P
%LC梨理
%LC梨理
「陽菜ちゃんはこういうのが好きなはず、とも\n　書いてありますけど……」%K%P
「陽菜ちゃんはこういうのが好きなはず、とも\n　書いてありますけど……」%K%P
%LC陽菜
%LC陽菜
「あー……まあ、うん。\n　剣とか鎧は、わくわくしちゃうけど」%K%P
「あー……まあ、うん。\n　剣とか鎧は、わくわくしちゃうけど」%K%P
%LC梨理
%LC梨理
「なら、せっかくですし着てみますか？」%K%P
「なら、せっかくですし着てみますか？」%K%P
%LC陽菜
%LC陽菜
「でも、片付けがまだ――」%K%P
「でも、片付けがまだ――」%K%P
%LC梨理
%LC梨理
「残りはまた後日というとことで。\n　ね？　いいでしょ？　センセ」%K%P
「残りはまた後日というとことで。\n　ね？　いいでしょ？　センセ」%K%P
%LC梨理
%LC梨理
「この鎧を着て、してみたいこともあったので」%K%P
「この鎧を着て、してみたいこともあったので」%K%P
――ということで、鎧を着てみたわけですが。%K%P
――ということで、鎧を着てみたわけですが。%K%P
%LC陽菜
%LC陽菜
「りっ、梨理ちゃんっ……！？\n　なにしてるの、ちょっとっ……？！」%K%P
「りっ、梨理ちゃんっ……！？\n　なにしてるの、ちょっとっ……？！」%K%P
%LC梨理
%LC梨理
「なにって……見ての通り、\n　センセのおち○ぽ握ってますけど」%K%P
「なにって……見ての通り、\n　センセのおち○ぽ握ってますけど」%K%P
%LC陽菜
%LC陽菜
「そういうことじゃなくてっ。\n　なんでそんなことしてるのかってことっ」%K%P
「そういうことじゃなくてっ。\n　なんでそんなことしてるのかってことっ」%K%P
%LC梨理
%LC梨理
「それはもちろん、鎧を着た状態のセンセの、\n　悔しいでも感じちゃうなお顔を見たいと思って」%K%P
「それはもちろん、鎧を着た状態のセンセの、\n　悔しいでも感じちゃうなお顔を見たいと思って」%K%P
%LC陽菜
%LC陽菜
「なにその具体的かつニッチなやつはっ」%K%P
「なにその具体的かつニッチなやつはっ」%K%P
%LC梨理
%LC梨理
「けしてニッチではないと思いますよ？\n　女騎士といえば、こういうの定番ですし」%K%P
「けしてニッチではないと思いますよ？\n　女騎士といえば、こういうの定番ですし」%K%P
%LC梨理
%LC梨理
「やめろ、姫には手を出すなっ……！　とか。\n　くっ、ひと思いに殺せっ……！　とか」%K%P
「やめろ、姫には手を出すなっ……！　とか。\n　くっ、ひと思いに殺せっ……！　とか」%K%P
%LC陽菜
%LC陽菜
「なんでそんなこと知ってるのっ」%K%P
「なんでそんなこと知ってるのっ」%K%P
%LC梨理
%LC梨理
「銀蘭に入学した後、ネットで騎士道について\n　勉強していたときに目に入ってしまって」%K%P
「銀蘭に入学した後、ネットで騎士道について\n　勉強していたときに目に入ってしまって」%K%P
%LC梨理
%LC梨理
「それで、ちょっと興味をもった、というか」%K%P
「それで、ちょっと興味をもった、というか」%K%P
おのれネット社会……！%K%P
おのれネット社会……！%K%P
%LC梨理
%LC梨理
「ともかく、そういうわけですから。\n　今日のセンセは女騎士ということで――」%K%P
「ともかく、そういうわけですから。\n　今日のセンセは女騎士ということで――」%K%P
%LC梨理
%LC梨理
「あっ、それとも……日向のほうでします？\n　私はどっちでもいいですよ？」%K%P
「あっ、それとも……日向のほうでします？\n　私はどっちでもいいですよ？」%K%P
%LC梨理
%LC梨理
「女騎士ならぬ女装騎士っていうのも、\n　それはそれで……ねぇ、日向？　にひひっ氈v%K%P
「女騎士ならぬ女装騎士っていうのも、\n　それはそれで……ねぇ、日向？　にひひっ氈v%K%P
%LC陽菜
%LC陽菜
「やっ、ちょっ……はっ、んぅうっ」%K%P
「やっ、ちょっ……はっ、んぅうっ」%K%P
悪戯っぽく笑いながら、梨理ちゃんが手を動かす。%K%P
悪戯っぽく笑いながら、梨理ちゃんが手を動かす。%K%P
腰にしがみついた彼女の手が動くたび、\nオレのペニスがびくびくっと脈を打つ。%K%P
腰にしがみついた彼女の手が動くたび、\nオレのペニスがびくびくっと脈を打つ。%K%P
%LC陽菜
%LC陽菜
「はうっ……もうっ、なんでこんなことにっ……」%K%P
「はうっ……もうっ、なんでこんなことにっ……」%K%P
%LC梨理
%LC梨理
「諦めてください、センセ。\n　私の前で鎧を着たのが運の尽きです」%K%P
「諦めてください、センセ。\n　私の前で鎧を着たのが運の尽きです」%K%P
%LC梨理
%LC梨理
「実をいうと、センセがこれを試着した日も、\n　内心うずうずしてはいたんです」%K%P
「実をいうと、センセがこれを試着した日も、\n　内心うずうずしてはいたんです」%K%P
%LC梨理
%LC梨理
「ただ、あのときは上級生の方々もいたので。\n　さすがに、ぐっと我慢したわけですが」%K%P
「ただ、あのときは上級生の方々もいたので。\n　さすがに、ぐっと我慢したわけですが」%K%P
%LC陽菜
%LC陽菜
「それじゃあ、試着のあと、\n　部室でやたらえっちになってたのって……」%K%P
「それじゃあ、試着のあと、\n　部室でやたらえっちになってたのって……」%K%P
%LC梨理
%LC梨理
「くすっ、ですね。我慢した分の欲求不満で、\n　積極的になったってのはあるかもです」%K%P
「くすっ、ですね。我慢した分の欲求不満で、\n　積極的になったってのはあるかもです」%K%P
%LC梨理
%LC梨理
「とはいえ、あの日はセンセのスイッチが入って、\n　私は圧倒されっぱなしでしたけど……氈v%K%P
「とはいえ、あの日はセンセのスイッチが入って、\n　私は圧倒されっぱなしでしたけど……氈v%K%P
%LC陽菜
%LC陽菜
「記憶の改ざんよくないっ。\n　あの日は梨理ちゃんのほうがえっちで――」%K%P
「記憶の改ざんよくないっ。\n　あの日は梨理ちゃんのほうがえっちで――」%K%P
%LC梨理
%LC梨理
「えいっ氈v%K%P
「えいっ氈v%K%P
%LC陽菜
%LC陽菜
「んやあっ氈v%K%P
「んやあっ氈v%K%P
話の途中でいきなりペニスを握られ、\n否応なく声をあげてしまう。%K%P
話の途中でいきなりペニスを握られ、\n否応なく声をあげてしまう。%K%P
%LC梨理
%LC梨理
「センセは私の方がえっちだって言いますけど。\n　センセのほうが３０００倍えっちですからね？」%K%P
「センセは私の方がえっちだって言いますけど。\n　センセのほうが３０００倍えっちですからね？」%K%P
%LC梨理
%LC梨理
「私の吐息だけでイッて、咽の奥にも射精して、\n　そのあと立て続けに２回も{膣内射精:なかだし}して」%K%P
「私の吐息だけでイッて、咽の奥にも射精して、\n　そのあと立て続けに２回も{膣内射精:なかだし}して」%K%P
%LC梨理
%LC梨理
「このぶっといおち○ぽで私をひぃひぃ言わせたのは、\n　どこの誰です？　ねぇ、センセっ氈v%K%P
「このぶっといおち○ぽで私をひぃひぃ言わせたのは、\n　どこの誰です？　ねぇ、センセっ氈v%K%P
%LC陽菜
%LC陽菜
「んやっ、待ってっ……だめだってば、\n　そんなに強く、にぎにぎしちゃっ……」%K%P
「んやっ、待ってっ……だめだってば、\n　そんなに強く、にぎにぎしちゃっ……」%K%P
%LC梨理
%LC梨理
「ぎゅっ、ぎゅっ氈@しこっ、しこっ氈v%K%P
「ぎゅっ、ぎゅっ氈@しこっ、しこっ氈v%K%P
%LC陽菜
%LC陽菜
「くあうっ氈@だめ、梨理ちゃっ……ああっ氈v%K%P
「くあうっ氈@だめ、梨理ちゃっ……ああっ氈v%K%P
%LC梨理
%LC梨理
「センセ、嘘はよくないですよ？」%K%P
「センセ、嘘はよくないですよ？」%K%P
%LC梨理
%LC梨理
「そんなふうに、イヤとかダメとか言っても、\n　おち○ぽはちーゃんと反応しちゃってますし」%K%P
「そんなふうに、イヤとかダメとか言っても、\n　おち○ぽはちーゃんと反応しちゃってますし」%K%P
%LC梨理
%LC梨理
「私の手の中で、びくッ、びくッて……くすっ、\n　これ、本気で扱いたら、秒でイキそうっ……氈v%K%P
「私の手の中で、びくッ、びくッて……くすっ、\n　これ、本気で扱いたら、秒でイキそうっ……氈v%K%P
%LC陽菜
%LC陽菜
「秒って……さすがに盛りすぎっ」%K%P
「秒って……さすがに盛りすぎっ」%K%P
こんな情けない格好しちゃってる時点で、\nあんまり強くは反論できないんだけど。%K%P
こんな情けない格好しちゃってる時点で、\nあんまり強くは反論できないんだけど。%K%P
それでも、さっき握られたばかりで、\nここから１分保たずに射精ってことは――、%K%P
それでも、さっき握られたばかりで、\nここから１分保たずに射精ってことは――、%K%P
%LC梨理
%LC梨理
「なら、実際に試してみます？」%K%P
「なら、実際に試してみます？」%K%P
%LC陽菜
%LC陽菜
「え……？」%K%P
「え……？」%K%P
%LC梨理
%LC梨理
「もし秒でイカせられなかったら、\n　センセの言うこと、なんでも聞きますよ？」%K%P
「もし秒でイカせられなかったら、\n　センセの言うこと、なんでも聞きますよ？」%K%P
%LC梨理
%LC梨理
「放課後の学園を裸に首輪で散歩してもいいですし、\n　センセの机で角オナしてもいいですし――」%K%P
「放課後の学園を裸に首輪で散歩してもいいですし、\n　センセの机で角オナしてもいいですし――」%K%P
%LC梨理
%LC梨理
「なんなら、授業中のセンセの机の下に隠れて、\n　フェラしてごっくんしてもいいです」%K%P
「なんなら、授業中のセンセの机の下に隠れて、\n　フェラしてごっくんしてもいいです」%K%P
%LC陽菜
%LC陽菜
「なんでそんな具体的なのっ。\n　っていうかそんなこと頼まないからっ」%K%P
「なんでそんな具体的なのっ。\n　っていうかそんなこと頼まないからっ」%K%P
%LC梨理
%LC梨理
「なら……このあと私のこと、\n　めちゃくちゃにしちゃいますか？」%K%P
「なら……このあと私のこと、\n　めちゃくちゃにしちゃいますか？」%K%P
%LC梨理
%LC梨理
「今とは逆に、私が犯される役で……ね？\n　私が、くっ殺せって、やってもいいですよ？」%K%P
「今とは逆に、私が犯される役で……ね？\n　私が、くっ殺せって、やってもいいですよ？」%K%P
%LC陽菜
%LC陽菜
「ッ……」%K%P
「ッ……」%K%P
不意に声のトーンが変わって、囁くように言われて。%K%P
不意に声のトーンが変わって、囁くように言われて。%K%P
不意を突かれて空白が生まれた脳裏に、\n梨理ちゃんの言葉通りの想像が、ぶわっと――、%K%P
不意を突かれて空白が生まれた脳裏に、\n梨理ちゃんの言葉通りの想像が、ぶわっと――、%K%P
%LC梨理
%LC梨理
「くすっ……氈@おち○ぽ、すっごい……歃n　いまの一言で、カウパー、だらだらぁーって……」%K%P
「くすっ……氈@おち○ぽ、すっごい……歃n　いまの一言で、カウパー、だらだらぁーって……」%K%P
%LC陽菜
%LC陽菜
「ちっ、ちがっ……？！　いま反応したのは、\n　梨理ちゃんが想像させるようなこと言うからっ」%K%P
「ちっ、ちがっ……？！　いま反応したのは、\n　梨理ちゃんが想像させるようなこと言うからっ」%K%P
%LC梨理
%LC梨理
「いいんですよ？　センセ。誤魔化さなくても」%K%P
「いいんですよ？　センセ。誤魔化さなくても」%K%P
%LC梨理
%LC梨理
「んふ、にひひっ……氈@そっかそっかぁ、\n　センセ、そんなふうに犯したいんだ……？」%K%P
「んふ、にひひっ……氈@そっかそっかぁ、\n　センセ、そんなふうに犯したいんだ……？」%K%P
%LC梨理
%LC梨理
「なら、秒でおち○ぽイカされないように、\n　ちゃーんと我慢しないとですね……？」%K%P
「なら、秒でおち○ぽイカされないように、\n　ちゃーんと我慢しないとですね……？」%K%P
%LC梨理
%LC梨理
「センセ、いきますよ？　それでは……じゅーう」%K%P
「センセ、いきますよ？　それでは……じゅーう」%K%P
%LC陽菜
%LC陽菜
「くッ……」%K%P
「くッ……」%K%P
いきなりカウントダウンを始められ、全身が強張る。%K%P
いきなりカウントダウンを始められ、全身が強張る。%K%P
って、射精を我慢する場合って、\n力は抜くのと入れるの、どっちにすべき……？%K%P
って、射精を我慢する場合って、\n力は抜くのと入れるの、どっちにすべき……？%K%P
%LC梨理
%LC梨理
「くすっ、だいじょぶですよ？　センセ。\n　そんなに緊張しなくてもっ……きゅーうっ」%K%P
「くすっ、だいじょぶですよ？　センセ。\n　そんなに緊張しなくてもっ……きゅーうっ」%K%P
%LC梨理
%LC梨理
「私はただ、おち○ぽしこしこしながら、\n　カウントダウンしてるだけなので……はーち」%K%P
「私はただ、おち○ぽしこしこしながら、\n　カウントダウンしてるだけなので……はーち」%K%P
%LC梨理
%LC梨理
「力を抜いて、リラックスして……それで、\n　おち○ぽのことだけ、考えて……なーな」%K%P
「力を抜いて、リラックスして……それで、\n　おち○ぽのことだけ、考えて……なーな」%K%P
%LC梨理
%LC梨理
「ふふっ、さきっぽ、なでなでしちゃいますね？\n　亀頭をなでなで、なでなでっ氈@ろーく」%K%P
「ふふっ、さきっぽ、なでなでしちゃいますね？\n　亀頭をなでなで、なでなでっ氈@ろーく」%K%P
%LC梨理
%LC梨理
「わはっ……氈@おち○ぽ、びくって……いまの、\n　そんなに気持ちよかったですか？　ごーお」%K%P
「わはっ……氈@おち○ぽ、びくって……いまの、\n　そんなに気持ちよかったですか？　ごーお」%K%P
%LC梨理
%LC梨理
「なら、おしっこの割れ目を、指の先でぇ……。\n　こすこす、ぐりっ、ぐりっ氈@ふふっ、よーんっ」%K%P
「なら、おしっこの割れ目を、指の先でぇ……。\n　こすこす、ぐりっ、ぐりっ氈@ふふっ、よーんっ」%K%P
%LC梨理
%LC梨理
「んっ、はあっ……にひひっ、センセのおち○ぽ、\n　射精秒読みになってきましたよっ？　さーんっ」%K%P
「んっ、はあっ……にひひっ、センセのおち○ぽ、\n　射精秒読みになってきましたよっ？　さーんっ」%K%P
%LC陽菜
%LC陽菜
「ぐっ……そ、そんな、ことっ……」%K%P
「ぐっ……そ、そんな、ことっ……」%K%P
%LC梨理
%LC梨理
「でもほら、扱くと手の中で、びくって……ふふっ、\n　しこっ、しこっ氈@しこしこっ氈@にーいっ」%K%P
「でもほら、扱くと手の中で、びくって……ふふっ、\n　しこっ、しこっ氈@しこしこっ氈@にーいっ」%K%P
%LC陽菜
%LC陽菜
「はぐっ……くッ、はあっ、んんっ」%K%P
「はぐっ……くッ、はあっ、んんっ」%K%P
最初はゆっくり扱いていた梨理ちゃんの手が、\n残り秒数が減るごとに、どんどん早くなっていく。%K%P
最初はゆっくり扱いていた梨理ちゃんの手が、\n残り秒数が減るごとに、どんどん早くなっていく。%K%P
けど、そういう仕掛けは予想の範疇だし、\n確かに気持ちいいけど、これなら、なんとか――、%K%P
けど、そういう仕掛けは予想の範疇だし、\n確かに気持ちいいけど、これなら、なんとか――、%K%P
%LC梨理
%LC梨理
「ところで……センセ。前、見てください氈v%K%P
「ところで……センセ。前、見てください氈v%K%P
%LC陽菜
%LC陽菜
「えっ……？　前って――」%K%P
「えっ……？　前って――」%K%P
言われるまま正面をちらっと見れば、\nそこには、着替えるために使った姿見が。%K%P
言われるまま正面をちらっと見れば、\nそこには、着替えるために使った姿見が。%K%P
%LC陽菜
%LC陽菜
「あ……」%K%P
「あ……」%K%P
姿見に映っているのは、もちろん、自分の姿。%K%P
姿見に映っているのは、もちろん、自分の姿。%K%P
四つん這いみたいな格好でペニスを握られた、\nとっても情けない女騎士――、%K%P
四つん這いみたいな格好でペニスを握られた、\nとっても情けない女騎士――、%K%P
%LC梨理
%LC梨理
「くすっ、どうです？　これが凜々しい女騎士が、\n　悔しいけど感じちゃってる情けない顔です」%K%P
「くすっ、どうです？　これが凜々しい女騎士が、\n　悔しいけど感じちゃってる情けない顔です」%K%P
%LC梨理
%LC梨理
「私が見たくなっちゃう気持ち、これなら、\n　よーくわかってくれますよねっ？　いーちっ」%K%P
「私が見たくなっちゃう気持ち、これなら、\n　よーくわかってくれますよねっ？　いーちっ」%K%P
%LC陽菜
%LC陽菜
「あ……ああっ、あああっ……」%K%P
「あ……ああっ、あああっ……」%K%P
視覚情報のインパクトは、一瞬で理性を崩す。%K%P
視覚情報のインパクトは、一瞬で理性を崩す。%K%P
梨理ちゃんの握るオレのペニスが、\nびくびく震えるのを見た時点で、危うくて。%K%P
梨理ちゃんの握るオレのペニスが、\nびくびく震えるのを見た時点で、危うくて。%K%P
自分の顔を見たら、なんかもう、\n頭の中が、わーってなるほど、恥ずかしくて。%K%P
自分の顔を見たら、なんかもう、\n頭の中が、わーってなるほど、恥ずかしくて。%K%P
%LC梨理
%LC梨理
「と、いうことで……さぁセンセ？\n　情けなく射精するお時間ですっ……氈v%K%P
「と、いうことで……さぁセンセ？\n　情けなく射精するお時間ですっ……氈v%K%P
%LC梨理
%LC梨理
「私と一緒に、自分のイキ顔を眺めながら、\n　たっぷりどびゅっと、しちゃってくだ……さいっ氈v%K%P
「私と一緒に、自分のイキ顔を眺めながら、\n　たっぷりどびゅっと、しちゃってくだ……さいっ氈v%K%P
%LC陽菜
%LC陽菜
「あっ、ああっ、いくッ……ぐっ、ああああっ！」%K%P
「あっ、ああっ、いくッ……ぐっ、ああああっ！」%K%P
%LC陽菜
%LC陽菜
「ひぐっ……ぐっ、やあっ、あっ、ああっ、\n　やっ、だめっ……はっ、ああっ、あああっ」%K%P
「ひぐっ……ぐっ、やあっ、あっ、ああっ、\n　やっ、だめっ……はっ、ああっ、あああっ」%K%P
%LC梨理
%LC梨理
「んふっ、にひひ氈@おち○ぽ、すっごいっ歃n　牛の乳搾りをしてるみたいっ……氈v%K%P
「んふっ、にひひ氈@おち○ぽ、すっごいっ歃n　牛の乳搾りをしてるみたいっ……氈v%K%P
%LC梨理
%LC梨理
「ほらほらセンセっ、すごいですよっ？\n　おち○ぽから、ミルクが、どばーっ氈@って氈v%K%P
「ほらほらセンセっ、すごいですよっ？\n　おち○ぽから、ミルクが、どばーっ氈@って氈v%K%P
%LC陽菜
%LC陽菜
「はうっ、やあっ……あっ、ああああっ氈v%K%P
「はうっ、やあっ……あっ、ああああっ氈v%K%P
堪えようとすればするほど力が入って、\n力んだペニスから、勢いよく精子が溢れ出る。%K%P
堪えようとすればするほど力が入って、\n力んだペニスから、勢いよく精子が溢れ出る。%K%P
いつもは上向きで射精することも多いから、\nこんなふうにペニスが下を向いてるのは珍しくて。%K%P
いつもは上向きで射精することも多いから、\nこんなふうにペニスが下を向いてるのは珍しくて。%K%P
その光景が、梨理ちゃんの言う、\n牛の乳搾りをことさら強烈に連想させた。%K%P
その光景が、梨理ちゃんの言う、\n牛の乳搾りをことさら強烈に連想させた。%K%P
%LC陽菜
%LC陽菜
「あっ、ああっ……ほんとに、\n　精子が、ミルクみたいにっ……」%K%P
「あっ、ああっ……ほんとに、\n　精子が、ミルクみたいにっ……」%K%P
%LC梨理
%LC梨理
「はいっ氈@センセのおち○ぽミルク、\n　たっぷりたぷたぷ、大量ですっ氈v%K%P
「はいっ氈@センセのおち○ぽミルク、\n　たっぷりたぷたぷ、大量ですっ氈v%K%P
%LC梨理
%LC梨理
「これ、最後の一滴まで搾っちゃいますねっ？」%K%P
「これ、最後の一滴まで搾っちゃいますねっ？」%K%P
%LC陽菜
%LC陽菜
「まっ、待ってっ？　いまぎゅーってしたら、\n　腰が抜けちゃう、抜けちゃう、からっ……」%K%P
「まっ、待ってっ？　いまぎゅーってしたら、\n　腰が抜けちゃう、抜けちゃう、からっ……」%K%P
%LC梨理
%LC梨理
「にひひっ氈@センセってばホント、\n　そのお約束が好きですね？」%K%P
「にひひっ氈@センセってばホント、\n　そのお約束が好きですね？」%K%P
%LC梨理
%LC梨理
「そんなふうに可愛く言われたら、\n　我慢できるはずないじゃないですかっ氈v%K%P
「そんなふうに可愛く言われたら、\n　我慢できるはずないじゃないですかっ氈v%K%P
%LC陽菜
%LC陽菜
「待って、ほんと、ほんとに腰がっ……」%K%P
「待って、ほんと、ほんとに腰がっ……」%K%P
%LC梨理
%LC梨理
「ぎゅっ氈@ぎゅっ氈@ぎゅぅううー氈v%K%P
「ぎゅっ氈@ぎゅっ氈@ぎゅぅううー氈v%K%P
%LC陽菜
%LC陽菜
「あァっ氈v%K%P
「あァっ氈v%K%P
短い悲鳴とともに、腰の力が抜ける。%K%P
短い悲鳴とともに、腰の力が抜ける。%K%P
完全に抜けて、崩れ落ちるはずの身体を、\n梨理ちゃんの両手がしっかりと抱き支えた。%K%P
完全に抜けて、崩れ落ちるはずの身体を、\n梨理ちゃんの両手がしっかりと抱き支えた。%K%P
%LC陽菜
%LC陽菜
「はあっ、はあっ……梨理ちゃん、ありがと……」%K%P
「はあっ、はあっ……梨理ちゃん、ありがと……」%K%P
%LC梨理
%LC梨理
「にひひっ氈@私がなにも考えずに、\n　この体勢でしこしこしてたと思いました？」%K%P
「にひひっ氈@私がなにも考えずに、\n　この体勢でしこしこしてたと思いました？」%K%P
%LC梨理
%LC梨理
「辱めるための四つん這いも、正面の姿見も、\n　腰が抜けたときのフォローも、計算尽くですっ氈v%K%P
「辱めるための四つん這いも、正面の姿見も、\n　腰が抜けたときのフォローも、計算尽くですっ氈v%K%P
%LC陽菜
%LC陽菜
「ぐっ……梨理ちゃんってば、なんてっ……」%K%P
「ぐっ……梨理ちゃんってば、なんてっ……」%K%P
%LC梨理
%LC梨理
「えっちな子、でしょっ？　にひひっ氈v%K%P
「えっちな子、でしょっ？　にひひっ氈v%K%P
%LC陽菜
%LC陽菜
「うぅ……ほんと、エロすぎだってばっ……」%K%P
「うぅ……ほんと、エロすぎだってばっ……」%K%P
鏡に映る自分の目は、我ながら笑いそうなぐらい、\n拗ねて、むすっとして、ジトっとしていて。%K%P
鏡に映る自分の目は、我ながら笑いそうなぐらい、\n拗ねて、むすっとして、ジトっとしていて。%K%P
%LC梨理
%LC梨理
「じゃあ、せっかくなので……お言葉に甘えて、\n　もっとエロくなっちゃいますね？」%K%P
「じゃあ、せっかくなので……お言葉に甘えて、\n　もっとエロくなっちゃいますね？」%K%P
%LC陽菜
%LC陽菜
「……へ？」%K%P
「……へ？」%K%P
%LC梨理
%LC梨理
「射精勝負は、センセの負けだったわけで。\n　なら、なんでも言うこと聞くべきですよね？」%K%P
「射精勝負は、センセの負けだったわけで。\n　なら、なんでも言うこと聞くべきですよね？」%K%P
%LC陽菜
%LC陽菜
「ズルいよ、後出しで、そんな」%K%P
「ズルいよ、後出しで、そんな」%K%P
%LC梨理
%LC梨理
「ズルくないです。恨むなら、\n　ご自分のよわよわおち○ぽを恨んでください氈v%K%P
「ズルくないです。恨むなら、\n　ご自分のよわよわおち○ぽを恨んでください氈v%K%P
%LC梨理
%LC梨理
「ではでは、さっそく……えいっ氈v%K%P
「ではでは、さっそく……えいっ氈v%K%P
%LC陽菜
%LC陽菜
「ひゃんっ？！」%K%P
「ひゃんっ？！」%K%P
腰にしがみついた梨理ちゃんが、\n横へ転がるように、そのまま倒れ込む。%K%P
腰にしがみついた梨理ちゃんが、\n横へ転がるように、そのまま倒れ込む。%K%P
抱きつかれていたオレも一緒に転がると、\n畳の上に、仰向けに寝転がって――、%K%P
抱きつかれていたオレも一緒に転がると、\n畳の上に、仰向けに寝転がって――、%K%P
%LC陽菜
%LC陽菜
「わ……」%K%P
「わ……」%K%P
気づいたら、梨理ちゃんがオレの上にいた。%K%P
気づいたら、梨理ちゃんがオレの上にいた。%K%P
というか、両足を持ち上げられた状態で、\nその上にのし掛かられてる、この体勢って――、%K%P
というか、両足を持ち上げられた状態で、\nその上にのし掛かられてる、この体勢って――、%K%P
%LC梨理
%LC梨理
「にっひひっ氈@いまのセンセ、\n　どこからどう見ても女の子ですよ？」%K%P
「にっひひっ氈@いまのセンセ、\n　どこからどう見ても女の子ですよ？」%K%P
%LC陽菜
%LC陽菜
「くっ……もうっ、今度はなにっ」%K%P
「くっ……もうっ、今度はなにっ」%K%P
%LC梨理
%LC梨理
「もちろん、くっころなセンセを堪能するんです氈v%K%P
「もちろん、くっころなセンセを堪能するんです氈v%K%P
%LC陽菜
%LC陽菜
「それなら、さっきので充分じゃっ……」%K%P
「それなら、さっきので充分じゃっ……」%K%P
%LC梨理
%LC梨理
「ダメです、さっきのじゃ。\n　くっころ成分がぜんぜん足りません」%K%P
「ダメです、さっきのじゃ。\n　くっころ成分がぜんぜん足りません」%K%P
%LC梨理
%LC梨理
「女騎士たるもの、陵辱されるときは、\n　こうして相手に組み伏せられていないと……氈v%K%P
「女騎士たるもの、陵辱されるときは、\n　こうして相手に組み伏せられていないと……氈v%K%P
%LC陽菜
%LC陽菜
「んッ……」%K%P
「んッ……」%K%P
見上げるオレの視界には、天井が見えないほど、\n梨理ちゃんの妖艶な笑みが眼前にあって。%K%P
見上げるオレの視界には、天井が見えないほど、\n梨理ちゃんの妖艶な笑みが眼前にあって。%K%P
たしかに、この体勢じゃなきゃ……なんて、\nそんなことを思わせる説得力があった。%K%P
たしかに、この体勢じゃなきゃ……なんて、\nそんなことを思わせる説得力があった。%K%P
%LC梨理
%LC梨理
「センセのおち○ぽがよわよわでなければ、\n　今頃はセンセが上になってたんですけど――」%K%P
「センセのおち○ぽがよわよわでなければ、\n　今頃はセンセが上になってたんですけど――」%K%P
%LC梨理
%LC梨理
「おち○ぽよわよわで……残念でしたっ氈v%K%P
「おち○ぽよわよわで……残念でしたっ氈v%K%P
――ぬぷぷぷっ%K%P
――ぬぷぷぷっ%K%P
%LC陽菜
%LC陽菜
「んいッ……？！　やうっ、はぐっ、んんっ」%K%P
「んいッ……？！　やうっ、はぐっ、んんっ」%K%P
たっぷり射精してもガチガチに固いペニスを、\n梨理ちゃん自ら、膣内へと招き入れる。%K%P
たっぷり射精してもガチガチに固いペニスを、\n梨理ちゃん自ら、膣内へと招き入れる。%K%P
為す術なく組み伏せられたこともだけど、\nそれ以上に、体勢のインパクトがありすぎる。%K%P
為す術なく組み伏せられたこともだけど、\nそれ以上に、体勢のインパクトがありすぎる。%K%P
Ｍ字開脚のように両足を拡げられて、\nそれだけでも、羞恥心が焚きつけられてしまう。%K%P
Ｍ字開脚のように両足を拡げられて、\nそれだけでも、羞恥心が焚きつけられてしまう。%K%P
というか、そもそもこの格好って――、%K%P
というか、そもそもこの格好って――、%K%P
%LC梨理
%LC梨理
「はあっ、あふっ……くす、にひひっ氈@センセ、\n　おしめを取り替えられてる赤ちゃんみたい氈v%K%P
「はあっ、あふっ……くす、にひひっ氈@センセ、\n　おしめを取り替えられてる赤ちゃんみたい氈v%K%P
%LC梨理
%LC梨理
「すっごく情けない格好で……しかも、\n　恥じらう顔が、私から丸見えでっ……氈v%K%P
「すっごく情けない格好で……しかも、\n　恥じらう顔が、私から丸見えでっ……氈v%K%P
%LC陽菜
%LC陽菜
「くっ……こんな体勢、本気をだせばっ……！」%K%P
「くっ……こんな体勢、本気をだせばっ……！」%K%P
抑え込まれている両足に力を込めて、\n梨理ちゃんを押し返そうとする、けど。%K%P
抑え込まれている両足に力を込めて、\n梨理ちゃんを押し返そうとする、けど。%K%P
%LC陽菜
%LC陽菜
「えっ……あ、あれっ？　なんでっ……？」%K%P
「えっ……あ、あれっ？　なんでっ……？」%K%P
どんなに気合いを込めても、\n覆い被さる梨理ちゃんを跳ね返せない。%K%P
どんなに気合いを込めても、\n覆い被さる梨理ちゃんを跳ね返せない。%K%P
それどころか、こっちの顔を覗き込むように、\n彼女はますます上体を寄せてきた。%K%P
それどころか、こっちの顔を覗き込むように、\n彼女はますます上体を寄せてきた。%K%P
%LC梨理
%LC梨理
「無駄ですよ？　センセ。\n　言いましたよね？　計算尽くだって」%K%P
「無駄ですよ？　センセ。\n　言いましたよね？　計算尽くだって」%K%P
%LC梨理
%LC梨理
「普段なら、私がこうして押さえつけても、\n　男の子の力で逃げられちゃいますけど――」%K%P
「普段なら、私がこうして押さえつけても、\n　男の子の力で逃げられちゃいますけど――」%K%P
%LC梨理
%LC梨理
「センセ、いま腰が抜けちゃってるでしょ？」%K%P
「センセ、いま腰が抜けちゃってるでしょ？」%K%P
%LC陽菜
%LC陽菜
「あ……」%K%P
「あ……」%K%P
そうだった。そもそもそのせいで、\nこんなにあっさり組み伏せられちゃったわけで。%K%P
そうだった。そもそもそのせいで、\nこんなにあっさり組み伏せられちゃったわけで。%K%P
%LC梨理
%LC梨理
「にひひっ氈@逃げられないってこと、\n　わかってもらえました？」%K%P
「にひひっ氈@逃げられないってこと、\n　わかってもらえました？」%K%P
%LC梨理
%LC梨理
「だから、あとは……私におち○ぽ犯されて、\n　精子たっぷり、どびゅどびゅしてくださいっ氈v%K%P
「だから、あとは……私におち○ぽ犯されて、\n　精子たっぷり、どびゅどびゅしてくださいっ氈v%K%P
%LC陽菜
%LC陽菜
「やっ……あっ、はあっ、んぅんッ」%K%P
「やっ……あっ、はあっ、んぅんッ」%K%P
オレを押さえつけた梨理ちゃんが、\n腰をぐんっと押し込んでくる。%K%P
オレを押さえつけた梨理ちゃんが、\n腰をぐんっと押し込んでくる。%K%P
当然、オレのペニスが彼女の膣内を、\n奥のほう目掛けて突き進んでいく、けど。%K%P
当然、オレのペニスが彼女の膣内を、\n奥のほう目掛けて突き進んでいく、けど。%K%P
%LC陽菜
%LC陽菜
「はぁっ、あっ、なっ……なに、これっ、\n　なんでこんなに、ぞくって……くっ、はあっ」%K%P
「はぁっ、あっ、なっ……なに、これっ、\n　なんでこんなに、ぞくって……くっ、はあっ」%K%P
体勢としては騎乗位に近いし、そもそも、\nペニスを挿入しているのはオレの方なのに。%K%P
体勢としては騎乗位に近いし、そもそも、\nペニスを挿入しているのはオレの方なのに。%K%P
梨理ちゃんが腰を上下させるたび、\nありえない快感が、腰いっぱいにっ……。%K%P
梨理ちゃんが腰を上下させるたび、\nありえない快感が、腰いっぱいにっ……。%K%P
%LC陽菜
%LC陽菜
「はあっ……やっ、だめっ、梨理ちゃん、\n　そんなにはげしく、動いちゃっ……んぁうッ」%K%P
「はあっ……やっ、だめっ、梨理ちゃん、\n　そんなにはげしく、動いちゃっ……んぁうッ」%K%P
%LC梨理
%LC梨理
「くすっ、センセ？　どうしてって顔してますよ？\n　なんでこんなに気持ちいいのって」%K%P
「くすっ、センセ？　どうしてって顔してますよ？\n　なんでこんなに気持ちいいのって」%K%P
%LC陽菜
%LC陽菜
「んぐっ……だ、だって、だってこんなっ、\n　こんなのまるでっ……」%K%P
「んぐっ……だ、だって、だってこんなっ、\n　こんなのまるでっ……」%K%P
%LC梨理
%LC梨理
「女の子みたい、ですか？」%K%P
「女の子みたい、ですか？」%K%P
%LC陽菜
%LC陽菜
「んぅッ……！」%K%P
「んぅッ……！」%K%P
ずばり言われて、顔が熱くなる。%K%P
ずばり言われて、顔が熱くなる。%K%P
ウィッグをつけて女の子の服を着ていても、\n女装潜入生活のために、口調や仕草を変えても。%K%P
ウィッグをつけて女の子の服を着ていても、\n女装潜入生活のために、口調や仕草を変えても。%K%P
それでも、股間にペニスがある限り、\nオレが男なのは、間違いないはずなのに。%K%P
それでも、股間にペニスがある限り、\nオレが男なのは、間違いないはずなのに。%K%P
なのにそのペニスが、いまは梨理ちゃんの膣内で、\n完全に囚われて、まったくもって無力で。%K%P
なのにそのペニスが、いまは梨理ちゃんの膣内で、\n完全に囚われて、まったくもって無力で。%K%P
%LC梨理
%LC梨理
「いまのセンセは腰が抜けた上に、\n　押さえつけられちゃってるわけですから」%K%P
「いまのセンセは腰が抜けた上に、\n　押さえつけられちゃってるわけですから」%K%P
%LC梨理
%LC梨理
「どんなにおち○ぽがおっきくてガチガチでも、\n　動かせないなら、それこそ雑魚雑魚ですっ氈v%K%P
「どんなにおち○ぽがおっきくてガチガチでも、\n　動かせないなら、それこそ雑魚雑魚ですっ氈v%K%P
%LC梨理
%LC梨理
「むしろ、おっきなぶんだけ、\n　やられ放題、され放題なんですよ？」%K%P
「むしろ、おっきなぶんだけ、\n　やられ放題、され放題なんですよ？」%K%P
%LC梨理
%LC梨理
「おっきいってことは、それだけ、\n　こすれちゃう範囲も、広いわけでっ……氈v%K%P
「おっきいってことは、それだけ、\n　こすれちゃう範囲も、広いわけでっ……氈v%K%P
%LC梨理
%LC梨理
「ねっ？　どうです？　私のおま○こに、\n　おち○ぽ犯されちゃってる感じはっ……氈v%K%P
「ねっ？　どうです？　私のおま○こに、\n　おち○ぽ犯されちゃってる感じはっ……氈v%K%P
%LC陽菜
%LC陽菜
「お、犯されるってっ……」%K%P
「お、犯されるってっ……」%K%P
%LC梨理
%LC梨理
「私におち○ぽがあれば、センセのこと、\n　ホントに犯してあげられたんですけど――」%K%P
「私におち○ぽがあれば、センセのこと、\n　ホントに犯してあげられたんですけど――」%K%P
%LC梨理
%LC梨理
「残念ながら、私にはコレしかないので。\n　コレで、センセを犯しちゃいますねっ……氈v%K%P
「残念ながら、私にはコレしかないので。\n　コレで、センセを犯しちゃいますねっ……氈v%K%P
%LC梨理
%LC梨理
「今日はそういう日なので……。\n　覚悟決めてくださいっ、センセっ……氈v%K%P
「今日はそういう日なので……。\n　覚悟決めてくださいっ、センセっ……氈v%K%P
%LC陽菜
%LC陽菜
「んうっ、はあっ氈@はぐっ、あっ、ああっ氈v%K%P
「んうっ、はあっ氈@はぐっ、あっ、ああっ氈v%K%P
悪戯っぽく笑った梨理ちゃんのピストン運動が、\nオレのアイデンティティを溶かしていく。%K%P
悪戯っぽく笑った梨理ちゃんのピストン運動が、\nオレのアイデンティティを溶かしていく。%K%P
一方的に腰を使われて、ただただ気持ちよくて。%K%P
一方的に腰を使われて、ただただ気持ちよくて。%K%P
こんなの、本当に、女の子みたいで――、%K%P
こんなの、本当に、女の子みたいで――、%K%P
%LC梨理
%LC梨理
「んくっ……はあっ、ぐっ、くっ、はあっ、\n　もっと、もっと、もっと腰っ、もっとぉっ」%K%P
「んくっ……はあっ、ぐっ、くっ、はあっ、\n　もっと、もっと、もっと腰っ、もっとぉっ」%K%P
%LC陽菜
%LC陽菜
「くあっ、ああっ氈@待って、それ待って、\n　だめだよそれ、だめ、ち○ぽ、おかしくなるっ」%K%P
「くあっ、ああっ氈@待って、それ待って、\n　だめだよそれ、だめ、ち○ぽ、おかしくなるっ」%K%P
%LC梨理
%LC梨理
「だいじょぶです、センセっ氈@私のおま○こも、\n　ただいま絶賛、おかしくなってるのでっ氈v%K%P
「だいじょぶです、センセっ氈@私のおま○こも、\n　ただいま絶賛、おかしくなってるのでっ氈v%K%P
%LC陽菜
%LC陽菜
「それぜんぜん大丈夫じゃないからっ」%K%P
「それぜんぜん大丈夫じゃないからっ」%K%P
%LC梨理
%LC梨理
「いいえ、だいじょうぶですっ氈@センセが先に、\n　おかしくなっちゃえばっ……くッ、えいっ氈v%K%P
「いいえ、だいじょうぶですっ氈@センセが先に、\n　おかしくなっちゃえばっ……くッ、えいっ氈v%K%P
%LC陽菜
%LC陽菜
「ふみぃっ？！　ひうッ……はっ、あああっ氈v%K%P
「ふみぃっ？！　ひうッ……はっ、あああっ氈v%K%P
可愛い掛け声とともに膣圧がぐんとあがって、\nペニスにくわわる刺激が一気に膨らむ。%K%P
可愛い掛け声とともに膣圧がぐんとあがって、\nペニスにくわわる刺激が一気に膨らむ。%K%P
囚われた竿はお手上げ状態で、\n梨理ちゃんのおま○こに揉みくちゃにされて。%K%P
囚われた竿はお手上げ状態で、\n梨理ちゃんのおま○こに揉みくちゃにされて。%K%P
神経を乗っ取ってくるような強い快感に、\n頭の中は、線香花火みたいにパチパチ弾けて。%K%P
神経を乗っ取ってくるような強い快感に、\n頭の中は、線香花火みたいにパチパチ弾けて。%K%P
%LC梨理
%LC梨理
「んぁうっ、おち○ぽすごいっ……歃n　膣内で、びくびく跳ねてっ……はあっ」%K%P
「んぁうっ、おち○ぽすごいっ……歃n　膣内で、びくびく跳ねてっ……はあっ」%K%P
%LC梨理
%LC梨理
「いくら腰が動かなくても、これじゃ……あんっ、\n　でも、どうにか、ぎゅって、すればっ……」%K%P
「いくら腰が動かなくても、これじゃ……あんっ、\n　でも、どうにか、ぎゅって、すればっ……」%K%P
%LC陽菜
%LC陽菜
「ああっ、いぐッ……くぅ、あああっ！」%K%P
「ああっ、いぐッ……くぅ、あああっ！」%K%P
%LC梨理
%LC梨理
「みゃぅうっ？！　あっ、あああっ……！？\n　うそ、おち○ぽ暴れてっ……んやんっ？！」%K%P
「みゃぅうっ？！　あっ、あああっ……！？\n　うそ、おち○ぽ暴れてっ……んやんっ？！」%K%P
%LC梨理
%LC梨理
「あっ、ああっ……氈@すごい、びゅびゅーって、\n　おち○ぽから、精子がぁ……あぁ、ああっ……」%K%P
「あっ、ああっ……氈@すごい、びゅびゅーって、\n　おち○ぽから、精子がぁ……あぁ、ああっ……」%K%P
射精の瞬間、ペニスが大きく反り返って、\n梨理ちゃんの小さな体躯を跳ね上げる。%K%P
射精の瞬間、ペニスが大きく反り返って、\n梨理ちゃんの小さな体躯を跳ね上げる。%K%P
その、わずかな浮き上がりによって、\n反り返ったペニスは膣口からすっぽ抜けた。%K%P
その、わずかな浮き上がりによって、\n反り返ったペニスは膣口からすっぽ抜けた。%K%P
結果、オレは自分の精子を、\n自らの身体に、シャワーのように浴びてしまって。%K%P
結果、オレは自分の精子を、\n自らの身体に、シャワーのように浴びてしまって。%K%P
身体にかかった精子の熱と匂いで、\nますます頭がくらくらする。%K%P
身体にかかった精子の熱と匂いで、\nますます頭がくらくらする。%K%P
%LC陽菜
%LC陽菜
「はふっ、はあっ……あ、ああっ……」%K%P
「はふっ、はあっ……あ、ああっ……」%K%P
%LC梨理
%LC梨理
「もう、センセってばっ……。\n　おち○ぽ、はしゃぎすぎですっ……」%K%P
「もう、センセってばっ……。\n　おち○ぽ、はしゃぎすぎですっ……」%K%P
%LC梨理
%LC梨理
「でも……おかげで上手い具合に、\n　可愛い女騎士がザーメンまみれになりました氈v%K%P
「でも……おかげで上手い具合に、\n　可愛い女騎士がザーメンまみれになりました氈v%K%P
%LC梨理
%LC梨理
「センセのくっころ具合、\n　ぐぐーんとアップですよっ？　にひひっ氈v%K%P
「センセのくっころ具合、\n　ぐぐーんとアップですよっ？　にひひっ氈v%K%P
腰を一方的に使われた状態での射精なんて初めてで、\nただただ、腰がガクガク震えてしまう。%K%P
腰を一方的に使われた状態での射精なんて初めてで、\nただただ、腰がガクガク震えてしまう。%K%P
しかも、梨理ちゃんの言った通り、\n自分で自分の精子を浴びちゃうとかっ……。%K%P
しかも、梨理ちゃんの言った通り、\n自分で自分の精子を浴びちゃうとかっ……。%K%P
%LC陽菜
%LC陽菜
「うぅ、恥ずかしいって、こんなっ……」%K%P
「うぅ、恥ずかしいって、こんなっ……」%K%P
%LC梨理
%LC梨理
「くすっ、センセ？　もうちょっとですよ？\n　あと少しで、完全くっころな感じですっ氈v%K%P
「くすっ、センセ？　もうちょっとですよ？\n　あと少しで、完全くっころな感じですっ氈v%K%P
%LC梨理
%LC梨理
「もっと顔、とろけた感じにするために、\n　私のだえきを……はい、あーんっ氈v%K%P
「もっと顔、とろけた感じにするために、\n　私のだえきを……はい、あーんっ氈v%K%P
%LC陽菜
%LC陽菜
「あっ……ああっ……あーむぅ」%K%P
「あっ……ああっ……あーむぅ」%K%P
梨理ちゃんが口を開けた刹那、\n彼女の狙いがわかって、こちらも口をあける。%K%P
梨理ちゃんが口を開けた刹那、\n彼女の狙いがわかって、こちらも口をあける。%K%P
と、そこに彼女の唾液が、\n狙い澄ましたように、とろっと――、%K%P
と、そこに彼女の唾液が、\n狙い澄ましたように、とろっと――、%K%P
%LC陽菜
%LC陽菜
「んまっ……はぁ、あっ……梨理ちゃん、\n　くっ……んぐっ、はあっ……あむっ」%K%P
「んまっ……はぁ、あっ……梨理ちゃん、\n　くっ……んぐっ、はあっ……あむっ」%K%P
この体勢でキスを望むのはかなり難しく、\nだからこそ、彼女の唾液でキスを思い描く。%K%P
この体勢でキスを望むのはかなり難しく、\nだからこそ、彼女の唾液でキスを思い描く。%K%P
口に広がる、やさしくてやらしい味が、\n少しでも、腰の力になればと思ったんだけど――、%K%P
口に広がる、やさしくてやらしい味が、\n少しでも、腰の力になればと思ったんだけど――、%K%P
%LC梨理
%LC梨理
「センセの腰の調子が戻るには、\n　もうちょっと、時間がかかりそうですね……」%K%P
「センセの腰の調子が戻るには、\n　もうちょっと、時間がかかりそうですね……」%K%P
%LC梨理
%LC梨理
「それじゃあ今のうちに、\n　私の膣内に、おち○ぽをっ……んんぅ氈v%K%P
「それじゃあ今のうちに、\n　私の膣内に、おち○ぽをっ……んんぅ氈v%K%P
%LC陽菜
%LC陽菜
「くあっ、あっ、しゅごっ……はうっ、\n　梨理ちゃんのおま○こ、じゅぼって……」%K%P
「くあっ、あっ、しゅごっ……はうっ、\n　梨理ちゃんのおま○こ、じゅぼって……」%K%P
すっぽ抜けた竿を回収した割れ目は、\n今度はさらにキツく、ペニスをぎゅぎゅと――、%K%P
すっぽ抜けた竿を回収した割れ目は、\n今度はさらにキツく、ペニスをぎゅぎゅと――、%K%P
%LC陽菜
%LC陽菜
「んぐッ……くっ、はぁっ、ああっ氈v%K%P
「んぐッ……くっ、はぁっ、ああっ氈v%K%P
%LC梨理
%LC梨理
「あんっ氈@センセのおち○ぽ、すごいっ……歃n　精子がある分、さっきより、じゅぶぶって……」%K%P
「あんっ氈@センセのおち○ぽ、すごいっ……歃n　精子がある分、さっきより、じゅぶぶって……」%K%P
%LC梨理
%LC梨理
「これなら私も、いっしょに……ねっ？\n　センセ、一緒にイキましょっ？」%K%P
「これなら私も、いっしょに……ねっ？\n　センセ、一緒にイキましょっ？」%K%P
%LC梨理
%LC梨理
「たっぷりイケるように、さっきよりも、\n　たくさんっ……ぐっ、んぐっ、んぐぐっ氈v%K%P
「たっぷりイケるように、さっきよりも、\n　たくさんっ……ぐっ、んぐっ、んぐぐっ氈v%K%P
%LC陽菜
%LC陽菜
「みゃあっ、らめっ氈@りりちゃっ……ああっ、\n　はあっ……はぐっ、はあっ、はあああっ氈v%K%P
「みゃあっ、らめっ氈@りりちゃっ……ああっ、\n　はあっ……はぐっ、はあっ、はあああっ氈v%K%P
%LC梨理
%LC梨理
「んふふっ氈@やっぱりセンセが漏らす、\n　らめぇ……って声はいいですね……氈v%K%P
「んふふっ氈@やっぱりセンセが漏らす、\n　らめぇ……って声はいいですね……氈v%K%P
%LC梨理
%LC梨理
「聞いてるだけで、ぞくぞくして……はあっ、\n　ますますおち○ぽ、犯したくなりますっ氈v%K%P
「聞いてるだけで、ぞくぞくして……はあっ、\n　ますますおち○ぽ、犯したくなりますっ氈v%K%P
%LC陽菜
%LC陽菜
「ああっ、やっ、ほんとそれっ……やあっ、\n　待って、ほんとっ……あふっ、はぁあっ」%K%P
「ああっ、やっ、ほんとそれっ……やあっ、\n　待って、ほんとっ……あふっ、はぁあっ」%K%P
口をついて出てしまう、待って、という言葉。%K%P
口をついて出てしまう、待って、という言葉。%K%P
これって梨理ちゃんへのお願いが大半だけど、\n違うパターンが混じっていることもある。%K%P
これって梨理ちゃんへのお願いが大半だけど、\n違うパターンが混じっていることもある。%K%P
それは、強烈な勢いで射精が近づいてきたとき。%K%P
それは、強烈な勢いで射精が近づいてきたとき。%K%P
まだイキたくないとか、まだ堪えたいってときに、\n自分の子種を押し留めたくて出ちゃうときがある。%K%P
まだイキたくないとか、まだ堪えたいってときに、\n自分の子種を押し留めたくて出ちゃうときがある。%K%P
いまの待ってが、まさにそれで――、%K%P
いまの待ってが、まさにそれで――、%K%P
%LC陽菜
%LC陽菜
「だめっ、こんなのだめ、イッちゃうッ……。\n　イッちゃうよ、梨理ちゃっ……あっ、ああっ」%K%P
「だめっ、こんなのだめ、イッちゃうッ……。\n　イッちゃうよ、梨理ちゃっ……あっ、ああっ」%K%P
%LC梨理
%LC梨理
「どうぞ、センセっ氈@今度こそ、\n　膣内にいっぱい出してくださいっ氈v%K%P
「どうぞ、センセっ氈@今度こそ、\n　膣内にいっぱい出してくださいっ氈v%K%P
%LC梨理
%LC梨理
「私、センセの精子が欲しくって、\n　こーしておち○ぽ、犯してるのでっ氈v%K%P
「私、センセの精子が欲しくって、\n　こーしておち○ぽ、犯してるのでっ氈v%K%P
%LC梨理
%LC梨理
「いっぱい氈@いっぱい氈@センセのせーし歃n　おま○こ氈@いっぱい氈@出してください氈v%K%P
「いっぱい氈@いっぱい氈@センセのせーし歃n　おま○こ氈@いっぱい氈@出してください氈v%K%P
%LC陽菜
%LC陽菜
「ひぐッ？！　んぁうっ……んぅうんんんんッ！」%K%P
「ひぐッ？！　んぁうっ……んぅうんんんんッ！」%K%P
%LC梨理
%LC梨理
「んはぁあっ氈@はうっ、ぐぅうっ、はあっ歃n　おち○ぽ、しゅご……いきなり、んああぅっ氈v%K%P
「んはぁあっ氈@はうっ、ぐぅうっ、はあっ歃n　おち○ぽ、しゅご……いきなり、んああぅっ氈v%K%P
%LC梨理
%LC梨理
「濃いの、どぷぅって……ふあっ、はあっ歃n　おくまで、いっぱひっ……はぁ、はぁあ氈v%K%P
「濃いの、どぷぅって……ふあっ、はあっ歃n　おくまで、いっぱひっ……はぁ、はぁあ氈v%K%P
%LC陽菜
%LC陽菜
「ぐっ……はふっ……はぁ、はっ、んんぅッ」%K%P
「ぐっ……はふっ……はぁ、はっ、んんぅッ」%K%P
精子が吐き出されると同時に、\n全身がびくびく小刻みに震える。%K%P
精子が吐き出されると同時に、\n全身がびくびく小刻みに震える。%K%P
どれほど切羽詰まった状況でも、\nイク瞬間は、だいたい察知できるのに。%K%P
どれほど切羽詰まった状況でも、\nイク瞬間は、だいたい察知できるのに。%K%P
いまの１回に限っては、完全に翻弄されて、\n自分でもわけがわからないまま射精していて。%K%P
いまの１回に限っては、完全に翻弄されて、\n自分でもわけがわからないまま射精していて。%K%P
%LC陽菜
%LC陽菜
「うぅ……完全に、イカされちゃったっ……」%K%P
「うぅ……完全に、イカされちゃったっ……」%K%P
それは完全な敗北宣言。%K%P
それは完全な敗北宣言。%K%P
３回目の射精に関して言えば、オレは腰どころか、\n指先ひとつ動かせず、梨理ちゃんに搾りとられて。%K%P
３回目の射精に関して言えば、オレは腰どころか、\n指先ひとつ動かせず、梨理ちゃんに搾りとられて。%K%P
それはまさに、女の子になって、\nち○ぽに犯されてしまったような感覚だった。%K%P
それはまさに、女の子になって、\nち○ぽに犯されてしまったような感覚だった。%K%P
%LC梨理
%LC梨理
「ふぅー、はぁー、はぁー……んふぅ、\n　にひひっ……どうやら私の勝ちですねっ……氈v%K%P
「ふぅー、はぁー、はぁー……んふぅ、\n　にひひっ……どうやら私の勝ちですねっ……氈v%K%P
%LC陽菜
%LC陽菜
「うんっ……オレの、完敗っ……。\n　あやうく、女の子に、なりかけたし……」%K%P
「うんっ……オレの、完敗っ……。\n　あやうく、女の子に、なりかけたし……」%K%P
%LC梨理
%LC梨理
「むぅ……なり、かけた……？」%K%P
「むぅ……なり、かけた……？」%K%P
%LC陽菜
%LC陽菜
「あ……やっ、いやっ、なった、なったよ？\n　もう完全に女の子になっちゃったもん、うんっ」%K%P
「あ……やっ、いやっ、なった、なったよ？\n　もう完全に女の子になっちゃったもん、うんっ」%K%P
見つめる梨理ちゃんの眼光に、\n背筋がぶるっときて、慌てて言い直す。%K%P
見つめる梨理ちゃんの眼光に、\n背筋がぶるっときて、慌てて言い直す。%K%P
普段からジト目が多い子ではあるけど、\n今のは逆らっちゃだめだって本能が警鐘を鳴らした。%K%P
普段からジト目が多い子ではあるけど、\n今のは逆らっちゃだめだって本能が警鐘を鳴らした。%K%P
けど、それは手遅れだったみたいで。%K%P
けど、それは手遅れだったみたいで。%K%P
%LC梨理
%LC梨理
「……どうやら、私もまだまだみたいですね」%K%P
「……どうやら、私もまだまだみたいですね」%K%P
%LC梨理
%LC梨理
「だから……次は、必ず。\n　センセを女の子にしてみせますっ氈v%K%P
「だから……次は、必ず。\n　センセを女の子にしてみせますっ氈v%K%P
%LC陽菜
%LC陽菜
「女の子って……でもほら、ち○ぽがある限り、\n　オレはどうやっても男なわけでっ……」%K%P
「女の子って……でもほら、ち○ぽがある限り、\n　オレはどうやっても男なわけでっ……」%K%P
%LC梨理
%LC梨理
「たくさん練習してると、手の皮が擦り剥ける、\n　みたいなことってあるじゃないですか」%K%P
「たくさん練習してると、手の皮が擦り剥ける、\n　みたいなことってあるじゃないですか」%K%P
%LC梨理
%LC梨理
「センセのおち○ぽも、いっぱいエッチすれば、\n　擦り剥けてなくなっちゃうかもですしっ……氈v%K%P
「センセのおち○ぽも、いっぱいエッチすれば、\n　擦り剥けてなくなっちゃうかもですしっ……氈v%K%P
%LC陽菜
%LC陽菜
「そんなわけないからっ」%K%P
「そんなわけないからっ」%K%P
%LC梨理
%LC梨理
「にひひっ、わかってますっ歃n　私もおち○ぽがなくなったら困るので」%K%P
「にひひっ、わかってますっ歃n　私もおち○ぽがなくなったら困るので」%K%P
%LC梨理
%LC梨理
「おち○ぽがあればこそのセンセですからっ歃n　もしなくなっちゃったら、魅力激減ですっ」%K%P
「おち○ぽがあればこそのセンセですからっ歃n　もしなくなっちゃったら、魅力激減ですっ」%K%P
%LC陽菜
%LC陽菜
「オレの魅力ってほとんどち○ぽなのっ？」%K%P
「オレの魅力ってほとんどち○ぽなのっ？」%K%P
%LC梨理
%LC梨理
「もう、センセっ？　女の子になるんなら、\n　オレじゃなくて、わ・た・し……ですっ氈v%K%P
「もう、センセっ？　女の子になるんなら、\n　オレじゃなくて、わ・た・し……ですっ氈v%K%P
%LC陽菜
%LC陽菜
「んみッ？！　やっ、ああっ、またっ……？！」%K%P
「んみッ？！　やっ、ああっ、またっ……？！」%K%P
ちょっと強めた語気に合わせて、\n梨理ちゃんの膣口がぬぷっと迫る。%K%P
ちょっと強めた語気に合わせて、\n梨理ちゃんの膣口がぬぷっと迫る。%K%P
膣内に囚われたペニスには休まる暇はなく、\nだけど、立て続けの射精に休息を求めていて。%K%P
膣内に囚われたペニスには休まる暇はなく、\nだけど、立て続けの射精に休息を求めていて。%K%P
それなのに、梨理ちゃんのおま○こが、\n休むことを許してくれない。%K%P
それなのに、梨理ちゃんのおま○こが、\n休むことを許してくれない。%K%P
%LC梨理
%LC梨理
「ふはっ、はあっ、ほらほらセンセっ？\n　おち○ぽしっかり、アン・ガルドですよっ？」%K%P
「ふはっ、はあっ、ほらほらセンセっ？\n　おち○ぽしっかり、アン・ガルドですよっ？」%K%P
%LC梨理
%LC梨理
「金玉からっぽになるまで射精させちゃうので、\n　もっといっぱい、おっきさせてくださいっ氈v%K%P
「金玉からっぽになるまで射精させちゃうので、\n　もっといっぱい、おっきさせてくださいっ氈v%K%P
%LC陽菜
%LC陽菜
「もっとって、これ以上はっ……」%K%P
「もっとって、これ以上はっ……」%K%P
ペースも主導権もペニスも、すべてを掌握した\n梨理ちゃんの腰が、楽しそうにずんずん跳ねる。%K%P
ペースも主導権もペニスも、すべてを掌握した\n梨理ちゃんの腰が、楽しそうにずんずん跳ねる。%K%P
その早さは普段のオレの挿抜を上回るほどで、\n動かれるたび、ペニスが痺れるほど気持ち良い。%K%P
その早さは普段のオレの挿抜を上回るほどで、\n動かれるたび、ペニスが痺れるほど気持ち良い。%K%P
%LC梨理
%LC梨理
「ふうっ、はあっ、どうです？　センセっ歃n　女の子の気持ちに、なってきましたっ？」%K%P
「ふうっ、はあっ、どうです？　センセっ歃n　女の子の気持ちに、なってきましたっ？」%K%P
%LC梨理
%LC梨理
「普段、センセにずんずんされまくる、\n　私の気持ち、わかって、きましたっ？」%K%P
「普段、センセにずんずんされまくる、\n　私の気持ち、わかって、きましたっ？」%K%P
%LC陽菜
%LC陽菜
「わかった、わかったからっ、\n　これ以上は、やめっ……くうっ、ふぁあっ」%K%P
「わかった、わかったからっ、\n　これ以上は、やめっ……くうっ、ふぁあっ」%K%P
%LC梨理
%LC梨理
「ダメですっ、やめませんっ歃n　このまま、何度でもイカせますっ氈v%K%P
「ダメですっ、やめませんっ歃n　このまま、何度でもイカせますっ氈v%K%P
%LC梨理
%LC梨理
「センセが女の子宣言するまでっ……、\n　おち○ぽ、犯すの、やめませんっ氈v%K%P
「センセが女の子宣言するまでっ……、\n　おち○ぽ、犯すの、やめませんっ氈v%K%P
%LC陽菜
%LC陽菜
「なっ……？！　する、するからっ、だからっ」%K%P
「なっ……？！　する、するからっ、だからっ」%K%P
%LC梨理
%LC梨理
「なら……私の膣内に、もっかい出してっ？\n　残ってる精子、ぜーんぶ出してみせてっ？」%K%P
「なら……私の膣内に、もっかい出してっ？\n　残ってる精子、ぜーんぶ出してみせてっ？」%K%P
%LC梨理
%LC梨理
「オスち○ぽミルク、ぜーんぶ吐き出して、\n　私の膣内で、メスになっちゃえ、日向っ氈v%K%P
「オスち○ぽミルク、ぜーんぶ吐き出して、\n　私の膣内で、メスになっちゃえ、日向っ氈v%K%P
%LC陽菜
%LC陽菜
「んなっ……？！　ここでそれはズルいってばっ」%K%P
「んなっ……？！　ここでそれはズルいってばっ」%K%P
ここにきていきなりの対日向モードに、\n頭の中が一瞬でテンパってしまう。%K%P
ここにきていきなりの対日向モードに、\n頭の中が一瞬でテンパってしまう。%K%P
だって、彼女がオレを日向って呼ぶときは、\nオレはいつだって、男の気持ちでいるのだ。%K%P
だって、彼女がオレを日向って呼ぶときは、\nオレはいつだって、男の気持ちでいるのだ。%K%P
だけどいま、身も心も状況も、すべての要素が、\nオレを女の子にしようとしていて。%K%P
だけどいま、身も心も状況も、すべての要素が、\nオレを女の子にしようとしていて。%K%P
こんな、こんな、こんなのってっ……！%K%P
こんな、こんな、こんなのってっ……！%K%P
%LC梨理
%LC梨理
「にひひっ氈@ほらほら日向、どしたのっ？\n　女の子になるんじゃなかったのっ？」%K%P
「にひひっ氈@ほらほら日向、どしたのっ？\n　女の子になるんじゃなかったのっ？」%K%P
%LC梨理
%LC梨理
「私のおま○こにち○ぽミルクどぴゅってして、\n　女の子宣言しちゃうんでしょっ？」%K%P
「私のおま○こにち○ぽミルクどぴゅってして、\n　女の子宣言しちゃうんでしょっ？」%K%P
%LC陽菜
%LC陽菜
「でっ、でも、オレはっ……」%K%P
「でっ、でも、オレはっ……」%K%P
%LC梨理
%LC梨理
「わっ、たっ、しっ氈v%K%P
「わっ、たっ、しっ氈v%K%P
%LC陽菜
%LC陽菜
「ひみゃあっ？！　やうっ、くぁああっ氈v%K%P
「ひみゃあっ？！　やうっ、くぁああっ氈v%K%P
声に合わせて膣圧を強められると、\nうわずった高い声が部室に響く。%K%P
声に合わせて膣圧を強められると、\nうわずった高い声が部室に響く。%K%P
%LC梨理
%LC梨理
「ああんっ氈@いまのいいっ、いい声っ歃n　すっごく可愛かったよっ？　陽菜様っ氈v%K%P
「ああんっ氈@いまのいいっ、いい声っ歃n　すっごく可愛かったよっ？　陽菜様っ氈v%K%P
%LC陽菜
%LC陽菜
「ひっ、陽菜様っ？」%K%P
「ひっ、陽菜様っ？」%K%P
%LC梨理
%LC梨理
「だって、ほら……センセはそのうち、\n　センセじゃなくなっちゃうかも、でしょっ？」%K%P
「だって、ほら……センセはそのうち、\n　センセじゃなくなっちゃうかも、でしょっ？」%K%P
%LC梨理
%LC梨理
「そしたら、センセって呼ぶのもヘンだし。\n　なら、慣習的にも、陽菜様かなってっ……」%K%P
「そしたら、センセって呼ぶのもヘンだし。\n　なら、慣習的にも、陽菜様かなってっ……」%K%P
%LC陽菜
%LC陽菜
「あっ……」%K%P
「あっ……」%K%P
こんなときに、まさかの話題を持ち出されて、\n快感に翻弄されながらも、すごく嬉しくなった。%K%P
こんなときに、まさかの話題を持ち出されて、\n快感に翻弄されながらも、すごく嬉しくなった。%K%P
梨理ちゃんの言う通り、指南役補佐代理の役目は、\nもうじき終わってしまう。%K%P
梨理ちゃんの言う通り、指南役補佐代理の役目は、\nもうじき終わってしまう。%K%P
その後、オレが学園からいなくなることだって、\n可能性としてはありうるのに。%K%P
その後、オレが学園からいなくなることだって、\n可能性としてはありうるのに。%K%P
でも、梨理ちゃんはそれを憂うどころか、\nオレが学生として通い続けることを、信じていて。%K%P
でも、梨理ちゃんはそれを憂うどころか、\nオレが学生として通い続けることを、信じていて。%K%P
%LC陽菜
%LC陽菜
「もし私が先生じゃなくなったら、\n　そのときは、様とか、いらないから」%K%P
「もし私が先生じゃなくなったら、\n　そのときは、様とか、いらないから」%K%P
%LC陽菜
%LC陽菜
「陽菜って、そう呼んでくれていいよ？」%K%P
「陽菜って、そう呼んでくれていいよ？」%K%P
%LC陽菜
%LC陽菜
「むしろ、梨理ちゃんさえよければ、\n　今すぐにでも、そう呼んでいいからね？」%K%P
「むしろ、梨理ちゃんさえよければ、\n　今すぐにでも、そう呼んでいいからね？」%K%P
%LC陽菜
%LC陽菜
「私たちが付き合ってるのは、とっくに、\n　みんなにバレちゃってるんだし……」%K%P
「私たちが付き合ってるのは、とっくに、\n　みんなにバレちゃってるんだし……」%K%P
%LC陽菜
%LC陽菜
「親しい関係なら、学年関係なく、\n　好きに呼び合ってる子は多いでしょ？」%K%P
「親しい関係なら、学年関係なく、\n　好きに呼び合ってる子は多いでしょ？」%K%P
%LC梨理
%LC梨理
「あっ……うんっ氈@えへっ、えへへっ歃n　なら、これからは陽菜って呼ぶっ氈v%K%P
「あっ……うんっ氈@えへっ、えへへっ歃n　なら、これからは陽菜って呼ぶっ氈v%K%P
%LC梨理
%LC梨理
「陽菜のときも、日向のときも。\n　どっちも同じ、態度と、口調でっ……氈v%K%P
「陽菜のときも、日向のときも。\n　どっちも同じ、態度と、口調でっ……氈v%K%P
%LC梨理
%LC梨理
「これからも、いっぱいいーっぱい、\n　陽菜とたっくさん、イチャイチャするっ氈v%K%P
「これからも、いっぱいいーっぱい、\n　陽菜とたっくさん、イチャイチャするっ氈v%K%P
%LC梨理
%LC梨理
「だから陽菜も、私のこと、梨理って呼んで？\n　ちゃん付けはいいから、名前で、梨理って――」%K%P
「だから陽菜も、私のこと、梨理って呼んで？\n　ちゃん付けはいいから、名前で、梨理って――」%K%P
%LC陽菜
%LC陽菜
「うんっ。好きだよ、梨理っ氈v%K%P
「うんっ。好きだよ、梨理っ氈v%K%P
%LC梨理
%LC梨理
「んあぅっ氈@えへっ、陽菜っ、大好きっ氈v%K%P
「んあぅっ氈@えへっ、陽菜っ、大好きっ氈v%K%P
%LC陽菜
%LC陽菜
「んみっ？！　ちょっ、梨理、はげしっ……！？」%K%P
「んみっ？！　ちょっ、梨理、はげしっ……！？」%K%P
%LC梨理
%LC梨理
「だってだって、うれしーんだもんっ。\n　嬉しくて、おま○こ勝手に、ぎゅーってっ……！」%K%P
「だってだって、うれしーんだもんっ。\n　嬉しくて、おま○こ勝手に、ぎゅーってっ……！」%K%P
%LC陽菜
%LC陽菜
「くあっ、ああっ……だめ、ち○ぽ溶けるっ、\n　気持ちよすぎて、とけっ……ぐっ、はあっ」%K%P
「くあっ、ああっ……だめ、ち○ぽ溶けるっ、\n　気持ちよすぎて、とけっ……ぐっ、はあっ」%K%P
にっこにこ笑顔で腰を振る彼女のペースが、\n天井しらずでぐんぐん上昇していく。%K%P
にっこにこ笑顔で腰を振る彼女のペースが、\n天井しらずでぐんぐん上昇していく。%K%P
ペニスが受け取る快感の量はハンパじゃなくて、\nでも、それ以上に彼女の気持ちが嬉しくて。%K%P
ペニスが受け取る快感の量はハンパじゃなくて、\nでも、それ以上に彼女の気持ちが嬉しくて。%K%P
だからオレの全部を、彼女――梨理にっ……！%K%P
だからオレの全部を、彼女――梨理にっ……！%K%P
%LC陽菜
%LC陽菜
「ぐっ……いいっ？　イクよっ？　梨理っ」%K%P
「ぐっ……いいっ？　イクよっ？　梨理っ」%K%P
%LC梨理
%LC梨理
「うんっ氈@いいよっ、陽菜っ歃n　陽菜のち○ぽミルクちょうだいっ氈v%K%P
「うんっ氈@いいよっ、陽菜っ歃n　陽菜のち○ぽミルクちょうだいっ氈v%K%P
%LC梨理
%LC梨理
「とろっとろのメスち○ぽミルクで、\n　私のおま○こ、とろんとろんにしてっ？」%K%P
「とろっとろのメスち○ぽミルクで、\n　私のおま○こ、とろんとろんにしてっ？」%K%P
%LC陽菜
%LC陽菜
「任せてっ、ぜんぶぜんぶ、梨理にっ……！」%K%P
「任せてっ、ぜんぶぜんぶ、梨理にっ……！」%K%P
%LC梨理
%LC梨理
「みゃうっ、んああっ氈@陽菜っ、陽菜ぁっ、\n　ああっ、あっ、いぐっ……んぅ、んうううっ氈v%K%P
「みゃうっ、んああっ氈@陽菜っ、陽菜ぁっ、\n　ああっ、あっ、いぐっ……んぅ、んうううっ氈v%K%P
%LC梨理
%LC梨理
「ふはっ、くっ……あっ、ああああっ歃n　ち○ぽ、びゅるって……はふっ、はあっ氈v%K%P
「ふはっ、くっ……あっ、ああああっ歃n　ち○ぽ、びゅるって……はふっ、はあっ氈v%K%P
%LC梨理
%LC梨理
「濃いの、いっぱひっ……はぁ、あああっ、\n　びゅるるぅぅぅって……くっ、はっ、ああっ氈v%K%P
「濃いの、いっぱひっ……はぁ、あああっ、\n　びゅるるぅぅぅって……くっ、はっ、ああっ氈v%K%P
めいっぱい擦り寄ってきた腰が、\n可愛い絶叫に合わせて、さらに押しつけられる。%K%P
めいっぱい擦り寄ってきた腰が、\n可愛い絶叫に合わせて、さらに押しつけられる。%K%P
体重をかけているんだってのは分かったけど、\n小柄なこともあって、それはすごく軽くて。%K%P
体重をかけているんだってのは分かったけど、\n小柄なこともあって、それはすごく軽くて。%K%P
だからこそ、かえって彼女の懸命さが際立って、\nイッた直後だっていうのに、つい、笑みが漏れた。%K%P
だからこそ、かえって彼女の懸命さが際立って、\nイッた直後だっていうのに、つい、笑みが漏れた。%K%P
%LC陽菜
%LC陽菜
「ふぅ、はぁ……ん、くすっ、ふふっ……」%K%P
「ふぅ、はぁ……ん、くすっ、ふふっ……」%K%P
%LC梨理
%LC梨理
「あっ……ああっ？！　陽菜いま笑ったっ。\n　もおっ、なんで笑うのっ？」%K%P
「あっ……ああっ？！　陽菜いま笑ったっ。\n　もおっ、なんで笑うのっ？」%K%P
%LC陽菜
%LC陽菜
「ごめんね。梨理が可愛くて、つい……」%K%P
「ごめんね。梨理が可愛くて、つい……」%K%P
%LC梨理
%LC梨理
「んぅ……氈@まあ、なら、いいけど……」%K%P
「んぅ……氈@まあ、なら、いいけど……」%K%P
%LC梨理
%LC梨理
「っていうか、その……」%K%P
「っていうか、その……」%K%P
%LC梨理
%LC梨理
「エッチしてる最中は、平気だったけど……。\n　落ち着いてくると……梨理呼び、ハズいかも」%K%P
「エッチしてる最中は、平気だったけど……。\n　落ち着いてくると……梨理呼び、ハズいかも」%K%P
%LC陽菜
%LC陽菜
「なら、やめる？　私はどっちでもいいよ？」%K%P
「なら、やめる？　私はどっちでもいいよ？」%K%P
%LC梨理
%LC梨理
「んっと……あ、じゃあまず、\n　男の子のときだけ、梨理って呼んで？」%K%P
「んっと……あ、じゃあまず、\n　男の子のときだけ、梨理って呼んで？」%K%P
%LC梨理
%LC梨理
「日向で慣れてきたら、陽菜のときも、\n　梨理って呼んで欲しい」%K%P
「日向で慣れてきたら、陽菜のときも、\n　梨理って呼んで欲しい」%K%P
%LC陽菜
%LC陽菜
「じゃあ、それで。……っていうか、あの、\n　そろそろ、ち○ぽ、解放してもらってもいい？」%K%P
「じゃあ、それで。……っていうか、あの、\n　そろそろ、ち○ぽ、解放してもらってもいい？」%K%P
%LC陽菜
%LC陽菜
「さすがに、もう、これ以上は……」%K%P
「さすがに、もう、これ以上は……」%K%P
%LC梨理
%LC梨理
「……ほんとに？」%K%P
「……ほんとに？」%K%P
%LC陽菜
%LC陽菜
「ほんとにっ」%K%P
「ほんとにっ」%K%P
%LC梨理
%LC梨理
「にひひっ氈@じゃあ、そっと……くっ、んんっ氈v%K%P
「にひひっ氈@じゃあ、そっと……くっ、んんっ氈v%K%P
梨理ちゃんがゆっくり腰を浮かせると、\n真っ白に染まったち○ぽが、くたっと倒れる。%K%P
梨理ちゃんがゆっくり腰を浮かせると、\n真っ白に染まったち○ぽが、くたっと倒れる。%K%P
大きさ自体はそれなりだけど、硬さに関しては、\nゼリーやプリンも真っ青のふにゃふにゃで。%K%P
大きさ自体はそれなりだけど、硬さに関しては、\nゼリーやプリンも真っ青のふにゃふにゃで。%K%P
%LC梨理
%LC梨理
「……日向、ふにゃちん」%K%P
「……日向、ふにゃちん」%K%P
%LC陽菜
%LC陽菜
「梨理っ」%K%P
「梨理っ」%K%P
%LC梨理
%LC梨理
「にひひっ氈@……でもね、これも好き。\n　センセも陽菜も日向も、ぜんぶ大好きっ氈v%K%P
「にひひっ氈@……でもね、これも好き。\n　センセも陽菜も日向も、ぜんぶ大好きっ氈v%K%P
%LC陽菜
%LC陽菜
「私も。梨理ちゃんのぜんぶが大好きだよ」%K%P
「私も。梨理ちゃんのぜんぶが大好きだよ」%K%P
%LC梨理
%LC梨理
「じゃあ、最後にちゃんと宣言して？\n　今日、私は女の子になっちゃいましたって」%K%P
「じゃあ、最後にちゃんと宣言して？\n　今日、私は女の子になっちゃいましたって」%K%P
%LC陽菜
%LC陽菜
「けど、それはもう、済んだ話じゃ……」%K%P
「けど、それはもう、済んだ話じゃ……」%K%P
%LC梨理
%LC梨理
「それはそれ、これはこれ。\n　ね？　ほら、して？　しよ？　ね？」%K%P
「それはそれ、これはこれ。\n　ね？　ほら、して？　しよ？　ね？」%K%P
%LC陽菜
%LC陽菜
「んもう……。じゃあ、今日だけだよ？」%K%P
「んもう……。じゃあ、今日だけだよ？」%K%P
%LC陽菜
%LC陽菜
「オレは今日、エッチが気持ち良すぎて、\n　思わず女の子になっちゃいましたっ……！」%K%P
「オレは今日、エッチが気持ち良すぎて、\n　思わず女の子になっちゃいましたっ……！」%K%P
%LC陽菜
%LC陽菜
「はぅ……どう？　これでいい？」%K%P
「はぅ……どう？　これでいい？」%K%P
%LC梨理
%LC梨理
「よろしいっ氈@センセも陽菜も日向も、\n　ぜんぶぜんぶ、可愛くって、格好いいっ氈v%K%P
「よろしいっ氈@センセも陽菜も日向も、\n　ぜんぶぜんぶ、可愛くって、格好いいっ氈v%K%P
まさに満面の笑みって感じで、\nにっこり笑った梨理がしがみついてくる。%K%P
まさに満面の笑みって感じで、\nにっこり笑った梨理がしがみついてくる。%K%P
その笑顔はきっと、この学園の中で、\nオレだけが知っている、とびっきりの笑顔で。%K%P
その笑顔はきっと、この学園の中で、\nオレだけが知っている、とびっきりの笑顔で。%K%P
オレの秘密を知っている彼女だからこそ、\n見せてくれる笑顔に、違いなかった。%K%P
オレの秘密を知っている彼女だからこそ、\n見せてくれる笑顔に、違いなかった。%K%P
