{連弾:デュオ}{舞闘:カデンツァ}の姉妹対決が大いに盛り上がり、\nその熱を持ち越す形で始まった、銀蘭祭２日目。%K%P
{連弾:デュオ}{舞闘:カデンツァ}の姉妹対決が大いに盛り上がり、\nその熱を持ち越す形で始まった、銀蘭祭２日目。%K%P
メインイベントである歌劇アリアは、\n大きな盛り上がりを見せた。%K%P
メインイベントである歌劇アリアは、\n大きな盛り上がりを見せた。%K%P
{歌姫:ディーバ}役のつーちゃんの熱唱が、\n学生たちを虜にした、というのはもちろんとして。%K%P
{歌姫:ディーバ}役のつーちゃんの熱唱が、\n学生たちを虜にした、というのはもちろんとして。%K%P
もっとも注目を集めたのが、ダブル主演とも言える\nメインの騎士を演じた、梨理ちゃんの頑張りだった。%K%P
もっとも注目を集めたのが、ダブル主演とも言える\nメインの騎士を演じた、梨理ちゃんの頑張りだった。%K%P
台本を読み込み、稽古を重ねた梨理ちゃんは、\n数日でかなり上達しており、騎士を熱演。%K%P
台本を読み込み、稽古を重ねた梨理ちゃんは、\n数日でかなり上達しており、騎士を熱演。%K%P
それでも、ちょっと危ういところがあったりして、\nそのたびにみんなでフォローして。%K%P
それでも、ちょっと危ういところがあったりして、\nそのたびにみんなでフォローして。%K%P
そんな、頑張り屋だけど危なっかしい様子は、\n一部の上級生の心を鷲掴みにしてしまった。%K%P
そんな、頑張り屋だけど危なっかしい様子は、\n一部の上級生の心を鷲掴みにしてしまった。%K%P
それでなくとも梨理ちゃんはすでに、\n前日の{連弾:デュオ}{舞闘:カデンツァ}の決勝戦で、\n勝利後に涙を流すという純朴さを披露していて。%K%P
それでなくとも梨理ちゃんはすでに、\n前日の{連弾:デュオ}{舞闘:カデンツァ}の決勝戦で、\n勝利後に涙を流すという純朴さを披露していて。%K%P
銀蘭祭が終わってあと、梨理ちゃんには、\n『母性ハンター』『理想の妹』『最愛の娘』\nなどなど、いろいろな二つ名がつけられて。%K%P
銀蘭祭が終わってあと、梨理ちゃんには、\n『母性ハンター』『理想の妹』『最愛の娘』\nなどなど、いろいろな二つ名がつけられて。%K%P
いまや梨理ちゃんは、依夜様に比肩する、\n銀蘭学園の人気者となっていた。%K%P
いまや梨理ちゃんは、依夜様に比肩する、\n銀蘭学園の人気者となっていた。%K%P
そんな激動の銀蘭祭から、数日が過ぎて。%K%P
そんな激動の銀蘭祭から、数日が過ぎて。%K%P
すっかり普段の学園生活に戻った平日の放課後、\nオレと梨理ちゃんは、美実様に呼び出された。%K%P
すっかり普段の学園生活に戻った平日の放課後、\nオレと梨理ちゃんは、美実様に呼び出された。%K%P
%LC美実
%LC美実
「お待たせー。ごめんね、\n　これ作るのに時間かかっちゃって」%K%P
「お待たせー。ごめんね、\n　これ作るのに時間かかっちゃって」%K%P
約束の時間から遅れること１０分、\n美実様は大きな包みを持って現れた。%K%P
約束の時間から遅れること１０分、\n美実様は大きな包みを持って現れた。%K%P
%LC美実
%LC美実
「さっそくだけど。はい、どうぞ。\n　愛するふたりに私からのプレゼント」%K%P
「さっそくだけど。はい、どうぞ。\n　愛するふたりに私からのプレゼント」%K%P
%LC梨理
%LC梨理
「お姉ちゃんはセンセを愛さなくていいので」%K%P
「お姉ちゃんはセンセを愛さなくていいので」%K%P
%LC美実
%LC美実
「そう言わずに。未来の義弟クンなんだから」%K%P
「そう言わずに。未来の義弟クンなんだから」%K%P
%LC梨理
%LC梨理
「むぅー……」%K%P
「むぅー……」%K%P
%LC美実
%LC美実
「それよりほら、開けて開けて」%K%P
「それよりほら、開けて開けて」%K%P
%LC梨理
%LC梨理
「えっと……」%K%P
「えっと……」%K%P
%LC梨理
%LC梨理
「……って、うわ、なにこれ……」%K%P
「……って、うわ、なにこれ……」%K%P
%LC美実
%LC美実
「ご覧の通り、歌劇アリアのときの写真。\n　いいのがあったからパネルにしてもらったの」%K%P
「ご覧の通り、歌劇アリアのときの写真。\n　いいのがあったからパネルにしてもらったの」%K%P
%LC梨理
%LC梨理
「撮ってたとか聞いてないんだけど……」%K%P
「撮ってたとか聞いてないんだけど……」%K%P
%LC美実
%LC美実
「卒業アルバムとか作るために、\n　大きめの行事って撮影されてるもんでしょ？」%K%P
「卒業アルバムとか作るために、\n　大きめの行事って撮影されてるもんでしょ？」%K%P
%LC美実
%LC美実
「とっても素敵だから、部室に飾ろうと思って。\n　我が妹の自慢もできて一石二鳥ってね」%K%P
「とっても素敵だから、部室に飾ろうと思って。\n　我が妹の自慢もできて一石二鳥ってね」%K%P
%LC美実
%LC美実
「ほら、決勝戦の賭け、あったでしょ？\n　アレの『お願い』のやつ、これでどうかなって」%K%P
「ほら、決勝戦の賭け、あったでしょ？\n　アレの『お願い』のやつ、これでどうかなって」%K%P
%LC梨理
%LC梨理
「なに勝手に決めてるの。\n　なんでもっていう話でしょっ？」%K%P
「なに勝手に決めてるの。\n　なんでもっていう話でしょっ？」%K%P
%LC美実
%LC美実
「じゃあこれいらない？」%K%P
「じゃあこれいらない？」%K%P
%LC梨理
%LC梨理
「それは……欲しい、けど」%K%P
「それは……欲しい、けど」%K%P
%LC美実
%LC美実
「はいっ、決まり」%K%P
「はいっ、決まり」%K%P
%LC美実
%LC美実
「ちなみにこれ撮ったの、学園長だから」%K%P
「ちなみにこれ撮ったの、学園長だから」%K%P
%LC陽菜
%LC陽菜
「あー……」%K%P
「あー……」%K%P
なんだろう、この納得しかしない感じ。%K%P
なんだろう、この納得しかしない感じ。%K%P
%LC美実
%LC美実
「最近、学園長と仲良しで。\n　この写真も、お願いしてデータ貰ったんだよ」%K%P
「最近、学園長と仲良しで。\n　この写真も、お願いしてデータ貰ったんだよ」%K%P
%LC美実
%LC美実
「まっ、仲良くなった切っ掛けは、\n　他でもない陽菜ちゃんだけど」%K%P
「まっ、仲良くなった切っ掛けは、\n　他でもない陽菜ちゃんだけど」%K%P
梨理ちゃんにオレの女装がバレたことは、\n銀蘭祭が終わった後、ニナさんと姉さんに伝えた。%K%P
梨理ちゃんにオレの女装がバレたことは、\n銀蘭祭が終わった後、ニナさんと姉さんに伝えた。%K%P
そのとき、もう一人バレてしまった相手がいると、\n美実様のこともニナさんたちに伝えたのだ。%K%P
そのとき、もう一人バレてしまった相手がいると、\n美実様のこともニナさんたちに伝えたのだ。%K%P
その結果、ニナさんと美実様は、\nなんかすっごく仲良くなってしまった。%K%P
その結果、ニナさんと美実様は、\nなんかすっごく仲良くなってしまった。%K%P
同じ秘密を共有したおかげって言ってたけど、\nその秘密って、オレの女装のことだよね、絶対。%K%P
同じ秘密を共有したおかげって言ってたけど、\nその秘密って、オレの女装のことだよね、絶対。%K%P
%LC美実
%LC美実
「最近は進路の相談にも乗ってもらってて。\n　ほんと、色々助かってるんだ」%K%P
「最近は進路の相談にも乗ってもらってて。\n　ほんと、色々助かってるんだ」%K%P
%LC美実
%LC美実
「で、今日、二人を呼び出したのも、\n　そのあたりが関係しててね」%K%P
「で、今日、二人を呼び出したのも、\n　そのあたりが関係しててね」%K%P
%LC美実
%LC美実
「私、もう少しで卒業でしょ？\n　だから、その前に引き継ぎをしようかと」%K%P
「私、もう少しで卒業でしょ？\n　だから、その前に引き継ぎをしようかと」%K%P
%LC梨理
%LC梨理
「引き継ぎ？」%K%P
「引き継ぎ？」%K%P
%LC美実
%LC美実
「この乙女部の、部長の座。\n　梨理にお譲りしたいなって」%K%P
「この乙女部の、部長の座。\n　梨理にお譲りしたいなって」%K%P
%LC梨理
%LC梨理
「お譲りって……そんな、勝手に――」%K%P
「お譲りって……そんな、勝手に――」%K%P
%LC美実
%LC美実
「この乙女部って、私が１年の時、３年の先輩が、\n　私のために作ってくれた部活なんだ」%K%P
「この乙女部って、私が１年の時、３年の先輩が、\n　私のために作ってくれた部活なんだ」%K%P
%LC美実
%LC美実
「入学早々、依夜に負けちゃった私のために、\n　学内に落ち着ける場所を作りましょってことでね」%K%P
「入学早々、依夜に負けちゃった私のために、\n　学内に落ち着ける場所を作りましょってことでね」%K%P
%LC美実
%LC美実
「ここが溜まり場っぽい雰囲気だったり、\n　なにやってもいいぞってノリなのは、\n　そういう生い立ちが絡んでたりするの」%K%P
「ここが溜まり場っぽい雰囲気だったり、\n　なにやってもいいぞってノリなのは、\n　そういう生い立ちが絡んでたりするの」%K%P
%LC美実
%LC美実
「つまりここは、フェンシングを辞めた私が、\n　新しい目標を探すための場所だったってわけ」%K%P
「つまりここは、フェンシングを辞めた私が、\n　新しい目標を探すための場所だったってわけ」%K%P
%LC梨理
%LC梨理
「ん……」%K%P
「ん……」%K%P
オレはもちろん、梨理ちゃんも知らなかったようで、\n美実様のいきなりの説明に少ししんみりしてしまう。%K%P
オレはもちろん、梨理ちゃんも知らなかったようで、\n美実様のいきなりの説明に少ししんみりしてしまう。%K%P
と、そんな雰囲気を払うように、\n美実様は一度、大きくぱんっと手を叩いた。%K%P
と、そんな雰囲気を払うように、\n美実様は一度、大きくぱんっと手を叩いた。%K%P
%LC美実
%LC美実
「そういうわけだから。私の卒業で廃部になっても、\n　しゃーないかって思ってたんだけど」%K%P
「そういうわけだから。私の卒業で廃部になっても、\n　しゃーないかって思ってたんだけど」%K%P
%LC美実
%LC美実
「梨理も{最優秀騎士:ブリランテ}になったことだし。\n　この部を任せてみてもいいのかなって思って」%K%P
「梨理も{最優秀騎士:ブリランテ}になったことだし。\n　この部を任せてみてもいいのかなって思って」%K%P
%LC美実
%LC美実
「{連弾:デュオ}{舞闘:カデンツァ}の決勝戦の前、\n　負けたら大切なものをあげるって言ったでしょ？」%K%P
「{連弾:デュオ}{舞闘:カデンツァ}の決勝戦の前、\n　負けたら大切なものをあげるって言ったでしょ？」%K%P
%LC美実
%LC美実
「それが、これ。いま言った通り、\n　私にとって、すごく大切なものだから」%K%P
「それが、これ。いま言った通り、\n　私にとって、すごく大切なものだから」%K%P
%LC梨理
%LC梨理
「話はだいたいわかったけど……。\n　でも、私が部長なんて……」%K%P
「話はだいたいわかったけど……。\n　でも、私が部長なんて……」%K%P
%LC美実
%LC美実
「大丈夫。知っての通り、ここってなにをしても\n　良い部だから。好きなことに使えばいいの」%K%P
「大丈夫。知っての通り、ここってなにをしても\n　良い部だから。好きなことに使えばいいの」%K%P
%LC美実
%LC美実
「ナニをしてもいいってことは……ね？\n　陽菜ちゃんと部室でふたりきりになり放題――」%K%P
「ナニをしてもいいってことは……ね？\n　陽菜ちゃんと部室でふたりきりになり放題――」%K%P
%LC美実
%LC美実
「どうです？　お客さん。\n　そういう部屋、欲しくないですか？」%K%P
「どうです？　お客さん。\n　そういう部屋、欲しくないですか？」%K%P
%LC梨理
%LC梨理
「やるっ……！　私、部長やるっ！」%K%P
「やるっ……！　私、部長やるっ！」%K%P
%LC美実
%LC美実
「はいっ、交渉成立っ」%K%P
「はいっ、交渉成立っ」%K%P
まずは無茶をふっかけ、事情を説明したあと、\n最後にきっちりセールスポイントをアピール。%K%P
まずは無茶をふっかけ、事情を説明したあと、\n最後にきっちりセールスポイントをアピール。%K%P
見事すぎる流れに、ぐうの音もでなかった。%K%P
見事すぎる流れに、ぐうの音もでなかった。%K%P
その後、やることはやりきったとばかりに、\n美実様は満足げに帰っていって。%K%P
その後、やることはやりきったとばかりに、\n美実様は満足げに帰っていって。%K%P
部室には、オレと梨理ちゃんが残された。%K%P
部室には、オレと梨理ちゃんが残された。%K%P
%LC梨理
%LC梨理
「そういったわけで、まんまと\n　部長になってしまったわけですけど……」%K%P
「そういったわけで、まんまと\n　部長になってしまったわけですけど……」%K%P
%LC梨理
%LC梨理
「センセ、部員になってくれますか？」%K%P
「センセ、部員になってくれますか？」%K%P
%LC陽菜
%LC陽菜
「もちろん。いままで仮入部だったから。\n　正式に所属ってことで、お願いします」%K%P
「もちろん。いままで仮入部だったから。\n　正式に所属ってことで、お願いします」%K%P
%LC梨理
%LC梨理
「こちらこそ、よろしくお願いします」%K%P
「こちらこそ、よろしくお願いします」%K%P
ちょっとかしこまって互いに会釈したあと、\nその雰囲気に、少し笑みが漏れた。%K%P
ちょっとかしこまって互いに会釈したあと、\nその雰囲気に、少し笑みが漏れた。%K%P
%LC陽菜
%LC陽菜
「せっかく部長になったわけだし、\n　なにかやってみる？　お手伝いするよ」%K%P
「せっかく部長になったわけだし、\n　なにかやってみる？　お手伝いするよ」%K%P
%LC梨理
%LC梨理
「といっても、とくにやることは――」%K%P
「といっても、とくにやることは――」%K%P
そう言いかけた梨理ちゃんの視線が、\n美実様の持ってきたパネルを捉える。%K%P
そう言いかけた梨理ちゃんの視線が、\n美実様の持ってきたパネルを捉える。%K%P
%LC梨理
%LC梨理
「……そういえばお姉ちゃん、\n　これを部室に飾るって言ってましたね」%K%P
「……そういえばお姉ちゃん、\n　これを部室に飾るって言ってましたね」%K%P
%LC陽菜
%LC陽菜
「言ってたね。なら、それを初仕事にする？」%K%P
「言ってたね。なら、それを初仕事にする？」%K%P
%LC梨理
%LC梨理
「はい。……できれば、一緒に」%K%P
「はい。……できれば、一緒に」%K%P
そうして、梨理ちゃんと二人で、\n美実様が持ってきてくれたパネルを飾る。%K%P
そうして、梨理ちゃんと二人で、\n美実様が持ってきてくれたパネルを飾る。%K%P
%LC陽菜
%LC陽菜
「最初に見たときは、恥ずかしいって思ったけど。\n　飾っちゃうと、結構いいかも」%K%P
「最初に見たときは、恥ずかしいって思ったけど。\n　飾っちゃうと、結構いいかも」%K%P
%LC梨理
%LC梨理
「はい。一緒に写ってるセンセのことを思うと、\n　恥ずかしさ、ちょっと減る感じもしますし」%K%P
「はい。一緒に写ってるセンセのことを思うと、\n　恥ずかしさ、ちょっと減る感じもしますし」%K%P
%LC陽菜
%LC陽菜
「それって――」%K%P
「それって――」%K%P
%LC陽菜
%LC陽菜
「女装して騎士の格好してるオレに比べたら、\n　恥ずかしくないぞって意味？」%K%P
「女装して騎士の格好してるオレに比べたら、\n　恥ずかしくないぞって意味？」%K%P
%LC梨理
%LC梨理
「あっ……くすっ氈@さっすが日向、その通り歃n　よーくわかってるじゃない、えらいえらいっ氈v%K%P
「あっ……くすっ氈@さっすが日向、その通り歃n　よーくわかってるじゃない、えらいえらいっ氈v%K%P
二人きりだし、思い切って言ってみたら、\n梨理ちゃんもしっかりと応えてくれた。%K%P
二人きりだし、思い切って言ってみたら、\n梨理ちゃんもしっかりと応えてくれた。%K%P
さっきまでの梨理ちゃんも好きだけど、\nこっちの梨理ちゃんも、もちろん好きで。%K%P
さっきまでの梨理ちゃんも好きだけど、\nこっちの梨理ちゃんも、もちろん好きで。%K%P
この感覚って、陽菜と日向、二人分のオレを\n知ってる梨理ちゃんと、似てるかも知れない。%K%P
この感覚って、陽菜と日向、二人分のオレを\n知ってる梨理ちゃんと、似てるかも知れない。%K%P
%LC陽菜
%LC陽菜
「えっちな梨理ちゃんのことだから、\n　さっそく部室を『使う』気なんでしょ？」%K%P
「えっちな梨理ちゃんのことだから、\n　さっそく部室を『使う』気なんでしょ？」%K%P
%LC梨理
%LC梨理
「それはこっちの台詞だし。\n　ホント、日向ってばえっちなんだから」%K%P
「それはこっちの台詞だし。\n　ホント、日向ってばえっちなんだから」%K%P
%LC梨理
%LC梨理
「でも……そんなえっちな日向が、\n　私は世界で一番好きだから」%K%P
「でも……そんなえっちな日向が、\n　私は世界で一番好きだから」%K%P
%LC梨理
%LC梨理
「これからもずっとずっと、この写真みたく、\n　側にいてくれたら……嬉しい氈v%K%P
「これからもずっとずっと、この写真みたく、\n　側にいてくれたら……嬉しい氈v%K%P
写真パネルを見つめたまま、\n梨理ちゃんがオレの腕にしがみつく。%K%P
写真パネルを見つめたまま、\n梨理ちゃんがオレの腕にしがみつく。%K%P
願わくば、来年の銀蘭祭でも、\nこんな形で一緒に写真が撮れたなら――。%K%P
願わくば、来年の銀蘭祭でも、\nこんな形で一緒に写真が撮れたなら――。%K%P
って、その願いを叶えるためには、もう１年、\n女装生活を続けなくちゃいけないんだけど。%K%P
って、その願いを叶えるためには、もう１年、\n女装生活を続けなくちゃいけないんだけど。%K%P
……でも、やってやれないことはない、か。%K%P
……でも、やってやれないことはない、か。%K%P
だって今のオレは、この女装生活を――、\n梨理ちゃんと過ごす学園生活を、\nとっても楽しいと感じちゃっているんだから。%K%P
だって今のオレは、この女装生活を――、\n梨理ちゃんと過ごす学園生活を、\nとっても楽しいと感じちゃっているんだから。%K%P
