トーナメント初戦が終わり、翌日の日曜。%K%P
トーナメント初戦が終わり、翌日の日曜。%K%P
昨日の試合の疲れがまだ少し残る中、\nオレは学園内のとある建物へとやってきた。%K%P
昨日の試合の疲れがまだ少し残る中、\nオレは学園内のとある建物へとやってきた。%K%P
ホテルのラウンジみたいな空間に、\nずらずらっと並んだ、いくつものベッド。%K%P
ホテルのラウンジみたいな空間に、\nずらずらっと並んだ、いくつものベッド。%K%P
そして、そこでオレを待っていたのは――、%K%P
そして、そこでオレを待っていたのは――、%K%P
%LC睦月
%LC睦月
「ごきげんよう、陽菜さん」%K%P
「ごきげんよう、陽菜さん」%K%P
ベッドに腰掛けて本を読んでいた彼女は、\nオレに気付くと、立ち上がって出迎えてくれた。%K%P
ベッドに腰掛けて本を読んでいた彼女は、\nオレに気付くと、立ち上がって出迎えてくれた。%K%P
%LC睦月
%LC睦月
「まだ昼前だというのに、早いですね。\n　陽菜さんが一番……あ、いえ、二番乗りです」%K%P
「まだ昼前だというのに、早いですね。\n　陽菜さんが一番……あ、いえ、二番乗りです」%K%P
自分を入れて、というように、\nつーちゃんが自分とオレを交互に指さす。%K%P
自分を入れて、というように、\nつーちゃんが自分とオレを交互に指さす。%K%P
%LC睦月
%LC睦月
「ベッドは早い者勝ちだそうなので、\n　好きなところを選んでください」%K%P
「ベッドは早い者勝ちだそうなので、\n　好きなところを選んでください」%K%P
%LC陽菜
%LC陽菜
「あっ、うん。ええと……」%K%P
「あっ、うん。ええと……」%K%P
%LC陽菜
%LC陽菜
「今日から１週間、ここで一緒に\n　暮らすってことで……あってるんだよね？」%K%P
「今日から１週間、ここで一緒に\n　暮らすってことで……あってるんだよね？」%K%P
%LC睦月
%LC睦月
「はい」%K%P
「はい」%K%P
戸惑いながらも尋ねたオレに、\nつーちゃんはくすっと笑う。%K%P
戸惑いながらも尋ねたオレに、\nつーちゃんはくすっと笑う。%K%P
%LC陽菜
%LC陽菜
「じゃあ、ニナさんが言ってたこと、\n　ホントなんだ……」%K%P
「じゃあ、ニナさんが言ってたこと、\n　ホントなんだ……」%K%P
%LC睦月
%LC睦月
「学園長にはなんと言われたんですか？」%K%P
「学園長にはなんと言われたんですか？」%K%P
%LC陽菜
%LC陽菜
「それが――」%K%P
「それが――」%K%P
%LCニナ
%LCニナ
「ヒナちゃんには今日から１週間、\n　学園内の合宿所で生活してもらいます」%K%P
「ヒナちゃんには今日から１週間、\n　学園内の合宿所で生活してもらいます」%K%P
%LCニナ
%LCニナ
「目的は、銀蘭祭２日目で公演される歌劇アリア、\n　その内容を他の出演者と一緒に覚えること」%K%P
「目的は、銀蘭祭２日目で公演される歌劇アリア、\n　その内容を他の出演者と一緒に覚えること」%K%P
%LCニナ
%LCニナ
「つまり、梨理ちゃん、美実ちゃん、クレール、\n　そして{歌姫:ディーバ}の睦月ちゃん――」%K%P
「つまり、梨理ちゃん、美実ちゃん、クレール、\n　そして{歌姫:ディーバ}の睦月ちゃん――」%K%P
%LCニナ
%LCニナ
「この４人と寝食を共にし、親睦を深めて、\n　素敵な舞台を私たちに見せてちょうだいね」%K%P
「この４人と寝食を共にし、親睦を深めて、\n　素敵な舞台を私たちに見せてちょうだいね」%K%P
%LC陽菜
%LC陽菜
「――と、こんな感じだったんだけど。\n　この話って本当に本当なの？」%K%P
「――と、こんな感じだったんだけど。\n　この話って本当に本当なの？」%K%P
%LC睦月
%LC睦月
「本当ですよ。その目的にちなんで、\n　アリア合宿、なんて呼ばれています」%K%P
「本当ですよ。その目的にちなんで、\n　アリア合宿、なんて呼ばれています」%K%P
%LC睦月
%LC睦月
「そしてこちらが、歌劇アリアの台本です」%K%P
「そしてこちらが、歌劇アリアの台本です」%K%P
%LC陽菜
%LC陽菜
「あっ、それって、さっき読んでた――」%K%P
「あっ、それって、さっき読んでた――」%K%P
つーちゃんが見せてくれたのは、\n彼女がさっき目を通していた本だった。%K%P
つーちゃんが見せてくれたのは、\n彼女がさっき目を通していた本だった。%K%P
よく見れば、本というよりも冊子に近く、\nいかにも台本って感じの装丁だ。%K%P
よく見れば、本というよりも冊子に近く、\nいかにも台本って感じの装丁だ。%K%P
%LC睦月
%LC睦月
「そちらのテーブルに人数分ありますから。\n　荷物の整理が終わったら、ぜひ――」%K%P
「そちらのテーブルに人数分ありますから。\n　荷物の整理が終わったら、ぜひ――」%K%P
%LC睦月
%LC睦月
「陽菜さんの荷物、少ないんですね」%K%P
「陽菜さんの荷物、少ないんですね」%K%P
%LC陽菜
%LC陽菜
「必要なものがあったら、\n　職員寮まで取りに戻ればいいかと思って」%K%P
「必要なものがあったら、\n　職員寮まで取りに戻ればいいかと思って」%K%P
余分な物を持ってきて、万が一、\nそこから女装を疑われても困ってしまうし。%K%P
余分な物を持ってきて、万が一、\nそこから女装を疑われても困ってしまうし。%K%P
まあ、そういう意味で一番危ないのは、\n他でもない、オレ自身なんだけど。%K%P
まあ、そういう意味で一番危ないのは、\n他でもない、オレ自身なんだけど。%K%P
%LC陽菜
%LC陽菜
「にしても、ここで、みんなと……」%K%P
「にしても、ここで、みんなと……」%K%P
あらためて、部屋をぐるっと見回す。%K%P
あらためて、部屋をぐるっと見回す。%K%P
ここで１週間もみんなと寝食を共にするって――、%K%P
ここで１週間もみんなと寝食を共にするって――、%K%P
オレが男だって隠し通すの、\n難易度ベリーハードすぎでは……？%K%P
オレが男だって隠し通すの、\n難易度ベリーハードすぎでは……？%K%P
%LC睦月
%LC睦月
「きょろきょろして、どうかしました？」%K%P
「きょろきょろして、どうかしました？」%K%P
%LC陽菜
%LC陽菜
「いや、その……着替えとかは、\n　どうすればいいのかなって」%K%P
「いや、その……着替えとかは、\n　どうすればいいのかなって」%K%P
%LC睦月
%LC睦月
「ここで着替えても問題ないと思いますよ？」%K%P
「ここで着替えても問題ないと思いますよ？」%K%P
%LC陽菜
%LC陽菜
「それはそうなんだけど……。\n　美実様とか、悪戯してきそうで」%K%P
「それはそうなんだけど……。\n　美実様とか、悪戯してきそうで」%K%P
%LC睦月
%LC睦月
「ああ……ふふっ、でしたら、\n　浴室の脱衣所を使えばよいかと」%K%P
「ああ……ふふっ、でしたら、\n　浴室の脱衣所を使えばよいかと」%K%P
%LC睦月
%LC睦月
「ここは浴室も脱衣所もそれなりに広いので。\n　大きな鏡などもありますし、便利ですよ」%K%P
「ここは浴室も脱衣所もそれなりに広いので。\n　大きな鏡などもありますし、便利ですよ」%K%P
%LC睦月
%LC睦月
「かくいう私も、そちらを使う予定です」%K%P
「かくいう私も、そちらを使う予定です」%K%P
%LC陽菜
%LC陽菜
「そうなんだ。じゃあ、私もそれで――」%K%P
「そうなんだ。じゃあ、私もそれで――」%K%P
%LC陽菜
%LC陽菜
「って、ちょっと待って。\n　ここって、お風呂広いの？」%K%P
「って、ちょっと待って。\n　ここって、お風呂広いの？」%K%P
%LC睦月
%LC睦月
「ええ、合宿所ですから。\n　ちょっとした温泉旅館程度には」%K%P
「ええ、合宿所ですから。\n　ちょっとした温泉旅館程度には」%K%P
%LC陽菜
%LC陽菜
「それって――」%K%P
「それって――」%K%P
絶対、美実様が一緒に入ろうって言ってくるやつだ。%K%P
絶対、美実様が一緒に入ろうって言ってくるやつだ。%K%P
%LC美実
%LC美実
「陽菜ちゃん、お風呂一緒に入ろ？」%K%P
「陽菜ちゃん、お風呂一緒に入ろ？」%K%P
そうそう、こんな感じで――って、%K%P
そうそう、こんな感じで――って、%K%P
%LC陽菜
%LC陽菜
「美実様っ……！？」%K%P
「美実様っ……！？」%K%P
%LC美実
%LC美実
「ふふっ、ごきげんよう。\n　今日から１週間、よろしくね」%K%P
「ふふっ、ごきげんよう。\n　今日から１週間、よろしくね」%K%P
%LC睦月
%LC睦月
「こちらこそ、よろしくお願いします」%K%P
「こちらこそ、よろしくお願いします」%K%P
%LC陽菜
%LC陽菜
「先に言っておきますけど、\n　お風呂は一緒に入りませんからね？」%K%P
「先に言っておきますけど、\n　お風呂は一緒に入りませんからね？」%K%P
%LC美実
%LC美実
「もう、つれないんだから。私はいいけど、\n　梨理がすっごく楽しみにしてたよ？」%K%P
「もう、つれないんだから。私はいいけど、\n　梨理がすっごく楽しみにしてたよ？」%K%P
%LC陽菜
%LC陽菜
「あ……」%K%P
「あ……」%K%P
そっか、梨理ちゃんがいるんだ。%K%P
そっか、梨理ちゃんがいるんだ。%K%P
美実様はともかく、梨理ちゃんに誘われたら、\nさすがに無下にはできない。%K%P
美実様はともかく、梨理ちゃんに誘われたら、\nさすがに無下にはできない。%K%P
なんといってもエンゲージしてる相手だし、\n以前に比べて、雰囲気も良くなってきたのに。%K%P
なんといってもエンゲージしてる相手だし、\n以前に比べて、雰囲気も良くなってきたのに。%K%P
お風呂には一緒に入れない、なんて言って、\n関係性を後退させるような真似はしたくない。%K%P
お風呂には一緒に入れない、なんて言って、\n関係性を後退させるような真似はしたくない。%K%P
誘われないことを祈るしかないけど、\nその可能性は、今の美実様の発言で絶望的――って、%K%P
誘われないことを祈るしかないけど、\nその可能性は、今の美実様の発言で絶望的――って、%K%P
%LC陽菜
%LC陽菜
「あの、美実様。\n　梨理ちゃんは一緒じゃないんですか？」%K%P
「あの、美実様。\n　梨理ちゃんは一緒じゃないんですか？」%K%P
%LC美実
%LC美実
「あの子ならショッピングモール寄ってくって。\n　合宿が終わるまで、しばらく行けないから」%K%P
「あの子ならショッピングモール寄ってくって。\n　合宿が終わるまで、しばらく行けないから」%K%P
%LC陽菜
%LC陽菜
「あ、そっか……」%K%P
「あ、そっか……」%K%P
決勝戦に向けたトレーニングに加えて、\n歌劇アリアの稽古もしなくちゃいけない。%K%P
決勝戦に向けたトレーニングに加えて、\n歌劇アリアの稽古もしなくちゃいけない。%K%P
やらなきゃいけないことがぐっと増えるし、\n当然、放課後を中心に忙しくなるだろう。%K%P
やらなきゃいけないことがぐっと増えるし、\n当然、放課後を中心に忙しくなるだろう。%K%P
そのためにこうして合宿するんだし、放課後、\nショッピングモールへ行っている余裕はないか。%K%P
そのためにこうして合宿するんだし、放課後、\nショッピングモールへ行っている余裕はないか。%K%P
……つまり、少なくともこの先１週間、\n日向として梨理ちゃんには会えないわけで。%K%P
……つまり、少なくともこの先１週間、\n日向として梨理ちゃんには会えないわけで。%K%P
%LC美実
%LC美実
「陽菜ちゃんも行ってきたら？\n　ショッピングモール」%K%P
「陽菜ちゃんも行ってきたら？\n　ショッピングモール」%K%P
%LC陽菜
%LC陽菜
「えっ？　でも、私、とくに用事は」%K%P
「えっ？　でも、私、とくに用事は」%K%P
%LC美実
%LC美実
「あるでしょ？　用事なら、大切なのが」%K%P
「あるでしょ？　用事なら、大切なのが」%K%P
そう言った美実様は、おもむろに、\nオレと肩を組むように顔を寄せてきて。%K%P
そう言った美実様は、おもむろに、\nオレと肩を組むように顔を寄せてきて。%K%P
%LC美実
%LC美実
「今日を逃したら１週間会えなくなるよ？\n　ねぇ？　ゲーセンで会った変態くん？」%K%P
「今日を逃したら１週間会えなくなるよ？\n　ねぇ？　ゲーセンで会った変態くん？」%K%P
%LC陽菜
%LC陽菜
「……え」%K%P
「……え」%K%P
……うそ。いま、なんて――、%K%P
……うそ。いま、なんて――、%K%P
%LC陽菜
%LC陽菜
「あ、あの、いったい、なんのことか」%K%P
「あ、あの、いったい、なんのことか」%K%P
%LC美実
%LC美実
「動揺しすぎ。睦月ちゃんが見てるよ？\n　バレちゃってもいいの？」%K%P
「動揺しすぎ。睦月ちゃんが見てるよ？\n　バレちゃってもいいの？」%K%P
%LC陽菜
%LC陽菜
「ッ……」%K%P
「ッ……」%K%P
美実様の一言で、咄嗟に口を噤む。%K%P
美実様の一言で、咄嗟に口を噤む。%K%P
けど、そんなオレの反応を見て、\n美実様はくすっと悪戯っぽく笑った。%K%P
けど、そんなオレの反応を見て、\n美実様はくすっと悪戯っぽく笑った。%K%P
%LC美実
%LC美実
「慌てて黙るってことは、やっぱそうなんだ？\n　あれ、陽菜ちゃんだったわけね？」%K%P
「慌てて黙るってことは、やっぱそうなんだ？\n　あれ、陽菜ちゃんだったわけね？」%K%P
%LC陽菜
%LC陽菜
「あ、あの、なに、を、言って」%K%P
「あ、あの、なに、を、言って」%K%P
ヤバい、ダメだ、いきなりすぎて頭が回らない。%K%P
ヤバい、ダメだ、いきなりすぎて頭が回らない。%K%P
女装がバレるにしたって、もっとこう、\n前触れとか、予兆とか、そういうのがないと、\nこっちだって心の準備とか誤魔化す用意が――、%K%P
女装がバレるにしたって、もっとこう、\n前触れとか、予兆とか、そういうのがないと、\nこっちだって心の準備とか誤魔化す用意が――、%K%P
%LC美実
%LC美実
「睦月ちゃん。私たち、ちょっと出てくるね」%K%P
「睦月ちゃん。私たち、ちょっと出てくるね」%K%P
%LC睦月
%LC睦月
「はい。私はここにいますので、\n　ごゆっくりどうぞ」%K%P
「はい。私はここにいますので、\n　ごゆっくりどうぞ」%K%P
%LC美実
%LC美実
「本当は部室の方が安全なんだけど……。\n　今日は休みで人もいないし、ここでいいでしょ」%K%P
「本当は部室の方が安全なんだけど……。\n　今日は休みで人もいないし、ここでいいでしょ」%K%P
%LC陽菜
%LC陽菜
「あの、美実様」%K%P
「あの、美実様」%K%P
%LC美実
%LC美実
「ふふっ、そんな顔しないの。\n　別に獲って食べたりしないし」%K%P
「ふふっ、そんな顔しないの。\n　別に獲って食べたりしないし」%K%P
%LC美実
%LC美実
「焦らなくても、ちゃんと全部教えてあげる。\n　私も教えて欲しいことあるし」%K%P
「焦らなくても、ちゃんと全部教えてあげる。\n　私も教えて欲しいことあるし」%K%P
%LC美実
%LC美実
「だから……ほら、ここ座って」%K%P
「だから……ほら、ここ座って」%K%P
%LC陽菜
%LC陽菜
「ん……」%K%P
「ん……」%K%P
ベンチに座った美実様の隣に、\nちょっとだけ距離をおいて座る。%K%P
ベンチに座った美実様の隣に、\nちょっとだけ距離をおいて座る。%K%P
教会の懺悔室って、こんな感じかも。%K%P
教会の懺悔室って、こんな感じかも。%K%P
%LC美実
%LC美実
「まずは、いつから気付いてたか、だけど。\n　これは先週の日曜からってことになるのかな」%K%P
「まずは、いつから気付いてたか、だけど。\n　これは先週の日曜からってことになるのかな」%K%P
%LC美実
%LC美実
「陽菜ちゃん、気付いてなかったと思うけど。\n　私、最初からぜんぶ見てたんだよ？」%K%P
「陽菜ちゃん、気付いてなかったと思うけど。\n　私、最初からぜんぶ見てたんだよ？」%K%P
%LC陽菜
%LC陽菜
「最初から……？」%K%P
「最初から……？」%K%P
%LC美実
%LC美実
「あの日は梨理と買い物行って、下着見たあと、\n　私、コスメ見たくて。別行動したんだよね」%K%P
「あの日は梨理と買い物行って、下着見たあと、\n　私、コスメ見たくて。別行動したんだよね」%K%P
%LC美実
%LC美実
「で、待ち合わせ場所のゲーセンに行ったら、\n　梨理をじーっと見てる男の子がいたわけ」%K%P
「で、待ち合わせ場所のゲーセンに行ったら、\n　梨理をじーっと見てる男の子がいたわけ」%K%P
%LC陽菜
%LC陽菜
「うわ……」%K%P
「うわ……」%K%P
最初からって、そういう意味か……。%K%P
最初からって、そういう意味か……。%K%P
%LC美実
%LC美実
「深淵をのぞく時、深淵もまた、\n　こちらをのぞいているのだ――ってね」%K%P
「深淵をのぞく時、深淵もまた、\n　こちらをのぞいているのだ――ってね」%K%P
%LC美実
%LC美実
「陽菜ちゃんが梨理をこっそり見てたとき、\n　私も陽菜ちゃんをこっそり見てたってわけ」%K%P
「陽菜ちゃんが梨理をこっそり見てたとき、\n　私も陽菜ちゃんをこっそり見てたってわけ」%K%P
%LC美実
%LC美実
「最初は、ガチで変質者かなって思ったんだよ？\n　とにかくじーっと見てるし」%K%P
「最初は、ガチで変質者かなって思ったんだよ？\n　とにかくじーっと見てるし」%K%P
%LC美実
%LC美実
「でも、とくになにもしないし。\n　盗撮とかしてる感じでもないし」%K%P
「でも、とくになにもしないし。\n　盗撮とかしてる感じでもないし」%K%P
%LC美実
%LC美実
「そしたら、本当に変なおじさんが出てきて。\n　その変なおじさんを、男の子は撃退してくれた」%K%P
「そしたら、本当に変なおじさんが出てきて。\n　その変なおじさんを、男の子は撃退してくれた」%K%P
%LC美実
%LC美実
「あれ、この子、実はイイ子では……？\n　ってなってたら、そこに梨理が戻ってきて。\n　そのあとの展開は、説明不要でしょ？」%K%P
「あれ、この子、実はイイ子では……？\n　ってなってたら、そこに梨理が戻ってきて。\n　そのあとの展開は、説明不要でしょ？」%K%P
%LC陽菜
%LC陽菜
「あの……なんでそれで、その男の子が、\n　私かもってことになるんですか？」%K%P
「あの……なんでそれで、その男の子が、\n　私かもってことになるんですか？」%K%P
%LC美実
%LC美実
「だって、私を見て『みっ』って言ったでしょ？\n　普通、驚いても『みっ』って言わなくない？」%K%P
「だって、私を見て『みっ』って言ったでしょ？\n　普通、驚いても『みっ』って言わなくない？」%K%P
%LC美実
%LC美実
「しかもそのあと、見目麗しいって……ふふっ。\n　誤魔化すの下手だよねぇ？　ほんと」%K%P
「しかもそのあと、見目麗しいって……ふふっ。\n　誤魔化すの下手だよねぇ？　ほんと」%K%P
%LC陽菜
%LC陽菜
「はうっ……」%K%P
「はうっ……」%K%P
そりゃ、確かに自分自身でも、\nかなり苦しいとは思ってたけど……。%K%P
そりゃ、確かに自分自身でも、\nかなり苦しいとは思ってたけど……。%K%P
%LC美実
%LC美実
「まあでも、それだけなら、\n　変な子だなーぐらいで終わったんだけど」%K%P
「まあでも、それだけなら、\n　変な子だなーぐらいで終わったんだけど」%K%P
%LC美実
%LC美実
「そのあと私がアイコンタクトしたら、\n　あっさり理解して阿吽の呼吸だったでしょ？」%K%P
「そのあと私がアイコンタクトしたら、\n　あっさり理解して阿吽の呼吸だったでしょ？」%K%P
%LC美実
%LC美実
「初対面で、アレはさすがにね。\n　理解よすぎだなーって思ったわけ」%K%P
「初対面で、アレはさすがにね。\n　理解よすぎだなーって思ったわけ」%K%P
%LC美実
%LC美実
「で、よーく見たら、雰囲気似てるし。\n　というか、困ってるときの反応一緒だし」%K%P
「で、よーく見たら、雰囲気似てるし。\n　というか、困ってるときの反応一緒だし」%K%P
%LC美実
%LC美実
「んで、これはもしや……って思ったわけ」%K%P
「んで、これはもしや……って思ったわけ」%K%P
%LC美実
%LC美実
「けど、実は双子、みたいな可能性もあるでしょ？\n　だから次の日の朝、カマかけたの」%K%P
「けど、実は双子、みたいな可能性もあるでしょ？\n　だから次の日の朝、カマかけたの」%K%P
%LC陽菜
%LC陽菜
「カマ？」%K%P
「カマ？」%K%P
%LC美実
%LC美実
「エンゲージ投票する前の舞台袖で、\n　私、ヒーナ知ってるって聞いたでしょ？」%K%P
「エンゲージ投票する前の舞台袖で、\n　私、ヒーナ知ってるって聞いたでしょ？」%K%P
%LC陽菜
%LC陽菜
「ああ……。やっぱりアレ、\n　私のこと怪しんでたんですね」%K%P
「ああ……。やっぱりアレ、\n　私のこと怪しんでたんですね」%K%P
%LC陽菜
%LC陽菜
「けど、あのときは警戒して、\n　迂闊なことは言わなかったと思うんですけど」%K%P
「けど、あのときは警戒して、\n　迂闊なことは言わなかったと思うんですけど」%K%P
%LC美実
%LC美実
「陽菜ちゃん、バルバブエって知ってる？」%K%P
「陽菜ちゃん、バルバブエって知ってる？」%K%P
%LC陽菜
%LC陽菜
「へっ……？　バルバブエ……？\n　なんですか？　それ」%K%P
「へっ……？　バルバブエ……？\n　なんですか？　それ」%K%P
%LC美実
%LC美実
「ほら、やっぱり」%K%P
「ほら、やっぱり」%K%P
%LC陽菜
%LC陽菜
「……？　あの、なにがなんだか……」%K%P
「……？　あの、なにがなんだか……」%K%P
%LC美実
%LC美実
「私が『ヒーナ知ってる？』って聞いたとき、\n　陽菜ちゃんは『知らない』とだけ答えたけど――」%K%P
「私が『ヒーナ知ってる？』って聞いたとき、\n　陽菜ちゃんは『知らない』とだけ答えたけど――」%K%P
%LC美実
%LC美実
「本当になにも知らないなら、今みたいに\n　『それなんですか？』って聞き返すもんでしょ？」%K%P
「本当になにも知らないなら、今みたいに\n　『それなんですか？』って聞き返すもんでしょ？」%K%P
%LC美実
%LC美実
「人名かもしれないし、食べ物かもしれない。\n　お店かもしれないし、本の名前かもしれない」%K%P
「人名かもしれないし、食べ物かもしれない。\n　お店かもしれないし、本の名前かもしれない」%K%P
%LC美実
%LC美実
「詳しく聞いたら、実は知ってるかもしれないし、\n　思い出したりとかするかもしれないんだから」%K%P
「詳しく聞いたら、実は知ってるかもしれないし、\n　思い出したりとかするかもしれないんだから」%K%P
%LC美実
%LC美実
「でも、陽菜ちゃんは知らないとしか言わなかった。\n　それってね、知ってて誤魔化す人の回答なわけ」%K%P
「でも、陽菜ちゃんは知らないとしか言わなかった。\n　それってね、知ってて誤魔化す人の回答なわけ」%K%P
%LC美実
%LC美実
「ヒーナを知らないって誤魔化すんだから、\n　これはもう、ほぼほぼクロだなぁって思って」%K%P
「ヒーナを知らないって誤魔化すんだから、\n　これはもう、ほぼほぼクロだなぁって思って」%K%P
%LC美実
%LC美実
「それでも念のため、最終確認として、\n　次の日の朝、陽菜ちゃんの頭をこうしたの」%K%P
「それでも念のため、最終確認として、\n　次の日の朝、陽菜ちゃんの頭をこうしたの」%K%P
そうして美実様は手を伸ばすと、\nオレの頭をぽんぽんと優しく撫でた。%K%P
そうして美実様は手を伸ばすと、\nオレの頭をぽんぽんと優しく撫でた。%K%P
%LC美実
%LC美実
「これ、ウィッグでしょ？\n　ここにクリップの感触あるし」%K%P
「これ、ウィッグでしょ？\n　ここにクリップの感触あるし」%K%P
%LC陽菜
%LC陽菜
「あ……」%K%P
「あ……」%K%P
%LC美実
%LC美実
「すっごくよく出来てるよね、これ。\n　疑ってさわって、ようやく気付くレベル」%K%P
「すっごくよく出来てるよね、これ。\n　疑ってさわって、ようやく気付くレベル」%K%P
%LC美実
%LC美実
「そんなわけで、Ｑ．Ｅ．Ｄ．――。\n　どう？　納得した？」%K%P
「そんなわけで、Ｑ．Ｅ．Ｄ．――。\n　どう？　納得した？」%K%P
%LC陽菜
%LC陽菜
「美実様、探偵になったほうがいいんじゃ……」%K%P
「美実様、探偵になったほうがいいんじゃ……」%K%P
%LC美実
%LC美実
「ふふっ、それはそれで楽しそうだけど。\n　私の夢はもう決まってるから、あしからず」%K%P
「ふふっ、それはそれで楽しそうだけど。\n　私の夢はもう決まってるから、あしからず」%K%P
%LC美実
%LC美実
「それに、私にわかるのはここまでなんだよね」%K%P
「それに、私にわかるのはここまでなんだよね」%K%P
%LC美実
%LC美実
「だからこそ、これから一緒に合宿する前に、\n　ちゃんと確かめておきたくて」%K%P
「だからこそ、これから一緒に合宿する前に、\n　ちゃんと確かめておきたくて」%K%P
%LC陽菜
%LC陽菜
「あの、確かめるって……これ以上、なにを？」%K%P
「あの、確かめるって……これ以上、なにを？」%K%P
%LC美実
%LC美実
「ずばり聞くけど。\n　陽菜ちゃんは、男の子？　女の子？」%K%P
「ずばり聞くけど。\n　陽菜ちゃんは、男の子？　女の子？」%K%P
%LC陽菜
%LC陽菜
「は……？」%K%P
「は……？」%K%P
%LC美実
%LC美実
「だって陽菜ちゃん、すっごく可愛いんだもん。\n　男装女子か女装男子か、結局わかんなくって」%K%P
「だって陽菜ちゃん、すっごく可愛いんだもん。\n　男装女子か女装男子か、結局わかんなくって」%K%P
%LC美実
%LC美実
「共同生活するんだもん。配慮は必要でしょ？\n　ね？　どっち？　ついてるの？　ついてないの？」%K%P
「共同生活するんだもん。配慮は必要でしょ？\n　ね？　どっち？　ついてるの？　ついてないの？」%K%P
%LC陽菜
%LC陽菜
「なっ……な、ななななっ……」%K%P
「なっ……な、ななななっ……」%K%P
%LC美実
%LC美実
「な……？　ないの？　女の子？」%K%P
「な……？　ないの？　女の子？」%K%P
%LC陽菜
%LC陽菜
%XS21「ありますっ！　ついてるほうですっ！！」%XE%K%P
%XS21「ありますっ！　ついてるほうですっ！！」%XE%K%P
%LC美実
%LC美実
「――なるほど。そういう事情でねぇ……」%K%P
「――なるほど。そういう事情でねぇ……」%K%P
その後、オレは美実様に、\n女装するに至った経緯を説明した。%K%P
その後、オレは美実様に、\n女装するに至った経緯を説明した。%K%P
ニナさんや姉さんが絡む事柄もあったので、\nそのあたりは、配慮して伏せたりもしたけれど。%K%P
ニナさんや姉さんが絡む事柄もあったので、\nそのあたりは、配慮して伏せたりもしたけれど。%K%P
とにかく、オレが空木日向という男子だって\n伝えておかないと、気が済まなかったのだ。%K%P
とにかく、オレが空木日向という男子だって\n伝えておかないと、気が済まなかったのだ。%K%P
%LC美実
%LC美実
「つまり、梨理の初恋相手は、\n　男の子ってことになったわけね」%K%P
「つまり、梨理の初恋相手は、\n　男の子ってことになったわけね」%K%P
%LC陽菜
%LC陽菜
「初恋って……」%K%P
「初恋って……」%K%P
%LC美実
%LC美実
「梨理、こういうことに免疫ないから。\n　一言で言うなら、すっかりお熱なんだよ」%K%P
「梨理、こういうことに免疫ないから。\n　一言で言うなら、すっかりお熱なんだよ」%K%P
%LC美実
%LC美実
「この前、梨理がヒーナのぬいぐるみを\n　持って帰ってきたんだけど。\n　あれを獲ってくれたの、陽菜ちゃんでしょ？」%K%P
「この前、梨理がヒーナのぬいぐるみを\n　持って帰ってきたんだけど。\n　あれを獲ってくれたの、陽菜ちゃんでしょ？」%K%P
%LC美実
%LC美実
「梨理、部屋で毎晩あれを抱っこして寝てるよ。\n　合宿に持って行こうか悩んでたぐらい」%K%P
「梨理、部屋で毎晩あれを抱っこして寝てるよ。\n　合宿に持って行こうか悩んでたぐらい」%K%P
%LC陽菜
%LC陽菜
「そんなに……」%K%P
「そんなに……」%K%P
嬉しい気持ちと同じぐらい、照れくさい。%K%P
嬉しい気持ちと同じぐらい、照れくさい。%K%P
%LC美実
%LC美実
「で、陽菜ちゃんは？　梨理のこと好き？」%K%P
「で、陽菜ちゃんは？　梨理のこと好き？」%K%P
%LC陽菜
%LC陽菜
「ん……」%K%P
「ん……」%K%P
いきなり聞かれて、言葉に詰まって。%K%P
いきなり聞かれて、言葉に詰まって。%K%P
……でも、本当に小さく、こくんと頷く。%K%P
……でも、本当に小さく、こくんと頷く。%K%P
%LC美実
%LC美実
「ふふっ、可愛いなぁ、もう歃n　こんな子が将来、義弟クンかぁ……」%K%P
「ふふっ、可愛いなぁ、もう歃n　こんな子が将来、義弟クンかぁ……」%K%P
%LC陽菜
%LC陽菜
「なっ……もうっ、美実様っ。\n　なに勝手に決めてるんですかっ」%K%P
「なっ……もうっ、美実様っ。\n　なに勝手に決めてるんですかっ」%K%P
%LC美実
%LC美実
「なにって、家族計画？」%K%P
「なにって、家族計画？」%K%P
%LC陽菜
%LC陽菜
「美実様っ！」%K%P
「美実様っ！」%K%P
%LC美実
%LC美実
「あははっ。まあ、そういうわけだから。\n　陽菜ちゃん、梨理に会いにいってあげて」%K%P
「あははっ。まあ、そういうわけだから。\n　陽菜ちゃん、梨理に会いにいってあげて」%K%P
%LC美実
%LC美実
「今頃梨理のやつ、陽菜ちゃん……じゃないか。\n　日向くんを探して、ゲーセンにいるはずだから」%K%P
「今頃梨理のやつ、陽菜ちゃん……じゃないか。\n　日向くんを探して、ゲーセンにいるはずだから」%K%P
%LC陽菜
%LC陽菜
「いや、でも……」%K%P
「いや、でも……」%K%P
%LC美実
%LC美実
「いま会いに行かないと、このあと、\n　しょんぼり顔の梨理とご対面することになるよ？」%K%P
「いま会いに行かないと、このあと、\n　しょんぼり顔の梨理とご対面することになるよ？」%K%P
%LC美実
%LC美実
「あの子、日向くんがくるって信じてるから。\n　二度あることは三度あるはずだって」%K%P
「あの子、日向くんがくるって信じてるから。\n　二度あることは三度あるはずだって」%K%P
%LC美実
%LC美実
「ね？　行ってあげて、日向くん」%K%P
「ね？　行ってあげて、日向くん」%K%P
そうして美実様はまた、\nオレの頭を優しくぽんぽんと叩いた。%K%P
そうして美実様はまた、\nオレの頭を優しくぽんぽんと叩いた。%K%P
それから、職員寮に戻って、服を着替えて。%K%P
それから、職員寮に戻って、服を着替えて。%K%P
急いで例のゲームセンターへやってくると、\n美実様の言った通り、彼女が待っていた。%K%P
急いで例のゲームセンターへやってくると、\n美実様の言った通り、彼女が待っていた。%K%P
%LC梨理
%LC梨理
「すごい、ホントに会えた……」%K%P
「すごい、ホントに会えた……」%K%P
%LC日向
%LC日向
「ホントにって……どういうこと？」%K%P
「ホントにって……どういうこと？」%K%P
%LC梨理
%LC梨理
「お姉ちゃんが、今日ショッピングモールに行くと、\n　例の男の子に会えるかもよって言ってて」%K%P
「お姉ちゃんが、今日ショッピングモールに行くと、\n　例の男の子に会えるかもよって言ってて」%K%P
%LC梨理
%LC梨理
「なんでって聞いたら、夢で見たって」%K%P
「なんでって聞いたら、夢で見たって」%K%P
%LC日向
%LC日向
「そうなんだ……」%K%P
「そうなんだ……」%K%P
つまり、ここまでの展開はすべて、\n美実様の計画通りってことだ。……うぅ、おのれ。%K%P
つまり、ここまでの展開はすべて、\n美実様の計画通りってことだ。……うぅ、おのれ。%K%P
%LC梨理
%LC梨理
「ねえ、今日も、時間ある？　あるなら――」%K%P
「ねえ、今日も、時間ある？　あるなら――」%K%P
%LC日向
%LC日向
「あるよ。あるから、一緒に遊ぶ？」%K%P
「あるよ。あるから、一緒に遊ぶ？」%K%P
%LC梨理
%LC梨理
「あ……うんっ」%K%P
「あ……うんっ」%K%P
%LC日向
%LC日向
「ん……」%K%P
「ん……」%K%P
気のせいか、この前よりも素直な反応。%K%P
気のせいか、この前よりも素直な反応。%K%P
そんな彼女に、ちょっと体温が上がる。%K%P
そんな彼女に、ちょっと体温が上がる。%K%P
たぶん、美実様が初恋だなんて言ったからだし、\n好きでしょ？　なんて聞いてきたからだ。%K%P
たぶん、美実様が初恋だなんて言ったからだし、\n好きでしょ？　なんて聞いてきたからだ。%K%P
前回は普通に……というか、気軽に話せていたのに。%K%P
前回は普通に……というか、気軽に話せていたのに。%K%P
意識しちゃうと、顔、見れないんだけど。%K%P
意識しちゃうと、顔、見れないんだけど。%K%P
%LC日向
%LC日向
「へぇ、すごい……。\n　梨理ちゃん、そんなに強かったんだ？」%K%P
「へぇ、すごい……。\n　梨理ちゃん、そんなに強かったんだ？」%K%P
%LC梨理
%LC梨理
「まあ、私は負けちゃったんだけど……。\n　でもセンセが私の分まで勝ってくれて」%K%P
「まあ、私は負けちゃったんだけど……。\n　でもセンセが私の分まで勝ってくれて」%K%P
%LC日向
%LC日向
「センセ？」%K%P
「センセ？」%K%P
%LC梨理
%LC梨理
「剣術を教えてくれる、すごく強い先生。\n　私のパートナーで、めちゃ頼もしい人」%K%P
「剣術を教えてくれる、すごく強い先生。\n　私のパートナーで、めちゃ頼もしい人」%K%P
%LC日向
%LC日向
「一緒に戦ってるってこと？」%K%P
「一緒に戦ってるってこと？」%K%P
%LC梨理
%LC梨理
「そう。{連弾:デュオ}{舞闘:カデンツァ}って言って――」%K%P
「そう。{連弾:デュオ}{舞闘:カデンツァ}って言って――」%K%P
ゲームを遊びながら、梨理ちゃんの話を聞く。%K%P
ゲームを遊びながら、梨理ちゃんの話を聞く。%K%P
銀蘭祭という学園祭があることや、\n一番強い{騎士:ワルキュリア}を決める試合があること。%K%P
銀蘭祭という学園祭があることや、\n一番強い{騎士:ワルキュリア}を決める試合があること。%K%P
その試合が、今年は{連弾:デュオ}{舞闘:カデンツァ}という、\nペアで戦う形式になったこと。%K%P
その試合が、今年は{連弾:デュオ}{舞闘:カデンツァ}という、\nペアで戦う形式になったこと。%K%P
梨理ちゃんは、卯花陽菜という強い人とペアになり、\n決勝戦に進出を決めたこと――。%K%P
梨理ちゃんは、卯花陽菜という強い人とペアになり、\n決勝戦に進出を決めたこと――。%K%P
陽菜でもあるオレにとっては既知の話ばかりだけど、\n楽しそうに話す梨理ちゃんが、とても可愛くて。%K%P
陽菜でもあるオレにとっては既知の話ばかりだけど、\n楽しそうに話す梨理ちゃんが、とても可愛くて。%K%P
オレはまったく飽きることなく、\n彼女の話を聞きながら、一緒に遊んだ。%K%P
オレはまったく飽きることなく、\n彼女の話を聞きながら、一緒に遊んだ。%K%P
%LC梨理
%LC梨理
「あのさ、この前のこと、なんだけど」%K%P
「あのさ、この前のこと、なんだけど」%K%P
%LC日向
%LC日向
「この前？」%K%P
「この前？」%K%P
%LC梨理
%LC梨理
「練習を楽しむって話をしてくれたでしょ？」%K%P
「練習を楽しむって話をしてくれたでしょ？」%K%P
%LC梨理
%LC梨理
「あの話のおかげで……私、\n　ちょっとだけど、変われた気がする」%K%P
「あの話のおかげで……私、\n　ちょっとだけど、変われた気がする」%K%P
%LC日向
%LC日向
「変われたのは梨理ちゃん自身の力で、\n　オレはただ、話をしただけだよ」%K%P
「変われたのは梨理ちゃん自身の力で、\n　オレはただ、話をしただけだよ」%K%P
%LC梨理
%LC梨理
「そんなことないし。\n　……日向の、おかげだもん」%K%P
「そんなことないし。\n　……日向の、おかげだもん」%K%P
%LC梨理
%LC梨理
「だから……ありがと」%K%P
「だから……ありがと」%K%P
%LC日向
%LC日向
「ん……」%K%P
「ん……」%K%P
しおらしく告げられて、言葉に詰まる。%K%P
しおらしく告げられて、言葉に詰まる。%K%P
日向として出会って、たった１週間なのに。%K%P
日向として出会って、たった１週間なのに。%K%P
最初はオレのこと、男のクセに、なんて言って、\nキツめの物言いをしてきたのに。%K%P
最初はオレのこと、男のクセに、なんて言って、\nキツめの物言いをしてきたのに。%K%P
それが、今日はこんなにも――、%K%P
それが、今日はこんなにも――、%K%P
%LC梨理
%LC梨理
「ねえ？　日向って……好きな子とか、いるの？」%K%P
「ねえ？　日向って……好きな子とか、いるの？」%K%P
%LC日向
%LC日向
「えっ……？」%K%P
「えっ……？」%K%P
%LC梨理
%LC梨理
「だから、好きな子。\n　いるの？　いないの？　……どっち？」%K%P
「だから、好きな子。\n　いるの？　いないの？　……どっち？」%K%P
%LC日向
%LC日向
「それは……」%K%P
「それは……」%K%P
いま目の前にいるキミだよ――なんて、\nそれはさすがに、ちょっと無理だけど。%K%P
いま目の前にいるキミだよ――なんて、\nそれはさすがに、ちょっと無理だけど。%K%P
でも、普通に伝える分には、いいのかな。%K%P
でも、普通に伝える分には、いいのかな。%K%P
オレは、キミのことを――、%K%P
オレは、キミのことを――、%K%P
%LC杏奈
%LC杏奈
「あっ、コレ可愛いっ！」%K%P
「あっ、コレ可愛いっ！」%K%P
%LC日向
%LC日向
「いッ……！？」%K%P
「いッ……！？」%K%P
いきなり聞き覚えのある声がして、\nちらっと見れば、そこには見覚えのある姿が。%K%P
いきなり聞き覚えのある声がして、\nちらっと見れば、そこには見覚えのある姿が。%K%P
杏奈ちゃん……？！　なんでここにっ……？！%K%P
杏奈ちゃん……？！　なんでここにっ……？！%K%P
%LC梨理
%LC梨理
「あっ、あれって――」%K%P
「あっ、あれって――」%K%P
%LC日向
%LC日向
「梨理ちゃんこっちっ！」%K%P
「梨理ちゃんこっちっ！」%K%P
%LC梨理
%LC梨理
「ふえっ！？　ちょっ、なにっ！？」%K%P
「ふえっ！？　ちょっ、なにっ！？」%K%P
%LC日向
%LC日向
「いいからっ」%K%P
「いいからっ」%K%P
咄嗟に梨理ちゃんの手を取ると、\n慌ててその場から離れる。%K%P
咄嗟に梨理ちゃんの手を取ると、\n慌ててその場から離れる。%K%P
よく考えたら今日は日曜だし、\n遊びや買い物に来ていたって別におかしくない。\n先週のオレがまさにそうだったんだから。%K%P
よく考えたら今日は日曜だし、\n遊びや買い物に来ていたって別におかしくない。\n先週のオレがまさにそうだったんだから。%K%P
でもいま杏奈ちゃんに会うのは大変マズい。%K%P
でもいま杏奈ちゃんに会うのは大変マズい。%K%P
だってオレはいま日向だし、\n杏奈ちゃんは日向の幼馴染みだ。%K%P
だってオレはいま日向だし、\n杏奈ちゃんは日向の幼馴染みだ。%K%P
１０年会ってないと言っても、\n雰囲気で日向だと気付かれる可能性はある。%K%P
１０年会ってないと言っても、\n雰囲気で日向だと気付かれる可能性はある。%K%P
そんなことになったら、\n何が起こるか想像もつかない。%K%P
そんなことになったら、\n何が起こるか想像もつかない。%K%P
美実様に女装がバレたばかりで、\n神経質になってるのかもしれないけど――、%K%P
美実様に女装がバレたばかりで、\n神経質になってるのかもしれないけど――、%K%P
でも、遭遇しないですむなら、\nそれに越したことはないはずだ。%K%P
でも、遭遇しないですむなら、\nそれに越したことはないはずだ。%K%P
どこか、どこかに隠れるところは――、%K%P
どこか、どこかに隠れるところは――、%K%P
……あっ、あったっ！　あそこならっ……！%K%P
……あっ、あったっ！　あそこならっ……！%K%P
%LC日向
%LC日向
「ほっ……」%K%P
「ほっ……」%K%P
大きな暖簾のようなシートをくぐると、\nそこは一面、緑色の空間。%K%P
大きな暖簾のようなシートをくぐると、\nそこは一面、緑色の空間。%K%P
オレが逃げ込んだのは、撮影した画像をシールにする、\nいわゆるプリントマシンの撮影スペースだった。%K%P
オレが逃げ込んだのは、撮影した画像をシールにする、\nいわゆるプリントマシンの撮影スペースだった。%K%P
%LC梨理
%LC梨理
「なっ、なに、日向、いきなりっ……。\n　こんなとこ連れ込んでっ……」%K%P
「なっ、なに、日向、いきなりっ……。\n　こんなとこ連れ込んでっ……」%K%P
%LC日向
%LC日向
「あっ……えと、その……そうっ！\n　ご褒美っ。ご褒美にどうかと思って」%K%P
「あっ……えと、その……そうっ！\n　ご褒美っ。ご褒美にどうかと思って」%K%P
%LC梨理
%LC梨理
「ごほうび？」%K%P
「ごほうび？」%K%P
%LC日向
%LC日向
「梨理ちゃん、学園のトーナメントで\n　決勝進出したんでしょ？　そのお祝い」%K%P
「梨理ちゃん、学園のトーナメントで\n　決勝進出したんでしょ？　そのお祝い」%K%P
%LC日向
%LC日向
「ほら、前に一緒に撮りたいって言ってたし」%K%P
「ほら、前に一緒に撮りたいって言ってたし」%K%P
%LC梨理
%LC梨理
「でも、あの時はハズいって」%K%P
「でも、あの時はハズいって」%K%P
%LC日向
%LC日向
「いまだってハズいけど。\n　だからこそ、ご褒美ってことで」%K%P
「いまだってハズいけど。\n　だからこそ、ご褒美ってことで」%K%P
%LC日向
%LC日向
「ね？　どう？　一緒に撮らない？」%K%P
「ね？　どう？　一緒に撮らない？」%K%P
%LC梨理
%LC梨理
「むぅー……。なんか、\n　上手く誤魔化された感じが……」%K%P
「むぅー……。なんか、\n　上手く誤魔化された感じが……」%K%P
%LC日向
%LC日向
「誤魔化すって……。\n　あ、そっか。さっきの質問――」%K%P
「誤魔化すって……。\n　あ、そっか。さっきの質問――」%K%P
そうだった。杏奈ちゃんの出現でパニクったけど、\n好きな子いるかって聞かれてたんだ。%K%P
そうだった。杏奈ちゃんの出現でパニクったけど、\n好きな子いるかって聞かれてたんだ。%K%P
%LC日向
%LC日向
「……オレ、こういうの女の子と撮るの、\n　初めてなんだけど……それで、答えにならない？」%K%P
「……オレ、こういうの女の子と撮るの、\n　初めてなんだけど……それで、答えにならない？」%K%P
%LC梨理
%LC梨理
「あっ……ん……わかった。\n　……その答えで、ギリ、許す」%K%P
「あっ……ん……わかった。\n　……その答えで、ギリ、許す」%K%P
うつむく梨理ちゃんが、すごく可愛い。%K%P
うつむく梨理ちゃんが、すごく可愛い。%K%P
撮影スペースは狭くて、周囲からは見えなくて。%K%P
撮影スペースは狭くて、周囲からは見えなくて。%K%P
そんな雰囲気に、ちょっと呑まれてしまう。%K%P
そんな雰囲気に、ちょっと呑まれてしまう。%K%P
%LC梨理
%LC梨理
「操作とか、私がぜんぶやったげる。\n　撮ったことないなら知らないでしょ？」%K%P
「操作とか、私がぜんぶやったげる。\n　撮ったことないなら知らないでしょ？」%K%P
%LC日向
%LC日向
「あっ、うっ、うん」%K%P
「あっ、うっ、うん」%K%P
%LC日向
%LC日向
「こっ、こう？　こんな感じ？」%K%P
「こっ、こう？　こんな感じ？」%K%P
%LC梨理
%LC梨理
「違う、カメラここだし。\n　ちゃんと目線向けないとだめ」%K%P
「違う、カメラここだし。\n　ちゃんと目線向けないとだめ」%K%P
%LC日向
%LC日向
「あっ、これカメラなんだ……。よ、よしっ」%K%P
「あっ、これカメラなんだ……。よ、よしっ」%K%P
%LCシール機
%LCシール機
「撮影するよ！　ポーズをとってね！」%K%P
「撮影するよ！　ポーズをとってね！」%K%P
%LC日向
%LC日向
「ぽ、ポーズ？　どういうやつ？」%K%P
「ぽ、ポーズ？　どういうやつ？」%K%P
%LC梨理
%LC梨理
「わかんなきゃ普通にしてればいいの」%K%P
「わかんなきゃ普通にしてればいいの」%K%P
%LC梨理
%LC梨理
「って、こら、あんまり動いたらブレるっ」%K%P
「って、こら、あんまり動いたらブレるっ」%K%P
%LC日向
%LC日向
「けっ、けど、梨理ちゃん近くない？」%K%P
「けっ、けど、梨理ちゃん近くない？」%K%P
%LC梨理
%LC梨理
「こんぐらいプリでは普通っ。\n　ってかほら、カメラ見るっ」%K%P
「こんぐらいプリでは普通っ。\n　ってかほら、カメラ見るっ」%K%P
%LCシール機
%LCシール機
「さん、にー、いちっ」%K%P
「さん、にー、いちっ」%K%P
パシャ！%K%P
パシャ！%K%P
%LC日向
%LC日向
「はぁ、はぁ……。\n　プリ撮るのって、こんなハードなんだ……」%K%P
「はぁ、はぁ……。\n　プリ撮るのって、こんなハードなんだ……」%K%P
%LC梨理
%LC梨理
「日向が慣れてないだけでしょ。\n　ほら、ラクガキしにいこ？」%K%P
「日向が慣れてないだけでしょ。\n　ほら、ラクガキしにいこ？」%K%P
%LC日向
%LC日向
「ラクガキ？」%K%P
「ラクガキ？」%K%P
%LC梨理
%LC梨理
「撮ったやつにペンで色々描くの。\n　外に出て、ぐるって回ったとこにあるから」%K%P
「撮ったやつにペンで色々描くの。\n　外に出て、ぐるって回ったとこにあるから」%K%P
%LC日向
%LC日向
「外……」%K%P
「外……」%K%P
撮影がハードですっかり忘れてたけど、\nそういえば杏奈ちゃんから隠れてたんだった。%K%P
撮影がハードですっかり忘れてたけど、\nそういえば杏奈ちゃんから隠れてたんだった。%K%P
そこそこ時間経ったけど、\nまだ店内にいるかもだし……。%K%P
そこそこ時間経ったけど、\nまだ店内にいるかもだし……。%K%P
%LC日向
%LC日向
「……オレ、もう少しここにいていい？」%K%P
「……オレ、もう少しここにいていい？」%K%P
%LC梨理
%LC梨理
「ダメに決まってるでしょ。\n　他の人が撮影にくるかもなんだから」%K%P
「ダメに決まってるでしょ。\n　他の人が撮影にくるかもなんだから」%K%P
%LC梨理
%LC梨理
「ほら、行こっ」%K%P
「ほら、行こっ」%K%P
%LC日向
%LC日向
「あっ……？！」%K%P
「あっ……？！」%K%P
入った時とは逆に、梨理ちゃんに手を引かれ、\n垂れ幕シートをくぐるようにして外へ。%K%P
入った時とは逆に、梨理ちゃんに手を引かれ、\n垂れ幕シートをくぐるようにして外へ。%K%P
パッと見、店内に杏奈ちゃんの姿はないけど、\nお手洗いとかの可能性だってあるわけで。%K%P
パッと見、店内に杏奈ちゃんの姿はないけど、\nお手洗いとかの可能性だってあるわけで。%K%P
%LC梨理
%LC梨理
「おっ、けっこうイイ感じっ。\n　ほら見て、これとか――」%K%P
「おっ、けっこうイイ感じっ。\n　ほら見て、これとか――」%K%P
%LC梨理
%LC梨理
「って、日向？　なにしてんの？\n　ラクガキしないの？」%K%P
「って、日向？　なにしてんの？\n　ラクガキしないの？」%K%P
%LC日向
%LC日向
「こういうの下手だし、梨理ちゃんに任せる。\n　好きにラクガキしちゃっていいよ」%K%P
「こういうの下手だし、梨理ちゃんに任せる。\n　好きにラクガキしちゃっていいよ」%K%P
%LC梨理
%LC梨理
「こういうのに下手とかないと思うけど……」%K%P
「こういうのに下手とかないと思うけど……」%K%P
%LC梨理
%LC梨理
「ま、いっか。んじゃ、可愛くデコったげる」%K%P
「ま、いっか。んじゃ、可愛くデコったげる」%K%P
そう言って梨理ちゃんは、\nコードのついたペンでラクガキを始めた。%K%P
そう言って梨理ちゃんは、\nコードのついたペンでラクガキを始めた。%K%P
一方オレは、杏奈ちゃんで気が気じゃなくて、\n店内の様子を何度もちらちらと窺った。%K%P
一方オレは、杏奈ちゃんで気が気じゃなくて、\n店内の様子を何度もちらちらと窺った。%K%P
だから、梨理ちゃんがどんなラクガキをしてるのか、\n一切注意を払ってなくて。%K%P
だから、梨理ちゃんがどんなラクガキをしてるのか、\n一切注意を払ってなくて。%K%P
――それが、よくなかった。%K%P
――それが、よくなかった。%K%P
%LC梨理
%LC梨理
「えへへっ、可愛く、可愛くっと……」%K%P
「えへへっ、可愛く、可愛くっと……」%K%P
%LC梨理
%LC梨理
「まあでも、日向って元が可愛いから、\n　あんま足すとこないんだけど……」%K%P
「まあでも、日向って元が可愛いから、\n　あんま足すとこないんだけど……」%K%P
%LC梨理
%LC梨理
「やっぱ髪、かな。えへっ、どうしよっかな」%K%P
「やっぱ髪、かな。えへっ、どうしよっかな」%K%P
%LC梨理
%LC梨理
「おだんご……ツインテ……わ、ヤバ、\n　なんでも似合うじゃん……」%K%P
「おだんご……ツインテ……わ、ヤバ、\n　なんでも似合うじゃん……」%K%P
%LC梨理
%LC梨理
「あっ、そうだ。センセみたいに、\n　おさげにしてみるのもアリかも……っと」%K%P
「あっ、そうだ。センセみたいに、\n　おさげにしてみるのもアリかも……っと」%K%P
%LC梨理
%LC梨理
「ここ、こうして……で、こうっと……」%K%P
「ここ、こうして……で、こうっと……」%K%P
%LC梨理
%LC梨理
「…………ん？　あれ……これ、なんか……」%K%P
「…………ん？　あれ……これ、なんか……」%K%P
%LC梨理
%LC梨理
「…………」%K%P
「…………」%K%P
%LC梨理
%LC梨理
「……ねえ、日向。ちょっといい？」%K%P
「……ねえ、日向。ちょっといい？」%K%P
%LC日向
%LC日向
「あっ、うん。ラクガキ終わった？」%K%P
「あっ、うん。ラクガキ終わった？」%K%P
%LC梨理
%LC梨理
「終わったって言うか、なんていうか……。\n　まあ、別の意味で終わったかもだけど」%K%P
「終わったって言うか、なんていうか……。\n　まあ、別の意味で終わったかもだけど」%K%P
%LC日向
%LC日向
「別の意味……？」%K%P
「別の意味……？」%K%P
%LC梨理
%LC梨理
「これ、どう思う？」%K%P
「これ、どう思う？」%K%P
%LC日向
%LC日向
「……げっ」%K%P
「……げっ」%K%P
梨理ちゃんに呼ばれて、\nラクガキ用のモニターに目を向けて。%K%P
梨理ちゃんに呼ばれて、\nラクガキ用のモニターに目を向けて。%K%P
そこに映っていた画像を見た瞬間、\n無意識に漏れた声が、その一言。%K%P
そこに映っていた画像を見た瞬間、\n無意識に漏れた声が、その一言。%K%P
血の気が引くとは、まさにこのことで。%K%P
血の気が引くとは、まさにこのことで。%K%P
梨理ちゃんと一緒に撮影した日向は、\n目を離している間に、陽菜になっていた。%K%P
梨理ちゃんと一緒に撮影した日向は、\n目を離している間に、陽菜になっていた。%K%P
%LC梨理
%LC梨理
「今から変なこと聞くけど、いい？」%K%P
「今から変なこと聞くけど、いい？」%K%P
%LC日向
%LC日向
「だめ」%K%P
「だめ」%K%P
%LC梨理
%LC梨理
「ダメでも聞くけど」%K%P
「ダメでも聞くけど」%K%P
%LC日向
%LC日向
%XS21「だめっ」%XE%K%P
%XS21「だめっ」%XE%K%P
ヤバい、ヤバいヤバいヤバいっ、\n一難去ってまた一難とかありえないって！%K%P
ヤバい、ヤバいヤバいヤバいっ、\n一難去ってまた一難とかありえないって！%K%P
いまここでバレるのはマズい、\nだってこれから一緒に合宿なんだしっ……！%K%P
いまここでバレるのはマズい、\nだってこれから一緒に合宿なんだしっ……！%K%P
でも、これもう、\n言い逃れできないレベルで――、%K%P
でも、これもう、\n言い逃れできないレベルで――、%K%P
%LC美実
%LC美実
「だって陽菜ちゃん、すっごく可愛いんだもん。\n　男装女子か女装男子か、結局わかんなくって」%K%P
「だって陽菜ちゃん、すっごく可愛いんだもん。\n　男装女子か女装男子か、結局わかんなくって」%K%P
%LC日向
%LC日向
「梨理ちゃん、今まで黙っててごめんっ。\n　実は私、本当は陽菜なのっ」%K%P
「梨理ちゃん、今まで黙っててごめんっ。\n　実は私、本当は陽菜なのっ」%K%P
%LC梨理
%LC梨理
「……へ？」%K%P
「……へ？」%K%P
%LC日向
%LC日向
「恥ずかしくて黙ってたんだけど、\n　私、実は男装する趣味があって……」%K%P
「恥ずかしくて黙ってたんだけど、\n　私、実は男装する趣味があって……」%K%P
%LC日向
%LC日向
「それで、たまにこうして、\n　男の子の格好して、出歩いたりしてて」%K%P
「それで、たまにこうして、\n　男の子の格好して、出歩いたりしてて」%K%P
%LC日向
%LC日向
「梨理ちゃんとここで初めて会ったとき、\n　男のクセにって言われて喜んだのも、\n　ちゃんと男に見られて嬉しかったからで……」%K%P
「梨理ちゃんとここで初めて会ったとき、\n　男のクセにって言われて喜んだのも、\n　ちゃんと男に見られて嬉しかったからで……」%K%P
%LC日向
%LC日向
「だから、その、えっと……」%K%P
「だから、その、えっと……」%K%P
%LC日向
%LC日向
「……騙しちゃってて、ごめんね」%K%P
「……騙しちゃってて、ごめんね」%K%P
パニクったオレの脳裏に過ったのは、\n数時間前の、美実様のとんでもない一言。%K%P
パニクったオレの脳裏に過ったのは、\n数時間前の、美実様のとんでもない一言。%K%P
死に直面した人が走馬灯を見るのは、\n助かる手段を脳が高速検索してる影響だって、\n何かの本で読んだことがある。%K%P
死に直面した人が走馬灯を見るのは、\n助かる手段を脳が高速検索してる影響だって、\n何かの本で読んだことがある。%K%P
なら、女装バレに瀕したオレが見たそれは、\nきっとこの危機を回避するヒントに違いない、とか。%K%P
なら、女装バレに瀕したオレが見たそれは、\nきっとこの危機を回避するヒントに違いない、とか。%K%P
男だとバレるのがマズいなら、\n男装女子になっちゃえばいいじゃない、とか。%K%P
男だとバレるのがマズいなら、\n男装女子になっちゃえばいいじゃない、とか。%K%P
テンパった脳がそんな無茶を承認した結果、\nオレは、男装女子であると言い張ることに決めた。%K%P
テンパった脳がそんな無茶を承認した結果、\nオレは、男装女子であると言い張ることに決めた。%K%P
正直、自分でもなんでそんな選択をしたのか、\nまったくもって理解不能ではあるんだけど。%K%P
正直、自分でもなんでそんな選択をしたのか、\nまったくもって理解不能ではあるんだけど。%K%P
でも、女装するような男だとバレたら、\n彼女に嫌われるんじゃないかって、思ってしまって。%K%P
でも、女装するような男だとバレたら、\n彼女に嫌われるんじゃないかって、思ってしまって。%K%P
嫌われるのが、すごく怖くて。%K%P
嫌われるのが、すごく怖くて。%K%P
それなら、日向が女だったって事にしたほうが、\nいいんじゃないかって、思ってしまった。%K%P
それなら、日向が女だったって事にしたほうが、\nいいんじゃないかって、思ってしまった。%K%P
けど、こんなの、さすがに信じてもらえるはず――、%K%P
けど、こんなの、さすがに信じてもらえるはず――、%K%P
%LC梨理
%LC梨理
「……なんだ。そうだったんだ」%K%P
「……なんだ。そうだったんだ」%K%P
……え？%K%P
……え？%K%P
%LC梨理
%LC梨理
「実は、ずーっと違和感あったんだよね。\n　妙に私の気持ちを察してくるし」%K%P
「実は、ずーっと違和感あったんだよね。\n　妙に私の気持ちを察してくるし」%K%P
%LC梨理
%LC梨理
「とにかく、いろいろ都合よすぎだし」%K%P
「とにかく、いろいろ都合よすぎだし」%K%P
%LC日向
%LC日向
「それって……いまの話、\n　信じてくれるってこと……？」%K%P
「それって……いまの話、\n　信じてくれるってこと……？」%K%P
%LC梨理
%LC梨理
「だって……そう考えたほうが、\n　いろいろ辻褄あうでしょ？」%K%P
「だって……そう考えたほうが、\n　いろいろ辻褄あうでしょ？」%K%P
%LC梨理
%LC梨理
「もちろん、驚いてはいるけど……」%K%P
「もちろん、驚いてはいるけど……」%K%P
%LC梨理
%LC梨理
「これを見た後じゃ……ね」%K%P
「これを見た後じゃ……ね」%K%P
%LC日向
%LC日向
「ん……」%K%P
「ん……」%K%P
日向で撮ったはずが、\n陽菜になってしまったシール機の画像。%K%P
日向で撮ったはずが、\n陽菜になってしまったシール機の画像。%K%P
それはまさしく、\n動かぬ証拠というやつだった。%K%P
それはまさしく、\n動かぬ証拠というやつだった。%K%P
