――翌朝。%K%P
――翌朝。%K%P
いつもより早く起きてリビングに向かうと、\nすでに姉さんが朝食を作っていた。%K%P
いつもより早く起きてリビングに向かうと、\nすでに姉さんが朝食を作っていた。%K%P
%LC陽菜
%LC陽菜
「おはよう、姉さん。\n　今日、いつもより早くない？」%K%P
「おはよう、姉さん。\n　今日、いつもより早くない？」%K%P
%LC宗千佳
%LC宗千佳
「夕べ、ニナが徹夜してな。\n　腹が空いたと泣きつかれたんだ」%K%P
「夕べ、ニナが徹夜してな。\n　腹が空いたと泣きつかれたんだ」%K%P
%LC宗千佳
%LC宗千佳
「陽菜こそどうした？　朝練か？」%K%P
「陽菜こそどうした？　朝練か？」%K%P
%LC陽菜
%LC陽菜
「まあ、うん。そんなところ」%K%P
「まあ、うん。そんなところ」%K%P
%LC宗千佳
%LC宗千佳
「陽菜は梨理とエンゲージしたんだったな。\n　どうだ？　感触は」%K%P
「陽菜は梨理とエンゲージしたんだったな。\n　どうだ？　感触は」%K%P
%LC陽菜
%LC陽菜
「感触と言われても……。\n　まあ、どうにかなるとは思うけど」%K%P
「感触と言われても……。\n　まあ、どうにかなるとは思うけど」%K%P
%LC宗千佳
%LC宗千佳
「そうか。どうにもならなくなったら、\n　そのときは、相談しにくるといい」%K%P
「そうか。どうにもならなくなったら、\n　そのときは、相談しにくるといい」%K%P
%LC陽菜
%LC陽菜
「うん。……ありがとう、姉さん」%K%P
「うん。……ありがとう、姉さん」%K%P
朝食を食べた後、姉さんに伝えた通り、\nトレーニングルームへとやってきた。%K%P
朝食を食べた後、姉さんに伝えた通り、\nトレーニングルームへとやってきた。%K%P
以前、梨理ちゃんが朝練していたことを思い出し、\nもしかしたらと思って覗いてみることにしたのだ。%K%P
以前、梨理ちゃんが朝練していたことを思い出し、\nもしかしたらと思って覗いてみることにしたのだ。%K%P
果たして、朝早いトレーニングルームには、\n黙々とトレーニングに勤しむ梨理ちゃんがいた。%K%P
果たして、朝早いトレーニングルームには、\n黙々とトレーニングに勤しむ梨理ちゃんがいた。%K%P
その姿は先日同様、真剣そのもの――いや、\nエンゲージ前に見た姿よりも、迫力を増していて。%K%P
その姿は先日同様、真剣そのもの――いや、\nエンゲージ前に見た姿よりも、迫力を増していて。%K%P
声を掛けるために彼女を探していたのに、\nそれを躊躇わせるほど、鬼気迫るものがあった。%K%P
声を掛けるために彼女を探していたのに、\nそれを躊躇わせるほど、鬼気迫るものがあった。%K%P
%LC？？？
%LC？？？
「はぁ……。まったく、\n　こんなとこまで似なくていいのに……」%K%P
「はぁ……。まったく、\n　こんなとこまで似なくていいのに……」%K%P
%LC陽菜
%LC陽菜
「え――」%K%P
「え――」%K%P
背後でそんな声が聞こえて、振り向くと。%K%P
背後でそんな声が聞こえて、振り向くと。%K%P
%LC美実
%LC美実
「ごきげんよう、陽菜ちゃん。\n　最近、ここでよく会うね」%K%P
「ごきげんよう、陽菜ちゃん。\n　最近、ここでよく会うね」%K%P
%LC陽菜
%LC陽菜
「美実様……」%K%P
「美実様……」%K%P
振り向いたオレを見て、美実様は、\nわずかに苦笑するような感じで目を細めて。%K%P
振り向いたオレを見て、美実様は、\nわずかに苦笑するような感じで目を細めて。%K%P
%LC美実
%LC美実
「よければ、外でちょっと話そ？」%K%P
「よければ、外でちょっと話そ？」%K%P
そう言って、やっぱり自嘲気味に微笑んだ。%K%P
そう言って、やっぱり自嘲気味に微笑んだ。%K%P
%LC美実
%LC美実
「いやー、朝の空気って美味しいねぇ」%K%P
「いやー、朝の空気って美味しいねぇ」%K%P
%LC陽菜
%LC陽菜
「あの、それで話って……やっぱり、\n　梨理ちゃんのこと、ですか？」%K%P
「あの、それで話って……やっぱり、\n　梨理ちゃんのこと、ですか？」%K%P
%LC美実
%LC美実
「うん。前に言ってた、例の色々。\n　もう陽菜ちゃんに教えても平気かなって」%K%P
「うん。前に言ってた、例の色々。\n　もう陽菜ちゃんに教えても平気かなって」%K%P
%LC美実
%LC美実
「本当は、陽菜ちゃんが梨理とエンゲージしたら、\n　すぐにも話そうと思ってたんだけど――」%K%P
「本当は、陽菜ちゃんが梨理とエンゲージしたら、\n　すぐにも話そうと思ってたんだけど――」%K%P
%LC美実
%LC美実
「昨日の昼休み、陽菜ちゃんに会いにいったら、\n　梨理と部室でお楽しみ中だったみたいだから」%K%P
「昨日の昼休み、陽菜ちゃんに会いにいったら、\n　梨理と部室でお楽しみ中だったみたいだから」%K%P
%LC陽菜
%LC陽菜
%XS21「いかがわしい言い方しないで下さいっ」%XE%K%P
%XS21「いかがわしい言い方しないで下さいっ」%XE%K%P
%LC陽菜
%LC陽菜
「……ん？　というか、なんで部室でご飯を\n　食べてたことまで知ってるんですか？」%K%P
「……ん？　というか、なんで部室でご飯を\n　食べてたことまで知ってるんですか？」%K%P
%LC美実
%LC美実
「ストーキング？」%K%P
「ストーキング？」%K%P
%LC陽菜
%LC陽菜
%XS21「やっちゃだめなやつっ！」%XE%K%P
%XS21「やっちゃだめなやつっ！」%XE%K%P
%LC美実
%LC美実
「あははっ。で？　梨理のお弁当、どうだった？」%K%P
「あははっ。で？　梨理のお弁当、どうだった？」%K%P
%LC陽菜
%LC陽菜
「それなら……卵焼き、美味しかったです」%K%P
「それなら……卵焼き、美味しかったです」%K%P
%LC美実
%LC美実
「えっ、うそ。食べたの？　マジで？」%K%P
「えっ、うそ。食べたの？　マジで？」%K%P
%LC陽菜
%LC陽菜
「えっ、ええ……。じっと見てたら、\n　梨理ちゃんのほうから、食べますかって」%K%P
「えっ、ええ……。じっと見てたら、\n　梨理ちゃんのほうから、食べますかって」%K%P
%LC美実
%LC美実
「うわ……。陽菜ちゃん、懐かれてるね」%K%P
「うわ……。陽菜ちゃん、懐かれてるね」%K%P
%LC陽菜
%LC陽菜
「えっ……でも、美実様とはよく、\n　そういうことしてる感じでしたけど」%K%P
「えっ……でも、美実様とはよく、\n　そういうことしてる感じでしたけど」%K%P
%LC美実
%LC美実
「そりゃ、私は生まれた時から一緒だし。\n　けど、陽菜ちゃんは違うでしょ？」%K%P
「そりゃ、私は生まれた時から一緒だし。\n　けど、陽菜ちゃんは違うでしょ？」%K%P
%LC陽菜
%LC陽菜
「それは、まあ……」%K%P
「それは、まあ……」%K%P
確かに、出会って１ヶ月ぐらいの付き合いだし、\n一緒にいた日数でいえば、もっと少ない。%K%P
確かに、出会って１ヶ月ぐらいの付き合いだし、\n一緒にいた日数でいえば、もっと少ない。%K%P
なのに、彼女のことを知っている気がするのは、\n日向としても接する機会があったからだろう。%K%P
なのに、彼女のことを知っている気がするのは、\n日向としても接する機会があったからだろう。%K%P
陽菜として、日向として。\n先生として、学生として。%K%P
陽菜として、日向として。\n先生として、学生として。%K%P
複数の立場から接する機会があったことで、\n梨理ちゃんのいろんな一面を見れたのは確かだ。%K%P
複数の立場から接する機会があったことで、\n梨理ちゃんのいろんな一面を見れたのは確かだ。%K%P
%LC美実
%LC美実
「えっと……じゃあ、まずは昨日の放課後、\n　梨理が先に帰っちゃったことについて」%K%P
「えっと……じゃあ、まずは昨日の放課後、\n　梨理が先に帰っちゃったことについて」%K%P
%LC美実
%LC美実
「あれ、別に陽菜ちゃんを避けたとかじゃなくて、\n　梨理にとってはいつものことだから」%K%P
「あれ、別に陽菜ちゃんを避けたとかじゃなくて、\n　梨理にとってはいつものことだから」%K%P
%LC美実
%LC美実
「うちの近所にショッピングモールがあってね、\n　そこにいい感じのスポーツジムが入ってて」%K%P
「うちの近所にショッピングモールがあってね、\n　そこにいい感じのスポーツジムが入ってて」%K%P
%LC美実
%LC美実
「あの子、放課後はよく、そこに通ってるの。\n　昨日もそれで早く帰っただけだから」%K%P
「あの子、放課後はよく、そこに通ってるの。\n　昨日もそれで早く帰っただけだから」%K%P
%LC陽菜
%LC陽菜
「ああ……」%K%P
「ああ……」%K%P
おそらくゲームセンターのすぐ側に入っていた、\n女性専用のスポーツジムのことだろう。%K%P
おそらくゲームセンターのすぐ側に入っていた、\n女性専用のスポーツジムのことだろう。%K%P
この辺でショッピングモールって、あそこだけだし。%K%P
この辺でショッピングモールって、あそこだけだし。%K%P
%LC美実
%LC美実
「ちなみに、日曜もそこに梨理と出掛けたんだよ。\n　ほら、勝負下着見に行くってやつで」%K%P
「ちなみに、日曜もそこに梨理と出掛けたんだよ。\n　ほら、勝負下着見に行くってやつで」%K%P
%LC美実
%LC美実
「すっごくイイの見つかったから。\n　機会があったら――」%K%P
「すっごくイイの見つかったから。\n　機会があったら――」%K%P
%LC美実
%LC美実
「……いま、見る？」%K%P
「……いま、見る？」%K%P
%LC陽菜
%LC陽菜
「見ませんし見せません。\n　どうせ等価交換とか言う気ですよね？」%K%P
「見ませんし見せません。\n　どうせ等価交換とか言う気ですよね？」%K%P
%LC美実
%LC美実
「あははっ、私のことわかってきたねぇ？\n　まあ、今日はそもそも履いてきてないんだけど」%K%P
「あははっ、私のことわかってきたねぇ？\n　まあ、今日はそもそも履いてきてないんだけど」%K%P
……は？　履いてないって――、%K%P
……は？　履いてないって――、%K%P
%LC陽菜
%LC陽菜
「なっ……な、ななっ……」%K%P
「なっ……な、ななっ……」%K%P
%LC美実
%LC美実
「あっ、下着自体は履いてるよ？\n　勝負下着を、ってこと」%K%P
「あっ、下着自体は履いてるよ？\n　勝負下着を、ってこと」%K%P
%LC美実
%LC美実
「くすっ。陽菜ちゃん、期待しちゃった？」%K%P
「くすっ。陽菜ちゃん、期待しちゃった？」%K%P
%LC陽菜
%LC陽菜
「期待ってなんですかっ。\n　驚いただけですっ」%K%P
「期待ってなんですかっ。\n　驚いただけですっ」%K%P
%LC美実
%LC美実
「チラっ氈v%K%P
「チラっ氈v%K%P
%LC陽菜
%LC陽菜
「美実様っ！」%K%P
「美実様っ！」%K%P
%LC美実
%LC美実
「あははっ。っと、陽菜ちゃんと話すと楽しくって、\n　ついつい話が逸れちゃうの、よくないね」%K%P
「あははっ。っと、陽菜ちゃんと話すと楽しくって、\n　ついつい話が逸れちゃうの、よくないね」%K%P
%LC陽菜
%LC陽菜
「もう……」%K%P
「もう……」%K%P
%LC美実
%LC美実
「ふふっ。さてさて本題……の、前に。\n　前置きとして、私の昔話、聞いてくれる？」%K%P
「ふふっ。さてさて本題……の、前に。\n　前置きとして、私の昔話、聞いてくれる？」%K%P
%LC美実
%LC美実
「私がフェンシングを始めた切っ掛けって、\n　小さな頃に見てたアニメの影響だったんだ」%K%P
「私がフェンシングを始めた切っ掛けって、\n　小さな頃に見てたアニメの影響だったんだ」%K%P
%LC美実
%LC美実
「ほら、バンドのアニメ見て楽器始めたりとか、\n　そういうのあるでしょ？　それの剣術版って感じ」%K%P
「ほら、バンドのアニメ見て楽器始めたりとか、\n　そういうのあるでしょ？　それの剣術版って感じ」%K%P
そうして始めたフェンシングは、\n美実様にとって相性がいいスポーツだった。%K%P
そうして始めたフェンシングは、\n美実様にとって相性がいいスポーツだった。%K%P
始めて１年と経たずに大会で優勝し、\n以後、同年代の女の子の中では負け知らず。%K%P
始めて１年と経たずに大会で優勝し、\n以後、同年代の女の子の中では負け知らず。%K%P
そんな美実様の姿を近くで見ていた梨理ちゃんが、\nフェンシングに興味を持つのは、自然な流れで。%K%P
そんな美実様の姿を近くで見ていた梨理ちゃんが、\nフェンシングに興味を持つのは、自然な流れで。%K%P
%LC美実
%LC美実
「ユニフォームとか、私のお下がりがあったから。\n　始めやすかったってのも大きいと思う」%K%P
「ユニフォームとか、私のお下がりがあったから。\n　始めやすかったってのも大きいと思う」%K%P
%LC美実
%LC美実
「お姉のように強くなるぅーって……あっ、\n　お姉って私のことね？　昔はそう呼んでて」%K%P
「お姉のように強くなるぅーって……あっ、\n　お姉って私のことね？　昔はそう呼んでて」%K%P
%LC美実
%LC美実
「もうね、とにかく可愛くて……強かった」%K%P
「もうね、とにかく可愛くて……強かった」%K%P
美実様と同じスクールに入った梨理ちゃんは、\nすぐさま頭角を現し、実績を残していった。%K%P
美実様と同じスクールに入った梨理ちゃんは、\nすぐさま頭角を現し、実績を残していった。%K%P
当時、その界隈で椋木姉妹といえば、\nかなり名の知れた存在だったそうだ。%K%P
当時、その界隈で椋木姉妹といえば、\nかなり名の知れた存在だったそうだ。%K%P
%LC美実
%LC美実
「実際に自分がそれをやってみることで、\n　すごさがより分かるってこと、あるでしょ？」%K%P
「実際に自分がそれをやってみることで、\n　すごさがより分かるってこと、あるでしょ？」%K%P
%LC美実
%LC美実
「フェンシングを始めた梨理も、おんなじで。\n　それまで以上に、私を尊敬してくれたんだ」%K%P
「フェンシングを始めた梨理も、おんなじで。\n　それまで以上に、私を尊敬してくれたんだ」%K%P
%LC美実
%LC美実
「お姉は強い、すごいって。\n　私もいつかお姉みたいになるぞって」%K%P
「お姉は強い、すごいって。\n　私もいつかお姉みたいになるぞって」%K%P
%LC美実
%LC美実
「梨理にとって、強い私は、憧れで……。\n　だから、私も強くあろうと毎日努力して」%K%P
「梨理にとって、強い私は、憧れで……。\n　だから、私も強くあろうと毎日努力して」%K%P
%LC美実
%LC美実
「そんな日々を繰り返してるうちに、\n　私、だんだん怖くなってきちゃったんだよね」%K%P
「そんな日々を繰り返してるうちに、\n　私、だんだん怖くなってきちゃったんだよね」%K%P
%LC美実
%LC美実
「もし、私が試合で負けたら。弱くなったら。\n　あの子は私に失望するんじゃないか……って」%K%P
「もし、私が試合で負けたら。弱くなったら。\n　あの子は私に失望するんじゃないか……って」%K%P
%LC美実
%LC美実
「そんなことはない、とは……思うんだけど。\n　でも、やっぱ怖くて、練習量を増やしたりして」%K%P
「そんなことはない、とは……思うんだけど。\n　でも、やっぱ怖くて、練習量を増やしたりして」%K%P
%LC美実
%LC美実
「楽しくて始めたフェンシングが、いつの間にか、\n　理想の姉であるためのもの、みたいになって」%K%P
「楽しくて始めたフェンシングが、いつの間にか、\n　理想の姉であるためのもの、みたいになって」%K%P
%LC美実
%LC美実
「そんな毎日が続いて、いよいよヤバいってとき、\n　銀蘭学園の存在を知ったの」%K%P
「そんな毎日が続いて、いよいよヤバいってとき、\n　銀蘭学園の存在を知ったの」%K%P
当時の美実様にとって、{騎士道:シュバルリィ}――、\nとくに{舞闘:カデンツァ}は魅力的だった。%K%P
当時の美実様にとって、{騎士道:シュバルリィ}――、\nとくに{舞闘:カデンツァ}は魅力的だった。%K%P
銀蘭学園でしか出来ない競技ということは、\n全国大会の類いが行われることもない。%K%P
銀蘭学園でしか出来ない競技ということは、\n全国大会の類いが行われることもない。%K%P
そういった公の大会がないのなら、気を張らず、\n昔のフェンシングのように向き合えるかもしれない。%K%P
そういった公の大会がないのなら、気を張らず、\n昔のフェンシングのように向き合えるかもしれない。%K%P
アニメの主人公に憧れ、\n夢中で剣を振るっていた頃のように――。%K%P
アニメの主人公に憧れ、\n夢中で剣を振るっていた頃のように――。%K%P
そんなふうに考えて、美実様は銀蘭に入学した。%K%P
そんなふうに考えて、美実様は銀蘭に入学した。%K%P
%LC美実
%LC美実
「とはいえ、密かに自信はあったわけ。\n　大会で優勝したこともある剣術経験者だし」%K%P
「とはいえ、密かに自信はあったわけ。\n　大会で優勝したこともある剣術経験者だし」%K%P
%LC美実
%LC美実
「だから入学するとき、梨理に言っちゃったの。\n　今度は{舞闘:カデンツァ}でトップ獲るよって」%K%P
「だから入学するとき、梨理に言っちゃったの。\n　今度は{舞闘:カデンツァ}でトップ獲るよって」%K%P
%LC美実
%LC美実
「ところがどっこい、私が入学した年、\n　同じ学年にとんでもない子がいてね」%K%P
「ところがどっこい、私が入学した年、\n　同じ学年にとんでもない子がいてね」%K%P
%LC陽菜
%LC陽菜
「……依夜様、ですね」%K%P
「……依夜様、ですね」%K%P
%LC美実
%LC美実
「そっ。１回目の実技試験で対戦したんだけど、\n　もうね、ボロ負けもいいとこ」%K%P
「そっ。１回目の実技試験で対戦したんだけど、\n　もうね、ボロ負けもいいとこ」%K%P
%LC美実
%LC美実
「負けて悔しいとか、そういう次元じゃないの。\n　むしろ、憑き物落としをされちゃったというか」%K%P
「負けて悔しいとか、そういう次元じゃないの。\n　むしろ、憑き物落としをされちゃったというか」%K%P
%LC美実
%LC美実
「依夜にそんなつもりはなかっただろうけど、\n　無理に頑張る必要ないよって、肩を叩かれた感じ」%K%P
「依夜にそんなつもりはなかっただろうけど、\n　無理に頑張る必要ないよって、肩を叩かれた感じ」%K%P
%LC美実
%LC美実
「そのおかげで、私はフェンシング……というか、\n　強い姉で居続けることを、完全に辞められたの」%K%P
「そのおかげで、私はフェンシング……というか、\n　強い姉で居続けることを、完全に辞められたの」%K%P
%LC美実
%LC美実
「で、そこからはもう、自由気ままに、\n　あれやこれや、いろいろと試す毎日でね」%K%P
「で、そこからはもう、自由気ままに、\n　あれやこれや、いろいろと試す毎日でね」%K%P
%LC美実
%LC美実
「ずーっとフェンシングばっかりやってたから、\n　その反動もあったんだと思うけど」%K%P
「ずーっとフェンシングばっかりやってたから、\n　その反動もあったんだと思うけど」%K%P
%LC美実
%LC美実
「{舞闘:カデンツァ}は気軽に楽しみながら、\n　乙女部で、自分の新しい目標を探したりして」%K%P
「{舞闘:カデンツァ}は気軽に楽しみながら、\n　乙女部で、自分の新しい目標を探したりして」%K%P
%LC美実
%LC美実
「ただ……そんなふうに過ごす私を見て、\n　梨理は少なからずショックを受けちゃったの」%K%P
「ただ……そんなふうに過ごす私を見て、\n　梨理は少なからずショックを受けちゃったの」%K%P
%LC美実
%LC美実
「あの子、私が銀蘭に入学した時点で、\n　{最優秀騎士:ブリランテ}になるのはお姉ちゃんだって、\n　そう信じて疑ってなかったから」%K%P
「あの子、私が銀蘭に入学した時点で、\n　{最優秀騎士:ブリランテ}になるのはお姉ちゃんだって、\n　そう信じて疑ってなかったから」%K%P
%LC美実
%LC美実
「梨理からしてみたら、依夜に負けた影響で、\n　私が変わっちゃったように見えたみたい」%K%P
「梨理からしてみたら、依夜に負けた影響で、\n　私が変わっちゃったように見えたみたい」%K%P
%LC陽菜
%LC陽菜
「じゃあ、梨理ちゃんが、\n　妙に依夜様にこだわってるのって――」%K%P
「じゃあ、梨理ちゃんが、\n　妙に依夜様にこだわってるのって――」%K%P
%LC美実
%LC美実
「『お姉ちゃんがフェンシングを辞めたのは、\n　　きっと天海依夜ってやつのせいだ』」%K%P
「『お姉ちゃんがフェンシングを辞めたのは、\n　　きっと天海依夜ってやつのせいだ』」%K%P
%LC美実
%LC美実
「『お姉ちゃんを打ち負かした{最優秀騎士:ブリランテ}を、\n　　私がこの手でやっつけてやる』」%K%P
「『お姉ちゃんを打ち負かした{最優秀騎士:ブリランテ}を、\n　　私がこの手でやっつけてやる』」%K%P
%LC美実
%LC美実
「――と、そんな決意を胸に、\n　梨理はこの銀蘭学園に入学してきたの」%K%P
「――と、そんな決意を胸に、\n　梨理はこの銀蘭学園に入学してきたの」%K%P
%LC陽菜
%LC陽菜
「ん……」%K%P
「ん……」%K%P
複雑な感情が、吐息となって口から漏れる。%K%P
複雑な感情が、吐息となって口から漏れる。%K%P
懸命に練習に打ち込む梨理ちゃんの胸中に、\nそんな決意が秘められていたなんて……。%K%P
懸命に練習に打ち込む梨理ちゃんの胸中に、\nそんな決意が秘められていたなんて……。%K%P
%LC美実
%LC美実
「でもね、私はそんなこと望んでないんだ。\n　私の為に依夜に勝つとか……正直、どうでもいい」%K%P
「でもね、私はそんなこと望んでないんだ。\n　私の為に依夜に勝つとか……正直、どうでもいい」%K%P
%LC陽菜
%LC陽菜
「そんな……。梨理ちゃんは美実様の為に、\n　いまだって懸命に練習して――」%K%P
「そんな……。梨理ちゃんは美実様の為に、\n　いまだって懸命に練習して――」%K%P
%LC美実
%LC美実
「それ、本当に嬉しいと思う？」%K%P
「それ、本当に嬉しいと思う？」%K%P
%LC美実
%LC美実
「自分の為に勝つっていうならいいよ？\n　それなら、私だって応援する」%K%P
「自分の為に勝つっていうならいいよ？\n　それなら、私だって応援する」%K%P
%LC美実
%LC美実
「けど、私のために頑張るとか……。\n　それって、昔の私とまったく同じでしょ？」%K%P
「けど、私のために頑張るとか……。\n　それって、昔の私とまったく同じでしょ？」%K%P
%LC美実
%LC美実
「大好きな妹のために、強い姉であろうと、\n　毎日練習ばっかしてた頃の私とおんなじ」%K%P
「大好きな妹のために、強い姉であろうと、\n　毎日練習ばっかしてた頃の私とおんなじ」%K%P
%LC美実
%LC美実
「そんなの続けてたら……私みたいに、\n　いつか、不意に疲れちゃうと思うんだ」%K%P
「そんなの続けてたら……私みたいに、\n　いつか、不意に疲れちゃうと思うんだ」%K%P
%LC美実
%LC美実
「私は、そんな梨理は見たくない」%K%P
「私は、そんな梨理は見たくない」%K%P
%LC陽菜
%LC陽菜
「なら、それをそのまま、梨理ちゃんに」%K%P
「なら、それをそのまま、梨理ちゃんに」%K%P
%LC美実
%LC美実
「言ったんだけどね。聞かないんだ、あの子」%K%P
「言ったんだけどね。聞かないんだ、あの子」%K%P
%LC美実
%LC美実
「私がしたいようにしてるだけだし、\n　お姉ちゃんには関係ないって」%K%P
「私がしたいようにしてるだけだし、\n　お姉ちゃんには関係ないって」%K%P
%LC陽菜
%LC陽菜
「あ……」%K%P
「あ……」%K%P
確かに、梨理ちゃんなら言いそうだ。%K%P
確かに、梨理ちゃんなら言いそうだ。%K%P
%LC美実
%LC美実
「いま、梨理なら言いそう、とか思った？」%K%P
「いま、梨理なら言いそう、とか思った？」%K%P
%LC陽菜
%LC陽菜
「えっ……？　な、なんで――」%K%P
「えっ……？　な、なんで――」%K%P
%LC美実
%LC美実
「ふふっ、やっぱそうなんだ？\n　だとしたら、私の目に狂いなしだね」%K%P
「ふふっ、やっぱそうなんだ？\n　だとしたら、私の目に狂いなしだね」%K%P
%LC陽菜
%LC陽菜
「あの、それって、どういう……」%K%P
「あの、それって、どういう……」%K%P
%LC美実
%LC美実
「私じゃ梨理を変えられなかった。\n　いろいろ試したけど、無理だった」%K%P
「私じゃ梨理を変えられなかった。\n　いろいろ試したけど、無理だった」%K%P
%LC美実
%LC美実
「でも、陽菜ちゃんだったら、\n　梨理を変えられるかも知れない」%K%P
「でも、陽菜ちゃんだったら、\n　梨理を変えられるかも知れない」%K%P
%LC美実
%LC美実
「他でもない、陽菜ちゃんなら」%K%P
「他でもない、陽菜ちゃんなら」%K%P
%LC陽菜
%LC陽菜
「変えられるって……。\n　急に、そんなこと言われても」%K%P
「変えられるって……。\n　急に、そんなこと言われても」%K%P
%LC美実
%LC美実
「そう？　すでに少しずつ変えてるんだよ？」%K%P
「そう？　すでに少しずつ変えてるんだよ？」%K%P
%LC美実
%LC美実
「あの子が自分の料理を人にあげるとか、\n　そんなこと、今まで一度もなかったし――」%K%P
「あの子が自分の料理を人にあげるとか、\n　そんなこと、今まで一度もなかったし――」%K%P
%LC美実
%LC美実
「いっそ、梨理と付き合ってみるとかどう？」%K%P
「いっそ、梨理と付き合ってみるとかどう？」%K%P
%LC陽菜
%LC陽菜
「なっ……もうっ、なに言ってるんですかっ。\n　真面目な話をしてたと思ったのにっ……」%K%P
「なっ……もうっ、なに言ってるんですかっ。\n　真面目な話をしてたと思ったのにっ……」%K%P
%LC美実
%LC美実
「私はいたって真面目だよ。\n　ほら、恋は人を変えるっていうでしょ？」%K%P
「私はいたって真面目だよ。\n　ほら、恋は人を変えるっていうでしょ？」%K%P
%LC美実
%LC美実
「陽菜ちゃん、そういう経験ない？\n　恋で人生が変わった、みたいな経験」%K%P
「陽菜ちゃん、そういう経験ない？\n　恋で人生が変わった、みたいな経験」%K%P
%LC陽菜
%LC陽菜
「それは――」%K%P
「それは――」%K%P
言い淀んだ脳裏に、つーちゃんの姿が過ぎる。%K%P
言い淀んだ脳裏に、つーちゃんの姿が過ぎる。%K%P
恋で人生が変わるというのなら、\nオレの場合、彼女への告白が、まさにそれだ。%K%P
恋で人生が変わるというのなら、\nオレの場合、彼女への告白が、まさにそれだ。%K%P
あのときの告白があればこそ、\nいま、オレはここに居るわけで。%K%P
あのときの告白があればこそ、\nいま、オレはここに居るわけで。%K%P
%LC美実
%LC美実
「その顔。心当たりアリとみた」%K%P
「その顔。心当たりアリとみた」%K%P
%LC陽菜
%LC陽菜
「はぅっ……」%K%P
「はぅっ……」%K%P
%LC美実
%LC美実
「くすっ、照れない照れない。\n　恋は女を綺麗にするんだよ？」%K%P
「くすっ、照れない照れない。\n　恋は女を綺麗にするんだよ？」%K%P
%LC美実
%LC美実
「でも、そっかそっか……。\n　陽菜ちゃん、経験豊富なんだねぇ？」%K%P
「でも、そっかそっか……。\n　陽菜ちゃん、経験豊富なんだねぇ？」%K%P
%LC美実
%LC美実
「それに引き換え、あの子ときたら……。\n　これまでそういう浮いた話、ひとつもなくて」%K%P
「それに引き換え、あの子ときたら……。\n　これまでそういう浮いた話、ひとつもなくて」%K%P
%LC美実
%LC美実
「まあでも、ずっとフェンシング一筋だったし。\n　男の子と話したことすらないから、仕方ない――」%K%P
「まあでも、ずっとフェンシング一筋だったし。\n　男の子と話したことすらないから、仕方ない――」%K%P
%LC美実
%LC美実
「……でも、ないか。\n　この前、人生初ナンパされたんだっけ」%K%P
「……でも、ないか。\n　この前、人生初ナンパされたんだっけ」%K%P
%LC陽菜
%LC陽菜
「なっ……？！　あっ、あの、美実様？\n　あれはナンパじゃなくてですねっ」%K%P
「なっ……？！　あっ、あの、美実様？\n　あれはナンパじゃなくてですねっ」%K%P
%LC美実
%LC美実
「ん？　それ、どういう意味？　ってか、\n　なんで陽菜ちゃんがナンパのこと知ってるの？」%K%P
「ん？　それ、どういう意味？　ってか、\n　なんで陽菜ちゃんがナンパのこと知ってるの？」%K%P
%LC陽菜
%LC陽菜
「あ゛……！？　やっ、えと……そうっ、\n　梨理ちゃんが昨日、教えてくれてっ……！」%K%P
「あ゛……！？　やっ、えと……そうっ、\n　梨理ちゃんが昨日、教えてくれてっ……！」%K%P
%LC美実
%LC美実
「梨理本人から聞いたってこと？」%K%P
「梨理本人から聞いたってこと？」%K%P
%LC陽菜
%LC陽菜
「ですですっ。ナンパされたって、\n　梨理ちゃんが自分から教えてくれて」%K%P
「ですですっ。ナンパされたって、\n　梨理ちゃんが自分から教えてくれて」%K%P
%LC美実
%LC美実
「自分からって……ははぁん、\n　アイツめ、そんなに自慢したかったのか」%K%P
「自分からって……ははぁん、\n　アイツめ、そんなに自慢したかったのか」%K%P
%LC陽菜
%LC陽菜
「自慢……？」%K%P
「自慢……？」%K%P
%LC美実
%LC美実
「男の子に話しかけられるとか、\n　梨理史上、初めてのことだったからね」%K%P
「男の子に話しかけられるとか、\n　梨理史上、初めてのことだったからね」%K%P
%LC美実
%LC美実
「しかも、プレゼントまで貰っちゃって……。\n　家に帰ったあと、ニヤニヤしっぱなしだったし」%K%P
「しかも、プレゼントまで貰っちゃって……。\n　家に帰ったあと、ニヤニヤしっぱなしだったし」%K%P
%LC陽菜
%LC陽菜
「梨理ちゃんが……？　ニヤニヤ……？」%K%P
「梨理ちゃんが……？　ニヤニヤ……？」%K%P
%LC美実
%LC美実
「うん。あの子、外では気を張ってるけど、\n　もともと顔に出やすいほうだから」%K%P
「うん。あの子、外では気を張ってるけど、\n　もともと顔に出やすいほうだから」%K%P
%LC美実
%LC美実
「ナンパしてきた男の子から貰ったお弁当箱眺めて、\n　にやー、にやぁーって……もう、可愛くって」%K%P
「ナンパしてきた男の子から貰ったお弁当箱眺めて、\n　にやー、にやぁーって……もう、可愛くって」%K%P
%LC美実
%LC美実
「昨日のお弁当だって、貰ったそれが使いたくて、\n　わざわざ早起きして作ってたぐらいだし」%K%P
「昨日のお弁当だって、貰ったそれが使いたくて、\n　わざわざ早起きして作ってたぐらいだし」%K%P
%LC美実
%LC美実
「普段、料理する方じゃないのに。\n　すっごく張り切って作ってたんだから」%K%P
「普段、料理する方じゃないのに。\n　すっごく張り切って作ってたんだから」%K%P
%LC陽菜
%LC陽菜
「ん……」%K%P
「ん……」%K%P
思ってもなかった情報に、頬が緩む。%K%P
思ってもなかった情報に、頬が緩む。%K%P
どうしよう。オレまで顔がニヤけそうだ。%K%P
どうしよう。オレまで顔がニヤけそうだ。%K%P
%LC美実
%LC美実
「ともかく、そういうわけだから。\n　梨理のことよろしくね？　陽菜ちゃん」%K%P
「ともかく、そういうわけだから。\n　梨理のことよろしくね？　陽菜ちゃん」%K%P
%LC美実
%LC美実
「私はこの学園に入って、依夜と出会って、\n　彼女に負けた結果、今があるわけだけど――」%K%P
「私はこの学園に入って、依夜と出会って、\n　彼女に負けた結果、今があるわけだけど――」%K%P
%LC美実
%LC美実
「梨理にそういう経験をもたらすのは、\n　陽菜ちゃんじゃないかなって思ってるの」%K%P
「梨理にそういう経験をもたらすのは、\n　陽菜ちゃんじゃないかなって思ってるの」%K%P
%LC美実
%LC美実
「もちろん、これは私の勝手な期待であって、\n　無理に応えようとかしなくていいからね？」%K%P
「もちろん、これは私の勝手な期待であって、\n　無理に応えようとかしなくていいからね？」%K%P
%LC美実
%LC美実
「でも……もし、そういう機会がきたら。\n　そのときは、陽菜ちゃんの剣で導いてあげて」%K%P
「でも……もし、そういう機会がきたら。\n　そのときは、陽菜ちゃんの剣で導いてあげて」%K%P
%LC美実
%LC美実
「依夜の剣が私の迷いを断ち切ったように、\n　陽菜ちゃんも、その剣であの子の迷いを――」%K%P
「依夜の剣が私の迷いを断ち切ったように、\n　陽菜ちゃんも、その剣であの子の迷いを――」%K%P
%LC美実
%LC美実
「……ううん。願わくば、未来を切り開く、\n　そういう剣であってくれたら、すごく嬉しい」%K%P
「……ううん。願わくば、未来を切り開く、\n　そういう剣であってくれたら、すごく嬉しい」%K%P
%LC陽菜
%LC陽菜
「私の、剣で……」%K%P
「私の、剣で……」%K%P
%LC美実
%LC美実
「陽菜ちゃん。うちの妹を、よろしくね」%K%P
「陽菜ちゃん。うちの妹を、よろしくね」%K%P
%LC陽菜
%LC陽菜
「あ……」%K%P
「あ……」%K%P
くすっと笑った美実様は、\nそれから、オレの頭をぽんぽんと撫でる。%K%P
くすっと笑った美実様は、\nそれから、オレの頭をぽんぽんと撫でる。%K%P
その手つきは、すごく優しくて、慣れていて。%K%P
その手つきは、すごく優しくて、慣れていて。%K%P
きっと梨理ちゃんは、数え切れないぐらい、\nこうして頭を撫でられてきたに違いなかった。%K%P
きっと梨理ちゃんは、数え切れないぐらい、\nこうして頭を撫でられてきたに違いなかった。%K%P
その日の昼休みも、\nオレは梨理ちゃんを昼食に誘った。%K%P
その日の昼休みも、\nオレは梨理ちゃんを昼食に誘った。%K%P
%LC陽菜
%LC陽菜
「梨理ちゃん、今日もお弁当なんだ？」%K%P
「梨理ちゃん、今日もお弁当なんだ？」%K%P
%LC梨理
%LC梨理
「はい。せっかく可愛いお弁当箱なので、\n　使ってあげないと可哀想かなって」%K%P
「はい。せっかく可愛いお弁当箱なので、\n　使ってあげないと可哀想かなって」%K%P
%LC陽菜
%LC陽菜
「それをくれた男の子が？」%K%P
「それをくれた男の子が？」%K%P
%LC梨理
%LC梨理
「違います、お弁当箱がです。\n　もう、センセまでお姉ちゃんと同じことを」%K%P
「違います、お弁当箱がです。\n　もう、センセまでお姉ちゃんと同じことを」%K%P
%LC陽菜
%LC陽菜
「その美実様から聞いたよ？\n　お弁当、早起きして頑張って作ってたって」%K%P
「その美実様から聞いたよ？\n　お弁当、早起きして頑張って作ってたって」%K%P
%LC梨理
%LC梨理
「今日は昨日の残り物とか詰めたので。\n　そんなに頑張ってはないです」%K%P
「今日は昨日の残り物とか詰めたので。\n　そんなに頑張ってはないです」%K%P
%LC梨理
%LC梨理
「せいぜい、卵焼きを焼いたぐらいで」%K%P
「せいぜい、卵焼きを焼いたぐらいで」%K%P
%LC陽菜
%LC陽菜
「甘いやつ？」%K%P
「甘いやつ？」%K%P
%LC梨理
%LC梨理
「はい。……よかったら、食べます？」%K%P
「はい。……よかったら、食べます？」%K%P
%LC陽菜
%LC陽菜
「いいの？」%K%P
「いいの？」%K%P
%LC梨理
%LC梨理
「こんなこともあろうかと、\n　今日はセンセの分のお箸も用意したので」%K%P
「こんなこともあろうかと、\n　今日はセンセの分のお箸も用意したので」%K%P
%LC陽菜
%LC陽菜
「そうなんだ……」%K%P
「そうなんだ……」%K%P
今日は間接キスのドキドキはなしか――って、\nいやいや、なに考えてんだ、オレは。%K%P
今日は間接キスのドキドキはなしか――って、\nいやいや、なに考えてんだ、オレは。%K%P
%LC梨理
%LC梨理
「センセ……？　どうしたんです？」%K%P
「センセ……？　どうしたんです？」%K%P
%LC陽菜
%LC陽菜
「あっ、ううん、なんでも」%K%P
「あっ、ううん、なんでも」%K%P
%LC陽菜
%LC陽菜
「それより、今日の放課後なんだけど。\n　よかったら一緒に練習しない？」%K%P
「それより、今日の放課後なんだけど。\n　よかったら一緒に練習しない？」%K%P
%LC梨理
%LC梨理
「あっ……すみません、今日はちょっと。\n　行きたいところがあるので」%K%P
「あっ……すみません、今日はちょっと。\n　行きたいところがあるので」%K%P
%LC陽菜
%LC陽菜
「ひょっとして、スポーツジム？」%K%P
「ひょっとして、スポーツジム？」%K%P
%LC梨理
%LC梨理
「なんでそれを……って、ああ……。\n　もう、お姉ちゃんってばペラペラと……」%K%P
「なんでそれを……って、ああ……。\n　もう、お姉ちゃんってばペラペラと……」%K%P
%LC陽菜
%LC陽菜
「週に何度か通ってるんだよね？」%K%P
「週に何度か通ってるんだよね？」%K%P
%LC梨理
%LC梨理
「はい。今日は行くつもりなかったんですけど、\n　昨日、忘れ物をしちゃったので」%K%P
「はい。今日は行くつもりなかったんですけど、\n　昨日、忘れ物をしちゃったので」%K%P
%LC陽菜
%LC陽菜
「そっか……。なら、しょうがないね」%K%P
「そっか……。なら、しょうがないね」%K%P
%LC梨理
%LC梨理
「センセとの練習に関しては、\n　できれば、朝でお願いできませんか？」%K%P
「センセとの練習に関しては、\n　できれば、朝でお願いできませんか？」%K%P
%LC梨理
%LC梨理
「放課後は……たぶん、他の{騎士:ワルキュリア}も、\n　トレーニングルームを使ってると思うので」%K%P
「放課後は……たぶん、他の{騎士:ワルキュリア}も、\n　トレーニングルームを使ってると思うので」%K%P
%LC陽菜
%LC陽菜
「なら、さっそくだけど、明日とか」%K%P
「なら、さっそくだけど、明日とか」%K%P
%LC梨理
%LC梨理
「わかりました」%K%P
「わかりました」%K%P
%LC梨理
%LC梨理
「と、いうことで。\n　遅れましたが、お箸です」%K%P
「と、いうことで。\n　遅れましたが、お箸です」%K%P
%LC陽菜
%LC陽菜
「ありがとう。じゃあ、いただきます」%K%P
「ありがとう。じゃあ、いただきます」%K%P
ケース入りのお箸を受け取ると、\nさっそく、卵焼きを口へと運ぶ。%K%P
ケース入りのお箸を受け取ると、\nさっそく、卵焼きを口へと運ぶ。%K%P
%LC陽菜
%LC陽菜
「あむっ……もぐっ、もぎゅっ」%K%P
「あむっ……もぐっ、もぎゅっ」%K%P
%LC陽菜
%LC陽菜
「……うん。今日も甘くて美味しい」%K%P
「……うん。今日も甘くて美味しい」%K%P
心なしか、卵焼きの味は、\n昨日よりもちょっと甘い気がした。%K%P
心なしか、卵焼きの味は、\n昨日よりもちょっと甘い気がした。%K%P
放課後、学園を後にした私は、\nそのままショッピングモールに立ち寄った。%K%P
放課後、学園を後にした私は、\nそのままショッピングモールに立ち寄った。%K%P
ジムの受け付けで忘れ物を受け取って、\nそこでようやく、ほっと一息ついて。%K%P
ジムの受け付けで忘れ物を受け取って、\nそこでようやく、ほっと一息ついて。%K%P
真っ直ぐ家に帰ろうと思っていた足は、\nなんとなく……本当に、ただなんとなく、\nゲームセンターへと向いていた。%K%P
真っ直ぐ家に帰ろうと思っていた足は、\nなんとなく……本当に、ただなんとなく、\nゲームセンターへと向いていた。%K%P
%LC梨理
%LC梨理
「……いるわけないか」%K%P
「……いるわけないか」%K%P
店内をぐるっと見て回ったあと、\n無意識にそんな言葉が漏れて、ちょっと慌てる。%K%P
店内をぐるっと見て回ったあと、\n無意識にそんな言葉が漏れて、ちょっと慌てる。%K%P
べつに、アイツに会いたいわけじゃない。%K%P
べつに、アイツに会いたいわけじゃない。%K%P
ただ、お礼を言えていないのが、\nどうにもスッキリしないだけだ。%K%P
ただ、お礼を言えていないのが、\nどうにもスッキリしないだけだ。%K%P
半ば押しつけられるような形だったとはいえ、\n物を貰ってしまったわけだし。%K%P
半ば押しつけられるような形だったとはいえ、\n物を貰ってしまったわけだし。%K%P
なのに私は、ありがとうって言えなかった。%K%P
なのに私は、ありがとうって言えなかった。%K%P
まあ、こっちがお礼を言う前に、\n向こうが勝手にいなくなっちゃったんだけど。%K%P
まあ、こっちがお礼を言う前に、\n向こうが勝手にいなくなっちゃったんだけど。%K%P
とはいえ、お礼を言えなかったのは事実で。%K%P
とはいえ、お礼を言えなかったのは事実で。%K%P
だから、それを伝えたいだけ。%K%P
だから、それを伝えたいだけ。%K%P
ただ、それだけ。%K%P
ただ、それだけ。%K%P
%LC梨理
%LC梨理
「って、うそ、新しいの出てる……」%K%P
「って、うそ、新しいの出てる……」%K%P
帰り際、プライズコーナーを眺めていたら、\nいくつかの台の景品が入れ替わっていた。%K%P
帰り際、プライズコーナーを眺めていたら、\nいくつかの台の景品が入れ替わっていた。%K%P
その中の一つに、ヒーナの新作グッズが。%K%P
その中の一つに、ヒーナの新作グッズが。%K%P
%LC梨理
%LC梨理
「うぅ……新しいの出るのは嬉しいけど、\n　こんだけペース早いとかオニすぎない？」%K%P
「うぅ……新しいの出るのは嬉しいけど、\n　こんだけペース早いとかオニすぎない？」%K%P
%LC梨理
%LC梨理
「しかもこれ、可愛いし……。\n　ヤバ、めっちゃ欲しい……」%K%P
「しかもこれ、可愛いし……。\n　ヤバ、めっちゃ欲しい……」%K%P
%LC梨理
%LC梨理
「けど、この前のでお金使い過ぎたし……」%K%P
「けど、この前のでお金使い過ぎたし……」%K%P
%LC梨理
%LC梨理
「ん、でもこれ、欲しい……」%K%P
「ん、でもこれ、欲しい……」%K%P
%LC梨理
%LC梨理
「……よしっ。１回だけ、１回だけ……」%K%P
「……よしっ。１回だけ、１回だけ……」%K%P
念じるように財布を出し、お金を投入。%K%P
念じるように財布を出し、お金を投入。%K%P
%LC梨理
%LC梨理
「っと……ここで……こうして……こうっ！」%K%P
「っと……ここで……こうして……こうっ！」%K%P
%LC梨理
%LC梨理
「いけっ、がんばれっ、がんばれっ……」%K%P
「いけっ、がんばれっ、がんばれっ……」%K%P
祈るような気持ちで、アームを応援。%K%P
祈るような気持ちで、アームを応援。%K%P
そんなことしても意味ないって分かってても、\nどうしても声が出てしまう。%K%P
そんなことしても意味ないって分かってても、\nどうしても声が出てしまう。%K%P
だけど、結果は――、%K%P
だけど、結果は――、%K%P
%LC梨理
%LC梨理
「はぅ……」%K%P
「はぅ……」%K%P
持ち上がるどころか、ピクリとも動かず。%K%P
持ち上がるどころか、ピクリとも動かず。%K%P
うぅ、欲しいなぁ、このぬいぐるみ。%K%P
うぅ、欲しいなぁ、このぬいぐるみ。%K%P
陽菜センセ、ヒーナに興味あったっぽいし、\nこれあげたら喜んでくれると思うんだけど。%K%P
陽菜センセ、ヒーナに興味あったっぽいし、\nこれあげたら喜んでくれると思うんだけど。%K%P
もちろん、自分の分と、２個とって……。%K%P
もちろん、自分の分と、２個とって……。%K%P
こういうのも、ペアグッズって言うのかな。%K%P
こういうのも、ペアグッズって言うのかな。%K%P
%LC？？？
%LC？？？
「それ、欲しいの？」%K%P
「それ、欲しいの？」%K%P
%LC梨理
%LC梨理
「え――」%K%P
「え――」%K%P
不意に背後で声がして、\nまさかと思いながら、振り向いた――けど。%K%P
不意に背後で声がして、\nまさかと思いながら、振り向いた――けど。%K%P
%LC女性客
%LC女性客
「欲しい欲しいっ！　とってとってー！」%K%P
「欲しい欲しいっ！　とってとってー！」%K%P
%LC男性客
%LC男性客
「よぉーし、このオレに任せとけ！」%K%P
「よぉーし、このオレに任せとけ！」%K%P
%LC女性客
%LC女性客
「やーん、頼りになるぅ」%K%P
「やーん、頼りになるぅ」%K%P
%LC梨理
%LC梨理
「……はぁ」%K%P
「……はぁ」%K%P
そこにいたのはまったく知らないカップルで、\n思わず溜め息が漏れてしまう。%K%P
そこにいたのはまったく知らないカップルで、\n思わず溜め息が漏れてしまう。%K%P
溜め息の理由は、\nイチャイチャ具合に辟易したのが半分。%K%P
溜め息の理由は、\nイチャイチャ具合に辟易したのが半分。%K%P
もう半分は……たぶん、がっかりしたから。%K%P
もう半分は……たぶん、がっかりしたから。%K%P
%LC梨理
%LC梨理
「……なに期待してるんだろ、私」%K%P
「……なに期待してるんだろ、私」%K%P
そんなに都合良く現れるはずないのに。%K%P
そんなに都合良く現れるはずないのに。%K%P
そんな漫画みたいなこと、あるはずないのに。%K%P
そんな漫画みたいなこと、あるはずないのに。%K%P
でも、どこかで期待してしまう自分がいて。%K%P
でも、どこかで期待してしまう自分がいて。%K%P
――だから全部、アイツが悪い。%K%P
――だから全部、アイツが悪い。%K%P
%LC梨理
%LC梨理
「もしまた会えたら、絶対文句言ってやるっ……」%K%P
「もしまた会えたら、絶対文句言ってやるっ……」%K%P
呟いたあと、お礼を言うんじゃなかったのかって、\n心の中でセルフ突っ込み。%K%P
呟いたあと、お礼を言うんじゃなかったのかって、\n心の中でセルフ突っ込み。%K%P
だいたい、文句って……、\nいったいなにを言えばいいんだか。%K%P
だいたい、文句って……、\nいったいなにを言えばいいんだか。%K%P
アイツは罵られて喜ぶ変なヤツだったけど、\nなんにも悪いことはしてないのに――、%K%P
アイツは罵られて喜ぶ変なヤツだったけど、\nなんにも悪いことはしてないのに――、%K%P
%LC梨理
%LC梨理
「……なら、罵ればいいか。……くすっ」%K%P
「……なら、罵ればいいか。……くすっ」%K%P
罵られて喜ぶようなヤツなんだから、\nもしまた会えたら、そのときは罵ろう。%K%P
罵られて喜ぶようなヤツなんだから、\nもしまた会えたら、そのときは罵ろう。%K%P
そうすれば私は文句が言えてスッキリだし、\n向こうは喜ぶしで、ウィンウィンだ。%K%P
そうすれば私は文句が言えてスッキリだし、\n向こうは喜ぶしで、ウィンウィンだ。%K%P
……まあ、もしまた会えたら、だけど。%K%P
……まあ、もしまた会えたら、だけど。%K%P
