――そして迎えた、決戦の日。%K%P
――そして迎えた、決戦の日。%K%P
試合前、テアトルの控え室には、\nフィエルテに着替えた４人の{騎士:ワルキュリア}がいた。%K%P
試合前、テアトルの控え室には、\nフィエルテに着替えた４人の{騎士:ワルキュリア}がいた。%K%P
%LC依夜
%LC依夜
「杏奈、準備はいい？」%K%P
「杏奈、準備はいい？」%K%P
%LC杏奈
%LC杏奈
「はいっ。陽菜ちゃんのことは、\n　私に任せてくださいっ」%K%P
「はいっ。陽菜ちゃんのことは、\n　私に任せてくださいっ」%K%P
%LC依夜
%LC依夜
「うん。思う存分ぶつかってみて。\n　きっと良い勝負になるから」%K%P
「うん。思う存分ぶつかってみて。\n　きっと良い勝負になるから」%K%P
%LC依夜
%LC依夜
「じゃあ、私たちは先に行くわ」%K%P
「じゃあ、私たちは先に行くわ」%K%P
%LC杏奈
%LC杏奈
「またすぐあとでねっ」%K%P
「またすぐあとでねっ」%K%P
依夜様と杏奈ちゃんが先に舞台へと向かい、\n控え室には、オレと梨理ちゃんが残った。%K%P
依夜様と杏奈ちゃんが先に舞台へと向かい、\n控え室には、オレと梨理ちゃんが残った。%K%P
%LC梨理
%LC梨理
「センセ、準備できました」%K%P
「センセ、準備できました」%K%P
%LC陽菜
%LC陽菜
「うん。じゃあ、私たちも――」%K%P
「うん。じゃあ、私たちも――」%K%P
%LC梨理
%LC梨理
「あの、センセ。\n　今日までありがとうございました」%K%P
「あの、センセ。\n　今日までありがとうございました」%K%P
%LC陽菜
%LC陽菜
「え……どうしたの？　急に」%K%P
「え……どうしたの？　急に」%K%P
%LC梨理
%LC梨理
「感謝は伝えれるときに伝えておかないと。\n　言いそびれちゃうかもしれないので」%K%P
「感謝は伝えれるときに伝えておかないと。\n　言いそびれちゃうかもしれないので」%K%P
%LC陽菜
%LC陽菜
「あ……うん。そうだね」%K%P
「あ……うん。そうだね」%K%P
梨理ちゃんの言葉に、少し笑みが漏れる。%K%P
梨理ちゃんの言葉に、少し笑みが漏れる。%K%P
練習に挑む姿勢もそうだけど……日向の存在は、\n梨理ちゃんにいろいろ影響を与えているみたいだ。%K%P
練習に挑む姿勢もそうだけど……日向の存在は、\n梨理ちゃんにいろいろ影響を与えているみたいだ。%K%P
%LC陽菜
%LC陽菜
「けど、このタイミングでそれは、\n　いかにもフラグっぽくない？」%K%P
「けど、このタイミングでそれは、\n　いかにもフラグっぽくない？」%K%P
%LC梨理
%LC梨理
「勝ちフラグ、ですか？　それとも、負け？」%K%P
「勝ちフラグ、ですか？　それとも、負け？」%K%P
%LC陽菜
%LC陽菜
「もちろん、勝ちのほうで」%K%P
「もちろん、勝ちのほうで」%K%P
%LC梨理
%LC梨理
「はい。……勝ってみせます、あの人に」%K%P
「はい。……勝ってみせます、あの人に」%K%P
澄み切った青空のような、晴れやかな顔。%K%P
澄み切った青空のような、晴れやかな顔。%K%P
練習を楽しむようになった梨理ちゃんは、\nこの数日で、確実に強くなった。%K%P
練習を楽しむようになった梨理ちゃんは、\nこの数日で、確実に強くなった。%K%P
だから、この試合も楽しめれば、きっと。%K%P
だから、この試合も楽しめれば、きっと。%K%P
客席に集まった学生たちが、\nいつも以上に熱い視線を舞台に向ける。%K%P
客席に集まった学生たちが、\nいつも以上に熱い視線を舞台に向ける。%K%P
素晴らしい{舞闘:カデンツァ}を見せるのが、\n代表に選ばれた{騎士:ワルキュリア}の使命。%K%P
素晴らしい{舞闘:カデンツァ}を見せるのが、\n代表に選ばれた{騎士:ワルキュリア}の使命。%K%P
なら、それを最高の形で果たそう。%K%P
なら、それを最高の形で果たそう。%K%P
%LC宗千佳
%LC宗千佳
「これより{連弾:デュオ}{舞闘:カデンツァ}トーナメント、\n　第１試合を始める」%K%P
「これより{連弾:デュオ}{舞闘:カデンツァ}トーナメント、\n　第１試合を始める」%K%P
%LC宗千佳
%LC宗千佳
「陽菜、梨理。準備はいいか？」%K%P
「陽菜、梨理。準備はいいか？」%K%P
%LC陽菜・梨理
%LC陽菜・梨理
「はいっ」%K%P
「はいっ」%K%P
%LC宗千佳
%LC宗千佳
「依夜、杏奈。準備はいいか？」%K%P
「依夜、杏奈。準備はいいか？」%K%P
%LC依夜・杏奈
%LC依夜・杏奈
「はいっ」%K%P
「はいっ」%K%P
%LC宗千佳
%LC宗千佳
「よし。では……全員、クラージュ起動」%K%P
「よし。では……全員、クラージュ起動」%K%P
%LC全員
%LC全員
「アン・ガルド！」%K%P
「アン・ガルド！」%K%P
凜と響く、４人の声。%K%P
凜と響く、４人の声。%K%P
まばゆい光に包まれた{騎士:ワルキュリア}たちは、\nその手に剣を、その身に鎧を授かる。%K%P
まばゆい光に包まれた{騎士:ワルキュリア}たちは、\nその手に剣を、その身に鎧を授かる。%K%P
そして、今回はもうひとつ。%K%P
そして、今回はもうひとつ。%K%P
{連弾:デュオ}{舞闘:カデンツァ}独自ルールである飾緒が、\nそれぞれのペアのプリモの胸に与えられる――。%K%P
{連弾:デュオ}{舞闘:カデンツァ}独自ルールである飾緒が、\nそれぞれのペアのプリモの胸に与えられる――。%K%P
%LC客席Ａ
%LC客席Ａ
「おっ、プリモは依夜様と陽菜ちゃんだっ！\n　これは親善試合の再来かもっ……！？」%K%P
「おっ、プリモは依夜様と陽菜ちゃんだっ！\n　これは親善試合の再来かもっ……！？」%K%P
%LC客席Ｂ
%LC客席Ｂ
「プリモ同士が戦うとは限らないのでは？\n　銀蘭史上初の{連弾:デュオ}{舞闘:カデンツァ}ですもの」%K%P
「プリモ同士が戦うとは限らないのでは？\n　銀蘭史上初の{連弾:デュオ}{舞闘:カデンツァ}ですもの」%K%P
%LC客席Ｃ
%LC客席Ｃ
「そうそう、なにが起こるかわからないよ？\n　それこそ一瞬で終わっちゃうかもっ」%K%P
「そうそう、なにが起こるかわからないよ？\n　それこそ一瞬で終わっちゃうかもっ」%K%P
%LC客席Ｄ
%LC客席Ｄ
「ああっ、私もう、いまの段階でドキが\n　ムネムネしてきちゃったよぉっ……！！」%K%P
「ああっ、私もう、いまの段階でドキが\n　ムネムネしてきちゃったよぉっ……！！」%K%P
%LC杏奈
%LC杏奈
「むむむ……。そっちのプリモ、\n　てっきり梨理ちゃんだと思ってたのに」　%K%P
「むむむ……。そっちのプリモ、\n　てっきり梨理ちゃんだと思ってたのに」　%K%P
%LC陽菜
%LC陽菜
「私もそうしようって提案したんだけど。\n　梨理ちゃんが、それはありえないって」%K%P
「私もそうしようって提案したんだけど。\n　梨理ちゃんが、それはありえないって」%K%P
%LC梨理
%LC梨理
「センセを差し置いて私がプリモとか、\n　そこまで厚顔無恥じゃないので」%K%P
「センセを差し置いて私がプリモとか、\n　そこまで厚顔無恥じゃないので」%K%P
%LC依夜
%LC依夜
「梨理、今日はよろしく」%K%P
「梨理、今日はよろしく」%K%P
%LC梨理
%LC梨理
「はい。……負けません」%K%P
「はい。……負けません」%K%P
短く返すその言葉には闘志が秘められていて、\n聞いているこっちまで気合いが入る。%K%P
短く返すその言葉には闘志が秘められていて、\n聞いているこっちまで気合いが入る。%K%P
%LC陽菜
%LC陽菜
「杏奈ちゃん、全力でかかってきてね？」%K%P
「杏奈ちゃん、全力でかかってきてね？」%K%P
%LC杏奈
%LC杏奈
「もちろんっ。陽菜ちゃんがプリモなら、\n　遠慮なく飾緒を狙わせてもらっちゃうからっ」%K%P
「もちろんっ。陽菜ちゃんがプリモなら、\n　遠慮なく飾緒を狙わせてもらっちゃうからっ」%K%P
そう言った杏奈ちゃんの視線が、\nオレの胸の飾緒に向けられる。%K%P
そう言った杏奈ちゃんの視線が、\nオレの胸の飾緒に向けられる。%K%P
梨理ちゃんがプリモを託してくれた以上、\nこの胸の飾緒は、なにがあっても守り切る。%K%P
梨理ちゃんがプリモを託してくれた以上、\nこの胸の飾緒は、なにがあっても守り切る。%K%P
少なくとも、梨理ちゃんと依夜様の、\n勝負の決着がつくまでは。%K%P
少なくとも、梨理ちゃんと依夜様の、\n勝負の決着がつくまでは。%K%P
%LC宗千佳
%LC宗千佳
「では、これより{舞闘:カデンツァ}を始める」%K%P
「では、これより{舞闘:カデンツァ}を始める」%K%P
%LC宗千佳
%LC宗千佳
「全員、中央へ」%K%P
「全員、中央へ」%K%P
%LC全員
%LC全員
「はいっ！」%K%P
「はいっ！」%K%P
姉さんの掛け声に従い、対峙する４人の{騎士:ワルキュリア}。%K%P
姉さんの掛け声に従い、対峙する４人の{騎士:ワルキュリア}。%K%P
気付けば、固唾を呑む音が聞こえそうなぐらい、\nホールはしんと静まり返って。%K%P
気付けば、固唾を呑む音が聞こえそうなぐらい、\nホールはしんと静まり返って。%K%P
%LC宗千佳
%LC宗千佳
「双方、構えて」%K%P
「双方、構えて」%K%P
%LC宗千佳
%LC宗千佳
「――はじめっ！」%K%P
「――はじめっ！」%K%P
%LC梨理
%LC梨理
「いきますッ……！」%K%P
「いきますッ……！」%K%P
姉さんの号令直後、梨理ちゃんが飛び出す。%K%P
姉さんの号令直後、梨理ちゃんが飛び出す。%K%P
%LC梨理
%LC梨理
「ふッ……！」%K%P
「ふッ……！」%K%P
突進の勢いを加えた鋭い突きが、依夜様を襲う。%K%P
突進の勢いを加えた鋭い突きが、依夜様を襲う。%K%P
並の学生だったら、攻撃に反応する間もなく、\n鎧が砕け散ってしまうだろう、そんな一撃。%K%P
並の学生だったら、攻撃に反応する間もなく、\n鎧が砕け散ってしまうだろう、そんな一撃。%K%P
それを、依夜様はこともなげに弾いた。%K%P
それを、依夜様はこともなげに弾いた。%K%P
%LC梨理
%LC梨理
「なっ……」%K%P
「なっ……」%K%P
%LC依夜
%LC依夜
「思っていた以上に早い。\n　でも……っ！！」%K%P
「思っていた以上に早い。\n　でも……っ！！」%K%P
%LC梨理
%LC梨理
「くッ……！　このっ……！」%K%P
「くッ……！　このっ……！」%K%P
突き出した腕ごと上に弾かれた梨理ちゃんは、\nそれでも体勢は崩さず、さらに踏み込む。%K%P
突き出した腕ごと上に弾かれた梨理ちゃんは、\nそれでも体勢は崩さず、さらに踏み込む。%K%P
突きだけでなく、斬り払いも組み合わせ、\n早さと手数で果敢に真っ向勝負を挑んでいく。%K%P
突きだけでなく、斬り払いも組み合わせ、\n早さと手数で果敢に真っ向勝負を挑んでいく。%K%P
%LC杏奈
%LC杏奈
「うわ、梨理ちゃん、すご……」%K%P
「うわ、梨理ちゃん、すご……」%K%P
開幕早々、すぐ隣で始まった凄まじい対決に、\n杏奈ちゃんが呆然と呟く。%K%P
開幕早々、すぐ隣で始まった凄まじい対決に、\n杏奈ちゃんが呆然と呟く。%K%P
まったく同じ気持ちだけど、いまは試合中。%K%P
まったく同じ気持ちだけど、いまは試合中。%K%P
隙があるなら、遠慮なく――……叩くっ！%K%P
隙があるなら、遠慮なく――……叩くっ！%K%P
%LC陽菜
%LC陽菜
「やぁあッ！」%K%P
「やぁあッ！」%K%P
%LC杏奈
%LC杏奈
「うぎゃっ……！？　わっ、わわっ！？」%K%P
「うぎゃっ……！？　わっ、わわっ！？」%K%P
素早く振り下ろしたロングソードを、\n慌てつつもしっかり盾で受け止める杏奈ちゃん。%K%P
素早く振り下ろしたロングソードを、\n慌てつつもしっかり盾で受け止める杏奈ちゃん。%K%P
%LC陽菜
%LC陽菜
「やるね、杏奈ちゃん。\n　以前だったら確実に決まってたのに」%K%P
「やるね、杏奈ちゃん。\n　以前だったら確実に決まってたのに」%K%P
%LC杏奈
%LC杏奈
「開始直後に負けちゃうとか、\n　それはさすがに恥ずかしいってばっ！」%K%P
「開始直後に負けちゃうとか、\n　それはさすがに恥ずかしいってばっ！」%K%P
%LC杏奈
%LC杏奈
「けど……梨理ちゃん、ほんとすごい」%K%P
「けど……梨理ちゃん、ほんとすごい」%K%P
こちらの剣を受け止めた杏奈ちゃんは、\n鍔迫り合いの格好になりながらも、視線を再び隣へ。%K%P
こちらの剣を受け止めた杏奈ちゃんは、\n鍔迫り合いの格好になりながらも、視線を再び隣へ。%K%P
%LC陽菜
%LC陽菜
「よそ見するなんて、余裕あるね？」%K%P
「よそ見するなんて、余裕あるね？」%K%P
%LC杏奈
%LC杏奈
「だって気になるし。\n　陽菜ちゃんだって気になるでしょ？」%K%P
「だって気になるし。\n　陽菜ちゃんだって気になるでしょ？」%K%P
%LC陽菜
%LC陽菜
「もちろん気になるけど……、\n　依夜様のことは、梨理ちゃんに任せたから」%K%P
「もちろん気になるけど……、\n　依夜様のことは、梨理ちゃんに任せたから」%K%P
%LC陽菜
%LC陽菜
「あっちはあっち、こっちはこっちっ……！」%K%P
「あっちはあっち、こっちはこっちっ……！」%K%P
%LC杏奈
%LC杏奈
「ぐっ……くっ、うぐぐっ……！」%K%P
「ぐっ……くっ、うぐぐっ……！」%K%P
気合いとともに剣を押し込むと、\n杏奈ちゃんが少しずつ後退していく。%K%P
気合いとともに剣を押し込むと、\n杏奈ちゃんが少しずつ後退していく。%K%P
けど、彼女はぐっと、踏ん張って。%K%P
けど、彼女はぐっと、踏ん張って。%K%P
%LC杏奈
%LC杏奈
「まずは、距離を、とることっ……！」%K%P
「まずは、距離を、とることっ……！」%K%P
自らに言い聞かせるように、\nこちらの剣を押し返してから、後ろに下がる。%K%P
自らに言い聞かせるように、\nこちらの剣を押し返してから、後ろに下がる。%K%P
%LC杏奈
%LC杏奈
「よしっ……！　で、ガード、しっかりっ！」%K%P
「よしっ……！　で、ガード、しっかりっ！」%K%P
またもや声に出し、今度は盾を前方へ。%K%P
またもや声に出し、今度は盾を前方へ。%K%P
オレの飾緒を狙う、なんて言っていたけど、\nあらかじめ決めていた作戦か、守りに徹する気満々だ。%K%P
オレの飾緒を狙う、なんて言っていたけど、\nあらかじめ決めていた作戦か、守りに徹する気満々だ。%K%P
こうなると杏奈ちゃんはかなり手強い。%K%P
こうなると杏奈ちゃんはかなり手強い。%K%P
正直、ディフェンス面だけで考えるなら、\n代表に選ばれた８名の中でも屈指のポテンシャルだ。%K%P
正直、ディフェンス面だけで考えるなら、\n代表に選ばれた８名の中でも屈指のポテンシャルだ。%K%P
おまけに、依夜様の指導もあるだろうし。%K%P
おまけに、依夜様の指導もあるだろうし。%K%P
%LC陽菜
%LC陽菜
「でも、負ける気は……ないッ！」%K%P
「でも、負ける気は……ないッ！」%K%P
%LC杏奈
%LC杏奈
「ぐぅぅッ……！」%K%P
「ぐぅぅッ……！」%K%P
あえて盾を狙って思い切り振り抜くと、\n杏奈ちゃんはそれを素直にガードしてくれた。%K%P
あえて盾を狙って思い切り振り抜くと、\n杏奈ちゃんはそれを素直にガードしてくれた。%K%P
盾は鎧の一部として扱われているから、\nその気になれば、おそらく砕けるはずだ。%K%P
盾は鎧の一部として扱われているから、\nその気になれば、おそらく砕けるはずだ。%K%P
ただ、その強度自体は鎧よりも頑丈だろう。%K%P
ただ、その強度自体は鎧よりも頑丈だろう。%K%P
依夜様の剣を折ったオレの渾身の一撃でも、\n易々と破壊できるとは思えない。%K%P
依夜様の剣を折ったオレの渾身の一撃でも、\n易々と破壊できるとは思えない。%K%P
クレール様のハルバードぐらい威力があれば、\nそういう芸当も、あるいは可能なんだろうけど。%K%P
クレール様のハルバードぐらい威力があれば、\nそういう芸当も、あるいは可能なんだろうけど。%K%P
だから、ここは搦め手で。%K%P
だから、ここは搦め手で。%K%P
%LC陽菜
%LC陽菜
「杏奈ちゃんは、自分の弱点ってなんだと思う？」%K%P
「杏奈ちゃんは、自分の弱点ってなんだと思う？」%K%P
%LC杏奈
%LC杏奈
「えっ……ええっ？　なに、急にっ」%K%P
「えっ……ええっ？　なに、急にっ」%K%P
%LC陽菜
%LC陽菜
「私は知ってるよ？　コーチしてたから」%K%P
「私は知ってるよ？　コーチしてたから」%K%P
%LC杏奈
%LC杏奈
「くっ……そんな心理戦に引っかかるほど、\n　私は甘くないんだからっ」%K%P
「くっ……そんな心理戦に引っかかるほど、\n　私は甘くないんだからっ」%K%P
%LC陽菜
%LC陽菜
「甘いものは好きでしょ？」%K%P
「甘いものは好きでしょ？」%K%P
%LC杏奈
%LC杏奈
「うんっ！　とくに餡子が……って、\n　そうはいかないんだからっ！」%K%P
「うんっ！　とくに餡子が……って、\n　そうはいかないんだからっ！」%K%P
%LC陽菜
%LC陽菜
「おっと」%K%P
「おっと」%K%P
一気呵成に攻め込もうとしたオレを、\nしっかりと剣で牽制し、ガードを固める。%K%P
一気呵成に攻め込もうとしたオレを、\nしっかりと剣で牽制し、ガードを固める。%K%P
この堅実な感じ、いかにも依夜様の教えっぽい。%K%P
この堅実な感じ、いかにも依夜様の教えっぽい。%K%P
となると、フェイントとかも教えてるかも――、%K%P
となると、フェイントとかも教えてるかも――、%K%P
%LC陽菜
%LC陽菜
「よしっ、作戦変更。プランＢっ！」%K%P
「よしっ、作戦変更。プランＢっ！」%K%P
%LC杏奈
%LC杏奈
「なっ、なにっ？　プランＢって！？」%K%P
「なっ、なにっ？　プランＢって！？」%K%P
%LC陽菜
%LC陽菜
「内緒っ！」%K%P
「内緒っ！」%K%P
内緒どころかオレ自身も知らないけど、\n素直な杏奈ちゃんはハッタリに動揺してくれた。%K%P
内緒どころかオレ自身も知らないけど、\n素直な杏奈ちゃんはハッタリに動揺してくれた。%K%P
心理戦が決定打になるとは思えないけど、\n動揺を誘えれば、動きにロスも増えるはず。%K%P
心理戦が決定打になるとは思えないけど、\n動揺を誘えれば、動きにロスも増えるはず。%K%P
オレはプリモとして、飾緒を守らないといけない。%K%P
オレはプリモとして、飾緒を守らないといけない。%K%P
梨理ちゃんの為にも、堅実に行かなくちゃ。%K%P
梨理ちゃんの為にも、堅実に行かなくちゃ。%K%P
%LC梨理
%LC梨理
「やぁああァッ！」%K%P
「やぁああァッ！」%K%P
%LC依夜
%LC依夜
「ふッ……！」%K%P
「ふッ……！」%K%P
%LC梨理
%LC梨理
「ぐっ……なら、これでッ……！」%K%P
「ぐっ……なら、これでッ……！」%K%P
%LC依夜
%LC依夜
「んッ……！」%K%P
「んッ……！」%K%P
剣を振れば弾かれ、踏み込めばいなされる。%K%P
剣を振れば弾かれ、踏み込めばいなされる。%K%P
端から見れば、こちらが圧倒的に優勢なぐらい、\n開幕からずっと攻め立てているのに。%K%P
端から見れば、こちらが圧倒的に優勢なぐらい、\n開幕からずっと攻め立てているのに。%K%P
私の剣は、あの人の鎧にまるで届かない。%K%P
私の剣は、あの人の鎧にまるで届かない。%K%P
すべて、弾かれ、払われ、跳ね返される。%K%P
すべて、弾かれ、払われ、跳ね返される。%K%P
こんなに強いの？　{最優秀騎士:ブリランテ}って。%K%P
こんなに強いの？　{最優秀騎士:ブリランテ}って。%K%P
センセは、こんな人相手に勝ったの？%K%P
センセは、こんな人相手に勝ったの？%K%P
%LC依夜
%LC依夜
「ここッ……！！」%K%P
「ここッ……！！」%K%P
%LC梨理
%LC梨理
「ああっ……！？」%K%P
「ああっ……！？」%K%P
自信があった、突きから斬り払いへの連携。%K%P
自信があった、突きから斬り払いへの連携。%K%P
その連携に強引に割り込まれ、\n手元を狙われ、剣が大きく外に弾かれた。%K%P
その連携に強引に割り込まれ、\n手元を狙われ、剣が大きく外に弾かれた。%K%P
こういうときは無理せず下がって、\nいったん、仕切り直しっ……！%K%P
こういうときは無理せず下がって、\nいったん、仕切り直しっ……！%K%P
%LC梨理
%LC梨理
「くッ……ふぅ、ふぅ、はぁ……」%K%P
「くッ……ふぅ、ふぅ、はぁ……」%K%P
大きく後ろに下がると、\nあの人は私を追わず、剣を構え直した。%K%P
大きく後ろに下がると、\nあの人は私を追わず、剣を構え直した。%K%P
攻め続けたせいもあって、\nこっちは息が乱れ始めてるのに。%K%P
攻め続けたせいもあって、\nこっちは息が乱れ始めてるのに。%K%P
あっちは、ほとんど乱れてない。%K%P
あっちは、ほとんど乱れてない。%K%P
%LC依夜
%LC依夜
「得意な技を多用するところ、美実とそっくりね」%K%P
「得意な技を多用するところ、美実とそっくりね」%K%P
%LC梨理
%LC梨理
「な……」%K%P
「な……」%K%P
%LC依夜
%LC依夜
「いまの連携、自信があるのでしょう？\n　繰り出すとき、迷いがないもの」%K%P
「いまの連携、自信があるのでしょう？\n　繰り出すとき、迷いがないもの」%K%P
%LC依夜
%LC依夜
「だからこそ、読みやすい」%K%P
「だからこそ、読みやすい」%K%P
%LC梨理
%LC梨理
「……同じ技は通用しないってやつですか？」%K%P
「……同じ技は通用しないってやつですか？」%K%P
%LC依夜
%LC依夜
「クセが似ているの。美実と」%K%P
「クセが似ているの。美実と」%K%P
%LC梨理
%LC梨理
「ん……」%K%P
「ん……」%K%P
似ていると言われて、少し嬉しくなりかけて、\nいやいやなんで喜んでるのって自分を戒める。%K%P
似ていると言われて、少し嬉しくなりかけて、\nいやいやなんで喜んでるのって自分を戒める。%K%P
私もお姉ちゃんもフェンシングをやっていたから、\n動きが似るのは当たり前だし。%K%P
私もお姉ちゃんもフェンシングをやっていたから、\n動きが似るのは当たり前だし。%K%P
そんなお姉ちゃんと何度も戦ってきたこの人は、\nフェンシング経験者相手の戦い方を熟知している。%K%P
そんなお姉ちゃんと何度も戦ってきたこの人は、\nフェンシング経験者相手の戦い方を熟知している。%K%P
でも、私だって色々と教わった。%K%P
でも、私だって色々と教わった。%K%P
他でもない、この人に唯一勝った――、\n{最優秀騎士:ブリランテ}に勝った、陽菜センセに。%K%P
他でもない、この人に唯一勝った――、\n{最優秀騎士:ブリランテ}に勝った、陽菜センセに。%K%P
勝ってみせるって約束したんだ、センセと。%K%P
勝ってみせるって約束したんだ、センセと。%K%P
だから、負けない。負けられない。%K%P
だから、負けない。負けられない。%K%P
負けたく、ない……！%K%P
負けたく、ない……！%K%P
梨理ちゃんと依夜様の戦いは、\nオレが想像していた以上に激戦だった。%K%P
梨理ちゃんと依夜様の戦いは、\nオレが想像していた以上に激戦だった。%K%P
梨理ちゃんが攻め続け、依夜様が防ぎきる。%K%P
梨理ちゃんが攻め続け、依夜様が防ぎきる。%K%P
決着がなかなか着かないのは、おそらく、\n梨理ちゃんが慎重に試合を運んでいるからだ。%K%P
決着がなかなか着かないのは、おそらく、\n梨理ちゃんが慎重に試合を運んでいるからだ。%K%P
けど、それは裏を返せば決め手がないってことで。%K%P
けど、それは裏を返せば決め手がないってことで。%K%P
%LC梨理
%LC梨理
「くっ……ふぅ、ふぅ、はぁ……」%K%P
「くっ……ふぅ、ふぅ、はぁ……」%K%P
剣戟の合間に聞こえる梨理ちゃんの息遣いが、\nさっきからかなり乱れている。%K%P
剣戟の合間に聞こえる梨理ちゃんの息遣いが、\nさっきからかなり乱れている。%K%P
そして、同じように乱れている子が、もう一人。%K%P
そして、同じように乱れている子が、もう一人。%K%P
%LC杏奈
%LC杏奈
「はふっ……ふぅ、はあッ、はあっ……」%K%P
「はふっ……ふぅ、はあッ、はあっ……」%K%P
ガードを多用したこともあって、\n杏奈ちゃんはかなりスタミナを消耗していた。%K%P
ガードを多用したこともあって、\n杏奈ちゃんはかなりスタミナを消耗していた。%K%P
試合開始直後はしっかり構えていた盾の位置が、\nかなり下がり始めている。%K%P
試合開始直後はしっかり構えていた盾の位置が、\nかなり下がり始めている。%K%P
腕や肩の疲労は、そろそろ限界のはず。%K%P
腕や肩の疲労は、そろそろ限界のはず。%K%P
%LC陽菜
%LC陽菜
「そろそろ決めるよ、杏奈ちゃん」%K%P
「そろそろ決めるよ、杏奈ちゃん」%K%P
%LC杏奈
%LC杏奈
「ぐっ……まだ、まだぁっ……！」%K%P
「ぐっ……まだ、まだぁっ……！」%K%P
%LC陽菜
%LC陽菜
「その意気込みや……よしッ！」%K%P
「その意気込みや……よしッ！」%K%P
%LC杏奈
%LC杏奈
「ぎゃんっ！？」%K%P
「ぎゃんっ！？」%K%P
姉さんのような掛け声とともに、\nぐっと踏み込み、鎧を狙う。%K%P
姉さんのような掛け声とともに、\nぐっと踏み込み、鎧を狙う。%K%P
ここまで執拗に盾を狙い続けていたから、\nその太刀筋に{慣らされていた:・・・・・・・}杏奈ちゃんは、\n一瞬、反応が遅れて。%K%P
ここまで執拗に盾を狙い続けていたから、\nその太刀筋に{慣らされていた:・・・・・・・}杏奈ちゃんは、\n一瞬、反応が遅れて。%K%P
どうにかガードこそ間に合ったものの、\n無理な体勢がたたって、バランスを崩す。%K%P
どうにかガードこそ間に合ったものの、\n無理な体勢がたたって、バランスを崩す。%K%P
だから、そこに、もう一撃……ッ！%K%P
だから、そこに、もう一撃……ッ！%K%P
%LC陽菜
%LC陽菜
「はあぁああッ！」%K%P
「はあぁああッ！」%K%P
気合いと共に振り下ろした剣が、\n杏奈ちゃんの鎧を、しっかりと捉えて。%K%P
気合いと共に振り下ろした剣が、\n杏奈ちゃんの鎧を、しっかりと捉えて。%K%P
%LC杏奈
%LC杏奈
「ああっ……！？」%K%P
「ああっ……！？」%K%P
杏奈ちゃんの悲鳴があがると同時に、\nオレの目の前が光り輝く。%K%P
杏奈ちゃんの悲鳴があがると同時に、\nオレの目の前が光り輝く。%K%P
それは、杏奈ちゃんの鎧が砕ける光だった。%K%P
それは、杏奈ちゃんの鎧が砕ける光だった。%K%P
%LC依夜
%LC依夜
「杏奈っ……！」%K%P
「杏奈っ……！」%K%P
杏奈ちゃんの鎧が砕ける光に、\nさしもの依夜様も、わずかに注意が逸れた。%K%P
杏奈ちゃんの鎧が砕ける光に、\nさしもの依夜様も、わずかに注意が逸れた。%K%P
{連弾:デュオ}{舞闘:カデンツァ}は２対２――、\nたとえセコンドが敗れたとしても、\nプリモが残っている限り、試合は続行される。%K%P
{連弾:デュオ}{舞闘:カデンツァ}は２対２――、\nたとえセコンドが敗れたとしても、\nプリモが残っている限り、試合は続行される。%K%P
このままだと依夜様はオレたちと１対２。%K%P
このままだと依夜様はオレたちと１対２。%K%P
そうなれば勝利はかなり厳しくなる。%K%P
そうなれば勝利はかなり厳しくなる。%K%P
となれば当然、この瞬間にも梨理ちゃんを打ち破り、\nオレとの１対１を狙ってくるはず――、%K%P
となれば当然、この瞬間にも梨理ちゃんを打ち破り、\nオレとの１対１を狙ってくるはず――、%K%P
%LC梨理
%LC梨理
「やあああああああああッ！！」%K%P
「やあああああああああッ！！」%K%P
%LC陽菜
%LC陽菜
「あっ……？！」%K%P
「あっ……？！」%K%P
梨理ちゃんのフォローに入るべきか、\nそれとも、彼女にすべて任せるべきか。%K%P
梨理ちゃんのフォローに入るべきか、\nそれとも、彼女にすべて任せるべきか。%K%P
オレがそれを考えるより早く、\n梨理ちゃんは床を蹴っていた。%K%P
オレがそれを考えるより早く、\n梨理ちゃんは床を蹴っていた。%K%P
それはまさに、刹那の決断。%K%P
それはまさに、刹那の決断。%K%P
オレが杏奈ちゃんを打ち破り、その決着に、\n依夜様がわずかに気を逸らした、ほんの一瞬。%K%P
オレが杏奈ちゃんを打ち破り、その決着に、\n依夜様がわずかに気を逸らした、ほんの一瞬。%K%P
梨理ちゃんは、残る力すべてでもって、\n床を蹴り、依夜様目掛けて、突きを放った。%K%P
梨理ちゃんは、残る力すべてでもって、\n床を蹴り、依夜様目掛けて、突きを放った。%K%P
%LC梨理
%LC梨理
「センセがくれた、チャンスッ……！\n　だから、これでッ……！！」%K%P
「センセがくれた、チャンスッ……！\n　だから、これでッ……！！」%K%P
%LC依夜
%LC依夜
「くッ……！！」%K%P
「くッ……！！」%K%P
%LC杏奈
%LC杏奈
「依夜様ぁっ！！」%K%P
「依夜様ぁっ！！」%K%P
鎧が砕け、へたりこんだ杏奈ちゃんと、\n梨理ちゃんの決断に驚嘆したオレと。%K%P
鎧が砕け、へたりこんだ杏奈ちゃんと、\n梨理ちゃんの決断に驚嘆したオレと。%K%P
二人の目前で、依夜様と梨理ちゃんは交錯して。%K%P
二人の目前で、依夜様と梨理ちゃんは交錯して。%K%P
直後、時を告げる鐘の音のように、\n一際甲高い金属音が、ホールに響き渡った。%K%P
直後、時を告げる鐘の音のように、\n一際甲高い金属音が、ホールに響き渡った。%K%P
%LC梨理
%LC梨理
「あっ……あああっ……」%K%P
「あっ……あああっ……」%K%P
直前、杏奈ちゃんを包み込んだ輝きが、\n今度は梨理ちゃんを包み込んでいた。%K%P
直前、杏奈ちゃんを包み込んだ輝きが、\n今度は梨理ちゃんを包み込んでいた。%K%P
依夜様の振り抜いた刀が、\n梨理ちゃんの鎧を砕いたのだ。%K%P
依夜様の振り抜いた刀が、\n梨理ちゃんの鎧を砕いたのだ。%K%P
結果、その場に残った{騎士:ワルキュリア}は、\n互いのペアのプリモ――オレと、依夜様の二人で。%K%P
結果、その場に残った{騎士:ワルキュリア}は、\n互いのペアのプリモ――オレと、依夜様の二人で。%K%P
%LC陽菜
%LC陽菜
「くッ……！！」%K%P
「くッ……！！」%K%P
%LC依夜
%LC依夜
「陽菜っ……！？」%K%P
「陽菜っ……！？」%K%P
クラージュを握り直し、すかさず駆けると、\n依夜様が素早く刀を構え直そうとした。%K%P
クラージュを握り直し、すかさず駆けると、\n依夜様が素早く刀を構え直そうとした。%K%P
でも、わずかに遅い。%K%P
でも、わずかに遅い。%K%P
梨理ちゃんの激しい攻勢は、\n確実に、依夜様を消耗させていた。%K%P
梨理ちゃんの激しい攻勢は、\n確実に、依夜様を消耗させていた。%K%P
ただひたすらに練習を積み重ね、\n最後は笑ってトレーニングする余裕も身につけて。%K%P
ただひたすらに練習を積み重ね、\n最後は笑ってトレーニングする余裕も身につけて。%K%P
それでも彼女は、依夜様に勝てなかった。%K%P
それでも彼女は、依夜様に勝てなかった。%K%P
けれど、彼女は全身全霊をもって挑み続け、\nその結果、依夜様にわずかな隙をもたらした。%K%P
けれど、彼女は全身全霊をもって挑み続け、\nその結果、依夜様にわずかな隙をもたらした。%K%P
だからそれを、オレがこの手で貫く。%K%P
だからそれを、オレがこの手で貫く。%K%P
梨理ちゃんの健闘を、\n無駄になんてするもんかッ……！！%K%P
梨理ちゃんの健闘を、\n無駄になんてするもんかッ……！！%K%P
%LC陽菜
%LC陽菜
「やぁあああああああああッ！！！」%K%P
「やぁあああああああああッ！！！」%K%P
今日一番の気合いを込めて、剣を振り抜く。%K%P
今日一番の気合いを込めて、剣を振り抜く。%K%P
それは依夜様の飾緒ごと、彼女の鎧を貫いた。%K%P
それは依夜様の飾緒ごと、彼女の鎧を貫いた。%K%P
杏奈ちゃん、梨理ちゃんに続いて、\n依夜様の鎧も、光を帯びて、砕け散って――、%K%P
杏奈ちゃん、梨理ちゃんに続いて、\n依夜様の鎧も、光を帯びて、砕け散って――、%K%P
%LC宗千佳
%LC宗千佳
「――それまでっ！」%K%P
「――それまでっ！」%K%P
姉さんの声がホールに響く。%K%P
姉さんの声がホールに響く。%K%P
その直後、全身の力がどっと抜けて、\nあやうくクラージュを落としそうになった。%K%P
その直後、全身の力がどっと抜けて、\nあやうくクラージュを落としそうになった。%K%P
そのぐらい、最後の一撃は、全力で。%K%P
そのぐらい、最後の一撃は、全力で。%K%P
%LC梨理
%LC梨理
「センセ……あの、私……」%K%P
「センセ……あの、私……」%K%P
%LC陽菜
%LC陽菜
「やったね。私たちの、勝利だよ」%K%P
「やったね。私たちの、勝利だよ」%K%P
%LC梨理
%LC梨理
「あっ……」%K%P
「あっ……」%K%P
%LC梨理
%LC梨理
「……はい」%K%P
「……はい」%K%P
呆然としていた梨理ちゃんが、\nオレの言葉を聞いて、小さく頷く。%K%P
呆然としていた梨理ちゃんが、\nオレの言葉を聞いて、小さく頷く。%K%P
直後、静寂に包まれていたホールは、\n我に返ったかのように、わあっと歓声に沸いた。%K%P
直後、静寂に包まれていたホールは、\n我に返ったかのように、わあっと歓声に沸いた。%K%P
試合が終わって、控え室に戻ると。%K%P
試合が終わって、控え室に戻ると。%K%P
%LC梨理
%LC梨理
「……ごめんなさい、センセ。\n　私が立てたの、負けフラグだったみたいで」%K%P
「……ごめんなさい、センセ。\n　私が立てたの、負けフラグだったみたいで」%K%P
%LC陽菜
%LC陽菜
「なに言ってるの、梨理ちゃん。\n　私たち、勝ったでしょ？」%K%P
「なに言ってるの、梨理ちゃん。\n　私たち、勝ったでしょ？」%K%P
%LC梨理
%LC梨理
「試合の結果は、そうですけど……。\n　私は結局、あの人に勝てなかったわけで」%K%P
「試合の結果は、そうですけど……。\n　私は結局、あの人に勝てなかったわけで」%K%P
%LC陽菜
%LC陽菜
「悔しい？」%K%P
「悔しい？」%K%P
%LC梨理
%LC梨理
「当たり前じゃないですか」%K%P
「当たり前じゃないですか」%K%P
%LC陽菜
%LC陽菜
「そっか。なら良かった」%K%P
「そっか。なら良かった」%K%P
%LC梨理
%LC梨理
「むっ……。なんですか、その言い方」%K%P
「むっ……。なんですか、その言い方」%K%P
%LC陽菜
%LC陽菜
「もし依夜様に負けたら、梨理ちゃん、\n　すごくショックを受けるかもって思ってたから」%K%P
「もし依夜様に負けたら、梨理ちゃん、\n　すごくショックを受けるかもって思ってたから」%K%P
%LC陽菜
%LC陽菜
「悔しい気持ちがあるってことは、\n　心が折れてない証拠でしょ？」%K%P
「悔しい気持ちがあるってことは、\n　心が折れてない証拠でしょ？」%K%P
%LC梨理
%LC梨理
「それは、まあ……」%K%P
「それは、まあ……」%K%P
%LC梨理
%LC梨理
「……っていうかセンセ、\n　私が負けるかもって思ってたんですか？」%K%P
「……っていうかセンセ、\n　私が負けるかもって思ってたんですか？」%K%P
%LC陽菜
%LC陽菜
「あっ……い、いまのはほら、可能性の話で」%K%P
「あっ……い、いまのはほら、可能性の話で」%K%P
%LC梨理
%LC梨理
「依夜様に負けたことよりも、\n　そっちのほうがショックなんですけど」%K%P
「依夜様に負けたことよりも、\n　そっちのほうがショックなんですけど」%K%P
%LC陽菜
%LC陽菜
「うぅっ……。ごめんなさい……」%K%P
「うぅっ……。ごめんなさい……」%K%P
%LC梨理
%LC梨理
「……ぷっ、くすっ、うふふっ」%K%P
「……ぷっ、くすっ、うふふっ」%K%P
%LC陽菜
%LC陽菜
「あ……」%K%P
「あ……」%K%P
くすっと笑う梨理ちゃんを見て、\nそこでようやく、からかわれたんだって気付く。%K%P
くすっと笑う梨理ちゃんを見て、\nそこでようやく、からかわれたんだって気付く。%K%P
……この様子なら、本当に大丈夫そうだ。%K%P
……この様子なら、本当に大丈夫そうだ。%K%P
%LC依夜
%LC依夜
「陽菜、今日はありがとう」%K%P
「陽菜、今日はありがとう」%K%P
%LC陽菜
%LC陽菜
「あっ、依夜様……。\n　こちらこそ、今日はありがとうございました」%K%P
「あっ、依夜様……。\n　こちらこそ、今日はありがとうございました」%K%P
試合のあと、舞台上でも伝えていたけど、\nあらためて依夜様に感謝を告げる。%K%P
試合のあと、舞台上でも伝えていたけど、\nあらためて依夜様に感謝を告げる。%K%P
ちょうど会話の切れ目だったし、ひょっとしたら、\n切りの良いタイミングを待っていてくれたのかも。%K%P
ちょうど会話の切れ目だったし、ひょっとしたら、\n切りの良いタイミングを待っていてくれたのかも。%K%P
%LC依夜
%LC依夜
「梨理も、今日はありがとう。\n　あなたとの{舞闘:カデンツァ}、とても楽しかった」%K%P
「梨理も、今日はありがとう。\n　あなたとの{舞闘:カデンツァ}、とても楽しかった」%K%P
%LC梨理
%LC梨理
「あ……」%K%P
「あ……」%K%P
%LC依夜
%LC依夜
「梨理？　どうかした？」%K%P
「梨理？　どうかした？」%K%P
%LC梨理
%LC梨理
「いえ、その……。\n　……楽しかったんだと思って」%K%P
「いえ、その……。\n　……楽しかったんだと思って」%K%P
%LC依夜
%LC依夜
「あっ……ごめんなさい。私、言葉選びが下手で。\n　けして、あなたを貶めるつもりは――」%K%P
「あっ……ごめんなさい。私、言葉選びが下手で。\n　けして、あなたを貶めるつもりは――」%K%P
%LC梨理
%LC梨理
「いえ。……私もたぶん、楽しかったです」%K%P
「いえ。……私もたぶん、楽しかったです」%K%P
%LC陽菜
%LC陽菜
「梨理ちゃん……」%K%P
「梨理ちゃん……」%K%P
楽しかった、という言葉に、\n思わず彼女の名前を呟いてしまう。%K%P
楽しかった、という言葉に、\n思わず彼女の名前を呟いてしまう。%K%P
……よかった。試合、楽しんでくれたんだ。%K%P
……よかった。試合、楽しんでくれたんだ。%K%P
%LC梨理
%LC梨理
「……あの、依夜様。\n　私、どうでした？　強かったですか？」%K%P
「……あの、依夜様。\n　私、どうでした？　強かったですか？」%K%P
%LC依夜
%LC依夜
「うん。美実との初めてを思い出したわ」%K%P
「うん。美実との初めてを思い出したわ」%K%P
%LC梨理
%LC梨理
「お姉ちゃんとの？　初めて？」%K%P
「お姉ちゃんとの？　初めて？」%K%P
%LC依夜
%LC依夜
「あ、ええと……この学園に入って、\n　初めて戦った相手が美実だったの」%K%P
「あ、ええと……この学園に入って、\n　初めて戦った相手が美実だったの」%K%P
%LC依夜
%LC依夜
「初めてのテアトル、初めてのアン・ガルド。\n　そして、初めての{舞闘:カデンツァ}――」%K%P
「初めてのテアトル、初めてのアン・ガルド。\n　そして、初めての{舞闘:カデンツァ}――」%K%P
%LC依夜
%LC依夜
「美実は強くて、だからこそ楽しくて。\n　そのときのことを思い出した、ということ」%K%P
「美実は強くて、だからこそ楽しくて。\n　そのときのことを思い出した、ということ」%K%P
%LC依夜
%LC依夜
「私、初めての相手が美実で良かったって、\n　ずっと思っているの」%K%P
「私、初めての相手が美実で良かったって、\n　ずっと思っているの」%K%P
%LC美実
%LC美実
「その言い方、ちょっとやらしくない？」%K%P
「その言い方、ちょっとやらしくない？」%K%P
%LC依夜
%LC依夜
「美実」%K%P
「美実」%K%P
%LC梨理
%LC梨理
「お姉ちゃん……。なんでいるの？」%K%P
「お姉ちゃん……。なんでいるの？」%K%P
%LC美実
%LC美実
「第２試合に出るために決まってるでしょ？\n　私も選ばれし{騎士:ワルキュリア}だからね」%K%P
「第２試合に出るために決まってるでしょ？\n　私も選ばれし{騎士:ワルキュリア}だからね」%K%P
%LC梨理
%LC梨理
「あ、そっか」%K%P
「あ、そっか」%K%P
%LC美実
%LC美実
「もう、自分のこと以外忘れちゃって……。\n　それだけ集中してたってことだろうけど」%K%P
「もう、自分のこと以外忘れちゃって……。\n　それだけ集中してたってことだろうけど」%K%P
%LC美実
%LC美実
「と、いうわけで。\n　梨理、決勝進出おめでとう」%K%P
「と、いうわけで。\n　梨理、決勝進出おめでとう」%K%P
%LC梨理
%LC梨理
「あ……うん。ありがと」%K%P
「あ……うん。ありがと」%K%P
%LC美実
%LC美実
「それと、陽菜ちゃんも。ありがとうね」%K%P
「それと、陽菜ちゃんも。ありがとうね」%K%P
%LC梨理
%LC梨理
「……？　なんで、おめでとうじゃないの？」%K%P
「……？　なんで、おめでとうじゃないの？」%K%P
%LC美実
%LC美実
「まあ、いろいろと。ねー？　陽菜ちゃん」%K%P
「まあ、いろいろと。ねー？　陽菜ちゃん」%K%P
%LC陽菜
%LC陽菜
「そうですね。いろいろと」%K%P
「そうですね。いろいろと」%K%P
確かに、いま美実様から受け取る言葉は、\nおめでとうより、ありがとうがしっくりくる。%K%P
確かに、いま美実様から受け取る言葉は、\nおめでとうより、ありがとうがしっくりくる。%K%P
何も知らない梨理ちゃんからすれば、\nきょとんとするしかないんだろうけど。%K%P
何も知らない梨理ちゃんからすれば、\nきょとんとするしかないんだろうけど。%K%P
%LC美実
%LC美実
「じゃ、クレール待たせてるから。\n　さすがに遅刻はマズいし、そろそろ行くね」%K%P
「じゃ、クレール待たせてるから。\n　さすがに遅刻はマズいし、そろそろ行くね」%K%P
%LC梨理
%LC梨理
「って……ちょっ、時間ギリギリっ……？！\n　なんでこんなとこで油売ってるのっ」%K%P
「って……ちょっ、時間ギリギリっ……？！\n　なんでこんなとこで油売ってるのっ」%K%P
%LC美実
%LC美実
「そりゃ、頑張った妹に少しでも早く、\n　おめでとうって言うためですけど？」%K%P
「そりゃ、頑張った妹に少しでも早く、\n　おめでとうって言うためですけど？」%K%P
%LC梨理
%LC梨理
「なっ……」%K%P
「なっ……」%K%P
%LC美実
%LC美実
「んふふっ。じゃ、あとで私にも、\n　ちゃーんとおめでとうって言ってよね？」%K%P
「んふふっ。じゃ、あとで私にも、\n　ちゃーんとおめでとうって言ってよね？」%K%P
%LC梨理
%LC梨理
「気が早すぎっ。っていうか、\n　そういうフラグ立てるのよくないからっ」%K%P
「気が早すぎっ。っていうか、\n　そういうフラグ立てるのよくないからっ」%K%P
%LC美実
%LC美実
「大丈夫。今回は、負けないから」%K%P
「大丈夫。今回は、負けないから」%K%P
気楽な感じで、あっさりと――しかし、凜々しく。%K%P
気楽な感じで、あっさりと――しかし、凜々しく。%K%P
いかにも美実様らしい宣言通り、\n第２試合は、クレール様と美実様が勝利を収めて。%K%P
いかにも美実様らしい宣言通り、\n第２試合は、クレール様と美実様が勝利を収めて。%K%P
{連弾:デュオ}{舞闘:カデンツァ}トーナメント決勝は、\nオレたちと美実様たちが対決することとなった。%K%P
{連弾:デュオ}{舞闘:カデンツァ}トーナメント決勝は、\nオレたちと美実様たちが対決することとなった。%K%P
