梨理ちゃんと一緒に買い物へ行く機会を、\n秘密保持のため断念した翌日のこと。%K%P
梨理ちゃんと一緒に買い物へ行く機会を、\n秘密保持のため断念した翌日のこと。%K%P
%LC陽菜
%LC陽菜
「……買い物、行きたいかも」%K%P
「……買い物、行きたいかも」%K%P
一度火がついてしまった意欲は、\n簡単には消えてくれそうになかった。%K%P
一度火がついてしまった意欲は、\n簡単には消えてくれそうになかった。%K%P
%LCニナ
%LCニナ
「――外出？」%K%P
「――外出？」%K%P
%LC陽菜
%LC陽菜
「はい。学園の外に出掛けたいんですけど、\n　構いませんか？」%K%P
「はい。学園の外に出掛けたいんですけど、\n　構いませんか？」%K%P
%LCニナ
%LCニナ
「それは問題ないけど……。\n　でも、それってどっちで？」%K%P
「それは問題ないけど……。\n　でも、それってどっちで？」%K%P
%LC陽菜
%LC陽菜
「……？　どっち？」%K%P
「……？　どっち？」%K%P
%LCニナ
%LCニナ
「そのまま女の子として出かけるのか、\n　それとも、男の子で出かけたいのかってこと」%K%P
「そのまま女の子として出かけるのか、\n　それとも、男の子で出かけたいのかってこと」%K%P
%LC陽菜
%LC陽菜
「あ……」%K%P
「あ……」%K%P
%LCニナ
%LCニナ
「ふふっ。その様子だと、\n　言われるまで気付いてなかった？」%K%P
「ふふっ。その様子だと、\n　言われるまで気付いてなかった？」%K%P
%LC陽菜
%LC陽菜
「……はい」%K%P
「……はい」%K%P
ニナさんの指摘に、小さく頷く。%K%P
ニナさんの指摘に、小さく頷く。%K%P
１ヶ月近く女装生活を続けた結果、まさか、\n男である自覚が行方不明になってしまうなんて。%K%P
１ヶ月近く女装生活を続けた結果、まさか、\n男である自覚が行方不明になってしまうなんて。%K%P
%LCニナ
%LCニナ
「女の子として出かけるなら、私服の用意もあるし、\n　どうぞお好きなだけって感じね」%K%P
「女の子として出かけるなら、私服の用意もあるし、\n　どうぞお好きなだけって感じね」%K%P
%LCニナ
%LCニナ
「女装したての頃なら心配もしたけど、\n　いまのヒナちゃんは、どう見ても女の子だし」%K%P
「女装したての頃なら心配もしたけど、\n　いまのヒナちゃんは、どう見ても女の子だし」%K%P
%LC陽菜
%LC陽菜
「むぅ……」%K%P
「むぅ……」%K%P
たぶん褒められているんだろうけど、\n素直に喜べない。%K%P
たぶん褒められているんだろうけど、\n素直に喜べない。%K%P
%LCニナ
%LCニナ
「ただ、男の子として出かけたいってなると、\n　こっちはちょっと面倒なのよね」%K%P
「ただ、男の子として出かけたいってなると、\n　こっちはちょっと面倒なのよね」%K%P
%LCニナ
%LCニナ
「仮に、いまここで日向くんの格好をしたとして。\n　そのまま外へ出ていくってなったら――」%K%P
「仮に、いまここで日向くんの格好をしたとして。\n　そのまま外へ出ていくってなったら――」%K%P
%LC陽菜
%LC陽菜
「あっ、そっか……。男が侵入したと思われて、\n　騒ぎになっちゃいますよね……」%K%P
「あっ、そっか……。男が侵入したと思われて、\n　騒ぎになっちゃいますよね……」%K%P
銀蘭学園は職員もすべて女性で、\n男の立ち入りは基本的に禁じられている。%K%P
銀蘭学園は職員もすべて女性で、\n男の立ち入りは基本的に禁じられている。%K%P
外に出るためには守衛室の前を通るわけで、\nそこで見咎められてしまうだろう。%K%P
外に出るためには守衛室の前を通るわけで、\nそこで見咎められてしまうだろう。%K%P
%LCニナ
%LCニナ
「まあ、騒ぎにならない可能性もあるんだけどね？」%K%P
「まあ、騒ぎにならない可能性もあるんだけどね？」%K%P
%LCニナ
%LCニナ
「実際、女装する前のヒナちゃんに会っても、\n　クレールは男の子だって気付いてなかったし」%K%P
「実際、女装する前のヒナちゃんに会っても、\n　クレールは男の子だって気付いてなかったし」%K%P
%LCニナ
%LCニナ
「とはいえ、そんなことは許可しないけど。\n　万が一でも、可能性は考慮しておかないと」%K%P
「とはいえ、そんなことは許可しないけど。\n　万が一でも、可能性は考慮しておかないと」%K%P
%LCニナ
%LCニナ
「で、方法としては、私が車で送迎してあげるのが、\n　一番簡単だし、確実なんだけど――」%K%P
「で、方法としては、私が車で送迎してあげるのが、\n　一番簡単だし、確実なんだけど――」%K%P
%LCニナ
%LCニナ
「あいにく、今日はこのあと用があって。\n　車を出してあげられないの」%K%P
「あいにく、今日はこのあと用があって。\n　車を出してあげられないの」%K%P
%LC陽菜
%LC陽菜
「いえ、そこまでさせるわけには」%K%P
「いえ、そこまでさせるわけには」%K%P
確かにニナさんが協力してくれたら確実だけど、\n多忙な人だってことは、重々承知している。%K%P
確かにニナさんが協力してくれたら確実だけど、\n多忙な人だってことは、重々承知している。%K%P
%LC陽菜
%LC陽菜
「……わかりました。そういうことなら、\n　この格好のまま出掛けることにします」%K%P
「……わかりました。そういうことなら、\n　この格好のまま出掛けることにします」%K%P
%LCニナ
%LCニナ
「そうは言うけど……ヒナちゃんだって、たまには\n　男の子に戻って息抜きしたいんじゃない？」%K%P
「そうは言うけど……ヒナちゃんだって、たまには\n　男の子に戻って息抜きしたいんじゃない？」%K%P
%LC陽菜
%LC陽菜
「それは、まあ……出来ることなら」%K%P
「それは、まあ……出来ることなら」%K%P
この学園にやってきてからというもの、\n四六時中、女の子として生活してきた。%K%P
この学園にやってきてからというもの、\n四六時中、女の子として生活してきた。%K%P
最初こそ戸惑うことも多かったけど、\nいつのまにやら、すっかり慣れて。%K%P
最初こそ戸惑うことも多かったけど、\nいつのまにやら、すっかり慣れて。%K%P
さっきなんて、ニナさんに問われるまで、\n男として外出する可能性を失念してたぐらいだけど。%K%P
さっきなんて、ニナさんに問われるまで、\n男として外出する可能性を失念してたぐらいだけど。%K%P
それでも、オレはれっきとした男なわけで。%K%P
それでも、オレはれっきとした男なわけで。%K%P
%LCニナ
%LCニナ
「一応、男の子として出かけたいなら、\n　学園の外で着替えるって方法があるんだけど」%K%P
「一応、男の子として出かけたいなら、\n　学園の外で着替えるって方法があるんだけど」%K%P
%LC陽菜
%LC陽菜
「外で着替えって……。\n　それ、結構ハードル高いですよね？」%K%P
「外で着替えって……。\n　それ、結構ハードル高いですよね？」%K%P
%LCニナ
%LCニナ
「そうよね。だから、いっそホテルを手配……って、\n　このへんによさげなホテルはないし……」%K%P
「そうよね。だから、いっそホテルを手配……って、\n　このへんによさげなホテルはないし……」%K%P
%LC陽菜
%LC陽菜
「あの、さすがにそこまではっ……」%K%P
「あの、さすがにそこまではっ……」%K%P
%LCニナ
%LCニナ
「むぅー……。なにか、良い方法は……」%K%P
「むぅー……。なにか、良い方法は……」%K%P
%LCニナ
%LCニナ
「……あっ、そうだっ！\n　なら、ウィッグだけ外すっていうのはどう？」%K%P
「……あっ、そうだっ！\n　なら、ウィッグだけ外すっていうのはどう？」%K%P
%LCニナ
%LCニナ
「私と初めて会ったときに着てた服あるでしょ？\n　あれなら、女の子が着ていてもおかしくないし」%K%P
「私と初めて会ったときに着てた服あるでしょ？\n　あれなら、女の子が着ていてもおかしくないし」%K%P
%LCニナ
%LCニナ
「あの服を着て学園の外に出たあと、\n　どこかでウィッグだけ外しちゃうの」%K%P
「あの服を着て学園の外に出たあと、\n　どこかでウィッグだけ外しちゃうの」%K%P
%LCニナ
%LCニナ
「それぐらいなら、男女共用のおトイレとか、\n　そういう場所でも可能でしょ？」%K%P
「それぐらいなら、男女共用のおトイレとか、\n　そういう場所でも可能でしょ？」%K%P
%LC陽菜
%LC陽菜
「それなら、まあ……」%K%P
「それなら、まあ……」%K%P
ウィッグの扱いに関しては、\nこの１ヶ月でずいぶん慣れてしまった。%K%P
ウィッグの扱いに関しては、\nこの１ヶ月でずいぶん慣れてしまった。%K%P
服に関しても、ニナさんの言うとおり、\nクレール様が気付かなかったという実績がある。%K%P
服に関しても、ニナさんの言うとおり、\nクレール様が気付かなかったという実績がある。%K%P
%LCニナ
%LCニナ
「外に出掛けてみて、もし不安だったら、\n　そのときはウィッグを外さなければいいんだし」%K%P
「外に出掛けてみて、もし不安だったら、\n　そのときはウィッグを外さなければいいんだし」%K%P
%LCニナ
%LCニナ
「ねっ、どう？　この方法、いいんじゃない？」%K%P
「ねっ、どう？　この方法、いいんじゃない？」%K%P
――と、いうわけで。%K%P
――と、いうわけで。%K%P
久しぶりに日向の服を着て、学外へ。%K%P
久しぶりに日向の服を着て、学外へ。%K%P
日曜ということもあって学園は静かで、\nここまで誰ともすれ違うことはなかった。%K%P
日曜ということもあって学園は静かで、\nここまで誰ともすれ違うことはなかった。%K%P
学生寮の方へいけば誰かと会うかもだけど、\n職員寮と学生寮って、正門挟んで逆方向だし。%K%P
学生寮の方へいけば誰かと会うかもだけど、\n職員寮と学生寮って、正門挟んで逆方向だし。%K%P
不安だった守衛室も、とくに問題なく……というか、\nお気をつけてって会釈で見送られてしまった。%K%P
不安だった守衛室も、とくに問題なく……というか、\nお気をつけてって会釈で見送られてしまった。%K%P
で、あとはどこへ向かうかだけど――、%K%P
で、あとはどこへ向かうかだけど――、%K%P
%LC陽菜
%LC陽菜
「おー……」%K%P
「おー……」%K%P
施設に足を踏み入れると、自然と声が漏れる。%K%P
施設に足を踏み入れると、自然と声が漏れる。%K%P
やってきたのは、学園から少し離れた場所にある\n大きめのショッピングモールだった。%K%P
やってきたのは、学園から少し離れた場所にある\n大きめのショッピングモールだった。%K%P
学園の近くには大きめの商業施設がないし、\n誰かと鉢合わせ、なんて可能性もある。%K%P
学園の近くには大きめの商業施設がないし、\n誰かと鉢合わせ、なんて可能性もある。%K%P
その点、ここなら規模が大きくて店も多いし、\nお客さんも多いから、紛れて目立たないはず。%K%P
その点、ここなら規模が大きくて店も多いし、\nお客さんも多いから、紛れて目立たないはず。%K%P
よし、それじゃあさっそく、日向に戻るぞっ。%K%P
よし、それじゃあさっそく、日向に戻るぞっ。%K%P
ファミリー向けトイレを少しお借りして、\n素早くウィッグを外し、髪を整えてすぐに外へ。%K%P
ファミリー向けトイレを少しお借りして、\n素早くウィッグを外し、髪を整えてすぐに外へ。%K%P
%LC日向
%LC日向
「おかしくない、よな……？」%K%P
「おかしくない、よな……？」%K%P
あらためて店のガラスに映った自分の姿を見て、\n思わずそんな声が漏れる――って、%K%P
あらためて店のガラスに映った自分の姿を見て、\n思わずそんな声が漏れる――って、%K%P
%LC日向
%LC日向
「……オレ、こんな声だったっけ……」%K%P
「……オレ、こんな声だったっけ……」%K%P
最近、陽菜として話してばかりだったから、\n男としての声や口調に、ちょっと自信がない。%K%P
最近、陽菜として話してばかりだったから、\n男としての声や口調に、ちょっと自信がない。%K%P
もともと地声は高いほうではあるけど、\n女装してる間は、意識的に話し方も変えている。%K%P
もともと地声は高いほうではあるけど、\n女装してる間は、意識的に話し方も変えている。%K%P
このあたりの発声法は、昔とった杵柄で、\n合唱団時代の経験が何気に役立っていたりした。%K%P
このあたりの発声法は、昔とった杵柄で、\n合唱団時代の経験が何気に役立っていたりした。%K%P
%LC日向
%LC日向
「あっ、ちょっとハネてる……」%K%P
「あっ、ちょっとハネてる……」%K%P
じっとガラスを見ながら、髪を少し直す。%K%P
じっとガラスを見ながら、髪を少し直す。%K%P
あまりに久しぶり過ぎて、本当にこれでいいのか、\n自分でもちょっとよく分からない。%K%P
あまりに久しぶり過ぎて、本当にこれでいいのか、\n自分でもちょっとよく分からない。%K%P
あと、心なしか、髪を直す仕草や動きが、\n女の子っぽい感じがしないでもない。%K%P
あと、心なしか、髪を直す仕草や動きが、\n女の子っぽい感じがしないでもない。%K%P
ずっと女の子に囲まれて生活していると、\nささいな動きや仕草が移ってしまうのかも。%K%P
ずっと女の子に囲まれて生活していると、\nささいな動きや仕草が移ってしまうのかも。%K%P
これで見た目が陽菜なら違和感ないんだけど……って、\n待て待てっ、その感覚自体、なんかおかしいぞ。%K%P
これで見た目が陽菜なら違和感ないんだけど……って、\n待て待てっ、その感覚自体、なんかおかしいぞ。%K%P
%LC日向
%LC日向
「うぅ……このままだとオレ、\n　どんどん女の子になりそう――」%K%P
「うぅ……このままだとオレ、\n　どんどん女の子になりそう――」%K%P
久しぶりに男に戻ったからこそ、わかる感覚。%K%P
久しぶりに男に戻ったからこそ、わかる感覚。%K%P
オレって実は、取り返しがつかないレベルで、\n女の子に染まってしまっているのでは……？%K%P
オレって実は、取り返しがつかないレベルで、\n女の子に染まってしまっているのでは……？%K%P
これからは休日だけでも、息抜きと称して、\n男の格好で出歩いたほうがいいのかもしれない。%K%P
これからは休日だけでも、息抜きと称して、\n男の格好で出歩いたほうがいいのかもしれない。%K%P
それからオレは、\nショッピングモールを見て回った。%K%P
それからオレは、\nショッピングモールを見て回った。%K%P
もともと明確な目的があったわけじゃないので、\n施設内をぶらぶらと散策するような感じだ。%K%P
もともと明確な目的があったわけじゃないので、\n施設内をぶらぶらと散策するような感じだ。%K%P
でも、それはとても楽しかった。%K%P
でも、それはとても楽しかった。%K%P
留学していたオレにとっては、\n１年ぶりにやってきた日本の商業施設。%K%P
留学していたオレにとっては、\n１年ぶりにやってきた日本の商業施設。%K%P
さらに、久しぶりの男の姿。%K%P
さらに、久しぶりの男の姿。%K%P
本屋にしろ服屋にしろ雑貨屋にしろ、どこに寄っても、\n懐かしさと新鮮さで、わくわくしてしまった。%K%P
本屋にしろ服屋にしろ雑貨屋にしろ、どこに寄っても、\n懐かしさと新鮮さで、わくわくしてしまった。%K%P
いくつかのフロアを見て回ったあと、\nかなり本格的なスポーツジムを発見した。%K%P
いくつかのフロアを見て回ったあと、\nかなり本格的なスポーツジムを発見した。%K%P
無料体験可という文字に興味を持ったけど、\nよくよく見たら女性専用で、ちょっとガッカリ。%K%P
無料体験可という文字に興味を持ったけど、\nよくよく見たら女性専用で、ちょっとガッカリ。%K%P
陽菜だったら入れたのに……なんて考えて、\nその直後、そんな思考回路を恨めしく思う。%K%P
陽菜だったら入れたのに……なんて考えて、\nその直後、そんな思考回路を恨めしく思う。%K%P
と、そんなジムの近くには、\n遠目からでもそれと分かる賑やかな空間が。%K%P
と、そんなジムの近くには、\n遠目からでもそれと分かる賑やかな空間が。%K%P
%LC日向
%LC日向
「おっ、ゲーセンだっ」%K%P
「おっ、ゲーセンだっ」%K%P
見つけた瞬間、思わず駆け寄ってしまう。%K%P
見つけた瞬間、思わず駆け寄ってしまう。%K%P
オレ自身、もともとゲームは大好きで、\nとくに留学前は外でも家でもよく遊んでいた。%K%P
オレ自身、もともとゲームは大好きで、\nとくに留学前は外でも家でもよく遊んでいた。%K%P
留学中は剣術に打ち込んでいたから、\n日本に居た頃に比べると遊ぶ頻度は下がったけど。%K%P
留学中は剣術に打ち込んでいたから、\n日本に居た頃に比べると遊ぶ頻度は下がったけど。%K%P
例のＡＲゲーム大会に友人が誘ってくれたのも、\nそいつがオレのゲーム好きを知っていたからだ。%K%P
例のＡＲゲーム大会に友人が誘ってくれたのも、\nそいつがオレのゲーム好きを知っていたからだ。%K%P
ちなみに、ゲームはなんでもやるけど、\n特に好きなのは、音ゲーの類い。%K%P
ちなみに、ゲームはなんでもやるけど、\n特に好きなのは、音ゲーの類い。%K%P
この辺は、合唱団に所属していたことが\n影響しているのかも、なんて思ったりする。%K%P
この辺は、合唱団に所属していたことが\n影響しているのかも、なんて思ったりする。%K%P
%LC日向
%LC日向
「へぇ……いまはこんなのが流行ってるんだ」%K%P
「へぇ……いまはこんなのが流行ってるんだ」%K%P
ずらっと並んだクレーンゲームの景品を覗いて、\n思わずそんな声が漏れる。%K%P
ずらっと並んだクレーンゲームの景品を覗いて、\n思わずそんな声が漏れる。%K%P
こういうところの景品って流行り物が多いから、\n見ているだけでも時流がわかって楽しい。%K%P
こういうところの景品って流行り物が多いから、\n見ているだけでも時流がわかって楽しい。%K%P
オレが留学に行く前と比べて、\nかなりラインナップが変わってる感じだ。%K%P
オレが留学に行く前と比べて、\nかなりラインナップが変わってる感じだ。%K%P
中には、いわゆるロングランで定番的な、\nディアスティニーのグッズとかもあるけれど。%K%P
中には、いわゆるロングランで定番的な、\nディアスティニーのグッズとかもあるけれど。%K%P
%LC？？？
%LC？？？
「いけっ、いけっ……よしっ、\n　そのまま、そのまま、そのままっ……」%K%P
「いけっ、いけっ……よしっ、\n　そのまま、そのまま、そのままっ……」%K%P
%LC日向
%LC日向
「おっ……」%K%P
「おっ……」%K%P
熱心な声が聞こえてきたので目を向けると、\nクレーンゲームに挑戦している女の子がいた。%K%P
熱心な声が聞こえてきたので目を向けると、\nクレーンゲームに挑戦している女の子がいた。%K%P
アームが景品を持ち上げて、出口に――、%K%P
アームが景品を持ち上げて、出口に――、%K%P
%LC？？？
%LC？？？
「ああっ……！？\n　もおっ、なんで落ちちゃうのっ！？」%K%P
「ああっ……！？\n　もおっ、なんで落ちちゃうのっ！？」%K%P
遠くからでも結果がわかっちゃう悲鳴に、\nあるある、なんて心の中で呟いてしまう。%K%P
遠くからでも結果がわかっちゃう悲鳴に、\nあるある、なんて心の中で呟いてしまう。%K%P
けど、この声、どっかで――、%K%P
けど、この声、どっかで――、%K%P
%LC日向
%LC日向
「あれって……まさか、梨理ちゃん……？」%K%P
「あれって……まさか、梨理ちゃん……？」%K%P
%LC梨理？
%LC梨理？
「ん……？」%K%P
「ん……？」%K%P
%LC日向
%LC日向
「ッ……」%K%P
「ッ……」%K%P
思わず名前を口にしてしまった直後、\nその女の子が振り向いたので、咄嗟に隠れる。%K%P
思わず名前を口にしてしまった直後、\nその女の子が振り向いたので、咄嗟に隠れる。%K%P
幸い、ゲーム機にお金を投入していたようで、\n女の子はすぐにプレイに戻ってくれた。%K%P
幸い、ゲーム機にお金を投入していたようで、\n女の子はすぐにプレイに戻ってくれた。%K%P
店内はゲーム音などで騒がしいから、\nオレの呟きも、おそらく聞こえなかったはず。%K%P
店内はゲーム音などで騒がしいから、\nオレの呟きも、おそらく聞こえなかったはず。%K%P
%LC日向
%LC日向
「ふぅ、あぶなかった……」%K%P
「ふぅ、あぶなかった……」%K%P
ほっと息を吐いたあと、今度はこっそりと、\n物陰から女の子の様子を窺ってみる。%K%P
ほっと息を吐いたあと、今度はこっそりと、\n物陰から女の子の様子を窺ってみる。%K%P
%LC日向
%LC日向
「……うん。やっぱり梨理ちゃんだ……」%K%P
「……うん。やっぱり梨理ちゃんだ……」%K%P
あるいは他人のそら似かも、とも思ったけど、\n確かにその女の子は梨理ちゃんだった。%K%P
あるいは他人のそら似かも、とも思ったけど、\n確かにその女の子は梨理ちゃんだった。%K%P
クレーンゲーム機を真剣に覗き込む眼差しは、\n間違いなく、オレが知ってる彼女のものだ。%K%P
クレーンゲーム機を真剣に覗き込む眼差しは、\n間違いなく、オレが知ってる彼女のものだ。%K%P
%LC日向
%LC日向
「こんなところでなにを……って、そっか。\n　買い物に行くって言ってたっけ……」%K%P
「こんなところでなにを……って、そっか。\n　買い物に行くって言ってたっけ……」%K%P
昨日、美実様と買い物に行くといっていたし、\nそれでこのモールにやってきたんだろう。%K%P
昨日、美実様と買い物に行くといっていたし、\nそれでこのモールにやってきたんだろう。%K%P
美実様が一緒じゃないのが気になるけど、\n別行動中なのかもしれない。%K%P
美実様が一緒じゃないのが気になるけど、\n別行動中なのかもしれない。%K%P
に、しても――、%K%P
に、しても――、%K%P
%LC梨理
%LC梨理
「よしっ……いけっ、そこそこっ……！\n　がんばれがんばれっ……！」%K%P
「よしっ……いけっ、そこそこっ……！\n　がんばれがんばれっ……！」%K%P
%LC梨理
%LC梨理
「ぐっ、ぐぐっ……ああっ？！\n　うぅ、またダメ……」%K%P
「ぐっ、ぐぐっ……ああっ？！\n　うぅ、またダメ……」%K%P
%LC梨理
%LC梨理
「んもぅ、しっかりしてよね？\n　お小遣いあんまりないんだからっ」%K%P
「んもぅ、しっかりしてよね？\n　お小遣いあんまりないんだからっ」%K%P
%LC梨理
%LC梨理
「えっと、残り、あと……うわ、こんだけ？\n　ヤバい、どうしよ……」%K%P
「えっと、残り、あと……うわ、こんだけ？\n　ヤバい、どうしよ……」%K%P
%LC梨理
%LC梨理
「やっ、でも、ここまで動かしたんだし、\n　ここで引き下がるわけには……」%K%P
「やっ、でも、ここまで動かしたんだし、\n　ここで引き下がるわけには……」%K%P
――耳を澄ませば聞こえる、そんな呟きの数々。%K%P
――耳を澄ませば聞こえる、そんな呟きの数々。%K%P
ここまで独り言が多いのも意外だけど、\nその内容と表情も、すごく新鮮だった。%K%P
ここまで独り言が多いのも意外だけど、\nその内容と表情も、すごく新鮮だった。%K%P
%LC梨理
%LC梨理
「うぅ……しょうがない、ラストっ。\n　この両替に、すべてを賭けるっ……！」%K%P
「うぅ……しょうがない、ラストっ。\n　この両替に、すべてを賭けるっ……！」%K%P
手持ちの小銭が尽きたんだろう、\n梨理ちゃんは小走りで両替機のほうへ。%K%P
手持ちの小銭が尽きたんだろう、\n梨理ちゃんは小走りで両替機のほうへ。%K%P
と、そんな彼女と入れ替わるようにして、\n両手に大量の袋を持った、変なおじさんが。%K%P
と、そんな彼女と入れ替わるようにして、\n両手に大量の袋を持った、変なおじさんが。%K%P
%LC日向
%LC日向
「うわ、あれハイエナだ……」%K%P
「うわ、あれハイエナだ……」%K%P
ハイエナ――プレイしていた人が台を離れた隙に、\nその成果を横取りしようとする行為のことだ。%K%P
ハイエナ――プレイしていた人が台を離れた隙に、\nその成果を横取りしようとする行為のことだ。%K%P
今回で言うと、梨理ちゃんがコツコツ動かした分を、\nかすめとってやろうって算段だろう。%K%P
今回で言うと、梨理ちゃんがコツコツ動かした分を、\nかすめとってやろうって算段だろう。%K%P
こういう行為はトラブルの原因になりやすく、\n基本的にタブーとされている。%K%P
こういう行為はトラブルの原因になりやすく、\n基本的にタブーとされている。%K%P
いまオレは日向だし、男の状態で銀蘭の子と\n関わるのは、出来れば避けたいところだけど――、%K%P
いまオレは日向だし、男の状態で銀蘭の子と\n関わるのは、出来れば避けたいところだけど――、%K%P
%LC日向
%LC日向
「その台の子、いま両替に行ってるんだけど」%K%P
「その台の子、いま両替に行ってるんだけど」%K%P
%LCおじさん
%LCおじさん
「うん？　なにカナ？　キミは」%K%P
「うん？　なにカナ？　キミは」%K%P
%LC日向
%LC日向
「この台で遊んでいた子の知り合い。\n　おじさん、ハイエナしようとしたでしょ？」%K%P
「この台で遊んでいた子の知り合い。\n　おじさん、ハイエナしようとしたでしょ？」%K%P
%LCおじさん
%LCおじさん
「いっ、いやいや、ちがうよぉ。\n　どんな景品かなーって覗いてただけだよぉ」%K%P
「いっ、いやいや、ちがうよぉ。\n　どんな景品かなーって覗いてただけだよぉ」%K%P
%LC日向
%LC日向
「なら、もういいよね？」%K%P
「なら、もういいよね？」%K%P
%LCおじさん
%LCおじさん
「ぐぬぬっ……わかったよぉ……」%K%P
「ぐぬぬっ……わかったよぉ……」%K%P
ちょっと語気を強めたおかげもあってか、\n変なおじさんはすごすごと退散してくれた。%K%P
ちょっと語気を強めたおかげもあってか、\n変なおじさんはすごすごと退散してくれた。%K%P
%LC日向
%LC日向
「ふぅ……」%K%P
「ふぅ……」%K%P
なんとかなって、ほっと一息。%K%P
なんとかなって、ほっと一息。%K%P
考えるより先に身体が動いちゃったけど、\n変なおじさんが素直なおじさんで助かった。%K%P
考えるより先に身体が動いちゃったけど、\n変なおじさんが素直なおじさんで助かった。%K%P
これがもし本当に変なおじさんだったら、\n絡まれてややこしくなる可能性もあったし。%K%P
これがもし本当に変なおじさんだったら、\n絡まれてややこしくなる可能性もあったし。%K%P
さて、梨理ちゃんが戻ってくる前に、\nオレもとっとと、この場を離れて――、%K%P
さて、梨理ちゃんが戻ってくる前に、\nオレもとっとと、この場を離れて――、%K%P
%LC梨理
%LC梨理
「ちょっとアンタ、なにしてんの？」%K%P
「ちょっとアンタ、なにしてんの？」%K%P
%LC日向
%LC日向
「へ……？　アンタ……？」%K%P
「へ……？　アンタ……？」%K%P
%LC梨理
%LC梨理
「そうよ、アンタよアンタっ、そこのアンタっ。\n　その台、私がやってたんだけど」%K%P
「そうよ、アンタよアンタっ、そこのアンタっ。\n　その台、私がやってたんだけど」%K%P
%LC日向
%LC日向
「いや、オレは――」%K%P
「いや、オレは――」%K%P
%LC梨理
%LC梨理
「アンタ、ハイエナでしょ？\n　そうなんでしょ？」%K%P
「アンタ、ハイエナでしょ？\n　そうなんでしょ？」%K%P
%LC梨理
%LC梨理
「男のクセに女がやってた台をハイエナとか、\n　情けないにも程があるんですけど」%K%P
「男のクセに女がやってた台をハイエナとか、\n　情けないにも程があるんですけど」%K%P
……え？%K%P
……え？%K%P
%LC日向
%LC日向
「……あの、いま、なんて？」%K%P
「……あの、いま、なんて？」%K%P
%LC梨理
%LC梨理
「は？　ハイエナだって言ったんだけど？」%K%P
「は？　ハイエナだって言ったんだけど？」%K%P
%LC日向
%LC日向
「そうじゃなくて――」%K%P
「そうじゃなくて――」%K%P
%LC梨理
%LC梨理
「男のクセにハイエナなんて、\n　情けないにも程があるって言ったの」%K%P
「男のクセにハイエナなんて、\n　情けないにも程があるって言ったの」%K%P
%LC日向
%LC日向
「男の、クセに……」%K%P
「男の、クセに……」%K%P
間違いない。%K%P
間違いない。%K%P
梨理ちゃんがオレを見て、男って――、%K%P
梨理ちゃんがオレを見て、男って――、%K%P
%LC日向
%LC日向
「……嬉しい」%K%P
「……嬉しい」%K%P
%LC梨理
%LC梨理
「嬉しいって……はあっ？！　なによそれっ。　\n　アンタ頭おかしいのっ？」%K%P
「嬉しいって……はあっ？！　なによそれっ。　\n　アンタ頭おかしいのっ？」%K%P
%LC梨理
%LC梨理
「私いま、アンタをバカにしたんだけど？\n　罵られて喜ぶとか、アンタ変態なのっ？」%K%P
「私いま、アンタをバカにしたんだけど？\n　罵られて喜ぶとか、アンタ変態なのっ？」%K%P
%LC日向
%LC日向
「バカでも変態でもないからっ！\n　あと、ハイエナでもないしっ！」%K%P
「バカでも変態でもないからっ！\n　あと、ハイエナでもないしっ！」%K%P
%LC梨理
%LC梨理
「そんなこと言って。アンタがさっきから\n　ちらちら私のこと見てたの知ってるんだから」%K%P
「そんなこと言って。アンタがさっきから\n　ちらちら私のこと見てたの知ってるんだから」%K%P
%LC梨理
%LC梨理
「どうせ私が台から離れるの狙ってたんでしょ？\n　そうなんでしょ？　ホント女々しいヤツっ」%K%P
「どうせ私が台から離れるの狙ってたんでしょ？\n　そうなんでしょ？　ホント女々しいヤツっ」%K%P
%LC日向
%LC日向
「女々しいは余計っ！　っていうか、\n　オレはホントにハイエナじゃないしっ！」%K%P
「女々しいは余計っ！　っていうか、\n　オレはホントにハイエナじゃないしっ！」%K%P
%LC梨理
%LC梨理
「ふんっ、どうだか」%K%P
「ふんっ、どうだか」%K%P
これ以上は問答無用とばかりに、\n梨理ちゃんが鼻を鳴らす。%K%P
これ以上は問答無用とばかりに、\n梨理ちゃんが鼻を鳴らす。%K%P
今さら、ハイエナから台を守った、なんて言っても、\nなんの証拠もないし、かえってこじれるだけだ。%K%P
今さら、ハイエナから台を守った、なんて言っても、\nなんの証拠もないし、かえってこじれるだけだ。%K%P
にしても、驚いた。梨理ちゃんの口調や雰囲気が、\n普段とここまで違うだなんて。%K%P
にしても、驚いた。梨理ちゃんの口調や雰囲気が、\n普段とここまで違うだなんて。%K%P
クレーンゲームに熱中してる時も感じたけど、\n梨理ちゃんって、実はこっちが素なんだろうか。%K%P
クレーンゲームに熱中してる時も感じたけど、\n梨理ちゃんって、実はこっちが素なんだろうか。%K%P
だとすると、学園での彼女は、\n多少なり猫を被ってるってことになるけど――、%K%P
だとすると、学園での彼女は、\n多少なり猫を被ってるってことになるけど――、%K%P
%LC日向
%LC日向
「ともかくオレは違うから。\n　それじゃ、邪魔しちゃ悪いし、これで――」%K%P
「ともかくオレは違うから。\n　それじゃ、邪魔しちゃ悪いし、これで――」%K%P
%LC梨理
%LC梨理
「待ちなさいよ。\n　その前に言うことがあるでしょ？」%K%P
「待ちなさいよ。\n　その前に言うことがあるでしょ？」%K%P
%LC日向
%LC日向
「言うこと？」%K%P
「言うこと？」%K%P
%LC梨理
%LC梨理
「決まってるでしょ？\n　ごめんなさいよ、ごめんなさい」%K%P
「決まってるでしょ？\n　ごめんなさいよ、ごめんなさい」%K%P
%LC梨理
%LC梨理
「ハイエナしようとしてごめんなさいって言うの。\n　素直に謝るんなら許してあげる」%K%P
「ハイエナしようとしてごめんなさいって言うの。\n　素直に謝るんなら許してあげる」%K%P
%LC日向
%LC日向
「えっ、イヤだけど」%K%P
「えっ、イヤだけど」%K%P
%LC梨理
%LC梨理
「なんでっ！？　ここは謝る流れでしょっ？」%K%P
「なんでっ！？　ここは謝る流れでしょっ？」%K%P
%LC日向
%LC日向
「そりゃ、オレが謝れば丸く収まるだろうけど。\n　しようとしてないことは謝るつもりはないから」%K%P
「そりゃ、オレが謝れば丸く収まるだろうけど。\n　しようとしてないことは謝るつもりはないから」%K%P
%LC梨理
%LC梨理
「なんでそこだけ頭固いのよっ。\n　変態だって言われて喜んでたくせにっ」%K%P
「なんでそこだけ頭固いのよっ。\n　変態だって言われて喜んでたくせにっ」%K%P
%LC日向
%LC日向
「喜んでないし変態でもないからっ！\n　オレが喜んでたのは男だって部分だけっ！」%K%P
「喜んでないし変態でもないからっ！\n　オレが喜んでたのは男だって部分だけっ！」%K%P
%LC梨理
%LC梨理
「うぅーっ！　もうっ、いいからそこどいてっ。\n　私、その台やってる途中だったんだからっ」%K%P
「うぅーっ！　もうっ、いいからそこどいてっ。\n　私、その台やってる途中だったんだからっ」%K%P
%LC日向
%LC日向
「あっ、ごめん」%K%P
「あっ、ごめん」%K%P
%LC梨理
%LC梨理
「なんでそこは謝るわけっ！？」%K%P
「なんでそこは謝るわけっ！？」%K%P
%LC日向
%LC日向
「邪魔しちゃったのは本当だし、\n　それに関してはオレが悪いから」%K%P
「邪魔しちゃったのは本当だし、\n　それに関してはオレが悪いから」%K%P
%LC梨理
%LC梨理
「なら」%K%P
「なら」%K%P
%LC日向
%LC日向
「ハイエナはしてないからね？\n　それに関しては、そっちの勘違い」%K%P
「ハイエナはしてないからね？\n　それに関しては、そっちの勘違い」%K%P
%LC梨理
%LC梨理
「ぐぬぬっ……！\n　アンタ、ホントに面倒くさいヤツねっ」%K%P
「ぐぬぬっ……！\n　アンタ、ホントに面倒くさいヤツねっ」%K%P
%LC梨理
%LC梨理
「……いいわ。アンタ、そこに居なさい。\n　私が景品を取るところ、特等席で見せてあげる」%K%P
「……いいわ。アンタ、そこに居なさい。\n　私が景品を取るところ、特等席で見せてあげる」%K%P
%LC梨理
%LC梨理
「私が景品をゲットしちゃえば、\n　アンタだってハイエナできないでしょ？」%K%P
「私が景品をゲットしちゃえば、\n　アンタだってハイエナできないでしょ？」%K%P
%LC日向
%LC日向
「……まあ、そう言うなら」%K%P
「……まあ、そう言うなら」%K%P
オレの正体がバレるリスクも考えると、\n一刻も早くここから立ち去るべきなんだろうけど。%K%P
オレの正体がバレるリスクも考えると、\n一刻も早くここから立ち去るべきなんだろうけど。%K%P
ここまで男だって連呼したからには、おそらく、\n彼女がオレの正体に気付くことはないだろうし。%K%P
ここまで男だって連呼したからには、おそらく、\n彼女がオレの正体に気付くことはないだろうし。%K%P
それに、オレを男扱いしてくれたことが、\nどうしても嬉しい、という気持ちもあって――、%K%P
それに、オレを男扱いしてくれたことが、\nどうしても嬉しい、という気持ちもあって――、%K%P
%LC梨理
%LC梨理
「いーい？　よーく見てなさいよ、私のテクっ」%K%P
「いーい？　よーく見てなさいよ、私のテクっ」%K%P
%LC梨理
%LC梨理
「しっかり狙ってぇ……ここっ！」%K%P
「しっかり狙ってぇ……ここっ！」%K%P
%LC日向
%LC日向
「おっ、掴んだ」%K%P
「おっ、掴んだ」%K%P
%LC梨理
%LC梨理
「ふふんっ、どう？　すごいでしょっ？」%K%P
「ふふんっ、どう？　すごいでしょっ？」%K%P
ぽろっ。%K%P
ぽろっ。%K%P
%LC日向
%LC日向
「あー……」%K%P
「あー……」%K%P
%LC梨理
%LC梨理
「こっ、これは……そうっ。\n　あえて失敗して盛り上げるってヤツよ？」%K%P
「こっ、これは……そうっ。\n　あえて失敗して盛り上げるってヤツよ？」%K%P
%LC梨理
%LC梨理
「１回で決めちゃったら盛り上がらないし？」%K%P
「１回で決めちゃったら盛り上がらないし？」%K%P
%LC日向
%LC日向
「１回でとれたほうがすごいと思うけど」%K%P
「１回でとれたほうがすごいと思うけど」%K%P
%LC梨理
%LC梨理
「いいのっ。黙って見てなさいっ」%K%P
「いいのっ。黙って見てなさいっ」%K%P
その後、何度か惜しい場面はあったものの、\n結局、景品を獲得することは出来ず――、%K%P
その後、何度か惜しい場面はあったものの、\n結局、景品を獲得することは出来ず――、%K%P
%LC梨理
%LC梨理
「ぐっ……これが、ラストチャンス……」%K%P
「ぐっ……これが、ラストチャンス……」%K%P
%LC梨理
%LC梨理
「そこっ、がんばれっ、がんばれっ……！」%K%P
「そこっ、がんばれっ、がんばれっ……！」%K%P
%LC梨理
%LC梨理
「もう少し、あと、少しっ……ああっ！？」%K%P
「もう少し、あと、少しっ……ああっ！？」%K%P
応援むなしく、アームから景品がすり抜ける。%K%P
応援むなしく、アームから景品がすり抜ける。%K%P
結局、梨理ちゃんは景品をゲットできなかった。%K%P
結局、梨理ちゃんは景品をゲットできなかった。%K%P
%LC梨理
%LC梨理
「うぅ……」%K%P
「うぅ……」%K%P
落ちた景品を見つめ、梨理ちゃんが呻く。%K%P
落ちた景品を見つめ、梨理ちゃんが呻く。%K%P
さっきまでの強気はどこへやら、\nすっかり口数も減って大人しくなってしまった。%K%P
さっきまでの強気はどこへやら、\nすっかり口数も減って大人しくなってしまった。%K%P
ただ、オレに同情されるのを嫌ってか、\n弱音を吐いたり落胆するようなことはなかったけど。%K%P
ただ、オレに同情されるのを嫌ってか、\n弱音を吐いたり落胆するようなことはなかったけど。%K%P
その、気丈とも言える振る舞いに関しては、\nオレが知っている、学園での梨理ちゃんと同じで。%K%P
その、気丈とも言える振る舞いに関しては、\nオレが知っている、学園での梨理ちゃんと同じで。%K%P
だからオレも、咽まで出掛かっていた、\n残念だったねって言葉を、ぐっと飲み込んだ。%K%P
だからオレも、咽まで出掛かっていた、\n残念だったねって言葉を、ぐっと飲み込んだ。%K%P
%LC日向
%LC日向
「……オレ、やってもいい？」%K%P
「……オレ、やってもいい？」%K%P
%LC梨理
%LC梨理
「べつに……好きにすれば」%K%P
「べつに……好きにすれば」%K%P
%LC日向
%LC日向
「じゃあ、１回だけ」%K%P
「じゃあ、１回だけ」%K%P
ここまでお店を見て回るだけで満足してたから、\n財布を取り出すのは、これが今日初めてで。%K%P
ここまでお店を見て回るだけで満足してたから、\n財布を取り出すのは、これが今日初めてで。%K%P
もっというと、留学から日本に戻ってきて、\n自分の意志でお金を使うこと自体、これが初めて。%K%P
もっというと、留学から日本に戻ってきて、\n自分の意志でお金を使うこと自体、これが初めて。%K%P
そんな記念すべきお金を投入し、\nボタンを押して、アームを操作して――、%K%P
そんな記念すべきお金を投入し、\nボタンを押して、アームを操作して――、%K%P
%LC日向
%LC日向
「たぶん、このへんで……」%K%P
「たぶん、このへんで……」%K%P
%LC日向
%LC日向
「……よし、これなら」%K%P
「……よし、これなら」%K%P
%LC梨理
%LC梨理
「ふんっ、そんな簡単にいくわけ――」%K%P
「ふんっ、そんな簡単にいくわけ――」%K%P
%LC日向
%LC日向
「よしっ、ゲットっ」%K%P
「よしっ、ゲットっ」%K%P
%LC梨理
%LC梨理
「うそおおおおっ！？」%K%P
「うそおおおおっ！？」%K%P
ゴトン、という音がして景品が出口に落ちると、\nゲーム機から軽快なファンファーレが鳴り響く。%K%P
ゴトン、という音がして景品が出口に落ちると、\nゲーム機から軽快なファンファーレが鳴り響く。%K%P
%LC梨理
%LC梨理
「そんな……。まさか、１回で……」%K%P
「そんな……。まさか、１回で……」%K%P
%LC日向
%LC日向
「うまくいって良かった」%K%P
「うまくいって良かった」%K%P
%LC梨理
%LC梨理
「……アンタ、こういうの得意なの？」%K%P
「……アンタ、こういうの得意なの？」%K%P
%LC日向
%LC日向
「そうでもないよ。今回はたまたま。\n　っていうか、キミのおかげ」%K%P
「そうでもないよ。今回はたまたま。\n　っていうか、キミのおかげ」%K%P
%LC梨理
%LC梨理
「は……？　なにそれ、バカにしてるの？」%K%P
「は……？　なにそれ、バカにしてるの？」%K%P
%LC日向
%LC日向
「そうじゃなくて。オレが１回で獲れたのは、\n　キミがコツコツ動かしてくれたおかげってこと」%K%P
「そうじゃなくて。オレが１回で獲れたのは、\n　キミがコツコツ動かしてくれたおかげってこと」%K%P
こういったクレーンゲームでは、\n景品を少しずつ出口に寄せていくのが常套手段だ。%K%P
こういったクレーンゲームでは、\n景品を少しずつ出口に寄せていくのが常套手段だ。%K%P
オレが１回で景品をゲットできたのは、\n梨理ちゃんがコツコツ頑張っていたからに他ならない。%K%P
オレが１回で景品をゲットできたのは、\n梨理ちゃんがコツコツ頑張っていたからに他ならない。%K%P
%LC日向
%LC日向
「そういうわけだから……はい、これ」%K%P
「そういうわけだから……はい、これ」%K%P
取り出し口から出したばかりの景品を、\nそのまま梨理ちゃんに差し出す。%K%P
取り出し口から出したばかりの景品を、\nそのまま梨理ちゃんに差し出す。%K%P
梨理ちゃんばかり気にしてよく見てなかったけど、\n彼女が狙っていた景品はランチボックスだった。%K%P
梨理ちゃんばかり気にしてよく見てなかったけど、\n彼女が狙っていた景品はランチボックスだった。%K%P
ゆるキャラ？　っぽい鳥の絵が描いてあるけど、\nまったく見覚えがない。%K%P
ゆるキャラ？　っぽい鳥の絵が描いてあるけど、\nまったく見覚えがない。%K%P
たぶん、オレが留学してる間に、\n流行り始めたキャラなんだろう。%K%P
たぶん、オレが留学してる間に、\n流行り始めたキャラなんだろう。%K%P
%LC梨理
%LC梨理
「はい、これって……なにそれ」%K%P
「はい、これって……なにそれ」%K%P
%LC日向
%LC日向
「キミにあげる」%K%P
「キミにあげる」%K%P
%LC梨理
%LC梨理
「いらない」%K%P
「いらない」%K%P
%LC日向
%LC日向
「なんで？　欲しかったんでしょ？」%K%P
「なんで？　欲しかったんでしょ？」%K%P
%LC梨理
%LC梨理
「貰う理由がないし。アンタ、他人でしょ？\n　知らない人から貰うわけないじゃん」%K%P
「貰う理由がないし。アンタ、他人でしょ？\n　知らない人から貰うわけないじゃん」%K%P
%LC日向
%LC日向
「他人って……」%K%P
「他人って……」%K%P
本当は知り合いなんだけど、\nもちろん、それを打ち明けるわけにはいかない。%K%P
本当は知り合いなんだけど、\nもちろん、それを打ち明けるわけにはいかない。%K%P
%LC日向
%LC日向
「そう言わずに、ね？　受け取って」%K%P
「そう言わずに、ね？　受け取って」%K%P
%LC梨理
%LC梨理
「いらないし。持って帰って自分で使えば？」%K%P
「いらないし。持って帰って自分で使えば？」%K%P
%LC日向
%LC日向
「そう言われても。\n　オレ、このキャラよく知らないし」%K%P
「そう言われても。\n　オレ、このキャラよく知らないし」%K%P
%LC梨理
%LC梨理
「は？　ならなんで獲ったわけ？」%K%P
「は？　ならなんで獲ったわけ？」%K%P
%LC日向
%LC日向
「もちろんキミのためだよ。\n　それ以外に理由があると思う？」%K%P
「もちろんキミのためだよ。\n　それ以外に理由があると思う？」%K%P
%LC梨理
%LC梨理
「なっ……なによ、それ……」%K%P
「なっ……なによ、それ……」%K%P
%LC日向
%LC日向
「ともかく、ね？　お願い。受け取って」%K%P
「ともかく、ね？　お願い。受け取って」%K%P
%LC梨理
%LC梨理
「ちょっ……」%K%P
「ちょっ……」%K%P
少しだけ強引に景品を押しつけると、\n梨理ちゃんの手がぴくっと動く。%K%P
少しだけ強引に景品を押しつけると、\n梨理ちゃんの手がぴくっと動く。%K%P
これなら、もう一押しで――、%K%P
これなら、もう一押しで――、%K%P
%LC美実
%LC美実
「梨理、お待たせっ」%K%P
「梨理、お待たせっ」%K%P
%LC梨理
%LC梨理
「あっ、お姉ちゃんっ」%K%P
「あっ、お姉ちゃんっ」%K%P
%LC日向
%LC日向
「みっ――」%K%P
「みっ――」%K%P
%LC美実
%LC美実
「み？」%K%P
「み？」%K%P
%LC日向
%LC日向
「みっ……見目麗しい方ですねっ。\n　ひょっとして、彼女のお姉さんですか？」%K%P
「みっ……見目麗しい方ですねっ。\n　ひょっとして、彼女のお姉さんですか？」%K%P
%LC美実
%LC美実
「そうだけど……っていうか、キミ、誰？\n　梨理に男の知り合いとかいないはずだけど」%K%P
「そうだけど……っていうか、キミ、誰？\n　梨理に男の知り合いとかいないはずだけど」%K%P
%LC梨理
%LC梨理
「ねえねえ聞いてよお姉ちゃんっ。\n　コイツ変なのっ、変態なのっ」%K%P
「ねえねえ聞いてよお姉ちゃんっ。\n　コイツ変なのっ、変態なのっ」%K%P
%LC美実
%LC美実
「変態……。通報しとく？」%K%P
「変態……。通報しとく？」%K%P
%LC日向
%LC日向
「待って下さいっ。オレはただ、\n　これをあげようとしただけでっ……！」%K%P
「待って下さいっ。オレはただ、\n　これをあげようとしただけでっ……！」%K%P
%LC美実
%LC美実
「おっ、ヒーナだ」%K%P
「おっ、ヒーナだ」%K%P
%LC日向
%LC日向
「いっ……！？」%K%P
「いっ……！？」%K%P
なっ、なんで？　なんで急にオレの名前っ……！？%K%P
なっ、なんで？　なんで急にオレの名前っ……！？%K%P
%LC日向
%LC日向
「あっ、あの、ヒーナって、いったい……」%K%P
「あっ、あの、ヒーナって、いったい……」%K%P
%LC美実
%LC美実
「キミが持ってる景品に描いてあるキャラのこと。\n　ヒーナっていうんだけど。知らない？」%K%P
「キミが持ってる景品に描いてあるキャラのこと。\n　ヒーナっていうんだけど。知らない？」%K%P
%LC日向
%LC日向
「はっ、はい。そういうの、疎くて……」%K%P
「はっ、はい。そういうの、疎くて……」%K%P
%LC美実
%LC美実
「そっか。ま、幼児向けのキャラだし、\n　キミぐらいの年齢だと知らないかもね」%K%P
「そっか。ま、幼児向けのキャラだし、\n　キミぐらいの年齢だと知らないかもね」%K%P
%LC美実
%LC美実
「で？　そのヒーナの景品がどうかしたの？」%K%P
「で？　そのヒーナの景品がどうかしたの？」%K%P
%LC日向
%LC日向
「これ、彼女が獲ろうと頑張ってたんですけど、\n　途中でお金がなくなっちゃったみたいで」%K%P
「これ、彼女が獲ろうと頑張ってたんですけど、\n　途中でお金がなくなっちゃったみたいで」%K%P
%LC日向
%LC日向
「それで、オレが代わりにとってあげて」%K%P
「それで、オレが代わりにとってあげて」%K%P
%LC美実
%LC美実
「なるほど、そういうこと」%K%P
「なるほど、そういうこと」%K%P
%LC美実
%LC美実
「そういや梨理、最近ヒーナにハマって、\n　グッズとか結構集めてるもんね？」%K%P
「そういや梨理、最近ヒーナにハマって、\n　グッズとか結構集めてるもんね？」%K%P
%LC梨理
%LC梨理
「べっ、別にハマったりしてないしっ。\n　幼児向けのキャラとか興味ないしっ」%K%P
「べっ、別にハマったりしてないしっ。\n　幼児向けのキャラとか興味ないしっ」%K%P
%LC美実
%LC美実
「うわ、わっかりやす」%K%P
「うわ、わっかりやす」%K%P
%LC梨理
%LC梨理
「うぐっ……おねえっ、うっさいっ！」%K%P
「うぐっ……おねえっ、うっさいっ！」%K%P
いきなり現れて焦ったけど、どうやら美実様も、\nオレが陽菜だとは気付いてないみたいだ。%K%P
いきなり現れて焦ったけど、どうやら美実様も、\nオレが陽菜だとは気付いてないみたいだ。%K%P
というか姉妹揃った途端、梨理ちゃんの雰囲気が\nぐっといつもの彼女に近づいた気がする。%K%P
というか姉妹揃った途端、梨理ちゃんの雰囲気が\nぐっといつもの彼女に近づいた気がする。%K%P
一方、美実様はというと、\nびっくりするぐらい学園と同じなんだけど。%K%P
一方、美実様はというと、\nびっくりするぐらい学園と同じなんだけど。%K%P
%LC美実
%LC美実
「まっ、事情はよくわかんないけど。\n　せっかくなんだし貰っておいたら？」%K%P
「まっ、事情はよくわかんないけど。\n　せっかくなんだし貰っておいたら？」%K%P
%LC美実
%LC美実
「男の子からのプレゼントなんて、\n　梨理、生まれて初めてでしょ？」%K%P
「男の子からのプレゼントなんて、\n　梨理、生まれて初めてでしょ？」%K%P
%LC梨理
%LC梨理
「いらない。っていうか、知らない人から\n　物を貰うなって言ってたのお姉ちゃんでしょ？」%K%P
「いらない。っていうか、知らない人から\n　物を貰うなって言ってたのお姉ちゃんでしょ？」%K%P
%LC美実
%LC美実
「そりゃ、分別がつかない頃ならね。\n　いまはもう大人でしょ？　梨理ちゃんは」%K%P
「そりゃ、分別がつかない頃ならね。\n　いまはもう大人でしょ？　梨理ちゃんは」%K%P
%LC美実
%LC美実
「ほら、受け取ってあげたら？\n　この子、まるっと善意だよ、きっと」%K%P
「ほら、受け取ってあげたら？\n　この子、まるっと善意だよ、きっと」%K%P
%LC梨理
%LC梨理
「けど……」%K%P
「けど……」%K%P
%LC美実
%LC美実
「ったく、強情なんだから……」%K%P
「ったく、強情なんだから……」%K%P
%LC美実
%LC美実
「あっ、そうだ。ならこれ、\n　私が貰っちゃおっかなぁー」%K%P
「あっ、そうだ。ならこれ、\n　私が貰っちゃおっかなぁー」%K%P
%LC梨理
%LC梨理
「な……はァっ？！　なんでそうなるのっ」%K%P
「な……はァっ？！　なんでそうなるのっ」%K%P
%LC美実
%LC美実
「だって梨理、いらないんでしょ？\n　ねっ？　キミも別に、それでいいよね？」%K%P
「だって梨理、いらないんでしょ？\n　ねっ？　キミも別に、それでいいよね？」%K%P
なんて言いつつ、\n美実様はこっちにアイコンタクト。%K%P
なんて言いつつ、\n美実様はこっちにアイコンタクト。%K%P
それだけで、彼女がなにを企んでるのか、\nだいたい想像がついてしまって。%K%P
それだけで、彼女がなにを企んでるのか、\nだいたい想像がついてしまって。%K%P
%LC日向
%LC日向
「ええ、いいですよ。どうぞ」%K%P
「ええ、いいですよ。どうぞ」%K%P
%LC梨理
%LC梨理
「なっ……ちょっ、なんでそうなるのよっ。\n　アンタ、私のために獲ったって言ったじゃんっ」%K%P
「なっ……ちょっ、なんでそうなるのよっ。\n　アンタ、私のために獲ったって言ったじゃんっ」%K%P
%LC美実
%LC美実
「へぇー？　キミ、そんなこと言ったんだ？」%K%P
「へぇー？　キミ、そんなこと言ったんだ？」%K%P
%LC日向
%LC日向
「はい。オレ、彼女の喜ぶ顔が見たくて」%K%P
「はい。オレ、彼女の喜ぶ顔が見たくて」%K%P
%LC梨理
%LC梨理
「ッ……」%K%P
「ッ……」%K%P
%LC美実
%LC美実
「おおー……。ふふっ、キミ、言うねぇ？\n　いまのは私までちょっとグッときたかも」%K%P
「おおー……。ふふっ、キミ、言うねぇ？\n　いまのは私までちょっとグッときたかも」%K%P
%LC日向
%LC日向
「あっ、えっと……」%K%P
「あっ、えっと……」%K%P
思った以上に梨理ちゃんが照れるもんだから、\nこっちまで気まずくなってしまう。%K%P
思った以上に梨理ちゃんが照れるもんだから、\nこっちまで気まずくなってしまう。%K%P
けど、女性には優しくスマートにっていうのが、\n留学中に友人から教わった、男らしさなわけで。%K%P
けど、女性には優しくスマートにっていうのが、\n留学中に友人から教わった、男らしさなわけで。%K%P
%LC日向
%LC日向
「ともかく、ね？　受け取って、梨理ちゃん」%K%P
「ともかく、ね？　受け取って、梨理ちゃん」%K%P
%LC梨理
%LC梨理
「ちょっ、気安く名前呼ばないで……って、\n　なんでアンタ私の名前知ってんのよっ？！」%K%P
「ちょっ、気安く名前呼ばないで……って、\n　なんでアンタ私の名前知ってんのよっ？！」%K%P
%LC日向
%LC日向
「あっ……そ、それはほら、お姉さんが、\n　キミを梨理って呼んでたから、それで」%K%P
「あっ……そ、それはほら、お姉さんが、\n　キミを梨理って呼んでたから、それで」%K%P
%LC美実
%LC美実
「ちなみにキミは？　なんて言うの？」%K%P
「ちなみにキミは？　なんて言うの？」%K%P
%LC日向
%LC日向
「えっ？」%K%P
「えっ？」%K%P
%LC美実
%LC美実
「えっ、じゃなくて。キミの名前」%K%P
「えっ、じゃなくて。キミの名前」%K%P
%LC美実
%LC美実
「知らない人から受け取れないってんなら、\n　キミが自己紹介しちゃえば万事解決でしょ？」%K%P
「知らない人から受け取れないってんなら、\n　キミが自己紹介しちゃえば万事解決でしょ？」%K%P
%LC日向
%LC日向
「オレは――」%K%P
「オレは――」%K%P
って、待て待て、ここで日向って名前をだすのは、\nさすがにマズいような気がするぞ。%K%P
って、待て待て、ここで日向って名前をだすのは、\nさすがにマズいような気がするぞ。%K%P
ただでさえヒーナってキャラを知ったあとだし、\n偽名っぽいとか疑われるかもしれない。%K%P
ただでさえヒーナってキャラを知ったあとだし、\n偽名っぽいとか疑われるかもしれない。%K%P
それで疑惑の目で見られて、観察された結果、\n正体に勘づかれたりでもしたら。%K%P
それで疑惑の目で見られて、観察された結果、\n正体に勘づかれたりでもしたら。%K%P
とくに美実様は勘が鋭そうだし、\n下手なことを言えば、墓穴を掘る可能性も――、%K%P
とくに美実様は勘が鋭そうだし、\n下手なことを言えば、墓穴を掘る可能性も――、%K%P
%LC美実
%LC美実
「なに考え込んでるの？\n　名乗れない事情でもあるとか？」%K%P
「なに考え込んでるの？\n　名乗れない事情でもあるとか？」%K%P
%LC日向
%LC日向
「っ……いっ、いえ、そういうわけじゃ。\n　ただ、名乗るほどの者じゃないってだけで」%K%P
「っ……いっ、いえ、そういうわけじゃ。\n　ただ、名乗るほどの者じゃないってだけで」%K%P
%LC日向
%LC日向
「ともかく、これはキミにあげる」%K%P
「ともかく、これはキミにあげる」%K%P
%LC梨理
%LC梨理
「なんでそうなるのっ！\n　受け取れないって言ったでしょっ？」%K%P
「なんでそうなるのっ！\n　受け取れないって言ったでしょっ？」%K%P
%LC梨理
%LC梨理
「これはアンタがゲットしたんだから、\n　アンタのものなのっ」%K%P
「これはアンタがゲットしたんだから、\n　アンタのものなのっ」%K%P
%LC日向
%LC日向
「それならさっきも言ったでしょ？\n　キミにあげるために獲ったんだって」%K%P
「それならさっきも言ったでしょ？\n　キミにあげるために獲ったんだって」%K%P
%LC日向
%LC日向
「もし本当に要らないなら、\n　お姉さんにあげてくれていいから」%K%P
「もし本当に要らないなら、\n　お姉さんにあげてくれていいから」%K%P
%LC日向
%LC日向
「それでいいですよね？　お姉さん」%K%P
「それでいいですよね？　お姉さん」%K%P
%LC美実
%LC美実
「まっ、いいんじゃない？」%K%P
「まっ、いいんじゃない？」%K%P
%LC日向
%LC日向
「よかった。じゃ、オレはこれで」%K%P
「よかった。じゃ、オレはこれで」%K%P
%LC梨理
%LC梨理
「は？　なによ、これでって――」%K%P
「は？　なによ、これでって――」%K%P
%LC日向
%LC日向
「実は急用を思い出しちゃって。\n　というわけで……さよならっ！！」%K%P
「実は急用を思い出しちゃって。\n　というわけで……さよならっ！！」%K%P
%LC梨理
%LC梨理
「ああっ……？！　ちょっ、待ちなさいよっ！」%K%P
「ああっ……？！　ちょっ、待ちなさいよっ！」%K%P
%LC梨理
%LC梨理
%XS21「せめて名前ぇっ！　名乗れバカぁー！」%XE%K%P
%XS21「せめて名前ぇっ！　名乗れバカぁー！」%XE%K%P
%LC陽菜
%LC陽菜
「ふぅ……」%K%P
「ふぅ……」%K%P
職員寮に帰ってきて部屋着に着替えると、\nそこでようやく、ほっと一息。%K%P
職員寮に帰ってきて部屋着に着替えると、\nそこでようやく、ほっと一息。%K%P
久しぶりに男の姿で過ごしたわけだけど、\nまさか、梨理ちゃんたちと遭遇するだなんて。%K%P
久しぶりに男の姿で過ごしたわけだけど、\nまさか、梨理ちゃんたちと遭遇するだなんて。%K%P
ただ、オレが陽菜だとはバレなかったようで、\nそこに関しては本当に良かった。%K%P
ただ、オレが陽菜だとはバレなかったようで、\nそこに関しては本当に良かった。%K%P
とくに梨理ちゃんは、オレを一目見て、\n男だって言ってくれたのがすごく嬉しかった。%K%P
とくに梨理ちゃんは、オレを一目見て、\n男だって言ってくれたのがすごく嬉しかった。%K%P
まあ、その喜びのせいで、\n彼女からは変態扱いされかけちゃったけど。%K%P
まあ、その喜びのせいで、\n彼女からは変態扱いされかけちゃったけど。%K%P
でも、本当に嬉しかったんだからしょうがない。%K%P
でも、本当に嬉しかったんだからしょうがない。%K%P
留学以前なんて、男の格好をしていても、\n女の子に間違えられること、たまーにあったし。%K%P
留学以前なんて、男の格好をしていても、\n女の子に間違えられること、たまーにあったし。%K%P
精悍な顔つきになったはずという帰国時の自負が、\n１ヶ月近い時を経て立証されたとも言える。%K%P
精悍な顔つきになったはずという帰国時の自負が、\n１ヶ月近い時を経て立証されたとも言える。%K%P
ただ、寮に帰ってきて部屋着に着替えた途端、\n安堵している自分がいるのも事実ではあるんだけど。%K%P
ただ、寮に帰ってきて部屋着に着替えた途端、\n安堵している自分がいるのも事実ではあるんだけど。%K%P
%LC陽菜
%LC陽菜
「やっぱり、定期的に日向で\n　出掛けたほうがいいのかなぁ……」%K%P
「やっぱり、定期的に日向で\n　出掛けたほうがいいのかなぁ……」%K%P
部屋にある姿見で自分の顔を眺めつつ、\nそんなことを考えてしまう。%K%P
部屋にある姿見で自分の顔を眺めつつ、\nそんなことを考えてしまう。%K%P
何事も形から、なんて言ったりもするけど、\n女装をしてみて、それは本当なんだと実感した。%K%P
何事も形から、なんて言ったりもするけど、\n女装をしてみて、それは本当なんだと実感した。%K%P
ウィッグをつけて女の子の服を着ると、\nそれだけで、気持ちが少し淑やかになる、というか。%K%P
ウィッグをつけて女の子の服を着ると、\nそれだけで、気持ちが少し淑やかになる、というか。%K%P
自分はいま女の子なんだぞってスイッチが、\nウィッグと服装によって入るというか。%K%P
自分はいま女の子なんだぞってスイッチが、\nウィッグと服装によって入るというか。%K%P
そういう意味で、ウィッグを外した今日は、\n本当に久しぶりに日向で過ごせた時間だった。%K%P
そういう意味で、ウィッグを外した今日は、\n本当に久しぶりに日向で過ごせた時間だった。%K%P
%LC陽菜
%LC陽菜
「にしても……梨理ちゃん、\n　普段とはかなり雰囲気が違ってたなぁ……」%K%P
「にしても……梨理ちゃん、\n　普段とはかなり雰囲気が違ってたなぁ……」%K%P
クレーンゲームに熱中していた時もだけど、\n一番は、オレと話していた時だろう。%K%P
クレーンゲームに熱中していた時もだけど、\n一番は、オレと話していた時だろう。%K%P
当たりが強かったし、物言いもキツかったし。%K%P
当たりが強かったし、物言いもキツかったし。%K%P
男のクセにっていう表現からして、\nもしかすると男嫌いなのかもしれない。%K%P
男のクセにっていう表現からして、\nもしかすると男嫌いなのかもしれない。%K%P
ただ、負けず嫌いなところとか、\n普段とまったく同じ部分もあった。%K%P
ただ、負けず嫌いなところとか、\n普段とまったく同じ部分もあった。%K%P
とくに、クレーンゲームに失敗したあと、\n悔しい気持ちを隠そうとしていたところとか。%K%P
とくに、クレーンゲームに失敗したあと、\n悔しい気持ちを隠そうとしていたところとか。%K%P
もし、彼女が自力で景品をゲットしていたら、\nそのときは、喜ぶ顔が見れていたんだろうか。%K%P
もし、彼女が自力で景品をゲットしていたら、\nそのときは、喜ぶ顔が見れていたんだろうか。%K%P
ほら見なさいっ！　――なんて、\nちょっと自慢げにドヤ顔してきたり、とか。%K%P
ほら見なさいっ！　――なんて、\nちょっと自慢げにドヤ顔してきたり、とか。%K%P
%LC陽菜
%LC陽菜
「……見たかったな、そういう顔」%K%P
「……見たかったな、そういう顔」%K%P
梨理ちゃんの表情で真っ先に思い出すのは、\nやっぱり、真剣な横顔だ。%K%P
梨理ちゃんの表情で真っ先に思い出すのは、\nやっぱり、真剣な横顔だ。%K%P
昨日のトレーニングルームでも見かけた、\nとてもストイックで、ひたむきな顔。%K%P
昨日のトレーニングルームでも見かけた、\nとてもストイックで、ひたむきな顔。%K%P
あとは、美実様に困らされて、\n拗ねたり、困ったり、怒ったり。%K%P
あとは、美実様に困らされて、\n拗ねたり、困ったり、怒ったり。%K%P
こっちをからかうニヤニヤ顔はよく見るし、\nしたり顔って感じの笑みも、ままあるけれど。%K%P
こっちをからかうニヤニヤ顔はよく見るし、\nしたり顔って感じの笑みも、ままあるけれど。%K%P
心から喜んでる、嬉しそうな笑顔って、\nまだ見たことがないような――、%K%P
心から喜んでる、嬉しそうな笑顔って、\nまだ見たことがないような――、%K%P
%LC陽菜
%LC陽菜
「もし、{最優秀騎士:ブリランテ}になれたら。\n　梨理ちゃん、笑ったりするのかな……」%K%P
「もし、{最優秀騎士:ブリランテ}になれたら。\n　梨理ちゃん、笑ったりするのかな……」%K%P
梨理ちゃんは{最優秀騎士:ブリランテ}になるために\n銀蘭に入学したんだと、美実様が言っていた。%K%P
梨理ちゃんは{最優秀騎士:ブリランテ}になるために\n銀蘭に入学したんだと、美実様が言っていた。%K%P
だとしたら、彼女がひたすら練習に打ち込むのも、\nその目標を叶えるためなんだろう。%K%P
だとしたら、彼女がひたすら練習に打ち込むのも、\nその目標を叶えるためなんだろう。%K%P
けど、今年は{連弾:デュオ}{舞闘:カデンツァ}――、\nパートナーとの協力が必要不可欠な形式だ。%K%P
けど、今年は{連弾:デュオ}{舞闘:カデンツァ}――、\nパートナーとの協力が必要不可欠な形式だ。%K%P
彼女が誰と組むのかは、まだ分からないけど……、\nでももし、梨理ちゃんとペアを組むことができたら。%K%P
彼女が誰と組むのかは、まだ分からないけど……、\nでももし、梨理ちゃんとペアを組むことができたら。%K%P
力を合わせて{最優秀騎士:ブリランテ}を目指し、\nその目標を、見事果たすことが出来たのなら。%K%P
力を合わせて{最優秀騎士:ブリランテ}を目指し、\nその目標を、見事果たすことが出来たのなら。%K%P
果たして彼女は、オレが思うような、\n嬉しさに満ちた笑顔を見せてくれるんだろうか。%K%P
果たして彼女は、オレが思うような、\n嬉しさに満ちた笑顔を見せてくれるんだろうか。%K%P
