――アリア合宿が始まり、今日で３日。%K%P
――アリア合宿が始まり、今日で３日。%K%P
みんなとの共同生活にも慣れてきて、\n歌劇アリアの台本も、必要な部分はほぼ暗記できた。%K%P
みんなとの共同生活にも慣れてきて、\n歌劇アリアの台本も、必要な部分はほぼ暗記できた。%K%P
といっても、{歌姫:ディーバ}以外の台詞って、\n{最優秀騎士:ブリランテ}が演じる役以外、\nそれほど多くはないんだけど。%K%P
といっても、{歌姫:ディーバ}以外の台詞って、\n{最優秀騎士:ブリランテ}が演じる役以外、\nそれほど多くはないんだけど。%K%P
%LC杏奈
%LC杏奈
「陽菜ちゃんっ、ごきげんよっ」%K%P
「陽菜ちゃんっ、ごきげんよっ」%K%P
%LC陽菜
%LC陽菜
「ごきげんよう。今朝はやけに元気だね」%K%P
「ごきげんよう。今朝はやけに元気だね」%K%P
%LC杏奈
%LC杏奈
「実は昨日、学生寮でお泊まり会があって。\n　盛り上がっちゃって寝ていませんっ」%K%P
「実は昨日、学生寮でお泊まり会があって。\n　盛り上がっちゃって寝ていませんっ」%K%P
%LC陽菜
%LC陽菜
「あらら。あんまり無理しちゃダメだよ？」%K%P
「あらら。あんまり無理しちゃダメだよ？」%K%P
%LC杏奈
%LC杏奈
「わかってるんだけどね。\n　出し物の準備、いよいよ佳境に入ってきたから」%K%P
「わかってるんだけどね。\n　出し物の準備、いよいよ佳境に入ってきたから」%K%P
%LC陽菜
%LC陽菜
「ああ……。そういえばうちのクラス、\n　喫茶店をやるって、ちらっと聞いたけど」%K%P
「ああ……。そういえばうちのクラス、\n　喫茶店をやるって、ちらっと聞いたけど」%K%P
%LC杏奈
%LC杏奈
「ただの喫茶店じゃなくて、\n　いわゆるひとつのコンセプトカフェだよ」%K%P
「ただの喫茶店じゃなくて、\n　いわゆるひとつのコンセプトカフェだよ」%K%P
%LC陽菜
%LC陽菜
「メイドカフェとか執事カフェみたいな？」%K%P
「メイドカフェとか執事カフェみたいな？」%K%P
%LC杏奈
%LC杏奈
「うん。といっても、うちのクラスでやるのは、\n　そのどっちでもないけど」%K%P
「うん。といっても、うちのクラスでやるのは、\n　そのどっちでもないけど」%K%P
%LC杏奈
%LC杏奈
「これ以上は、本番をお楽しみにってことで」%K%P
「これ以上は、本番をお楽しみにってことで」%K%P
%LC陽菜
%LC陽菜
「自分のクラスの出し物なのに」%K%P
「自分のクラスの出し物なのに」%K%P
%LC杏奈
%LC杏奈
「でも、ここまで知らずにきたんだし。\n　そのほうが、当日の楽しみができていいでしょ？」%K%P
「でも、ここまで知らずにきたんだし。\n　そのほうが、当日の楽しみができていいでしょ？」%K%P
%LC陽菜
%LC陽菜
「それはそうなんだけどね」%K%P
「それはそうなんだけどね」%K%P
代表に選抜された８名の{騎士:ワルキュリア}は、\n銀蘭祭の出し物の準備や支度などが免除される。%K%P
代表に選抜された８名の{騎士:ワルキュリア}は、\n銀蘭祭の出し物の準備や支度などが免除される。%K%P
なのに杏奈ちゃんがクラスの手伝いをしているのは、\n初戦で負けたため、手が空いているからだった。%K%P
なのに杏奈ちゃんがクラスの手伝いをしているのは、\n初戦で負けたため、手が空いているからだった。%K%P
%LC杏奈
%LC杏奈
「そういえば、梨理ちゃんは元気してる？」%K%P
「そういえば、梨理ちゃんは元気してる？」%K%P
%LC陽菜
%LC陽菜
「元気だよ。今朝も一緒に朝練をしたし」%K%P
「元気だよ。今朝も一緒に朝練をしたし」%K%P
さすがに昨日のようなことにはならなかったし、\nフィエルテ姿を見ても、勃起は我慢できた。%K%P
さすがに昨日のようなことにはならなかったし、\nフィエルテ姿を見ても、勃起は我慢できた。%K%P
ただ、そんなオレを見て、\n梨理ちゃんは不満そうに拗ねていたけれど。%K%P
ただ、そんなオレを見て、\n梨理ちゃんは不満そうに拗ねていたけれど。%K%P
もし本当に勃起したら、\n試したいことがあったのに……って。%K%P
もし本当に勃起したら、\n試したいことがあったのに……って。%K%P
%LC杏奈
%LC杏奈
「梨理ちゃんって、ここのところ、\n　ちょっと雰囲気が変わってきたよね」%K%P
「梨理ちゃんって、ここのところ、\n　ちょっと雰囲気が変わってきたよね」%K%P
%LC陽菜
%LC陽菜
「変わったって……どんなふうに？」%K%P
「変わったって……どんなふうに？」%K%P
%LC杏奈
%LC杏奈
「楽しそうにしていることが増えたっていうか、\n　にこにこしてるっていうか」%K%P
「楽しそうにしていることが増えたっていうか、\n　にこにこしてるっていうか」%K%P
%LC杏奈
%LC杏奈
「美実様といるときは前からそうだったんだけど。\n　いまは一人で居るときも、にこにこしてて」%K%P
「美実様といるときは前からそうだったんだけど。\n　いまは一人で居るときも、にこにこしてて」%K%P
%LC杏奈
%LC杏奈
「そのせいか、前よりも可愛くなったなぁって」%K%P
「そのせいか、前よりも可愛くなったなぁって」%K%P
%LC陽菜
%LC陽菜
「そっか……。杏奈ちゃんから見ても、\n　そんなふうに見えるんだ……」%K%P
「そっか……。杏奈ちゃんから見ても、\n　そんなふうに見えるんだ……」%K%P
%LC杏奈
%LC杏奈
「ん？　それ、どういう意味？」%K%P
「ん？　それ、どういう意味？」%K%P
%LC陽菜
%LC陽菜
「あっ、えっと……私も、\n　前より可愛くなったなって思うから」%K%P
「あっ、えっと……私も、\n　前より可愛くなったなって思うから」%K%P
%LC杏奈
%LC杏奈
「陽菜ちゃんのおかげだったりして」%K%P
「陽菜ちゃんのおかげだったりして」%K%P
%LC陽菜
%LC陽菜
「なっ、なんで私？」%K%P
「なっ、なんで私？」%K%P
%LC杏奈
%LC杏奈
「変わったなって感じるようになったの、\n　陽菜ちゃんとエンゲージしてからだから」%K%P
「変わったなって感じるようになったの、\n　陽菜ちゃんとエンゲージしてからだから」%K%P
%LC陽菜
%LC陽菜
「その理屈でいくと、杏奈ちゃんだって、\n　依夜様とエンゲージして変わったんじゃない？」%K%P
「その理屈でいくと、杏奈ちゃんだって、\n　依夜様とエンゲージして変わったんじゃない？」%K%P
%LC杏奈
%LC杏奈
「んー……変わったこと、変わったこと……」%K%P
「んー……変わったこと、変わったこと……」%K%P
%LC杏奈
%LC杏奈
「あっ、和食っ！」%K%P
「あっ、和食っ！」%K%P
%LC陽菜
%LC陽菜
「和食？」%K%P
「和食？」%K%P
%LC杏奈
%LC杏奈
「そっ。依夜様、料理上手なんだよ。とくに和食。\n　それで、色々と教えてもらったりしてて」%K%P
「そっ。依夜様、料理上手なんだよ。とくに和食。\n　それで、色々と教えてもらったりしてて」%K%P
%LC杏奈
%LC杏奈
「私って餡子好きでしょ？　で、自分でも作るから。\n　和食と和菓子で、情報交換したりして」%K%P
「私って餡子好きでしょ？　で、自分でも作るから。\n　和食と和菓子で、情報交換したりして」%K%P
%LC杏奈
%LC杏奈
「で、その結果……最近、体重が……はぅ」%K%P
「で、その結果……最近、体重が……はぅ」%K%P
%LC陽菜
%LC陽菜
「あー……」%K%P
「あー……」%K%P
%LC杏奈
%LC杏奈
「ちょっ、あんまりウエスト見ちゃだめっ。\n　えっちだよ、えっちっ。そういうのえっち！」%K%P
「ちょっ、あんまりウエスト見ちゃだめっ。\n　えっちだよ、えっちっ。そういうのえっち！」%K%P
%LC梨理
%LC梨理
「センセ、えっちなのはいけないと思います」%K%P
「センセ、えっちなのはいけないと思います」%K%P
%LC陽菜
%LC陽菜
「梨理ちゃん。どうしてここに？」%K%P
「梨理ちゃん。どうしてここに？」%K%P
%LC梨理
%LC梨理
「隣のクラスに用があったんです。そうしたら、\n　センセが変態だという声が聞こえたので」%K%P
「隣のクラスに用があったんです。そうしたら、\n　センセが変態だという声が聞こえたので」%K%P
%LC杏奈
%LC杏奈
「変態じゃなくてえっちだけどね」%K%P
「変態じゃなくてえっちだけどね」%K%P
%LC梨理
%LC梨理
「えっちという言葉は、変態の頭文字をとって\n　使われるようになった……らしいです」%K%P
「えっちという言葉は、変態の頭文字をとって\n　使われるようになった……らしいです」%K%P
%LC杏奈
%LC杏奈
「あっ、それ聞いたことあるかも」%K%P
「あっ、それ聞いたことあるかも」%K%P
%LC梨理
%LC梨理
「つまり、センセは変態ということで」%K%P
「つまり、センセは変態ということで」%K%P
%LC陽菜
%LC陽菜
「違うからね？」%K%P
「違うからね？」%K%P
%LC梨理
%LC梨理
「照れる必要はないと思いますけど」%K%P
「照れる必要はないと思いますけど」%K%P
%LC杏奈
%LC杏奈
「そうだよ？　陽菜ちゃん、えっちだし」%K%P
「そうだよ？　陽菜ちゃん、えっちだし」%K%P
%LC陽菜
%LC陽菜
「なんで杏奈ちゃんがそっち側につくのっ」%K%P
「なんで杏奈ちゃんがそっち側につくのっ」%K%P
%LC杏奈
%LC杏奈
「だって陽菜ちゃん、私の下着見たことあるし」%K%P
「だって陽菜ちゃん、私の下着見たことあるし」%K%P
%LC陽菜
%LC陽菜
「んなっ……？！　あれは不可抗力というか、\n　私だってあわや被害者だからねっ？」%K%P
「んなっ……？！　あれは不可抗力というか、\n　私だってあわや被害者だからねっ？」%K%P
%LC梨理
%LC梨理
「……センセ。その話、詳しく」%K%P
「……センセ。その話、詳しく」%K%P
あ……。%K%P
あ……。%K%P
%LC陽菜
%LC陽菜
「いや、べつに大したことじゃ……」%K%P
「いや、べつに大したことじゃ……」%K%P
%LC梨理
%LC梨理
「大したことじゃないなら言えるはずです。\n　というわけで、どうぞ」%K%P
「大したことじゃないなら言えるはずです。\n　というわけで、どうぞ」%K%P
%LC陽菜
%LC陽菜
「ええっとぉ……」%K%P
「ええっとぉ……」%K%P
%LC杏奈
%LC杏奈
「ぷっ……あはっ、くすくすっ。\n　二人とも、ホント仲良しだね」%K%P
「ぷっ……あはっ、くすくすっ。\n　二人とも、ホント仲良しだね」%K%P
%LC梨理
%LC梨理
「えっ……」%K%P
「えっ……」%K%P
%LC陽菜
%LC陽菜
「そうだよ？　私と梨理ちゃんは、\n　とっても仲良しなんだから。ね？　梨理ちゃん」%K%P
「そうだよ？　私と梨理ちゃんは、\n　とっても仲良しなんだから。ね？　梨理ちゃん」%K%P
%LC梨理
%LC梨理
「センセ……」%K%P
「センセ……」%K%P
%LC梨理
%LC梨理
「話題を逸らそうとしても無駄なので。\n　さっきの話は、後日、あらためて」%K%P
「話題を逸らそうとしても無駄なので。\n　さっきの話は、後日、あらためて」%K%P
%LC陽菜
%LC陽菜
「はうっ」%K%P
「はうっ」%K%P
さすが手強い、梨理ちゃん手強い。%K%P
さすが手強い、梨理ちゃん手強い。%K%P
とはいえ、あの一件には美実様も絡んでいたし、\n一緒に説明してもらえば誤解も解ける――、%K%P
とはいえ、あの一件には美実様も絡んでいたし、\n一緒に説明してもらえば誤解も解ける――、%K%P
……いや。新たな誤解が生まれそうな気が。%K%P
……いや。新たな誤解が生まれそうな気が。%K%P
%LC梨理
%LC梨理
「急にお邪魔してすみませんでした。\n　では、私はこれで――」%K%P
「急にお邪魔してすみませんでした。\n　では、私はこれで――」%K%P
%LCクラスメートＡ
%LCクラスメートＡ
「ええっ、もう帰っちゃうのっ？」%K%P
「ええっ、もう帰っちゃうのっ？」%K%P
%LC梨理
%LC梨理
「え、でも」%K%P
「え、でも」%K%P
%LCクラスメートＢ
%LCクラスメートＢ
「遠慮なさらず。\n　もう少しお話していきませんか？」%K%P
「遠慮なさらず。\n　もう少しお話していきませんか？」%K%P
%LC梨理
%LC梨理
「ん……」%K%P
「ん……」%K%P
梨理ちゃんが戸惑いながらもこちらを見たので、\nオレとしての答えはひとつ。%K%P
梨理ちゃんが戸惑いながらもこちらを見たので、\nオレとしての答えはひとつ。%K%P
%LC陽菜
%LC陽菜
「いいんじゃない？　あとで私が、\n　教室まで送っていってあげる」%K%P
「いいんじゃない？　あとで私が、\n　教室まで送っていってあげる」%K%P
%LC梨理
%LC梨理
「……わかりました。では、少しだけ」%K%P
「……わかりました。では、少しだけ」%K%P
%LC梨理
%LC梨理
「普段、陽菜センセがどんなことをしているのか、\n　お伺いする絶好の機会ですし」%K%P
「普段、陽菜センセがどんなことをしているのか、\n　お伺いする絶好の機会ですし」%K%P
%LC陽菜
%LC陽菜
「……ん？」%K%P
「……ん？」%K%P
%LC杏奈
%LC杏奈
「そういうことなら、お隣さんのこの私が、\n　さっきの下着の件について詳しく教えましょう」%K%P
「そういうことなら、お隣さんのこの私が、\n　さっきの下着の件について詳しく教えましょう」%K%P
%LC梨理
%LC梨理
「ぜひ」%K%P
「ぜひ」%K%P
%LC陽菜
%LC陽菜
「待って待って待って待って」%K%P
「待って待って待って待って」%K%P
%LC梨理
%LC梨理
「くすっ、うふふ」%K%P
「くすっ、うふふ」%K%P
慌てるオレを見て、梨理ちゃんが笑う。%K%P
慌てるオレを見て、梨理ちゃんが笑う。%K%P
その笑顔を見て、オレも思わず笑ってしまう。%K%P
その笑顔を見て、オレも思わず笑ってしまう。%K%P
確かに以前の梨理ちゃんであれば、\nこんなふうに笑うことはなかっただろう。%K%P
確かに以前の梨理ちゃんであれば、\nこんなふうに笑うことはなかっただろう。%K%P
でも、今は違う。%K%P
でも、今は違う。%K%P
もし、さっき杏奈ちゃんが言ってくれたように、\nオレがその切っ掛けになれているのだとしたら、\nこんなに嬉しいことはない。%K%P
もし、さっき杏奈ちゃんが言ってくれたように、\nオレがその切っ掛けになれているのだとしたら、\nこんなに嬉しいことはない。%K%P
その日の放課後は、\n合宿メンバー全員でテアトルに集まった。%K%P
その日の放課後は、\n合宿メンバー全員でテアトルに集まった。%K%P
本番までの日数も考慮して、一度、実際の舞台上で\n通しで演じてみようということになったのだ。%K%P
本番までの日数も考慮して、一度、実際の舞台上で\n通しで演じてみようということになったのだ。%K%P
%LC美実
%LC美実
「――とはいえ、私たちだけでは心許ないので。\n　本日はスペシャルゲストをお招きしました」%K%P
「――とはいえ、私たちだけでは心許ないので。\n　本日はスペシャルゲストをお招きしました」%K%P
%LC美実
%LC美実
「２年連続{最優秀騎士:ブリランテ}、歌劇アリアも\n　２年連続で出演された天海依夜さんですっ」%K%P
「２年連続{最優秀騎士:ブリランテ}、歌劇アリアも\n　２年連続で出演された天海依夜さんですっ」%K%P
%LC依夜
%LC依夜
「美実からどうしてもとお願いされたの。\n　私でよければ、お手伝いさせて」%K%P
「美実からどうしてもとお願いされたの。\n　私でよければ、お手伝いさせて」%K%P
雰囲気を掴むための練習ということで、\n台本片手に、できる範囲で演技をしてみることに。%K%P
雰囲気を掴むための練習ということで、\n台本片手に、できる範囲で演技をしてみることに。%K%P
依夜様が手本として一番出番の多い騎士役を担当し、\nかわりに、美実様が監督役として見学することに。%K%P
依夜様が手本として一番出番の多い騎士役を担当し、\nかわりに、美実様が監督役として見学することに。%K%P
歌劇アリアは毎年同じ内容が公演されているそうで、\n依夜様はその内容を、ほぼすべて覚えていた。%K%P
歌劇アリアは毎年同じ内容が公演されているそうで、\n依夜様はその内容を、ほぼすべて覚えていた。%K%P
そのため、台本を持たずに稽古に参加――どころか、\nすべてにおいて、依夜様は見事の一言に尽きた。%K%P
そのため、台本を持たずに稽古に参加――どころか、\nすべてにおいて、依夜様は見事の一言に尽きた。%K%P
泰然自若な彼女が凜々しい騎士を演じると、\nないはずの剣や鎧が見えるようで。%K%P
泰然自若な彼女が凜々しい騎士を演じると、\nないはずの剣や鎧が見えるようで。%K%P
以前杏奈ちゃんが、依夜様には演技のファンも\n多いと言っていたけど、それも納得の演技力だった。%K%P
以前杏奈ちゃんが、依夜様には演技のファンも\n多いと言っていたけど、それも納得の演技力だった。%K%P
%LC依夜
%LC依夜
「ふぅ……。どうだった？　参考になった？」%K%P
「ふぅ……。どうだった？　参考になった？」%K%P
%LC美実
%LC美実
「いやはや、さすが経験者。\n　とっても参考になりました、はい」%K%P
「いやはや、さすが経験者。\n　とっても参考になりました、はい」%K%P
%LC依夜
%LC依夜
「そうは言うけれど……。\n　美実、あなたも経験者でしょう？」%K%P
「そうは言うけれど……。\n　美実、あなたも経験者でしょう？」%K%P
%LC美実
%LC美実
「私はほら、端役の騎士だったから」%K%P
「私はほら、端役の騎士だったから」%K%P
%LC美実
%LC美実
「{最優秀騎士:ブリランテ}のお手本が見られて、\n　とっても助かったのは事実だよ」%K%P
「{最優秀騎士:ブリランテ}のお手本が見られて、\n　とっても助かったのは事実だよ」%K%P
%LC依夜
%LC依夜
「もう、調子がいいんだから」%K%P
「もう、調子がいいんだから」%K%P
%LC梨理
%LC梨理
「すみません、依夜様。\n　お姉ちゃんがご迷惑をかけて」%K%P
「すみません、依夜様。\n　お姉ちゃんがご迷惑をかけて」%K%P
%LC依夜
%LC依夜
「梨理……。別に、気にしなくていいの。\n　美実のこういうのは、いつものことだから」%K%P
「梨理……。別に、気にしなくていいの。\n　美実のこういうのは、いつものことだから」%K%P
%LC梨理
%LC梨理
「いつも、って……いつも、ご迷惑を……。\n　不肖の姉で、本当にすみません」%K%P
「いつも、って……いつも、ご迷惑を……。\n　不肖の姉で、本当にすみません」%K%P
%LC依夜
%LC依夜
「あ、ええと……」%K%P
「あ、ええと……」%K%P
%LC依夜
%LC依夜
「美実が私を頼るのは、いつものことで。\n　私も、頼られるのはイヤではないから」%K%P
「美実が私を頼るのは、いつものことで。\n　私も、頼られるのはイヤではないから」%K%P
%LC依夜
%LC依夜
「あなたのお姉さんは、とても素敵な人よ。\n　そして、なにより……強い人だから」%K%P
「あなたのお姉さんは、とても素敵な人よ。\n　そして、なにより……強い人だから」%K%P
%LC依夜
%LC依夜
「あなたたちが銀蘭祭で、\n　どんな{舞闘:カデンツァ}を見せてくれるのか――」%K%P
「あなたたちが銀蘭祭で、\n　どんな{舞闘:カデンツァ}を見せてくれるのか――」%K%P
%LC依夜
%LC依夜
「私はそれを、心待ちにしているの」%K%P
「私はそれを、心待ちにしているの」%K%P
%LC依夜
%LC依夜
「舞台の稽古もあって、大変だとは思うけれど。\n　怪我や病気に気をつけてね、梨理」%K%P
「舞台の稽古もあって、大変だとは思うけれど。\n　怪我や病気に気をつけてね、梨理」%K%P
%LC梨理
%LC梨理
「はい」%K%P
「はい」%K%P
依夜様がゆっくりと語った言葉に、\n梨理ちゃんが静かに頷く。%K%P
依夜様がゆっくりと語った言葉に、\n梨理ちゃんが静かに頷く。%K%P
その後、梨理ちゃんと依夜様は、台本を手に、\n演技のことに関して色々と話を始めて。%K%P
その後、梨理ちゃんと依夜様は、台本を手に、\n演技のことに関して色々と話を始めて。%K%P
美実様は、その様子をちょっと離れた場所から、\n邪魔をしないように見守っていた。%K%P
美実様は、その様子をちょっと離れた場所から、\n邪魔をしないように見守っていた。%K%P
%LC陽菜
%LC陽菜
「美実様が依夜様を連れてきた目的って、\n　こっちが本命だったんですね」%K%P
「美実様が依夜様を連れてきた目的って、\n　こっちが本命だったんですね」%K%P
%LC美実
%LC美実
「やだなぁ、陽菜ちゃん。\n　私がそんなことするように見える？」%K%P
「やだなぁ、陽菜ちゃん。\n　私がそんなことするように見える？」%K%P
%LC陽菜
%LC陽菜
「はい。とっても」%K%P
「はい。とっても」%K%P
%LC美実
%LC美実
「むぅ……。まったくもう、前に比べて、\n　すっかり余裕が生まれちゃって……」%K%P
「むぅ……。まったくもう、前に比べて、\n　すっかり余裕が生まれちゃって……」%K%P
%LC美実
%LC美実
「その余裕の出所は、童貞を卒業したからかな？\n　日向くん？」%K%P
「その余裕の出所は、童貞を卒業したからかな？\n　日向くん？」%K%P
%LC陽菜
%LC陽菜
「なっ……ちょっ、美実様っ……！\n　いきなりなに言ってるんですかっ」%K%P
「なっ……ちょっ、美実様っ……！\n　いきなりなに言ってるんですかっ」%K%P
%LC美実
%LC美実
「ナニって……ナニ？　なになにナニ？\n　ナニの話をしてほしいの？」%K%P
「ナニって……ナニ？　なになにナニ？\n　ナニの話をしてほしいの？」%K%P
%LC陽菜
%LC陽菜
「美実様ぁっ」%K%P
「美実様ぁっ」%K%P
%LC美実
%LC美実
「くすっ、あははっ。そうそう、その感じ。\n　やっぱり陽菜ちゃんはこうでないと」%K%P
「くすっ、あははっ。そうそう、その感じ。\n　やっぱり陽菜ちゃんはこうでないと」%K%P
%LC陽菜
%LC陽菜
「うぅ……」%K%P
「うぅ……」%K%P
今日こそ余裕をもって対応しようと思っていたのに、\n一瞬で崩されてしまい、呻くしかない。%K%P
今日こそ余裕をもって対応しようと思っていたのに、\n一瞬で崩されてしまい、呻くしかない。%K%P
%LCクレール
%LCクレール
「どうしたの？　二人して騒いで」%K%P
「どうしたの？　二人して騒いで」%K%P
%LC睦月
%LC睦月
「いまのようなコミカルな演技は、\n　歌劇アリアにはなかったと思いますが」%K%P
「いまのようなコミカルな演技は、\n　歌劇アリアにはなかったと思いますが」%K%P
%LC美実
%LC美実
「ふふっ、確かに。\n　今のじゃ歌劇じゃなくて喜劇だし」%K%P
「ふふっ、確かに。\n　今のじゃ歌劇じゃなくて喜劇だし」%K%P
%LC陽菜
%LC陽菜
「誰のせいですか、誰の」%K%P
「誰のせいですか、誰の」%K%P
%LCクレール
%LCクレール
「だけど、今日の梨理ちゃんは熱心ね。\n　さっきから依夜ちゃんにあれこれと聞いて」%K%P
「だけど、今日の梨理ちゃんは熱心ね。\n　さっきから依夜ちゃんにあれこれと聞いて」%K%P
クレール様の言う通り、梨理ちゃんと依夜様は、\nこちらには目もくれず話し合っていた。%K%P
クレール様の言う通り、梨理ちゃんと依夜様は、\nこちらには目もくれず話し合っていた。%K%P
その様子を例えるとすれば、黙々と、だろうか。%K%P
その様子を例えるとすれば、黙々と、だろうか。%K%P
話し合っているのに、黙々と、なんていうのは、\n表現としては間違っているのかもしれない。%K%P
話し合っているのに、黙々と、なんていうのは、\n表現としては間違っているのかもしれない。%K%P
でも、台本を手に話し合う二人の様子は、\n黙々って感じが、実にぴったりだった。%K%P
でも、台本を手に話し合う二人の様子は、\n黙々って感じが、実にぴったりだった。%K%P
%LCクレール
%LCクレール
「色々とあったようだけど……梨理ちゃん、\n　依夜ちゃんと仲良くなれてよかったわね」%K%P
「色々とあったようだけど……梨理ちゃん、\n　依夜ちゃんと仲良くなれてよかったわね」%K%P
%LC陽菜
%LC陽菜
「卵を割らないとオムレツは作れない、ですね」%K%P
「卵を割らないとオムレツは作れない、ですね」%K%P
%LCクレール
%LCクレール
「ふふっ、まったくもってその通りね」%K%P
「ふふっ、まったくもってその通りね」%K%P
%LC睦月
%LC睦月
「あの、それって何かの格言ですか？」%K%P
「あの、それって何かの格言ですか？」%K%P
%LC陽菜
%LC陽菜
「留学したとき向こうで教わった言葉なんだけど、\n　いまの状況にぴったりだと思って」%K%P
「留学したとき向こうで教わった言葉なんだけど、\n　いまの状況にぴったりだと思って」%K%P
%LC睦月
%LC睦月
「どういった意味ですか？」%K%P
「どういった意味ですか？」%K%P
%LC陽菜
%LC陽菜
「結果を得るためには勇気が必要で、\n　成果を得るためには痛みが伴う……かな」%K%P
「結果を得るためには勇気が必要で、\n　成果を得るためには痛みが伴う……かな」%K%P
%LCクレール
%LCクレール
「いまは当たり前のように出来ることでも、\n　誰もが最初は、ドキドキするもので――」%K%P
「いまは当たり前のように出来ることでも、\n　誰もが最初は、ドキドキするもので――」%K%P
%LCクレール
%LCクレール
「だからこそ、出来上がったオムレツは、\n　甘くて美味しいのよね」%K%P
「だからこそ、出来上がったオムレツは、\n　甘くて美味しいのよね」%K%P
甘いオムレツ、というクレール様の言葉に、\n梨理ちゃんが作っていたお弁当を思い出す。%K%P
甘いオムレツ、というクレール様の言葉に、\n梨理ちゃんが作っていたお弁当を思い出す。%K%P
合宿期間中の食事は、朝夕共に用意されているし、\n昼食は学食で食べるから、お弁当の機会はない。%K%P
合宿期間中の食事は、朝夕共に用意されているし、\n昼食は学食で食べるから、お弁当の機会はない。%K%P
でも、銀蘭祭が終わったら、\nまたあのお弁当を食べてみたい。%K%P
でも、銀蘭祭が終わったら、\nまたあのお弁当を食べてみたい。%K%P
彼女が作る、とっても甘い卵焼きを。%K%P
彼女が作る、とっても甘い卵焼きを。%K%P
放課後が終わり、夕食を食べ終えたあと、\n私はベッドに座って歌劇アリアの台本を開いた。%K%P
放課後が終わり、夕食を食べ終えたあと、\n私はベッドに座って歌劇アリアの台本を開いた。%K%P
今日、私は{騎士:ワルキュリア}ではなく、\n役者としてテアトルの舞台に立った。%K%P
今日、私は{騎士:ワルキュリア}ではなく、\n役者としてテアトルの舞台に立った。%K%P
観客はいないし、衣装も身につけていなかったけど、\nそれでも私は緊張して、上手くいかなくて。%K%P
観客はいないし、衣装も身につけていなかったけど、\nそれでも私は緊張して、上手くいかなくて。%K%P
とにかく、歯がゆさを感じるばかりだった。%K%P
とにかく、歯がゆさを感じるばかりだった。%K%P
%LC梨理
%LC梨理
「私はもう、動けません……。\n　どうかこの先は、姫だけで……」%K%P
「私はもう、動けません……。\n　どうかこの先は、姫だけで……」%K%P
%LC梨理
%LC梨理
「ですが、ここは森の奥深く……。\n　そのうえ、目印ひとつないのでは……」%K%P
「ですが、ここは森の奥深く……。\n　そのうえ、目印ひとつないのでは……」%K%P
台本を読みながら流れを思い出しつつ、\n書かれてある台詞を、小さな声で読み上げる。%K%P
台本を読みながら流れを思い出しつつ、\n書かれてある台詞を、小さな声で読み上げる。%K%P
{最優秀騎士:ブリランテ}が演じる騎士は、\n他の騎士に比べて、台詞が倍以上あって、\n見せ場もあり、覚えるべきことがおおい。%K%P
{最優秀騎士:ブリランテ}が演じる騎士は、\n他の騎士に比べて、台詞が倍以上あって、\n見せ場もあり、覚えるべきことがおおい。%K%P
正直、ちょっと日和ってしまうけど……でも、\n{最優秀騎士:ブリランテ}を目指すからには、覚えないと。%K%P
正直、ちょっと日和ってしまうけど……でも、\n{最優秀騎士:ブリランテ}を目指すからには、覚えないと。%K%P
%LC梨理
%LC梨理
「私なりに演じればいいって、\n　あの人も言ってくれたし……」%K%P
「私なりに演じればいいって、\n　あの人も言ってくれたし……」%K%P
私は、歌劇アリアの公演を見たことがない。%K%P
私は、歌劇アリアの公演を見たことがない。%K%P
去年、一昨年と、お姉ちゃんが銀蘭祭に\n誘ってくれたけれど、私はそれを断ってしまった。%K%P
去年、一昨年と、お姉ちゃんが銀蘭祭に\n誘ってくれたけれど、私はそれを断ってしまった。%K%P
どうしても、見に行く気になれなかったから。%K%P
どうしても、見に行く気になれなかったから。%K%P
だから、お姉ちゃんがどんなふうに\n騎士を演じたのかは、実は知らなかったりする。%K%P
だから、お姉ちゃんがどんなふうに\n騎士を演じたのかは、実は知らなかったりする。%K%P
今日、リハーサルでそれを見られるかも、なんて\n思っていたのに、お姉ちゃんは見学していたし。%K%P
今日、リハーサルでそれを見られるかも、なんて\n思っていたのに、お姉ちゃんは見学していたし。%K%P
%LC梨理
%LC梨理
「でも……すごかったな、依夜様」%K%P
「でも……すごかったな、依夜様」%K%P
お姉ちゃんの代わりに手本を演じたあの人は、\nとにかく、圧巻の演技力を見せつけてきた。%K%P
お姉ちゃんの代わりに手本を演じたあの人は、\nとにかく、圧巻の演技力を見せつけてきた。%K%P
あっ、いや、見せつけてきた、というと、\nなんだかちょっと偉そうだし印象が良くないかも。%K%P
あっ、いや、見せつけてきた、というと、\nなんだかちょっと偉そうだし印象が良くないかも。%K%P
圧巻の演技力を披露されてしまった――、\n……うん、これなら、たぶん、問題ないはず。%K%P
圧巻の演技力を披露されてしまった――、\n……うん、これなら、たぶん、問題ないはず。%K%P
稽古のあと、私はあの人に演技のコツを教わった。%K%P
稽古のあと、私はあの人に演技のコツを教わった。%K%P
今の自分の演技力では、\n大切な舞台を台無しにしてしまうかも――。%K%P
今の自分の演技力では、\n大切な舞台を台無しにしてしまうかも――。%K%P
そんな不安が、私の背中を押していた。%K%P
そんな不安が、私の背中を押していた。%K%P
教示を求めた私に、あの人は色々と教えてくれた。%K%P
教示を求めた私に、あの人は色々と教えてくれた。%K%P
いま実戦している、台詞を声に出して読む、\nというのも、そのひとつだったりする。%K%P
いま実戦している、台詞を声に出して読む、\nというのも、そのひとつだったりする。%K%P
とにかく、少しでもいい舞台になるように、\n出来ることがあればなんでもするつもり、なんだけど。%K%P
とにかく、少しでもいい舞台になるように、\n出来ることがあればなんでもするつもり、なんだけど。%K%P
%LC梨理
%LC梨理
「それなりの長さの劇を、\n　１週間で覚えて、演じるなんて……」%K%P
「それなりの長さの劇を、\n　１週間で覚えて、演じるなんて……」%K%P
%LC梨理
%LC梨理
「これならセンセにひぃひぃ言わされるほうが、\n　よっぽど楽かも……」%K%P
「これならセンセにひぃひぃ言わされるほうが、\n　よっぽど楽かも……」%K%P
あの朝練の日以来、センセは毎朝、\n私のトレーニングコーチをしてくれている。%K%P
あの朝練の日以来、センセは毎朝、\n私のトレーニングコーチをしてくれている。%K%P
一人で練習するより、センセとふたりのほうが、\n当たり前だけど、効率がよく練習が行えて。%K%P
一人で練習するより、センセとふたりのほうが、\n当たり前だけど、効率がよく練習が行えて。%K%P
おかげで私はいま、毎日少しずつ、\n自分が強くなっていくのを実感していた。%K%P
おかげで私はいま、毎日少しずつ、\n自分が強くなっていくのを実感していた。%K%P
それもこれも、センセのおかげ。%K%P
それもこれも、センセのおかげ。%K%P
センセといると、毎日が、すごく楽しい。%K%P
センセといると、毎日が、すごく楽しい。%K%P
%LC陽菜
%LC陽菜
「熱心だね、梨理ちゃん」%K%P
「熱心だね、梨理ちゃん」%K%P
%LC梨理
%LC梨理
「あ、センセ」%K%P
「あ、センセ」%K%P
%LC陽菜
%LC陽菜
「依夜様に教えてもらっていたみたいだけど。\n　演技、なんとかなりそう？」%K%P
「依夜様に教えてもらっていたみたいだけど。\n　演技、なんとかなりそう？」%K%P
%LC梨理
%LC梨理
「やってやります」%K%P
「やってやります」%K%P
%LC陽菜
%LC陽菜
「そう。頼もしいね、梨理ちゃんは」%K%P
「そう。頼もしいね、梨理ちゃんは」%K%P
%LC梨理
%LC梨理
「センセは演技、上手かったですけど。\n　そういう経験あるんですか？」%K%P
「センセは演技、上手かったですけど。\n　そういう経験あるんですか？」%K%P
%LC陽菜
%LC陽菜
「まあ……昔、ちょっと。\n　演劇ではないけど、舞台には立っていたから」%K%P
「まあ……昔、ちょっと。\n　演劇ではないけど、舞台には立っていたから」%K%P
%LC陽菜
%LC陽菜
「たぶん、本番度胸というか、\n　いざとなったら肝が据わるんだと思う」%K%P
「たぶん、本番度胸というか、\n　いざとなったら肝が据わるんだと思う」%K%P
%LC梨理
%LC梨理
「そうだったんですね。\n　……正直、羨ましいです」%K%P
「そうだったんですね。\n　……正直、羨ましいです」%K%P
%LC梨理
%LC梨理
「{舞闘:カデンツァ}のときは平気なんですけど。\n　劇ってなると、どうにも緊張して」%K%P
「{舞闘:カデンツァ}のときは平気なんですけど。\n　劇ってなると、どうにも緊張して」%K%P
%LC梨理
%LC梨理
「今日だって、観客がいない稽古だっていうのに、\n　台本を読みながらでも、台詞を飛ばしたりして」%K%P
「今日だって、観客がいない稽古だっていうのに、\n　台本を読みながらでも、台詞を飛ばしたりして」%K%P
%LC陽菜
%LC陽菜
「なんでも最初から出来る人なんて、\n　そうそういないでしょ？」%K%P
「なんでも最初から出来る人なんて、\n　そうそういないでしょ？」%K%P
%LC梨理
%LC梨理
「依夜様は、出来たみたいですけど」%K%P
「依夜様は、出来たみたいですけど」%K%P
%LC陽菜
%LC陽菜
「みたいだね。美実様もそう言っていたから」%K%P
「みたいだね。美実様もそう言っていたから」%K%P
%LC陽菜
%LC陽菜
「そもそも、劇を見たことがない１年のときに、\n　{最優秀騎士:ブリランテ}に選ばれて、演じきった人だもの」%K%P
「そもそも、劇を見たことがない１年のときに、\n　{最優秀騎士:ブリランテ}に選ばれて、演じきった人だもの」%K%P
%LC梨理
%LC梨理
「依夜様のような人を、\n　才能がある、と言うんでしょうか」%K%P
「依夜様のような人を、\n　才能がある、と言うんでしょうか」%K%P
%LC陽菜
%LC陽菜
「んー……どうだろう……。依夜様のアレを、\n　才能って言葉で括って良いのかどうか……」%K%P
「んー……どうだろう……。依夜様のアレを、\n　才能って言葉で括って良いのかどうか……」%K%P
%LC梨理
%LC梨理
「私は、自分に才能がないと思ってます。\n　演技はもちろんですけど、剣術も」%K%P
「私は、自分に才能がないと思ってます。\n　演技はもちろんですけど、剣術も」%K%P
%LC陽菜
%LC陽菜
「それは、どうして？」%K%P
「それは、どうして？」%K%P
%LC梨理
%LC梨理
「フェンシングの話になってしまいますけど、\n　私、とにかく時間がかかったんです」%K%P
「フェンシングの話になってしまいますけど、\n　私、とにかく時間がかかったんです」%K%P
%LC梨理
%LC梨理
「お姉ちゃんと同じことが出来るようになるまで、\n　お姉ちゃんの倍ぐらい時間がかかりました」%K%P
「お姉ちゃんと同じことが出来るようになるまで、\n　お姉ちゃんの倍ぐらい時間がかかりました」%K%P
%LC梨理
%LC梨理
「だから、いっぱい練習をしてきました。\n　時間さえかければ、出来るようにはなるので」%K%P
「だから、いっぱい練習をしてきました。\n　時間さえかければ、出来るようにはなるので」%K%P
%LC梨理
%LC梨理
「そんな私を見て、フェンシングスクールの先生は、\n　梨理には努力をする才能があるって言ってました」%K%P
「そんな私を見て、フェンシングスクールの先生は、\n　梨理には努力をする才能があるって言ってました」%K%P
%LC梨理
%LC梨理
「ただ……私はその表現があまり、\n　好きではなかったですけど」%K%P
「ただ……私はその表現があまり、\n　好きではなかったですけど」%K%P
%LC陽菜
%LC陽菜
「なぜそう思ったか、当ててもいい？」%K%P
「なぜそう思ったか、当ててもいい？」%K%P
%LC梨理
%LC梨理
「どうぞ。当てられるものなら」%K%P
「どうぞ。当てられるものなら」%K%P
%LC陽菜
%LC陽菜
「努力は努力でしかないから――じゃない？」%K%P
「努力は努力でしかないから――じゃない？」%K%P
%LC梨理
%LC梨理
「あ……」%K%P
「あ……」%K%P
気付いたら、頭で思うより早く、声が出ていた。%K%P
気付いたら、頭で思うより早く、声が出ていた。%K%P
%LC梨理
%LC梨理
「……どうして、そう思ったんです？」%K%P
「……どうして、そう思ったんです？」%K%P
%LC陽菜
%LC陽菜
「思ったというか、思ってるというか……。\n　私自身が、そう考えているから」%K%P
「思ったというか、思ってるというか……。\n　私自身が、そう考えているから」%K%P
%LC陽菜
%LC陽菜
「私の思う才能って、相性みたいなものだから。\n　{舞闘:カデンツァ}で例えるなら、武器の選択とか」%K%P
「私の思う才能って、相性みたいなものだから。\n　{舞闘:カデンツァ}で例えるなら、武器の選択とか」%K%P
%LC陽菜
%LC陽菜
「キミには斧の才能があるぞ、みたいなことね。\n　こういうのは、なるほど確かに、って思う」%K%P
「キミには斧の才能があるぞ、みたいなことね。\n　こういうのは、なるほど確かに、って思う」%K%P
%LC陽菜
%LC陽菜
「他でいうなら、水泳の才能があるとか、\n　陸上の才能があるっていうのも、納得できる」%K%P
「他でいうなら、水泳の才能があるとか、\n　陸上の才能があるっていうのも、納得できる」%K%P
%LC陽菜
%LC陽菜
「けど、努力の才能は……ね」%K%P
「けど、努力の才能は……ね」%K%P
呟いたセンセが、私の隣にそっと腰掛ける。%K%P
呟いたセンセが、私の隣にそっと腰掛ける。%K%P
それはちょうど、日向のときのセンセが、\n練習は楽しいよって言ってくれた、あの距離で。%K%P
それはちょうど、日向のときのセンセが、\n練習は楽しいよって言ってくれた、あの距離で。%K%P
%LC陽菜
%LC陽菜
「努力って、誰にでも出来るものだし、\n　だからこそ、続けられるものだと思うんだ」%K%P
「努力って、誰にでも出来るものだし、\n　だからこそ、続けられるものだと思うんだ」%K%P
%LC陽菜
%LC陽菜
「強くなりたい、上手くなりたい――。\n　そういう気持ちを糧に、積み重ねた時間だから」%K%P
「強くなりたい、上手くなりたい――。\n　そういう気持ちを糧に、積み重ねた時間だから」%K%P
%LC陽菜
%LC陽菜
「楽しくなくても、勝ちたい人がいるから、\n　毎日苦しくても続けていく……みたいなね？」%K%P
「楽しくなくても、勝ちたい人がいるから、\n　毎日苦しくても続けていく……みたいなね？」%K%P
%LC陽菜
%LC陽菜
「頑張って、頑張って、頑張って……そうして、\n　ついに目標を叶えることが出来たとして――」%K%P
「頑張って、頑張って、頑張って……そうして、\n　ついに目標を叶えることが出来たとして――」%K%P
%LC陽菜
%LC陽菜
「そのとき『努力する才能があって良かったね』って、\n　そんなふうに言われたら……やりきれないもの」%K%P
「そのとき『努力する才能があって良かったね』って、\n　そんなふうに言われたら……やりきれないもの」%K%P
%LC梨理
%LC梨理
「センセ……」%K%P
「センセ……」%K%P
心の中で漠然と感じていた、才能という言葉への\n嫉妬みたいなものが、スッと消えていく。%K%P
心の中で漠然と感じていた、才能という言葉への\n嫉妬みたいなものが、スッと消えていく。%K%P
……すごい。この人、本当にすごい。%K%P
……すごい。この人、本当にすごい。%K%P
%LC梨理
%LC梨理
「……私の演技、上手くなると思います？」%K%P
「……私の演技、上手くなると思います？」%K%P
%LC陽菜
%LC陽菜
「うん。やると決めたら、やる子だから」%K%P
「うん。やると決めたら、やる子だから」%K%P
%LC梨理
%LC梨理
「はい。やってやります」%K%P
「はい。やってやります」%K%P
%LC陽菜
%LC陽菜
「ふふっ。そうそう、その調子」%K%P
「ふふっ。そうそう、その調子」%K%P
にこっと笑ったセンセが、私の頭を優しく撫でる。%K%P
にこっと笑ったセンセが、私の頭を優しく撫でる。%K%P
その手のひらは、お姉ちゃんより、ちょっと大きい。%K%P
その手のひらは、お姉ちゃんより、ちょっと大きい。%K%P
こういうところはちゃんと男の人だって、\nそんなふうに思って、少しドキッとする。%K%P
こういうところはちゃんと男の人だって、\nそんなふうに思って、少しドキッとする。%K%P
%LC陽菜
%LC陽菜
「ん……？　どうしたの？　じっと見て。\n　私の顔に、なにかついてる？」%K%P
「ん……？　どうしたの？　じっと見て。\n　私の顔に、なにかついてる？」%K%P
%LC梨理
%LC梨理
「いえ、顔にはなにも」%K%P
「いえ、顔にはなにも」%K%P
そう言ったあと、ちらっと股間を見ると。%K%P
そう言ったあと、ちらっと股間を見ると。%K%P
%LC陽菜
%LC陽菜
「もう、梨理ちゃん？　ダメだよ、そういうの。\n　誰が見てるかわからないんだから」%K%P
「もう、梨理ちゃん？　ダメだよ、そういうの。\n　誰が見てるかわからないんだから」%K%P
%LC梨理
%LC梨理
「いまは私たちだけですけど」%K%P
「いまは私たちだけですけど」%K%P
お姉ちゃんとクレール様はお風呂だし、\n睦月様は、用があって学生寮にお出かけ中。%K%P
お姉ちゃんとクレール様はお風呂だし、\n睦月様は、用があって学生寮にお出かけ中。%K%P
実は、合宿所でふたりきりになるのって、\n結構難しいし、久々の機会だった。%K%P
実は、合宿所でふたりきりになるのって、\n結構難しいし、久々の機会だった。%K%P
%LC梨理
%LC梨理
「せっかくベッドもありますし、\n　ここはぜひ、押し倒したいんですけど」%K%P
「せっかくベッドもありますし、\n　ここはぜひ、押し倒したいんですけど」%K%P
%LC陽菜
%LC陽菜
「だーめ。……そんなことされたら、\n　我慢できなくなるし……」%K%P
「だーめ。……そんなことされたら、\n　我慢できなくなるし……」%K%P
%LC梨理
%LC梨理
「我慢はしてるわけですね？」%K%P
「我慢はしてるわけですね？」%K%P
%LC陽菜
%LC陽菜
「当たり前でしょ。我慢してないと、\n　襲っちゃうかもしれないんだから」%K%P
「当たり前でしょ。我慢してないと、\n　襲っちゃうかもしれないんだから」%K%P
%LC梨理
%LC梨理
「……嘘つき。そんなこと、しないくせに」%K%P
「……嘘つき。そんなこと、しないくせに」%K%P
%LC陽菜
%LC陽菜
「ん……？　梨理ちゃん、いま何か言った？」%K%P
「ん……？　梨理ちゃん、いま何か言った？」%K%P
%LC梨理
%LC梨理
「センセの意気地なしって言いました。\n　男のクセに甲斐性なしの雑魚ち○ぽだって」%K%P
「センセの意気地なしって言いました。\n　男のクセに甲斐性なしの雑魚ち○ぽだって」%K%P
%LC陽菜
%LC陽菜
「ちょっ……！？　待って、\n　嘘つきよりひどくなってないっ？」%K%P
「ちょっ……！？　待って、\n　嘘つきよりひどくなってないっ？」%K%P
%LC梨理
%LC梨理
「やっぱり聞こえてたんですね」%K%P
「やっぱり聞こえてたんですね」%K%P
%LC陽菜
%LC陽菜
「あ……」%K%P
「あ……」%K%P
しまったって感じの顔を見せるけど、\nでも、すぐにくすっと笑って。%K%P
しまったって感じの顔を見せるけど、\nでも、すぐにくすっと笑って。%K%P
%LC陽菜
%LC陽菜
「もし、何でもないですって誤魔化してきたら、\n　しちゃうかもよ？　って、囁こうと思ってたのに」%K%P
「もし、何でもないですって誤魔化してきたら、\n　しちゃうかもよ？　って、囁こうと思ってたのに」%K%P
%LC梨理
%LC梨理
「そんなことだろうと思いました。\n　それ、お姉ちゃんがよくやる手です」%K%P
「そんなことだろうと思いました。\n　それ、お姉ちゃんがよくやる手です」%K%P
%LC梨理
%LC梨理
「センセ、日に日にお姉ちゃんに似ていってます」%K%P
「センセ、日に日にお姉ちゃんに似ていってます」%K%P
%LC陽菜
%LC陽菜
「うぅ……自分でも、ちょっとだけ、\n　そんな気はしてたりするんだけどね」%K%P
「うぅ……自分でも、ちょっとだけ、\n　そんな気はしてたりするんだけどね」%K%P
%LC梨理
%LC梨理
「お姉ちゃんもセンセも、\n　なんで私をオモチャにしようとするんですか」%K%P
「お姉ちゃんもセンセも、\n　なんで私をオモチャにしようとするんですか」%K%P
%LC陽菜
%LC陽菜
「それは……」%K%P
「それは……」%K%P
%LC陽菜
%LC陽菜
「拗ねたり、むくれたり……。\n　そういう反応が、とびきり可愛いから」%K%P
「拗ねたり、むくれたり……。\n　そういう反応が、とびきり可愛いから」%K%P
%LC梨理
%LC梨理
「ん……」%K%P
「ん……」%K%P
その声に、顔がにやけそうになる。%K%P
その声に、顔がにやけそうになる。%K%P
でも、そうなったら喜ばせてしまうし、\nそれは悔しいので、ぐっと堪える、けど。%K%P
でも、そうなったら喜ばせてしまうし、\nそれは悔しいので、ぐっと堪える、けど。%K%P
%LC陽菜
%LC陽菜
「ほら、可愛い」%K%P
「ほら、可愛い」%K%P
続けざまにそう言われて、顔面が崩壊した。%K%P
続けざまにそう言われて、顔面が崩壊した。%K%P
ああ、早く銀蘭祭の日がやってこないかな。%K%P
ああ、早く銀蘭祭の日がやってこないかな。%K%P
そうすれば、この合宿も終わって、\nセンセといっぱいエッチができるのに。%K%P
そうすれば、この合宿も終わって、\nセンセといっぱいエッチができるのに。%K%P
