少し前、ひとりで慌てて駆けていった道を、\n今度はふたりで、ゆっくり歩いて帰る。%K%P
少し前、ひとりで慌てて駆けていった道を、\n今度はふたりで、ゆっくり歩いて帰る。%K%P
まさか、こんなことになるなんて。%K%P
まさか、こんなことになるなんて。%K%P
学園についたあと、梨理ちゃんと一旦別れて、\n服を着替えるために一度職員寮の自室へ。%K%P
学園についたあと、梨理ちゃんと一旦別れて、\n服を着替えるために一度職員寮の自室へ。%K%P
%LC陽菜
%LC陽菜
「……しばらくこれの出番はないかな」%K%P
「……しばらくこれの出番はないかな」%K%P
着替えたあと、脱いだ日向の服を片付ける。%K%P
着替えたあと、脱いだ日向の服を片付ける。%K%P
今日から１週間合宿することになったし、\n梨理ちゃんにも正体がバレてしまったし。%K%P
今日から１週間合宿することになったし、\n梨理ちゃんにも正体がバレてしまったし。%K%P
……いや、正確には正体がバレたわけじゃなく、\nもっとややこしい状況になっちゃったんだけど。%K%P
……いや、正確には正体がバレたわけじゃなく、\nもっとややこしい状況になっちゃったんだけど。%K%P
なにせ梨理ちゃんの中でオレは、\n男装が趣味の女の子ってことになってるんだから。%K%P
なにせ梨理ちゃんの中でオレは、\n男装が趣味の女の子ってことになってるんだから。%K%P
%LC陽菜
%LC陽菜
「にしても、あんな無茶な言い訳を、\n　あっさり信じちゃうなんて……」%K%P
「にしても、あんな無茶な言い訳を、\n　あっさり信じちゃうなんて……」%K%P
オレって、そんなに女の子に見え――、%K%P
オレって、そんなに女の子に見え――、%K%P
……いや。これ以上考えるのはやめよう。うん。%K%P
……いや。これ以上考えるのはやめよう。うん。%K%P
%LC梨理
%LC梨理
「あっ、来た来た。\n　センセ、早かったですね」%K%P
「あっ、来た来た。\n　センセ、早かったですね」%K%P
%LC陽菜
%LC陽菜
「梨理ちゃん……。\n　先に合宿所に行ったんじゃなかったの？」%K%P
「梨理ちゃん……。\n　先に合宿所に行ったんじゃなかったの？」%K%P
%LC梨理
%LC梨理
「それでも良かったんですけど。\n　せっかくだから待ってようかと」%K%P
「それでも良かったんですけど。\n　せっかくだから待ってようかと」%K%P
%LC梨理
%LC梨理
「というかセンセ、なんで制服なんです？」%K%P
「というかセンセ、なんで制服なんです？」%K%P
%LC陽菜
%LC陽菜
「あ……。これはたぶん、習慣で……」%K%P
「あ……。これはたぶん、習慣で……」%K%P
考えごとをしながら着替えていたから、\n着慣れている制服を選んでしまったっぽい。%K%P
考えごとをしながら着替えていたから、\n着慣れている制服を選んでしまったっぽい。%K%P
%LC梨理
%LC梨理
「ま、いいんじゃないですか？\n　どうせ制服も持っていかなきゃいけないし」%K%P
「ま、いいんじゃないですか？\n　どうせ制服も持っていかなきゃいけないし」%K%P
%LC梨理
%LC梨理
「今日から１週間は、\n　合宿所から通うことになるわけですから」%K%P
「今日から１週間は、\n　合宿所から通うことになるわけですから」%K%P
%LC梨理
%LC梨理
「に、しても。あんな趣味があるなんて。\n　人は見かけによらないってホントですね」%K%P
「に、しても。あんな趣味があるなんて。\n　人は見かけによらないってホントですね」%K%P
%LC梨理
%LC梨理
「センセは、なんで男装にハマったんです？」%K%P
「センセは、なんで男装にハマったんです？」%K%P
%LC陽菜
%LC陽菜
「それは……」%K%P
「それは……」%K%P
%LC陽菜
%LC陽菜
「あはは、なんでだろうね……」%K%P
「あはは、なんでだろうね……」%K%P
%LC梨理
%LC梨理
「センセ、もともと可愛いし。反発的に、\n　格好よくなりたい願望があったとか？」%K%P
「センセ、もともと可愛いし。反発的に、\n　格好よくなりたい願望があったとか？」%K%P
%LC陽菜
%LC陽菜
「それは……確かに昔から、\n　格好よくなりたいとは思ってたけど」%K%P
「それは……確かに昔から、\n　格好よくなりたいとは思ってたけど」%K%P
思いがけず核心をつかれて、ちょっと驚く。%K%P
思いがけず核心をつかれて、ちょっと驚く。%K%P
%LC梨理
%LC梨理
「男装してるセンセ、\n　それなりに格好よかったですよ？」%K%P
「男装してるセンセ、\n　それなりに格好よかったですよ？」%K%P
%LC陽菜
%LC陽菜
「それなりに？」%K%P
「それなりに？」%K%P
%LC梨理
%LC梨理
「はい、それなりに」%K%P
「はい、それなりに」%K%P
%LC陽菜
%LC陽菜
「そういえば、さっき撮ったシール。\n　あれってどうしたの？」%K%P
「そういえば、さっき撮ったシール。\n　あれってどうしたの？」%K%P
%LC梨理
%LC梨理
「もちろん持ってますけど」%K%P
「もちろん持ってますけど」%K%P
%LC陽菜
%LC陽菜
「お願いだから、人に見せたりしないでね」%K%P
「お願いだから、人に見せたりしないでね」%K%P
%LC梨理
%LC梨理
「持っててもいいんですか？\n　捨ててって言われると思ってたんですけど」%K%P
「持っててもいいんですか？\n　捨ててって言われると思ってたんですけど」%K%P
%LC陽菜
%LC陽菜
「そう言いたいのはやまやまだけど。\n　一応、ご褒美って約束だったでしょ？」%K%P
「そう言いたいのはやまやまだけど。\n　一応、ご褒美って約束だったでしょ？」%K%P
%LC陽菜
%LC陽菜
「なのに、それを捨てろっていうのも、\n　酷い話かなって」%K%P
「なのに、それを捨てろっていうのも、\n　酷い話かなって」%K%P
%LC梨理
%LC梨理
「……センセって、そういうとこ、\n　優しいというか義理堅いというか……」%K%P
「……センセって、そういうとこ、\n　優しいというか義理堅いというか……」%K%P
%LC梨理
%LC梨理
「ぶっちゃけ、損するタイプですよね」%K%P
「ぶっちゃけ、損するタイプですよね」%K%P
%LC陽菜
%LC陽菜
「むぅー……」%K%P
「むぅー……」%K%P
%LC梨理
%LC梨理
「ふふっ、くすくすっ」%K%P
「ふふっ、くすくすっ」%K%P
核心に続いて図星をつかれて呻くオレを見て、\n梨理ちゃんは楽しそうにくすっと笑う。%K%P
核心に続いて図星をつかれて呻くオレを見て、\n梨理ちゃんは楽しそうにくすっと笑う。%K%P
その反応は、以前よりもぐっと親しみがあった。%K%P
その反応は、以前よりもぐっと親しみがあった。%K%P
%LC美実
%LC美実
「――じゃあ、キリもいいし。\n　今日はこのぐらいにしておこっか」%K%P
「――じゃあ、キリもいいし。\n　今日はこのぐらいにしておこっか」%K%P
そう言った美実様が、\n手にしていた台本をぱたんと閉じる。%K%P
そう言った美実様が、\n手にしていた台本をぱたんと閉じる。%K%P
あのあと梨理ちゃんと合宿所に戻ると、\nクレール様もすでに合流していて。%K%P
あのあと梨理ちゃんと合宿所に戻ると、\nクレール様もすでに合流していて。%K%P
合宿メンバー全員が揃ったこともあり、みんなで\n歌劇アリアの台本の読み合わせをしていたのだ。%K%P
合宿メンバー全員が揃ったこともあり、みんなで\n歌劇アリアの台本の読み合わせをしていたのだ。%K%P
%LCクレール
%LCクレール
「{歌姫救出譚:プリンチペッサ・プレギエーラ}をもとにした歌劇って聞いて、\n　どんな内容なのか気になっていたんだけど――」%K%P
「{歌姫救出譚:プリンチペッサ・プレギエーラ}をもとにした歌劇って聞いて、\n　どんな内容なのか気になっていたんだけど――」%K%P
%LCクレール
%LCクレール
「思っていた以上に面白くって、\n　いまから演じるのが楽しみになってきちゃった」%K%P
「思っていた以上に面白くって、\n　いまから演じるのが楽しみになってきちゃった」%K%P
%LC美実
%LC美実
「あ、そっか。クレールって、\n　本家アリアの{最優秀騎士:ブリランテ}だもんね」%K%P
「あ、そっか。クレールって、\n　本家アリアの{最優秀騎士:ブリランテ}だもんね」%K%P
%LCクレール
%LCクレール
「本家というか、元祖というか……。\n　大本のお話がアリアンロッドに伝わってる感じね」%K%P
「本家というか、元祖というか……。\n　大本のお話がアリアンロッドに伝わってる感じね」%K%P
%LC睦月
%LC睦月
「アリアンロッド女学院や深皇学園のアリアでは、\n　{歌姫:ディーバ}がふたりいると聞きましたが」%K%P
「アリアンロッド女学院や深皇学園のアリアでは、\n　{歌姫:ディーバ}がふたりいると聞きましたが」%K%P
%LCクレール
%LCクレール
「そうそう。ふたりの歌姫に、６人の騎士。\n　それが二手の陣営に分かれて森の中で競い合うの」%K%P
「そうそう。ふたりの歌姫に、６人の騎士。\n　それが二手の陣営に分かれて森の中で競い合うの」%K%P
%LCクレール
%LCクレール
「伝承は諸説あるんだけど、その中のひとつに、\n　歌姫はふたりいた、というものがあってね」%K%P
「伝承は諸説あるんだけど、その中のひとつに、\n　歌姫はふたりいた、というものがあってね」%K%P
%LCクレール
%LCクレール
「それを元にした祭事が発展していって、\n　いまの形になった……みたいな感じだったかしら」%K%P
「それを元にした祭事が発展していって、\n　いまの形になった……みたいな感じだったかしら」%K%P
%LCクレール
%LCクレール
「だから、銀蘭学園の歌劇アリアの内容も、\n　諸説のひとつをアレンジしたものだと思うわ」%K%P
「だから、銀蘭学園の歌劇アリアの内容も、\n　諸説のひとつをアレンジしたものだと思うわ」%K%P
銀蘭学園の歌劇アリアには、\nひとりの歌姫と、４名の騎士が登場する。%K%P
銀蘭学園の歌劇アリアには、\nひとりの歌姫と、４名の騎士が登場する。%K%P
これを、オレたち５人で演じるわけだ。%K%P
これを、オレたち５人で演じるわけだ。%K%P
主役はもちろん歌姫なんだけど、\n騎士のうちのひとりも、かなり出番が多い。%K%P
主役はもちろん歌姫なんだけど、\n騎士のうちのひとりも、かなり出番が多い。%K%P
その騎士を演じる栄誉を与えられるのが、\nその年の{最優秀騎士:ブリランテ}、というわけだ。%K%P
その騎士を演じる栄誉を与えられるのが、\nその年の{最優秀騎士:ブリランテ}、というわけだ。%K%P
%LC美実
%LC美実
「ただ、今年の{舞闘:カデンツァ}は{連弾:デュオ}だから。\n　{最優秀騎士:ブリランテ}もふたりって話なんだよね」%K%P
「ただ、今年の{舞闘:カデンツァ}は{連弾:デュオ}だから。\n　{最優秀騎士:ブリランテ}もふたりって話なんだよね」%K%P
%LC美実
%LC美実
「そのうちどっちが、準主役とも言える、\n　出番の多い騎士役を演じるかについては――」%K%P
「そのうちどっちが、準主役とも言える、\n　出番の多い騎士役を演じるかについては――」%K%P
%LC美実
%LC美実
「{最優秀騎士:ブリランテ}になったふたりが、\n　どうにかして決めるってことで、いい？」%K%P
「{最優秀騎士:ブリランテ}になったふたりが、\n　どうにかして決めるってことで、いい？」%K%P
%LC梨理
%LC梨理
「どうにかって……具体的には？」%K%P
「どうにかって……具体的には？」%K%P
%LC美実
%LC美実
「そりゃ、話し合いでも、じゃんけんでも。\n　好きな方法で決めればいいんじゃない？」%K%P
「そりゃ、話し合いでも、じゃんけんでも。\n　好きな方法で決めればいいんじゃない？」%K%P
%LC美実
%LC美実
「名誉ある役だし、大いに目立つけど、\n　こういうのが苦手な子もいるし……ねぇ？　梨理」%K%P
「名誉ある役だし、大いに目立つけど、\n　こういうのが苦手な子もいるし……ねぇ？　梨理」%K%P
%LC梨理
%LC梨理
「なんで名指しで言うの」%K%P
「なんで名指しで言うの」%K%P
%LC美実
%LC美実
「こういうの苦手でしょ？」%K%P
「こういうの苦手でしょ？」%K%P
%LC梨理
%LC梨理
「むぅー……」%K%P
「むぅー……」%K%P
%LC陽菜
%LC陽菜
「そうなの？　梨理ちゃん」%K%P
「そうなの？　梨理ちゃん」%K%P
%LC梨理
%LC梨理
「……まあ、得意では、ないです。\n　けど、覚悟はしてましたし」%K%P
「……まあ、得意では、ないです。\n　けど、覚悟はしてましたし」%K%P
%LC陽菜
%LC陽菜
「覚悟？」%K%P
「覚悟？」%K%P
%LC梨理
%LC梨理
「{最優秀騎士:ブリランテ}になるのが目標だったので。\n　当然、歌劇アリアのことも知ってましたから」%K%P
「{最優秀騎士:ブリランテ}になるのが目標だったので。\n　当然、歌劇アリアのことも知ってましたから」%K%P
%LC美実
%LC美実
「明日からは{舞闘:カデンツァ}の練習に加えて、\n　演技のお稽古もしなくちゃだね？」%K%P
「明日からは{舞闘:カデンツァ}の練習に加えて、\n　演技のお稽古もしなくちゃだね？」%K%P
%LCクレール
%LCクレール
「一緒に頑張りましょ？　梨理ちゃん」%K%P
「一緒に頑張りましょ？　梨理ちゃん」%K%P
%LC梨理
%LC梨理
「やってやります」%K%P
「やってやります」%K%P
%LCクレール
%LCクレール
「ふふっ、梨理ちゃん可愛いっ氈v%K%P
「ふふっ、梨理ちゃん可愛いっ氈v%K%P
%LC梨理
%LC梨理
「ちょっ！？　わっ、んんんっ？！\n　だ、だから、ハグはっ……わぷぷっ」%K%P
「ちょっ！？　わっ、んんんっ？！\n　だ、だから、ハグはっ……わぷぷっ」%K%P
%LCクレール
%LCクレール
「ふふっ、いいこいいこっ氈v%K%P
「ふふっ、いいこいいこっ氈v%K%P
梨理ちゃんをハグしたクレール様が、\nそのまま頭をなでなで。%K%P
梨理ちゃんをハグしたクレール様が、\nそのまま頭をなでなで。%K%P
その光景は、人懐っこい大型犬が、\n飼い主の女の子とじゃれてるみたいだった。%K%P
その光景は、人懐っこい大型犬が、\n飼い主の女の子とじゃれてるみたいだった。%K%P
%LCクレール
%LCクレール
「ねえ梨理ちゃん、\n　このまま私とお風呂に入らない？」%K%P
「ねえ梨理ちゃん、\n　このまま私とお風呂に入らない？」%K%P
%LC梨理
%LC梨理
「な、なんで私とっ……。そういうのは、\n　エンゲージしたお姉ちゃんとすべきじゃっ……」%K%P
「な、なんで私とっ……。そういうのは、\n　エンゲージしたお姉ちゃんとすべきじゃっ……」%K%P
%LCクレール
%LCクレール
「もちろん美実も一緒に。ね？　入るでしょ？」%K%P
「もちろん美実も一緒に。ね？　入るでしょ？」%K%P
%LC美実
%LC美実
「とーぜん。で、陽菜ちゃんは――」%K%P
「とーぜん。で、陽菜ちゃんは――」%K%P
%LC陽菜
%LC陽菜
「あっ、えとっ、私はいつも、\n　寝る前に入るので……」%K%P
「あっ、えとっ、私はいつも、\n　寝る前に入るので……」%K%P
%LC美実
%LC美実
「そっか、了解。そういうルーティンって、\n　なるべく崩さない方が良いもんね」%K%P
「そっか、了解。そういうルーティンって、\n　なるべく崩さない方が良いもんね」%K%P
拍子抜けするぐらいあっさり引き下がった美実様は、\nさりげなく、オレの耳元に顔を寄せて。%K%P
拍子抜けするぐらいあっさり引き下がった美実様は、\nさりげなく、オレの耳元に顔を寄せて。%K%P
%LC美実
%LC美実
「合宿中、フォローしてあげるから。\n　安心してね？　日向くん」%K%P
「合宿中、フォローしてあげるから。\n　安心してね？　日向くん」%K%P
%LC陽菜
%LC陽菜
「美実様……」%K%P
「美実様……」%K%P
%LC美実
%LC美実
「睦月ちゃんはどうする？　私たちと入る？」%K%P
「睦月ちゃんはどうする？　私たちと入る？」%K%P
%LC睦月
%LC睦月
「いえ、私もあとで」%K%P
「いえ、私もあとで」%K%P
%LC美実
%LC美実
「おっけ。じゃ、我々は行くとしますかっ」%K%P
「おっけ。じゃ、我々は行くとしますかっ」%K%P
%LCクレール
%LCクレール
「おーっ氈v%K%P
「おーっ氈v%K%P
%LC梨理
%LC梨理
「んむむむむぅーっ！？」%K%P
「んむむむむぅーっ！？」%K%P
その後、美実様がお風呂からあがると、\n入れ替わる形で、つーちゃんが入浴して。%K%P
その後、美実様がお風呂からあがると、\n入れ替わる形で、つーちゃんが入浴して。%K%P
最後に、オレがお風呂に入ることになった。%K%P
最後に、オレがお風呂に入ることになった。%K%P
%LC陽菜
%LC陽菜
「うわ、ホントに広い……」%K%P
「うわ、ホントに広い……」%K%P
戸を開けて浴室に入ると、\n心地良い湿度と湯気に迎えられた。%K%P
戸を開けて浴室に入ると、\n心地良い湿度と湯気に迎えられた。%K%P
つーちゃんが言っていた通り、\nちょっとした温泉旅館ぐらい広い。%K%P
つーちゃんが言っていた通り、\nちょっとした温泉旅館ぐらい広い。%K%P
%LC陽菜
%LC陽菜
「ふぅー……」%K%P
「ふぅー……」%K%P
身体を洗って湯船につかると、自然と息が漏れた。%K%P
身体を洗って湯船につかると、自然と息が漏れた。%K%P
肩までお湯につかっていても、\n足を伸ばせるなんて、幸せすぎる……。%K%P
肩までお湯につかっていても、\n足を伸ばせるなんて、幸せすぎる……。%K%P
%LC陽菜
%LC陽菜
「こんなに落ち着いて入れるのも、\n　美実様のおかげだよね……」%K%P
「こんなに落ち着いて入れるのも、\n　美実様のおかげだよね……」%K%P
女の子４人と１週間もひとつ屋根の下だなんて、\nそんなの絶対に無理ゲーだと思っていた。%K%P
女の子４人と１週間もひとつ屋根の下だなんて、\nそんなの絶対に無理ゲーだと思っていた。%K%P
でも、一番警戒すべき美実様が、\n味方になってくれるだなんて。%K%P
でも、一番警戒すべき美実様が、\n味方になってくれるだなんて。%K%P
これなら、なんとかなるかもしれない。%K%P
これなら、なんとかなるかもしれない。%K%P
%LC陽菜
%LC陽菜
「まあ、問題がないわけじゃないけど……」%K%P
「まあ、問題がないわけじゃないけど……」%K%P
ゲーセンで梨理ちゃんに女装がバレそうになり、\n咄嗟に誤魔化した結果、ややこしいことになった。%K%P
ゲーセンで梨理ちゃんに女装がバレそうになり、\n咄嗟に誤魔化した結果、ややこしいことになった。%K%P
彼女はいま、オレのことを、\n男装が趣味の女の子だと思っている。%K%P
彼女はいま、オレのことを、\n男装が趣味の女の子だと思っている。%K%P
%LC陽菜
%LC陽菜
「ああもう、なんであんなこと\n　言っちゃったんだかっ……」%K%P
「ああもう、なんであんなこと\n　言っちゃったんだかっ……」%K%P
自分を戒めるように、ざぶんっとお湯に潜る。%K%P
自分を戒めるように、ざぶんっとお湯に潜る。%K%P
いくら梨理ちゃんに嫌われたくなかったとはいえ、\n咄嗟の言い訳が、実は男装女子でした、なんて。%K%P
いくら梨理ちゃんに嫌われたくなかったとはいえ、\n咄嗟の言い訳が、実は男装女子でした、なんて。%K%P
どうにか嫌われずには済んだけど……、\n結果として、オレは大切なものを失ってしまった。%K%P
どうにか嫌われずには済んだけど……、\n結果として、オレは大切なものを失ってしまった。%K%P
ひとつは、真実を告白する好機。%K%P
ひとつは、真実を告白する好機。%K%P
もうひとつは、たぶんだけど……梨理ちゃんの恋心。%K%P
もうひとつは、たぶんだけど……梨理ちゃんの恋心。%K%P
日向が陽菜の男装だと判明したあと、\n梨理ちゃんの態度は、明らかに変化した。%K%P
日向が陽菜の男装だと判明したあと、\n梨理ちゃんの態度は、明らかに変化した。%K%P
一言で言うなら、フレンドリーになった。%K%P
一言で言うなら、フレンドリーになった。%K%P
もっと言うと、はにかんだり照れたりしなくなった。%K%P
もっと言うと、はにかんだり照れたりしなくなった。%K%P
それはきっと、日向という存在がいなくなったから。%K%P
それはきっと、日向という存在がいなくなったから。%K%P
彼女が好意を抱いていたのは、\nあくまで日向という男の子であり、陽菜じゃない。%K%P
彼女が好意を抱いていたのは、\nあくまで日向という男の子であり、陽菜じゃない。%K%P
だからもう、どぎまぎする必要なんてない。\n普通に話せるし、冗談だって言い合える。%K%P
だからもう、どぎまぎする必要なんてない。\n普通に話せるし、冗談だって言い合える。%K%P
いまの梨理ちゃんにとってオレは、\n学園の先輩で、エンゲージしたパートナー。%K%P
いまの梨理ちゃんにとってオレは、\n学園の先輩で、エンゲージしたパートナー。%K%P
そんないまの関係性や距離感も、\nそう悪いものじゃないかもしれない。%K%P
そんないまの関係性や距離感も、\nそう悪いものじゃないかもしれない。%K%P
だけどもし、ゲーセンでバレそうになったとき、\n偽らず、実は男なんだって告白していたら――、%K%P
だけどもし、ゲーセンでバレそうになったとき、\n偽らず、実は男なんだって告白していたら――、%K%P
梨理ちゃんがそれを受け入れた上で、\nそれでも、オレを好きだと言ってくれる、\nそんな未来があったかもしれないのに。%K%P
梨理ちゃんがそれを受け入れた上で、\nそれでも、オレを好きだと言ってくれる、\nそんな未来があったかもしれないのに。%K%P
%LC陽菜
%LC陽菜
「ぷはっ……！　ふぅっ、はぁ……」%K%P
「ぷはっ……！　ふぅっ、はぁ……」%K%P
%LC陽菜
%LC陽菜
「けどもう、過ぎたことだし……。\n　いまさらそんなこと考えたって……」%K%P
「けどもう、過ぎたことだし……。\n　いまさらそんなこと考えたって……」%K%P
%LC？？？
%LC？？？
「いまさら？　なんです？」%K%P
「いまさら？　なんです？」%K%P
%LC陽菜
%LC陽菜
「そりゃ、梨理ちゃんのことを――」%K%P
「そりゃ、梨理ちゃんのことを――」%K%P
…………え？　いま、声が――、%K%P
…………え？　いま、声が――、%K%P
%LC陽菜
%LC陽菜
「りっ……りっ、り、梨理ちゃんっ……？！」%K%P
「りっ……りっ、り、梨理ちゃんっ……？！」%K%P
お湯につけていた顔をあげたら、\nそこにはなぜか全裸の梨理ちゃんが――、%K%P
お湯につけていた顔をあげたら、\nそこにはなぜか全裸の梨理ちゃんが――、%K%P
%XS20ぜぜぜぜ全裸っ？！\n%XE%K%P
%XS20ぜぜぜぜ全裸っ？！\n%XE%K%P
%LC梨理
%LC梨理
「どうしたんです？　センセ。\n　そんなにテンパって」%K%P
「どうしたんです？　センセ。\n　そんなにテンパって」%K%P
%LC陽菜
%LC陽菜
「どうしたもこうしたも、はだか、はだかぁっ！」%K%P
「どうしたもこうしたも、はだか、はだかぁっ！」%K%P
%LC梨理
%LC梨理
「そりゃそうです、お風呂ですし。\n　センセだって裸じゃないですか」%K%P
「そりゃそうです、お風呂ですし。\n　センセだって裸じゃないですか」%K%P
%LC陽菜
%LC陽菜
「ひんっ！？」%K%P
「ひんっ！？」%K%P
慌てて体育座り的な格好に座り直して、\nペニスと胸元を同時に隠す。%K%P
慌てて体育座り的な格好に座り直して、\nペニスと胸元を同時に隠す。%K%P
たぶん、オレ史上もっとも素早く動けたと思う。%K%P
たぶん、オレ史上もっとも素早く動けたと思う。%K%P
%LC陽菜
%LC陽菜
「なんでここに梨理ちゃんが……。\n　もう入浴済ませたはずじゃ……」%K%P
「なんでここに梨理ちゃんが……。\n　もう入浴済ませたはずじゃ……」%K%P
%LC梨理
%LC梨理
「お風呂は１日１回なんて誰が決めたんです？」%K%P
「お風呂は１日１回なんて誰が決めたんです？」%K%P
%LC梨理
%LC梨理
「そんなこと言ってたら、\n　国民的アニメのヒロインが困っちゃいますよ？」%K%P
「そんなこと言ってたら、\n　国民的アニメのヒロインが困っちゃいますよ？」%K%P
%LC陽菜
%LC陽菜
「ちょっ……？！　覗いちゃだめっ、\n　梨理ちゃんのえっちぃっ！」%K%P
「ちょっ……？！　覗いちゃだめっ、\n　梨理ちゃんのえっちぃっ！」%K%P
%LC梨理
%LC梨理
「くすっ、ふふっ。そうそう、それです」%K%P
「くすっ、ふふっ。そうそう、それです」%K%P
なんて笑って、梨理ちゃんが湯船に入ろうと――、%K%P
なんて笑って、梨理ちゃんが湯船に入ろうと――、%K%P
%LC陽菜
%LC陽菜
「わわっ、だめだめっ、待って待ってっ。\n　湯船に入るときは身体を洗ってからっ」%K%P
「わわっ、だめだめっ、待って待ってっ。\n　湯船に入るときは身体を洗ってからっ」%K%P
その隙にオレは外へ出るっ！　完璧っ！%K%P
その隙にオレは外へ出るっ！　完璧っ！%K%P
%LC梨理
%LC梨理
「大丈夫です、私さっき洗ってるんで」%K%P
「大丈夫です、私さっき洗ってるんで」%K%P
%LC陽菜
%LC陽菜
「え」%K%P
「え」%K%P
%LC梨理
%LC梨理
「というわけで……お隣、失礼しまぁす」%K%P
「というわけで……お隣、失礼しまぁす」%K%P
%LC陽菜
%LC陽菜
「わっ、わわわっ……？！」%K%P
「わっ、わわわっ……？！」%K%P
慌てふためくオレをよそに、\n梨理ちゃんが本当に、オレの隣に――、%K%P
慌てふためくオレをよそに、\n梨理ちゃんが本当に、オレの隣に――、%K%P
%LC陽菜
%LC陽菜
「せっ、せめて隠してっ？　ねっ？\n　いろいろ見えちゃってるからっ」%K%P
「せっ、せめて隠してっ？　ねっ？\n　いろいろ見えちゃってるからっ」%K%P
%LC梨理
%LC梨理
「隠すって……センセ、なに照れてるんです？\n　私たち女の子同士ですよ？」%K%P
「隠すって……センセ、なに照れてるんです？\n　私たち女の子同士ですよ？」%K%P
%LC陽菜
%LC陽菜
「あっ……そっ、ソウダッタネ……」%K%P
「あっ……そっ、ソウダッタネ……」%K%P
どうしよう、どうしようどうしよう。\nこんなに側にいられたんじゃ立ち上がれない。%K%P
どうしよう、どうしようどうしよう。\nこんなに側にいられたんじゃ立ち上がれない。%K%P
ある意味すでに勃ちあがってるんだけど、\nだからこそ余計に立ち上がれない。%K%P
ある意味すでに勃ちあがってるんだけど、\nだからこそ余計に立ち上がれない。%K%P
かといって股間を押さえて中腰で移動なんて、\nそれはそれですごく目立つし。%K%P
かといって股間を押さえて中腰で移動なんて、\nそれはそれですごく目立つし。%K%P
だから、まずは勃起を鎮めるのが最優先。%K%P
だから、まずは勃起を鎮めるのが最優先。%K%P
こういうときは……素数を数えばいいんだっけ？%K%P
こういうときは……素数を数えばいいんだっけ？%K%P
%LC梨理
%LC梨理
「センセ、お背中とか流しましょうか」%K%P
「センセ、お背中とか流しましょうか」%K%P
%LC陽菜
%LC陽菜
「いっ、いいよいいよっ。\n　さっき自分で洗ったばっかりだから」%K%P
「いっ、いいよいいよっ。\n　さっき自分で洗ったばっかりだから」%K%P
%LC梨理
%LC梨理
「そう言わずに、いいじゃないですか。\n　裸の付き合いって言葉もありますし」%K%P
「そう言わずに、いいじゃないですか。\n　裸の付き合いって言葉もありますし」%K%P
ぴとっ。%K%P
ぴとっ。%K%P
%LC陽菜
%LC陽菜
「りりり梨理ちゃんっ……？！\n　なにしてんのっ？　なんでくっつくのっ？」%K%P
「りりり梨理ちゃんっ……？！\n　なにしてんのっ？　なんでくっつくのっ？」%K%P
%LC梨理
%LC梨理
「だから裸の付き合いですって。\n　この合宿、親睦深めるためのものですし」%K%P
「だから裸の付き合いですって。\n　この合宿、親睦深めるためのものですし」%K%P
%LC梨理
%LC梨理
「に、しても……くすっ、\n　センセってほんとに慎ましいお胸ですね」%K%P
「に、しても……くすっ、\n　センセってほんとに慎ましいお胸ですね」%K%P
%LC陽菜
%LC陽菜
「ひゃっ、やんっ歃n　そんなに見ちゃだめだってばっ」%K%P
「ひゃっ、やんっ歃n　そんなに見ちゃだめだってばっ」%K%P
%LC梨理
%LC梨理
「やんっ　って……にひひっ、可愛い歃n　センセ、ホントに女の子みたい」%K%P
「やんっ　って……にひひっ、可愛い歃n　センセ、ホントに女の子みたい」%K%P
%LC陽菜
%LC陽菜
「なに言ってるのっ！\n　みたいじゃなくて、私は――」%K%P
「なに言ってるのっ！\n　みたいじゃなくて、私は――」%K%P
……え？　女の子、{みたい:・・・}……？%K%P
……え？　女の子、{みたい:・・・}……？%K%P
みたいって、それって、つまり――、%K%P
みたいって、それって、つまり――、%K%P
%LC陽菜
%LC陽菜
「……梨理ちゃん、まさか……」%K%P
「……梨理ちゃん、まさか……」%K%P
%LC梨理
%LC梨理
「ん？　まさか、なんです？」%K%P
「ん？　まさか、なんです？」%K%P
%LC梨理
%LC梨理
「まさか、私の裸で勃起しちゃいました？」%K%P
「まさか、私の裸で勃起しちゃいました？」%K%P
%LC陽菜
%LC陽菜
「っ……」%K%P
「っ……」%K%P
勃起というワードに、思わず内股が力む。%K%P
勃起というワードに、思わず内股が力む。%K%P
彼女の口調は、あきらかに{わかっていて:・・・・・・}、\nこちらの反応を楽しんでいるもので――、%K%P
彼女の口調は、あきらかに{わかっていて:・・・・・・}、\nこちらの反応を楽しんでいるもので――、%K%P
%LC梨理
%LC梨理
「ぷっ……くすっ、にひひっ　\n　ですよ？　ちゃーんとわかってますよ？」%K%P
「ぷっ……くすっ、にひひっ　\n　ですよ？　ちゃーんとわかってますよ？」%K%P
%LC梨理
%LC梨理
「陽菜センセが男装してるんじゃなく、\n　日向が女装してるんだってことぐらい」%K%P
「陽菜センセが男装してるんじゃなく、\n　日向が女装してるんだってことぐらい」%K%P
%LC梨理
%LC梨理
「まあ、気付いたのは今日、\n　プリにラクガキしたときですけど」%K%P
「まあ、気付いたのは今日、\n　プリにラクガキしたときですけど」%K%P
%LC陽菜
%LC陽菜
「じゃあ……あのとき梨理ちゃんは、\n　あえて信じたふりをしたってこと……？」%K%P
「じゃあ……あのとき梨理ちゃんは、\n　あえて信じたふりをしたってこと……？」%K%P
%LC梨理
%LC梨理
「うん。だって日向、すっごく必死に\n　無茶な言い訳してくるんだもん」%K%P
「うん。だって日向、すっごく必死に\n　無茶な言い訳してくるんだもん」%K%P
%LC梨理
%LC梨理
「だから、私――」%K%P
「だから、私――」%K%P
%LC陽菜
%LC陽菜
「なんでそんなことしたのっ！？\n　しかもそんな、はっ、裸まで見せてっ……！」%K%P
「なんでそんなことしたのっ！？\n　しかもそんな、はっ、裸まで見せてっ……！」%K%P
彼女の裸が視界に入らないよう、\n目を逸らしつつ抗議の声をあげる。%K%P
彼女の裸が視界に入らないよう、\n目を逸らしつつ抗議の声をあげる。%K%P
けど、逸らした先に、再び裸が。%K%P
けど、逸らした先に、再び裸が。%K%P
%LC陽菜
%LC陽菜
「なんでわざわざ目の前にくるのっ！？」%K%P
「なんでわざわざ目の前にくるのっ！？」%K%P
%LC梨理
%LC梨理
「日向が私を見てくれないから」%K%P
「日向が私を見てくれないから」%K%P
%LC陽菜
%LC陽菜
「見れるはずないでしょっ！？\n　っていうか、なに考えてるのっ！」%K%P
「見れるはずないでしょっ！？\n　っていうか、なに考えてるのっ！」%K%P
%LC梨理
%LC梨理
「なに考えてるって……、\n　そんなの日向のことに決まってるじゃん！」%K%P
「なに考えてるって……、\n　そんなの日向のことに決まってるじゃん！」%K%P
%LC梨理
%LC梨理
「日向と会ってから、私、ずっとずっと、\n　日向のこといっぱい考えてたんだからっ！」%K%P
「日向と会ってから、私、ずっとずっと、\n　日向のこといっぱい考えてたんだからっ！」%K%P
%LC梨理
%LC梨理
「ジム帰りに足が勝手にゲーセン向いちゃうし、\n　それっぽい声聞こえたら振り向いちゃうしっ！」%K%P
「ジム帰りに足が勝手にゲーセン向いちゃうし、\n　それっぽい声聞こえたら振り向いちゃうしっ！」%K%P
%LC梨理
%LC梨理
「獲ってもらったお弁当箱使ってニヤニヤして！\n　獲ってもらったぬいぐるみ抱いてニヤニヤして！」%K%P
「獲ってもらったお弁当箱使ってニヤニヤして！\n　獲ってもらったぬいぐるみ抱いてニヤニヤして！」%K%P
%LC梨理
%LC梨理
%XS21「私、日向のことばっかり考えてたんだからっ！」%XE%K%P
%XS21「私、日向のことばっかり考えてたんだからっ！」%XE%K%P
%LC陽菜
%LC陽菜
「梨理、ちゃん……」%K%P
「梨理、ちゃん……」%K%P
ついさっきまで悪戯っぽく笑っていた彼女の、\n鬼気迫るほどの剣幕に圧倒されてしまう。%K%P
ついさっきまで悪戯っぽく笑っていた彼女の、\n鬼気迫るほどの剣幕に圧倒されてしまう。%K%P
よほど唖然とした顔をしてしまったんだろう、\nオレを見た梨理ちゃんが、ハッと我に返った。%K%P
よほど唖然とした顔をしてしまったんだろう、\nオレを見た梨理ちゃんが、ハッと我に返った。%K%P
%LC梨理
%LC梨理
「……私だって、人並みに羞恥心あるし。\n　誰にでも裸見せるような変態じゃないもん」%K%P
「……私だって、人並みに羞恥心あるし。\n　誰にでも裸見せるような変態じゃないもん」%K%P
%LC梨理
%LC梨理
「それでもこうして裸を見せてるのは、\n　それぐらいの覚悟で、ここに来たからで……」%K%P
「それでもこうして裸を見せてるのは、\n　それぐらいの覚悟で、ここに来たからで……」%K%P
%LC梨理
%LC梨理
「こんぐらいしなきゃ、私が本気だってこと、\n　伝わらないんじゃないかって思ったからで……」%K%P
「こんぐらいしなきゃ、私が本気だってこと、\n　伝わらないんじゃないかって思ったからで……」%K%P
%LC梨理
%LC梨理
「そもそも男装女子なんて嘘を信じるふりしたのも、\n　それをうまく利用すれば、いまよりもっと、\n　仲良くなれるかもって、思ったからだし……」%K%P
「そもそも男装女子なんて嘘を信じるふりしたのも、\n　それをうまく利用すれば、いまよりもっと、\n　仲良くなれるかもって、思ったからだし……」%K%P
%LC梨理
%LC梨理
「でも……あの嘘を信じたふりしたままじゃ、\n　いつまでたっても、言えないって、気付いて……」%K%P
「でも……あの嘘を信じたふりしたままじゃ、\n　いつまでたっても、言えないって、気付いて……」%K%P
%LC梨理
%LC梨理
「だから……こうして思い切って、\n　お風呂場に乗り込んできたんだもん」%K%P
「だから……こうして思い切って、\n　お風呂場に乗り込んできたんだもん」%K%P
%LC梨理
%LC梨理
「なるべく早く、本当の気持ちを伝えるために」%K%P
「なるべく早く、本当の気持ちを伝えるために」%K%P
%LC陽菜
%LC陽菜
「本当の気持ち……？」%K%P
「本当の気持ち……？」%K%P
%LC梨理
%LC梨理
「……日向のこと、好きだって気持ち」%K%P
「……日向のこと、好きだって気持ち」%K%P
%LC陽菜
%LC陽菜
「ん……」%K%P
「ん……」%K%P
照れながら告げられた言葉に、身体の芯が熱くなる。%K%P
照れながら告げられた言葉に、身体の芯が熱くなる。%K%P
脳を直接サウナに突っ込まれたみたいに、\n頭がくらくら揺れてしまう。%K%P
脳を直接サウナに突っ込まれたみたいに、\n頭がくらくら揺れてしまう。%K%P
……どうしよう。すごく、嬉しい。%K%P
……どうしよう。すごく、嬉しい。%K%P
オレの無茶な言い訳を信じようとした理由も、\nそれを利用して、オレをからかってきた動機も。%K%P
オレの無茶な言い訳を信じようとした理由も、\nそれを利用して、オレをからかってきた動機も。%K%P
ぜんぶぜんぶ、オレの気を引くためだったなんて、\nそんなの、むちゃくちゃ、嬉し、すぎ、る……――、%K%P
ぜんぶぜんぶ、オレの気を引くためだったなんて、\nそんなの、むちゃくちゃ、嬉し、すぎ、る……――、%K%P
%LC梨理
%LC梨理
「日向……？　ねえ、ちょっと日向、\n　私は告白したんだから、返事を――」%K%P
「日向……？　ねえ、ちょっと日向、\n　私は告白したんだから、返事を――」%K%P
%LC梨理
%LC梨理
「って、うそっ、沈んでるっ？！」%K%P
「って、うそっ、沈んでるっ？！」%K%P
%LC陽菜
%LC陽菜
「ぶぶぶぶぶぶぶぶぶ」%K%P
「ぶぶぶぶぶぶぶぶぶ」%K%P
%LC梨理
%LC梨理
「やだっ、まさかのぼせたのっ……？！\n　とにかく湯船から出さないとっ……！」%K%P
「やだっ、まさかのぼせたのっ……？！\n　とにかく湯船から出さないとっ……！」%K%P
ふにゅんっ。%K%P
ふにゅんっ。%K%P
%LC陽菜
%LC陽菜
「ひあっ……！？　り、梨理ちゃんっ？\n　なんで抱きついてるのっ……？」%K%P
「ひあっ……！？　り、梨理ちゃんっ？\n　なんで抱きついてるのっ……？」%K%P
%LC梨理
%LC梨理
「日向がいきなり沈みかけるからでしょ！\n　いいから私に掴まってっ」%K%P
「日向がいきなり沈みかけるからでしょ！\n　いいから私に掴まってっ」%K%P
%LC陽菜
%LC陽菜
「うっ、うんっ」%K%P
「うっ、うんっ」%K%P
確かにさっきくらっときた、なんて思いつつ、\nぼんやりした頭で彼女にしがみつく。%K%P
確かにさっきくらっときた、なんて思いつつ、\nぼんやりした頭で彼女にしがみつく。%K%P
そして、そのまま立ち上がると――、%K%P
そして、そのまま立ち上がると――、%K%P
びびびんっ%K%P
びびびんっ%K%P
%LC陽菜・梨理
%LC陽菜・梨理
「あっ……」\n「わっ……」%K%P
「あっ……」\n「わっ……」%K%P
ざばっとお湯を蹴立てて、ペニス登場。%K%P
ざばっとお湯を蹴立てて、ペニス登場。%K%P
それはもう、どこからどう見ても、\nガッチガチのバッキバキに勃起していて。%K%P
それはもう、どこからどう見ても、\nガッチガチのバッキバキに勃起していて。%K%P
%LC梨理
%LC梨理
「すご……。これが、男の子の……」%K%P
「すご……。これが、男の子の……」%K%P
%LC陽菜
%LC陽菜
「うっ……あっ、あのね？　これは――」%K%P
「うっ……あっ、あのね？　これは――」%K%P
%LC梨理
%LC梨理
「興奮したってことでしょ？　……私の裸で」%K%P
「興奮したってことでしょ？　……私の裸で」%K%P
%LC陽菜
%LC陽菜
「うっ、うん……」%K%P
「うっ、うん……」%K%P
%LC梨理
%LC梨理
「ん……　なら、することひとつだし。\n　こっち来て。してあげる」%K%P
「ん……　なら、することひとつだし。\n　こっち来て。してあげる」%K%P
%LC陽菜
%LC陽菜
「してあげるって、なにを――」%K%P
「してあげるって、なにを――」%K%P
%LC梨理
%LC梨理
「わかってるくせに。\n　どうせ日向、そういう経験あるんでしょ？」%K%P
「わかってるくせに。\n　どうせ日向、そういう経験あるんでしょ？」%K%P
%LC陽菜
%LC陽菜
「わっ、わわっ……？！」%K%P
「わっ、わわっ……？！」%K%P
肩を貸してもらうような格好で、\n梨理ちゃんに連れられて、湯船を出て。%K%P
肩を貸してもらうような格好で、\n梨理ちゃんに連れられて、湯船を出て。%K%P
そのまま脱衣所に向かうのかと思ったら、\n彼女はオレの身体をタイルの上に横たえた。%K%P
そのまま脱衣所に向かうのかと思ったら、\n彼女はオレの身体をタイルの上に横たえた。%K%P
%LC梨理
%LC梨理
「わっ……日向の乳首、可愛い……歃n　男の子のって、ちょっとちっちゃいんだ……」%K%P
「わっ……日向の乳首、可愛い……歃n　男の子のって、ちょっとちっちゃいんだ……」%K%P
寝そべったオレの上に、\n梨理ちゃんが覆い被さってくる。%K%P
寝そべったオレの上に、\n梨理ちゃんが覆い被さってくる。%K%P
裸の付き合いとか言っていたけど、まさか、\nこんなにぴったりくっつきあうなんて――、%K%P
裸の付き合いとか言っていたけど、まさか、\nこんなにぴったりくっつきあうなんて――、%K%P
%LC陽菜
%LC陽菜
「り、梨理ちゃん？　なにする気？」%K%P
「り、梨理ちゃん？　なにする気？」%K%P
%LC梨理
%LC梨理
「決まってるでしょ？　こうするのっ」%K%P
「決まってるでしょ？　こうするのっ」%K%P
にぎっ%K%P
にぎっ%K%P
%LC陽菜
%LC陽菜
「んやあっ氈v%K%P
「んやあっ氈v%K%P
いきなりペニスを握られ、不覚にも変な声が。%K%P
いきなりペニスを握られ、不覚にも変な声が。%K%P
%LC梨理
%LC梨理
「にひひっ、先制攻撃成功っ歃n　……って、ぎゅってしただけだけど」%K%P
「にひひっ、先制攻撃成功っ歃n　……って、ぎゅってしただけだけど」%K%P
%LC陽菜
%LC陽菜
「んッ……な、なんで、こんなっ……」%K%P
「んッ……な、なんで、こんなっ……」%K%P
%LC梨理
%LC梨理
「うぶなフリしちゃって、しらじらしい。\n　日向、こういう経験豊富なクセに」%K%P
「うぶなフリしちゃって、しらじらしい。\n　日向、こういう経験豊富なクセに」%K%P
%LC陽菜
%LC陽菜
「なっ……ないないっ。ないよこんなのっ」%K%P
「なっ……ないないっ。ないよこんなのっ」%K%P
%LC梨理
%LC梨理
「うそ。ガールフレンドとか、\n　どうせいっぱいいるんでしょっ？」%K%P
「うそ。ガールフレンドとか、\n　どうせいっぱいいるんでしょっ？」%K%P
%LC陽菜
%LC陽菜
「なんでっ」%K%P
「なんでっ」%K%P
%LC梨理
%LC梨理
「だって日向言ってたもん。\n　銀蘭に知り合いの子が通ってるって」%K%P
「だって日向言ってたもん。\n　銀蘭に知り合いの子が通ってるって」%K%P
%LC梨理
%LC梨理
「そもそも女の子の扱い慣れてたし、\n　海外留学してたこともあるって言ってたし」%K%P
「そもそも女の子の扱い慣れてたし、\n　海外留学してたこともあるって言ってたし」%K%P
%LC梨理
%LC梨理
「なら沢山ヤッててもおかしくないし。\n　日向って……ヤリチン、なんでしょ？」%K%P
「なら沢山ヤッててもおかしくないし。\n　日向って……ヤリチン、なんでしょ？」%K%P
%LC陽菜
%LC陽菜
「やっ、ヤリっ……！？」%K%P
「やっ、ヤリっ……！？」%K%P
あまりにも火の玉ストレートすぎる表現に、\nのぼせていた脳が一発で覚醒する。%K%P
あまりにも火の玉ストレートすぎる表現に、\nのぼせていた脳が一発で覚醒する。%K%P
%LC梨理
%LC梨理
「私はそういう経験ないけど……。\n　でも、多少なら知識あるし」%K%P
「私はそういう経験ないけど……。\n　でも、多少なら知識あるし」%K%P
%LC梨理
%LC梨理
「勃起したアソコの面倒ぐらい、\n　私にだって見れるんだから」%K%P
「勃起したアソコの面倒ぐらい、\n　私にだって見れるんだから」%K%P
%LC梨理
%LC梨理
「男の子って、こうやってこすってしごけば、\n　気持ち良くなって出しちゃうんでしょ？」%K%P
「男の子って、こうやってこすってしごけば、\n　気持ち良くなって出しちゃうんでしょ？」%K%P
%LC陽菜
%LC陽菜
「ひぐっ？！　やっ、あうッ」%K%P
「ひぐっ？！　やっ、あうッ」%K%P
一人で勝手に話を進めた梨理ちゃんが、\nペニスを握った手をぐりぐり動かす。%K%P
一人で勝手に話を進めた梨理ちゃんが、\nペニスを握った手をぐりぐり動かす。%K%P
その手つきは不慣れで、ちょっと乱暴だった。%K%P
その手つきは不慣れで、ちょっと乱暴だった。%K%P
%LC梨理
%LC梨理
「あっ……ほら、声でたしっ。\n　このぐらい、私にだって――」%K%P
「あっ……ほら、声でたしっ。\n　このぐらい、私にだって――」%K%P
%LC陽菜
%LC陽菜
「いまのは痛かったのっ。\n　梨理ちゃん力入れすぎ」%K%P
「いまのは痛かったのっ。\n　梨理ちゃん力入れすぎ」%K%P
%LC梨理
%LC梨理
「しょ、しょうがないでしょっ。\n　やったことないんだからっ……！」%K%P
「しょ、しょうがないでしょっ。\n　やったことないんだからっ……！」%K%P
%LC梨理
%LC梨理
「そりゃ、日向はモテモテだから、\n　こういう経験も豊富だろうけどっ……」%K%P
「そりゃ、日向はモテモテだから、\n　こういう経験も豊富だろうけどっ……」%K%P
%LC陽菜
%LC陽菜
「さっきからなんか好き勝手言ってるけど。\n　オレ、モテたことなんてないからね？」%K%P
「さっきからなんか好き勝手言ってるけど。\n　オレ、モテたことなんてないからね？」%K%P
%LC陽菜
%LC陽菜
「そりゃ、昔は好きな子もいたけど……。\n　でも、告白したらフラれたんだから」%K%P
「そりゃ、昔は好きな子もいたけど……。\n　でも、告白したらフラれたんだから」%K%P
%LC陽菜
%LC陽菜
「私よりずっと可愛い……って」%K%P
「私よりずっと可愛い……って」%K%P
%LC梨理
%LC梨理
「うわ……」%K%P
「うわ……」%K%P
%LC陽菜
%LC陽菜
「それ以来、告白したことないし。\n　告白だって、されたことないし」%K%P
「それ以来、告白したことないし。\n　告白だって、されたことないし」%K%P
%LC陽菜
%LC陽菜
「そもそも、男扱いされることが稀だから。\n　恋愛対象に見られるなんて、もっとないし……」%K%P
「そもそも、男扱いされることが稀だから。\n　恋愛対象に見られるなんて、もっとないし……」%K%P
%LC梨理
%LC梨理
「あっ、そっか……。だから日向、\n　男のクセにって言われて喜んでたんだ？」%K%P
「あっ、そっか……。だから日向、\n　男のクセにって言われて喜んでたんだ？」%K%P
%LC陽菜
%LC陽菜
「うぐっ……そうだよ、そうですよっ」%K%P
「うぐっ……そうだよ、そうですよっ」%K%P
%LC陽菜
%LC陽菜
「だって……嬉しかったんだもん、あのとき」%K%P
「だって……嬉しかったんだもん、あのとき」%K%P
照れくさくなって語気が弱まると、\nそんなオレを、梨理ちゃんはじーっと見つめて。%K%P
照れくさくなって語気が弱まると、\nそんなオレを、梨理ちゃんはじーっと見つめて。%K%P
%LC梨理
%LC梨理
「日向、可愛い……氈v%K%P
「日向、可愛い……氈v%K%P
%LC陽菜
%LC陽菜
「なっ……ちょっ、もうっ。\n　オレの話、聞いてたっ？」%K%P
「なっ……ちょっ、もうっ。\n　オレの話、聞いてたっ？」%K%P
%LC梨理
%LC梨理
「聞いてたけど。\n　日向が可愛いのはホントでしょ？」%K%P
「聞いてたけど。\n　日向が可愛いのはホントでしょ？」%K%P
%LC梨理
%LC梨理
「あと……ごめんね。\n　さっき、ヤリチンなんて言って」%K%P
「あと……ごめんね。\n　さっき、ヤリチンなんて言って」%K%P
%LC梨理
%LC梨理
「ずっと恋人いないってことは、\n　日向、童貞ってことだもんね？」%K%P
「ずっと恋人いないってことは、\n　日向、童貞ってことだもんね？」%K%P
%LC陽菜
%LC陽菜
「はっきり言わないのっ」%K%P
「はっきり言わないのっ」%K%P
%LC梨理
%LC梨理
「別に恥ずかしがることないでしょ？\n　誰だって最初は初めてなんだから」%K%P
「別に恥ずかしがることないでしょ？\n　誰だって最初は初めてなんだから」%K%P
%LC梨理
%LC梨理
「私だって……これが、初めてだし」%K%P
「私だって……これが、初めてだし」%K%P
%LC陽菜
%LC陽菜
「んっ……」%K%P
「んっ……」%K%P
ぐいぐい来たかと思えば、急に照れたり。%K%P
ぐいぐい来たかと思えば、急に照れたり。%K%P
照れる理由が、めちゃくちゃ可愛かったり。%K%P
照れる理由が、めちゃくちゃ可愛かったり。%K%P
そんな彼女に、どんどんハマってしまう。%K%P
そんな彼女に、どんどんハマってしまう。%K%P
肌を通して伝わる彼女の体温は、ほんのり熱い。%K%P
肌を通して伝わる彼女の体温は、ほんのり熱い。%K%P
さっきまで同じ湯船につかっていたから、\nオレたちの体温は、同じぐらいのはずなのに。%K%P
さっきまで同じ湯船につかっていたから、\nオレたちの体温は、同じぐらいのはずなのに。%K%P
それでも彼女の肌のほうが熱いってことは、\n彼女のほうが興奮してるってことで――、%K%P
それでも彼女の肌のほうが熱いってことは、\n彼女のほうが興奮してるってことで――、%K%P
%LC梨理
%LC梨理
「……あのね、日向。\n　私、日向のこと、大好き」%K%P
「……あのね、日向。\n　私、日向のこと、大好き」%K%P
%LC梨理
%LC梨理
「好き、だから……こういうことも、\n　恥ずかしいけど、できちゃうわけで……」%K%P
「好き、だから……こういうことも、\n　恥ずかしいけど、できちゃうわけで……」%K%P
%LC梨理
%LC梨理
「……このまま、続き、してもいい？」%K%P
「……このまま、続き、してもいい？」%K%P
%LC陽菜
%LC陽菜
「……うん」%K%P
「……うん」%K%P
%LC梨理
%LC梨理
「ホント？　いいの？」%K%P
「ホント？　いいの？」%K%P
%LC陽菜
%LC陽菜
「いいよ。オレも梨理ちゃん、大好きだから」%K%P
「いいよ。オレも梨理ちゃん、大好きだから」%K%P
%LC梨理
%LC梨理
「あっ……　んッ……えへ、えへへっ……氈v%K%P
「あっ……　んッ……えへ、えへへっ……氈v%K%P
告白に告白で応えると、\n梨理ちゃんの顔がみるみるニヤけていく。%K%P
告白に告白で応えると、\n梨理ちゃんの顔がみるみるニヤけていく。%K%P
こういうところも、めちゃくちゃ可愛い。%K%P
こういうところも、めちゃくちゃ可愛い。%K%P
%LC梨理
%LC梨理
「じゃあ……このまま、続けちゃうね？」%K%P
「じゃあ……このまま、続けちゃうね？」%K%P
%LC陽菜
%LC陽菜
「あっ……ちょっ、はっ、んんっ」%K%P
「あっ……ちょっ、はっ、んんっ」%K%P
熱っぽい声とともに手が動くと、\nその刺激に、自然と声が漏れてしまう。%K%P
熱っぽい声とともに手が動くと、\nその刺激に、自然と声が漏れてしまう。%K%P
彼女の愛撫は、最初の粗雑さが嘘のように、\n優しくて、柔らかくて……でも、初々しくて。%K%P
彼女の愛撫は、最初の粗雑さが嘘のように、\n優しくて、柔らかくて……でも、初々しくて。%K%P
その拙さが、かえって興奮を焚きつけた。%K%P
その拙さが、かえって興奮を焚きつけた。%K%P
%LC陽菜
%LC陽菜
「くっ、はぁ……梨理ちゃん、\n　なんか、急にうまくっ……」%K%P
「くっ、はぁ……梨理ちゃん、\n　なんか、急にうまくっ……」%K%P
%LC梨理
%LC梨理
「強くしすぎたら痛いんでしょ？\n　それさえわかれば、こっちのもんだし」%K%P
「強くしすぎたら痛いんでしょ？\n　それさえわかれば、こっちのもんだし」%K%P
%LC梨理
%LC梨理
「ようは、オナニーするときの感覚で、\n　いじってあげれば、いいってことで――」%K%P
「ようは、オナニーするときの感覚で、\n　いじってあげれば、いいってことで――」%K%P
%LC陽菜
%LC陽菜
「おっ、オナニーっ……？！」%K%P
「おっ、オナニーっ……？！」%K%P
%LC梨理
%LC梨理
「あっ……うん。したことあるよ？　……日向で」%K%P
「あっ……うん。したことあるよ？　……日向で」%K%P
%LC陽菜
%LC陽菜
「なッ……」%K%P
「なッ……」%K%P
%LC梨理
%LC梨理
「わ、すごっ……。\n　いま、めちゃめちゃビクってした……氈v%K%P
「わ、すごっ……。\n　いま、めちゃめちゃビクってした……氈v%K%P
%LC梨理
%LC梨理
「あっ……もしかして日向、\n　私がオナってるとこ想像した、とか？」%K%P
「あっ……もしかして日向、\n　私がオナってるとこ想像した、とか？」%K%P
%LC陽菜
%LC陽菜
「んッ……だって、目の前に裸の梨理ちゃんがいて、\n　その上、あんなこと言われたらっ……」%K%P
「んッ……だって、目の前に裸の梨理ちゃんがいて、\n　その上、あんなこと言われたらっ……」%K%P
%LC梨理
%LC梨理
「にひひっ　いいよ？　日向なら。\n　私がオナってるとこ、好きなだけ想像しても」%K%P
「にひひっ　いいよ？　日向なら。\n　私がオナってるとこ、好きなだけ想像しても」%K%P
%LC梨理
%LC梨理
「私ね、いつも乳首ばっかいじるんだ。\n　ちっちゃいけど、めっちゃ感度いいの」%K%P
「私ね、いつも乳首ばっかいじるんだ。\n　ちっちゃいけど、めっちゃ感度いいの」%K%P
%LC梨理
%LC梨理
「だから、日向にさわられたときも、\n　実はちょっと、感じてたりしたし……」%K%P
「だから、日向にさわられたときも、\n　実はちょっと、感じてたりしたし……」%K%P
%LC陽菜
%LC陽菜
「さわるって……オレは、一度も」%K%P
「さわるって……オレは、一度も」%K%P
%LC梨理
%LC梨理
「日向としては、そうかもだけど。\n　センセとしては、揉んだことあるでしょ？」%K%P
「日向としては、そうかもだけど。\n　センセとしては、揉んだことあるでしょ？」%K%P
%LC陽菜
%LC陽菜
「あ……」%K%P
「あ……」%K%P
そういえば最初にゲームで対決したとき、\n彼女の胸を、ふにゅって――、%K%P
そういえば最初にゲームで対決したとき、\n彼女の胸を、ふにゅって――、%K%P
%LC梨理
%LC梨理
「あっ、そうだっ……　あのときのお返しに、\n　日向のおっぱいも気持ちよくしてあげるっ氈v%K%P
「あっ、そうだっ……　あのときのお返しに、\n　日向のおっぱいも気持ちよくしてあげるっ氈v%K%P
%LC梨理
%LC梨理
「んー、ちゅっ　れぇろっ、ちゅぷぷっ氈v%K%P
「んー、ちゅっ　れぇろっ、ちゅぷぷっ氈v%K%P
%LC陽菜
%LC陽菜
「いっ、ひうッ……？！」%K%P
「いっ、ひうッ……？！」%K%P
いきなり乳首にキスされて、全身が跳ねる。%K%P
いきなり乳首にキスされて、全身が跳ねる。%K%P
静電気でバチッとなったときのように、\n一瞬で身体が強張り、腰がガクッと震えた。%K%P
静電気でバチッとなったときのように、\n一瞬で身体が強張り、腰がガクッと震えた。%K%P
%LC陽菜
%LC陽菜
「り、梨理ちゃんっ……なに、してっ……」%K%P
「り、梨理ちゃんっ……なに、してっ……」%K%P
%LC梨理
%LC梨理
「なにって、おっぱいにキスだけど。\n　ちょうど目の前にあるしぃ……んー、ちゅっ氈v%K%P
「なにって、おっぱいにキスだけど。\n　ちょうど目の前にあるしぃ……んー、ちゅっ氈v%K%P
%LC梨理
%LC梨理
「くすっ、日向の乳首、ちっちゃくて可愛いっ歃n　たっくさんちゅーしてあげるっ……」%K%P
「くすっ、日向の乳首、ちっちゃくて可愛いっ歃n　たっくさんちゅーしてあげるっ……」%K%P
%LC梨理
%LC梨理
「ちゅっ、れるっ、れろれろっ……歃n　はむっ、はむはむっ、れーるるぅぅっ氈v%K%P
「ちゅっ、れるっ、れろれろっ……歃n　はむっ、はむはむっ、れーるるぅぅっ氈v%K%P
%LC陽菜
%LC陽菜
「やっ、あっ……ぐっ、んんっ」%K%P
「やっ、あっ……ぐっ、んんっ」%K%P
丁寧に這い回る舌が、オレの乳首を濡らす。%K%P
丁寧に這い回る舌が、オレの乳首を濡らす。%K%P
梨理ちゃんはキスって言ったけど、\nやってることは完全におしゃぶりだった。%K%P
梨理ちゃんはキスって言ったけど、\nやってることは完全におしゃぶりだった。%K%P
%LC陽菜
%LC陽菜
「やッ、ぐっ……はぁ、ああっ、ああっ」%K%P
「やッ、ぐっ……はぁ、ああっ、ああっ」%K%P
%LC梨理
%LC梨理
「くすくすっ　おっぱいで感じちゃうとか、\n　日向ってばホント女の子みたい……氈v%K%P
「くすくすっ　おっぱいで感じちゃうとか、\n　日向ってばホント女の子みたい……氈v%K%P
%LC陽菜
%LC陽菜
「感じるっていうか、くすぐったいだけっ。\n　こんなこと、されたことないしっ……」%K%P
「感じるっていうか、くすぐったいだけっ。\n　こんなこと、されたことないしっ……」%K%P
%LC梨理
%LC梨理
「んもぅ、素直じゃないんだから。\n　なら、もっと、激しくぅ……」%K%P
「んもぅ、素直じゃないんだから。\n　なら、もっと、激しくぅ……」%K%P
%LC梨理
%LC梨理
「ちゅっ、れるっ、れろれろっ歃n　ぺーろ、ぺろぺろっ、れろれろれろっ氈v%K%P
「ちゅっ、れるっ、れろれろっ歃n　ぺーろ、ぺろぺろっ、れろれろれろっ氈v%K%P
%LC陽菜
%LC陽菜
「はひっ、くあっ、あ、ああっ」%K%P
「はひっ、くあっ、あ、ああっ」%K%P
見栄や反論は許さないとばかりに、\n梨理ちゃんがオレの乳首を責め立てる。%K%P
見栄や反論は許さないとばかりに、\n梨理ちゃんがオレの乳首を責め立てる。%K%P
乳輪ごと吸って、舌で転がして、\nさらには乳頭を潰すように舌をぐっと――、%K%P
乳輪ごと吸って、舌で転がして、\nさらには乳頭を潰すように舌をぐっと――、%K%P
%LC梨理
%LC梨理
「ちゅぷちゅぷ、ちゅーぅぅぅぅッ歃n　ちゅるるるっ　ちゅー、ちゅーぅ氈v%K%P
「ちゅぷちゅぷ、ちゅーぅぅぅぅッ歃n　ちゅるるるっ　ちゅー、ちゅーぅ氈v%K%P
%LC陽菜
%LC陽菜
「んあぅッ、はあっ、んああっ氈v%K%P
「んあぅッ、はあっ、んああっ氈v%K%P
すぼめた唇で乳首を吸い上げられると、\n堪えきれない声が浴場に響く。%K%P
すぼめた唇で乳首を吸い上げられると、\n堪えきれない声が浴場に響く。%K%P
乳首を舐める姿自体がやらしいのに、\n音と感触まで上乗せされたら、抗えるはずなくて。%K%P
乳首を舐める姿自体がやらしいのに、\n音と感触まで上乗せされたら、抗えるはずなくて。%K%P
%LC梨理
%LC梨理
「はぁ、はぁ……ほら、股間よーく見て？\n　日向のち○ぽ、びくびくしちゃってるよ？」%K%P
「はぁ、はぁ……ほら、股間よーく見て？\n　日向のち○ぽ、びくびくしちゃってるよ？」%K%P
%LC陽菜
%LC陽菜
「ちっ、ち○ぽっ……？」%K%P
「ちっ、ち○ぽっ……？」%K%P
%LC梨理
%LC梨理
「そっ、日向のち○ぽっ　もうね、\n　すっごいガチガチで、めっちゃエロい氈v%K%P
「そっ、日向のち○ぽっ　もうね、\n　すっごいガチガチで、めっちゃエロい氈v%K%P
%LC梨理
%LC梨理
「女の子みたいに可愛いのに、ち○ぽがあって。\n　しかもそれが、こんなにおっきいとか――」%K%P
「女の子みたいに可愛いのに、ち○ぽがあって。\n　しかもそれが、こんなにおっきいとか――」%K%P
%LC梨理
%LC梨理
「日向のえっち。えっちえっち歃n　えっちえっちえっちえっちえっちぃっ氈v%K%P
「日向のえっち。えっちえっち歃n　えっちえっちえっちえっちえっちぃっ氈v%K%P
%LC陽菜
%LC陽菜
「あっ……ぐっ、んんっ、はっ、ああっ」%K%P
「あっ……ぐっ、んんっ、はっ、ああっ」%K%P
自らの声に合わせてペニスをしごく手は、\nどんどんコツを掴み、ペースをあげていく。%K%P
自らの声に合わせてペニスをしごく手は、\nどんどんコツを掴み、ペースをあげていく。%K%P
浴室の湯気と汗で濡れた肌も味方につけて、\n梨理ちゃんの手は、どんどん、早く――、%K%P
浴室の湯気と汗で濡れた肌も味方につけて、\n梨理ちゃんの手は、どんどん、早く――、%K%P
%LC梨理
%LC梨理
「ヤバっ……ち○ぽ、めっちゃ暴れてる。\n　ここだけ別の生き物みたいっ……氈v%K%P
「ヤバっ……ち○ぽ、めっちゃ暴れてる。\n　ここだけ別の生き物みたいっ……氈v%K%P
%LC梨理
%LC梨理
「びくびく、ぶるぶる、いっぱい震えて……。\n　にひひ、日向のち○ぽ、ヤバすぎっ……氈v%K%P
「びくびく、ぶるぶる、いっぱい震えて……。\n　にひひ、日向のち○ぽ、ヤバすぎっ……氈v%K%P
%LC陽菜
%LC陽菜
「ヤバいのは梨理ちゃんのほうだってばっ」%K%P
「ヤバいのは梨理ちゃんのほうだってばっ」%K%P
%LC梨理
%LC梨理
「ヤバいのは日向のち○ぽですぅ。えいっ氈v%K%P
「ヤバいのは日向のち○ぽですぅ。えいっ氈v%K%P
%LC陽菜
%LC陽菜
「はぎゅっ、くぅっ、んぁあっ氈v%K%P
「はぎゅっ、くぅっ、んぁあっ氈v%K%P
掛け声とともに、ペニスが強く握られる。%K%P
掛け声とともに、ペニスが強く握られる。%K%P
彼女の指がちょうどカリ首にひっかかると、\nその刺激に、腰が大きく浮き上がった。%K%P
彼女の指がちょうどカリ首にひっかかると、\nその刺激に、腰が大きく浮き上がった。%K%P
%LC梨理
%LC梨理
「わはっ、これ、すっごいっ……歃n　ち○ぽ、めっちゃびくびくしてる……氈v%K%P
「わはっ、これ、すっごいっ……歃n　ち○ぽ、めっちゃびくびくしてる……氈v%K%P
%LC梨理
%LC梨理
「手の中で、いっぱい震えて……んっ、はぁ、\n　握ってるこっちまで、興奮しちゃうっ……氈v%K%P
「手の中で、いっぱい震えて……んっ、はぁ、\n　握ってるこっちまで、興奮しちゃうっ……氈v%K%P
オレの胸板に頬をすり寄せながら、\n梨理ちゃんが手コキの速度をあげていく。%K%P
オレの胸板に頬をすり寄せながら、\n梨理ちゃんが手コキの速度をあげていく。%K%P
その頬は紅潮して淡く色づいて、\nふれあっている肌も、どんどん熱を帯びて。%K%P
その頬は紅潮して淡く色づいて、\nふれあっている肌も、どんどん熱を帯びて。%K%P
乱れていく息遣いと、こちらを見つめる瞳に、\nペニスもオレも、限界が近づいて――、%K%P
乱れていく息遣いと、こちらを見つめる瞳に、\nペニスもオレも、限界が近づいて――、%K%P
%LC梨理
%LC梨理
「日向、そろそろイキそっ？\n　ち○ぽ、イッちゃいそう？」%K%P
「日向、そろそろイキそっ？\n　ち○ぽ、イッちゃいそう？」%K%P
%LC陽菜
%LC陽菜
「んっ……た、たぶんっ……」%K%P
「んっ……た、たぶんっ……」%K%P
%LC梨理
%LC梨理
「たぶんって……なにそれっ。\n　自分のち○ぽでしょ？　わかんないの？」%K%P
「たぶんって……なにそれっ。\n　自分のち○ぽでしょ？　わかんないの？」%K%P
%LC陽菜
%LC陽菜
「そんなこと言われてもっ……、\n　こんなに気持ちいいの、初めてだしっ……」%K%P
「そんなこと言われてもっ……、\n　こんなに気持ちいいの、初めてだしっ……」%K%P
%LC梨理
%LC梨理
「んッ……そっか、そうなんだっ……歃n　日向いま、そんなに気持ちいいんだっ……氈v%K%P
「んッ……そっか、そうなんだっ……歃n　日向いま、そんなに気持ちいいんだっ……氈v%K%P
%LC梨理
%LC梨理
「んふっ……にひ、にひひっ歃n　なら、もっといっぱいしたげるっ氈v%K%P
「んふっ……にひ、にひひっ歃n　なら、もっといっぱいしたげるっ氈v%K%P
%LC陽菜
%LC陽菜
「いっ……！？　やっ、だめ、\n　だめだって、これ以上されたら――」%K%P
「いっ……！？　やっ、だめ、\n　だめだって、これ以上されたら――」%K%P
%LC梨理
%LC梨理
「ぢゅむっ、ちゅぷちゅぷ、れるれるっ歃n　れーる、りゅぷぷっ、ぢゅるるるっ氈v%K%P
「ぢゅむっ、ちゅぷちゅぷ、れるれるっ歃n　れーる、りゅぷぷっ、ぢゅるるるっ氈v%K%P
%LC陽菜
%LC陽菜
「ひあっ？！　そんなに、吸っちゃ……んうッ、\n　くあっ、はあっ、だめっ、やぁあっ」%K%P
「ひあっ？！　そんなに、吸っちゃ……んうッ、\n　くあっ、はあっ、だめっ、やぁあっ」%K%P
%LC梨理
%LC梨理
「わはっ、ますます勃ってきた……歃n　日向の乳首、ち○ぽとおそろいっ……氈v%K%P
「わはっ、ますます勃ってきた……歃n　日向の乳首、ち○ぽとおそろいっ……氈v%K%P
%LC梨理
%LC梨理
「こんなに勃起しちゃうとか……日向の乳首、\n　実はミルクも出ちゃったりしてっ……氈v%K%P
「こんなに勃起しちゃうとか……日向の乳首、\n　実はミルクも出ちゃったりしてっ……氈v%K%P
いかにも悪戯っ子な笑みを浮かべ、\n梨理ちゃんがオレの乳首を追い立てる。%K%P
いかにも悪戯っ子な笑みを浮かべ、\n梨理ちゃんがオレの乳首を追い立てる。%K%P
自ら塗布した唾液ごと乳首を吸い上げる音は、\nちゃぷちゃぷじゅるじゅる、水気がたっぷりで。%K%P
自ら塗布した唾液ごと乳首を吸い上げる音は、\nちゃぷちゃぷじゅるじゅる、水気がたっぷりで。%K%P
彼女の言う通り、母乳が出ちゃってるみたいで、\n思考回路が、どんどん、変な感じにっ……。%K%P
彼女の言う通り、母乳が出ちゃってるみたいで、\n思考回路が、どんどん、変な感じにっ……。%K%P
%LC陽菜
%LC陽菜
「はぁはぁ……だめ、だよっ……やめっ、\n　ぐっ……はぁ、だめだって、梨理ちゃっ……」%K%P
「はぁはぁ……だめ、だよっ……やめっ、\n　ぐっ……はぁ、だめだって、梨理ちゃっ……」%K%P
%LC梨理
%LC梨理
「んくっ……ちゅぷ、ぢゅるるっ……歃n　んなこと言って、ち○ぽ、ガチガチだしっ……」%K%P
「んくっ……ちゅぷ、ぢゅるるっ……歃n　んなこと言って、ち○ぽ、ガチガチだしっ……」%K%P
%LC梨理
%LC梨理
「こんなにガチガチなら、きっと、\n　すっごい勢いで精子出ちゃうんでしょ？」%K%P
「こんなにガチガチなら、きっと、\n　すっごい勢いで精子出ちゃうんでしょ？」%K%P
%LC梨理
%LC梨理
「ほら、はやく出すとこ見せてっ？\n　はやくっ、はやくはやくはやくっ……氈v%K%P
「ほら、はやく出すとこ見せてっ？\n　はやくっ、はやくはやくはやくっ……氈v%K%P
高揚感いっぱいの声に促されると、\n玉袋が一気に熱くなって、腰がぶるっと震える。%K%P
高揚感いっぱいの声に促されると、\n玉袋が一気に熱くなって、腰がぶるっと震える。%K%P
イキたくて震えるオレのペニスを、\n梨理ちゃんの手が、勢いよく扱いていく。%K%P
イキたくて震えるオレのペニスを、\n梨理ちゃんの手が、勢いよく扱いていく。%K%P
%LC梨理
%LC梨理
「んっ……はやくはやくっ、日向はやくっ歃n　射精、射精っ　いっぱい射精っ……氈v%K%P
「んっ……はやくはやくっ、日向はやくっ歃n　射精、射精っ　いっぱい射精っ……氈v%K%P
%LC陽菜
%LC陽菜
「あっ、んぐッ……！　あ、ああっ、でるッ」%K%P
「あっ、んぐッ……！　あ、ああっ、でるッ」%K%P
%LC梨理
%LC梨理
「わっ、わわっ、ち○ぽすごいっ……歃n　ぶるぶるって……あっ、あっ、あああっ？！」%K%P
「わっ、わわっ、ち○ぽすごいっ……歃n　ぶるぶるって……あっ、あっ、あああっ？！」%K%P
%LC梨理
%LC梨理
「ひゃっ、きゃんっ！？　うそ、精子って、\n　こんなにどびゅって出るのっ……？！」%K%P
「ひゃっ、きゃんっ！？　うそ、精子って、\n　こんなにどびゅって出るのっ……？！」%K%P
%LC梨理
%LC梨理
「ち○ぽから、いっぱい、びゅびゅって……、\n　どろっどろなのが、めっちゃ、出てっ……」%K%P
「ち○ぽから、いっぱい、びゅびゅって……、\n　どろっどろなのが、めっちゃ、出てっ……」%K%P
%LC梨理
%LC梨理
「あっ、ああっ……これ、すごいっ……歃n　びゅるびゅるって……ち○ぽ、すごすぎ……氈v%K%P
「あっ、ああっ……これ、すごいっ……歃n　びゅるびゅるって……ち○ぽ、すごすぎ……氈v%K%P
振りまくった炭酸みたいに飛び散る精子を、\n梨理ちゃんは呆然と眺める。%K%P
振りまくった炭酸みたいに飛び散る精子を、\n梨理ちゃんは呆然と眺める。%K%P
感心と驚嘆が入り交じった表情は、\n初めて手品を見せられた子供のようだった。%K%P
感心と驚嘆が入り交じった表情は、\n初めて手品を見せられた子供のようだった。%K%P
%LC陽菜
%LC陽菜
「ふぅ、はぁ……うぅ、イッちゃった……」%K%P
「ふぅ、はぁ……うぅ、イッちゃった……」%K%P
梨理ちゃんに見守れながら精子を出し切ると、\nじわじわと倦怠感と罪悪感がやってくる。%K%P
梨理ちゃんに見守れながら精子を出し切ると、\nじわじわと倦怠感と罪悪感がやってくる。%K%P
けどそれは、自慰で射精したときよりも\nそれほど強くない……というか、とても希薄で。%K%P
けどそれは、自慰で射精したときよりも\nそれほど強くない……というか、とても希薄で。%K%P
大好きな女の子にイカされた多幸感は、\nそれぐらい強く、オレを満たしてくれていた。%K%P
大好きな女の子にイカされた多幸感は、\nそれぐらい強く、オレを満たしてくれていた。%K%P
そして、梨理ちゃんも梨理ちゃんで、\nオレとは別のものに満たされてしまったらしく――、%K%P
そして、梨理ちゃんも梨理ちゃんで、\nオレとは別のものに満たされてしまったらしく――、%K%P
%LC梨理
%LC梨理
「はぁ、はぁ……　日向の精子、すっごい……氈v%K%P
「はぁ、はぁ……　日向の精子、すっごい……氈v%K%P
%LC梨理
%LC梨理
「んッ……これ、匂い嗅いでるだけで……んぅ、\n　どんどん、えっちな気分に……はぁ、はぁっ氈v%K%P
「んッ……これ、匂い嗅いでるだけで……んぅ、\n　どんどん、えっちな気分に……はぁ、はぁっ氈v%K%P
梨理ちゃんが、ペニスを握ったまま動かない。%K%P
梨理ちゃんが、ペニスを握ったまま動かない。%K%P
その目は、ちょっと虚ろ……というか、\n焦点が定まってない感じで、うっとり蕩けて。%K%P
その目は、ちょっと虚ろ……というか、\n焦点が定まってない感じで、うっとり蕩けて。%K%P
%LC梨理
%LC梨理
「んッ……ねえ、日向」%K%P
「んッ……ねえ、日向」%K%P
%LC陽菜
%LC陽菜
「なっ、なに……？」%K%P
「なっ、なに……？」%K%P
%LC梨理
%LC梨理
「日向ばっか気持ちよくなるのって、\n　不公平だと思わない？　……思うよね？」%K%P
「日向ばっか気持ちよくなるのって、\n　不公平だと思わない？　……思うよね？」%K%P
%LC梨理
%LC梨理
「だから、私も気持ち良くなっても……ね？\n　問題ないよね、日向っ……氈v%K%P
「だから、私も気持ち良くなっても……ね？\n　問題ないよね、日向っ……氈v%K%P
もともとオレに覆い被さっていた彼女が、\nじりじりっと、さらに距離を詰めてくる。%K%P
もともとオレに覆い被さっていた彼女が、\nじりじりっと、さらに距離を詰めてくる。%K%P
ただならぬ雰囲気に気圧されて、\nオレはオレで、同じようにじりじり後退して。%K%P
ただならぬ雰囲気に気圧されて、\nオレはオレで、同じようにじりじり後退して。%K%P
やがて浴室の壁にぶつかり、逃げ場を失った。%K%P
やがて浴室の壁にぶつかり、逃げ場を失った。%K%P
%LC陽菜
%LC陽菜
「梨理ちゃん待って、落ち着こ？　ねっ？」%K%P
「梨理ちゃん待って、落ち着こ？　ねっ？」%K%P
%LC梨理
%LC梨理
「ヤだ。待てないし待ちたくない。\n　私だって気持ち良くなりたいもんっ」%K%P
「ヤだ。待てないし待ちたくない。\n　私だって気持ち良くなりたいもんっ」%K%P
%LC梨理
%LC梨理
「それとも日向、ヤなの？\n　私とエッチしたくないの？」%K%P
「それとも日向、ヤなの？\n　私とエッチしたくないの？」%K%P
%LC梨理
%LC梨理
「手コキであんなに出しといて、\n　私のおま○こには出してくれないの？」%K%P
「手コキであんなに出しといて、\n　私のおま○こには出してくれないの？」%K%P
%LC陽菜
%LC陽菜
「オレはそんなこと一言も――」%K%P
「オレはそんなこと一言も――」%K%P
%LC梨理
%LC梨理
「ならいいでしょ？　ねっ、しよ？\n　日向の童貞、私にちょうだい？」%K%P
「ならいいでしょ？　ねっ、しよ？\n　日向の童貞、私にちょうだい？」%K%P
%LC梨理
%LC梨理
「お返しに、日向にも私の初めて、\n　あげちゃうからっ……氈v%K%P
「お返しに、日向にも私の初めて、\n　あげちゃうからっ……氈v%K%P
%LC陽菜
%LC陽菜
「わわっ……？！」%K%P
「わわっ……？！」%K%P
そうしてまたがってきた梨理ちゃんは、\nお尻の狭間で、オレのペニスをばっちり捉える。%K%P
そうしてまたがってきた梨理ちゃんは、\nお尻の狭間で、オレのペニスをばっちり捉える。%K%P
谷間を生み出す小さく柔らかなお尻は、\n反り返るペニスを、しっかり包み込んだ。%K%P
谷間を生み出す小さく柔らかなお尻は、\n反り返るペニスを、しっかり包み込んだ。%K%P
%LC梨理
%LC梨理
「んぐっ……はあっ、あぁあっ……歃n　これ、挿れる前から、気持ちいいっ……氈v%K%P
「んぐっ……はあっ、あぁあっ……歃n　これ、挿れる前から、気持ちいいっ……氈v%K%P
%LC梨理
%LC梨理
「日向のち○ぽ、こすれてっ……んあうっ、\n　これ、やばっ……ほんと、やばいっ……氈v%K%P
「日向のち○ぽ、こすれてっ……んあうっ、\n　これ、やばっ……ほんと、やばいっ……氈v%K%P
お尻を振りながら、梨理ちゃんはぐりぐりと、\n自ら恥丘の膨らみをこすりつけてきた。%K%P
お尻を振りながら、梨理ちゃんはぐりぐりと、\n自ら恥丘の膨らみをこすりつけてきた。%K%P
%LC梨理
%LC梨理
「はあっ、はあっ……ねえ、日向は？\n　私のおま○こ、気持ちいい？」%K%P
「はあっ、はあっ……ねえ、日向は？\n　私のおま○こ、気持ちいい？」%K%P
%LC陽菜
%LC陽菜
「うっ、うんっ……。\n　梨理ちゃんのおま○こ、すごいっ……」%K%P
「うっ、うんっ……。\n　梨理ちゃんのおま○こ、すごいっ……」%K%P
梨理ちゃんが腰を振るたび、恥骨同士が擦れる。%K%P
梨理ちゃんが腰を振るたび、恥骨同士が擦れる。%K%P
やがて、待ちきれないとばかりに、\n彼女は腰をそっと浮かせて。%K%P
やがて、待ちきれないとばかりに、\n彼女は腰をそっと浮かせて。%K%P
ペニスが跳ね上がり、亀頭が膣口に擦り寄ると、\nそれは躊躇うことなく、彼女の膣内へと――、%K%P
ペニスが跳ね上がり、亀頭が膣口に擦り寄ると、\nそれは躊躇うことなく、彼女の膣内へと――、%K%P
%LC梨理
%LC梨理
「んぐッ、ふぅ……はあっ、あああッ……！　\n　ち○ぽ、入ってっ……ひうッ、んぁああッ」%K%P
「んぐッ、ふぅ……はあっ、あああッ……！　\n　ち○ぽ、入ってっ……ひうッ、んぁああッ」%K%P
%LC梨理
%LC梨理
「はふっ、はあっ……ち○ぽ、すごいっ……。\n　おま○こ、こわれちゃっ……ぐッ、くううっ氈v%K%P
「はふっ、はあっ……ち○ぽ、すごいっ……。\n　おま○こ、こわれちゃっ……ぐッ、くううっ氈v%K%P
%LC陽菜
%LC陽菜
「梨理ちゃん、もっと、ゆっくりっ……」%K%P
「梨理ちゃん、もっと、ゆっくりっ……」%K%P
%LC梨理
%LC梨理
「わかってるけど、むりっ……。\n　腰、勝手に動いちゃうんだもんっ……」%K%P
「わかってるけど、むりっ……。\n　腰、勝手に動いちゃうんだもんっ……」%K%P
%LC梨理
%LC梨理
「日向の射精見てから、頭、ぽーっとして、\n　えっちなことしか、考えられなくってっ……」%K%P
「日向の射精見てから、頭、ぽーっとして、\n　えっちなことしか、考えられなくってっ……」%K%P
%LC梨理
%LC梨理
「じゃなきゃ、初エッチでこんな真似、\n　できる、わけ…………やッ、んあうッ！？」%K%P
「じゃなきゃ、初エッチでこんな真似、\n　できる、わけ…………やッ、んあうッ！？」%K%P
梨理ちゃんが大きくのけぞると同時に、\n亀頭が微かな抵抗を感じ取る。%K%P
梨理ちゃんが大きくのけぞると同時に、\n亀頭が微かな抵抗を感じ取る。%K%P
関門というにはあまりにも頼りないけど、\nきっとそれが、梨理ちゃんの初めての証で――、%K%P
関門というにはあまりにも頼りないけど、\nきっとそれが、梨理ちゃんの初めての証で――、%K%P
%LC陽菜
%LC陽菜
「梨理ちゃん、オレが支えるから。\n　無理せずゆっくり、そーっと……ね？」%K%P
「梨理ちゃん、オレが支えるから。\n　無理せずゆっくり、そーっと……ね？」%K%P
%LC梨理
%LC梨理
「んッ……なっ、なによ、\n　急に男みたいなこと言ってっ……」%K%P
「んッ……なっ、なによ、\n　急に男みたいなこと言ってっ……」%K%P
%LC陽菜
%LC陽菜
「みたいじゃなくて男なのっ。\n　いいから、オレにしがみついて」%K%P
「みたいじゃなくて男なのっ。\n　いいから、オレにしがみついて」%K%P
%LC陽菜
%LC陽菜
「このままされっぱなしじゃ、オレの童貞、\n　梨理ちゃんに奪われて終わっちゃうし」%K%P
「このままされっぱなしじゃ、オレの童貞、\n　梨理ちゃんに奪われて終わっちゃうし」%K%P
%LC陽菜
%LC陽菜
「ね？　オレだって少しぐらい、\n　格好いいとこ、見せたっていいでしょ？」%K%P
「ね？　オレだって少しぐらい、\n　格好いいとこ、見せたっていいでしょ？」%K%P
%LC梨理
%LC梨理
「んぐっ……もう、日向ってほんと、\n　そういうとこ、ズルいんだからっ……氈v%K%P
「んぐっ……もう、日向ってほんと、\n　そういうとこ、ズルいんだからっ……氈v%K%P
言葉と裏腹に嬉しそうに微笑むと、\n梨理ちゃんはオレの身体に手を添えた。%K%P
言葉と裏腹に嬉しそうに微笑むと、\n梨理ちゃんはオレの身体に手を添えた。%K%P
オレはオレで、そんな彼女を、\n子供を抱き上げるように支えてあげて――、%K%P
オレはオレで、そんな彼女を、\n子供を抱き上げるように支えてあげて――、%K%P
%LC梨理
%LC梨理
「わっ、すごっ……。\n　めっちゃラクになった……氈v%K%P
「わっ、すごっ……。\n　めっちゃラクになった……氈v%K%P
%LC陽菜
%LC陽菜
「ね？　頼って良かったでしょ？」%K%P
「ね？　頼って良かったでしょ？」%K%P
%LC梨理
%LC梨理
「うんっ　……日向、格好いい」%K%P
「うんっ　……日向、格好いい」%K%P
%LC陽菜
%LC陽菜
「なっ……なんだよ急にっ。\n　さっきまでさんざん可愛いとか言っといてっ」%K%P
「なっ……なんだよ急にっ。\n　さっきまでさんざん可愛いとか言っといてっ」%K%P
%LC梨理
%LC梨理
「それはそれでホントでしょっ？\n　格好よくて可愛いのが日向だもん」%K%P
「それはそれでホントでしょっ？\n　格好よくて可愛いのが日向だもん」%K%P
%LC梨理
%LC梨理
「私はそんな日向が好きでっ……。\n　そんな日向だから、ひとつになりたいのっ氈v%K%P
「私はそんな日向が好きでっ……。\n　そんな日向だから、ひとつになりたいのっ氈v%K%P
女の子座りしていた両足をさらに開き、\n梨理ちゃんがぐっと腰を落とす。%K%P
女の子座りしていた両足をさらに開き、\n梨理ちゃんがぐっと腰を落とす。%K%P
薄膜を前に停滞していた亀頭は、\nそれにより、あっさりと一線を越えた。%K%P
薄膜を前に停滞していた亀頭は、\nそれにより、あっさりと一線を越えた。%K%P
%LC梨理
%LC梨理
「ひぐッ、ぐうッ……！　はぁ、ああっ、\n　くッ……んぅっ、はぅっ、あっ、ああッ」%K%P
「ひぐッ、ぐうッ……！　はぁ、ああっ、\n　くッ……んぅっ、はぅっ、あっ、ああッ」%K%P
%LC梨理
%LC梨理
「んっ、ぐっ……ひぐッ、くぁうッ……！\n　だめっ、日向のち○ぽ、デカすぎッ……」%K%P
「んっ、ぐっ……ひぐッ、くぁうッ……！\n　だめっ、日向のち○ぽ、デカすぎッ……」%K%P
%LC梨理
%LC梨理
「膣内で、めりめり……ひぐっ、はあっ、\n　ああっ、あっ、はあっ、ああああっ……！」%K%P
「膣内で、めりめり……ひぐっ、はあっ、\n　ああっ、あっ、はあっ、ああああっ……！」%K%P
膣口から垂れる朱色の筋を追いかけるように、\n梨理ちゃんはさらに腰を落とす。%K%P
膣口から垂れる朱色の筋を追いかけるように、\n梨理ちゃんはさらに腰を落とす。%K%P
苦悶に眉を寄せながら、それでも彼女は、\nオレのペニスを迎え入れようと、腰を落として。%K%P
苦悶に眉を寄せながら、それでも彼女は、\nオレのペニスを迎え入れようと、腰を落として。%K%P
%LC梨理
%LC梨理
「んぐッ………ふはっ、ふぅっ、はあっ歃n　あと、もう、ちょっとっ……」%K%P
「んぐッ………ふはっ、ふぅっ、はあっ歃n　あと、もう、ちょっとっ……」%K%P
%LC梨理
%LC梨理
「ぐっ……くっ、あっ、そこっ……はあっ、\n　やったっ……ち○ぽ、いちばん奥ぅっ……氈v%K%P
「ぐっ……くっ、あっ、そこっ……はあっ、\n　やったっ……ち○ぽ、いちばん奥ぅっ……氈v%K%P
歓喜の声とともに、梨理ちゃんのお尻が、\nぴたっとオレの太ももに貼りつく。%K%P
歓喜の声とともに、梨理ちゃんのお尻が、\nぴたっとオレの太ももに貼りつく。%K%P
みっちりと隙間なく結合した秘所は、\nまさしく、彼女の努力の結晶だった。%K%P
みっちりと隙間なく結合した秘所は、\nまさしく、彼女の努力の結晶だった。%K%P
%LC梨理
%LC梨理
「ふぅ、はあっ、はあっ……にひっ、どう？\n　日向のち○ぽ、ぜーんぶ、私の膣内っ……氈v%K%P
「ふぅ、はあっ、はあっ……にひっ、どう？\n　日向のち○ぽ、ぜーんぶ、私の膣内っ……氈v%K%P
玉のような汗を浮かべ、ドヤっと笑顔。%K%P
玉のような汗を浮かべ、ドヤっと笑顔。%K%P
必死に頑張る姿や、成し遂げて微笑む様子が、\nいかにも梨理ちゃんらしくて、愛しくて――、%K%P
必死に頑張る姿や、成し遂げて微笑む様子が、\nいかにも梨理ちゃんらしくて、愛しくて――、%K%P
%LC陽菜
%LC陽菜
「……梨理ちゃん、ほんと可愛い」%K%P
「……梨理ちゃん、ほんと可愛い」%K%P
%LC梨理
%LC梨理
「んっ……もう、日向ってば、\n　急に情熱的な感じになってない？」%K%P
「んっ……もう、日向ってば、\n　急に情熱的な感じになってない？」%K%P
%LC陽菜
%LC陽菜
「なるよ、あんなの見せられたら。\n　梨理ちゃん、すごく頑張ってたし」%K%P
「なるよ、あんなの見せられたら。\n　梨理ちゃん、すごく頑張ってたし」%K%P
%LC梨理
%LC梨理
「それは、だって……少しでも、\n　日向に気持ち良くなってほしいから」%K%P
「それは、だって……少しでも、\n　日向に気持ち良くなってほしいから」%K%P
%LC陽菜
%LC陽菜
「ほら、また。そういうとこ」%K%P
「ほら、また。そういうとこ」%K%P
%LC梨理
%LC梨理
「んっ、そんなこと言われても……」%K%P
「んっ、そんなこと言われても……」%K%P
%LC陽菜
%LC陽菜
「梨理ちゃん、もっとぎゅってしていい？\n　っていうかしたい。いいよね？」%K%P
「梨理ちゃん、もっとぎゅってしていい？\n　っていうかしたい。いいよね？」%K%P
%LC梨理
%LC梨理
「えっ……ちょっ……ま、待って。\n　いま動かれると、おま○こがっ……」%K%P
「えっ……ちょっ……ま、待って。\n　いま動かれると、おま○こがっ……」%K%P
%LC陽菜
%LC陽菜
「ごめん、今日だけは無理。\n　我慢とか無理だから……ね？　お願い」%K%P
「ごめん、今日だけは無理。\n　我慢とか無理だから……ね？　お願い」%K%P
%LC梨理
%LC梨理
「んっ……なら、せめてちゃんと支えて。\n　私のこと、支えてくれるなら――」%K%P
「んっ……なら、せめてちゃんと支えて。\n　私のこと、支えてくれるなら――」%K%P
%LC陽菜
%LC陽菜
「んっと……こう？　これでいい？」%K%P
「んっと……こう？　これでいい？」%K%P
梨理ちゃんが言い終わるより早く、\n両手を添えて、彼女を抱き上げる。%K%P
梨理ちゃんが言い終わるより早く、\n両手を添えて、彼女を抱き上げる。%K%P
下半身のほうは心許ないけど、\n壁に寄り掛かってる分、腕はまだまだ元気だった。%K%P
下半身のほうは心許ないけど、\n壁に寄り掛かってる分、腕はまだまだ元気だった。%K%P
%LC梨理
%LC梨理
「……うん。これなら、平気そう……。\n　じゃあ、今度は日向が、リードして？」%K%P
「……うん。これなら、平気そう……。\n　じゃあ、今度は日向が、リードして？」%K%P
%LC陽菜
%LC陽菜
「任せて、梨理ちゃんっ……！」%K%P
「任せて、梨理ちゃんっ……！」%K%P
%LC梨理
%LC梨理
「あっ……くあっ、にゃふうっ　ふはっ、\n　やっ、ち○ぽ、しゅごっ……くあああっ氈v%K%P
「あっ……くあっ、にゃふうっ　ふはっ、\n　やっ、ち○ぽ、しゅごっ……くあああっ氈v%K%P
好きだって気持ちを込めてペニスを突き上げると、\n梨理ちゃんの声がぐっと甘くなる。%K%P
好きだって気持ちを込めてペニスを突き上げると、\n梨理ちゃんの声がぐっと甘くなる。%K%P
それはまるで、ペニスを通して、\n膣内に想いを流し込んでいるみたいで。%K%P
それはまるで、ペニスを通して、\n膣内に想いを流し込んでいるみたいで。%K%P
もっと互いの気持ちが溶け合うように、\n願いを込めながら、腰を、ぐいっと――、%K%P
もっと互いの気持ちが溶け合うように、\n願いを込めながら、腰を、ぐいっと――、%K%P
%LC梨理
%LC梨理
「あふっ、はあっ……あんっ、んあうっ歃n　それ好き、ち○ぽいい、気持ちいいよぅっ」%K%P
「あふっ、はあっ……あんっ、んあうっ歃n　それ好き、ち○ぽいい、気持ちいいよぅっ」%K%P
%LC陽菜
%LC陽菜
「うんっ……梨理ちゃんの膣内、すごいっ……。\n　とろっとろに蕩けて、こっちまで溶けそうっ」%K%P
「うんっ……梨理ちゃんの膣内、すごいっ……。\n　とろっとろに蕩けて、こっちまで溶けそうっ」%K%P
%LC梨理
%LC梨理
「んっ、日向のち○ぽも、すごいよっ？\n　奥のほうまで、ぐりぐりしてくるっ……氈v%K%P
「んっ、日向のち○ぽも、すごいよっ？\n　奥のほうまで、ぐりぐりしてくるっ……氈v%K%P
%LC梨理
%LC梨理
「さきっぽが、子宮んとこ、ぐりって……はあっ、\n　あっ、そこっ、そこいいっ、それ好きっ氈v%K%P
「さきっぽが、子宮んとこ、ぐりって……はあっ、\n　あっ、そこっ、そこいいっ、それ好きっ氈v%K%P
%LC梨理
%LC梨理
「日向、もっと、してっ？　もっともっと、\n　ち○ぽでおま○こ、ぐりぐりしてっ氈v%K%P
「日向、もっと、してっ？　もっともっと、\n　ち○ぽでおま○こ、ぐりぐりしてっ氈v%K%P
%LC陽菜
%LC陽菜
「んッ……いいけど、あんまりやると、\n　オレ、すぐイッちゃうかもっ……」%K%P
「んッ……いいけど、あんまりやると、\n　オレ、すぐイッちゃうかもっ……」%K%P
%LC梨理
%LC梨理
「あ……それなら、大丈夫だと思う……。\n　私も、すぐ、イッちゃいそうだしっ……」%K%P
「あ……それなら、大丈夫だと思う……。\n　私も、すぐ、イッちゃいそうだしっ……」%K%P
%LC陽菜
%LC陽菜
「んっ……よし、ならっ……！」%K%P
「んっ……よし、ならっ……！」%K%P
恥じらいながら呟く声のいじらしさに、\n俄然、やる気が湧き上がって。%K%P
恥じらいながら呟く声のいじらしさに、\n俄然、やる気が湧き上がって。%K%P
それはペニスを動かすエネルギーとなって、\n彼女の膣内で、ぶわっと弾けた。%K%P
それはペニスを動かすエネルギーとなって、\n彼女の膣内で、ぶわっと弾けた。%K%P
%LC梨理
%LC梨理
「くあっ、ああっ　ち○ぽ、しゅごひっ、\n　ずんっ、ずんって……ふあっ、んあうっ氈v%K%P
「くあっ、ああっ　ち○ぽ、しゅごひっ、\n　ずんっ、ずんって……ふあっ、んあうっ氈v%K%P
嬌声とともに身悶える梨理ちゃんの身体が、\nどんどんオレの方に倒れ込んでくる。%K%P
嬌声とともに身悶える梨理ちゃんの身体が、\nどんどんオレの方に倒れ込んでくる。%K%P
ふにふにおっぱいが目の前に来ると、\nボディーソープの甘い香りがほんのり漂って。%K%P
ふにふにおっぱいが目の前に来ると、\nボディーソープの甘い香りがほんのり漂って。%K%P
声も、匂いも、甘さたっぷりの彼女の膣内は、\nそれこそ蜜壺みたいに、とろっとろで。%K%P
声も、匂いも、甘さたっぷりの彼女の膣内は、\nそれこそ蜜壺みたいに、とろっとろで。%K%P
%LC梨理
%LC梨理
「ひぐっ、にゃ、ふぁぁあああっ歃n　おま○こ、きもち、よすぎっ……氈v%K%P
「ひぐっ、にゃ、ふぁぁあああっ歃n　おま○こ、きもち、よすぎっ……氈v%K%P
%LC梨理
%LC梨理
「こんなの、オナニーでも、なったことないっ。\n　ふわふわしてっ……んぐっ、はっ、ああっ氈v%K%P
「こんなの、オナニーでも、なったことないっ。\n　ふわふわしてっ……んぐっ、はっ、ああっ氈v%K%P
%LC陽菜
%LC陽菜
「オレも、すっごく、気持ち、いいっ……」%K%P
「オレも、すっごく、気持ち、いいっ……」%K%P
%LC梨理
%LC梨理
「ううんっ、私のほうが、日向より、\n　もっともぉっと、気持ち、いいもんっ氈v%K%P
「ううんっ、私のほうが、日向より、\n　もっともぉっと、気持ち、いいもんっ氈v%K%P
%LC梨理
%LC梨理
「おま○こ、とろっとろだしっ……歃n　いっぱい濡れて、ぐちょぐちょだしっ……氈v%K%P
「おま○こ、とろっとろだしっ……歃n　いっぱい濡れて、ぐちょぐちょだしっ……氈v%K%P
%LC陽菜
%LC陽菜
「うんっ、梨理ちゃんの膣内、\n　すっごいとろとろで、気持ちいいっ……」%K%P
「うんっ、梨理ちゃんの膣内、\n　すっごいとろとろで、気持ちいいっ……」%K%P
抱き上げた格好で行う挿抜は、\n思った以上にコントロールが利いた。%K%P
抱き上げた格好で行う挿抜は、\n思った以上にコントロールが利いた。%K%P
一番の要因は、梨理ちゃんが小柄で軽いから。%K%P
一番の要因は、梨理ちゃんが小柄で軽いから。%K%P
いかに{騎士:ワルキュリア}として鍛えられていても、\n彼女の体躯は、小さくて愛らしい。%K%P
いかに{騎士:ワルキュリア}として鍛えられていても、\n彼女の体躯は、小さくて愛らしい。%K%P
だからこそ、腰と腕の力も活用することで、\n梨理ちゃんの膣内を何度もいったりきたり出来た。%K%P
だからこそ、腰と腕の力も活用することで、\n梨理ちゃんの膣内を何度もいったりきたり出来た。%K%P
けして激しい挿抜ではないけれど、\n快感は、着実にペニスへと溜まっていって――、%K%P
けして激しい挿抜ではないけれど、\n快感は、着実にペニスへと溜まっていって――、%K%P
%LC陽菜
%LC陽菜
「はあっ、はあっ……梨理ちゃん、\n　オレ、そろそろイキたい感じかもっ……」%K%P
「はあっ、はあっ……梨理ちゃん、\n　オレ、そろそろイキたい感じかもっ……」%K%P
%LC梨理
%LC梨理
「うん、なんとなく、わかるっ……歃n　ち○ぽの震え方、少し切ない感じっ……」%K%P
「うん、なんとなく、わかるっ……歃n　ち○ぽの震え方、少し切ない感じっ……」%K%P
%LC梨理
%LC梨理
「実は、私も、そろそろ……っていうか、\n　すぐにも、イッちゃいそうかもっ……」%K%P
「実は、私も、そろそろ……っていうか、\n　すぐにも、イッちゃいそうかもっ……」%K%P
%LC陽菜
%LC陽菜
「すぐにでもって……梨理ちゃん、\n　イキたいのずっと我慢してたの？」%K%P
「すぐにでもって……梨理ちゃん、\n　イキたいのずっと我慢してたの？」%K%P
%LC梨理
%LC梨理
「んっ、だって、初エッチだし、記念だしっ。\n　やっぱ、最初は一緒がいいなって……」%K%P
「んっ、だって、初エッチだし、記念だしっ。\n　やっぱ、最初は一緒がいいなって……」%K%P
%LC陽菜
%LC陽菜
「もう……」%K%P
「もう……」%K%P
それならそうと言ってくれれば――とは思ったけど、\nそれを言わないのが、梨理ちゃんだから。%K%P
それならそうと言ってくれれば――とは思ったけど、\nそれを言わないのが、梨理ちゃんだから。%K%P
%LC陽菜
%LC陽菜
「じゃあ……この先は我慢しないで。\n　一緒にいこっ？　いい？」%K%P
「じゃあ……この先は我慢しないで。\n　一緒にいこっ？　いい？」%K%P
%LC梨理
%LC梨理
「うんっ　じゃあもう、我慢しないっ……氈v%K%P
「うんっ　じゃあもう、我慢しないっ……氈v%K%P
問い掛けに笑って頷いた梨理ちゃんは、\nそのままオレ目掛けて、腰をぐいっと――、%K%P
問い掛けに笑って頷いた梨理ちゃんは、\nそのままオレ目掛けて、腰をぐいっと――、%K%P
%LC陽菜
%LC陽菜
「ひぐッ……？！　なっ、なに、これっ……？！」%K%P
「ひぐッ……？！　なっ、なに、これっ……？！」%K%P
%LC梨理
%LC梨理
「んふっ、にひひっ……　我慢って、\n　自分のためじゃなく、日向のためだよっ？」%K%P
「んふっ、にひひっ……　我慢って、\n　自分のためじゃなく、日向のためだよっ？」%K%P
%LC梨理
%LC梨理
「私ってイキそうになると、おま○こが、\n　ぎゅーってなっちゃうからっ……氈v%K%P
「私ってイキそうになると、おま○こが、\n　ぎゅーってなっちゃうからっ……氈v%K%P
%LC梨理
%LC梨理
「いきなりそれしちゃったら、日向、絶対、\n　おかしくなっちゃうと思ってっ……氈v%K%P
「いきなりそれしちゃったら、日向、絶対、\n　おかしくなっちゃうと思ってっ……氈v%K%P
%LC梨理
%LC梨理
「はあっ、はあっ、んっ……ほら、ねっ？\n　おま○こ、ぎゅって、ぎゅーってっ……氈v%K%P
「はあっ、はあっ、んっ……ほら、ねっ？\n　おま○こ、ぎゅって、ぎゅーってっ……氈v%K%P
%LC梨理
%LC梨理
「一度こうなっちゃうと、もう、とまんなくって、\n　イクまで勝手に、ぎゅぎゅーって……んあうっ氈v%K%P
「一度こうなっちゃうと、もう、とまんなくって、\n　イクまで勝手に、ぎゅぎゅーって……んあうっ氈v%K%P
%LC梨理
%LC梨理
「はあっ、ああっ　やうっ、ち○ぽ、\n　もっと……んぐっ、はぁあっ、あああっ氈v%K%P
「はあっ、ああっ　やうっ、ち○ぽ、\n　もっと……んぐっ、はぁあっ、あああっ氈v%K%P
%LC陽菜
%LC陽菜
「いッ……これ、やばいっ……はッ、ああっ」%K%P
「いッ……これ、やばいっ……はッ、ああっ」%K%P
梨理ちゃんの言葉通り、\n絶頂が近づくほど、膣圧がぐんぐん増していく。%K%P
梨理ちゃんの言葉通り、\n絶頂が近づくほど、膣圧がぐんぐん増していく。%K%P
まるでリミッターを解除したみたいに、\nうねうね絡みつくヒダが、波状攻撃を仕掛けてきて。%K%P
まるでリミッターを解除したみたいに、\nうねうね絡みつくヒダが、波状攻撃を仕掛けてきて。%K%P
すぐにも精子が漏れそう……っていうか、\nこれ、マジでっ……ひぐっ、ああああっ……！？%K%P
すぐにも精子が漏れそう……っていうか、\nこれ、マジでっ……ひぐっ、ああああっ……！？%K%P
%LC陽菜
%LC陽菜
「梨理ちゃん、出るッ……オレ、もうっ……！」%K%P
「梨理ちゃん、出るッ……オレ、もうっ……！」%K%P
%LC梨理
%LC梨理
「んッ、私もっ……あっ、くるっ、キそう……っ歃n　ち○ぽと、一緒に……ぐっ、あアぁあぁッ氈v%K%P
「んッ、私もっ……あっ、くるっ、キそう……っ歃n　ち○ぽと、一緒に……ぐっ、あアぁあぁッ氈v%K%P
%LC梨理
%LC梨理
「んあっ、はあっ　いくっ、イッちゃうっ、\n　日向、日向っ、ひなたひなたひなたぁぁあッ氈v%K%P
「んあっ、はあっ　いくっ、イッちゃうっ、\n　日向、日向っ、ひなたひなたひなたぁぁあッ氈v%K%P
%LC梨理
%LC梨理
「ひうッ、はぁあああっ　あふっ、はふっ、\n　あっ、んぐっ……くっ、はっ、はっ、はあっ氈v%K%P
「ひうッ、はぁあああっ　あふっ、はふっ、\n　あっ、んぐっ……くっ、はっ、はっ、はあっ氈v%K%P
%LC梨理
%LC梨理
「やあっ、ち○ぽから、せーし……んあうっ、\n　びゅるびゅる、出て……ぐっ、ふぅ、ああっ氈v%K%P
「やあっ、ち○ぽから、せーし……んあうっ、\n　びゅるびゅる、出て……ぐっ、ふぅ、ああっ氈v%K%P
絶頂まで一気に駆け抜けた梨理ちゃんが、\n息を乱しながら、何度も小刻みに身悶える。%K%P
絶頂まで一気に駆け抜けた梨理ちゃんが、\n息を乱しながら、何度も小刻みに身悶える。%K%P
彼女の身体が痙攣するたび、オレのペニスから、\n濃いのがどくどく、彼女の膣内に溢れ出た。%K%P
彼女の身体が痙攣するたび、オレのペニスから、\n濃いのがどくどく、彼女の膣内に溢れ出た。%K%P
%LC陽菜
%LC陽菜
「んぐッ……はぁ、あっ、ああっ……」%K%P
「んぐッ……はぁ、あっ、ああっ……」%K%P
精子と一緒に、全身の力が抜けていく。%K%P
精子と一緒に、全身の力が抜けていく。%K%P
精魂尽き果てるっていうけど、\nいまの射精が、まさにそんな感じかも――、%K%P
精魂尽き果てるっていうけど、\nいまの射精が、まさにそんな感じかも――、%K%P
%LC梨理
%LC梨理
「ふぅ、はぁっ、はあっ……んんっ、\n　エッチって、こんなに体力、使うんだ……」%K%P
「ふぅ、はぁっ、はあっ……んんっ、\n　エッチって、こんなに体力、使うんだ……」%K%P
%LC梨理
%LC梨理
「めっちゃ気持ち良くって、くたくたで……。\n　エッチとオナニーじゃ、ぜんぜん違うっ……」%K%P
「めっちゃ気持ち良くって、くたくたで……。\n　エッチとオナニーじゃ、ぜんぜん違うっ……」%K%P
オレと同じく精魂尽き果てたっぽい梨理ちゃんが、\n譫言のように初エッチの感想を漏らす。%K%P
オレと同じく精魂尽き果てたっぽい梨理ちゃんが、\n譫言のように初エッチの感想を漏らす。%K%P
まったくもって同意すぎて、\nうんうんと、心の中で頷いてしまった。%K%P
まったくもって同意すぎて、\nうんうんと、心の中で頷いてしまった。%K%P
%LC梨理
%LC梨理
「はぁ、んっ……日向、どうだった？\n　私とのエッチ、気持ちよかった……？」%K%P
「はぁ、んっ……日向、どうだった？\n　私とのエッチ、気持ちよかった……？」%K%P
%LC陽菜
%LC陽菜
「うんっ……よすぎて、意識、やばいかも……」%K%P
「うんっ……よすぎて、意識、やばいかも……」%K%P
%LC梨理
%LC梨理
「あっ……あ、そっか。\n　日向、さっき湯あたりしかけて……」%K%P
「あっ……あ、そっか。\n　日向、さっき湯あたりしかけて……」%K%P
%LC梨理
%LC梨理
「それなのに私、あんなに、激しく……。\n　うぅ……ごめんね？　日向」%K%P
「それなのに私、あんなに、激しく……。\n　うぅ……ごめんね？　日向」%K%P
%LC陽菜
%LC陽菜
「大丈夫だよ、梨理ちゃん。\n　このまま大人しくしてれば落ち着くから」%K%P
「大丈夫だよ、梨理ちゃん。\n　このまま大人しくしてれば落ち着くから」%K%P
%LC梨理
%LC梨理
「このままって……このまま？」%K%P
「このままって……このまま？」%K%P
%LC陽菜
%LC陽菜
「うん。このまま――」%K%P
「うん。このまま――」%K%P
……って、あれ？　この言い方だと、\nペニスも挿れたままってことになるんじゃ――、%K%P
……って、あれ？　この言い方だと、\nペニスも挿れたままってことになるんじゃ――、%K%P
%LC梨理
%LC梨理
「んっ……えへ、このまま、このままっ歃n　ち○ぽ、おま○こに、挿れたままっ……氈v%K%P
「んっ……えへ、このまま、このままっ歃n　ち○ぽ、おま○こに、挿れたままっ……氈v%K%P
やっぱり勘違いしてる……！？%K%P
やっぱり勘違いしてる……！？%K%P
%LC陽菜
%LC陽菜
「あっ、あの、梨理ちゃん……？\n　ち○ぽのことなんだけど……」%K%P
「あっ、あの、梨理ちゃん……？\n　ち○ぽのことなんだけど……」%K%P
%LC梨理
%LC梨理
「んっ、大丈夫。任せといて、日向。\n　私がちゃんと、ぎゅってしとくから」%K%P
「んっ、大丈夫。任せといて、日向。\n　私がちゃんと、ぎゅってしとくから」%K%P
%LC陽菜
%LC陽菜
「いや、そうじゃなくて――」%K%P
「いや、そうじゃなくて――」%K%P
%LC梨理
%LC梨理
「ぎゅぅーっ氈v%K%P
「ぎゅぅーっ氈v%K%P
%LC陽菜
%LC陽菜
「ふにゃうぅっ氈v%K%P
「ふにゃうぅっ氈v%K%P
あまりにも綺麗なフラグ回収に、\n声を上げつつ、心の中で笑ってしまう。%K%P
あまりにも綺麗なフラグ回収に、\n声を上げつつ、心の中で笑ってしまう。%K%P
にしても、ぎゅーってする梨理ちゃん、\n想像以上に可愛いんだけどっ……？！%K%P
にしても、ぎゅーってする梨理ちゃん、\n想像以上に可愛いんだけどっ……？！%K%P
ぐっ、これ、もっとしてもらいたけど、\nそんなことしたら、いよいよ意識が――、%K%P
ぐっ、これ、もっとしてもらいたけど、\nそんなことしたら、いよいよ意識が――、%K%P
%LC梨理
%LC梨理
「……あっ、いま、膣内でびくってしたっ。\n　日向のち○ぽ、ほんと可愛いっ……氈v%K%P
「……あっ、いま、膣内でびくってしたっ。\n　日向のち○ぽ、ほんと可愛いっ……氈v%K%P
%LC梨理
%LC梨理
「これ、もっと、ぎゅってしたいかも……。\n　ねえ日向、いっぱいぎゅってしていい？」%K%P
「これ、もっと、ぎゅってしたいかも……。\n　ねえ日向、いっぱいぎゅってしていい？」%K%P
%LC陽菜
%LC陽菜
「悪いけど、それ以上されると――」%K%P
「悪いけど、それ以上されると――」%K%P
%LC梨理
%LC梨理
「ぎゅぅー氈v%K%P
「ぎゅぅー氈v%K%P
%LC陽菜
%LC陽菜
「にゃうっ？！　ちょっ、人の話聞いてっ。\n　ち○ぽぎゅってしちゃダメっ……！」%K%P
「にゃうっ？！　ちょっ、人の話聞いてっ。\n　ち○ぽぎゅってしちゃダメっ……！」%K%P
%LC梨理
%LC梨理
「だめって言われても……やだ、したい。\n　日向のこと、いっぱいぎゅってしたいっ氈v%K%P
「だめって言われても……やだ、したい。\n　日向のこと、いっぱいぎゅってしたいっ氈v%K%P
%LC陽菜
%LC陽菜
「気持ちは嬉しいけど、今はマズいのっ。\n　いまされると、ち○ぽがっ……」%K%P
「気持ちは嬉しいけど、今はマズいのっ。\n　いまされると、ち○ぽがっ……」%K%P
オレとしては出し切った感じでも、\n身体の方が勝手に限界を超えてくる可能性もある。%K%P
オレとしては出し切った感じでも、\n身体の方が勝手に限界を超えてくる可能性もある。%K%P
ペニスの勃起が治まらなくなって、\nそれを見た梨理ちゃんが気を利かせてくれて――、%K%P
ペニスの勃起が治まらなくなって、\nそれを見た梨理ちゃんが気を利かせてくれて――、%K%P
なんて展開になったら、間違いなく意識が飛ぶ。%K%P
なんて展開になったら、間違いなく意識が飛ぶ。%K%P
%LC梨理
%LC梨理
「だって、日向がこのままって言ったんだし。\n　ち○ぽだって、おま○この中にいたいでしょ？」%K%P
「だって、日向がこのままって言ったんだし。\n　ち○ぽだって、おま○この中にいたいでしょ？」%K%P
%LC梨理
%LC梨理
「だから、いっぱいっ……ぎゅーって、\n　ぎゅーって、ぎゅーってぇっ……んんッ氈v%K%P
「だから、いっぱいっ……ぎゅーって、\n　ぎゅーって、ぎゅーってぇっ……んんッ氈v%K%P
%LC陽菜
%LC陽菜
「ひぐッ……ちょっ、だめっ、それだめ、\n　ホントだめなんだってばっ……！」%K%P
「ひぐッ……ちょっ、だめっ、それだめ、\n　ホントだめなんだってばっ……！」%K%P
あとは萎えるだけだったはずのペニスを、\n梨理ちゃんの膣口が全力で締めつける。%K%P
あとは萎えるだけだったはずのペニスを、\n梨理ちゃんの膣口が全力で締めつける。%K%P
それはあまりにキツすぎて、\n海綿体に集まった血液が外に出られない。%K%P
それはあまりにキツすぎて、\n海綿体に集まった血液が外に出られない。%K%P
つまり、強制的に勃起したままってことで――、%K%P
つまり、強制的に勃起したままってことで――、%K%P
%LC梨理
%LC梨理
「うわ……日向のち○ぽ、ガチガチ……歃n　２回も射精したのに、まだヤリたいんだ……氈v%K%P
「うわ……日向のち○ぽ、ガチガチ……歃n　２回も射精したのに、まだヤリたいんだ……氈v%K%P
%LC梨理
%LC梨理
「もぅ、ほんと日向ってエロいし……。\n　でも……いいよ？　もっかいおま○こしよ？」%K%P
「もぅ、ほんと日向ってエロいし……。\n　でも……いいよ？　もっかいおま○こしよ？」%K%P
%LC陽菜
%LC陽菜
「いっ……？！　ちっ、違うんだってばっ。\n　これは梨理ちゃんのおま○このせいでっ……！」%K%P
「いっ……？！　ちっ、違うんだってばっ。\n　これは梨理ちゃんのおま○このせいでっ……！」%K%P
%LC梨理
%LC梨理
「だから、私のおま○こが気持ちよくって、\n　まだまだヤリたいぞってことなんでしょ？」%K%P
「だから、私のおま○こが気持ちよくって、\n　まだまだヤリたいぞってことなんでしょ？」%K%P
%LC梨理
%LC梨理
「私はいいよ？　日向がしたいだけ……なんなら、\n　このまま朝までだって付き合ったげるっ」%K%P
「私はいいよ？　日向がしたいだけ……なんなら、\n　このまま朝までだって付き合ったげるっ」%K%P
%LC陽菜
%LC陽菜
「朝までって……むりむりっ、\n　そんなの無理だってばっ……！」%K%P
「朝までって……むりむりっ、\n　そんなの無理だってばっ……！」%K%P
%LC梨理
%LC梨理
「心配しなくても大丈夫だし。\n　もし誰か来ても、私が誤魔化してあげる」%K%P
「心配しなくても大丈夫だし。\n　もし誰か来ても、私が誤魔化してあげる」%K%P
%LC梨理
%LC梨理
「日向の{ち○ぽ:ヒミツ}は、私だけのモノだし。\n　誰にも渡さないんもんねっ？　……にひひっ氈v%K%P
「日向の{ち○ぽ:ヒミツ}は、私だけのモノだし。\n　誰にも渡さないんもんねっ？　……にひひっ氈v%K%P
%LC陽菜
%LC陽菜
「やっ、だめ、ほんとっ……あっ、ああっ」%K%P
「やっ、だめ、ほんとっ……あっ、ああっ」%K%P
子供みたいにはしゃぐ梨理ちゃんのおま○こは、\nペニスをがっちり抱きしめて離さない。%K%P
子供みたいにはしゃぐ梨理ちゃんのおま○こは、\nペニスをがっちり抱きしめて離さない。%K%P
それはもはや、甘えん坊な駄々っ子みたいで。%K%P
それはもはや、甘えん坊な駄々っ子みたいで。%K%P
%LC陽菜
%LC陽菜
「ぐっ……うっ、うそっ……？！\n　なんでこんな、すぐに、またっ……」%K%P
「ぐっ……うっ、うそっ……？！\n　なんでこんな、すぐに、またっ……」%K%P
梨理ちゃんのとろとろなおま○こに、\nオレのち○ぽはどんどん揉みくちゃにされて。%K%P
梨理ちゃんのとろとろなおま○こに、\nオレのち○ぽはどんどん揉みくちゃにされて。%K%P
腰をちっとも動かしてないのに、\n亀頭が熱を帯びて、玉袋が騒ぎ出して。%K%P
腰をちっとも動かしてないのに、\n亀頭が熱を帯びて、玉袋が騒ぎ出して。%K%P
%LC梨理
%LC梨理
「あっ……わはっ　この感じ、\n　さっきの射精前とおんなじっ……氈v%K%P
「あっ……わはっ　この感じ、\n　さっきの射精前とおんなじっ……氈v%K%P
%LC梨理
%LC梨理
「ち○ぽ、びくびくって……くっ、あんっ歃n　やっぱ日向のち○ぽ、エロすぎっ……氈v%K%P
「ち○ぽ、びくびくって……くっ、あんっ歃n　やっぱ日向のち○ぽ、エロすぎっ……氈v%K%P
%LC陽菜
%LC陽菜
「これ、ちがっ……エロいのは、\n　梨理ちゃんのおま○このほうでっ……！」%K%P
「これ、ちがっ……エロいのは、\n　梨理ちゃんのおま○このほうでっ……！」%K%P
%LC梨理
%LC梨理
「なら、そのエッロいおま○こでぇ……、\n　日向のち○ぽ、ぎゅっ、ぎゅうううっ氈v%K%P
「なら、そのエッロいおま○こでぇ……、\n　日向のち○ぽ、ぎゅっ、ぎゅうううっ氈v%K%P
%LC陽菜
%LC陽菜
「ひッ……ひぐっ、やうっ、あぁあッ……！」%K%P
「ひッ……ひぐっ、やうっ、あぁあッ……！」%K%P
さっき射精してから、\nまだ１０分と経ってないのに。%K%P
さっき射精してから、\nまだ１０分と経ってないのに。%K%P
脈打つペニスがオレの腰を突き動かして、\n再び梨理ちゃんの膣内に、射精をしようと――%K%P
脈打つペニスがオレの腰を突き動かして、\n再び梨理ちゃんの膣内に、射精をしようと――%K%P
%LC陽菜
%LC陽菜
「なっ……うそっ、出るのっ……？！\n　ホントに出ちゃうのっ……！？」%K%P
「なっ……うそっ、出るのっ……？！\n　ホントに出ちゃうのっ……！？」%K%P
%LC梨理
%LC梨理
「ホントに出していいよっ？\n　私のおま○こに、どぴゅってしてっ？」%K%P
「ホントに出していいよっ？\n　私のおま○こに、どぴゅってしてっ？」%K%P
%LC梨理
%LC梨理
「日向のち○ぽがまた射精しちゃうのは、\n　私がおま○こでぎゅってしたせいだしっ」%K%P
「日向のち○ぽがまた射精しちゃうのは、\n　私がおま○こでぎゅってしたせいだしっ」%K%P
%LC梨理
%LC梨理
「だから、精子もぜんぶ、おま○こにっ……。\n　ねっ？　ちょうだいっ？　日向っ氈v%K%P
「だから、精子もぜんぶ、おま○こにっ……。\n　ねっ？　ちょうだいっ？　日向っ氈v%K%P
%LC陽菜
%LC陽菜
「ぐっ……もうっ、ああもうっ、\n　梨理ちゃんのえっちえっちえっちぃいいッ！」%K%P
「ぐっ……もうっ、ああもうっ、\n　梨理ちゃんのえっちえっちえっちぃいいッ！」%K%P
%LC陽菜
%LC陽菜
「ぐッ……くっ、んんッ……あっ、ああっ……氈v%K%P
「ぐッ……くっ、んんッ……あっ、ああっ……氈v%K%P
%LC梨理
%LC梨理
「ふあっ、やんっ、んああっ　またくるっ、\n　日向の精子、また、膣内にっ……んあぁあっ氈v%K%P
「ふあっ、やんっ、んああっ　またくるっ、\n　日向の精子、また、膣内にっ……んあぁあっ氈v%K%P
%LC梨理
%LC梨理
「はぁはぁっ、精子、すっごひっ……歃n　びゅるびゅる、どくどく……あ、あ、ああっ氈v%K%P
「はぁはぁっ、精子、すっごひっ……歃n　びゅるびゅる、どくどく……あ、あ、ああっ氈v%K%P
当てつけるように叫びながら絶頂すると、\n梨理ちゃんの膣内が、再びぎゅーっと収縮して。%K%P
当てつけるように叫びながら絶頂すると、\n梨理ちゃんの膣内が、再びぎゅーっと収縮して。%K%P
キツキツすぎるトンネルの中で、オレのペニスは、\n玉袋がからっぽになるまで震え続けた。%K%P
キツキツすぎるトンネルの中で、オレのペニスは、\n玉袋がからっぽになるまで震え続けた。%K%P
%LC梨理
%LC梨理
「はぁ、はぁ……２回目も、いっぱいっ……歃n　日向のち○ぽ、ほんと、すごすぎっ……氈v%K%P
「はぁ、はぁ……２回目も、いっぱいっ……歃n　日向のち○ぽ、ほんと、すごすぎっ……氈v%K%P
%LC陽菜
%LC陽菜
「んっ……だから、すごいのは、\n　梨理ちゃんのおま○この、ほう、でっ……」%K%P
「んっ……だから、すごいのは、\n　梨理ちゃんのおま○この、ほう、でっ……」%K%P
息も絶え絶えな状態なのに、\nそれでも、言わずにはいられない。%K%P
息も絶え絶えな状態なのに、\nそれでも、言わずにはいられない。%K%P
本当にエロいのは、梨理ちゃんのほうだって。%K%P
本当にエロいのは、梨理ちゃんのほうだって。%K%P
でなきゃ、こんな、ふらふらになるぐらい、\n精子が搾りとられるなんてことは――、%K%P
でなきゃ、こんな、ふらふらになるぐらい、\n精子が搾りとられるなんてことは――、%K%P
%LC陽菜
%LC陽菜
「あっ……ヤバい、またっ……」%K%P
「あっ……ヤバい、またっ……」%K%P
さっき湯船につかっていたときに感じた、\n湯あたりのような立ちくらみに視界が揺れる。%K%P
さっき湯船につかっていたときに感じた、\n湯あたりのような立ちくらみに視界が揺れる。%K%P
……そうか、これって貧血なんだ。%K%P
……そうか、これって貧血なんだ。%K%P
だって、身体の一部に血が集まって、\nそれがちっとも循環してないんだから。%K%P
だって、身体の一部に血が集まって、\nそれがちっとも循環してないんだから。%K%P
%LC陽菜
%LC陽菜
「はぁ、はぁっ……梨理ちゃん、ごめん。\n　オレ、ちょっと、休むねっ……」%K%P
「はぁ、はぁっ……梨理ちゃん、ごめん。\n　オレ、ちょっと、休むねっ……」%K%P
%LC梨理
%LC梨理
「休むって……日向？　大丈夫？」%K%P
「休むって……日向？　大丈夫？」%K%P
%LC陽菜
%LC陽菜
「うん。少し休めば、へいき……」%K%P
「うん。少し休めば、へいき……」%K%P
さっきの二の舞にならないよう、\n今度こそちゃんと、ペニスを抜いて――、%K%P
さっきの二の舞にならないよう、\n今度こそちゃんと、ペニスを抜いて――、%K%P
%LC梨理
%LC梨理
「んやっ、あぁあう……っ氈v%K%P
「んやっ、あぁあう……っ氈v%K%P
可愛い声とともにペニスが抜け落ちると、\n溶けたアイスみたいに、膣口から精子が垂れる。%K%P
可愛い声とともにペニスが抜け落ちると、\n溶けたアイスみたいに、膣口から精子が垂れる。%K%P
膣内で掻き混ぜられた精子は泡立っていて、\n気のせいじゃなく、いつも以上に、匂いが濃くて。%K%P
膣内で掻き混ぜられた精子は泡立っていて、\n気のせいじゃなく、いつも以上に、匂いが濃くて。%K%P
%LC梨理
%LC梨理
「んっ……はぁっ、はあっ……もうっ、\n　こんな匂い嗅がせといて、休むとか、ズルいっ」%K%P
「んっ……はぁっ、はあっ……もうっ、\n　こんな匂い嗅がせといて、休むとか、ズルいっ」%K%P
%LC陽菜
%LC陽菜
「ごめんっ……。この埋め合わせは、\n　いつか必ず、ぜったい、するからっ……」%K%P
「ごめんっ……。この埋め合わせは、\n　いつか必ず、ぜったい、するからっ……」%K%P
%LC梨理
%LC梨理
「あっ……ちょっ、日向っ」%K%P
「あっ……ちょっ、日向っ」%K%P
力なく倒れていくオレの身体を、\n梨理ちゃんの小さな手が支えてくれる。%K%P
力なく倒れていくオレの身体を、\n梨理ちゃんの小さな手が支えてくれる。%K%P
おかげで、どこにも頭を打つことなく、\nオレは浴場の床で大の字になれた。%K%P
おかげで、どこにも頭を打つことなく、\nオレは浴場の床で大の字になれた。%K%P
%LC梨理
%LC梨理
「ううっ、どうしよっ……。\n　私が調子に乗ったりしたからっ……」%K%P
「ううっ、どうしよっ……。\n　私が調子に乗ったりしたからっ……」%K%P
薄れていく意識の中で、\n梨理ちゃんが慌ててるのがわかる。%K%P
薄れていく意識の中で、\n梨理ちゃんが慌ててるのがわかる。%K%P
大丈夫だよって言いたかったけど、\nその前に、オレの意識は完全に堕ちてしまった。%K%P
大丈夫だよって言いたかったけど、\nその前に、オレの意識は完全に堕ちてしまった。%K%P
――目が覚めると、そこは浴場じゃなかった。%K%P
――目が覚めると、そこは浴場じゃなかった。%K%P
消灯していて薄暗かったけど、\n見覚えのある家具や調度品がいくつか見えて。%K%P
消灯していて薄暗かったけど、\n見覚えのある家具や調度品がいくつか見えて。%K%P
%LC陽菜
%LC陽菜
「ここって、合宿所の――」%K%P
「ここって、合宿所の――」%K%P
%LC梨理
%LC梨理
「あっ……センセ、起きました？」%K%P
「あっ……センセ、起きました？」%K%P
%LC陽菜
%LC陽菜
「梨理ちゃん……？」%K%P
「梨理ちゃん……？」%K%P
%LC陽菜
%LC陽菜
「って……うわっ、ちかっ……？！」%K%P
「って……うわっ、ちかっ……？！」%K%P
%LC梨理
%LC梨理
「センセ、しーっ。おっきな声出しちゃだめです。\n　みんなが起きちゃいますから」%K%P
「センセ、しーっ。おっきな声出しちゃだめです。\n　みんなが起きちゃいますから」%K%P
%LC陽菜
%LC陽菜
「んっ……」%K%P
「んっ……」%K%P
囁かれて、咄嗟に口を噤む。%K%P
囁かれて、咄嗟に口を噤む。%K%P
一瞬、夢かと思ったけど、\n隣から感じる体温や匂いは生々しい。%K%P
一瞬、夢かと思ったけど、\n隣から感じる体温や匂いは生々しい。%K%P
でも、それでもやっぱり、夢みたいで。%K%P
でも、それでもやっぱり、夢みたいで。%K%P
%LC陽菜
%LC陽菜
「……これ、現実？」%K%P
「……これ、現実？」%K%P
そんな風に聞くと、梨理ちゃんはくすっと笑った。%K%P
そんな風に聞くと、梨理ちゃんはくすっと笑った。%K%P
%LC梨理
%LC梨理
「安心してください。ちゃんと現実なので。\n　丸二日寝てた、とかでもないですし」%K%P
「安心してください。ちゃんと現実なので。\n　丸二日寝てた、とかでもないですし」%K%P
%LC陽菜
%LC陽菜
「じゃあ……あのあと梨理ちゃんが、\n　オレをここまで――」%K%P
「じゃあ……あのあと梨理ちゃんが、\n　オレをここまで――」%K%P
%LC梨理
%LC梨理
「センセ。オレじゃなくて、わ・た・し。\n　センセは女の子でしょ？」%K%P
「センセ。オレじゃなくて、わ・た・し。\n　センセは女の子でしょ？」%K%P
そう指摘されて、そこでやっと、\n梨理ちゃんの口調も変わっていることに気付く。%K%P
そう指摘されて、そこでやっと、\n梨理ちゃんの口調も変わっていることに気付く。%K%P
ですます口調に、センセって呼称は、\n卯花陽菜に接するときの梨理ちゃんだ。%K%P
ですます口調に、センセって呼称は、\n卯花陽菜に接するときの梨理ちゃんだ。%K%P
%LC陽菜
%LC陽菜
「んっ……ごめん、変な夢、見てて……。\n　それでつい、オレって言っちゃった」%K%P
「んっ……ごめん、変な夢、見てて……。\n　それでつい、オレって言っちゃった」%K%P
%LC梨理
%LC梨理
「ふふっ、もう、変なセンセ」%K%P
「ふふっ、もう、変なセンセ」%K%P
オレの言葉に、梨理ちゃんはくすっと笑うけど、\nそのあと、ふっと真顔になって。%K%P
オレの言葉に、梨理ちゃんはくすっと笑うけど、\nそのあと、ふっと真顔になって。%K%P
%LC梨理
%LC梨理
「まさか……お風呂場での出来事を夢だった、\n　とか、思ってるわけじゃないですよね……？」%K%P
「まさか……お風呂場での出来事を夢だった、\n　とか、思ってるわけじゃないですよね……？」%K%P
鼓膜を直接震わせるようなひそひそ声に、\nドキドキしつつ、小さく頷く。%K%P
鼓膜を直接震わせるようなひそひそ声に、\nドキドキしつつ、小さく頷く。%K%P
%LC陽菜
%LC陽菜
「もちろん、そんなこと思ってないよ。\n　いまのは用心のためだから」%K%P
「もちろん、そんなこと思ってないよ。\n　いまのは用心のためだから」%K%P
%LC陽菜
%LC陽菜
「万一、誰かが起きててさっきの会話を聞いてたら、\n　ああ言っておいた方が自然かなって」%K%P
「万一、誰かが起きててさっきの会話を聞いてたら、\n　ああ言っておいた方が自然かなって」%K%P
%LC梨理
%LC梨理
「うわ……。センセって、策士……」%K%P
「うわ……。センセって、策士……」%K%P
%LC陽菜
%LC陽菜
「せめて用心深いって言って」%K%P
「せめて用心深いって言って」%K%P
%LC梨理
%LC梨理
「くすっ、ですよね。そのぐらいでないと、\n　女学園に女装潜入なんてできませんし」%K%P
「くすっ、ですよね。そのぐらいでないと、\n　女学園に女装潜入なんてできませんし」%K%P
%LC梨理
%LC梨理
「まあ、いくら恩師を助けるためとはいえ、\n　さすがにお人好しがすぎるとは思いましたけど」%K%P
「まあ、いくら恩師を助けるためとはいえ、\n　さすがにお人好しがすぎるとは思いましたけど」%K%P
%LC陽菜
%LC陽菜
「恩師って……なんで、そのこと――」%K%P
「恩師って……なんで、そのこと――」%K%P
女装はバレたわけだけど、\n理由に関しては、なにも説明してないのに。%K%P
女装はバレたわけだけど、\n理由に関しては、なにも説明してないのに。%K%P
%LC梨理
%LC梨理
「お姉ちゃんに聞いたんです。\n　お風呂場からここまで、センセを運んだときに」%K%P
「お姉ちゃんに聞いたんです。\n　お風呂場からここまで、センセを運んだときに」%K%P
%LC梨理
%LC梨理
「センセが倒れちゃったあと、私ひとりじゃ、\n　さすがにどうにもならなくて」%K%P
「センセが倒れちゃったあと、私ひとりじゃ、\n　さすがにどうにもならなくて」%K%P
%LC梨理
%LC梨理
「わたわたしてたら、さすがに遅いからって、\n　お姉ちゃんが様子を見に来てくれて」%K%P
「わたわたしてたら、さすがに遅いからって、\n　お姉ちゃんが様子を見に来てくれて」%K%P
%LC梨理
%LC梨理
「もちろん、めっちゃ焦ったんですよ？　最初。\n　お姉ちゃんもセンセのヒミツを知ってるなんて、\n　そんなの知らなかったから」%K%P
「もちろん、めっちゃ焦ったんですよ？　最初。\n　お姉ちゃんもセンセのヒミツを知ってるなんて、\n　そんなの知らなかったから」%K%P
%LC梨理
%LC梨理
「そしたらお姉ちゃんが、私も手伝うから、\n　寝室までセンセを運ぶよって、言ってくれて」%K%P
「そしたらお姉ちゃんが、私も手伝うから、\n　寝室までセンセを運ぶよって、言ってくれて」%K%P
%LC梨理
%LC梨理
「そのとき、色々、聞いて……」%K%P
「そのとき、色々、聞いて……」%K%P
%LC陽菜
%LC陽菜
「なるほど。それで……」%K%P
「なるほど。それで……」%K%P
…………ん？　待てよ？　ってことは――、%K%P
…………ん？　待てよ？　ってことは――、%K%P
%LC陽菜
%LC陽菜
「ひょっとして……美実様も、\n　私の裸を見ちゃったってこと……？」%K%P
「ひょっとして……美実様も、\n　私の裸を見ちゃったってこと……？」%K%P
%LC梨理
%LC梨理
「ん……。タオルで隠そうとしたんですけど、\n　間に合わなくて……」%K%P
「ん……。タオルで隠そうとしたんですけど、\n　間に合わなくて……」%K%P
%LC梨理
%LC梨理
「あっ、でも、もうちっちゃくなってたんで。\n　ガチガチ状態は見られてないのでご安心を」%K%P
「あっ、でも、もうちっちゃくなってたんで。\n　ガチガチ状態は見られてないのでご安心を」%K%P
%LC陽菜
%LC陽菜
「ご安心って言われても……」%K%P
「ご安心って言われても……」%K%P
見られちゃったことには、変わりないわけで。%K%P
見られちゃったことには、変わりないわけで。%K%P
%LC陽菜
%LC陽菜
「うぅ……明日、どんな顔して会えば……」%K%P
「うぅ……明日、どんな顔して会えば……」%K%P
%LC梨理
%LC梨理
「大丈夫ですよ、センセ。お姉ちゃん、\n　センセのアソコ、可愛いって言ってましたし」%K%P
「大丈夫ですよ、センセ。お姉ちゃん、\n　センセのアソコ、可愛いって言ってましたし」%K%P
%LC陽菜
%LC陽菜
「それ、なんの慰めにもなってないから」%K%P
「それ、なんの慰めにもなってないから」%K%P
%LC梨理
%LC梨理
「でも、はっきり言っておいたので。\n　センセのアソコを見ていいのは今回だけって」%K%P
「でも、はっきり言っておいたので。\n　センセのアソコを見ていいのは今回だけって」%K%P
%LC梨理
%LC梨理
「センセは私のものだから。\n　たとえお姉ちゃんでも渡さないって」%K%P
「センセは私のものだから。\n　たとえお姉ちゃんでも渡さないって」%K%P
%LC陽菜
%LC陽菜
「そんなこと言わなくても、\n　美実様が私を欲しがるとは思えないけど」%K%P
「そんなこと言わなくても、\n　美実様が私を欲しがるとは思えないけど」%K%P
%LC梨理
%LC梨理
「そんなのわかんないじゃないですか。\n　それでなくても、センセ、モテるんだし」%K%P
「そんなのわかんないじゃないですか。\n　それでなくても、センセ、モテるんだし」%K%P
%LC陽菜
%LC陽菜
「もう、またその話？\n　それならモテないって言ったよね？」%K%P
「もう、またその話？\n　それならモテないって言ったよね？」%K%P
%LC梨理
%LC梨理
「確かに、{あっち:・・・}のセンセは、\n　モテたことないのかもしれませんけど……」%K%P
「確かに、{あっち:・・・}のセンセは、\n　モテたことないのかもしれませんけど……」%K%P
%LC梨理
%LC梨理
「でも、{こっち:・・・}のセンセは、\n　みんなにモテモテじゃないですか」%K%P
「でも、{こっち:・・・}のセンセは、\n　みんなにモテモテじゃないですか」%K%P
%LC陽菜
%LC陽菜
「それは……」%K%P
「それは……」%K%P
確かに、客観的に判断した場合、\n卯花陽菜は人気があるな、とは思うけど。%K%P
確かに、客観的に判断した場合、\n卯花陽菜は人気があるな、とは思うけど。%K%P
%LC陽菜
%LC陽菜
「それ、私が素直に喜んでると思う？」%K%P
「それ、私が素直に喜んでると思う？」%K%P
%LC梨理
%LC梨理
「センセが喜んでるかどうかが問題じゃなくて、\n　モテモテな事実が問題なんです」%K%P
「センセが喜んでるかどうかが問題じゃなくて、\n　モテモテな事実が問題なんです」%K%P
%LC梨理
%LC梨理
「とにかく、これからは他の子たちと、\n　あんまりイチャイチャしないでください」%K%P
「とにかく、これからは他の子たちと、\n　あんまりイチャイチャしないでください」%K%P
%LC陽菜
%LC陽菜
「そもそもイチャイチャした覚えなんて\n　ないんだけど……」%K%P
「そもそもイチャイチャした覚えなんて\n　ないんだけど……」%K%P
%LC梨理
%LC梨理
「しないでください」%K%P
「しないでください」%K%P
%LC陽菜
%LC陽菜
「……うん。わかりました。しません」%K%P
「……うん。わかりました。しません」%K%P
%LC梨理
%LC梨理
「えへっ、やったっ……氈v%K%P
「えへっ、やったっ……氈v%K%P
%LC梨理
%LC梨理
「じゃあ、言質もとったので。\n　今日はこれで、おやすみなさい」%K%P
「じゃあ、言質もとったので。\n　今日はこれで、おやすみなさい」%K%P
%LC陽菜
%LC陽菜
「おやすみって……え、うそ、\n　まさかこのまま寝るのっ？」%K%P
「おやすみって……え、うそ、\n　まさかこのまま寝るのっ？」%K%P
%LC梨理
%LC梨理
「ですよ？　いいですよね？\n　エンゲージしてるし、女の子同士だし」%K%P
「ですよ？　いいですよね？\n　エンゲージしてるし、女の子同士だし」%K%P
%LC陽菜
%LC陽菜
「ぐっ……もうっ……」%K%P
「ぐっ……もうっ……」%K%P
都合の良いときだけ女の子同士を振りかざす、\nそんな梨理ちゃんに、思わず呻く、けど。%K%P
都合の良いときだけ女の子同士を振りかざす、\nそんな梨理ちゃんに、思わず呻く、けど。%K%P
でも、こんなふうに堂々と、\n好きな子と一緒に寝れるなんて、幸せすぎて。%K%P
でも、こんなふうに堂々と、\n好きな子と一緒に寝れるなんて、幸せすぎて。%K%P
%LC陽菜
%LC陽菜
「……おやすみ、梨理ちゃん」%K%P
「……おやすみ、梨理ちゃん」%K%P
%LC梨理
%LC梨理
「はいっ……氈v%K%P
「はいっ……氈v%K%P
そっと囁くと、梨理ちゃんがにこっと笑う。%K%P
そっと囁くと、梨理ちゃんがにこっと笑う。%K%P
たぶん二度寝ってことになるのかもだけど、\nこれなら、ぐっすり眠る事ができそうだ。%K%P
たぶん二度寝ってことになるのかもだけど、\nこれなら、ぐっすり眠る事ができそうだ。%K%P
