梨理ちゃんとエンゲージして３日目の朝、\nオレは彼女と一緒に朝練をすることになった。%K%P
梨理ちゃんとエンゲージして３日目の朝、\nオレは彼女と一緒に朝練をすることになった。%K%P
でも、それはオレが思っていたよりも、\n味気ないというか、素っ気ないというか――。%K%P
でも、それはオレが思っていたよりも、\n味気ないというか、素っ気ないというか――。%K%P
%LC梨理
%LC梨理
「センセ。フォーム、見て貰えますか」%K%P
「センセ。フォーム、見て貰えますか」%K%P
%LC陽菜
%LC陽菜
「いいよ、任せて」%K%P
「いいよ、任せて」%K%P
%LC梨理
%LC梨理
「じゃあ、お願いします」%K%P
「じゃあ、お願いします」%K%P
%LC梨理
%LC梨理
「はぁ、はぁ……どうですか？」%K%P
「はぁ、はぁ……どうですか？」%K%P
%LC陽菜
%LC陽菜
「とっても綺麗だと思う。\n　正直、教えることがないぐらい」%K%P
「とっても綺麗だと思う。\n　正直、教えることがないぐらい」%K%P
%LC梨理
%LC梨理
「わかりました。なら、\n　このまま突き詰めることにします」%K%P
「わかりました。なら、\n　このまま突き詰めることにします」%K%P
%LC梨理
%LC梨理
「はぁ、はぁ……ふぅ……。\n　センセ、そろそろ時間ですけど」%K%P
「はぁ、はぁ……ふぅ……。\n　センセ、そろそろ時間ですけど」%K%P
%LC陽菜
%LC陽菜
「おっと……じゃあ、\n　今日はこのぐらいにしておく？」%K%P
「おっと……じゃあ、\n　今日はこのぐらいにしておく？」%K%P
%LC梨理
%LC梨理
「はい。本日は、ありがとうございました。\n　それじゃ、失礼します」%K%P
「はい。本日は、ありがとうございました。\n　それじゃ、失礼します」%K%P
%LC陽菜
%LC陽菜
「うん。ごきげんよう、梨理ちゃん」%K%P
「うん。ごきげんよう、梨理ちゃん」%K%P
%LC陽菜
%LC陽菜
「はぁー……」%K%P
「はぁー……」%K%P
朝練が終わり、授業も終わり、放課後になり。%K%P
朝練が終わり、授業も終わり、放課後になり。%K%P
気付いたら、職員寮に帰ってきていた。%K%P
気付いたら、職員寮に帰ってきていた。%K%P
梨理ちゃんと一緒に練習することはできた。%K%P
梨理ちゃんと一緒に練習することはできた。%K%P
できたけど……その内容はまるで、\n{騎士道:シュバルリィ}の授業の延長というか。%K%P
できたけど……その内容はまるで、\n{騎士道:シュバルリィ}の授業の延長というか。%K%P
とにかく淡々としていて……でも、\nどうすれば雰囲気が良くなるのか、わからなくて。%K%P
とにかく淡々としていて……でも、\nどうすれば雰囲気が良くなるのか、わからなくて。%K%P
わからないまま、終わってしまった。%K%P
わからないまま、終わってしまった。%K%P
%LC宗千佳
%LC宗千佳
「その様子だと、\n　どうにもなっていない感じか？」%K%P
「その様子だと、\n　どうにもなっていない感じか？」%K%P
%LC陽菜
%LC陽菜
「姉さん……」%K%P
「姉さん……」%K%P
%LC宗千佳
%LC宗千佳
「今朝、梨理と朝練をしてきたんだろう？\n　どうだったんだ？」%K%P
「今朝、梨理と朝練をしてきたんだろう？\n　どうだったんだ？」%K%P
%LC陽菜
%LC陽菜
「それが、なんて言ったらいいか……」%K%P
「それが、なんて言ったらいいか……」%K%P
%LC宗千佳
%LC宗千佳
「淡々とメニューをこなして、\n　時間がきたら、そこで終わり――」%K%P
「淡々とメニューをこなして、\n　時間がきたら、そこで終わり――」%K%P
%LC宗千佳
%LC宗千佳
「こんな感じか？」%K%P
「こんな感じか？」%K%P
%LC陽菜
%LC陽菜
「あっ、うん。まさに、そんな感じ」%K%P
「あっ、うん。まさに、そんな感じ」%K%P
お互い真面目にトレーニングしていたし、\n内容だけ見れば、成果は確かにあったと思う。%K%P
お互い真面目にトレーニングしていたし、\n内容だけ見れば、成果は確かにあったと思う。%K%P
でも、していた練習自体は普段と同じもので、\n二人一緒じゃなくても、出来たことばかりで。%K%P
でも、していた練習自体は普段と同じもので、\n二人一緒じゃなくても、出来たことばかりで。%K%P
一緒に練習する意味が、あまりにも薄かった。%K%P
一緒に練習する意味が、あまりにも薄かった。%K%P
%LC陽菜
%LC陽菜
「前に杏奈ちゃんのコーチをしたときは、\n　こんなふうには思わなかったんだけど……」%K%P
「前に杏奈ちゃんのコーチをしたときは、\n　こんなふうには思わなかったんだけど……」%K%P
%LC宗千佳
%LC宗千佳
「梨理はとにかく真面目だからな。\n　キツい言い方をすれば、面白みがない」%K%P
「梨理はとにかく真面目だからな。\n　キツい言い方をすれば、面白みがない」%K%P
%LC宗千佳
%LC宗千佳
「その真面目さが、梨理の強さの根源でもある。\n　練習量だけでいえば、依夜にも勝るだろう」%K%P
「その真面目さが、梨理の強さの根源でもある。\n　練習量だけでいえば、依夜にも勝るだろう」%K%P
%LC宗千佳
%LC宗千佳
「ただし、その真面目さこそが、\n　梨理の欠点だと私は思っているが」%K%P
「ただし、その真面目さこそが、\n　梨理の欠点だと私は思っているが」%K%P
%LC陽菜
%LC陽菜
「欠点……？　真面目なのが？」%K%P
「欠点……？　真面目なのが？」%K%P
%LC宗千佳
%LC宗千佳
「梨理には{舞闘:カデンツァ}を楽しむ余裕がない。\n　張り詰めた糸ほど切れやすいものだ」%K%P
「梨理には{舞闘:カデンツァ}を楽しむ余裕がない。\n　張り詰めた糸ほど切れやすいものだ」%K%P
%LC陽菜
%LC陽菜
「ん……」%K%P
「ん……」%K%P
姉さんの端的な表現にドキッとする。%K%P
姉さんの端的な表現にドキッとする。%K%P
確かにトレーニング中の梨理ちゃんは、\n常にひたむきで、とにかく懸命で。%K%P
確かにトレーニング中の梨理ちゃんは、\n常にひたむきで、とにかく懸命で。%K%P
とてもじゃないけれど、\n楽しんでいるようには見えなかった。%K%P
とてもじゃないけれど、\n楽しんでいるようには見えなかった。%K%P
%LC陽菜
%LC陽菜
「けど、楽しむ余裕って言っても……」%K%P
「けど、楽しむ余裕って言っても……」%K%P
%LC陽菜
%LC陽菜
「今より強くなりたいと思ったら、\n　必死になるのが当たり前じゃない？」%K%P
「今より強くなりたいと思ったら、\n　必死になるのが当たり前じゃない？」%K%P
%LC宗千佳
%LC宗千佳
「もちろん、それはそうだが。\n　そのふたつは両立できるものだろう？」%K%P
「もちろん、それはそうだが。\n　そのふたつは両立できるものだろう？」%K%P
%LC宗千佳
%LC宗千佳
「杏奈などが良い例だ。だからこそ陽菜も、\n　コーチをしていて楽しいと感じたんじゃないか？」%K%P
「杏奈などが良い例だ。だからこそ陽菜も、\n　コーチをしていて楽しいと感じたんじゃないか？」%K%P
%LC陽菜
%LC陽菜
「あ……」%K%P
「あ……」%K%P
まさに、ぐうの音も出ない、というやつだ。%K%P
まさに、ぐうの音も出ない、というやつだ。%K%P
確かに今の梨理ちゃんには、\n{舞闘:カデンツァ}を楽しむ余裕なんて微塵もないだろう。%K%P
確かに今の梨理ちゃんには、\n{舞闘:カデンツァ}を楽しむ余裕なんて微塵もないだろう。%K%P
お姉ちゃんのために依夜様打倒を誓い、\nただひたすらに、練習を重ねて、重ねて、重ねて。%K%P
お姉ちゃんのために依夜様打倒を誓い、\nただひたすらに、練習を重ねて、重ねて、重ねて。%K%P
あと少しで切願が叶うかも知れない、\nその瀬戸際にいるんだから。%K%P
あと少しで切願が叶うかも知れない、\nその瀬戸際にいるんだから。%K%P
%LC陽菜
%LC陽菜
「……姉さんから見て、\n　梨理ちゃんは依夜様に勝てると思う？」%K%P
「……姉さんから見て、\n　梨理ちゃんは依夜様に勝てると思う？」%K%P
%LC宗千佳
%LC宗千佳
「十中八九、無理だろうな」%K%P
「十中八九、無理だろうな」%K%P
%LC陽菜
%LC陽菜
「そんな、あっさりと……」%K%P
「そんな、あっさりと……」%K%P
%LC宗千佳
%LC宗千佳
「聞いたのは陽菜だぞ？」%K%P
「聞いたのは陽菜だぞ？」%K%P
%LC陽菜
%LC陽菜
「そうだけど」%K%P
「そうだけど」%K%P
%LC宗千佳
%LC宗千佳
「とはいえ、今の意見はあくまで、\n　先日の実技試験が終わった段階での話だ」%K%P
「とはいえ、今の意見はあくまで、\n　先日の実技試験が終わった段階での話だ」%K%P
%LC宗千佳
%LC宗千佳
「あれから時間は経っているし、\n　状況が変わっていてもおかしくはない」%K%P
「あれから時間は経っているし、\n　状況が変わっていてもおかしくはない」%K%P
%LC宗千佳
%LC宗千佳
「まして今回は、二人一組で戦う、\n　{連弾:デュオ}{舞闘:カデンツァ}だ」%K%P
「まして今回は、二人一組で戦う、\n　{連弾:デュオ}{舞闘:カデンツァ}だ」%K%P
%LC宗千佳
%LC宗千佳
「個々の実力だけでなく、チームワークも、\n　勝敗に大きく影響するだろうからな」%K%P
「個々の実力だけでなく、チームワークも、\n　勝敗に大きく影響するだろうからな」%K%P
%LC陽菜
%LC陽菜
「む……。なら、聞き方を変えて」%K%P
「む……。なら、聞き方を変えて」%K%P
%LC陽菜
%LC陽菜
「私たち、勝てると思う？」%K%P
「私たち、勝てると思う？」%K%P
%LC宗千佳
%LC宗千佳
「その聞き方であれば、陽菜次第だな」%K%P
「その聞き方であれば、陽菜次第だな」%K%P
%LC陽菜
%LC陽菜
「ぐっ……。もう、\n　すぐそうやってプレッシャーを……」%K%P
「ぐっ……。もう、\n　すぐそうやってプレッシャーを……」%K%P
%LC宗千佳
%LC宗千佳
「よく言う。\n　かけてほしくて聞いてきたんだろう？」%K%P
「よく言う。\n　かけてほしくて聞いてきたんだろう？」%K%P
%LC陽菜
%LC陽菜
「まあね。……だって、楽しみたいから」%K%P
「まあね。……だって、楽しみたいから」%K%P
%LC宗千佳
%LC宗千佳
「そうだな。{舞闘:カデンツァ}は楽しい。\n　なにせ、作ったやつがアレだからな」%K%P
「そうだな。{舞闘:カデンツァ}は楽しい。\n　なにせ、作ったやつがアレだからな」%K%P
%LC陽菜
%LC陽菜
「ふふっ、そうだね。ほんと、楽しい」%K%P
「ふふっ、そうだね。ほんと、楽しい」%K%P
初めてアン・ガルドって唱えたときの感動は、\nいまでもハッキリと覚えている。%K%P
初めてアン・ガルドって唱えたときの感動は、\nいまでもハッキリと覚えている。%K%P
まるで魔法みたいに剣が現れて、鎧を身に纏って。%K%P
まるで魔法みたいに剣が現れて、鎧を身に纏って。%K%P
とにかく、ワクワクしてたまらなかった。%K%P
とにかく、ワクワクしてたまらなかった。%K%P
そんな気持ちを――楽しむ余裕を、\n少しでも、梨理ちゃんと共有できたなら。%K%P
そんな気持ちを――楽しむ余裕を、\n少しでも、梨理ちゃんと共有できたなら。%K%P
彼女の張り詰めている糸を、\n少しでも緩めることができたなら。%K%P
彼女の張り詰めている糸を、\n少しでも緩めることができたなら。%K%P
彼女とのトレーニングも、\nきっと、もっと楽しくなるはずだから。%K%P
彼女とのトレーニングも、\nきっと、もっと楽しくなるはずだから。%K%P
