――週明け、月曜日の朝。%K%P
――週明け、月曜日の朝。%K%P
結局、オレは誰とエンゲージをしたいのか、\nそれを決められないまま運命の時を迎えてしまった。%K%P
結局、オレは誰とエンゲージをしたいのか、\nそれを決められないまま運命の時を迎えてしまった。%K%P
朝礼が始まる前、テアトルの舞台袖には、\n{連弾:デュオ}{舞闘:カデンツァ}トーナメントに参加予定の\n８名の{騎士:ワルキュリア}が集まっていた。%K%P
朝礼が始まる前、テアトルの舞台袖には、\n{連弾:デュオ}{舞闘:カデンツァ}トーナメントに参加予定の\n８名の{騎士:ワルキュリア}が集まっていた。%K%P
このあと始まるエンゲージ投票に参加するためだ。%K%P
このあと始まるエンゲージ投票に参加するためだ。%K%P
%LCニナ
%LCニナ
「出番が来たら呼ぶから、\n　それまで少し待っていてちょうだいね」%K%P
「出番が来たら呼ぶから、\n　それまで少し待っていてちょうだいね」%K%P
そう言ってニナさんが登壇すると、\nざわついていた客席が静かになる。%K%P
そう言ってニナさんが登壇すると、\nざわついていた客席が静かになる。%K%P
一方、舞台袖はというと。%K%P
一方、舞台袖はというと。%K%P
%LC美実
%LC美実
「陽菜ちゃん、ごきげんよう」%K%P
「陽菜ちゃん、ごきげんよう」%K%P
%LC陽菜
%LC陽菜
「あっ、美実、さま」%K%P
「あっ、美実、さま」%K%P
不意に声が掛かって、思わず声がうわずる。%K%P
不意に声が掛かって、思わず声がうわずる。%K%P
%LC美実
%LC美実
「ん……？　どしたの？　ビクッとして」%K%P
「ん……？　どしたの？　ビクッとして」%K%P
%LC陽菜
%LC陽菜
「あっ、えと、たぶん、緊張じゃないかと」%K%P
「あっ、えと、たぶん、緊張じゃないかと」%K%P
%LC美実
%LC美実
「へぇー、陽菜ちゃんでも緊張するんだ？」%K%P
「へぇー、陽菜ちゃんでも緊張するんだ？」%K%P
%LC陽菜
%LC陽菜
「私だって緊張ぐらいしますっ。\n　わざわざからかいにきたんですか？」%K%P
「私だって緊張ぐらいしますっ。\n　わざわざからかいにきたんですか？」%K%P
%LC美実
%LC美実
「私もそこまでワルじゃないってば。\n　ちょっと聞きたいことがあってね」%K%P
「私もそこまでワルじゃないってば。\n　ちょっと聞きたいことがあってね」%K%P
%LC陽菜
%LC陽菜
「誰に投票するつもりか、ですか？」%K%P
「誰に投票するつもりか、ですか？」%K%P
%LC美実
%LC美実
「そっちも興味あるけど、そうじゃなくて」%K%P
「そっちも興味あるけど、そうじゃなくて」%K%P
%LC美実
%LC美実
「陽菜ちゃん、ヒーナって知ってる？」%K%P
「陽菜ちゃん、ヒーナって知ってる？」%K%P
%LC陽菜
%LC陽菜
「え……？」%K%P
「え……？」%K%P
質問された瞬間、思わず固まってしまう。%K%P
質問された瞬間、思わず固まってしまう。%K%P
ヒーナって、昨日ゲーセンで教えてもらった、\nゆるキャラみたいな鳥のこと、だよね？%K%P
ヒーナって、昨日ゲーセンで教えてもらった、\nゆるキャラみたいな鳥のこと、だよね？%K%P
けど、なんでこのタイミングで、そんなことを？%K%P
けど、なんでこのタイミングで、そんなことを？%K%P
まさか……昨日ゲーセンで会った男が、\n実はオレじゃないかって疑ってる、とか……？%K%P
まさか……昨日ゲーセンで会った男が、\n実はオレじゃないかって疑ってる、とか……？%K%P
%LC美実
%LC美実
「ねえ？　知ってるの？　どうなの？」%K%P
「ねえ？　知ってるの？　どうなの？」%K%P
%LC陽菜
%LC陽菜
「いっ、いえ、知らないです、けど」%K%P
「いっ、いえ、知らないです、けど」%K%P
%LC美実
%LC美実
「ホントに？」%K%P
「ホントに？」%K%P
%LC陽菜
%LC陽菜
「はい、ちっとも」%K%P
「はい、ちっとも」%K%P
%LC美実
%LC美実
「そっか……。実はね、そういう名前の、\n　ゆるキャラっぽいキャラクターがいるんだ」%K%P
「そっか……。実はね、そういう名前の、\n　ゆるキャラっぽいキャラクターがいるんだ」%K%P
%LC美実
%LC美実
「昨日、梨理と買い物行ってる最中に思い出して。\n　そんで、陽菜ちゃんと名前似てるなーって」%K%P
「昨日、梨理と買い物行ってる最中に思い出して。\n　そんで、陽菜ちゃんと名前似てるなーって」%K%P
%LC美実
%LC美実
「だから、陽菜ちゃんが知ってるかどうか、\n　ちょっと気になっちゃって」%K%P
「だから、陽菜ちゃんが知ってるかどうか、\n　ちょっと気になっちゃって」%K%P
%LC美実
%LC美実
「ほら、そういうのって何気に嬉しいじゃない？\n　だから、知らないなら教えてあげよっかなって」%K%P
「ほら、そういうのって何気に嬉しいじゃない？\n　だから、知らないなら教えてあげよっかなって」%K%P
%LC陽菜
%LC陽菜
「なんだ……。そういうことだったんですね」%K%P
「なんだ……。そういうことだったんですね」%K%P
男だと疑われてるのかと思って焦ったけど、\nどうやら、純粋な好奇心だったみたいだ。%K%P
男だと疑われてるのかと思って焦ったけど、\nどうやら、純粋な好奇心だったみたいだ。%K%P
%LC美実
%LC美実
「ちなみに、梨理が大好きなんだよ。\n　そのヒーナってキャラのこと」%K%P
「ちなみに、梨理が大好きなんだよ。\n　そのヒーナってキャラのこと」%K%P
%LC梨理
%LC梨理
「ちょっ、お姉ちゃんっ……！\n　なに勝手に人のこと話してるのっ」%K%P
「ちょっ、お姉ちゃんっ……！\n　なに勝手に人のこと話してるのっ」%K%P
%LC美実
%LC美実
「別にいいでしょ？　って、そーだ。\n　梨理、教えてあげたら？　ヒーナのこと」%K%P
「別にいいでしょ？　って、そーだ。\n　梨理、教えてあげたら？　ヒーナのこと」%K%P
%LC梨理
%LC梨理
「なんで私が」%K%P
「なんで私が」%K%P
%LC美実
%LC美実
「梨理が布教して陽菜ちゃんも気に入ったら、\n　同志が増えるよ？　やったね梨理ちゃんっ」%K%P
「梨理が布教して陽菜ちゃんも気に入ったら、\n　同志が増えるよ？　やったね梨理ちゃんっ」%K%P
%LC梨理
%LC梨理
「別に同志とかいらないしっ」%K%P
「別に同志とかいらないしっ」%K%P
%LC美実
%LC美実
「ふふっ、照れちゃって可愛い。\n　ね？　陽菜ちゃんもそう思うでしょ？」%K%P
「ふふっ、照れちゃって可愛い。\n　ね？　陽菜ちゃんもそう思うでしょ？」%K%P
%LC陽菜
%LC陽菜
「えっと……」%K%P
「えっと……」%K%P
%LC梨理
%LC梨理
「お姉ちゃんっ、なにバカなこと聞いてるのっ」%K%P
「お姉ちゃんっ、なにバカなこと聞いてるのっ」%K%P
%LC美実
%LC美実
「ね？　陽菜ちゃん、そこんとこ、どう？」%K%P
「ね？　陽菜ちゃん、そこんとこ、どう？」%K%P
%LC陽菜
%LC陽菜
「私も……可愛いなって、思います」%K%P
「私も……可愛いなって、思います」%K%P
%LC梨理
%LC梨理
「なっ……」%K%P
「なっ……」%K%P
ちょっと迷ったけど……でも、\nそれを否定する要素は、どこにもなくて。%K%P
ちょっと迷ったけど……でも、\nそれを否定する要素は、どこにもなくて。%K%P
むしろ、梨理ちゃんがどんな反応をするのか、\nちょっと興味もあって、つい、頷いてしまうと。%K%P
むしろ、梨理ちゃんがどんな反応をするのか、\nちょっと興味もあって、つい、頷いてしまうと。%K%P
%LC美実
%LC美実
「よしよし。なら、問題なしっと」%K%P
「よしよし。なら、問題なしっと」%K%P
%LC陽菜
%LC陽菜
「問題なしって……どういうことですか？」%K%P
「問題なしって……どういうことですか？」%K%P
%LC美実
%LC美実
「こっちの話。\n　陽菜ちゃん、うちの妹をよろしくね」%K%P
「こっちの話。\n　陽菜ちゃん、うちの妹をよろしくね」%K%P
%LC美実
%LC美実
「というわけでぇ……クレールぅっ、\n　私とエンゲージしよっ？」%K%P
「というわけでぇ……クレールぅっ、\n　私とエンゲージしよっ？」%K%P
%LC陽菜・梨理
%LC陽菜・梨理
「え」%K%P
「え」%K%P
思いがけない言葉に驚くと、\n隣の梨理ちゃんもまったく同じ反応をしていた。%K%P
思いがけない言葉に驚くと、\n隣の梨理ちゃんもまったく同じ反応をしていた。%K%P
そしてそれは、クレール様も同じで。%K%P
そしてそれは、クレール様も同じで。%K%P
%LCクレール
%LCクレール
「美実、急になに……？　どういうこと？」%K%P
「美実、急になに……？　どういうこと？」%K%P
%LC美実
%LC美実
「どうもこうも、そのままの意味。\n　それとも、もう相手決まっちゃってた？」%K%P
「どうもこうも、そのままの意味。\n　それとも、もう相手決まっちゃってた？」%K%P
%LCクレール
%LCクレール
「それなら、まだだけど」%K%P
「それなら、まだだけど」%K%P
%LC美実
%LC美実
「なら――」%K%P
「なら――」%K%P
%LC梨理
%LC梨理
「待ってっ。お姉ちゃん、どういうこと？\n　私とエンゲージしてくれるんじゃないの？」%K%P
「待ってっ。お姉ちゃん、どういうこと？\n　私とエンゲージしてくれるんじゃないの？」%K%P
%LC美実
%LC美実
「そんな約束、した覚えないけど？」%K%P
「そんな約束、した覚えないけど？」%K%P
%LC梨理
%LC梨理
「それは……そう、だけど」%K%P
「それは……そう、だけど」%K%P
%LC美実
%LC美実
「でしょ？　というわけで、クレール、どう？」%K%P
「でしょ？　というわけで、クレール、どう？」%K%P
%LCクレール
%LCクレール
「ちょっと待って。さすがに、それは」%K%P
「ちょっと待って。さすがに、それは」%K%P
%LC美実
%LC美実
「クレール、ちょっとお耳貸して」%K%P
「クレール、ちょっとお耳貸して」%K%P
%LC美実
%LC美実
「実はね――」%K%P
「実はね――」%K%P
%LCクレール
%LCクレール
「……うん、うん……」%K%P
「……うん、うん……」%K%P
%LCクレール
%LCクレール
「ん……まあ、そういうことであれば」%K%P
「ん……まあ、そういうことであれば」%K%P
%LC美実
%LC美実
「ふふっ、ありがと。\n　クレールならそう言ってくれると思った」%K%P
「ふふっ、ありがと。\n　クレールならそう言ってくれると思った」%K%P
%LCクレール
%LCクレール
「もう、調子いいんだから……。\n　そういうことなら、もっと早く――」%K%P
「もう、調子いいんだから……。\n　そういうことなら、もっと早く――」%K%P
%LCニナ
%LCニナ
「では、今回{連弾:デュオ}{舞闘:カデンツァ}で雌雄を決する、\n　８名の{騎士:ワルキュリア}に登場してもらいましょうっ！」%K%P
「では、今回{連弾:デュオ}{舞闘:カデンツァ}で雌雄を決する、\n　８名の{騎士:ワルキュリア}に登場してもらいましょうっ！」%K%P
%LC陽菜
%LC陽菜
「あっ……」%K%P
「あっ……」%K%P
予定通りにニナさんの呼び込みが聞こえて、\n思わず、そんな声が漏れてしまう。%K%P
予定通りにニナさんの呼び込みが聞こえて、\n思わず、そんな声が漏れてしまう。%K%P
美実様がなにを耳打ちしたのかわからないけど、\nどうやらクレール様は納得してしまったようだ。%K%P
美実様がなにを耳打ちしたのかわからないけど、\nどうやらクレール様は納得してしまったようだ。%K%P
%LC美実
%LC美実
「さっ、クレール。いこいこっ」%K%P
「さっ、クレール。いこいこっ」%K%P
%LCクレール
%LCクレール
「うっ、うん」%K%P
「うっ、うん」%K%P
美実様に促され、クレール様が舞台上に。%K%P
美実様に促され、クレール様が舞台上に。%K%P
そうして、次々とみんなが移動していく中、\n梨理ちゃんだけが、立ち尽くしていて。%K%P
そうして、次々とみんなが移動していく中、\n梨理ちゃんだけが、立ち尽くしていて。%K%P
そんな彼女から目が離せなかったオレも、\n彼女と一緒に、最後まで残ってしまった。%K%P
そんな彼女から目が離せなかったオレも、\n彼女と一緒に、最後まで残ってしまった。%K%P
%LC陽菜
%LC陽菜
「……梨理ちゃん、行こ？」%K%P
「……梨理ちゃん、行こ？」%K%P
%LC梨理
%LC梨理
「ん……」%K%P
「ん……」%K%P
小さく頷いたけど、彼女の足は動かない。%K%P
小さく頷いたけど、彼女の足は動かない。%K%P
薄暗い上にうつむいていることもあって、\nその表情は、よくわからなかった。%K%P
薄暗い上にうつむいていることもあって、\nその表情は、よくわからなかった。%K%P
――言うなら、今しかない。%K%P
――言うなら、今しかない。%K%P
%LC陽菜
%LC陽菜
「……ねえ、梨理ちゃん。\n　私と、エンゲージしない？」%K%P
「……ねえ、梨理ちゃん。\n　私と、エンゲージしない？」%K%P
%LC梨理
%LC梨理
「え……？」%K%P
「え……？」%K%P
%LC陽菜
%LC陽菜
「実は私、まだ相手が決まってなくて。\n　だから、梨理ちゃんさえよかったら――」%K%P
「実は私、まだ相手が決まってなくて。\n　だから、梨理ちゃんさえよかったら――」%K%P
%LC梨理
%LC梨理
「……それ、お情けってヤツですか？」%K%P
「……それ、お情けってヤツですか？」%K%P
%LC陽菜
%LC陽菜
「え……？」%K%P
「え……？」%K%P
%LC梨理
%LC梨理
「だってそうじゃないですか。\n　センセなら、相手、選び放題でしょ？」%K%P
「だってそうじゃないですか。\n　センセなら、相手、選び放題でしょ？」%K%P
%LC梨理
%LC梨理
「なのに、私って……そんなの、\n　いまの会話聞いて同情したとしか――」%K%P
「なのに、私って……そんなの、\n　いまの会話聞いて同情したとしか――」%K%P
%LC陽菜
%LC陽菜
「勝手に決めないでくれる？」%K%P
「勝手に決めないでくれる？」%K%P
%LC梨理
%LC梨理
「っ……」%K%P
「っ……」%K%P
梨理ちゃんの言葉を遮った声は、\n自分でも少し驚くぐらい、語気が強かった。%K%P
梨理ちゃんの言葉を遮った声は、\n自分でも少し驚くぐらい、語気が強かった。%K%P
おそらく、彼女の後ろ向きな発言を聞いて、\n少し苛立ってしまったんだと思う。%K%P
おそらく、彼女の後ろ向きな発言を聞いて、\n少し苛立ってしまったんだと思う。%K%P
それをつい、彼女にぶつけてしまった。%K%P
それをつい、彼女にぶつけてしまった。%K%P
%LC陽菜
%LC陽菜
「ごめん。言い方がキツくなって。\n　でも、同情なんかじゃないから」%K%P
「ごめん。言い方がキツくなって。\n　でも、同情なんかじゃないから」%K%P
%LC陽菜
%LC陽菜
「私が梨理ちゃんとエンゲージしたいのは、\n　一緒に戦ってみたいからだよ」%K%P
「私が梨理ちゃんとエンゲージしたいのは、\n　一緒に戦ってみたいからだよ」%K%P
%LC陽菜
%LC陽菜
「もっと言うなら……梨理ちゃんと一緒に、\n　{最優秀騎士:ブリランテ}になりたいなって」%K%P
「もっと言うなら……梨理ちゃんと一緒に、\n　{最優秀騎士:ブリランテ}になりたいなって」%K%P
%LC梨理
%LC梨理
「私と、{最優秀騎士:ブリランテ}に……？」%K%P
「私と、{最優秀騎士:ブリランテ}に……？」%K%P
%LC陽菜
%LC陽菜
「この前、美実様から聞いたんだ。梨理ちゃんは、\n　{最優秀騎士:ブリランテ}になりたくて銀蘭に入ったって」%K%P
「この前、美実様から聞いたんだ。梨理ちゃんは、\n　{最優秀騎士:ブリランテ}になりたくて銀蘭に入ったって」%K%P
%LC陽菜
%LC陽菜
「それを叶える手伝い……っていうと、\n　ちょっと、おこがましい感じになっちゃうけど」%K%P
「それを叶える手伝い……っていうと、\n　ちょっと、おこがましい感じになっちゃうけど」%K%P
%LC陽菜
%LC陽菜
「けど、梨理ちゃんの力になりたいと思って」%K%P
「けど、梨理ちゃんの力になりたいと思って」%K%P
%LC梨理
%LC梨理
「……なんで、センセが、そこまで……」%K%P
「……なんで、センセが、そこまで……」%K%P
%LC陽菜
%LC陽菜
「それは……」%K%P
「それは……」%K%P
梨理ちゃんの笑顔が見たいから――そう言いかけて、\nその言葉をぐっと飲み込んだ。%K%P
梨理ちゃんの笑顔が見たいから――そう言いかけて、\nその言葉をぐっと飲み込んだ。%K%P
そんなことを言えば、からかってるんですかって、\nムッとした顔で睨まれる気がしたからだ。%K%P
そんなことを言えば、からかってるんですかって、\nムッとした顔で睨まれる気がしたからだ。%K%P
{日向:おとこ}で接した時の態度が彼女の本質なら、\n負けず嫌いは確実だし、ここは、多少挑発的に――、%K%P
{日向:おとこ}で接した時の態度が彼女の本質なら、\n負けず嫌いは確実だし、ここは、多少挑発的に――、%K%P
%LC陽菜
%LC陽菜
「もし私が他の人とエンゲージしたら、\n　梨理ちゃん、絶対に優勝できないでしょ？」%K%P
「もし私が他の人とエンゲージしたら、\n　梨理ちゃん、絶対に優勝できないでしょ？」%K%P
%LC梨理
%LC梨理
「それって……私ではセンセに勝てないって、\n　そういうふうに聞こえるんですけど」%K%P
「それって……私ではセンセに勝てないって、\n　そういうふうに聞こえるんですけど」%K%P
%LC陽菜
%LC陽菜
「そう聞こえたのなら、そうなんじゃない？」%K%P
「そう聞こえたのなら、そうなんじゃない？」%K%P
%LC梨理
%LC梨理
「むぅーッ……」%K%P
「むぅーッ……」%K%P
%LC梨理
%LC梨理
「……わかりました。そこまで言うなら、\n　私、センセとエンゲージしてもいいです」%K%P
「……わかりました。そこまで言うなら、\n　私、センセとエンゲージしてもいいです」%K%P
短く唸ったものの、梨理ちゃんの決断は早かった。%K%P
短く唸ったものの、梨理ちゃんの決断は早かった。%K%P
上手くいくか内心ヒヤヒヤしたけど、\nどうやら駆け引きは上手くいったらしい。%K%P
上手くいくか内心ヒヤヒヤしたけど、\nどうやら駆け引きは上手くいったらしい。%K%P
%LC梨理
%LC梨理
「そこまで大口叩いて、もし私の足を引っ張ったら、\n　そのときは承知しませんから」%K%P
「そこまで大口叩いて、もし私の足を引っ張ったら、\n　そのときは承知しませんから」%K%P
%LC陽菜
%LC陽菜
「引っ張ったらね？」%K%P
「引っ張ったらね？」%K%P
%LC梨理
%LC梨理
「むぅぅぅー……」%K%P
「むぅぅぅー……」%K%P
今度はちょっと長めに唸ったあと、\nぷいっとそっぽを向く梨理ちゃん。%K%P
今度はちょっと長めに唸ったあと、\nぷいっとそっぽを向く梨理ちゃん。%K%P
まだまだ理解が及ばないところもあるけれど、\nそれでも、以前に比べれば接しやすい。%K%P
まだまだ理解が及ばないところもあるけれど、\nそれでも、以前に比べれば接しやすい。%K%P
それもこれも、日曜日に日向として、\n彼女と接した経験があればこそに違いない。%K%P
それもこれも、日曜日に日向として、\n彼女と接した経験があればこそに違いない。%K%P
その後、壇上ではエンゲージ投票が行われ、\nオレと梨理ちゃんは正式にエンゲージした。%K%P
その後、壇上ではエンゲージ投票が行われ、\nオレと梨理ちゃんは正式にエンゲージした。%K%P
ちなみに他のペアは、千波ちゃんと小夜さん、\nクレール様と美実様、依夜様と杏奈ちゃんの３組だ。%K%P
ちなみに他のペアは、千波ちゃんと小夜さん、\nクレール様と美実様、依夜様と杏奈ちゃんの３組だ。%K%P
さらにトーナメントの組み合わせ抽選もあって、\nこちらはくじ引きで、初戦の相手が決まった。%K%P
さらにトーナメントの組み合わせ抽選もあって、\nこちらはくじ引きで、初戦の相手が決まった。%K%P
オレと梨理ちゃんの相手は、\n依夜様と杏奈ちゃんのペアだ。%K%P
オレと梨理ちゃんの相手は、\n依夜様と杏奈ちゃんのペアだ。%K%P
%LC梨理
%LC梨理
「いきなり、{最優秀騎士:ブリランテ}と……」%K%P
「いきなり、{最優秀騎士:ブリランテ}と……」%K%P
対戦相手が決まった後、\n梨理ちゃんがぼそっと呟く。%K%P
対戦相手が決まった後、\n梨理ちゃんがぼそっと呟く。%K%P
その声が聞こえたのは、\n彼女のすぐ隣にいたオレだけだった。%K%P
その声が聞こえたのは、\n彼女のすぐ隣にいたオレだけだった。%K%P
%LC杏奈
%LC杏奈
「はぅー……まさか、初戦の相手が\n　陽菜ちゃんたちになるなんて……」%K%P
「はぅー……まさか、初戦の相手が\n　陽菜ちゃんたちになるなんて……」%K%P
朝礼が終わって教室に戻ると、\n杏奈ちゃんがぐだっと机に突っ伏す。%K%P
朝礼が終わって教室に戻ると、\n杏奈ちゃんがぐだっと机に突っ伏す。%K%P
%LC陽菜
%LC陽菜
「試合当日まで、まだ日はあるけど。\n　本番ではお手柔らかにね」%K%P
「試合当日まで、まだ日はあるけど。\n　本番ではお手柔らかにね」%K%P
%LC杏奈
%LC杏奈
「それはこっちの台詞だってば。\n　陽菜ちゃんと梨理ちゃんのペアとか、絶対強いし」%K%P
「それはこっちの台詞だってば。\n　陽菜ちゃんと梨理ちゃんのペアとか、絶対強いし」%K%P
%LC杏奈
%LC杏奈
「依夜様も、当日までたくさん練習しようって、\n　なんか妙に張り切っちゃってたもん」%K%P
「依夜様も、当日までたくさん練習しようって、\n　なんか妙に張り切っちゃってたもん」%K%P
%LC陽菜
%LC陽菜
「依夜様が？」%K%P
「依夜様が？」%K%P
%LC杏奈
%LC杏奈
「そうだよ。陽菜ちゃんとは親善試合のリベンジだし、\n　梨理ちゃんとも前々から戦ってみたかったみたい」%K%P
「そうだよ。陽菜ちゃんとは親善試合のリベンジだし、\n　梨理ちゃんとも前々から戦ってみたかったみたい」%K%P
そういえば以前、トレーニングルームで、\n依夜様がそんなことを言っていた気が。%K%P
そういえば以前、トレーニングルームで、\n依夜様がそんなことを言っていた気が。%K%P
%LC杏奈
%LC杏奈
「とはいえ依夜様の身体はひとつしかないから、\n　どっちと戦うか、選ぶ事になるだろうけど」%K%P
「とはいえ依夜様の身体はひとつしかないから、\n　どっちと戦うか、選ぶ事になるだろうけど」%K%P
%LC陽菜
%LC陽菜
「二人同時に相手するって方法もあるよ？」%K%P
「二人同時に相手するって方法もあるよ？」%K%P
%LC杏奈
%LC杏奈
「さすがの依夜様でも、それは……、\n　やってやれないこともなさそうだけど」%K%P
「さすがの依夜様でも、それは……、\n　やってやれないこともなさそうだけど」%K%P
%LC陽菜
%LC陽菜
「ふふっ、でしょ？」%K%P
「ふふっ、でしょ？」%K%P
依夜様のもつ一騎当千の風格は、\n姉さんに通じるものがある。%K%P
依夜様のもつ一騎当千の風格は、\n姉さんに通じるものがある。%K%P
%LC杏奈
%LC杏奈
「とはいえ、実力的には私が一番下だから。\n　依夜様の足を引っ張らないようにしないと」%K%P
「とはいえ、実力的には私が一番下だから。\n　依夜様の足を引っ張らないようにしないと」%K%P
%LC陽菜
%LC陽菜
「さすがに卑下しすぎ。\n　杏奈ちゃんも充分強いでしょ？」%K%P
「さすがに卑下しすぎ。\n　杏奈ちゃんも充分強いでしょ？」%K%P
%LC杏奈
%LC杏奈
「まぁ、昔に比べれば、それなりには……。\n　なんたって名コーチが鍛えてくれたし」%K%P
「まぁ、昔に比べれば、それなりには……。\n　なんたって名コーチが鍛えてくれたし」%K%P
%LC杏奈
%LC杏奈
「でも、本番までにもっと強くならないと。\n　依夜様もコーチしてくれるって言ってたから」%K%P
「でも、本番までにもっと強くならないと。\n　依夜様もコーチしてくれるって言ってたから」%K%P
%LC杏奈
%LC杏奈
「出来るだけ小まめに連絡とろうって話になって、\n　スマホの連絡先も交換したんだ」%K%P
「出来るだけ小まめに連絡とろうって話になって、\n　スマホの連絡先も交換したんだ」%K%P
%LCクラスメートＡ
%LCクラスメートＡ
「うそっ、マっジでっ？！\n　依夜様の連絡先ゲットしたのっ？！」%K%P
「うそっ、マっジでっ？！\n　依夜様の連絡先ゲットしたのっ？！」%K%P
%LC杏奈
%LC杏奈
「えへへっ、いいでしょー？\n　今日このあと、お昼も一緒するんだよ？」%K%P
「えへへっ、いいでしょー？\n　今日このあと、お昼も一緒するんだよ？」%K%P
%LCクラスメートＢ
%LCクラスメートＢ
「なんて羨ましい……。これはぜひとも、\n　陽菜さんと梨理さんに勝っていただいて天誅を」%K%P
「なんて羨ましい……。これはぜひとも、\n　陽菜さんと梨理さんに勝っていただいて天誅を」%K%P
%LC杏奈
%LC杏奈
「ひどいっ？！」%K%P
「ひどいっ？！」%K%P
%LCクラスメートＢ
%LCクラスメートＢ
「くすっ、冗談です。杏奈さんも陽菜さんも、\n　お二方とも、応援いたしますから」%K%P
「くすっ、冗談です。杏奈さんも陽菜さんも、\n　お二方とも、応援いたしますから」%K%P
%LCクラスメートＡ
%LCクラスメートＡ
「だねぇ。できれば二人とも決勝に進んで、\n　揃って歌劇アリアに出てほしかったけど」%K%P
「だねぇ。できれば二人とも決勝に進んで、\n　揃って歌劇アリアに出てほしかったけど」%K%P
%LC杏奈
%LC杏奈
「うぅ、私のクジ運がないばっかりに……」%K%P
「うぅ、私のクジ運がないばっかりに……」%K%P
%LC陽菜
%LC陽菜
「それを言うなら私もだけどね」%K%P
「それを言うなら私もだけどね」%K%P
トーナメントの対戦相手を決めるクジは、\n各ペアの代表が引くという決まりだった。%K%P
トーナメントの対戦相手を決めるクジは、\n各ペアの代表が引くという決まりだった。%K%P
依夜様のペアは杏奈ちゃんが、\nオレたちのペアは、オレがクジを引いた。%K%P
依夜様のペアは杏奈ちゃんが、\nオレたちのペアは、オレがクジを引いた。%K%P
本当は梨理ちゃんに任せようと思ったんだけど、\n頑なに遠慮されてしまったのだ。%K%P
本当は梨理ちゃんに任せようと思ったんだけど、\n頑なに遠慮されてしまったのだ。%K%P
%LC陽菜
%LC陽菜
「けど、そっか……。決勝に進出すると、\n　二日目の舞台にも出演しなきゃいけないんだっけ」%K%P
「けど、そっか……。決勝に進出すると、\n　二日目の舞台にも出演しなきゃいけないんだっけ」%K%P
%LC杏奈
%LC杏奈
「そう。だから、余計にプレッシャーで……」%K%P
「そう。だから、余計にプレッシャーで……」%K%P
%LC杏奈
%LC杏奈
「依夜様の場合、３年連続{最優秀騎士:ブリランテ}以外に、\n　歌劇アリアでの演技に期待してる子も多いから」%K%P
「依夜様の場合、３年連続{最優秀騎士:ブリランテ}以外に、\n　歌劇アリアでの演技に期待してる子も多いから」%K%P
%LC杏奈
%LC杏奈
「依夜様って、実は演技もすごく上手くて。\n　そっちのファンも多いんだよ」%K%P
「依夜様って、実は演技もすごく上手くて。\n　そっちのファンも多いんだよ」%K%P
%LCクラスメートＡ
%LCクラスメートＡ
「責任重大だねぇ、杏奈ちゃん？」%K%P
「責任重大だねぇ、杏奈ちゃん？」%K%P
%LC杏奈
%LC杏奈
「くぅぅぅぅ……なんのっ、やってやらぁー！」%K%P
「くぅぅぅぅ……なんのっ、やってやらぁー！」%K%P
%LCクラスメートＡ
%LCクラスメートＡ
「おおっ、その意気その意気っ」%K%P
「おおっ、その意気その意気っ」%K%P
%LCクラスメートＢ
%LCクラスメートＢ
「二人とも、後のことは私たちに任せて、\n　たっぷりと練習に励んで下さいな」%K%P
「二人とも、後のことは私たちに任せて、\n　たっぷりと練習に励んで下さいな」%K%P
%LC陽菜
%LC陽菜
「後のこと？」%K%P
「後のこと？」%K%P
%LC杏奈
%LC杏奈
「銀蘭祭の準備のことだよ。\n　もっというと、クラスの出し物の準備」%K%P
「銀蘭祭の準備のことだよ。\n　もっというと、クラスの出し物の準備」%K%P
%LC陽菜
%LC陽菜
「あ、そっか……。学園祭なんだから、\n　当然、そういうのもあるんだよね」%K%P
「あ、そっか……。学園祭なんだから、\n　当然、そういうのもあるんだよね」%K%P
%LCクラスメートＢ
%LCクラスメートＢ
「ですが、お二人は選ばれし{騎士:ワルキュリア}。\n　なによりも{舞闘:カデンツァ}が最優先です」%K%P
「ですが、お二人は選ばれし{騎士:ワルキュリア}。\n　なによりも{舞闘:カデンツァ}が最優先です」%K%P
%LCクラスメートＡ
%LCクラスメートＡ
「そうそう。そういうのは私たちに任せて、\n　ふたりは試合に向けて練習を頑張ってね？」%K%P
「そうそう。そういうのは私たちに任せて、\n　ふたりは試合に向けて練習を頑張ってね？」%K%P
%LC陽菜
%LC陽菜
「それってつまり、\n　クラスの準備を手伝わなくていいってこと？」%K%P
「それってつまり、\n　クラスの準備を手伝わなくていいってこと？」%K%P
%LC杏奈
%LC杏奈
「そうだよ。その分、素敵な{舞闘:カデンツァ}を\n　披露するっていう大任があるんだけど」%K%P
「そうだよ。その分、素敵な{舞闘:カデンツァ}を\n　披露するっていう大任があるんだけど」%K%P
%LC杏奈
%LC杏奈
「それぞれがそれぞれの役目を果たす。\n　そうして作り上げるのが銀蘭祭だから」%K%P
「それぞれがそれぞれの役目を果たす。\n　そうして作り上げるのが銀蘭祭だから」%K%P
%LCクラスメートＡ
%LCクラスメートＡ
「杏奈、いいこと言うっ！」%K%P
「杏奈、いいこと言うっ！」%K%P
%LC杏奈
%LC杏奈
「えへへー」%K%P
「えへへー」%K%P
なんて、わいわいと盛り上がる教室内。%K%P
なんて、わいわいと盛り上がる教室内。%K%P
明るい雰囲気のおかげもあってか、\n杏奈ちゃんも随分と浮上できたみたいだ。%K%P
明るい雰囲気のおかげもあってか、\n杏奈ちゃんも随分と浮上できたみたいだ。%K%P
……けど、そうだよな。ペアで戦う以上、\nオレも梨理ちゃんと一緒に練習しておかないと。%K%P
……けど、そうだよな。ペアで戦う以上、\nオレも梨理ちゃんと一緒に練習しておかないと。%K%P
そのためにも今後の予定や都合が知りたいけど、\nあいにく、オレは梨理ちゃんの連絡先を知らない。%K%P
そのためにも今後の予定や都合が知りたいけど、\nあいにく、オレは梨理ちゃんの連絡先を知らない。%K%P
となったら、この前みたいに、\n直接会いに行くのが一番確実だろう。%K%P
となったら、この前みたいに、\n直接会いに行くのが一番確実だろう。%K%P
そんなわけで、授業合間の休み時間、\n１年の教室が並ぶ廊下へ。%K%P
そんなわけで、授業合間の休み時間、\n１年の教室が並ぶ廊下へ。%K%P
%LC１年生Ａ
%LC１年生Ａ
「ねえ、あれって、ひょっとして――」%K%P
「ねえ、あれって、ひょっとして――」%K%P
%LC１年生Ｂ
%LC１年生Ｂ
「ええ、きっとそうに違いありません」%K%P
「ええ、きっとそうに違いありません」%K%P
梨理ちゃんの教室へ向かう途中、\nこちらを見て、ひそひそ話す子が何人も。%K%P
梨理ちゃんの教室へ向かう途中、\nこちらを見て、ひそひそ話す子が何人も。%K%P
この感じ、学園に編入したての頃みたいだ。%K%P
この感じ、学園に編入したての頃みたいだ。%K%P
今朝エンゲージしたばかりだし、\nそのことが話題になってたりするのかな……？%K%P
今朝エンゲージしたばかりだし、\nそのことが話題になってたりするのかな……？%K%P
%LC陽菜
%LC陽菜
「あっ、いたいた」%K%P
「あっ、いたいた」%K%P
梨理ちゃんの教室に立ち寄ろうとした矢先、\n運良く、教室へ入ろうとしていた本人を発見。%K%P
梨理ちゃんの教室に立ち寄ろうとした矢先、\n運良く、教室へ入ろうとしていた本人を発見。%K%P
%LC陽菜
%LC陽菜
「ごきげんよう、梨理ちゃん」%K%P
「ごきげんよう、梨理ちゃん」%K%P
%LC梨理
%LC梨理
「センセ……。なんでこんなとこに？」%K%P
「センセ……。なんでこんなとこに？」%K%P
%LC陽菜
%LC陽菜
「梨理ちゃんに用があって来たんだよ。\n　いま、時間大丈夫？」%K%P
「梨理ちゃんに用があって来たんだよ。\n　いま、時間大丈夫？」%K%P
%LC梨理
%LC梨理
「それなら、まあ……って、\n　ひょっとしてエンゲージ絡みですか？」%K%P
「それなら、まあ……って、\n　ひょっとしてエンゲージ絡みですか？」%K%P
%LC陽菜
%LC陽菜
「うん。今後のことについて相談したくて」%K%P
「うん。今後のことについて相談したくて」%K%P
%LC陽菜
%LC陽菜
「それで、よかったら今日のお昼とか、\n　一緒にどうかなって思ったんだけど」%K%P
「それで、よかったら今日のお昼とか、\n　一緒にどうかなって思ったんだけど」%K%P
%LC梨理
%LC梨理
「お昼って、食堂ですか？」%K%P
「お昼って、食堂ですか？」%K%P
%LC陽菜
%LC陽菜
「そのつもりだけど……。\n　もしかして、先約があった？」%K%P
「そのつもりだけど……。\n　もしかして、先約があった？」%K%P
%LC梨理
%LC梨理
「いえ、そういうわけじゃ……」%K%P
「いえ、そういうわけじゃ……」%K%P
%LC梨理
%LC梨理
「ただ……私、今日、お弁当なので」%K%P
「ただ……私、今日、お弁当なので」%K%P
%LC陽菜
%LC陽菜
「お弁当？」%K%P
「お弁当？」%K%P
%LC梨理
%LC梨理
「はい。なので、食堂はちょっと」%K%P
「はい。なので、食堂はちょっと」%K%P
%LC陽菜
%LC陽菜
「お弁当って食堂で食べちゃいけないとか？」%K%P
「お弁当って食堂で食べちゃいけないとか？」%K%P
%LC梨理
%LC梨理
「そういうわけじゃないですけど。\n　今日は、外で食べたい気分だったので」%K%P
「そういうわけじゃないですけど。\n　今日は、外で食べたい気分だったので」%K%P
%LC陽菜
%LC陽菜
「そっか……。なら、私も食堂でなにか、\n　外で食べられるものをテイクアウトするから」%K%P
「そっか……。なら、私も食堂でなにか、\n　外で食べられるものをテイクアウトするから」%K%P
%LC陽菜
%LC陽菜
「それで、一緒に食べるっていうのはどう？」%K%P
「それで、一緒に食べるっていうのはどう？」%K%P
%LC梨理
%LC梨理
「……センセ、やけにぐいぐい来ますね」%K%P
「……センセ、やけにぐいぐい来ますね」%K%P
%LC陽菜
%LC陽菜
「じっと待ってるだけだと、\n　梨理ちゃんと仲良くなれないと思って」%K%P
「じっと待ってるだけだと、\n　梨理ちゃんと仲良くなれないと思って」%K%P
%LC陽菜
%LC陽菜
「一緒に戦う以上、チームワークは大切でしょ？」%K%P
「一緒に戦う以上、チームワークは大切でしょ？」%K%P
%LC梨理
%LC梨理
「それはわかりますけど……。\n　だからって、お昼を一緒に食べる必要は」%K%P
「それはわかりますけど……。\n　だからって、お昼を一緒に食べる必要は」%K%P
%LC陽菜
%LC陽菜
「そう言わずに。依夜様と杏奈ちゃんも、\n　一緒にお昼を食べるって言ってたし」%K%P
「そう言わずに。依夜様と杏奈ちゃんも、\n　一緒にお昼を食べるって言ってたし」%K%P
%LC梨理
%LC梨理
「依夜様たちも……？」%K%P
「依夜様たちも……？」%K%P
%LC陽菜
%LC陽菜
「うん。どうかな？　私たちも一緒にお昼」%K%P
「うん。どうかな？　私たちも一緒にお昼」%K%P
%LC陽菜
%LC陽菜
「梨理ちゃんさえよければ、依夜様たちも誘って、\n　４人で一緒に食べてもいいし――」%K%P
「梨理ちゃんさえよければ、依夜様たちも誘って、\n　４人で一緒に食べてもいいし――」%K%P
%LC梨理
%LC梨理
「いえ、そういうのはいいです。\n　依夜様たちと一緒は、ちょっと」%K%P
「いえ、そういうのはいいです。\n　依夜様たちと一緒は、ちょっと」%K%P
%LC梨理
%LC梨理
「でも、センセと二人なら、構いません。\n　それでセンセが納得してくれるなら」%K%P
「でも、センセと二人なら、構いません。\n　それでセンセが納得してくれるなら」%K%P
%LC陽菜
%LC陽菜
「ありがとう、梨理ちゃん」%K%P
「ありがとう、梨理ちゃん」%K%P
ズバッと断られて一瞬肝が冷えたけど、\n提案自体は受け入れてもらえてホッとする。%K%P
ズバッと断られて一瞬肝が冷えたけど、\n提案自体は受け入れてもらえてホッとする。%K%P
%LC陽菜
%LC陽菜
「ちなみに、どこで食べるつもりだったの？」%K%P
「ちなみに、どこで食べるつもりだったの？」%K%P
%LC梨理
%LC梨理
「とくには決めてないです。\n　中庭とかで適当に食べようかなって」%K%P
「とくには決めてないです。\n　中庭とかで適当に食べようかなって」%K%P
%LC陽菜
%LC陽菜
「なら、お昼休みに中庭で待ち合わせね？」%K%P
「なら、お昼休みに中庭で待ち合わせね？」%K%P
%LC梨理
%LC梨理
「わかりました。では、私はこれで」%K%P
「わかりました。では、私はこれで」%K%P
最後にそう言って会釈すると、\n梨理ちゃんは自分の教室へと入っていった。%K%P
最後にそう言って会釈すると、\n梨理ちゃんは自分の教室へと入っていった。%K%P
――さらに時間は過ぎて、お昼休み。%K%P
――さらに時間は過ぎて、お昼休み。%K%P
%LC陽菜
%LC陽菜
「……よし、今日はこれっ」%K%P
「……よし、今日はこれっ」%K%P
食堂でサンドイッチを選び、その足で中庭へ。%K%P
食堂でサンドイッチを選び、その足で中庭へ。%K%P
えっと、梨理ちゃんは……おっ、いたいた。%K%P
えっと、梨理ちゃんは……おっ、いたいた。%K%P
%LC陽菜
%LC陽菜
「梨理ちゃん、お待たせ。待った？」%K%P
「梨理ちゃん、お待たせ。待った？」%K%P
%LC梨理
%LC梨理
「いえ。さっき来たところで――」%K%P
「いえ。さっき来たところで――」%K%P
%LC女学生Ａ
%LC女学生Ａ
「ねえねえ、ご覧になって。\n　陽菜さんと梨理さんよ」%K%P
「ねえねえ、ご覧になって。\n　陽菜さんと梨理さんよ」%K%P
%LC女学生Ｂ
%LC女学生Ｂ
「まあまあ、本当。\n　エンゲージした途端、お熱いことね」%K%P
「まあまあ、本当。\n　エンゲージした途端、お熱いことね」%K%P
%LC女学生Ａ
%LC女学生Ａ
「いまの会話なんて、まるで、\n　逢瀬の待ち合わせのようじゃない？」%K%P
「いまの会話なんて、まるで、\n　逢瀬の待ち合わせのようじゃない？」%K%P
%LC女学生Ａ
%LC女学生Ａ
「『お待たせ、待った？』」%K%P
「『お待たせ、待った？』」%K%P
%LC女学生Ｂ
%LC女学生Ｂ
「『いえ、さっき来たところで』」%K%P
「『いえ、さっき来たところで』」%K%P
%LC女学生Ａ
%LC女学生Ａ
「うふふっ。ああっ、本当に素敵ねぇ」%K%P
「うふふっ。ああっ、本当に素敵ねぇ」%K%P
%LC陽菜・梨理
%LC陽菜・梨理
「ん……」%K%P
「ん……」%K%P
近くのベンチから聞こえたそんな会話に、\n気まずさを感じ、ちょっと目が泳ぐ。%K%P
近くのベンチから聞こえたそんな会話に、\n気まずさを感じ、ちょっと目が泳ぐ。%K%P
と、梨理ちゃんも同じ気持ちだったのか、\n気まずそうにオレから目を逸らした。%K%P
と、梨理ちゃんも同じ気持ちだったのか、\n気まずそうにオレから目を逸らした。%K%P
よく見れば、周囲のベンチに座ってる子たちが、\n揃ってこちらを見て、ひそひそとお話中。%K%P
よく見れば、周囲のベンチに座ってる子たちが、\n揃ってこちらを見て、ひそひそとお話中。%K%P
どうやらエンゲージしたペアってことで、\n注目を集めちゃっているようだ。%K%P
どうやらエンゲージしたペアってことで、\n注目を集めちゃっているようだ。%K%P
そういえばさっき１年の教室に行ったときも、\nやけに視線を感じたけれど――、%K%P
そういえばさっき１年の教室に行ったときも、\nやけに視線を感じたけれど――、%K%P
あれも、これと同じような理由だったのかも。%K%P
あれも、これと同じような理由だったのかも。%K%P
%LC梨理
%LC梨理
「……私、諸悪の根源は、\n　ネーミングにあると思うんです」%K%P
「……私、諸悪の根源は、\n　ネーミングにあると思うんです」%K%P
%LC梨理
%LC梨理
「エンゲージって言葉を聞くと、\n　どうしたって婚約を連想するじゃないですか」%K%P
「エンゲージって言葉を聞くと、\n　どうしたって婚約を連想するじゃないですか」%K%P
%LC梨理
%LC梨理
「パートナー決めをエンゲージって名付けた人、\n　絶対サプライズとか好きに違いないです」%K%P
「パートナー決めをエンゲージって名付けた人、\n　絶対サプライズとか好きに違いないです」%K%P
%LC陽菜
%LC陽菜
「私もそう思う」%K%P
「私もそう思う」%K%P
エンゲージの名付け親はニナさんなので、\n梨理ちゃんの推測はまったくもってその通りだ。%K%P
エンゲージの名付け親はニナさんなので、\n梨理ちゃんの推測はまったくもってその通りだ。%K%P
きっと、いまごろ学園のどこかで\nくしゃみをしてると思う。していて欲しい。%K%P
きっと、いまごろ学園のどこかで\nくしゃみをしてると思う。していて欲しい。%K%P
%LC梨理
%LC梨理
「センセ、場所変えませんか？\n　ここだと食事どころじゃないので」%K%P
「センセ、場所変えませんか？\n　ここだと食事どころじゃないので」%K%P
というわけで、落ち着ける場所を探し、\n辿りついたのは乙女部の部室だった。%K%P
というわけで、落ち着ける場所を探し、\n辿りついたのは乙女部の部室だった。%K%P
もともと部室棟の隅だから静かだし、\n二人とも部員なので、利用に気兼ねも要らない。%K%P
もともと部室棟の隅だから静かだし、\n二人とも部員なので、利用に気兼ねも要らない。%K%P
%LC陽菜
%LC陽菜
「ふぅ……。にしても、\n　まさかあんな形で騒がれるなんて」%K%P
「ふぅ……。にしても、\n　まさかあんな形で騒がれるなんて」%K%P
%LC梨理
%LC梨理
「物珍しさで騒いでるだけだと思います。\n　たぶん、数日で静かになるんじゃないかと」%K%P
「物珍しさで騒いでるだけだと思います。\n　たぶん、数日で静かになるんじゃないかと」%K%P
%LC陽菜
%LC陽菜
「ならいいんだけど」%K%P
「ならいいんだけど」%K%P
%LC梨理
%LC梨理
「センセが編入してきたときだって、\n　騒がれてたの最初だけじゃないですか」%K%P
「センセが編入してきたときだって、\n　騒がれてたの最初だけじゃないですか」%K%P
%LC陽菜
%LC陽菜
「ふふっ、それもそっか」%K%P
「ふふっ、それもそっか」%K%P
%LC梨理
%LC梨理
「む……。私、嫌味で言ったんですけど」%K%P
「む……。私、嫌味で言ったんですけど」%K%P
%LC陽菜
%LC陽菜
「そうだと思った」%K%P
「そうだと思った」%K%P
%LC梨理
%LC梨理
「むぅぅー……」%K%P
「むぅぅー……」%K%P
あっさりと笑って返すオレに、\n梨理ちゃんが不服そうなジト目を向けてくる。%K%P
あっさりと笑って返すオレに、\n梨理ちゃんが不服そうなジト目を向けてくる。%K%P
以前ならちょっと焦ったかもだけど、\nいまは正直、可愛いとすら思えてしまう。%K%P
以前ならちょっと焦ったかもだけど、\nいまは正直、可愛いとすら思えてしまう。%K%P
だって、日向で接していたときの彼女は、\n変態だのバカだの、歯に衣着せぬ高火力だったし。%K%P
だって、日向で接していたときの彼女は、\n変態だのバカだの、歯に衣着せぬ高火力だったし。%K%P
あれに比べれば、陽菜に対する梨理ちゃんは、\n敬意を払ってくれているってよくわかる。%K%P
あれに比べれば、陽菜に対する梨理ちゃんは、\n敬意を払ってくれているってよくわかる。%K%P
初対面から頑なにセンセという敬称を貫くのも、\n彼女なりのポリシーなのかもしれない。%K%P
初対面から頑なにセンセという敬称を貫くのも、\n彼女なりのポリシーなのかもしれない。%K%P
%LC陽菜
%LC陽菜
「じゃあ、さっそくご飯を……って、あれ？\n　そのお弁当箱――」%K%P
「じゃあ、さっそくご飯を……って、あれ？\n　そのお弁当箱――」%K%P
%LC梨理
%LC梨理
「ああ……。これが今朝お姉ちゃんが言ってた、\n　ヒーナっていうキャラです」%K%P
「ああ……。これが今朝お姉ちゃんが言ってた、\n　ヒーナっていうキャラです」%K%P
%LC陽菜
%LC陽菜
「そうなんだ。これが、ヒーナ……」%K%P
「そうなんだ。これが、ヒーナ……」%K%P
なんて、初めて見るような素振りをしたけど、\n当然、昨日ゲーセンで見たから既に知っている。%K%P
なんて、初めて見るような素振りをしたけど、\n当然、昨日ゲーセンで見たから既に知っている。%K%P
というかこのお弁当箱って、オレが昨日、\n彼女に押しつける形であげたやつじゃ……？%K%P
というかこのお弁当箱って、オレが昨日、\n彼女に押しつける形であげたやつじゃ……？%K%P
%LC陽菜
%LC陽菜
「そのお弁当箱、どこで売ってるの？」%K%P
「そのお弁当箱、どこで売ってるの？」%K%P
%LC梨理
%LC梨理
「欲しいんですか？」%K%P
「欲しいんですか？」%K%P
%LC陽菜
%LC陽菜
「まあ、ちょっと」%K%P
「まあ、ちょっと」%K%P
%LC梨理
%LC梨理
「あいにくですけど、これ、非売品なので。\n　ゲームセンターの景品なんです」%K%P
「あいにくですけど、これ、非売品なので。\n　ゲームセンターの景品なんです」%K%P
%LC陽菜
%LC陽菜
「そっか……」%K%P
「そっか……」%K%P
どうやって手に入れたか聞こうと思ったものの、\n慎重になりすぎて空振りで終わった。%K%P
どうやって手に入れたか聞こうと思ったものの、\n慎重になりすぎて空振りで終わった。%K%P
けど、根掘り葉掘りした結果、\n墓穴を掘ってしまうよりはいいか。%K%P
けど、根掘り葉掘りした結果、\n墓穴を掘ってしまうよりはいいか。%K%P
%LC陽菜
%LC陽菜
「あっ、卵焼き。色も綺麗で美味しそう」%K%P
「あっ、卵焼き。色も綺麗で美味しそう」%K%P
%LC梨理
%LC梨理
「ん……よかったら、一口、食べます？」%K%P
「ん……よかったら、一口、食べます？」%K%P
%LC陽菜
%LC陽菜
「いいの？」%K%P
「いいの？」%K%P
%LC梨理
%LC梨理
「ええ、まあ……。\n　ただ、味付け甘いですけど」%K%P
「ええ、まあ……。\n　ただ、味付け甘いですけど」%K%P
%LC陽菜
%LC陽菜
「甘いの好きだよ。留学中はよく、\n　スフレオムレツを食べていたし」%K%P
「甘いの好きだよ。留学中はよく、\n　スフレオムレツを食べていたし」%K%P
%LC梨理
%LC梨理
「スフレオムレツ？」%K%P
「スフレオムレツ？」%K%P
%LC陽菜
%LC陽菜
「卵白を泡立てて作るオムレツで、\n　フランス発祥なんだって」%K%P
「卵白を泡立てて作るオムレツで、\n　フランス発祥なんだって」%K%P
%LC梨理
%LC梨理
「へぇー……。あっ、でも、\n　あげるにしても、箸がないですね」%K%P
「へぇー……。あっ、でも、\n　あげるにしても、箸がないですね」%K%P
%LC陽菜
%LC陽菜
「あ、そっか。じゃあ、えっと……」%K%P
「あ、そっか。じゃあ、えっと……」%K%P
%LC梨理
%LC梨理
「期待されても、あーんとかしないので」%K%P
「期待されても、あーんとかしないので」%K%P
%LC陽菜
%LC陽菜
「えっ……し、してないよっ？　そんな期待とか」%K%P
「えっ……し、してないよっ？　そんな期待とか」%K%P
%LC梨理
%LC梨理
「あっ……すっ、すみませんっ。お姉ちゃんが、\n　いつもそういうこと言うので、つい……」%K%P
「あっ……すっ、すみませんっ。お姉ちゃんが、\n　いつもそういうこと言うので、つい……」%K%P
%LC陽菜
%LC陽菜
「あー……」%K%P
「あー……」%K%P
いかにも美実様らしくて、容易に想像がつく。%K%P
いかにも美実様らしくて、容易に想像がつく。%K%P
%LC梨理
%LC梨理
「お箸、貸しますから。食べちゃって下さい」%K%P
「お箸、貸しますから。食べちゃって下さい」%K%P
%LC陽菜
%LC陽菜
「いいの？」%K%P
「いいの？」%K%P
%LC梨理
%LC梨理
「あーんするよりは」%K%P
「あーんするよりは」%K%P
%LC陽菜
%LC陽菜
「じゃあ……」%K%P
「じゃあ……」%K%P
というわけで、お箸を手渡される……って、\nこれ、間接キスになっちゃうんじゃ……？%K%P
というわけで、お箸を手渡される……って、\nこれ、間接キスになっちゃうんじゃ……？%K%P
まあ、女の子同士でのやりとりって考えたら、\nそこまで不自然じゃないのかもしれないけど――、%K%P
まあ、女の子同士でのやりとりって考えたら、\nそこまで不自然じゃないのかもしれないけど――、%K%P
%LC梨理
%LC梨理
「……食べないんですか？」%K%P
「……食べないんですか？」%K%P
%LC陽菜
%LC陽菜
「あっ、食べる食べる。いただきますっ」%K%P
「あっ、食べる食べる。いただきますっ」%K%P
差し出されたお弁当を前に固まっていたら、\n怪訝そうに問われて、慌てて箸をつける。%K%P
差し出されたお弁当を前に固まっていたら、\n怪訝そうに問われて、慌てて箸をつける。%K%P
なるべく箸に口をつけないように――、%K%P
なるべく箸に口をつけないように――、%K%P
%LC陽菜
%LC陽菜
「あむっ……。もぎゅ、もぎゅぅ……」%K%P
「あむっ……。もぎゅ、もぎゅぅ……」%K%P
%LC陽菜
%LC陽菜
「おっ、ほんとだ。優しい甘さ……。\n　なんか、ちょっと懐かしいかも……」%K%P
「おっ、ほんとだ。優しい甘さ……。\n　なんか、ちょっと懐かしいかも……」%K%P
姉さんもたまに作ってくれるけど、姉さんのは、\n砂糖と醤油で味付けされた和風の厚焼き玉子だ。%K%P
姉さんもたまに作ってくれるけど、姉さんのは、\n砂糖と醤油で味付けされた和風の厚焼き玉子だ。%K%P
学食にもオムレツはあるけれど、\nそっちも一般的なケチャップ前提の味付けで。%K%P
学食にもオムレツはあるけれど、\nそっちも一般的なケチャップ前提の味付けで。%K%P
こんなふうに純粋に甘いのは、留学時代以来だ。%K%P
こんなふうに純粋に甘いのは、留学時代以来だ。%K%P
%LC梨理
%LC梨理
「ほっ……よかった、酷評されなくて」%K%P
「ほっ……よかった、酷評されなくて」%K%P
%LC陽菜
%LC陽菜
「酷評って……じゃあこれ、\n　梨理ちゃんが作ったの？」%K%P
「酷評って……じゃあこれ、\n　梨理ちゃんが作ったの？」%K%P
%LC梨理
%LC梨理
「あ……ええ、まあ」%K%P
「あ……ええ、まあ」%K%P
%LC陽菜
%LC陽菜
「そうなんだ。料理、上手なんだね」%K%P
「そうなんだ。料理、上手なんだね」%K%P
%LC梨理
%LC梨理
「このぐらいなら授業でも習いますし」%K%P
「このぐらいなら授業でも習いますし」%K%P
%LC陽菜
%LC陽菜
「う、そっか……」%K%P
「う、そっか……」%K%P
%LC梨理
%LC梨理
「センセ、ひょっとして料理苦手ですか？」%K%P
「センセ、ひょっとして料理苦手ですか？」%K%P
%LC陽菜
%LC陽菜
「あえて得手不得手に分けるなら、\n　たぶん、不得手なほう」%K%P
「あえて得手不得手に分けるなら、\n　たぶん、不得手なほう」%K%P
%LC梨理
%LC梨理
「往生際が悪い言い方です」%K%P
「往生際が悪い言い方です」%K%P
%LC陽菜
%LC陽菜
「うぐっ……」%K%P
「うぐっ……」%K%P
本当にその通りです。はい。%K%P
本当にその通りです。はい。%K%P
%LC梨理
%LC梨理
「そういえばセンセ、私を誘ったとき、\n　４人で一緒に、とか言ってましたね」%K%P
「そういえばセンセ、私を誘ったとき、\n　４人で一緒に、とか言ってましたね」%K%P
%LC陽菜
%LC陽菜
「うん。せっかくなら、\n　多い方が賑やかで楽しいと思ったんだけど」%K%P
「うん。せっかくなら、\n　多い方が賑やかで楽しいと思ったんだけど」%K%P
%LC梨理
%LC梨理
「依夜様たちは敵ですよ？」%K%P
「依夜様たちは敵ですよ？」%K%P
%LC陽菜
%LC陽菜
「敵って……」%K%P
「敵って……」%K%P
%LC梨理
%LC梨理
「依夜様たちに限らず、他の{騎士:ワルキュリア}は、\n　{最優秀騎士:ブリランテ}を巡って争うライバルです」%K%P
「依夜様たちに限らず、他の{騎士:ワルキュリア}は、\n　{最優秀騎士:ブリランテ}を巡って争うライバルです」%K%P
%LC梨理
%LC梨理
「パートナーと仲良くするのは、\n　まだわかります」%K%P
「パートナーと仲良くするのは、\n　まだわかります」%K%P
%LC梨理
%LC梨理
「でも、他の{騎士:ワルキュリア}とまで\n　そうする必要はないですよね？」%K%P
「でも、他の{騎士:ワルキュリア}とまで\n　そうする必要はないですよね？」%K%P
%LC陽菜
%LC陽菜
「それは……」%K%P
「それは……」%K%P
なになに、ヤキモチ？　――なんて、\n美実様だったら、うまく茶化せるんだろうけど。%K%P
なになに、ヤキモチ？　――なんて、\n美実様だったら、うまく茶化せるんだろうけど。%K%P
さすがにそれを言えるほどの距離感じゃなく、\nうまい返しが見つからなくて、言葉に詰まる。%K%P
さすがにそれを言えるほどの距離感じゃなく、\nうまい返しが見つからなくて、言葉に詰まる。%K%P
梨理ちゃんの言っていることも分かるけど、\n個人的には、そこまで極端にはなれない。%K%P
梨理ちゃんの言っていることも分かるけど、\n個人的には、そこまで極端にはなれない。%K%P
%LC梨理
%LC梨理
「センセは、{最優秀騎士:ブリランテ}になりたい私を、\n　助けてくれるんですよね？」%K%P
「センセは、{最優秀騎士:ブリランテ}になりたい私を、\n　助けてくれるんですよね？」%K%P
%LC陽菜
%LC陽菜
「うん。それは、もちろん」%K%P
「うん。それは、もちろん」%K%P
%LC梨理
%LC梨理
「なら、いいです」%K%P
「なら、いいです」%K%P
本当に、どこまでもストイックな彼女。%K%P
本当に、どこまでもストイックな彼女。%K%P
もしも{最優秀騎士:ブリランテ}になれたとして、\nそのとき彼女が笑ってくれるのかどうか――、%K%P
もしも{最優秀騎士:ブリランテ}になれたとして、\nそのとき彼女が笑ってくれるのかどうか――、%K%P
……ちょっと、不安になってきたかも。%K%P
……ちょっと、不安になってきたかも。%K%P
――どうしよう。センセが黙り込んでしまった。%K%P
――どうしよう。センセが黙り込んでしまった。%K%P
せっかく向こうからお昼に誘ってもらって、\nこうして二人で食事をしていたのに。%K%P
せっかく向こうからお昼に誘ってもらって、\nこうして二人で食事をしていたのに。%K%P
センセの言う通り、パートナーと仲良くなるのは、\n大切だってわかってはいるのに。%K%P
センセの言う通り、パートナーと仲良くなるのは、\n大切だってわかってはいるのに。%K%P
どうにも、うまくいかない。%K%P
どうにも、うまくいかない。%K%P
思えば、この前のラブレターの話のときも、\n結局、早合点して空回りしちゃったし。%K%P
思えば、この前のラブレターの話のときも、\n結局、早合点して空回りしちゃったし。%K%P
なんか、センセと部室で二人きりになると、\nどうにも会話がぎくしゃくしてしまう。%K%P
なんか、センセと部室で二人きりになると、\nどうにも会話がぎくしゃくしてしまう。%K%P
なにか話題を振れたらいいんだけど、\n私は、そういうのがあまり得意じゃないし。%K%P
なにか話題を振れたらいいんだけど、\n私は、そういうのがあまり得意じゃないし。%K%P
黙り込んだセンセが食いついちゃうような、\nそういう、ビックリするような――、%K%P
黙り込んだセンセが食いついちゃうような、\nそういう、ビックリするような――、%K%P
%LC梨理
%LC梨理
「……あっ、そういえば。\n　私、昨日ナンパされたんです」%K%P
「……あっ、そういえば。\n　私、昨日ナンパされたんです」%K%P
%LC陽菜
%LC陽菜
「え……？　ナンパ？　ホントに？」%K%P
「え……？　ナンパ？　ホントに？」%K%P
あれ、なんか、すごく食いついてる……？%K%P
あれ、なんか、すごく食いついてる……？%K%P
そういえばセンセ、ラブレターの一件のときも、\nやけに色々と聞いてきたような。%K%P
そういえばセンセ、ラブレターの一件のときも、\nやけに色々と聞いてきたような。%K%P
ひょっとして、色恋系の話題、好きとか？%K%P
ひょっとして、色恋系の話題、好きとか？%K%P
なら、この話題を広げれば……。%K%P
なら、この話題を広げれば……。%K%P
%LC梨理
%LC梨理
「昨日、お姉ちゃんと買い物に行ったんです。\n　うちの近所に、ショッピングモールがあって」%K%P
「昨日、お姉ちゃんと買い物に行ったんです。\n　うちの近所に、ショッピングモールがあって」%K%P
%LC梨理
%LC梨理
「で、いろいろ見たあと、私、\n　ゲームセンターに寄ったんですけど」%K%P
「で、いろいろ見たあと、私、\n　ゲームセンターに寄ったんですけど」%K%P
%LC梨理
%LC梨理
「そこで、変な男の子に絡まれちゃって」%K%P
「そこで、変な男の子に絡まれちゃって」%K%P
%LC陽菜
%LC陽菜
「変……？　変って？」%K%P
「変……？　変って？」%K%P
%LC梨理
%LC梨理
「その男の子、罵ると喜ぶんです。\n　男のくせにって言うと、嬉しい、とか言って」%K%P
「その男の子、罵ると喜ぶんです。\n　男のくせにって言うと、嬉しい、とか言って」%K%P
%LC陽菜
%LC陽菜
「へ、へぇー……」%K%P
「へ、へぇー……」%K%P
%LC陽菜
%LC陽菜
「けど、罵るって……梨理ちゃん、\n　普段は口が悪かったりするの？」%K%P
「けど、罵るって……梨理ちゃん、\n　普段は口が悪かったりするの？」%K%P
%LC梨理
%LC梨理
「あっ……。だって……相手、男だし。\n　男には隙を見せたらダメだって、お姉ちゃんが」%K%P
「あっ……。だって……相手、男だし。\n　男には隙を見せたらダメだって、お姉ちゃんが」%K%P
%LC陽菜
%LC陽菜
「それ、微妙に解釈が違うような……」%K%P
「それ、微妙に解釈が違うような……」%K%P
%LC梨理
%LC梨理
「いいんですっ、それはそれでっ」%K%P
「いいんですっ、それはそれでっ」%K%P
%LC梨理
%LC梨理
「とにかく、そいつ、変なやつで。\n　やけに私に絡んで来て大変だったんです」%K%P
「とにかく、そいつ、変なやつで。\n　やけに私に絡んで来て大変だったんです」%K%P
%LC陽菜
%LC陽菜
「お茶やご飯に誘われた、とか？」%K%P
「お茶やご飯に誘われた、とか？」%K%P
%LC梨理
%LC梨理
「そういうのは、なかったですけど……」%K%P
「そういうのは、なかったですけど……」%K%P
%LC陽菜
%LC陽菜
「なら、連絡先を聞かれたとか」%K%P
「なら、連絡先を聞かれたとか」%K%P
%LC梨理
%LC梨理
「そういうのも、別に……」%K%P
「そういうのも、別に……」%K%P
%LC梨理
%LC梨理
「むしろ、名前を聞いたら、\n　名乗らずにどっか行っちゃったし」%K%P
「むしろ、名前を聞いたら、\n　名乗らずにどっか行っちゃったし」%K%P
%LC陽菜
%LC陽菜
「それ、本当にナンパ？」%K%P
「それ、本当にナンパ？」%K%P
%LC梨理
%LC梨理
「ナンパです、ナンパっ。男が女に声を掛けたら、\n　それはもう全部ナンパなのでっ」%K%P
「ナンパです、ナンパっ。男が女に声を掛けたら、\n　それはもう全部ナンパなのでっ」%K%P
%LC陽菜
%LC陽菜
「その理屈だと、\n　道に迷って尋ねるのもナンパになるけど」%K%P
「その理屈だと、\n　道に迷って尋ねるのもナンパになるけど」%K%P
%LC梨理
%LC梨理
「道なんてスマホで調べればいいじゃないですか。\n　声かけてくる時点で下心があるんです」%K%P
「道なんてスマホで調べればいいじゃないですか。\n　声かけてくる時点で下心があるんです」%K%P
%LC陽菜
%LC陽菜
「それは極論すぎるんじゃ……」%K%P
「それは極論すぎるんじゃ……」%K%P
%LC梨理
%LC梨理
「いいえ、ナンパです。\n　もしくは変質者か犯罪者です」%K%P
「いいえ、ナンパです。\n　もしくは変質者か犯罪者です」%K%P
%LC陽菜
%LC陽菜
「うわ、グレード上がった」%K%P
「うわ、グレード上がった」%K%P
%LC梨理
%LC梨理
「小さい頃からお姉ちゃんに言われてたので。\n　梨理は可愛いから気をつけなさいって」%K%P
「小さい頃からお姉ちゃんに言われてたので。\n　梨理は可愛いから気をつけなさいって」%K%P
%LC陽菜
%LC陽菜
「それは、まあ……わかるけど。\n　梨理ちゃん、可愛いから」%K%P
「それは、まあ……わかるけど。\n　梨理ちゃん、可愛いから」%K%P
%LC梨理
%LC梨理
「ん……」%K%P
「ん……」%K%P
不意に同意されて、ちょっとドキっとする。%K%P
不意に同意されて、ちょっとドキっとする。%K%P
なんで私、いま、ドキって――、%K%P
なんで私、いま、ドキって――、%K%P
%LC陽菜
%LC陽菜
「けど、その……変な男の子？　って、\n　なにか梨理ちゃんに迷惑をかけたの？」%K%P
「けど、その……変な男の子？　って、\n　なにか梨理ちゃんに迷惑をかけたの？」%K%P
%LC梨理
%LC梨理
「それは……別に、なにも……。\n　貴重な時間が奪われちゃった程度で」%K%P
「それは……別に、なにも……。\n　貴重な時間が奪われちゃった程度で」%K%P
%LC陽菜
%LC陽菜
「なら、そこまで邪険に扱わなくても\n　いいんじゃない？」%K%P
「なら、そこまで邪険に扱わなくても\n　いいんじゃない？」%K%P
%LC陽菜
%LC陽菜
「その男の子も梨理ちゃんが可愛くて、\n　つい声をかけちゃっただけかもしれないし」%K%P
「その男の子も梨理ちゃんが可愛くて、\n　つい声をかけちゃっただけかもしれないし」%K%P
%LC梨理
%LC梨理
「それは、まあ……そうかもですけど」%K%P
「それは、まあ……そうかもですけど」%K%P
%LC梨理
%LC梨理
「っていうかセンセ、なんか妙に\n　その男の子の肩をもってません？」%K%P
「っていうかセンセ、なんか妙に\n　その男の子の肩をもってません？」%K%P
%LC陽菜
%LC陽菜
「そっ、そんなことないよっ？\n　本当にナンパなのかなって思っただけで」%K%P
「そっ、そんなことないよっ？\n　本当にナンパなのかなって思っただけで」%K%P
%LC梨理
%LC梨理
「本当にナンパですっ。\n　だってそいつ、貢いできたんですよ？」%K%P
「本当にナンパですっ。\n　だってそいつ、貢いできたんですよ？」%K%P
%LC陽菜
%LC陽菜
「貢ぐ？」%K%P
「貢ぐ？」%K%P
%LC梨理
%LC梨理
「このヒーナのお弁当箱、その変なヤツが、\n　私にあげるって押しつけてきたんです」%K%P
「このヒーナのお弁当箱、その変なヤツが、\n　私にあげるって押しつけてきたんです」%K%P
%LC梨理
%LC梨理
「いらないって何度も断ったんですけど。\n　そいつが、キミのために、って……――」%K%P
「いらないって何度も断ったんですけど。\n　そいつが、キミのために、って……――」%K%P
変なヤツが言ってきた台詞を繰り返そうとして、\nなぜだか、息を呑んでしまう。%K%P
変なヤツが言ってきた台詞を繰り返そうとして、\nなぜだか、息を呑んでしまう。%K%P
%LC陽菜
%LC陽菜
「梨理ちゃん……？　どうかしたの？」%K%P
「梨理ちゃん……？　どうかしたの？」%K%P
%LC梨理
%LC梨理
「いっ、いえ、別に。そいつが言ったことが、\n　あまりにキザっていうか……」%K%P
「いっ、いえ、別に。そいつが言ったことが、\n　あまりにキザっていうか……」%K%P
%LC梨理
%LC梨理
「だって……喜ぶ顔が見たくて、ですよ？\n　普通、初対面の相手にそんなこと言います？」%K%P
「だって……喜ぶ顔が見たくて、ですよ？\n　普通、初対面の相手にそんなこと言います？」%K%P
%LC梨理
%LC梨理
「これ、絶対にナンパされてますよね？」%K%P
「これ、絶対にナンパされてますよね？」%K%P
%LC陽菜
%LC陽菜
「それは……」%K%P
「それは……」%K%P
%LC陽菜
%LC陽菜
「……客観的に見たら、そうかも、だけど」%K%P
「……客観的に見たら、そうかも、だけど」%K%P
%LC梨理
%LC梨理
「ほら、やっぱり」%K%P
「ほら、やっぱり」%K%P
%LC陽菜
%LC陽菜
「はぅぅ……」%K%P
「はぅぅ……」%K%P
%LC梨理
%LC梨理
「……？　なんでセンセが溜め息つくんです？」%K%P
「……？　なんでセンセが溜め息つくんです？」%K%P
%LC陽菜
%LC陽菜
「あっ……いや、なんでかなぁ……あはは」%K%P
「あっ……いや、なんでかなぁ……あはは」%K%P
%LC陽菜
%LC陽菜
「けど……押しつけられたお弁当箱を、\n　こうしてちゃんと使ってるってことは――」%K%P
「けど……押しつけられたお弁当箱を、\n　こうしてちゃんと使ってるってことは――」%K%P
%LC陽菜
%LC陽菜
「梨理ちゃん、その男の子のこと、\n　わりと嫌いじゃなかったってこと？」%K%P
「梨理ちゃん、その男の子のこと、\n　わりと嫌いじゃなかったってこと？」%K%P
%LC梨理
%LC梨理
「それは……」%K%P
「それは……」%K%P
思いがけない問いに、一瞬、言葉が詰まる、けど。%K%P
思いがけない問いに、一瞬、言葉が詰まる、けど。%K%P
%LC梨理
%LC梨理
「だって、お弁当箱に罪はないですし。\n　こんなに可愛いんだから、使わないと損だなって」%K%P
「だって、お弁当箱に罪はないですし。\n　こんなに可愛いんだから、使わないと損だなって」%K%P
%LC梨理
%LC梨理
「だから、このお弁当箱を使うことと、\n　その変なヤツの好き嫌いは、関係ないです」%K%P
「だから、このお弁当箱を使うことと、\n　その変なヤツの好き嫌いは、関係ないです」%K%P
%LC陽菜
%LC陽菜
「そっか……。ふふっ、そうだね。\n　そのお弁当箱に罪はないもんね」%K%P
「そっか……。ふふっ、そうだね。\n　そのお弁当箱に罪はないもんね」%K%P
%LC梨理
%LC梨理
「む……。センセ、なにニヤついてんですか」%K%P
「む……。センセ、なにニヤついてんですか」%K%P
%LC陽菜
%LC陽菜
「ニヤついたつもりはないんだけど……でも、\n　なんか、そういうのいいなぁって」%K%P
「ニヤついたつもりはないんだけど……でも、\n　なんか、そういうのいいなぁって」%K%P
%LC陽菜
%LC陽菜
「その変な男の子も、梨理ちゃんがお弁当箱を\n　使ってるって知ったら、喜ぶと思うよ」%K%P
「その変な男の子も、梨理ちゃんがお弁当箱を\n　使ってるって知ったら、喜ぶと思うよ」%K%P
%LC梨理
%LC梨理
「んっ……」%K%P
「んっ……」%K%P
さらっと言われて、さっきよりもドキッとする。%K%P
さらっと言われて、さっきよりもドキッとする。%K%P
%LC梨理
%LC梨理
「……なんかセンセ、お姉ちゃんみたい」%K%P
「……なんかセンセ、お姉ちゃんみたい」%K%P
%LC陽菜
%LC陽菜
「美実様みたいって……。\n　それは、ちょっと困るかも……」%K%P
「美実様みたいって……。\n　それは、ちょっと困るかも……」%K%P
%LC梨理
%LC梨理
「その発言、お姉ちゃんに言いつけますよ？」%K%P
「その発言、お姉ちゃんに言いつけますよ？」%K%P
%LC陽菜
%LC陽菜
「あっ、ごめん。勘弁して」%K%P
「あっ、ごめん。勘弁して」%K%P
%LC梨理
%LC梨理
「なら、今回だけ」%K%P
「なら、今回だけ」%K%P
%LC陽菜
%LC陽菜
「ありがとう、梨理ちゃん」%K%P
「ありがとう、梨理ちゃん」%K%P
%LC梨理
%LC梨理
「ん……」%K%P
「ん……」%K%P
お姉ちゃんみたいって口に出したら、そのあと、\n自分でも驚くぐらい、すらすらっと言葉が出た。%K%P
お姉ちゃんみたいって口に出したら、そのあと、\n自分でも驚くぐらい、すらすらっと言葉が出た。%K%P
陽菜センセとお姉ちゃんって、\nどことなく、似てる部分がある気がする。%K%P
陽菜センセとお姉ちゃんって、\nどことなく、似てる部分がある気がする。%K%P
それがどこかって言われると、\n自分でも、よくわからないけど。%K%P
それがどこかって言われると、\n自分でも、よくわからないけど。%K%P
……って、そうだ。良い機会だし、\nあのこと、センセに言っておかなくちゃ。%K%P
……って、そうだ。良い機会だし、\nあのこと、センセに言っておかなくちゃ。%K%P
%LC梨理
%LC梨理
「陽菜センセ。私とエンゲージしてくれて、\n　ありがとうございました」%K%P
「陽菜センセ。私とエンゲージしてくれて、\n　ありがとうございました」%K%P
%LC陽菜
%LC陽菜
「えっ、なに？　急にあらたまって」%K%P
「えっ、なに？　急にあらたまって」%K%P
%LC梨理
%LC梨理
「お礼、まだ言ってなかったので」%K%P
「お礼、まだ言ってなかったので」%K%P
%LC梨理
%LC梨理
「経緯はどうあれ、私、感謝してるんです。\n　センセが私を選んでくれたこと」%K%P
「経緯はどうあれ、私、感謝してるんです。\n　センセが私を選んでくれたこと」%K%P
%LC梨理
%LC梨理
「そして、トーナメントの組み合わせ抽選で、\n　初戦の相手に依夜様たちを引き当ててくれたこと」%K%P
「そして、トーナメントの組み合わせ抽選で、\n　初戦の相手に依夜様たちを引き当ててくれたこと」%K%P
%LC梨理
%LC梨理
「センセ。ひとつ、お願いしてもいいですか？」%K%P
「センセ。ひとつ、お願いしてもいいですか？」%K%P
梨理ちゃんと部室でお昼を食べたあと、\n教室へと戻ってきた。%K%P
梨理ちゃんと部室でお昼を食べたあと、\n教室へと戻ってきた。%K%P
まだお昼休み中ということもあって、\nクラスメートはまばらで、杏奈ちゃんもいない。%K%P
まだお昼休み中ということもあって、\nクラスメートはまばらで、杏奈ちゃんもいない。%K%P
%LC陽菜
%LC陽菜
「……お願い、か」%K%P
「……お願い、か」%K%P
自分の席に座りながら、ついさっき、\n梨理ちゃんとした会話を思い出す――。%K%P
自分の席に座りながら、ついさっき、\n梨理ちゃんとした会話を思い出す――。%K%P
%LC陽菜
%LC陽菜
「――依夜様と戦いたい？」%K%P
「――依夜様と戦いたい？」%K%P
%LC梨理
%LC梨理
「はい。トーナメント初戦、\n　私を依夜様と戦わせてほしいんです」%K%P
「はい。トーナメント初戦、\n　私を依夜様と戦わせてほしいんです」%K%P
昼食が終盤にさしかかった頃、\n梨理ちゃんは居住まいを正し、そう告げてきた。%K%P
昼食が終盤にさしかかった頃、\n梨理ちゃんは居住まいを正し、そう告げてきた。%K%P
その目は、真剣そのもので。%K%P
その目は、真剣そのもので。%K%P
%LC陽菜
%LC陽菜
「依夜様と戦いたい気持ちは伝わってくるし、\n　その点に関して、とくに異議はないけど……」%K%P
「依夜様と戦いたい気持ちは伝わってくるし、\n　その点に関して、とくに異議はないけど……」%K%P
%LC陽菜
%LC陽菜
「仮に、依夜様が私と戦うのを望んだとしたら、\n　それを譲って欲しいってこと？」%K%P
「仮に、依夜様が私と戦うのを望んだとしたら、\n　それを譲って欲しいってこと？」%K%P
%LC梨理
%LC梨理
「はい」%K%P
「はい」%K%P
%LC陽菜
%LC陽菜
「むぅ……」%K%P
「むぅ……」%K%P
短い答えは切れ味鋭い刃のようで、\n彼女の決意がひしひしと伝わってくる。%K%P
短い答えは切れ味鋭い刃のようで、\n彼女の決意がひしひしと伝わってくる。%K%P
%LC陽菜
%LC陽菜
「……理由、聞いてもいい？\n　どうして依夜様と戦いたいの？」%K%P
「……理由、聞いてもいい？\n　どうして依夜様と戦いたいの？」%K%P
%LC梨理
%LC梨理
「どうしても戦いたいからです」%K%P
「どうしても戦いたいからです」%K%P
%LC陽菜
%LC陽菜
「いや、だからそれを」%K%P
「いや、だからそれを」%K%P
%LC梨理
%LC梨理
「お願いします、陽菜センセ」%K%P
「お願いします、陽菜センセ」%K%P
%LC陽菜
%LC陽菜
「ん……」%K%P
「ん……」%K%P
理由を説明する気はないのか、\nそれとも、そもそも理由なんてないのか。%K%P
理由を説明する気はないのか、\nそれとも、そもそも理由なんてないのか。%K%P
どちらにせよ、梨理ちゃんの決心は固く、\nそれを覆すのは難しいように思う。%K%P
どちらにせよ、梨理ちゃんの決心は固く、\nそれを覆すのは難しいように思う。%K%P
オレとしても依夜様とは戦いたいし、\n機会があれば再戦を、という約束もしている。%K%P
オレとしても依夜様とは戦いたいし、\n機会があれば再戦を、という約束もしている。%K%P
けど、これほどの気概を見せられると――、%K%P
けど、これほどの気概を見せられると――、%K%P
%LC陽菜
%LC陽菜
「……わかった。\n　依夜様の相手は、梨理ちゃんに任せる」%K%P
「……わかった。\n　依夜様の相手は、梨理ちゃんに任せる」%K%P
%LC梨理
%LC梨理
「センセ……。ありがとうございます」%K%P
「センセ……。ありがとうございます」%K%P
オレが願いを聞き届けると、\n梨理ちゃんは少し力を抜いて、頭を下げた。%K%P
オレが願いを聞き届けると、\n梨理ちゃんは少し力を抜いて、頭を下げた。%K%P
%LC陽菜
%LC陽菜
「……良かったのかな、あれで」%K%P
「……良かったのかな、あれで」%K%P
梨理ちゃんとのやりとりを振り返ると、\nそんな言葉が口をついて出てきた。%K%P
梨理ちゃんとのやりとりを振り返ると、\nそんな言葉が口をついて出てきた。%K%P
頼み込む姿があまりにも真剣で、\n気迫に圧されて頷いてしまったけど。%K%P
頼み込む姿があまりにも真剣で、\n気迫に圧されて頷いてしまったけど。%K%P
はたして、梨理ちゃんのお願いを聞き届けて、\n本当に良かったんだろうか。%K%P
はたして、梨理ちゃんのお願いを聞き届けて、\n本当に良かったんだろうか。%K%P
世が世なら、梨理ちゃんの申し出は、\n死闘や決闘を望む類いの神妙さがあった。%K%P
世が世なら、梨理ちゃんの申し出は、\n死闘や決闘を望む類いの神妙さがあった。%K%P
もちろん、{舞闘:カデンツァ}は安全だから、\n怪我をしたりさせたり、なんて真似は出来ないけど。%K%P
もちろん、{舞闘:カデンツァ}は安全だから、\n怪我をしたりさせたり、なんて真似は出来ないけど。%K%P
%LC陽菜
%LC陽菜
「……放課後、もう一度話してみよう」%K%P
「……放課後、もう一度話してみよう」%K%P
エスパーでもない限り、相手を理解したいなら、\n対話を繰り返すしかない。%K%P
エスパーでもない限り、相手を理解したいなら、\n対話を繰り返すしかない。%K%P
実際、今日の昼食では、\nそれなりに話が弾んだと思うし――、%K%P
実際、今日の昼食では、\nそれなりに話が弾んだと思うし――、%K%P
%LC陽菜
%LC陽菜
「はぁ……にしても、変なヤツかぁ……」%K%P
「はぁ……にしても、変なヤツかぁ……」%K%P
急にナンパされたって言い出したときは驚いたけど、\nまさか、その相手が他でもないオレだなんて。%K%P
急にナンパされたって言い出したときは驚いたけど、\nまさか、その相手が他でもないオレだなんて。%K%P
男に声をかけられた、なんて言ってたけど、\n実際に声を掛けてきたのは梨理ちゃんの方だし。%K%P
男に声をかけられた、なんて言ってたけど、\n実際に声を掛けてきたのは梨理ちゃんの方だし。%K%P
とはいえ、嘘をついたっていうより、\n話しやすいように脚色したんだろうけど。%K%P
とはいえ、嘘をついたっていうより、\n話しやすいように脚色したんだろうけど。%K%P
それに、男のくせにって言われて、\nすごく喜んじゃったの、事実だし……はぅ。%K%P
それに、男のくせにって言われて、\nすごく喜んじゃったの、事実だし……はぅ。%K%P
でも、あのお弁当箱を使ってくれてたのは、\nすっごく嬉しかった。%K%P
でも、あのお弁当箱を使ってくれてたのは、\nすっごく嬉しかった。%K%P
その気持ちをどうにか彼女に伝えたくて、\n喜んでると思うよ、なんて言っちゃったけど――、%K%P
その気持ちをどうにか彼女に伝えたくて、\n喜んでると思うよ、なんて言っちゃったけど――、%K%P
もしいつか、日向としてまた会えたら、\nそのときは感謝を伝えたい……って、それは無理か。%K%P
もしいつか、日向としてまた会えたら、\nそのときは感謝を伝えたい……って、それは無理か。%K%P
彼女があのお弁当箱を使ってるって情報は、\n日向の立場じゃ、どうやったって知りようがない。%K%P
彼女があのお弁当箱を使ってるって情報は、\n日向の立場じゃ、どうやったって知りようがない。%K%P
それを知っているのは、\n日向ではなく、陽菜なんだから。%K%P
それを知っているのは、\n日向ではなく、陽菜なんだから。%K%P
%LC陽菜
%LC陽菜
「――えっ？　梨理ちゃん、帰っちゃったの？」%K%P
「――えっ？　梨理ちゃん、帰っちゃったの？」%K%P
%LC女学生
%LC女学生
「はい。梨理、週の半分ぐらいは、\n　授業が終わるとさっさと帰っちゃうんです」%K%P
「はい。梨理、週の半分ぐらいは、\n　授業が終わるとさっさと帰っちゃうんです」%K%P
%LC女学生
%LC女学生
「詳しくは知らないんですけど、\n　習い事かなにか、やってるみたいで」%K%P
「詳しくは知らないんですけど、\n　習い事かなにか、やってるみたいで」%K%P
%LC陽菜
%LC陽菜
「そうなんだ……」%K%P
「そうなんだ……」%K%P
放課後、１年の教室に行ってみると、\n梨理ちゃんは不在だった。%K%P
放課後、１年の教室に行ってみると、\n梨理ちゃんは不在だった。%K%P
オレに梨理ちゃんのことを教えてくれたのは、\n前にも情報提供してくれた梨理ちゃんのお隣さんだ。%K%P
オレに梨理ちゃんのことを教えてくれたのは、\n前にも情報提供してくれた梨理ちゃんのお隣さんだ。%K%P
けど、習い事、か。%K%P
けど、習い事、か。%K%P
やっぱり、フェンシングスクールとか、\nそういうのに通っていたりするのかな。%K%P
やっぱり、フェンシングスクールとか、\nそういうのに通っていたりするのかな。%K%P
それともまさか、避けられてる、とか――、%K%P
それともまさか、避けられてる、とか――、%K%P
%LC女学生
%LC女学生
「あの、急ぎの用でなければ、\n　私が明日、伝えておきましょうか？」%K%P
「あの、急ぎの用でなければ、\n　私が明日、伝えておきましょうか？」%K%P
%LC陽菜
%LC陽菜
「ううん、大丈夫。\n　明日また声をかけてみるから」%K%P
「ううん、大丈夫。\n　明日また声をかけてみるから」%K%P
%LC女学生
%LC女学生
「わかりました。あっ、それと、先生が梨理と\n　エンゲージしてくれて、嬉しいです」%K%P
「わかりました。あっ、それと、先生が梨理と\n　エンゲージしてくれて、嬉しいです」%K%P
%LC女学生
%LC女学生
「先生、梨理のこと、よろしくお願いします。\n　あの子と一緒に{最優秀騎士:ブリランテ}になって下さい」%K%P
「先生、梨理のこと、よろしくお願いします。\n　あの子と一緒に{最優秀騎士:ブリランテ}になって下さい」%K%P
%LC女学生
%LC女学生
「私、梨理には輝いて欲しいから」%K%P
「私、梨理には輝いて欲しいから」%K%P
%LC陽菜
%LC陽菜
「うん。頑張るね」%K%P
「うん。頑張るね」%K%P
梨理ちゃんは帰宅したと教わったものの、\n足は自然とトレーニングルームへ向いてしまった。%K%P
梨理ちゃんは帰宅したと教わったものの、\n足は自然とトレーニングルームへ向いてしまった。%K%P
――ところが。%K%P
――ところが。%K%P
%LC陽菜
%LC陽菜
「……人が、いない……」%K%P
「……人が、いない……」%K%P
普段なら、放課後ともなれば、\n練習に打ち込む学生が多くいるはずなんだけど。%K%P
普段なら、放課後ともなれば、\n練習に打ち込む学生が多くいるはずなんだけど。%K%P
学生はおろか、姉さんの姿もなくて、\nトレーニングルームは実に閑散としていた。%K%P
学生はおろか、姉さんの姿もなくて、\nトレーニングルームは実に閑散としていた。%K%P
あまりに人の気配がなさすぎて、\nトレーニングルームごと異世界に飛ばされたかも、\nなんて、馬鹿げたことを考えてしまう。%K%P
あまりに人の気配がなさすぎて、\nトレーニングルームごと異世界に飛ばされたかも、\nなんて、馬鹿げたことを考えてしまう。%K%P
%LC杏奈
%LC杏奈
「あれ？　陽菜ちゃん？」%K%P
「あれ？　陽菜ちゃん？」%K%P
%LC陽菜
%LC陽菜
「杏奈ちゃんっ」%K%P
「杏奈ちゃんっ」%K%P
もの悲しい気持ちになりかけていたところに\n見知った子が現れて、つい声が弾んでしまった。%K%P
もの悲しい気持ちになりかけていたところに\n見知った子が現れて、つい声が弾んでしまった。%K%P
%LC陽菜
%LC陽菜
「ねえ、これってどういうこと？\n　誰も練習してないんだけど」%K%P
「ねえ、これってどういうこと？\n　誰も練習してないんだけど」%K%P
%LC杏奈
%LC杏奈
「ああ……。ふふっ、それなら、\n　みんな銀蘭祭の準備だと思うよ？」%K%P
「ああ……。ふふっ、それなら、\n　みんな銀蘭祭の準備だと思うよ？」%K%P
%LC陽菜
%LC陽菜
「あ……」%K%P
「あ……」%K%P
杏奈ちゃんの一言で、あっさり納得。%K%P
杏奈ちゃんの一言で、あっさり納得。%K%P
すでに銀蘭祭の準備は始まっているわけで、\nみんな、そっちに集中しているってことだろう。%K%P
すでに銀蘭祭の準備は始まっているわけで、\nみんな、そっちに集中しているってことだろう。%K%P
%LC依夜
%LC依夜
「この時期トレーニングルームを使うのは、\n　代表に選ばれた{騎士:ワルキュリア}だけよ」%K%P
「この時期トレーニングルームを使うのは、\n　代表に選ばれた{騎士:ワルキュリア}だけよ」%K%P
%LC依夜
%LC依夜
「より良い{舞闘:カデンツァ}を見せることが、\n　私たち、選ばれた者の責務だから」%K%P
「より良い{舞闘:カデンツァ}を見せることが、\n　私たち、選ばれた者の責務だから」%K%P
%LC陽菜
%LC陽菜
「依夜様」%K%P
「依夜様」%K%P
いつのまにか依夜様が側に居て、\n杏奈ちゃんの説明を補足してくれた。%K%P
いつのまにか依夜様が側に居て、\n杏奈ちゃんの説明を補足してくれた。%K%P
%LC陽菜
%LC陽菜
「要するに……二人ともこれから、\n　銀蘭祭の準備するってことですね？」%K%P
「要するに……二人ともこれから、\n　銀蘭祭の準備するってことですね？」%K%P
%LC杏奈
%LC杏奈
「そういうことっ。私たちにとっては、\n　トレーニングこそが準備ってね」%K%P
「そういうことっ。私たちにとっては、\n　トレーニングこそが準備ってね」%K%P
%LC杏奈
%LC杏奈
「で？　陽菜ちゃんは、どうしてここに？」%K%P
「で？　陽菜ちゃんは、どうしてここに？」%K%P
%LC陽菜
%LC陽菜
「私はちょっと覗きに来ただけ。\n　ここに立ち寄るの、習慣になってるみたい」%K%P
「私はちょっと覗きに来ただけ。\n　ここに立ち寄るの、習慣になってるみたい」%K%P
%LC依夜
%LC依夜
「そう……。残念ね。\n　一緒に練習をと思ったのだけど」%K%P
「そう……。残念ね。\n　一緒に練習をと思ったのだけど」%K%P
%LC陽菜
%LC陽菜
「一緒にって……私たち、\n　初戦でぶつかる敵同士ですよ？」%K%P
「一緒にって……私たち、\n　初戦でぶつかる敵同士ですよ？」%K%P
%LC依夜
%LC依夜
「だからといって、一緒に練習をしてはだめ、\n　という決まりはないでしょう？」%K%P
「だからといって、一緒に練習をしてはだめ、\n　という決まりはないでしょう？」%K%P
%LC杏奈
%LC杏奈
「人数多い方が楽しいのは、\n　この前の私の特訓で実証済みだし」%K%P
「人数多い方が楽しいのは、\n　この前の私の特訓で実証済みだし」%K%P
%LC陽菜
%LC陽菜
「あったね、そんなことも」%K%P
「あったね、そんなことも」%K%P
%LC杏奈
%LC杏奈
「懐かしむほど昔じゃないよ？\n　わりとつい最近だからね？」%K%P
「懐かしむほど昔じゃないよ？\n　わりとつい最近だからね？」%K%P
%LC陽菜
%LC陽菜
「わかってる。……ただ、ちょっと懐かしくて」%K%P
「わかってる。……ただ、ちょっと懐かしくて」%K%P
妙に感傷的な気持ちになってしまったのは、\nあの日の雰囲気が恋しかったからかもしれない。%K%P
妙に感傷的な気持ちになってしまったのは、\nあの日の雰囲気が恋しかったからかもしれない。%K%P
みんなで一緒にトレーニングをして、\nお花見のようなお弁当を、わいわい食べて。%K%P
みんなで一緒にトレーニングをして、\nお花見のようなお弁当を、わいわい食べて。%K%P
また同じ事が出来れば……とは思うけど、\nいまの梨理ちゃんの雰囲気からすると、\nそれはちょっと厳しい気がする。%K%P
また同じ事が出来れば……とは思うけど、\nいまの梨理ちゃんの雰囲気からすると、\nそれはちょっと厳しい気がする。%K%P
少なくとも、依夜様たちとの試合が終わるまで、\n梨理ちゃんは和気藹々を望まないはず――、%K%P
少なくとも、依夜様たちとの試合が終わるまで、\n梨理ちゃんは和気藹々を望まないはず――、%K%P
%LC陽菜
%LC陽菜
「……あの、依夜様。週末の試合なんですけど、\n　どちらがプリモをやるか、もう決めました？」%K%P
「……あの、依夜様。週末の試合なんですけど、\n　どちらがプリモをやるか、もう決めました？」%K%P
%LC杏奈
%LC杏奈
「おっ、陽菜ちゃんスパイ？」%K%P
「おっ、陽菜ちゃんスパイ？」%K%P
%LC陽菜
%LC陽菜
「こんなに堂々と聞いてスパイもないでしょ」%K%P
「こんなに堂々と聞いてスパイもないでしょ」%K%P
%LC依夜
%LC依夜
「プリモに関しては、まだ保留中よ。\n　たぶん、私がやることになるとは思うけれど」%K%P
「プリモに関しては、まだ保留中よ。\n　たぶん、私がやることになるとは思うけれど」%K%P
%LC杏奈
%LC杏奈
「たぶんじゃなくて絶対ですっ。\n　私がプリモなんて、荷が重すぎて」%K%P
「たぶんじゃなくて絶対ですっ。\n　私がプリモなんて、荷が重すぎて」%K%P
{連弾:デュオ}{舞闘:カデンツァ}では、\nペアのうち、どちらかがリーダーを務める。%K%P
{連弾:デュオ}{舞闘:カデンツァ}では、\nペアのうち、どちらかがリーダーを務める。%K%P
リーダー役はプリモと呼ばれ、プリモの胸には、\n『{飾緒:しょくしょ}』と呼ばれる飾り紐がつく。%K%P
リーダー役はプリモと呼ばれ、プリモの胸には、\n『{飾緒:しょくしょ}』と呼ばれる飾り紐がつく。%K%P
鎧などと同様に、この飾緒も立体映像で、\nクラージュの刃が少しでも触れたら切れる仕組みだ。%K%P
鎧などと同様に、この飾緒も立体映像で、\nクラージュの刃が少しでも触れたら切れる仕組みだ。%K%P
どちらかの飾緒が斬られると、その時点で試合終了。\n斬られた側が敗北というのが、\n{連弾:デュオ}{舞闘:カデンツァ}だけの特別ルールだ。%K%P
どちらかの飾緒が斬られると、その時点で試合終了。\n斬られた側が敗北というのが、\n{連弾:デュオ}{舞闘:カデンツァ}だけの特別ルールだ。%K%P
味方の飾緒を守りつつ、相手の飾緒を狙う――。%K%P
味方の飾緒を守りつつ、相手の飾緒を狙う――。%K%P
それが、{連弾:デュオ}{舞闘:カデンツァ}における\n攻防の基本であり、要であり、肝でもあった。%K%P
それが、{連弾:デュオ}{舞闘:カデンツァ}における\n攻防の基本であり、要であり、肝でもあった。%K%P
ちなみにリーダーじゃない{騎士:ワルキュリア}は、\nセコンドと呼ばれる。%K%P
ちなみにリーダーじゃない{騎士:ワルキュリア}は、\nセコンドと呼ばれる。%K%P
この、プリモとセコンドという呼び名は\nピアノの連弾をヒントにニナさんが名付けたそうだ。%K%P
この、プリモとセコンドという呼び名は\nピアノの連弾をヒントにニナさんが名付けたそうだ。%K%P
%LC依夜
%LC依夜
「どちらがプリモをやるか、気になるの？」%K%P
「どちらがプリモをやるか、気になるの？」%K%P
%LC陽菜
%LC陽菜
「気になる、というか……実は梨理ちゃんが、\n　依夜様とどうしても戦いたいって言っていて」%K%P
「気になる、というか……実は梨理ちゃんが、\n　依夜様とどうしても戦いたいって言っていて」%K%P
%LC依夜
%LC依夜
「梨理が？　私と？」%K%P
「梨理が？　私と？」%K%P
%LC陽菜
%LC陽菜
「はい。それで、出来れば私も、\n　その希望を叶えてあげたいなって」%K%P
「はい。それで、出来れば私も、\n　その希望を叶えてあげたいなって」%K%P
%LC依夜
%LC依夜
「そう……。わかったわ。\n　そういうことであれば、協力させて」%K%P
「そう……。わかったわ。\n　そういうことであれば、協力させて」%K%P
%LC陽菜
%LC陽菜
「いいんですか？」%K%P
「いいんですか？」%K%P
%LC依夜
%LC依夜
「うん。私も梨理とは戦ってみたかったから」%K%P
「うん。私も梨理とは戦ってみたかったから」%K%P
%LC依夜
%LC依夜
「もちろん、陽菜とも戦いたかったけれど。\n　それはいずれ、またの機会に」%K%P
「もちろん、陽菜とも戦いたかったけれど。\n　それはいずれ、またの機会に」%K%P
%LC陽菜
%LC陽菜
「依夜様……。ありがとうございます」%K%P
「依夜様……。ありがとうございます」%K%P
%LC依夜
%LC依夜
「いいのよ、このぐらい」%K%P
「いいのよ、このぐらい」%K%P
%LC依夜
%LC依夜
「あっ……でも、杏奈の意見も聞かないと」%K%P
「あっ……でも、杏奈の意見も聞かないと」%K%P
%LC杏奈
%LC杏奈
「異議なんてないですよ？\n　もとより依夜様をフォローする気でしたし」%K%P
「異議なんてないですよ？\n　もとより依夜様をフォローする気でしたし」%K%P
%LC依夜
%LC依夜
「本当にいいの？」%K%P
「本当にいいの？」%K%P
%LC杏奈
%LC杏奈
「はいっ。ドーンとっ！　は、無理ですけど。\n　ちょーんと任せて貰えれば」%K%P
「はいっ。ドーンとっ！　は、無理ですけど。\n　ちょーんと任せて貰えれば」%K%P
%LC依夜
%LC依夜
「そう。なら、杏奈は陽菜の相手をお願い」%K%P
「そう。なら、杏奈は陽菜の相手をお願い」%K%P
%LC杏奈
%LC杏奈
「……え？」%K%P
「……え？」%K%P
%LC依夜
%LC依夜
「だって、そういうことになるでしょう？」%K%P
「だって、そういうことになるでしょう？」%K%P
%LC杏奈
%LC杏奈
「あー……」%K%P
「あー……」%K%P
%LC陽菜
%LC陽菜
「よろしくね？　杏奈ちゃん」%K%P
「よろしくね？　杏奈ちゃん」%K%P
%LC杏奈
%LC杏奈
「うっ、あっ、ええっとっ……」%K%P
「うっ、あっ、ええっとっ……」%K%P
%LC杏奈
%LC杏奈
「ほんと、お手柔らかにね……？　ねっ？」%K%P
「ほんと、お手柔らかにね……？　ねっ？」%K%P
%LC陽菜
%LC陽菜
「うん。こちらこそ」%K%P
「うん。こちらこそ」%K%P
困窮する杏奈ちゃんの様子に、\n悪いと思いつつも、笑みが漏れてしまう。%K%P
困窮する杏奈ちゃんの様子に、\n悪いと思いつつも、笑みが漏れてしまう。%K%P
梨理ちゃんと話すことは出来なかったけど、\nかわりに、彼女の希望を叶えることは出来た。%K%P
梨理ちゃんと話すことは出来なかったけど、\nかわりに、彼女の希望を叶えることは出来た。%K%P
ただ、梨理ちゃんがどうしてあそこまで、\n依夜様との対決を切望するのか――、%K%P
ただ、梨理ちゃんがどうしてあそこまで、\n依夜様との対決を切望するのか――、%K%P
そこに関しては、知っておいた方がいい気がする。%K%P
そこに関しては、知っておいた方がいい気がする。%K%P
