その日の放課後、私は一度家に戻って、\nそれからショッピングモールにやってきた。%K%P
その日の放課後、私は一度家に戻って、\nそれからショッピングモールにやってきた。%K%P
今日は忘れ物を取りに来たわけじゃなく、\n純粋に、いつも通りのトレーニング。%K%P
今日は忘れ物を取りに来たわけじゃなく、\n純粋に、いつも通りのトレーニング。%K%P
学園のトレーニングルームを使う手もあるけど、\n朝はともかく、放課後は他にも練習してる子が多い。%K%P
学園のトレーニングルームを使う手もあるけど、\n朝はともかく、放課後は他にも練習してる子が多い。%K%P
私はいつもひとりで練習するし、\nなら、マシントレーニングとかもしたくて。%K%P
私はいつもひとりで練習するし、\nなら、マシントレーニングとかもしたくて。%K%P
だから、放課後はいつもこっち。%K%P
だから、放課後はいつもこっち。%K%P
前にセンセが、朝練してる私のことを、\n熱心だ、なんて言ってくれたけど――、%K%P
前にセンセが、朝練してる私のことを、\n熱心だ、なんて言ってくれたけど――、%K%P
私自身、そんなふうに思ったことはない。%K%P
私自身、そんなふうに思ったことはない。%K%P
だって、練習なんて好きじゃないし。%K%P
だって、練習なんて好きじゃないし。%K%P
しなくていいなら、したくない。%K%P
しなくていいなら、したくない。%K%P
それでもするのは、強くなりたいから。%K%P
それでもするのは、強くなりたいから。%K%P
強くなって、あの人に勝ちたいから――、%K%P
強くなって、あの人に勝ちたいから――、%K%P
%LC梨理
%LC梨理
「……えっ？」%K%P
「……えっ？」%K%P
ジムに入ろうと思ったとき、\n視界の隅に、ちらっと人影が映った。%K%P
ジムに入ろうと思ったとき、\n視界の隅に、ちらっと人影が映った。%K%P
それは、ゲームセンターへと入っていく。%K%P
それは、ゲームセンターへと入っていく。%K%P
まさかと思ったけど、\nもしかしたら、とも思って。%K%P
まさかと思ったけど、\nもしかしたら、とも思って。%K%P
私はジムの入り口を素通りすると、\nちょっと駆け足でゲームセンターに向かった。%K%P
私はジムの入り口を素通りすると、\nちょっと駆け足でゲームセンターに向かった。%K%P
%LC梨理
%LC梨理
「……いない……」%K%P
「……いない……」%K%P
店内をぐるっと見て回ったけど、\n目当ての人物はいなかった。%K%P
店内をぐるっと見て回ったけど、\n目当ての人物はいなかった。%K%P
アイツかなって、思ったのに。%K%P
アイツかなって、思ったのに。%K%P
もしかしたら、会いたい気持ちのせいで、\nそれっぽい人を見間違えたのかも――、%K%P
もしかしたら、会いたい気持ちのせいで、\nそれっぽい人を見間違えたのかも――、%K%P
って、別に会いたいわけじゃないし。%K%P
って、別に会いたいわけじゃないし。%K%P
ただ、お礼が言いたいだけだし。%K%P
ただ、お礼が言いたいだけだし。%K%P
%LC梨理
%LC梨理
「はぁ……。ジムいこ……」%K%P
「はぁ……。ジムいこ……」%K%P
%LC梨理
%LC梨理
「って、うそ、これ近くない……？」%K%P
「って、うそ、これ近くない……？」%K%P
ゲーセンを出てジムへ向かおうとした足が止まる。%K%P
ゲーセンを出てジムへ向かおうとした足が止まる。%K%P
昨日、１回だけチャレンジして駄目だった、\nヒーナの新作ぬいぐるみ。%K%P
昨日、１回だけチャレンジして駄目だった、\nヒーナの新作ぬいぐるみ。%K%P
それが今日は、かなり出口に近い位置にあった。%K%P
それが今日は、かなり出口に近い位置にあった。%K%P
これならワンチャンいけるかも……って、\n淡い期待を抱いちゃうぐらい、絶妙なポジ。%K%P
これならワンチャンいけるかも……って、\n淡い期待を抱いちゃうぐらい、絶妙なポジ。%K%P
まあ、そんなに上手くいかないのは、\nこれまでの経験で、よくわかってるんだけど。%K%P
まあ、そんなに上手くいかないのは、\nこれまでの経験で、よくわかってるんだけど。%K%P
でも、それでも……これはかなり、魅力的で。%K%P
でも、それでも……これはかなり、魅力的で。%K%P
%LC梨理
%LC梨理
「１回だけ……は、逆に罠だよね。\n　ここは思い切って、３回５００円っ……」%K%P
「１回だけ……は、逆に罠だよね。\n　ここは思い切って、３回５００円っ……」%K%P
我ながらチョロいとは思うけど、\nヒーナ好きだし、欲しいって気持ちに抗えない。%K%P
我ながらチョロいとは思うけど、\nヒーナ好きだし、欲しいって気持ちに抗えない。%K%P
こういうとき、お金を投入する瞬間って、\n神社のお賽銭と同じぐらい祈ってる気がする。%K%P
こういうとき、お金を投入する瞬間って、\n神社のお賽銭と同じぐらい祈ってる気がする。%K%P
%LC梨理
%LC梨理
「チャンスは３回……。\n　でも、１回目から全力っ……」%K%P
「チャンスは３回……。\n　でも、１回目から全力っ……」%K%P
%LC梨理
%LC梨理
「で、２回余っちゃった、ガハハーってね。\n　そしたら２個目も狙えるかもだし……」%K%P
「で、２回余っちゃった、ガハハーってね。\n　そしたら２個目も狙えるかもだし……」%K%P
ブツブツ言いながら、アームを操作。%K%P
ブツブツ言いながら、アームを操作。%K%P
けど、ゲーセンって騒がしいから、\nどうせ誰も聞いてないだろうし。%K%P
けど、ゲーセンって騒がしいから、\nどうせ誰も聞いてないだろうし。%K%P
%LC梨理
%LC梨理
「よし……そこ、いけっ…………ああっ！？」%K%P
「よし……そこ、いけっ…………ああっ！？」%K%P
%LC梨理
%LC梨理
「はぅ……やっぱダメか……。\n　でも、ちょっとズレたし、今度こそ」%K%P
「はぅ……やっぱダメか……。\n　でも、ちょっとズレたし、今度こそ」%K%P
%LC梨理
%LC梨理
「よしよし、そのまま、そのまま――」%K%P
「よしよし、そのまま、そのまま――」%K%P
%LC梨理
%LC梨理
「ぐえー……」%K%P
「ぐえー……」%K%P
%LC梨理
%LC梨理
「もうっ、このアーム、力なさすぎっ。\n　ちゃんとご飯食べてるのアンタっ」%K%P
「もうっ、このアーム、力なさすぎっ。\n　ちゃんとご飯食べてるのアンタっ」%K%P
%LC梨理
%LC梨理
「うぅ……あっという間にラスト……。\n　でもでも、ここで大逆転――」%K%P
「うぅ……あっという間にラスト……。\n　でもでも、ここで大逆転――」%K%P
%LC梨理
%LC梨理
「……そう、そこで、くいっと……うんっ、\n　んで、出口までっ……」%K%P
「……そう、そこで、くいっと……うんっ、\n　んで、出口までっ……」%K%P
%LC梨理
%LC梨理
「にゅえぇー……」%K%P
「にゅえぇー……」%K%P
出口手前でぽろんと落ちたぬいぐるみに、\n思わず、そんな声が漏れてしまう。%K%P
出口手前でぽろんと落ちたぬいぐるみに、\n思わず、そんな声が漏れてしまう。%K%P
相変わらず、たまーに出ちゃうんだよね、これ。%K%P
相変わらず、たまーに出ちゃうんだよね、これ。%K%P
そういえば……センセ、今朝の朝練のとき、\nなんか……ちょっと、退屈そうだった。%K%P
そういえば……センセ、今朝の朝練のとき、\nなんか……ちょっと、退屈そうだった。%K%P
前におっぱい揉まれたとき……じゃない、\nゲーム対決したときは、楽しそうだったのに。%K%P
前におっぱい揉まれたとき……じゃない、\nゲーム対決したときは、楽しそうだったのに。%K%P
今日の朝練は、息苦しそうっていうか……。%K%P
今日の朝練は、息苦しそうっていうか……。%K%P
私は普段通りやってたつもりなんだけど……、\nそれじゃ、ダメだったってことなのかな。%K%P
私は普段通りやってたつもりなんだけど……、\nそれじゃ、ダメだったってことなのかな。%K%P
でも、練習って黙々とやるものだし。%K%P
でも、練習って黙々とやるものだし。%K%P
ゲームをしようって提案したのだって、\nセンセと勝負する方法が、あれしかなかったからで。%K%P
ゲームをしようって提案したのだって、\nセンセと勝負する方法が、あれしかなかったからで。%K%P
別に、センセと和気藹々したかったわけじゃ――、%K%P
別に、センセと和気藹々したかったわけじゃ――、%K%P
%LC？？？
%LC？？？
「それ、欲しいの？」%K%P
「それ、欲しいの？」%K%P
%LC梨理
%LC梨理
「うぅ、また……」%K%P
「うぅ、また……」%K%P
ゲーム機を覗き込みながら考えごとをしてたら、\n不意に、後ろからそんな声。%K%P
ゲーム機を覗き込みながら考えごとをしてたら、\n不意に、後ろからそんな声。%K%P
どうせまた、どこかのカップルの男が、\n彼女にいいとこ見せようとしてるに決まって――、%K%P
どうせまた、どこかのカップルの男が、\n彼女にいいとこ見せようとしてるに決まって――、%K%P
%LC？？？
%LC？？？
「今日も獲ってあげようか？」%K%P
「今日も獲ってあげようか？」%K%P
%LC梨理
%LC梨理
「え……」%K%P
「え……」%K%P
それは、あきらかに私に話しかけている声で。%K%P
それは、あきらかに私に話しかけている声で。%K%P
けど、そんな、まさか――、%K%P
けど、そんな、まさか――、%K%P
%LC？？？
%LC？？？
「こんにちは。梨理ちゃん……だっけ。\n　どうも、この前ぶり」%K%P
「こんにちは。梨理ちゃん……だっけ。\n　どうも、この前ぶり」%K%P
%LC梨理
%LC梨理
「アンタ……。なんで、ここに」%K%P
「アンタ……。なんで、ここに」%K%P
%LC？？？
%LC？？？
「なんでって、遊びにきたんだけど。\n　ゲーセンってそういう所でしょ？」%K%P
「なんでって、遊びにきたんだけど。\n　ゲーセンってそういう所でしょ？」%K%P
%LC梨理
%LC梨理
「そりゃそうだけど……」%K%P
「そりゃそうだけど……」%K%P
バカか、私。なに言ってるんだろう。%K%P
バカか、私。なに言ってるんだろう。%K%P
っていうか……これ、現実？　ホントに？%K%P
っていうか……これ、現実？　ホントに？%K%P
%LC？？？
%LC？？？
「それで？　どうするの？」%K%P
「それで？　どうするの？」%K%P
%LC梨理
%LC梨理
「えっ……なに？　どうするって」%K%P
「えっ……なに？　どうするって」%K%P
%LC？？？
%LC？？？
「そのぬいぐるみ。欲しいなら――」%K%P
「そのぬいぐるみ。欲しいなら――」%K%P
%LC梨理
%LC梨理
「アンタには関係ないでしょっ」%K%P
「アンタには関係ないでしょっ」%K%P
%LC？？？
%LC？？？
「それはそうだけど……。\n　でも、梨理ちゃん、好きなんでしょ？」%K%P
「それはそうだけど……。\n　でも、梨理ちゃん、好きなんでしょ？」%K%P
%LC梨理
%LC梨理
「好きって……なっ、なに言ってんのっ？」%K%P
「好きって……なっ、なに言ってんのっ？」%K%P
%LC？？？
%LC？？？
「なにって、ヒーナのことだけど……。\n　好きなんだよね？　お姉さん、そう言ってたし」%K%P
「なにって、ヒーナのことだけど……。\n　好きなんだよね？　お姉さん、そう言ってたし」%K%P
%LC梨理
%LC梨理
「あっ……あっ、ああっ、ヒーナね、うん。\n　そんなの、ちゃんとわかってたしっ……」%K%P
「あっ……あっ、ああっ、ヒーナね、うん。\n　そんなの、ちゃんとわかってたしっ……」%K%P
勘違いしたと気付いて恥ずかしくって、\nつい逃げたくなったけど、ぐっと堪える。%K%P
勘違いしたと気付いて恥ずかしくって、\nつい逃げたくなったけど、ぐっと堪える。%K%P
だっていま逃げたら、\n二度と会えないかもしれない。%K%P
だっていま逃げたら、\n二度と会えないかもしれない。%K%P
でも、焦ったことは気付かれたくなくて、\n必死に堪えながら、ちょっとだけ目を逸らした。%K%P
でも、焦ったことは気付かれたくなくて、\n必死に堪えながら、ちょっとだけ目を逸らした。%K%P
会ったら罵ってやろうとか思ってたのに。%K%P
会ったら罵ってやろうとか思ってたのに。%K%P
なんで、こんな、動揺なんて……。%K%P
なんで、こんな、動揺なんて……。%K%P
%LC？？？
%LC？？？
「よしっ、じゃあ今日も１回で……は、\n　ちょっと厳しいかもだけど」%K%P
「よしっ、じゃあ今日も１回で……は、\n　ちょっと厳しいかもだけど」%K%P
%LC？？？
%LC？？？
「頑張ってみるから。ちょっと待ってて」%K%P
「頑張ってみるから。ちょっと待ってて」%K%P
%LC？？？
%LC？？？
「はぁ……やっと獲れた……。\n　というわけで、はい、どうぞ」%K%P
「はぁ……やっと獲れた……。\n　というわけで、はい、どうぞ」%K%P
%LC梨理
%LC梨理
「……うん。……ありがと」%K%P
「……うん。……ありがと」%K%P
%LC？？？
%LC？？？
「おっ……。\n　今日は、素直に受け取ってくれるんだ？」%K%P
「おっ……。\n　今日は、素直に受け取ってくれるんだ？」%K%P
%LC梨理
%LC梨理
「だって……嫌がったら、\n　押しつけて逃げちゃうんでしょ？」%K%P
「だって……嫌がったら、\n　押しつけて逃げちゃうんでしょ？」%K%P
%LC？？？
%LC？？？
「この前のアレは、急用を思い出したからで」%K%P
「この前のアレは、急用を思い出したからで」%K%P
%LC梨理
%LC梨理
「なら、今日こそ名前教えて」%K%P
「なら、今日こそ名前教えて」%K%P
%LC？？？
%LC？？？
「日向だよ」%K%P
「日向だよ」%K%P
%LC梨理
%LC梨理
「ひなたぁ……？　なにそれ、\n　めちゃくちゃ偽名っぽいんだけど」%K%P
「ひなたぁ……？　なにそれ、\n　めちゃくちゃ偽名っぽいんだけど」%K%P
%LC日向
%LC日向
「そう言われると思ったから、\n　この前は言いたくなかったんだってば」%K%P
「そう言われると思ったから、\n　この前は言いたくなかったんだってば」%K%P
%LC日向
%LC日向
「まあ、信じなくてもいいけど……。\n　ちゃんと名乗ったからね？」%K%P
「まあ、信じなくてもいいけど……。\n　ちゃんと名乗ったからね？」%K%P
%LC梨理
%LC梨理
「ん……。日向……」%K%P
「ん……。日向……」%K%P
受け取ったぬいぐるみを見ながら、\nその名前を呟いてみる。%K%P
受け取ったぬいぐるみを見ながら、\nその名前を呟いてみる。%K%P
……ま、いいか。偽名でも。%K%P
……ま、いいか。偽名でも。%K%P
アンタって呼ぶより、ずっといいし。%K%P
アンタって呼ぶより、ずっといいし。%K%P
%LC梨理
%LC梨理
「……ありがと、日向。\n　この前も、今日のこれも」%K%P
「……ありがと、日向。\n　この前も、今日のこれも」%K%P
%LC日向
%LC日向
「今日は１発ゲットとかいかなくって、\n　かなり格好悪かったけど」%K%P
「今日は１発ゲットとかいかなくって、\n　かなり格好悪かったけど」%K%P
%LC梨理
%LC梨理
「そっ……そんなこと、ない、けど？\n　私は、格好よかったと、思うし……」%K%P
「そっ……そんなこと、ない、けど？\n　私は、格好よかったと、思うし……」%K%P
%LC日向
%LC日向
「ほんとっ？」%K%P
「ほんとっ？」%K%P
%LC梨理
%LC梨理
「なっ……なにっ、急にっ」%K%P
「なっ……なにっ、急にっ」%K%P
うわっ、近い近い近いっ……！？%K%P
うわっ、近い近い近いっ……！？%K%P
%LC日向
%LC日向
「あっ……ごめん、驚かせて。\n　あんまり言われたことないから、つい」%K%P
「あっ……ごめん、驚かせて。\n　あんまり言われたことないから、つい」%K%P
%LC梨理
%LC梨理
「あー……。まあ、そっか。\n　だって日向――」%K%P
「あー……。まあ、そっか。\n　だって日向――」%K%P
%LC日向
%LC日向
「その先は言わなくていいから。\n　わかってるんで」%K%P
「その先は言わなくていいから。\n　わかってるんで」%K%P
%LC梨理
%LC梨理
「可愛いし」%K%P
「可愛いし」%K%P
%LC日向
%LC日向
%XS21「人の話聞いてたっ？！」%XE%K%P
%XS21「人の話聞いてたっ？！」%XE%K%P
%LC梨理
%LC梨理
「ぷっ……ふふっ、くすっ、あははっ」%K%P
「ぷっ……ふふっ、くすっ、あははっ」%K%P
%LC日向
%LC日向
「あ……」%K%P
「あ……」%K%P
%LC梨理
%LC梨理
「ん……なに？　こっちじっと見て」%K%P
「ん……なに？　こっちじっと見て」%K%P
%LC日向
%LC日向
「いや、その……。\n　そんなふうに笑うんだと思って」%K%P
「いや、その……。\n　そんなふうに笑うんだと思って」%K%P
%LC梨理
%LC梨理
「ッ……いまのは笑ったんじゃないし。\n　日向をあざ笑ってやったのっ」%K%P
「ッ……いまのは笑ったんじゃないし。\n　日向をあざ笑ってやったのっ」%K%P
%LC日向
%LC日向
「ふふ、そっか。まあ、それならそれで。\n　笑ったことには変わりないし」%K%P
「ふふ、そっか。まあ、それならそれで。\n　笑ったことには変わりないし」%K%P
%LC梨理
%LC梨理
「ぐぬぬっ……」%K%P
「ぐぬぬっ……」%K%P
……なんか、悔しい。%K%P
……なんか、悔しい。%K%P
たぶん、年齢はそう変わらないはずなのに、\n妙に余裕あるっていうか。%K%P
たぶん、年齢はそう変わらないはずなのに、\n妙に余裕あるっていうか。%K%P
男の子ってガサツだと思ってたけど、\n日向は……なんか、違う。%K%P
男の子ってガサツだと思ってたけど、\n日向は……なんか、違う。%K%P
%LC梨理
%LC梨理
「……ねえ、いま、時間あるの？」%K%P
「……ねえ、いま、時間あるの？」%K%P
%LC日向
%LC日向
「なに？　ナンパ？」%K%P
「なに？　ナンパ？」%K%P
%LC梨理
%LC梨理
「違うしっ。\n　これ獲ってくれたお礼、したいだけっ」%K%P
「違うしっ。\n　これ獲ってくれたお礼、したいだけっ」%K%P
それから私は、日向とゲーセンで遊んだ。%K%P
それから私は、日向とゲーセンで遊んだ。%K%P
私もそれなりにゲームは得意だけど、\n日向はもっとゲームが上手くて。%K%P
私もそれなりにゲームは得意だけど、\n日向はもっとゲームが上手くて。%K%P
いくつか遊んで、ちょっと、和んで。%K%P
いくつか遊んで、ちょっと、和んで。%K%P
%LC梨理
%LC梨理
「ね、プリ撮らない？」%K%P
「ね、プリ撮らない？」%K%P
%LC日向
%LC日向
「プリって……まさか、プリントするアレ？」%K%P
「プリって……まさか、プリントするアレ？」%K%P
%LC梨理
%LC梨理
「それ以外ないでしょ。\n　おごったげる。ヒーナのお礼」%K%P
「それ以外ないでしょ。\n　おごったげる。ヒーナのお礼」%K%P
%LC日向
%LC日向
「いや、ああいうのは、ちょっと……」%K%P
「いや、ああいうのは、ちょっと……」%K%P
%LC梨理
%LC梨理
「ハズいの？」%K%P
「ハズいの？」%K%P
%LC日向
%LC日向
「それもあるけど……梨理ちゃん、\n　撮ったら友達とかお姉さんに見せるでしょ？」%K%P
「それもあるけど……梨理ちゃん、\n　撮ったら友達とかお姉さんに見せるでしょ？」%K%P
%LC梨理
%LC梨理
「当然」%K%P
「当然」%K%P
%LC日向
%LC日向
「じゃあダメ」%K%P
「じゃあダメ」%K%P
%LC梨理
%LC梨理
「なんで」%K%P
「なんで」%K%P
%LC日向
%LC日向
「なんでも。……バレたら、困るし」%K%P
「なんでも。……バレたら、困るし」%K%P
%LC梨理
%LC梨理
「え、なに？　なんて言ったの？\n　ゲームの音で聞こえなかったんだけど」%K%P
「え、なに？　なんて言ったの？\n　ゲームの音で聞こえなかったんだけど」%K%P
%LC日向
%LC日向
「なんでもない。とにかく、\n　おごってくれなくていいから」%K%P
「なんでもない。とにかく、\n　おごってくれなくていいから」%K%P
%LC梨理
%LC梨理
「けど……これ獲るのに、\n　けっこうお金使ったでしょ？」%K%P
「けど……これ獲るのに、\n　けっこうお金使ったでしょ？」%K%P
%LC日向
%LC日向
「別に気にしなくていいんだけど……」%K%P
「別に気にしなくていいんだけど……」%K%P
%LC日向
%LC日向
「じゃあ、アレおごってくれる？」%K%P
「じゃあ、アレおごってくれる？」%K%P
%LC梨理
%LC梨理
「アレって……自販機？\n　飲み物おごれってこと？」%K%P
「アレって……自販機？\n　飲み物おごれってこと？」%K%P
%LC日向
%LC日向
「そう。ちょっと休憩しない？」%K%P
「そう。ちょっと休憩しない？」%K%P
%LC梨理
%LC梨理
「適当に選んだけど、これでいい？」%K%P
「適当に選んだけど、これでいい？」%K%P
%LC日向
%LC日向
「ありがとう。ゴチになります」%K%P
「ありがとう。ゴチになります」%K%P
自販機で買った缶紅茶を渡して、\nゲームセンターの近くにあるベンチに座る。%K%P
自販機で買った缶紅茶を渡して、\nゲームセンターの近くにあるベンチに座る。%K%P
店内から出ると、賑やかな音がなくなって、\n日向の声がよく聞こえるようになった。%K%P
店内から出ると、賑やかな音がなくなって、\n日向の声がよく聞こえるようになった。%K%P
なんか……この声、好きかも。%K%P
なんか……この声、好きかも。%K%P
%LC梨理
%LC梨理
「けど、ホントにお礼、これでいいの？\n　あきらかに釣り合ってなくない？」%K%P
「けど、ホントにお礼、これでいいの？\n　あきらかに釣り合ってなくない？」%K%P
%LC日向
%LC日向
「こうして話す時間も込みって考えたら、\n　それなりに等価交換だと思うけど？」%K%P
「こうして話す時間も込みって考えたら、\n　それなりに等価交換だと思うけど？」%K%P
%LC梨理
%LC梨理
「む……」%K%P
「む……」%K%P
ずっと感じてたことだけど、\n日向って、すごく人慣れしてる。%K%P
ずっと感じてたことだけど、\n日向って、すごく人慣れしてる。%K%P
ほとんど初対面の異性相手に、\n物怖じしないし、自然と気を回すし。%K%P
ほとんど初対面の異性相手に、\n物怖じしないし、自然と気を回すし。%K%P
たぶん、モテるタイプだ。%K%P
たぶん、モテるタイプだ。%K%P
%LC日向
%LC日向
「そういえば、梨理ちゃんって学生？」%K%P
「そういえば、梨理ちゃんって学生？」%K%P
%LC梨理
%LC梨理
「そうだけど。銀蘭って知ってる？」%K%P
「そうだけど。銀蘭って知ってる？」%K%P
%LC日向
%LC日向
「知ってるよ。知り合いがそこに通ってるから」%K%P
「知ってるよ。知り合いがそこに通ってるから」%K%P
%LC梨理
%LC梨理
「ふぅーん……」%K%P
「ふぅーん……」%K%P
女学園に通ってる知り合いがいるとか……、\nほら、やっぱモテるタイプだ。%K%P
女学園に通ってる知り合いがいるとか……、\nほら、やっぱモテるタイプだ。%K%P
%LC日向
%LC日向
「騎士道を教えてくれる学園なんだよね？\n　実際に戦ったりもするって聞いたけど」%K%P
「騎士道を教えてくれる学園なんだよね？\n　実際に戦ったりもするって聞いたけど」%K%P
%LC梨理
%LC梨理
「{舞闘:カデンツァ}のこと？」%K%P
「{舞闘:カデンツァ}のこと？」%K%P
%LC日向
%LC日向
「そうそう、そんな名前。\n　立体映像を使ってて、すごいって」%K%P
「そうそう、そんな名前。\n　立体映像を使ってて、すごいって」%K%P
%LC梨理
%LC梨理
「興味あるなら入学すれば？　女装でもして」%K%P
「興味あるなら入学すれば？　女装でもして」%K%P
%LC日向
%LC日向
「それはもう間に合ってるから」%K%P
「それはもう間に合ってるから」%K%P
%LC梨理
%LC梨理
「間に合ってるって……なにそれ」%K%P
「間に合ってるって……なにそれ」%K%P
%LC日向
%LC日向
「あっ……実はオレ、剣道やってて。\n　いまはそっちで手一杯って意味」%K%P
「あっ……実はオレ、剣道やってて。\n　いまはそっちで手一杯って意味」%K%P
%LC梨理
%LC梨理
「へぇ……。強いの？」%K%P
「へぇ……。強いの？」%K%P
%LC日向
%LC日向
「それは自分じゃわかんないけど。\n　でも、楽しいよ」%K%P
「それは自分じゃわかんないけど。\n　でも、楽しいよ」%K%P
%LC梨理
%LC梨理
「楽しい？　剣道が？」%K%P
「楽しい？　剣道が？」%K%P
%LC日向
%LC日向
「うん。とくに練習とか」%K%P
「うん。とくに練習とか」%K%P
%LC梨理
%LC梨理
「練習が楽しいって……嘘でしょ？」%K%P
「練習が楽しいって……嘘でしょ？」%K%P
%LC梨理
%LC梨理
「強くなるには練習するしかないから、\n　それで仕方なくやるもんなんじゃないの？」%K%P
「強くなるには練習するしかないから、\n　それで仕方なくやるもんなんじゃないの？」%K%P
%LC日向
%LC日向
「オレの先生が言ってたんだ。\n　楽しんだ方が強くなれるぞって」%K%P
「オレの先生が言ってたんだ。\n　楽しんだ方が強くなれるぞって」%K%P
%LC日向
%LC日向
「剣道の試合って、数分で終わるでしょ？」%K%P
「剣道の試合って、数分で終わるでしょ？」%K%P
%LC日向
%LC日向
「その数分で全力を出し切るために、\n　みんな、毎日コツコツ努力を重ねてる」%K%P
「その数分で全力を出し切るために、\n　みんな、毎日コツコツ努力を重ねてる」%K%P
%LC日向
%LC日向
「それは他のスポーツもそうだし、\n　将棋とか囲碁とか、演劇なんかも同じだよね」%K%P
「それは他のスポーツもそうだし、\n　将棋とか囲碁とか、演劇なんかも同じだよね」%K%P
%LC日向
%LC日向
「試合とか本番があって……そのために、\n　その何倍、何十倍もの時間、練習や稽古をする」%K%P
「試合とか本番があって……そのために、\n　その何倍、何十倍もの時間、練習や稽古をする」%K%P
%LC日向
%LC日向
「なら、その時間が楽しくないと。\n　続けていくのが苦しくなっちゃうから」%K%P
「なら、その時間が楽しくないと。\n　続けていくのが苦しくなっちゃうから」%K%P
%LC日向
%LC日向
「あんなに練習したのに勝てなかった、とか。\n　負けたのは練習量が足りなかったせいだ、とか」%K%P
「あんなに練習したのに勝てなかった、とか。\n　負けたのは練習量が足りなかったせいだ、とか」%K%P
%LC日向
%LC日向
「そうなったら、嫌いになっちゃうでしょ？\n　練習することも、剣道そのものも」%K%P
「そうなったら、嫌いになっちゃうでしょ？\n　練習することも、剣道そのものも」%K%P
%LC梨理
%LC梨理
「言ってることは、わかるけど……」%K%P
「言ってることは、わかるけど……」%K%P
%LC日向
%LC日向
「梨理ちゃんも、なにかやってるんだよね？」%K%P
「梨理ちゃんも、なにかやってるんだよね？」%K%P
%LC梨理
%LC梨理
「私？　なんで？」%K%P
「私？　なんで？」%K%P
%LC日向
%LC日向
「さっき、練習は楽しくないって言ってたから」%K%P
「さっき、練習は楽しくないって言ってたから」%K%P
%LC梨理
%LC梨理
「ああ……。小さい頃からフェンシングと、\n　あと、銀蘭に入ってからは{舞闘:カデンツァ}」%K%P
「ああ……。小さい頃からフェンシングと、\n　あと、銀蘭に入ってからは{舞闘:カデンツァ}」%K%P
%LC日向
%LC日向
「{舞闘:カデンツァ}の練習、楽しくない？」%K%P
「{舞闘:カデンツァ}の練習、楽しくない？」%K%P
%LC梨理
%LC梨理
「楽しいとか楽しくないとかじゃないから。\n　強くなるためにはやるしかない。それだけ」%K%P
「楽しいとか楽しくないとかじゃないから。\n　強くなるためにはやるしかない。それだけ」%K%P
%LC日向
%LC日向
「それって、ずっと？」%K%P
「それって、ずっと？」%K%P
%LC梨理
%LC梨理
「どういう意味？」%K%P
「どういう意味？」%K%P
%LC日向
%LC日向
「小さな頃はどうだったのかなって。\n　フェンシングは、どうして始めたの？」%K%P
「小さな頃はどうだったのかなって。\n　フェンシングは、どうして始めたの？」%K%P
%LC梨理
%LC梨理
「それは……お姉ちゃんがやってたから。\n　お姉ちゃんに憧れて、それで、真似して」%K%P
「それは……お姉ちゃんがやってたから。\n　お姉ちゃんに憧れて、それで、真似して」%K%P
%LC日向
%LC日向
「その頃から楽しくなかった？」%K%P
「その頃から楽しくなかった？」%K%P
%LC梨理
%LC梨理
「それは……」%K%P
「それは……」%K%P
%LC梨理
%LC梨理
「……楽しかった、けど」%K%P
「……楽しかった、けど」%K%P
だって、あの頃のお姉ちゃんは、\n誰にも負けなくて、強くて、すごくて。%K%P
だって、あの頃のお姉ちゃんは、\n誰にも負けなくて、強くて、すごくて。%K%P
そんなお姉ちゃんと一緒に練習するのは、\nすごくすごく、楽しくって。%K%P
そんなお姉ちゃんと一緒に練習するのは、\nすごくすごく、楽しくって。%K%P
相手にタッチするあのゲームだって、\n私はちっとも、お姉ちゃんに勝てなくて。%K%P
相手にタッチするあのゲームだって、\n私はちっとも、お姉ちゃんに勝てなくて。%K%P
勝てなくても、すごいねって褒めてくれて。%K%P
勝てなくても、すごいねって褒めてくれて。%K%P
だから、負けても、楽しくて――。%K%P
だから、負けても、楽しくて――。%K%P
%LC日向
%LC日向
「オレが剣道を始めた理由は……、\n　格好よくなりたかったから、なんだけど」%K%P
「オレが剣道を始めた理由は……、\n　格好よくなりたかったから、なんだけど」%K%P
%LC梨理
%LC梨理
「ぷっ」%K%P
「ぷっ」%K%P
%LC日向
%LC日向
「そこ、笑わないっ」%K%P
「そこ、笑わないっ」%K%P
%LC梨理
%LC梨理
「ごめん、つい」%K%P
「ごめん、つい」%K%P
%LC日向
%LC日向
「もう……。ともかく、\n　そういう理由で始めたんだけど――」%K%P
「もう……。ともかく、\n　そういう理由で始めたんだけど――」%K%P
%LC日向
%LC日向
「でも、今日まで続けてこれたのは、\n　それ自体にハマっちゃったからなんだ」%K%P
「でも、今日まで続けてこれたのは、\n　それ自体にハマっちゃったからなんだ」%K%P
%LC梨理
%LC梨理
「ハマった……」%K%P
「ハマった……」%K%P
%LC日向
%LC日向
「そう。好きになったってこと」%K%P
「そう。好きになったってこと」%K%P
%LC梨理
%LC梨理
「ん……」%K%P
「ん……」%K%P
また好きって言葉が出て、少しドキッとして。%K%P
また好きって言葉が出て、少しドキッとして。%K%P
けど、今回の好きは、テンパったりしなくて、\nむしろ、そうなんだ……って、納得する。%K%P
けど、今回の好きは、テンパったりしなくて、\nむしろ、そうなんだ……って、納得する。%K%P
%LC日向
%LC日向
「オレみたいに……とは、言えないけど。\n　でも、梨理ちゃんにも楽しんで欲しいな」%K%P
「オレみたいに……とは、言えないけど。\n　でも、梨理ちゃんにも楽しんで欲しいな」%K%P
%LC梨理
%LC梨理
「練習をってこと？\n　それとも、{舞闘:カデンツァ}を？」%K%P
「練習をってこと？\n　それとも、{舞闘:カデンツァ}を？」%K%P
%LC日向
%LC日向
「できれば、どっちも」%K%P
「できれば、どっちも」%K%P
%LC日向
%LC日向
「小さな頃は、楽しかったんでしょ？\n　フェンシングも、その練習も」%K%P
「小さな頃は、楽しかったんでしょ？\n　フェンシングも、その練習も」%K%P
%LC梨理
%LC梨理
「うん。……楽しかった」%K%P
「うん。……楽しかった」%K%P
そう、あの頃は確かに楽しかった。%K%P
そう、あの頃は確かに楽しかった。%K%P
でも、お姉ちゃんが銀蘭に入って、\nそれで、あの人に負けて。%K%P
でも、お姉ちゃんが銀蘭に入って、\nそれで、あの人に負けて。%K%P
そうしたらお姉ちゃんが、\nフェンシングを辞めちゃって。%K%P
そうしたらお姉ちゃんが、\nフェンシングを辞めちゃって。%K%P
だから私は、お姉ちゃんに勝ったあの人に\n勝つために、今日までずっと。%K%P
だから私は、お姉ちゃんに勝ったあの人に\n勝つために、今日までずっと。%K%P
そのためだけに、ずっと――、%K%P
そのためだけに、ずっと――、%K%P
%LC日向
%LC日向
「さっきの笑った顔、すごく可愛かった」%K%P
「さっきの笑った顔、すごく可愛かった」%K%P
%LC梨理
%LC梨理
「なっ……な、なに、急にっ……」%K%P
「なっ……な、なに、急にっ……」%K%P
%LC日向
%LC日向
「いま、練習してるときって、\n　あんなふうに笑うことってないでしょ？」%K%P
「いま、練習してるときって、\n　あんなふうに笑うことってないでしょ？」%K%P
%LC梨理
%LC梨理
「そんなの当たり前じゃない。\n　楽しくないのに、笑えるはずないし」%K%P
「そんなの当たり前じゃない。\n　楽しくないのに、笑えるはずないし」%K%P
%LC日向
%LC日向
「でも、昔は楽しかったんだよね？」%K%P
「でも、昔は楽しかったんだよね？」%K%P
%LC梨理
%LC梨理
「……」%K%P
「……」%K%P
%LC日向
%LC日向
「もし、楽しく練習できたら。\n　きっと、もっと強くなれると思うよ？」%K%P
「もし、楽しく練習できたら。\n　きっと、もっと強くなれると思うよ？」%K%P
%LC梨理
%LC梨理
「……なんで、そんな話、私にするの？」%K%P
「……なんで、そんな話、私にするの？」%K%P
%LC日向
%LC日向
「それは――」%K%P
「それは――」%K%P
日向が言いかけたとき、私のスマホが鳴った。%K%P
日向が言いかけたとき、私のスマホが鳴った。%K%P
画面を見ると、それは、お姉ちゃんからで――、%K%P
画面を見ると、それは、お姉ちゃんからで――、%K%P
%LC梨理
%LC梨理
「って……うそっ？！\n　もうこんな時間っ……！？」%K%P
「って……うそっ？！\n　もうこんな時間っ……！？」%K%P
%LC日向
%LC日向
「けっこう遊んじゃったもんね。\n　オレもそろそろ帰らないと」%K%P
「けっこう遊んじゃったもんね。\n　オレもそろそろ帰らないと」%K%P
%LC梨理
%LC梨理
「私も帰らなきゃ」%K%P
「私も帰らなきゃ」%K%P
とりあえずお姉ちゃんに事情を説明しようとして、\nメッセージを打ちかけた指が止まる。%K%P
とりあえずお姉ちゃんに事情を説明しようとして、\nメッセージを打ちかけた指が止まる。%K%P
あの日の男の子と会ったってこと、\n言いたいけど、言いたくない。%K%P
あの日の男の子と会ったってこと、\n言いたいけど、言いたくない。%K%P
なんだろう、この気持ち。%K%P
なんだろう、この気持ち。%K%P
どうしよう。どうすれば――。%K%P
どうしよう。どうすれば――。%K%P
%LC日向
%LC日向
「じゃあオレ、もう行くから」%K%P
「じゃあオレ、もう行くから」%K%P
%LC梨理
%LC梨理
「あっ、ちょっと。まだ話の途中っ」%K%P
「あっ、ちょっと。まだ話の途中っ」%K%P
%LC日向
%LC日向
「続きはまた今度会えたらね。それじゃ」%K%P
「続きはまた今度会えたらね。それじゃ」%K%P
%LC梨理
%LC梨理
「あっ、ちょっとっ……！？」%K%P
「あっ、ちょっとっ……！？」%K%P
そうして、またもや日向は走り去ってしまい、\n私はひとり、その場に取り残されて。%K%P
そうして、またもや日向は走り去ってしまい、\n私はひとり、その場に取り残されて。%K%P
お姉ちゃんには、\n今から帰るってことだけ、連絡して。%K%P
お姉ちゃんには、\n今から帰るってことだけ、連絡して。%K%P
%LC梨理
%LC梨理
「……そういえば、ジム、サボっちゃった……」%K%P
「……そういえば、ジム、サボっちゃった……」%K%P
ショッピングモールの外に出ると、\n空はすでに、オレンジ色に染まってた。%K%P
ショッピングモールの外に出ると、\n空はすでに、オレンジ色に染まってた。%K%P
放課後の練習をサボったのは、今日が初めて。%K%P
放課後の練習をサボったのは、今日が初めて。%K%P
日向のせいで、初めてを――、%K%P
日向のせいで、初めてを――、%K%P
%LC梨理
%LC梨理
「……でも、いっか」%K%P
「……でも、いっか」%K%P
きっと、昨日までの自分だったら、\nそんなこと許せなかっただろうけど。%K%P
きっと、昨日までの自分だったら、\nそんなこと許せなかっただろうけど。%K%P
でも……今日は、楽しかったし。%K%P
でも……今日は、楽しかったし。%K%P
ぬいぐるみも、ゲット出来たし。%K%P
ぬいぐるみも、ゲット出来たし。%K%P
%LC梨理
%LC梨理
「……んふっ、んふふっ」%K%P
「……んふっ、んふふっ」%K%P
ぬいぐるみをぎゅって抱いたら、\nちょっとキモい感じの笑みが漏れる。%K%P
ぬいぐるみをぎゅって抱いたら、\nちょっとキモい感じの笑みが漏れる。%K%P
さすがに、練習中こんなふうに笑うのは、\nちょっと無理、というか絶対に無理だけど。%K%P
さすがに、練習中こんなふうに笑うのは、\nちょっと無理、というか絶対に無理だけど。%K%P
でも、楽しめば、強くなれるらしいし。%K%P
でも、楽しめば、強くなれるらしいし。%K%P
だから、明日の朝練では、もっと――、%K%P
だから、明日の朝練では、もっと――、%K%P
%LC梨理
%LC梨理
「……これで強くなれなかったら、\n　次こそ罵ってやるんだから」%K%P
「……これで強くなれなかったら、\n　次こそ罵ってやるんだから」%K%P
また呟いて、家へと急ぐ。%K%P
また呟いて、家へと急ぐ。%K%P
その足取りは、いつもより軽かった――って、\n練習サボって疲れてないんだから、当たり前だけど。%K%P
その足取りは、いつもより軽かった――って、\n練習サボって疲れてないんだから、当たり前だけど。%K%P
%LC陽菜
%LC陽菜
「はぅ、疲れたぁ……」%K%P
「はぅ、疲れたぁ……」%K%P
ショッピングモールから帰ってきて、\n服を着替えてから、ベッドに突っ伏す。%K%P
ショッピングモールから帰ってきて、\n服を着替えてから、ベッドに突っ伏す。%K%P
姉さんと話したあと、オレは思い切って、\nショッピングモールへと出掛けた。%K%P
姉さんと話したあと、オレは思い切って、\nショッピングモールへと出掛けた。%K%P
目的は、梨理ちゃんと会って話すため。%K%P
目的は、梨理ちゃんと会って話すため。%K%P
陽菜ではなく、日向で話そうと思ったのは、\nそのほうが気持ちが伝わると思ったからだ。%K%P
陽菜ではなく、日向で話そうと思ったのは、\nそのほうが気持ちが伝わると思ったからだ。%K%P
パートナーで先生のオレが言葉を尽くしても、\n説教っぽく聞こえちゃうかもしれないし。%K%P
パートナーで先生のオレが言葉を尽くしても、\n説教っぽく聞こえちゃうかもしれないし。%K%P
それなら、部外者で無関係な日向のほうが、\n素直に話を聞いてもらえると思った。%K%P
それなら、部外者で無関係な日向のほうが、\n素直に話を聞いてもらえると思った。%K%P
%LC陽菜
%LC陽菜
「まさか、笑った顔が見られるとは、\n　思ってなかったけど……」%K%P
「まさか、笑った顔が見られるとは、\n　思ってなかったけど……」%K%P
会話の最中、ふと見せてくれた笑顔。%K%P
会話の最中、ふと見せてくれた笑顔。%K%P
一緒に{最優秀騎士:ブリランテ}になれば見れるかも――、\nそう思っていた笑顔を、こんな形で見られるなんて。%K%P
一緒に{最優秀騎士:ブリランテ}になれば見れるかも――、\nそう思っていた笑顔を、こんな形で見られるなんて。%K%P
%LC陽菜
%LC陽菜
「思わず、可愛いって言っちゃったけど……。\n　オレも言われたし、おあいこだよね」%K%P
「思わず、可愛いって言っちゃったけど……。\n　オレも言われたし、おあいこだよね」%K%P
言い訳がましく苦笑しながら、\n梨理ちゃんの笑顔を思い出してみる。%K%P
言い訳がましく苦笑しながら、\n梨理ちゃんの笑顔を思い出してみる。%K%P
もし、今日の話が彼女の心に響いていたら、\n明日の朝練の空気が、少しは変わるかもしれない。%K%P
もし、今日の話が彼女の心に響いていたら、\n明日の朝練の空気が、少しは変わるかもしれない。%K%P
そうなっていたら、嬉しいな。%K%P
そうなっていたら、嬉しいな。%K%P
