――アリア合宿２日目、月曜日。%K%P
――アリア合宿２日目、月曜日。%K%P
波瀾万丈すぎた昨日と打って変わって、\nその日はとても穏やかなスタートだった。%K%P
波瀾万丈すぎた昨日と打って変わって、\nその日はとても穏やかなスタートだった。%K%P
みんなで朝食を食べたあと、\n５人の合宿メンバーはそれぞれ別行動。%K%P
みんなで朝食を食べたあと、\n５人の合宿メンバーはそれぞれ別行動。%K%P
{歌姫:ディーバ}であるつーちゃんは、\n歌劇アリアで披露する歌の自主練習。%K%P
{歌姫:ディーバ}であるつーちゃんは、\n歌劇アリアで披露する歌の自主練習。%K%P
美実様とクレール様は、乙女部の部室で、\n{連弾:デュオ}{舞闘:カデンツァ}決勝に向けた作戦会議。%K%P
美実様とクレール様は、乙女部の部室で、\n{連弾:デュオ}{舞闘:カデンツァ}決勝に向けた作戦会議。%K%P
そしてオレと梨理ちゃんは、\n朝練をするために、トレーニングルームへ。%K%P
そしてオレと梨理ちゃんは、\n朝練をするために、トレーニングルームへ。%K%P
%LC梨理
%LC梨理
「センセ、今週もお願いします」%K%P
「センセ、今週もお願いします」%K%P
%LC陽菜
%LC陽菜
「こちらこそ」%K%P
「こちらこそ」%K%P
銀蘭祭までの期間、トレーニングルームは実質、\n選ばれた８名の{騎士:ワルキュリア}の貸し切り状態。%K%P
銀蘭祭までの期間、トレーニングルームは実質、\n選ばれた８名の{騎士:ワルキュリア}の貸し切り状態。%K%P
それはトーナメント初戦が終わった今も変わらず、\nむしろ、使う人数は半分の４名に減ってしまった。%K%P
それはトーナメント初戦が終わった今も変わらず、\nむしろ、使う人数は半分の４名に減ってしまった。%K%P
さらに、その内の半分の２名は、\nただいま乙女部の部室で作戦会議中。%K%P
さらに、その内の半分の２名は、\nただいま乙女部の部室で作戦会議中。%K%P
つまりいま、このトレーニングルームは、\n完全にオレと梨理ちゃんの貸し切りだった。%K%P
つまりいま、このトレーニングルームは、\n完全にオレと梨理ちゃんの貸し切りだった。%K%P
%LC陽菜
%LC陽菜
「んっと……ふぅ、ストレッチおしまい。\n　どう？　良い感じにほぐれた？」%K%P
「んっと……ふぅ、ストレッチおしまい。\n　どう？　良い感じにほぐれた？」%K%P
%LC梨理
%LC梨理
「はい。センセはペアストレッチしやすいので、\n　助かります」%K%P
「はい。センセはペアストレッチしやすいので、\n　助かります」%K%P
%LC陽菜
%LC陽菜
「しやすい？」%K%P
「しやすい？」%K%P
%LC梨理
%LC梨理
「私、１年でも背が低いほうなので。\n　組む子によっては、やりにくいことがあって」%K%P
「私、１年でも背が低いほうなので。\n　組む子によっては、やりにくいことがあって」%K%P
%LC陽菜
%LC陽菜
「あ、そっか……。確かに私も、\n　そこまで背が高い方じゃないし」%K%P
「あ、そっか……。確かに私も、\n　そこまで背が高い方じゃないし」%K%P
杏奈ちゃんはオレよりやや低いけど、\n依夜様やクレール様、美実様はオレより高身長。%K%P
杏奈ちゃんはオレよりやや低いけど、\n依夜様やクレール様、美実様はオレより高身長。%K%P
そんな中で、梨理ちゃんはぐっと小柄だ。%K%P
そんな中で、梨理ちゃんはぐっと小柄だ。%K%P
%LC陽菜
%LC陽菜
「梨理ちゃん、身長はまだ伸びてる？」%K%P
「梨理ちゃん、身長はまだ伸びてる？」%K%P
%LC梨理
%LC梨理
「以前計ったときは少し伸びていたので、\n　まだ成長はとまってはないと思いますけど」%K%P
「以前計ったときは少し伸びていたので、\n　まだ成長はとまってはないと思いますけど」%K%P
%LC陽菜
%LC陽菜
「むぅ……」%K%P
「むぅ……」%K%P
……羨ましい。%K%P
……羨ましい。%K%P
%LC梨理
%LC梨理
「センセはどうなんです？\n　もう据え置きな感じですか？」%K%P
「センセはどうなんです？\n　もう据え置きな感じですか？」%K%P
%LC陽菜
%LC陽菜
「留学中に伸びてくれればと思ってたんだけど。\n　実際は、ほぼ変わらなくて」%K%P
「留学中に伸びてくれればと思ってたんだけど。\n　実際は、ほぼ変わらなくて」%K%P
%LC梨理
%LC梨理
「別なところばかりがおっきくなったと」%K%P
「別なところばかりがおっきくなったと」%K%P
%LC陽菜
%LC陽菜
「別なところ？」%K%P
「別なところ？」%K%P
%LC梨理
%LC梨理
「決まってるじゃないですか」%K%P
「決まってるじゃないですか」%K%P
そう言った梨理ちゃんは、\nオレのフィエルテをじーっと見て――、%K%P
そう言った梨理ちゃんは、\nオレのフィエルテをじーっと見て――、%K%P
%LC梨理
%LC梨理
「もちろん、ち――」%K%P
「もちろん、ち――」%K%P
%LC陽菜
%LC陽菜
「梨理ちゃんっ！」%K%P
「梨理ちゃんっ！」%K%P
%LC梨理
%LC梨理
「なにを慌ててるんです？\n　私、乳房って言おうとしたのに」%K%P
「なにを慌ててるんです？\n　私、乳房って言おうとしたのに」%K%P
%LC陽菜
%LC陽菜
「なんだ……。それなら――」%K%P
「なんだ……。それなら――」%K%P
%LC陽菜
%LC陽菜
「よくないしっ！\n　そもそも大きくなりようないからっ」%K%P
「よくないしっ！\n　そもそも大きくなりようないからっ」%K%P
%LC梨理
%LC梨理
「男の人でも大胸筋の鍛え方次第で、\n　谷間が作れるってジムで聞きましたけど」%K%P
「男の人でも大胸筋の鍛え方次第で、\n　谷間が作れるってジムで聞きましたけど」%K%P
%LC陽菜
%LC陽菜
「それは知ってるけど……」%K%P
「それは知ってるけど……」%K%P
%LC梨理
%LC梨理
「実践済みでしたか」%K%P
「実践済みでしたか」%K%P
%LC陽菜
%LC陽菜
%XS21「知識としてっ！」%XE%K%P
%XS21「知識としてっ！」%XE%K%P
こんな感じで、梨理ちゃんとの会話のテンポは、\n昨日までと比べて、かなり軽妙さが増している。%K%P
こんな感じで、梨理ちゃんとの会話のテンポは、\n昨日までと比べて、かなり軽妙さが増している。%K%P
これって、オレの秘密を知り、一線を越えたことで、\nぐっと距離が縮まった影響なんだと思う。%K%P
これって、オレの秘密を知り、一線を越えたことで、\nぐっと距離が縮まった影響なんだと思う。%K%P
ただ、気付けばツッコミをくりだしちゃうこの感じ、\n梨理ちゃんと美実様は姉妹なんだなって実感する。%K%P
ただ、気付けばツッコミをくりだしちゃうこの感じ、\n梨理ちゃんと美実様は姉妹なんだなって実感する。%K%P
%LC梨理
%LC梨理
「おっぱいのことはおいておくとして。\n　センセ、いまもちゃんとついてるんですか？」%K%P
「おっぱいのことはおいておくとして。\n　センセ、いまもちゃんとついてるんですか？」%K%P
%LC陽菜
%LC陽菜
「……？　ついてるって、なにが？」%K%P
「……？　ついてるって、なにが？」%K%P
%LC梨理
%LC梨理
「もちろんアレです。男の子の」%K%P
「もちろんアレです。男の子の」%K%P
%LC陽菜
%LC陽菜
「当たり前でしょ、ウィッグじゃないんだから。\n　つけたり外したり出来ないの」%K%P
「当たり前でしょ、ウィッグじゃないんだから。\n　つけたり外したり出来ないの」%K%P
%LC梨理
%LC梨理
「でも、フィエルテってぴちっとしてるのに、\n　パッと見、ぜんぜんわかんないんですけど」%K%P
「でも、フィエルテってぴちっとしてるのに、\n　パッと見、ぜんぜんわかんないんですけど」%K%P
%LC陽菜
%LC陽菜
「それは……サポーターというか、カップというか、\n　そういうのを使って、押し込んでるし……」%K%P
「それは……サポーターというか、カップというか、\n　そういうのを使って、押し込んでるし……」%K%P
%LC梨理
%LC梨理
「痛くないんですか？」%K%P
「痛くないんですか？」%K%P
%LC陽菜
%LC陽菜
「痛いとかはないけど……。\n　あっ、ただ――」%K%P
「痛いとかはないけど……。\n　あっ、ただ――」%K%P
%LC梨理
%LC梨理
「ただ……？　なんです？」%K%P
「ただ……？　なんです？」%K%P
%LC陽菜
%LC陽菜
「……なんでもない」%K%P
「……なんでもない」%K%P
平常時は目立たないけど、勃起した場合、\nかえってもっこりしちゃう可能性があるとか。%K%P
平常時は目立たないけど、勃起した場合、\nかえってもっこりしちゃう可能性があるとか。%K%P
それが激しく動いてる最中だったりしたら、\nポロリしちゃうかもしれないだとか。%K%P
それが激しく動いてる最中だったりしたら、\nポロリしちゃうかもしれないだとか。%K%P
そんなこと言えば、面白がられるに決まって――、%K%P
そんなこと言えば、面白がられるに決まって――、%K%P
%LC梨理
%LC梨理
「もしいまセンセが興奮したら、\n　アソコ、もっこりしちゃうんです？」%K%P
「もしいまセンセが興奮したら、\n　アソコ、もっこりしちゃうんです？」%K%P
%LC陽菜
%LC陽菜
「梨理ちゃんっ。アソコとか、もっこりとか、\n　誰かに聞かれたらどうするのっ」%K%P
「梨理ちゃんっ。アソコとか、もっこりとか、\n　誰かに聞かれたらどうするのっ」%K%P
%LC梨理
%LC梨理
「誰もこないとわかっていればこそ、\n　こんなに堂々と聞いてるんですけど」%K%P
「誰もこないとわかっていればこそ、\n　こんなに堂々と聞いてるんですけど」%K%P
%LC梨理
%LC梨理
「今日はお姉ちゃんたち、部室ですし。\n　他の子たちも、ここには来ませんし」%K%P
「今日はお姉ちゃんたち、部室ですし。\n　他の子たちも、ここには来ませんし」%K%P
%LC梨理
%LC梨理
「つまり、いまなら色々し放題なわけで――」%K%P
「つまり、いまなら色々し放題なわけで――」%K%P
%LC梨理
%LC梨理
「センセのクラージュで、私のこと、\n　めちゃくちゃにしちゃってもいいんですよ？」%K%P
「センセのクラージュで、私のこと、\n　めちゃくちゃにしちゃってもいいんですよ？」%K%P
%LC陽菜
%LC陽菜
「なっ……」%K%P
「なっ……」%K%P
%LC梨理
%LC梨理
「くすっ氈@まっ、センセは真面目ですし、\n　そんなことが出来るとは思えませんけど」%K%P
「くすっ氈@まっ、センセは真面目ですし、\n　そんなことが出来るとは思えませんけど」%K%P
明らかに挑発的な態度は、\nある意味、オレに対する信頼の裏返しだろう。%K%P
明らかに挑発的な態度は、\nある意味、オレに対する信頼の裏返しだろう。%K%P
けど、ここまで言われて黙っているほど、\nオレだって聖人君子ではないわけで。%K%P
けど、ここまで言われて黙っているほど、\nオレだって聖人君子ではないわけで。%K%P
%LC陽菜
%LC陽菜
「梨理ちゃん？　いまの発言、\n　わかった上で言ってるんだよね？」%K%P
「梨理ちゃん？　いまの発言、\n　わかった上で言ってるんだよね？」%K%P
%LC陽菜
%LC陽菜
「ここに誰もこないってことは、泣き叫んでも\n　誰も助けてくれないってことだよ？」%K%P
「ここに誰もこないってことは、泣き叫んでも\n　誰も助けてくれないってことだよ？」%K%P
%LC梨理
%LC梨理
「そんなこと言っても無駄です。\n　センセのハッタリなんて通じませんし」%K%P
「そんなこと言っても無駄です。\n　センセのハッタリなんて通じませんし」%K%P
%LC梨理
%LC梨理
「センセが私を泣かせるなんて、\n　そんなことできるわけないです」%K%P
「センセが私を泣かせるなんて、\n　そんなことできるわけないです」%K%P
%LC陽菜
%LC陽菜
「そう。じゃあ、本気出してもいいんだね？\n　あとで話が違うって文句はなしだよ？」%K%P
「そう。じゃあ、本気出してもいいんだね？\n　あとで話が違うって文句はなしだよ？」%K%P
%LC梨理
%LC梨理
「いいですよ、なにしてくれても」%K%P
「いいですよ、なにしてくれても」%K%P
%LC陽菜
%LC陽菜
「それじゃ、遠慮なく――」%K%P
「それじゃ、遠慮なく――」%K%P
%LC陽菜
%LC陽菜
「今から梨理ちゃんを、ひぃひぃ言わすから」%K%P
「今から梨理ちゃんを、ひぃひぃ言わすから」%K%P
%LC梨理
%LC梨理
「…………え」%K%P
「…………え」%K%P
%LC陽菜
%LC陽菜
「なにしたっていいんでしょ？\n　泣いてもやめてあげないからね」%K%P
「なにしたっていいんでしょ？\n　泣いてもやめてあげないからね」%K%P
%LC陽菜
%LC陽菜
「足腰が立たなくなるぐらいイジメてあげる。\n　私、そういうの得意だし」%K%P
「足腰が立たなくなるぐらいイジメてあげる。\n　私、そういうの得意だし」%K%P
%LC梨理
%LC梨理
「あっ、あの、センセ……？」%K%P
「あっ、あの、センセ……？」%K%P
%LC陽菜
%LC陽菜
「梨理ちゃん？　相手、してくれるよね？」%K%P
「梨理ちゃん？　相手、してくれるよね？」%K%P
%LC陽菜
%LC陽菜
「攻めからの崩しが甘いっ！\n　踏み込みはもっと深く鋭くっ！」%K%P
「攻めからの崩しが甘いっ！\n　踏み込みはもっと深く鋭くっ！」%K%P
%LC梨理
%LC梨理
「はいっ！」%K%P
「はいっ！」%K%P
%LC陽菜
%LC陽菜
「なんでもかんでも目で追わないっ！\n　予測も交えて先を読むっ！　できるよねっ？」%K%P
「なんでもかんでも目で追わないっ！\n　予測も交えて先を読むっ！　できるよねっ？」%K%P
%LC梨理
%LC梨理
「はっ、はいっ」%K%P
「はっ、はいっ」%K%P
%LC陽菜
%LC陽菜
「得意な連携に頼りすぎっ！\n　依夜様にも指摘されたところだよっ！」%K%P
「得意な連携に頼りすぎっ！\n　依夜様にも指摘されたところだよっ！」%K%P
%LC梨理
%LC梨理
「ぐっ……はぁっ、はあっ……は、はいっ……」%K%P
「ぐっ……はぁっ、はあっ……は、はいっ……」%K%P
――そんなこんなで、３０分後。%K%P
――そんなこんなで、３０分後。%K%P
%LC梨理
%LC梨理
「ふはっ、はあっ……ぐっ、はあっ……」%K%P
「ふはっ、はあっ……ぐっ、はあっ……」%K%P
%LC陽菜
%LC陽菜
「お疲れさま、梨理ちゃん。\n　最後まで頑張ったね？　えらいえらい」%K%P
「お疲れさま、梨理ちゃん。\n　最後まで頑張ったね？　えらいえらい」%K%P
%LC梨理
%LC梨理
「うぅぅぅ……センセ、スパルタすぎっ……」%K%P
「うぅぅぅ……センセ、スパルタすぎっ……」%K%P
床にぺたんと座り込んだ梨理ちゃんは、\nタオルで汗をふきつつ、ドリンクを飲む。%K%P
床にぺたんと座り込んだ梨理ちゃんは、\nタオルで汗をふきつつ、ドリンクを飲む。%K%P
全力で剣術の指導を行った結果、オレの予告通り、\n梨理ちゃんの足腰は立たなくなった。%K%P
全力で剣術の指導を行った結果、オレの予告通り、\n梨理ちゃんの足腰は立たなくなった。%K%P
とはいえ、回復力はある子だから、\n授業が始まるまでには立てるはずだ。%K%P
とはいえ、回復力はある子だから、\n授業が始まるまでには立てるはずだ。%K%P
でなければ、さすがにここまで出来ない。%K%P
でなければ、さすがにここまで出来ない。%K%P
%LC梨理
%LC梨理
「はぁ、はぁ……こんなに汗かいたの、\n　{舞闘:カデンツァ}の練習では初めてです……」%K%P
「はぁ、はぁ……こんなに汗かいたの、\n　{舞闘:カデンツァ}の練習では初めてです……」%K%P
%LC梨理
%LC梨理
「なのに、センセは、涼しい顔して……。\n　同じぐらい動いてたはずなのに……」%K%P
「なのに、センセは、涼しい顔して……。\n　同じぐらい動いてたはずなのに……」%K%P
%LC陽菜
%LC陽菜
「持久力なら梨理ちゃんには負けないから。\n　瞬発力勝負だったら危ういかもだけど」%K%P
「持久力なら梨理ちゃんには負けないから。\n　瞬発力勝負だったら危ういかもだけど」%K%P
%LC梨理
%LC梨理
「速筋と遅筋ってやつですか？」%K%P
「速筋と遅筋ってやつですか？」%K%P
%LC陽菜
%LC陽菜
「そう。留学先では遅筋の鍛錬として、\n　授業にダンスを取り入れたりしてたから」%K%P
「そう。留学先では遅筋の鍛錬として、\n　授業にダンスを取り入れたりしてたから」%K%P
実際、留学で強化されたもののひとつが、\n持久力――スタミナだった。%K%P
実際、留学で強化されたもののひとつが、\n持久力――スタミナだった。%K%P
先日の初戦で杏奈ちゃんに勝てたのも、\nスタミナの差が、かなり影響したといっていい。%K%P
先日の初戦で杏奈ちゃんに勝てたのも、\nスタミナの差が、かなり影響したといっていい。%K%P
%LC陽菜
%LC陽菜
「それで、どうする？　ここまでにしとく？\n　早めに来たし、授業までまだ時間はあるけど」%K%P
「それで、どうする？　ここまでにしとく？\n　早めに来たし、授業までまだ時間はあるけど」%K%P
%LC梨理
%LC梨理
「んっ……今日は、これで……。\n　ちゃんとクールダウンもしときたいですし」%K%P
「んっ……今日は、これで……。\n　ちゃんとクールダウンもしときたいですし」%K%P
%LC陽菜
%LC陽菜
「了解。じゃあ、私も休憩……っと」%K%P
「了解。じゃあ、私も休憩……っと」%K%P
そうして梨理ちゃんの隣に座ると、彼女は\n飲んでいたスポーツドリンクを差し出してくれた。%K%P
そうして梨理ちゃんの隣に座ると、彼女は\n飲んでいたスポーツドリンクを差し出してくれた。%K%P
%LC梨理
%LC梨理
「センセ、よければ」%K%P
「センセ、よければ」%K%P
%LC陽菜
%LC陽菜
「ありがと」%K%P
「ありがと」%K%P
以前、お箸の間接キスでドギマギしたけど、\nエッチもしたし、さすがにこの程度では――、%K%P
以前、お箸の間接キスでドギマギしたけど、\nエッチもしたし、さすがにこの程度では――、%K%P
……って、そういえばオレと梨理ちゃん、\nエッチはしたけど、キスはまだだったような。%K%P
……って、そういえばオレと梨理ちゃん、\nエッチはしたけど、キスはまだだったような。%K%P
%LC陽菜
%LC陽菜
「……」%K%P
「……」%K%P
受け取ったドリンクの飲み口を、\nつい、じっと見つめてしまう。%K%P
受け取ったドリンクの飲み口を、\nつい、じっと見つめてしまう。%K%P
……どうしよう。意識したら、なんか――、%K%P
……どうしよう。意識したら、なんか――、%K%P
%LC梨理
%LC梨理
「飲まないんですか？　センセ。\n　間接キスするチャンスですよ？」%K%P
「飲まないんですか？　センセ。\n　間接キスするチャンスですよ？」%K%P
%LC陽菜
%LC陽菜
「ッ……」%K%P
「ッ……」%K%P
不意に耳元で声がして、びくっとなって。%K%P
不意に耳元で声がして、びくっとなって。%K%P
%LC陽菜
%LC陽菜
「もうっ、梨理ちゃんっ！\n　わかってて、コレ、渡して――」%K%P
「もうっ、梨理ちゃんっ！\n　わかってて、コレ、渡して――」%K%P
%LC梨理
%LC梨理
「センセ」%K%P
「センセ」%K%P
振り向いたそこには、梨理ちゃんの唇があって。%K%P
振り向いたそこには、梨理ちゃんの唇があって。%K%P
それはゆっくりオレに近づいてきて。%K%P
それはゆっくりオレに近づいてきて。%K%P
%LC梨理
%LC梨理
「んぅ……ちゅっ、はぁっ……んんっ」%K%P
「んぅ……ちゅっ、はぁっ……んんっ」%K%P
%LC陽菜
%LC陽菜
「あっ……はっ、あ、んぅっ……」%K%P
「あっ……はっ、あ、んぅっ……」%K%P
初めてのキスは、梨理ちゃんから。%K%P
初めてのキスは、梨理ちゃんから。%K%P
彼女はそのまま倒れ込むように、\nオレの身体にしがみついてきた。%K%P
彼女はそのまま倒れ込むように、\nオレの身体にしがみついてきた。%K%P
%LC梨理
%LC梨理
「ん……氈@……やっと、キス、できました」%K%P
「ん……氈@……やっと、キス、できました」%K%P
%LC梨理
%LC梨理
「夕べからずーっとしたかったんですけど。\n　センセ、ちっともしてくれる気配ないし」%K%P
「夕べからずーっとしたかったんですけど。\n　センセ、ちっともしてくれる気配ないし」%K%P
%LC陽菜
%LC陽菜
「あっ……ごっ、ごめん。\n　キスのこと、頭から抜けてて……」%K%P
「あっ……ごっ、ごめん。\n　キスのこと、頭から抜けてて……」%K%P
%LC梨理
%LC梨理
「やっぱり……」%K%P
「やっぱり……」%K%P
呆れ笑いとでも言えば良いのか、\n梨理ちゃんは溜め息をつくように微笑む。%K%P
呆れ笑いとでも言えば良いのか、\n梨理ちゃんは溜め息をつくように微笑む。%K%P
%LC梨理
%LC梨理
「でもま、しょうがないです。\n　昨日はいろんなことがありすぎましたから」%K%P
「でもま、しょうがないです。\n　昨日はいろんなことがありすぎましたから」%K%P
%LC梨理
%LC梨理
「そもそも私だって、エッチしてる最中は、\n　キスのこと完全に忘れちゃってましたし」%K%P
「そもそも私だって、エッチしてる最中は、\n　キスのこと完全に忘れちゃってましたし」%K%P
%LC梨理
%LC梨理
「気付いたのは、パジャマ着せたセンセを、\n　ベッドに運んで、一緒に寝たときです」%K%P
「気付いたのは、パジャマ着せたセンセを、\n　ベッドに運んで、一緒に寝たときです」%K%P
%LC梨理
%LC梨理
「センセの寝顔を見て……唇、じっと見て。\n　キスより先にエッチをしちゃったな……って」%K%P
「センセの寝顔を見て……唇、じっと見て。\n　キスより先にエッチをしちゃったな……って」%K%P
%LC梨理
%LC梨理
「だから、夕べは寝てるセンセの唇を、こっそり\n　奪ってやろうかって考えたりもしたんですけど」%K%P
「だから、夕べは寝てるセンセの唇を、こっそり\n　奪ってやろうかって考えたりもしたんですけど」%K%P
%LC梨理
%LC梨理
「それしちゃうと、絶対ヤバいことになるので。\n　必死に我慢しました」%K%P
「それしちゃうと、絶対ヤバいことになるので。\n　必死に我慢しました」%K%P
%LC陽菜
%LC陽菜
「ヤバいこと？」%K%P
「ヤバいこと？」%K%P
%LC梨理
%LC梨理
「キスだけで満足できるはずないですから」%K%P
「キスだけで満足できるはずないですから」%K%P
%LC梨理
%LC梨理
「センセの唇を奪ったら……絶対、\n　その先もしたくなるに決まってます」%K%P
「センセの唇を奪ったら……絶対、\n　その先もしたくなるに決まってます」%K%P
%LC梨理
%LC梨理
「そうなったら、絶対に声出ちゃうし……。\n　声が出たら、誰かが気付くかもですよね？」%K%P
「そうなったら、絶対に声出ちゃうし……。\n　声が出たら、誰かが気付くかもですよね？」%K%P
%LC梨理
%LC梨理
「そんなことになったら、センセの秘密が、\n　他の人にバレちゃうかもしれないですから」%K%P
「そんなことになったら、センセの秘密が、\n　他の人にバレちゃうかもしれないですから」%K%P
%LC陽菜
%LC陽菜
「その言い方だと、声が我慢できる自信があれば、\n　キスもエッチもしてたように聞こえるんだけど」%K%P
「その言い方だと、声が我慢できる自信があれば、\n　キスもエッチもしてたように聞こえるんだけど」%K%P
%LC梨理
%LC梨理
「しましたよ？　当たり前じゃないですか」%K%P
「しましたよ？　当たり前じゃないですか」%K%P
%LC梨理
%LC梨理
「大好きな人と一緒に寝てて、何もしないとか……。\n　私、そんなに大人じゃないので」%K%P
「大好きな人と一緒に寝てて、何もしないとか……。\n　私、そんなに大人じゃないので」%K%P
%LC梨理
%LC梨理
「だから、いまだって、我慢できなくて……」%K%P
「だから、いまだって、我慢できなくて……」%K%P
%LC梨理
%LC梨理
「ね？　センセ、いいですよねっ……氈v%K%P
「ね？　センセ、いいですよねっ……氈v%K%P
キスのとき抱きついてきた梨理ちゃんは、\nそのまま、オレごと床にそっと倒れ込んだ。%K%P
キスのとき抱きついてきた梨理ちゃんは、\nそのまま、オレごと床にそっと倒れ込んだ。%K%P
%LC陽菜
%LC陽菜
「なッ……ちょっ、梨理ちゃんっ……！？\n　なにこれっ？　なんなのこれっ」%K%P
「なッ……ちょっ、梨理ちゃんっ……！？\n　なにこれっ？　なんなのこれっ」%K%P
%LC梨理
%LC梨理
「これがなにかと言われると……。\n　たぶん、柔道の送り襟締めが近いかと」%K%P
「これがなにかと言われると……。\n　たぶん、柔道の送り襟締めが近いかと」%K%P
%LC陽菜
%LC陽菜
「技名を聞いてるんじゃなくてっ。\n　なんでこんなことしてるのかってことっ」%K%P
「技名を聞いてるんじゃなくてっ。\n　なんでこんなことしてるのかってことっ」%K%P
%LC梨理
%LC梨理
「もちろん、センセに逆襲するためです」%K%P
「もちろん、センセに逆襲するためです」%K%P
%LC陽菜
%LC陽菜
「逆襲って……」%K%P
「逆襲って……」%K%P
%LC梨理
%LC梨理
「センセってば、ホントに立てなくなるぐらい、\n　私をひぃひぃ言わせてくれたので」%K%P
「センセってば、ホントに立てなくなるぐらい、\n　私をひぃひぃ言わせてくれたので」%K%P
%LC梨理
%LC梨理
「今度は私がセンセの足腰を、おち○ぽもろとも、\n　ひぃひぃ言わせてあげようかなって……氈v%K%P
「今度は私がセンセの足腰を、おち○ぽもろとも、\n　ひぃひぃ言わせてあげようかなって……氈v%K%P
くすりと笑った梨理ちゃんは、\nオレに絡みつけた足を伸ばして――って、%K%P
くすりと笑った梨理ちゃんは、\nオレに絡みつけた足を伸ばして――って、%K%P
%LC陽菜
%LC陽菜
「ひょっとして、足でする気っ……？」%K%P
「ひょっとして、足でする気っ……？」%K%P
%LC梨理
%LC梨理
「足腰が受けた借りは、\n　足腰でお返ししようかと」%K%P
「足腰が受けた借りは、\n　足腰でお返ししようかと」%K%P
%LC梨理
%LC梨理
「さっきの疲労で力がうまく入らないですけど、\n　その分、痛くしないで済むと思いますし……氈v%K%P
「さっきの疲労で力がうまく入らないですけど、\n　その分、痛くしないで済むと思いますし……氈v%K%P
梨理ちゃんの両足はいかにも健康的で、\nほどよく張りがあり、見た目以上に弾力もある。%K%P
梨理ちゃんの両足はいかにも健康的で、\nほどよく張りがあり、見た目以上に弾力もある。%K%P
そんな彼女の足裏が、フィエルテの上から、\nオレの股間をさするように撫でてきた。%K%P
そんな彼女の足裏が、フィエルテの上から、\nオレの股間をさするように撫でてきた。%K%P
%LC陽菜
%LC陽菜
「んうっ、ちょっ……はっ、んんッ」%K%P
「んうっ、ちょっ……はっ、んんッ」%K%P
%LC梨理
%LC梨理
「わはっ……氈@昨日ほどじゃないですけど、\n　センセのおち○ぽ、ぴくってしましたよ？」%K%P
「わはっ……氈@昨日ほどじゃないですけど、\n　センセのおち○ぽ、ぴくってしましたよ？」%K%P
%LC梨理
%LC梨理
「女の子にふみふみされて感じちゃうとか、\n　センセってやっぱり、変態さんなんじゃ……」%K%P
「女の子にふみふみされて感じちゃうとか、\n　センセってやっぱり、変態さんなんじゃ……」%K%P
%LC陽菜
%LC陽菜
「やっぱりってなにっ。\n　っていうか、変態じゃないからっ」%K%P
「やっぱりってなにっ。\n　っていうか、変態じゃないからっ」%K%P
%LC梨理
%LC梨理
「そんなこと言う人には、\n　おまけにこっちも追加ですっ氈v%K%P
「そんなこと言う人には、\n　おまけにこっちも追加ですっ氈v%K%P
%LC陽菜
%LC陽菜
「んみッ……！？」%K%P
「んみッ……！？」%K%P
後ろから抱きついている梨理ちゃんの手が、\nするするっと這ってきて、オレの乳首を――、%K%P
後ろから抱きついている梨理ちゃんの手が、\nするするっと這ってきて、オレの乳首を――、%K%P
%LC梨理
%LC梨理
「あっ……氈@センセの乳首、もう勃ってる」%K%P
「あっ……氈@センセの乳首、もう勃ってる」%K%P
%LC梨理
%LC梨理
「いじる前から勃起させちゃうとか……。\n　センセの乳首、私より敏感かもですね……氈v%K%P
「いじる前から勃起させちゃうとか……。\n　センセの乳首、私より敏感かもですね……氈v%K%P
%LC陽菜
%LC陽菜
「んッ……そっ、そんなことっ……」%K%P
「んッ……そっ、そんなことっ……」%K%P
%LC梨理
%LC梨理
「くりくりっ氈v%K%P
「くりくりっ氈v%K%P
%LC陽菜
%LC陽菜
「ふあうっ氈@あっ、ああっ氈v%K%P
「ふあうっ氈@あっ、ああっ氈v%K%P
おもむろに乳頭をこすられ、うわずった声が漏れる。%K%P
おもむろに乳頭をこすられ、うわずった声が漏れる。%K%P
昨日さんざん舐められた影響なのか、\n乳首は自分が思っている以上に敏感だった。%K%P
昨日さんざん舐められた影響なのか、\n乳首は自分が思っている以上に敏感だった。%K%P
%LC梨理
%LC梨理
「くすっ、どうです？　センセ。\n　いまのくりくり、気持ちよかったですか？」%K%P
「くすっ、どうです？　センセ。\n　いまのくりくり、気持ちよかったですか？」%K%P
%LC陽菜
%LC陽菜
「べっ、べつに、気持ちよくなんかっ……」%K%P
「べっ、べつに、気持ちよくなんかっ……」%K%P
%LC梨理
%LC梨理
「むぅー、強情なんですから」%K%P
「むぅー、強情なんですから」%K%P
%LC梨理
%LC梨理
「でも……そのぐらいのほうが、\n　籠絡しがいがありますけど……にひひっ氈v%K%P
「でも……そのぐらいのほうが、\n　籠絡しがいがありますけど……にひひっ氈v%K%P
%LC陽菜
%LC陽菜
「ろっ、籠絡ってっ……」%K%P
「ろっ、籠絡ってっ……」%K%P
%LC梨理
%LC梨理
「手なずけて思い通りに操るって意味ですよ？」%K%P
「手なずけて思い通りに操るって意味ですよ？」%K%P
%LC陽菜
%LC陽菜
「意味ぐらい知ってますっ」%K%P
「意味ぐらい知ってますっ」%K%P
%LC梨理
%LC梨理
「なら、あとは身を以て体験するだけですね？\n　センセっ……氈@ふふっ、くりっ氈@くりっ氈v%K%P
「なら、あとは身を以て体験するだけですね？\n　センセっ……氈@ふふっ、くりっ氈@くりっ氈v%K%P
%LC陽菜
%LC陽菜
「ひうっ……？！　あ、ぐっ、んんっ」%K%P
「ひうっ……？！　あ、ぐっ、んんっ」%K%P
楽しげに笑う梨理ちゃんの指先が、\nオレの乳首を巧みにいじり回す。%K%P
楽しげに笑う梨理ちゃんの指先が、\nオレの乳首を巧みにいじり回す。%K%P
摘まむ程度なら我慢も出来ただろうけど、\n梨理ちゃんの指は、それだけでは終わらない。%K%P
摘まむ程度なら我慢も出来ただろうけど、\n梨理ちゃんの指は、それだけでは終わらない。%K%P
指の腹で乳頭を押しつぶしてきたり、\nシールを剥がすように、乳輪をコリコリしてきたり。%K%P
指の腹で乳頭を押しつぶしてきたり、\nシールを剥がすように、乳輪をコリコリしてきたり。%K%P
多彩な攻めの数々に、\n乳首が否応なく固くなってしまう。%K%P
多彩な攻めの数々に、\n乳首が否応なく固くなってしまう。%K%P
%LC陽菜
%LC陽菜
「ひぐっ……はあっ、梨理ちゃん、\n　なんで、そんなに、上手なのっ……」%K%P
「ひぐっ……はあっ、梨理ちゃん、\n　なんで、そんなに、上手なのっ……」%K%P
%LC梨理
%LC梨理
「昨日言ったじゃないですか。\n　オナニーするとき乳首をいじるって」%K%P
「昨日言ったじゃないですか。\n　オナニーするとき乳首をいじるって」%K%P
%LC梨理
%LC梨理
「気持ち良くなりたくて、色々試したので。\n　いろんな技を習得してるんです氈v%K%P
「気持ち良くなりたくて、色々試したので。\n　いろんな技を習得してるんです氈v%K%P
%LC梨理
%LC梨理
「なので……センセの乳首も、\n　感度マシマシに開発してあげちゃいますね氈v%K%P
「なので……センセの乳首も、\n　感度マシマシに開発してあげちゃいますね氈v%K%P
%LC陽菜
%LC陽菜
「か、開発って……ぐッ、はっ、んんッ」%K%P
「か、開発って……ぐッ、はっ、んんッ」%K%P
%LC梨理
%LC梨理
「乳首って、たくさん弄ってあげると、\n　どんどん敏感になってくれるんです」%K%P
「乳首って、たくさん弄ってあげると、\n　どんどん敏感になってくれるんです」%K%P
%LC梨理
%LC梨理
「まあ、あくまで私の場合なので、\n　センセも同じかは、わかりませんけど」%K%P
「まあ、あくまで私の場合なので、\n　センセも同じかは、わかりませんけど」%K%P
%LC梨理
%LC梨理
「でも、昨日ぺろぺろした感じだと、\n　センセの乳首、かなり素質あると思います」%K%P
「でも、昨日ぺろぺろした感じだと、\n　センセの乳首、かなり素質あると思います」%K%P
%LC梨理
%LC梨理
「ちゅーちゅー吸うと、すぐ固くなるし。\n　そこを舌で弾くと、ぷるんっ、ぷるんって氈v%K%P
「ちゅーちゅー吸うと、すぐ固くなるし。\n　そこを舌で弾くと、ぷるんっ、ぷるんって氈v%K%P
%LC梨理
%LC梨理
「いまだって、ホントは舐めたくて……。\n　舌が届くなら、ぺろぺろしてあげるのに……氈v%K%P
「いまだって、ホントは舐めたくて……。\n　舌が届くなら、ぺろぺろしてあげるのに……氈v%K%P
オレをじっと見つめた梨理ちゃんが、\nちょっと拗ねた感じで唇をぺろっと舐める。%K%P
オレをじっと見つめた梨理ちゃんが、\nちょっと拗ねた感じで唇をぺろっと舐める。%K%P
と、オレの目の前にある彼女の乳首が、\nほんの微かに、ぴくっと上向きに強張った。%K%P
と、オレの目の前にある彼女の乳首が、\nほんの微かに、ぴくっと上向きに強張った。%K%P
%LC陽菜
%LC陽菜
「あっ……ほんと、敏感なんだ……」%K%P
「あっ……ほんと、敏感なんだ……」%K%P
その光景に思わず声が漏れると、\n梨理ちゃんはすぐに自分の胸元を見下ろして。%K%P
その光景に思わず声が漏れると、\n梨理ちゃんはすぐに自分の胸元を見下ろして。%K%P
%LC梨理
%LC梨理
「あ……氈@……くすっ、ねぇセンセ。\n　よければ私のおっぱい、ちゅーちゅーします？」%K%P
「あ……氈@……くすっ、ねぇセンセ。\n　よければ私のおっぱい、ちゅーちゅーします？」%K%P
%LC陽菜
%LC陽菜
「えっ……ほんとっ？　いいのっ？」%K%P
「えっ……ほんとっ？　いいのっ？」%K%P
%LC梨理
%LC梨理
「いいに決まってるじゃないですか。\n　私だって気持ちよくなりたいですし」%K%P
「いいに決まってるじゃないですか。\n　私だって気持ちよくなりたいですし」%K%P
%LC梨理
%LC梨理
「けど、いまの反応の早さ……ぷっ、くすっ歃n　センセって、かなりおっぱい好きなんですね？」%K%P
「けど、いまの反応の早さ……ぷっ、くすっ歃n　センセって、かなりおっぱい好きなんですね？」%K%P
%LC陽菜
%LC陽菜
「あっ……うぐっ、ううぅっ……」%K%P
「あっ……うぐっ、ううぅっ……」%K%P
梨理ちゃんに指摘されて自分の発言を思い返し、\nまさにその通りだったので、顔が熱くなった。%K%P
梨理ちゃんに指摘されて自分の発言を思い返し、\nまさにその通りだったので、顔が熱くなった。%K%P
しゃぶらせてもらえるんだって思った途端、\n期待で声を弾ませるとか、我ながら恥ずかしすぎる。%K%P
しゃぶらせてもらえるんだって思った途端、\n期待で声を弾ませるとか、我ながら恥ずかしすぎる。%K%P
%LC梨理
%LC梨理
「さっ、センセ。お口あけてください。\n　出来れば、舌をべーっと伸ばして」%K%P
「さっ、センセ。お口あけてください。\n　出来れば、舌をべーっと伸ばして」%K%P
%LC陽菜
%LC陽菜
「う、うんっ……ん、あぁーっ……」%K%P
「う、うんっ……ん、あぁーっ……」%K%P
目の前のおっぱいの誘惑に抗えず、\n言われるまま、口を開いて舌を伸ばす。%K%P
目の前のおっぱいの誘惑に抗えず、\n言われるまま、口を開いて舌を伸ばす。%K%P
と、梨理ちゃんは焦らすようにゆっくりと、\nオレの口元に、おっぱいを近寄せて。%K%P
と、梨理ちゃんは焦らすようにゆっくりと、\nオレの口元に、おっぱいを近寄せて。%K%P
%LC梨理
%LC梨理
「はい、どうぞ氈v%K%P
「はい、どうぞ氈v%K%P
%LC陽菜
%LC陽菜
「あーむっ……ちゅっ、ちゅぷぷ、んむっ」%K%P
「あーむっ……ちゅっ、ちゅぷぷ、んむっ」%K%P
%LC梨理
%LC梨理
「んきゅっ……くっ、はあっ歃n　うあっ、あっ……はんっ、んっ、はあっ氈v%K%P
「んきゅっ……くっ、はあっ歃n　うあっ、あっ……はんっ、んっ、はあっ氈v%K%P
%LC梨理
%LC梨理
「あんっ、センセの舌、すごい……ああっ、\n　ぬるぬるの、ぷにぷにで、気持ちいいっ……氈v%K%P
「あんっ、センセの舌、すごい……ああっ、\n　ぬるぬるの、ぷにぷにで、気持ちいいっ……氈v%K%P
擦り寄るようにおっぱいに顔をうずめ、\n彼女の乳首に吸いつく。%K%P
擦り寄るようにおっぱいに顔をうずめ、\n彼女の乳首に吸いつく。%K%P
ぷっくりと膨らんでいる可愛い乳首は、\n微かに甘い匂いと、汗のしょっぱい味がして。%K%P
ぷっくりと膨らんでいる可愛い乳首は、\n微かに甘い匂いと、汗のしょっぱい味がして。%K%P
口に含んで飴玉のように転がすと、\nそれはさらに膨らみ、口の中でぷるぷる震えた。%K%P
口に含んで飴玉のように転がすと、\nそれはさらに膨らみ、口の中でぷるぷる震えた。%K%P
%LC梨理
%LC梨理
「ふふっ……氈@ちゅーちゅーするセンセ、\n　赤ちゃんみたいで可愛い……氈v%K%P
「ふふっ……氈@ちゅーちゅーするセンセ、\n　赤ちゃんみたいで可愛い……氈v%K%P
%LC梨理
%LC梨理
「年下のおっぱいにこんなに甘えちゃうとか……、\n　センセってばホント、変態さんでちゅねー？」%K%P
「年下のおっぱいにこんなに甘えちゃうとか……、\n　センセってばホント、変態さんでちゅねー？」%K%P
楽しげに笑った梨理ちゃんは、\nさらに強くおっぱいを押し当ててくる。%K%P
楽しげに笑った梨理ちゃんは、\nさらに強くおっぱいを押し当ててくる。%K%P
ぷっくり乳首はさらに強張って、\n舌でつつくと、確かな弾力を見せつけてきた。%K%P
ぷっくり乳首はさらに強張って、\n舌でつつくと、確かな弾力を見せつけてきた。%K%P
%LC梨理
%LC梨理
「はふっ、ぐっ……はぁ、はあっ、あっ、\n　んんっ……やっ、はっ、あっ……あんっ氈v%K%P
「はふっ、ぐっ……はぁ、はあっ、あっ、\n　んんっ……やっ、はっ、あっ……あんっ氈v%K%P
%LC梨理
%LC梨理
「んぅはあっ……なっ、なんか、センセ、\n　乳首舐め、すっごく上手なんですけどっ……」%K%P
「んぅはあっ……なっ、なんか、センセ、\n　乳首舐め、すっごく上手なんですけどっ……」%K%P
%LC梨理
%LC梨理
「まさか、実はホントにモテモテで、\n　こういう経験、あったりするんじゃっ……」%K%P
「まさか、実はホントにモテモテで、\n　こういう経験、あったりするんじゃっ……」%K%P
%LC陽菜
%LC陽菜
「んくっ、ちゅっ……だからそれは……れろっ、\n　昨日きっぱり、否定したでしょ？　ちゅっ」%K%P
「んくっ、ちゅっ……だからそれは……れろっ、\n　昨日きっぱり、否定したでしょ？　ちゅっ」%K%P
%LC陽菜
%LC陽菜
「私が上手だって感じるのなら、それは、\n　梨理ちゃん自身が上手いってことだから」%K%P
「私が上手だって感じるのなら、それは、\n　梨理ちゃん自身が上手いってことだから」%K%P
%LC陽菜
%LC陽菜
「私は梨理ちゃんの舐め方を思い出して、\n　それを参考に、舐めてるんだし……ちゅっ」%K%P
「私は梨理ちゃんの舐め方を思い出して、\n　それを参考に、舐めてるんだし……ちゅっ」%K%P
%LC梨理
%LC梨理
「あっ……ん、そうなんですね……。\n　私って、こんなふうに舐めてたんだ……氈v%K%P
「あっ……ん、そうなんですね……。\n　私って、こんなふうに舐めてたんだ……氈v%K%P
オレの回答に納得した梨理ちゃんは、\nあらためて、自分の胸元に視線を向ける。%K%P
オレの回答に納得した梨理ちゃんは、\nあらためて、自分の胸元に視線を向ける。%K%P
そこには、大好きな女の子のおっぱいを、\n夢中になってしゃぶっているオレがいた。%K%P
そこには、大好きな女の子のおっぱいを、\n夢中になってしゃぶっているオレがいた。%K%P
%LC陽菜
%LC陽菜
「んむっ……れろ、ちゅっ、あむっ、んむむっ。\n　ちゅぷちゅぷ、れろっ、ちゅむむむぅ氈v%K%P
「んむっ……れろ、ちゅっ、あむっ、んむむっ。\n　ちゅぷちゅぷ、れろっ、ちゅむむむぅ氈v%K%P
%LC梨理
%LC梨理
「ひぐっ……！　はっ、ああっ歃n　センセの舌、ぺろぺろ、すごいっ……氈v%K%P
「ひぐっ……！　はっ、ああっ歃n　センセの舌、ぺろぺろ、すごいっ……氈v%K%P
%LC梨理
%LC梨理
「センセ、それ、もっとしてくださいっ……歃n　私の乳首、もっと、ちゅーちゅー……はあっ氈v%K%P
「センセ、それ、もっとしてくださいっ……歃n　私の乳首、もっと、ちゅーちゅー……はあっ氈v%K%P
%LC梨理
%LC梨理
「私も、センセの乳首、もっと、もぉっと、\n　こすこす、くりくり……しこしこ、しこっ氈v%K%P
「私も、センセの乳首、もっと、もぉっと、\n　こすこす、くりくり……しこしこ、しこっ氈v%K%P
%LC陽菜
%LC陽菜
「んいッ……？！　ひぐっ、はっ……やぅっ、\n　ぐっ……んむっ、ちゅっ、れろっ、ちゅぷぷっ」%K%P
「んいッ……？！　ひぐっ、はっ……やぅっ、\n　ぐっ……んむっ、ちゅっ、れろっ、ちゅぷぷっ」%K%P
興奮した梨理ちゃんの指が、\nオレの乳首を激しくこねまわす。%K%P
興奮した梨理ちゃんの指が、\nオレの乳首を激しくこねまわす。%K%P
一見、乱暴にも見える愛撫だけど、\nその実、指の動きはかなり計算されていた。%K%P
一見、乱暴にも見える愛撫だけど、\nその実、指の動きはかなり計算されていた。%K%P
とくに、乳頭を指でつまんで扱く動きは、\n手コキならぬ指こきって感じで、相当な快感だ。%K%P
とくに、乳頭を指でつまんで扱く動きは、\n手コキならぬ指こきって感じで、相当な快感だ。%K%P
%LC陽菜
%LC陽菜
「んっ……はあっ、んむっ……ぐっ、はあっ、\n　梨理ちゃん、もう少し、加減してっ……？」%K%P
「んっ……はあっ、んむっ……ぐっ、はあっ、\n　梨理ちゃん、もう少し、加減してっ……？」%K%P
%LC陽菜
%LC陽菜
「でないと、私、これっ……ぐっ、はあっ」%K%P
「でないと、私、これっ……ぐっ、はあっ」%K%P
%LC梨理
%LC梨理
「わかりました。なら、乳首は、\n　これぐらいで許してあげます」%K%P
「わかりました。なら、乳首は、\n　これぐらいで許してあげます」%K%P
%LC梨理
%LC梨理
「そのかわり……当初の予定通り、\n　こちらを美味しくいただくのでっ……氈v%K%P
「そのかわり……当初の予定通り、\n　こちらを美味しくいただくのでっ……氈v%K%P
%LC陽菜
%LC陽菜
「あっ……？！　ぐっ、んんんッ」%K%P
「あっ……？！　ぐっ、んんんッ」%K%P
艶っぽい囁きに身構えようとしたけど、\n一瞬遅くて、腰が跳ねる。%K%P
艶っぽい囁きに身構えようとしたけど、\n一瞬遅くて、腰が跳ねる。%K%P
%LC梨理
%LC梨理
「わはっ……氈@おっぱいに夢中になってる間に、\n　おち○ぽ、すっかりおっきくなってますよ？」%K%P
「わはっ……氈@おっぱいに夢中になってる間に、\n　おち○ぽ、すっかりおっきくなってますよ？」%K%P
%LC梨理
%LC梨理
「もしかしたら、昨日より大きいかも……。\n　いまにもフィエルテから飛び出ちゃいそう……氈v%K%P
「もしかしたら、昨日より大きいかも……。\n　いまにもフィエルテから飛び出ちゃいそう……氈v%K%P
%LC陽菜
%LC陽菜
「わっ、わわっ……こんなにっ……」%K%P
「わっ、わわっ……こんなにっ……」%K%P
梨理ちゃんの声に視線を向ければ、\n股間がいろんな意味でヤバいことに。%K%P
梨理ちゃんの声に視線を向ければ、\n股間がいろんな意味でヤバいことに。%K%P
これまでも前屈みになる程度のピンチはあったけど、\nそれでも、フィエルテ着用中は守ってきた男の秘密。%K%P
これまでも前屈みになる程度のピンチはあったけど、\nそれでも、フィエルテ着用中は守ってきた男の秘密。%K%P
それが今、梨理ちゃんの足裏を押しのけそうなほど、\nはっきり視認できるぐらい、大きくなって――、%K%P
それが今、梨理ちゃんの足裏を押しのけそうなほど、\nはっきり視認できるぐらい、大きくなって――、%K%P
%LC梨理
%LC梨理
「これなら、ちょっと手助けするだけで、\n　フィエルテを押しのけて出てきそうっ……氈v%K%P
「これなら、ちょっと手助けするだけで、\n　フィエルテを押しのけて出てきそうっ……氈v%K%P
%LC梨理
%LC梨理
「んっと……足で、こう、んっ……いしょっ。\n　んで、このまま、いっせーので……えいっ氈v%K%P
「んっと……足で、こう、んっ……いしょっ。\n　んで、このまま、いっせーので……えいっ氈v%K%P
――ぼろんっ滲%K%P
――ぼろんっ滲%K%P
%LC陽菜
%LC陽菜
「あッ、あああッ……」%K%P
「あッ、あああッ……」%K%P
%LC梨理
%LC梨理
「にひひっ氈@でーちゃった、でーちゃったっ歃n　セーンセーの、おーち○ぽっ氈v%K%P
「にひひっ氈@でーちゃった、でーちゃったっ歃n　セーンセーの、おーち○ぽっ氈v%K%P
にこにこ口ずさむ梨理ちゃんの足によって、\nついに息子が白日の下に晒されてしまった。%K%P
にこにこ口ずさむ梨理ちゃんの足によって、\nついに息子が白日の下に晒されてしまった。%K%P
しかも、こんなに立派な状態で。%K%P
しかも、こんなに立派な状態で。%K%P
%LC梨理
%LC梨理
「センセ？　{舞闘:カデンツァ}ってルール上、\n　クラージュは一人ひとつって決まりなんですよ？」%K%P
「センセ？　{舞闘:カデンツァ}ってルール上、\n　クラージュは一人ひとつって決まりなんですよ？」%K%P
%LC梨理
%LC梨理
「なのに、こんな立派なクラージュを、\n　こっそり隠し持ってるだなんて――」%K%P
「なのに、こんな立派なクラージュを、\n　こっそり隠し持ってるだなんて――」%K%P
%LC梨理
%LC梨理
「いーけないんだ氈@いっけないんだっ歃n　セーンセーの……えっち、えっち、えっちっ氈v%K%P
「いーけないんだ氈@いっけないんだっ歃n　セーンセーの……えっち、えっち、えっちっ氈v%K%P
%LC梨理
%LC梨理
「センセのえっちな反則クラージュは、\n　私がどぴゅっとお仕置きしてあげますっ……氈v%K%P
「センセのえっちな反則クラージュは、\n　私がどぴゅっとお仕置きしてあげますっ……氈v%K%P
%LC陽菜
%LC陽菜
「やっ、ちょっ、だめ……はぐッ、んううッ」%K%P
「やっ、ちょっ、だめ……はぐッ、んううッ」%K%P
すっかりノリノリな梨理ちゃんは、\n両足の裏を使ってペニスを狙っていく。%K%P
すっかりノリノリな梨理ちゃんは、\n両足の裏を使ってペニスを狙っていく。%K%P
小さな足のつま先から、かかとまでを利用して、\n彼女はペニスをぎゅっと挟み込んだ。%K%P
小さな足のつま先から、かかとまでを利用して、\n彼女はペニスをぎゅっと挟み込んだ。%K%P
%LC梨理
%LC梨理
「足の間で、ち○ぽがびくって……ふふっ、\n　なんだかクレーンゲームみたいです氈v%K%P
「足の間で、ち○ぽがびくって……ふふっ、\n　なんだかクレーンゲームみたいです氈v%K%P
%LC梨理
%LC梨理
「とはいえ、ここには景品出口ないので。\n　このまま……ぎゅっ、ぎゅっ、こす、こす氈v%K%P
「とはいえ、ここには景品出口ないので。\n　このまま……ぎゅっ、ぎゅっ、こす、こす氈v%K%P
%LC陽菜
%LC陽菜
「ふあっ、やうっ？！　ま、待って梨理ちゃん、\n　それだめ、足はだめだってばっ」%K%P
「ふあっ、やうっ？！　ま、待って梨理ちゃん、\n　それだめ、足はだめだってばっ」%K%P
%LC梨理
%LC梨理
「だめって言ってもダメですよ？　センセ。\n　私、ひぃひぃ言わせるつもりなんですから」%K%P
「だめって言ってもダメですよ？　センセ。\n　私、ひぃひぃ言わせるつもりなんですから」%K%P
%LC梨理
%LC梨理
「いっぱい感じて、たっぷり出せるように。\n　指も使って……なでなで、にぎにぎっ氈v%K%P
「いっぱい感じて、たっぷり出せるように。\n　指も使って……なでなで、にぎにぎっ氈v%K%P
%LC陽菜
%LC陽菜
「うそっ、カリんとこに……ぐっ、んあッ」%K%P
「うそっ、カリんとこに……ぐっ、んあッ」%K%P
%LC梨理
%LC梨理
「びっくりさせたくて黙ってましたけど。\n　私って足の指、けっこう器用なんです」%K%P
「びっくりさせたくて黙ってましたけど。\n　私って足の指、けっこう器用なんです」%K%P
%LC梨理
%LC梨理
「こすったり、つまんだり、なでたり……。\n　そのぐらいなら、余裕で出来ちゃうので」%K%P
「こすったり、つまんだり、なでたり……。\n　そのぐらいなら、余裕で出来ちゃうので」%K%P
%LC梨理
%LC梨理
「だから、センセのおち○ぽを射精させるのも、\n　足だけで充分、可能なわけで……にひひっ氈v%K%P
「だから、センセのおち○ぽを射精させるのも、\n　足だけで充分、可能なわけで……にひひっ氈v%K%P
%LC陽菜
%LC陽菜
「ぐっ……なら、せめて一矢をっ……！\n　あーむぅッ……！」%K%P
「ぐっ……なら、せめて一矢をっ……！\n　あーむぅッ……！」%K%P
%LC梨理
%LC梨理
「んみゃあうっ氈v%K%P
「んみゃあうっ氈v%K%P
めいっぱい梨理ちゃんの乳首に吸いつくと、\n小柄な体躯がびくっとのけぞった。%K%P
めいっぱい梨理ちゃんの乳首に吸いつくと、\n小柄な体躯がびくっとのけぞった。%K%P
背後から抱きつかれて身動きがとれない今、\nせめてもの抵抗が、梨理ちゃんの乳首を攻めること。%K%P
背後から抱きつかれて身動きがとれない今、\nせめてもの抵抗が、梨理ちゃんの乳首を攻めること。%K%P
この程度で梨理ちゃんが止まるとは思えないけど、\n自ら口を塞ぐことで、声が出ちゃうのも防げる。%K%P
この程度で梨理ちゃんが止まるとは思えないけど、\n自ら口を塞ぐことで、声が出ちゃうのも防げる。%K%P
さっきから梨理ちゃんの攻めでちょくちょく\n喘いじゃって、恥ずかしいったらないし――、%K%P
さっきから梨理ちゃんの攻めでちょくちょく\n喘いじゃって、恥ずかしいったらないし――、%K%P
%LC梨理
%LC梨理
「おっぱいをしゃぶって対抗してやるっ……！\n　――なぁんて考えなら、甘いですよ？　センセ」%K%P
「おっぱいをしゃぶって対抗してやるっ……！\n　――なぁんて考えなら、甘いですよ？　センセ」%K%P
%LC陽菜
%LC陽菜
「……え？」%K%P
「……え？」%K%P
%LC梨理
%LC梨理
「センセは片方の乳首しか攻められませんけど。\n　私はおち○ぽと同時に、乳首も攻められますから」%K%P
「センセは片方の乳首しか攻められませんけど。\n　私はおち○ぽと同時に、乳首も攻められますから」%K%P
……あ、終わった。%K%P
……あ、終わった。%K%P
%LC梨理
%LC梨理
「乳首と、おち○ぽと――２点同時攻めで、\n　たっくさんよがってください、センセっ氈v%K%P
「乳首と、おち○ぽと――２点同時攻めで、\n　たっくさんよがってください、センセっ氈v%K%P
%LC陽菜
%LC陽菜
「やっ、あっ、ああっ、ま、待って梨理ちゃん、\n　ほんと、まっ……ああっ氈@くっ、はぁあッ氈v%K%P
「やっ、あっ、ああっ、ま、待って梨理ちゃん、\n　ほんと、まっ……ああっ氈@くっ、はぁあッ氈v%K%P
%LC陽菜
%LC陽菜
「んぐっ……はあっ、はあっ……あっ、やあっ歃n　だめ、それらめにゃあうぁあああっ氈v%K%P
「んぐっ……はあっ、はあっ……あっ、やあっ歃n　だめ、それらめにゃあうぁあああっ氈v%K%P
%LC梨理
%LC梨理
「にひひっ氈@昨日お風呂場で、センセの乳首を\n　ぺろぺろしといて、ホントに良かったです」%K%P
「にひひっ氈@昨日お風呂場で、センセの乳首を\n　ぺろぺろしといて、ホントに良かったです」%K%P
%LC梨理
%LC梨理
「あれがあったおかげで、こんなに可愛いセンセを\n　堪能できるわけで……ぐぅりっ氈@ぐぅりっ氈v%K%P
「あれがあったおかげで、こんなに可愛いセンセを\n　堪能できるわけで……ぐぅりっ氈@ぐぅりっ氈v%K%P
%LC陽菜
%LC陽菜
「やっ、だめ、ぐりぐりしちゃっ……はあっ、\n　両方、いっぺん、ぐりぐり、らめぇっ」%K%P
「やっ、だめ、ぐりぐりしちゃっ……はあっ、\n　両方、いっぺん、ぐりぐり、らめぇっ」%K%P
梨理ちゃんの指が、乳首を優しく潰す。%K%P
梨理ちゃんの指が、乳首を優しく潰す。%K%P
自分の指でやっても大した刺激にならなさそうなのに、\n梨理ちゃんの手にかかると、凄まじく気持ち良い。%K%P
自分の指でやっても大した刺激にならなさそうなのに、\n梨理ちゃんの手にかかると、凄まじく気持ち良い。%K%P
その気持ち良さは、全身を波打つように伝い、\n天井を指すように勃起しているペニスに流れこむ。%K%P
その気持ち良さは、全身を波打つように伝い、\n天井を指すように勃起しているペニスに流れこむ。%K%P
その快感ときたら、昨日の手コキの比じゃなくて。%K%P
その快感ときたら、昨日の手コキの比じゃなくて。%K%P
%LC陽菜
%LC陽菜
「はあっ、はあっ、梨理ちゃん、お願いっ。\n　足、もっと、動かしてっ……？」%K%P
「はあっ、はあっ、梨理ちゃん、お願いっ。\n　足、もっと、動かしてっ……？」%K%P
%LC陽菜
%LC陽菜
「でないと、頭も、ち○ぽも、\n　切なくって、おかしくなりそうっ……」%K%P
「でないと、頭も、ち○ぽも、\n　切なくって、おかしくなりそうっ……」%K%P
%LC梨理
%LC梨理
「んぅぅ……氈@もう、センセのほうから、\n　そんなおねだりをしてきちゃうなんてっ……」%K%P
「んぅぅ……氈@もう、センセのほうから、\n　そんなおねだりをしてきちゃうなんてっ……」%K%P
%LC梨理
%LC梨理
「ひぃひぃ言わせることはできなくとも、\n　いまのおねだりで、大満足ですっ……氈v%K%P
「ひぃひぃ言わせることはできなくとも、\n　いまのおねだりで、大満足ですっ……氈v%K%P
%LC陽菜
%LC陽菜
「それじゃあっ……」%K%P
「それじゃあっ……」%K%P
%LC梨理
%LC梨理
「はいっ氈@両足でめいっぱい、おち○ぽシコるので。\n　思いっきり、イッちゃってぇ……くださいっ氈v%K%P
「はいっ氈@両足でめいっぱい、おち○ぽシコるので。\n　思いっきり、イッちゃってぇ……くださいっ氈v%K%P
%LC陽菜
%LC陽菜
「ふあッ氈@くっ、ああああっ氈v%K%P
「ふあッ氈@くっ、ああああっ氈v%K%P
梨理ちゃんの足がペニスを撫でまわし、\n梨理ちゃんの手が乳首を撫でまわす。%K%P
梨理ちゃんの足がペニスを撫でまわし、\n梨理ちゃんの手が乳首を撫でまわす。%K%P
しがみつくように抱きついた梨理ちゃんによって、\nオレは完全に、骨抜きにされて。%K%P
しがみつくように抱きついた梨理ちゃんによって、\nオレは完全に、骨抜きにされて。%K%P
足腰が立たないかわりに、\nち○ぽが痛いぐらい勃ちあがって。%K%P
足腰が立たないかわりに、\nち○ぽが痛いぐらい勃ちあがって。%K%P
そこに熱い快感が、ぐんぐん集まって――、%K%P
そこに熱い快感が、ぐんぐん集まって――、%K%P
%LC梨理
%LC梨理
「センセ、いっぱい出してくださいっ。\n　私のフィエルテが真っ白になるぐらいっ氈v%K%P
「センセ、いっぱい出してくださいっ。\n　私のフィエルテが真っ白になるぐらいっ氈v%K%P
%LC梨理
%LC梨理
「いま私が纏いたいのは、鎧じゃなく、\n　センセのアツアツおち○ぽミルクなので氈v%K%P
「いま私が纏いたいのは、鎧じゃなく、\n　センセのアツアツおち○ぽミルクなので氈v%K%P
%LC陽菜
%LC陽菜
「はふっ……ぐっ、あ、いくっ、いぐぅっ……！\n　梨理ちゃんっ、出るっ……ああぁああっ！」%K%P
「はふっ……ぐっ、あ、いくっ、いぐぅっ……！\n　梨理ちゃんっ、出るっ……ああぁああっ！」%K%P
%LC陽菜
%LC陽菜
「んぐッ……くっ、はあっ、ああぁぁ……。\n　せーし、いっぱい……はふっ、ふぅ、はぁ……」%K%P
「んぐッ……くっ、はあっ、ああぁぁ……。\n　せーし、いっぱい……はふっ、ふぅ、はぁ……」%K%P
%LC梨理
%LC梨理
「はいっ氈@ほんと、いっぱいっ……歃n　センセのフィエルテ、真っ白です……氈v%K%P
「はいっ氈@ほんと、いっぱいっ……歃n　センセのフィエルテ、真っ白です……氈v%K%P
くすっと笑った梨理ちゃんの言う通り、\n精子のほとんどは、オレのフィエルテに飛び散った。%K%P
くすっと笑った梨理ちゃんの言う通り、\n精子のほとんどは、オレのフィエルテに飛び散った。%K%P
とはいえ、それは当然の結果だ。%K%P
とはいえ、それは当然の結果だ。%K%P
梨理ちゃんは小柄な上、オレの後ろから、\n抱きつくようにしてしがみついていたんだから。%K%P
梨理ちゃんは小柄な上、オレの後ろから、\n抱きつくようにしてしがみついていたんだから。%K%P
梨理ちゃんだって、それは気付いているはずで。%K%P
梨理ちゃんだって、それは気付いているはずで。%K%P
だけど、少し拗ねた瞳で、こっちをじっと見る。%K%P
だけど、少し拗ねた瞳で、こっちをじっと見る。%K%P
%LC梨理
%LC梨理
「……センセのいじわる。\n　私、ぶっかけてっておねだりしたのに」%K%P
「……センセのいじわる。\n　私、ぶっかけてっておねだりしたのに」%K%P
%LC陽菜
%LC陽菜
「それは、だって……梨理ちゃんが、\n　オレの後ろに隠れちゃってるからで――」%K%P
「それは、だって……梨理ちゃんが、\n　オレの後ろに隠れちゃってるからで――」%K%P
%LC梨理
%LC梨理
「言い訳は、おま○この中でお願いしますっ」%K%P
「言い訳は、おま○この中でお願いしますっ」%K%P
%LC陽菜
%LC陽菜
「ひゃぎゅ？！　あぐ、んやぁあっ」%K%P
「ひゃぎゅ？！　あぐ、んやぁあっ」%K%P
拗ねた梨理ちゃんの両足が、\nペニスをぎゅぎゅっと押さえ込む。%K%P
拗ねた梨理ちゃんの両足が、\nペニスをぎゅぎゅっと押さえ込む。%K%P
圧がかかった状態でしごかれた亀頭からは、\n尿道に残っていた精子が、じわっと染み出した。%K%P
圧がかかった状態でしごかれた亀頭からは、\n尿道に残っていた精子が、じわっと染み出した。%K%P
%LC梨理
%LC梨理
「ふふっ、やっぱりまだ残ってる……歃n　これならもっかいイケますよね？　センセ氈v%K%P
「ふふっ、やっぱりまだ残ってる……歃n　これならもっかいイケますよね？　センセ氈v%K%P
もっかいイケると言ってもらえたものの、\n射精直後のオレは、気怠さで半ばノックダウン。%K%P
もっかいイケると言ってもらえたものの、\n射精直後のオレは、気怠さで半ばノックダウン。%K%P
梨理ちゃんも梨理ちゃんで、\nトレーニングの疲労がまだまだ残っていて。%K%P
梨理ちゃんも梨理ちゃんで、\nトレーニングの疲労がまだまだ残っていて。%K%P
ふたり揃って起き上がれないまま、\nエッチしやすい体勢を探し求めた結果――、%K%P
ふたり揃って起き上がれないまま、\nエッチしやすい体勢を探し求めた結果――、%K%P
%LC梨理
%LC梨理
「やはっ氈@センセのおち○ぽ、きたぁ……氈v%K%P
「やはっ氈@センセのおち○ぽ、きたぁ……氈v%K%P
さっきと逆に、オレが後ろからしがみつくと、\n梨理ちゃんが嬉々として声を漏らす。%K%P
さっきと逆に、オレが後ろからしがみつくと、\n梨理ちゃんが嬉々として声を漏らす。%K%P
倦怠感など物ともしないガチガチなペニスは、\n梨理ちゃんの割れ目の感触で、さらに硬さを増した。%K%P
倦怠感など物ともしないガチガチなペニスは、\n梨理ちゃんの割れ目の感触で、さらに硬さを増した。%K%P
%LC陽菜
%LC陽菜
「こうして後ろからぎゅってすると、\n　いつもより梨理ちゃんの匂いがするかも……」%K%P
「こうして後ろからぎゅってすると、\n　いつもより梨理ちゃんの匂いがするかも……」%K%P
%LC梨理
%LC梨理
「後ろから抱きつくほうが、\n　髪の量が多いからじゃないですか？」%K%P
「後ろから抱きつくほうが、\n　髪の量が多いからじゃないですか？」%K%P
%LC梨理
%LC梨理
「前にクレール様が私をハグしながら、\n　そんなようなことを言ってた気がします」%K%P
「前にクレール様が私をハグしながら、\n　そんなようなことを言ってた気がします」%K%P
%LC陽菜
%LC陽菜
「なるほど。……ん、確かに。\n　とくに、うなじのあたりが――」%K%P
「なるほど。……ん、確かに。\n　とくに、うなじのあたりが――」%K%P
%LC梨理
%LC梨理
「んみぃっ滲氈v%K%P
「んみぃっ滲氈v%K%P
うなじに鼻先をすり寄せたら、\n梨理ちゃんが聞いたことのない声を漏らした。%K%P
うなじに鼻先をすり寄せたら、\n梨理ちゃんが聞いたことのない声を漏らした。%K%P
漏らした、というか……鳴いた？%K%P
漏らした、というか……鳴いた？%K%P
%LC陽菜
%LC陽菜
「ひょっとして……うなじ、弱い？」%K%P
「ひょっとして……うなじ、弱い？」%K%P
%LC梨理
%LC梨理
「そっ、ソンなコトないデスけど」%K%P
「そっ、ソンなコトないデスけど」%K%P
%LC陽菜
%LC陽菜
「弱いんだ？」%K%P
「弱いんだ？」%K%P
%LC梨理
%LC梨理
「うぐっ……別に弱くないです。人並みです」%K%P
「うぐっ……別に弱くないです。人並みです」%K%P
%LC梨理
%LC梨理
「……人並みに、弱いだけですし」%K%P
「……人並みに、弱いだけですし」%K%P
%LC陽菜
%LC陽菜
「ふふっ、そうだね。\n　うなじが弱い人、多いって言うし」%K%P
「ふふっ、そうだね。\n　うなじが弱い人、多いって言うし」%K%P
%LC梨理
%LC梨理
「はぅ……迂闊でした。\n　うなじが弱いことを忘れて、こんな体勢を――」%K%P
「はぅ……迂闊でした。\n　うなじが弱いことを忘れて、こんな体勢を――」%K%P
%LC陽菜
%LC陽菜
「ぺろっ」%K%P
「ぺろっ」%K%P
%LC梨理
%LC梨理
「んみゃあっ氈@ちょっ、やだセンセっ、\n　弱いって言ったばっかなのにっ……」%K%P
「んみゃあっ氈@ちょっ、やだセンセっ、\n　弱いって言ったばっかなのにっ……」%K%P
%LC陽菜
%LC陽菜
「わ、すごい……。ちょっと舐めただけで、\n　アソコが、さらに熱く……」%K%P
「わ、すごい……。ちょっと舐めただけで、\n　アソコが、さらに熱く……」%K%P
もともと彼女の割れ目は火照っていたけど、\n軽くうなじを舐めたら、一気に熱を帯びた。%K%P
もともと彼女の割れ目は火照っていたけど、\n軽くうなじを舐めたら、一気に熱を帯びた。%K%P
湿り気も増した感じがするし、\nうなじを舐められただけで濡れちゃったっぽい。%K%P
湿り気も増した感じがするし、\nうなじを舐められただけで濡れちゃったっぽい。%K%P
%LC梨理
%LC梨理
「センセ、お願いですから、うなじ、\n　ホントにあんま舐めないでください」%K%P
「センセ、お願いですから、うなじ、\n　ホントにあんま舐めないでください」%K%P
%LC梨理
%LC梨理
「すぐ、ぞくってして、お尻の穴、\n　きゅぅぅぅーってなっちゃうのでっ……」%K%P
「すぐ、ぞくってして、お尻の穴、\n　きゅぅぅぅーってなっちゃうのでっ……」%K%P
%LC陽菜
%LC陽菜
「お尻の穴……」%K%P
「お尻の穴……」%K%P
%LC梨理
%LC梨理
「あっ……や、えと、お尻の穴というか、\n　穴の近くというかっ……」%K%P
「あっ……や、えと、お尻の穴というか、\n　穴の近くというかっ……」%K%P
%LC陽菜
%LC陽菜
「べつに言い直さなくても……。\n　そういうの、私にもあるし」%K%P
「べつに言い直さなくても……。\n　そういうの、私にもあるし」%K%P
%LC梨理
%LC梨理
「センセにも？」%K%P
「センセにも？」%K%P
%LC陽菜
%LC陽菜
「うん。どこかは言わないけど」%K%P
「うん。どこかは言わないけど」%K%P
%LC梨理
%LC梨理
「うわ、ズルい」%K%P
「うわ、ズルい」%K%P
%LC陽菜
%LC陽菜
「見つける楽しみがあったほうがいいでしょ？」%K%P
「見つける楽しみがあったほうがいいでしょ？」%K%P
%LC陽菜
%LC陽菜
「実際、さっき梨理ちゃんのうなじを舐めたとき、\n　すっごくドキドキしたから」%K%P
「実際、さっき梨理ちゃんのうなじを舐めたとき、\n　すっごくドキドキしたから」%K%P
%LC梨理
%LC梨理
「なら、いつか探させてくれるんですよね？\n　もちろん、時間無制限で」%K%P
「なら、いつか探させてくれるんですよね？\n　もちろん、時間無制限で」%K%P
%LC陽菜
%LC陽菜
「考えておくね」%K%P
「考えておくね」%K%P
%LC梨理
%LC梨理
「むぅー……。ほら、やっぱズルい」%K%P
「むぅー……。ほら、やっぱズルい」%K%P
この体勢だと梨理ちゃんの表情はわからないけど、\n拗ねる彼女の声は、とてもリラックスしていた。%K%P
この体勢だと梨理ちゃんの表情はわからないけど、\n拗ねる彼女の声は、とてもリラックスしていた。%K%P
声も口調も、力みが抜けていて、\n初対面の頃に感じた緊張感のようなものがない。%K%P
声も口調も、力みが抜けていて、\n初対面の頃に感じた緊張感のようなものがない。%K%P
っと、そうだ。声や口調といえば――、%K%P
っと、そうだ。声や口調といえば――、%K%P
%LC陽菜
%LC陽菜
「梨理ちゃん、今日はどうして敬語なの？」%K%P
「梨理ちゃん、今日はどうして敬語なの？」%K%P
%LC梨理
%LC梨理
「……？　どうしてって、どうしてです？」%K%P
「……？　どうしてって、どうしてです？」%K%P
%LC陽菜
%LC陽菜
「日向と話す時って、普通だったでしょ？\n　昨日エッチしてるときも、口調は砕けてたし」%K%P
「日向と話す時って、普通だったでしょ？\n　昨日エッチしてるときも、口調は砕けてたし」%K%P
%LC梨理
%LC梨理
「それは……日向は日向、としか……。\n　センセと学内で話す時は、ずっとこれなので、\n　癖になってるんじゃないかと」%K%P
「それは……日向は日向、としか……。\n　センセと学内で話す時は、ずっとこれなので、\n　癖になってるんじゃないかと」%K%P
%LC梨理
%LC梨理
「そもそも、昨日のお風呂場のセンセ、裸でしたし。\n　そうなると、日向とセンセの違いって、\n　ウィッグの有無ぐらいしかないので」%K%P
「そもそも、昨日のお風呂場のセンセ、裸でしたし。\n　そうなると、日向とセンセの違いって、\n　ウィッグの有無ぐらいしかないので」%K%P
%LC梨理
%LC梨理
「それもあって、昨日はあんな感じに……」%K%P
「それもあって、昨日はあんな感じに……」%K%P
%LC陽菜
%LC陽菜
「なるほど……」%K%P
「なるほど……」%K%P
梨理ちゃんが日向と陽菜を見分ける……というか、\n認識するときのポイントって、\n服装と場所が要素として大きいってことかも。%K%P
梨理ちゃんが日向と陽菜を見分ける……というか、\n認識するときのポイントって、\n服装と場所が要素として大きいってことかも。%K%P
いまはトレーニングルームでフィエルテ姿だから、\n梨理ちゃんの意識として、オレは陽菜であって。%K%P
いまはトレーニングルームでフィエルテ姿だから、\n梨理ちゃんの意識として、オレは陽菜であって。%K%P
陽菜は指南役補佐代理だから、\n先生に対する接し方をしよう――みたいな。%K%P
陽菜は指南役補佐代理だから、\n先生に対する接し方をしよう――みたいな。%K%P
%LC梨理
%LC梨理
「けど、なんで急にそんなこと聞いたんです？」%K%P
「けど、なんで急にそんなこと聞いたんです？」%K%P
%LC陽菜
%LC陽菜
「夕べのお風呂では砕けてた口調が、\n　今朝は元に戻っちゃってたから」%K%P
「夕べのお風呂では砕けてた口調が、\n　今朝は元に戻っちゃってたから」%K%P
%LC陽菜
%LC陽菜
「それで、どうして戻ったのか、気になって」%K%P
「それで、どうして戻ったのか、気になって」%K%P
%LC梨理
%LC梨理
「あっ……んと……」%K%P
「あっ……んと……」%K%P
%LC梨理
%LC梨理
「……日向と話すときみたいな感じのほうが、\n　センセ、好き？　話しやすい？」%K%P
「……日向と話すときみたいな感じのほうが、\n　センセ、好き？　話しやすい？」%K%P
%LC陽菜
%LC陽菜
「安心して、そういうんじゃないから」%K%P
「安心して、そういうんじゃないから」%K%P
声がちょっと不安そうな感じだったので、\nそれを拭うためにも、しっかりと言い切る。%K%P
声がちょっと不安そうな感じだったので、\nそれを拭うためにも、しっかりと言い切る。%K%P
%LC陽菜
%LC陽菜
「もし理由があるなら、\n　それを知りたいなって思っただけ」%K%P
「もし理由があるなら、\n　それを知りたいなって思っただけ」%K%P
%LC陽菜
%LC陽菜
「ほら、私も日向と陽菜で、\n　口調というか、話し方を変えてるでしょ？」%K%P
「ほら、私も日向と陽菜で、\n　口調というか、話し方を変えてるでしょ？」%K%P
%LC陽菜
%LC陽菜
「それもあって、梨理ちゃんが口調を変える、\n　理由というかポイントが気になったんだと思う」%K%P
「それもあって、梨理ちゃんが口調を変える、\n　理由というかポイントが気になったんだと思う」%K%P
%LC梨理
%LC梨理
「あ、そっか……。センセの場合、\n　意識的に使い分けないといけないですもんね」%K%P
「あ、そっか……。センセの場合、\n　意識的に使い分けないといけないですもんね」%K%P
%LC梨理
%LC梨理
「いまの自分が、男なのか、女なのかで」%K%P
「いまの自分が、男なのか、女なのかで」%K%P
%LC陽菜
%LC陽菜
「女装してるか否か、ね？\n　いまの言い方じゃ性別変えられることになるし」%K%P
「女装してるか否か、ね？\n　いまの言い方じゃ性別変えられることになるし」%K%P
%LC梨理
%LC梨理
「ふふっ、ですね。こんなに立派なおち○ぽがあって、\n　それで女の子だとしたら大変ですし……氈v%K%P
「ふふっ、ですね。こんなに立派なおち○ぽがあって、\n　それで女の子だとしたら大変ですし……氈v%K%P
%LC陽菜
%LC陽菜
「んッ……やっ、んぅッ……」%K%P
「んッ……やっ、んぅッ……」%K%P
梨理ちゃんが軽くお尻を揺すってきたので、\n膣口と竿が擦れて、ちょっと声が出てしまう。%K%P
梨理ちゃんが軽くお尻を揺すってきたので、\n膣口と竿が擦れて、ちょっと声が出てしまう。%K%P
%LC梨理
%LC梨理
「こうしてお話しするのも楽しいですけど……。\n　いつまで私を焦らすつもりですか？」%K%P
「こうしてお話しするのも楽しいですけど……。\n　いつまで私を焦らすつもりですか？」%K%P
%LC陽菜
%LC陽菜
「焦らしてるつもりはなかったんだけど……。\n　でも、そうだね。私も我慢、限界かも」%K%P
「焦らしてるつもりはなかったんだけど……。\n　でも、そうだね。私も我慢、限界かも」%K%P
梨理ちゃんが刺激を与えてくれたことで、\nペニスのほうから、挿入したいとせがんできた。%K%P
梨理ちゃんが刺激を与えてくれたことで、\nペニスのほうから、挿入したいとせがんできた。%K%P
時間はまだあるけど、着替えやシャワーのことも\n考えると、悠長にしているわけにもいかないし。%K%P
時間はまだあるけど、着替えやシャワーのことも\n考えると、悠長にしているわけにもいかないし。%K%P
%LC陽菜
%LC陽菜
「梨理ちゃん、挿れるね」%K%P
「梨理ちゃん、挿れるね」%K%P
%LC梨理
%LC梨理
「んっ……氈v%K%P
「んっ……氈v%K%P
こくっと頷いた梨理ちゃんが、\nさらにお尻を寄せてくれる。%K%P
こくっと頷いた梨理ちゃんが、\nさらにお尻を寄せてくれる。%K%P
そんな彼女を抱き寄せながら、\n腰を突き出す感じで、亀頭を、ぐぐっと。%K%P
そんな彼女を抱き寄せながら、\n腰を突き出す感じで、亀頭を、ぐぐっと。%K%P
%LC梨理
%LC梨理
「くはッ……氈@あぁ、あっ、あああっ……氈v%K%P
「くはッ……氈@あぁ、あっ、あああっ……氈v%K%P
%LC陽菜
%LC陽菜
「んぅ、はぁ……今日も梨理ちゃんの膣内、\n　すっごくあったかい……」%K%P
「んぅ、はぁ……今日も梨理ちゃんの膣内、\n　すっごくあったかい……」%K%P
入り口がちょっとキツい感じで、でも、\nそこを通り抜けると、あとはぬるっと一気に入る。%K%P
入り口がちょっとキツい感じで、でも、\nそこを通り抜けると、あとはぬるっと一気に入る。%K%P
梨理ちゃんの秘所は体躯と同じく、\nとっても狭くて、ちっちゃくて。%K%P
梨理ちゃんの秘所は体躯と同じく、\nとっても狭くて、ちっちゃくて。%K%P
ぎゅうぎゅう締めつけてくる感じが、\nいかにも負けず嫌いな彼女っぽくて愛しい。%K%P
ぎゅうぎゅう締めつけてくる感じが、\nいかにも負けず嫌いな彼女っぽくて愛しい。%K%P
%LC梨理
%LC梨理
「んぅうっ、はぁッ……くっ、んんっ歃n　あふっ……あっ、はぁはぁ……はっ、ああっ」%K%P
「んぅうっ、はぁッ……くっ、んんっ歃n　あふっ……あっ、はぁはぁ……はっ、ああっ」%K%P
%LC梨理
%LC梨理
「んっ……はあっ、なんか、今日のおち○ぽ\n　昨日よりも、優しい感じがしますっ……氈v%K%P
「んっ……はあっ、なんか、今日のおち○ぽ\n　昨日よりも、優しい感じがしますっ……氈v%K%P
%LC陽菜
%LC陽菜
「それはだって……昨日、初めてだったし。\n　いろんなことありすぎて、余裕もなくて」%K%P
「それはだって……昨日、初めてだったし。\n　いろんなことありすぎて、余裕もなくて」%K%P
%LC梨理
%LC梨理
「それは私だって同じだし、\n　気持ちはわかりますけど……」%K%P
「それは私だって同じだし、\n　気持ちはわかりますけど……」%K%P
%LC梨理
%LC梨理
「じゃあ……いま余裕があるのって、\n　今日エッチするかもって考えてたからですか？」%K%P
「じゃあ……いま余裕があるのって、\n　今日エッチするかもって考えてたからですか？」%K%P
%LC梨理
%LC梨理
「心の準備、完了してたってことですよね？」%K%P
「心の準備、完了してたってことですよね？」%K%P
%LC陽菜
%LC陽菜
「それは……」%K%P
「それは……」%K%P
%LC梨理
%LC梨理
「それは？」%K%P
「それは？」%K%P
%LC陽菜
%LC陽菜
「……うん。正直言うと、考えてたよ」%K%P
「……うん。正直言うと、考えてたよ」%K%P
%LC陽菜
%LC陽菜
「今朝、梨理ちゃんより早く起きて、\n　隣で寝てる梨理ちゃんの寝顔を見たときも――」%K%P
「今朝、梨理ちゃんより早く起きて、\n　隣で寝てる梨理ちゃんの寝顔を見たときも――」%K%P
%LC陽菜
%LC陽菜
「オレ、この子とエッチしたんだ……って、\n　そんなふうに思ってたし」%K%P
「オレ、この子とエッチしたんだ……って、\n　そんなふうに思ってたし」%K%P
%LC梨理
%LC梨理
「ッ……ん、もうっ、なに人の寝顔見て、\n　変なこと考えてんですかっ」%K%P
「ッ……ん、もうっ、なに人の寝顔見て、\n　変なこと考えてんですかっ」%K%P
%LC陽菜
%LC陽菜
「そっちが先に聞いたんだよ？\n　エッチのことを意識したかどうかって」%K%P
「そっちが先に聞いたんだよ？\n　エッチのことを意識したかどうかって」%K%P
%LC梨理
%LC梨理
「だっ、だとしても、寝顔で想像とか、\n　そんなのは想定してないわけでっ……」%K%P
「だっ、だとしても、寝顔で想像とか、\n　そんなのは想定してないわけでっ……」%K%P
%LC陽菜
%LC陽菜
「仕掛けるときはカウンターも想定しないと。\n　剣術とおんなじっ……！」%K%P
「仕掛けるときはカウンターも想定しないと。\n　剣術とおんなじっ……！」%K%P
%LC梨理
%LC梨理
「んあっ氈@やっ、急に、おくっ……んんッ、\n　はあっ、あっ……おち○ぽ、ズルいっ……氈v%K%P
「んあっ氈@やっ、急に、おくっ……んんッ、\n　はあっ、あっ……おち○ぽ、ズルいっ……氈v%K%P
すり寄せた腰をぐっと突き出せば、\n梨理ちゃんがぶるぶるっと身悶える。%K%P
すり寄せた腰をぐっと突き出せば、\n梨理ちゃんがぶるぶるっと身悶える。%K%P
肩も腰も、お尻も内股も、膣内までもが\nいっぺんに震えて、オレまで一緒に震えてしまう。%K%P
肩も腰も、お尻も内股も、膣内までもが\nいっぺんに震えて、オレまで一緒に震えてしまう。%K%P
%LC梨理
%LC梨理
「あぁあっ、んうっ……もぅ、いきなりおち○ぽ、\n　ずんっ氈@って……はぁ、やっ、んやうッ氈v%K%P
「あぁあっ、んうっ……もぅ、いきなりおち○ぽ、\n　ずんっ氈@って……はぁ、やっ、んやうッ氈v%K%P
%LC陽菜
%LC陽菜
「油断は禁物ってこと。仕掛けるときは、\n　先読みを、しっかり、しないとねっ……？」%K%P
「油断は禁物ってこと。仕掛けるときは、\n　先読みを、しっかり、しないとねっ……？」%K%P
%LC梨理
%LC梨理
「にゃうっ氈@んもうっ、エッチのときまで、\n　センセっぽいこと言ってっ……やっ、はあっ」%K%P
「にゃうっ氈@んもうっ、エッチのときまで、\n　センセっぽいこと言ってっ……やっ、はあっ」%K%P
%LC陽菜
%LC陽菜
「んっ……ちょっとぐらいはいいでしょ？\n　ここ、トレーニングルームなんだからっ……」%K%P
「んっ……ちょっとぐらいはいいでしょ？\n　ここ、トレーニングルームなんだからっ……」%K%P
%LC梨理
%LC梨理
「学園内で教え子とエッチしといて、\n　センセぶるとか、ヤバいんですけどっ……」%K%P
「学園内で教え子とエッチしといて、\n　センセぶるとか、ヤバいんですけどっ……」%K%P
%LC陽菜
%LC陽菜
「そのヤバいセンセを籠絡するとか言って、\n　乳首を開発してきたのはどこのだれっ……！」%K%P
「そのヤバいセンセを籠絡するとか言って、\n　乳首を開発してきたのはどこのだれっ……！」%K%P
%LC梨理
%LC梨理
「にゃあうっ氈@やっ、じゅぽって……あんっ歃n　センセ、急に、ズルひっ……はっ、ああっ」%K%P
「にゃあうっ氈@やっ、じゅぽって……あんっ歃n　センセ、急に、ズルひっ……はっ、ああっ」%K%P
あらためてさっきのお返しをすると、\n梨理ちゃんの声が一際甘くなった。%K%P
あらためてさっきのお返しをすると、\n梨理ちゃんの声が一際甘くなった。%K%P
お互いに消耗してるから、全力を振り絞っても、\nピストン運動が激しさを増していくことはない。%K%P
お互いに消耗してるから、全力を振り絞っても、\nピストン運動が激しさを増していくことはない。%K%P
だからこそ、思い切って挿抜を繰り返して、\nふたり一緒に、どんどん気持ちよくなれた。%K%P
だからこそ、思い切って挿抜を繰り返して、\nふたり一緒に、どんどん気持ちよくなれた。%K%P
%LC梨理
%LC梨理
「はあっ、んっ……でも、よく考えると、\n　私たち、いけないことしてますよねっ……」%K%P
「はあっ、んっ……でも、よく考えると、\n　私たち、いけないことしてますよねっ……」%K%P
%LC梨理
%LC梨理
「普段、みんながトレーニングしてる場所で、\n　こんなふうにエッチしちゃうとかっ……」%K%P
「普段、みんながトレーニングしてる場所で、\n　こんなふうにエッチしちゃうとかっ……」%K%P
%LC陽菜
%LC陽菜
「ほんと、梨理ちゃんってえっちだよね」%K%P
「ほんと、梨理ちゃんってえっちだよね」%K%P
%LC梨理
%LC梨理
「なっ、なんで私だけっ」%K%P
「なっ、なんで私だけっ」%K%P
%LC陽菜
%LC陽菜
「昨日も今日も、私は襲われた側だから。\n　そうでしょ？　えっちな梨理ちゃん？」%K%P
「昨日も今日も、私は襲われた側だから。\n　そうでしょ？　えっちな梨理ちゃん？」%K%P
%LC梨理
%LC梨理
「んッ……そもそもセンセがおち○ぽを\n　おっきくしちゃうのがいけないんですっ」%K%P
「んッ……そもそもセンセがおち○ぽを\n　おっきくしちゃうのがいけないんですっ」%K%P
%LC陽菜
%LC陽菜
「オレのち○ぽが勃起しちゃうのは、\n　梨理ちゃんが可愛すぎるせいだけどね」%K%P
「オレのち○ぽが勃起しちゃうのは、\n　梨理ちゃんが可愛すぎるせいだけどね」%K%P
%LC梨理
%LC梨理
「ッッ……！　な、な、なななっ……」%K%P
「ッッ……！　な、な、なななっ……」%K%P
%LC陽菜
%LC陽菜
「ふふっ、ほら可愛い。\n　大好きだよ、梨理ちゃん。……ちゅっ」%K%P
「ふふっ、ほら可愛い。\n　大好きだよ、梨理ちゃん。……ちゅっ」%K%P
%LC梨理
%LC梨理
「んみゃうっ氈@もう、うなじ、だめって……やっ、\n　はあっ、ああっ、ちょっ、そこっ……あぁんっ氈v%K%P
「んみゃうっ氈@もう、うなじ、だめって……やっ、\n　はあっ、ああっ、ちょっ、そこっ……あぁんっ氈v%K%P
後ろから抱きしめていると顔が見えないせいか、\n大胆なことも、思った以上に素直に言えて。%K%P
後ろから抱きしめていると顔が見えないせいか、\n大胆なことも、思った以上に素直に言えて。%K%P
翻弄されて慌てる梨理ちゃんが可愛いから、\nちょっといじめたくなってしまう。%K%P
翻弄されて慌てる梨理ちゃんが可愛いから、\nちょっといじめたくなってしまう。%K%P
美実様が梨理ちゃんをからかっちゃう気持ちを、\nこんな形で理解しちゃう日がくるなんて。%K%P
美実様が梨理ちゃんをからかっちゃう気持ちを、\nこんな形で理解しちゃう日がくるなんて。%K%P
%LC梨理
%LC梨理
「んっ、はっ……やっ、うなじ、らめっ、\n　しょこっ……はふっ、あっ、はあ、ああっ氈v%K%P
「んっ、はっ……やっ、うなじ、らめっ、\n　しょこっ……はふっ、あっ、はあ、ああっ氈v%K%P
%LC梨理
%LC梨理
「んッ、はあっ、センセ、私、もうっ……んっ、\n　イッちゃう、だめっ、イクッ、ああっ」%K%P
「んッ、はあっ、センセ、私、もうっ……んっ、\n　イッちゃう、だめっ、イクッ、ああっ」%K%P
%LC陽菜
%LC陽菜
「んっ……私も、そろそろかもっ……。\n　腰、勝手に動いて、とまんないっ……」%K%P
「んっ……私も、そろそろかもっ……。\n　腰、勝手に動いて、とまんないっ……」%K%P
自分の意志で挿抜を始めたペニスは、\n今はもう、なにも考えなくても勝手に動いていて。%K%P
自分の意志で挿抜を始めたペニスは、\n今はもう、なにも考えなくても勝手に動いていて。%K%P
メトロノームみたいにカクカク動いちゃう腰が、\nどんどんテンポアップしていく。%K%P
メトロノームみたいにカクカク動いちゃう腰が、\nどんどんテンポアップしていく。%K%P
%LC梨理
%LC梨理
「あっ、ああっ氈@センセのおち○ぽ、\n　膣内で、どんどん、おっきくっ……んあうッ」%K%P
「あっ、ああっ氈@センセのおち○ぽ、\n　膣内で、どんどん、おっきくっ……んあうッ」%K%P
%LC梨理
%LC梨理
「はあっ、はあっ……このままだと、おま○こ、\n　センセのおち○ぽで、パンパンにぃっ……氈v%K%P
「はあっ、はあっ……このままだと、おま○こ、\n　センセのおち○ぽで、パンパンにぃっ……氈v%K%P
%LC陽菜
%LC陽菜
「梨理ちゃんのおま○こ、キツキツだから、\n　ほんとにそうなっちゃうかもっ……」%K%P
「梨理ちゃんのおま○こ、キツキツだから、\n　ほんとにそうなっちゃうかもっ……」%K%P
%LC梨理
%LC梨理
「んっ……なら、ホントにしてくださいっ歃n　センセのち○ぽで、膣内、パンパンにっ……氈v%K%P
「んっ……なら、ホントにしてくださいっ歃n　センセのち○ぽで、膣内、パンパンにっ……氈v%K%P
%LC梨理
%LC梨理
「膣内にいっぱい出して、おま○こも子宮も、\n　センセの精子でパンパンにぃ……くっ、ああッ氈v%K%P
「膣内にいっぱい出して、おま○こも子宮も、\n　センセの精子でパンパンにぃ……くっ、ああッ氈v%K%P
%LC陽菜
%LC陽菜
「うんっ。いいよ、任せてっ……！」%K%P
「うんっ。いいよ、任せてっ……！」%K%P
しがみついた体勢のメリットを最大限活かして、\n彼女をぐいっと引き寄せる。%K%P
しがみついた体勢のメリットを最大限活かして、\n彼女をぐいっと引き寄せる。%K%P
ちっちゃなお尻がひしゃげちゃうぐらい、\nめいっぱいの力で、ペニスを奥まで押し込んで。%K%P
ちっちゃなお尻がひしゃげちゃうぐらい、\nめいっぱいの力で、ペニスを奥まで押し込んで。%K%P
彼女の子宮口を犯すぐらいの意気込みで、\nひたすら奥を、ついて、ついて、ついてッ……！%K%P
彼女の子宮口を犯すぐらいの意気込みで、\nひたすら奥を、ついて、ついて、ついてッ……！%K%P
%LC梨理
%LC梨理
「やぐっ、はっ、んぁあああっ歃n　おち○ぽしゅごひっ、パンパンしてるっ氈v%K%P
「やぐっ、はっ、んぁあああっ歃n　おち○ぽしゅごひっ、パンパンしてるっ氈v%K%P
%LC梨理
%LC梨理
「センセのおち○ぽが、私のおま○こ、\n　ぱんぱん、ぱんぱんっ……やうっ、んぁあッ氈v%K%P
「センセのおち○ぽが、私のおま○こ、\n　ぱんぱん、ぱんぱんっ……やうっ、んぁあッ氈v%K%P
%LC陽菜
%LC陽菜
「ぐッ……イクよっ、梨理ちゃんっ」%K%P
「ぐッ……イクよっ、梨理ちゃんっ」%K%P
%LC梨理
%LC梨理
「んっ、はひっ、いちゅでもっ……歃n　わたしもじゅんび、できてるのでっ……氈v%K%P
「んっ、はひっ、いちゅでもっ……歃n　わたしもじゅんび、できてるのでっ……氈v%K%P
%LC梨理
%LC梨理
「センセのしゃせーにあわせて、おま○こ、\n　いつでも、イケまひゅからっ……氈v%K%P
「センセのしゃせーにあわせて、おま○こ、\n　いつでも、イケまひゅからっ……氈v%K%P
%LC梨理
%LC梨理
「だから、どーぞ、どぴゅっ氈@って、\n　なかいっぱい、出して、くりゃはいっ氈v%K%P
「だから、どーぞ、どぴゅっ氈@って、\n　なかいっぱい、出して、くりゃはいっ氈v%K%P
%LC陽菜
%LC陽菜
「うんっ……膣内、いっぱいッ……！！」%K%P
「うんっ……膣内、いっぱいッ……！！」%K%P
%LC梨理
%LC梨理
「やあっ、あっ、くるっ、くるっ歃n　ち○ぽ、おくっ……はぐっ、あっ、ああああっ氈v%K%P
「やあっ、あっ、くるっ、くるっ歃n　ち○ぽ、おくっ……はぐっ、あっ、ああああっ氈v%K%P
%LC梨理
%LC梨理
「ああっ、いくっ、いぐっ……くっ、はあっ、\n　センセぇっ……センセっ、センセぇぇええッ氈v%K%P
「ああっ、いくっ、いぐっ……くっ、はあっ、\n　センセぇっ……センセっ、センセぇぇええッ氈v%K%P
%LC梨理
%LC梨理
「あふっ、はっ、ああああっ氈@ふあっ、はっ、\n　びゅくって……くっ、んっ、んんッ氈v%K%P
「あふっ、はっ、ああああっ氈@ふあっ、はっ、\n　びゅくって……くっ、んっ、んんッ氈v%K%P
%LC梨理
%LC梨理
「せーし、びゅくって……あッ、あッ、ああッ歃n　すごい、これ、すごっ……くっ、はあっ氈v%K%P
「せーし、びゅくって……あッ、あッ、ああッ歃n　すごい、これ、すごっ……くっ、はあっ氈v%K%P
射精の瞬間、オレも梨理ちゃんも、\nあまりの気持ち良さに動けなくなってしまう。%K%P
射精の瞬間、オレも梨理ちゃんも、\nあまりの気持ち良さに動けなくなってしまう。%K%P
時が止まったみたいに固まってしまうけど、\n梨理ちゃんの膣内だけは、目まぐるしく変化して。%K%P
時が止まったみたいに固まってしまうけど、\n梨理ちゃんの膣内だけは、目まぐるしく変化して。%K%P
噴き出した大量の精子は、\n梨理ちゃんの身も心も、パンパンにしていった。%K%P
噴き出した大量の精子は、\n梨理ちゃんの身も心も、パンパンにしていった。%K%P
%LC梨理
%LC梨理
「はふっ、はあっ……んっ、ふぅっ……歃n　お腹のなか、すっごく、あつい……氈v%K%P
「はふっ、はあっ……んっ、ふぅっ……歃n　お腹のなか、すっごく、あつい……氈v%K%P
%LC梨理
%LC梨理
「いまなら私、おへその上で、\n　お茶が沸かせちゃうかもしれません……氈v%K%P
「いまなら私、おへその上で、\n　お茶が沸かせちゃうかもしれません……氈v%K%P
%LC陽菜
%LC陽菜
「うんっ……ほんと、熱くて、あったかい」%K%P
「うんっ……ほんと、熱くて、あったかい」%K%P
%LC梨理
%LC梨理
「はいっ……氈v%K%P
「はいっ……氈v%K%P
満ち足りた声で梨理ちゃんが頷くと、\n彼女の割れ目から、精子が染み出した。%K%P
満ち足りた声で梨理ちゃんが頷くと、\n彼女の割れ目から、精子が染み出した。%K%P
熱くてあったかい――矛盾してるとは思うけど、\nそれがエッチを終えた、素直な感想だった。%K%P
熱くてあったかい――矛盾してるとは思うけど、\nそれがエッチを終えた、素直な感想だった。%K%P
頭はのぼせたみたいにくらくらだし、\n全身は汗まみれで、呼吸もすごく乱れて。%K%P
頭はのぼせたみたいにくらくらだし、\n全身は汗まみれで、呼吸もすごく乱れて。%K%P
どんなに激しいトレーニングをしても、\nこうはならないってぐらい、くたくたで――、%K%P
どんなに激しいトレーニングをしても、\nこうはならないってぐらい、くたくたで――、%K%P
昨日、初エッチのあとで意識が飛んだのは、\nお風呂場という場所の影響だと思っていたけれど。%K%P
昨日、初エッチのあとで意識が飛んだのは、\nお風呂場という場所の影響だと思っていたけれど。%K%P
一番の要因は、梨理ちゃんとするエッチが、\nとにかくひたすら気持ち良いってことみたいだ。%K%P
一番の要因は、梨理ちゃんとするエッチが、\nとにかくひたすら気持ち良いってことみたいだ。%K%P
いつまでも彼女とくっついていたかったけど、\nそういうわけにもいかず、どうにか起き上がる。%K%P
いつまでも彼女とくっついていたかったけど、\nそういうわけにもいかず、どうにか起き上がる。%K%P
簡単に身なりを整えて\nずれていたフィエルテを、元に戻した。%K%P
簡単に身なりを整えて\nずれていたフィエルテを、元に戻した。%K%P
%LC梨理
%LC梨理
「シャワー浴びるのは、当然として。\n　これ、フィエルテもお洗濯しないとですね」%K%P
「シャワー浴びるのは、当然として。\n　これ、フィエルテもお洗濯しないとですね」%K%P
%LC梨理
%LC梨理
「でないと、センセのえっちな匂いが染みついて、\n　フィエルテ着るだけで発情しちゃいそうです」%K%P
「でないと、センセのえっちな匂いが染みついて、\n　フィエルテ着るだけで発情しちゃいそうです」%K%P
%LC陽菜
%LC陽菜
「それ、ちょっと手遅れな気も……」%K%P
「それ、ちょっと手遅れな気も……」%K%P
%LC梨理
%LC梨理
「どうしてです？」%K%P
「どうしてです？」%K%P
%LC陽菜
%LC陽菜
「これからは梨理ちゃんのフィエルテ姿を見るたび、\n　今日のエッチを思い出しちゃうだろうから」%K%P
「これからは梨理ちゃんのフィエルテ姿を見るたび、\n　今日のエッチを思い出しちゃうだろうから」%K%P
汚れや匂いは洗い流せるけど、\n人の記憶はそう簡単にクリーニングできない。%K%P
汚れや匂いは洗い流せるけど、\n人の記憶はそう簡単にクリーニングできない。%K%P
まして、こんなに鮮烈な体験ならなおさらだ。%K%P
まして、こんなに鮮烈な体験ならなおさらだ。%K%P
%LC梨理
%LC梨理
「なら、{舞闘:カデンツァ}のトレーニングと一緒に、\n　勃起を我慢する鍛錬もしないとですね」%K%P
「なら、{舞闘:カデンツァ}のトレーニングと一緒に、\n　勃起を我慢する鍛錬もしないとですね」%K%P
%LC梨理
%LC梨理
「銀蘭祭のステージで、センセのクラージュが\n　アン・ガルドしちゃったら大変ですし」%K%P
「銀蘭祭のステージで、センセのクラージュが\n　アン・ガルドしちゃったら大変ですし」%K%P
%LC陽菜
%LC陽菜
「その表現、ひょっとして気に入ってる？」%K%P
「その表現、ひょっとして気に入ってる？」%K%P
%LC梨理
%LC梨理
「万が一誰かに聞かれても、これなら平気ですし」%K%P
「万が一誰かに聞かれても、これなら平気ですし」%K%P
なんて、梨理ちゃんはくすっと笑う。%K%P
なんて、梨理ちゃんはくすっと笑う。%K%P
オレも似たような表現を考えたことがあるから、\n案外、思いつきやすい比喩なのかもしれない。%K%P
オレも似たような表現を考えたことがあるから、\n案外、思いつきやすい比喩なのかもしれない。%K%P
%LC陽菜
%LC陽菜
「けど、練習時はともかく、本番は大丈夫だよ」%K%P
「けど、練習時はともかく、本番は大丈夫だよ」%K%P
%LC陽菜
%LC陽菜
「大きな舞台に立つときは、\n　エッチなこと考えている余裕なんてないし」%K%P
「大きな舞台に立つときは、\n　エッチなこと考えている余裕なんてないし」%K%P
%LC陽菜
%LC陽菜
「それに、私のフィエルテには、\n　股間を隠してくれる前垂れもついてるから」%K%P
「それに、私のフィエルテには、\n　股間を隠してくれる前垂れもついてるから」%K%P
%LC梨理
%LC梨理
「ああ……。その、かえってえっちなヒラヒラ」%K%P
「ああ……。その、かえってえっちなヒラヒラ」%K%P
%LC陽菜
%LC陽菜
「…………え？」%K%P
「…………え？」%K%P
%LC梨理
%LC梨理
「人って動いてる物を目で追うじゃないですか。\n　だから、センセのそれって気になるんです」%K%P
「人って動いてる物を目で追うじゃないですか。\n　だから、センセのそれって気になるんです」%K%P
%LC梨理
%LC梨理
「実際、私はずっと気になってましたし」%K%P
「実際、私はずっと気になってましたし」%K%P
%LC梨理
%LC梨理
「本人が気付いてないだけで、センセの股間、\n　みんな注目していると思いますよ？」%K%P
「本人が気付いてないだけで、センセの股間、\n　みんな注目していると思いますよ？」%K%P
%LC陽菜
%LC陽菜
「まっじで……」%K%P
「まっじで……」%K%P
%LC梨理
%LC梨理
「まっじで」%K%P
「まっじで」%K%P
からかうふうでもなく、普通に頷く梨理ちゃん。%K%P
からかうふうでもなく、普通に頷く梨理ちゃん。%K%P
ということはつまり、ガチでそうだってことで。%K%P
ということはつまり、ガチでそうだってことで。%K%P
%LC陽菜
%LC陽菜
「うぅ、知らなかった、そんなの……」%K%P
「うぅ、知らなかった、そんなの……」%K%P
この前垂れは、ニナさんの優しさで\n出来ていると思っていたのに……。%K%P
この前垂れは、ニナさんの優しさで\n出来ていると思っていたのに……。%K%P
%LC陽菜
%LC陽菜
「じゃあ、いっそ前垂れを外せば……。\n　いやでも、それはさすがに……」%K%P
「じゃあ、いっそ前垂れを外せば……。\n　いやでも、それはさすがに……」%K%P
いまさら股間部分のデザインをみんなと同じにしたら、\nかえって注意を集めてしまうだろうし。%K%P
いまさら股間部分のデザインをみんなと同じにしたら、\nかえって注意を集めてしまうだろうし。%K%P
%LC梨理
%LC梨理
「みんなのフィエルテにも前垂れがつけば、\n　標準装備ってことで目立たないんでしょうけど」%K%P
「みんなのフィエルテにも前垂れがつけば、\n　標準装備ってことで目立たないんでしょうけど」%K%P
%LC梨理
%LC梨理
「正直、この格好ってややエロなので。\n　個人的にセンセのひらひらは羨ましいです」%K%P
「正直、この格好ってややエロなので。\n　個人的にセンセのひらひらは羨ましいです」%K%P
%LC陽菜
%LC陽菜
「梨理ちゃんはフィエルテのこと、\n　えっちなデザインだって思うんだ？」%K%P
「梨理ちゃんはフィエルテのこと、\n　えっちなデザインだって思うんだ？」%K%P
%LC梨理
%LC梨理
「入学したばかりの頃はすごく思ってました。\n　今はかなり慣れちゃいましたけど」%K%P
「入学したばかりの頃はすごく思ってました。\n　今はかなり慣れちゃいましたけど」%K%P
%LC梨理
%LC梨理
「テアトルで一度アン・ガルドしちゃうと、\n　すごいってなって、気にならなくなりますし」%K%P
「テアトルで一度アン・ガルドしちゃうと、\n　すごいってなって、気にならなくなりますし」%K%P
わかる。めっちゃわかる。%K%P
わかる。めっちゃわかる。%K%P
%LC梨理
%LC梨理
「けど、センセはフィエルテ平気なんですよね？」%K%P
「けど、センセはフィエルテ平気なんですよね？」%K%P
%LC陽菜
%LC陽菜
「え？」%K%P
「え？」%K%P
%LC梨理
%LC梨理
「だって、わざわざ他の子たちよりも、\n　えっちなフィエルテを着てるわけですし」%K%P
「だって、わざわざ他の子たちよりも、\n　えっちなフィエルテを着てるわけですし」%K%P
%LC陽菜
%LC陽菜
「これは私が選んだわけじゃないし、\n　そもそも平気なわけないからっ！」%K%P
「これは私が選んだわけじゃないし、\n　そもそも平気なわけないからっ！」%K%P
%LC陽菜
%LC陽菜
「最初にこれ着せられたとき、\n　めっっっっちゃハズかったんだからねっ！？」%K%P
「最初にこれ着せられたとき、\n　めっっっっちゃハズかったんだからねっ！？」%K%P
%LC陽菜
%LC陽菜
「その上、いきなりテアトルの壇上にあげられて、\n　依夜様と勝負することになっちゃったし……」%K%P
「その上、いきなりテアトルの壇上にあげられて、\n　依夜様と勝負することになっちゃったし……」%K%P
%LC梨理
%LC梨理
「でも……センセはそこで、勝ったんですもんね。\n　初めての{舞闘:カデンツァ}で、依夜様に」%K%P
「でも……センセはそこで、勝ったんですもんね。\n　初めての{舞闘:カデンツァ}で、依夜様に」%K%P
%LC梨理
%LC梨理
「私が倒すはずだった、{最優秀騎士:ブリランテ}に」%K%P
「私が倒すはずだった、{最優秀騎士:ブリランテ}に」%K%P
%LC陽菜
%LC陽菜
「……梨理ちゃん……」%K%P
「……梨理ちゃん……」%K%P
不意に漏れた呟きは神妙で、\n思わず、彼女の名前を口にしてしまう。%K%P
不意に漏れた呟きは神妙で、\n思わず、彼女の名前を口にしてしまう。%K%P
%LC梨理
%LC梨理
「いまだから言えますけど。私、センセのこと、\n　初めはあんまり好きじゃなかったです」%K%P
「いまだから言えますけど。私、センセのこと、\n　初めはあんまり好きじゃなかったです」%K%P
%LC梨理
%LC梨理
「いきなりぽっと現れて、誰も勝てなかった、\n　お姉ちゃんでさえ勝てなかった{最優秀騎士:ブリランテ}を、\n　あんなにあっさりと打ち破って――」%K%P
「いきなりぽっと現れて、誰も勝てなかった、\n　お姉ちゃんでさえ勝てなかった{最優秀騎士:ブリランテ}を、\n　あんなにあっさりと打ち破って――」%K%P
%LC梨理
%LC梨理
「しかも、学生しつつ指南役補佐代理って、\n　そんなのチートすぎるじゃないですか」%K%P
「しかも、学生しつつ指南役補佐代理って、\n　そんなのチートすぎるじゃないですか」%K%P
%LC梨理
%LC梨理
「だから、センセの第一印象、最悪でした。\n　なにコイツ、ぐらいには思ってました」%K%P
「だから、センセの第一印象、最悪でした。\n　なにコイツ、ぐらいには思ってました」%K%P
%LC陽菜
%LC陽菜
「……うん。そうじゃないかな、とは思ってたよ。\n　妙に敵視されてる感じがあったから」%K%P
「……うん。そうじゃないかな、とは思ってたよ。\n　妙に敵視されてる感じがあったから」%K%P
他の子たちが揃ってオレを歓待していた分、\nなおのこと、異質さを感じ取ったんだろうと思う。%K%P
他の子たちが揃ってオレを歓待していた分、\nなおのこと、異質さを感じ取ったんだろうと思う。%K%P
%LC陽菜
%LC陽菜
「……あっ、それじゃあ、あの頃、\n　私とやたら勝負をしたがったのって――」%K%P
「……あっ、それじゃあ、あの頃、\n　私とやたら勝負をしたがったのって――」%K%P
%LC梨理
%LC梨理
「依夜様に勝ったセンセに勝てるのなら、\n　依夜様本人にも勝てる可能性は高いはず――」%K%P
「依夜様に勝ったセンセに勝てるのなら、\n　依夜様本人にも勝てる可能性は高いはず――」%K%P
%LC梨理
%LC梨理
「ぶっちゃけてしまうと、試金石ですね。\n　自分の実力をセンセで試したかったんです」%K%P
「ぶっちゃけてしまうと、試金石ですね。\n　自分の実力をセンセで試したかったんです」%K%P
%LC梨理
%LC梨理
「まあ、結局はセンセにも依夜様にも、\n　まるで歯がたたなかったですけど」%K%P
「まあ、結局はセンセにも依夜様にも、\n　まるで歯がたたなかったですけど」%K%P
%LC陽菜
%LC陽菜
「いまのところは、でしょ？」%K%P
「いまのところは、でしょ？」%K%P
%LC梨理
%LC梨理
「それはそうかもしれませんけど……。\n　でも、依夜様は今年で卒業ですから」%K%P
「それはそうかもしれませんけど……。\n　でも、依夜様は今年で卒業ですから」%K%P
%LC梨理
%LC梨理
「正式に{舞闘:カデンツァ}で勝負を挑めるのは、\n　今年の銀蘭祭が、最初で最後のチャンスでした」%K%P
「正式に{舞闘:カデンツァ}で勝負を挑めるのは、\n　今年の銀蘭祭が、最初で最後のチャンスでした」%K%P
%LC陽菜
%LC陽菜
「それを逃したくなくて、私とエンゲージしたあと、\n　依夜様と戦わせてって直訴してきた……と」%K%P
「それを逃したくなくて、私とエンゲージしたあと、\n　依夜様と戦わせてって直訴してきた……と」%K%P
%LC梨理
%LC梨理
「はい。センセにコーチしてもらって、\n　悔いのない戦いはできたと思ってます」%K%P
「はい。センセにコーチしてもらって、\n　悔いのない戦いはできたと思ってます」%K%P
%LC梨理
%LC梨理
「練習を楽しむって感覚も、センセがいなければ、\n　忘れてしまったままでしたし……」%K%P
「練習を楽しむって感覚も、センセがいなければ、\n　忘れてしまったままでしたし……」%K%P
%LC梨理
%LC梨理
「だから、あとは……できることなら、\n　お姉ちゃんと勝負して、勝ちたいなって」%K%P
「だから、あとは……できることなら、\n　お姉ちゃんと勝負して、勝ちたいなって」%K%P
%LC陽菜
%LC陽菜
「梨理ちゃんと美実様の真剣勝負か……。\n　姉妹対決ってなったら、盛り上がるだろうね」%K%P
「梨理ちゃんと美実様の真剣勝負か……。\n　姉妹対決ってなったら、盛り上がるだろうね」%K%P
%LC梨理
%LC梨理
「別に、話題を集めたくて戦うわけじゃないので」%K%P
「別に、話題を集めたくて戦うわけじゃないので」%K%P
%LC梨理
%LC梨理
「――なんて、少し前の私なら、\n　つまらなそうに言ったかもしれないですけど」%K%P
「――なんて、少し前の私なら、\n　つまらなそうに言ったかもしれないですけど」%K%P
%LC梨理
%LC梨理
「でも、銀蘭祭って、そもそもお祭りですから。\n　いまはそういうのでも、いいのかなって」%K%P
「でも、銀蘭祭って、そもそもお祭りですから。\n　いまはそういうのでも、いいのかなって」%K%P
%LC陽菜
%LC陽菜
「そっか……。なら、明日から本番まで、\n　今日みたいにひぃひぃ言わせて鍛えないと」%K%P
「そっか……。なら、明日から本番まで、\n　今日みたいにひぃひぃ言わせて鍛えないと」%K%P
%LC梨理
%LC梨理
「え」%K%P
「え」%K%P
%LC陽菜
%LC陽菜
「美実様に勝ちたいんでしょ？\n　全力でサポートするよ」%K%P
「美実様に勝ちたいんでしょ？\n　全力でサポートするよ」%K%P
%LC梨理
%LC梨理
「それはもちろん、お姉ちゃんには勝ちたいですし、\n　センセの応援も心強いですけど……」%K%P
「それはもちろん、お姉ちゃんには勝ちたいですし、\n　センセの応援も心強いですけど……」%K%P
%LC梨理
%LC梨理
「でも……それ以外も、したいというか……」%K%P
「でも……それ以外も、したいというか……」%K%P
%LC陽菜
%LC陽菜
「それ以外？」%K%P
「それ以外？」%K%P
%LC梨理
%LC梨理
「……センセと、もっと、エッチとか」%K%P
「……センセと、もっと、エッチとか」%K%P
%LC陽菜
%LC陽菜
「ん……」%K%P
「ん……」%K%P
%LC梨理
%LC梨理
「……くすっ氈@センセ、やっぱ可愛いです」%K%P
「……くすっ氈@センセ、やっぱ可愛いです」%K%P
読めすぎた展開だったけど、\n実際に言われると、照れるもので。%K%P
読めすぎた展開だったけど、\n実際に言われると、照れるもので。%K%P
思わず息を呑むオレを見て、\n梨理ちゃんは楽しそうに微笑んだ。%K%P
思わず息を呑むオレを見て、\n梨理ちゃんは楽しそうに微笑んだ。%K%P
