梨理ちゃんといっぱいエッチしたおかげか、\n金曜の夜は、ぐっすりと眠れて――。%K%P
梨理ちゃんといっぱいエッチしたおかげか、\n金曜の夜は、ぐっすりと眠れて――。%K%P
そしてやってきた、銀蘭祭初日。%K%P
そしてやってきた、銀蘭祭初日。%K%P
本日のメインイベントは、午後に開催される\n{連弾:デュオ}{舞闘:カデンツァ}の決勝戦。%K%P
本日のメインイベントは、午後に開催される\n{連弾:デュオ}{舞闘:カデンツァ}の決勝戦。%K%P
オレと梨理ちゃんはそれに出場するわけだけど、\nそれ以外はとくに予定がない。%K%P
オレと梨理ちゃんはそれに出場するわけだけど、\nそれ以外はとくに予定がない。%K%P
そこで、決勝戦が始まるまで、\nふたりで銀蘭祭を見て回ることにした。%K%P
そこで、決勝戦が始まるまで、\nふたりで銀蘭祭を見て回ることにした。%K%P
%LC陽菜
%LC陽菜
「いまのクラスの展示、可愛かったね。\n　手作りのぬいぐるみとか、いろいろあって」%K%P
「いまのクラスの展示、可愛かったね。\n　手作りのぬいぐるみとか、いろいろあって」%K%P
%LC梨理
%LC梨理
「まさかこんなところでヒーナの編みぐるみが\n　見られるとは思いませんでした」%K%P
「まさかこんなところでヒーナの編みぐるみが\n　見られるとは思いませんでした」%K%P
%LC陽菜
%LC陽菜
「欲しそうにしてたよね？　じーっと見て」%K%P
「欲しそうにしてたよね？　じーっと見て」%K%P
%LC梨理
%LC梨理
「あれは作り方の説明を見てたんです。\n　簡単そうなら、自分でも作ってみようって」%K%P
「あれは作り方の説明を見てたんです。\n　簡単そうなら、自分でも作ってみようって」%K%P
%LC陽菜
%LC陽菜
「梨理ちゃん、編み物とかするの？」%K%P
「梨理ちゃん、編み物とかするの？」%K%P
%LC梨理
%LC梨理
「いえ、まったく。\n　……でも、楽しそうだなって」%K%P
「いえ、まったく。\n　……でも、楽しそうだなって」%K%P
%LC陽菜
%LC陽菜
「そっか……。いいよね、楽しそうって気持ち」%K%P
「そっか……。いいよね、楽しそうって気持ち」%K%P
%LC梨理
%LC梨理
「はい」%K%P
「はい」%K%P
%LC陽菜
%LC陽菜
「試合開始まで、あと２時間……。\n　そろそろテアトルに行っておく？」%K%P
「試合開始まで、あと２時間……。\n　そろそろテアトルに行っておく？」%K%P
%LC梨理
%LC梨理
「センセのクラスは見なくていいんです？\n　喫茶店をやるって言ってましたよね？」%K%P
「センセのクラスは見なくていいんです？\n　喫茶店をやるって言ってましたよね？」%K%P
%LC陽菜
%LC陽菜
「そういえば……」%K%P
「そういえば……」%K%P
%LC梨理
%LC梨理
「そういえばって……。\n　自分のクラスですよね？」%K%P
「そういえばって……。\n　自分のクラスですよね？」%K%P
%LC陽菜
%LC陽菜
「杏奈ちゃんが当日までは詳細は内緒だって、\n　箝口令を敷いちゃってたから、忘れてて」%K%P
「杏奈ちゃんが当日までは詳細は内緒だって、\n　箝口令を敷いちゃってたから、忘れてて」%K%P
%LC梨理
%LC梨理
「ハブられたと」%K%P
「ハブられたと」%K%P
%LC陽菜
%LC陽菜
「違います」%K%P
「違います」%K%P
%LC梨理
%LC梨理
「くすっ。でも、箝口令と聞くと、\n　センセが１位になった投票枠を思い出します」%K%P
「くすっ。でも、箝口令と聞くと、\n　センセが１位になった投票枠を思い出します」%K%P
%LC陽菜
%LC陽菜
「ああ……。あのときは本当に、\n　みんなにしてやられて……懐かしい」%K%P
「ああ……。あのときは本当に、\n　みんなにしてやられて……懐かしい」%K%P
そういえばあれも、\n首謀者は杏奈ちゃんだったっけ。%K%P
そういえばあれも、\n首謀者は杏奈ちゃんだったっけ。%K%P
%LC陽菜
%LC陽菜
「じゃあ、最後に私のクラスに寄ってみようか。\n　なにかサービスしてくれるかもよ？」%K%P
「じゃあ、最後に私のクラスに寄ってみようか。\n　なにかサービスしてくれるかもよ？」%K%P
そうして自分のクラスに立ち寄ったら、\n杏奈ちゃん他、みんながオレたちを待ち構えていた。%K%P
そうして自分のクラスに立ち寄ったら、\n杏奈ちゃん他、みんながオレたちを待ち構えていた。%K%P
しかも、決勝戦に出場するオレたちのために、\n特別メニューまで用意しているという歓迎っぷり。%K%P
しかも、決勝戦に出場するオレたちのために、\n特別メニューまで用意しているという歓迎っぷり。%K%P
ちなみに内緒にされていた喫茶店のモチーフは、\nそのものずばり、{騎士道:シュバルリィ}。%K%P
ちなみに内緒にされていた喫茶店のモチーフは、\nそのものずばり、{騎士道:シュバルリィ}。%K%P
杏奈ちゃんを筆頭に、実際に何人かの子が、\n騎士の格好で接客をしてくれて。%K%P
杏奈ちゃんを筆頭に、実際に何人かの子が、\n騎士の格好で接客をしてくれて。%K%P
最後には『ご武運を！』って、\nクラス総出で、オレたちを送り出してくれた。%K%P
最後には『ご武運を！』って、\nクラス総出で、オレたちを送り出してくれた。%K%P
%LC梨理
%LC梨理
「着替え、終わりました」%K%P
「着替え、終わりました」%K%P
%LC陽菜
%LC陽菜
「うん。今日はとくに凜々しい」%K%P
「うん。今日はとくに凜々しい」%K%P
%LC梨理
%LC梨理
「センセもよーく似合ってます」%K%P
「センセもよーく似合ってます」%K%P
%LC陽菜
%LC陽菜
「梨理ちゃんにそう言われると、\n　心中、ちょっと複雑なんだけど」%K%P
「梨理ちゃんにそう言われると、\n　心中、ちょっと複雑なんだけど」%K%P
%LC梨理
%LC梨理
「事実なので諦めてください」%K%P
「事実なので諦めてください」%K%P
そう言った梨理ちゃんは、不意に、真顔になって。%K%P
そう言った梨理ちゃんは、不意に、真顔になって。%K%P
%LC梨理
%LC梨理
「……センセ。短い間ですが、今日まで\n　コーチしてくれて、ありがとうございました」%K%P
「……センセ。短い間ですが、今日まで\n　コーチしてくれて、ありがとうございました」%K%P
%LC梨理
%LC梨理
「お姉ちゃん相手なので自信はないですけど。\n　でも、精一杯やります。……悔いが残らないように」%K%P
「お姉ちゃん相手なので自信はないですけど。\n　でも、精一杯やります。……悔いが残らないように」%K%P
%LC陽菜
%LC陽菜
「梨理ちゃん……」%K%P
「梨理ちゃん……」%K%P
どうしても気負ってしまうようで、\n声も表情も仕草も、全体的に固さが目立つ。%K%P
どうしても気負ってしまうようで、\n声も表情も仕草も、全体的に固さが目立つ。%K%P
気持ちが入るのは悪いことじゃないけど、\n力めばベストなパフォーマンスを発揮できない。%K%P
気持ちが入るのは悪いことじゃないけど、\n力めばベストなパフォーマンスを発揮できない。%K%P
こういうときは、なにか和むようなことを――、%K%P
こういうときは、なにか和むようなことを――、%K%P
%LC美実
%LC美実
「おーおー、殊勝なこと言ってぇ。\n　好きな人の前だと可愛さ３０００倍だねぇ」%K%P
「おーおー、殊勝なこと言ってぇ。\n　好きな人の前だと可愛さ３０００倍だねぇ」%K%P
%LC梨理
%LC梨理
「お姉ちゃん……」%K%P
「お姉ちゃん……」%K%P
%LC美実
%LC美実
「ごきげんよう、ふたりとも。\n　といっても、朝ご飯一緒に食べたけど」%K%P
「ごきげんよう、ふたりとも。\n　といっても、朝ご飯一緒に食べたけど」%K%P
%LC陽菜
%LC陽菜
「今夜も一緒に食べますよ？\n　アリア合宿は明日まであるんですから」%K%P
「今夜も一緒に食べますよ？\n　アリア合宿は明日まであるんですから」%K%P
%LC美実
%LC美実
「だね。夕食を美味しく頂くためにも、\n　今日はいい試合にしようね？　陽菜ちゃん」%K%P
「だね。夕食を美味しく頂くためにも、\n　今日はいい試合にしようね？　陽菜ちゃん」%K%P
%LC陽菜
%LC陽菜
「はい」%K%P
「はい」%K%P
そんなオレと美実様のやりとりを、\n梨理ちゃんは無言のまま、じっと見つめていた。%K%P
そんなオレと美実様のやりとりを、\n梨理ちゃんは無言のまま、じっと見つめていた。%K%P
普段なら会話に入ってくるのに……、\nやっぱり緊張しているみたいだ。%K%P
普段なら会話に入ってくるのに……、\nやっぱり緊張しているみたいだ。%K%P
%LC美実
%LC美実
「ふむ……。ねぇ陽菜ちゃん。\n　せっかくだし、ひとつ賭けをしない？」%K%P
「ふむ……。ねぇ陽菜ちゃん。\n　せっかくだし、ひとつ賭けをしない？」%K%P
%LC陽菜
%LC陽菜
「賭け、ですか？」%K%P
「賭け、ですか？」%K%P
%LC美実
%LC美実
「聞いた話じゃ、深皇学園では{最優秀騎士:ブリランテ}になると、\n　願い事をひとつ叶えてもらえるらしいよ？」%K%P
「聞いた話じゃ、深皇学園では{最優秀騎士:ブリランテ}になると、\n　願い事をひとつ叶えてもらえるらしいよ？」%K%P
%LC美実
%LC美実
「だから、それの真似っこってことで。\n　負けたら勝った方の願いを叶えるってのはどう？」%K%P
「だから、それの真似っこってことで。\n　負けたら勝った方の願いを叶えるってのはどう？」%K%P
%LC陽菜
%LC陽菜
「いいですよ」%K%P
「いいですよ」%K%P
%LC美実
%LC美実
「さっすが陽菜ちゃん、話がわかるっ」%K%P
「さっすが陽菜ちゃん、話がわかるっ」%K%P
%LC美実
%LC美実
「じゃあ、もし私たちが勝ったら。\n　そのときは陽菜ちゃん、私とデートしよ？」%K%P
「じゃあ、もし私たちが勝ったら。\n　そのときは陽菜ちゃん、私とデートしよ？」%K%P
%LC陽菜
%LC陽菜
「え」%K%P
「え」%K%P
%LC梨理
%LC梨理
「なっ……ちょっ、おねえっ！\n　なにバカなこと言ってるのっ！」%K%P
「なっ……ちょっ、おねえっ！\n　なにバカなこと言ってるのっ！」%K%P
%LC美実
%LC美実
「{最優秀騎士:ブリランテ}になったご褒美だよ？\n　いいでしょ？　このぐらい豪華でも」%K%P
「{最優秀騎士:ブリランテ}になったご褒美だよ？\n　いいでしょ？　このぐらい豪華でも」%K%P
%LC梨理
%LC梨理
「だからって」%K%P
「だからって」%K%P
%LC陽菜
%LC陽菜
「わかりました。もし負けたら、\n　美実様とデートします」%K%P
「わかりました。もし負けたら、\n　美実様とデートします」%K%P
%LC梨理
%LC梨理
「ちょっ、センセっ……？！\n　なに勝手に承知してんですかっ！？」%K%P
「ちょっ、センセっ……？！\n　なに勝手に承知してんですかっ！？」%K%P
%LC陽菜
%LC陽菜
「大丈夫だよ、梨理ちゃん。\n　負けなければいいんだから」%K%P
「大丈夫だよ、梨理ちゃん。\n　負けなければいいんだから」%K%P
%LC美実
%LC美実
「そうそう。勝てばよかろうなのだ、ってね」%K%P
「そうそう。勝てばよかろうなのだ、ってね」%K%P
%LC梨理
%LC梨理
「でも……」%K%P
「でも……」%K%P
%LC美実
%LC美実
「なぁに？　梨理は自信ないわけ？\n　陽菜ちゃんが鍛えてくれた、自分の力に」%K%P
「なぁに？　梨理は自信ないわけ？\n　陽菜ちゃんが鍛えてくれた、自分の力に」%K%P
%LC梨理
%LC梨理
「そんなこと、ないけど……」%K%P
「そんなこと、ないけど……」%K%P
%LC梨理
%LC梨理
「……なら、こっちが勝ったら、\n　お姉ちゃんが私たちのお願いを叶えてくれる？」%K%P
「……なら、こっちが勝ったら、\n　お姉ちゃんが私たちのお願いを叶えてくれる？」%K%P
%LC美実
%LC美実
「もちろん。私にできることならね？\n　副賞として、私の大切なものもあげちゃう」%K%P
「もちろん。私にできることならね？\n　副賞として、私の大切なものもあげちゃう」%K%P
%LC梨理
%LC梨理
「大切なもの？」%K%P
「大切なもの？」%K%P
%LC美実
%LC美実
「そっ。きっと二人の役に立つものだよ」%K%P
「そっ。きっと二人の役に立つものだよ」%K%P
なんて、そんな会話をしているうちに、\n梨理ちゃんの様子は、すっかりいつも通りで。%K%P
なんて、そんな会話をしているうちに、\n梨理ちゃんの様子は、すっかりいつも通りで。%K%P
もしかすると美実様は、これが狙いで、\n賭けだの願い事だの言い出したのかもしれない。%K%P
もしかすると美実様は、これが狙いで、\n賭けだの願い事だの言い出したのかもしれない。%K%P
%LC宗千佳
%LC宗千佳
「そろそろ試合を始める。\n　全員、舞台袖に集まっておくように」%K%P
「そろそろ試合を始める。\n　全員、舞台袖に集まっておくように」%K%P
%LC美実
%LC美実
「はいっ。ということで、梨理、いくよ？」%K%P
「はいっ。ということで、梨理、いくよ？」%K%P
%LC梨理
%LC梨理
「なんで私っ。お姉ちゃんのパートナーは\n　クレール様でしょ？」%K%P
「なんで私っ。お姉ちゃんのパートナーは\n　クレール様でしょ？」%K%P
%LC美実
%LC美実
「水くさいこと言わないのっ。ほらほらっ」%K%P
「水くさいこと言わないのっ。ほらほらっ」%K%P
%LC梨理
%LC梨理
「ちょっとぉおおおっ？！」%K%P
「ちょっとぉおおおっ？！」%K%P
そうして美実様たちが賑やかに出ていくと、\nオレのすぐ隣で、くすくすと笑い声が。%K%P
そうして美実様たちが賑やかに出ていくと、\nオレのすぐ隣で、くすくすと笑い声が。%K%P
%LCクレール
%LCクレール
「これから戦うっていうのに。\n　ほんと、仲が良いんだから」%K%P
「これから戦うっていうのに。\n　ほんと、仲が良いんだから」%K%P
%LCクレール
%LCクレール
「でも、良かったの？　陽菜ちゃん。\n　美実とあんな約束をしちゃって」%K%P
「でも、良かったの？　陽菜ちゃん。\n　美実とあんな約束をしちゃって」%K%P
%LC陽菜
%LC陽菜
「梨理ちゃんを信じてますから」%K%P
「梨理ちゃんを信じてますから」%K%P
%LCクレール
%LCクレール
「つまり、陽菜ちゃんたちのプリモは\n　梨理ちゃんなわけね？」%K%P
「つまり、陽菜ちゃんたちのプリモは\n　梨理ちゃんなわけね？」%K%P
%LC陽菜
%LC陽菜
「そちらは美実様なんですよね？　きっと」%K%P
「そちらは美実様なんですよね？　きっと」%K%P
%LCクレール
%LCクレール
「うん。それが美実の望みだし、\n　私が彼女とエンゲージした理由でもあるから」%K%P
「うん。それが美実の望みだし、\n　私が彼女とエンゲージした理由でもあるから」%K%P
%LCクレール
%LCクレール
「覚えてる？　エンゲージ投票の日、\n　美実がいきなり私を誘ってきたこと」%K%P
「覚えてる？　エンゲージ投票の日、\n　美実がいきなり私を誘ってきたこと」%K%P
%LC陽菜
%LC陽菜
「はい。それなら、はっきり」%K%P
「はい。それなら、はっきり」%K%P
いきなりクレール様に声をかけた美実様は、\nそのあと、なにやら耳打ちをして。%K%P
いきなりクレール様に声をかけた美実様は、\nそのあと、なにやら耳打ちをして。%K%P
最初は戸惑っていたクレール様も、\nそれを聞くと、あっさり同意してしまった。%K%P
最初は戸惑っていたクレール様も、\nそれを聞くと、あっさり同意してしまった。%K%P
%LCクレール
%LCクレール
「あのときね、美実は私にこう言ったの」%K%P
「あのときね、美実は私にこう言ったの」%K%P
%LCクレール
%LCクレール
「今年が最初で最後のチャンスだから。\n　梨理と戦うために、力を貸して――って」%K%P
「今年が最初で最後のチャンスだから。\n　梨理と戦うために、力を貸して――って」%K%P
%LCクレール
%LCクレール
「その声は、すごく真剣で……。\n　だから私は彼女に協力することにしたの」%K%P
「その声は、すごく真剣で……。\n　だから私は彼女に協力することにしたの」%K%P
%LCクレール
%LCクレール
「可愛い妹をもつ者同士、\n　美実の気持ちは痛いほどわかっちゃったし」%K%P
「可愛い妹をもつ者同士、\n　美実の気持ちは痛いほどわかっちゃったし」%K%P
%LC陽菜
%LC陽菜
「クレール様、妹がいるんですか？」%K%P
「クレール様、妹がいるんですか？」%K%P
%LCクレール
%LCクレール
「うんっ。もうね、すっごく可愛いの氈v%K%P
「うんっ。もうね、すっごく可愛いの氈v%K%P
%LCクレール
%LCクレール
「私、妹の世話を焼くのが大好きなんだけど。\n　どうしても、甘やかしてしまうことが多くて」%K%P
「私、妹の世話を焼くのが大好きなんだけど。\n　どうしても、甘やかしてしまうことが多くて」%K%P
%LCクレール
%LCクレール
「いつかその反動で嫌われちゃうかも……なんて、\n　そんなふうに考えつつも、やめられなくて」%K%P
「いつかその反動で嫌われちゃうかも……なんて、\n　そんなふうに考えつつも、やめられなくて」%K%P
%LCクレール
%LCクレール
「ある日、そのことを何気なく美実に話したら、\n　わかるわかるって、すごく盛り上がってね」%K%P
「ある日、そのことを何気なく美実に話したら、\n　わかるわかるって、すごく盛り上がってね」%K%P
%LCクレール
%LCクレール
「そういう共通点も、美実と親しくなった理由の\n　ひとつなんだと思うの」%K%P
「そういう共通点も、美実と親しくなった理由の\n　ひとつなんだと思うの」%K%P
%LCクレール
%LCクレール
「そんな美実から、妹と戦うために協力してって\n　言われたら……ね？」%K%P
「そんな美実から、妹と戦うために協力してって\n　言われたら……ね？」%K%P
%LC陽菜
%LC陽菜
「それは確かに、断れないですね」%K%P
「それは確かに、断れないですね」%K%P
あの日の耳打ちは気になっていたから、\n内容が判明してすっきりしたし、腑にも落ちた。%K%P
あの日の耳打ちは気になっていたから、\n内容が判明してすっきりしたし、腑にも落ちた。%K%P
少し前、依夜様との勝負を望んだ梨理ちゃんは、\nその理由を『今回しか機会がない』と説明した。%K%P
少し前、依夜様との勝負を望んだ梨理ちゃんは、\nその理由を『今回しか機会がない』と説明した。%K%P
３年生の依夜様は、今年で卒業してしまうからと。%K%P
３年生の依夜様は、今年で卒業してしまうからと。%K%P
美実様も依夜様と同じ３年――今年、卒業する。%K%P
美実様も依夜様と同じ３年――今年、卒業する。%K%P
妹の梨理ちゃんと過ごす最初で最後の銀蘭祭――、\n美実様には、たぶん、ふたつの選択肢があった。%K%P
妹の梨理ちゃんと過ごす最初で最後の銀蘭祭――、\n美実様には、たぶん、ふたつの選択肢があった。%K%P
ひとつは、梨理ちゃんとエンゲージして、\n共に戦って{最優秀騎士:ブリランテ}を目指す道。%K%P
ひとつは、梨理ちゃんとエンゲージして、\n共に戦って{最優秀騎士:ブリランテ}を目指す道。%K%P
もうひとつは、梨理ちゃんと戦うため、\n他の{騎士:ワルキュリア}とエンゲージする道。%K%P
もうひとつは、梨理ちゃんと戦うため、\n他の{騎士:ワルキュリア}とエンゲージする道。%K%P
美実様が選んだのは、後者だったわけだ。%K%P
美実様が選んだのは、後者だったわけだ。%K%P
%LC陽菜
%LC陽菜
「そうなると……今日はこのあと、\n　クレール様と初対決ってことになりますね」%K%P
「そうなると……今日はこのあと、\n　クレール様と初対決ってことになりますね」%K%P
%LCクレール
%LCクレール
「そうね。とはいえ、今日の主役はあの二人――」%K%P
「そうね。とはいえ、今日の主役はあの二人――」%K%P
%LCクレール
%LCクレール
「本気を出したら陽菜ちゃんを倒しちゃうし。\n　そうならないよう、気をつけないと」%K%P
「本気を出したら陽菜ちゃんを倒しちゃうし。\n　そうならないよう、気をつけないと」%K%P
%LC陽菜
%LC陽菜
「別に本気を出してもいいですよ？\n　今日の私は、誰であれ負ける気はないので」%K%P
「別に本気を出してもいいですよ？\n　今日の私は、誰であれ負ける気はないので」%K%P
%LC陽菜
%LC陽菜
「たとえ相手がクレール様であろうと、\n　梨理ちゃんが勝つまでの間、抑え込んでみせます」%K%P
「たとえ相手がクレール様であろうと、\n　梨理ちゃんが勝つまでの間、抑え込んでみせます」%K%P
%LCクレール
%LCクレール
「まあっ……ふふっ、格好いいことを言って。\n　陽菜ちゃんって案外言うのね？　男の子みたい」%K%P
「まあっ……ふふっ、格好いいことを言って。\n　陽菜ちゃんって案外言うのね？　男の子みたい」%K%P
%LC陽菜
%LC陽菜
「ん……」%K%P
「ん……」%K%P
クレール様の発言が冗談だと分かっていたのに、\n本番前の高揚感もあって、つい勝ち気に出てしまって。%K%P
クレール様の発言が冗談だと分かっていたのに、\n本番前の高揚感もあって、つい勝ち気に出てしまって。%K%P
結果、まさかのツッコミを受けて面映ゆくなる。%K%P
結果、まさかのツッコミを受けて面映ゆくなる。%K%P
そんなオレに、クレール様は優しく微笑んだ。%K%P
そんなオレに、クレール様は優しく微笑んだ。%K%P
%LCクレール
%LCクレール
「守る者のために強くなる――、\n　陽菜ちゃんはまさに騎士そのものね」%K%P
「守る者のために強くなる――、\n　陽菜ちゃんはまさに騎士そのものね」%K%P
%LCクレール
%LCクレール
「梨理ちゃんが惚れたのも、\n　そういうところだったりするのかしら」%K%P
「梨理ちゃんが惚れたのも、\n　そういうところだったりするのかしら」%K%P
…………え？%K%P
…………え？%K%P
%LC陽菜
%LC陽菜
「あっ、あの、クレール様、ひょっとして――」%K%P
「あっ、あの、クレール様、ひょっとして――」%K%P
%LCクレール
%LCクレール
「何日も一緒に生活してたんだもの。\n　さすがに気付いちゃうわよ？　そのぐらい」%K%P
「何日も一緒に生活してたんだもの。\n　さすがに気付いちゃうわよ？　そのぐらい」%K%P
%LCクレール
%LCクレール
「とくに私は、そういうのがわかっちゃうから」%K%P
「とくに私は、そういうのがわかっちゃうから」%K%P
絶賛頭が真っ白なオレを見て、\nクレール様はくすっと楽しそうに笑って。%K%P
絶賛頭が真っ白なオレを見て、\nクレール様はくすっと楽しそうに笑って。%K%P
%LCクレール
%LCクレール
「{挑発:おさそい}はとっても嬉しいんだけど。\n　さっきも言った通り、主役はあの二人だから」%K%P
「{挑発:おさそい}はとっても嬉しいんだけど。\n　さっきも言った通り、主役はあの二人だから」%K%P
%LCクレール
%LCクレール
「私たちは、全力でそれを見届けましょ？」%K%P
「私たちは、全力でそれを見届けましょ？」%K%P
%LC陽菜
%LC陽菜
「……はい」%K%P
「……はい」%K%P
勇み足を宥めるような口調に、素直に頷く。%K%P
勇み足を宥めるような口調に、素直に頷く。%K%P
にしても、格好いいとか、男の子みたい、とか――。%K%P
にしても、格好いいとか、男の子みたい、とか――。%K%P
クレール様がぽろっと言ってくれた言葉は、\nオレがずっと、憧れ、追い求めていたもので。%K%P
クレール様がぽろっと言ってくれた言葉は、\nオレがずっと、憧れ、追い求めていたもので。%K%P
それをこのタイミングで引き出せたのは、\n他でもない、梨理ちゃんのおかげだろう。%K%P
それをこのタイミングで引き出せたのは、\n他でもない、梨理ちゃんのおかげだろう。%K%P
日向として彼女と出会い、色々とあって、\n彼女を通し、自分のことを見つめ直すことで。%K%P
日向として彼女と出会い、色々とあって、\n彼女を通し、自分のことを見つめ直すことで。%K%P
オレは以前より、男らしくなれたんだ。%K%P
オレは以前より、男らしくなれたんだ。%K%P
――そして、姉妹対決は始まった。%K%P
――そして、姉妹対決は始まった。%K%P
%LC梨理
%LC梨理
「ふッ……！」%K%P
「ふッ……！」%K%P
%LC美実
%LC美実
「はッ……！」%K%P
「はッ……！」%K%P
%LC梨理
%LC梨理
「くぅッ……！」%K%P
「くぅッ……！」%K%P
短く、けれど熱のこもった声とともに、\n細身の刀身が激しく火花を散らす。%K%P
短く、けれど熱のこもった声とともに、\n細身の刀身が激しく火花を散らす。%K%P
ふたりの胸には、プリモの証である飾緒。%K%P
ふたりの胸には、プリモの証である飾緒。%K%P
それぞれが手にする突剣の切っ先が、\n鋭く、早く、しなやかに、その飾り紐を狙う。%K%P
それぞれが手にする突剣の切っ先が、\n鋭く、早く、しなやかに、その飾り紐を狙う。%K%P
けれど、どちらも届かない。%K%P
けれど、どちらも届かない。%K%P
突きを弾き、払いを躱し、\nときにはあえて、相手の懐に踏み込んで。%K%P
突きを弾き、払いを躱し、\nときにはあえて、相手の懐に踏み込んで。%K%P
一進一退と呼ぶに相応しい攻防は、\nホールに集まった全ての学生を虜にしていた。%K%P
一進一退と呼ぶに相応しい攻防は、\nホールに集まった全ての学生を虜にしていた。%K%P
%LCクレール
%LCクレール
「すごい……。まるで中世の決闘ね……」%K%P
「すごい……。まるで中世の決闘ね……」%K%P
%LC陽菜
%LC陽菜
「んっ……」%K%P
「んっ……」%K%P
頷くつもりが、見守る想いが強すぎて、\n慣用句そのままに固唾を呑んでしまう。%K%P
頷くつもりが、見守る想いが強すぎて、\n慣用句そのままに固唾を呑んでしまう。%K%P
オレとクレール様は、半ば戦いの手を止めて、\n梨理ちゃんと美実様の戦いを見つめていた。%K%P
オレとクレール様は、半ば戦いの手を止めて、\n梨理ちゃんと美実様の戦いを見つめていた。%K%P
もちろん、最初からそうだったわけじゃない。%K%P
もちろん、最初からそうだったわけじゃない。%K%P
開幕直後は、思い切りぶつかりあい、\nこちらも火花を散らし、鎬を削り合っていた。%K%P
開幕直後は、思い切りぶつかりあい、\nこちらも火花を散らし、鎬を削り合っていた。%K%P
でも、それでも――、\n気付けば、隣の迫力に目を奪われて。%K%P
でも、それでも――、\n気付けば、隣の迫力に目を奪われて。%K%P
気付いたときには、ほとんど観客同然に、\n梨理ちゃんと美実様の対決に見入っていた。%K%P
気付いたときには、ほとんど観客同然に、\n梨理ちゃんと美実様の対決に見入っていた。%K%P
%LC美実
%LC美実
「はあっ、はあっ……。\n　まったくもう、ホントに強くなってっ……」%K%P
「はあっ、はあっ……。\n　まったくもう、ホントに強くなってっ……」%K%P
%LC美実
%LC美実
「{舞闘:カデンツァ}初めて１年足らずでそんなって、\n　どんだけ頑張り屋なのっ、あんたはっ……！」%K%P
「{舞闘:カデンツァ}初めて１年足らずでそんなって、\n　どんだけ頑張り屋なのっ、あんたはっ……！」%K%P
%LC梨理
%LC梨理
「だって、勝ちたい人が、いるからっ……！」%K%P
「だって、勝ちたい人が、いるからっ……！」%K%P
%LC美実
%LC美実
「知ってるっ。依夜や陽菜ちゃんでしょ？」%K%P
「知ってるっ。依夜や陽菜ちゃんでしょ？」%K%P
%LC梨理
%LC梨理
「それも、だけどっ……。\n　いまは誰より、お姉ちゃんに勝ちたいっ……！」%K%P
「それも、だけどっ……。\n　いまは誰より、お姉ちゃんに勝ちたいっ……！」%K%P
%LC梨理
%LC梨理
「勝たないと、センセ、とられちゃうもんっ！」%K%P
「勝たないと、センセ、とられちゃうもんっ！」%K%P
%LC美実
%LC美実
「なっ……ぷっ、あははっ。そっかそっか、\n　試合前のアレ、そんなに効き目があったんだ？」%K%P
「なっ……ぷっ、あははっ。そっかそっか、\n　試合前のアレ、そんなに効き目があったんだ？」%K%P
%LC梨理
%LC梨理
「当たり前でしょっ！　お姉ちゃん、\n　内心本気でセンセを狙ってるくせにっ！」%K%P
「当たり前でしょっ！　お姉ちゃん、\n　内心本気でセンセを狙ってるくせにっ！」%K%P
……え？%K%P
……え？%K%P
%LC陽菜
%LC陽菜
「なっ……え、ええっ……！？\n　そうなんですかっ？！」%K%P
「なっ……え、ええっ……！？\n　そうなんですかっ？！」%K%P
%LC美実
%LC美実
「ないないっ、んなわけないでしょっ？」%K%P
「ないないっ、んなわけないでしょっ？」%K%P
%LC美実
%LC美実
「私としては陽菜ちゃんを直で恋人にするより、\n　梨理と付き合ってる状態を愛でたいんだからっ」%K%P
「私としては陽菜ちゃんを直で恋人にするより、\n　梨理と付き合ってる状態を愛でたいんだからっ」%K%P
%LC美実
%LC美実
「妹の恋人にちょっかいを出す――……ねっ？\n　そのほうがぐーっと燃えるでしょっ？」%K%P
「妹の恋人にちょっかいを出す――……ねっ？\n　そのほうがぐーっと燃えるでしょっ？」%K%P
%LC梨理
%LC梨理
「それ別の意味で燃えやすいやつだしっ！」%K%P
「それ別の意味で燃えやすいやつだしっ！」%K%P
%LC梨理
%LC梨理
「陽菜センセは私のものなのっ！\n　お姉ちゃんにも誰にも渡さないからっ！！」%K%P
「陽菜センセは私のものなのっ！\n　お姉ちゃんにも誰にも渡さないからっ！！」%K%P
剣戟の合間に飛び出した絶叫は、\n静まり返っていたホールに響き渡って――、%K%P
剣戟の合間に飛び出した絶叫は、\n静まり返っていたホールに響き渡って――、%K%P
%LC客席
%LC客席
%XS21「えええええええええええっー？！」%XE%K%P
%XS21「えええええええええええっー？！」%XE%K%P
直後、建物が揺れたかってぐらいの歓声に、\nいまが決勝戦の真っ最中だってことを思い出した。%K%P
直後、建物が揺れたかってぐらいの歓声に、\nいまが決勝戦の真っ最中だってことを思い出した。%K%P
%LC客席Ａ
%LC客席Ａ
「いま、確かに梨理ちゃん、\n　陽菜先生は私のものって言ったよねっ？！」%K%P
「いま、確かに梨理ちゃん、\n　陽菜先生は私のものって言ったよねっ？！」%K%P
%LC客席Ｂ
%LC客席Ｂ
「ええ、確かに。それに美実様も、\n　妹の恋人って……ねっ？　言いましたよね？」%K%P
「ええ、確かに。それに美実様も、\n　妹の恋人って……ねっ？　言いましたよね？」%K%P
%LC客席Ｃ
%LC客席Ｃ
「ってことはつまり、\n　梨理ちゃんと陽菜さんはお付き合いを――」%K%P
「ってことはつまり、\n　梨理ちゃんと陽菜さんはお付き合いを――」%K%P
%LC陽菜
%LC陽菜
「わっ……わわっ、わわわわっ……？！」%K%P
「わっ……わわっ、わわわわっ……？！」%K%P
静まり返ってたはずのホールが、\n別の意味でざわざわと色めき立つ。%K%P
静まり返ってたはずのホールが、\n別の意味でざわざわと色めき立つ。%K%P
一方オレは、気もそぞろに浮き足立って。%K%P
一方オレは、気もそぞろに浮き足立って。%K%P
%LCクレール
%LCクレール
「うふふっ氈@こんな大舞台で交際発表だなんて、\n　やってくれるわね、梨理ちゃんも」%K%P
「うふふっ氈@こんな大舞台で交際発表だなんて、\n　やってくれるわね、梨理ちゃんも」%K%P
%LC陽菜
%LC陽菜
「やりすぎですよっ、こんなことぉっ！！」%K%P
「やりすぎですよっ、こんなことぉっ！！」%K%P
聞いてないよって言葉を咽が枯れるまで叫びたい。%K%P
聞いてないよって言葉を咽が枯れるまで叫びたい。%K%P
そして、どよめく会場の関心は、当然のように、\nとんでもない発言をした梨理ちゃんに集まる。%K%P
そして、どよめく会場の関心は、当然のように、\nとんでもない発言をした梨理ちゃんに集まる。%K%P
%LC梨理
%LC梨理
「んもーっ、お姉ちゃんのせいで、\n　いろいろバレちゃったでしょおっー！？」%K%P
「んもーっ、お姉ちゃんのせいで、\n　いろいろバレちゃったでしょおっー！？」%K%P
%LC美実
%LC美実
「バラしたのは梨理でしょうが」%K%P
「バラしたのは梨理でしょうが」%K%P
%LC美実
%LC美実
「それに、宣言しなくたって、\n　勘のいい子は気付いてる頃だってば」%K%P
「それに、宣言しなくたって、\n　勘のいい子は気付いてる頃だってば」%K%P
%LC梨理
%LC梨理
「そんなことないしっ！\n　いまだって会場驚いてたしっ！」%K%P
「そんなことないしっ！\n　いまだって会場驚いてたしっ！」%K%P
%LC美実
%LC美実
「そんなことあるんだな、これが。\n　３年の間では、わりと噂になってたよ？」%K%P
「そんなことあるんだな、これが。\n　３年の間では、わりと噂になってたよ？」%K%P
%LC美実
%LC美実
「鎧の試着を手伝った子たちが、\n　あれこそまさにエンゲージだってね」%K%P
「鎧の試着を手伝った子たちが、\n　あれこそまさにエンゲージだってね」%K%P
%LC美実
%LC美実
「梨理、陽菜ちゃんを助けたんだって？\n　上級生相手に、ちっとも物怖じせずに」%K%P
「梨理、陽菜ちゃんを助けたんだって？\n　上級生相手に、ちっとも物怖じせずに」%K%P
%LC梨理
%LC梨理
「なっ、なっ、なななッ……」%K%P
「なっ、なっ、なななッ……」%K%P
%LC美実
%LC美実
「ふふっ氈@嫉妬するとムキになっちゃうとこ、\n　直さないと陽菜ちゃんに嫌われちゃうかもよ？」%K%P
「ふふっ氈@嫉妬するとムキになっちゃうとこ、\n　直さないと陽菜ちゃんに嫌われちゃうかもよ？」%K%P
%LC梨理
%LC梨理
「お姉ちゃんには関係ないでしょっ！」%K%P
「お姉ちゃんには関係ないでしょっ！」%K%P
%LC美実
%LC美実
「ありあり、大ありだよっ？\n　なったって妹の恋人だもんっ」%K%P
「ありあり、大ありだよっ？\n　なったって妹の恋人だもんっ」%K%P
%LC梨理
%LC梨理
「おねえっ！」%K%P
「おねえっ！」%K%P
なんて、そんな口論を繰り広げる間も、\n激しい剣戟で鎬を削る梨理ちゃんと美実様。%K%P
なんて、そんな口論を繰り広げる間も、\n激しい剣戟で鎬を削る梨理ちゃんと美実様。%K%P
だけど、口論の内容と雰囲気のせいもあってか、\n苛烈だった戦いも、一気に親しみが増して。%K%P
だけど、口論の内容と雰囲気のせいもあってか、\n苛烈だった戦いも、一気に親しみが増して。%K%P
%LCクレール
%LCクレール
「ふふっ。中世の決闘が、\n　一気に姉妹喧嘩になっちゃったわね」%K%P
「ふふっ。中世の決闘が、\n　一気に姉妹喧嘩になっちゃったわね」%K%P
%LC陽菜
%LC陽菜
「はぅ……」%K%P
「はぅ……」%K%P
%LCクレール
%LCクレール
「でも、こういうのも素敵じゃない？」%K%P
「でも、こういうのも素敵じゃない？」%K%P
%LCクレール
%LCクレール
「きっといま、ここに集まってる人たち、\n　みんな笑顔のはずだもの」%K%P
「きっといま、ここに集まってる人たち、\n　みんな笑顔のはずだもの」%K%P
クレール様の声に、客席に目を凝らす。%K%P
クレール様の声に、客席に目を凝らす。%K%P
照明が落ちた客席は薄暗いけど、それでも、\n聞こえる声と気配は、確かにとても楽しそうで。%K%P
照明が落ちた客席は薄暗いけど、それでも、\n聞こえる声と気配は、確かにとても楽しそうで。%K%P
%LCクレール
%LCクレール
「梨理ちゃんっ、頑張ってっ！」%K%P
「梨理ちゃんっ、頑張ってっ！」%K%P
%LC美実
%LC美実
「なっ……？！　ちょっとっ、\n　クレールは私のパートナーでしょっ！？」%K%P
「なっ……？！　ちょっとっ、\n　クレールは私のパートナーでしょっ！？」%K%P
%LCクレール
%LCクレール
「その前に、私は可愛い妹の味方なのっ！\n　負けないでっ、梨理ちゃんっ！」%K%P
「その前に、私は可愛い妹の味方なのっ！\n　負けないでっ、梨理ちゃんっ！」%K%P
%LC梨理
%LC梨理
「はいっ……！　やってやりますっ……！」%K%P
「はいっ……！　やってやりますっ……！」%K%P
まさかのエールに場は混沌として、\nけれど、盛り上がりはさらに加速して。%K%P
まさかのエールに場は混沌として、\nけれど、盛り上がりはさらに加速して。%K%P
これが実技試験なら、さすがに姉さんも、\n審判として試合を止めていたかもだけど――、%K%P
これが実技試験なら、さすがに姉さんも、\n審判として試合を止めていたかもだけど――、%K%P
銀蘭祭というお祭りの舞台だからか、\nむしろ、この状況を楽しそうに見守っていて。%K%P
銀蘭祭というお祭りの舞台だからか、\nむしろ、この状況を楽しそうに見守っていて。%K%P
ああもうっ、こうなったらオレだってっ……！！%K%P
ああもうっ、こうなったらオレだってっ……！！%K%P
%LC陽菜
%LC陽菜
「梨理ちゃんっ！　私がついてるからっ！」%K%P
「梨理ちゃんっ！　私がついてるからっ！」%K%P
%LC梨理
%LC梨理
「んっ……はいっ！！　行きますっ！！」%K%P
「んっ……はいっ！！　行きますっ！！」%K%P
%LC美実
%LC美実
「うそっ、はやいっ……！？」%K%P
「うそっ、はやいっ……！？」%K%P
オレの声援を受けて床を蹴った梨理ちゃんは、\n一瞬にして美実様の懐に潜り込む。%K%P
オレの声援を受けて床を蹴った梨理ちゃんは、\n一瞬にして美実様の懐に潜り込む。%K%P
それは今日一番早い、\n疾風迅雷の如きステップだった。%K%P
それは今日一番早い、\n疾風迅雷の如きステップだった。%K%P
%LC梨理
%LC梨理
「これでっ……！」%K%P
「これでっ……！」%K%P
%LC美実
%LC美実
「なんのッ……」%K%P
「なんのッ……」%K%P
梨理ちゃんの振るう剣が飾緒にあたる寸前、\n美実様は身体を捻り、それを躱す。%K%P
梨理ちゃんの振るう剣が飾緒にあたる寸前、\n美実様は身体を捻り、それを躱す。%K%P
%LC梨理
%LC梨理
「くっ……もうっ、しぶといっ……！」%K%P
「くっ……もうっ、しぶといっ……！」%K%P
%LC美実
%LC美実
「お姉ちゃんにそういうこと言うっ！？」%K%P
「お姉ちゃんにそういうこと言うっ！？」%K%P
%LC梨理
%LC梨理
「センセを狙うなら、お姉ちゃんも敵っ！」%K%P
「センセを狙うなら、お姉ちゃんも敵っ！」%K%P
%LC美実
%LC美実
「まったく、ごもっともっ！！」%K%P
「まったく、ごもっともっ！！」%K%P
渾身の一撃を避けられた梨理ちゃんは、\n剣の勢いを殺さず、さらに前へと踏み込む。%K%P
渾身の一撃を避けられた梨理ちゃんは、\n剣の勢いを殺さず、さらに前へと踏み込む。%K%P
けれど美実様も、その突進を読み切って、\nバックステップで間合いを外しにきた。%K%P
けれど美実様も、その突進を読み切って、\nバックステップで間合いを外しにきた。%K%P
あと少し、本当にあと少しなのに、\n梨理ちゃんの剣は美実様の飾緒に届かない。%K%P
あと少し、本当にあと少しなのに、\n梨理ちゃんの剣は美実様の飾緒に届かない。%K%P
あと数センチが、こんなにも遠い――、%K%P
あと数センチが、こんなにも遠い――、%K%P
%LC陽菜
%LC陽菜
「梨理ちゃん、奥の手っ！」%K%P
「梨理ちゃん、奥の手っ！」%K%P
%LC梨理
%LC梨理
「はいっ！」%K%P
「はいっ！」%K%P
%LC美実
%LC美実
「えっ、なにそれっ？！　奥の手っ！？」%K%P
「えっ、なにそれっ？！　奥の手っ！？」%K%P
オレの声に、美実様が一瞬怯む、けど。%K%P
オレの声に、美実様が一瞬怯む、けど。%K%P
%LC美実
%LC美実
「いや、そんなのあるならとっくに出してる。\n　つまりいまのは……ハッタリっ！」%K%P
「いや、そんなのあるならとっくに出してる。\n　つまりいまのは……ハッタリっ！」%K%P
%LC美実
%LC美実
「なら、ここが勝負の……決めどきッ！」%K%P
「なら、ここが勝負の……決めどきッ！」%K%P
すぐさま動揺を振り払い、美実様も前に出る。%K%P
すぐさま動揺を振り払い、美実様も前に出る。%K%P
梨理ちゃんの剣が美実様に肉薄し、\n美実様の剣も、梨理ちゃんへと迫る。%K%P
梨理ちゃんの剣が美実様に肉薄し、\n美実様の剣も、梨理ちゃんへと迫る。%K%P
たくさんの火花を散らした姉妹のクラージュは、\n最後の一撃となるべく、綺麗に交差して――、%K%P
たくさんの火花を散らした姉妹のクラージュは、\n最後の一撃となるべく、綺麗に交差して――、%K%P
%LC美実
%LC美実
「リーチの分、私が……先っ！！」%K%P
「リーチの分、私が……先っ！！」%K%P
最後の最後で、美実様がぐっと腕を伸ばす。%K%P
最後の最後で、美実様がぐっと腕を伸ばす。%K%P
まるで全身が一振りの剣のように、\n梨理ちゃんを狙って駆ける、美実様の四肢。%K%P
まるで全身が一振りの剣のように、\n梨理ちゃんを狙って駆ける、美実様の四肢。%K%P
それを迎え撃つ梨理ちゃんの身体もまた、\n鋭くしなやかな、一振りの剣で。%K%P
それを迎え撃つ梨理ちゃんの身体もまた、\n鋭くしなやかな、一振りの剣で。%K%P
その剣に、オレは秘策を託していた。%K%P
その剣に、オレは秘策を託していた。%K%P
%LC梨理
%LC梨理
「これが、センセ直伝の……奥の手ぇっ！！」%K%P
「これが、センセ直伝の……奥の手ぇっ！！」%K%P
%LC美実
%LC美実
「うそっ？！　剣が、伸びたっ……！？」%K%P
「うそっ？！　剣が、伸びたっ……！？」%K%P
美実様が驚くのも無理はない。%K%P
美実様が驚くのも無理はない。%K%P
だって、美実様からすれば、\n本当に剣が伸びたように見えただろうから。%K%P
だって、美実様からすれば、\n本当に剣が伸びたように見えただろうから。%K%P
%LC梨理
%LC梨理
「センセは私だけのものなのっ！\n　誰にも渡さないんだからぁぁあぁっ……！！」%K%P
「センセは私だけのものなのっ！\n　誰にも渡さないんだからぁぁあぁっ……！！」%K%P
こっちの顔が熱くなる主張と共に、\n梨理ちゃんの剣が、美実様の飾緒を捉える。%K%P
こっちの顔が熱くなる主張と共に、\n梨理ちゃんの剣が、美実様の飾緒を捉える。%K%P
剣先がわずかに触れた刹那、\n飾り紐は切れ、光り輝き、砕け散って――、%K%P
剣先がわずかに触れた刹那、\n飾り紐は切れ、光り輝き、砕け散って――、%K%P
%LC宗千佳
%LC宗千佳
「それまでっ！」%K%P
「それまでっ！」%K%P
姉さんの声が、試合終了を告げる。%K%P
姉さんの声が、試合終了を告げる。%K%P
するとホールは、再び、静かになって。%K%P
するとホールは、再び、静かになって。%K%P
%LC梨理
%LC梨理
「はぁ、はぁ……はぁ……」%K%P
「はぁ、はぁ……はぁ……」%K%P
%LC梨理
%LC梨理
「……やった……。\n　お姉ちゃんに、勝った……」%K%P
「……やった……。\n　お姉ちゃんに、勝った……」%K%P
%LC梨理
%LC梨理
「お姉ちゃんに……。\n　あの、お姉ちゃんにっ……」%K%P
「お姉ちゃんに……。\n　あの、お姉ちゃんにっ……」%K%P
全力を振り絞って姉に挑み、\nそして勝利を掴んだ、女の子の想いの発露。%K%P
全力を振り絞って姉に挑み、\nそして勝利を掴んだ、女の子の想いの発露。%K%P
震えるその声は、ホールに集まった、\nすべての学生の心までをも震わせて。%K%P
震えるその声は、ホールに集まった、\nすべての学生の心までをも震わせて。%K%P
最初は、まばらな手拍子のようだった音は、\nすぐさまテアトル全体を震わせる拍手となった。%K%P
最初は、まばらな手拍子のようだった音は、\nすぐさまテアトル全体を震わせる拍手となった。%K%P
%LC梨理
%LC梨理
「あ……」%K%P
「あ……」%K%P
盛大な拍手に、梨理ちゃんは一瞬、\nきょとんとした感じで客席を眺める。%K%P
盛大な拍手に、梨理ちゃんは一瞬、\nきょとんとした感じで客席を眺める。%K%P
でも、それが自分に向けられているのだと\n気付くと、すごく恥ずかしそうに目を伏せた。%K%P
でも、それが自分に向けられているのだと\n気付くと、すごく恥ずかしそうに目を伏せた。%K%P
%LC美実
%LC美実
「ふぅ……おめでと、梨理。私の完敗」%K%P
「ふぅ……おめでと、梨理。私の完敗」%K%P
%LC梨理
%LC梨理
「お姉ちゃん……」%K%P
「お姉ちゃん……」%K%P
%LC美実
%LC美実
「まったく、強くなっちゃってもう……」%K%P
「まったく、強くなっちゃってもう……」%K%P
%LC美実
%LC美実
「っていうか、最後のアレ、なに？\n　マジで剣が伸びてきたんだけど」%K%P
「っていうか、最後のアレ、なに？\n　マジで剣が伸びてきたんだけど」%K%P
%LC梨理
%LC梨理
「あれは、センセが教えてくれて」%K%P
「あれは、センセが教えてくれて」%K%P
%LC美実
%LC美実
「んもー、陽菜ちゃん？　うちの可愛い妹に、\n　いかがわしいこと教えないでもらえます？」%K%P
「んもー、陽菜ちゃん？　うちの可愛い妹に、\n　いかがわしいこと教えないでもらえます？」%K%P
%LC陽菜
%LC陽菜
「いかがわしくないですからっ」%K%P
「いかがわしくないですからっ」%K%P
%LC陽菜
%LC陽菜
「さっきのアレは、剣を突き出す瞬間、\n　クラージュの握りをスライドさせたんです」%K%P
「さっきのアレは、剣を突き出す瞬間、\n　クラージュの握りをスライドさせたんです」%K%P
%LC美実
%LC美実
「スライドって……まさか、突きかかってる最中に、\n　クラージュを握り直したってこと？」%K%P
「スライドって……まさか、突きかかってる最中に、\n　クラージュを握り直したってこと？」%K%P
%LC陽菜
%LC陽菜
「まさに、その通りです」%K%P
「まさに、その通りです」%K%P
フェンシングで使う剣の持ち手――ヒルトには、\nいくつかの形状が存在している。%K%P
フェンシングで使う剣の持ち手――ヒルトには、\nいくつかの形状が存在している。%K%P
クラージュのように棒状なものもあるけど、\nしっかりと握るため、ピストルのグリップのように\n指をかけられる形状になっている物も多い。%K%P
クラージュのように棒状なものもあるけど、\nしっかりと握るため、ピストルのグリップのように\n指をかけられる形状になっている物も多い。%K%P
これらはしっかり握れる分、野球のバッドのように、\n握る位置を自在にズラすことは出来ない。%K%P
これらはしっかり握れる分、野球のバッドのように、\n握る位置を自在にズラすことは出来ない。%K%P
つまりフェンシングの試合中、相手の剣の長さが、\n握り方によって変化する、なんてことはない。%K%P
つまりフェンシングの試合中、相手の剣の長さが、\n握り方によって変化する、なんてことはない。%K%P
%LC陽菜
%LC陽菜
「美実様って相手の攻撃を躱すとき、\n　ギリギリなことが多いですよね？」%K%P
「美実様って相手の攻撃を躱すとき、\n　ギリギリなことが多いですよね？」%K%P
%LC陽菜
%LC陽菜
「それって、相手の剣の長さ――間合いを、\n　完全に見切っているからこそ出来るわけで」%K%P
「それって、相手の剣の長さ――間合いを、\n　完全に見切っているからこそ出来るわけで」%K%P
%LC陽菜
%LC陽菜
「フェンシングで培った技術のひとつとして、\n　美実様は、間合いを読む力が圧倒的なんです」%K%P
「フェンシングで培った技術のひとつとして、\n　美実様は、間合いを読む力が圧倒的なんです」%K%P
%LC陽菜
%LC陽菜
「けど、だからこそ。試合中に剣が数センチでも\n　伸びれば、あるいは飾緒に届くかなって」%K%P
「けど、だからこそ。試合中に剣が数センチでも\n　伸びれば、あるいは飾緒に届くかなって」%K%P
通常の{舞闘:カデンツァ}でこんなことをしても、\n鎧へのダメージは変わらない――というか、\n握りが甘くなる分、下がる可能性だってある。%K%P
通常の{舞闘:カデンツァ}でこんなことをしても、\n鎧へのダメージは変わらない――というか、\n握りが甘くなる分、下がる可能性だってある。%K%P
だから、やる意味はない。%K%P
だから、やる意味はない。%K%P
でも、{連弾:デュオ}{舞闘:カデンツァ}の飾緒は、\n剣がほんのわずかでも触れれば、それで斬れる。%K%P
でも、{連弾:デュオ}{舞闘:カデンツァ}の飾緒は、\n剣がほんのわずかでも触れれば、それで斬れる。%K%P
剣のリーチが、ほんの少し伸びる――、\n普段なら意味がないことに、大きな意味が出る。%K%P
剣のリーチが、ほんの少し伸びる――、\n普段なら意味がないことに、大きな意味が出る。%K%P
%LC美実
%LC美実
「はぁ、なるほどねぇ……。まずは、\n　さりげなく私のことを褒めてくれてありがと」%K%P
「はぁ、なるほどねぇ……。まずは、\n　さりげなく私のことを褒めてくれてありがと」%K%P
%LC美実
%LC美実
「話を聞いて、理屈はわかったけど……。\n　それ、普通やろうとする？」%K%P
「話を聞いて、理屈はわかったけど……。\n　それ、普通やろうとする？」%K%P
%LC美実
%LC美実
「指南役補佐代理には釈迦に説法だろうけど。\n　試合中にクラージュ落とすと反則負けなんだよ？」%K%P
「指南役補佐代理には釈迦に説法だろうけど。\n　試合中にクラージュ落とすと反則負けなんだよ？」%K%P
%LC美実
%LC美実
「試合中、打ち合うことで手に負担もかかるし。\n　当然、握力だってなくなっていくんだから」%K%P
「試合中、打ち合うことで手に負担もかかるし。\n　当然、握力だってなくなっていくんだから」%K%P
%LC美実
%LC美実
「そんな試合の最中……しかも、\n　剣を振っている瞬間に、握力を緩めるとか」%K%P
「そんな試合の最中……しかも、\n　剣を振っている瞬間に、握力を緩めるとか」%K%P
%LC美実
%LC美実
「それ、ミスった瞬間終わりなんだよ？」%K%P
「それ、ミスった瞬間終わりなんだよ？」%K%P
%LC梨理
%LC梨理
「でも、奥の手ってそういうものでしょ？」%K%P
「でも、奥の手ってそういうものでしょ？」%K%P
%LC美実
%LC美実
「な……」%K%P
「な……」%K%P
どことなく楽しそうに告げた梨理ちゃんに、\n美実様は、一瞬、あっけにとられて。%K%P
どことなく楽しそうに告げた梨理ちゃんに、\n美実様は、一瞬、あっけにとられて。%K%P
%LC美実
%LC美実
「ぷっ……くすっ、あははっ。確かに。\n　リスクあってのリターンだもんね」%K%P
「ぷっ……くすっ、あははっ。確かに。\n　リスクあってのリターンだもんね」%K%P
%LC美実
%LC美実
「つまり梨理は、そんなリスクを犯してでも、\n　私に勝ちたいと思ってくれたわけだ？」%K%P
「つまり梨理は、そんなリスクを犯してでも、\n　私に勝ちたいと思ってくれたわけだ？」%K%P
%LC美実
%LC美実
「はぁー……ありがと、梨理。\n　私いま、さいっこうに嬉しい」%K%P
「はぁー……ありがと、梨理。\n　私いま、さいっこうに嬉しい」%K%P
%LC美実
%LC美実
「私と全力で戦ってくれて、本当にありがとう」%K%P
「私と全力で戦ってくれて、本当にありがとう」%K%P
%LC梨理
%LC梨理
「あっ……」%K%P
「あっ……」%K%P
試合の健闘を讃えるように、美実様が、\n梨理ちゃんの肩を、ぽんっと優しく叩く。%K%P
試合の健闘を讃えるように、美実様が、\n梨理ちゃんの肩を、ぽんっと優しく叩く。%K%P
その瞬間、梨理ちゃんの瞳が、じわっと潤んで。%K%P
その瞬間、梨理ちゃんの瞳が、じわっと潤んで。%K%P
%LC梨理
%LC梨理
「んっ……んくっ、なに、急に、お礼とかっ……」%K%P
「んっ……んくっ、なに、急に、お礼とかっ……」%K%P
%LC美実
%LC美実
「もう、なに言ってんの。\n　ありがとうぐらい、いつも言ってるでしょ」%K%P
「もう、なに言ってんの。\n　ありがとうぐらい、いつも言ってるでしょ」%K%P
%LC梨理
%LC梨理
「いつもじゃないしっ、たまにだもんっ。\n　お姉、そんな優しくないしっ……」%K%P
「いつもじゃないしっ、たまにだもんっ。\n　お姉、そんな優しくないしっ……」%K%P
%LC美実
%LC美実
「それはないんじゃない？　みんなが見てる前で」%K%P
「それはないんじゃない？　みんなが見てる前で」%K%P
%LC梨理
%LC梨理
「あ……」%K%P
「あ……」%K%P
優しく微笑む美実様の言葉で、\n思わず客席を見て、でも、涙はとまらなくて。%K%P
優しく微笑む美実様の言葉で、\n思わず客席を見て、でも、涙はとまらなくて。%K%P
そんな梨理ちゃんに向けて、\n客席からもう一度、今度は温かな拍手が。%K%P
そんな梨理ちゃんに向けて、\n客席からもう一度、今度は温かな拍手が。%K%P
%LC梨理
%LC梨理
「ひぐっ……ぐすっ……ひどい、\n　泣かすとか、おねえ、ひどすぎっ……」%K%P
「ひぐっ……ぐすっ……ひどい、\n　泣かすとか、おねえ、ひどすぎっ……」%K%P
%LC梨理
%LC梨理
「こんなとこ、みんなに見られて……ひぐっ、\n　明日から、がっこ、これないしっ……」%K%P
「こんなとこ、みんなに見られて……ひぐっ、\n　明日から、がっこ、これないしっ……」%K%P
%LC美実
%LC美実
「んもう、この子は……。\n　こういうときは、ほんとお子様なんだから」%K%P
「んもう、この子は……。\n　こういうときは、ほんとお子様なんだから」%K%P
%LC美実
%LC美実
「ほぅら、恋人の陽菜センセー？\n　うちの妹になんとか言ってあげて」%K%P
「ほぅら、恋人の陽菜センセー？\n　うちの妹になんとか言ってあげて」%K%P
そうして美実様は、オレの背中をぽんと押す。%K%P
そうして美実様は、オレの背中をぽんと押す。%K%P
思いがけない展開過ぎて、\n頭が真っ白に――なんてことはなかった。%K%P
思いがけない展開過ぎて、\n頭が真っ白に――なんてことはなかった。%K%P
だって、大好きな女の子が泣いているんだから。%K%P
だって、大好きな女の子が泣いているんだから。%K%P
それを助けられないなんて、男じゃない。%K%P
それを助けられないなんて、男じゃない。%K%P
%LC梨理
%LC梨理
「ひぐっ……ねっ、センセ？\n　明日、私といっしょに、がっこ、やすも？」%K%P
「ひぐっ……ねっ、センセ？\n　明日、私といっしょに、がっこ、やすも？」%K%P
%LC陽菜
%LC陽菜
「なに言ってるの、梨理ちゃん。\n　明日こそ来ないとだめでしょ？」%K%P
「なに言ってるの、梨理ちゃん。\n　明日こそ来ないとだめでしょ？」%K%P
%LC陽菜
%LC陽菜
「明日はもう一度この舞台に立って、\n　立派な騎士を演じなきゃいけないんだよ？」%K%P
「明日はもう一度この舞台に立って、\n　立派な騎士を演じなきゃいけないんだよ？」%K%P
%LC陽菜
%LC陽菜
「梨理ちゃんはこの銀蘭学園の、\n　{最優秀騎士:ブリランテ}になったんだから」%K%P
「梨理ちゃんはこの銀蘭学園の、\n　{最優秀騎士:ブリランテ}になったんだから」%K%P
%LC梨理
%LC梨理
「あ……」%K%P
「あ……」%K%P
オレの言葉に、梨理ちゃんはハッとして。%K%P
オレの言葉に、梨理ちゃんはハッとして。%K%P
それから、どこかおかしそうに、微笑んだ。%K%P
それから、どこかおかしそうに、微笑んだ。%K%P
%LC梨理
%LC梨理
「んっ……センセ、それ、違いますっ……。\n　おっきくおっきく、間違いですっ……」%K%P
「んっ……センセ、それ、違いますっ……。\n　おっきくおっきく、間違いですっ……」%K%P
%LC梨理
%LC梨理
「私が、{最優秀騎士:ブリランテ}じゃなくて。\n　私たちが、{最優秀騎士:ブリランテ}なんです」%K%P
「私が、{最優秀騎士:ブリランテ}じゃなくて。\n　私たちが、{最優秀騎士:ブリランテ}なんです」%K%P
%LC梨理
%LC梨理
「だから、明日は一緒に、\n　センセも舞台に、立たないとだめです」%K%P
「だから、明日は一緒に、\n　センセも舞台に、立たないとだめです」%K%P
%LC梨理
%LC梨理
「ちゃんと一緒に出てくれるなら、\n　がっこ、休まずに、ちゃんといきます」%K%P
「ちゃんと一緒に出てくれるなら、\n　がっこ、休まずに、ちゃんといきます」%K%P
%LC陽菜
%LC陽菜
「もちろん。梨理ちゃんと一緒だよ」%K%P
「もちろん。梨理ちゃんと一緒だよ」%K%P
%LC陽菜
%LC陽菜
「明日だけじゃなくて。\n　これからも、ずーっと一緒だから」%K%P
「明日だけじゃなくて。\n　これからも、ずーっと一緒だから」%K%P
%LC梨理
%LC梨理
「はいっ……氈v%K%P
「はいっ……氈v%K%P
肩を震わせながら梨理ちゃんが微笑むと、\n溜まっていた涙が、ぽろぽろっと零れていく。%K%P
肩を震わせながら梨理ちゃんが微笑むと、\n溜まっていた涙が、ぽろぽろっと零れていく。%K%P
それは照明に照らされて、キラキラと輝いて。%K%P
それは照明に照らされて、キラキラと輝いて。%K%P
その笑顔はオレにとって最高の、\n『{華やかに、輝かしく:ブリランテ}』だった。%K%P
その笑顔はオレにとって最高の、\n『{華やかに、輝かしく:ブリランテ}』だった。%K%P
