――翌朝、トレーニングルームに顔を出すと。%K%P
――翌朝、トレーニングルームに顔を出すと。%K%P
%LC梨理
%LC梨理
「センセ、おはようございます」%K%P
「センセ、おはようございます」%K%P
%LC陽菜
%LC陽菜
「あっ、うん。おはよう。\n　……梨理ちゃん、今朝はご機嫌だね」%K%P
「あっ、うん。おはよう。\n　……梨理ちゃん、今朝はご機嫌だね」%K%P
%LC梨理
%LC梨理
「あっ……まあ、はい。\n　昨日、よく眠れたので」%K%P
「あっ……まあ、はい。\n　昨日、よく眠れたので」%K%P
%LC陽菜
%LC陽菜
「そうなんだ。睡眠、大事だもんね」%K%P
「そうなんだ。睡眠、大事だもんね」%K%P
なんて答えながら、\n内心、ぐっとガッツポーズ。%K%P
なんて答えながら、\n内心、ぐっとガッツポーズ。%K%P
これまでと、彼女の雰囲気が明らかに違う。%K%P
これまでと、彼女の雰囲気が明らかに違う。%K%P
%LC梨理
%LC梨理
「あの、センセ。今日の朝練ですけど、\n　私と勝負してくれませんか？」%K%P
「あの、センセ。今日の朝練ですけど、\n　私と勝負してくれませんか？」%K%P
%LC陽菜
%LC陽菜
「勝負って、模擬戦？　クラージュで？」%K%P
「勝負って、模擬戦？　クラージュで？」%K%P
%LC梨理
%LC梨理
「いえ。前にやった、\n　相手の身体にタッチするゲームのほうで」%K%P
「いえ。前にやった、\n　相手の身体にタッチするゲームのほうで」%K%P
%LC陽菜
%LC陽菜
「いいよ。でも、どうしたの？　急に」%K%P
「いいよ。でも、どうしたの？　急に」%K%P
%LC梨理
%LC梨理
「まあ、その……いろいろと」%K%P
「まあ、その……いろいろと」%K%P
%LC陽菜
%LC陽菜
「なにかいいことでもあった？」%K%P
「なにかいいことでもあった？」%K%P
%LC梨理
%LC梨理
「べつにいいじゃないですか、私のことは」%K%P
「べつにいいじゃないですか、私のことは」%K%P
%LC梨理
%LC梨理
「それより、勝負です、勝負。\n　私、少しでも強くなりたいので」%K%P
「それより、勝負です、勝負。\n　私、少しでも強くなりたいので」%K%P
%LC陽菜
%LC陽菜
「任せて。協力は惜しまないから」%K%P
「任せて。協力は惜しまないから」%K%P
%LC陽菜
%LC陽菜
「せっかく二人で練習するんだから、\n　楽しまないと損だもんね？」%K%P
「せっかく二人で練習するんだから、\n　楽しまないと損だもんね？」%K%P
%LC梨理
%LC梨理
「あっ……はいっ」%K%P
「あっ……はいっ」%K%P
思い切って『楽しむ』ってワードを出したら、\n梨理ちゃんの表情と声が、ぱっと弾む。%K%P
思い切って『楽しむ』ってワードを出したら、\n梨理ちゃんの表情と声が、ぱっと弾む。%K%P
その反応で、確信する。%K%P
その反応で、確信する。%K%P
昨日、日向で伝えた想いは、\nちゃんと彼女に届いたんだって。%K%P
昨日、日向で伝えた想いは、\nちゃんと彼女に届いたんだって。%K%P
楽しく朝練を終えたあと、昼休みも、\n梨理ちゃんとのトレーニングの場となった。%K%P
楽しく朝練を終えたあと、昼休みも、\n梨理ちゃんとのトレーニングの場となった。%K%P
朝練が身体のトレーニングなら、\nこっちは頭のトレーニング――ようは作戦会議だ。%K%P
朝練が身体のトレーニングなら、\nこっちは頭のトレーニング――ようは作戦会議だ。%K%P
%LC陽菜
%LC陽菜
「依夜様は連携の組み立てが巧みで、\n　さり気なくフェイントも織り交ぜてくるから」%K%P
「依夜様は連携の組み立てが巧みで、\n　さり気なくフェイントも織り交ぜてくるから」%K%P
%LC陽菜
%LC陽菜
「隙なのか、罠なのか――。\n　その判断を誤らないように」%K%P
「隙なのか、罠なのか――。\n　その判断を誤らないように」%K%P
%LC陽菜
%LC陽菜
「無理だと思ったら突っ込まないこと。\n　梨理ちゃんの場合、慎重すぎるぐらいでいいかも」%K%P
「無理だと思ったら突っ込まないこと。\n　梨理ちゃんの場合、慎重すぎるぐらいでいいかも」%K%P
%LC梨理
%LC梨理
「私、無謀だと思われてます？」%K%P
「私、無謀だと思われてます？」%K%P
%LC陽菜
%LC陽菜
「うん」%K%P
「うん」%K%P
%LC梨理
%LC梨理
「根拠は？」%K%P
「根拠は？」%K%P
%LC陽菜
%LC陽菜
「それは……まあ、色々と」%K%P
「それは……まあ、色々と」%K%P
%LC梨理
%LC梨理
「むぅ……」%K%P
「むぅ……」%K%P
玉虫色の回答に梨理ちゃんが拗ねるけど、\nこればっかりは答えられない。%K%P
玉虫色の回答に梨理ちゃんが拗ねるけど、\nこればっかりは答えられない。%K%P
だって、根拠は日向から見た梨理ちゃんだから。%K%P
だって、根拠は日向から見た梨理ちゃんだから。%K%P
昨日、ゲームセンターで一緒に遊んだとき、\nいくつかのゲームで対戦したんだけど――、%K%P
昨日、ゲームセンターで一緒に遊んだとき、\nいくつかのゲームで対戦したんだけど――、%K%P
そのすべてで、梨理ちゃんは好んで、\nハイリスクハイリターンな戦法をとってきた。%K%P
そのすべてで、梨理ちゃんは好んで、\nハイリスクハイリターンな戦法をとってきた。%K%P
クレーンゲームをプレイしていたときも、\n熱中した結果、お金を散財していたし。%K%P
クレーンゲームをプレイしていたときも、\n熱中した結果、お金を散財していたし。%K%P
ひとつのことに夢中になると、\n周囲が見えなくなるというのはよくある話で。%K%P
ひとつのことに夢中になると、\n周囲が見えなくなるというのはよくある話で。%K%P
梨理ちゃんは集中力が図抜けているので、\nそれがより、顕著になって現れるのだろう。%K%P
梨理ちゃんは集中力が図抜けているので、\nそれがより、顕著になって現れるのだろう。%K%P
%LC梨理
%LC梨理
「なら、慎重に判断して、\n　それでもいけると思ったときは？」%K%P
「なら、慎重に判断して、\n　それでもいけると思ったときは？」%K%P
%LC陽菜
%LC陽菜
「ここしかないと思ったときは、全力で」%K%P
「ここしかないと思ったときは、全力で」%K%P
%LC陽菜
%LC陽菜
「けど、ほんの少しでも迷うようなら、\n　無理しないほうがいいよ」%K%P
「けど、ほんの少しでも迷うようなら、\n　無理しないほうがいいよ」%K%P
%LC梨理
%LC梨理
「天井まで回せるだけの石がないなら、\n　我慢しろってことですね」%K%P
「天井まで回せるだけの石がないなら、\n　我慢しろってことですね」%K%P
%LC陽菜
%LC陽菜
「それ、例え方がアレすぎない？」%K%P
「それ、例え方がアレすぎない？」%K%P
%LC梨理
%LC梨理
「あ、いまの例え、わかるんですね。\n　センセ、スマホでゲームとかするんです？」%K%P
「あ、いまの例え、わかるんですね。\n　センセ、スマホでゲームとかするんです？」%K%P
%LC陽菜
%LC陽菜
「あっ……まあ、うん」%K%P
「あっ……まあ、うん」%K%P
%LC梨理
%LC梨理
「どんなのやるんですか？」%K%P
「どんなのやるんですか？」%K%P
%LC陽菜
%LC陽菜
「それは……音ゲーを、少々……」%K%P
「それは……音ゲーを、少々……」%K%P
%LC梨理
%LC梨理
「音ゲー……。私、昨日ちょっと遊びました。\n　ジムの近くのゲームセンターで」%K%P
「音ゲー……。私、昨日ちょっと遊びました。\n　ジムの近くのゲームセンターで」%K%P
%LC梨理
%LC梨理
「その……前に話したナンパな男の子と、\n　昨日、たまたま、また会って」%K%P
「その……前に話したナンパな男の子と、\n　昨日、たまたま、また会って」%K%P
%LC梨理
%LC梨理
「それで、色々あって……ちょっと、遊んで」%K%P
「それで、色々あって……ちょっと、遊んで」%K%P
%LC陽菜
%LC陽菜
「へっ、へぇー……」%K%P
「へっ、へぇー……」%K%P
思いがけず昨日の話題が出てきて、返事に困る。%K%P
思いがけず昨日の話題が出てきて、返事に困る。%K%P
朝練では思わず追求しちゃったけど、\nこれ、へたに掘り下げるの、マズいよね……？%K%P
朝練では思わず追求しちゃったけど、\nこれ、へたに掘り下げるの、マズいよね……？%K%P
１回目の遭遇では大して話さなかったし、\nそもそもゲーセンの店内で声も紛れたけど。%K%P
１回目の遭遇では大して話さなかったし、\nそもそもゲーセンの店内で声も紛れたけど。%K%P
２回目――昨日は、わりと静かなベンチで、\nけっこうあれこれと話していたわけで。%K%P
２回目――昨日は、わりと静かなベンチで、\nけっこうあれこれと話していたわけで。%K%P
もし、声が似てる、とか思われたら――、%K%P
もし、声が似てる、とか思われたら――、%K%P
%LC梨理
%LC梨理
「……あの、センセ」%K%P
「……あの、センセ」%K%P
%LC陽菜
%LC陽菜
「なっ、なに？」%K%P
「なっ、なに？」%K%P
%LC梨理
%LC梨理
「男の子って、誰にでも、\n　可愛いって言ったりするものですか？」%K%P
「男の子って、誰にでも、\n　可愛いって言ったりするものですか？」%K%P
%LC陽菜
%LC陽菜
「なんで私に聞くの……？」%K%P
「なんで私に聞くの……？」%K%P
%LC梨理
%LC梨理
「だって……他に聞ける人、いないので」%K%P
「だって……他に聞ける人、いないので」%K%P
%LC陽菜
%LC陽菜
「けど、美実様は……って、ダメか」%K%P
「けど、美実様は……って、ダメか」%K%P
%LC梨理
%LC梨理
「お姉ちゃんにこんなこと聞いたら、\n　たぶん、お赤飯とか言い出します」%K%P
「お姉ちゃんにこんなこと聞いたら、\n　たぶん、お赤飯とか言い出します」%K%P
だよなぁ……。言いそう。%K%P
だよなぁ……。言いそう。%K%P
%LC陽菜
%LC陽菜
「えっと……」%K%P
「えっと……」%K%P
%LC陽菜
%LC陽菜
「あくまで、私の意見、だけど。\n　誰にでもは言わないと思うよ」%K%P
「あくまで、私の意見、だけど。\n　誰にでもは言わないと思うよ」%K%P
%LC梨理
%LC梨理
「ん……」%K%P
「ん……」%K%P
%LC梨理
%LC梨理
「……参考に、します」%K%P
「……参考に、します」%K%P
%LC陽菜
%LC陽菜
「うっ、うん……」%K%P
「うっ、うん……」%K%P
{連弾:デュオ}{舞闘:カデンツァ}の作戦会議をしていたはずが、\n気付けば、なんともくすぐったい空気に。%K%P
{連弾:デュオ}{舞闘:カデンツァ}の作戦会議をしていたはずが、\n気付けば、なんともくすぐったい空気に。%K%P
参考にするって、\nいったいなにをどう参考にするんだろう。%K%P
参考にするって、\nいったいなにをどう参考にするんだろう。%K%P
